Iteration	Posterior	Likelihood	Prior	birth_rate	death_rate	diversification	turnover
0	-235.0648	-240.7105	5.645716	0.05115902	0.00726196	0.04389706	0.00726196
10	-251.5677	-255.6465	4.078773	0.1156467	0.08362579	0.03202092	0.08362579
20	-236.0043	-240.8736	4.869386	0.07984056	0.05901386	0.0208267	0.05901386
30	-256.2301	-259.301	3.070959	0.167634	0.1508745	0.01675952	0.1508745
40	-234.7208	-240.2769	5.556096	0.05875011	0.02117629	0.03757381	0.02117629
50	-217.1147	-221.7317	4.61695	0.02290565	0.01537706	0.007528598	0.01537706
60	-215.6305	-221.5268	5.89622	0.02975893	0.0160386	0.01372033	0.0160386
70	-237.0256	-242.219	5.193422	0.07094425	0.03887221	0.03207204	0.03887221
80	-229.9382	-235.4128	5.474578	0.06106335	0.03640924	0.02465412	0.03640924
90	-230.6394	-236.2699	5.630485	0.05749027	0.02651388	0.03097639	0.02651388
100	-267.7097	-270.4105	2.700804	0.203923	0.1748782	0.02904478	0.1748782
110	-241.5676	-245.857	4.289398	0.100209	0.08230853	0.01790044	0.08230853
120	-300.5866	-303.9098	3.323224	0.1051548	0.0218539	0.08330085	0.0218539
130	-247.0047	-251.1301	4.12545	0.1153873	0.09250092	0.02288641	0.09250092
140	-226.8896	-232.8525	5.962944	0.04474389	0.00785794	0.03688595	0.00785794
150	-218.5336	-224.5614	6.027716	0.03484184	0.003879678	0.03096217	0.003879678
160	-228.8853	-234.2518	5.366558	0.06081054	0.04066699	0.02014354	0.04066699
170	-255.1907	-260.1042	4.913527	0.07023939	0.01415805	0.05608134	0.01415805
180	-235.0674	-240.7404	5.673041	0.05306987	0.01054929	0.04252057	0.01054929
190	-261.3512	-264.4534	3.102159	0.1773925	0.1517831	0.02560941	0.1517831
200	-213.5581	-219.9401	6.382044	0.02901794	0.008356554	0.02066139	0.008356554
210	-221.2971	-226.838	5.540833	0.04259666	0.02815838	0.01443828	0.02815838
220	-213.4361	-218.8346	5.398504	0.02720774	0.001520508	0.02568723	0.001520508
230	-278.5325	-280.1131	1.580621	0.3135368	0.290336	0.02320085	0.290336
240	-217.2784	-223.4627	6.184304	0.03579495	0.01587745	0.01991749	0.01587745
250	-239.3694	-244.7799	5.410506	0.06147769	0.01892516	0.04255254	0.01892516
260	-242.5302	-247.2069	4.676656	0.09057317	0.06161485	0.02895832	0.06161485
270	-242.6765	-247.1046	4.428049	0.1001841	0.07797081	0.02221331	0.07797081
280	-226.3262	-232.0573	5.731102	0.0530257	0.02856465	0.02446105	0.02856465
290	-215.5834	-221.7569	6.173489	0.03162467	0.004214734	0.02740993	0.004214734
300	-241.8659	-247.0041	5.138236	0.0700785	0.02954119	0.04053731	0.02954119
310	-237.7406	-241.6834	3.942825	0.08758532	0.07587227	0.01171305	0.07587227
320	-232.7022	-237.9687	5.266419	0.067938	0.04339504	0.02454295	0.04339504
330	-263.7223	-268.3184	4.596057	0.07720527	0.01581708	0.06138818	0.01581708
340	-240.8882	-245.3615	4.473269	0.09597074	0.07573497	0.02023576	0.07573497
350	-231.031	-236.5906	5.559578	0.05957581	0.02993125	0.02964456	0.02993125
360	-265.1269	-269.671	4.544112	0.07834489	0.01610004	0.06224485	0.01610004
370	-214.9142	-221.2466	6.332407	0.03125616	0.006089572	0.02516659	0.006089572
380	-244.0985	-249.168	5.069523	0.0712317	0.02832115	0.04291055	0.02832115
390	-226.6903	-231.8331	5.142818	0.05554103	0.04099454	0.01454649	0.04099454
400	-214.3461	-220.7175	6.371396	0.03051403	0.009378208	0.02113583	0.009378208
410	-269.7972	-273.7134	3.9162	0.09859544	0.0391614	0.05943403	0.0391614
420	-233.9871	-239.3389	5.351791	0.04779923	0.003248955	0.04455028	0.003248955
430	-231.315	-236.6206	5.305623	0.0655967	0.04274323	0.02285347	0.04274323
440	-212.6427	-218.1752	5.532461	0.01483914	0.004314786	0.01052436	0.004314786
450	-257.8333	-261.5613	3.728063	0.128927	0.09255761	0.03636941	0.09255761
460	-216.9477	-221.3186	4.37086	0.01417186	0.007570134	0.006601724	0.007570134
470	-307.656	-307.5893	-0.06678031	0.4275547	0.3798922	0.04766253	0.3798922
480	-311.0357	-309.094	-1.941711	0.899899	0.8842479	0.01565113	0.8842479
490	-345.0791	-346.2455	1.166408	0.1675408	0.06419777	0.103343	0.06419777
500	-228.335	-233.877	5.542034	0.05812123	0.0348351	0.02328613	0.0348351
510	-212.2373	-218.4525	6.215209	0.02384438	0.008554441	0.01528993	0.008554441
520	-267.9859	-272.518	4.532129	0.07372159	0.007171009	0.06655058	0.007171009
530	-246.0163	-250.2104	4.194087	0.1118064	0.08909594	0.0227105	0.08909594
540	-213.3714	-219.5159	6.144464	0.02596184	0.01105188	0.01490996	0.01105188
550	-224.5914	-230.6002	6.008861	0.04195587	0.006418718	0.03553715	0.006418718
560	-235.0192	-239.5319	4.512631	0.0791402	0.06460652	0.01453368	0.06460652
570	-214.6575	-221.0225	6.365064	0.03101202	0.006937615	0.0240744	0.006937615
580	-288.143	-290.0252	1.882234	0.2129711	0.1608861	0.05208506	0.1608861
590	-236.7634	-241.7363	4.972865	0.07867097	0.05387403	0.02479694	0.05387403
600	-243.2525	-247.9572	4.704688	0.0886502	0.05708537	0.03156483	0.05708537
610	-236.7616	-242.3718	5.610261	0.05433588	0.01041245	0.04392343	0.01041245
620	-235.1768	-240.2683	5.091536	0.07424929	0.04944951	0.02479977	0.04944951
630	-211.0129	-217.2842	6.271297	0.02255441	0.00546315	0.01709126	0.00546315
640	-249.5244	-252.9993	3.474845	0.1349018	0.1196187	0.01528312	0.1196187
650	-222.4011	-228.4832	6.082105	0.04390762	0.01687291	0.02703471	0.01687291
660	-215.043	-221.313	6.270049	0.03134497	0.01258223	0.01876274	0.01258223
670	-215.8734	-222.1873	6.313839	0.03328971	0.01196123	0.02132848	0.01196123
680	-260.9721	-264.1149	3.142788	0.1744425	0.1485385	0.02590401	0.1485385
690	-250.3993	-254.7396	4.340224	0.1000213	0.06287138	0.03714987	0.06287138
700	-216.7666	-222.0172	5.250601	0.02751854	0.01767085	0.009847695	0.01767085
710	-260.5881	-262.836	2.247987	0.1982433	0.1859026	0.01234064	0.1859026
720	-265.8407	-267.8241	1.983411	0.2340991	0.2205126	0.01358641	0.2205126
730	-252.8588	-257.707	4.848222	0.07402821	0.02214252	0.05188569	0.02214252
740	-213.5471	-219.8508	6.303713	0.0281663	0.01033444	0.01783186	0.01033444
750	-239.3739	-243.8381	4.464194	0.09240913	0.07437521	0.01803393	0.07437521
760	-275.7024	-279.1252	3.422793	0.1159439	0.05609084	0.05985302	0.05609084
770	-221.3364	-227.4952	6.158761	0.03922761	0.007302292	0.03192531	0.007302292
780	-240.3583	-245.8027	5.444413	0.05492359	0.006888445	0.04803515	0.006888445
790	-275.7058	-277.5262	1.820455	0.2879838	0.2648482	0.02313555	0.2648482
800	-236.0224	-240.9741	4.95172	0.07841436	0.05564279	0.02277157	0.05564279
810	-347.8222	-348.0595	0.2373478	0.2208031	0.1223383	0.09846478	0.1223383
820	-240.1096	-245.3984	5.288722	0.06550027	0.0245629	0.04093738	0.0245629
830	-242.5511	-246.1966	3.645569	0.1056191	0.093448	0.01217112	0.093448
840	-245.2189	-249.7716	4.552705	0.09478096	0.06326603	0.03151494	0.06326603
850	-260.0491	-263.718	3.668942	0.1279493	0.08826564	0.03968368	0.08826564
860	-271.2062	-273.7577	2.551452	0.2082585	0.1748952	0.03336329	0.1748952
870	-269.0936	-273.4154	4.321817	0.08415418	0.02045845	0.06369573	0.02045845
880	-262.0555	-265.2596	3.204127	0.166403	0.1359224	0.03048058	0.1359224
890	-251.7842	-256.2403	4.456122	0.09137009	0.0485448	0.04282529	0.0485448
900	-253.2597	-257.9769	4.717282	0.07855704	0.0283172	0.05023984	0.0283172
910	-216.7912	-222.5703	5.779152	0.0320161	0.01859624	0.01341987	0.01859624
920	-265.0207	-268.4509	3.430258	0.1345291	0.09073518	0.0437939	0.09073518
930	-223.9794	-229.7214	5.741986	0.0493297	0.02887108	0.02045862	0.02887108
940	-241.0288	-246.1881	5.159276	0.06982108	0.03032928	0.0394918	0.03032928
950	-241.4955	-244.5218	3.026244	0.0992157	0.09039222	0.008823484	0.09039222
960	-247.076	-252.0902	5.014242	0.07140224	0.0248255	0.04657674	0.0248255
970	-234.3711	-237.8312	3.460005	0.07332019	0.06488896	0.008431237	0.06488896
980	-272.4884	-275.3721	2.883726	0.1619547	0.1166101	0.04534454	0.1166101
990	-214.6034	-219.7126	5.109271	0.01396042	0.005433002	0.008527415	0.005433002
1000	-252.77	-257.4377	4.667702	0.08081292	0.03213914	0.04867378	0.03213914
1010	-214.7682	-221.0991	6.330953	0.03114368	0.01105282	0.02009085	0.01105282
1020	-233.3279	-238.7579	5.429959	0.06353627	0.03265652	0.03087976	0.03265652
1030	-211.5244	-217.602	6.077537	0.02012172	0.00650085	0.01362087	0.00650085
1040	-223.89	-229.7151	5.825067	0.04872375	0.02645311	0.02227064	0.02645311
1050	-215.7135	-222.0744	6.360864	0.03288922	0.008908714	0.02398051	0.008908714
1060	-235.1853	-240.4183	5.233032	0.06995964	0.0408965	0.02906314	0.0408965
1070	-234.3732	-240.0233	5.650195	0.05021506	0.006566793	0.04364826	0.006566793
1080	-240.1825	-245.5632	5.380706	0.06209294	0.01883822	0.04325472	0.01883822
1090	-215.6465	-222.0068	6.360286	0.03283693	0.009412174	0.02342476	0.009412174
1100	-286.3123	-288.1628	1.850532	0.2256773	0.1774288	0.04824849	0.1774288
1110	-241.5098	-245.9675	4.457683	0.09751642	0.07663	0.02088642	0.07663
1120	-338.9895	-338.7035	-0.2860641	0.2894473	0.2040777	0.08536966	0.2040777
1130	-230.4875	-235.9172	5.429782	0.04494976	0.003028354	0.04192141	0.003028354
1140	-242.2298	-246.8987	4.668904	0.0910571	0.06304167	0.02801543	0.06304167
1150	-267.2243	-271.2186	3.994329	0.09731582	0.03991084	0.05740498	0.03991084
1160	-220.5656	-226.7693	6.203697	0.04024867	0.01249417	0.0277545	0.01249417
1170	-237.0421	-242.4962	5.454021	0.06120962	0.02183466	0.03937495	0.02183466
1180	-220.6215	-226.8341	6.212617	0.03920436	0.009209523	0.02999484	0.009209523
1190	-292.476	-295.7582	3.28217	0.1094832	0.03361458	0.07586861	0.03361458
1200	-234.4554	-239.5258	5.07048	0.07394335	0.05113575	0.0228076	0.05113575
1210	-238.6703	-243.977	5.306677	0.06567848	0.02699007	0.03868841	0.02699007
1220	-295.8695	-295.757	-0.1124983	0.5470705	0.5266046	0.02046585	0.5266046
1230	-223.0884	-228.9589	5.870501	0.04712967	0.02515929	0.02197038	0.02515929
1240	-257.6384	-261.8109	4.17257	0.09877468	0.05191099	0.04686369	0.05191099
1250	-238.6298	-244.0233	5.393512	0.06253023	0.02174314	0.04078709	0.02174314
1260	-243.5714	-247.4662	3.89479	0.1094299	0.09456808	0.01486181	0.09456808
1270	-243.9867	-249.3354	5.348665	0.05932506	0.009665141	0.04965992	0.009665141
1280	-224.9437	-229.8708	4.927117	0.04964014	0.03790293	0.01173721	0.03790293
1290	-259.3569	-262.9806	3.623696	0.1337607	0.09690244	0.03685828	0.09690244
1300	-284.1965	-287.146	2.949474	0.1313096	0.06760904	0.06370053	0.06760904
1310	-246.3638	-250.5378	4.174063	0.1129126	0.09003901	0.02287357	0.09003901
1320	-231.3867	-236.2294	4.842641	0.06827443	0.05316216	0.01511228	0.05316216
1330	-234.682	-240.3165	5.634475	0.05037239	0.006438962	0.04393343	0.006438962
1340	-261.8929	-265.9215	4.028598	0.1009648	0.0501982	0.05076664	0.0501982
1350	-235.1759	-240.7673	5.591412	0.05723105	0.01773505	0.03949599	0.01773505
1360	-219.4887	-225.6645	6.175862	0.03967416	0.015944	0.02373016	0.015944
1370	-238.0479	-243.364	5.316101	0.05126613	0.003891394	0.04737473	0.003891394
1380	-224.8392	-230.3804	5.541238	0.05149587	0.03362189	0.01787398	0.03362189
1390	-240.1798	-244.9399	4.760082	0.08734268	0.06127977	0.02606291	0.06127977
1400	-284.5474	-285.3264	0.778958	0.4023319	0.3842501	0.01808174	0.3842501
1410	-245.2963	-250.4852	5.188839	0.06609549	0.01876989	0.04732561	0.01876989
1420	-226.8161	-232.6161	5.799994	0.05218786	0.02455364	0.02763422	0.02455364
1430	-293.7839	-293.2443	-0.5395411	0.5539613	0.5408097	0.01315157	0.5408097
1440	-221.0392	-225.0429	4.003713	0.03253744	0.0256041	0.006933339	0.0256041
1450	-213.207	-219.2907	6.083658	0.02478861	0.01074125	0.01404736	0.01074125
1460	-243.9706	-249.3099	5.339308	0.06062384	0.01173071	0.04889313	0.01173071
1470	-249.709	-254.0567	4.347709	0.1006986	0.06487282	0.0358258	0.06487282
1480	-230.3343	-235.9497	5.615438	0.05790933	0.02810518	0.02980415	0.02810518
1490	-232.9246	-237.5916	4.667037	0.07270847	0.05821284	0.01449563	0.05821284
1500	-212.1278	-218.371	6.243162	0.0239672	0.008259559	0.01570764	0.008259559
1510	-216.6585	-222.0195	5.361043	0.02812684	0.01775476	0.01037208	0.01775476
1520	-247.0951	-250.3873	3.292163	0.1247681	0.1126127	0.01215538	0.1126127
1530	-242.4394	-247.8432	5.403823	0.05835465	0.009922662	0.04843198	0.009922662
1540	-243.7893	-248.7015	4.912196	0.07798181	0.0393299	0.0386519	0.0393299
1550	-221.5416	-227.7036	6.161981	0.0396267	0.007775548	0.03185116	0.007775548
1560	-242.1566	-247.0691	4.912503	0.0794636	0.0441931	0.0352705	0.0441931
1570	-217.6281	-223.8801	6.251993	0.03645127	0.01395228	0.02249899	0.01395228
1580	-223.8915	-229.929	6.037452	0.04133929	0.006477636	0.03486165	0.006477636
1590	-234.5503	-240.2361	5.685832	0.05150081	0.008536448	0.04296437	0.008536448
1600	-301.6871	-305.2349	3.547796	0.09397076	0.006963068	0.08700769	0.006963068
1610	-239.5293	-243.6531	4.123822	0.09432586	0.08023534	0.01409052	0.08023534
1620	-213.3565	-218.7619	5.405418	0.02710669	0.001526733	0.02557996	0.001526733
1630	-231.8898	-237.0248	5.134966	0.06865496	0.0486832	0.01997176	0.0486832
1640	-260.8707	-265.6335	4.762736	0.06937522	0.007465884	0.06190933	0.007465884
1650	-239.7616	-243.8205	4.05887	0.09517829	0.08150563	0.01367266	0.08150563
1660	-262.056	-265.3598	3.30375	0.1560644	0.1224019	0.0336625	0.1224019
1670	-216.4392	-222.408	5.968785	0.03254798	0.01735534	0.01519265	0.01735534
1680	-227.3938	-232.3778	4.983985	0.05701305	0.04345465	0.0135584	0.04345465
1690	-259.3983	-263.3766	3.978302	0.1072418	0.06140232	0.04583951	0.06140232
1700	-210.1863	-215.7365	5.550233	0.02030847	0.001714938	0.01859353	0.001714938
1710	-213.4856	-219.7842	6.298555	0.02888506	0.004899705	0.02398536	0.004899705
1720	-249.3753	-253.7544	4.379072	0.09928272	0.06330141	0.03598131	0.06330141
1730	-213.5635	-219.8785	6.314961	0.02831425	0.01019334	0.01812092	0.01019334
1740	-269.6979	-273.3006	3.602713	0.1137417	0.05901332	0.05472843	0.05901332
1750	-297.9352	-301.5007	3.565452	0.09818692	0.01507985	0.08310706	0.01507985
1760	-222.5641	-227.8578	5.293693	0.03739112	0.001852032	0.03553909	0.001852032
1770	-252.4162	-256.4773	4.061128	0.1152871	0.08174093	0.03354616	0.08174093
1780	-297.2285	-300.9029	3.674468	0.09154702	0.007206373	0.08434064	0.007206373
1790	-227.6478	-233.3429	5.695083	0.05486776	0.02865266	0.0262151	0.02865266
1800	-286.9529	-288.9863	2.033481	0.1999518	0.1469303	0.05302158	0.1469303
1810	-338.5216	-339.6321	1.110506	0.1753855	0.07770639	0.09767912	0.07770639
1820	-228.6024	-233.4713	4.868846	0.06015049	0.04679014	0.01336036	0.04679014
1830	-215.525	-221.8744	6.349441	0.0323368	0.007172022	0.02516478	0.007172022
1840	-246.3303	-250.0824	3.752152	0.1204344	0.104823	0.01561144	0.104823
1850	-244.3209	-249.4099	5.088967	0.07034751	0.02664339	0.04370413	0.02664339
1860	-210.1777	-216.2	6.022235	0.02041982	0.003075846	0.01734398	0.003075846
1870	-214.2144	-220.5925	6.37805	0.03032819	0.007199405	0.02312878	0.007199405
1880	-280.844	-283.9087	3.064727	0.129153	0.06793104	0.06122198	0.06793104
1890	-240.1527	-244.6083	4.455604	0.09453279	0.07566587	0.01886692	0.07566587
1900	-229.2322	-235.0044	5.772178	0.05336004	0.02104875	0.03231129	0.02104875
1910	-218.8798	-224.866	5.986156	0.03864181	0.02059211	0.0180497	0.02059211
1920	-268.4698	-272.7367	4.266901	0.08629368	0.02393533	0.06235835	0.02393533
1930	-226.5124	-232.3641	5.851786	0.0508938	0.02225974	0.02863406	0.02225974
1940	-236.186	-241.6572	5.471141	0.06104347	0.02288649	0.03815698	0.02288649
1950	-223.6112	-229.6318	6.020621	0.04585593	0.01819402	0.02766191	0.01819402
1960	-236.1904	-241.7744	5.584032	0.05683719	0.0155242	0.04131299	0.0155242
1970	-224.0876	-230.0961	6.008473	0.04635276	0.01798051	0.02837225	0.01798051
1980	-241.0182	-245.8452	4.827042	0.0843847	0.0543076	0.03007709	0.0543076
1990	-221.4842	-227.4005	5.916316	0.04407387	0.02373049	0.02034338	0.02373049
2000	-262.4943	-264.6248	2.130451	0.2108886	0.1982854	0.01260328	0.1982854
2010	-239.3225	-244.8388	5.516298	0.05575622	0.009487073	0.04626915	0.009487073
2020	-259.1128	-263.1276	4.01477	0.1055143	0.05939784	0.04611644	0.05939784
2030	-215.227	-221.574	6.346992	0.03213659	0.01064461	0.02149198	0.01064461
2040	-268.8065	-272.6287	3.822178	0.1035804	0.04665878	0.05692162	0.04665878
2050	-257.8741	-262.4497	4.575632	0.0809639	0.02683542	0.05412848	0.02683542
2060	-234.2455	-239.9272	5.681741	0.05413591	0.01363006	0.04050584	0.01363006
2070	-221.0582	-226.8031	5.744942	0.04289883	0.02618637	0.01671246	0.02618637
2080	-266.964	-269.7717	2.807664	0.1938804	0.1634023	0.03047815	0.1634023
2090	-254.9639	-258.8415	3.877613	0.1238166	0.08977699	0.03403963	0.08977699
2100	-238.0743	-241.8234	3.749051	0.08825595	0.07749026	0.01076568	0.07749026
2110	-244.8126	-249.4947	4.682092	0.08817578	0.05365076	0.03452502	0.05365076
2120	-254.8848	-258.8224	3.937598	0.1192564	0.08357777	0.03567862	0.08357777
2130	-211.1966	-217.339	6.142461	0.02048191	0.005977818	0.01450409	0.005977818
2140	-214.2895	-220.5266	6.237132	0.02930949	0.01212903	0.01718046	0.01212903
2150	-281.3378	-282.8985	1.560679	0.3078013	0.2786026	0.02919876	0.2786026
2160	-297.0714	-298.1258	1.054426	0.284929	0.2338366	0.05109243	0.2338366
2170	-231.372	-236.7938	5.421834	0.06335159	0.03715767	0.02619392	0.03715767
2180	-227.0773	-232.1579	5.080621	0.05643158	0.04221038	0.0142212	0.04221038
2190	-233.7477	-239.4688	5.721088	0.05127964	0.009270328	0.04200931	0.009270328
2200	-258.7971	-263.1473	4.350194	0.08913095	0.03732533	0.05180562	0.03732533
2210	-233.0505	-237.8668	4.816353	0.07303957	0.05676494	0.01627463	0.05676494
2220	-258.8191	-262.7759	3.9568	0.1095893	0.06525706	0.04433225	0.06525706
2230	-247.4748	-252.0578	4.583062	0.09019289	0.05264778	0.03754511	0.05264778
2240	-239.5647	-244.4531	4.88847	0.08230426	0.05374239	0.02856187	0.05374239
2250	-290.84	-293.6041	2.764124	0.1335047	0.06459299	0.06891176	0.06459299
2260	-228.1546	-233.315	5.160437	0.05955774	0.04357643	0.0159813	0.04357643
2270	-213.9103	-220.2246	6.314326	0.02911815	0.01064039	0.01847776	0.01064039
2280	-257.5631	-262.1186	4.555591	0.08189249	0.02848213	0.05341037	0.02848213
2290	-236.5549	-242.1364	5.581485	0.05664358	0.01466413	0.04197946	0.01466413
2300	-236.5	-242.1202	5.620214	0.05404842	0.01027283	0.0437756	0.01027283
2310	-259.7942	-262.7238	2.929658	0.1846725	0.1657692	0.01890327	0.1657692
2320	-308.9076	-309.5467	0.6390751	0.2838305	0.2217069	0.06212362	0.2217069
2330	-286.772	-287.6181	0.8460253	0.4030789	0.3801165	0.0229624	0.3801165
2340	-214.8022	-221.1791	6.376827	0.03136614	0.008146467	0.02321967	0.008146467
2350	-241.8792	-246.5008	4.621611	0.09306967	0.06729223	0.02577744	0.06729223
2360	-221.7999	-227.3099	5.509986	0.0437729	0.02925902	0.01451388	0.02925902
2370	-213.4616	-219.587	6.125408	0.02599119	0.01126957	0.01472161	0.01126957
2380	-239.8088	-244.9722	5.16345	0.07048068	0.03326235	0.03721833	0.03326235
2390	-211.3599	-217.3244	5.964558	0.01821313	0.005294948	0.01291818	0.005294948
2400	-210.9632	-217.2276	6.264408	0.02239322	0.005375102	0.01701812	0.005375102
2410	-289.1536	-291.5129	2.359345	0.1626176	0.1009878	0.06162975	0.1009878
2420	-270.4519	-272.7682	2.316281	0.2401598	0.2157007	0.02445909	0.2157007
2430	-285.9501	-289.1632	3.213065	0.1162108	0.04738365	0.06882715	0.04738365
2440	-277.6764	-278.7037	1.027343	0.338609	0.3245873	0.01402168	0.3245873
2450	-225.4651	-231.0024	5.537265	0.05291947	0.03433122	0.01858824	0.03433122
2460	-235.7088	-240.5023	4.793505	0.08011773	0.06118945	0.01892828	0.06118945
2470	-226.1515	-232.1313	5.979847	0.04382156	0.007340277	0.03648128	0.007340277
2480	-257.812	-262.6851	4.873052	0.06809429	0.008489117	0.05960518	0.008489117
2490	-293.0478	-293.7627	0.7148873	0.3897742	0.3552189	0.03455528	0.3552189
2500	-215.7869	-221.5412	5.75431	0.03093156	0.002318891	0.02861267	0.002318891
2510	-235.7049	-240.9126	5.207756	0.07079788	0.04132738	0.0294705	0.04132738
2520	-239.9545	-244.9537	4.99919	0.07731602	0.04442497	0.03289105	0.04442497
2530	-212.3227	-218.1518	5.829085	0.01844589	0.00687501	0.01157088	0.00687501
2540	-213.623	-219.2215	5.598475	0.01976101	0.009413996	0.01034701	0.009413996
2550	-218.9596	-224.7831	5.823509	0.0380616	0.02238775	0.01567385	0.02238775
2560	-284.5482	-285.3371	0.7889148	0.4016956	0.3834602	0.01823537	0.3834602
2570	-253.5177	-257.932	4.414256	0.0914039	0.04645682	0.04494708	0.04645682
2580	-247.6651	-251.8518	4.186636	0.1130624	0.08711734	0.0259451	0.08711734
2590	-245.183	-249.5844	4.401351	0.1028168	0.0761315	0.0266853	0.0761315
2600	-281.4192	-285.1286	3.709404	0.07844293	0.002746537	0.07569639	0.002746537
2610	-213.8923	-220.0206	6.128326	0.0272061	0.01212513	0.01508097	0.01212513
2620	-223.4853	-229.4897	6.004387	0.0460842	0.01929558	0.02678862	0.01929558
2630	-230.2234	-236.0244	5.800988	0.0468665	0.006502071	0.04036443	0.006502071
2640	-230.0926	-235.9147	5.822027	0.05137284	0.01530662	0.03606622	0.01530662
2650	-238.9605	-244.0896	5.129072	0.07245124	0.03796249	0.03448875	0.03796249
2660	-237.2814	-242.0707	4.789282	0.08345566	0.0622905	0.02116516	0.0622905
2670	-329.6634	-330.9183	1.254912	0.1758444	0.08450268	0.09134176	0.08450268
2680	-260.165	-263.2728	3.107758	0.1771442	0.1539341	0.02321013	0.1539341
2690	-231.7793	-237.4127	5.633462	0.05723455	0.0236039	0.03363065	0.0236039
2700	-276.5959	-280.4411	3.845233	0.09705487	0.03097411	0.06608076	0.03097411
2710	-256.4733	-261.3461	4.872721	0.06559755	0.006210538	0.05938701	0.006210538
2720	-253.798	-258.6857	4.887729	0.07210425	0.0183157	0.05378855	0.0183157
2730	-238.3725	-243.8004	5.427949	0.06142407	0.02024623	0.04117784	0.02024623
2740	-237.1651	-242.5914	5.426264	0.06214511	0.02327165	0.03887346	0.02327165
2750	-223.3484	-228.884	5.535624	0.0478755	0.03170058	0.01617491	0.03170058
2760	-211.2745	-217.0989	5.824424	0.0166046	0.004047791	0.01255681	0.004047791
2770	-268.7719	-273.2916	4.519708	0.07624571	0.009924351	0.06632135	0.009924351
2780	-269.5004	-272.3002	2.799748	0.183777	0.1471086	0.03666843	0.1471086
2790	-222.7804	-226.5068	3.72631	0.03653819	0.02987669	0.006661506	0.02987669
2800	-225.7605	-231.7478	5.987276	0.04713411	0.01532448	0.03180963	0.01532448
2810	-235.6146	-240.9435	5.328863	0.06643557	0.03347634	0.03295923	0.03347634
2820	-254.2165	-258.7181	4.501616	0.08657611	0.03876691	0.0478092	0.03876691
2830	-245.2129	-248.8678	3.654917	0.1164658	0.1026704	0.01379538	0.1026704
2840	-211.801	-217.7141	5.91304	0.02534962	0.002447257	0.02290237	0.002447257
2850	-256.5948	-259.8609	3.266182	0.1637247	0.1433295	0.02039521	0.1433295
2860	-218.0964	-222.2126	4.116188	0.01193904	0.005748251	0.006190788	0.005748251
2870	-247.1971	-251.8593	4.662172	0.08636771	0.04729935	0.03906836	0.04729935
2880	-240.4396	-245.5932	5.153602	0.07044437	0.03222732	0.03821704	0.03222732
2890	-216.9997	-222.7931	5.793396	0.03269506	0.01899064	0.01370443	0.01899064
2900	-243.2641	-247.6549	4.390824	0.1020549	0.07966427	0.02239061	0.07966427
2910	-238.2077	-243.1807	4.972987	0.07916387	0.05114965	0.02801422	0.05114965
2920	-218.289	-224.5377	6.248655	0.03569152	0.006655086	0.02903644	0.006655086
2930	-251.0203	-255.2097	4.189409	0.1088536	0.07470558	0.03414806	0.07470558
2940	-252.0478	-255.2276	3.179827	0.1478232	0.1335167	0.01430643	0.1335167
2950	-236.146	-241.7684	5.622336	0.05251553	0.008137754	0.04437777	0.008137754
2960	-228.0241	-233.9545	5.930422	0.04608374	0.008538269	0.03754547	0.008538269
2970	-241.8155	-245.6193	3.803797	0.1028301	0.08994289	0.01288722	0.08994289
2980	-237.4481	-242.6267	5.178695	0.07132252	0.03873603	0.03258649	0.03873603
2990	-230.1126	-235.8824	5.769798	0.05324988	0.01900138	0.0342485	0.01900138
3000	-236.1169	-241.6622	5.545293	0.05840374	0.01836782	0.04003592	0.01836782
3010	-227.994	-233.2418	5.247799	0.0591673	0.04218378	0.01698352	0.04218378
3020	-221.4927	-227.6572	6.164495	0.04161623	0.01328218	0.02833405	0.01328218
3030	-241.3769	-244.7992	3.422246	0.1002316	0.0898305	0.01040109	0.0898305
3040	-258.1439	-261.7377	3.59377	0.1399617	0.1069682	0.0329935	0.1069682
3050	-282.1372	-284.4418	2.304647	0.188035	0.13774	0.05029502	0.13774
3060	-281.7	-284.5732	2.873131	0.1398466	0.08031547	0.05953111	0.08031547
3070	-238.3708	-243.6908	5.320044	0.06535443	0.02690154	0.03845289	0.02690154
3080	-273.0028	-275.22	2.217143	0.24615	0.2185103	0.02763961	0.2185103
3090	-237.839	-242.4447	4.605683	0.08706211	0.0686127	0.0184494	0.0686127
3100	-237.2036	-242.7835	5.579873	0.05599075	0.01263857	0.04335218	0.01263857
3110	-226.2774	-232.0144	5.737018	0.05288608	0.02835618	0.02452989	0.02835618
3120	-265.8248	-270.04	4.215179	0.08952457	0.03079895	0.05872562	0.03079895
3130	-305.2068	-308.2927	3.085881	0.111305	0.02602316	0.08528189	0.02602316
3140	-221.4951	-226.7569	5.261881	0.0363003	0.001730813	0.03456949	0.001730813
3150	-296.8701	-300.4162	3.546077	0.08900293	0.004345585	0.08465735	0.004345585
3160	-234.2487	-239.8986	5.64985	0.05555337	0.01617204	0.03938133	0.01617204
3170	-234.334	-239.9842	5.650204	0.05547931	0.01590616	0.03957315	0.01590616
3180	-234.9934	-239.9746	4.981183	0.07632555	0.05469754	0.021628	0.05469754
3190	-350.2592	-350.5406	0.2814511	0.2141969	0.1133172	0.1008797	0.1133172
3200	-231.0411	-236.6696	5.628413	0.05752836	0.02570447	0.03182389	0.02570447
3210	-216.5032	-221.6478	5.144585	0.02566868	0.01642414	0.009244538	0.01642414
3220	-238.6365	-244.172	5.535495	0.05647575	0.01155156	0.0449242	0.01155156
3230	-243.2534	-248.0274	4.774005	0.08512239	0.0514373	0.0336851	0.0514373
3240	-217.0925	-223.3238	6.231234	0.03550608	0.01466215	0.02084393	0.01466215
3250	-286.8636	-288.7053	1.8417	0.2241379	0.1750877	0.04905019	0.1750877
3260	-264.0557	-268.7228	4.667096	0.07347561	0.0102857	0.0631899	0.0102857
3270	-252.0889	-256.2869	4.19799	0.1062534	0.06938236	0.03687105	0.06938236
3280	-236.7409	-242.1765	5.435587	0.06202806	0.02371917	0.03830889	0.02371917
3290	-258.3134	-262.7219	4.408572	0.08708585	0.0349821	0.05210376	0.0349821
3300	-258.3188	-263.0939	4.775088	0.06623363	0.00542162	0.06081201	0.00542162
3310	-231.6849	-237.4075	5.722569	0.05427186	0.01806091	0.03621095	0.01806091
3320	-238.9088	-243.1236	4.214813	0.09210033	0.07759372	0.01450661	0.07759372
3330	-297.4074	-300.8066	3.399241	0.1037086	0.02246443	0.0812442	0.02246443
3340	-219.8452	-225.8686	6.023383	0.04078228	0.02061543	0.02016686	0.02061543
3350	-235.8324	-240.4771	4.644712	0.08137885	0.06461099	0.01676786	0.06461099
3360	-350.9793	-353.2744	2.295121	0.1248075	0.01029551	0.114512	0.01029551
3370	-216.017	-222.2295	6.212539	0.0323437	0.004726111	0.02761759	0.004726111
3380	-249.589	-253.3737	3.784679	0.1305265	0.1107328	0.01979371	0.1107328
3390	-245.7025	-249.5368	3.83438	0.117549	0.101542	0.01600695	0.101542
3400	-241.6585	-243.371	1.712473	0.09375495	0.08799296	0.005761995	0.08799296
3410	-263.6148	-268.2865	4.671756	0.07394686	0.01135564	0.06259122	0.01135564
3420	-267.5326	-271.626	4.093348	0.0930831	0.03396897	0.05911412	0.03396897
3430	-259.1342	-262.532	3.397816	0.155381	0.1261539	0.02922711	0.1261539
3440	-228.3883	-233.1573	4.76893	0.05914715	0.04668575	0.0124614	0.04668575
3450	-328.1362	-330.5913	2.455085	0.1251306	0.02624811	0.09888252	0.02624811
3460	-240.2715	-245.5446	5.273117	0.06597956	0.02512245	0.04085711	0.02512245
3470	-229.1869	-234.8061	5.61919	0.05746076	0.03015218	0.02730859	0.03015218
3480	-243.3621	-247.3958	4.033684	0.1079786	0.09172999	0.01624863	0.09172999
3490	-238.3318	-242.8452	4.513359	0.08914457	0.0715648	0.01757977	0.0715648
3500	-281.705	-285.7784	4.073406	0.0870373	0.0134802	0.0735571	0.0134802
3510	-261.1005	-265.8006	4.700086	0.06822717	0.005683221	0.06254395	0.005683221
3520	-245.8248	-250.4938	4.669017	0.08766834	0.05128768	0.03638066	0.05128768
3530	-215.5492	-221.6682	6.119036	0.03142132	0.003796698	0.02762463	0.003796698
3540	-212.0352	-218.1561	6.120842	0.02608639	0.003264022	0.02282237	0.003264022
3550	-282.0733	-284.1144	2.041137	0.2214818	0.1771153	0.04436655	0.1771153
3560	-457.7878	-457.8791	0.09131749	0.1797259	0.007114247	0.1726117	0.007114247
3570	-218.4271	-224.523	6.09589	0.0379657	0.0183558	0.0196099	0.0183558
3580	-331.3311	-331.5469	0.2157827	0.2556709	0.1727461	0.08292482	0.1727461
3590	-282.7438	-286.1429	3.399154	0.1106205	0.04308927	0.06753127	0.04308927
3600	-233.3468	-238.5123	5.165493	0.07069629	0.04757223	0.02312406	0.04757223
3610	-212.369	-218.6367	6.267694	0.02688904	0.004331251	0.02255778	0.004331251
3620	-354.8212	-354.9534	0.1321842	0.2187663	0.1152701	0.1034962	0.1152701
3630	-215.473	-221.8379	6.364922	0.03253147	0.009105099	0.02342637	0.009105099
3640	-290.4416	-291.0745	0.6329298	0.4293874	0.4035992	0.02578818	0.4035992
3650	-221.1351	-227.0202	5.885061	0.04338417	0.02421558	0.01916859	0.02421558
3660	-251.5236	-255.3526	3.82895	0.1318115	0.1075621	0.02424943	0.1075621
3670	-227.0414	-232.7168	5.675416	0.04256125	0.003633788	0.03892746	0.003633788
3680	-223.3437	-229.4567	6.113032	0.0420443	0.009203555	0.03284075	0.009203555
3690	-243.528	-248.2784	4.750406	0.08603218	0.05241002	0.03362216	0.05241002
3700	-346.4372	-348.0038	1.566603	0.1500044	0.04300859	0.1069958	0.04300859
3710	-242.4158	-247.3224	4.906621	0.07950092	0.04383472	0.0356662	0.04383472
3720	-229.5559	-235.1786	5.622646	0.0575361	0.02928501	0.02825109	0.02928501
3730	-220.951	-227.0412	6.0902	0.03801589	0.005390714	0.03262518	0.005390714
3740	-272.7752	-276.0334	3.258216	0.1300146	0.07666459	0.05334998	0.07666459
3750	-260.7519	-264.9736	4.221679	0.092994	0.04058995	0.05240405	0.04058995
3760	-225.7788	-230.9938	5.215062	0.05325926	0.03867884	0.01458042	0.03867884
3770	-214.8222	-221.182	6.359837	0.03139218	0.01003941	0.02135277	0.01003941
3780	-231.4411	-237.1869	5.745773	0.05354712	0.01710606	0.03644106	0.01710606
3790	-224.175	-229.8192	5.644218	0.04995483	0.03115485	0.01879998	0.03115485
3800	-214.8541	-221.0809	6.226777	0.03058191	0.0129916	0.01759031	0.0129916
3810	-238.1585	-243.5115	5.353011	0.06426167	0.02537257	0.03888911	0.02537257
3820	-319.8523	-320.6772	0.8249513	0.2243447	0.1466418	0.07770288	0.1466418
3830	-251.083	-256.1558	5.072807	0.06658792	0.01300795	0.05357997	0.01300795
3840	-315.3342	-317.5114	2.177143	0.140759	0.05412017	0.08663883	0.05412017
3850	-244.3029	-249.6219	5.318996	0.06140439	0.01257519	0.0488292	0.01257519
3860	-233.6869	-238.6203	4.933397	0.07421926	0.05549247	0.0187268	0.05549247
3870	-234.9553	-240.5694	5.614097	0.05043791	0.006188544	0.04424937	0.006188544
3880	-329.8119	-328.6746	-1.13729	0.4775639	0.4130794	0.06448459	0.4130794
3890	-218.9981	-224.8417	5.843585	0.03826885	0.02229433	0.01597452	0.02229433
3900	-313.7923	-315.7657	1.97334	0.1518486	0.06835322	0.08349541	0.06835322
3910	-263.4946	-266.9661	3.471454	0.1352105	0.09343102	0.04177944	0.09343102
3920	-214.4399	-220.1923	5.752402	0.02919253	0.002202204	0.02699032	0.002202204
3930	-215.0941	-221.4577	6.363596	0.03173739	0.007365567	0.02437183	0.007365567
3940	-258.2748	-262.3347	4.059945	0.1041704	0.05855384	0.04561656	0.05855384
3950	-239.4693	-243.262	3.792617	0.09370691	0.08210306	0.01160384	0.08210306
3960	-233.9888	-239.668	5.679121	0.05018163	0.007027846	0.04315378	0.007027846
3970	-241.6348	-244.5607	2.925922	0.09939144	0.09086795	0.008523488	0.09086795
3980	-254.5419	-258.0881	3.546194	0.1480775	0.125053	0.02302447	0.125053
3990	-221.8051	-227.2998	5.494716	0.03701214	0.002212576	0.03479957	0.002212576
4000	-218.8482	-225.1222	6.274053	0.03722465	0.009385088	0.02783956	0.009385088
4010	-225.8303	-231.6489	5.818629	0.05115372	0.02514288	0.02601084	0.02514288
4020	-228.3422	-234.2158	5.873564	0.04532303	0.006558676	0.03876435	0.006558676
4030	-230.3919	-236.0769	5.685083	0.05586889	0.02372947	0.03213941	0.02372947
4040	-247.4722	-251.8275	4.355339	0.1036202	0.07287618	0.03074406	0.07287618
4050	-267.2607	-270.7769	3.516207	0.1229589	0.07337752	0.04958139	0.07337752
4060	-236.7189	-241.6879	4.968985	0.07874679	0.05414183	0.02460496	0.05414183
4070	-268.5093	-271.863	3.353689	0.1319675	0.08354114	0.04842635	0.08354114
4080	-251.4941	-256.5771	5.08294	0.06525805	0.01058177	0.05467629	0.01058177
4090	-214.6944	-220.8049	6.110497	0.02916186	0.01365737	0.01550449	0.01365737
4100	-298.5978	-298.1043	-0.4934784	0.6080038	0.5895488	0.01845497	0.5895488
4110	-232.5628	-238.1869	5.624131	0.05730518	0.02225099	0.03505419	0.02225099
4120	-340.8264	-342.4594	1.633045	0.1496879	0.04648168	0.1032062	0.04648168
4130	-242.3013	-247.11	4.808698	0.08430338	0.0517695	0.03253389	0.0517695
4140	-224.5261	-230.5977	6.071576	0.04396068	0.01091508	0.03304559	0.01091508
4150	-314.4476	-316.8566	2.409098	0.1315647	0.04381355	0.08775111	0.04381355
4160	-287.4151	-291.096	3.68083	0.0980101	0.02311842	0.07489168	0.02311842
4170	-261.0638	-265.3432	4.279348	0.06575491	0.002593702	0.06316121	0.002593702
4180	-241.4796	-245.9123	4.432698	0.09794769	0.07762728	0.02032042	0.07762728
4190	-227.4906	-233.287	5.796346	0.05255188	0.02348232	0.02906956	0.02348232
4200	-234.4472	-239.8672	5.420025	0.06360741	0.03052394	0.03308347	0.03052394
4210	-231.3897	-237.1443	5.754633	0.04776108	0.006415769	0.04134531	0.006415769
4220	-251.4037	-256.4936	5.089949	0.06421098	0.009128604	0.05508237	0.009128604
4230	-287.3875	-290.1073	2.719813	0.1405676	0.07611329	0.06445426	0.07611329
4240	-234.5825	-239.7	5.117481	0.07308786	0.04879731	0.02429055	0.04879731
4250	-244.8514	-249.7796	4.928213	0.07636125	0.03530488	0.04105636	0.03530488
4260	-249.4851	-254.2441	4.759003	0.07964927	0.03430846	0.04534081	0.03430846
4270	-231.3513	-236.7253	5.373984	0.06439598	0.03964167	0.02475431	0.03964167
4280	-298.0141	-301.0193	3.005104	0.116986	0.03856624	0.07841972	0.03856624
4290	-260.6915	-265.3423	4.650873	0.06725989	0.004741821	0.06251807	0.004741821
4300	-245.8454	-251.1265	5.281127	0.06114514	0.01040631	0.05073883	0.01040631
4310	-253.0272	-256.0054	2.978223	0.1534278	0.1401856	0.01324226	0.1401856
4320	-255.2737	-259.5221	4.248368	0.09785507	0.05340432	0.04445074	0.05340432
4330	-214.1854	-220.517	6.331666	0.02989038	0.01059075	0.01929963	0.01059075
4340	-240.2341	-245.1013	4.867135	0.08298359	0.05349727	0.02948632	0.05349727
4350	-232.7091	-237.4097	4.700616	0.07209324	0.05742203	0.01467121	0.05742203
4360	-289.9477	-293.0674	3.119695	0.1172808	0.04539808	0.07188276	0.04539808
4370	-224.6558	-230.6989	6.043071	0.04260203	0.00763979	0.03496224	0.00763979
4380	-236.7027	-241.8846	5.181826	0.07151741	0.04053886	0.03097855	0.04053886
4390	-250.2871	-255.1954	4.908292	0.05986266	0.003977832	0.05588482	0.003977832
4400	-291.4771	-293.1805	1.703396	0.2207177	0.1665756	0.05414214	0.1665756
4410	-214.6116	-220.991	6.379414	0.03103488	0.008029478	0.02300541	0.008029478
4420	-232.2984	-238.0251	5.726681	0.0537831	0.01607499	0.03770811	0.01607499
4430	-257.0731	-261.8653	4.792191	0.07373139	0.01732586	0.05640553	0.01732586
4440	-219.7319	-225.3874	5.655471	0.03521923	0.0024347	0.03278453	0.0024347
4450	-256.8487	-260.5385	3.689766	0.1348693	0.1020602	0.03280908	0.1020602
4460	-215.0851	-221.4019	6.316863	0.0317228	0.01161577	0.02010703	0.01161577
4470	-250.8345	-254.1087	3.274166	0.1417857	0.127488	0.01429775	0.127488
4480	-217.6966	-222.5677	4.871098	0.02744881	0.01886621	0.008582593	0.01886621
4490	-237.1746	-242.4496	5.275004	0.06771938	0.03292059	0.0347988	0.03292059
4500	-246.3646	-250.806	4.441387	0.09982707	0.06905253	0.03077454	0.06905253
4510	-231.4619	-237.1279	5.666075	0.05626045	0.02232287	0.03393757	0.02232287
4520	-226.0809	-231.5532	5.472302	0.05440318	0.03614373	0.01825945	0.03614373
4530	-218.9805	-224.7975	5.816966	0.03807766	0.02246776	0.01560991	0.02246776
4540	-258.9105	-262.4442	3.533724	0.1433276	0.1103133	0.03301427	0.1103133
4550	-214.8467	-220.7779	5.931175	0.02786374	0.01435329	0.01351045	0.01435329
4560	-242.1305	-246.956	4.825554	0.08363269	0.05098246	0.03265023	0.05098246
4570	-252.9001	-257.2907	4.390653	0.09337675	0.05001432	0.04336242	0.05001432
4580	-223.5485	-229.3133	5.764741	0.04843297	0.02815205	0.02028092	0.02815205
4590	-239.6787	-245.1682	5.489445	0.05781318	0.01242109	0.04539209	0.01242109
4600	-250.6936	-254.6239	3.930252	0.1263227	0.1010324	0.02529025	0.1010324
4610	-235.7883	-241.1648	5.376559	0.06462182	0.02987902	0.0347428	0.02987902
4620	-284.4829	-285.5703	1.087418	0.3714008	0.3475688	0.02383197	0.3475688
4630	-238.6218	-242.9825	4.360733	0.09081751	0.07497851	0.015839	0.07497851
4640	-270.9471	-273.6347	2.687659	0.1912173	0.1543574	0.03685995	0.1543574
4650	-244.9277	-248.9564	4.028683	0.1130594	0.09522142	0.01783798	0.09522142
4660	-216.5272	-222.6977	6.170516	0.03287216	0.004469843	0.02840232	0.004469843
4670	-316.7988	-315.1569	-1.641921	0.8231331	0.7913383	0.03179481	0.7913383
4680	-241.5482	-246.2306	4.68239	0.09057878	0.06374672	0.02683206	0.06374672
4690	-213.6468	-219.3297	5.682967	0.02111952	0.01025326	0.01086626	0.01025326
4700	-221.256	-227.3985	6.142433	0.04199058	0.01538403	0.02660656	0.01538403
4710	-275.0079	-278.639	3.631133	0.1066549	0.04484884	0.06180611	0.04484884
4720	-216.9257	-223.2461	6.32044	0.03436358	0.007748701	0.02661488	0.007748701
4730	-257.813	-261.2152	3.402131	0.1571549	0.1310234	0.02613147	0.1310234
4740	-223.6753	-229.4568	5.78144	0.03959239	0.003522946	0.03606945	0.003522946
4750	-228.8408	-234.0841	5.243249	0.06125472	0.0433904	0.01786432	0.0433904
4760	-217.969	-224.2048	6.235756	0.03512021	0.006064415	0.0290558	0.006064415
4770	-241.1732	-246.2473	5.074077	0.07315657	0.03554088	0.03761568	0.03554088
4780	-385.3225	-386.6791	1.356591	0.149492	0.01697162	0.1325204	0.01697162
4790	-217.1612	-222.6518	5.490561	0.03075115	0.01935868	0.01139248	0.01935868
4800	-247.8148	-251.8713	4.056493	0.1188554	0.096136	0.02271943	0.096136
4810	-216.9247	-222.8764	5.951699	0.03272291	0.003133655	0.02958926	0.003133655
4820	-220.0212	-226.1781	6.156943	0.04053851	0.01630849	0.02423002	0.01630849
4830	-240.466	-244.375	3.90897	0.09772153	0.08482044	0.01290109	0.08482044
4840	-251.332	-254.9466	3.614509	0.1393295	0.1201693	0.01916022	0.1201693
4850	-231.3881	-236.9348	5.546685	0.05997946	0.029921	0.03005847	0.029921
4860	-214.9299	-221.2887	6.358762	0.03160297	0.0100955	0.02150747	0.0100955
4870	-267.3596	-269.9226	2.562938	0.2190171	0.1948095	0.02420767	0.1948095
4880	-213.2492	-219.6316	6.382361	0.02839954	0.008018011	0.02038153	0.008018011
4890	-211.8431	-217.4203	5.577202	0.01486569	0.003278365	0.01158733	0.003278365
4900	-214.7457	-221.0893	6.343662	0.03116232	0.01065531	0.02050701	0.01065531
4910	-222.9666	-229.0454	6.078738	0.04054991	0.00665523	0.03389468	0.00665523
4920	-243.7533	-248.4378	4.684514	0.08921346	0.05708724	0.03212623	0.05708724
4930	-274.683	-278.6058	3.922892	0.09525622	0.03030057	0.06495565	0.03030057
4940	-226.5963	-232.4609	5.864579	0.05061759	0.02135402	0.02926358	0.02135402
4950	-232.3739	-237.9592	5.585318	0.05864746	0.02517609	0.03347137	0.02517609
4960	-255.9897	-260.6134	4.623693	0.08033583	0.02792631	0.05240952	0.02792631
4970	-218.9494	-224.9452	5.995812	0.03521887	0.003766076	0.0314528	0.003766076
4980	-265.921	-267.987	2.066018	0.2336704	0.2193076	0.01436274	0.2193076
4990	-241.085	-245.9544	4.869413	0.08238522	0.05083123	0.031554	0.05083123
5000	-325.218	-322.3078	-2.910176	1.230125	1.207175	0.0229498	1.207175
5010	-215.3374	-220.9108	5.573447	0.02583778	0.01486055	0.01097722	0.01486055
5020	-259.8191	-263.1876	3.368461	0.1564396	0.1264116	0.03002804	0.1264116
5030	-213.4314	-219.8098	6.378376	0.02871078	0.00845803	0.02025275	0.00845803
5040	-310.5639	-311.2444	0.6805185	0.2705605	0.2055925	0.06496801	0.2055925
5050	-260.9413	-264.9182	3.976885	0.1049752	0.05661873	0.04835642	0.05661873
5060	-216.3778	-222.6989	6.321129	0.03418576	0.01153597	0.0226498	0.01153597
5070	-251.0984	-255.9777	4.879327	0.07391847	0.02393077	0.0499877	0.02393077
5080	-230.6927	-236.5099	5.817277	0.04791328	0.007705501	0.04020778	0.007705501
5090	-248.0672	-252.1687	4.101466	0.1172196	0.09282263	0.02439692	0.09282263
5100	-231.2397	-235.9307	4.690916	0.06758206	0.0540353	0.01354677	0.0540353
5110	-240.7127	-246.021	5.308278	0.06443991	0.02198807	0.04245185	0.02198807
5120	-230.6376	-235.9832	5.345686	0.06404984	0.0414408	0.02260904	0.0414408
5130	-225.2295	-230.36	5.1305	0.05141166	0.03801045	0.01340122	0.03801045
5140	-242.2019	-246.8908	4.688902	0.09015332	0.06159235	0.02856097	0.06159235
5150	-216.9189	-223.1764	6.257456	0.03519801	0.01387563	0.02132238	0.01387563
5160	-232.3372	-237.7902	5.453014	0.06283542	0.03352118	0.02931424	0.03352118
5170	-265.12	-268.3662	3.246155	0.1511684	0.1118984	0.03927003	0.1118984
5180	-244.4701	-249.1672	4.697098	0.08778211	0.05360608	0.03417603	0.05360608
5190	-210.5354	-216.7234	6.187976	0.02187028	0.004007477	0.01786281	0.004007477
5200	-331.0984	-332.8712	1.772777	0.1487283	0.05212881	0.0965995	0.05212881
5210	-265.723	-270.2947	4.571693	0.07147511	0.00607802	0.06539709	0.00607802
5220	-245.7512	-251.0358	5.284512	0.06106892	0.01039327	0.05067565	0.01039327
5230	-271.7775	-275.2072	3.429692	0.1207348	0.06591092	0.05482389	0.06591092
5240	-240.9987	-246.3882	5.389508	0.06122263	0.01633175	0.04489089	0.01633175
5250	-225.531	-231.2082	5.67727	0.05248433	0.03092864	0.02155569	0.03092864
5260	-264.2098	-268.1076	3.897833	0.1048989	0.05300678	0.05189215	0.05300678
5270	-232.5135	-237.5576	5.044088	0.07072889	0.05159411	0.01913477	0.05159411
5280	-232.4037	-237.8863	5.482623	0.06193034	0.03154447	0.03038587	0.03154447
5290	-235.7257	-240.8963	5.170551	0.07208877	0.04370904	0.02837973	0.04370904
5300	-297.991	-298.2962	0.3051847	0.4400589	0.4044593	0.03559959	0.4044593
5310	-265.7365	-268.8018	3.065306	0.1682782	0.1328141	0.03546408	0.1328141
5320	-280.5171	-284.3018	3.784747	0.07807588	0.002938548	0.07513733	0.002938548
5330	-230.737	-233.1801	2.443106	0.05593885	0.05038828	0.005550564	0.05038828
5340	-219.1979	-225.4464	6.248444	0.03845553	0.01226237	0.02619316	0.01226237
5350	-243.0582	-245.8935	2.835342	0.1051571	0.09656941	0.008587652	0.09656941
5360	-257.018	-261.8336	4.815624	0.07289881	0.01618004	0.05671876	0.01618004
5370	-215.2481	-221.2706	6.022521	0.0307866	0.003197772	0.02758882	0.003197772
5380	-210.6897	-216.9026	6.212926	0.02139721	0.004786244	0.01661096	0.004786244
5390	-252.0375	-256.6409	4.603455	0.08409377	0.03774905	0.04634472	0.03774905
5400	-217.6643	-223.9544	6.290134	0.03518855	0.007382255	0.02780629	0.007382255
5410	-220.2909	-226.4908	6.199844	0.03817731	0.007416094	0.03076121	0.007416094
5420	-268.9843	-273.0905	4.10623	0.09170641	0.03075909	0.06094731	0.03075909
5430	-250.4687	-254.7783	4.30967	0.101834	0.06539548	0.03643856	0.06539548
5440	-224.608	-230.6132	6.005208	0.04660074	0.01705373	0.02954701	0.01705373
5450	-237.0171	-242.524	5.506904	0.05930344	0.01859185	0.04071159	0.01859185
5460	-222.711	-228.6077	5.896685	0.03901837	0.004043867	0.0349745	0.004043867
5470	-266.444	-267.7857	1.341728	0.2403934	0.230356	0.01003748	0.230356
5480	-237.101	-242.5263	5.425278	0.05100317	0.004529409	0.04647376	0.004529409
5490	-271.1985	-273.4236	2.225105	0.2485858	0.224876	0.02370978	0.224876
5500	-220.6703	-224.3426	3.672301	0.02919007	0.02305015	0.006139927	0.02305015
5510	-284.7587	-286.5286	1.769911	0.2465617	0.2032361	0.04332569	0.2032361
5520	-222.6991	-228.3587	5.659505	0.04659707	0.02935349	0.01724357	0.02935349
5530	-236.8915	-242.49	5.598568	0.05326518	0.00843153	0.04483365	0.00843153
5540	-299.7363	-303.2737	3.537388	0.09845194	0.01403693	0.08441501	0.01403693
5550	-236.1334	-241.4083	5.274878	0.06822109	0.03571385	0.03250725	0.03571385
5560	-257.5223	-261.1467	3.624387	0.1388888	0.1064845	0.03240429	0.1064845
5570	-252.6734	-257.0105	4.337039	0.09662673	0.05491807	0.04170866	0.05491807
5580	-219.7878	-226.0105	6.222769	0.03940492	0.01294465	0.02646028	0.01294465
5590	-414.388	-414.8982	0.5102306	0.172108	0.02471362	0.1473943	0.02471362
5600	-248.4594	-252.8194	4.359934	0.1019414	0.06865972	0.03328167	0.06865972
5610	-251.1821	-255.3527	4.170538	0.1098604	0.07590466	0.03395575	0.07590466
5620	-220.3114	-226.0781	5.766693	0.04115687	0.02491367	0.0162432	0.02491367
5630	-237.0396	-241.7745	4.734855	0.08377007	0.06409157	0.0196785	0.06409157
5640	-307.3086	-308.177	0.8684667	0.2595811	0.196165	0.06341618	0.196165
5650	-293.8457	-297.275	3.429265	0.08607294	0.003034816	0.08303813	0.003034816
5660	-254.3762	-259.3076	4.931336	0.07010308	0.01478829	0.05531479	0.01478829
5670	-246.2727	-251.4593	5.18659	0.0655658	0.01678742	0.04877837	0.01678742
5680	-244.511	-249.6763	5.16524	0.06742193	0.02181135	0.04561059	0.02181135
5690	-278.7526	-281.9435	3.190961	0.1247372	0.06435338	0.06038387	0.06435338
5700	-256.9455	-261.7427	4.797194	0.07361579	0.01727799	0.0563378	0.01727799
5710	-249.0759	-252.6087	3.532785	0.1326445	0.1171083	0.01553624	0.1171083
5720	-219.8834	-225.908	6.024567	0.04084988	0.02060183	0.02024805	0.02060183
5730	-212.5581	-218.8141	6.255995	0.02519085	0.009087663	0.01610318	0.009087663
5740	-225.1703	-230.9817	5.811412	0.05060877	0.02622377	0.024385	0.02622377
5750	-241.7464	-246.6189	4.872535	0.08171114	0.04852674	0.0331844	0.04852674
5760	-224.7301	-230.5874	5.85731	0.04949979	0.02468538	0.02481441	0.02468538
5770	-224.6051	-230.3948	5.789721	0.05010608	0.02742341	0.02268267	0.02742341
5780	-216.4399	-222.2351	5.795191	0.03115903	0.01783842	0.01332061	0.01783842
5790	-221.1304	-227.2239	6.09354	0.04253838	0.01804688	0.0244915	0.01804688
5800	-280.972	-282.1845	1.212474	0.3530787	0.3331044	0.01997426	0.3331044
5810	-211.6686	-217.8979	6.229289	0.02545547	0.003941381	0.02151409	0.003941381
5820	-274.0962	-275.9688	1.872585	0.2815712	0.260316	0.02125517	0.260316
5830	-242.6994	-247.3605	4.661167	0.09122091	0.06233298	0.02888794	0.06233298
5840	-214.5075	-220.7111	6.203544	0.02953613	0.0127515	0.01678463	0.0127515
5850	-230.4964	-236.2521	5.755704	0.05359782	0.01894844	0.03464938	0.01894844
5860	-235.3402	-241.0031	5.662901	0.05272072	0.009564807	0.04315592	0.009564807
5870	-211.5864	-217.8978	6.311339	0.0239304	0.006677729	0.01725267	0.006677729
5880	-294.294	-297.9925	3.698541	0.0949376	0.01373395	0.08120365	0.01373395
5890	-248.4363	-252.1922	3.755882	0.1277954	0.1100016	0.01779373	0.1100016
5900	-244.6021	-249.0939	4.4918	0.09855807	0.0704394	0.02811867	0.0704394
5910	-222.5735	-228.1854	5.61191	0.04617896	0.02975312	0.01642583	0.02975312
5920	-229.7614	-235.4241	5.66268	0.05652257	0.02653574	0.02998683	0.02653574
5930	-281.2248	-284.1752	2.950307	0.1355949	0.07553907	0.06005582	0.07553907
5940	-256.1703	-260.8597	4.689411	0.07784603	0.02417089	0.05367514	0.02417089
5950	-247.8184	-252.287	4.468561	0.09624533	0.06118269	0.03506264	0.06118269
5960	-211.8879	-218.2393	6.35145	0.02570536	0.005790008	0.01991536	0.005790008
5970	-231.4299	-237.2091	5.77923	0.0522055	0.01455336	0.03765214	0.01455336
5980	-212.5688	-218.5744	6.005653	0.02188995	0.008953152	0.0129368	0.008953152
5990	-214.6564	-220.1283	5.471911	0.02902673	0.001677967	0.02734876	0.001677967
6000	-295.9939	-299.2775	3.2836	0.1079489	0.02889649	0.07905237	0.02889649
6010	-329.6936	-329.8964	0.2027378	0.2615571	0.1804559	0.08110117	0.1804559
6020	-223.5596	-229.6233	6.063717	0.04484272	0.01558889	0.02925383	0.01558889
6030	-236.284	-241.2553	4.97124	0.07828028	0.05450883	0.02377145	0.05450883
6040	-283.5175	-287.0484	3.530861	0.1049049	0.03516922	0.06973567	0.03516922
6050	-263.6299	-267.3777	3.747708	0.114417	0.06619861	0.04821842	0.06619861
6060	-215.3353	-220.9948	5.659537	0.02667533	0.01512767	0.01154766	0.01512767
6070	-223.2216	-228.384	5.162435	0.0458968	0.03346248	0.01243432	0.03346248
6080	-250.8698	-255.2607	4.390988	0.09621236	0.05670866	0.0395037	0.05670866
6090	-256.9463	-261.1208	4.17448	0.09960727	0.05385677	0.0457505	0.05385677
6100	-228.173	-233.9195	5.746506	0.0539879	0.02496618	0.02902171	0.02496618
6110	-210.9565	-217.2159	6.259303	0.02226461	0.005391957	0.01687266	0.005391957
6120	-213.8543	-220.1954	6.341062	0.02923222	0.01005342	0.01917881	0.01005342
6130	-223.5223	-228.6442	5.121906	0.04653761	0.034228	0.01230961	0.034228
6140	-267.9121	-272.3916	4.479443	0.07920233	0.01474694	0.06445539	0.01474694
6150	-210.3088	-215.7537	5.444927	0.02063941	0.001546916	0.0190925	0.001546916
6160	-214.0037	-220.245	6.241254	0.02863714	0.01166995	0.01696719	0.01166995
6170	-211.8946	-217.8522	5.957656	0.01920589	0.006697991	0.0125079	0.006697991
6180	-211.026	-215.9514	4.925407	0.0217773	0.001024495	0.0207528	0.001024495
6190	-278.5011	-281.7684	3.267335	0.120848	0.05971401	0.06113397	0.05971401
6200	-233.5233	-239.2524	5.729033	0.05105098	0.009186287	0.0418647	0.009186287
6210	-268.4117	-271.6612	3.2495	0.1405871	0.09456812	0.04601901	0.09456812
6220	-229.3092	-234.4763	5.167051	0.06254683	0.04531091	0.01723592	0.04531091
6230	-261.3806	-264.5604	3.179811	0.1705387	0.1425379	0.02800085	0.1425379
6240	-268.6734	-271.263	2.58959	0.2139527	0.1859125	0.02804018	0.1859125
6250	-306.6428	-309.1107	2.467845	0.133801	0.05234082	0.08146016	0.05234082
6260	-214.9917	-220.648	5.65629	0.02554278	0.01420277	0.01134002	0.01420277
6270	-224.4295	-229.9639	5.534435	0.05052686	0.03323484	0.01729202	0.03323484
6280	-249.4976	-254.644	5.146469	0.06207369	0.00790584	0.05416785	0.00790584
6290	-224.0768	-229.4068	5.330026	0.04906492	0.03462345	0.01444147	0.03462345
6300	-247.414	-251.788	4.374026	0.1025585	0.07136296	0.03119553	0.07136296
6310	-227.844	-233.4178	5.573769	0.0570449	0.0338694	0.0231755	0.0338694
6320	-241.0747	-246.3953	5.320606	0.0541625	0.004927869	0.04923463	0.004927869
6330	-280.5927	-282.251	1.65835	0.2952715	0.2650909	0.03018067	0.2650909
6340	-220.3056	-226.3883	6.082612	0.04146357	0.01899807	0.0224655	0.01899807
6350	-269.1772	-272.0782	2.901022	0.1729585	0.1341236	0.03883487	0.1341236
6360	-281.4363	-285.5734	4.137066	0.08315674	0.0085957	0.07456104	0.0085957
6370	-246.2786	-249.6678	3.389239	0.1211602	0.1087785	0.01238173	0.1087785
6380	-215.9411	-221.4166	5.475495	0.02685116	0.01617135	0.01067981	0.01617135
6390	-243.0813	-247.64	4.558639	0.09582325	0.06921905	0.0266042	0.06921905
6400	-215.6241	-221.1921	5.567968	0.02671377	0.01562425	0.01108952	0.01562425
6410	-398.8737	-397.2302	-1.643474	0.2981141	0.1729849	0.1251292	0.1729849
6420	-240.3881	-245.5453	5.157277	0.07033335	0.03212317	0.03821018	0.03212317
6430	-231.759	-236.6508	4.891804	0.06933644	0.05333196	0.01600447	0.05333196
6440	-225.6143	-231.3885	5.774154	0.05161688	0.02738873	0.02422815	0.02738873
6450	-215.951	-222.1999	6.248889	0.03239977	0.005146507	0.02725326	0.005146507
6460	-222.6238	-228.7666	6.142814	0.04169004	0.01009651	0.03159353	0.01009651
6470	-212.8654	-219.2188	6.353353	0.02717845	0.00854481	0.01863364	0.00854481
6480	-215.6871	-221.9357	6.248618	0.03265071	0.01353136	0.01911935	0.01353136
6490	-250.9168	-254.8032	3.886395	0.1286663	0.1041337	0.02453256	0.1041337
6500	-233.9562	-239.294	5.337782	0.04772355	0.003176372	0.04454718	0.003176372
6510	-248.9757	-253.6614	4.685673	0.08330896	0.04036516	0.0429438	0.04036516
6520	-228.2832	-233.0148	4.731566	0.05867904	0.04653467	0.01214436	0.04653467
6530	-261.3827	-265.2248	3.842079	0.1123572	0.06598534	0.04637186	0.06598534
6540	-336.4418	-334.5363	-1.9055	0.6127585	0.5500931	0.06266546	0.5500931
6550	-257.9503	-262.0799	4.129641	0.1006716	0.05414547	0.04652615	0.05414547
6560	-278.1542	-282.3295	4.175325	0.07889539	0.005672645	0.07322274	0.005672645
6570	-272.7665	-276.7322	3.965749	0.0947274	0.03130727	0.06342013	0.03130727
6580	-301.9832	-303.9067	1.923468	0.1703712	0.09922065	0.07115052	0.09922065
6590	-280.4419	-283.7646	3.322753	0.1159631	0.05183427	0.06412883	0.05183427
6600	-346.8916	-349.2475	2.355934	0.1242005	0.01228627	0.1119142	0.01228627
6610	-242.084	-247.1184	5.034406	0.07411148	0.03569676	0.03841472	0.03569676
6620	-233.6326	-239.0058	5.373228	0.06535899	0.0355345	0.0298245	0.0355345
6630	-301.0177	-303.2609	2.243113	0.1507863	0.07699402	0.07379233	0.07699402
6640	-233.5294	-239.2013	5.671947	0.05515289	0.01658582	0.03856707	0.01658582
6650	-222.6325	-228.6364	6.003926	0.03947432	0.005059305	0.03441502	0.005059305
6660	-213.5934	-219.8621	6.268712	0.02790402	0.01079398	0.01711004	0.01079398
6670	-265.2924	-269.1856	3.893263	0.1038532	0.05051549	0.05333776	0.05051549
6680	-254.3076	-258.2115	3.903907	0.1232376	0.08998476	0.03325282	0.08998476
6690	-224.3177	-230.2103	5.892603	0.04857326	0.023571	0.02500226	0.023571
6700	-212.2105	-218.3008	6.090235	0.02203382	0.008346608	0.01368721	0.008346608
6710	-288.1998	-289.8359	1.636149	0.2464465	0.1993579	0.04708858	0.1993579
6720	-221.5811	-227.5404	5.959385	0.04413194	0.02261304	0.0215189	0.02261304
6730	-210.153	-216.1337	5.980714	0.02050146	0.00285153	0.01764993	0.00285153
6740	-239.4556	-244.163	4.707465	0.08848196	0.06537336	0.02310861	0.06537336
6750	-291.2028	-295.0515	3.848728	0.08833988	0.007660549	0.08067933	0.007660549
6760	-212.9125	-219.0396	6.127109	0.02448918	0.01009189	0.0143973	0.01009189
6770	-236.252	-241.1392	4.887206	0.07998878	0.05835772	0.02163107	0.05835772
6780	-214.2052	-220.4307	6.225551	0.02898623	0.01211131	0.01687492	0.01211131
6790	-256.3888	-259.9085	3.519771	0.149758	0.1234747	0.02628327	0.1234747
6800	-219.5094	-225.7082	6.198754	0.03698276	0.006471757	0.030511	0.006471757
6810	-236.2965	-241.5824	5.285863	0.06774068	0.03454202	0.03319867	0.03454202
6820	-237.8888	-243.0082	5.119436	0.07347093	0.04167107	0.03179986	0.04167107
6830	-211.3205	-217.4624	6.141884	0.02067872	0.006280578	0.01439814	0.006280578
6840	-212.2541	-218.3792	6.12506	0.02264204	0.00855225	0.01408979	0.00855225
6850	-240.2228	-245.1	4.877222	0.05162866	0.002330251	0.04929841	0.002330251
6860	-215.3188	-221.5993	6.280469	0.03202228	0.01261959	0.01940269	0.01261959
6870	-251.6191	-255.524	3.904922	0.1274964	0.1008482	0.02664821	0.1008482
6880	-280.6596	-284.7253	4.065655	0.08786328	0.01543033	0.07243295	0.01543033
6890	-215.9184	-222.235	6.316558	0.03337829	0.01186331	0.02151497	0.01186331
6900	-277.708	-281.5869	3.878863	0.07641615	0.002987752	0.0734284	0.002987752
6910	-234.1634	-239.8676	5.704243	0.05147527	0.009027691	0.04244758	0.009027691
6920	-239.6161	-244.8359	5.219774	0.0683939	0.03009289	0.03830102	0.03009289
6930	-266.0959	-269.0333	2.937411	0.1817769	0.1494158	0.03236111	0.1494158
6940	-218.8718	-225.1359	6.26406	0.03788247	0.01169291	0.02618956	0.01169291
6950	-220.775	-226.9806	6.205554	0.04014784	0.01141589	0.02873195	0.01141589
6960	-235.21	-240.8783	5.668328	0.05284785	0.009964135	0.04288372	0.009964135
6970	-272.9658	-277.1713	4.205502	0.08637969	0.02001296	0.06636674	0.02001296
6980	-251.5671	-256.6315	5.064363	0.06301326	0.007203049	0.05581021	0.007203049
6990	-233.0892	-237.5196	4.430364	0.07275966	0.06015773	0.01260194	0.06015773
7000	-304.4657	-307.3793	2.913625	0.1173522	0.03404329	0.08330888	0.03404329
7010	-230.6859	-236.205	5.519067	0.0605916	0.03299342	0.02759818	0.03299342
7020	-223.4664	-229.565	6.098577	0.04174999	0.008251121	0.03349886	0.008251121
7030	-268.6896	-273.214	4.524483	0.07576917	0.009335491	0.06643368	0.009335491
7040	-222.1439	-228.0428	5.898959	0.04536191	0.0243363	0.02102561	0.0243363
7050	-212.8595	-218.7046	5.845065	0.02054226	0.008840631	0.01170163	0.008840631
7060	-245.7929	-250.6102	4.817243	0.05585158	0.002733209	0.05311837	0.002733209
7070	-266.3203	-270.6652	4.344904	0.08464265	0.023678	0.06096465	0.023678
7080	-212.6707	-218.764	6.093244	0.02337406	0.009499178	0.01387489	0.009499178
7090	-310.2686	-313.491	3.222356	0.1055593	0.01513235	0.09042697	0.01513235
7100	-291.5255	-295.3016	3.776042	0.09334058	0.01382472	0.07951585	0.01382472
7110	-232.5145	-237.9769	5.462391	0.06255672	0.03253315	0.03002357	0.03253315
7120	-241.4891	-245.7362	4.24706	0.1003768	0.08319118	0.01718564	0.08319118
7130	-240.5072	-245.9804	5.473163	0.05709535	0.01021394	0.0468814	0.01021394
7140	-235.2973	-240.3648	5.067478	0.07495891	0.05057787	0.02438104	0.05057787
7150	-255.5861	-259.1022	3.516177	0.1502823	0.1259013	0.02438104	0.1259013
7160	-228.4231	-233.9489	5.525707	0.05845951	0.03543041	0.02302911	0.03543041
7170	-215.8591	-221.6263	5.76721	0.02926991	0.0165834	0.01268652	0.0165834
7180	-241.1567	-246.5383	5.381574	0.06143212	0.0164797	0.04495242	0.0164797
7190	-256.0998	-259.641	3.541237	0.148462	0.1222171	0.02624486	0.1222171
7200	-244.4758	-248.0066	3.530782	0.1134576	0.1010617	0.01239588	0.1010617
7210	-276.2513	-278.0132	1.761873	0.2940409	0.2711953	0.02284565	0.2711953
7220	-225.1616	-230.7242	5.56258	0.05221187	0.03357248	0.01863939	0.03357248
7230	-282.8931	-284.6684	1.775299	0.2581151	0.2187689	0.03934625	0.2187689
7240	-240.691	-245.8385	5.147455	0.07051637	0.0319653	0.03855107	0.0319653
7250	-257.2775	-261.6236	4.346098	0.09066	0.04109229	0.04956771	0.04109229
7260	-270.8037	-273.1002	2.296584	0.2418161	0.2171144	0.02470169	0.2171144
7270	-262.0875	-265.2616	3.174057	0.1693706	0.1397688	0.02960182	0.1397688
7280	-258.1856	-262.6148	4.429197	0.08634672	0.03408448	0.05226224	0.03408448
7290	-234.1825	-239.7425	5.559983	0.05885926	0.02227511	0.03658415	0.02227511
7300	-217.0097	-223.3041	6.294356	0.03419845	0.006744729	0.02745372	0.006744729
7310	-361.1884	-361.4074	0.2190482	0.2057633	0.09650098	0.1092623	0.09650098
7320	-214.8901	-221.1111	6.221007	0.03062208	0.01310424	0.01751783	0.01310424
7330	-234.4745	-237.967	3.492514	0.0738399	0.06527661	0.008563287	0.06527661
7340	-213.9823	-220.3298	6.347519	0.02982466	0.005924552	0.02390011	0.005924552
7350	-217.6036	-223.8756	6.272031	0.03489978	0.006662493	0.02823729	0.006662493
7360	-309.5619	-308.5177	-1.044187	0.708831	0.679947	0.028884	0.679947
7370	-275.6741	-279.7752	4.101094	0.08872777	0.02079251	0.06793525	0.02079251
7380	-241.7885	-246.6586	4.870025	0.08179404	0.04858842	0.03320562	0.04858842
7390	-219.7407	-225.9859	6.245184	0.03850369	0.0100745	0.02842918	0.0100745
7400	-226.0783	-231.6771	5.598797	0.04137847	0.003058449	0.03832002	0.003058449
7410	-213.1485	-219.3562	6.207768	0.02815236	0.003936218	0.02421614	0.003936218
7420	-256.2343	-260.5602	4.325817	0.09267425	0.04506711	0.04760715	0.04506711
7430	-287.0104	-288.0299	1.019446	0.3735082	0.3456042	0.027904	0.3456042
7440	-221.4241	-227.6074	6.183273	0.0400581	0.009156595	0.03090151	0.009156595
7450	-227.577	-233.441	5.864072	0.05075128	0.01917659	0.03157469	0.01917659
7460	-217.2169	-223.4854	6.268541	0.03572044	0.01345896	0.02226148	0.01345896
7470	-267.505	-269.4419	1.93688	0.2457413	0.2313536	0.01438773	0.2313536
7480	-239.7421	-245.0858	5.343687	0.06371001	0.02213017	0.04157984	0.02213017
7490	-258.0952	-262.068	3.972777	0.1098748	0.06651193	0.04336288	0.06651193
7500	-310.7522	-313.5877	2.83557	0.1177141	0.02977534	0.08793876	0.02977534
7510	-287.2481	-289.4603	2.212189	0.1802909	0.123621	0.05666988	0.123621
7520	-223.5624	-229.3595	5.797122	0.048328	0.02731252	0.02101548	0.02731252
7530	-298.9018	-299.9024	1.00061	0.2825261	0.2293758	0.05315032	0.2293758
7540	-218.8498	-224.9267	6.076904	0.03880577	0.01898032	0.01982545	0.01898032
7550	-288.1718	-289.9784	1.806598	0.2224558	0.1718165	0.05063929	0.1718165
7560	-239.3351	-244.437	5.101923	0.07332989	0.03880377	0.03452612	0.03880377
7570	-219.4775	-225.6048	6.127265	0.03641259	0.005152732	0.03125986	0.005152732
7580	-266.3404	-270.3802	4.039853	0.09610506	0.03916287	0.0569422	0.03916287
7590	-300.3442	-303.9416	3.597363	0.09457058	0.008692529	0.08587805	0.008692529
7600	-237.7427	-242.234	4.491258	0.08758827	0.0709462	0.01664206	0.0709462
7610	-233.2733	-238.3074	5.034132	0.07243647	0.05241995	0.02001653	0.05241995
7620	-236.0281	-240.6214	4.593283	0.08212936	0.06584208	0.01628729	0.06584208
7630	-218.4852	-224.6857	6.200526	0.03557738	0.005729378	0.029848	0.005729378
7640	-210.7384	-216.9679	6.229508	0.02267938	0.004251644	0.01842774	0.004251644
7650	-266.4518	-270.8061	4.354334	0.08425741	0.02302776	0.06122965	0.02302776
7660	-252.3581	-256.9743	4.616244	0.08326242	0.03616935	0.04709306	0.03616935
7670	-245.0352	-250.1475	5.112246	0.06904253	0.02369259	0.04534994	0.02369259
7680	-217.0835	-222.9846	5.901115	0.03373093	0.01879866	0.01493227	0.01879866
7690	-237.6487	-242.5149	4.866198	0.08233365	0.05863736	0.02369628	0.05863736
7700	-256.7936	-260.2489	3.45532	0.1540203	0.1286836	0.02533673	0.1286836
7710	-231.3447	-236.7836	5.438845	0.04574365	0.003208817	0.04253484	0.003208817
7720	-221.1478	-226.4704	5.322636	0.04096801	0.0285418	0.01242621	0.0285418
7730	-286.5211	-290.0525	3.531387	0.1033815	0.03072702	0.07265445	0.03072702
7740	-229.1408	-235.0368	5.895979	0.04830158	0.01094796	0.03735362	0.01094796
7750	-245.0849	-250.3923	5.307404	0.05958918	0.008832233	0.05075694	0.008832233
7760	-265.7325	-270.3431	4.610539	0.07267876	0.007690534	0.06498823	0.007690534
7770	-218.0616	-224.3189	6.257298	0.03709501	0.01344845	0.02364656	0.01344845
7780	-342.9944	-344.1405	1.146128	0.1699497	0.06838915	0.1015606	0.06838915
7790	-235.8735	-240.8186	4.945105	0.0783339	0.05600658	0.02232732	0.05600658
7800	-295.2316	-298.8656	3.634047	0.09685127	0.01545502	0.08139625	0.01545502
7810	-217.9781	-224.0792	6.101091	0.03702764	0.01795942	0.01906821	0.01795942
7820	-242.4454	-246.3954	3.950043	0.1051082	0.09055637	0.01455181	0.09055637
7830	-254.501	-259.1971	4.696131	0.07857151	0.02698901	0.0515825	0.02698901
7840	-211.7511	-218.0905	6.339467	0.02478428	0.006605604	0.01817867	0.006605604
7850	-237.8377	-242.7433	4.905547	0.081383	0.05620273	0.02518026	0.05620273
7860	-260.9491	-265.4586	4.509573	0.06655123	0.003612659	0.06293858	0.003612659
7870	-231.206	-236.9823	5.776277	0.04785099	0.006836234	0.04101476	0.006836234
7880	-211.7328	-218.0417	6.308928	0.02413056	0.007052109	0.01707845	0.007052109
7890	-269.5533	-272.801	3.247687	0.1377625	0.08975233	0.0480102	0.08975233
7900	-231.309	-237.1048	5.795847	0.04846789	0.007790374	0.04067751	0.007790374
7910	-250.8262	-255.9358	5.109581	0.06378641	0.009088975	0.05469743	0.009088975
7920	-247.5271	-252.5167	4.989645	0.07203175	0.02524173	0.04679002	0.02524173
7930	-271.5993	-273.8481	2.248861	0.2458266	0.2206242	0.02520239	0.2206242
7940	-217.8054	-224.1122	6.306853	0.03601735	0.00981226	0.02620509	0.00981226
7950	-267.878	-270.9577	3.079685	0.1583526	0.1175285	0.04082414	0.1175285
7960	-261.5799	-265.0403	3.460397	0.1420072	0.1047233	0.03728398	0.1047233
7970	-264.1499	-267.3416	3.191728	0.1604232	0.1250223	0.03540089	0.1250223
7980	-278.0693	-280.5984	2.529067	0.1788767	0.1310651	0.04781158	0.1310651
7990	-213.5218	-219.8635	6.341699	0.02903843	0.005602954	0.02343548	0.005602954
8000	-247.7184	-251.2604	3.542079	0.1270695	0.1125348	0.01453464	0.1125348
8010	-211.5672	-217.7054	6.138154	0.02111997	0.006887934	0.01423203	0.006887934
8020	-255.1755	-257.71	2.534517	0.1655089	0.1540992	0.01140978	0.1540992
8030	-253.8356	-257.5114	3.675791	0.1406597	0.115652	0.02500776	0.115652
8040	-236.7608	-241.965	5.20414	0.07064072	0.03883446	0.03180627	0.03883446
8050	-242.3068	-247.2056	4.898827	0.07996531	0.04475603	0.03520928	0.04475603
8060	-223.6389	-229.4331	5.794138	0.03959938	0.003588826	0.03601056	0.003588826
8070	-294.3051	-295.073	0.7679766	0.3643008	0.3252745	0.03902633	0.3252745
8080	-232.4482	-238.0245	5.57627	0.04737431	0.004370908	0.0430034	0.004370908
8090	-219.1781	-224.9833	5.805156	0.03851256	0.02286714	0.01564542	0.02286714
8100	-306.8684	-307.2062	0.3377574	0.34623	0.2921715	0.05405848	0.2921715
8110	-213.4429	-219.8266	6.383645	0.02880904	0.00813332	0.02067572	0.00813332
8120	-262.3304	-266.8571	4.526655	0.08033394	0.02151288	0.05882106	0.02151288
8130	-213.4369	-219.8175	6.380655	0.0289374	0.006772353	0.02216505	0.006772353
8140	-211.7329	-217.6812	5.948228	0.02526563	0.002551563	0.02271406	0.002551563
8150	-214.1958	-219.9667	5.770897	0.02417867	0.01244526	0.01173342	0.01244526
8160	-231.754	-237.4774	5.723431	0.05420839	0.01781696	0.03639143	0.01781696
8170	-286.7182	-290.5959	3.877689	0.09182457	0.01568079	0.07614378	0.01568079
8180	-228.039	-233.2524	5.213399	0.059285	0.04273092	0.01655408	0.04273092
8190	-247.841	-251.8605	4.019535	0.1201849	0.09829907	0.02188588	0.09829907
8200	-253.2888	-257.2629	3.974091	0.1200058	0.08705238	0.03295339	0.08705238
8210	-251.1262	-256.1902	5.064063	0.06696862	0.01353239	0.05343622	0.01353239
8220	-259.7987	-263.4548	3.656084	0.1297025	0.0909165	0.03878604	0.0909165
8230	-232.8893	-238.3432	5.453933	0.06280738	0.03220077	0.03060661	0.03220077
8240	-227.3754	-232.3703	4.994946	0.05699805	0.04335637	0.01364168	0.04335637
8250	-245.2017	-248.56	3.358362	0.1163893	0.1047429	0.01164638	0.1047429
8260	-219.5268	-225.7728	6.246008	0.03775547	0.008571897	0.02918357	0.008571897
8270	-241.1411	-246.3356	5.194432	0.06839445	0.02784537	0.04054909	0.02784537
8280	-212.3707	-218.6929	6.32227	0.02565416	0.008218439	0.01743572	0.008218439
8290	-226.5113	-232.2708	5.759444	0.05276024	0.0270736	0.02568664	0.0270736
8300	-212.1167	-217.9449	5.82823	0.01782048	0.006175411	0.01164507	0.006175411
8310	-286.432	-285.6302	-0.8018022	0.4481821	0.4396494	0.008532693	0.4396494
8320	-219.0855	-225.3501	6.264522	0.03791979	0.01079875	0.02712103	0.01079875
8330	-230.8812	-236.6973	5.816083	0.04825232	0.008039441	0.04021288	0.008039441
8340	-221.9131	-227.2211	5.307935	0.04301595	0.03024748	0.01276846	0.03024748
8350	-220.2853	-226.1698	5.884448	0.04151875	0.02349158	0.01802716	0.02349158
8360	-254.4641	-257.3016	2.837482	0.1612254	0.1481906	0.01303478	0.1481906
8370	-256.1291	-258.7549	2.625819	0.170799	0.1583354	0.01246367	0.1583354
8380	-260.4751	-265.2588	4.783736	0.07112519	0.01029144	0.06083375	0.01029144
8390	-218.5682	-223.988	5.41978	0.03354974	0.0018154	0.03173434	0.0018154
8400	-273.6696	-275.8697	2.200046	0.245924	0.2171224	0.0288016	0.2171224
8410	-214.4408	-220.0152	5.574391	0.02272035	0.01217758	0.01054277	0.01217758
8420	-370.5651	-371.7324	1.167251	0.1572569	0.03542118	0.1218357	0.03542118
8430	-223.1364	-229.1864	6.050013	0.04499117	0.01738267	0.0276085	0.01738267
8440	-225.4193	-231.4147	5.995349	0.04295017	0.006910754	0.03603942	0.006910754
8450	-216.7268	-222.7347	6.007885	0.03357494	0.01759095	0.01598399	0.01759095
8460	-232.9144	-237.6792	4.764798	0.07270543	0.0571782	0.01552723	0.0571782
8470	-211.5166	-217.846	6.329431	0.02478172	0.005422198	0.01935952	0.005422198
8480	-218.8176	-224.1853	5.367685	0.03466524	0.02320259	0.01146266	0.02320259
8490	-409.9291	-410.943	1.013908	0.1538843	0.006722775	0.1471616	0.006722775
8500	-254.7519	-258.7433	3.991396	0.1154599	0.07851005	0.03694985	0.07851005
8510	-346.7113	-345.7851	-0.9261602	0.3456694	0.2592388	0.08643061	0.2592388
8520	-245.58	-250.7609	5.180902	0.06621665	0.01861856	0.0475981	0.01861856
8530	-346.829	-348.9652	2.136262	0.1312352	0.02069717	0.110538	0.02069717
8540	-264.6354	-268.6325	3.997063	0.0995208	0.04541992	0.05410088	0.04541992
8550	-269.5459	-273.888	4.342181	0.07258981	0.004392528	0.06819728	0.004392528
8560	-226.7072	-232.3807	5.673548	0.05427219	0.0306379	0.02363429	0.0306379
8570	-297.42	-299.8545	2.434497	0.144098	0.07193737	0.07216066	0.07193737
8580	-247.5982	-249.585	1.9868	0.1225919	0.1153839	0.007208024	0.1153839
8590	-331.7032	-329.1331	-2.570146	0.9318628	0.8875418	0.04432097	0.8875418
8600	-281.4188	-282.6331	1.214323	0.3543423	0.3335958	0.02074646	0.3335958
8610	-213.9159	-220.2684	6.352516	0.02947125	0.009825253	0.019646	0.009825253
8620	-217.6559	-223.9583	6.302408	0.03610127	0.01115048	0.02495079	0.01115048
8630	-235.1637	-240.4779	5.314164	0.06712088	0.03561963	0.03150126	0.03561963
8640	-246.502	-251.2431	4.741103	0.08325231	0.04358188	0.03967042	0.04358188
8650	-250.2716	-255.1992	4.927661	0.07265479	0.0229819	0.04967289	0.0229819
8660	-214.0982	-219.902	5.803849	0.0242366	0.01230476	0.01193184	0.01230476
8670	-231.4279	-236.9424	5.514517	0.06092047	0.03177502	0.02914545	0.03177502
8680	-234.2355	-239.4128	5.177304	0.07132858	0.04608585	0.02524273	0.04608585
8690	-310.6479	-312.2969	1.649013	0.1753786	0.09814092	0.07723769	0.09814092
8700	-278.3133	-281.0566	2.743292	0.1571681	0.1046296	0.05253853	0.1046296
8710	-234.5035	-239.8751	5.371604	0.0652773	0.03352568	0.03175161	0.03352568
8720	-307.0594	-308.1413	1.081915	0.2346281	0.1684475	0.06618063	0.1684475
8730	-228.1163	-234.0279	5.91161	0.04894245	0.01415232	0.03479013	0.01415232
8740	-222.5265	-228.6731	6.146666	0.04168016	0.0103389	0.03134126	0.0103389
8750	-291.2407	-291.1546	-0.08609877	0.5066881	0.4916764	0.01501172	0.4916764
8760	-225.43	-231.2393	5.809287	0.05092458	0.02605979	0.02486479	0.02605979
8770	-267.6672	-270.965	3.297789	0.138522	0.09279113	0.04573085	0.09279113
8780	-216.5741	-221.9986	5.424512	0.02840958	0.01772005	0.01068953	0.01772005
8790	-217.8081	-224.1102	6.302136	0.03623376	0.01075423	0.02547952	0.01075423
8800	-233.3104	-238.7079	5.3975	0.06458829	0.0347639	0.02982439	0.0347639
8810	-233.3168	-238.8895	5.572719	0.05876975	0.02363183	0.03513792	0.02363183
8820	-218.0195	-224.3068	6.287298	0.03575581	0.007840571	0.02791524	0.007840571
8830	-265.5663	-268.7617	3.195443	0.1547617	0.1158994	0.03886224	0.1158994
8840	-217.694	-223.9554	6.261443	0.03652636	0.01353055	0.0229958	0.01353055
8850	-230.2533	-235.9859	5.732601	0.05441822	0.02107201	0.03334621	0.02107201
8860	-261.7941	-266.5381	4.744015	0.07082412	0.008649077	0.06217504	0.008649077
8870	-215.5472	-221.4558	5.908653	0.02963672	0.01585095	0.01378577	0.01585095
8880	-253.2316	-257.1595	3.927907	0.1236561	0.09231545	0.03134066	0.09231545
8890	-214.9508	-221.3185	6.367728	0.0316549	0.009549426	0.02210547	0.009549426
8900	-221.5555	-227.6523	6.096848	0.04296384	0.01740037	0.02556346	0.01740037
8910	-242.5643	-247.6721	5.107772	0.07079055	0.02970241	0.04108813	0.02970241
8920	-251.0214	-255.1549	4.133459	0.1127547	0.08034577	0.03240894	0.08034577
8930	-212.9995	-219.3507	6.351208	0.02744315	0.008788725	0.01865443	0.008788725
8940	-218.285	-223.8511	5.566178	0.03456461	0.02198856	0.01257605	0.02198856
8950	-221.654	-227.6657	6.011682	0.04395827	0.02090632	0.02305195	0.02090632
8960	-215.7086	-222.0499	6.341262	0.03300745	0.01082772	0.02217973	0.01082772
8970	-230.144	-235.9647	5.820681	0.05139428	0.01525501	0.03613926	0.01525501
8980	-271.7178	-276.0889	4.371098	0.08115049	0.01404021	0.06711028	0.01404021
8990	-234.9671	-240.2221	5.255049	0.06922023	0.0399916	0.02922863	0.0399916
9000	-259.6215	-263.1915	3.570072	0.1378299	0.1019396	0.03589025	0.1019396
9010	-234.5144	-239.7919	5.277482	0.06847518	0.03959644	0.02887874	0.03959644
9020	-232.7015	-238.425	5.7235	0.0491026	0.006921742	0.04218085	0.006921742
9030	-251.3534	-255.6027	4.249296	0.1041935	0.06750289	0.03669065	0.06750289
9040	-227.8168	-233.7243	5.907479	0.04928552	0.01547906	0.03380646	0.01547906
9050	-211.9564	-218.2124	6.256003	0.02607227	0.004183519	0.02188875	0.004183519
9060	-243.5486	-248.6225	5.073849	0.07143722	0.02937927	0.04205795	0.02937927
9070	-232.9445	-238.5912	5.646678	0.05638439	0.01983741	0.03654698	0.01983741
9080	-254.3242	-258.0756	3.751384	0.1351532	0.1067319	0.02842138	0.1067319
9090	-249.7952	-253.6965	3.901208	0.1271592	0.1045021	0.02265705	0.1045021
9100	-245.913	-250.7864	4.873347	0.07780655	0.03609363	0.04171291	0.03609363
9110	-216.0131	-222.1767	6.16356	0.03288337	0.01514922	0.01773415	0.01514922
9120	-226.7932	-232.7314	5.938234	0.04854772	0.01609348	0.03245424	0.01609348
9130	-217.864	-224.0736	6.209652	0.03694907	0.01536114	0.02158793	0.01536114
9140	-221.9262	-227.8626	5.936437	0.04483121	0.02327248	0.02155873	0.02327248
9150	-222.9255	-229.0317	6.106196	0.04092688	0.00756892	0.03335796	0.00756892
9160	-214.8169	-220.8443	6.027334	0.03022906	0.003155886	0.02707317	0.003155886
9170	-235.7644	-241.1081	5.343758	0.06582974	0.03210068	0.03372907	0.03210068
9180	-231.978	-237.334	5.356051	0.06531205	0.03974582	0.02556623	0.03974582
9190	-268.3715	-272.6855	4.314041	0.08473908	0.02191221	0.06282687	0.02191221
9200	-279.5727	-283.6356	4.062915	0.07891435	0.004610957	0.07430339	0.004610957
9210	-224.1704	-229.749	5.578647	0.04995226	0.03227284	0.01767942	0.03227284
9220	-216.6386	-222.7837	6.145127	0.03422968	0.01607296	0.01815673	0.01607296
9230	-384.624	-386.1328	1.508842	0.1445484	0.01169173	0.1328567	0.01169173
9240	-250.6094	-254.8013	4.191894	0.1094321	0.07619372	0.03323839	0.07619372
9250	-279.3244	-282.3422	3.01776	0.1343758	0.07578989	0.05858588	0.07578989
9260	-239.9085	-244.724	4.815487	0.08519667	0.05808458	0.02711209	0.05808458
9270	-248.1827	-253.3487	5.166028	0.06494666	0.01365285	0.05129381	0.01365285
9280	-226.6862	-232.6603	5.974042	0.04719499	0.01336423	0.03383076	0.01336423
9290	-210.1091	-215.9196	5.810465	0.02036064	0.002264591	0.01809605	0.002264591
9300	-273.9968	-276.5679	2.571019	0.191414	0.1507429	0.04067109	0.1507429
9310	-223.2444	-229.147	5.902602	0.0471329	0.02402483	0.02310807	0.02402483
9320	-231.4612	-234.7647	3.303472	0.06240254	0.05505821	0.007344331	0.05505821
9330	-256.13	-260.0759	3.945927	0.115773	0.07704302	0.03872995	0.07704302
9340	-241.8509	-246.7567	4.905826	0.08004929	0.04564421	0.03440508	0.04564421
9350	-211.3761	-217.5087	6.132591	0.02064044	0.006382322	0.01425812	0.006382322
9360	-527.4905	-526.22	-1.270489	0.2236591	0.01518319	0.2084759	0.01518319
9370	-279.1141	-279.5677	0.4536346	0.3586409	0.3476425	0.01099845	0.3476425
9380	-278.5562	-282.3587	3.802555	0.09758287	0.02994997	0.0676329	0.02994997
9390	-218.3736	-224.6588	6.285247	0.03703358	0.0108921	0.02614148	0.0108921
9400	-231.8634	-237.3982	5.534773	0.04660288	0.00387193	0.04273095	0.00387193
9410	-241.3219	-246.4599	5.137965	0.07045386	0.03091964	0.03953422	0.03091964
9420	-261.3144	-263.6263	2.311968	0.2024569	0.1892237	0.01323324	0.1892237
9430	-414.6964	-402.2181	-12.47831	8.912165	8.86665	0.04551491	8.86665
9440	-212.5888	-218.833	6.244176	0.0251134	0.009201568	0.01591183	0.009201568
9450	-240.6831	-245.6935	5.010425	0.0762738	0.04142685	0.03484696	0.04142685
9460	-241.1197	-246.3163	5.196635	0.06832442	0.02776198	0.04056244	0.02776198
9470	-211.9798	-217.1008	5.120938	0.02434344	0.001183297	0.02316014	0.001183297
9480	-269.386	-273.7937	4.407743	0.0810567	0.01595995	0.06509675	0.01595995
9490	-320.9188	-322.8998	1.980996	0.145804	0.05598348	0.08982053	0.05598348
9500	-310.7949	-312.4136	1.618674	0.1772755	0.1002156	0.07705992	0.1002156
9510	-214.0896	-220.4324	6.342772	0.02976464	0.01023673	0.01952791	0.01023673
9520	-235.2388	-239.5344	4.295654	0.07958499	0.06677159	0.01281339	0.06677159
9530	-246.1568	-250.7895	4.632721	0.08919632	0.05311258	0.03608374	0.05311258
9540	-270.2356	-273.5834	3.347805	0.1287429	0.07763951	0.05110341	0.07763951
9550	-228.2261	-233.9145	5.688419	0.05538078	0.02808458	0.02729621	0.02808458
9560	-221.4502	-226.6283	5.178146	0.04095998	0.0293665	0.01159348	0.0293665
9570	-293.826	-297.5978	3.771884	0.09174639	0.01001311	0.08173327	0.01001311
9580	-276.2974	-279.2716	2.974219	0.1432877	0.08967446	0.05361327	0.08967446
9590	-261.6905	-265.2221	3.531645	0.135128	0.09558628	0.0395417	0.09558628
9600	-212.1071	-217.9684	5.861332	0.01831408	0.006492576	0.01182151	0.006492576
9610	-219.1938	-225.3545	6.160696	0.03932817	0.01670441	0.02262376	0.01670441
9620	-226.864	-232.3334	5.469482	0.04176432	0.002674439	0.03908988	0.002674439
9630	-226.3049	-230.7996	4.494728	0.05153057	0.04155258	0.009977987	0.04155258
9640	-221.1802	-227.3753	6.195096	0.04005454	0.009858062	0.03019648	0.009858062
9650	-224.4664	-230.1789	5.71246	0.05037026	0.02978325	0.02058701	0.02978325
9660	-232.8942	-238.5274	5.633206	0.05687215	0.0208375	0.03603465	0.0208375
9670	-304.0067	-306.8247	2.818034	0.121041	0.03891236	0.08212862	0.03891236
9680	-279.7199	-281.41	1.690084	0.2948639	0.2659717	0.02889227	0.2659717
9690	-220.9531	-225.9681	5.014938	0.03852611	0.02809838	0.01042773	0.02809838
9700	-229.2701	-234.8662	5.596101	0.05803371	0.03124767	0.02678603	0.03124767
9710	-327.0259	-329.8347	2.808812	0.1143563	0.0139888	0.1003675	0.0139888
9720	-215.4748	-221.5924	6.117637	0.03123466	0.01488357	0.01635109	0.01488357
9730	-225.9861	-231.9952	6.009124	0.04605266	0.01237824	0.03367442	0.01237824
9740	-224.2505	-229.6251	5.374629	0.04968766	0.03463712	0.01505053	0.03463712
9750	-224.0942	-228.6558	4.561588	0.04518587	0.0356828	0.009503076	0.0356828
9760	-248.9191	-253.6278	4.708605	0.08231664	0.03895766	0.04335898	0.03895766
9770	-234.8955	-239.996	5.100528	0.07378794	0.04931262	0.02447533	0.04931262
9780	-229.8394	-235.3807	5.541249	0.05961713	0.03322154	0.02639559	0.03322154
9790	-227.211	-232.9669	5.755901	0.053348	0.02621202	0.02713598	0.02621202
9800	-245.0148	-249.9742	4.959418	0.07492596	0.03285136	0.04207459	0.03285136
9810	-278.5676	-280.4714	1.903854	0.2656896	0.2332954	0.03239417	0.2332954
9820	-289.9753	-292.439	2.46378	0.1532363	0.08909384	0.0641425	0.08909384
9830	-215.7686	-221.7392	5.970598	0.03079185	0.01615152	0.01464034	0.01615152
9840	-224.9088	-230.9051	5.99635	0.04688908	0.01692942	0.02995966	0.01692942
9850	-264.793	-268.1292	3.336262	0.1435064	0.1025208	0.04098559	0.1025208
9860	-230.725	-236.4371	5.712116	0.05496314	0.02121426	0.03374888	0.02121426
9870	-269.3961	-273.6786	4.282532	0.07206038	0.003850032	0.06821035	0.003850032
9880	-242.6131	-246.2479	3.634761	0.1058566	0.09372537	0.01213119	0.09372537
9890	-227.9677	-233.3254	5.357774	0.05891577	0.04022459	0.01869118	0.04022459
9900	-245.7949	-249.9733	4.178391	0.1120085	0.09007931	0.02192917	0.09007931
9910	-228.8921	-234.5832	5.691091	0.05559196	0.02669568	0.02889628	0.02669568
9920	-243.337	-246.4138	3.076789	0.1073623	0.09781529	0.009547038	0.09781529
9930	-239.1543	-244.6115	5.457189	0.05983532	0.01648593	0.04334939	0.01648593
9940	-261.5255	-266.1164	4.590968	0.07851304	0.01973982	0.05877322	0.01973982
9950	-215.901	-222.1684	6.26741	0.03320181	0.01328649	0.01991532	0.01328649
9960	-256.656	-260.0746	3.418598	0.1563956	0.1323591	0.0240365	0.1323591
9970	-222.0246	-228.1803	6.155689	0.04042549	0.008518456	0.03190704	0.008518456
9980	-218.9316	-224.9467	6.015187	0.03885088	0.02019326	0.01865761	0.02019326
9990	-213.2357	-219.5	6.264266	0.0269739	0.01026081	0.01671308	0.01026081
10000	-227.2099	-233.1258	5.915873	0.0491957	0.01659436	0.03260134	0.01659436
