Iteration	Posterior	Likelihood	Prior	birth_rate	death_rate	diversification	turnover
0	-211.9532	-215.9666	4.013386	0.01433194	0.0006967321	0.01363521	0.0006967321
10	-210.8208	-216.8332	6.012476	0.01840212	0.004439824	0.0139623	0.004439824
20	-210.5423	-216.7368	6.194433	0.02161626	0.004197314	0.01741894	0.004197314
30	-216.0293	-221.9604	5.931029	0.03115568	0.01675866	0.01439702	0.01675866
40	-217.1266	-223.4499	6.323294	0.03518165	0.01026177	0.02491988	0.01026177
50	-210.93	-217.0002	6.070194	0.0191478	0.004999041	0.01414876	0.004999041
60	-213.8336	-219.8894	6.055741	0.02625475	0.01212227	0.01413248	0.01212227
70	-214.2812	-220.6647	6.383492	0.03046221	0.008176976	0.02228524	0.008176976
80	-215.095	-220.6135	5.51848	0.02966389	0.001775471	0.02788842	0.001775471
90	-216.5293	-222.867	6.337746	0.03394146	0.008198438	0.02574303	0.008198438
100	-220.4954	-224.4787	3.983358	0.03059796	0.02383291	0.006765049	0.02383291
110	-228.2779	-234.078	5.800076	0.04449064	0.005147196	0.03934344	0.005147196
120	-214.4038	-220.785	6.381179	0.03067889	0.00855482	0.02212407	0.00855482
130	-223.4591	-229.2898	5.830765	0.04797512	0.02633969	0.02163543	0.02633969
140	-213.0782	-219.4405	6.362308	0.02827812	0.005939585	0.02233853	0.005939585
150	-210.4339	-215.9677	5.533841	0.02137125	0.001659625	0.01971163	0.001659625
160	-221.7089	-227.8849	6.176021	0.04061838	0.009837731	0.03078065	0.009837731
170	-211.9027	-217.882	5.979275	0.01955388	0.006889525	0.01266435	0.006889525
180	-213.4763	-219.7995	6.323243	0.02819877	0.009949373	0.0182494	0.009949373
190	-212.1932	-217.8786	5.685391	0.01594934	0.004813588	0.01113576	0.004813588
200	-215.2543	-220.1892	4.934894	0.0148382	0.006937615	0.007900583	0.006937615
210	-212.1303	-218.4954	6.365024	0.026023	0.00663892	0.01938408	0.00663892
220	-213.9855	-220.2448	6.259287	0.028767	0.01146669	0.01730031	0.01146669
230	-210.8681	-216.9461	6.077959	0.02347006	0.003044399	0.02042566	0.003044399
240	-210.2435	-215.709	5.465525	0.01712685	0.001797272	0.01532958	0.001797272
250	-215.5965	-220.7639	5.167369	0.0224357	0.01346035	0.00897535	0.01346035
260	-211.2259	-217.1426	5.916638	0.01749463	0.004623446	0.01287118	0.004623446
270	-217.7716	-224.0719	6.30028	0.03624928	0.01107319	0.02517609	0.01107319
280	-222.2499	-228.1117	5.861765	0.03839303	0.003686159	0.03470688	0.003686159
290	-218.0003	-223.904	5.903612	0.03386787	0.003089414	0.03077845	0.003089414
300	-213.9144	-220.2981	6.383698	0.02980528	0.007334522	0.02247076	0.007334522
310	-212.9155	-219.1148	6.199289	0.02538846	0.01000464	0.01538382	0.01000464
320	-212.382	-218.7442	6.362183	0.02632234	0.007485644	0.01883669	0.007485644
330	-214.9367	-220.1555	5.218837	0.02007379	0.01114535	0.00892844	0.01114535
340	-216.7423	-223.0776	6.335306	0.0343316	0.008666555	0.02566505	0.008666555
350	-210.4963	-215.2466	4.750307	0.01820484	0.0009528892	0.01725195	0.0009528892
360	-211.9315	-218.1967	6.265158	0.02602393	0.004271168	0.02175277	0.004271168
370	-225.4592	-230.7719	5.312679	0.05269247	0.03731256	0.01537991	0.03731256
380	-213.8211	-220.1507	6.32956	0.02905026	0.01025918	0.01879108	0.01025918
390	-210.4663	-216.0493	5.583002	0.01650087	0.002186019	0.01431485	0.002186019
400	-221.7359	-226.8029	5.067023	0.04111616	0.03006037	0.01105578	0.03006037
410	-219.3482	-225.5739	6.225781	0.03704209	0.007111727	0.02993036	0.007111727
420	-215.5145	-221.8504	6.335895	0.03264973	0.01111371	0.02153602	0.01111371
430	-214.3258	-220.5873	6.26154	0.03010577	0.004701929	0.02540385	0.004701929
440	-212.5476	-218.5429	5.995377	0.02679751	0.002763304	0.02403421	0.002763304
450	-226.0222	-231.8468	5.82456	0.05119575	0.02457284	0.02662291	0.02457284
460	-214.248	-220.6295	6.381483	0.03038609	0.00862758	0.02175851	0.00862758
470	-213.1982	-219.5765	6.378321	0.02823104	0.00819881	0.02003223	0.00819881
480	-219.0991	-223.4458	4.346702	0.02827578	0.02093795	0.007337827	0.02093795
490	-210.6306	-215.8177	5.18706	0.02120334	0.001243039	0.0199603	0.001243039
500	-210.0969	-215.9445	5.84758	0.020273	0.00238018	0.01789282	0.00238018
510	-212.5067	-218.8026	6.295919	0.02559588	0.008731827	0.01686405	0.008731827
520	-212.8654	-218.7141	5.848779	0.02061775	0.008887499	0.01173025	0.008887499
530	-213.8037	-219.564	5.760311	0.02272086	0.01126262	0.01145825	0.01126262
540	-213.4028	-219.5844	6.181631	0.02646872	0.01101208	0.01545663	0.01101208
550	-214.2467	-220.3964	6.149749	0.02836057	0.01268649	0.01567408	0.01268649
560	-225.8037	-231.4402	5.636442	0.05323061	0.0321649	0.02106571	0.0321649
570	-214.134	-220.4277	6.293699	0.0299062	0.005037593	0.02486861	0.005037593
580	-221.0621	-226.4064	5.344298	0.04085736	0.02831861	0.01253875	0.02831861
590	-214.643	-220.6924	6.049393	0.02844339	0.01378121	0.01466218	0.01378121
600	-219.8856	-225.8429	5.957261	0.04079661	0.02195954	0.01883706	0.02195954
610	-220.2566	-226.397	6.140409	0.04099176	0.01682095	0.02417081	0.01682095
620	-213.9069	-219.9536	6.046721	0.02636441	0.0122841	0.01408031	0.0122841
630	-212.5089	-218.4273	5.918439	0.02044618	0.008268696	0.01217749	0.008268696
640	-215.7667	-220.5663	4.799598	0.01309531	0.005452474	0.007642833	0.005452474
650	-215.3987	-219.1346	3.735871	0.02752558	0.0005301741	0.0269954	0.0005301741
660	-231.1265	-236.7465	5.619973	0.05777832	0.02602526	0.03175306	0.02602526
670	-226.5048	-232.4006	5.89582	0.04980546	0.01967376	0.0301317	0.01967376
680	-215.2502	-221.6118	6.361619	0.03218802	0.009826554	0.02236147	0.009826554
690	-212.7242	-219.0603	6.33604	0.02760839	0.005280631	0.02232776	0.005280631
700	-215.9196	-222.2421	6.322559	0.03338557	0.01162895	0.02175662	0.01162895
710	-213.6336	-219.8059	6.172346	0.02697736	0.01148098	0.01549638	0.01148098
720	-231.9658	-237.2939	5.328033	0.06592678	0.04118685	0.02473993	0.04118685
730	-215.537	-220.6846	5.147589	0.02194122	0.01307587	0.008865349	0.01307587
740	-215.9972	-222.2763	6.279137	0.03260728	0.005640934	0.02696635	0.005640934
750	-211.57	-217.6789	6.10896	0.02068322	0.006770644	0.01391258	0.006770644
760	-213.6779	-220.0389	6.360953	0.0293468	0.006125579	0.02322122	0.006125579
770	-215.9678	-222.1585	6.1907	0.03294785	0.01473694	0.01821091	0.01473694
780	-210.4297	-215.9681	5.538397	0.02136638	0.001666719	0.01969966	0.001666719
790	-210.9273	-216.3707	5.443362	0.02266071	0.001518885	0.02114183	0.001518885
800	-213.1113	-218.9481	5.836849	0.02130873	0.00958812	0.01172061	0.00958812
810	-213.2362	-219.5006	6.264434	0.02840451	0.004447041	0.02395747	0.004447041
820	-213.1371	-218.9155	5.778425	0.02055966	0.009246762	0.0113129	0.009246762
830	-226.234	-232.1652	5.931203	0.0432407	0.006055545	0.03718516	0.006055545
840	-221.2914	-226.8823	5.590827	0.04283024	0.0278579	0.01497234	0.0278579
850	-215.0904	-221.4539	6.363547	0.03173056	0.007357372	0.02437319	0.007357372
860	-221.766	-227.381	5.615036	0.04415799	0.02847956	0.01567843	0.02847956
870	-247.1731	-252.1603	4.987257	0.07234104	0.02614129	0.04619975	0.02614129
880	-210.8256	-216.7952	5.969588	0.01794456	0.004197205	0.01374736	0.004197205
890	-216.7877	-223.1098	6.322059	0.03480733	0.01110181	0.02370551	0.01110181
900	-210.8735	-216.7774	5.903868	0.02331677	0.002405929	0.02091084	0.002405929
910	-215.7879	-222.1456	6.357618	0.03305892	0.009448137	0.02361078	0.009448137
920	-217.1607	-223.4317	6.270976	0.03561982	0.01338285	0.02223697	0.01338285
930	-228.6078	-234.2172	5.609368	0.04381972	0.003583979	0.04023574	0.003583979
940	-218.9205	-225.0808	6.16032	0.0388823	0.01679767	0.02208463	0.01679767
950	-215.8734	-220.6965	4.823133	0.01896906	0.01123082	0.007738232	0.01123082
960	-214.5291	-220.6598	6.130679	0.02891708	0.01327207	0.01564501	0.01327207
970	-217.4072	-223.7075	6.300341	0.03584265	0.01175806	0.02408459	0.01175806
980	-218.9407	-225.2064	6.265657	0.03786919	0.01129126	0.02657792	0.01129126
990	-213.835	-220.218	6.383031	0.0295882	0.008453177	0.02113502	0.008453177
1000	-222.4899	-228.3564	5.86652	0.04609797	0.02525882	0.02083915	0.02525882
1010	-227.3944	-232.2368	4.842398	0.05646787	0.04402474	0.01244313	0.04402474
1020	-212.8378	-218.4247	5.586894	0.01606812	0.005707062	0.01036106	0.005707062
1030	-210.4888	-216.6501	6.161213	0.02191135	0.003726268	0.01818508	0.003726268
1040	-211.622	-217.96	6.337914	0.02463613	0.006207502	0.01842863	0.006207502
1050	-218.0776	-224.0104	5.932775	0.03403123	0.003236677	0.03079455	0.003236677
1060	-216.8402	-222.6172	5.777018	0.03212707	0.01869457	0.01343251	0.01869457
1070	-211.472	-217.1569	5.684904	0.01557143	0.003442831	0.0121286	0.003442831
1080	-212.4716	-218.6873	6.215652	0.02444344	0.009054013	0.01538942	0.009054013
1090	-213.5178	-219.5979	6.080107	0.02848331	0.003222599	0.02526071	0.003222599
1100	-210.6695	-216.8901	6.220593	0.0223508	0.004245228	0.01810557	0.004245228
1110	-214.8694	-220.9633	6.093867	0.02946966	0.01404095	0.0154287	0.01404095
1120	-214.9552	-220.4975	5.542325	0.02420887	0.01361355	0.01059532	0.01361355
1130	-211.6699	-217.7267	6.056847	0.02013376	0.006760206	0.01337356	0.006760206
1140	-214.8056	-220.2099	5.404283	0.02203771	0.01227619	0.009761515	0.01227619
1150	-213.9963	-220.334	6.337702	0.02981808	0.005714432	0.02410365	0.005714432
1160	-210.6715	-216.4178	5.746283	0.02253682	0.002023519	0.0205133	0.002023519
1170	-212.8006	-219.1792	6.378585	0.0274507	0.007568857	0.01988185	0.007568857
1180	-210.235	-216.303	6.068006	0.0203828	0.003378646	0.01700416	0.003378646
1190	-213.6549	-219.7796	6.124735	0.02651409	0.01166314	0.01485095	0.01166314
1200	-211.0907	-217.3529	6.262157	0.0223552	0.005777081	0.01657812	0.005777081
1210	-227.3052	-232.6075	5.302312	0.05743128	0.04040356	0.01702772	0.04040356
1220	-227.3202	-232.979	5.658772	0.05520041	0.03074993	0.02445048	0.03074993
1230	-217.7064	-223.8164	6.109943	0.03646674	0.01759482	0.01887191	0.01759482
1240	-210.7884	-216.8119	6.023532	0.01852771	0.004438835	0.01408887	0.004438835
1250	-212.0725	-217.6122	5.539699	0.01462192	0.003341815	0.01128011	0.003341815
1260	-225.3819	-231.2254	5.843557	0.05034702	0.02454809	0.02579892	0.02454809
1270	-215.7125	-221.6507	5.93821	0.03035425	0.01612906	0.01422518	0.01612906
1280	-219.0718	-224.7568	5.685014	0.03752128	0.02333598	0.01418529	0.02333598
1290	-232.8729	-238.1553	5.282395	0.06771752	0.0423644	0.02535312	0.0423644
1300	-215.6912	-222.0023	6.31111	0.03293135	0.01202524	0.02090611	0.01202524
1310	-221.8036	-224.2246	2.420935	0.02522795	0.02078952	0.004438427	0.02078952
1320	-214.9506	-221.3254	6.374753	0.03161052	0.008252002	0.02335852	0.008252002
1330	-212.0209	-218.3648	6.343916	0.02612324	0.005443309	0.02067994	0.005443309
1340	-218.2793	-224.1756	5.896295	0.03676581	0.02078864	0.01597717	0.02078864
1350	-218.0594	-224.2624	6.203013	0.03502383	0.005517811	0.02950602	0.005517811
1360	-210.0286	-215.7402	5.711597	0.01917638	0.00210802	0.01706836	0.00210802
1370	-219.0823	-225.3023	6.219986	0.0387565	0.0142805	0.024476	0.0142805
1380	-213.5009	-219.0209	5.519961	0.01777799	0.00786876	0.009909227	0.00786876
1390	-214.7454	-221.0519	6.306513	0.03088621	0.005477344	0.02540887	0.005477344
1400	-215.4057	-221.7689	6.363181	0.03227883	0.007874473	0.02440435	0.007874473
1410	-211.5022	-217.3536	5.851358	0.02466159	0.002267022	0.02239457	0.002267022
1420	-214.4531	-220.1884	5.735256	0.02462509	0.013017	0.0116081	0.013017
1430	-214.8981	-221.2496	6.351469	0.0315072	0.01042103	0.02108616	0.01042103
1440	-211.7868	-217.9334	6.146621	0.02174615	0.007455391	0.01429075	0.007455391
1450	-215.462	-221.8265	6.364455	0.03251883	0.009247056	0.02327178	0.009247056
1460	-214.4228	-220.7787	6.355858	0.03057863	0.006404435	0.0241742	0.006404435
1470	-213.7249	-220.054	6.329129	0.02882807	0.0101571	0.01867096	0.0101571
1480	-210.4814	-216.6248	6.14338	0.02200778	0.003559995	0.01844779	0.003559995
1490	-213.517	-219.9042	6.387129	0.02905015	0.007511452	0.0215387	0.007511452
1500	-210.4144	-216.5582	6.143778	0.02065074	0.004018688	0.01663205	0.004018688
1510	-212.4728	-218.4159	5.943103	0.02069572	0.008328291	0.01236743	0.008328291
1520	-211.6299	-217.9697	6.33982	0.0249942	0.005698602	0.0192956	0.005698602
1530	-217.2871	-223.4308	6.143668	0.03567537	0.0166792	0.01899617	0.0166792
1540	-216.6368	-221.4655	4.828638	0.02306157	0.01500445	0.008057124	0.01500445
1550	-211.5287	-217.0364	5.507761	0.01477308	0.002645337	0.01212774	0.002645337
1560	-218.2842	-224.495	6.2108	0.0376626	0.01524688	0.02241572	0.01524688
1570	-211.3375	-217.5612	6.223704	0.0219864	0.006484408	0.015502	0.006484408
1580	-222.4322	-228.0437	5.611532	0.0458192	0.02954443	0.01627477	0.02954443
1590	-219.5973	-225.7038	6.106474	0.04019615	0.01838588	0.02181027	0.01838588
1600	-219.6305	-225.8521	6.221574	0.03743406	0.007335653	0.0300984	0.007335653
1610	-210.3092	-216.1561	5.84688	0.01773585	0.002880884	0.01485496	0.002880884
1620	-217.1163	-222.5	5.383679	0.02974773	0.01903337	0.01071436	0.01903337
1630	-211.0295	-217.2245	6.195051	0.02108686	0.005712896	0.01537396	0.005712896
1640	-215.4357	-221.3477	5.912036	0.02935502	0.01561654	0.01373848	0.01561654
1650	-214.7574	-221.0493	6.291853	0.03085396	0.01192386	0.01893009	0.01192386
1660	-222.1481	-228.0284	5.880247	0.04541951	0.02482404	0.02059547	0.02482404
1670	-211.9454	-217.9793	6.033881	0.02048671	0.007376183	0.01311052	0.007376183
1680	-217.0401	-222.7137	5.673675	0.03186654	0.01920586	0.01266068	0.01920586
1690	-216.8575	-222.9571	6.09965	0.03448565	0.01690653	0.01757912	0.01690653
1700	-214.5075	-220.8879	6.380412	0.03085302	0.007908319	0.0229447	0.007908319
1710	-211.7665	-217.5962	5.829663	0.01707627	0.005153792	0.01192248	0.005153792
1720	-214.0747	-220.2757	6.201031	0.02957276	0.004066553	0.02550621	0.004066553
1730	-212.0149	-217.8728	5.857896	0.01800517	0.006157923	0.01184725	0.006157923
1740	-220.2008	-226.1092	5.908341	0.04138745	0.02304461	0.01834284	0.02304461
1750	-221.9533	-227.7293	5.77595	0.04506942	0.02682242	0.018247	0.02682242
1760	-213.5627	-219.5159	5.953163	0.02831353	0.002705566	0.02560796	0.002705566
1770	-210.1223	-215.9854	5.863093	0.02048001	0.00240997	0.01807004	0.00240997
1780	-211.7718	-217.6038	5.831982	0.02516037	0.002227252	0.02293312	0.002227252
1790	-214.0466	-220.3439	6.297273	0.02978027	0.005056764	0.0247235	0.005056764
1800	-239.5367	-244.5738	5.037142	0.07594904	0.04287165	0.03307739	0.04287165
1810	-220.5599	-225.8311	5.271232	0.03899873	0.02725798	0.01174075	0.02725798
1820	-212.5328	-218.8633	6.33043	0.02612977	0.008404604	0.01772517	0.008404604
1830	-212.491	-215.425	2.933998	0.02060428	0.0003487497	0.02025553	0.0003487497
1840	-217.0376	-223.358	6.320383	0.03456538	0.007974976	0.02659041	0.007974976
1850	-211.7587	-218.0859	6.327263	0.02452027	0.006880629	0.01763964	0.006880629
1860	-234.4108	-238.6358	4.225043	0.07657343	0.06468424	0.01188919	0.06468424
1870	-210.7539	-216.9559	6.202012	0.02297496	0.003883011	0.01909195	0.003883011
1880	-215.2112	-221.3093	6.098043	0.03039916	0.01459928	0.01579988	0.01459928
1890	-217.6915	-223.3946	5.703085	0.03391264	0.02056519	0.01334746	0.02056519
1900	-210.1975	-216.2395	6.042061	0.02036101	0.003206854	0.01715416	0.003206854
1910	-210.9795	-216.8088	5.829319	0.01669747	0.003617319	0.01308015	0.003617319
1920	-220.5705	-226.0438	5.473345	0.0402672	0.02699204	0.01327516	0.02699204
1930	-217.0112	-223.3119	6.300728	0.03426203	0.006960867	0.02730116	0.006960867
1940	-210.3905	-216.3298	5.939326	0.01812896	0.003347868	0.0147811	0.003347868
1950	-214.7292	-220.9693	6.240092	0.03039083	0.01267538	0.01771545	0.01267538
1960	-215.667	-221.9715	6.304491	0.03286272	0.01222016	0.02064256	0.01222016
1970	-216.8348	-221.5827	4.747888	0.02305685	0.01520471	0.007852133	0.01520471
1980	-215.8751	-222.1453	6.270201	0.03238876	0.005426225	0.02696253	0.005426225
1990	-216.6829	-223.0184	6.335538	0.03449554	0.01001073	0.02448481	0.01001073
2000	-213.1594	-218.5602	5.400853	0.01412793	0.004155611	0.009972319	0.004155611
2010	-221.8333	-227.787	5.95373	0.04458754	0.02276498	0.02182256	0.02276498
2020	-225.1196	-231.0663	5.946774	0.04817092	0.01955269	0.02861823	0.01955269
2030	-211.2674	-217.4812	6.213797	0.02452041	0.003834224	0.02068619	0.003834224
2040	-217.2435	-223.1244	5.880876	0.03400493	0.01917343	0.01483151	0.01917343
2050	-211.3909	-217.7073	6.316302	0.02451686	0.00516151	0.01935535	0.00516151
2060	-219.8723	-226.0393	6.167036	0.04025539	0.01599587	0.02425952	0.01599587
2070	-211.9913	-218.1003	6.108944	0.02171039	0.007851226	0.01385916	0.007851226
2080	-214.7139	-221.0705	6.356586	0.03116535	0.01016681	0.02099854	0.01016681
2090	-215.4552	-221.7797	6.324524	0.03205093	0.00626051	0.02579042	0.00626051
2100	-222.769	-228.9056	6.136623	0.04164936	0.009643319	0.03200604	0.009643319
2110	-213.9343	-219.6534	5.719148	0.022664	0.0114319	0.0112321	0.0114319
2120	-239.8992	-244.997	5.097809	0.07310692	0.03748257	0.03562435	0.03748257
2130	-214.5403	-220.7048	6.164575	0.02926324	0.01309577	0.01616747	0.01309577
2140	-221.9413	-228.0944	6.153145	0.04017267	0.008110526	0.03206215	0.008110526
2150	-213.2527	-218.8802	5.627454	0.01860284	0.008183205	0.01041963	0.008183205
2160	-218.4547	-224.0834	5.628696	0.03547808	0.02227164	0.01320644	0.02227164
2170	-212.267	-218.3875	6.120479	0.02261336	0.008573688	0.01403967	0.008573688
2180	-212.1056	-218.3176	6.212057	0.02347332	0.008268713	0.01520461	0.008268713
2190	-212.7647	-219.1463	6.381596	0.02751934	0.007023079	0.02049626	0.007023079
2200	-212.287	-218.3211	6.034051	0.02145066	0.00831738	0.01313328	0.00831738
2210	-220.7294	-226.9313	6.201938	0.03903584	0.008437806	0.03059804	0.008437806
2220	-212.0216	-218.3544	6.332814	0.0261664	0.005192093	0.02097431	0.005192093
2230	-214.9803	-220.9129	5.932639	0.02825976	0.01464051	0.01361926	0.01464051
2240	-213.104	-219.1059	6.001926	0.02347684	0.01035306	0.01312379	0.01035306
2250	-219.7458	-225.4584	5.712627	0.03945409	0.02441815	0.01503594	0.02441815
2260	-224.0509	-229.4475	5.396589	0.04923741	0.03410979	0.01512762	0.03410979
2270	-213.5583	-219.0384	5.480088	0.01725473	0.007519433	0.009735301	0.007519433
2280	-217.9522	-224.2446	6.292359	0.03656646	0.01139108	0.02517538	0.01139108
2290	-214.86	-220.1699	5.309965	0.02103166	0.01171471	0.009316951	0.01171471
2300	-216.1988	-221.4721	5.273257	0.02581197	0.01609716	0.009714809	0.01609716
2310	-220.0884	-226.0058	5.917355	0.04115787	0.02279776	0.01836011	0.02279776
2320	-213.9641	-220.0445	6.080392	0.02688683	0.01236915	0.01451769	0.01236915
2330	-215.1	-221.4608	6.360824	0.03172422	0.007215612	0.02450861	0.007215612
2340	-221.2709	-223.9302	2.659304	0.02455326	0.01990552	0.004647743	0.01990552
2350	-212.8815	-218.9623	6.080794	0.02381791	0.009982944	0.01383497	0.009982944
2360	-215.3628	-221.7307	6.367859	0.03229659	0.008546024	0.02375057	0.008546024
2370	-213.5515	-219.8644	6.312923	0.02826496	0.0102075	0.01805746	0.0102075
2380	-212.5709	-218.3982	5.827246	0.01925054	0.007716322	0.01153422	0.007716322
2390	-210.5387	-215.9819	5.443217	0.01616303	0.001896859	0.01426617	0.001896859
2400	-220.881	-226.7337	5.852694	0.04278952	0.02456448	0.01822504	0.02456448
2410	-211.7986	-218.1487	6.350105	0.02518898	0.006300773	0.0188882	0.006300773
2420	-232.3015	-237.2939	4.992366	0.07052383	0.05254201	0.01798182	0.05254201
2430	-214.2414	-220.6202	6.378782	0.0303715	0.00727765	0.02309385	0.00727765
2440	-216.6672	-222.6153	5.94807	0.03298702	0.0178499	0.01513712	0.0178499
2450	-216.8095	-222.7683	5.95871	0.0334355	0.01803523	0.01540027	0.01803523
2460	-212.9513	-219.3138	6.362504	0.02748911	0.008446558	0.01904255	0.008446558
2470	-211.4111	-217.6447	6.233587	0.02227532	0.006655637	0.01561968	0.006655637
2480	-210.6822	-216.8863	6.204015	0.02119956	0.00479536	0.0164042	0.00479536
2490	-212.4975	-218.527	6.029513	0.02200744	0.008865493	0.01314195	0.008865493
2500	-223.5129	-229.5752	6.062318	0.04486854	0.01580008	0.02906846	0.01580008
2510	-211.3379	-217.2164	5.878554	0.02436116	0.002334795	0.02202636	0.002334795
2520	-213.9386	-220.2198	6.281234	0.02886449	0.01115096	0.01771353	0.01115096
2530	-217.8542	-223.2208	5.366544	0.03183952	0.02086839	0.01097113	0.02086839
2540	-213.5645	-219.5455	5.980998	0.02461956	0.01144937	0.01317019	0.01144937
2550	-212.3874	-218.4566	6.069171	0.02223699	0.008728596	0.0135084	0.008728596
2560	-216.2951	-222.6311	6.336003	0.03398863	0.01071636	0.02327226	0.01071636
2570	-215.6623	-221.9209	6.258616	0.03265005	0.01331931	0.01933074	0.01331931
2580	-215.185	-221.4822	6.29715	0.03150771	0.005528035	0.02597968	0.005528035
2590	-210.6105	-216.8147	6.20421	0.02220933	0.004084746	0.01812458	0.004084746
2600	-226.9783	-232.6558	5.677469	0.05453864	0.03026067	0.02427797	0.03026067
2610	-214.3864	-220.6451	6.2587	0.03018832	0.004688739	0.02549958	0.004688739
2620	-212.659	-219.029	6.369969	0.02743981	0.00613574	0.02130407	0.00613574
2630	-221.3988	-227.0818	5.683043	0.0435057	0.02730354	0.01620216	0.02730354
2640	-217.4431	-222.7892	5.346035	0.03044332	0.0197887	0.01065462	0.0197887
2650	-212.7618	-219.0222	6.260358	0.02575076	0.00945126	0.0162995	0.00945126
2660	-219.9482	-225.6167	5.668531	0.03973416	0.02502299	0.01471116	0.02502299
2670	-212.222	-218.3116	6.089594	0.02205642	0.008373672	0.01368275	0.008373672
2680	-230.5973	-235.8094	5.21213	0.06536742	0.04576579	0.01960163	0.04576579
2690	-214.7773	-221.0608	6.28352	0.0308386	0.01209263	0.01874597	0.01209263
2700	-213.3823	-219.1363	5.753977	0.02111843	0.009886923	0.01123151	0.009886923
2710	-228.2839	-234.2137	5.92974	0.04728848	0.01046755	0.03682093	0.01046755
2720	-220.6016	-226.7146	6.112997	0.04168615	0.01769174	0.02399441	0.01769174
2730	-230.3542	-235.7299	5.375748	0.04466829	0.002794157	0.04187413	0.002794157
2740	-215.7325	-221.0358	5.303307	0.02445431	0.01479426	0.00966005	0.01479426
2750	-210.9614	-216.7988	5.837441	0.01676447	0.003637758	0.01312671	0.003637758
2760	-213.9351	-219.7356	5.80044	0.02365957	0.01183988	0.01181969	0.01183988
2770	-217.196	-223.264	6.067937	0.03510669	0.01768042	0.01742628	0.01768042
2780	-213.584	-219.6221	6.038059	0.02850212	0.003037599	0.02546452	0.003037599
2790	-211.5973	-217.4767	5.879488	0.02489582	0.002344268	0.02255155	0.002344268
2800	-214.5663	-220.9268	6.360507	0.03089054	0.009959035	0.02093151	0.009959035
2810	-218.8693	-224.4838	5.614572	0.03651666	0.02315243	0.01336423	0.02315243
2820	-212.7261	-218.9679	6.241801	0.02750151	0.004141076	0.02336043	0.004141076
2830	-214.0569	-219.5003	5.44338	0.01923312	0.009573886	0.009659235	0.009573886
2840	-220.6718	-226.779	6.107255	0.03777687	0.005491388	0.03228548	0.005491388
2850	-221.5869	-226.9217	5.334869	0.04226134	0.02947998	0.01278136	0.02947998
2860	-211.8722	-218.1255	6.253344	0.02352464	0.007677477	0.01584716	0.007677477
2870	-213.3635	-219.7416	6.378132	0.02856759	0.008400043	0.02016754	0.008400043
2880	-212.1635	-218.2119	6.048379	0.02130291	0.008051261	0.01325165	0.008051261
2890	-211.2923	-216.2672	4.974873	0.02259452	0.001058993	0.02153553	0.001058993
2900	-213.0504	-218.5439	5.493491	0.01515252	0.005099983	0.01005253	0.005099983
2910	-212.7365	-219.0753	6.338802	0.02763257	0.005333535	0.02229904	0.005333535
2920	-215.4248	-221.6611	6.236328	0.03198824	0.01350574	0.0184825	0.01350574
2930	-213.3533	-219.3001	5.946793	0.0235568	0.01082452	0.01273228	0.01082452
2940	-217.6579	-223.7087	6.050829	0.03610251	0.01842105	0.01768147	0.01842105
2950	-221.0491	-227.0469	5.997785	0.04306249	0.02151168	0.02155081	0.02151168
2960	-216.9631	-223.2273	6.264201	0.03527962	0.01365887	0.02162076	0.01365887
2970	-213.2399	-219.5136	6.27378	0.02709206	0.01018908	0.01690297	0.01018908
2980	-212.2166	-218.5706	6.353979	0.02653767	0.005664705	0.02087296	0.005664705
2990	-213.925	-219.5325	5.607501	0.02115875	0.01064605	0.0105127	0.01064605
3000	-217.2779	-223.36	6.082016	0.03537469	0.01760169	0.017773	0.01760169
3010	-214.4116	-220.7005	6.288895	0.03004384	0.01162187	0.01842197	0.01162187
3020	-211.9596	-218.2473	6.287714	0.02423741	0.007711424	0.01652599	0.007711424
3030	-210.7442	-216.9853	6.241147	0.02227836	0.004631012	0.01764734	0.004631012
3040	-217.6745	-223.4293	5.754822	0.0342446	0.0204197	0.0138249	0.0204197
3050	-214.9613	-220.3521	5.390852	0.02249912	0.01273843	0.009760695	0.01273843
3060	-213.0147	-219.0928	6.078105	0.02416838	0.01029382	0.01387456	0.01029382
3070	-226.1433	-230.0919	3.948556	0.04823829	0.04029898	0.007939304	0.04029898
3080	-212.9107	-219.0301	6.119409	0.02438799	0.01008655	0.01430143	0.01008655
3090	-214.6613	-221.0263	6.364941	0.03101776	0.006935749	0.02408201	0.006935749
3100	-211.328	-217.5877	6.259677	0.02257747	0.006402576	0.0161749	0.006402576
3110	-211.41	-217.652	6.241975	0.02241052	0.006642679	0.01576784	0.006642679
3120	-213.3502	-219.4737	6.123568	0.02566255	0.01104051	0.01462204	0.01104051
3130	-222.294	-228.0045	5.710495	0.0457447	0.02817232	0.01757238	0.02817232
3140	-214.0506	-219.3349	5.284306	0.01543944	0.006425819	0.00901362	0.006425819
3150	-210.2703	-216.1114	5.841082	0.02129254	0.002290134	0.01900241	0.002290134
3160	-220.4894	-223.4687	2.979387	0.01265294	0.008018084	0.004634855	0.008018084
3170	-217.9541	-222.7839	4.829753	0.02799614	0.01947776	0.008518378	0.01947776
3180	-218.2606	-224.0058	5.745171	0.03575346	0.02158001	0.01417345	0.02158001
3190	-213.6818	-220.0681	6.386302	0.02933019	0.008006564	0.02132363	0.008006564
3200	-210.6079	-216.7683	6.160358	0.02254194	0.003601684	0.01894026	0.003601684
3210	-216.9438	-222.0151	5.071293	0.03122847	0.001278579	0.02994989	0.001278579
3220	-217.5048	-223.7358	6.231042	0.03627669	0.01470727	0.02156943	0.01470727
3230	-221.8821	-227.9401	6.058044	0.04380677	0.01884781	0.02495896	0.01884781
3240	-213.2331	-219.4445	6.211446	0.02636301	0.01057415	0.01578886	0.01057415
3250	-224.4453	-230.1087	5.663326	0.05049472	0.03095851	0.01953621	0.03095851
3260	-214.5248	-220.7515	6.226689	0.02978414	0.01255851	0.01722564	0.01255851
3270	-220.8031	-227.0112	6.208078	0.03956801	0.009660829	0.02990718	0.009660829
3280	-211.4625	-217.7499	6.287411	0.02491863	0.004562817	0.02035582	0.004562817
3290	-217.1849	-222.7148	5.529902	0.03113695	0.01946839	0.01166856	0.01946839
3300	-210.1764	-215.4556	5.279204	0.01796134	0.001438187	0.01652316	0.001438187
3310	-215.6931	-221.5826	5.889512	0.02987461	0.01617621	0.0136984	0.01617621
3320	-217.1275	-223.4125	6.284962	0.03552662	0.01282471	0.02270191	0.01282471
3330	-215.3469	-221.1225	5.775545	0.02782945	0.01539688	0.01243257	0.01539688
3340	-210.8388	-216.8418	6.003055	0.01829747	0.004420129	0.01387734	0.004420129
3350	-212.4321	-218.7076	6.275503	0.02514391	0.008737164	0.01640674	0.008737164
3360	-213.9049	-219.2632	5.358322	0.01651779	0.007267608	0.009250178	0.007267608
3370	-227.8875	-233.4506	5.563164	0.05723981	0.03425745	0.02298236	0.03425745
3380	-213.3661	-219.7527	6.386592	0.02872108	0.007683343	0.02103773	0.007683343
3390	-210.7645	-216.7356	5.971108	0.02310512	0.00262282	0.0204823	0.00262282
3400	-238.2715	-243.2715	5.000041	0.07811286	0.04911183	0.02900103	0.04911183
3410	-220.7406	-225.6501	4.909456	0.03723828	0.02740867	0.009829605	0.02740867
3420	-217.2056	-223.3042	6.098573	0.03529157	0.01730473	0.01798684	0.01730473
3430	-212.3533	-217.9659	5.612619	0.01533344	0.004449511	0.01088393	0.004449511
3440	-211.7522	-218.0913	6.339065	0.02477519	0.006620058	0.01815513	0.006620058
3450	-210.3539	-216.2941	5.940139	0.01821576	0.003298066	0.0149177	0.003298066
3460	-216.8962	-222.595	5.698838	0.03165946	0.01888233	0.01277713	0.01888233
3470	-221.4209	-227.2894	5.868548	0.0439806	0.02473271	0.01924789	0.02473271
3480	-221.0179	-226.1906	5.172683	0.0356914	0.001571679	0.03411972	0.001571679
3490	-212.3655	-218.0935	5.727983	0.02605408	0.002017313	0.02403677	0.002017313
3500	-212.8385	-219.1756	6.337038	0.0278227	0.005320137	0.02250256	0.005320137
3510	-215.5993	-221.9612	6.361885	0.03274421	0.009292337	0.02345187	0.009292337
3520	-210.5512	-216.7218	6.170584	0.02221371	0.003742056	0.01847165	0.003742056
3530	-215.1217	-221.4552	6.333523	0.03187737	0.01113872	0.02073865	0.01113872
3540	-210.1003	-215.7725	5.672152	0.0200669	0.001951713	0.01811519	0.001951713
3550	-213.2726	-218.9108	5.638217	0.01887906	0.008397732	0.01048133	0.008397732
3560	-215.403	-221.6533	6.250363	0.03202831	0.01325567	0.01877264	0.01325567
3570	-216.5952	-222.7694	6.174264	0.03428122	0.01558815	0.01869306	0.01558815
3580	-217.6536	-223.3119	5.658302	0.03347469	0.02054628	0.01292841	0.02054628
3590	-211.6895	-218.0336	6.344058	0.02491329	0.006162242	0.01875105	0.006162242
3600	-213.6394	-219.8638	6.224383	0.02755127	0.01122301	0.01632826	0.01122301
3610	-211.0197	-217.279	6.259342	0.0222623	0.005589261	0.01667304	0.005589261
3620	-214.1117	-219.6056	5.49381	0.02030353	0.01036112	0.009942411	0.01036112
3630	-217.0137	-223.3304	6.31667	0.03516332	0.01117393	0.02398939	0.01117393
3640	-211.9425	-218.2017	6.259226	0.02604485	0.004213496	0.02183135	0.004213496
3650	-215.9759	-221.9847	6.008708	0.03164904	0.01636283	0.0152862	0.01636283
3660	-213.605	-219.9332	6.328161	0.02914873	0.005379966	0.02376877	0.005379966
3670	-226.4681	-231.9587	5.490642	0.05521385	0.03613054	0.01908331	0.03613054
3680	-214.6199	-220.9746	6.354774	0.03089568	0.006511208	0.02438448	0.006511208
3690	-216.0555	-221.737	5.681567	0.02907797	0.01695901	0.01211896	0.01695901
3700	-221.7377	-227.8536	6.115905	0.03925367	0.006430513	0.03282315	0.006430513
3710	-212.3106	-218.655	6.344471	0.02586743	0.007776109	0.01809132	0.007776109
3720	-214.3328	-220.5067	6.173984	0.02988507	0.003916656	0.02596842	0.003916656
3730	-210.1391	-216.1054	5.966306	0.02042465	0.002797935	0.01762671	0.002797935
3740	-212.4492	-218.6528	6.203641	0.02695702	0.003803785	0.02315323	0.003803785
3750	-211.7592	-218.1081	6.34887	0.02517462	0.006113873	0.01906075	0.006113873
3760	-213.07	-219.0006	5.930521	0.02244665	0.009992954	0.0124537	0.009992954
3770	-221.9845	-227.8389	5.854396	0.04514769	0.02536537	0.01978231	0.02536537
3780	-222.4427	-228.4694	6.026647	0.03939831	0.005268389	0.03412992	0.005268389
3790	-210.1927	-215.4156	5.222872	0.01818934	0.001358757	0.01683058	0.001358757
3800	-215.5065	-221.8643	6.357817	0.03238973	0.00762567	0.02476406	0.00762567
3810	-213.4615	-219.8485	6.386957	0.0289165	0.007708927	0.02120758	0.007708927
3820	-210.6314	-216.8469	6.215594	0.02174014	0.004483434	0.01725671	0.004483434
3830	-211.1481	-217.4225	6.274352	0.02265231	0.005859234	0.01679307	0.005859234
3840	-214.5465	-220.8556	6.30915	0.03050842	0.01139574	0.01911268	0.01139574
3850	-210.0784	-215.7899	5.711482	0.01997129	0.002043484	0.01792781	0.002043484
3860	-219.8228	-225.2024	5.37966	0.03760835	0.02552362	0.01208474	0.02552362
3870	-212.9875	-218.9873	5.999852	0.02309442	0.01004708	0.01304734	0.01004708
3880	-217.5114	-223.1535	5.642033	0.03295306	0.020252	0.01270106	0.020252
3890	-222.5184	-228.6368	6.118391	0.04046164	0.007430423	0.03303122	0.007430423
3900	-215.0864	-221.2688	6.182397	0.03078841	0.01377003	0.01701838	0.01377003
3910	-220.4483	-226.667	6.218715	0.03964269	0.01104251	0.02860018	0.01104251
3920	-211.7334	-217.5878	5.854372	0.01734429	0.005301591	0.0120427	0.005301591
3930	-212.0773	-217.3085	5.231187	0.01370462	0.002085428	0.01161919	0.002085428
3940	-212.4675	-217.8711	5.403623	0.01388714	0.003015171	0.01087197	0.003015171
3950	-218.6286	-222.9628	4.334247	0.02647858	0.01930139	0.007177194	0.01930139
3960	-223.3381	-227.7196	4.38148	0.0419076	0.03332226	0.008585344	0.03332226
3970	-213.9133	-220.0514	6.138125	0.02735799	0.01212858	0.01522941	0.01212858
3980	-210.3531	-216.1019	5.748863	0.01719895	0.002587451	0.0146115	0.002587451
3990	-220.6085	-226.6317	6.023175	0.04220655	0.02078513	0.02142141	0.02078513
4000	-222.4104	-228.5475	6.137039	0.04253057	0.01287889	0.02965168	0.01287889
4010	-210.9439	-216.8867	5.942814	0.02354504	0.002521959	0.02102308	0.002521959
4020	-214.4299	-220.0963	5.66642	0.02376979	0.01265154	0.01111825	0.01265154
4030	-219.4252	-225.5639	6.13868	0.03979442	0.01738716	0.02240726	0.01738716
4040	-216.813	-223.1434	6.330449	0.03434154	0.008275426	0.02606612	0.008275426
4050	-216.7052	-222.884	6.178718	0.03454599	0.01560564	0.01894036	0.01560564
4060	-214.889	-219.9258	5.03675	0.01397103	0.005701387	0.008269641	0.005701387
4070	-219.0038	-225.0073	6.003495	0.03897655	0.02044615	0.0185304	0.02044615
4080	-215.4226	-220.4068	4.984253	0.01891747	0.01076618	0.008151289	0.01076618
4090	-213.6597	-219.8681	6.208395	0.02896192	0.004036893	0.02492503	0.004036893
4100	-218.944	-225.0747	6.130691	0.03898855	0.01769238	0.02129616	0.01769238
4110	-212.7545	-219.098	6.343432	0.02766774	0.005426198	0.02224154	0.005426198
4120	-216.1883	-222.4666	6.278304	0.0328774	0.005735076	0.02714233	0.005735076
4130	-214.9929	-221.3569	6.364014	0.03156876	0.007255892	0.02431287	0.007255892
4140	-210.1835	-216.0412	5.857723	0.02087469	0.002362886	0.0185118	0.002362886
4150	-215.9285	-221.7611	5.832588	0.03003748	0.01672446	0.01331302	0.01672446
4160	-211.2626	-217.4511	6.188587	0.0212992	0.006272162	0.01502704	0.006272162
4170	-220.284	-226.2873	6.003356	0.0416428	0.02124303	0.02039977	0.02124303
4180	-217.037	-222.943	5.90596	0.03364413	0.01869448	0.01494966	0.01869448
4190	-210.4989	-216.5203	6.021418	0.01868497	0.003884122	0.01480085	0.003884122
4200	-218.0185	-224.0047	5.986264	0.03662692	0.01960302	0.0170239	0.01960302
4210	-214.1722	-220.1198	5.947616	0.02606394	0.0128447	0.01321925	0.0128447
4220	-227.2137	-232.9991	5.785366	0.05270638	0.02463446	0.02807193	0.02463446
4230	-217.1233	-223.4342	6.310868	0.0345649	0.007549021	0.02701588	0.007549021
4240	-216.2953	-222.5026	6.207242	0.03377668	0.01477348	0.01900319	0.01477348
4250	-210.3458	-216.2771	5.931278	0.02168962	0.002543906	0.01914571	0.002543906
4260	-210.5769	-215.457	4.880083	0.01997994	0.00100727	0.01897267	0.00100727
4270	-216.976	-223.3021	6.326046	0.03498474	0.01037817	0.02460657	0.01037817
4280	-214.5335	-220.6848	6.151367	0.02912303	0.01316687	0.01595616	0.01316687
4290	-212.3248	-218.6698	6.344924	0.02590402	0.007794878	0.01810914	0.007794878
4300	-211.6086	-217.7023	6.093672	0.02054124	0.006798062	0.01374318	0.006798062
4310	-223.293	-227.8792	4.586249	0.04291774	0.03357994	0.009337802	0.03357994
4320	-214.8876	-221.1585	6.270855	0.03099776	0.01241645	0.01858131	0.01241645
4330	-211.8042	-218.1409	6.336671	0.02561223	0.005348174	0.02026405	0.005348174
4340	-231.637	-237.2608	5.623784	0.05757854	0.02456121	0.03301733	0.02456121
4350	-215.0712	-221.2718	6.200586	0.03089652	0.01356442	0.01733211	0.01356442
4360	-216.5576	-222.0985	5.540948	0.02935985	0.01795678	0.01140307	0.01795678
4370	-211.2672	-217.1842	5.917005	0.0175289	0.004714077	0.01281483	0.004714077
4380	-213.9537	-220.3221	6.36838	0.02983907	0.006516365	0.0233227	0.006516365
4390	-216.7443	-223.0138	6.269516	0.03487857	0.0134875	0.02139107	0.0134875
4400	-221.4807	-227.6606	6.179887	0.04102696	0.01161914	0.02940782	0.01161914
4410	-210.7489	-216.9805	6.231639	0.0227114	0.004269794	0.0184416	0.004269794
4420	-215.6794	-221.8616	6.182194	0.03178166	0.004317211	0.02746445	0.004317211
4430	-214.258	-220.6417	6.383734	0.03042122	0.00801656	0.02240466	0.00801656
4440	-229.1852	-235.0798	5.894643	0.04831408	0.01090618	0.0374079	0.01090618
4450	-210.1339	-215.6282	5.494318	0.01772412	0.001785166	0.01593896	0.001785166
4460	-210.1302	-215.8443	5.714112	0.02036923	0.002025175	0.01834405	0.002025175
4470	-216.7174	-222.2022	5.48487	0.02936874	0.01824361	0.01112513	0.01824361
4480	-211.9837	-218.2846	6.300894	0.02449296	0.007668021	0.01682494	0.007668021
4490	-215.7953	-222.1428	6.347551	0.03314405	0.01040626	0.02273779	0.01040626
4500	-212.2734	-218.1667	5.893327	0.01930732	0.007324504	0.01198282	0.007324504
4510	-221.7549	-227.9042	6.149222	0.04210954	0.01382353	0.028286	0.01382353
4520	-215.4833	-221.7982	6.314865	0.03203933	0.006046362	0.02599297	0.006046362
4530	-211.1853	-217.4498	6.264508	0.0242082	0.004355331	0.01985287	0.004355331
4540	-231.5626	-233.4964	1.933742	0.05643677	0.05149989	0.004936876	0.05149989
4550	-211.3383	-217.6244	6.286138	0.02308351	0.00628839	0.01679512	0.00628839
4560	-217.4746	-223.7912	6.316658	0.03552503	0.009588597	0.02593643	0.009588597
4570	-212.3966	-218.6594	6.262816	0.02488684	0.008737199	0.01614965	0.008737199
4580	-211.6486	-217.9513	6.302698	0.0238692	0.006916599	0.0169526	0.006916599
4590	-218.1465	-224.3383	6.191787	0.03746922	0.01589874	0.02157048	0.01589874
4600	-218.5609	-224.7922	6.2313	0.03592413	0.006439947	0.02948418	0.006439947
4610	-225.8264	-231.1171	5.290759	0.05360685	0.03816087	0.01544598	0.03816087
4620	-211.4067	-217.4102	6.003546	0.01881469	0.005706239	0.01310846	0.005706239
4630	-211.7849	-218.1352	6.350281	0.02528364	0.006061892	0.01922175	0.006061892
4640	-214.5927	-220.0573	5.46465	0.02892515	0.001663566	0.02726158	0.001663566
4650	-213.8118	-220.1949	6.383111	0.02954274	0.008436472	0.02110627	0.008436472
4660	-216.894	-222.4525	5.558501	0.03051208	0.01880669	0.01170539	0.01880669
4670	-212.0166	-217.7116	5.694916	0.02539077	0.001936118	0.02345465	0.001936118
4680	-227.5773	-232.1214	4.544148	0.05568013	0.04497593	0.0107042	0.04497593
4690	-226.9847	-232.7442	5.759469	0.05312732	0.02639769	0.02672963	0.02639769
4700	-214.921	-221.2669	6.345883	0.03152873	0.0106438	0.02088493	0.0106438
4710	-210.9878	-216.8846	5.896778	0.01723242	0.004035966	0.01319645	0.004035966
4720	-224.0587	-229.3511	5.292472	0.04885204	0.03479537	0.01405667	0.03479537
4730	-213.4611	-219.4127	5.951549	0.0239513	0.01111859	0.01283271	0.01111859
4740	-216.6379	-222.9766	6.33873	0.03436027	0.009586937	0.02477333	0.009586937
4750	-213.1315	-219.3278	6.196338	0.02592142	0.01043976	0.01548167	0.01043976
4760	-213.8843	-220.1254	6.241191	0.02938269	0.004370472	0.02501221	0.004370472
4770	-215.4649	-221.2975	5.832635	0.02871125	0.01571326	0.01299799	0.01571326
4780	-217.0609	-223.0442	5.983298	0.03424999	0.01828045	0.01596954	0.01828045
4790	-213.8322	-220.177	6.344815	0.02921817	0.009943547	0.01927462	0.009943547
4800	-212.2761	-218.5288	6.252705	0.02445729	0.008538322	0.01591897	0.008538322
4810	-215.0144	-220.1917	5.177224	0.01982817	0.01105111	0.008777063	0.01105111
4820	-236.0416	-240.9961	4.95457	0.07837393	0.05550316	0.02287077	0.05550316
4830	-232.561	-237.9224	5.361425	0.06551643	0.03851007	0.02700636	0.03851007
4840	-223.9746	-228.5418	4.567204	0.03768594	0.001062813	0.03662313	0.001062813
4850	-211.838	-218.1789	6.34089	0.02493605	0.006810271	0.01812578	0.006810271
4860	-219.3119	-225.5337	6.221753	0.03693503	0.006928466	0.03000656	0.006928466
4870	-217.7128	-223.6231	5.910318	0.03542112	0.01980487	0.01561625	0.01980487
4880	-216.7622	-222.7894	6.02724	0.03379754	0.01749827	0.01629927	0.01749827
4890	-216.3713	-222.6426	6.271329	0.03416868	0.01337879	0.02078988	0.01337879
4900	-212.9993	-218.8338	5.834433	0.02087995	0.009215216	0.01166474	0.009215216
4910	-215.4089	-220.5686	5.159708	0.02152162	0.012657	0.008864619	0.012657
4920	-211.3063	-217.6075	6.301238	0.02338152	0.006039791	0.01734173	0.006039791
4930	-225.1839	-231.2132	6.029251	0.04576678	0.01354459	0.0322222	0.01354459
4940	-214.5663	-219.8715	5.305207	0.02864451	0.001446852	0.02719765	0.001446852
4950	-221.7224	-227.3779	5.655455	0.0442061	0.02805078	0.01615532	0.02805078
4960	-216.3559	-222.0661	5.710222	0.03020681	0.01767945	0.01252736	0.01767945
4970	-211.4172	-217.7129	6.295769	0.02337741	0.006411784	0.01696562	0.006411784
4980	-211.3218	-217.5079	6.186062	0.02465796	0.003624763	0.0210332	0.003624763
4990	-217.0883	-223.1654	6.077068	0.03490269	0.01744579	0.0174569	0.01744579
5000	-212.0825	-218.4156	6.333122	0.02521843	0.007513332	0.0177051	0.007513332
5010	-212.7052	-219.045	6.339852	0.0275732	0.005348089	0.02222512	0.005348089
5020	-213.3167	-219.6901	6.373339	0.02871964	0.006377054	0.02234259	0.006377054
5030	-217.425	-223.743	6.31797	0.03547273	0.009653233	0.0258195	0.009653233
5040	-217.9064	-223.9307	6.024251	0.0365536	0.01903363	0.01751997	0.01903363
5050	-213.434	-219.435	6.001069	0.02446437	0.01117115	0.01329322	0.01117115
5060	-212.717	-219.0916	6.374572	0.02720567	0.007645586	0.01956009	0.007645586
5070	-214.3621	-220.6922	6.330122	0.03025883	0.01077884	0.01947999	0.01077884
5080	-211.5654	-217.7462	6.180791	0.02175424	0.006993029	0.01476121	0.006993029
5090	-212.7072	-218.9699	6.262697	0.02564533	0.009335905	0.01630943	0.009335905
5100	-217.4772	-223.2917	5.8145	0.03414591	0.01986159	0.01428433	0.01986159
5110	-211.1051	-217.38	6.274949	0.02264365	0.005726946	0.0169167	0.005726946
5120	-211.8016	-217.8664	6.064837	0.02556539	0.002985565	0.02257982	0.002985565
5130	-219.4333	-225.3099	5.876529	0.0394981	0.02260047	0.01689763	0.02260047
5140	-212.7835	-218.703	5.919529	0.02136154	0.009108369	0.01225317	0.009108369
5150	-214.35	-220.1755	5.825454	0.0291987	0.002383124	0.02681557	0.002383124
5160	-212.1342	-218.482	6.347812	0.02558134	0.007351831	0.01822951	0.007351831
5170	-213.3366	-219.575	6.238399	0.02693487	0.01061551	0.01631936	0.01061551
5180	-217.8184	-224.0651	6.246643	0.03677887	0.01408111	0.02269776	0.01408111
5190	-214.1702	-220.0613	5.891099	0.02544406	0.0127493	0.01269475	0.0127493
5200	-224.1162	-229.9658	5.849612	0.04883863	0.02549657	0.02334207	0.02549657
5210	-211.3414	-217.5758	6.234338	0.02469348	0.004000507	0.02069297	0.004000507
5220	-210.7008	-216.8598	6.159072	0.02291036	0.003545435	0.01936492	0.003545435
5230	-215.2337	-221.3692	6.135537	0.03104374	0.003839704	0.02720403	0.003839704
5240	-229.0244	-234.749	5.724642	0.05473007	0.02445168	0.03027839	0.02445168
5250	-232.2891	-236.9593	4.670203	0.07076454	0.05669682	0.01406772	0.05669682
5260	-214.2344	-220.1623	5.927891	0.02603749	0.01296709	0.01307039	0.01296709
5270	-213.4693	-219.8308	6.361519	0.02898432	0.006050094	0.02293423	0.006050094
5280	-213.6371	-219.9187	6.281545	0.02814373	0.01072636	0.01741737	0.01072636
5290	-216.6153	-222.7318	6.116498	0.03401276	0.01642198	0.01759079	0.01642198
5300	-215.1568	-221.0618	5.90498	0.03041993	0.002709466	0.02771047	0.002709466
5310	-220.3111	-226.4517	6.140508	0.04105982	0.01676575	0.02429408	0.01676575
5320	-218.1465	-224.3113	6.16482	0.03748312	0.01665827	0.02082485	0.01665827
5330	-212.8815	-218.5877	5.706186	0.01840489	0.007584979	0.01081991	0.007584979
5340	-220.1878	-226.4166	6.228762	0.03924368	0.01075611	0.02848756	0.01075611
5350	-219.6587	-225.8537	6.194968	0.03970868	0.01488016	0.02482851	0.01488016
5360	-220.2624	-226.4597	6.197285	0.04024705	0.01377365	0.0264734	0.01377365
5370	-212.949	-219.3301	6.381129	0.02797978	0.006709338	0.02127044	0.006709338
5380	-212.0977	-218.3754	6.277718	0.02439354	0.008057116	0.01633643	0.008057116
5390	-214.7476	-220.816	6.068344	0.02890818	0.01392339	0.01498479	0.01392339
5400	-222.7753	-228.884	6.108689	0.04345739	0.01427461	0.02918278	0.01427461
5410	-213.2708	-219.2659	5.995136	0.02795102	0.002828822	0.0251222	0.002828822
5420	-214.6293	-221.0066	6.377276	0.03108272	0.008876875	0.02220584	0.008876875
5430	-221.8793	-228.0413	6.162059	0.04031241	0.008607847	0.03170456	0.008607847
5440	-218.7181	-224.4403	5.722217	0.03681924	0.02252595	0.01429329	0.02252595
5450	-210.5049	-216.4805	5.975608	0.02231098	0.00266681	0.01964417	0.00266681
5460	-219.9353	-226.0344	6.099091	0.04079014	0.01855874	0.0222314	0.01855874
5470	-210.2072	-215.9985	5.791273	0.01781195	0.002583188	0.01522876	0.002583188
5480	-216.2227	-221.6454	5.422689	0.0272755	0.01676492	0.01051058	0.01676492
5490	-210.4865	-216.6636	6.17712	0.02155015	0.003998753	0.01755139	0.003998753
5500	-214.1339	-219.7486	5.614709	0.02854544	0.001890616	0.02665483	0.001890616
5510	-215.7071	-222.0673	6.360234	0.03280797	0.008416273	0.0243917	0.008416273
5520	-211.0277	-217.3021	6.274444	0.0226345	0.005476671	0.01715783	0.005476671
5530	-214.5056	-220.883	6.377387	0.03082688	0.007514285	0.0233126	0.007514285
5540	-234.0305	-239.336	5.305468	0.06754294	0.03891209	0.02863085	0.03891209
5550	-211.2709	-217.58	6.309133	0.02412847	0.005148614	0.01897986	0.005148614
5560	-214.6571	-221.0322	6.375061	0.03107639	0.007543695	0.0235327	0.007543695
5570	-214.6743	-220.9913	6.31702	0.0308182	0.005630766	0.02518743	0.005630766
5580	-213.9309	-220.0636	6.132656	0.0273481	0.01218	0.0151681	0.01218
5590	-212.1149	-217.3424	5.227505	0.01366519	0.002093537	0.01157165	0.002093537
5600	-213.9945	-220.369	6.374488	0.02982839	0.009080756	0.02074763	0.009080756
5610	-213.1254	-219.2634	6.137991	0.02798489	0.003474974	0.02450992	0.003474974
5620	-213.8388	-219.8506	6.011787	0.02578489	0.0121327	0.01365219	0.0121327
5630	-218.5446	-222.3004	3.755743	0.009061425	0.001306288	0.007755136	0.001306288
5640	-211.5154	-217.7838	6.268383	0.02303733	0.006820098	0.01621723	0.006820098
5650	-212.547	-218.922	6.37495	0.02690965	0.007253362	0.01965629	0.007253362
5660	-211.9876	-217.6414	5.653746	0.02527046	0.001857826	0.02341264	0.001857826
5670	-219.6663	-223.9871	4.320781	0.03003893	0.0226228	0.00741613	0.0226228
5680	-212.372	-218.7095	6.337542	0.02588524	0.008010465	0.01787478	0.008010465
5690	-220.413	-226.5774	6.164419	0.04090249	0.01548713	0.02541536	0.01548713
5700	-233.6027	-237.2801	3.677382	0.07156591	0.06259672	0.008969188	0.06259672
5710	-219.4974	-224.8091	5.311721	0.03623335	0.0247795	0.01145385	0.0247795
5720	-220.9797	-223.728	2.74828	0.02386074	0.01914673	0.004714015	0.01914673
5730	-213.4064	-219.7847	6.378374	0.02888317	0.006635011	0.02224816	0.006635011
5740	-214.0148	-220.2194	6.204602	0.02830404	0.01197697	0.01632707	0.01197697
5750	-216.0299	-221.6412	5.611308	0.02837425	0.01678067	0.01159358	0.01678067
5760	-215.0799	-221.4122	6.332325	0.03178783	0.01116291	0.02062492	0.01116291
5770	-211.4727	-217.7685	6.295817	0.02345632	0.006552496	0.01690383	0.006552496
5780	-210.7732	-217.012	6.238867	0.02194098	0.004904944	0.01703603	0.004904944
5790	-213.7952	-218.9206	5.125365	0.02730752	0.001229145	0.02607837	0.001229145
5800	-210.5651	-216.6067	6.041604	0.02253728	0.002921202	0.01961608	0.002921202
5810	-212.0697	-218.3518	6.282093	0.02631245	0.004455933	0.02185652	0.004455933
5820	-210.8959	-217.163	6.267151	0.0228683	0.004821671	0.01804663	0.004821671
5830	-216.1602	-220.871	4.710798	0.01171012	0.00401787	0.007692252	0.00401787
5840	-220.9278	-227.1127	6.184852	0.03899916	0.007797331	0.03120183	0.007797331
5850	-210.1848	-215.9353	5.750441	0.01775541	0.002438102	0.01531731	0.002438102
5860	-212.3735	-218.4563	6.082764	0.0266412	0.003106566	0.02353463	0.003106566
5870	-213.1247	-219.4292	6.304507	0.02716662	0.009698447	0.01746817	0.009698447
5880	-220.3718	-226.0348	5.662947	0.04080639	0.02580133	0.01500507	0.02580133
5890	-216.2296	-222.413	6.18337	0.03252118	0.004496322	0.02802486	0.004496322
5900	-217.0244	-222.2653	5.240958	0.0282751	0.0183645	0.009910606	0.0183645
5910	-217.6706	-223.588	5.917395	0.03535937	0.01969054	0.01566883	0.01969054
5920	-215.1434	-221.3017	6.158306	0.03073337	0.0140679	0.01666547	0.0140679
5930	-220.8377	-226.0781	5.24034	0.03959533	0.02791306	0.01168228	0.02791306
5940	-217.4535	-223.7545	6.301004	0.03589426	0.01164514	0.02424912	0.01164514
5950	-241.0573	-245.8032	4.745873	0.0879597	0.06032236	0.02763733	0.06032236
5960	-219.2812	-224.9338	5.652656	0.03787617	0.02385643	0.01401973	0.02385643
5970	-212.6488	-218.9791	6.330306	0.02638658	0.008605502	0.01778108	0.008605502
5980	-210.1731	-216.1958	6.022746	0.0200511	0.003162574	0.01688853	0.003162574
5990	-220.6453	-226.7428	6.097525	0.04187442	0.01828601	0.02358841	0.01828601
6000	-233.6186	-238.7212	5.102623	0.07217278	0.05010297	0.02206981	0.05010297
6010	-215.6846	-220.5123	4.827737	0.01253243	0.004700833	0.007831593	0.004700833
6020	-226.647	-228.1251	1.478112	0.006411363	0.000564308	0.005847055	0.000564308
6030	-219.2415	-224.7861	5.544546	0.03707147	0.0240651	0.01300637	0.0240651
6040	-213.1494	-218.8672	5.717851	0.01967929	0.008757131	0.01092216	0.008757131
6050	-211.2178	-217.4276	6.209805	0.02439615	0.003807947	0.0205882	0.003807947
6060	-217.3918	-223.7102	6.318446	0.03546893	0.009843494	0.02562543	0.009843494
6070	-219.0427	-222.6358	3.59313	0.03170415	0.0005254934	0.03117866	0.0005254934
6080	-210.2276	-216.1977	5.970065	0.02111182	0.002731521	0.0183803	0.002731521
6090	-213.5899	-219.9256	6.335657	0.02858766	0.00987319	0.01871447	0.00987319
6100	-213.5937	-219.0434	5.449681	0.01677254	0.007158724	0.009613815	0.007158724
6110	-211.0545	-217.3239	6.269409	0.0225003	0.005619969	0.01688033	0.005619969
6120	-214.1727	-220.4033	6.230625	0.02979255	0.004343755	0.02544879	0.004343755
6130	-221.2071	-227.3892	6.182142	0.04102333	0.01251976	0.02850356	0.01251976
6140	-215.7176	-221.8245	6.106913	0.03176061	0.01532866	0.01643195	0.01532866
6150	-210.9063	-217.1748	6.268495	0.02292652	0.004815322	0.0181112	0.004815322
6160	-220.01	-225.8853	5.875272	0.04085823	0.02332125	0.01753698	0.02332125
6170	-210.8817	-216.4479	5.566251	0.01567163	0.002396332	0.01327529	0.002396332
6180	-216.1328	-222.0857	5.952882	0.0317588	0.003018551	0.02874025	0.003018551
6190	-211.1413	-217.3242	6.182923	0.02102667	0.005965165	0.0150615	0.005965165
6200	-214.0294	-220.4067	6.37726	0.02992273	0.008943484	0.02097925	0.008943484
6210	-215.0013	-221.349	6.347629	0.03169511	0.01059628	0.02109884	0.01059628
6220	-210.067	-215.9597	5.892644	0.01963371	0.002611151	0.01702256	0.002611151
6230	-210.3095	-216.4009	6.091389	0.02008491	0.00369853	0.01638638	0.00369853
6240	-211.137	-217.3854	6.248373	0.02212663	0.005956982	0.01616965	0.005956982
6250	-210.3586	-215.7649	5.406335	0.01668037	0.001742196	0.01493817	0.001742196
6260	-213.0422	-219.3404	6.298151	0.02689544	0.009637091	0.01725835	0.009637091
6270	-220.6927	-223.1882	2.495475	0.01858215	0.01428296	0.00429919	0.01428296
6280	-217.1059	-222.1271	5.021229	0.03134401	0.00123536	0.03010865	0.00123536
6290	-218.4444	-224.6571	6.212719	0.03791254	0.01511112	0.02280142	0.01511112
6300	-224.7455	-230.6396	5.894149	0.04895943	0.02297665	0.02598278	0.02297665
6310	-216.4302	-222.6016	6.171395	0.03389518	0.01548188	0.0184133	0.01548188
6320	-216.9287	-223.2295	6.300758	0.03413337	0.006870065	0.02726331	0.006870065
6330	-211.046	-217.0655	6.01951	0.01857714	0.00495462	0.01362252	0.00495462
6340	-212.4057	-218.7797	6.373965	0.02676971	0.006604741	0.02016496	0.006604741
6350	-210.8078	-216.9586	6.150865	0.02022804	0.005073174	0.01515487	0.005073174
6360	-224.0007	-230.0773	6.0766	0.04438566	0.01319355	0.03119211	0.01319355
6370	-211.1809	-216.9336	5.752647	0.01609325	0.003455203	0.01263804	0.003455203
6380	-219.1682	-224.9193	5.75114	0.03817896	0.02319747	0.01498148	0.02319747
6390	-223.5964	-229.476	5.879591	0.04783089	0.02467941	0.02315148	0.02467941
6400	-211.9314	-218.1708	6.239385	0.02601248	0.004033585	0.02197889	0.004033585
6410	-211.9277	-217.2634	5.335711	0.01401057	0.002309385	0.01170118	0.002309385
6420	-210.5235	-216.6621	6.138684	0.02018774	0.004353092	0.01583465	0.004353092
6430	-216.33	-222.1657	5.835701	0.03118804	0.01755934	0.0136287	0.01755934
6440	-216.6312	-222.9551	6.323876	0.03456952	0.01116851	0.02340101	0.01116851
6450	-225.7518	-231.3166	5.564802	0.05347109	0.03398479	0.01948631	0.03398479
6460	-218.294	-223.7204	5.426426	0.03357585	0.02200459	0.01157126	0.02200459
6470	-215.5163	-220.8969	5.380584	0.02447393	0.0145187	0.009955231	0.0145187
6480	-214.6525	-221.0187	6.36622	0.03101031	0.006986578	0.02402373	0.006986578
6490	-225.1719	-230.9853	5.813388	0.05058446	0.02613881	0.02444564	0.02613881
6500	-212.9628	-219.1475	6.1847	0.02533551	0.01013716	0.01519835	0.01013716
6510	-211.1936	-216.9259	5.732284	0.01596551	0.003358567	0.01260694	0.003358567
6520	-210.5588	-216.2009	5.642097	0.02201525	0.00182756	0.02018769	0.00182756
6530	-228.954	-233.9086	4.954545	0.06142277	0.04704778	0.01437499	0.04704778
6540	-215.3706	-221.5001	6.129587	0.03106834	0.01463542	0.01643293	0.01463542
6550	-212.1741	-218.1174	5.943301	0.01977369	0.007424263	0.01234943	0.007424263
6560	-220.756	-226.4524	5.696442	0.04195315	0.02620008	0.01575307	0.02620008
6570	-235.5904	-240.855	5.26455	0.06878632	0.03782729	0.03095903	0.03782729
6580	-224.1317	-230.1873	6.055656	0.04511847	0.0146569	0.03046157	0.0146569
6590	-222.7757	-228.5741	5.798471	0.04681982	0.02701285	0.01980697	0.02701285
6600	-211.7847	-217.6408	5.856037	0.02522289	0.002288848	0.02293404	0.002288848
6610	-213.0915	-219.4547	6.363159	0.0283029	0.005967293	0.02233561	0.005967293
6620	-226.0166	-231.628	5.611304	0.05377305	0.03292088	0.02085217	0.03292088
6630	-229.9849	-235.816	5.831095	0.04702546	0.007156058	0.03986941	0.007156058
6640	-215.0316	-221.3688	6.337165	0.03146383	0.006289644	0.02517419	0.006289644
6650	-224.4163	-230.2893	5.873061	0.04074069	0.004373278	0.03636742	0.004373278
6660	-212.9127	-219.0326	6.119914	0.02440004	0.01009131	0.01430873	0.01009131
6670	-218.1902	-224.3924	6.202154	0.03519303	0.00557873	0.0296143	0.00557873
6680	-213.1824	-219.4736	6.291237	0.02715121	0.009932575	0.01721863	0.009932575
6690	-220.5685	-226.3819	5.813441	0.04196214	0.02476278	0.01719936	0.02476278
6700	-211.4076	-216.6865	5.278855	0.01449902	0.001909062	0.01258996	0.001909062
6710	-222.5117	-228.0589	5.547234	0.04579164	0.03025874	0.0155329	0.03025874
6720	-213.4682	-219.8361	6.367964	0.02899102	0.006245496	0.02274552	0.006245496
6730	-211.9689	-218.3186	6.349716	0.02533924	0.006913883	0.01842536	0.006913883
6740	-212.4026	-218.4661	6.063544	0.02220233	0.008747962	0.01345437	0.008747962
6750	-213.0096	-218.6645	5.654878	0.01802615	0.007476451	0.0105497	0.007476451
6760	-216.002	-222.2636	6.261644	0.03338952	0.0134755	0.01991402	0.0134755
6770	-211.2815	-216.7095	5.428085	0.01485235	0.00222303	0.01262932	0.00222303
6780	-211.8614	-218.1635	6.302063	0.02425978	0.007399101	0.01686068	0.007399101
6790	-211.1409	-217.309	6.168043	0.02421107	0.003516641	0.02069443	0.003516641
6800	-214.8755	-221.251	6.37545	0.03147556	0.008088738	0.02338682	0.008088738
6810	-212.9836	-218.7175	5.73391	0.01927951	0.008291787	0.01098773	0.008291787
6820	-219.2036	-224.0265	4.822882	0.03199984	0.02308475	0.008915095	0.02308475
6830	-211.0075	-216.783	5.775506	0.01633266	0.003360104	0.01297255	0.003360104
6840	-219.8128	-226.0046	6.191783	0.03991841	0.01484926	0.02506915	0.01484926
6850	-210.3555	-216.4856	6.130014	0.02101422	0.003696568	0.01731766	0.003696568
6860	-212.0787	-218.2722	6.193533	0.02314454	0.008216742	0.0149278	0.008216742
6870	-217.8407	-223.9628	6.122153	0.03679579	0.01747334	0.01932245	0.01747334
6880	-233.2543	-238.2476	4.993326	0.07276394	0.05355188	0.01921206	0.05355188
6890	-215.441	-221.8034	6.362418	0.03250509	0.009559333	0.02294576	0.009559333
6900	-221.955	-228.1225	6.16752	0.04102788	0.01021824	0.03080964	0.01021824
6910	-212.4063	-218.6125	6.206245	0.0241509	0.00893307	0.01521783	0.00893307
6920	-212.8716	-217.3567	4.485079	0.02484865	0.00078016	0.02406849	0.00078016
6930	-212.0657	-218.3607	6.295031	0.02457916	0.007882141	0.01669701	0.007882141
6940	-219.7714	-225.9314	6.160026	0.0401839	0.01639169	0.02379221	0.01639169
6950	-210.9461	-217.1758	6.229611	0.02162722	0.005498307	0.01612892	0.005498307
6960	-216.0081	-222.0657	6.057567	0.03185428	0.003510943	0.02834334	0.003510943
6970	-214.7097	-219.7897	5.080038	0.01376782	0.005315111	0.008452712	0.005315111
6980	-216.298	-220.9328	4.634709	0.01841235	0.01114306	0.007269294	0.01114306
6990	-214.0131	-219.8481	5.834944	0.02431927	0.01218808	0.0121312	0.01218808
7000	-210.9717	-216.9645	5.992846	0.01821211	0.004624006	0.0135881	0.004624006
7010	-210.7002	-216.765	6.064722	0.01902713	0.004477625	0.0145495	0.004477625
7020	-218.6335	-224.4081	5.774615	0.03693097	0.02213761	0.01479337	0.02213761
7030	-214.6734	-218.8979	4.224564	0.01117062	0.001126033	0.01004459	0.001126033
7040	-214.9172	-221.195	6.277808	0.03111441	0.01232767	0.01878675	0.01232767
7050	-217.7593	-223.8841	6.124844	0.03426112	0.004438949	0.02982217	0.004438949
7060	-215.7336	-221.9831	6.249434	0.03275734	0.01355267	0.01920467	0.01355267
7070	-215.4336	-221.3473	5.913724	0.02936432	0.01561016	0.01375416	0.01561016
7080	-213.1692	-219.4088	6.239576	0.02824646	0.004198833	0.02404762	0.004198833
7090	-216.6091	-222.8807	6.271587	0.03462682	0.0134133	0.02121352	0.0134133
7100	-212.7303	-219.1096	6.379361	0.02734693	0.007348331	0.0199986	0.007348331
7110	-210.4853	-215.9501	5.464751	0.01631502	0.001917322	0.0143977	0.001917322
7120	-225.7513	-231.4803	5.72902	0.05234123	0.02908705	0.02325419	0.02908705
7130	-211.2532	-217.2235	5.970267	0.01815428	0.005083687	0.01307059	0.005083687
7140	-214.3435	-220.6603	6.31681	0.03011459	0.0110523	0.01906229	0.0110523
7150	-224.8393	-229.909	5.069642	0.05003128	0.0373583	0.01267298	0.0373583
7160	-220.1735	-224.993	4.819443	0.03496109	0.02572708	0.00923401	0.02572708
7170	-212.6915	-218.272	5.580565	0.01553844	0.005055722	0.01048272	0.005055722
7180	-216.7035	-223.0408	6.337379	0.03433199	0.008930114	0.02540187	0.008930114
7190	-210.6476	-216.568	5.920372	0.01760786	0.003632788	0.01397507	0.003632788
7200	-216.0059	-222.3558	6.349881	0.03345357	0.009945267	0.02350831	0.009945267
7210	-213.5365	-219.8685	6.332049	0.02842923	0.00987586	0.01855337	0.00987586
7220	-211.2167	-217.455	6.238362	0.02204539	0.006178655	0.01586674	0.006178655
7230	-213.8117	-220.1683	6.356589	0.02956506	0.006069168	0.02349589	0.006069168
7240	-211.1357	-217.4342	6.29851	0.02340672	0.005372292	0.01803443	0.005372292
7250	-212.8109	-219.1754	6.364533	0.02722202	0.008178273	0.01904375	0.008178273
7260	-212.7076	-219.047	6.339415	0.0266421	0.008563223	0.01807887	0.008563223
7270	-210.4037	-216.4147	6.011008	0.01873352	0.0036694	0.01506412	0.0036694
7280	-210.4334	-216.5935	6.160117	0.02113407	0.003972028	0.01716205	0.003972028
7290	-228.1299	-230.2234	2.093582	0.04570363	0.04092362	0.00478001	0.04092362
7300	-215.8265	-221.5501	5.723626	0.02877508	0.016467	0.01230808	0.016467
7310	-215.057	-220.3839	5.326846	0.02931804	0.001493663	0.02782437	0.001493663
7320	-227.0292	-232.9036	5.874363	0.05044613	0.01981665	0.03062949	0.01981665
7330	-213.0231	-219.4072	6.384061	0.02800524	0.007492066	0.02051317	0.007492066
7340	-210.8093	-216.2812	5.471892	0.02240581	0.001557937	0.02084787	0.001557937
7350	-210.1019	-216.0197	5.917715	0.01915986	0.002807744	0.01635212	0.002807744
7360	-213.7902	-220.0763	6.286105	0.02855746	0.0108896	0.01766786	0.0108896
7370	-210.0894	-216.0211	5.931701	0.01969198	0.002763293	0.01692869	0.002763293
7380	-210.9523	-216.5526	5.600286	0.02302289	0.00174729	0.0212756	0.00174729
7390	-215.4847	-221.2905	5.805746	0.02852031	0.01574665	0.01277366	0.01574665
7400	-210.1603	-215.5362	5.375947	0.01946722	0.001490832	0.01797639	0.001490832
7410	-214.3132	-217.1009	2.787726	0.02443573	0.0003289515	0.02410677	0.0003289515
7420	-223.4024	-229.3299	5.92748	0.04709193	0.02296651	0.02412542	0.02296651
7430	-212.2496	-218.2487	5.999173	0.02629316	0.002754433	0.02353872	0.002754433
7440	-210.7068	-216.649	5.942107	0.01773835	0.003838307	0.01390004	0.003838307
7450	-210.8119	-217.05	6.23814	0.0218424	0.005063866	0.01677853	0.005063866
7460	-212.1834	-218.518	6.334607	0.02652265	0.005212165	0.02131048	0.005212165
7470	-214.8576	-220.8338	5.976144	0.02833112	0.01434532	0.0139858	0.01434532
7480	-213.2573	-219.4551	6.197887	0.02830872	0.003881706	0.02442702	0.003881706
7490	-220.8746	-227.0769	6.202319	0.04025345	0.01138676	0.02886668	0.01138676
7500	-212.1608	-218.5161	6.355352	0.0257806	0.007216405	0.01856419	0.007216405
7510	-213.1823	-219.306	6.123753	0.02804863	0.003403011	0.02464562	0.003403011
7520	-211.4136	-217.2535	5.839867	0.0168027	0.004423529	0.01237917	0.004423529
7530	-210.9346	-217.0537	6.11911	0.02366395	0.003246132	0.02041782	0.003246132
7540	-210.368	-216.4872	6.119208	0.02143492	0.003491619	0.0179433	0.003491619
7550	-215.746	-221.9728	6.226724	0.03202664	0.004787365	0.02723927	0.004787365
7560	-210.299	-216.4031	6.104142	0.02067161	0.003577922	0.01709369	0.003577922
7570	-210.8904	-216.7813	5.890873	0.01720745	0.003840655	0.0133668	0.003840655
7580	-220.4688	-226.4426	5.97379	0.04202351	0.02199694	0.02002657	0.02199694
7590	-224.7694	-230.8008	6.031398	0.04255599	0.007320988	0.035235	0.007320988
7600	-219.4496	-224.685	5.235367	0.03557913	0.02461335	0.01096578	0.02461335
7610	-217.1505	-223.174	6.023507	0.03473411	0.01808271	0.01665141	0.01808271
7620	-214.0187	-219.498	5.479284	0.01964663	0.009816156	0.009830471	0.009816156
7630	-215.801	-222.0034	6.202372	0.03263537	0.01439672	0.01823866	0.01439672
7640	-216.8882	-223.2175	6.329317	0.03483054	0.01022134	0.02460919	0.01022134
7650	-219.4118	-225.2438	5.831978	0.0392377	0.02300788	0.01622983	0.02300788
7660	-213.7326	-220.1121	6.379508	0.02934246	0.00864923	0.02069323	0.00864923
7670	-228.2958	-233.6445	5.348738	0.05967537	0.04071179	0.01896358	0.04071179
7680	-213.5064	-218.8436	5.337172	0.01397258	0.004362239	0.009610346	0.004362239
7690	-212.1616	-217.979	5.817427	0.01777631	0.006206495	0.01156981	0.006206495
7700	-211.8691	-217.9352	6.066159	0.02076435	0.007346307	0.01341804	0.007346307
7710	-218.9365	-224.4085	5.472027	0.03573214	0.02348474	0.0122474	0.02348474
7720	-212.2695	-218.5865	6.31706	0.02535519	0.008087491	0.0172677	0.008087491
7730	-217.2888	-223.2458	5.957028	0.03465023	0.01881899	0.01583124	0.01881899
7740	-212.4836	-218.7957	6.31207	0.02576277	0.008538955	0.01722382	0.008538955
7750	-215.0964	-220.6382	5.54178	0.02469367	0.01403305	0.01066062	0.01403305
7760	-214.7029	-220.7149	6.011929	0.03003596	0.00306947	0.02696649	0.00306947
7770	-216.1766	-222.2719	6.095321	0.03281582	0.01608385	0.01673197	0.01608385
7780	-210.8831	-216.5093	5.626214	0.02289609	0.001791135	0.02110496	0.001791135
7790	-211.3425	-217.6399	6.297326	0.02332159	0.006195666	0.01712593	0.006195666
7800	-221.1924	-227.2826	6.0902	0.04264804	0.01813266	0.02451538	0.01813266
7810	-212.5353	-218.907	6.371651	0.02680446	0.007426818	0.01937765	0.007426818
7820	-210.5373	-216.7088	6.171541	0.02212488	0.003769691	0.01835519	0.003769691
7830	-216.4167	-221.0194	4.602689	0.01874097	0.01152319	0.00721778	0.01152319
7840	-220.6382	-226.8501	6.211931	0.03988533	0.01110708	0.02877825	0.01110708
7850	-215.6983	-222.0592	6.360952	0.03287845	0.009073627	0.02380482	0.009073627
7860	-215.9837	-222.3358	6.352102	0.03317544	0.008181765	0.02499368	0.008181765
7870	-214.7993	-221.0268	6.227433	0.0306998	0.004484889	0.02621491	0.004484889
7880	-214.3401	-220.6703	6.330226	0.03034589	0.005722996	0.0246229	0.005722996
7890	-213.6139	-219.563	5.949099	0.02439421	0.01149951	0.0128947	0.01149951
7900	-215.7587	-221.3913	5.632586	0.02773724	0.01614519	0.01159205	0.01614519
7910	-212.5488	-218.8457	6.296923	0.02570789	0.008800415	0.01690747	0.008800415
7920	-212.2487	-218.557	6.308292	0.02518004	0.008136316	0.01704372	0.008136316
7930	-216.4178	-222.3066	5.888833	0.03186255	0.01762027	0.01424228	0.01762027
7940	-212.2803	-218.5122	6.231968	0.02418196	0.008612844	0.01556911	0.008612844
7950	-211.2023	-217.379	6.176733	0.02101769	0.006099826	0.01491787	0.006099826
7960	-218.7761	-225.0373	6.261205	0.0378746	0.01218851	0.02568609	0.01218851
7970	-214.2365	-220.6168	6.380312	0.03036936	0.007397176	0.02297218	0.007397176
7980	-213.562	-219.9365	6.374432	0.02893383	0.008769126	0.0201647	0.008769126
7990	-220.9562	-226.4817	5.525548	0.04160818	0.02758335	0.01402484	0.02758335
8000	-218.1422	-223.4796	5.337447	0.03247441	0.02153576	0.01093866	0.02153576
8010	-221.6633	-227.5403	5.877035	0.03782283	0.003646103	0.03417672	0.003646103
8020	-218.6152	-224.8915	6.276317	0.03741244	0.01116195	0.02625048	0.01116195
8030	-214.1843	-220.4921	6.307764	0.02968006	0.01105892	0.01862115	0.01105892
8040	-210.3908	-216.3066	5.915801	0.0218578	0.002483841	0.01937396	0.002483841
8050	-215.6815	-221.2831	5.601625	0.02720759	0.01586906	0.01133853	0.01586906
8060	-219.5788	-224.6628	5.083989	0.0349324	0.02472695	0.01020545	0.02472695
8070	-210.792	-216.9737	6.181712	0.02072145	0.005102924	0.01561852	0.005102924
8080	-215.6591	-222.0163	6.357149	0.03288002	0.009779709	0.02310031	0.009779709
8090	-213.4274	-217.2167	3.789251	0.01246241	0.0006973872	0.01176502	0.0006973872
8100	-219.9516	-225.898	5.946452	0.04091915	0.02219965	0.01871951	0.02219965
8110	-215.835	-221.8746	6.039571	0.03158763	0.003380345	0.02820729	0.003380345
8120	-214.0765	-219.2754	5.198905	0.01336041	0.004243253	0.009117154	0.004243253
8130	-219.9143	-225.7855	5.871288	0.03592085	0.003262426	0.03265843	0.003262426
8140	-212.391	-218.7616	6.370556	0.02682067	0.006273658	0.02054701	0.006273658
8150	-213.9612	-220.3002	6.339068	0.0297647	0.005727039	0.02403767	0.005727039
8160	-219.0473	-222.9855	3.938269	0.02492302	0.01859095	0.006332073	0.01859095
8170	-214.5741	-219.9234	5.349335	0.0202659	0.01087783	0.009388066	0.01087783
8180	-216.8614	-223.0937	6.232367	0.03505487	0.01456733	0.02048754	0.01456733
8190	-212.3025	-218.0419	5.739364	0.01694752	0.005782493	0.01116503	0.005782493
8200	-211.2218	-217.4268	6.20498	0.02149646	0.006196267	0.01530019	0.006196267
8210	-217.5764	-223.5293	5.952901	0.0353482	0.0192902	0.016058	0.0192902
8220	-218.4589	-224.7433	6.284456	0.03707917	0.01064795	0.02643122	0.01064795
8230	-215.9975	-222.2872	6.289708	0.03266409	0.005839563	0.02682452	0.005839563
8240	-214.9802	-221.3477	6.367507	0.03170775	0.009550399	0.02215736	0.009550399
8250	-213.4802	-219.828	6.347818	0.02846863	0.009489371	0.01897926	0.009489371
8260	-210.3873	-216.4264	6.039103	0.02184915	0.002961728	0.01888743	0.002961728
8270	-211.8159	-218.1461	6.330194	0.02467326	0.006970307	0.01770295	0.006970307
8280	-212.6112	-218.9727	6.361417	0.02676023	0.007939081	0.01882115	0.007939081
8290	-215.2411	-221.2768	6.03567	0.02993285	0.01494694	0.01498591	0.01494694
8300	-210.4558	-216.6214	6.165608	0.02151816	0.003880798	0.01763736	0.003880798
8310	-214.5184	-220.7637	6.245274	0.02992942	0.01234603	0.01758339	0.01234603
8320	-220.3228	-226.4893	6.166484	0.04078238	0.01550202	0.02528036	0.01550202
8330	-222.0268	-227.6927	5.66597	0.04499301	0.02838441	0.01660859	0.02838441
8340	-214.398	-220.7677	6.369723	0.03060698	0.009479741	0.02112724	0.009479741
8350	-215.6147	-220.9733	5.358569	0.02459859	0.01471315	0.009885443	0.01471315
8360	-223.6779	-229.7744	6.096461	0.04366056	0.01225246	0.03140811	0.01225246
8370	-211.3157	-217.5516	6.235971	0.02462693	0.004018564	0.02060836	0.004018564
8380	-214.2744	-220.615	6.340673	0.03014861	0.01044531	0.0197033	0.01044531
8390	-218.9239	-224.9731	6.049164	0.03891553	0.01958273	0.01933281	0.01958273
8400	-218.1452	-224.4308	6.28552	0.03686998	0.01155809	0.02531189	0.01155809
8410	-212.7515	-218.8439	6.092347	0.02359316	0.009691499	0.01390166	0.009691499
8420	-221.7262	-227.8899	6.163762	0.04164829	0.01258453	0.02906376	0.01258453
8430	-216.3892	-222.5149	6.125789	0.03353362	0.01604498	0.01748864	0.01604498
8440	-218.9842	-225.1371	6.152888	0.03593128	0.005257221	0.03067406	0.005257221
8450	-231.4295	-236.7545	5.32496	0.06541953	0.04184635	0.02357318	0.04184635
8460	-216.0082	-222.3617	6.353515	0.03339767	0.009413649	0.02398402	0.009413649
8470	-237.4653	-242.3476	4.882358	0.08172731	0.05796727	0.02376004	0.05796727
8480	-217.8772	-224.1757	6.298524	0.03637403	0.01096639	0.02540764	0.01096639
8490	-218.2966	-224.2001	5.903498	0.03685102	0.02075783	0.01609319	0.02075783
8500	-210.485	-216.0153	5.530295	0.02154419	0.0016511	0.01989309	0.0016511
8510	-210.4161	-216.5702	6.15405	0.0212338	0.003860049	0.01737375	0.003860049
8520	-214.9127	-221.2068	6.294107	0.03121536	0.01201846	0.0191969	0.01201846
8530	-232.4738	-237.9796	5.505867	0.06119285	0.0299282	0.03126465	0.0299282
8540	-214.4151	-220.1836	5.768509	0.02918683	0.002239595	0.02694723	0.002239595
8550	-215.9796	-222.2714	6.291847	0.03344668	0.01268508	0.02076159	0.01268508
8560	-215.6386	-221.5095	5.870894	0.03096834	0.002648257	0.02832009	0.002648257
8570	-219.4815	-225.7354	6.253856	0.03822955	0.01020074	0.02802881	0.01020074
8580	-214.0291	-220.4038	6.374689	0.0299005	0.009087774	0.02081273	0.009087774
8590	-230.7579	-236.3109	5.553023	0.05971448	0.03089971	0.02881477	0.03089971
8600	-215.7121	-222.0411	6.328997	0.03300878	0.01138716	0.02162162	0.01138716
8610	-219.1141	-225.1094	5.995251	0.03919703	0.02067592	0.01852111	0.02067592
8620	-215.0924	-221.412	6.319587	0.03175225	0.0115461	0.02020615	0.0115461
8630	-210.2554	-215.4524	5.196982	0.01936177	0.001286989	0.01807479	0.001286989
8640	-224.6558	-230.3101	5.654319	0.05094904	0.03128603	0.01966301	0.03128603
8650	-218.0669	-224.3112	6.24425	0.03717724	0.01404361	0.02313362	0.01404361
8660	-211.7381	-217.9407	6.202599	0.02246313	0.007430421	0.01503271	0.007430421
8670	-226.1171	-232.0381	5.920954	0.04908204	0.01898408	0.03009796	0.01898408
8680	-212.0398	-218.2805	6.240687	0.02372299	0.008076935	0.01564605	0.008076935
8690	-223.5909	-229.6171	6.026167	0.04081664	0.005972679	0.03484396	0.005972679
8700	-215.6226	-221.9645	6.341863	0.03285437	0.0108266	0.02202777	0.0108266
8710	-212.1415	-218.1755	6.033957	0.02615522	0.002879196	0.02327602	0.002879196
8720	-224.4408	-230.3018	5.861053	0.0491244	0.02480421	0.02432019	0.02480421
8730	-215.5417	-221.2286	5.686883	0.03050695	0.002133707	0.02837324	0.002133707
8740	-216.4742	-222.7712	6.297065	0.03341195	0.006338501	0.02707345	0.006338501
8750	-226.5775	-231.9192	5.341696	0.05562499	0.03880931	0.01681567	0.03880931
8760	-211.5979	-217.4987	5.900794	0.01773251	0.00536809	0.01236442	0.00536809
8770	-210.3644	-216.4698	6.105453	0.02006204	0.003877864	0.01618418	0.003877864
8780	-214.4314	-220.6879	6.256456	0.02981703	0.01209998	0.01771705	0.01209998
8790	-226.838	-232.3211	5.483074	0.05602352	0.03656857	0.01945495	0.03656857
8800	-211.7771	-217.9892	6.212145	0.022694	0.007522682	0.01517132	0.007522682
8810	-213.7924	-219.8607	6.06824	0.02627531	0.01202637	0.01424895	0.01202637
8820	-214.7086	-220.246	5.537447	0.02327012	0.01282108	0.01044904	0.01282108
8830	-218.0837	-224.2695	6.185817	0.03736114	0.01607422	0.02128693	0.01607422
8840	-210.2646	-215.6862	5.421552	0.02035229	0.001522649	0.01882964	0.001522649
8850	-224.494	-230.4806	5.986618	0.04159105	0.005861825	0.03572923	0.005861825
8860	-210.2705	-216.3488	6.078296	0.0209535	0.003307032	0.01764647	0.003307032
8870	-223.6845	-229.666	5.981548	0.04662773	0.02017528	0.02645245	0.02017528
8880	-221.5635	-227.2087	5.64517	0.04376849	0.0279013	0.01586719	0.0279013
8890	-212.9959	-219.0034	6.007597	0.02754618	0.002849142	0.02469704	0.002849142
8900	-215.1034	-220.4469	5.343456	0.02249762	0.01291369	0.009583934	0.01291369
8910	-213.3892	-219.7376	6.348422	0.02882288	0.005696876	0.023126	0.005696876
8920	-228.3305	-233.9157	5.585186	0.05746461	0.03301377	0.02445084	0.03301377
8930	-212.3496	-218.7045	6.354927	0.02683352	0.005666749	0.02116677	0.005666749
8940	-213.5755	-219.6337	6.058133	0.02852776	0.003126113	0.02540165	0.003126113
8950	-211.9512	-217.7454	5.794205	0.01693403	0.005304657	0.01162937	0.005304657
8960	-213.8305	-219.9566	6.126155	0.02904309	0.003513191	0.0255299	0.003513191
8970	-213.779	-219.2488	5.469796	0.01826393	0.008552438	0.009711489	0.008552438
8980	-213.1693	-219.5345	6.365206	0.02799099	0.008665325	0.01932567	0.008665325
8990	-212.6327	-218.4669	5.834196	0.01957705	0.007993287	0.01158377	0.007993287
9000	-212.5454	-218.9034	6.357998	0.02656959	0.007914581	0.01865501	0.007914581
9010	-215.4449	-221.297	5.852115	0.03068664	0.002566517	0.02812012	0.002566517
9020	-230.8568	-234.3533	3.496502	0.06126948	0.05354462	0.007724857	0.05354462
9030	-213.4371	-219.311	5.873924	0.02291182	0.01076326	0.01214856	0.01076326
9040	-214.4274	-220.7645	6.337034	0.0304513	0.01065826	0.01979304	0.01065826
9050	-212.3966	-218.7575	6.360898	0.02632496	0.007555645	0.01876931	0.007555645
9060	-225.2654	-231.1961	5.930687	0.04859318	0.02019511	0.02839806	0.02019511
9070	-213.3445	-219.6936	6.349065	0.02874582	0.005695633	0.02305019	0.005695633
9080	-219.7882	-225.4775	5.689229	0.03943324	0.02462647	0.01480677	0.02462647
9090	-212.71	-218.8534	6.143421	0.02731479	0.003452076	0.02386272	0.003452076
9100	-218.3856	-224.1176	5.732021	0.03599846	0.02186324	0.01413522	0.02186324
9110	-211.768	-217.8762	6.108167	0.02113234	0.007276147	0.01385619	0.007276147
9120	-214.8358	-219.3621	4.526352	0.01111424	0.001564663	0.009549579	0.001564663
9130	-210.3342	-216.4211	6.086914	0.01986876	0.003769466	0.01609929	0.003769466
9140	-212.588	-218.511	5.923035	0.02077158	0.008542782	0.0122288	0.008542782
9150	-210.1308	-216.0582	5.927419	0.01899285	0.002898254	0.0160946	0.002898254
9160	-217.2828	-223.1824	5.899597	0.03424102	0.01915262	0.0150884	0.01915262
9170	-212.4713	-218.8465	6.375241	0.02693366	0.006591599	0.02034206	0.006591599
9180	-217.8117	-223.641	5.829259	0.03513682	0.02041723	0.01471958	0.02041723
9190	-213.708	-219.8254	6.117332	0.02657845	0.01178497	0.01479348	0.01178497
9200	-210.2305	-216.1846	5.954169	0.02114263	0.002666245	0.01847639	0.002666245
9210	-237.0071	-242.5243	5.517234	0.05892237	0.0179493	0.04097307	0.0179493
9220	-211.0133	-217.0645	6.051112	0.01895709	0.00507741	0.01387968	0.00507741
9230	-212.3988	-215.3017	2.902854	0.01553812	0.0003713976	0.01516673	0.0003713976
9240	-221.8982	-227.1026	5.204384	0.04238638	0.03038552	0.01200086	0.03038552
9250	-218.9312	-225.0169	6.08571	0.03897846	0.01882521	0.02015325	0.01882521
9260	-210.3099	-216.3062	5.996338	0.02152746	0.00280058	0.01872688	0.00280058
9270	-211.2894	-217.5355	6.246052	0.0222824	0.006344386	0.01593801	0.006344386
9280	-211.5531	-216.9342	5.381118	0.01445701	0.002235929	0.01222109	0.002235929
9290	-215.5382	-221.8626	6.324445	0.03266922	0.01155058	0.02111864	0.01155058
9300	-223.7772	-228.8521	5.074925	0.04702065	0.03490236	0.0121183	0.03490236
9310	-218.0247	-224.0575	6.032757	0.03425751	0.003789965	0.03046755	0.003789965
9320	-211.2434	-217.5524	6.308955	0.02365342	0.005599622	0.01805379	0.005599622
9330	-213.7766	-219.9221	6.145555	0.02900383	0.003620442	0.02538339	0.003620442
9340	-212.5769	-218.8974	6.32046	0.02609027	0.008610943	0.01747933	0.008610943
9350	-210.7123	-216.8839	6.171527	0.02055805	0.00488729	0.01567076	0.00488729
9360	-211.3696	-217.6913	6.321701	0.02424831	0.005498128	0.01875018	0.005498128
9370	-211.9289	-217.9949	6.065963	0.02091768	0.007505677	0.013412	0.007505677
9380	-214.4067	-219.9021	5.495422	0.02158583	0.01151222	0.01007361	0.01151222
9390	-210.2841	-215.7797	5.49561	0.0169634	0.001879755	0.01508364	0.001879755
9400	-223.0364	-229.134	6.097673	0.04381036	0.01442473	0.02938563	0.01442473
9410	-216.8951	-223.2082	6.313057	0.03421108	0.007309981	0.0269011	0.007309981
9420	-226.4701	-232.4108	5.94072	0.04852688	0.01681082	0.03171607	0.01681082
9430	-217.0762	-223.3437	6.267532	0.03408377	0.0060987	0.02798507	0.0060987
9440	-218.3968	-224.6351	6.238208	0.03575011	0.00647072	0.0292794	0.00647072
9450	-225.8377	-230.1827	4.34494	0.0493309	0.04013835	0.009192555	0.04013835
9460	-216.7174	-222.9708	6.253407	0.03481059	0.01396612	0.02084448	0.01396612
9470	-211.4273	-217.5794	6.152112	0.02488554	0.00340823	0.02147731	0.00340823
9480	-212.8425	-219.1269	6.284385	0.02624787	0.009428712	0.01681916	0.009428712
9490	-220.4196	-226.5907	6.171081	0.04081553	0.01511319	0.02570233	0.01511319
9500	-212.5625	-218.7676	6.205145	0.02453945	0.009266629	0.01527283	0.009266629
9510	-213.0649	-218.6192	5.554325	0.01633339	0.006199194	0.0101342	0.006199194
9520	-228.2305	-232.0052	3.774663	0.05398009	0.04605817	0.007921918	0.04605817
9530	-212.3738	-218.7234	6.349588	0.0260809	0.007794956	0.01828594	0.007794956
9540	-222.0589	-227.9992	5.940222	0.04503188	0.02314946	0.02188242	0.02314946
9550	-217.169	-223.4253	6.256319	0.03413989	0.005927461	0.02821243	0.005927461
9560	-227.3433	-233.1875	5.844207	0.04377775	0.005276452	0.0385013	0.005276452
9570	-211.7967	-218.1251	6.328464	0.02460679	0.006952872	0.01765391	0.006952872
9580	-235.429	-239.9936	4.564539	0.08039194	0.06498655	0.01540539	0.06498655
9590	-218.9279	-225.1355	6.207612	0.03866066	0.01501632	0.02364434	0.01501632
9600	-215.3492	-221.0986	5.749359	0.03037478	0.002267998	0.02810678	0.002267998
9610	-210.6127	-216.788	6.175348	0.02070732	0.00462547	0.01608185	0.00462547
9620	-210.5254	-216.5204	5.995001	0.02239114	0.002735935	0.01965521	0.002735935
9630	-218.3571	-224.6178	6.260775	0.03744584	0.01294095	0.02450489	0.01294095
9640	-221.5106	-227.6933	6.182693	0.04075983	0.01078786	0.02997198	0.01078786
9650	-219.2105	-224.3948	5.184315	0.03452949	0.02395982	0.01056967	0.02395982
9660	-213.8649	-220.1336	6.268662	0.02856523	0.01119504	0.01737018	0.01119504
9670	-218.0925	-223.1468	5.054225	0.03018958	0.02071862	0.009470957	0.02071862
9680	-214.6946	-220.9799	6.285384	0.03066457	0.01197835	0.01868622	0.01197835
9690	-214.8118	-221.1661	6.354234	0.03120538	0.00664494	0.02456044	0.00664494
9700	-220.5098	-226.6908	6.180979	0.0382469	0.007004368	0.03124253	0.007004368
9710	-215.2673	-221.5735	6.306238	0.03205021	0.01199391	0.0200563	0.01199391
9720	-226.0965	-231.7245	5.628013	0.05380275	0.03244064	0.02136211	0.03244064
9730	-214.6797	-221.0507	6.370998	0.03115983	0.00941163	0.0217482	0.00941163
9740	-210.2606	-216.2458	5.985219	0.02128265	0.002776865	0.01850579	0.002776865
9750	-210.0966	-215.7227	5.626146	0.01991468	0.001867762	0.01804692	0.001867762
9760	-212.9693	-219.1264	6.157173	0.02501683	0.01019815	0.01481868	0.01019815
9770	-223.7517	-229.7521	6.000438	0.04633708	0.01907116	0.02726592	0.01907116
9780	-212.2343	-218.5851	6.350807	0.02582616	0.007494214	0.01833195	0.007494214
9790	-210.2448	-216.2228	5.977927	0.01885589	0.003266213	0.01558968	0.003266213
9800	-213.1507	-219.0948	5.944072	0.02288247	0.01027419	0.01260828	0.01027419
9810	-215.5847	-221.829	6.244294	0.03186891	0.004935801	0.02693311	0.004935801
9820	-211.0454	-217.1801	6.134714	0.02016344	0.005580845	0.01458259	0.005580845
9830	-217.9601	-224.217	6.256859	0.03694624	0.01355665	0.02338959	0.01355665
9840	-212.4798	-218.6887	6.208964	0.02701914	0.003845939	0.0231732	0.003845939
9850	-214.6946	-221.0417	6.347077	0.03107656	0.01051768	0.02055887	0.01051768
9860	-222.0746	-227.6391	5.564532	0.04473817	0.02939039	0.01534778	0.02939039
9870	-216.6538	-222.5192	5.865404	0.03231536	0.01813875	0.01417661	0.01813875
9880	-223.3826	-229.4416	6.058977	0.04491069	0.01632445	0.02858624	0.01632445
9890	-213.0631	-219.3349	6.271778	0.02663442	0.009910254	0.01672417	0.009910254
9900	-211.2354	-217.2043	5.96886	0.01811759	0.005032266	0.01308533	0.005032266
9910	-216.2716	-222.3701	6.098482	0.03230273	0.003820279	0.02848245	0.003820279
9920	-212.6879	-219.0667	6.378727	0.02742561	0.006641459	0.02078415	0.006641459
9930	-218.8119	-223.5285	4.71663	0.02999374	0.02159772	0.008396012	0.02159772
9940	-213.0385	-219.4095	6.371008	0.02819856	0.006206569	0.021992	0.006206569
9950	-217.7834	-224.0611	6.277651	0.03654839	0.01266983	0.02387856	0.01266983
9960	-211.3753	-216.0881	4.712808	0.02221817	0.0008886599	0.02132951	0.0008886599
9970	-211.201	-217.3732	6.172215	0.02094518	0.006085196	0.01485999	0.006085196
9980	-224.7756	-230.1908	5.415155	0.05117499	0.03517621	0.01599878	0.03517621
9990	-211.3359	-217.009	5.673085	0.02402764	0.001875998	0.02215165	0.001875998
10000	-212.345	-218.6461	6.301135	0.02529366	0.008384996	0.01690866	0.008384996
