Iteration	Posterior	Likelihood	Prior	birth_rate	death_rate	diversification	turnover
0	-232.7755	-237.7904	5.014963	0.07152931	0.05256649	0.01896282	0.05256649
10	-292.6043	-294.603	1.998684	0.1850061	0.1242369	0.06076919	0.1242369
20	-239.4893	-244.9549	5.465598	0.05922373	0.01500823	0.04421549	0.01500823
30	-211.6238	-217.9152	6.291379	0.0236254	0.006948763	0.01667664	0.006948763
40	-217.4864	-223.7161	6.229719	0.03624415	0.01474894	0.02149521	0.01474894
50	-241.0908	-246.5425	5.451658	0.0576132	0.01034277	0.04727043	0.01034277
60	-225.964	-231.7492	5.785268	0.05182834	0.02654375	0.02528459	0.02654375
70	-240.0399	-245.3497	5.309754	0.06477487	0.02347374	0.04130112	0.02347374
80	-213.4997	-219.8138	6.314047	0.02815587	0.01012132	0.01803454	0.01012132
90	-241.3357	-246.5558	5.220162	0.06730675	0.02580426	0.0415025	0.02580426
100	-218.5594	-224.7539	6.194501	0.03563625	0.00566956	0.02996669	0.00566956
110	-217.5896	-223.355	5.765426	0.03409185	0.02022542	0.01386643	0.02022542
120	-219.5866	-225.3796	5.79298	0.03947714	0.02359894	0.0158782	0.02359894
130	-219.9579	-226.1475	6.189542	0.03752666	0.006653057	0.0308736	0.006653057
140	-240.3574	-245.8352	5.477788	0.0563376	0.00916564	0.04717196	0.00916564
150	-215.4131	-221.7777	6.364591	0.0324457	0.009343954	0.02310174	0.009343954
160	-218.3892	-224.5677	6.178549	0.03792075	0.01629121	0.02162954	0.01629121
170	-220.4724	-226.3228	5.85037	0.04185309	0.02417402	0.01767908	0.02417402
180	-227.8772	-233.5755	5.69822	0.05496327	0.0281443	0.02681897	0.0281443
190	-216.0156	-222.22	6.204405	0.03313748	0.0145774	0.01856008	0.0145774
200	-219.9032	-225.8585	5.955237	0.0361663	0.00372888	0.03243742	0.00372888
210	-211.8748	-218.0385	6.163775	0.02583146	0.003491734	0.02233972	0.003491734
220	-214.5111	-220.8841	6.373017	0.03084606	0.009297369	0.02154869	0.009297369
230	-244.8396	-249.7998	4.960187	0.07503586	0.03326629	0.04176956	0.03326629
240	-234.1978	-239.7006	5.502826	0.06082748	0.02585465	0.03497283	0.02585465
250	-241.6072	-246.2551	4.647869	0.0919735	0.06603995	0.02593356	0.06603995
260	-214.5127	-220.4144	5.901634	0.02955931	0.002627991	0.02693132	0.002627991
270	-231.192	-236.7787	5.586683	0.05878486	0.02792376	0.0308611	0.02792376
280	-217.4203	-223.2846	5.864303	0.03435149	0.01956174	0.01478974	0.01956174
290	-211.2766	-217.5802	6.303693	0.02343284	0.005901743	0.0175311	0.005901743
300	-224.7142	-230.4339	5.719679	0.05079333	0.02963399	0.02115934	0.02963399
310	-213.8854	-219.2318	5.346378	0.01604251	0.006823651	0.009218857	0.006823651
320	-212.5743	-218.8402	6.265857	0.02535949	0.009066669	0.01629282	0.009066669
330	-239.4865	-244.4495	4.963035	0.07918538	0.04848434	0.03070104	0.04848434
340	-212.6347	-218.3497	5.714945	0.017605	0.006703814	0.01090118	0.006703814
350	-266.2152	-270.3776	4.16243	0.0912746	0.03279309	0.05848151	0.03279309
360	-213.2877	-219.1957	5.908008	0.02285793	0.01049778	0.01236016	0.01049778
370	-234.0853	-239.025	4.939727	0.07506959	0.05570107	0.01936851	0.05570107
380	-211.1947	-217.2502	6.055458	0.01921735	0.005534811	0.01368253	0.005534811
390	-228.7554	-233.1821	4.426663	0.05881239	0.04824185	0.01057054	0.04824185
400	-236.9014	-241.8264	4.924947	0.08006886	0.05629082	0.02377804	0.05629082
410	-234.5311	-238.8887	4.357604	0.04632101	0.001207127	0.04511389	0.001207127
420	-216.4851	-222.8231	6.338031	0.03423218	0.01023812	0.02399406	0.01023812
430	-216.1211	-222.3756	6.254481	0.03266241	0.005304116	0.02735829	0.005304116
440	-243.4558	-248.3161	4.860346	0.0806864	0.04408298	0.03660342	0.04408298
450	-242.1797	-246.726	4.546263	0.09599088	0.07171496	0.02427592	0.07171496
460	-227.3746	-232.8658	5.491191	0.0570566	0.0366429	0.02041371	0.0366429
470	-225.9283	-231.2773	5.348999	0.05399139	0.03773329	0.0162581	0.03773329
480	-218.8834	-225.1479	6.264429	0.0378797	0.01162116	0.02625854	0.01162116
490	-246.5371	-251.0793	4.542202	0.09373596	0.05941592	0.03432004	0.05941592
500	-217.8316	-224.1279	6.296345	0.03638416	0.01129672	0.02508745	0.01129672
510	-213.5494	-219.8597	6.310357	0.02824091	0.01024612	0.0179948	0.01024612
520	-257.5575	-259.9145	2.356936	0.1794438	0.1679548	0.01148899	0.1679548
530	-227.1736	-232.2746	5.101025	0.0567717	0.0422758	0.0144959	0.0422758
540	-232.1101	-237.3173	5.207226	0.06823836	0.04634763	0.02189073	0.04634763
550	-210.6623	-216.8536	6.191262	0.02263752	0.003843615	0.01879391	0.003843615
560	-218.9564	-225.0809	6.124473	0.03901904	0.01786603	0.021153	0.01786603
570	-255.9586	-260.2789	4.320319	0.09324995	0.04618593	0.04706402	0.04618593
580	-214.7695	-220.9461	6.176513	0.02995198	0.01336594	0.01658604	0.01336594
590	-224.3109	-230.3383	6.027385	0.04595815	0.01627316	0.02968498	0.01627316
600	-217.38	-222.2818	4.901761	0.02660285	0.01801641	0.008586445	0.01801641
610	-215.9959	-222.1834	6.18752	0.03299333	0.01481142	0.01818191	0.01481142
620	-211.4016	-217.0446	5.643051	0.01537994	0.003129988	0.01224996	0.003129988
630	-219.8008	-225.9	6.099141	0.04056632	0.01858458	0.02198174	0.01858458
640	-216.7519	-222.9486	6.196796	0.03326421	0.004823413	0.0284408	0.004823413
650	-218.6873	-224.9472	6.259927	0.03645939	0.00757495	0.02888444	0.00757495
660	-213.4243	-219.6419	6.217639	0.0286204	0.004064506	0.0245559	0.004064506
670	-229.3984	-234.7779	5.379527	0.06166617	0.0404258	0.02124037	0.0404258
680	-215.5416	-221.9054	6.36387	0.03263708	0.009061737	0.02357534	0.009061737
690	-224.113	-228.2306	4.117591	0.04283978	0.03489269	0.007947088	0.03489269
700	-245.8791	-250.6129	4.733754	0.08428945	0.04604525	0.03824419	0.04604525
710	-219.2764	-225.5369	6.260453	0.03798457	0.01019008	0.0277945	0.01019008
720	-215.0621	-220.966	5.903882	0.02821838	0.01482725	0.01339113	0.01482725
730	-232.2331	-237.4575	5.224349	0.06816873	0.04564522	0.02252351	0.04564522
740	-225.1654	-230.8524	5.686979	0.04076757	0.003312919	0.03745465	0.003312919
750	-244.1338	-248.6743	4.540469	0.09636257	0.06784983	0.02851274	0.06784983
760	-212.4123	-218.7084	6.296042	0.02699464	0.004647995	0.02234665	0.004647995
770	-213.7497	-219.9443	6.19463	0.02751999	0.01158851	0.01593148	0.01158851
780	-226.1411	-231.6238	5.482677	0.05451483	0.03600664	0.01850819	0.03600664
790	-226.1941	-232.131	5.936925	0.04865178	0.01777318	0.0308786	0.01777318
800	-213.5258	-218.3296	4.803851	0.01212212	0.00167868	0.01044344	0.00167868
810	-212.4776	-218.5812	6.10354	0.02685449	0.003215392	0.02363909	0.003215392
820	-264.708	-269.123	4.415004	0.08301349	0.02295764	0.06005586	0.02295764
830	-216.2957	-222.6032	6.30749	0.03406451	0.01217513	0.02188938	0.01217513
840	-212.6783	-218.3832	5.704812	0.0175887	0.006746545	0.01084215	0.006746545
850	-213.6309	-219.8111	6.180164	0.02705506	0.01144433	0.01561073	0.01144433
860	-239.864	-245.0584	5.194432	0.06921855	0.03108278	0.03813577	0.03108278
870	-210.2057	-216.064	5.858281	0.02099654	0.00235637	0.01864017	0.00235637
880	-226.4524	-231.9627	5.510351	0.05511535	0.03568322	0.01943213	0.03568322
890	-226.6057	-231.7379	5.132259	0.05527384	0.04089712	0.01437671	0.04089712
900	-233.9197	-238.2856	4.365904	0.07532279	0.06273036	0.01259243	0.06273036
910	-214.4038	-220.7841	6.380321	0.03066555	0.007655288	0.02301027	0.007655288
920	-216.6318	-222.1947	5.562904	0.02976951	0.0181784	0.01159111	0.0181784
930	-229.3553	-235.0592	5.703887	0.05533629	0.02496504	0.03037126	0.02496504
940	-219.6102	-225.847	6.23676	0.03767702	0.008072809	0.02960421	0.008072809
950	-279.3406	-282.361	3.020391	0.1341789	0.07553177	0.05864715	0.07553177
960	-213.0426	-219.3885	6.345957	0.02747232	0.008958041	0.01851428	0.008958041
970	-216.7922	-222.9268	6.134601	0.03452608	0.0163782	0.01814787	0.0163782
980	-231.2644	-235.8402	4.575819	0.06734297	0.05469039	0.01265258	0.05469039
990	-222.8665	-228.9287	6.062218	0.04459113	0.01716725	0.02742388	0.01716725
1000	-212.1569	-218.2573	6.10046	0.02203149	0.008243797	0.01378769	0.008243797
1010	-211.173	-217.4705	6.297456	0.02326098	0.00563536	0.01762562	0.00563536
1020	-214.8778	-221.2194	6.341606	0.03142138	0.01078002	0.02064136	0.01078002
1030	-212.9538	-218.8051	5.851302	0.02096368	0.009188903	0.01177477	0.009188903
1040	-221.9242	-227.6303	5.706098	0.0448619	0.02777976	0.01708214	0.02777976
1050	-222.9172	-226.5811	3.66389	0.03662997	0.03007641	0.006553557	0.03007641
1060	-218.6084	-224.1171	5.508699	0.03374157	0.001984449	0.03175712	0.001984449
1070	-220.3286	-226.4461	6.117467	0.04128086	0.01771715	0.02356371	0.01771715
1080	-246.2634	-250.2651	4.00173	0.1172601	0.09818792	0.01907214	0.09818792
1090	-231.0496	-235.3789	4.329329	0.0657262	0.0547388	0.0109874	0.0547388
1100	-216.2753	-222.5889	6.313584	0.03323477	0.006628405	0.02660636	0.006628405
1110	-230.8819	-235.8902	5.008242	0.0668311	0.05017354	0.01665756	0.05017354
1120	-213.9141	-219.7842	5.870089	0.02440896	0.0120434	0.01236556	0.0120434
1130	-210.5523	-216.6919	6.139573	0.02237306	0.00347477	0.01889829	0.00347477
1140	-210.6204	-216.8219	6.201461	0.02127386	0.004592074	0.01668178	0.004592074
1150	-223.3247	-228.5847	5.260084	0.04669145	0.03342546	0.01326599	0.03342546
1160	-278.5938	-280.2323	1.638545	0.3065317	0.2817707	0.02476104	0.2817707
1170	-215.3949	-221.3397	5.944827	0.02953796	0.01548611	0.01405184	0.01548611
1180	-215.4293	-221.7685	6.339276	0.03249547	0.01097465	0.02152082	0.01097465
1190	-218.1848	-224.4701	6.285372	0.03603332	0.008081801	0.02795152	0.008081801
1200	-243.0529	-247.3076	4.254744	0.1046453	0.08543348	0.01921179	0.08543348
1210	-221.6582	-227.5958	5.937579	0.03804928	0.004059113	0.03399017	0.004059113
1220	-260.661	-264.9103	4.249258	0.09186292	0.03912616	0.05273676	0.03912616
1230	-232.7941	-238.5035	5.709457	0.05414537	0.01592723	0.03821814	0.01592723
1240	-234.412	-239.6494	5.237442	0.06972763	0.04231348	0.02741415	0.04231348
1250	-221.7138	-227.087	5.373202	0.04282646	0.02965332	0.01317314	0.02965332
1260	-213.2596	-219.2802	6.020635	0.02797972	0.002927599	0.02505212	0.002927599
1270	-218.0832	-223.4784	5.39524	0.03273995	0.02147772	0.01126224	0.02147772
1280	-257.0462	-261.6535	4.607341	0.0803001	0.02676245	0.05353765	0.02676245
1290	-231.6176	-236.9977	5.380087	0.06448982	0.03899912	0.0254907	0.03899912
1300	-226.8198	-232.6915	5.871683	0.05048998	0.02045293	0.03003705	0.02045293
1310	-215.9392	-220.6857	4.746536	0.01776268	0.01027435	0.007488328	0.01027435
1320	-216.0587	-222.4084	6.349766	0.03352658	0.009848266	0.02367832	0.009848266
1330	-254.6784	-259.3839	4.705471	0.06246532	0.00357916	0.05888616	0.00357916
1340	-214.4203	-218.8492	4.428939	0.02716076	0.0007738185	0.02638695	0.0007738185
1350	-217.3625	-223.5757	6.213172	0.03600759	0.01521017	0.02079742	0.01521017
1360	-225.3824	-231.4188	6.036455	0.04513499	0.01165711	0.03347788	0.01165711
1370	-235.424	-240.6849	5.260937	0.06895597	0.03849084	0.03046512	0.03849084
1380	-224.779	-230.6589	5.879931	0.04921695	0.02360746	0.0256095	0.02360746
1390	-217.0145	-223.3416	6.327159	0.03499018	0.01009006	0.02490011	0.01009006
1400	-228.3392	-233.8501	5.510989	0.0432414	0.003039902	0.0402015	0.003039902
1410	-219.1468	-225.3258	6.178945	0.0391686	0.01604698	0.02312162	0.01604698
1420	-214.7181	-221.0764	6.358321	0.03108148	0.006718002	0.02436348	0.006718002
1430	-211.7967	-217.7326	5.935948	0.02537638	0.002516097	0.02286028	0.002516097
1440	-211.0462	-217.2903	6.244085	0.02196593	0.005738816	0.01622712	0.005738816
1450	-221.789	-227.9165	6.127492	0.03947307	0.006804095	0.03266898	0.006804095
1460	-219.2204	-225.3274	6.106919	0.03952562	0.0183734	0.02115222	0.0183734
1470	-242.1019	-247.4765	5.37458	0.06098591	0.01455948	0.04642643	0.01455948
1480	-220.0532	-226.195	6.1418	0.03723232	0.005687432	0.03154489	0.005687432
1490	-240.9919	-245.6847	4.692874	0.09008201	0.0641932	0.02588881	0.0641932
1500	-233.2848	-238.8707	5.585936	0.04827901	0.004777624	0.04350139	0.004777624
1510	-212.1416	-218.4514	6.309804	0.02496785	0.007911736	0.01705612	0.007911736
1520	-228.0273	-228.9204	0.8931586	0.0400085	0.03639947	0.003609031	0.03639947
1530	-233.7671	-239.4346	5.667495	0.04965434	0.006427313	0.04322703	0.006427313
1540	-247.9845	-252.2695	4.284946	0.1072946	0.07753781	0.02975681	0.07753781
1550	-216.7777	-221.1608	4.383073	0.01015242	0.002034857	0.00811756	0.002034857
1560	-230.8024	-236.3337	5.531353	0.06031229	0.03207069	0.0282416	0.03207069
1570	-248.2659	-253.0334	4.767529	0.08032236	0.03682865	0.04349372	0.03682865
1580	-224.1342	-229.857	5.722737	0.049697	0.02941004	0.02028695	0.02941004
1590	-211.0888	-216.9729	5.884146	0.01711615	0.004133237	0.01298291	0.004133237
1600	-219.1079	-225.1752	6.067275	0.03567296	0.00435571	0.03131725	0.00435571
1610	-221.9851	-224.0593	2.074203	0.01322461	0.00938704	0.003837569	0.00938704
1620	-223.074	-229.0954	6.021367	0.04012578	0.005542762	0.03458302	0.005542762
1630	-219.3756	-224.8531	5.4775	0.03699892	0.02444904	0.01254988	0.02444904
1640	-212.3914	-218.765	6.373671	0.02666766	0.006806173	0.01986149	0.006806173
1650	-215.3143	-221.6532	6.33881	0.03227535	0.01098951	0.02128584	0.01098951
1660	-216.596	-221.8052	5.209162	0.03102864	0.001414665	0.02961397	0.001414665
1670	-228.5453	-233.9929	5.447602	0.05952665	0.03817768	0.02134897	0.03817768
1680	-220.8725	-226.8721	5.999529	0.03742727	0.004326517	0.03310075	0.004326517
1690	-260.1203	-263.6783	3.557991	0.137441	0.1007276	0.03671346	0.1007276
1700	-254.3313	-258.9488	4.617436	0.08167525	0.03164196	0.05003328	0.03164196
1710	-213.6376	-220.0242	6.386674	0.02925113	0.007913985	0.02133715	0.007913985
1720	-222.4479	-228.3322	5.884319	0.04596339	0.02477207	0.02119132	0.02477207
1730	-213.2818	-219.3718	6.090016	0.02508542	0.01091674	0.01416868	0.01091674
1740	-212.4148	-218.4152	6.000305	0.021354	0.008507263	0.01284673	0.008507263
1750	-217.6231	-223.923	6.299887	0.03526619	0.007823245	0.02744295	0.007823245
1760	-232.4851	-237.5696	5.08444	0.07033107	0.05048123	0.01984983	0.05048123
1770	-240.7562	-245.4359	4.679759	0.09045758	0.06546181	0.02499577	0.06546181
1780	-213.7466	-219.305	5.558484	0.01966844	0.009505613	0.01016282	0.009505613
1790	-219.4977	-223.5623	4.06461	0.02765018	0.02092535	0.006724835	0.02092535
1800	-262.3215	-266.6843	4.362824	0.08614399	0.02958608	0.05655791	0.02958608
1810	-255.945	-259.1174	3.17243	0.1645006	0.1466323	0.01786831	0.1466323
1820	-277.4346	-279.528	2.093435	0.2415135	0.2062931	0.03522045	0.2062931
1830	-225.2432	-231.2848	6.041599	0.04500721	0.01167777	0.03332944	0.01167777
1840	-219.1753	-225.3483	6.172951	0.03631295	0.005679833	0.03063312	0.005679833
1850	-240.2394	-245.1004	4.861026	0.08324908	0.05395363	0.02929545	0.05395363
1860	-235.5263	-241.0932	5.566902	0.05794246	0.01845584	0.03948662	0.01845584
1870	-221.8208	-227.8715	6.050727	0.04382725	0.01923338	0.02459387	0.01923338
1880	-217.4959	-223.8111	6.315178	0.0354264	0.009023227	0.02640317	0.009023227
1890	-226.4714	-231.8866	5.415232	0.05536883	0.03756907	0.01779976	0.03756907
1900	-221.6081	-227.6589	6.050746	0.04356803	0.01942861	0.02413942	0.01942861
1910	-221.0305	-226.9852	5.954726	0.04314605	0.02265525	0.02049079	0.02265525
1920	-217.2186	-223.3516	6.133052	0.03548163	0.01680296	0.01867867	0.01680296
1930	-216.9059	-223.0993	6.193319	0.03503713	0.01547464	0.01956249	0.01547464
1940	-215.7486	-221.6301	5.881554	0.0299596	0.01630059	0.01365901	0.01630059
1950	-223.7711	-229.8197	6.048597	0.04528705	0.01612362	0.02916344	0.01612362
1960	-216.9404	-223.2637	6.323308	0.03443889	0.007975279	0.02646361	0.007975279
1970	-217.6424	-223.6384	5.996009	0.03369409	0.003483901	0.03021019	0.003483901
1980	-227.2843	-233.1019	5.817574	0.0519687	0.02267636	0.02929234	0.02267636
1990	-228.4272	-234.3383	5.911108	0.04627236	0.008222071	0.03805028	0.008222071
2000	-217.5377	-223.8389	6.301149	0.03513559	0.007735274	0.02740032	0.007735274
2010	-215.6521	-220.4895	4.837381	0.01733632	0.009649897	0.007686423	0.009649897
2020	-228.5154	-234.4192	5.90381	0.04896184	0.01341787	0.03554397	0.01341787
2030	-215.1441	-221.2848	6.140721	0.03058916	0.014209	0.01638015	0.014209
2040	-227.2124	-232.9788	5.766418	0.05312335	0.02566207	0.02746128	0.02566207
2050	-215.4186	-221.0517	5.633131	0.03026109	0.002008454	0.02825264	0.002008454
2060	-218.2671	-224.4611	6.193999	0.03767839	0.01581993	0.02185846	0.01581993
2070	-239.4776	-244.701	5.223427	0.06834049	0.03021641	0.03812409	0.03021641
2080	-211.9186	-218.1896	6.271029	0.02599768	0.0043307	0.02166698	0.0043307
2090	-236.3723	-241.9945	5.622188	0.05318855	0.00897907	0.04420948	0.00897907
2100	-218.0401	-224.2683	6.228134	0.03720432	0.01469999	0.02250433	0.01469999
2110	-226.1266	-232.1074	5.980801	0.04725197	0.01473372	0.03251825	0.01473372
2120	-212.7019	-218.5471	5.845184	0.01999026	0.008321893	0.01166836	0.008321893
2130	-213.9449	-219.7319	5.786964	0.02353124	0.01180831	0.01172293	0.01180831
2140	-237.322	-242.1857	4.863724	0.08202077	0.05902334	0.02299744	0.05902334
2150	-239.4646	-244.4944	5.029733	0.07631644	0.0436247	0.03269174	0.0436247
2160	-230.3019	-236.1213	5.81946	0.04729238	0.0071637	0.04012868	0.0071637
2170	-217.8813	-223.622	5.740703	0.0347033	0.02086339	0.01383991	0.02086339
2180	-218.3676	-224.6198	6.252216	0.03584654	0.006845438	0.0290011	0.006845438
2190	-217.1352	-223.448	6.312793	0.03536189	0.01127782	0.02408408	0.01127782
2200	-234.3385	-240.0374	5.698953	0.05177811	0.009302519	0.04247559	0.009302519
2210	-224.3524	-230.3217	5.969302	0.04731341	0.01972597	0.02758744	0.01972597
2220	-229.753	-235.5666	5.813544	0.05187544	0.01694258	0.03493286	0.01694258
2230	-215.0753	-221.285	6.209785	0.03097844	0.01346747	0.01751097	0.01346747
2240	-241.4537	-246.0924	4.638708	0.0922694	0.06694091	0.02532849	0.06694091
2250	-211.4587	-217.7258	6.267082	0.02495135	0.004312104	0.02063924	0.004312104
2260	-215.661	-221.9988	6.337761	0.03292246	0.01101386	0.0219086	0.01101386
2270	-221.5132	-226.6369	5.123664	0.0408139	0.02952813	0.01128577	0.02952813
2280	-225.9069	-231.9077	6.000831	0.04387167	0.007889041	0.03598263	0.007889041
2290	-252.6906	-256.6001	3.909555	0.1259881	0.09659023	0.02939791	0.09659023
2300	-256.3422	-259.88	3.537755	0.1484905	0.1217787	0.02671182	0.1217787
2310	-231.2829	-236.5328	5.249917	0.06632149	0.04486361	0.02145788	0.04486361
2320	-218.1382	-224.3301	6.191887	0.03506216	0.005387276	0.02967488	0.005387276
2330	-217.9935	-224.2934	6.299845	0.03604183	0.008956223	0.02708561	0.008956223
2340	-224.3496	-230.4274	6.077765	0.04385102	0.01106792	0.0327831	0.01106792
2350	-223.83	-229.7167	5.886662	0.0480761	0.0242637	0.02381239	0.0242637
2360	-239.6252	-244.4612	4.835943	0.08439135	0.05729541	0.02709594	0.05729541
2370	-210.2215	-216.2807	6.059244	0.02043481	0.003301653	0.01713315	0.003301653
2380	-218.1235	-223.6	5.476539	0.03345261	0.02163444	0.01181817	0.02163444
2390	-217.4393	-223.2869	5.847612	0.034283	0.01966738	0.01461562	0.01966738
2400	-219.0421	-224.4808	5.438675	0.03580066	0.02373509	0.01206557	0.02373509
2410	-250.0903	-254.3307	4.240432	0.1070494	0.07355582	0.03349359	0.07355582
2420	-220.3822	-226.5986	6.216327	0.03872359	0.008610387	0.0301132	0.008610387
2430	-234.5661	-240.0891	5.523027	0.05997686	0.02365354	0.03632333	0.02365354
2440	-225.2247	-231.2278	6.003106	0.0467012	0.01563627	0.03106493	0.01563627
2450	-222.4679	-228.2642	5.796238	0.04619147	0.02687742	0.01931405	0.02687742
2460	-220.9673	-226.9976	6.030274	0.04278575	0.02052941	0.02225635	0.02052941
2470	-212.4308	-218.2336	5.802769	0.0183721	0.006974154	0.01139794	0.006974154
2480	-210.426	-216.2958	5.869754	0.02194254	0.002341238	0.0196013	0.002341238
2490	-263.2981	-267.2361	3.93797	0.1039395	0.05269409	0.05124542	0.05269409
2500	-211.5008	-217.6445	6.143755	0.02105699	0.006735176	0.01432181	0.006735176
2510	-234.28	-239.8993	5.619256	0.05670639	0.01820364	0.03850275	0.01820364
2520	-214.4145	-220.66	6.245443	0.03019201	0.00455467	0.02563734	0.00455467
2530	-219.297	-225.1179	5.820938	0.03889605	0.02293065	0.0159654	0.02293065
2540	-243.7483	-248.8601	5.111828	0.06985346	0.02661527	0.04323819	0.02661527
2550	-210.9242	-215.9871	5.062918	0.01527304	0.001391926	0.01388111	0.001391926
2560	-237.2456	-242.817	5.57143	0.05641818	0.0133113	0.04310688	0.0133113
2570	-215.3819	-221.7352	6.353255	0.03242424	0.01030057	0.02212367	0.01030057
2580	-217.5333	-223.5854	6.052138	0.03581746	0.01826347	0.01755398	0.01826347
2590	-247.3089	-252.3806	5.071729	0.06917478	0.0211381	0.04803668	0.0211381
2600	-229.4423	-235.1209	5.678586	0.05604213	0.02628121	0.02976092	0.02628121
2610	-219.7624	-225.8973	6.134926	0.04034141	0.017385	0.02295641	0.017385
2620	-211.9666	-217.9431	5.976566	0.01968474	0.007055481	0.01262926	0.007055481
2630	-215.2699	-221.639	6.369106	0.03218133	0.008922007	0.02325932	0.008922007
2640	-233.5552	-238.8627	5.307565	0.06739096	0.03978119	0.02760977	0.03978119
2650	-232.0162	-237.1885	5.172276	0.06852227	0.04758016	0.02094211	0.04758016
2660	-232.6993	-237.3254	4.626179	0.07197097	0.05801986	0.01395111	0.05801986
2670	-225.9957	-231.7384	5.742655	0.04179182	0.003816252	0.03797557	0.003816252
2680	-211.8781	-217.9206	6.042475	0.0256812	0.002896434	0.02278477	0.002896434
2690	-240.0338	-244.4748	4.440963	0.09441072	0.07594011	0.01847061	0.07594011
2700	-229.8498	-235.4292	5.579332	0.05872867	0.03115908	0.0275696	0.03115908
2710	-219.1132	-225.3629	6.249664	0.03702434	0.007805168	0.02921917	0.007805168
2720	-219.8892	-226.0725	6.183295	0.03736241	0.006421781	0.03094063	0.006421781
2730	-236.729	-241.3736	4.644664	0.08385311	0.06611485	0.01773825	0.06611485
2740	-215.5086	-221.4549	5.946213	0.03095777	0.002905085	0.02805268	0.002905085
2750	-225.8079	-231.7031	5.895254	0.0496176	0.02116269	0.0284549	0.02116269
2760	-228.8995	-234.3159	5.416438	0.06043301	0.03919808	0.02123492	0.03919808
2770	-219.5586	-225.5034	5.944755	0.04004336	0.02187223	0.01817114	0.02187223
2780	-214.4608	-220.5274	6.066566	0.02811341	0.01338477	0.01472863	0.01338477
2790	-219.4538	-225.6969	6.243097	0.03873474	0.0120611	0.02667364	0.0120611
2800	-212.8535	-219.1908	6.33735	0.02785056	0.005328877	0.02252168	0.005328877
2810	-249.4764	-254.571	5.094614	0.06698622	0.01533959	0.05164663	0.01533959
2820	-217.0645	-221.0899	4.025449	0.009766581	0.001343622	0.008422959	0.001343622
2830	-214.1012	-220.4108	6.309613	0.02950594	0.01093524	0.01857071	0.01093524
2840	-228.6175	-234.3183	5.700711	0.05526505	0.02669148	0.02857357	0.02669148
2850	-247.4108	-252.0082	4.597352	0.08950246	0.05170661	0.03779585	0.05170661
2860	-210.2175	-216.184	5.966484	0.02105481	0.002722796	0.01833202	0.002722796
2870	-213.1845	-219.5698	6.385341	0.02833942	0.007624427	0.020715	0.007624427
2880	-223.5467	-229.1847	5.637995	0.04854888	0.0306555	0.01789339	0.0306555
2890	-245.4502	-250.3929	4.942697	0.07527862	0.0328268	0.04245182	0.0328268
2900	-212.5113	-218.4934	5.982086	0.02138908	0.00868208	0.012707	0.00868208
2910	-233.5216	-239.2164	5.694823	0.05420941	0.01486603	0.03934338	0.01486603
2920	-228.4809	-234.3034	5.822501	0.05192171	0.01965854	0.03226316	0.01965854
2930	-210.806	-217.0584	6.252392	0.02238825	0.004818541	0.01756971	0.004818541
2940	-211.1171	-217.4144	6.297293	0.02343506	0.00527929	0.01815577	0.00527929
2950	-214.1024	-220.0001	5.897648	0.02531631	0.01260247	0.01271384	0.01260247
2960	-216.0651	-221.5136	5.448493	0.02701009	0.01642627	0.01058382	0.01642627
2970	-213.9281	-220.1608	6.232708	0.0294354	0.004303294	0.02513211	0.004303294
2980	-248.2987	-252.5464	4.247687	0.1092132	0.07986023	0.02935302	0.07986023
2990	-213.4017	-219.6141	6.212441	0.02681895	0.01088345	0.0159355	0.01088345
3000	-223.8676	-229.5876	5.719979	0.04918794	0.02935745	0.01983049	0.02935745
3010	-228.224	-233.7597	5.535657	0.05806146	0.03514433	0.02291713	0.03514433
3020	-253.7059	-258.367	4.661073	0.08040522	0.03049782	0.04990741	0.03049782
3030	-225.1311	-231.1791	6.048018	0.04465128	0.01111483	0.03353645	0.01111483
3040	-211.6208	-217.8553	6.234529	0.02535121	0.003985444	0.02136577	0.003985444
3050	-215.6498	-221.8571	6.207304	0.03231722	0.01416771	0.01814952	0.01416771
3060	-215.4913	-220.3623	4.870973	0.01359962	0.005807237	0.007792383	0.005807237
3070	-256.9312	-261.7157	4.784462	0.06494428	0.004900099	0.06004418	0.004900099
3080	-213.0999	-218.6893	5.589346	0.01718713	0.006946343	0.01024079	0.006946343
3090	-226.8429	-232.4361	5.593187	0.0553397	0.03351276	0.02182694	0.03351276
3100	-214.4372	-220.5002	6.06294	0.02801293	0.01334781	0.01466512	0.01334781
3110	-245.1896	-249.1099	3.920239	0.1150542	0.0984665	0.01658766	0.0984665
3120	-222.8842	-229.0171	6.132823	0.0418271	0.009788361	0.03203874	0.009788361
3130	-222.0185	-226.1543	4.135849	0.03645289	0.02895974	0.007493142	0.02895974
3140	-228.0692	-233.7757	5.706509	0.05489437	0.02738596	0.02750841	0.02738596
3150	-247.6704	-252.6364	4.965999	0.07281934	0.02626657	0.04655277	0.02626657
3160	-229.7303	-235.3988	5.668488	0.05635774	0.02625735	0.0301004	0.02625735
3170	-218.4627	-224.3715	5.908809	0.03729284	0.02095603	0.01633681	0.02095603
3180	-230.2231	-235.9802	5.757036	0.05363864	0.0195632	0.03407545	0.0195632
3190	-234.8327	-240.2522	5.419454	0.06348933	0.02957718	0.03391215	0.02957718
3200	-218.5718	-224.8299	6.258086	0.03623924	0.007313878	0.02892536	0.007313878
3210	-211.1842	-217.3942	6.210006	0.02430837	0.003813929	0.02049444	0.003813929
3220	-221.5958	-227.1556	5.559827	0.04347541	0.02859261	0.0148828	0.02859261
3230	-219.4353	-224.5277	5.092477	0.03456386	0.02437557	0.01018829	0.02437557
3240	-243.0587	-247.0985	4.039857	0.1069242	0.09088146	0.01604277	0.09088146
3250	-216.9619	-221.9039	4.941985	0.02546277	0.01687323	0.008589542	0.01687323
3260	-210.2543	-216.3236	6.069338	0.02091248	0.003257429	0.01765505	0.003257429
3270	-213.2799	-219.389	6.109121	0.02818055	0.003338252	0.0248423	0.003338252
3280	-216.5457	-222.7607	6.214992	0.0343601	0.01480909	0.01955102	0.01480909
3290	-211.3773	-217.5286	6.151321	0.02092614	0.006454536	0.01447161	0.006454536
3300	-220.689	-225.2154	4.526337	0.03466711	0.02635044	0.008316674	0.02635044
3310	-222.2481	-226.4514	4.203254	0.03755794	0.02982143	0.007736516	0.02982143
3320	-248.2031	-253.0307	4.827614	0.07784089	0.03319225	0.04464864	0.03319225
3330	-215.369	-220.4444	5.075385	0.02014712	0.01165313	0.008493992	0.01165313
3340	-241.9732	-245.8737	3.900563	0.1034262	0.08966183	0.01376436	0.08966183
3350	-217.4731	-223.3004	5.827333	0.0342274	0.01980827	0.01441913	0.01980827
3360	-214.0468	-220.369	6.322261	0.02949349	0.01064606	0.01884743	0.01064606
3370	-216.417	-221.3499	4.932916	0.02324567	0.01489254	0.008353135	0.01489254
3380	-245.6192	-250.6793	5.060064	0.07060782	0.02539476	0.04521306	0.02539476
3390	-210.3461	-216.4286	6.082498	0.0215334	0.003228847	0.01830456	0.003228847
3400	-211.2126	-216.6984	5.485866	0.01504726	0.002354401	0.01269286	0.002354401
3410	-212.4711	-218.1748	5.703698	0.0168635	0.005930856	0.01093264	0.005930856
3420	-218.7708	-224.7409	5.970078	0.03832903	0.02069442	0.01763461	0.02069442
3430	-212.7339	-219.1117	6.377834	0.02731037	0.007484586	0.01982579	0.007484586
3440	-230.4831	-235.3635	4.880383	0.06569549	0.05090516	0.01479033	0.05090516
3450	-220.7096	-226.8674	6.15778	0.04128324	0.01541121	0.02587203	0.01541121
3460	-213.1359	-219.5213	6.38539	0.0282541	0.007512122	0.02074198	0.007512122
3470	-257.094	-260.8284	3.734408	0.1303677	0.09557089	0.03479681	0.09557089
3480	-219.1429	-225.2795	6.136554	0.03932915	0.01751472	0.02181443	0.01751472
3490	-214.4132	-220.7514	6.338157	0.03049142	0.005930208	0.02456121	0.005930208
3500	-220.5348	-226.4287	5.89389	0.04209799	0.02358129	0.01851671	0.02358129
3510	-221.8484	-227.9965	6.148055	0.04216486	0.01366176	0.02850311	0.01366176
3520	-210.5062	-216.6895	6.183279	0.02161193	0.004048851	0.01756308	0.004048851
3530	-220.5974	-226.8124	6.215034	0.03969393	0.01067994	0.02901399	0.01067994
3540	-232.4783	-238.2487	5.770407	0.05053999	0.00979968	0.04074031	0.00979968
3550	-213.6758	-219.9866	6.310798	0.02853336	0.01040283	0.01813053	0.01040283
3560	-228.0431	-233.6857	5.642619	0.05618342	0.03068184	0.02550158	0.03068184
3570	-218.8143	-225.0821	6.267783	0.0368545	0.008334982	0.02851952	0.008334982
3580	-211.0003	-217.1523	6.151969	0.02037515	0.005536651	0.0148385	0.005536651
3590	-225.6798	-231.1731	5.49327	0.05345483	0.03534624	0.01810859	0.03534624
3600	-231.3456	-236.4805	5.13485	0.06750092	0.04830397	0.01919694	0.04830397
3610	-211.5937	-216.8491	5.255432	0.01424295	0.001932142	0.01231081	0.001932142
3620	-210.9733	-216.7305	5.757254	0.02334578	0.002040516	0.02130527	0.002040516
3630	-217.0727	-223.3363	6.263551	0.03405145	0.006010384	0.02804107	0.006010384
3640	-230.4837	-235.0781	4.594386	0.06493955	0.05258201	0.01235754	0.05258201
3650	-221.581	-227.52	5.939037	0.0379642	0.004046828	0.03391737	0.004046828
3660	-211.5124	-217.8133	6.300856	0.02500822	0.004747526	0.02026069	0.004747526
3670	-211.0413	-217.2104	6.169172	0.02394913	0.003534676	0.02041445	0.003534676
3680	-218.6426	-224.5901	5.947469	0.03792707	0.0208137	0.01711337	0.0208137
3690	-244.4394	-248.3142	3.874723	0.1127134	0.09735849	0.01535495	0.09735849
3700	-225.7829	-231.8043	6.021379	0.0455198	0.01164272	0.03387709	0.01164272
3710	-231.7392	-236.9456	5.206379	0.06763019	0.04639019	0.02124	0.04639019
3720	-215.4771	-221.4406	5.963493	0.02993133	0.01561046	0.01432086	0.01561046
3730	-230.02	-235.3174	5.297396	0.06354911	0.04309848	0.02045063	0.04309848
3740	-213.1533	-219.3828	6.229505	0.02636624	0.01034056	0.01602568	0.01034056
3750	-223.9306	-229.6545	5.723922	0.04929524	0.02929496	0.02000027	0.02929496
3760	-214.2345	-219.7285	5.493942	0.02084424	0.01085176	0.009992479	0.01085176
3770	-219.0261	-225.0513	6.025265	0.03908245	0.020096	0.01898644	0.020096
3780	-220.2084	-223.5712	3.362799	0.01134611	0.006264642	0.005081472	0.006264642
3790	-218.136	-224.382	6.245931	0.03727089	0.01392285	0.02334804	0.01392285
3800	-225.0982	-230.9939	5.895666	0.049213	0.02237762	0.02683538	0.02237762
3810	-216.7123	-222.9161	6.203794	0.03324155	0.004889677	0.02835187	0.004889677
3820	-231.1919	-236.8402	5.648347	0.05688776	0.02410202	0.03278574	0.02410202
3830	-220.0347	-226.1944	6.159698	0.04052916	0.01617076	0.02435839	0.01617076
3840	-270.3766	-272.8179	2.441363	0.2264279	0.1986207	0.0278072	0.1986207
3850	-228.7282	-234.2565	5.528328	0.05881704	0.03512887	0.02368817	0.03512887
3860	-225.1587	-230.9775	5.818759	0.05049726	0.02592262	0.02457464	0.02592262
3870	-229.4218	-235.2098	5.788037	0.05283746	0.01955961	0.03327785	0.01955961
3880	-237.7132	-243.2885	5.57539	0.05460608	0.009618339	0.04498774	0.009618339
3890	-216.7895	-223.1234	6.333926	0.03462568	0.009857047	0.02476864	0.009857047
3900	-240.8472	-245.227	4.379869	0.09723318	0.07875917	0.01847401	0.07875917
3910	-212.2298	-218.0556	5.825757	0.01810502	0.006523686	0.01158133	0.006523686
3920	-230.2708	-234.3644	4.093586	0.06213646	0.05255564	0.009580826	0.05255564
3930	-210.8706	-217.1327	6.262071	0.02251474	0.004989516	0.01752522	0.004989516
3940	-248.1084	-252.9213	4.812957	0.07852312	0.03433411	0.044189	0.03433411
3950	-213.2844	-219.6688	6.384451	0.02850855	0.007885104	0.02062345	0.007885104
3960	-218.274	-224.5553	6.281324	0.03610852	0.00799521	0.02811331	0.00799521
3970	-223.6426	-228.5326	4.889974	0.04564304	0.03473362	0.01090942	0.03473362
3980	-218.8216	-224.7029	5.881266	0.03803084	0.02171515	0.01631569	0.02171515
3990	-226.2617	-231.9426	5.680859	0.05358213	0.03062324	0.02295889	0.03062324
4000	-236.3494	-241.3136	4.964218	0.07851922	0.05480435	0.02371487	0.05480435
4010	-234.8257	-239.8505	5.024855	0.07531286	0.05294965	0.02236321	0.05294965
4020	-248.9899	-253.8416	4.851727	0.07629248	0.02991112	0.04638136	0.02991112
4030	-211.4052	-217.6043	6.199063	0.02171475	0.006634191	0.01508056	0.006634191
4040	-219.8077	-226.0444	6.236736	0.03903244	0.01154548	0.02748696	0.01154548
4050	-210.1025	-216.0161	5.913551	0.01910893	0.002799706	0.01630923	0.002799706
4060	-213.033	-219.3279	6.294942	0.02683512	0.009654733	0.01718039	0.009654733
4070	-215.2751	-221.5051	6.229936	0.03138282	0.004659192	0.02672363	0.004659192
4080	-221.3184	-227.1573	5.838872	0.04373865	0.02519366	0.01854499	0.02519366
4090	-228.0661	-233.4349	5.368845	0.0590934	0.04007419	0.01901921	0.04007419
4100	-217.1502	-223.4742	6.324062	0.03517239	0.0100341	0.02513829	0.0100341
4110	-226.3448	-232.1696	5.824824	0.05140178	0.02404148	0.02736029	0.02404148
4120	-218.0391	-224.2719	6.232819	0.03519626	0.006053413	0.02914285	0.006053413
4130	-213.8226	-220.1878	6.365227	0.02938761	0.009350867	0.02003674	0.009350867
4140	-237.8685	-242.3393	4.470833	0.0880573	0.07155872	0.01649858	0.07155872
4150	-241.8121	-246.6569	4.844809	0.08297774	0.05048062	0.03249712	0.05048062
4160	-232.4075	-236.8944	4.486942	0.07070796	0.05807149	0.01263646	0.05807149
4170	-224.9514	-230.4549	5.503516	0.05174794	0.03433668	0.01741126	0.03433668
4180	-218.4781	-224.6685	6.190364	0.03550139	0.005551575	0.02994982	0.005551575
4190	-222.4197	-228.568	6.148321	0.04192765	0.01125776	0.03066989	0.01125776
4200	-246.9224	-252.1569	5.234497	0.060253	0.007863712	0.05238929	0.007863712
4210	-230.6787	-236.4495	5.770822	0.05300171	0.01742956	0.03557215	0.01742956
4220	-214.4263	-220.6826	6.256218	0.03024063	0.004673455	0.02556717	0.004673455
4230	-240.5862	-244.5155	3.929249	0.09818917	0.08506181	0.01312735	0.08506181
4240	-253.8383	-257.668	3.829732	0.1300231	0.1003153	0.02970776	0.1003153
4250	-235.1627	-237.9917	2.829033	0.07328462	0.06637287	0.006911742	0.06637287
4260	-234.9863	-239.7497	4.763413	0.07850808	0.0609555	0.01755258	0.0609555
4270	-215.4082	-221.7112	6.302996	0.03232875	0.01215258	0.02017617	0.01215258
4280	-214.8617	-220.9352	6.073568	0.0292626	0.01411348	0.01514912	0.01411348
4290	-223.0895	-229.1878	6.098288	0.04379535	0.01422422	0.02957113	0.01422422
4300	-213.0227	-219.1781	6.155367	0.02785168	0.003562993	0.02428869	0.003562993
4310	-218.694	-224.7169	6.022859	0.03834906	0.01986251	0.01848655	0.01986251
4320	-210.9372	-217.1558	6.218592	0.02357569	0.003950162	0.01962552	0.003950162
4330	-210.4176	-215.5973	5.179733	0.0203171	0.001248149	0.01906895	0.001248149
4340	-229.6325	-235.1925	5.56004	0.05906235	0.03256737	0.02649499	0.03256737
4350	-221.8628	-227.8744	6.011522	0.04425682	0.02079427	0.02346255	0.02079427
4360	-243.0108	-248.1793	5.168464	0.06820123	0.02497062	0.04323062	0.02497062
4370	-221.4435	-227.5384	6.0949	0.04287562	0.01763901	0.02523661	0.01763901
4380	-218.852	-225.0886	6.236587	0.03830311	0.01367504	0.02462806	0.01367504
4390	-220.5449	-224.9758	4.430862	0.03362169	0.02565083	0.007970856	0.02565083
4400	-246.1498	-248.966	2.816261	0.1191979	0.1098172	0.009380735	0.1098172
4410	-210.6849	-216.8897	6.204749	0.02265328	0.003971368	0.01868191	0.003971368
4420	-225.3862	-231.4223	6.036125	0.04515483	0.01169306	0.03346177	0.01169306
4430	-230.749	-236.4253	5.676263	0.05609113	0.0234241	0.03266704	0.0234241
4440	-228.3406	-234.1034	5.762793	0.05360693	0.02366755	0.02993938	0.02366755
4450	-249.7098	-254.0763	4.366593	0.09951487	0.0631429	0.03637198	0.0631429
4460	-241.1296	-245.1703	4.040742	0.1001446	0.08568591	0.01445872	0.08568591
4470	-239.4913	-244.9058	5.414492	0.06125448	0.01838593	0.04286856	0.01838593
4480	-217.2235	-222.4598	5.236323	0.0288743	0.01890131	0.009972994	0.01890131
4490	-218.1706	-224.4545	6.283941	0.03596833	0.007942039	0.0280263	0.007942039
4500	-240.2828	-244.103	3.820236	0.09691423	0.08473914	0.01217509	0.08473914
4510	-210.6958	-216.8052	6.109401	0.01961318	0.00466791	0.01494527	0.00466791
4520	-260.5376	-263.5732	3.035682	0.181801	0.1596054	0.02219566	0.1596054
4530	-219.7102	-225.8658	6.155592	0.04013268	0.01662017	0.02351251	0.01662017
4540	-226.0223	-231.9448	5.922552	0.04902382	0.01909788	0.02992594	0.01909788
4550	-235.4868	-240.8435	5.356671	0.06547555	0.0319762	0.03349934	0.0319762
4560	-273.8623	-277.2774	3.415125	0.1186229	0.06121875	0.05740414	0.06121875
4570	-227.087	-232.9499	5.862921	0.05076176	0.02039438	0.03036739	0.02039438
4580	-228.5705	-234.3723	5.801815	0.05253119	0.0207627	0.03176849	0.0207627
4590	-217.4419	-223.6094	6.167508	0.03608212	0.01632263	0.01975949	0.01632263
4600	-231.4439	-237.1135	5.669575	0.05615162	0.02214493	0.03400669	0.02214493
4610	-227.1125	-232.0504	4.937881	0.05602414	0.04302412	0.01300002	0.04302412
4620	-222.4431	-228.5286	6.085572	0.04386918	0.0165939	0.02727528	0.0165939
4630	-223.4384	-229.5464	6.107998	0.04324403	0.01184737	0.03139665	0.01184737
4640	-246.5159	-250.549	4.033093	0.1172389	0.09722713	0.02001182	0.09722713
4650	-211.4594	-217.7776	6.318193	0.02392826	0.006223987	0.01770427	0.006223987
4660	-216.7482	-222.2355	5.487348	0.02948345	0.01832691	0.01115654	0.01832691
4670	-219.1824	-225.2963	6.113947	0.03945293	0.01817651	0.02127641	0.01817651
4680	-218.9871	-225.2571	6.269985	0.03760182	0.01009118	0.02751064	0.01009118
4690	-210.1068	-216.041	5.934227	0.01929932	0.002855649	0.01644368	0.002855649
4700	-212.0346	-217.9156	5.880943	0.01841032	0.0064468	0.01196352	0.0064468
4710	-215.9853	-220.7468	4.761591	0.01856702	0.01100069	0.007566331	0.01100069
4720	-214.1563	-220.4987	6.342423	0.03009335	0.005892738	0.02420061	0.005892738
4730	-227.3629	-232.6764	5.313517	0.05757966	0.04032195	0.01725771	0.04032195
4740	-226.1969	-232.1469	5.94999	0.04826651	0.01686168	0.03140483	0.01686168
4750	-224.8099	-230.7125	5.902657	0.04887246	0.0224624	0.02641007	0.0224624
4760	-216.2693	-220.6775	4.408201	0.02954657	0.0007934001	0.02875317	0.0007934001
4770	-211.6772	-217.5906	5.913371	0.01804849	0.005692712	0.01235577	0.005692712
4780	-223.1007	-229.2091	6.108386	0.04345177	0.01328881	0.03016296	0.01328881
4790	-217.1889	-223.5038	6.314868	0.0347438	0.007910361	0.02683344	0.007910361
4800	-218.0981	-224.364	6.265904	0.03706944	0.01296918	0.02410026	0.01296918
4810	-223.0066	-228.6788	5.672245	0.04733789	0.0295359	0.01780199	0.0295359
4820	-214.1186	-220.4828	6.364199	0.02999989	0.009601631	0.02039825	0.009601631
4830	-227.2632	-233.1172	5.854057	0.05102104	0.02054251	0.03047852	0.02054251
4840	-215.0079	-220.9455	5.937571	0.02838547	0.01469619	0.01368928	0.01469619
4850	-211.9006	-218.0437	6.143129	0.02197436	0.007727198	0.01424716	0.007727198
4860	-223.9508	-229.977	6.026206	0.04589229	0.01717804	0.02871425	0.01717804
4870	-240.5402	-245.9115	5.371314	0.05407386	0.005373041	0.04870082	0.005373041
4880	-219.0903	-223.3038	4.213537	0.02725771	0.02027176	0.006985953	0.02027176
4890	-214.0938	-220.0271	5.933301	0.02567457	0.01264153	0.01303304	0.01264153
4900	-217.7384	-223.4585	5.720143	0.03416632	0.02062819	0.01353813	0.02062819
4910	-218.3708	-223.8324	5.461574	0.03405271	0.02220151	0.0118512	0.02220151
4920	-269.2284	-273.5631	4.334653	0.08366181	0.01966621	0.0639956	0.01966621
4930	-225.5532	-231.5545	6.001269	0.04326113	0.007296362	0.03596477	0.007296362
4940	-219.4447	-225.4138	5.969129	0.03986504	0.02139163	0.01847341	0.02139163
4950	-231.8713	-236.6871	4.81579	0.06966676	0.05444913	0.01521763	0.05444913
4960	-221.7441	-227.6627	5.918632	0.03806168	0.003940917	0.03412076	0.003940917
4970	-223.9295	-229.5586	5.629135	0.04941759	0.03120057	0.01821702	0.03120057
4980	-218.4886	-223.1891	4.700454	0.02880305	0.0205651	0.008237956	0.0205651
4990	-230.7879	-235.9038	5.115888	0.06631672	0.04816625	0.01815047	0.04816625
5000	-262.1385	-265.7787	3.640159	0.1249805	0.08175995	0.04322055	0.08175995
5010	-215.3856	-221.7455	6.359962	0.03242379	0.009848462	0.02257532	0.009848462
5020	-216.0472	-222.3382	6.291021	0.03274399	0.005896876	0.02684712	0.005896876
5030	-246.7403	-251.8	5.059695	0.06994273	0.02299357	0.04694917	0.02299357
5040	-214.9893	-220.8222	5.832898	0.02732463	0.01463076	0.01269387	0.01463076
5050	-241.8373	-247.1046	5.267251	0.06527945	0.02183931	0.04344014	0.02183931
5060	-222.8272	-228.4521	5.624914	0.04682671	0.02995606	0.01687065	0.02995606
5070	-218.1503	-224.4298	6.2795	0.03585319	0.007645783	0.0282074	0.007645783
5080	-229.8164	-235.2469	5.43054	0.0616675	0.03844952	0.02321798	0.03844952
5090	-210.5923	-216.6435	6.051225	0.01891613	0.004201054	0.01471508	0.004201054
5100	-210.7633	-217.007	6.243705	0.0225148	0.00453824	0.01797656	0.00453824
5110	-233.0233	-237.7847	4.761409	0.07302424	0.05744164	0.0155826	0.05744164
5120	-239.8374	-245.3353	5.497868	0.05626928	0.009690082	0.0465792	0.009690082
5130	-221.9913	-227.8271	5.835791	0.04517638	0.0257626	0.01941378	0.0257626
5140	-225.3724	-231.2343	5.86183	0.05002672	0.02367509	0.02635163	0.02367509
5150	-214.4225	-220.8013	6.37883	0.03070383	0.008845285	0.02185855	0.008845285
5160	-219.9296	-225.8792	5.949564	0.04087736	0.0221283	0.01874906	0.0221283
5170	-227.6936	-233.0694	5.375778	0.05824613	0.03959577	0.01865035	0.03959577
5180	-215.9735	-222.3246	6.351098	0.03313604	0.008043024	0.02509301	0.008043024
5190	-249.8417	-254.5854	4.743675	0.07999078	0.03437077	0.04562002	0.03437077
5200	-213.2944	-219.6086	6.314147	0.02767677	0.009832455	0.01784432	0.009832455
5210	-243.2945	-248.6199	5.325399	0.06212409	0.01492051	0.04720358	0.01492051
5220	-215.8807	-221.9615	6.080819	0.03197065	0.0157719	0.01619876	0.0157719
5230	-214.5762	-220.9554	6.379249	0.03096741	0.007878769	0.02308865	0.007878769
5240	-249.8053	-253.2784	3.473084	0.1360611	0.1205571	0.01550397	0.1205571
5250	-214.2438	-219.577	5.333169	0.0182043	0.009013949	0.009190352	0.009013949
5260	-258.4023	-263.1926	4.790314	0.07300454	0.01496055	0.05804399	0.01496055
5270	-210.7112	-216.2078	5.496616	0.0221817	0.001593838	0.02058787	0.001593838
5280	-234.5244	-239.8733	5.348916	0.06605902	0.03495261	0.03110642	0.03495261
5290	-216.8045	-223.0467	6.242212	0.033549	0.005458751	0.02809025	0.005458751
5300	-223.0273	-228.9321	5.904816	0.03939457	0.004201076	0.03519349	0.004201076
5310	-219.6143	-223.4961	3.881751	0.009843267	0.003799478	0.006043789	0.003799478
5320	-217.6029	-223.5402	5.937275	0.03349133	0.003177538	0.03031379	0.003177538
5330	-213.4619	-219.752	6.290132	0.02781186	0.01037349	0.01743837	0.01037349
5340	-232.0104	-237.62	5.609587	0.05794978	0.02454062	0.03340916	0.02454062
5350	-235.2736	-240.2703	4.996724	0.07648085	0.05398822	0.02249262	0.05398822
5360	-228.2248	-233.0115	4.786662	0.04172512	0.001417364	0.04030775	0.001417364
5370	-228.8956	-233.8938	4.998196	0.06135149	0.04658067	0.01477082	0.04658067
5380	-227.2549	-232.5838	5.328856	0.0573072	0.03994093	0.01736628	0.03994093
5390	-246.9126	-251.3264	4.413807	0.1007984	0.06956419	0.03123419	0.06956419
5400	-214.3344	-220.2462	5.911798	0.02616496	0.01318165	0.0129833	0.01318165
5410	-224.8113	-230.8717	6.060367	0.04431903	0.01108767	0.03323135	0.01108767
5420	-225.8978	-230.0019	4.104151	0.038874	0.0008165896	0.03805741	0.0008165896
5430	-213.6924	-219.4323	5.739979	0.0220643	0.01080017	0.01126413	0.01080017
5440	-211.9955	-218.2779	6.282396	0.02423462	0.007818722	0.01641589	0.007818722
5450	-216.1248	-221.7666	5.641779	0.02893273	0.01706943	0.0118633	0.01706943
5460	-227.5168	-233.4732	5.956452	0.04604436	0.009352914	0.03669145	0.009352914
5470	-215.5262	-221.8822	6.356044	0.03267096	0.01002873	0.02264222	0.01002873
5480	-213.2136	-219.3887	6.17506	0.02588981	0.01066482	0.01522498	0.01066482
5490	-219.3092	-225.4506	6.141411	0.03959414	0.01732865	0.02226549	0.01732865
5500	-216.0487	-221.9239	5.875174	0.03074762	0.01692971	0.01381791	0.01692971
5510	-230.3762	-236.2036	5.827328	0.0476143	0.007628412	0.03998589	0.007628412
5520	-242.2127	-246.2002	3.987556	0.1041739	0.08942374	0.01475018	0.08942374
5530	-213.0731	-219.4291	6.356016	0.02827357	0.005774398	0.02249917	0.005774398
5540	-210.8807	-217.1184	6.237728	0.02328742	0.004195759	0.01909166	0.004195759
5550	-235.266	-240.7536	5.487626	0.06090314	0.02413779	0.03676535	0.02413779
5560	-211.0728	-217.3508	6.277957	0.02373141	0.004645318	0.01908609	0.004645318
5570	-213.4552	-219.7057	6.250452	0.02736676	0.01073188	0.01663488	0.01073188
5580	-212.3089	-218.6608	6.35197	0.02599175	0.007617479	0.01837427	0.007617479
5590	-218.8858	-224.7726	5.88685	0.0382176	0.02175559	0.016462	0.02175559
5600	-221.4463	-227.3848	5.938449	0.0378139	0.004004971	0.03380893	0.004004971
5610	-252.5396	-254.3773	1.837685	0.1481544	0.1403296	0.007824769	0.1403296
5620	-215.7492	-222.1071	6.3579	0.03300378	0.009513267	0.02349052	0.009513267
5630	-218.6641	-224.2417	5.577602	0.03570121	0.02279295	0.01290826	0.02279295
5640	-211.8369	-218.013	6.176094	0.02576918	0.00356548	0.0222037	0.00356548
5650	-221.412	-227.0605	5.648484	0.03693723	0.002600173	0.03433706	0.002600173
5660	-235.847	-241.1609	5.313922	0.06689008	0.03385824	0.03303184	0.03385824
5670	-221.6068	-227.5357	5.928945	0.0379523	0.003978752	0.03397355	0.003978752
5680	-212.4121	-218.1428	5.730634	0.01713006	0.006067113	0.01106295	0.006067113
5690	-213.0426	-219.2713	6.228717	0.02608102	0.01014579	0.01593523	0.01014579
5700	-233.7887	-239.3105	5.521819	0.0603286	0.02567598	0.03465261	0.02567598
5710	-223.2696	-229.3879	6.118305	0.04267945	0.01088227	0.03179719	0.01088227
5720	-213.3791	-219.7657	6.386594	0.02874572	0.007701898	0.02104382	0.007701898
5730	-236.6587	-241.791	5.132331	0.07338549	0.04403902	0.02934647	0.04403902
5740	-212.1517	-218.4559	6.304189	0.02648097	0.00472902	0.02175195	0.00472902
5750	-241.3335	-245.9711	4.637612	0.09225459	0.06720704	0.02504754	0.06720704
5760	-236.6293	-241.8024	5.173185	0.07186661	0.04131145	0.03055516	0.04131145
5770	-226.5974	-230.458	3.860572	0.04922523	0.04143252	0.007792714	0.04143252
5780	-222.3501	-228.0719	5.721828	0.04590227	0.02807516	0.0178271	0.02807516
5790	-243.2028	-248.2235	5.020727	0.07380841	0.03359171	0.04021669	0.03359171
5800	-212.8452	-218.9185	6.073324	0.02361738	0.00988316	0.01373422	0.00988316
5810	-223.7809	-229.6295	5.848672	0.04836594	0.02569321	0.02267273	0.02569321
5820	-213.1328	-219.2982	6.165366	0.02556627	0.01053071	0.01503556	0.01053071
5830	-221.9566	-227.8078	5.851216	0.04509437	0.02541914	0.01967523	0.02541914
5840	-250.5932	-254.9664	4.373211	0.09768935	0.05922227	0.03846708	0.05922227
5850	-212.564	-218.9329	6.368927	0.0268001	0.007606743	0.01919336	0.007606743
5860	-219.568	-225.6155	6.04744	0.04022667	0.01995314	0.02027353	0.01995314
5870	-221.387	-227.5434	6.156475	0.03927227	0.007285601	0.03198667	0.007285601
5880	-222.1263	-228.227	6.10077	0.04337232	0.01628245	0.02708987	0.01628245
5890	-220.3524	-226.3782	6.025779	0.0417462	0.02069438	0.02105182	0.02069438
5900	-222.6439	-228.6752	6.031332	0.04494553	0.01916816	0.02577737	0.01916816
5910	-230.0912	-235.5347	5.443542	0.06178625	0.03768089	0.02410536	0.03768089
5920	-213.6025	-219.8317	6.229188	0.02750852	0.01112898	0.01637954	0.01112898
5930	-247.1884	-251.7875	4.599088	0.08969632	0.05232206	0.03737426	0.05232206
5940	-219.7348	-225.5631	5.82833	0.04001447	0.02350287	0.0165116	0.02350287
5950	-233.243	-238.9692	5.726164	0.05295411	0.0130249	0.03992921	0.0130249
5960	-220.1477	-226.2573	6.109656	0.04107129	0.01811906	0.02295223	0.01811906
5970	-244.9233	-249.2986	4.375315	0.1039939	0.0786536	0.02534029	0.0786536
5980	-212.2167	-218.5768	6.360158	0.02598828	0.007197185	0.01879109	0.007197185
5990	-252.555	-256.5018	3.946832	0.1234876	0.09323267	0.03025493	0.09323267
6000	-220.3228	-224.8879	4.565073	0.03377377	0.0254346	0.008339167	0.0254346
6010	-234.7438	-240.2847	5.540927	0.05926964	0.02206403	0.03720561	0.02206403
6020	-220.6627	-226.604	5.941325	0.04241889	0.02279387	0.01962502	0.02279387
6030	-248.9685	-253.4801	4.511595	0.09210845	0.05335568	0.03875278	0.05335568
6040	-217.307	-223.3412	6.034203	0.03517964	0.01818777	0.01699186	0.01818777
6050	-244.4567	-249.148	4.691272	0.08809768	0.05411212	0.03398556	0.05411212
6060	-215.0593	-221.4292	6.369848	0.03184489	0.009269525	0.02257537	0.009269525
6070	-213.6693	-219.8544	6.185103	0.02720923	0.01149262	0.01571661	0.01149262
6080	-212.9308	-219.3142	6.383375	0.0278289	0.007373698	0.0204552	0.007373698
6090	-219.2947	-224.8294	5.534676	0.03716098	0.02420072	0.01296026	0.02420072
6100	-224.3084	-230.383	6.074665	0.04421019	0.01199061	0.03221958	0.01199061
6110	-255.3394	-258.4016	3.062154	0.1639237	0.1481387	0.01578496	0.1481387
6120	-210.9922	-217.2725	6.280284	0.02291644	0.005195483	0.01772096	0.005195483
6130	-219.7775	-226.0016	6.224094	0.03937002	0.0128649	0.02650512	0.0128649
6140	-216.9933	-221.6042	4.610845	0.0222905	0.01482166	0.007468843	0.01482166
6150	-231.4507	-235.9518	4.501027	0.06767833	0.05545661	0.01222171	0.05545661
6160	-262.334	-265.7012	3.367203	0.1486345	0.1123356	0.03629893	0.1123356
6170	-232.963	-237.882	4.919017	0.07250833	0.05489708	0.01761125	0.05489708
6180	-218.5728	-224.4402	5.86732	0.03442793	0.003021888	0.03140604	0.003021888
6190	-255.1672	-260.0948	4.927628	0.06963023	0.01329212	0.05633811	0.01329212
6200	-235.2735	-240.5688	5.295317	0.06776411	0.03658813	0.03117598	0.03658813
6210	-212.5724	-218.9361	6.363731	0.02672075	0.007802921	0.01891783	0.007802921
6220	-247.0502	-251.0829	4.032706	0.1183935	0.09755863	0.02083491	0.09755863
6230	-223.972	-229.1185	5.146497	0.04793675	0.03518669	0.01275007	0.03518669
6240	-244.4185	-249.5979	5.179452	0.05632744	0.004636366	0.05169107	0.004636366
6250	-251.2281	-255.9359	4.707727	0.08037436	0.03329048	0.04708389	0.03329048
6260	-222.9048	-228.9617	6.056873	0.04471617	0.0174147	0.02730146	0.0174147
6270	-217.1033	-223.4304	6.327097	0.03495899	0.009299539	0.02565945	0.009299539
6280	-210.8307	-216.701	5.870258	0.01707917	0.003634122	0.01344505	0.003634122
6290	-211.2138	-217.4979	6.284071	0.022913	0.005965754	0.01694725	0.005965754
6300	-216.7998	-222.9525	6.152734	0.03463504	0.0161159	0.01851914	0.0161159
6310	-240.9546	-245.6201	4.665498	0.09106371	0.06604735	0.02501636	0.06604735
6320	-212.9527	-219.2241	6.271329	0.02794009	0.004459685	0.02348041	0.004459685
6330	-213.752	-219.2884	5.536486	0.01933099	0.009286182	0.01004481	0.009286182
6340	-221.6861	-227.6966	6.010429	0.04401434	0.02093522	0.02307912	0.02093522
6350	-212.2273	-218.547	6.319759	0.02530418	0.007976305	0.01732787	0.007976305
6360	-216.2151	-222.4338	6.218698	0.03365586	0.01450224	0.01915362	0.01450224
6370	-219.1202	-225.2814	6.161101	0.03920884	0.01671701	0.02249183	0.01671701
6380	-216.4309	-220.6423	4.21136	0.01012943	0.001473455	0.008655974	0.001473455
6390	-245.4003	-250.6928	5.292523	0.05945578	0.008288448	0.05116733	0.008288448
6400	-256.4515	-261.3101	4.858646	0.06534278	0.005866753	0.05947603	0.005866753
6410	-290.5356	-291.5266	0.9910017	0.3501966	0.3141649	0.0360317	0.3141649
6420	-216.8677	-223.1782	6.310507	0.03414431	0.007168924	0.02697539	0.007168924
6430	-226.3735	-231.3575	4.984002	0.05406289	0.04114398	0.01291891	0.04114398
6440	-212.9446	-219.0433	6.098656	0.02762421	0.003241901	0.02438231	0.003241901
6450	-215.2259	-221.5963	6.370345	0.0320731	0.008477051	0.02359604	0.008477051
6460	-214.6285	-220.9402	6.311662	0.03070837	0.01141612	0.01929226	0.01141612
6470	-221.9762	-227.4999	5.523671	0.04430236	0.02950084	0.01480151	0.02950084
6480	-247.4237	-251.7704	4.346713	0.1042008	0.07384997	0.03035085	0.07384997
6490	-249.841	-252.5183	2.677244	0.1369101	0.1269077	0.01000241	0.1269077
6500	-227.4337	-233.1451	5.711372	0.04310377	0.003972458	0.03913131	0.003972458
6510	-210.8947	-216.8443	5.949522	0.01773602	0.004205881	0.01353013	0.004205881
6520	-225.7959	-231.202	5.406047	0.05373654	0.03683193	0.01690462	0.03683193
6530	-233.1978	-237.9696	4.771747	0.07353116	0.05766838	0.01586278	0.05766838
6540	-226.4627	-229.8603	3.397593	0.04648629	0.03985155	0.006634748	0.03985155
6550	-226.7665	-231.895	5.12843	0.05571854	0.0412564	0.01446214	0.0412564
6560	-226.7616	-232.7446	5.983022	0.04654823	0.01182214	0.03472609	0.01182214
6570	-240.7412	-245.4468	4.705581	0.08952957	0.06381275	0.02571683	0.06381275
6580	-240.9733	-246.4293	5.456041	0.05742746	0.01017511	0.04725235	0.01017511
6590	-210.3961	-216.0541	5.658052	0.0215081	0.001867053	0.01964105	0.001867053
6600	-238.5038	-243.3528	4.84908	0.08354466	0.05854814	0.02499652	0.05854814
6610	-219.21	-222.5956	3.385593	0.02003009	0.01473969	0.005290398	0.01473969
6620	-217.8144	-223.6383	5.823884	0.03511517	0.02045141	0.01466376	0.02045141
6630	-216.6084	-222.8791	6.270686	0.03463167	0.01344149	0.02119018	0.01344149
6640	-226.0499	-231.8506	5.800759	0.05165183	0.02570071	0.02595112	0.02570071
6650	-225.9998	-231.9933	5.993529	0.04681065	0.01403135	0.0327793	0.01403135
6660	-211.0805	-217.3512	6.27074	0.0225376	0.005688671	0.01684893	0.005688671
6670	-215.987	-222.199	6.212061	0.03311594	0.01442754	0.01868839	0.01442754
6680	-222.0295	-228.1919	6.16242	0.04150207	0.0112514	0.03025067	0.0112514
6690	-211.6491	-217.9908	6.34162	0.02503463	0.005755659	0.01927897	0.005755659
6700	-236.5085	-241.9592	5.450705	0.0616061	0.02335029	0.03825581	0.02335029
6710	-238.3118	-242.6655	4.353722	0.08986147	0.07437229	0.01548918	0.07437229
6720	-219.7193	-225.9652	6.245925	0.03842987	0.009922848	0.02850702	0.009922848
6730	-215.591	-221.9386	6.347606	0.03280311	0.0105319	0.02227121	0.0105319
6740	-233.3604	-239.0245	5.664072	0.0555498	0.01757835	0.03797145	0.01757835
6750	-242.3565	-247.566	5.209564	0.06707723	0.02403397	0.04304326	0.02403397
6760	-214.7234	-220.0039	5.280525	0.01995352	0.01083069	0.009122833	0.01083069
6770	-216.3694	-222.2951	5.925697	0.03203494	0.01741821	0.01461673	0.01741821
6780	-225.2673	-231.028	5.760726	0.05133858	0.02816258	0.023176	0.02816258
6790	-219.9353	-226.0708	6.135551	0.04059916	0.01726301	0.02333615	0.01726301
6800	-220.0199	-226.0406	6.020657	0.04111824	0.02074274	0.0203755	0.02074274
6810	-228.5305	-233.5205	4.990064	0.06029548	0.04588594	0.01440954	0.04588594
6820	-218.2646	-224.3072	6.042623	0.03457458	0.00391643	0.03065815	0.00391643
6830	-235.554	-241.209	5.655024	0.05341918	0.01047934	0.04293984	0.01047934
6840	-213.9845	-218.8702	4.885747	0.0272168	0.00103551	0.02618129	0.00103551
6850	-214.4199	-220.5808	6.160938	0.02891964	0.01292143	0.01599821	0.01292143
6860	-213.1524	-219.5367	6.384239	0.02837004	0.006967436	0.02140261	0.006967436
6870	-218.5484	-224.7432	6.194784	0.03562345	0.00566771	0.02995574	0.00566771
6880	-242.9361	-248.139	5.202927	0.06697928	0.02312186	0.04385741	0.02312186
6890	-212.4469	-218.2309	5.784043	0.01811792	0.006825222	0.0112927	0.006825222
6900	-226.257	-232.1615	5.904571	0.04953329	0.01968583	0.02984745	0.01968583
6910	-210.1371	-216.0161	5.878985	0.02058717	0.002451304	0.01813587	0.002451304
6920	-227.914	-232.6178	4.703811	0.0574498	0.04567285	0.01177695	0.04567285
6930	-221.0982	-225.6994	4.601214	0.03639102	0.02769283	0.008698186	0.02769283
6940	-213.7908	-220.0851	6.294312	0.02936845	0.00493373	0.02443472	0.00493373
6950	-214.6963	-221.063	6.366619	0.0310865	0.00705122	0.02403528	0.00705122
6960	-218.525	-224.8013	6.276366	0.03648373	0.008242009	0.02824173	0.008242009
6970	-234.1351	-239.5494	5.414341	0.0638984	0.03168094	0.03221746	0.03168094
6980	-220.1798	-226.2879	6.108098	0.03716702	0.005237542	0.03192948	0.005237542
6990	-245.0725	-250.3557	5.28327	0.06240257	0.0132486	0.04915397	0.0132486
7000	-229.8884	-235.4582	5.569739	0.0589796	0.03161878	0.02736082	0.03161878
7010	-227.4455	-233.2329	5.787397	0.05275345	0.02408172	0.02867173	0.02408172
7020	-233.963	-238.18	4.217041	0.07501797	0.0633921	0.01162587	0.0633921
7030	-226.7169	-231.9335	5.216643	0.05580619	0.04044261	0.01536358	0.04044261
7040	-224.6359	-230.6297	5.993834	0.04689433	0.01772091	0.02917342	0.01772091
7050	-219.5692	-225.7619	6.192764	0.03700212	0.006370789	0.03063133	0.006370789
7060	-226.0526	-232.0582	6.005605	0.04617911	0.01251305	0.03366606	0.01251305
7070	-220.9471	-227.0562	6.10913	0.03814055	0.00568913	0.03245142	0.00568913
7080	-228.617	-234.1432	5.526167	0.05870983	0.03529668	0.02341315	0.03529668
7090	-215.2663	-221.6194	6.353128	0.03221445	0.01034421	0.02187024	0.01034421
7100	-219.1882	-224.8992	5.710967	0.03799035	0.02344036	0.01454999	0.02344036
7110	-227.1795	-230.7138	3.534277	0.04944267	0.04237045	0.007072223	0.04237045
7120	-253.6527	-257.5446	3.891913	0.1255757	0.09432118	0.03125451	0.09432118
7130	-222.3164	-227.9456	5.62927	0.04559743	0.02919591	0.01640152	0.02919591
7140	-211.1672	-217.463	6.295821	0.02391427	0.004922179	0.01899209	0.004922179
7150	-218.8037	-224.7546	5.950861	0.03832453	0.02097101	0.01735351	0.02097101
7160	-241.6395	-247.0722	5.432609	0.05776095	0.009920497	0.04784045	0.009920497
7170	-233.7219	-239.1774	5.455452	0.0626073	0.03007242	0.03253488	0.03007242
7180	-215.2916	-221.0058	5.714188	0.02707212	0.01515299	0.01191913	0.01515299
7190	-223.5507	-228.6426	5.091964	0.04646201	0.03434754	0.01211447	0.03434754
7200	-223.5015	-229.4734	5.971841	0.04662384	0.02090859	0.02571525	0.02090859
7210	-224.6307	-230.6741	6.043397	0.04256496	0.007610817	0.03495415	0.007610817
7220	-211.2863	-217.0324	5.746114	0.01601046	0.003558219	0.01245224	0.003558219
7230	-217.8896	-223.9694	6.07976	0.03675924	0.01824557	0.01851366	0.01824557
7240	-216.9854	-223.2663	6.280876	0.03530106	0.01305256	0.0222485	0.01305256
7250	-217.0619	-222.3224	5.26056	0.02856789	0.01854187	0.01002602	0.01854187
7260	-237.0862	-242.0023	4.91608	0.08048108	0.05657013	0.02391096	0.05657013
7270	-222.0281	-227.5876	5.559526	0.04459709	0.02934876	0.01524833	0.02934876
7280	-212.0337	-218.1744	6.140692	0.02227815	0.008048382	0.01422977	0.008048382
7290	-226.1724	-231.6636	5.491137	0.05456818	0.03587115	0.01869703	0.03587115
7300	-214.7616	-221.1388	6.377177	0.03128605	0.008048775	0.02323727	0.008048775
7310	-210.4188	-216.4747	6.055908	0.02196895	0.003031835	0.01893712	0.003031835
7320	-221.4281	-226.1581	4.729973	0.03817582	0.02887678	0.009299044	0.02887678
7330	-211.7999	-217.7519	5.951962	0.01888176	0.006375109	0.01250665	0.006375109
7340	-222.9414	-228.9751	6.033741	0.04515954	0.01862083	0.02653871	0.01862083
7350	-225.6178	-231.6257	6.007876	0.04642419	0.01403444	0.03238974	0.01403444
7360	-223.1932	-229.0409	5.847707	0.04742902	0.02584486	0.02158416	0.02584486
7370	-213.6458	-219.9568	6.311008	0.02846552	0.01036064	0.01810488	0.01036064
7380	-210.2857	-215.637	5.35123	0.0169982	0.001612559	0.01538564	0.001612559
7390	-227.1841	-231.9472	4.763113	0.0554957	0.04370008	0.01179562	0.04370008
7400	-217.7301	-224.0353	6.305248	0.03609761	0.01061827	0.02547935	0.01061827
7410	-232.9446	-238.06	5.115309	0.07087678	0.04966901	0.02120777	0.04966901
7420	-216.6786	-223.0121	6.333481	0.03414253	0.008192352	0.02595018	0.008192352
7430	-223.4109	-229.2805	5.869585	0.04764071	0.02511107	0.02252964	0.02511107
7440	-232.3495	-237.9809	5.631396	0.05713473	0.02232102	0.03481371	0.02232102
7450	-219.4269	-225.6389	6.212071	0.03925082	0.01426352	0.02498729	0.01426352
7460	-226.3261	-229.8504	3.524222	0.04668134	0.03979454	0.006886799	0.03979454
7470	-231.3359	-236.5562	5.220297	0.06675933	0.04586539	0.02089393	0.04586539
7480	-216.7289	-222.8848	6.15588	0.03449093	0.01600156	0.01848937	0.01600156
7490	-241.0052	-245.884	4.878801	0.08200717	0.05035052	0.03165665	0.05035052
7500	-262.2876	-266.888	4.600486	0.07779775	0.017993	0.05980475	0.017993
7510	-226.6039	-230.8312	4.227266	0.05110457	0.04212584	0.008978728	0.04212584
7520	-211.7642	-217.8121	6.047896	0.02023352	0.006968389	0.01326513	0.006968389
7530	-237.8764	-241.1353	3.258871	0.08553127	0.07686938	0.008661892	0.07686938
7540	-215.1554	-221.4653	6.309928	0.03152674	0.005748554	0.02577819	0.005748554
7550	-214.5447	-220.7344	6.189779	0.02950483	0.01292071	0.01658412	0.01292071
7560	-210.5197	-216.6678	6.14815	0.02218508	0.003565197	0.01861988	0.003565197
7570	-238.8319	-243.9971	5.165124	0.0710618	0.03582612	0.03523569	0.03582612
7580	-255.3269	-259.7965	4.469607	0.08698493	0.03809919	0.04888573	0.03809919
7590	-227.3607	-232.8349	5.474189	0.05712961	0.03708862	0.02004099	0.03708862
7600	-212.8059	-218.3283	5.522379	0.01498229	0.004652933	0.01032935	0.004652933
7610	-231.4251	-236.7095	5.284468	0.06607716	0.04354871	0.02252846	0.04354871
7620	-220.2222	-225.5707	5.348575	0.03854088	0.02645158	0.0120893	0.02645158
7630	-228.5124	-233.8845	5.37209	0.0600324	0.04032325	0.01970914	0.04032325
7640	-228.8295	-234.2808	5.45128	0.05996828	0.03803836	0.02192993	0.03803836
7650	-219.7622	-225.9952	6.233031	0.03914362	0.01212206	0.02702156	0.01212206
7660	-224.9633	-230.7818	5.818584	0.05027367	0.0261074	0.02416627	0.0261074
7670	-211.6153	-217.4315	5.816195	0.01671589	0.004659722	0.01205617	0.004659722
7680	-211.6119	-217.5216	5.909706	0.01787627	0.00548346	0.01239281	0.00548346
7690	-219.8595	-226.0497	6.19023	0.03998825	0.0148697	0.02511855	0.0148697
7700	-231.5335	-234.8638	3.330339	0.06277561	0.05534911	0.007426508	0.05534911
7710	-224.7299	-230.6388	5.908896	0.04869752	0.02227571	0.02642181	0.02227571
7720	-222.5202	-228.1788	5.658582	0.03807681	0.002773985	0.03530283	0.002773985
7730	-224.6287	-230.0292	5.400442	0.05075892	0.03507912	0.0156798	0.03507912
7740	-233.7934	-239.3755	5.58211	0.05825721	0.02182871	0.0364285	0.02182871
7750	-255.3408	-259.2308	3.89007	0.1219049	0.08656159	0.03534329	0.08656159
7760	-248.4606	-252.3687	3.908016	0.1246863	0.1041842	0.02050207	0.1041842
7770	-230.8681	-236.2267	5.358507	0.06415518	0.04079147	0.02336371	0.04079147
7780	-226.7421	-232.6061	5.86404	0.05066951	0.02108038	0.02958913	0.02108038
7790	-215.0054	-221.1802	6.174814	0.0308384	0.004076302	0.02676209	0.004076302
7800	-252.7307	-255.9773	3.246645	0.1503633	0.1348287	0.01553457	0.1348287
7810	-210.5035	-216.5016	5.998132	0.02232714	0.002751474	0.01957567	0.002751474
7820	-211.8208	-218.0773	6.256509	0.02346565	0.007560861	0.01590479	0.007560861
7830	-211.3395	-217.6355	6.296012	0.02453151	0.004747473	0.01978404	0.004747473
7840	-211.9643	-218.1663	6.201941	0.02604769	0.003745791	0.0223019	0.003745791
7850	-221.2458	-227.1851	5.939362	0.04357608	0.02309505	0.02048103	0.02309505
7860	-212.8817	-219.0894	6.207671	0.02771182	0.003892112	0.02381971	0.003892112
7870	-216.5948	-222.7133	6.11844	0.03397595	0.01637469	0.01760125	0.01637469
7880	-214.2248	-220.3983	6.173551	0.02853686	0.01252086	0.016016	0.01252086
7890	-229.7723	-235.0504	5.278037	0.0439136	0.002411906	0.04150169	0.002411906
7900	-218.1569	-223.8287	5.671811	0.03496401	0.02157693	0.01338708	0.02157693
7910	-213.3673	-219.7401	6.372794	0.02850653	0.008640685	0.01986585	0.008640685
7920	-218.7953	-224.9652	6.16993	0.03578985	0.005407353	0.03038249	0.005407353
7930	-227.774	-233.3611	5.587066	0.05677664	0.03338563	0.02339101	0.03338563
7940	-215.634	-221.166	5.532004	0.02639118	0.01552355	0.01086763	0.01552355
7950	-218.1377	-224.3272	6.189552	0.03745609	0.0159663	0.02148979	0.0159663
7960	-241.3565	-245.7632	4.406718	0.09812627	0.07849483	0.01963144	0.07849483
7970	-234.6092	-239.1747	4.565463	0.07785727	0.06310439	0.01475288	0.06310439
7980	-216.0796	-220.6508	4.571229	0.01064794	0.002273574	0.008374362	0.002273574
7990	-227.8987	-233.1914	5.292629	0.05889663	0.04135646	0.01754017	0.04135646
8000	-255.1258	-258.6651	3.539338	0.1488123	0.1247722	0.02404011	0.1247722
8010	-212.3114	-218.3923	6.080867	0.0221912	0.008579788	0.01361141	0.008579788
8020	-223.154	-228.762	5.607981	0.04758705	0.0306059	0.01698115	0.0306059
8030	-215.3883	-221.7374	6.349047	0.03243371	0.01052764	0.02190607	0.01052764
8040	-229.0245	-234.6954	5.670896	0.0561427	0.02758457	0.02855814	0.02758457
8050	-218.0811	-224.2168	6.135694	0.0373267	0.01733403	0.01999267	0.01733403
8060	-227.8599	-233.7848	5.924921	0.04853913	0.01382269	0.03471644	0.01382269
8070	-226.6386	-232.4149	5.776301	0.05255951	0.0260658	0.02649371	0.0260658
8080	-242.4408	-247.414	4.97324	0.05365609	0.002889113	0.05076698	0.002889113
8090	-221.4446	-227.5286	6.083964	0.0430106	0.01814937	0.02486122	0.01814937
8100	-213.473	-219.8446	6.371614	0.02872208	0.00880157	0.01992051	0.00880157
8110	-243.1712	-248.5283	5.357089	0.06072877	0.01284269	0.04788609	0.01284269
8120	-211.0334	-217.2797	6.246337	0.02200051	0.005697318	0.01630319	0.005697318
8130	-231.4931	-237.1684	5.675302	0.05594904	0.02164279	0.03430625	0.02164279
8140	-218.9855	-225.1565	6.170987	0.03895115	0.01641822	0.02253294	0.01641822
8150	-220.5582	-226.7506	6.192418	0.04053856	0.01347611	0.02706245	0.01347611
8160	-216.6734	-222.0084	5.335018	0.02794895	0.01771031	0.01023864	0.01771031
8170	-217.4164	-223.7344	6.318002	0.03548397	0.009757302	0.02572667	0.009757302
8180	-217.6626	-221.7981	4.135551	0.01349914	0.007323827	0.006175313	0.007323827
8190	-224.5534	-230.3233	5.769874	0.05018278	0.02810804	0.02207474	0.02810804
8200	-211.2547	-217.2604	6.005665	0.01861537	0.00534368	0.01327169	0.00534368
8210	-229.2604	-233.5922	4.33177	0.05997711	0.04968208	0.01029502	0.04968208
8220	-211.04	-217.2455	6.205511	0.02392661	0.003802259	0.02012435	0.003802259
8230	-211.0954	-217.3861	6.290689	0.02364917	0.004925928	0.01872324	0.004925928
8240	-231.8047	-237.586	5.781297	0.0490176	0.008039445	0.04097815	0.008039445
8250	-227.6857	-232.8625	5.17675	0.05832784	0.04257748	0.01575035	0.04257748
8260	-224.628	-230.4954	5.867337	0.04925181	0.02435314	0.02489867	0.02435314
8270	-224.4025	-229.9088	5.506329	0.05042387	0.03357403	0.01684984	0.03357403
8280	-242.5118	-247.2785	4.766719	0.08618617	0.05444971	0.03173646	0.05444971
8290	-220.0164	-225.5419	5.525586	0.03907152	0.02571319	0.01335833	0.02571319
8300	-272.6928	-276.1253	3.432528	0.1192381	0.0631229	0.05611519	0.0631229
8310	-215.9854	-222.3046	6.319274	0.03350413	0.01175348	0.02175065	0.01175348
8320	-212.0072	-217.7862	5.779082	0.01683708	0.005305968	0.01153112	0.005305968
8330	-217.2787	-223.5219	6.243256	0.03421631	0.005750416	0.0284659	0.005750416
8340	-213.9853	-220.0158	6.030558	0.02642082	0.0124655	0.01395532	0.0124655
8350	-223.7282	-229.3607	5.632481	0.04896958	0.03094165	0.01802793	0.03094165
8360	-215.7591	-222.0377	6.278587	0.03295949	0.01294745	0.02001203	0.01294745
8370	-237.6942	-242.7316	5.037369	0.0767756	0.04795153	0.02882406	0.04795153
8380	-233.2971	-238.4886	5.191578	0.07012733	0.04641861	0.02370872	0.04641861
8390	-263.8705	-268.1386	4.268149	0.06777324	0.002868421	0.06490482	0.002868421
8400	-219.654	-225.8492	6.19525	0.03970497	0.01486605	0.02483891	0.01486605
8410	-238.7335	-243.9701	5.23658	0.06829581	0.03130845	0.03698736	0.03130845
8420	-214.1623	-220.3236	6.161235	0.02825344	0.01248205	0.01577139	0.01248205
8430	-216.4102	-221.8347	5.424468	0.02789185	0.01728154	0.01061032	0.01728154
8440	-278.0931	-281.1507	3.057538	0.133851	0.07628483	0.05756618	0.07628483
8450	-219.7705	-225.9224	6.15194	0.0402438	0.01672585	0.02351795	0.01672585
8460	-230.1719	-235.9746	5.80275	0.05207569	0.01654815	0.03552754	0.01654815
8470	-225.7144	-231.2471	5.532694	0.05347605	0.03464136	0.01883469	0.03464136
8480	-212.3884	-218.7487	6.360325	0.02629854	0.007556655	0.01874188	0.007556655
8490	-237.9759	-242.0912	4.115369	0.08879575	0.07576985	0.01302589	0.07576985
8500	-211.2578	-217.3801	6.122324	0.02027668	0.00604459	0.01423209	0.00604459
8510	-211.7189	-217.3125	5.593597	0.02466787	0.001746201	0.02292167	0.001746201
8520	-256.0106	-258.9459	2.935363	0.1684514	0.1534673	0.01498409	0.1534673
8530	-212.6078	-218.3222	5.714391	0.02643451	0.002000978	0.02443353	0.002000978
8540	-214.5932	-220.2493	5.65614	0.02421396	0.01308179	0.01113217	0.01308179
8550	-216.4883	-221.0414	4.553186	0.01827336	0.0111859	0.007087452	0.0111859
8560	-220.7168	-225.7501	5.0333	0.03795047	0.02752716	0.0104233	0.02752716
8570	-216.8903	-222.7618	5.871562	0.03299925	0.01856742	0.01443182	0.01856742
8580	-248.6201	-253.1598	4.539779	0.09103215	0.05225727	0.03877488	0.05225727
8590	-222.7575	-228.2373	5.479747	0.04615844	0.03119145	0.01496699	0.03119145
8600	-220.3785	-226.5579	6.179338	0.04065222	0.01470226	0.02594996	0.01470226
8610	-217.8965	-223.5105	5.614031	0.03382437	0.02110751	0.01271686	0.02110751
8620	-222.6323	-228.3257	5.693379	0.04650139	0.02880394	0.01769745	0.02880394
8630	-238.4949	-244.0416	5.546731	0.05554429	0.01018026	0.04536403	0.01018026
8640	-231.5289	-235.5519	4.022978	0.06598529	0.05629184	0.009693453	0.05629184
8650	-221.9108	-227.9742	6.063385	0.04377105	0.01856827	0.02520278	0.01856827
8660	-226.5505	-230.2858	3.735365	0.04843824	0.04099574	0.007442498	0.04099574
8670	-210.4016	-216.5404	6.138811	0.02148522	0.003636294	0.01784892	0.003636294
8680	-216.6053	-222.6092	6.003953	0.03323846	0.0174282	0.01581025	0.0174282
8690	-235.8327	-241.025	5.192312	0.07132963	0.04204132	0.02928831	0.04204132
8700	-211.5104	-217.7019	6.19154	0.02509344	0.003657749	0.02143569	0.003657749
8710	-216.086	-222.379	6.293002	0.03281216	0.00596293	0.02684923	0.00596293
8720	-212.2841	-218.1463	5.862166	0.01885163	0.00707444	0.01177719	0.00707444
8730	-216.7503	-223.0619	6.311559	0.03482015	0.01178438	0.02303576	0.01178438
8740	-217.1274	-222.5986	5.471115	0.03049328	0.01924386	0.01124943	0.01924386
8750	-245.0634	-250.2544	5.191026	0.06615545	0.01914525	0.0470102	0.01914525
8760	-235.1213	-239.4852	4.363891	0.0793224	0.06604754	0.01327486	0.06604754
8770	-217.8788	-223.8879	6.009148	0.03641223	0.01917775	0.01723448	0.01917775
8780	-219.4475	-225.1315	5.684001	0.03850989	0.02403926	0.01447063	0.02403926
8790	-261.7382	-263.8034	2.065238	0.2061268	0.1943559	0.01177084	0.1943559
8800	-263.1443	-265.5397	2.395376	0.212331	0.1969657	0.01536527	0.1969657
8810	-223.9116	-229.7755	5.863933	0.04016543	0.004138391	0.03602704	0.004138391
8820	-228.8953	-234.6588	5.76344	0.05363558	0.02239024	0.03124534	0.02239024
8830	-218.7524	-224.9121	6.15965	0.03567403	0.005235576	0.03043846	0.005235576
8840	-214.6497	-221.0289	6.379159	0.0311164	0.008475696	0.0226407	0.008475696
8850	-213.2513	-219.5374	6.286114	0.02725937	0.01009308	0.01716629	0.01009308
8860	-211.8379	-218.1664	6.328518	0.02467815	0.007048971	0.01762918	0.007048971
8870	-229.5311	-234.9163	5.385154	0.06182778	0.04024235	0.02158543	0.04024235
8880	-213.062	-219.41	6.348068	0.02824076	0.00558896	0.0226518	0.00558896
8890	-228.4738	-233.4947	5.020897	0.06021695	0.04553769	0.01467926	0.04553769
8900	-227.2243	-232.9294	5.70514	0.05434041	0.0287339	0.02560651	0.0287339
8910	-220.8476	-227.0514	6.203818	0.04018813	0.01128626	0.02890187	0.01128626
8920	-287.2252	-288.3374	1.112162	0.3532767	0.3221721	0.03110462	0.3221721
8930	-212.8932	-219.0103	6.11711	0.02431033	0.01004637	0.01426395	0.01004637
8940	-238.6719	-243.6272	4.955298	0.07979545	0.05124783	0.02854762	0.05124783
8950	-214.3	-220.5804	6.280341	0.02971203	0.01162178	0.01809024	0.01162178
8960	-249.6581	-253.9622	4.304081	0.1035816	0.06916755	0.03441406	0.06916755
8970	-262.5892	-267.1267	4.537486	0.07983589	0.02056801	0.05926788	0.02056801
8980	-211.9294	-217.758	5.828642	0.02544923	0.002225471	0.02322376	0.002225471
8990	-215.6227	-221.1931	5.570391	0.02672436	0.01562135	0.01110301	0.01562135
9000	-211.1314	-217.4079	6.276483	0.02269161	0.005801404	0.0168902	0.005801404
9010	-224.6376	-228.872	4.234449	0.04507753	0.03662801	0.008449523	0.03662801
9020	-219.2131	-224.2921	5.078979	0.03380792	0.02377783	0.0100301	0.02377783
9030	-222.3805	-228.0099	5.629467	0.04575618	0.02928652	0.01646966	0.02928652
9040	-249.3133	-253.2414	3.928068	0.1255243	0.1031109	0.0224134	0.1031109
9050	-217.1526	-223.4769	6.324327	0.03492312	0.008811002	0.02611212	0.008811002
9060	-216.4731	-222.8061	6.333002	0.03427129	0.01071464	0.02355665	0.01071464
9070	-210.9261	-217.1885	6.262395	0.02237531	0.005248832	0.01712647	0.005248832
9080	-210.8132	-217.045	6.231777	0.02304319	0.004179999	0.01886319	0.004179999
9090	-230.1252	-235.6388	5.513586	0.06041962	0.03423529	0.02618433	0.03423529
9100	-212.9874	-219.1731	6.185663	0.02784871	0.003752117	0.0240966	0.003752117
9110	-220.471	-226.6576	6.186568	0.04060237	0.01407968	0.02652269	0.01407968
9120	-217.7777	-223.7795	6.001814	0.03613132	0.01913057	0.01700075	0.01913057
9130	-224.8449	-230.3777	5.532727	0.040033	0.002636912	0.03739609	0.002636912
9140	-211.5253	-217.7212	6.195831	0.02190041	0.00691934	0.01498107	0.00691934
9150	-213.3322	-219.4474	6.115161	0.02551496	0.01101094	0.01450403	0.01101094
9160	-220.8125	-226.6484	5.83583	0.04259658	0.02474763	0.01784894	0.02474763
9170	-225.0883	-230.7008	5.612471	0.05196132	0.03249158	0.01946974	0.03249158
9180	-214.3699	-220.3786	6.00877	0.02728673	0.01330006	0.01398667	0.01330006
9190	-219.6839	-225.0885	5.404592	0.03738061	0.02519559	0.01218502	0.02519559
9200	-213.1297	-219.5082	6.378472	0.02809413	0.008102576	0.01999156	0.008102576
9210	-229.1346	-234.3741	5.239466	0.06196248	0.04380633	0.01815614	0.04380633
9220	-212.8089	-218.9551	6.146214	0.0274848	0.003480302	0.0240045	0.003480302
9230	-213.9299	-220.3158	6.38595	0.02981463	0.008038688	0.02177594	0.008038688
9240	-228.3069	-233.2115	4.904551	0.05939852	0.04592651	0.01347201	0.04592651
9250	-231.8139	-237.1373	5.323389	0.06587559	0.04157726	0.02429833	0.04157726
9260	-223.2109	-229.1472	5.936294	0.03974718	0.004545565	0.03520161	0.004545565
9270	-212.9901	-218.8246	5.834452	0.02084766	0.009185678	0.01166199	0.009185678
9280	-212.9564	-218.8996	5.943159	0.02737286	0.002616336	0.02475653	0.002616336
9290	-225.4258	-231.3779	5.952074	0.04814208	0.01858929	0.02955278	0.01858929
9300	-210.0436	-215.6482	5.604574	0.01855411	0.001922757	0.01663135	0.001922757
9310	-247.9151	-252.1732	4.258121	0.1089751	0.08022805	0.02874703	0.08022805
9320	-255.9838	-260.8722	4.888358	0.07069303	0.01401066	0.05668237	0.01401066
9330	-214.0947	-220.3541	6.259386	0.02904088	0.01162321	0.01741768	0.01162321
9340	-219.6134	-225.7636	6.150249	0.04003369	0.01688803	0.02314566	0.01688803
9350	-222.1758	-227.0332	4.857438	0.04115727	0.03102079	0.01013648	0.03102079
9360	-239.0286	-243.9878	4.959224	0.07954472	0.05003859	0.02950613	0.05003859
9370	-216.565	-221.9791	5.414074	0.02829062	0.0176657	0.01062492	0.0176657
9380	-227.8264	-233.4849	5.658529	0.05570255	0.03019575	0.02550679	0.03019575
9390	-230.3546	-235.7339	5.379245	0.0631558	0.04023602	0.02291978	0.04023602
9400	-227.1266	-232.9811	5.854438	0.05099266	0.02082422	0.03016843	0.02082422
9410	-228.6893	-234.0316	5.342355	0.0605535	0.04116909	0.0193844	0.04116909
9420	-224.2785	-230.2851	6.006645	0.04647047	0.01769548	0.02877499	0.01769548
9430	-234.0615	-239.4297	5.368257	0.06548315	0.03484038	0.03064277	0.03484038
9440	-215.4239	-220.9126	5.488735	0.0252639	0.01475753	0.01050637	0.01475753
9450	-239.8007	-245.166	5.365337	0.0628884	0.02068564	0.04220276	0.02068564
9460	-215.3853	-220.7496	5.364243	0.02382218	0.01400984	0.009812338	0.01400984
9470	-240.2489	-245.7113	5.462443	0.05519681	0.007459303	0.0477375	0.007459303
9480	-217.2789	-222.4165	5.137631	0.02823911	0.01871399	0.009525121	0.01871399
9490	-227.6382	-233.4069	5.76869	0.05326911	0.02476121	0.0285079	0.02476121
9500	-215.0131	-220.0352	5.02216	0.01608547	0.007947242	0.008138228	0.007947242
9510	-215.3579	-221.5738	6.215858	0.03169455	0.01373032	0.01796423	0.01373032
9520	-212.3879	-218.2536	5.865782	0.01924968	0.007460701	0.01178898	0.007460701
9530	-224.9535	-230.5272	5.573705	0.05173783	0.03317313	0.0185647	0.03317313
9540	-220.1378	-226.2862	6.148426	0.03739362	0.005862861	0.03153076	0.005862861
9550	-242.1028	-246.4545	4.351738	0.1007551	0.08109285	0.01966227	0.08109285
9560	-228.3141	-233.7887	5.47458	0.05887711	0.03729944	0.02157767	0.03729944
9570	-222.506	-228.6318	6.12576	0.04058658	0.0077469	0.03283968	0.0077469
9580	-222.3237	-227.8057	5.482013	0.04502628	0.03038948	0.01463679	0.03038948
9590	-262.6646	-266.4686	3.804029	0.1125343	0.06478155	0.04775275	0.06478155
9600	-212.8121	-218.9571	6.145009	0.02748816	0.003473756	0.02401441	0.003473756
9610	-223.3073	-228.6566	5.349373	0.04705729	0.03300326	0.01405403	0.03300326
9620	-226.0584	-231.9983	5.939834	0.04856327	0.01791056	0.03065271	0.01791056
9630	-213.3738	-219.0099	5.63611	0.01928609	0.008795224	0.01049087	0.008795224
9640	-218.6526	-224.8419	6.189315	0.03572577	0.005637186	0.03008859	0.005637186
9650	-228.5116	-233.95	5.438437	0.05955039	0.03846375	0.02108664	0.03846375
9660	-210.5243	-216.5017	5.97736	0.01822362	0.003723455	0.01450016	0.003723455
9670	-217.6052	-223.7623	6.157165	0.03420109	0.004709079	0.02949201	0.004709079
9680	-216.1149	-222.1658	6.050931	0.03233673	0.01634372	0.01599301	0.01634372
9690	-214.6827	-220.3636	5.680865	0.02478747	0.01344206	0.0113454	0.01344206
9700	-233.6914	-238.6215	4.930023	0.07424465	0.05557519	0.01866946	0.05557519
9710	-230.43	-236.1587	5.728701	0.05450257	0.02088392	0.03361865	0.02088392
9720	-210.9313	-216.7316	5.800257	0.02331165	0.002136613	0.02117504	0.002136613
9730	-217.3972	-223.6311	6.233888	0.03431579	0.005652003	0.02866378	0.005652003
9740	-212.2079	-218.57	6.362071	0.0264578	0.005961993	0.02049581	0.005961993
9750	-223.9448	-229.4784	5.533631	0.04935104	0.03259749	0.01675356	0.03259749
9760	-221.9636	-227.1266	5.16305	0.04233298	0.03057502	0.01175796	0.03057502
9770	-214.5283	-220.699	6.170673	0.03015729	0.003934531	0.02622276	0.003934531
9780	-214.7494	-220.6356	5.886265	0.02713524	0.01412097	0.01301427	0.01412097
9790	-215.4072	-221.7736	6.366401	0.03241316	0.009036115	0.02337705	0.009036115
9800	-226.2797	-232.231	5.951235	0.04354524	0.006567335	0.03697791	0.006567335
9810	-256.9399	-260.389	3.449105	0.1543795	0.1288901	0.0254894	0.1288901
9820	-251.1529	-255.6985	4.545574	0.08763311	0.04394691	0.0436862	0.04394691
9830	-210.2792	-215.7548	5.475592	0.02058621	0.001591355	0.01899485	0.001591355
9840	-240.0729	-244.3481	4.275167	0.09578612	0.07965082	0.0161353	0.07965082
9850	-213.4316	-219.6887	6.257164	0.0273809	0.0106405	0.0167404	0.0106405
9860	-225.8031	-230.5242	4.721115	0.05115171	0.04023905	0.01091266	0.04023905
9870	-228.3176	-233.4886	5.171024	0.05999537	0.04372498	0.01627039	0.04372498
9880	-227.6644	-233.2661	5.601682	0.05643758	0.03287009	0.02356749	0.03287009
9890	-221.4635	-227.1511	5.687555	0.04368286	0.02735466	0.0163282	0.02735466
9900	-266.8117	-269.7446	2.93291	0.1793658	0.1453161	0.03404963	0.1453161
9910	-225.9397	-230.7177	4.778024	0.0518507	0.04055299	0.0112977	0.04055299
9920	-255.1656	-259.9876	4.821973	0.07370287	0.01922264	0.05448022	0.01922264
9930	-283.2059	-285.2139	2.007974	0.2200758	0.174231	0.04584483	0.174231
9940	-215.1961	-221.5258	6.329715	0.03201115	0.0112885	0.02072265	0.0112885
9950	-221.3801	-227.4937	6.113543	0.04255896	0.01679326	0.0257657	0.01679326
9960	-220.1925	-225.7942	5.601734	0.03999872	0.02579528	0.01420344	0.02579528
9970	-235.2646	-240.335	5.070362	0.07485795	0.05046469	0.02439327	0.05046469
9980	-221.5196	-226.6647	5.145186	0.04096099	0.02954045	0.01142054	0.02954045
9990	-220.6077	-226.7696	6.161919	0.03816158	0.006543695	0.03161789	0.006543695
10000	-210.7291	-216.9496	6.220448	0.02151317	0.004885314	0.01662786	0.004885314
