Iteration	Posterior	Likelihood	Prior	birth_rate	death_rate	diversification	turnover
0	-211.8975	-218.2415	6.34398	0.02509633	0.006887996	0.01820833	0.006887996
10	-212.7937	-219.1595	6.36581	0.02720603	0.008112819	0.01909321	0.008112819
20	-210.9959	-217.2504	6.254553	0.02215129	0.0055477	0.01660359	0.0055477
30	-212.4978	-218.6131	6.115363	0.02317991	0.009122695	0.01405722	0.009122695
40	-214.4428	-220.811	6.368236	0.0306873	0.009566872	0.02112043	0.009566872
50	-214.3296	-220.2472	5.917583	0.02933926	0.002661982	0.02667728	0.002661982
60	-211.6375	-217.9362	6.298735	0.02377892	0.006924937	0.01685399	0.006924937
70	-211.2733	-217.5361	6.26285	0.02255667	0.006254869	0.0163018	0.006254869
80	-210.7493	-216.7789	6.029619	0.02311006	0.00284352	0.02026654	0.00284352
90	-214.8175	-220.0452	5.227719	0.01958341	0.01066389	0.008919516	0.01066389
100	-213.7168	-220.1008	6.383974	0.02936349	0.008312148	0.02105134	0.008312148
110	-210.0416	-215.7637	5.722114	0.019558	0.00209948	0.01745852	0.00209948
120	-212.0394	-218.1898	6.150487	0.02243278	0.008082397	0.01435039	0.008082397
130	-212.3963	-215.6769	3.280527	0.02135398	0.0004081225	0.02094586	0.0004081225
140	-210.7559	-215.7225	4.966582	0.01577269	0.001235931	0.01453676	0.001235931
150	-210.0616	-215.7382	5.676556	0.01972128	0.001982567	0.01773871	0.001982567
160	-210.3693	-215.5147	5.145362	0.01993042	0.001222624	0.01870779	0.001222624
170	-210.3008	-216.2141	5.913314	0.01815734	0.003117596	0.01503975	0.003117596
180	-211.0347	-217.0634	6.028659	0.01868401	0.004987725	0.01369629	0.004987725
190	-211.5467	-217.7537	6.207019	0.02518036	0.00376795	0.02141241	0.00376795
200	-210.6001	-216.7272	6.127052	0.0199113	0.004512485	0.01539881	0.004512485
210	-211.0165	-217.0243	6.007775	0.01841159	0.004814427	0.01359716	0.004814427
220	-210.103	-215.9138	5.81079	0.02031363	0.002269108	0.01804452	0.002269108
230	-210.6953	-216.9041	6.208781	0.02267225	0.004009103	0.01866315	0.004009103
240	-212.0191	-217.7107	5.691579	0.02538978	0.001929747	0.02346003	0.001929747
250	-211.0835	-216.9352	5.851698	0.01683392	0.003909213	0.01292471	0.003909213
260	-210.0791	-215.99	5.910946	0.01990763	0.002641888	0.01726574	0.002641888
270	-215.1353	-220.1272	4.991818	0.01651391	0.008453416	0.008060494	0.008453416
280	-210.7405	-216.924	6.183455	0.0230052	0.003718401	0.01928679	0.003718401
290	-210.5825	-216.1616	5.579105	0.01622514	0.002247879	0.01397726	0.002247879
300	-211.6328	-217.5265	5.89375	0.01770073	0.005402806	0.01229793	0.005402806
310	-214.521	-220.6861	6.165153	0.03013913	0.003893866	0.02624527	0.003893866
320	-210.129	-215.4976	5.368599	0.01906844	0.001497361	0.01757108	0.001497361
330	-210.5341	-216.4015	5.867371	0.02231471	0.002322099	0.01999261	0.002322099
340	-210.9863	-216.7918	5.805449	0.01653069	0.003496262	0.01303443	0.003496262
350	-215.3703	-220.5641	5.193753	0.02179283	0.01279456	0.008998276	0.01279456
360	-210.688	-216.5404	5.852455	0.0227468	0.002271817	0.02047498	0.002271817
370	-210.4255	-216.582	6.156556	0.02133898	0.003847859	0.01749112	0.003847859
380	-210.1612	-215.5165	5.355301	0.01936268	0.001468094	0.01789459	0.001468094
390	-211.8296	-217.953	6.123391	0.02569556	0.003263698	0.02243186	0.003263698
400	-210.4089	-216.5541	6.145135	0.02073518	0.003986613	0.01674857	0.003986613
410	-210.8903	-217.1518	6.261451	0.0230562	0.004602829	0.01845337	0.004602829
420	-212.2026	-215.4637	3.261104	0.02068973	0.0004051345	0.0202846	0.0004051345
430	-210.4281	-216.514	6.08586	0.01956583	0.003994653	0.01557118	0.003994653
440	-210.0988	-215.7827	5.683884	0.01803633	0.002175321	0.01586101	0.002175321
450	-212.2095	-218.5778	6.368338	0.02625972	0.006604794	0.01965493	0.006604794
460	-211.4395	-217.7517	6.31217	0.02376221	0.006281595	0.01748062	0.006281595
470	-210.0349	-215.6949	5.660016	0.01929853	0.00197747	0.01732106	0.00197747
480	-211.1617	-217.4637	6.302076	0.02353069	0.005380516	0.01815017	0.005380516
490	-211.0857	-217.2096	6.123854	0.0200533	0.005637782	0.01441552	0.005637782
500	-210.3415	-216.4496	6.108065	0.02135007	0.00342807	0.017922	0.00342807
510	-211.2508	-217.5602	6.309376	0.02400631	0.005226664	0.01877965	0.005226664
520	-211.206	-217.5028	6.296797	0.02405527	0.004889159	0.01916611	0.004889159
530	-215.6737	-222.0251	6.351431	0.03293058	0.0102392	0.02269138	0.0102392
540	-210.6735	-216.8873	6.213741	0.02250012	0.004108934	0.01839119	0.004108934
550	-213.0787	-219.3573	6.278608	0.02816731	0.004562619	0.02360469	0.004562619
560	-211.5827	-217.8842	6.301497	0.02519182	0.004735896	0.02045592	0.004735896
570	-215.09	-221.1125	6.022474	0.02940721	0.01471053	0.01469668	0.01471053
580	-210.3754	-216.5139	6.138522	0.02095143	0.003804766	0.01714666	0.003804766
590	-211.7007	-217.32	5.619271	0.02467606	0.00178856	0.0228875	0.00178856
600	-210.2627	-216.3392	6.076492	0.02087938	0.003311156	0.01756822	0.003311156
610	-212.624	-218.8843	6.26027	0.02734794	0.004293337	0.0230546	0.004293337
620	-212.1289	-215.0371	2.908235	0.01690293	0.0003595679	0.01654337	0.0003595679
630	-211.392	-217.6672	6.275224	0.02476302	0.004421439	0.02034158	0.004421439
640	-211.6311	-217.8427	6.211642	0.02236442	0.007181915	0.0151825	0.007181915
650	-212.9319	-219.3108	6.378959	0.02770868	0.00778191	0.01992677	0.00778191
660	-210.2095	-215.9697	5.760234	0.02089735	0.002103421	0.01879393	0.002103421
670	-212.2869	-218.6514	6.364485	0.02620293	0.00718794	0.01901499	0.00718794
680	-210.1344	-216.0038	5.869419	0.01852943	0.002735552	0.01579388	0.002735552
690	-210.9993	-217.2776	6.278284	0.02335729	0.004793592	0.01856369	0.004793592
700	-211.1185	-217.226	6.107531	0.01985275	0.005634551	0.0142182	0.005634551
710	-215.2695	-221.6363	6.366798	0.03208122	0.007938794	0.02414243	0.007938794
720	-210.5802	-216.1763	5.596115	0.01626756	0.002292311	0.01397525	0.002292311
730	-211.5766	-217.7915	6.214899	0.02229999	0.007054189	0.0152458	0.007054189
740	-211.4964	-217.3896	5.893137	0.02471374	0.002378784	0.02233495	0.002378784
750	-210.6675	-216.7622	6.094712	0.02287033	0.003157235	0.01971309	0.003157235
760	-210.6422	-216.7081	6.06594	0.01906284	0.004364317	0.01469852	0.004364317
770	-210.4416	-216.5246	6.083059	0.02202668	0.003168109	0.01885857	0.003168109
780	-212.1951	-217.8907	5.695665	0.01608176	0.004932059	0.0111497	0.004932059
790	-210.5827	-216.013	5.430293	0.01604728	0.001889781	0.0141575	0.001889781
800	-211.4769	-216.9595	5.482634	0.01475113	0.002514701	0.01223643	0.002514701
810	-211.6579	-217.529	5.871098	0.01744207	0.005263275	0.0121788	0.005263275
820	-210.7655	-216.9081	6.142579	0.02009302	0.004953626	0.01513939	0.004953626
830	-210.0565	-215.9215	5.865055	0.01923537	0.002569143	0.01666623	0.002569143
840	-215.3412	-221.5997	6.258503	0.03194049	0.0130584	0.01888208	0.0130584
850	-210.09	-215.8579	5.767829	0.02016567	0.002165842	0.01799983	0.002165842
860	-213.6549	-220.0357	6.380788	0.02919883	0.008515439	0.02068339	0.008515439
870	-213.9424	-220.322	6.379576	0.02976826	0.008760662	0.0210076	0.008760662
880	-214.9508	-221.0136	6.062784	0.03048249	0.003350242	0.02713225	0.003350242
890	-213.1336	-219.2059	6.07229	0.02443973	0.01056445	0.01387527	0.01056445
900	-210.5368	-216.6	6.063154	0.01910697	0.004144161	0.01496281	0.004144161
910	-212.7827	-219.1645	6.381869	0.02754633	0.007118543	0.02042779	0.007118543
920	-210.6326	-216.3939	5.761303	0.01667547	0.002890719	0.01378475	0.002890719
930	-211.5167	-217.3155	5.798877	0.0164592	0.004310785	0.01214842	0.004310785
940	-210.0474	-215.6223	5.574934	0.01900567	0.001826699	0.01717897	0.001826699
950	-211.9247	-216.4058	4.481153	0.01387321	0.0009775781	0.01289563	0.0009775781
960	-210.6768	-215.3263	4.649457	0.01947968	0.0008697403	0.01860994	0.0008697403
970	-214.2713	-220.3502	6.078946	0.0295806	0.003324998	0.0262556	0.003324998
980	-211.985	-217.9143	5.929308	0.01901667	0.006733114	0.01228355	0.006733114
990	-212.292	-218.5131	6.221169	0.02406303	0.008661969	0.01540106	0.008661969
1000	-210.0463	-215.8163	5.769984	0.01875339	0.002319234	0.01643416	0.002319234
1010	-210.069	-215.84	5.770978	0.0184997	0.002361838	0.01613787	0.002361838
1020	-212.5216	-218.8943	6.372779	0.02711345	0.006312901	0.02080055	0.006312901
1030	-210.1713	-215.8339	5.662655	0.01759804	0.002188116	0.01540993	0.002188116
1040	-214.688	-220.8418	6.153852	0.02954344	0.01340381	0.01613963	0.01340381
1050	-213.6717	-219.8184	6.146714	0.02680051	0.01164074	0.01515977	0.01164074
1060	-211.0003	-216.9938	5.993565	0.0182333	0.004687908	0.01354539	0.004687908
1070	-211.1424	-217.0405	5.898083	0.01725997	0.004326941	0.01293303	0.004326941
1080	-210.4476	-216.6088	6.16126	0.02093637	0.00409262	0.01684375	0.00409262
1090	-217.1641	-222.9609	5.796828	0.03317846	0.01931578	0.01386267	0.01931578
1100	-212.8414	-218.8694	6.028063	0.02301867	0.009760834	0.01325784	0.009760834
1110	-210.6611	-215.2998	4.638662	0.01930647	0.0008659502	0.01844052	0.0008659502
1120	-210.7665	-216.9354	6.168924	0.02312174	0.003593696	0.01952804	0.003593696
1130	-210.8287	-217.0095	6.180788	0.02330821	0.003662878	0.01964533	0.003662878
1140	-210.3391	-216.0837	5.744606	0.01722179	0.002561373	0.01466042	0.002561373
1150	-214.3898	-220.4255	6.035699	0.0276087	0.01330544	0.01430326	0.01330544
1160	-210.0673	-215.8881	5.820801	0.01875155	0.002488951	0.0162626	0.002488951
1170	-213.9793	-220.0843	6.105005	0.02718911	0.01235084	0.01483827	0.01235084
1180	-212.5219	-218.2708	5.748973	0.01778755	0.006692519	0.01109503	0.006692519
1190	-210.4409	-216.5957	6.154835	0.0216343	0.003738753	0.01789555	0.003738753
1200	-213.0423	-218.9863	5.944033	0.02254426	0.009984094	0.01256016	0.009984094
1210	-211.247	-217.1286	5.881641	0.01713515	0.004407397	0.01272775	0.004407397
1220	-210.1915	-216.2124	6.020845	0.02065134	0.003025301	0.01762604	0.003025301
1230	-211.0117	-217.0474	6.035769	0.02381577	0.002852	0.02096377	0.002852
1240	-211.0534	-215.519	4.465588	0.02055575	0.0007668125	0.01978894	0.0007668125
1250	-210.5326	-216.4833	5.950781	0.01798281	0.003610017	0.01437279	0.003610017
1260	-210.4705	-216.035	5.564543	0.01646141	0.002141241	0.01432017	0.002141241
1270	-210.2372	-215.8846	5.647406	0.01729682	0.002200641	0.01509618	0.002200641
1280	-210.3286	-215.6521	5.32353	0.02038	0.001399579	0.01898043	0.001399579
1290	-210.1805	-216.2086	6.028082	0.02004244	0.003198677	0.01684376	0.003198677
1300	-211.472	-217.6849	6.212832	0.02205804	0.006805596	0.01525244	0.006805596
1310	-215.8937	-221.6038	5.71009	0.02885235	0.01661004	0.01224231	0.01661004
1320	-210.1296	-216.0879	5.95826	0.0203911	0.002767698	0.0176234	0.002767698
1330	-210.7314	-216.7994	6.067976	0.01906241	0.004563456	0.01449896	0.004563456
1340	-210.5651	-216.4692	5.904078	0.01757764	0.003438562	0.01413908	0.003438562
1350	-210.2522	-216.0179	5.765651	0.01755549	0.002548401	0.01500709	0.002548401
1360	-211.3916	-217.6876	6.296009	0.02334946	0.006342708	0.01700675	0.006342708
1370	-210.7627	-216.8367	6.073965	0.02316805	0.003037211	0.02013084	0.003037211
1380	-210.1918	-215.8884	5.696535	0.01756724	0.002295967	0.01527128	0.002295967
1390	-215.1062	-221.3252	6.218993	0.0311307	0.01340003	0.01773067	0.01340003
1400	-213.6807	-219.6014	5.920752	0.02427421	0.01159866	0.01267555	0.01159866
1410	-210.0277	-215.7601	5.732418	0.01894936	0.002185804	0.01676355	0.002185804
1420	-212.0189	-217.8804	5.8615	0.01807622	0.006213555	0.01186266	0.006213555
1430	-213.2491	-219.3711	6.122071	0.02537242	0.0108339	0.01453852	0.0108339
1440	-213.2672	-219.103	5.835791	0.02184587	0.01007169	0.01177418	0.01007169
1450	-210.0309	-215.796	5.76506	0.01941743	0.002223488	0.01719394	0.002223488
1460	-210.8	-216.6256	5.825516	0.01679997	0.003361703	0.01343827	0.003361703
1470	-210.3022	-216.3547	6.052435	0.01947181	0.003620671	0.01585114	0.003620671
1480	-216.1594	-221.9061	5.746667	0.03137927	0.002332928	0.02904634	0.002332928
1490	-210.5307	-216.7227	6.191997	0.02159363	0.004173456	0.01742018	0.004173456
1500	-211.2432	-217.2106	5.96739	0.0242807	0.002599824	0.02168087	0.002599824
1510	-214.2138	-219.5689	5.355091	0.01846558	0.009183448	0.009282134	0.009183448
1520	-210.649	-216.15	5.501002	0.02200756	0.001601719	0.02040584	0.001601719
1530	-211.8963	-217.3506	5.454306	0.02476745	0.001544497	0.02322295	0.001544497
1540	-213.5185	-219.7879	6.269395	0.02772764	0.01067228	0.01705536	0.01067228
1550	-210.0715	-215.6007	5.52921	0.01829971	0.001796386	0.01650333	0.001796386
1560	-211.3982	-217.5827	6.18457	0.02147582	0.006594312	0.0148815	0.006594312
1570	-212.6498	-218.7036	6.053792	0.02706478	0.003003421	0.02406136	0.003003421
1580	-210.2604	-216.2803	6.019906	0.01923948	0.003430574	0.01580891	0.003430574
1590	-211.0825	-217.3751	6.292637	0.02328415	0.005257545	0.01802661	0.005257545
1600	-210.3346	-216.1824	5.847828	0.01767329	0.002913367	0.01475993	0.002913367
1610	-210.3999	-215.4153	5.015346	0.01710795	0.00119794	0.01591001	0.00119794
1620	-210.1777	-216.1598	5.982121	0.02073712	0.002825146	0.01791198	0.002825146
1630	-210.4708	-215.67	5.199145	0.02062345	0.001262073	0.01936138	0.001262073
1640	-211.1899	-216.515	5.325054	0.02306985	0.001376597	0.02169325	0.001376597
1650	-210.4371	-216.592	6.154933	0.02082583	0.004068688	0.01675714	0.004068688
1660	-211.4004	-217.246	5.845595	0.02444296	0.00224976	0.0221932	0.00224976
1670	-212.7229	-219.0504	6.327532	0.02651649	0.00876808	0.01774841	0.00876808
1680	-210.1259	-215.8895	5.763579	0.02042558	0.00213766	0.01828792	0.00213766
1690	-214.2656	-220.5321	6.266435	0.02950861	0.01176418	0.01774443	0.01176418
1700	-210.1133	-216.029	5.915678	0.0190254	0.002830055	0.01619535	0.002830055
1710	-210.1158	-216.0798	5.964007	0.01968382	0.002918544	0.01676528	0.002918544
1720	-211.1685	-217.4266	6.258105	0.02234224	0.0060055	0.01633674	0.0060055
1730	-211.2475	-217.3096	6.062057	0.01938606	0.005704421	0.01368164	0.005704421
1740	-212.1293	-218.4847	6.355376	0.02632801	0.005740731	0.02058728	0.005740731
1750	-212.4488	-218.6243	6.17555	0.02385153	0.009053923	0.01479761	0.009053923
1760	-210.9334	-216.9464	6.013004	0.0184319	0.004671319	0.01376059	0.004671319
1770	-213.592	-219.3162	5.724166	0.02148388	0.01037042	0.01111346	0.01037042
1780	-219.7667	-225.9082	6.141562	0.04030804	0.01713465	0.02317338	0.01713465
1790	-211.5482	-216.1247	4.576482	0.01441442	0.001004182	0.01341024	0.001004182
1800	-210.3999	-216.3198	5.919905	0.01796624	0.003279834	0.01468641	0.003279834
1810	-211.6639	-217.7197	6.055849	0.02010481	0.006738151	0.01336666	0.006738151
1820	-210.9434	-216.7215	5.778162	0.02330648	0.002086305	0.02122018	0.002086305
1830	-213.3525	-219.4511	6.098584	0.02537831	0.01106457	0.01431374	0.01106457
1840	-210.2074	-215.5668	5.359481	0.01740985	0.001587587	0.01582226	0.001587587
1850	-210.0386	-215.6543	5.615642	0.01904729	0.001903512	0.01714378	0.001903512
1860	-211.1434	-217.3882	6.244801	0.0241439	0.004141748	0.02000215	0.004141748
1870	-210.9833	-217.2298	6.246544	0.02362417	0.004233686	0.01939048	0.004233686
1880	-210.2638	-216.3442	6.080384	0.02081988	0.003351409	0.01746847	0.003351409
1890	-212.5923	-218.6065	6.014137	0.02207923	0.009054881	0.01302435	0.009054881
1900	-211.2893	-217.6042	6.314901	0.02395932	0.005480868	0.01847845	0.005480868
1910	-211.6113	-217.9455	6.334227	0.02450033	0.00631346	0.01818687	0.00631346
1920	-210.7496	-216.9918	6.242162	0.02236303	0.004595991	0.01776704	0.004595991
1930	-212.7982	-218.8221	6.023923	0.02725806	0.002894145	0.02436392	0.002894145
1940	-211.0155	-217.2905	6.275051	0.02351071	0.004667633	0.01884308	0.004667633
1950	-210.214	-216.268	6.054	0.020267	0.003311036	0.01695597	0.003311036
1960	-210.7622	-216.9622	6.200009	0.02105087	0.005033739	0.01601713	0.005033739
1970	-216.1268	-220.845	4.71819	0.0121512	0.004578912	0.00757229	0.004578912
1980	-213.2873	-219.2213	5.934045	0.02318854	0.01060354	0.012585	0.01060354
1990	-212.5488	-218.9157	6.36689	0.02673162	0.007654671	0.01907695	0.007654671
2000	-218.3523	-224.5184	6.166128	0.0351972	0.005129961	0.03006724	0.005129961
2010	-210.913	-216.7802	5.867222	0.02336648	0.002303308	0.02106317	0.002303308
2020	-210.3924	-216.0062	5.613768	0.01674527	0.002220119	0.01452515	0.002220119
2030	-210.1762	-215.4968	5.320626	0.0193165	0.00142659	0.01788991	0.00142659
2040	-210.4022	-215.9129	5.51069	0.0165815	0.001975518	0.01460599	0.001975518
2050	-211.4433	-217.7318	6.288551	0.02327454	0.006537116	0.01673743	0.006537116
2060	-210.2485	-216.2735	6.025064	0.01935744	0.003418738	0.0159387	0.003418738
2070	-210.3269	-216.3092	5.98235	0.02161491	0.002736124	0.01887879	0.002736124
2080	-215.8051	-222.0126	6.207566	0.03267683	0.01432445	0.01835237	0.01432445
2090	-210.6526	-216.8229	6.17032	0.02057107	0.004731693	0.01583937	0.004731693
2100	-211.0269	-216.9085	5.881683	0.02366545	0.002341001	0.02132445	0.002341001
2110	-210.6722	-216.6368	5.964613	0.02283451	0.002607493	0.02022702	0.002607493
2120	-210.8661	-215.4812	4.615092	0.02031894	0.000842592	0.01947635	0.000842592
2130	-212.7945	-219.0805	6.286022	0.02615236	0.009331289	0.01682107	0.009331289
2140	-210.8234	-216.658	5.834579	0.0230897	0.002221134	0.02086857	0.002221134
2150	-210.6947	-216.3787	5.684033	0.02249541	0.001898542	0.02059687	0.001898542
2160	-211.2919	-216.5283	5.236432	0.01462896	0.001777253	0.01285171	0.001777253
2170	-210.2061	-216.2267	6.020549	0.02080886	0.002997963	0.01781089	0.002997963
2180	-213.5117	-219.8161	6.304452	0.02808284	0.01027091	0.01781193	0.01027091
2190	-210.9544	-217.1793	6.224891	0.02154241	0.005528082	0.01601432	0.005528082
2200	-210.0626	-215.8738	5.811218	0.01992256	0.002303963	0.01761859	0.002303963
2210	-210.2011	-215.4141	5.212988	0.01809794	0.001351949	0.01674599	0.001351949
2220	-212.5659	-218.6356	6.069608	0.02275793	0.009185129	0.0135728	0.009185129
2230	-210.1084	-216.0204	5.912081	0.0203008	0.002595034	0.01770577	0.002595034
2240	-211.566	-217.3026	5.736587	0.015926	0.003923034	0.01200297	0.003923034
2250	-210.1854	-215.4539	5.268428	0.01790073	0.001428213	0.01647251	0.001428213
2260	-211.9394	-218.2828	6.343437	0.02593142	0.005460901	0.02047052	0.005460901
2270	-210.1884	-215.7818	5.593414	0.01741357	0.00203566	0.01537791	0.00203566
2280	-210.4703	-216.5444	6.074049	0.01932747	0.004051593	0.01527588	0.004051593
2290	-211.6223	-217.8962	6.273891	0.02333266	0.007050865	0.01628179	0.007050865
2300	-210.6752	-216.1845	5.509229	0.02211252	0.001612509	0.02050001	0.001612509
2310	-212.9314	-218.5299	5.598527	0.01664226	0.006309629	0.01033264	0.006309629
2320	-210.6099	-216.7847	6.174787	0.02250081	0.003723501	0.0187773	0.003723501
2330	-213.4484	-218.8134	5.365002	0.01423578	0.004592465	0.009643318	0.004592465
2340	-213.864	-220.0774	6.213435	0.02929218	0.004121545	0.02517064	0.004121545
2350	-212.7458	-219.1187	6.372911	0.02722889	0.007775843	0.01945305	0.007775843
2360	-212.9507	-218.8414	5.890714	0.02727468	0.002453368	0.02482131	0.002453368
2370	-210.7208	-216.5651	5.844329	0.01699803	0.003352337	0.01364569	0.003352337
2380	-210.5973	-216.79	6.192688	0.02111372	0.004547699	0.01656602	0.004547699
2390	-211.889	-216.7709	4.881986	0.02372774	0.0009965905	0.02273115	0.0009965905
2400	-211.0697	-217.1306	6.060877	0.02398994	0.00295524	0.0210347	0.00295524
2410	-210.6024	-216.783	6.180614	0.02082865	0.004592647	0.016236	0.004592647
2420	-211.0664	-217.3079	6.241499	0.02193103	0.005791604	0.01613943	0.005791604
2430	-211.5689	-217.9053	6.33641	0.02481035	0.005683021	0.01912733	0.005683021
2440	-210.1424	-215.8816	5.739227	0.01791557	0.00236435	0.01555122	0.00236435
2450	-210.2107	-216.0822	5.871518	0.01818744	0.002847964	0.01533948	0.002847964
2460	-214.0585	-218.7391	4.680588	0.01168006	0.001612452	0.0100676	0.001612452
2470	-210.4882	-216.323	5.83477	0.02211177	0.002240512	0.01987126	0.002240512
2480	-211.6248	-217.7235	6.098688	0.02065281	0.006864345	0.01378846	0.006864345
2490	-210.5422	-216.5848	6.042547	0.01886352	0.004059733	0.01480379	0.004059733
2500	-211.8148	-217.8238	6.009049	0.01977361	0.006852074	0.01292154	0.006852074
2510	-210.4183	-216.571	6.152789	0.02136705	0.003799452	0.0175676	0.003799452
2520	-211.2026	-217.4734	6.270808	0.02423582	0.004430664	0.01980515	0.004430664
2530	-211.8191	-218.1646	6.34552	0.02557022	0.005618812	0.01995141	0.005618812
2540	-211.6182	-217.9518	6.333581	0.02448549	0.006358058	0.01812743	0.006358058
2550	-210.4198	-216.1526	5.732828	0.01697906	0.002592971	0.01438609	0.002592971
2560	-210.753	-216.9852	6.232273	0.0217865	0.004890179	0.01689633	0.004890179
2570	-211.1579	-217.3965	6.238663	0.02197486	0.006031576	0.01594329	0.006031576
2580	-210.5698	-215.3551	4.785388	0.01949282	0.000950899	0.01854192	0.000950899
2590	-210.9567	-216.9225	5.965849	0.017908	0.00442073	0.01348727	0.00442073
2600	-212.0826	-218.4236	6.341016	0.02535793	0.007380495	0.01797743	0.007380495
2610	-210.1675	-215.5494	5.381926	0.0195893	0.001494175	0.01809512	0.001494175
2620	-212.3512	-216.1364	3.785182	0.01391665	0.0006246447	0.013292	0.0006246447
2630	-211.1566	-216.0018	4.845153	0.01493411	0.001187115	0.013747	0.001187115
2640	-215.3869	-221.3862	5.999238	0.03000223	0.01534068	0.01466154	0.01534068
2650	-210.3823	-215.4043	5.021975	0.01945057	0.001123661	0.01832691	0.001123661
2660	-210.987	-215.5442	4.557287	0.01574802	0.0009135605	0.01483446	0.0009135605
2670	-212.2061	-218.3959	6.18987	0.0234218	0.008512443	0.01490935	0.008512443
2680	-211.162	-216.7178	5.555829	0.02344801	0.001677213	0.02177079	0.001677213
2690	-213.9698	-219.5197	5.5499	0.02052852	0.01033172	0.01019679	0.01033172
2700	-210.9799	-216.5836	5.603758	0.02310546	0.001752856	0.0213526	0.001752856
2710	-218.7651	-224.9087	6.143609	0.03864616	0.01731764	0.02132852	0.01731764
2720	-211.2278	-217.5357	6.307875	0.02363948	0.005546781	0.0180927	0.005546781
2730	-211.675	-216.9766	5.301621	0.01420303	0.002079761	0.01212327	0.002079761
2740	-213.2234	-219.1587	5.935227	0.02777293	0.002613304	0.02515962	0.002613304
2750	-212.9896	-218.1648	5.175241	0.01295214	0.002427631	0.01052451	0.002427631
2760	-213.7783	-219.6266	5.848235	0.02371457	0.0116021	0.01211247	0.0116021
2770	-210.8738	-216.849	5.975183	0.0179979	0.004320172	0.01367773	0.004320172
2780	-211.8664	-217.9804	6.114041	0.0214632	0.007550955	0.01391225	0.007550955
2790	-210.0949	-216.0172	5.922226	0.01930749	0.002796128	0.01651136	0.002796128
2800	-215.669	-220.4754	4.806344	0.01449957	0.006934558	0.007565008	0.006934558
2810	-212.6974	-219.0675	6.370069	0.02752032	0.00613707	0.02138325	0.00613707
2820	-210.32	-216.2138	5.893781	0.01797661	0.003068755	0.01490785	0.003068755
2830	-210.2074	-215.5161	5.308676	0.0195479	0.001404419	0.01814349	0.001404419
2840	-210.4449	-215.412	4.967149	0.01959214	0.001077104	0.01851503	0.001077104
2850	-216.373	-221.8148	5.441844	0.02792764	0.01723467	0.01069297	0.01723467
2860	-211.2764	-217.4453	6.168869	0.02101456	0.006260386	0.01475418	0.006260386
2870	-210.206	-215.4288	5.2228	0.01896982	0.001326587	0.01764323	0.001326587
2880	-211.7233	-217.65	5.926774	0.01833467	0.00593978	0.01239489	0.00593978
2890	-211.015	-216.9721	5.9571	0.01782964	0.004478122	0.01335152	0.004478122
2900	-210.4685	-216.4376	5.969158	0.02217958	0.002649783	0.01952979	0.002649783
2910	-211.2374	-217.3549	6.117551	0.02017254	0.005972551	0.01419999	0.005972551
2920	-213.0829	-219.37	6.287052	0.02686239	0.009812701	0.01704969	0.009812701
2930	-212.4598	-218.8013	6.341479	0.0270912	0.00535099	0.02174021	0.00535099
2940	-211.2746	-217.369	6.094443	0.01989241	0.005949974	0.01394243	0.005949974
2950	-213.9266	-220.2256	6.299044	0.02959633	0.005040817	0.02455552	0.005040817
2960	-210.5966	-215.6123	5.015707	0.02056871	0.001100751	0.01946796	0.001100751
2970	-211.9911	-218.2234	6.232244	0.02612757	0.003977514	0.02215006	0.003977514
2980	-210.5184	-216.5405	6.022079	0.01866736	0.003922475	0.01474488	0.003922475
2990	-211.511	-216.9102	5.399199	0.01453468	0.002265759	0.01226892	0.002265759
3000	-211.3501	-217.156	5.805818	0.01645703	0.004048867	0.01240816	0.004048867
3010	-210.0866	-215.9895	5.902908	0.02005646	0.002590847	0.01746561	0.002590847
3020	-213.8951	-219.6018	5.706744	0.02236644	0.01123684	0.0111296	0.01123684
3030	-213.3809	-218.7878	5.406923	0.01472062	0.005029179	0.009691441	0.005029179
3040	-211.2074	-217.4572	6.249764	0.02223385	0.006132431	0.01610142	0.006132431
3050	-210.3414	-215.9848	5.643421	0.02127096	0.001846039	0.01942492	0.001846039
3060	-210.3611	-215.4604	5.099319	0.0196744	0.0011856	0.0184888	0.0011856
3070	-212.4397	-218.5803	6.140655	0.02684664	0.003406164	0.02344048	0.003406164
3080	-211.7429	-217.883	6.140127	0.02554255	0.003348586	0.02219396	0.003348586
3090	-211.2141	-217.2943	6.080158	0.01959073	0.005722439	0.0138683	0.005722439
3100	-210.1485	-216.1431	5.994578	0.02030247	0.00295082	0.01735165	0.00295082
3110	-218.8494	-224.6586	5.809204	0.0376992	0.02230795	0.01539125	0.02230795
3120	-212.9291	-218.5512	5.622095	0.02680288	0.001840433	0.02496245	0.001840433
3130	-213.7745	-219.5939	5.819373	0.02336112	0.01147699	0.01188413	0.01147699
3140	-210.9966	-217.2439	6.247354	0.02367842	0.004233628	0.01944479	0.004233628
3150	-213.1392	-219.4025	6.263232	0.02673016	0.0101106	0.01661956	0.0101106
3160	-210.8738	-216.9993	6.125489	0.02350321	0.003288622	0.02021459	0.003288622
3170	-210.6791	-215.3781	4.699009	0.01976028	0.0008946621	0.01886562	0.0008946621
3180	-211.0013	-215.7149	4.713561	0.0154349	0.001037411	0.01439749	0.001037411
3190	-213.2709	-219.457	6.186084	0.02617013	0.01074395	0.01542618	0.01074395
3200	-211.5477	-217.3886	5.840909	0.02473719	0.002241817	0.02249538	0.002241817
3210	-210.9685	-216.5008	5.532262	0.01546888	0.002347072	0.01312181	0.002347072
3220	-212.5281	-218.9028	6.374773	0.02687388	0.007215955	0.01965793	0.007215955
3230	-212.8672	-217.5105	4.643324	0.01265047	0.001275635	0.01137484	0.001275635
3240	-212.0619	-218.2555	6.193563	0.02310322	0.008178448	0.01492477	0.008178448
3250	-211.8328	-218.1459	6.313089	0.02438915	0.007233945	0.01715521	0.007233945
3260	-212.681	-218.9725	6.291485	0.02594946	0.009084976	0.01686448	0.009084976
3270	-212.152	-217.8761	5.724108	0.01637537	0.005125978	0.01124939	0.005125978
3280	-211.6069	-217.2436	5.636682	0.01525316	0.003332639	0.01192052	0.003332639
3290	-212.2874	-217.3493	5.061931	0.01333262	0.00177749	0.01155513	0.00177749
3300	-211.5822	-217.9191	6.336913	0.02486392	0.005662655	0.01920126	0.005662655
3310	-210.9331	-217.2049	6.271797	0.02274106	0.005074352	0.01766671	0.005074352
3320	-210.0907	-216.0136	5.922813	0.01939039	0.002781385	0.016609	0.002781385
3330	-210.8779	-216.9716	6.093664	0.01943307	0.005004064	0.014429	0.005004064
3340	-212.8115	-219.1244	6.312871	0.02653067	0.009099102	0.01743157	0.009099102
3350	-211.0179	-217.286	6.268074	0.02360487	0.004523606	0.01908127	0.004523606
3360	-212.3016	-218.6017	6.300084	0.02518001	0.0083109	0.01686911	0.0083109
3370	-211.0617	-217.1247	6.063043	0.02396364	0.002965053	0.02099859	0.002965053
3380	-211.1215	-217.4001	6.278592	0.02391692	0.004604587	0.01931233	0.004604587
3390	-212.5258	-218.288	5.762249	0.01802481	0.006864971	0.01115984	0.006864971
3400	-211.3447	-215.5761	4.231407	0.0153598	0.0007538298	0.01460597	0.0007538298
3410	-212.9816	-219.3287	6.347095	0.02735106	0.00884756	0.0185035	0.00884756
3420	-212.1357	-217.1201	4.984395	0.01345116	0.001587617	0.01186355	0.001587617
3430	-210.3462	-216.1466	5.800445	0.02155542	0.002172198	0.01938322	0.002172198
3440	-210.2495	-216.3266	6.077109	0.02051936	0.003406725	0.01711264	0.003406725
3450	-210.8363	-216.9803	6.143985	0.02013377	0.005118999	0.01501477	0.005118999
3460	-211.464	-217.7732	6.309201	0.02371818	0.006385787	0.01733239	0.006385787
3470	-215.9188	-222.125	6.206187	0.0329282	0.01445739	0.01847081	0.01445739
3480	-213.5362	-219.0064	5.470165	0.02746786	0.001623291	0.02584457	0.001623291
3490	-211.5922	-217.7977	6.205515	0.02528031	0.003756856	0.02152346	0.003756856
3500	-211.8004	-217.8804	6.080061	0.02079582	0.007233525	0.0135623	0.007233525
3510	-212.3676	-218.7179	6.350288	0.02607997	0.007768391	0.01831158	0.007768391
3520	-210.2619	-215.9702	5.708341	0.01734554	0.00238557	0.01495997	0.00238557
3530	-212.6183	-218.3409	5.722558	0.01767733	0.006736193	0.01094114	0.006736193
3540	-210.0872	-215.928	5.840858	0.01868162	0.002578143	0.01610348	0.002578143
3550	-217.7785	-223.7231	5.944535	0.03371512	0.003241734	0.03047339	0.003241734
3560	-212.0022	-217.6703	5.668123	0.02532059	0.00188471	0.02343588	0.00188471
3570	-211.767	-216.8173	5.050267	0.01390626	0.001593069	0.01231319	0.001593069
3580	-212.3442	-218.5179	6.173714	0.02672635	0.003591789	0.02313456	0.003591789
3590	-210.1699	-216.1328	5.962921	0.02073131	0.002743583	0.01798772	0.002743583
3600	-210.1193	-215.9861	5.866796	0.01860517	0.002704367	0.0159008	0.002704367
3610	-210.9552	-217.0749	6.119677	0.01985292	0.005303268	0.01454965	0.005303268
3620	-212.3497	-218.5434	6.193712	0.02676416	0.003723247	0.02304092	0.003723247
3630	-211.0265	-217.2229	6.196396	0.02110593	0.005707238	0.01539869	0.005707238
3640	-211.2588	-217.3956	6.13681	0.02049561	0.006108395	0.01438722	0.006108395
3650	-210.4308	-216.5807	6.149851	0.02071401	0.004065688	0.01664832	0.004065688
3660	-210.0389	-215.854	5.815021	0.01932069	0.002382437	0.01693825	0.002382437
3670	-213.1195	-218.3101	5.190552	0.01293233	0.002586537	0.01034579	0.002586537
3680	-210.3093	-216.3041	5.99488	0.01880217	0.003440286	0.01536188	0.003440286
3690	-212.9838	-218.8145	5.830713	0.02077056	0.009137699	0.01163286	0.009137699
3700	-211.32	-217.4738	6.153804	0.02085899	0.006321602	0.01453738	0.006321602
3710	-210.6241	-215.7176	5.093486	0.01601678	0.001353945	0.01466284	0.001353945
3720	-210.8501	-216.4176	5.567493	0.01572291	0.002379802	0.01334311	0.002379802
3730	-210.441	-216.395	5.953961	0.02207185	0.00260103	0.01947082	0.00260103
3740	-210.9304	-217.0923	6.161856	0.02364295	0.003502901	0.02014004	0.003502901
3750	-210.1299	-216.0794	5.949431	0.01923112	0.002951511	0.0162796	0.002951511
3760	-210.7315	-216.9684	6.236871	0.02244698	0.004451845	0.01799514	0.004451845
3770	-211.4485	-217.6809	6.232307	0.02232263	0.006745735	0.01557689	0.006745735
3780	-211.3045	-217.2023	5.897752	0.01734205	0.00464703	0.01269502	0.00464703
3790	-210.049	-215.8257	5.776691	0.01973564	0.002224306	0.01751133	0.002224306
3800	-211.7189	-217.567	5.848013	0.01723656	0.005203111	0.01203345	0.005203111
3810	-210.9715	-215.362	4.390469	0.01991398	0.0007371463	0.01917684	0.0007371463
3820	-210.0433	-215.667	5.623639	0.01857692	0.001961504	0.01661542	0.001961504
3830	-210.6221	-216.5868	5.964733	0.01800514	0.003820245	0.01418489	0.003820245
3840	-216.1984	-222.1118	5.913468	0.0317529	0.002868628	0.02888427	0.002868628
3850	-210.1923	-215.5148	5.3225	0.01760338	0.001518711	0.01608467	0.001518711
3860	-212.1364	-217.1752	5.038761	0.01347303	0.001682995	0.01179003	0.001682995
3870	-211.8578	-215.5588	3.700937	0.01508538	0.0005618759	0.01452351	0.0005618759
3880	-211.5393	-217.7633	6.224077	0.02236675	0.006964957	0.01540179	0.006964957
3890	-211.4538	-216.9653	5.511455	0.02399577	0.001614749	0.02238102	0.001614749
3900	-210.5754	-216.7753	6.199983	0.02145045	0.004391896	0.01705856	0.004391896
3910	-212.5128	-218.1666	5.653837	0.01618801	0.005423392	0.01076462	0.005423392
3920	-213.3583	-219.3804	6.02211	0.02813309	0.002944344	0.02518874	0.002944344
3930	-215.3388	-221.5196	6.18079	0.03139177	0.01412418	0.01726759	0.01412418
3940	-211.7202	-217.1159	5.395781	0.01431859	0.002377924	0.01194067	0.002377924
3950	-210.1782	-216.1813	6.003073	0.01951088	0.003192348	0.01631854	0.003192348
3960	-211.359	-216.1413	4.782239	0.02233536	0.0009295742	0.02140579	0.0009295742
3970	-213.0316	-219.4165	6.384884	0.02808268	0.007200538	0.02088215	0.007200538
3980	-211.6135	-217.3348	5.721238	0.01581428	0.003895378	0.0119189	0.003895378
3990	-211.4118	-217.1341	5.722323	0.01582208	0.00358813	0.01223395	0.00358813
4000	-210.6165	-216.7913	6.17477	0.02251716	0.00372052	0.01879664	0.00372052
4010	-210.5996	-216.7364	6.136807	0.02257731	0.003430531	0.01914678	0.003430531
4020	-213.1908	-219.5397	6.348917	0.02847369	0.0056434	0.02283029	0.0056434
4030	-212.4988	-218.7117	6.212868	0.02447622	0.009117037	0.01535918	0.009117037
4040	-210.7495	-216.8864	6.136916	0.02310986	0.003380638	0.01972922	0.003380638
4050	-210.3506	-216.4328	6.082253	0.02156187	0.003223135	0.01833874	0.003223135
4060	-210.034	-215.6909	5.656901	0.01917638	0.001980465	0.01719591	0.001980465
4070	-211.9555	-218.2628	6.307293	0.02453575	0.007554372	0.01698138	0.007554372
4080	-211.7216	-217.4004	5.67882	0.01550977	0.003764561	0.01174521	0.003764561
4090	-210.7973	-216.8866	6.089391	0.01934456	0.004803878	0.01454068	0.004803878
4100	-213.7265	-219.2708	5.544389	0.01934424	0.009264741	0.0100795	0.009264741
4110	-210.7645	-216.9838	6.219351	0.02144307	0.005005323	0.01643775	0.005005323
4120	-210.6508	-216.8723	6.221563	0.022023	0.004411336	0.01761166	0.004411336
4130	-212.5423	-218.7686	6.226349	0.02477138	0.009178146	0.01559323	0.009178146
4140	-210.3761	-215.4066	5.03057	0.01944974	0.001130817	0.01831892	0.001130817
4150	-213.4832	-219.8113	6.328006	0.02827271	0.009883868	0.01838884	0.009883868
4160	-213.8505	-219.9279	6.077415	0.02654624	0.01214527	0.01440098	0.01214527
4170	-210.9467	-217.1964	6.249751	0.02204049	0.005436442	0.01660405	0.005436442
4180	-211.8295	-217.2436	5.414175	0.02457946	0.001490804	0.02308866	0.001490804
4190	-212.1527	-218.4258	6.273134	0.02648304	0.004365378	0.02211766	0.004365378
4200	-211.7668	-218.1153	6.348495	0.02532702	0.005884334	0.01944268	0.005884334
4210	-211.8943	-217.72	5.825661	0.01725879	0.005472085	0.0117867	0.005472085
4220	-214.1312	-220.305	6.173791	0.02830484	0.01236642	0.01593843	0.01236642
4230	-210.1596	-215.9818	5.82212	0.01814471	0.002625038	0.01551967	0.002625038
4240	-211.196	-216.8325	5.636474	0.01550565	0.002895023	0.01261063	0.002895023
4250	-210.4063	-215.3132	4.906925	0.01882966	0.001046989	0.01778267	0.001046989
4260	-210.2607	-216.2174	5.956706	0.01860889	0.003219147	0.01538974	0.003219147
4270	-211.182	-215.1134	3.931394	0.01728704	0.0005929469	0.0166941	0.0005929469
4280	-213.1189	-219.4323	6.313468	0.0272574	0.009580908	0.0176765	0.009580908
4290	-211.6181	-217.9286	6.31055	0.02396429	0.006764965	0.01719932	0.006764965
4300	-210.3559	-216.2674	5.911473	0.0217183	0.002477118	0.01924118	0.002477118
4310	-212.776	-218.3473	5.571297	0.01561629	0.005227452	0.01038883	0.005227452
4320	-210.2533	-216.3326	6.079345	0.0205237	0.0034224	0.0171013	0.0034224
4330	-211.871	-216.9982	5.127109	0.01381608	0.001764369	0.01205172	0.001764369
4340	-211.7598	-217.4164	5.656584	0.02485904	0.001855786	0.02300326	0.001855786
4350	-212.862	-218.8515	5.989466	0.02257939	0.00968493	0.01289446	0.00968493
4360	-212.1023	-218.2218	6.119445	0.0221617	0.008170452	0.01399125	0.008170452
4370	-210.7974	-216.933	6.135589	0.01999514	0.00500466	0.01499048	0.00500466
4380	-211.4442	-217.7284	6.284126	0.02319838	0.006576808	0.01662157	0.006576808
4390	-210.9459	-216.5921	5.646262	0.01580492	0.002719877	0.01308504	0.002719877
4400	-210.4855	-216.3899	5.904355	0.0176966	0.003332028	0.01436457	0.003332028
4410	-214.1847	-220.5216	6.336971	0.02993199	0.01046634	0.01946566	0.01046634
4420	-211.221	-217.0277	5.806621	0.0240051	0.002151808	0.02185329	0.002151808
4430	-211.2114	-217.5167	6.305295	0.02352839	0.005591049	0.01793734	0.005591049
4440	-210.3339	-216.3765	6.042515	0.02158711	0.00300499	0.01858212	0.00300499
4450	-210.1675	-216.156	5.988486	0.01939294	0.003134699	0.01625825	0.003134699
4460	-210.059	-215.9027	5.843724	0.01901577	0.002526414	0.01648935	0.002526414
4470	-210.2589	-215.3607	5.101777	0.01839012	0.001224035	0.01716609	0.001224035
4480	-210.0983	-215.7192	5.620945	0.01796209	0.002024622	0.01593747	0.002024622
4490	-210.3753	-215.3621	4.986826	0.01914234	0.00110168	0.01804066	0.00110168
4500	-210.4746	-216.6245	6.149827	0.02051086	0.004223748	0.01628711	0.004223748
4510	-210.5431	-216.7377	6.19458	0.02165935	0.004177991	0.01748136	0.004177991
4520	-213.8606	-219.2547	5.394138	0.01712172	0.007736635	0.009385084	0.007736635
4530	-210.5646	-216.4412	5.876609	0.02241231	0.002345176	0.02006713	0.002345176
4540	-217.3021	-222.7745	5.472399	0.03102426	0.01967564	0.01134862	0.01967564
4550	-212.3944	-218.4401	6.045755	0.02192997	0.008658069	0.0132719	0.008658069
4560	-211.2772	-217.0149	5.737687	0.01595875	0.003498887	0.01245986	0.003498887
4570	-213.4627	-219.8238	6.361125	0.02897201	0.006036382	0.02293563	0.006036382
4580	-210.2721	-216.343	6.070888	0.01993154	0.003567129	0.01636441	0.003567129
4590	-210.628	-216.8412	6.213284	0.02164422	0.00451038	0.01713384	0.00451038
4600	-210.9039	-217.1597	6.255769	0.02220883	0.005241696	0.01696713	0.005241696
4610	-210.7441	-216.9721	6.228016	0.02168391	0.004891447	0.01679247	0.004891447
4620	-210.1246	-216.1019	5.97724	0.01992649	0.002934858	0.01699163	0.002934858
4630	-214.0342	-220.3349	6.300679	0.02927138	0.01100308	0.0182683	0.01100308
4640	-211.7155	-215.858	4.142556	0.0146221	0.0007413046	0.01388079	0.0007413046
4650	-210.1336	-215.5646	5.430965	0.0194865	0.001565051	0.01792145	0.001565051
4660	-211.2585	-217.5312	6.272662	0.02439709	0.004431244	0.01996584	0.004431244
4670	-210.8511	-217.1109	6.259802	0.02254757	0.004881859	0.01766571	0.004881859
4680	-212.7756	-218.1751	5.399475	0.01385063	0.003378922	0.01047171	0.003378922
4690	-211.042	-217.3238	6.281843	0.02285427	0.005411705	0.01744257	0.005411705
4700	-210.7806	-216.5542	5.773527	0.0228824	0.00207883	0.02080357	0.00207883
4710	-211.519	-216.9028	5.383861	0.01449884	0.002225362	0.01227348	0.002225362
4720	-210.9233	-217.1748	6.251528	0.02208654	0.005343831	0.0167427	0.005343831
4730	-210.8619	-215.8841	5.02222	0.0154446	0.00132476	0.01411984	0.00132476
4740	-216.2807	-221.3954	5.114667	0.02457196	0.01554625	0.009025715	0.01554625
4750	-211.9053	-218.1039	6.19854	0.02592767	0.003718194	0.02220947	0.003718194
4760	-212.8479	-218.6416	5.793665	0.01971703	0.008373742	0.01134329	0.008373742
4770	-210.2137	-216.1481	5.934403	0.02105793	0.002600227	0.0184577	0.002600227
4780	-210.1195	-215.9916	5.872107	0.02045589	0.002440796	0.0180151	0.002440796
4790	-211.3698	-217.5392	6.16943	0.02118896	0.00649044	0.01469852	0.00649044
4800	-213.0583	-219.4201	6.361748	0.02770792	0.008617396	0.01909053	0.008617396
4810	-214.4217	-219.7818	5.360092	0.01968339	0.01030363	0.00937976	0.01030363
4820	-210.7812	-216.0122	5.231084	0.02179885	0.001281065	0.02051779	0.001281065
4830	-215.1538	-220.1777	5.023906	0.01773888	0.009544295	0.008194582	0.009544295
4840	-215.2301	-220.2581	5.028005	0.01844427	0.01020095	0.008243323	0.01020095
4850	-210.1486	-215.4767	5.328119	0.01807122	0.001495273	0.01657595	0.001495273
4860	-210.5181	-216.1516	5.633577	0.01648032	0.002358961	0.01412136	0.002358961
4870	-213.5068	-219.3875	5.880668	0.02322539	0.01098735	0.01223805	0.01098735
4880	-213.5468	-219.185	5.63824	0.02006815	0.009513828	0.01055432	0.009513828
4890	-210.0356	-215.6708	5.635233	0.01878317	0.001967266	0.0168159	0.001967266
4900	-210.0353	-215.8032	5.767828	0.01946737	0.002225989	0.01724139	0.002225989
4910	-210.1536	-216.1602	6.006549	0.02004809	0.003066746	0.01698134	0.003066746
4920	-210.4627	-216.4884	6.025684	0.02216871	0.00287503	0.01929368	0.00287503
4930	-211.6962	-217.4967	5.800532	0.0166266	0.004706713	0.01191989	0.004706713
4940	-210.6489	-216.4538	5.804902	0.01686146	0.003086481	0.01377498	0.003086481
4950	-210.0604	-215.8304	5.769918	0.01988127	0.002193409	0.01768786	0.002193409
4960	-215.7593	-220.6292	4.869884	0.01905464	0.0111946	0.007860034	0.0111946
4970	-212.999	-219.3549	6.355928	0.02812964	0.005752319	0.02237732	0.005752319
4980	-210.2526	-216.169	5.916446	0.0183259	0.003061718	0.01526418	0.003061718
4990	-210.9984	-217.2388	6.240467	0.02186283	0.005613291	0.01624954	0.005613291
5000	-210.1761	-215.5064	5.330285	0.01772274	0.001521035	0.0162017	0.001521035
5010	-211.0273	-217.0211	5.993791	0.0182505	0.004746415	0.01350409	0.004746415
5020	-211.306	-217.6182	6.312177	0.02422964	0.005180905	0.01904874	0.005180905
5030	-216.7684	-223.0284	6.26004	0.03491696	0.01378315	0.0211338	0.01378315
5040	-211.2305	-216.7502	5.519745	0.01510327	0.002475241	0.01262803	0.002475241
5050	-210.9395	-216.8783	5.938747	0.01762843	0.004215888	0.01341255	0.004215888
5060	-212.1743	-214.9983	2.824034	0.01733986	0.0003432485	0.01699661	0.0003432485
5070	-213.673	-219.3437	5.670742	0.02104897	0.01024987	0.0107991	0.01024987
5080	-211.0584	-217.326	6.267637	0.02376751	0.004476393	0.01929112	0.004476393
5090	-210.2471	-215.7605	5.51341	0.01711698	0.001895855	0.01522113	0.001895855
5100	-210.7788	-216.6527	5.873937	0.01714372	0.0035801	0.01356362	0.0035801
5110	-210.2324	-216.2892	6.05678	0.02076445	0.0032091	0.01755535	0.0032091
5120	-210.5561	-216.4026	5.846483	0.0172239	0.00316226	0.01406164	0.00316226
5130	-210.1275	-215.6796	5.552189	0.01992722	0.001733704	0.01819351	0.001733704
5140	-210.2024	-215.8688	5.666413	0.01746915	0.002222949	0.0152462	0.002222949
5150	-214.1763	-220.0768	5.900507	0.02909549	0.002590322	0.02650517	0.002590322
5160	-211.8841	-217.8321	5.948003	0.0255526	0.002557971	0.02299463	0.002557971
5170	-210.3307	-216.4411	6.110332	0.0203731	0.003758897	0.0166142	0.003758897
5180	-210.4433	-215.4073	4.96395	0.01701272	0.00115582	0.0158569	0.00115582
5190	-210.1916	-215.6312	5.439603	0.01740074	0.001718976	0.01568176	0.001718976
5200	-211.8501	-218.0379	6.187785	0.02250983	0.007690005	0.01481982	0.007690005
5210	-213.8559	-219.9965	6.140606	0.02723007	0.01201187	0.0152182	0.01201187
5220	-210.4113	-216.4153	6.004064	0.01864985	0.003653873	0.01499597	0.003653873
5230	-210.162	-216.1131	5.951067	0.019004	0.0030274	0.0159766	0.0030274
5240	-212.663	-218.9728	6.309806	0.02615255	0.008886152	0.01726639	0.008886152
5250	-210.134	-215.5408	5.406756	0.01786344	0.001623391	0.01624005	0.001623391
5260	-210.1364	-216.0909	5.954504	0.01923101	0.002979518	0.0162515	0.002979518
5270	-211.3588	-217.4487	6.089964	0.01997746	0.006143523	0.01383393	0.006143523
5280	-210.7384	-216.9757	6.237345	0.02250479	0.004432738	0.01807205	0.004432738
5290	-211.329	-217.0914	5.762424	0.01611313	0.003720875	0.01239225	0.003720875
5300	-210.2498	-216.22	5.970115	0.01876435	0.003248349	0.015516	0.003248349
5310	-210.5799	-216.6336	6.053748	0.01895732	0.004183375	0.01477394	0.004183375
5320	-211.7393	-218.0863	6.346982	0.02504457	0.006218975	0.01882559	0.006218975
5330	-210.173	-216.1904	6.017345	0.02041595	0.00304949	0.01736646	0.00304949
5340	-211.3194	-217.2443	5.924952	0.01766812	0.004890722	0.0127774	0.004890722
5350	-210.1204	-215.6187	5.498303	0.01966934	0.001657604	0.01801174	0.001657604
5360	-212.1672	-218.0031	5.83593	0.02588783	0.002254968	0.02363286	0.002254968
5370	-211.6577	-217.9991	6.341471	0.02506778	0.005721804	0.01934598	0.005721804
5380	-210.2599	-216.3318	6.071931	0.02005839	0.003522316	0.01653608	0.003522316
5390	-212.53	-218.797	6.266979	0.02718661	0.004344968	0.02284165	0.004344968
5400	-214.9228	-219.9764	5.05359	0.01620763	0.007977057	0.008230575	0.007977057
5410	-216.0298	-222.0301	6.000282	0.0317397	0.003215971	0.02852373	0.003215971
5420	-210.9816	-217.0487	6.067183	0.0191444	0.005098526	0.01404588	0.005098526
5430	-210.614	-216.5428	5.928816	0.02262452	0.002495249	0.02012927	0.002495249
5440	-211.6814	-217.9739	6.292563	0.02375142	0.007072386	0.01667903	0.007072386
5450	-212.119	-217.8459	5.726982	0.01635116	0.005062433	0.01128872	0.005062433
5460	-210.1069	-215.5288	5.421912	0.01908296	0.001570271	0.01751269	0.001570271
5470	-211.336	-217.5657	6.229666	0.0246833	0.003959739	0.02072356	0.003959739
5480	-211.2478	-217.406	6.158164	0.02447383	0.003447872	0.02102596	0.003447872
5490	-210.0444	-215.8791	5.834675	0.01945015	0.002429485	0.01702067	0.002429485
5500	-211.1069	-217.3326	6.225711	0.02168851	0.005918304	0.0157702	0.005918304
5510	-210.1798	-215.4738	5.294037	0.01918327	0.001399541	0.01778373	0.001399541
5520	-215.2077	-221.3302	6.122499	0.03060576	0.01444319	0.01616258	0.01444319
5530	-210.5502	-216.5437	5.993459	0.01834064	0.003847741	0.0144929	0.003847741
5540	-213.7102	-219.387	5.676744	0.02127766	0.01042543	0.01085223	0.01042543
5550	-212.2581	-218.4254	6.167292	0.0232372	0.008620276	0.01461692	0.008620276
5560	-210.7732	-217.0015	6.228304	0.02164301	0.004993334	0.01664967	0.004993334
5570	-211.0313	-217.256	6.224715	0.02385713	0.003975011	0.01988212	0.003975011
5580	-210.4098	-216.5473	6.137502	0.0205143	0.00401759	0.01649671	0.00401759
5590	-210.8398	-216.8263	5.98648	0.01811766	0.004323896	0.01379377	0.004323896
5600	-211.0033	-216.9604	5.957075	0.01782577	0.004454994	0.01337078	0.004454994
5610	-211.0877	-215.1042	4.016467	0.01805742	0.0006111782	0.01744624	0.0006111782
5620	-211.2644	-217.3287	6.064274	0.01943989	0.005753734	0.01368616	0.005753734
5630	-210.4237	-215.881	5.457306	0.01648242	0.001872023	0.0146104	0.001872023
5640	-210.8961	-216.8429	5.946843	0.01770972	0.004187684	0.01352204	0.004187684
5650	-213.3301	-219.7152	6.385132	0.02871644	0.007079712	0.02163673	0.007079712
5660	-211.723	-218.0698	6.346878	0.02511625	0.006014126	0.01910212	0.006014126
5670	-212.1872	-218.4428	6.25559	0.02428457	0.008343647	0.01594092	0.008343647
5680	-210.1163	-216.0406	5.924301	0.0190828	0.002858591	0.01622421	0.002858591
5690	-210.4012	-216.4882	6.087	0.01963853	0.00394269	0.01569584	0.00394269
5700	-211.8635	-218.2091	6.345554	0.02508529	0.006752957	0.01833233	0.006752957
5710	-210.7769	-217.0117	6.234801	0.02283059	0.00427481	0.01855578	0.00427481
5720	-217.0091	-223.3144	6.305286	0.03524825	0.01190953	0.02333872	0.01190953
5730	-210.8586	-217.1146	6.255995	0.02229901	0.005049848	0.01724916	0.005049848
5740	-214.9594	-221.1992	6.239816	0.03096765	0.004662374	0.02630528	0.004662374
5750	-210.3472	-215.5475	5.20029	0.01691735	0.001409006	0.01550834	0.001409006
5760	-210.5777	-216.4221	5.844417	0.01717936	0.003178675	0.01400068	0.003178675
5770	-213.5465	-219.2706	5.724097	0.02131269	0.01021827	0.01109442	0.01021827
5780	-210.5495	-216.6309	6.081443	0.01932176	0.004245269	0.01507649	0.004245269
5790	-213.6462	-219.9966	6.350367	0.02886965	0.009619904	0.01924975	0.009619904
5800	-210.404	-216.3538	5.949778	0.02194279	0.002593205	0.01934958	0.002593205
5810	-213.4817	-219.6897	6.207948	0.02697635	0.01105001	0.01592634	0.01105001
5820	-210.3743	-216.2808	5.906464	0.01792258	0.00319306	0.01472952	0.00319306
5830	-210.3016	-215.6697	5.36814	0.01690411	0.001649446	0.01525466	0.001649446
5840	-211.3596	-217.6547	6.295162	0.02329352	0.006265381	0.01702814	0.006265381
5850	-211.773	-218.0889	6.315903	0.02432839	0.00706886	0.01725953	0.00706886
5860	-211.996	-218.2962	6.300216	0.02450835	0.007698996	0.01680935	0.007698996
5870	-210.4668	-215.6752	5.208404	0.01641284	0.001461884	0.01495096	0.001461884
5880	-211.1338	-217.0726	5.938781	0.01768247	0.004592561	0.01308991	0.004592561
5890	-211.9626	-216.9526	4.989986	0.01365124	0.00154921	0.01210203	0.00154921
5900	-210.4879	-215.2535	4.765602	0.01792741	0.0009699647	0.01695744	0.0009699647
5910	-210.5997	-215.5514	4.951766	0.02036421	0.001054018	0.01931019	0.001054018
5920	-210.2765	-215.4966	5.220104	0.01965645	0.001302928	0.01835352	0.001302928
5930	-210.0292	-215.7229	5.693655	0.01914763	0.002067075	0.01708056	0.002067075
5940	-211.5596	-217.327	5.767442	0.01618633	0.004142815	0.01204352	0.004142815
5950	-210.0458	-215.6795	5.633722	0.01935498	0.001917629	0.01743735	0.001917629
5960	-214.5842	-220.681	6.096798	0.02874055	0.0135198	0.01522074	0.0135198
5970	-211.0505	-217.331	6.280451	0.0227977	0.005473945	0.01732376	0.005473945
5980	-210.7381	-216.4095	5.671379	0.01617794	0.00264275	0.01353519	0.00264275
5990	-211.1333	-217.4294	6.296107	0.02326637	0.005478994	0.01778737	0.005478994
6000	-211.5512	-217.8456	6.29446	0.02513084	0.004639199	0.02049165	0.004639199
6010	-214.0196	-220.3885	6.368908	0.02983277	0.00935246	0.02048031	0.00935246
6020	-210.7078	-216.3064	5.598607	0.02237454	0.001748198	0.02062634	0.001748198
6030	-211.7894	-218.1145	6.325133	0.02452942	0.006986769	0.01754265	0.006986769
6040	-210.3261	-216.4102	6.084057	0.02139504	0.003260277	0.01813477	0.003260277
6050	-212.1544	-218.4338	6.279413	0.02455423	0.008169752	0.01638448	0.008169752
6060	-212.6342	-218.6318	5.9976	0.02198626	0.009102306	0.01288396	0.009102306
6070	-210.7469	-215.5875	4.84067	0.01598584	0.001105525	0.01488031	0.001105525
6080	-210.0439	-215.8546	5.810645	0.01967637	0.002327036	0.01734934	0.002327036
6090	-210.1073	-215.9776	5.87023	0.02038064	0.0024417	0.01793894	0.0024417
6100	-212.2512	-218.5579	6.306729	0.02516925	0.008161354	0.01700789	0.008161354
6110	-211.2687	-217.5702	6.301549	0.02337063	0.00591345	0.01745718	0.00591345
6120	-213.5155	-219.9027	6.387217	0.02903839	0.007602431	0.02143596	0.007602431
6130	-210.914	-217.063	6.148996	0.02025483	0.0053201	0.01493473	0.0053201
6140	-210.1408	-215.9959	5.855083	0.01840856	0.002701417	0.01570714	0.002701417
6150	-213.9649	-220.347	6.382051	0.0298939	0.00723528	0.02265862	0.00723528
6160	-210.8089	-217.04	6.231093	0.02302919	0.004175205	0.01885398	0.004175205
6170	-210.6938	-216.9043	6.210463	0.02265005	0.004032343	0.01861771	0.004032343
6180	-212.5046	-218.5787	6.074103	0.02264174	0.009043444	0.01359829	0.009043444
6190	-210.1789	-216.1884	6.009476	0.02059896	0.002975174	0.01762378	0.002975174
6200	-211.2439	-217.2129	5.968984	0.01812805	0.0050526	0.01307545	0.0050526
6210	-211.7341	-218.0811	6.346994	0.02521056	0.00590224	0.01930832	0.00590224
6220	-214.5949	-220.7699	6.175017	0.03026297	0.003981534	0.02628143	0.003981534
6230	-210.5321	-216.7179	6.185806	0.02119939	0.004315064	0.01688433	0.004315064
6240	-210.9632	-217.24	6.276788	0.02288785	0.005089261	0.01779859	0.005089261
6250	-213.8452	-219.9194	6.074201	0.02648886	0.01213213	0.01435673	0.01213213
6260	-211.3228	-217.0245	5.701663	0.01572568	0.003349565	0.01237611	0.003349565
6270	-211.5415	-217.5767	6.0352	0.01952737	0.006281079	0.01324629	0.006281079
6280	-214.853	-221.0337	6.180631	0.03020413	0.01345984	0.0167443	0.01345984
6290	-210.1805	-216.1803	5.999757	0.0207115	0.002909839	0.01780166	0.002909839
6300	-211.1489	-217.1772	6.02831	0.0187908	0.005252092	0.01353871	0.005252092
6310	-211.9487	-217.9837	6.034959	0.02051804	0.007398264	0.01311978	0.007398264
6320	-210.2551	-215.3701	5.114999	0.01808494	0.001248759	0.01683618	0.001248759
6330	-212.2844	-218.5116	6.227193	0.02412661	0.008633027	0.01549359	0.008633027
6340	-211.5424	-217.7941	6.251678	0.02516885	0.004143676	0.02102518	0.004143676
6350	-213.2503	-219.5974	6.347076	0.02857703	0.005622057	0.02295497	0.005622057
6360	-210.2721	-215.3538	5.081711	0.01819751	0.00121209	0.01698542	0.00121209
6370	-211.0002	-217.1213	6.121095	0.01991718	0.005421459	0.01449572	0.005421459
6380	-210.9636	-216.0207	5.057135	0.02192696	0.001123819	0.02080314	0.001123819
6390	-211.1583	-216.7089	5.550619	0.0234303	0.001669255	0.02176105	0.001669255
6400	-210.8402	-217.0472	6.206958	0.02329214	0.003880495	0.01941164	0.003880495
6410	-210.0349	-215.7839	5.748995	0.01881604	0.002248223	0.01656782	0.002248223
6420	-210.6037	-216.7233	6.119607	0.02263688	0.003315906	0.01932097	0.003315906
6430	-210.5081	-216.4876	5.979483	0.02233516	0.002679937	0.01965522	0.002679937
6440	-210.7174	-216.8882	6.170802	0.02054422	0.004898904	0.01564531	0.004898904
6450	-211.0295	-217.1978	6.168279	0.02065793	0.005657263	0.01500067	0.005657263
6460	-210.7535	-216.6384	5.884838	0.0172434	0.003602074	0.01364132	0.003602074
6470	-210.1726	-216.1756	6.002976	0.02057574	0.002946317	0.01762942	0.002946317
6480	-211.1387	-217.2721	6.13349	0.02026266	0.005800927	0.01446173	0.005800927
6490	-210.1648	-216.1397	5.974956	0.02064984	0.002804997	0.01784484	0.002804997
6500	-210.2397	-216.1626	5.922889	0.02120088	0.002547999	0.01865288	0.002547999
6510	-210.3041	-215.7038	5.399756	0.01688712	0.00170503	0.01518209	0.00170503
6520	-211.1456	-217.347	6.201466	0.02133033	0.006006295	0.01532404	0.006006295
6530	-210.1384	-216.0845	5.94613	0.01912028	0.002963941	0.01615634	0.002963941
6540	-211.1449	-217.4181	6.273161	0.02262432	0.005858968	0.01676536	0.005858968
6550	-210.6956	-216.7616	6.066086	0.0190451	0.004474607	0.01457049	0.004474607
6560	-211.9069	-216.4419	4.534928	0.02308458	0.0007959832	0.02228859	0.0007959832
6570	-211.2924	-217.4964	6.203983	0.02159277	0.006366919	0.01522585	0.006366919
6580	-211.3163	-217.3961	6.079862	0.01974966	0.005974396	0.01377527	0.005974396
6590	-210.1878	-215.9235	5.73567	0.02074484	0.002054008	0.01869083	0.002054008
6600	-215.6618	-221.7149	6.053073	0.03118982	0.0156003	0.01558952	0.0156003
6610	-211.2538	-216.2228	4.968966	0.01467496	0.001347849	0.01332711	0.001347849
6620	-210.2982	-216.1394	5.841221	0.01773761	0.002848039	0.01488957	0.002848039
6630	-210.4014	-216.3636	5.962248	0.01829011	0.003460968	0.01482914	0.003460968
6640	-210.844	-216.6838	5.839825	0.01685614	0.003488954	0.01336719	0.003488954
6650	-211.185	-217.4188	6.233731	0.02429324	0.004019472	0.02027377	0.004019472
6660	-211.2789	-217.269	5.990076	0.0184433	0.005295741	0.01314756	0.005295741
6670	-212.0851	-218.4412	6.356096	0.0256773	0.007016055	0.01866125	0.007016055
6680	-212.1246	-218.0768	5.952262	0.01977041	0.007349588	0.01242082	0.007349588
6690	-211.2304	-215.8229	4.592518	0.01504557	0.0009732146	0.01407235	0.0009732146
6700	-213.4937	-219.7367	6.24301	0.02738987	0.01085582	0.01653406	0.01085582
6710	-213.7618	-219.7014	5.939507	0.02473644	0.01184569	0.01289075	0.01184569
6720	-215.193	-221.2921	6.099109	0.0303691	0.01456811	0.01580099	0.01456811
6730	-210.7941	-215.7069	4.91278	0.01572504	0.00118696	0.01453808	0.00118696
6740	-210.3331	-216.2107	5.877622	0.01783773	0.003026488	0.01481124	0.003026488
6750	-210.8554	-217.0864	6.230979	0.02164332	0.005248336	0.01639498	0.005248336
6760	-212.3103	-218.1868	5.876517	0.01916809	0.00730217	0.01186592	0.00730217
6770	-211.1981	-216.8149	5.616735	0.0154274	0.002815041	0.01261236	0.002815041
6780	-210.7699	-215.8287	5.058738	0.01564325	0.001347748	0.0142955	0.001347748
6790	-214.3126	-220.406	6.093371	0.0296703	0.0034078	0.0262625	0.0034078
6800	-210.4618	-216.4604	5.998592	0.01850934	0.003717033	0.01479231	0.003717033
6810	-211.9971	-217.9227	5.925604	0.01899312	0.006738085	0.01225503	0.006738085
6820	-211.5777	-217.9003	6.322611	0.02507394	0.005137321	0.01993661	0.005137321
6830	-210.8082	-216.6859	5.877636	0.02311116	0.002334088	0.02077707	0.002334088
6840	-211.168	-215.5041	4.3361	0.01566099	0.000793637	0.01486735	0.000793637
6850	-212.5431	-218.9109	6.367772	0.0267376	0.007611223	0.01912637	0.007611223
6860	-210.3721	-216.4921	6.120015	0.0203173	0.003904607	0.01641269	0.003904607
6870	-212.5234	-218.5626	6.039172	0.02221808	0.008973104	0.01324497	0.008973104
6880	-210.3614	-216.1645	5.803141	0.02161777	0.002176554	0.01944122	0.002176554
6890	-210.6317	-215.8978	5.266126	0.0158907	0.001604777	0.01428592	0.001604777
6900	-213.1757	-218.9021	5.72639	0.01992705	0.008944191	0.01098286	0.008944191
6910	-210.3398	-216.3823	6.042499	0.02163263	0.002999896	0.01863273	0.002999896
6920	-212.5459	-218.4193	5.873368	0.01989444	0.008047789	0.01184665	0.008047789
6930	-214.3863	-220.3421	5.95585	0.02678842	0.01334537	0.01344305	0.01334537
6940	-211.229	-217.5103	6.281295	0.02427846	0.004567527	0.01971093	0.004567527
6950	-211.1171	-216.9077	5.790623	0.02374637	0.002114013	0.02163236	0.002114013
6960	-211.2896	-217.2159	5.926282	0.01765529	0.004834154	0.01282114	0.004834154
6970	-210.893	-217.0857	6.192734	0.0234937	0.003737238	0.01975646	0.003737238
6980	-213.5448	-219.9063	6.36148	0.02875584	0.009210849	0.01954499	0.009210849
6990	-212.7595	-215.3124	2.552893	0.02024212	0.0002957709	0.01994635	0.0002957709
7000	-212.6546	-218.2981	5.643459	0.01643587	0.005806618	0.01062926	0.005806618
7010	-213.1782	-219.3391	6.160882	0.02562817	0.0106265	0.01500167	0.0106265
7020	-210.7152	-216.8859	6.170675	0.0229475	0.003625952	0.01932155	0.003625952
7030	-214.6141	-220.5222	5.908047	0.02696462	0.01383424	0.01313038	0.01383424
7040	-211.9001	-218.1974	6.297309	0.0242618	0.007519571	0.01674223	0.007519571
7050	-210.8924	-216.6179	5.725513	0.02309325	0.001975282	0.02111796	0.001975282
7060	-210.8751	-215.181	4.305886	0.01725666	0.0007356401	0.01652102	0.0007356401
7070	-212.2198	-218.1343	5.914471	0.01946955	0.007334589	0.01213497	0.007334589
7080	-210.4116	-215.3598	4.948231	0.01922382	0.001069629	0.01815419	0.001069629
7090	-210.5798	-216.7619	6.182072	0.020908	0.004519566	0.01638843	0.004519566
7100	-211.3964	-217.275	5.878626	0.01720433	0.004695216	0.01250912	0.004695216
7110	-212.9751	-218.7551	5.779917	0.01997702	0.008698557	0.01127846	0.008698557
7120	-212.6881	-218.1066	5.418449	0.01394781	0.003385412	0.0105624	0.003385412
7130	-210.2002	-215.4042	5.203945	0.01853446	0.001322551	0.01721191	0.001322551
7140	-211.2641	-217.4326	6.168545	0.02098893	0.006229374	0.01475955	0.006229374
7150	-210.6905	-216.8125	6.122008	0.0197925	0.004703791	0.01508871	0.004703791
7160	-211.2533	-217.4801	6.226773	0.02447507	0.003944828	0.02053024	0.003944828
7170	-211.0976	-217.3881	6.290517	0.02309467	0.005465316	0.01762935	0.005465316
7180	-213.6885	-220.0673	6.378892	0.02924542	0.008653947	0.02059147	0.008653947
7190	-213.0827	-219.0428	5.96018	0.02287574	0.01015466	0.01272108	0.01015466
7200	-212.3775	-218.6405	6.26307	0.02484414	0.008698027	0.01614611	0.008698027
7210	-210.0866	-215.6268	5.540197	0.01950884	0.001733662	0.01777518	0.001733662
7220	-214.0741	-220.3114	6.237341	0.02877333	0.01181046	0.01696287	0.01181046
7230	-211.5775	-217.4628	5.885319	0.0174982	0.005178983	0.01231921	0.005178983
7240	-210.1124	-216.0488	5.936401	0.02029131	0.002690289	0.01760102	0.002690289
7250	-210.1882	-216.1051	5.916929	0.01856725	0.002971464	0.01559578	0.002971464
7260	-218.1159	-222.3633	4.247378	0.01056459	0.003881023	0.006683563	0.003881023
7270	-211.8648	-218.1732	6.308372	0.02585862	0.004791467	0.02106715	0.004791467
7280	-210.0465	-215.8839	5.83739	0.0192512	0.002466335	0.01678487	0.002466335
7290	-212.4262	-218.5146	6.088386	0.02261288	0.008887012	0.01372587	0.008887012
7300	-212.6549	-219.0022	6.347341	0.02663777	0.008334909	0.01830286	0.008334909
7310	-210.1559	-216.0943	5.938349	0.02067417	0.002652078	0.01802209	0.002652078
7320	-212.7822	-218.8769	6.094662	0.02735263	0.003203707	0.02414893	0.003203707
7330	-210.619	-216.7861	6.167069	0.02054571	0.004639791	0.01590592	0.004639791
7340	-212.8199	-217.985	5.165112	0.01302743	0.002283324	0.01074411	0.002283324
7350	-212.5832	-218.613	6.029811	0.0222674	0.009094731	0.01317267	0.009094731
7360	-213.0435	-219.0263	5.982764	0.02304611	0.01013501	0.01291109	0.01013501
7370	-212.3121	-218.5422	6.230071	0.02674192	0.003988356	0.02275356	0.003988356
7380	-210.3031	-215.7783	5.475265	0.01688601	0.001848342	0.01503767	0.001848342
7390	-211.0727	-217.328	6.2553	0.02220298	0.005761669	0.01644131	0.005761669
7400	-210.8262	-216.7037	5.877486	0.01713598	0.003667237	0.01346874	0.003667237
7410	-212.7905	-218.6816	5.891019	0.02097735	0.008949338	0.01202801	0.008949338
7420	-211.3594	-217.5285	6.169096	0.02474116	0.003511979	0.02122918	0.003511979
7430	-210.8527	-216.7736	5.920892	0.01747748	0.003956258	0.01352122	0.003956258
7440	-210.1962	-215.4324	5.236199	0.01796467	0.001385572	0.0165791	0.001385572
7450	-210.0854	-215.6114	5.525969	0.01811865	0.00180646	0.01631219	0.00180646
7460	-210.9059	-217.1682	6.262351	0.02240326	0.005176717	0.01722654	0.005176717
7470	-211.2501	-217.0835	5.833346	0.01667873	0.004067362	0.01261136	0.004067362
7480	-210.9975	-217.1871	6.189689	0.02096729	0.005625955	0.01534133	0.005625955
7490	-216.3101	-222.5038	6.193688	0.03266614	0.004627362	0.02803878	0.004627362
7500	-211.9855	-218.2212	6.235732	0.02352351	0.007969169	0.01555434	0.007969169
7510	-213.1406	-218.9904	5.849832	0.02159994	0.009769671	0.01183027	0.009769671
7520	-211.3025	-217.5758	6.273315	0.02278961	0.006279723	0.01650989	0.006279723
7530	-211.2081	-216.7621	5.553998	0.01521852	0.002578895	0.01263962	0.002578895
7540	-211.7398	-218.0869	6.347165	0.02523402	0.005889606	0.01934442	0.005889606
7550	-214.7467	-220.645	5.898282	0.02724789	0.01412373	0.01312416	0.01412373
7560	-210.9286	-217.1745	6.245875	0.02343624	0.004262081	0.01917416	0.004262081
7570	-213.5966	-219.1913	5.594655	0.02775476	0.001824883	0.02592988	0.001824883
7580	-212.9591	-219.1213	6.162233	0.02776039	0.003596116	0.02416428	0.003596116
7590	-212.0939	-218.2974	6.203528	0.02332389	0.008248799	0.01507509	0.008248799
7600	-212.9267	-218.6159	5.689103	0.02690228	0.001966272	0.02493601	0.001966272
7610	-210.882	-216.9445	6.062465	0.01902088	0.004850918	0.01416996	0.004850918
7620	-210.1581	-216.16	6.001952	0.0203767	0.002975073	0.01740163	0.002975073
7630	-210.2314	-215.8629	5.631581	0.01729239	0.002156218	0.01513618	0.002156218
7640	-211.6613	-216.8807	5.219426	0.01412913	0.001879069	0.01225006	0.001879069
7650	-210.5235	-215.9635	5.440066	0.01619376	0.001884267	0.01430949	0.001884267
7660	-210.4392	-216.5894	6.150185	0.02168785	0.003683251	0.0180046	0.003683251
7670	-210.9386	-216.1182	5.179577	0.01521038	0.00156386	0.01364652	0.00156386
7680	-211.6329	-217.9129	6.280076	0.02345534	0.00704471	0.01641063	0.00704471
7690	-212.8311	-218.698	5.866928	0.0207734	0.008917404	0.011856	0.008917404
7700	-210.7265	-216.1119	5.385439	0.01569377	0.001860014	0.01383376	0.001860014
7710	-210.14	-215.7874	5.647418	0.0177162	0.00212634	0.01558986	0.00212634
7720	-210.2043	-216.0487	5.844344	0.02099341	0.002316187	0.01867722	0.002316187
7730	-210.3594	-216.4277	6.068352	0.01949372	0.003794591	0.01569913	0.003794591
7740	-210.117	-215.9259	5.808849	0.02043878	0.002254339	0.01818444	0.002254339
7750	-210.6601	-216.4351	5.77494	0.01669523	0.002973462	0.01372176	0.002973462
7760	-210.1172	-216.0338	5.916594	0.01900083	0.002840755	0.01616007	0.002840755
7770	-211.5283	-217.8625	6.334188	0.02454438	0.005882573	0.01866181	0.005882573
7780	-211.6113	-217.9506	6.339339	0.02491291	0.005742508	0.0191704	0.005742508
7790	-214.8647	-220.2459	5.381292	0.02199027	0.01232063	0.009669635	0.01232063
7800	-210.1176	-216.0184	5.900798	0.01886017	0.002798973	0.0160612	0.002798973
7810	-215.0797	-221.4521	6.372481	0.03185994	0.008801134	0.02305881	0.008801134
7820	-211.0055	-216.9107	5.905189	0.01730764	0.004124002	0.01318364	0.004124002
7830	-210.3553	-216.4569	6.1016	0.02003164	0.003847813	0.01618383	0.003847813
7840	-210.8943	-217.156	6.261636	0.02241148	0.005121968	0.01728951	0.005121968
7850	-210.6618	-216.5033	5.841511	0.01704851	0.003266026	0.01378249	0.003266026
7860	-211.9687	-218.308	6.339286	0.02601836	0.005344558	0.0206738	0.005344558
7870	-210.5664	-215.3431	4.776674	0.01695588	0.001009156	0.01594672	0.001009156
7880	-210.447	-216.5308	6.083785	0.01949938	0.004029966	0.01546941	0.004029966
7890	-212.6918	-217.3565	4.664697	0.02484229	0.0008714089	0.02397088	0.0008714089
7900	-210.8326	-217.0534	6.22083	0.02319498	0.004028574	0.01916641	0.004028574
7910	-210.1546	-216.0239	5.869307	0.02070588	0.002410659	0.01829523	0.002410659
7920	-211.2473	-217.5532	6.305904	0.02350916	0.0057372	0.01777196	0.0057372
7930	-213.7711	-220.0985	6.327414	0.02891645	0.01024291	0.01867354	0.01024291
7940	-210.0821	-216.0008	5.918694	0.01978762	0.002691352	0.01709627	0.002691352
7950	-210.1944	-216.1444	5.949974	0.02092943	0.002670334	0.0182591	0.002670334
7960	-210.2689	-215.3631	5.094135	0.0180371	0.00123028	0.01680682	0.00123028
7970	-211.4157	-217.3853	5.969587	0.01836195	0.005472681	0.01288927	0.005472681
7980	-211.7754	-216.875	5.099655	0.01391393	0.001681141	0.01223278	0.001681141
7990	-211.5297	-215.1893	3.659547	0.01938671	0.0004965111	0.0188902	0.0004965111
8000	-211.3513	-216.3566	5.005312	0.02280072	0.001082023	0.0217187	0.001082023
8010	-210.4284	-215.4899	5.061521	0.01992349	0.001147753	0.01877573	0.001147753
8020	-213.1154	-218.3547	5.23935	0.01308878	0.002813495	0.01027528	0.002813495
8030	-210.5517	-216.5323	5.980542	0.01821988	0.003783659	0.01443622	0.003783659
8040	-211.1504	-217.2213	6.070893	0.01937125	0.005514609	0.01385664	0.005514609
8050	-210.1034	-216.008	5.90467	0.01901387	0.002779962	0.01623391	0.002779962
8060	-210.7789	-216.8583	6.079315	0.01920845	0.004715221	0.01449323	0.004715221
8070	-211.9963	-217.8151	5.818742	0.01737546	0.005695761	0.0116797	0.005695761
8080	-211.8116	-218.0284	6.216769	0.02284158	0.007600981	0.01524059	0.007600981
8090	-211.1449	-217.2467	6.101787	0.01980441	0.005669794	0.01413462	0.005669794
8100	-210.4818	-216.5057	6.023859	0.01873402	0.003863872	0.01487014	0.003863872
8110	-210.9514	-217.197	6.245614	0.02195092	0.005470975	0.01647995	0.005470975
8120	-211.4024	-217.582	6.179673	0.02140801	0.006594534	0.01481348	0.006594534
8130	-210.5576	-215.3084	4.750779	0.01714217	0.0009841496	0.01615802	0.0009841496
8140	-210.0557	-215.6046	5.548857	0.01904046	0.001776327	0.01726413	0.001776327
8150	-213.1659	-219.5441	6.378187	0.02843012	0.006543333	0.02188679	0.006543333
8160	-211.0221	-216.894	5.871896	0.0170117	0.003936763	0.01307494	0.003936763
8170	-214.7795	-220.9495	6.169974	0.02991989	0.01343241	0.01648748	0.01343241
8180	-210.4771	-216.1309	5.65387	0.01661966	0.002390154	0.0142295	0.002390154
8190	-210.1645	-215.518	5.353515	0.01775551	0.001551627	0.01620388	0.001551627
8200	-210.5298	-216.3497	5.819942	0.022226	0.002199575	0.02002643	0.002199575
8210	-211.6835	-218.0194	6.335904	0.02461256	0.006501046	0.01811152	0.006501046
8220	-210.4065	-216.5567	6.150173	0.021228	0.003821091	0.01740691	0.003821091
8230	-212.4599	-218.4764	6.016534	0.02171296	0.008705896	0.01300706	0.008705896
8240	-211.5521	-216.545	4.992869	0.01419151	0.001448813	0.01274269	0.001448813
8250	-210.5792	-216.7783	6.199097	0.02204201	0.004079523	0.01796249	0.004079523
8260	-210.5371	-216.1984	5.661249	0.02199329	0.001862859	0.02013044	0.001862859
8270	-216.808	-222.8794	6.071412	0.032899	0.00376235	0.02913665	0.00376235
8280	-210.8441	-216.612	5.767818	0.01643414	0.00313317	0.01330097	0.00313317
8290	-211.1264	-216.8269	5.700476	0.02361194	0.001925336	0.0216866	0.001925336
8300	-213.0421	-219.4097	6.367562	0.02820888	0.006088729	0.02212015	0.006088729
8310	-211.3824	-216.5829	5.200524	0.02326576	0.001249302	0.02201646	0.001249302
8320	-213.3582	-218.4227	5.064476	0.01253017	0.002270427	0.01025975	0.002270427
8330	-211.2566	-217.263	6.006421	0.018631	0.005359199	0.0132718	0.005359199
8340	-212.6709	-216.8338	4.162843	0.01307908	0.0008383088	0.01224077	0.0008383088
8350	-210.53	-215.9516	5.421574	0.01616669	0.001849222	0.01431747	0.001849222
8360	-211.6908	-218.0008	6.310006	0.02408068	0.00695105	0.01712963	0.00695105
8370	-212.2243	-217.1095	4.885192	0.024391	0.001002751	0.02338825	0.001002751
8380	-210.5764	-216.779	6.202597	0.0215496	0.004369559	0.01718004	0.004369559
8390	-215.8926	-221.8173	5.924617	0.03073813	0.0165183	0.01421983	0.0165183
8400	-210.2758	-216.1643	5.888505	0.01806079	0.002994995	0.0150658	0.002994995
8410	-211.8829	-217.2394	5.356564	0.01408946	0.002350645	0.01173882	0.002350645
8420	-210.2472	-215.579	5.331809	0.01720326	0.001563894	0.01563936	0.001563894
8430	-211.1184	-217.3935	6.275118	0.02394431	0.004544963	0.01939934	0.004544963
8440	-213.7279	-220.0789	6.351013	0.02905538	0.009688862	0.01936652	0.009688862
8450	-210.0533	-215.8661	5.812839	0.01884097	0.002445428	0.01639554	0.002445428
8460	-210.661	-216.5745	5.913439	0.01753854	0.003620627	0.01391791	0.003620627
8470	-212.5604	-218.9098	6.349408	0.02647284	0.008140151	0.01833269	0.008140151
8480	-210.0547	-215.8512	5.796479	0.01985925	0.002267695	0.01759155	0.002267695
8490	-211.7509	-216.5546	4.803658	0.01394087	0.001252708	0.01268816	0.001252708
8500	-211.3882	-217.5887	6.200481	0.02171041	0.006601352	0.01510905	0.006601352
8510	-211.5446	-217.3494	5.804817	0.01653463	0.004410834	0.0121238	0.004410834
8520	-210.7319	-215.4201	4.688244	0.01638554	0.000970692	0.01541485	0.000970692
8530	-211.3814	-217.2151	5.833723	0.02439236	0.002219715	0.02217265	0.002219715
8540	-210.1417	-215.9851	5.843472	0.02063089	0.002338309	0.01829258	0.002338309
8550	-211.2509	-217.463	6.2121	0.02447957	0.003822401	0.02065717	0.003822401
8560	-211.2259	-217.4693	6.243427	0.022146	0.00619305	0.01595295	0.00619305
8570	-213.2017	-219.5848	6.383135	0.02831966	0.007896141	0.02042352	0.007896141
8580	-211.2052	-217.3479	6.142728	0.0204991	0.005999821	0.01449928	0.005999821
8590	-212.1921	-218.0451	5.85294	0.0184231	0.006678836	0.01174427	0.006678836
8600	-210.4691	-216.4938	6.024612	0.01876043	0.003844109	0.01491632	0.003844109
8610	-212.6464	-219.0255	6.379113	0.02721327	0.007110604	0.02010267	0.007110604
8620	-211.8241	-218.0555	6.231379	0.0257871	0.003961808	0.0218253	0.003961808
8630	-210.2738	-216.3601	6.086201	0.02085903	0.003382998	0.01747603	0.003382998
8640	-211.693	-215.6315	3.938487	0.01502148	0.0006432942	0.01437819	0.0006432942
8650	-212.6248	-218.9821	6.357253	0.02672851	0.008076123	0.01865238	0.008076123
8660	-210.8375	-216.9137	6.076127	0.01918152	0.00483171	0.01434981	0.00483171
8670	-212.8389	-218.3725	5.533672	0.01521311	0.00492065	0.01029246	0.00492065
8680	-210.2234	-216.0806	5.857165	0.02110183	0.002346474	0.01875535	0.002346474
8690	-210.0642	-215.9456	5.881454	0.01980945	0.002544144	0.01726531	0.002544144
8700	-211.8661	-217.3437	5.477577	0.0144287	0.002795644	0.01163306	0.002795644
8710	-212.8128	-219.0857	6.272897	0.02603308	0.009463562	0.01656951	0.009463562
8720	-215.9099	-221.4514	5.541535	0.02736544	0.01629815	0.0110673	0.01629815
8730	-211.4173	-216.2722	4.854881	0.02263883	0.0009755228	0.02166331	0.0009755228
8740	-211.1812	-216.6157	5.434448	0.02326004	0.001507225	0.02175281	0.001507225
8750	-214.4212	-220.7681	6.346904	0.03050723	0.01037487	0.02013237	0.01037487
8760	-210.1297	-215.9168	5.787156	0.01813199	0.002488363	0.01564363	0.002488363
8770	-211.2843	-217.5424	6.258159	0.02248701	0.006299579	0.01618743	0.006299579
8780	-211.4196	-217.6572	6.237582	0.02236041	0.006678144	0.01568226	0.006678144
8790	-210.7422	-216.8773	6.13513	0.01997934	0.004868611	0.01511072	0.004868611
8800	-211.846	-218.1991	6.353027	0.02548243	0.006030521	0.01945191	0.006030521
8810	-211.5749	-217.8926	6.317714	0.0251093	0.005026962	0.02008234	0.005026962
8820	-210.7013	-216.5496	5.848279	0.02277875	0.002260317	0.02051844	0.002260317
8830	-210.1203	-215.881	5.76069	0.02038321	0.002133225	0.01824999	0.002133225
8840	-210.747	-216.7878	6.040858	0.01873169	0.004450829	0.01428086	0.004450829
8850	-211.4087	-217.7213	6.312577	0.02462669	0.005036674	0.01959002	0.005036674
8860	-211.2294	-217.2939	6.064519	0.01939037	0.005668825	0.01372155	0.005668825
8870	-210.2279	-215.7109	5.483006	0.01719572	0.001822867	0.01537285	0.001822867
8880	-212.9508	-218.9411	5.990364	0.02744501	0.002779971	0.02466504	0.002779971
8890	-210.2774	-216.3696	6.092204	0.02072254	0.003463804	0.01725874	0.003463804
8900	-213.9989	-219.5906	5.591754	0.02123665	0.010787	0.01044965	0.010787
8910	-211.0774	-217.1867	6.109295	0.0198274	0.005544577	0.01428283	0.005544577
8920	-211.7231	-217.0824	5.35935	0.0142439	0.002265372	0.01197853	0.002265372
8930	-213.1732	-219.2291	6.055863	0.02435395	0.01063765	0.0137163	0.01063765
8940	-210.4722	-216.0723	5.600042	0.01651075	0.002236206	0.01427455	0.002236206
8950	-210.0886	-216.0235	5.934827	0.01972126	0.002771912	0.01694935	0.002771912
8960	-211.7305	-217.9112	6.180724	0.02211908	0.007390904	0.01472818	0.007390904
8970	-210.0745	-215.5837	5.50914	0.01827651	0.001761637	0.01651488	0.001761637
8980	-211.593	-217.8476	6.254611	0.02528512	0.004169134	0.02111598	0.004169134
8990	-213.8965	-219.4719	5.575444	0.02058333	0.01027045	0.01031287	0.01027045
9000	-212.8981	-218.5936	5.695502	0.02686797	0.001977561	0.02489041	0.001977561
9010	-211.6367	-217.8629	6.226185	0.02259964	0.007191957	0.01540769	0.007191957
9020	-214.469	-220.1355	5.666496	0.02390553	0.01276717	0.01113835	0.01276717
9030	-212.341	-218.6091	6.268182	0.02482633	0.008599692	0.01622664	0.008599692
9040	-213.4128	-218.8188	5.405989	0.01481762	0.005161974	0.009655645	0.005161974
9050	-210.1615	-215.7438	5.582357	0.02025048	0.001771594	0.01847888	0.001771594
9060	-212.0707	-218.0957	6.024946	0.02069838	0.007672546	0.01302583	0.007672546
9070	-211.1016	-217.1795	6.077836	0.02408174	0.003029878	0.02105186	0.003029878
9080	-213.6212	-220.0068	6.38562	0.02919744	0.008079261	0.02111818	0.008079261
9090	-210.7306	-216.5548	5.82424	0.0228252	0.002198553	0.02062665	0.002198553
9100	-211.1381	-216.0865	4.948469	0.01489961	0.001297724	0.01360189	0.001297724
9110	-214.8795	-220.7319	5.852379	0.02718216	0.01438945	0.01279271	0.01438945
9120	-211.8797	-218.2212	6.341513	0.02501326	0.006903028	0.01811023	0.006903028
9130	-212.3334	-217.9293	5.5959	0.01513689	0.004232257	0.01090463	0.004232257
9140	-210.8499	-217.0798	6.229897	0.0216225	0.005227499	0.016395	0.005227499
9150	-210.3263	-215.9373	5.611011	0.01693242	0.002169618	0.0147628	0.002169618
9160	-214.0696	-220.4512	6.381673	0.03004031	0.008631772	0.02140854	0.008631772
9170	-210.4795	-216.6523	6.172766	0.02162408	0.003921521	0.01770256	0.003921521
9180	-211.3238	-217.5893	6.265504	0.02267514	0.006370398	0.01630474	0.006370398
9190	-211.2515	-217.2768	6.025297	0.02437924	0.002807546	0.02157169	0.002807546
9200	-210.5504	-215.3222	4.771835	0.01929286	0.0009453101	0.01834755	0.0009453101
9210	-210.0545	-215.9043	5.849801	0.01971114	0.002446704	0.01726444	0.002446704
9220	-212.0944	-217.757	5.662632	0.02548358	0.00187805	0.02360553	0.00187805
9230	-211.7073	-218.0125	6.305178	0.02402329	0.007036716	0.01698657	0.007036716
9240	-211.492	-216.7186	5.226596	0.02356286	0.001275619	0.02228724	0.001275619
9250	-211.5415	-217.6176	6.076126	0.02013718	0.006537406	0.01359977	0.006537406
9260	-210.2045	-216.2494	6.044874	0.02055905	0.003179283	0.01737976	0.003179283
9270	-213.9481	-220.3328	6.384648	0.02987282	0.007493025	0.0223798	0.007493025
9280	-210.1286	-216.1101	5.981525	0.02012521	0.002917784	0.01720743	0.002917784
9290	-211.086	-217.3796	6.293552	0.02343335	0.005141836	0.01829151	0.005141836
9300	-210.8457	-217.0846	6.238909	0.02182518	0.005182591	0.01664259	0.005182591
9310	-210.1727	-215.5738	5.401053	0.01755358	0.00163995	0.01591363	0.00163995
9320	-210.7862	-216.1285	5.342324	0.0155515	0.001796853	0.01375464	0.001796853
9330	-212.3805	-218.5397	6.159293	0.02345162	0.008897529	0.01455409	0.008897529
9340	-214.6187	-219.9734	5.354704	0.02878943	0.001510961	0.02727847	0.001510961
9350	-215.8504	-221.6007	5.750275	0.02909323	0.01655349	0.01253974	0.01655349
9360	-211.6113	-217.9149	6.303631	0.02525878	0.00476156	0.02049722	0.00476156
9370	-215.1131	-220.6249	5.511816	0.02443235	0.01394098	0.01049137	0.01394098
9380	-211.1272	-217.1097	5.982514	0.02403584	0.002650843	0.021385	0.002650843
9390	-211.0069	-217.2023	6.1954	0.0210702	0.005657673	0.01541252	0.005657673
9400	-215.607	-221.2588	5.651728	0.02744813	0.01580549	0.01164263	0.01580549
9410	-211.2976	-217.2913	5.99368	0.01851282	0.005361656	0.01315116	0.005361656
9420	-210.5252	-215.4578	4.932525	0.01992198	0.001045622	0.01887636	0.001045622
9430	-211.1968	-216.1048	4.907943	0.02220448	0.001011305	0.02119318	0.001011305
9440	-210.5527	-216.7319	6.179261	0.02214614	0.003836511	0.01830963	0.003836511
9450	-210.7939	-216.8559	6.062028	0.01898952	0.004659465	0.01433006	0.004659465
9460	-210.2882	-216.3853	6.09706	0.0208189	0.00347446	0.01734444	0.00347446
9470	-213.0051	-219.1665	6.16136	0.02516528	0.01026809	0.01489719	0.01026809
9480	-211.2683	-217.023	5.754674	0.01607244	0.003584663	0.01248777	0.003584663
9490	-214.6111	-220.6007	5.989594	0.02776826	0.01381808	0.01395019	0.01381808
9500	-211.6517	-217.1738	5.522061	0.01472303	0.002804185	0.01191884	0.002804185
9510	-213.3963	-219.782	6.38561	0.02875266	0.007888042	0.02086462	0.007888042
9520	-210.6108	-216.5948	5.984015	0.01819355	0.003899934	0.01429362	0.003899934
9530	-211.259	-217.1203	5.86135	0.01693889	0.004282315	0.01265657	0.004282315
9540	-210.373	-216.4327	6.059648	0.01934928	0.003792041	0.01555724	0.003792041
9550	-210.8757	-216.8784	6.002741	0.01829755	0.00449116	0.01380639	0.00449116
9560	-210.2168	-215.5788	5.362007	0.019858	0.001459703	0.0183983	0.001459703
9570	-210.9937	-217.062	6.068307	0.01916928	0.005132504	0.01403677	0.005132504
9580	-212.3052	-218.6626	6.357367	0.02608403	0.007473052	0.01861098	0.007473052
9590	-210.3815	-216.5119	6.130431	0.02141502	0.003584092	0.01783093	0.003584092
9600	-211.8431	-218.0487	6.205603	0.02580864	0.003764696	0.02204394	0.003764696
9610	-211.3615	-217.5629	6.201429	0.02167185	0.006531499	0.01514035	0.006531499
9620	-210.9159	-216.9306	6.014691	0.01844535	0.004645212	0.01380013	0.004645212
9630	-210.7629	-217.0049	6.242053	0.02209472	0.004814708	0.01728001	0.004814708
9640	-210.944	-215.1881	4.244113	0.01893729	0.0006848273	0.01825246	0.0006848273
9650	-211.5296	-217.5392	6.009651	0.01912994	0.006072181	0.01305776	0.006072181
9660	-211.5552	-217.8659	6.310651	0.02509243	0.004897931	0.0201945	0.004897931
9670	-213.3085	-219.5814	6.272906	0.02854695	0.004552508	0.02399445	0.004552508
9680	-214.2849	-220.5623	6.277464	0.02965906	0.01164761	0.01801145	0.01164761
9690	-211.8938	-217.7616	5.867715	0.0254528	0.002324482	0.02312832	0.002324482
9700	-211.3188	-217.6366	6.317787	0.02408579	0.005480027	0.01860577	0.005480027
9710	-210.9779	-215.5066	4.528732	0.02047518	0.0007973871	0.0196778	0.0007973871
9720	-213.2978	-219.542	6.244184	0.02690189	0.01051102	0.01639087	0.01051102
9730	-210.1177	-216.0637	5.945981	0.01931791	0.002910795	0.01640711	0.002910795
9740	-210.2357	-216.2601	6.024402	0.01941471	0.003387211	0.01602749	0.003387211
9750	-210.1876	-215.7084	5.520784	0.01739095	0.001874934	0.01551602	0.001874934
9760	-211.3546	-217.5786	6.224012	0.02202537	0.006532155	0.01549321	0.006532155
9770	-212.4006	-218.5737	6.173032	0.02369769	0.008952755	0.01474493	0.008952755
9780	-210.2989	-215.5606	5.261712	0.01999982	0.001338728	0.01866109	0.001338728
9790	-211.5532	-217.8442	6.290933	0.02349899	0.006793405	0.01670559	0.006793405
9800	-211.7549	-217.8936	6.138741	0.0215593	0.007359611	0.01419969	0.007359611
9810	-210.6719	-216.8411	6.169172	0.02278714	0.00363475	0.01915239	0.00363475
9820	-210.467	-216.609	6.141943	0.02193412	0.003562669	0.01837145	0.003562669
9830	-211.1867	-217.411	6.224309	0.02430135	0.003933864	0.02036749	0.003933864
9840	-213.1744	-218.7092	5.534776	0.01642755	0.006403903	0.01002365	0.006403903
9850	-210.2314	-216.2974	6.065943	0.02040981	0.003355712	0.01705409	0.003355712
9860	-210.8154	-217.0683	6.252908	0.02272956	0.00459847	0.01813109	0.00459847
9870	-210.7058	-215.7984	5.092567	0.01577857	0.001375037	0.01440353	0.001375037
9880	-210.1252	-216.1023	5.977115	0.02001027	0.002917577	0.0170927	0.002917577
9890	-210.5546	-216.7521	6.197528	0.02173605	0.004183136	0.01755291	0.004183136
9900	-211.0173	-217.2967	6.279351	0.02344259	0.004776384	0.0186662	0.004776384
9910	-211.4938	-217.8234	6.329605	0.02431349	0.006006022	0.01830747	0.006006022
9920	-211.4691	-216.7769	5.307805	0.02366624	0.001359774	0.02230646	0.001359774
9930	-211.5137	-217.5564	6.042761	0.01958054	0.006256838	0.0133237	0.006256838
9940	-210.5011	-215.6449	5.143815	0.02057864	0.001210113	0.01936853	0.001210113
9950	-211.2788	-217.3498	6.070998	0.01955898	0.005829485	0.0137295	0.005829485
9960	-211.9515	-218.1712	6.219743	0.02321099	0.007916805	0.01529418	0.007916805
9970	-210.4461	-216.4256	5.979459	0.0221024	0.002692096	0.01941031	0.002692096
9980	-211.5478	-217.8816	6.333846	0.02480315	0.00557239	0.01923076	0.00557239
9990	-210.0313	-215.773	5.741699	0.01895159	0.002210826	0.01674077	0.002210826
10000	-214.2502	-220.5435	6.293315	0.02970754	0.01137037	0.01833717	0.01137037
