Iteration	Posterior	Likelihood	Prior	birth_rate	death_rate	diversification	turnover
0	-210.3197	-216.4973	6.177593	0.02126395	0.004139302	0.01712465	0.004139302
10	-211.4993	-217.8003	6.301011	0.02390184	0.007013276	0.01688856	0.007013276
20	-212.7636	-219.1321	6.368514	0.02762262	0.008298408	0.01932422	0.008298408
30	-210.52	-215.9656	5.445592	0.01591518	0.001951705	0.01396348	0.001951705
40	-212.4918	-218.8022	6.310325	0.02757189	0.004876685	0.0226952	0.004876685
50	-211.1597	-217.4446	6.284877	0.02305941	0.006300402	0.01675901	0.006300402
60	-210.1676	-215.4405	5.272896	0.01701027	0.001496294	0.01551398	0.001496294
70	-211.0091	-217.3141	6.304979	0.023808	0.005222715	0.01858528	0.005222715
80	-211.2236	-217.5121	6.288419	0.02321497	0.006440118	0.01677485	0.006440118
90	-210.2043	-216.2328	6.028483	0.0218334	0.002913873	0.01891953	0.002913873
100	-211.0509	-217.027	5.976142	0.0243119	0.002629285	0.02168262	0.002629285
110	-213.0951	-218.8789	5.783797	0.0210773	0.009686853	0.01139044	0.009686853
120	-210.2764	-215.6363	5.359888	0.0210021	0.00143056	0.01957154	0.00143056
130	-210.5231	-216.74	6.216904	0.02149335	0.00477582	0.01671753	0.00477582
140	-210.1242	-215.8056	5.681362	0.01727859	0.002309621	0.01496897	0.002309621
150	-211.5384	-217.886	6.347614	0.02515181	0.006022936	0.01912887	0.006022936
160	-211.3499	-217.6405	6.290595	0.0234515	0.006737486	0.01671401	0.006737486
170	-210.7392	-216.985	6.245797	0.02341761	0.004264893	0.01915272	0.004264893
180	-210.3302	-215.8957	5.565518	0.02170303	0.001703142	0.01999989	0.001703142
190	-212.3196	-218.438	6.118341	0.02321311	0.009121953	0.01409116	0.009121953
200	-210.9033	-214.9684	4.065117	0.01828669	0.0006252574	0.01766144	0.0006252574
210	-213.6025	-219.8856	6.28305	0.02942203	0.004807207	0.02461483	0.004807207
220	-209.9207	-215.447	5.526312	0.01932183	0.001720209	0.01760163	0.001720209
230	-211.3273	-217.6121	6.284873	0.02509701	0.004513393	0.02058361	0.004513393
240	-210.7956	-216.4924	5.696803	0.01602338	0.002899336	0.01312405	0.002899336
250	-210.039	-215.386	5.346932	0.01966781	0.001446862	0.01822095	0.001446862
260	-211.4184	-217.5117	6.09329	0.02046554	0.006715117	0.01375042	0.006715117
270	-211.9282	-217.6575	5.729299	0.02567576	0.002010162	0.0236656	0.002010162
280	-210.885	-215.1647	4.279676	0.01981597	0.0006914215	0.01912455	0.0006914215
290	-211.0831	-216.7222	5.639108	0.01550743	0.002915317	0.01259211	0.002915317
300	-214.222	-220.5746	6.352568	0.03060477	0.01021013	0.02039464	0.01021013
310	-210.0758	-216.1461	6.070307	0.02038051	0.003396429	0.01698408	0.003396429
320	-210.2213	-216.3446	6.123296	0.02033036	0.003939732	0.01639062	0.003939732
330	-211.1391	-217.4485	6.309413	0.02360976	0.005953361	0.0176564	0.005953361
340	-210.1715	-216.0486	5.877081	0.02165881	0.002374539	0.01928427	0.002374539
350	-210.5215	-216.3815	5.859963	0.0228185	0.002290454	0.02052805	0.002290454
360	-210.7505	-216.9149	6.164401	0.02367679	0.003517611	0.02015918	0.003517611
370	-213.4314	-219.7652	6.333886	0.02926512	0.005504794	0.02376032	0.005504794
380	-210.5437	-216.7801	6.236461	0.02223113	0.004564233	0.01766689	0.004564233
390	-211.541	-217.4114	5.870404	0.02518257	0.002325413	0.02285716	0.002325413
400	-211.0866	-214.9356	3.849027	0.01806642	0.0005579695	0.01750845	0.0005579695
410	-211.5256	-217.2217	5.696035	0.01562716	0.003770525	0.01185664	0.003770525
420	-210.6274	-216.7497	6.122221	0.01979569	0.004916121	0.01487957	0.004916121
430	-209.9049	-215.7332	5.828353	0.01893035	0.002485003	0.01644534	0.002485003
440	-210.4395	-216.3687	5.929187	0.01774963	0.003577091	0.01417254	0.003577091
450	-209.9562	-215.3497	5.393556	0.01855136	0.001557632	0.01699373	0.001557632
460	-210.1022	-215.8448	5.742544	0.02117514	0.002050524	0.01912462	0.002050524
470	-210.888	-217.1792	6.291174	0.02344027	0.005062039	0.01837823	0.005062039
480	-211.0962	-216.8027	5.70644	0.0240001	0.001938659	0.02206144	0.001938659
490	-210.3152	-216.4796	6.164426	0.02188827	0.003760674	0.0181276	0.003760674
500	-211.5492	-217.5138	5.964605	0.01882793	0.006184166	0.01264377	0.006184166
510	-210.1519	-215.9848	5.832827	0.01771118	0.002812286	0.01489889	0.002812286
520	-210.2456	-215.8867	5.64109	0.01683386	0.002285002	0.01454885	0.002285002
530	-211.1893	-215.4233	4.234021	0.01544925	0.0007518908	0.01469736	0.0007518908
540	-210.4121	-216.6179	6.205748	0.02173625	0.004307303	0.01742895	0.004307303
550	-210.5177	-216.5655	6.047745	0.01883364	0.004325753	0.01450789	0.004325753
560	-210.1283	-216.2053	6.077041	0.01994568	0.003619889	0.01632579	0.003619889
570	-211.5005	-217.3594	5.858868	0.0172487	0.005091601	0.0121571	0.005091601
580	-209.9035	-215.7208	5.817308	0.01994903	0.002319218	0.01762981	0.002319218
590	-212.4883	-218.7497	6.26145	0.02556315	0.009292918	0.01627024	0.009292918
600	-210.6106	-216.6419	6.031318	0.01861919	0.004420545	0.01419865	0.004420545
610	-212.6144	-218.9464	6.331984	0.02781787	0.005230601	0.02258727	0.005230601
620	-211.0452	-217.1744	6.129283	0.02445369	0.003281989	0.02117171	0.003281989
630	-210.8432	-216.0063	5.163123	0.02234069	0.001213954	0.02112674	0.001213954
640	-210.1287	-215.2448	5.116173	0.01775961	0.001264329	0.01649528	0.001264329
650	-211.181	-217.4312	6.250224	0.02245621	0.0064958	0.01596041	0.0064958
660	-210.8323	-217.014	6.181609	0.02390166	0.003622545	0.02027912	0.003622545
670	-212.0218	-218.3871	6.365325	0.02647493	0.006110536	0.02036439	0.006110536
680	-210.6969	-216.7654	6.068558	0.02352345	0.002998991	0.02052446	0.002998991
690	-210.853	-217.1125	6.259563	0.02226906	0.005611261	0.0166578	0.005611261
700	-210.0834	-215.718	5.634598	0.01733506	0.00215665	0.01517841	0.00215665
710	-211.7371	-217.983	6.245891	0.02351434	0.007796387	0.01571795	0.007796387
720	-210.266	-215.7808	5.514784	0.01659781	0.001982293	0.01461551	0.001982293
730	-213.3132	-219.443	6.129844	0.02863298	0.003490555	0.02514242	0.003490555
740	-212.5851	-218.5602	5.975107	0.02720025	0.002712839	0.02448741	0.002712839
750	-210.4193	-216.4332	6.013905	0.01853068	0.003969693	0.01456099	0.003969693
760	-211.8207	-217.9749	6.154257	0.02236568	0.007975061	0.01439062	0.007975061
770	-210.9136	-216.7334	5.819829	0.02377057	0.002182213	0.02158835	0.002182213
780	-210.2683	-216.4146	6.146333	0.02061131	0.004082256	0.01652905	0.004082256
790	-211.1046	-217.0743	5.969674	0.02442414	0.002608179	0.02181596	0.002608179
800	-210.8826	-217.119	6.236337	0.02396351	0.004075288	0.01988822	0.004075288
810	-210.0948	-215.4828	5.387933	0.01722403	0.001649157	0.01557488	0.001649157
820	-210.3845	-215.786	5.40148	0.01620857	0.001800907	0.01440766	0.001800907
830	-210.1724	-215.854	5.681559	0.01712781	0.002346511	0.0147813	0.002346511
840	-210.4206	-216.5418	6.12122	0.01984437	0.004442265	0.01540211	0.004442265
850	-211.0949	-217.0626	5.967716	0.01810522	0.005028322	0.0130769	0.005028322
860	-210.8762	-215.7675	4.891241	0.02178663	0.001000731	0.0207859	0.001000731
870	-210.9851	-217.1286	6.14356	0.0204223	0.005855312	0.01456698	0.005855312
880	-209.9835	-215.9776	5.994153	0.01985517	0.003041304	0.01681387	0.003041304
890	-213.5665	-219.5825	6.016069	0.02558509	0.01194275	0.01364234	0.01194275
900	-210.6771	-216.9144	6.237259	0.02178602	0.005192129	0.01659389	0.005192129
910	-210.3458	-216.5143	6.168422	0.02080083	0.004316727	0.0164841	0.004316727
920	-209.897	-215.7439	5.846889	0.01920946	0.002506108	0.01670335	0.002506108
930	-212.1112	-215.3273	3.216114	0.02082529	0.0003964771	0.02042881	0.0003964771
940	-211.8563	-218.2027	6.346369	0.02621667	0.005493655	0.02072301	0.005493655
950	-210.959	-217.1783	6.219326	0.02422123	0.003896032	0.0203252	0.003896032
960	-210.3206	-216.4437	6.123043	0.02219019	0.003388142	0.01880205	0.003388142
970	-211.1748	-217.4087	6.23395	0.02216987	0.006501372	0.0156685	0.006501372
980	-210.2073	-215.2319	5.02461	0.01747713	0.001188715	0.01628842	0.001188715
990	-211.3135	-217.3532	6.03973	0.01943945	0.006110399	0.01332905	0.006110399
1000	-212.2389	-216.8233	4.584404	0.0242603	0.0008251746	0.02343513	0.0008251746
1010	-210.2385	-215.3558	5.117294	0.01695692	0.001309763	0.01564716	0.001309763
1020	-210.6893	-216.6535	5.964168	0.01788926	0.004174216	0.01371505	0.004174216
1030	-210.6461	-216.5651	5.918992	0.02324346	0.002451614	0.02079185	0.002451614
1040	-210.4097	-216.5845	6.174795	0.02076357	0.00451249	0.01625108	0.00451249
1050	-210.3923	-216.5925	6.200229	0.02163338	0.004276561	0.01735682	0.004276561
1060	-216.2323	-220.8981	4.66583	0.01207097	0.004639381	0.007431589	0.004639381
1070	-209.9515	-215.4021	5.450644	0.01818597	0.001668685	0.01651728	0.001668685
1080	-211.3859	-217.6607	6.274792	0.0252616	0.004382088	0.02087952	0.004382088
1090	-215.1202	-220.2922	5.172008	0.02109585	0.01223076	0.008865091	0.01223076
1100	-210.3773	-216.4776	6.100318	0.01959399	0.004272703	0.01532129	0.004272703
1110	-210.7938	-216.3478	5.553993	0.01559115	0.002381062	0.01321008	0.002381062
1120	-210.189	-215.3985	5.209539	0.02009741	0.001281821	0.01881558	0.001281821
1130	-210.6673	-215.3513	4.683974	0.01613686	0.0009787055	0.01515815	0.0009787055
1140	-210.0767	-215.6133	5.536649	0.01726655	0.001925316	0.01534124	0.001925316
1150	-213.1328	-218.9673	5.834548	0.02193127	0.01015432	0.01177695	0.01015432
1160	-209.9318	-215.4252	5.493416	0.01830674	0.001731379	0.01657536	0.001731379
1170	-210.6876	-216.6597	5.972156	0.02341723	0.002620374	0.02079686	0.002620374
1180	-211.1902	-217.2866	6.096387	0.0200455	0.006140643	0.01390485	0.006140643
1190	-211.9086	-217.698	5.789413	0.01705749	0.005524545	0.01153295	0.005524545
1200	-210.8926	-217.012	6.119452	0.01994186	0.005523729	0.01441813	0.005523729
1210	-209.886	-215.5179	5.631864	0.01926717	0.001920121	0.01734705	0.001920121
1220	-210.6966	-216.4693	5.772707	0.01647738	0.003136877	0.0133405	0.003136877
1230	-211.9915	-218.3392	6.347667	0.02568179	0.007471145	0.01821065	0.007471145
1240	-210.8841	-215.4612	4.577116	0.02093232	0.0008190077	0.02011332	0.0008190077
1250	-210.6559	-216.9085	6.252567	0.02290693	0.004511163	0.01839577	0.004511163
1260	-209.9686	-215.3365	5.367919	0.01846691	0.001526356	0.01694055	0.001526356
1270	-210.0095	-215.4882	5.478671	0.01762075	0.001766648	0.0158541	0.001766648
1280	-210.403	-216.3404	5.937423	0.01785872	0.003564282	0.01429444	0.003564282
1290	-210.0408	-215.386	5.345226	0.01967403	0.001444549	0.01822948	0.001444549
1300	-212.3113	-218.6193	6.30804	0.02575953	0.008621359	0.01713818	0.008621359
1310	-211.9918	-218.0765	6.084763	0.02181314	0.008194219	0.01361892	0.008194219
1320	-209.911	-215.4812	5.570169	0.01942275	0.001790902	0.01763185	0.001790902
1330	-209.9303	-215.536	5.605758	0.01814476	0.001967524	0.01617723	0.001967524
1340	-209.8885	-215.7216	5.833051	0.01931861	0.002441802	0.01687681	0.002441802
1350	-211.0069	-217.251	6.244095	0.022097	0.006075014	0.01602199	0.006075014
1360	-210.5737	-216.5115	5.937824	0.01769638	0.003826027	0.01387035	0.003826027
1370	-211.8358	-217.615	5.779135	0.01676375	0.005196013	0.01156773	0.005196013
1380	-211.8237	-218.0121	6.188454	0.02287315	0.008031307	0.01484185	0.008031307
1390	-211.6033	-217.9529	6.349541	0.0251568	0.006356553	0.01880024	0.006356553
1400	-211.7266	-217.8617	6.135067	0.02184156	0.007690469	0.01415109	0.007690469
1410	-209.9686	-215.6651	5.696507	0.01797393	0.002220837	0.01575309	0.002220837
1420	-211.9258	-217.1612	5.235423	0.02483578	0.001294578	0.0235412	0.001294578
1430	-210.2616	-215.9868	5.7252	0.02178018	0.001993565	0.01978662	0.001993565
1440	-210.3687	-216.5281	6.159476	0.02226759	0.003638838	0.01862875	0.003638838
1450	-209.8927	-215.5694	5.67669	0.01858018	0.00208446	0.01649572	0.00208446
1460	-211.7046	-217.7431	6.038444	0.02575186	0.002882518	0.02286934	0.002882518
1470	-211.0988	-216.2531	5.154245	0.02296808	0.001205781	0.0217623	0.001205781
1480	-210.654	-215.2233	4.569279	0.01991479	0.0008220469	0.01909274	0.0008220469
1490	-209.9121	-215.7041	5.792051	0.01866058	0.002404492	0.01625609	0.002404492
1500	-212.8705	-218.3536	5.483104	0.02683748	0.001624079	0.02521341	0.001624079
1510	-212.2195	-218.155	5.935532	0.02027741	0.007983821	0.01229359	0.007983821
1520	-209.9	-215.5164	5.616395	0.01947818	0.001874497	0.01760368	0.001874497
1530	-210.8415	-216.9955	6.154026	0.02040747	0.005546113	0.01486135	0.005546113
1540	-214.8886	-220.764	5.875389	0.030352	0.002609375	0.02774262	0.002609375
1550	-209.9501	-215.3685	5.418342	0.01899585	0.001569402	0.01742644	0.001569402
1560	-210.6907	-216.6762	5.985515	0.0181076	0.004306534	0.01380106	0.004306534
1570	-210.7774	-215.2207	4.443338	0.01635025	0.0008254126	0.01552483	0.0008254126
1580	-210.0679	-216.1184	6.05051	0.02087878	0.003149401	0.01772938	0.003149401
1590	-209.9772	-215.7254	5.748218	0.01805442	0.002366921	0.0156875	0.002366921
1600	-210.5138	-216.7046	6.190783	0.02092736	0.004807461	0.0161199	0.004807461
1610	-211.3901	-217.706	6.31591	0.02515484	0.004983562	0.02017128	0.004983562
1620	-211.9661	-218.2756	6.309579	0.02653738	0.004803844	0.02173354	0.004803844
1630	-210.8487	-216.9424	6.09369	0.02394329	0.003107018	0.02083627	0.003107018
1640	-210.6481	-216.8834	6.235277	0.02310403	0.004207309	0.01889672	0.004207309
1650	-210.6786	-216.417	5.738397	0.01633556	0.002965162	0.0133704	0.002965162
1660	-210.8109	-216.9734	6.162563	0.02051053	0.00550088	0.01500965	0.00550088
1670	-213.401	-219.5041	6.103122	0.02610152	0.01157135	0.01453017	0.01157135
1680	-210.5875	-216.3679	5.78045	0.01664364	0.003055714	0.01358793	0.003055714
1690	-216.2138	-221.8802	5.666357	0.03001641	0.01779729	0.01221912	0.01779729
1700	-209.9353	-215.4117	5.476401	0.01832276	0.001701051	0.01662171	0.001701051
1710	-210.1396	-215.4545	5.314851	0.02021668	0.001393195	0.01882348	0.001393195
1720	-210.2067	-216.3414	6.134723	0.02128067	0.003656156	0.01762451	0.003656156
1730	-210.466	-215.7769	5.310895	0.02156669	0.001366794	0.02019989	0.001366794
1740	-210.7124	-216.9473	6.234848	0.0217206	0.005307773	0.01641282	0.005307773
1750	-209.9076	-215.7732	5.865621	0.01918451	0.002579913	0.0166046	0.002579913
1760	-212.2439	-218.066	5.822088	0.01854835	0.007032211	0.01151614	0.007032211
1770	-210.289	-216.4381	6.149084	0.02057896	0.004150947	0.01642801	0.004150947
1780	-210.8416	-215.6725	4.830873	0.01538388	0.001137158	0.01424672	0.001137158
1790	-209.9585	-215.8371	5.878663	0.01876006	0.002720209	0.01603985	0.002720209
1800	-213.6616	-219.3597	5.698124	0.02200993	0.01096833	0.0110416	0.01096833
1810	-210.2913	-216.2486	5.957314	0.0221873	0.002607023	0.01958027	0.002607023
1820	-210.188	-215.9634	5.775351	0.01736804	0.002649688	0.01471835	0.002649688
1830	-211.681	-217.766	6.08495	0.02577119	0.003080175	0.02269101	0.003080175
1840	-210.0448	-216.0882	6.043318	0.02064788	0.003151415	0.01749646	0.003151415
1850	-210.3837	-216.5782	6.194543	0.02195239	0.00405594	0.01789645	0.00405594
1860	-210.8496	-216.9444	6.094828	0.01954155	0.005296616	0.01424493	0.005296616
1870	-211.2289	-217.5524	6.323509	0.02409304	0.005909837	0.0181832	0.005909837
1880	-210.9119	-216.782	5.870044	0.01699225	0.003964724	0.01302752	0.003964724
1890	-210.3768	-216.5531	6.176269	0.02218822	0.003798474	0.01838975	0.003798474
1900	-209.894	-215.5938	5.699815	0.01858874	0.002142223	0.01644652	0.002142223
1910	-210.1437	-215.8276	5.683896	0.02124624	0.00192428	0.01932196	0.00192428
1920	-210.3441	-216.3882	6.044133	0.02240094	0.002941115	0.01945982	0.002941115
1930	-210.9745	-217.0586	6.084115	0.01952822	0.005534418	0.0139938	0.005534418
1940	-214.5598	-219.4322	4.872474	0.01163027	0.002437804	0.009192471	0.002437804
1950	-211.0323	-217.3404	6.308079	0.02373706	0.005411227	0.01832583	0.005411227
1960	-211.4211	-217.6384	6.217218	0.02237129	0.007094776	0.01527651	0.007094776
1970	-214.228	-220.6096	6.381623	0.0307887	0.00815719	0.02263151	0.00815719
1980	-211.7742	-218.1337	6.359507	0.02575357	0.006260946	0.01949262	0.006260946
1990	-212.719	-218.684	5.964997	0.02232584	0.009645657	0.01268018	0.009645657
2000	-211.5662	-217.7085	6.142327	0.02155292	0.007308333	0.01424459	0.007308333
2010	-212.4859	-218.0438	5.557926	0.0150721	0.004505403	0.01056669	0.004505403
2020	-210.5461	-216.7734	6.227314	0.02173043	0.004791557	0.01693888	0.004791557
2030	-212.0187	-218.3846	6.365935	0.02614412	0.006933206	0.01921091	0.006933206
2040	-210.3	-215.1173	4.817293	0.01830684	0.0009951997	0.01731164	0.0009951997
2050	-210.1126	-216.1107	5.998093	0.02140563	0.002819268	0.01858637	0.002819268
2060	-209.9635	-215.8041	5.840594	0.0185009	0.002616056	0.01588484	0.002616056
2070	-210.4035	-215.3547	4.951122	0.02022686	0.001055218	0.01917164	0.001055218
2080	-210.6164	-216.86	6.243581	0.02205059	0.00492198	0.01712861	0.00492198
2090	-210.3581	-215.4008	5.042708	0.02034998	0.001125325	0.01922465	0.001125325
2100	-210.4187	-215.3372	4.918544	0.0201746	0.001031993	0.01914261	0.001031993
2110	-210.4696	-216.6259	6.156295	0.02034838	0.004655193	0.01569319	0.004655193
2120	-210.5672	-216.764	6.196779	0.02100238	0.004954489	0.01604789	0.004954489
2130	-210.134	-215.9273	5.79333	0.02139694	0.002160837	0.0192361	0.002160837
2140	-210.1332	-216.2252	6.092076	0.02113754	0.003360698	0.01777684	0.003360698
2150	-214.271	-220.4914	6.220399	0.02962867	0.01256422	0.01706446	0.01256422
2160	-209.9685	-215.3357	5.367237	0.01848297	0.001524516	0.01695845	0.001524516
2170	-210.3586	-216.5496	6.191065	0.02164783	0.004134357	0.01751348	0.004134357
2180	-213.7335	-220.1113	6.377823	0.02989022	0.006951611	0.02293861	0.006951611
2190	-212.098	-218.2375	6.139447	0.02289009	0.008622664	0.01426743	0.008622664
2200	-212.1282	-218.3043	6.176086	0.02348426	0.008734024	0.01475023	0.008734024
2210	-212.0459	-217.8063	5.760333	0.01695072	0.005625215	0.0113255	0.005625215
2220	-210.3725	-216.5131	6.140588	0.0223728	0.003481761	0.01889104	0.003481761
2230	-209.8857	-215.4942	5.608453	0.01898953	0.001893377	0.01709615	0.001893377
2240	-210.6261	-216.2233	5.597168	0.01594921	0.002407003	0.0135422	0.002407003
2250	-210.4123	-215.2337	4.821353	0.01970526	0.0009712028	0.01873406	0.0009712028
2260	-209.9834	-215.8707	5.887287	0.01865831	0.002786092	0.01587221	0.002786092
2270	-211.9445	-218.2831	6.338515	0.02645368	0.005292317	0.02116137	0.005292317
2280	-210.2805	-215.1375	4.857022	0.01789239	0.001035043	0.01685734	0.001035043
2290	-210.9564	-217.2539	6.297443	0.02373867	0.005045316	0.01869336	0.005045316
2300	-210.2457	-215.5792	5.333506	0.01663352	0.00162259	0.01501093	0.00162259
2310	-210.978	-217.2226	6.244599	0.02207184	0.006000644	0.0160712	0.006000644
2320	-210.9267	-217.1475	6.220774	0.02159003	0.005891603	0.01569843	0.005891603
2330	-210.2174	-216.2477	6.030293	0.01901319	0.00368001	0.01533318	0.00368001
2340	-211.299	-217.29	5.990995	0.02487319	0.002685841	0.02218735	0.002685841
2350	-212.0329	-218.0674	6.03446	0.02635384	0.002889298	0.02346455	0.002889298
2360	-210.0735	-215.9733	5.899851	0.01833006	0.002956312	0.01537374	0.002956312
2370	-212.262	-218.4892	6.227209	0.02453477	0.008974636	0.01556013	0.008974636
2380	-211.3772	-215.4648	4.087659	0.02111154	0.0006151237	0.02049642	0.0006151237
2390	-212.54	-217.9302	5.390161	0.01379552	0.003146807	0.01064871	0.003146807
2400	-211.6407	-217.546	5.905263	0.01815384	0.005918439	0.01223541	0.005918439
2410	-212.1531	-218.4779	6.324765	0.02691808	0.005043821	0.02187426	0.005043821
2420	-210.9132	-217.058	6.144791	0.02034623	0.005684783	0.01466144	0.005684783
2430	-212.2612	-218.591	6.329765	0.02713489	0.005136683	0.0219982	0.005136683
2440	-211.9705	-218.0863	6.115749	0.02636237	0.003250033	0.02311234	0.003250033
2450	-210.5826	-216.7342	6.151536	0.02316164	0.003469637	0.019692	0.003469637
2460	-212.5153	-218.8202	6.30495	0.02619821	0.009017216	0.01718099	0.009017216
2470	-210.5397	-216.6792	6.13948	0.02004874	0.004778435	0.0152703	0.004778435
2480	-211.7956	-215.5833	3.787661	0.01478001	0.0005973833	0.01418263	0.0005973833
2490	-211.8988	-217.9572	6.05835	0.02116401	0.007824981	0.01333902	0.007824981
2500	-211.5785	-217.5509	5.972409	0.0190129	0.006332759	0.01268014	0.006332759
2510	-210.3195	-216.2866	5.967059	0.01821894	0.003579282	0.01463966	0.003579282
2520	-215.8556	-221.7451	5.889467	0.03091036	0.01693365	0.01397672	0.01693365
2530	-212.5101	-218.3037	5.793612	0.02677384	0.002183003	0.02459084	0.002183003
2540	-209.9564	-215.9239	5.967505	0.01988881	0.002893482	0.01699533	0.002893482
2550	-212.5178	-218.5235	6.005702	0.02225091	0.009273722	0.01297719	0.009273722
2560	-212.4158	-217.0573	4.641552	0.02468967	0.0008577288	0.02383194	0.0008577288
2570	-211.4247	-215.3087	3.883945	0.01555258	0.0006096776	0.0149429	0.0006096776
2580	-212.9068	-219.2736	6.366852	0.0279047	0.008549761	0.01935494	0.008549761
2590	-210.5658	-216.6992	6.133359	0.0199533	0.004817954	0.01513535	0.004817954
2600	-211.3872	-217.6583	6.271041	0.0231745	0.006928064	0.01624644	0.006928064
2610	-211.6083	-217.8951	6.286815	0.02387195	0.007356381	0.01651556	0.007356381
2620	-210.593	-215.1997	4.606731	0.01668048	0.0009071035	0.01577338	0.0009071035
2630	-211.8431	-217.7766	5.93348	0.01910019	0.00679069	0.0123095	0.00679069
2640	-210.0992	-216.1095	6.010238	0.01916328	0.003383723	0.01577956	0.003383723
2650	-214.662	-219.8697	5.207702	0.01921082	0.01038233	0.008828492	0.01038233
2660	-210.6738	-216.7402	6.066353	0.01904997	0.004745948	0.01430402	0.004745948
2670	-212.3677	-218.0895	5.721834	0.0172696	0.006288131	0.01098147	0.006288131
2680	-211.8537	-218.2092	6.355527	0.02614035	0.005790689	0.02034967	0.005790689
2690	-214.8143	-220.9123	6.09799	0.02991487	0.0142887	0.01562616	0.0142887
2700	-210.4944	-216.5147	6.020356	0.02290484	0.002813175	0.02009166	0.002813175
2710	-210.5364	-215.5174	4.980998	0.01603172	0.00123079	0.01480093	0.00123079
2720	-210.459	-216.6739	6.214934	0.02170115	0.004499368	0.01720178	0.004499368
2730	-214.762	-221.1181	6.356083	0.03154292	0.006896682	0.02464624	0.006896682
2740	-210.1892	-216.2186	6.029388	0.02176129	0.002924541	0.01883675	0.002924541
2750	-210.1027	-215.6165	5.513848	0.01714894	0.001892293	0.01525665	0.001892293
2760	-210.1849	-216.0986	5.913625	0.01808507	0.003156872	0.0149282	0.003156872
2770	-210.262	-215.7773	5.515311	0.02134421	0.001632146	0.01971206	0.001632146
2780	-210.2986	-216.4406	6.141904	0.0219836	0.00355307	0.01843054	0.00355307
2790	-213.403	-219.0912	5.688286	0.02086899	0.01000164	0.01086736	0.01000164
2800	-210.4848	-216.5918	6.107022	0.01959874	0.004533646	0.0150651	0.004533646
2810	-211.4428	-216.9457	5.502909	0.01473281	0.002649624	0.01208319	0.002649624
2820	-210.398	-216.5629	6.164914	0.0223875	0.003661625	0.01872588	0.003661625
2830	-212.2004	-218.5298	6.329424	0.02701226	0.005124971	0.02188729	0.005124971
2840	-214.5176	-220.8475	6.329903	0.03108298	0.0110662	0.02001678	0.0110662
2850	-212.2549	-218.2001	5.945141	0.02053773	0.008163386	0.01237435	0.008163386
2860	-211.6769	-215.2797	3.602717	0.02058349	0.0004783183	0.02010517	0.0004783183
2870	-211.9957	-218.1544	6.158644	0.02288704	0.008407406	0.01447963	0.008407406
2880	-213.3683	-219.587	6.218721	0.02731027	0.0111383	0.01617196	0.0111383
2890	-210.6709	-216.9084	6.237478	0.02318929	0.004214051	0.01897524	0.004214051
2900	-210.2101	-216.3083	6.098179	0.02169562	0.003299991	0.01839563	0.003299991
2910	-209.8863	-215.5274	5.641125	0.01870732	0.001987443	0.01671987	0.001987443
2920	-211.2132	-217.5229	6.309772	0.02366222	0.006187854	0.01747437	0.006187854
2930	-210.6775	-216.262	5.584469	0.01583656	0.002401185	0.01343538	0.002401185
2940	-211.3496	-217.5816	6.23202	0.02245995	0.006922362	0.01553759	0.006922362
2950	-211.1144	-217.0101	5.895629	0.02434132	0.002381517	0.0219598	0.002381517
2960	-211.3077	-217.4943	6.186547	0.02509597	0.003623717	0.02147225	0.003623717
2970	-210.2502	-216.3998	6.149552	0.0215134	0.003723513	0.01778989	0.003723513
2980	-212.6314	-218.3289	5.697542	0.01781701	0.007031123	0.01078589	0.007031123
2990	-210.0398	-216.0522	6.012317	0.02087157	0.002947336	0.01792423	0.002947336
3000	-214.0592	-220.4249	6.365734	0.03035811	0.009629972	0.02072814	0.009629972
3010	-211.1479	-217.1648	6.016864	0.01882343	0.005522112	0.01330132	0.005522112
3020	-214.0218	-219.8432	5.821404	0.02477568	0.012648	0.01212768	0.012648
3030	-210.1211	-215.7444	5.623284	0.01717994	0.002154322	0.01502562	0.002154322
3040	-210.4222	-215.8273	5.405042	0.01611378	0.001823786	0.01429	0.001823786
3050	-210.9753	-217.1759	6.200557	0.02428339	0.003741462	0.02054193	0.003741462
3060	-214.0935	-219.5642	5.470728	0.02058412	0.01070961	0.00987451	0.01070961
3070	-210.4752	-216.2571	5.781953	0.01680916	0.002947418	0.01386175	0.002947418
3080	-210.1768	-216.271	6.0942	0.01998838	0.003783261	0.01620512	0.003783261
3090	-210.6038	-216.6484	6.044568	0.01877485	0.004480561	0.01429429	0.004480561
3100	-210.305	-215.9367	5.631667	0.01666373	0.002298548	0.01436518	0.002298548
3110	-211.4205	-217.5393	6.118818	0.02528636	0.003230615	0.02205575	0.003230615
3120	-209.9269	-215.4561	5.529272	0.01826326	0.001799631	0.01646363	0.001799631
3130	-210.3099	-216.2482	5.938325	0.01800343	0.003433754	0.01456967	0.003433754
3140	-212.8092	-219.1927	6.38349	0.02799019	0.007576695	0.0204135	0.007576695
3150	-210.7228	-216.6215	5.898693	0.01728491	0.003837499	0.01344741	0.003837499
3160	-210.1427	-215.1992	5.056449	0.01811153	0.001191778	0.01691975	0.001191778
3170	-209.9444	-215.3733	5.428876	0.01846598	0.001614984	0.016851	0.001614984
3180	-210.9125	-217.1983	6.285796	0.02293257	0.005548339	0.01738423	0.005548339
3190	-210.714	-216.1287	5.414749	0.01550714	0.001970133	0.013537	0.001970133
3200	-211.8887	-217.8985	6.009748	0.02040507	0.007513283	0.01289179	0.007513283
3210	-211.4752	-217.7509	6.275769	0.0234224	0.007112128	0.01631028	0.007112128
3220	-212.1689	-217.6211	5.452195	0.02563814	0.00155528	0.02408287	0.00155528
3230	-210.575	-216.7092	6.134221	0.02315535	0.003360663	0.01979468	0.003360663
3240	-213.9751	-220.3021	6.326987	0.0298668	0.01070005	0.01916675	0.01070005
3250	-210.7459	-216.9666	6.22064	0.02144435	0.005426798	0.01601755	0.005426798
3260	-210.6764	-215.1288	4.452386	0.0194523	0.0007692154	0.01868309	0.0007692154
3270	-214.1258	-220.4354	6.30963	0.0300627	0.01119467	0.01886803	0.01119467
3280	-209.9547	-215.9203	5.965516	0.0199525	0.002871574	0.01708093	0.002871574
3290	-210.9649	-215.2286	4.263784	0.01612202	0.0007443283	0.01537769	0.0007443283
3300	-210.0563	-216.0072	5.950929	0.02112875	0.002655123	0.01847362	0.002655123
3310	-210.0395	-215.502	5.462477	0.02014479	0.001585633	0.01855916	0.001585633
3320	-210.0518	-215.9983	5.946457	0.02110533	0.002640387	0.01846494	0.002640387
3330	-213.575	-218.697	5.121965	0.01256453	0.002759407	0.009805121	0.002759407
3340	-209.8796	-215.5957	5.716121	0.01945916	0.002093261	0.0173659	0.002093261
3350	-211.0122	-217.2965	6.28432	0.02417143	0.00463448	0.01953695	0.00463448
3360	-210.5066	-216.6014	6.094808	0.0194243	0.004529505	0.0148948	0.004529505
3370	-210.8788	-217.0143	6.135453	0.02016457	0.005563145	0.01460143	0.005563145
3380	-212.0128	-218.3633	6.350495	0.02656979	0.005564631	0.02100516	0.005564631
3390	-212.1977	-218.2529	6.055262	0.02197941	0.008620091	0.01335932	0.008620091
3400	-211.6011	-217.5852	5.984122	0.01924407	0.006492037	0.01275203	0.006492037
3410	-211.1485	-215.2339	4.085396	0.01594514	0.0006737353	0.0152714	0.0006737353
3420	-211.8644	-217.7908	5.926364	0.01904905	0.00679381	0.01225524	0.00679381
3430	-211.5987	-217.3409	5.742185	0.01604387	0.004262223	0.01178165	0.004262223
3440	-214.453	-220.683	6.229958	0.03016332	0.01271787	0.01744546	0.01271787
3450	-210.4258	-216.6306	6.204825	0.02149893	0.004450218	0.01704872	0.004450218
3460	-210.5907	-216.3702	5.779587	0.01663536	0.003055257	0.01358011	0.003055257
3470	-214.1022	-220.2852	6.183007	0.02884646	0.01260165	0.01624481	0.01260165
3480	-213.5629	-219.9468	6.383896	0.02950584	0.008354913	0.02115093	0.008354913
3490	-210.2544	-215.7639	5.509504	0.02130175	0.001624338	0.01967741	0.001624338
3500	-210.5234	-216.707	6.183603	0.02078377	0.004832198	0.01595157	0.004832198
3510	-210.4796	-215.4858	5.006138	0.01617911	0.001245476	0.01493363	0.001245476
3520	-211.1031	-217.1963	6.093223	0.02456305	0.003098494	0.02146455	0.003098494
3530	-211.8199	-218.1759	6.356056	0.02603815	0.005844539	0.02019362	0.005844539
3540	-211.8584	-218.2012	6.342755	0.026239	0.005401199	0.0208378	0.005401199
3550	-212.4158	-218.4554	6.039622	0.02240993	0.009139209	0.01327072	0.009139209
3560	-210.8883	-216.7412	5.852956	0.01685713	0.00381879	0.01303834	0.00381879
3570	-210.162	-216.1564	5.994406	0.0216604	0.002781165	0.01887924	0.002781165
3580	-210.9963	-217.0038	6.007545	0.01851004	0.005091509	0.01341854	0.005091509
3590	-210.3067	-216.4153	6.108544	0.02216838	0.003299465	0.01886892	0.003299465
3600	-210.0533	-215.7999	5.746636	0.01770355	0.002436333	0.01526722	0.002436333
3610	-209.9459	-215.8771	5.931181	0.01934084	0.002831253	0.01650959	0.002831253
3620	-209.9865	-215.8646	5.878026	0.02070716	0.002438006	0.01826916	0.002438006
3630	-212.3102	-218.5436	6.233407	0.02474182	0.009057784	0.01568404	0.009057784
3640	-209.9862	-215.3862	5.399998	0.0179516	0.001606236	0.01634536	0.001606236
3650	-210.3399	-216.229	5.889071	0.02229414	0.002384432	0.01990971	0.002384432
3660	-210.5851	-216.6165	6.031341	0.0186236	0.004370606	0.01425299	0.004370606
3670	-211.525	-217.3795	5.854546	0.01722989	0.005113814	0.01211608	0.005113814
3680	-212.4366	-218.8003	6.363767	0.02686201	0.007925165	0.01893684	0.007925165
3690	-210.7873	-217.0588	6.271486	0.02335126	0.00466303	0.01868823	0.00466303
3700	-210.6972	-216.6985	6.001299	0.01827796	0.004414971	0.01386299	0.004414971
3710	-211.253	-217.5479	6.29488	0.02338337	0.006465028	0.01691834	0.006465028
3720	-214.0399	-220.1427	6.102795	0.02787598	0.01286078	0.0150152	0.01286078
3730	-211.003	-216.918	5.91495	0.01743004	0.004437567	0.01299247	0.004437567
3740	-210.8938	-216.6723	5.77851	0.02365829	0.00208665	0.02157164	0.00208665
3750	-210.0069	-215.8018	5.79486	0.02077228	0.002195433	0.01857685	0.002195433
3760	-209.9824	-215.4954	5.513032	0.0199231	0.001669941	0.01825316	0.001669941
3770	-213.6323	-219.8332	6.200882	0.02927316	0.004022326	0.02525084	0.004022326
3780	-211.51	-217.6235	6.113462	0.02546603	0.003207301	0.02225872	0.003207301
3790	-210.7713	-217.0466	6.275273	0.02309984	0.004867197	0.01823264	0.004867197
3800	-211.6021	-217.3803	5.778239	0.01641718	0.004588336	0.01182885	0.004588336
3810	-209.9328	-215.745	5.81218	0.01857154	0.002490819	0.01608072	0.002490819
3820	-212.5463	-218.109	5.562656	0.01523825	0.004742256	0.01049599	0.004742256
3830	-210.292	-215.3778	5.085844	0.0167668	0.001288148	0.01547865	0.001288148
3840	-210.7776	-216.9962	6.21861	0.02367676	0.003938219	0.01973854	0.003938219
3850	-210.3586	-215.1062	4.747639	0.01860285	0.0009423864	0.01766046	0.0009423864
3860	-213.3669	-218.7453	5.378438	0.01456041	0.004973076	0.009587332	0.004973076
3870	-211.8134	-218.1746	6.361133	0.0258614	0.006274238	0.01958716	0.006274238
3880	-212.4633	-216.8682	4.404858	0.01305678	0.0009970763	0.0120597	0.0009970763
3890	-210.402	-215.6698	5.267786	0.02123224	0.00132376	0.01990848	0.00132376
3900	-211.9135	-217.9798	6.066345	0.02132364	0.007904437	0.0134192	0.007904437
3910	-210.1029	-216.1684	6.065457	0.01990334	0.003529325	0.01637401	0.003529325
3920	-212.8737	-218.8113	5.937542	0.02245407	0.009951256	0.01250281	0.009951256
3930	-212.8434	-219.1996	6.356165	0.02825855	0.005775624	0.02248293	0.005775624
3940	-211.6968	-218.0496	6.352831	0.0253359	0.006562312	0.01877359	0.006562312
3950	-210.5173	-215.6177	5.100394	0.02118632	0.001164513	0.02002181	0.001164513
3960	-210.4819	-216.648	6.166085	0.02050394	0.004704026	0.01579992	0.004704026
3970	-211.7186	-215.7098	3.991123	0.02185768	0.0005827876	0.02127489	0.0005827876
3980	-213.1616	-218.5959	5.434321	0.01487066	0.005074039	0.009796626	0.005074039
3990	-210.9154	-217.1504	6.234996	0.02406735	0.004051166	0.02001618	0.004051166
4000	-212.7715	-219.0959	6.324416	0.02705352	0.00921442	0.0178391	0.00921442
4010	-212.7715	-218.4323	5.660872	0.01771949	0.007131372	0.01058812	0.007131372
4020	-210.9959	-217.2218	6.225957	0.02176411	0.00606433	0.01569978	0.00606433
4030	-210.4908	-216.7158	6.225024	0.02209429	0.004431341	0.01766295	0.004431341
4040	-213.5163	-219.6276	6.111283	0.02890504	0.003417915	0.02548713	0.003417915
4050	-210.9689	-217.1828	6.213808	0.02152218	0.005994228	0.01552795	0.005994228
4060	-209.9779	-215.3272	5.349378	0.01884326	0.001482208	0.01736105	0.001482208
4070	-210.7043	-215.7721	5.067821	0.02171656	0.00113345	0.02058311	0.00113345
4080	-210.1337	-215.6784	5.544742	0.02088688	0.001687698	0.01919918	0.001687698
4090	-209.8808	-215.5628	5.681937	0.01938225	0.002019506	0.01736274	0.002019506
4100	-212.5904	-218.8904	6.300025	0.02774206	0.004760006	0.02298206	0.004760006
4110	-211.7838	-218.1437	6.359904	0.02578183	0.006260168	0.01952166	0.006260168
4120	-212.8286	-219.1371	6.308515	0.02699149	0.009504767	0.01748672	0.009504767
4130	-210.7579	-216.7559	5.997938	0.02362958	0.002708749	0.02092083	0.002708749
4140	-211.3009	-217.6294	6.328429	0.02471988	0.005420948	0.01929893	0.005420948
4150	-210.0898	-215.2672	5.177369	0.01784013	0.001325043	0.01651508	0.001325043
4160	-214.6176	-219.7081	5.090485	0.01518979	0.006837541	0.008352251	0.006837541
4170	-210.6397	-216.3454	5.705769	0.01625365	0.002795775	0.01345788	0.002795775
4180	-212.3107	-217.854	5.543248	0.02603108	0.001692346	0.02433873	0.001692346
4190	-210.8921	-217.1831	6.290935	0.02350202	0.005013702	0.01848832	0.005013702
4200	-211.4151	-217.3288	5.913729	0.01783519	0.005370842	0.01246435	0.005370842
4210	-210.2068	-215.8955	5.688692	0.01704702	0.002392953	0.01465406	0.002392953
4220	-211.0162	-216.8578	5.841572	0.01674378	0.003950301	0.01279348	0.003950301
4230	-211.6159	-217.8226	6.20663	0.02264087	0.00755248	0.01508839	0.00755248
4240	-211.5288	-217.6587	6.129922	0.0255231	0.003293149	0.02222996	0.003293149
4250	-209.9137	-215.5526	5.638882	0.01974578	0.001902426	0.01784336	0.001902426
4260	-210.6951	-216.8749	6.179774	0.02070643	0.005264231	0.0154422	0.005264231
4270	-210.2244	-216.0913	5.866863	0.02185725	0.002336341	0.01952091	0.002336341
4280	-211.3751	-217.0375	5.662409	0.01543307	0.003344023	0.01208905	0.003344023
4290	-209.9998	-215.7476	5.747825	0.02065881	0.00208633	0.01857248	0.00208633
4300	-214.1431	-220.4804	6.337271	0.03032354	0.01060684	0.01971669	0.01060684
4310	-211.0333	-217.1793	6.145958	0.02053012	0.005983597	0.01454652	0.005983597
4320	-209.9831	-215.4045	5.42137	0.0195231	0.001550019	0.01797308	0.001550019
4330	-210.7828	-216.6209	5.838089	0.01679454	0.003576984	0.01321756	0.003576984
4340	-211.5339	-217.717	6.183091	0.02209394	0.007331091	0.01476285	0.007331091
4350	-210.0388	-215.9888	5.949953	0.01884264	0.003075314	0.01576733	0.003075314
4360	-212.1971	-218.2885	6.091329	0.02248979	0.00875017	0.01373962	0.00875017
4370	-211.1371	-217.1336	5.996491	0.01853005	0.005345959	0.01318409	0.005345959
4380	-212.0113	-218.2744	6.263104	0.02441365	0.008333154	0.0160805	0.008333154
4390	-210.6914	-216.6821	5.990669	0.02344708	0.002685098	0.02076199	0.002685098
4400	-210.1562	-216.1709	6.01467	0.01901009	0.003507645	0.01550244	0.003507645
4410	-211.0011	-216.5	5.498926	0.01519028	0.00233885	0.01285143	0.00233885
4420	-211.5498	-217.55	6.000182	0.01936359	0.006470395	0.01289319	0.006470395
4430	-212.8079	-218.6485	5.840595	0.02085825	0.009158348	0.0116999	0.009158348
4440	-210.1519	-216.1941	6.042174	0.01933458	0.003593631	0.01574095	0.003593631
4450	-212.2222	-218.3723	6.150074	0.02686924	0.003460006	0.02340923	0.003460006
4460	-210.1797	-215.343	5.163343	0.01716695	0.001347734	0.01581922	0.001347734
4470	-209.884	-215.5479	5.663848	0.01873293	0.002036966	0.01669596	0.002036966
4480	-210.5248	-215.6791	5.154252	0.02136071	0.001210884	0.02014983	0.001210884
4490	-210.8688	-216.878	6.00917	0.01842673	0.004817831	0.0136089	0.004817831
4500	-211.7621	-218.0852	6.323101	0.02479249	0.007379802	0.01741269	0.007379802
4510	-210.7519	-216.6486	5.89663	0.01725577	0.003871174	0.0133846	0.003871174
4520	-210.7893	-215.9162	5.126956	0.02210946	0.001182169	0.02092729	0.001182169
4530	-211.8226	-217.7505	5.927903	0.01895648	0.006677892	0.01227859	0.006677892
4540	-210.383	-215.6128	5.229778	0.0210561	0.001286626	0.01976947	0.001286626
4550	-210.2717	-216.348	6.076323	0.01944174	0.003959537	0.01548221	0.003959537
4560	-209.9422	-215.7983	5.856136	0.0187353	0.002628589	0.01610671	0.002628589
4570	-211.8957	-218.25	6.354289	0.02564373	0.007090889	0.01855284	0.007090889
4580	-210.2542	-216.3433	6.089183	0.02196802	0.003209225	0.0187588	0.003209225
4590	-211.2507	-217.0105	5.759802	0.01608948	0.003778554	0.01231092	0.003778554
4600	-209.9435	-215.7107	5.767161	0.02030931	0.002154087	0.01815522	0.002154087
4610	-210.0589	-216.095	6.03605	0.02090774	0.003063574	0.01784417	0.003063574
4620	-213.0399	-219.3364	6.296433	0.02852558	0.004815908	0.02370967	0.004815908
4630	-211.0124	-217.293	6.280635	0.02419711	0.004573125	0.01962399	0.004573125
4640	-212.8397	-219.1918	6.352135	0.02824986	0.005679302	0.02257055	0.005679302
4650	-210.4214	-216.5113	6.08996	0.02266217	0.003146821	0.01951535	0.003146821
4660	-209.9473	-215.3661	5.418835	0.01890985	0.001574493	0.01733535	0.001574493
4670	-210.4724	-215.8932	5.42083	0.0160022	0.001877352	0.01412485	0.001877352
4680	-211.7304	-218.0757	6.345237	0.02590121	0.005515985	0.02038523	0.005515985
4690	-211.3407	-216.9542	5.613466	0.01520859	0.003045257	0.01216333	0.003045257
4700	-210.8779	-215.3713	4.493398	0.01583943	0.0008714307	0.014968	0.0008714307
4710	-210.4773	-216.3245	5.847192	0.01714531	0.003233223	0.01391209	0.003233223
4720	-210.6598	-216.8355	6.175662	0.02062589	0.005168175	0.01545772	0.005168175
4730	-213.4921	-219.2098	5.717689	0.02815315	0.002073014	0.02608014	0.002073014
4740	-210.6748	-216.843	6.168112	0.02050818	0.005187064	0.01532111	0.005187064
4750	-211.1518	-217.2881	6.136257	0.02057857	0.00623805	0.01434052	0.00623805
4760	-210.0094	-215.3769	5.367541	0.01950046	0.001478668	0.01802179	0.001478668
4770	-211.0609	-217.2685	6.207628	0.02154956	0.006215379	0.01533418	0.006215379
4780	-210.6453	-216.2531	5.607833	0.02273645	0.001760811	0.02097564	0.001760811
4790	-211.0757	-217.1716	6.09592	0.0245018	0.003111459	0.02139034	0.003111459
4800	-210.3524	-215.8001	5.447745	0.02151243	0.001534051	0.01997838	0.001534051
4810	-213.1149	-219.229	6.114144	0.02542104	0.01094901	0.01447204	0.01094901
4820	-211.1898	-217.3524	6.162626	0.02105417	0.006431458	0.01462271	0.006431458
4830	-210.7172	-216.9839	6.266615	0.02296118	0.004751129	0.01821005	0.004751129
4840	-210.3812	-216.5786	6.197377	0.02162068	0.004238906	0.01738177	0.004238906
4850	-209.9896	-215.8243	5.834689	0.01832458	0.002633082	0.0156915	0.002633082
4860	-210.0738	-215.5861	5.51231	0.01727218	0.001872503	0.01539968	0.001872503
4870	-210.4969	-216.4079	5.911041	0.01754772	0.003568392	0.01397932	0.003568392
4880	-211.1967	-217.4142	6.217568	0.02193797	0.006555314	0.01538266	0.006555314
4890	-210.5415	-216.7299	6.188401	0.02086009	0.004883372	0.01597672	0.004883372
4900	-211.4113	-217.0719	5.660615	0.0154106	0.00337885	0.01203175	0.00337885
4910	-210.021	-215.999	5.978071	0.01921049	0.00312727	0.01608322	0.00312727
4920	-210.0802	-215.3356	5.255418	0.01954785	0.001343705	0.01820415	0.001343705
4930	-210.8401	-217.1096	6.269532	0.02250522	0.005496701	0.01700851	0.005496701
4940	-210.9072	-216.1789	5.271693	0.02274209	0.001319176	0.02142292	0.001319176
4950	-210.3914	-216.4718	6.080341	0.0193153	0.004224535	0.01509076	0.004224535
4960	-210.8658	-217.0737	6.20784	0.02130282	0.005732521	0.0155703	0.005732521
4970	-217.7588	-224.0463	6.287455	0.03579891	0.007894929	0.02790398	0.007894929
4980	-210.2954	-216.1217	5.826342	0.02206143	0.002220239	0.01984119	0.002220239
4990	-209.96	-215.9312	5.971165	0.01985444	0.002918663	0.01693577	0.002918663
5000	-211.1505	-216.6082	5.457626	0.01492256	0.002301401	0.01262116	0.002301401
5010	-211.0248	-215.8091	4.784361	0.01501762	0.001124306	0.01389331	0.001124306
5020	-212.0085	-218.1537	6.145139	0.0264741	0.003410491	0.02306361	0.003410491
5030	-210.2062	-216.2582	6.052063	0.0192903	0.003738487	0.01555182	0.003738487
5040	-210.3643	-215.6233	5.258965	0.02106683	0.001316513	0.01975032	0.001316513
5050	-211.1382	-215.4358	4.297605	0.01546367	0.0007817076	0.01468196	0.0007817076
5060	-211.1727	-217.3871	6.214405	0.02478254	0.003829948	0.02095259	0.003829948
5070	-211.4202	-217.7201	6.299894	0.02374145	0.006836524	0.01690492	0.006836524
5080	-211.1496	-217.4324	6.282785	0.02300511	0.006288403	0.0167167	0.006288403
5090	-209.9078	-215.7868	5.879014	0.0193371	0.002605812	0.01673129	0.002605812
5100	-211.2932	-217.6246	6.331351	0.02449025	0.005746451	0.0187438	0.005746451
5110	-210.295	-216.3861	6.09109	0.01959277	0.004060273	0.0155325	0.004060273
5120	-210.9939	-216.7349	5.740917	0.01605755	0.003316324	0.01274123	0.003316324
5130	-212.6026	-218.0618	5.459194	0.01423349	0.003752942	0.01048055	0.003752942
5140	-210.6629	-216.8578	6.194859	0.02335372	0.003768878	0.01958485	0.003768878
5150	-210.198	-216.1675	5.969529	0.01847604	0.003402182	0.01507386	0.003402182
5160	-211.5976	-217.7021	6.104423	0.02105812	0.007240862	0.01381726	0.007240862
5170	-212.5874	-218.6207	6.03322	0.02284288	0.009568589	0.01327429	0.009568589
5180	-210.7291	-216.9532	6.224038	0.02150376	0.005378178	0.01612558	0.005378178
5190	-210.9562	-216.6085	5.652245	0.02359086	0.00183612	0.02175474	0.00183612
5200	-209.9491	-215.7423	5.793235	0.01837473	0.002460226	0.0159145	0.002460226
5210	-210.9853	-217.0013	6.015965	0.01860808	0.005124787	0.01348329	0.005124787
5220	-209.9527	-215.6092	5.656407	0.02015195	0.00191477	0.01823718	0.00191477
5230	-210.9829	-217.1887	6.205862	0.02140771	0.00602123	0.01538648	0.00602123
5240	-210.4165	-216.3398	5.923291	0.02258157	0.002479057	0.02010251	0.002479057
5250	-211.3546	-217.6885	6.333895	0.02481556	0.005565504	0.01925006	0.005565504
5260	-212.9035	-218.6308	5.727284	0.01945366	0.008494003	0.01095966	0.008494003
5270	-211.5854	-216.8305	5.245143	0.01411289	0.001950737	0.01216215	0.001950737
5280	-215.9348	-222.2763	6.341538	0.03378916	0.0104292	0.02335996	0.0104292
5290	-210.1859	-216.1909	6.004949	0.01882868	0.003524363	0.01530432	0.003524363
5300	-211.4068	-217.431	6.024137	0.01940031	0.006251312	0.013149	0.006251312
5310	-212.0129	-218.3428	6.329882	0.02541908	0.007811354	0.01760772	0.007811354
5320	-215.6855	-222.035	6.349509	0.03335562	0.01009886	0.02325676	0.01009886
5330	-210.0252	-215.9941	5.968867	0.01908824	0.003109581	0.01597866	0.003109581
5340	-210.2273	-216.2158	5.988554	0.01857667	0.003527772	0.0150489	0.003527772
5350	-210.6079	-216.8565	6.248575	0.0223577	0.004744004	0.01761369	0.004744004
5360	-211.7115	-218.049	6.337447	0.02590138	0.005316933	0.02058445	0.005316933
5370	-210.0211	-215.7571	5.736054	0.01780607	0.002376177	0.01542989	0.002376177
5380	-209.8887	-215.7254	5.83672	0.01938815	0.002444569	0.01694358	0.002444569
5390	-211.0613	-217.3663	6.305019	0.02347786	0.005753757	0.0177241	0.005753757
5400	-209.9678	-215.6971	5.729309	0.02042259	0.002056434	0.01836615	0.002056434
5410	-212.628	-218.5991	5.97118	0.02726338	0.002702812	0.02456057	0.002702812
5420	-210.397	-215.2138	4.816785	0.01700389	0.00103654	0.01596735	0.00103654
5430	-210.1503	-216.2627	6.112453	0.02089647	0.003577063	0.01731941	0.003577063
5440	-212.3021	-215.8615	3.559344	0.02230072	0.0004667641	0.02183396	0.0004667641
5450	-211.2827	-217.3378	6.05507	0.01960572	0.006131695	0.01347403	0.006131695
5460	-212.6138	-218.123	5.509254	0.01470574	0.004282652	0.01042309	0.004282652
5470	-210.6514	-216.7999	6.148421	0.02338813	0.003432395	0.01995573	0.003432395
5480	-210.7051	-215.0854	4.380373	0.01701892	0.0007751914	0.01624372	0.0007751914
5490	-210.1511	-215.2229	5.071779	0.01779002	0.001219153	0.01657087	0.001219153
5500	-211.1522	-216.9519	5.799732	0.01639956	0.003891667	0.0125079	0.003891667
5510	-211.7536	-217.8909	6.137269	0.02598048	0.003346132	0.02263435	0.003346132
5520	-211.8387	-217.4206	5.581927	0.01487446	0.003454732	0.01141972	0.003454732
5530	-212.3835	-218.7591	6.375611	0.02725845	0.006450608	0.02080784	0.006450608
5540	-212.3159	-218.3357	6.019823	0.0218271	0.008782791	0.01304431	0.008782791
5550	-210.5384	-216.7727	6.234359	0.02207743	0.004628812	0.01744861	0.004628812
5560	-211.437	-217.7726	6.335629	0.02455583	0.006328133	0.0182277	0.006328133
5570	-210.9994	-217.2267	6.227272	0.0243231	0.003958414	0.02036468	0.003958414
5580	-210.2235	-216.273	6.049503	0.01921628	0.003764115	0.01545216	0.003764115
5590	-210.7854	-217.0527	6.267225	0.02247684	0.005327013	0.01714982	0.005327013
5600	-210.9451	-216.3781	5.433013	0.02315975	0.001505189	0.02165456	0.001505189
5610	-210.5206	-216.2252	5.704581	0.0164291	0.002690029	0.01373907	0.002690029
5620	-209.9958	-215.6167	5.620925	0.02035643	0.0018365	0.01851993	0.0018365
5630	-213.9233	-219.9815	6.05816	0.02708395	0.01271927	0.01436467	0.01271927
5640	-210.2627	-216.022	5.759292	0.01712222	0.002663093	0.01445912	0.002663093
5650	-210.3249	-216.4104	6.08551	0.01946661	0.004105529	0.01536108	0.004105529
5660	-210.4344	-216.3616	5.92723	0.02264191	0.002489677	0.02015224	0.002489677
5670	-210.0054	-215.5813	5.575834	0.0202918	0.0017586	0.0185332	0.0017586
5680	-210.7835	-216.6771	5.893583	0.01721929	0.003903189	0.0133161	0.003903189
5690	-210.2379	-216.3675	6.129606	0.02167481	0.003519392	0.01815542	0.003519392
5700	-211.2558	-216.7906	5.534729	0.01499295	0.002630874	0.01236208	0.002630874
5710	-210.3948	-216.5257	6.130879	0.02001741	0.004410994	0.01560642	0.004410994
5720	-215.4169	-221.7333	6.316358	0.03234134	0.006214982	0.02612636	0.006214982
5730	-212.4447	-218.8175	6.372824	0.02742763	0.006261795	0.02116583	0.006261795
5740	-212.7085	-218.3058	5.597373	0.01625462	0.005869778	0.01038484	0.005869778
5750	-210.1059	-215.3285	5.222634	0.01959083	0.001307287	0.01828355	0.001307287
5760	-210.0059	-215.5796	5.573703	0.01762334	0.00195939	0.01566395	0.00195939
5770	-211.1595	-217.3247	6.165223	0.02103915	0.006364522	0.01467463	0.006364522
5780	-210.3185	-215.5794	5.260874	0.01642874	0.001533455	0.01489529	0.001533455
5790	-209.9523	-215.8056	5.853279	0.01864394	0.002636658	0.01600728	0.002636658
5800	-212.4119	-218.7308	6.318827	0.02614279	0.008687843	0.01745494	0.008687843
5810	-212.1141	-217.9565	5.842432	0.01845876	0.006794846	0.01166392	0.006794846
5820	-211.2713	-217.572	6.300699	0.02489305	0.0047609	0.02013215	0.0047609
5830	-216.7455	-221.2618	4.516335	0.0105696	0.002870436	0.007699169	0.002870436
5840	-210.1806	-216.2148	6.03426	0.02171292	0.002951854	0.01876106	0.002951854
5850	-210.4229	-216.5249	6.101984	0.01957068	0.004378406	0.01519227	0.004378406
5860	-211.0087	-217.2847	6.276065	0.02421127	0.004505092	0.01970618	0.004505092
5870	-211.7555	-218.1139	6.358361	0.02574711	0.006155789	0.01959132	0.006155789
5880	-210.4776	-216.6576	6.180027	0.02268604	0.003736396	0.01894964	0.003736396
5890	-210.9736	-216.9401	5.966498	0.0179854	0.004748894	0.01323651	0.004748894
5900	-210.8583	-216.6197	5.761327	0.01626717	0.003262793	0.01300437	0.003262793
5910	-210.5934	-216.6073	6.013879	0.0184269	0.004289004	0.0141379	0.004289004
5920	-211.2368	-216.2314	4.994604	0.02296301	0.001074129	0.02188888	0.001074129
5930	-211.1886	-217.483	6.294415	0.02328982	0.006300729	0.0169891	0.006300729
5940	-210.1237	-216.168	6.044306	0.02137217	0.003039759	0.01833241	0.003039759
5950	-210.0987	-216.1794	6.080737	0.02084931	0.003346795	0.01750252	0.003346795
5960	-210.8037	-216.9067	6.103008	0.02382978	0.003156017	0.02067376	0.003156017
5970	-209.9514	-215.4036	5.452219	0.01931707	0.001603369	0.0177137	0.001603369
5980	-212.0193	-218.3197	6.300369	0.02497688	0.008129888	0.016847	0.008129888
5990	-213.2918	-219.2267	5.934939	0.02377336	0.01108764	0.01268573	0.01108764
6000	-211.8745	-217.8719	5.99741	0.02017666	0.007388691	0.01278797	0.007388691
6010	-212.6414	-218.6639	6.022439	0.02286252	0.009672713	0.01318981	0.009672713
6020	-210.0166	-215.8326	5.815994	0.02085433	0.002246177	0.01860815	0.002246177
6030	-209.9585	-215.7158	5.757348	0.02040676	0.002123533	0.01828323	0.002123533
6040	-210.4577	-215.8601	5.402381	0.02175933	0.001472452	0.02028688	0.001472452
6050	-210.5688	-216.5992	6.030456	0.02313594	0.002846035	0.0202899	0.002846035
6060	-210.8985	-217.0908	6.192275	0.02107804	0.005791977	0.01528606	0.005791977
6070	-210.1352	-215.4847	5.349501	0.02031511	0.001431864	0.01888324	0.001431864
6080	-213.2404	-219.5978	6.357467	0.02898143	0.005941626	0.02303981	0.005941626
6090	-212.4193	-218.7134	6.294142	0.02582503	0.008942758	0.01688227	0.008942758
6100	-210.3072	-216.058	5.750868	0.02198396	0.002043687	0.01994027	0.002043687
6110	-210.0683	-216.027	5.958683	0.01878735	0.003154555	0.0156328	0.003154555
6120	-210.6595	-216.9076	6.248086	0.02208894	0.005053792	0.01703515	0.005053792
6130	-210.2593	-216.4162	6.156869	0.02142866	0.00382001	0.01760865	0.00382001
6140	-211.4057	-217.5728	6.167115	0.0215619	0.006981115	0.01458078	0.006981115
6150	-212.8049	-218.9637	6.158776	0.02509783	0.01024399	0.01485384	0.01024399
6160	-210.3721	-216.5306	6.158476	0.02229125	0.003626777	0.01866447	0.003626777
6170	-210.5704	-216.5981	6.027711	0.01858616	0.004321844	0.01426432	0.004321844
6180	-212.3369	-217.7115	5.374542	0.01377986	0.002842988	0.01093687	0.002842988
6190	-210.1932	-216.2751	6.081849	0.01972522	0.003800927	0.01592429	0.003800927
6200	-210.8763	-215.0906	4.21423	0.01673789	0.0007071652	0.01603072	0.0007071652
6210	-209.9585	-215.9141	5.955568	0.01950845	0.002914678	0.01659378	0.002914678
6220	-213.2432	-219.6097	6.366548	0.02862833	0.008963811	0.01966452	0.008963811
6230	-210.1206	-216.1084	5.987845	0.02145871	0.002771324	0.01868738	0.002771324
6240	-211.5354	-217.827	6.29161	0.02380641	0.007163849	0.01664256	0.007163849
6250	-211.1091	-217.4246	6.315423	0.02405817	0.00540282	0.01865535	0.00540282
6260	-209.9908	-215.6884	5.697529	0.01785482	0.002244155	0.01561067	0.002244155
6270	-214.2414	-220.6211	6.379673	0.03079851	0.007719471	0.02307904	0.007719471
6280	-210.8881	-215.95	5.061946	0.02223215	0.001126875	0.02110527	0.001126875
6290	-211.7767	-215.8125	4.035753	0.0221225	0.0005969432	0.02152556	0.0005969432
6300	-211.071	-217.2141	6.143143	0.02054621	0.006065309	0.0144809	0.006065309
6310	-212.5231	-217.6452	5.122069	0.02569145	0.001199134	0.02449232	0.001199134
6320	-213.6447	-220.0243	6.379601	0.02962238	0.00872574	0.02089664	0.00872574
6330	-210.2597	-216.1189	5.859209	0.01758255	0.003031511	0.01455104	0.003031511
6340	-210.7355	-216.9961	6.260591	0.0223404	0.005214311	0.01712609	0.005214311
6350	-210.5536	-216.0078	5.454175	0.02217028	0.001535602	0.02063467	0.001535602
6360	-212.0531	-217.657	5.603885	0.01508377	0.003970817	0.01111295	0.003970817
6370	-211.3668	-217.5889	6.222105	0.0252409	0.003883512	0.02135738	0.003883512
6380	-211.9336	-217.8906	5.957034	0.01972666	0.007265648	0.01246102	0.007265648
6390	-211.092	-217.3826	6.290549	0.0243996	0.004684901	0.0197147	0.004684901
6400	-211.1565	-217.4322	6.275755	0.02287804	0.0063473	0.01653074	0.0063473
6410	-211.8279	-218.1681	6.34017	0.02617655	0.005347196	0.02082936	0.005347196
6420	-213.1064	-219.4932	6.386791	0.02868152	0.007404269	0.02127725	0.007404269
6430	-210.4096	-216.4181	6.008495	0.01848536	0.003925949	0.01455941	0.003925949
6440	-210.7063	-215.9276	5.221381	0.02209281	0.001269888	0.02082292	0.001269888
6450	-210.8483	-216.8539	6.005609	0.01837166	0.004750237	0.01362142	0.004750237
6460	-210.1579	-215.707	5.549118	0.02100528	0.001691558	0.01931373	0.001691558
6470	-211.2873	-217.5554	6.268129	0.02502559	0.004319175	0.02070642	0.004319175
6480	-210.7086	-216.7304	6.021789	0.02352255	0.002800981	0.02072157	0.002800981
6490	-209.9544	-215.9192	5.964797	0.01985408	0.002887007	0.01696708	0.002887007
6500	-213.9509	-220.2513	6.30047	0.02957841	0.01116258	0.01841583	0.01116258
6510	-210.6319	-216.6552	6.023284	0.01852526	0.004417078	0.01410819	0.004417078
6520	-210.3938	-216.5144	6.120607	0.02251783	0.003333808	0.01918402	0.003333808
6530	-210.2023	-215.2039	5.001534	0.01906974	0.001115276	0.01795447	0.001115276
6540	-210.7081	-216.6996	5.991472	0.01817084	0.004376097	0.01379474	0.004376097
6550	-210.5979	-215.4	4.802151	0.02056647	0.0009492305	0.01961724	0.0009492305
6560	-210.4333	-216.5893	6.155961	0.0225896	0.003562093	0.01902751	0.003562093
6570	-213.4706	-219.8266	6.356024	0.02938193	0.006003531	0.0233784	0.006003531
6580	-210.3022	-215.2033	4.901076	0.01729875	0.001089935	0.01620881	0.001089935
6590	-213.7087	-220.0469	6.338198	0.02973991	0.005702826	0.02403709	0.005702826
6600	-211.3295	-217.1717	5.842212	0.01686145	0.004544068	0.01231739	0.004544068
6610	-211.4749	-216.6845	5.209676	0.01421265	0.001829984	0.01238267	0.001829984
6620	-210.3436	-216.3171	5.973498	0.01823813	0.003646918	0.01459121	0.003646918
6630	-210.1302	-215.8406	5.710435	0.0173302	0.002396783	0.01493341	0.002396783
6640	-211.3669	-217.1142	5.747321	0.0246391	0.00202737	0.02261173	0.00202737
6650	-214.1768	-220.459	6.282198	0.03031626	0.004985163	0.0253311	0.004985163
6660	-210.1664	-216.2841	6.117729	0.02063598	0.003718313	0.01691767	0.003718313
6670	-210.649	-216.8897	6.240746	0.02305447	0.004288592	0.01876588	0.004288592
6680	-210.799	-217.0787	6.27972	0.0230019	0.005071834	0.01793007	0.005071834
6690	-209.9478	-215.9043	5.956499	0.01992257	0.002834337	0.01708824	0.002834337
6700	-210.2687	-216.2424	5.973636	0.01836206	0.003529926	0.01483213	0.003529926
6710	-210.9056	-216.605	5.699319	0.01592021	0.003015585	0.01290463	0.003015585
6720	-211.8608	-217.6581	5.797262	0.02566571	0.002156618	0.02350909	0.002156618
6730	-211.5716	-216.4431	4.871482	0.02346359	0.0009883964	0.02247519	0.0009883964
6740	-210.33	-215.4639	5.133915	0.0205397	0.001201593	0.0193381	0.001201593
6750	-213.0724	-219.1223	6.049819	0.02451825	0.01082121	0.01369704	0.01082121
6760	-211.4985	-217.7734	6.274924	0.02345451	0.007169247	0.01628527	0.007169247
6770	-210.7156	-216.8764	6.160785	0.02357543	0.003499976	0.02007545	0.003499976
6780	-214.2573	-219.487	5.229635	0.01674611	0.007958032	0.008788073	0.007958032
6790	-211.0797	-217.2125	6.132727	0.02453858	0.003299971	0.02123861	0.003299971
6800	-210.8897	-217.1159	6.226147	0.02164531	0.005797069	0.01584824	0.005797069
6810	-210.0499	-215.6661	5.616193	0.01744621	0.002087842	0.01535837	0.002087842
6820	-211.3285	-217.389	6.060565	0.01977895	0.006287363	0.01349159	0.006287363
6830	-210.0902	-216.1338	6.043511	0.02113907	0.003067764	0.0180713	0.003067764
6840	-210.1781	-216.0696	5.891484	0.02169984	0.002415641	0.0192842	0.002415641
6850	-210.3487	-215.6372	5.288566	0.02108937	0.001347814	0.01974155	0.001347814
6860	-211.1089	-217.0669	5.958085	0.01799975	0.004987172	0.01301257	0.004987172
6870	-209.9622	-215.8273	5.865153	0.02052725	0.002412315	0.01811493	0.002412315
6880	-210.7062	-216.9192	6.212958	0.02128871	0.005325562	0.01596315	0.005325562
6890	-210.6885	-216.9448	6.256272	0.02229221	0.005073566	0.01721864	0.005073566
6900	-211.8817	-218.2108	6.329127	0.0263337	0.005114151	0.02121955	0.005114151
6910	-210.1916	-216.262	6.070411	0.0216941	0.003137557	0.01855655	0.003137557
6920	-210.3068	-216.3567	6.049936	0.0190582	0.003928242	0.01512996	0.003928242
6930	-209.9066	-215.4352	5.52858	0.0187112	0.001762744	0.01694846	0.001762744
6940	-216.2015	-222.0497	5.848246	0.03152559	0.0177097	0.0138159	0.0177097
6950	-210.8301	-214.9762	4.146085	0.01798347	0.00065831	0.01732516	0.00065831
6960	-210.3218	-216.5018	6.179987	0.02148791	0.004060323	0.01742758	0.004060323
6970	-210.126	-215.2631	5.137143	0.01766575	0.00129061	0.01637514	0.00129061
6980	-210.2114	-216.0855	5.874056	0.02181541	0.002358663	0.01945675	0.002358663
6990	-210.6976	-216.8814	6.183823	0.02077476	0.005278312	0.01549644	0.005278312
7000	-210.5782	-216.6365	6.058277	0.02317758	0.002964222	0.02021336	0.002964222
7010	-213.112	-219.3347	6.222715	0.02668815	0.01065854	0.01602961	0.01065854
7020	-211.8094	-218.059	6.249667	0.02373873	0.007946875	0.01579185	0.007946875
7030	-209.8814	-215.6824	5.800963	0.01949344	0.002318088	0.01717535	0.002318088
7040	-211.6617	-214.9215	3.259833	0.01699151	0.0004230839	0.01656843	0.0004230839
7050	-210.4638	-216.6481	6.184235	0.02085901	0.00466725	0.01619176	0.00466725
7060	-211.3113	-217.6237	6.312418	0.02494571	0.004955809	0.0199899	0.004955809
7070	-210.8198	-215.4996	4.679807	0.02102089	0.0008733496	0.02014754	0.0008733496
7080	-211.238	-217.5561	6.318058	0.02390141	0.006113114	0.0177883	0.006113114
7090	-214.3516	-219.8354	5.483747	0.02188102	0.01182338	0.01005765	0.01182338
7100	-210.4208	-215.4309	5.010088	0.01638021	0.00123554	0.01514466	0.00123554
7110	-211.4724	-217.455	5.982512	0.01892379	0.006115047	0.01280875	0.006115047
7120	-210.872	-217.1021	6.230057	0.0216992	0.005748901	0.0159503	0.005748901
7130	-214.0603	-220.3901	6.329734	0.03008072	0.01071917	0.01936156	0.01071917
7140	-211.0202	-217.3238	6.303657	0.02394634	0.005095859	0.01885048	0.005095859
7150	-213.2349	-218.4355	5.200571	0.01290256	0.002833682	0.01006888	0.002833682
7160	-214.0345	-219.9978	5.963316	0.02638897	0.0129805	0.01340848	0.0129805
7170	-210.7821	-215.026	4.243954	0.01883292	0.0006858476	0.01814707	0.0006858476
7180	-210.7681	-215.4767	4.708621	0.02092403	0.0008902187	0.02003381	0.0008902187
7190	-209.9296	-215.3882	5.458597	0.01866008	0.001648868	0.01701121	0.001648868
7200	-211.4373	-217.7775	6.340125	0.02500558	0.005703874	0.0193017	0.005703874
7210	-212.4019	-218.3971	5.995166	0.02174064	0.008901093	0.01283954	0.008901093
7220	-210.701	-216.7934	6.092327	0.02354482	0.003111318	0.02043351	0.003111318
7230	-212.5154	-218.1826	5.667179	0.01682335	0.006118626	0.01070472	0.006118626
7240	-210.4315	-216.5614	6.12992	0.01996367	0.004495033	0.01546863	0.004495033
7250	-210.6446	-216.8926	6.247956	0.02292747	0.00442983	0.01849764	0.00442983
7260	-209.8931	-215.5257	5.63259	0.0185784	0.001981102	0.0165973	0.001981102
7270	-210.0257	-215.5715	5.545828	0.01750963	0.001912773	0.01559686	0.001912773
7280	-211.7468	-217.4077	5.660879	0.01540797	0.003877586	0.01153039	0.003877586
7290	-210.4458	-216.6315	6.185707	0.02091907	0.004612881	0.01630619	0.004612881
7300	-210.8927	-217.1559	6.263226	0.02388768	0.004391204	0.01949648	0.004391204
7310	-211.3326	-215.185	3.852434	0.02012575	0.0005450256	0.01958072	0.0005450256
7320	-213.5072	-219.3106	5.80332	0.02282981	0.01111658	0.01171323	0.01111658
7330	-210.0374	-215.9289	5.891474	0.02102873	0.002456193	0.01857254	0.002456193
7340	-211.1468	-216.5143	5.367587	0.02350118	0.00142621	0.02207497	0.00142621
7350	-210.9044	-217.1842	6.279797	0.02276222	0.005603569	0.01715865	0.005603569
7360	-212.9136	-219.2483	6.334663	0.02751021	0.009273801	0.01823641	0.009273801
7370	-210.1135	-216.1584	6.044965	0.02130249	0.003052357	0.01825013	0.003052357
7380	-213.8707	-220.2423	6.371536	0.0300134	0.009279003	0.0207344	0.009279003
7390	-210.0558	-215.5888	5.532985	0.01735885	0.001904799	0.01545405	0.001904799
7400	-210.1157	-215.2844	5.168739	0.01761049	0.001327594	0.0162829	0.001327594
7410	-210.2285	-215.6821	5.453629	0.01667628	0.001834249	0.01484203	0.001834249
7420	-211.0769	-216.868	5.791132	0.01634246	0.003718326	0.01262414	0.003718326
7430	-212.5117	-217.8954	5.383618	0.01376839	0.003073896	0.0106945	0.003073896
7440	-211.3544	-217.5008	6.14635	0.02113254	0.006787442	0.0143451	0.006787442
7450	-213.0459	-219.3642	6.318279	0.0276246	0.009714556	0.01791005	0.009714556
7460	-210.9748	-216.0946	5.119791	0.01492782	0.0015152	0.01341262	0.0015152
7470	-210.4768	-215.9732	5.496388	0.01605931	0.002047528	0.01401178	0.002047528
7480	-211.6747	-217.5221	5.847367	0.01739238	0.005448963	0.01194342	0.005448963
7490	-212.74	-218.5571	5.817031	0.02025376	0.008742177	0.01151158	0.008742177
7500	-210.2252	-216.2771	6.051888	0.0192403	0.003776383	0.01546391	0.003776383
7510	-210.4419	-216.5402	6.098296	0.01950582	0.004404971	0.01510085	0.004404971
7520	-209.8971	-215.7582	5.861115	0.01965118	0.0024928	0.01715837	0.0024928
7530	-213.9728	-220.1495	6.17672	0.02972833	0.003912814	0.02581552	0.003912814
7540	-210.5134	-216.6545	6.141162	0.02293614	0.003421909	0.01951423	0.003421909
7550	-209.9989	-215.9591	5.960197	0.01916659	0.003030827	0.01613576	0.003030827
7560	-211.1897	-215.3806	4.190852	0.02079164	0.0006523808	0.02013926	0.0006523808
7570	-211.0409	-217.3454	6.304496	0.0240392	0.00507052	0.01896868	0.00507052
7580	-212.2868	-218.182	5.895231	0.02657119	0.002435266	0.02413592	0.002435266
7590	-211.8306	-217.4514	5.620734	0.0151285	0.003713353	0.01141515	0.003713353
7600	-210.0649	-215.8465	5.781619	0.01777683	0.002552686	0.01522414	0.002552686
7610	-209.9193	-215.8321	5.912739	0.01969292	0.00268202	0.0170109	0.00268202
7620	-213.053	-218.7837	5.730692	0.02011258	0.009093984	0.0110186	0.009093984
7630	-210.56	-215.0458	4.485825	0.01773577	0.0008113	0.01692447	0.0008113
7640	-216.9589	-223.2338	6.27492	0.03570054	0.0132086	0.02249194	0.0132086
7650	-212.9913	-218.3271	5.335832	0.01354587	0.003401699	0.01014417	0.003401699
7660	-210.4908	-216.0502	5.559365	0.02220403	0.001686845	0.02051718	0.001686845
7670	-210.874	-216.9502	6.076255	0.01930534	0.005250199	0.01405514	0.005250199
7680	-213.4044	-219.395	5.990606	0.02480114	0.01152282	0.01327832	0.01152282
7690	-210.2379	-216.1319	5.894008	0.02193756	0.002412378	0.01952519	0.002412378
7700	-210.1465	-215.7292	5.582648	0.02103712	0.001745476	0.01929164	0.001745476
7710	-213.9287	-220.119	6.190259	0.02846816	0.01226812	0.01620004	0.01226812
7720	-210.2085	-215.4358	5.227323	0.01688883	0.001445433	0.0154434	0.001445433
7730	-210.2874	-216.1674	5.880054	0.02210289	0.002364746	0.01973814	0.002364746
7740	-210.2289	-215.7958	5.566864	0.01675945	0.002082925	0.01467653	0.002082925
7750	-210.9814	-215.0302	4.048797	0.01911833	0.000611787	0.01850655	0.000611787
7760	-215.4554	-221.8053	6.349951	0.03265586	0.007453974	0.02520189	0.007453974
7770	-212.1398	-218.504	6.364116	0.02679094	0.005970905	0.02082004	0.005970905
7780	-212.027	-217.9016	5.874614	0.01870819	0.006829732	0.01187845	0.006829732
7790	-209.8926	-215.4693	5.576682	0.01888614	0.001838745	0.01704739	0.001838745
7800	-212.5372	-218.6735	6.136304	0.02739421	0.003418486	0.02397572	0.003418486
7810	-211.4893	-217.5003	6.010988	0.01938577	0.006382078	0.01300369	0.006382078
7820	-212.1179	-218.1385	6.020629	0.02123969	0.008233837	0.01300585	0.008233837
7830	-211.4105	-217.3699	5.959437	0.01846192	0.005754716	0.01270721	0.005754716
7840	-211.5786	-217.8693	6.2907	0.02570041	0.004556354	0.02114405	0.004556354
7850	-214.6071	-220.2204	5.613278	0.02439901	0.01344884	0.01095017	0.01344884
7860	-211.8537	-218.2151	6.361428	0.02603556	0.006120421	0.01991514	0.006120421
7870	-210.1857	-215.1919	5.006195	0.01785345	0.001156415	0.01669704	0.001156415
7880	-210.1429	-216.2455	6.102674	0.02041108	0.003662435	0.01674864	0.003662435
7890	-210.3156	-216.482	6.166397	0.02088214	0.004210321	0.01667182	0.004210321
7900	-211.2086	-217.5311	6.32249	0.02406778	0.005848329	0.01821945	0.005848329
7910	-210.3573	-216.2992	5.941859	0.01795611	0.003518618	0.01443749	0.003518618
7920	-210.1328	-216.153	6.020239	0.02148441	0.00290971	0.0185747	0.00290971
7930	-212.033	-217.266	5.233045	0.01365055	0.002120718	0.01152983	0.002120718
7940	-210.6628	-216.9037	6.240861	0.02188445	0.005125936	0.01675851	0.005125936
7950	-210.1503	-216.1259	5.975602	0.01865299	0.003350486	0.01530251	0.003350486
7960	-210.2641	-216.2367	5.972613	0.02209319	0.002666998	0.01942619	0.002666998
7970	-211.784	-217.6993	5.915364	0.02571445	0.002463572	0.02325088	0.002463572
7980	-216.3176	-221.2214	4.903817	0.02324295	0.01497017	0.008272782	0.01497017
7990	-212.8887	-218.6197	5.731082	0.01945614	0.008476	0.01098014	0.008476
8000	-213.4711	-219.8046	6.333507	0.02878139	0.01002766	0.01875373	0.01002766
8010	-210.0528	-215.6053	5.552488	0.01738009	0.001944638	0.01543546	0.001944638
8020	-210.1194	-216.2123	6.092931	0.02040811	0.003572538	0.01683557	0.003572538
8030	-211.5153	-216.1603	4.64497	0.01422434	0.001072863	0.01315148	0.001072863
8040	-210.8288	-216.6041	5.77534	0.02349714	0.002079588	0.02141755	0.002079588
8050	-209.9396	-215.7432	5.803584	0.01848206	0.002476686	0.01600537	0.002476686
8060	-209.9283	-215.4335	5.50516	0.01831515	0.00175134	0.01656381	0.00175134
8070	-210.4756	-216.6171	6.141523	0.02010727	0.004633201	0.01547407	0.004633201
8080	-209.896	-215.5934	5.697464	0.01855918	0.002139726	0.01641946	0.002139726
8090	-210.08	-215.6394	5.559358	0.02066713	0.001717652	0.01894948	0.001717652
8100	-210.5729	-216.7708	6.197821	0.02101917	0.004970089	0.01604908	0.004970089
8110	-210.3172	-216.4891	6.171888	0.02178391	0.003860871	0.01792304	0.003860871
8120	-211.6289	-217.9436	6.314632	0.02438611	0.007182507	0.01720361	0.007182507
8130	-213.7932	-220.0735	6.280307	0.02901518	0.01125161	0.01776357	0.01125161
8140	-212.3843	-218.5186	6.13433	0.02361159	0.009299765	0.01431182	0.009299765
8150	-212.6525	-219.0356	6.38309	0.02773458	0.007120093	0.02061449	0.007120093
8160	-210.5708	-216.0049	5.434068	0.01579916	0.001949261	0.0138499	0.001949261
8170	-210.8591	-216.7269	5.867777	0.02371385	0.002303331	0.02141052	0.002303331
8180	-215.1356	-221.0292	5.893601	0.02890999	0.0154264	0.01348359	0.0154264
8190	-210.8823	-216.9703	6.088035	0.01947793	0.005336539	0.01414139	0.005336539
8200	-212.1957	-218.4629	6.267242	0.02491736	0.008690686	0.01622668	0.008690686
8210	-210.4741	-215.7975	5.323373	0.01596583	0.001691049	0.01427478	0.001691049
8220	-211.3257	-217.6589	6.333234	0.02449303	0.005900343	0.01859269	0.005900343
8230	-210.0972	-215.9076	5.810403	0.02125776	0.002209944	0.01904782	0.002209944
8240	-210.2804	-216.4435	6.163074	0.02155713	0.00384123	0.0177159	0.00384123
8250	-210.3958	-216.5535	6.15769	0.0204618	0.004466814	0.01599499	0.004466814
8260	-211.0431	-215.6052	4.562084	0.02141909	0.0008095631	0.02060953	0.0008095631
8270	-210.0218	-215.7953	5.773429	0.01792015	0.002484754	0.01543539	0.002484754
8280	-210.8008	-217.0543	6.253487	0.02212428	0.005490248	0.01663403	0.005490248
8290	-211.1742	-217.2047	6.03047	0.01905491	0.005684914	0.01337	0.005684914
8300	-212.3437	-218.6104	6.266698	0.02527308	0.008985669	0.01628741	0.008985669
8310	-210.6796	-216.6574	5.977858	0.01802907	0.004239312	0.01378975	0.004239312
8320	-210.6025	-215.151	4.548531	0.01686131	0.0008670796	0.01599423	0.0008670796
8330	-210.1316	-215.2201	5.088544	0.0179381	0.00122896	0.01670914	0.00122896
8340	-209.9298	-215.5085	5.578751	0.01970035	0.001790915	0.01790943	0.001790915
8350	-212.7349	-219.0808	6.345921	0.02805141	0.005518234	0.02253318	0.005518234
8360	-210.0252	-215.9534	5.928145	0.01873002	0.002981504	0.01574852	0.002981504
8370	-210.2646	-216.3334	6.068807	0.01936015	0.003918017	0.01544213	0.003918017
8380	-210.8759	-217.0952	6.219283	0.02151051	0.005763274	0.01574724	0.005763274
8390	-211.0049	-215.2709	4.265996	0.02033163	0.0006828682	0.01964876	0.0006828682
8400	-212.0888	-218.3819	6.293099	0.02502913	0.008322544	0.01670659	0.008322544
8410	-213.2053	-219.5179	6.31258	0.02883745	0.005079631	0.02375782	0.005079631
8420	-209.9498	-215.676	5.726224	0.01815478	0.002278898	0.01587589	0.002278898
8430	-210.0372	-215.5622	5.524991	0.01744765	0.001876535	0.01557112	0.001876535
8440	-212.3809	-218.017	5.636086	0.01590885	0.005172352	0.0107365	0.005172352
8450	-210.278	-215.3517	5.073713	0.01686027	0.001269463	0.0155908	0.001269463
8460	-212.8402	-218.4181	5.57795	0.01640116	0.006149787	0.01025138	0.006149787
8470	-210.687	-216.7345	6.047538	0.02348356	0.002907343	0.02057621	0.002907343
8480	-210.905	-216.627	5.722023	0.01602598	0.003120871	0.01290511	0.003120871
8490	-214.6809	-219.7116	5.030737	0.01269645	0.004110689	0.008585765	0.004110689
8500	-211.4937	-217.5462	6.052559	0.02002225	0.006679806	0.01334244	0.006679806
8510	-210.6441	-216.7769	6.132775	0.01995368	0.004997184	0.01495649	0.004997184
8520	-210.2169	-216.2266	6.009687	0.01880056	0.003597305	0.01520325	0.003597305
8530	-210.8578	-216.5518	5.694073	0.01594497	0.002945782	0.01299918	0.002945782
8540	-211.8924	-218.1339	6.24149	0.02381521	0.008148884	0.01566633	0.008148884
8550	-211.6356	-217.8336	6.198062	0.02255756	0.00759395	0.01496361	0.00759395
8560	-211.1172	-217.119	6.001838	0.02449403	0.002720287	0.02177375	0.002720287
8570	-210.283	-215.3422	5.059201	0.01687027	0.001253954	0.01561632	0.001253954
8580	-213.764	-219.6893	5.925304	0.02514478	0.01227495	0.01286983	0.01227495
8590	-211.328	-216.6531	5.32505	0.01450358	0.002031134	0.01247245	0.002031134
8600	-210.5563	-216.6903	6.133952	0.02309366	0.003363607	0.01973005	0.003363607
8610	-209.9898	-215.8334	5.843632	0.01836841	0.002660719	0.01570769	0.002660719
8620	-210.4115	-216.0978	5.686319	0.01656704	0.002540165	0.01402688	0.002540165
8630	-209.9186	-215.6251	5.706448	0.01834082	0.002192823	0.016148	0.002192823
8640	-210.1901	-216.3213	6.131171	0.02092783	0.003738369	0.01718946	0.003738369
8650	-210.2293	-215.2697	5.040358	0.01723779	0.001215028	0.01602277	0.001215028
8660	-210.8879	-217.0781	6.190254	0.02405176	0.003676455	0.02037531	0.003676455
8670	-212.222	-215.0083	2.786326	0.01957711	0.0003284609	0.01924865	0.0003284609
8680	-210.5109	-216.1614	5.65045	0.01628037	0.002496802	0.01378357	0.002496802
8690	-213.7552	-219.5832	5.827951	0.02397743	0.01194544	0.01203199	0.01194544
8700	-212.9195	-219.1004	6.18091	0.02810774	0.003745352	0.02436239	0.003745352
8710	-210.1446	-216.1885	6.043977	0.01938329	0.003583571	0.01579972	0.003583571
8720	-213.3094	-218.7528	5.443428	0.01572109	0.006059742	0.009661346	0.006059742
8730	-213.8178	-220.2013	6.38351	0.03005097	0.007479638	0.02257133	0.007479638
8740	-210.9268	-216.8855	5.958727	0.01786886	0.004595289	0.01327357	0.004595289
8750	-210.4154	-216.5554	6.139958	0.02256205	0.003453234	0.01910882	0.003453234
8760	-212.2393	-218.5992	6.359996	0.02639608	0.007671247	0.01872483	0.007671247
8770	-211.8114	-218.1541	6.342654	0.02524879	0.007180762	0.01806803	0.007180762
8780	-211.6563	-217.9818	6.325515	0.02463635	0.007113222	0.01752312	0.007113222
8790	-210.6663	-216.2332	5.566865	0.015816	0.002340613	0.01347539	0.002340613
8800	-210.7157	-216.7728	6.057059	0.01894461	0.004784125	0.01416049	0.004784125
8810	-210.7211	-215.2862	4.565089	0.02023122	0.0008172425	0.01941397	0.0008172425
8820	-210.7844	-215.8889	5.104508	0.01530031	0.001442729	0.01385758	0.001442729
8830	-215.3565	-220.2346	4.878103	0.01354548	0.005726655	0.007818829	0.005726655
8840	-211.1473	-217.4361	6.288845	0.02312489	0.006237835	0.01688705	0.006237835
8850	-210.5369	-216.4002	5.863338	0.01717177	0.003383562	0.01378821	0.003383562
8860	-210.5251	-216.4837	5.958654	0.01791347	0.003861728	0.01405174	0.003861728
8870	-212.2318	-218.4191	6.187301	0.02391356	0.00896812	0.01494544	0.00896812
8880	-210.4954	-215.9906	5.49522	0.01601831	0.002054121	0.01396419	0.002054121
8890	-210.6375	-216.666	6.028436	0.01858398	0.004457688	0.01412629	0.004457688
8900	-210.7916	-216.9928	6.201213	0.02112469	0.005539685	0.01558501	0.005539685
8910	-211.1789	-217.3409	6.16199	0.02478838	0.003467413	0.02132097	0.003467413
8920	-210.5055	-216.7187	6.213135	0.02258308	0.004078786	0.01850429	0.004078786
8930	-209.9858	-215.5648	5.579015	0.02017094	0.001769059	0.01840188	0.001769059
8940	-211.9454	-218.2542	6.308772	0.02493999	0.00791053	0.01702946	0.00791053
8950	-212.2611	-217.8856	5.624459	0.01551381	0.004659896	0.01085392	0.004659896
8960	-211.3268	-217.1232	5.796385	0.0164051	0.004171727	0.01223337	0.004171727
8970	-210.5902	-215.7054	5.115269	0.0157436	0.001406709	0.01433689	0.001406709
8980	-209.9511	-215.8439	5.892721	0.02041446	0.002513405	0.01790106	0.002513405
8990	-215.8197	-220.5407	4.720964	0.02973229	0.0009687915	0.0287635	0.0009687915
9000	-210.6404	-216.5478	5.907424	0.01740025	0.003760304	0.01363995	0.003760304
9010	-212.5719	-218.9519	6.379991	0.02745753	0.007420793	0.02003674	0.007420793
9020	-212.0311	-218.0671	6.036021	0.0212107	0.00807365	0.01313705	0.00807365
9030	-212.4976	-218.2772	5.779588	0.01873825	0.007498859	0.0112394	0.007498859
9040	-210.7865	-217.0568	6.270324	0.02257316	0.005287687	0.01728547	0.005287687
9050	-210.9716	-217.2326	6.26102	0.02237622	0.005934799	0.01644142	0.005934799
9060	-211.8787	-218.1934	6.314697	0.02489	0.00771821	0.01717179	0.00771821
9070	-212.6617	-219.0009	6.339216	0.02791095	0.005369982	0.02254097	0.005369982
9080	-211.045	-217.264	6.219073	0.02171546	0.00618503	0.01553042	0.00618503
9090	-211.041	-217.1844	6.143366	0.02445105	0.003360617	0.02109044	0.003360617
9100	-210.8749	-217.1643	6.289387	0.0231822	0.005242422	0.01793977	0.005242422
9110	-210.4231	-216.5867	6.163612	0.02251407	0.003630778	0.01888329	0.003630778
9120	-212.9271	-219.098	6.170895	0.02558145	0.01048106	0.01510039	0.01048106
9130	-211.5945	-217.6512	6.056654	0.02032837	0.006980469	0.0133479	0.006980469
9140	-210.5158	-216.7373	6.221534	0.02164793	0.004714431	0.0169335	0.004714431
9150	-213.5353	-219.8983	6.36303	0.02922302	0.009367398	0.01985562	0.009367398
9160	-211.4253	-217.7653	6.340022	0.02493938	0.005754278	0.0191851	0.005754278
9170	-211.7526	-217.5911	5.838473	0.02553386	0.002251672	0.02328219	0.002251672
9180	-214.1714	-220.4887	6.317284	0.03042164	0.00551472	0.02490692	0.00551472
9190	-211.0634	-217.3475	6.284075	0.02434563	0.00459586	0.01974977	0.00459586
9200	-211.4913	-217.4109	5.919609	0.018051	0.005627552	0.01242345	0.005627552
9210	-212.1114	-218.0113	5.899854	0.01937413	0.007345526	0.01202861	0.007345526
9220	-210.0164	-215.8389	5.822487	0.01813933	0.002627933	0.0155114	0.002627933
9230	-210.46	-215.5387	5.078759	0.02090905	0.001148676	0.01976038	0.001148676
9240	-211.5767	-216.7545	5.177759	0.02405888	0.001232065	0.02282682	0.001232065
9250	-212.3754	-218.5455	6.17014	0.02717073	0.003598179	0.02357255	0.003598179
9260	-210.122	-216.2185	6.096533	0.02051677	0.003564827	0.01695195	0.003564827
9270	-209.9837	-215.9534	5.969748	0.0194046	0.00301776	0.01638683	0.00301776
9280	-213.3555	-219.6782	6.322754	0.02911226	0.00528397	0.02382829	0.00528397
9290	-210.0639	-216.0782	6.014279	0.02106162	0.002930975	0.01813064	0.002930975
9300	-211.3636	-217.5519	6.188324	0.0252221	0.003635957	0.02158614	0.003635957
9310	-210.2168	-216.3563	6.139464	0.02130289	0.003692193	0.01761069	0.003692193
9320	-211.7147	-217.7704	6.055728	0.02062319	0.007305196	0.01331799	0.007305196
9330	-210.4731	-215.0977	4.62465	0.01890776	0.0008638978	0.01804386	0.0008638978
9340	-210.2092	-215.4981	5.288882	0.02049105	0.001357935	0.01913311	0.001357935
9350	-210.049	-215.9525	5.903483	0.01844814	0.002934963	0.01551318	0.002934963
9360	-210.8552	-217.0404	6.1852	0.02091522	0.005670682	0.01524454	0.005670682
9370	-212.7358	-218.8827	6.146926	0.02475796	0.01010379	0.01465417	0.01010379
9380	-209.881	-215.5175	5.636544	0.018945	0.001955648	0.01698936	0.001955648
9390	-210.8425	-217.0991	6.256617	0.02220139	0.005596593	0.0166048	0.005596593
9400	-212.8146	-219.0697	6.255118	0.02630666	0.009936476	0.01637018	0.009936476
9410	-210.381	-216.2537	5.872764	0.01743881	0.003232614	0.01420619	0.003232614
9420	-210.4725	-216.0002	5.52779	0.02208314	0.001640002	0.02044314	0.001640002
9430	-211.31	-217.4208	6.110812	0.02049717	0.00652262	0.01397455	0.00652262
9440	-210.4617	-216.6242	6.162502	0.02046031	0.004646517	0.0158138	0.004646517
9450	-211.6696	-215.9766	4.307038	0.01427857	0.000840821	0.01343775	0.000840821
9460	-211.8491	-217.4605	5.611447	0.02533731	0.001786213	0.0235511	0.001786213
9470	-210.4702	-215.5695	5.099252	0.02100988	0.001165178	0.01984471	0.001165178
9480	-209.9083	-215.7985	5.890204	0.01955582	0.002613735	0.01694208	0.002613735
9490	-210.7895	-216.9691	6.179549	0.02076256	0.005496278	0.01526629	0.005496278
9500	-210.9288	-216.0371	5.108245	0.02244557	0.00116524	0.02128033	0.00116524
9510	-210.4261	-215.3436	4.917468	0.02020794	0.001030803	0.01917713	0.001030803
9520	-210.295	-216.3326	6.037636	0.0189394	0.003854199	0.01508521	0.003854199
9530	-210.1166	-216.1513	6.034727	0.02135681	0.002993299	0.01836351	0.002993299
9540	-211.9074	-218.1148	6.20748	0.02636115	0.003797534	0.02256362	0.003797534
9550	-211.4328	-217.3067	5.873888	0.02497443	0.002330602	0.02264383	0.002330602
9560	-212.0444	-217.6481	5.60366	0.01507687	0.003952308	0.01112457	0.003952308
9570	-209.9713	-215.762	5.790734	0.02054317	0.002198836	0.01834434	0.002198836
9580	-210.1064	-215.5472	5.440868	0.01713454	0.001750035	0.0153845	0.001750035
9590	-211.7233	-218.0304	6.307127	0.02444251	0.007462082	0.01698043	0.007462082
9600	-210.5023	-215.7673	5.265063	0.02157248	0.001317439	0.02025504	0.001317439
9610	-210.8355	-217.0598	6.224265	0.02156384	0.005658991	0.01590485	0.005658991
9620	-210.1856	-215.9195	5.733854	0.01723242	0.002513065	0.01471935	0.002513065
9630	-210.042	-215.5413	5.499311	0.02028337	0.001635432	0.01864793	0.001635432
9640	-210.8016	-216.1653	5.363683	0.02266334	0.001420559	0.02124278	0.001420559
9650	-212.2327	-218.3578	6.125096	0.02684979	0.00332322	0.02352657	0.00332322
9660	-211.4467	-217.4562	6.009544	0.01926905	0.006253374	0.01301567	0.006253374
9670	-214.5472	-219.0065	4.459338	0.01121452	0.001402913	0.009811612	0.001402913
9680	-211.8796	-214.8617	2.982151	0.01819665	0.0003637082	0.01783294	0.0003637082
9690	-210.9327	-217.2273	6.294572	0.02323711	0.005432054	0.01780506	0.005432054
9700	-212.603	-218.3999	5.796892	0.02692985	0.002196555	0.0247333	0.002196555
9710	-210.1457	-215.5964	5.450666	0.01696886	0.001788407	0.01518045	0.001788407
9720	-213.247	-219.5939	6.34688	0.02897554	0.005695224	0.02328031	0.005695224
9730	-212.2337	-218.0524	5.81875	0.01845866	0.006959622	0.01149904	0.006959622
9740	-212.0397	-216.089	4.049274	0.02278999	0.0006018398	0.02218815	0.0006018398
9750	-210.0778	-216.133	6.055203	0.02094362	0.003165037	0.01777858	0.003165037
9760	-213.2248	-219.1106	5.885844	0.02293128	0.01070442	0.01222686	0.01070442
9770	-210.4244	-216.4424	6.017948	0.02267967	0.00281298	0.01986669	0.00281298
9780	-211.3747	-217.3952	6.0205	0.01927896	0.006138096	0.01314086	0.006138096
9790	-209.9646	-215.9207	5.95616	0.02035627	0.002763507	0.01759276	0.002763507
9800	-211.3932	-217.0894	5.696138	0.01563133	0.003572521	0.01205881	0.003572521
9810	-212.2705	-218.1166	5.846085	0.02646264	0.002299202	0.02416344	0.002299202
9820	-210.2228	-216.1436	5.920869	0.02190316	0.002497897	0.01940526	0.002497897
9830	-210.1089	-215.4306	5.32173	0.01723502	0.001546382	0.01568863	0.001546382
9840	-210.0006	-215.3072	5.306634	0.01830062	0.001454064	0.01684655	0.001454064
9850	-211.0816	-217.3379	6.256262	0.02241405	0.006235736	0.01617831	0.006235736
9860	-210.3791	-216.5486	6.169524	0.02225852	0.003723688	0.01853483	0.003723688
9870	-212.3038	-215.5074	3.203625	0.0213938	0.0003936442	0.02100015	0.0003936442
9880	-209.9566	-215.4155	5.458936	0.01942898	0.001608215	0.01782076	0.001608215
9890	-211.2583	-217.2779	6.019609	0.01904234	0.005823186	0.01321915	0.005823186
9900	-219.0302	-225.204	6.173766	0.03942228	0.01616145	0.02326083	0.01616145
9910	-213.3282	-219.7144	6.386184	0.02907069	0.007954761	0.02111593	0.007954761
9920	-210.0528	-216.1086	6.055815	0.0204242	0.003280959	0.01714324	0.003280959
9930	-210.424	-216.6327	6.208649	0.02192437	0.004254939	0.01766943	0.004254939
9940	-209.8998	-215.4579	5.558088	0.01868095	0.001819134	0.01686182	0.001819134
9950	-214.2884	-220.6232	6.33473	0.03062124	0.0107823	0.01983894	0.0107823
9960	-212.6956	-217.3728	4.677192	0.02524164	0.0008814648	0.02436017	0.0008814648
9970	-210.5349	-216.6559	6.120969	0.01977725	0.004700784	0.01507647	0.004700784
9980	-211.4319	-217.7675	6.33564	0.02455303	0.00630912	0.01824391	0.00630912
9990	-211.6008	-215.8103	4.209537	0.02208918	0.0006570575	0.02143212	0.0006570575
10000	-210.002	-215.3167	5.314699	0.0181831	0.00147092	0.01671218	0.00147092
