Iteration	Posterior	Likelihood	Prior	birth_rate	death_rate	diversification	turnover
0	-219.3984	-225.639	6.240609	0.03888265	0.01153752	0.02734513	0.01153752
10	-210.1115	-216.1579	6.04644	0.02128295	0.00306276	0.0182202	0.00306276
20	-212.9997	-219.2266	6.226902	0.02644468	0.01043142	0.01601326	0.01043142
30	-215.8772	-222.2137	6.336523	0.03372495	0.01084735	0.0228776	0.01084735
40	-217.2884	-221.4629	4.174543	0.009728292	0.001724074	0.008004218	0.001724074
50	-217.3213	-223.5408	6.219556	0.03640943	0.01505977	0.02134966	0.01505977
60	-212.7765	-219.1515	6.375017	0.02811202	0.006359404	0.02175262	0.006359404
70	-212.4635	-218.6571	6.193618	0.02461477	0.009468653	0.01514612	0.009468653
80	-217.1712	-221.3938	4.222601	0.01452386	0.008194218	0.006329646	0.008194218
90	-221.2504	-226.8604	5.61009	0.04346758	0.02808814	0.01537943	0.02808814
100	-215.1527	-221.4536	6.300918	0.03227285	0.01219468	0.02007817	0.01219468
110	-218.0491	-224.3339	6.284894	0.03631231	0.008432349	0.02787996	0.008432349
120	-244.2161	-247.6796	3.463574	0.1136643	0.1016822	0.01198212	0.1016822
130	-221.375	-227.4665	6.091424	0.04314931	0.01752065	0.02562866	0.01752065
140	-224.484	-230.5449	6.060913	0.04394776	0.01021692	0.03373084	0.01021692
150	-210.6959	-216.949	6.253126	0.0231447	0.00443452	0.01871018	0.00443452
160	-214.1172	-220.4986	6.381377	0.03058415	0.007702741	0.02288141	0.007702741
170	-212.5251	-218.7586	6.233546	0.02529519	0.009492652	0.01580254	0.009492652
180	-213.9311	-220.3141	6.382947	0.03023198	0.008478448	0.02175354	0.008478448
190	-219.9581	-225.7152	5.757085	0.04085263	0.02484329	0.01600934	0.02484329
200	-210.5046	-216.7082	6.203508	0.02267078	0.003954781	0.018716	0.003954781
210	-232.6592	-238.0715	5.412274	0.06412161	0.0345201	0.02960151	0.0345201
220	-214.6384	-220.5125	5.874094	0.03001854	0.00257863	0.02743991	0.00257863
230	-219.0219	-225.0298	6.007965	0.03569608	0.003943466	0.03175262	0.003943466
240	-222.5649	-228.6978	6.132899	0.04221396	0.01072325	0.03149071	0.01072325
250	-216.9446	-223.0708	6.126249	0.03360171	0.004283852	0.02931786	0.004283852
260	-213.5369	-219.5283	5.991375	0.02521201	0.01184442	0.01336759	0.01184442
270	-228.3957	-233.4218	5.026108	0.06080073	0.04590707	0.01489367	0.04590707
280	-213.5192	-219.7289	6.209705	0.0291189	0.004067955	0.02505095	0.004067955
290	-215.7715	-222.1133	6.341801	0.03310847	0.007479424	0.02562905	0.007479424
300	-213.6927	-218.9346	5.241924	0.01335388	0.003951604	0.009402281	0.003951604
310	-212.8604	-219.0129	6.15254	0.02517376	0.0103694	0.01480435	0.0103694
320	-230.1649	-235.747	5.582066	0.05886489	0.02970996	0.02915493	0.02970996
330	-209.9031	-215.6712	5.768104	0.0186574	0.002327602	0.0163298	0.002327602
340	-210.309	-216.4511	6.142128	0.02036892	0.004212125	0.0161568	0.004212125
350	-214.2311	-220.5319	6.300811	0.03045925	0.005269519	0.02518973	0.005269519
360	-211.4263	-217.648	6.221769	0.02537515	0.003880505	0.02149465	0.003880505
370	-211.4663	-217.7054	6.239091	0.02281068	0.00719068	0.01562	0.00719068
380	-212.3513	-218.6047	6.2534	0.02511381	0.009066254	0.01604756	0.009066254
390	-229.2473	-234.6896	5.442228	0.0611592	0.0381217	0.0230375	0.0381217
400	-210.2724	-215.7818	5.50937	0.01657494	0.001973523	0.01460142	0.001973523
410	-214.3053	-220.686	6.380719	0.03092649	0.008246666	0.02267982	0.008246666
420	-223.2296	-227.4686	4.238999	0.04150597	0.03335388	0.008152089	0.03335388
430	-212.9875	-219.1989	6.211398	0.02622934	0.01047881	0.01575053	0.01047881
440	-211.1336	-216.9448	5.811216	0.02425347	0.002164289	0.02208918	0.002164289
450	-210.3461	-216.5226	6.176497	0.02100755	0.004292892	0.01671466	0.004292892
460	-218.1795	-224.3944	6.214859	0.03790221	0.0150288	0.0228734	0.0150288
470	-227.1646	-232.5499	5.385288	0.05768563	0.03917586	0.01850977	0.03917586
480	-232.9177	-238.5359	5.61818	0.05721864	0.02076159	0.03645705	0.02076159
490	-213.4729	-219.7441	6.271199	0.02918628	0.004633089	0.0245532	0.004633089
500	-214.7345	-220.9575	6.223	0.03079088	0.01316134	0.01762955	0.01316134
510	-230.5377	-236.1657	5.627963	0.05755483	0.02607843	0.0314764	0.02607843
520	-220.3506	-226.208	5.857394	0.04218399	0.02422061	0.01796339	0.02422061
530	-215.8972	-222.1991	6.301917	0.03298172	0.006218436	0.02676328	0.006218436
540	-235.0102	-240.0234	5.013232	0.07624601	0.05320884	0.02303717	0.05320884
550	-222.0557	-228.1926	6.136836	0.04254648	0.01304999	0.0294965	0.01304999
560	-221.2819	-227.439	6.157075	0.04184855	0.01364756	0.02820099	0.01364756
570	-243.5772	-247.9454	4.368252	0.1035771	0.08048533	0.02309181	0.08048533
580	-218.2951	-223.9569	5.661802	0.03589313	0.02234049	0.01355264	0.02234049
590	-217.2371	-221.7125	4.475455	0.02274498	0.01553968	0.007205299	0.01553968
600	-227.9082	-232.5288	4.620589	0.05788963	0.04649997	0.01138966	0.04649997
610	-222.7967	-228.2488	5.452082	0.04683023	0.03191927	0.01491096	0.03191927
620	-216.0207	-222.036	6.015312	0.03238953	0.0167719	0.01561763	0.0167719
630	-218.8871	-224.484	5.596915	0.03707869	0.02370111	0.01337758	0.02370111
640	-225.2536	-230.9523	5.698692	0.05234153	0.03024216	0.02209937	0.03024216
650	-232.4464	-237.4044	4.958008	0.0718089	0.05383374	0.01797516	0.05383374
660	-239.7849	-242.3018	2.51692	0.09100546	0.08393086	0.007074605	0.08393086
670	-215.3694	-221.6515	6.28208	0.03209376	0.005496983	0.02659678	0.005496983
680	-223.6377	-229.2677	5.629918	0.04938072	0.03117099	0.01820972	0.03117099
690	-216.905	-222.7797	5.874713	0.0336547	0.01899219	0.01466251	0.01899219
700	-222.6329	-228.6105	5.977606	0.04594971	0.02130337	0.02464634	0.02130337
710	-232.1336	-237.4195	5.285958	0.06729203	0.04269458	0.02459745	0.04269458
720	-236.2772	-241.6598	5.382568	0.06397471	0.0272234	0.03675131	0.0272234
730	-211.9774	-217.6618	5.684414	0.0158079	0.004569507	0.01123839	0.004569507
740	-213.5568	-219.8332	6.276401	0.02840129	0.01096845	0.01743284	0.01096845
750	-220.3946	-226.5918	6.197191	0.04047372	0.01272423	0.02774949	0.01272423
760	-210.6939	-216.8795	6.185628	0.02080347	0.005272324	0.01553114	0.005272324
770	-216.4707	-222.0431	5.572435	0.0299779	0.01829744	0.01168046	0.01829744
780	-229.3438	-234.7698	5.425975	0.06152105	0.03871802	0.02280304	0.03871802
790	-211.635	-217.6443	6.009364	0.02557571	0.002766599	0.02280911	0.002766599
800	-217.2318	-223.5454	6.313629	0.03536425	0.008741993	0.02662225	0.008741993
810	-218.7248	-224.2531	5.528279	0.03616123	0.02347243	0.0126888	0.02347243
820	-219.4875	-224.9558	5.468365	0.03493142	0.001990736	0.03294068	0.001990736
830	-210.886	-217.1472	6.261236	0.02387531	0.004367806	0.0195075	0.004367806
840	-226.7791	-231.41	4.630907	0.0544617	0.04351398	0.01094771	0.04351398
850	-213.8932	-220.0801	6.186893	0.02834186	0.01222913	0.01611272	0.01222913
860	-214.0816	-219.7214	5.639749	0.02282487	0.01196667	0.0108582	0.01196667
870	-220.2184	-225.545	5.326557	0.03904331	0.02698277	0.01206054	0.02698277
880	-217.182	-223.0483	5.866304	0.034332	0.01953011	0.01480188	0.01953011
890	-224.8931	-230.5265	5.633376	0.05207188	0.03205505	0.02001683	0.03205505
900	-232.7933	-237.9269	5.133595	0.07090738	0.04898853	0.02191885	0.04898853
910	-220.6656	-226.8379	6.172296	0.0388611	0.007313846	0.03154725	0.007313846
920	-229.4609	-234.9577	5.49677	0.06049559	0.03553196	0.02496363	0.03553196
930	-228.9981	-234.661	5.662859	0.05643923	0.02741907	0.02902016	0.02741907
940	-223.582	-229.549	5.966935	0.04703724	0.02061018	0.02642706	0.02061018
950	-211.3112	-217.5749	6.263712	0.02291062	0.006774676	0.01613595	0.006774676
960	-220.6259	-226.7651	6.139219	0.04174765	0.0161135	0.02563415	0.0161135
970	-213.1032	-219.4645	6.361298	0.02873987	0.005991074	0.0227488	0.005991074
980	-225.725	-231.6889	5.963882	0.04784862	0.01623728	0.03161133	0.01623728
990	-222.6761	-228.6565	5.9804	0.04596525	0.02113732	0.02482794	0.02113732
1000	-212.4055	-218.288	5.882471	0.020076	0.008162148	0.01191385	0.008162148
1010	-223.1989	-229.1933	5.994437	0.04626691	0.01979071	0.0264762	0.01979071
1020	-219.9931	-225.8149	5.821774	0.04122218	0.02425744	0.01696474	0.02425744
1030	-214.925	-220.6631	5.738101	0.0301463	0.002226367	0.02791993	0.002226367
1040	-214.6344	-220.9444	6.30997	0.03120676	0.0116398	0.01956697	0.0116398
1050	-222.7164	-228.837	6.120571	0.0415658	0.008775075	0.03279073	0.008775075
1060	-212.7944	-218.673	5.878643	0.02136627	0.009381874	0.0119844	0.009381874
1070	-219.0136	-225.1414	6.127756	0.03620872	0.005080544	0.03112818	0.005080544
1080	-217.1942	-223.3416	6.147326	0.03400024	0.004561413	0.02943883	0.004561413
1090	-238.4529	-243.848	5.395102	0.06232847	0.02103672	0.04129175	0.02103672
1100	-216.4688	-222.5409	6.072089	0.03393641	0.01701013	0.01692628	0.01701013
1110	-212.4192	-218.7802	6.360975	0.02677916	0.007973713	0.01880545	0.007973713
1120	-210.0915	-216.0621	5.970569	0.01880069	0.003234945	0.01556575	0.003234945
1130	-220.5595	-226.7154	6.155889	0.03847854	0.006645609	0.03183293	0.006645609
1140	-222.7714	-228.8767	6.105273	0.04356684	0.01362073	0.0299461	0.01362073
1150	-239.5824	-244.5289	4.946491	0.07963696	0.04832789	0.03130907	0.04832789
1160	-211.1309	-215.9074	4.776478	0.01480849	0.001134568	0.01367392	0.001134568
1170	-210.6937	-216.8934	6.199674	0.02104513	0.005289591	0.01575554	0.005289591
1180	-214.8716	-220.8146	5.942901	0.02862093	0.01482939	0.01379154	0.01482939
1190	-211.8213	-218.1684	6.347089	0.0253581	0.007105701	0.0182524	0.007105701
1200	-211.9776	-218.1724	6.194754	0.02335428	0.008390969	0.01496332	0.008390969
1210	-220.3867	-224.9482	4.561518	0.03455786	0.0009730671	0.03358479	0.0009730671
1220	-212.2874	-218.4398	6.152372	0.02358755	0.009089685	0.01449786	0.009089685
1230	-210.1886	-216.1398	5.951102	0.01834856	0.003312888	0.01503567	0.003312888
1240	-226.1083	-230.7199	4.611636	0.0523149	0.04174785	0.01056705	0.04174785
1250	-214.1621	-220.5305	6.368475	0.03058784	0.009542256	0.02104558	0.009542256
1260	-233.5742	-238.537	4.962819	0.07443311	0.05490332	0.0195298	0.05490332
1270	-218.6199	-224.6619	6.042013	0.0387905	0.01968089	0.01910961	0.01968089
1280	-227.1066	-232.7433	5.636651	0.05564274	0.03161173	0.02403102	0.03161173
1290	-222.5037	-228.546	6.042296	0.04490857	0.01838336	0.02652521	0.01838336
1300	-219.7131	-224.5819	4.868781	0.0345494	0.02519628	0.009353123	0.02519628
1310	-232.5049	-237.7468	5.241872	0.0685934	0.04445297	0.02414042	0.04445297
1320	-217.0943	-223.3875	6.293285	0.03583182	0.012248	0.02358381	0.012248
1330	-220.2558	-225.4582	5.202413	0.0383567	0.02708966	0.01126704	0.02708966
1340	-213.6712	-219.957	6.285836	0.02953839	0.004862448	0.02467594	0.004862448
1350	-213.0379	-219.0832	6.045328	0.02804564	0.003032559	0.02501308	0.003032559
1360	-225.7299	-231.495	5.765063	0.05221625	0.02737028	0.02484597	0.02737028
1370	-234.2059	-239.2198	5.013864	0.07504218	0.05345357	0.02158861	0.05345357
1380	-212.7215	-218.4578	5.736372	0.01886915	0.007879715	0.01098944	0.007879715
1390	-216.7858	-222.3387	5.552884	0.03075789	0.0190367	0.01172119	0.0190367
1400	-214.6371	-220.6026	5.965476	0.03019664	0.002901529	0.02729511	0.002901529
1410	-211.5976	-217.621	6.023386	0.01983135	0.006773778	0.01305757	0.006773778
1420	-213.2238	-219.4768	6.253024	0.02732025	0.01066315	0.0166571	0.01066315
1430	-216.2619	-222.5811	6.319165	0.03368457	0.007092968	0.0265916	0.007092968
1440	-216.6184	-222.9477	6.329292	0.03482392	0.01024962	0.0245743	0.01024962
1450	-228.6378	-234.5155	5.877751	0.04976625	0.0141161	0.03565015	0.0141161
1460	-236.2813	-241.8923	5.610991	0.05368169	0.009349026	0.04433267	0.009349026
1470	-220.5217	-226.5913	6.069629	0.04229786	0.01924709	0.02305078	0.01924709
1480	-219.4567	-224.4357	4.979013	0.03451113	0.02476985	0.009741281	0.02476985
1490	-225.2125	-231.2056	5.993137	0.04698011	0.01548268	0.03149743	0.01548268
1500	-217.0286	-223.3457	6.317104	0.03501168	0.008390881	0.0266208	0.008390881
1510	-238.0656	-242.1372	4.071646	0.09017689	0.07725201	0.01292488	0.07725201
1520	-224.7464	-230.389	5.642595	0.05174534	0.03176103	0.01998431	0.03176103
1530	-214.2	-220.5694	6.36945	0.03067228	0.006936077	0.0237362	0.006936077
1540	-212.0717	-218.4392	6.367441	0.02626573	0.007004382	0.01926134	0.007004382
1550	-216.4464	-222.2531	5.806746	0.03186724	0.01828041	0.01358683	0.01828041
1560	-228.1883	-234.1067	5.918354	0.04718901	0.009772996	0.03741601	0.009772996
1570	-211.0658	-217.2069	6.141017	0.02050542	0.006043946	0.01446148	0.006043946
1580	-230.0384	-235.4074	5.368996	0.06330678	0.04064411	0.02266267	0.04064411
1590	-211.4793	-217.2828	5.80351	0.01657316	0.004539333	0.01203382	0.004539333
1600	-261.1771	-264.2149	3.037835	0.1822662	0.1579558	0.0243104	0.1579558
1610	-213.1788	-219.4287	6.249855	0.0286646	0.004342815	0.02432179	0.004342815
1620	-211.921	-218.0598	6.13878	0.02240334	0.008187321	0.01421602	0.008187321
1630	-215.6204	-221.9749	6.354471	0.03321503	0.009687469	0.02352756	0.009687469
1640	-218.2063	-224.4238	6.217453	0.03793199	0.01491164	0.02302035	0.01491164
1650	-228.5813	-233.9443	5.363	0.06083194	0.04076281	0.02006913	0.04076281
1660	-213.0999	-218.544	5.444073	0.01484123	0.004976909	0.009864323	0.004976909
1670	-233.0351	-238.1411	5.105969	0.07170861	0.05001438	0.02169423	0.05001438
1680	-217.7802	-224.0797	6.299501	0.03628317	0.009557448	0.02672572	0.009557448
1690	-216.7991	-221.8755	5.076455	0.02674656	0.01760589	0.009140662	0.01760589
1700	-229.4839	-235.0242	5.540228	0.0596197	0.03332214	0.02629756	0.03332214
1710	-213.1075	-219.2297	6.122201	0.02549647	0.01092779	0.01456869	0.01092779
1720	-215.8734	-221.9366	6.063181	0.0323787	0.01622693	0.01615177	0.01622693
1730	-216.8265	-222.6391	5.812577	0.03263198	0.002624092	0.03000789	0.002624092
1740	-215.163	-221.4953	6.332319	0.03242486	0.01124737	0.02117748	0.01124737
1750	-214.1316	-219.4971	5.365519	0.01903724	0.00968365	0.009353593	0.00968365
1760	-213.8191	-220.1353	6.31621	0.02941507	0.01074697	0.0186681	0.01074697
1770	-218.0509	-223.6423	5.591462	0.03471392	0.02194184	0.01277208	0.02194184
1780	-210.0654	-215.6002	5.534797	0.02052322	0.001682604	0.01884062	0.001682604
1790	-214.1175	-219.5472	5.4297	0.02006253	0.01039379	0.009668738	0.01039379
1800	-217.6262	-223.5266	5.900399	0.03572769	0.02010319	0.0156245	0.02010319
1810	-219.2308	-225.4679	6.23712	0.03891565	0.01243396	0.02648169	0.01243396
1820	-215.4524	-221.0562	5.603835	0.02711137	0.01577802	0.01133335	0.01577802
1830	-223.9798	-229.3255	5.345609	0.04956846	0.03483667	0.01473179	0.03483667
1840	-215.1944	-221.4995	6.305132	0.032381	0.01210636	0.02027464	0.01210636
1850	-212.2702	-218.5178	6.247514	0.02483116	0.008927596	0.01590357	0.008927596
1860	-216.5542	-222.8853	6.331127	0.03437657	0.008378563	0.02599801	0.008378563
1870	-220.471	-226.156	5.68498	0.04181078	0.02623425	0.01557653	0.02623425
1880	-213.8398	-219.8897	6.049897	0.02675744	0.01255139	0.01420605	0.01255139
1890	-214.1746	-220.5568	6.382196	0.03069385	0.008245823	0.02244803	0.008245823
1900	-214.1486	-220.0333	5.884667	0.02588157	0.01314317	0.0127384	0.01314317
1910	-212.9987	-219.3341	6.335424	0.02852043	0.005387389	0.02313304	0.005387389
1920	-215.0411	-221.3075	6.266344	0.03182792	0.01285398	0.01897394	0.01285398
1930	-210.8391	-217.1124	6.273307	0.02260828	0.005451824	0.01715646	0.005451824
1940	-216.1259	-222.4477	6.321796	0.03418233	0.01150254	0.02267979	0.01150254
1950	-212.4079	-218.7665	6.358538	0.02671551	0.008017398	0.01869811	0.008017398
1960	-216.0793	-222.3683	6.289029	0.03410751	0.01283414	0.02127337	0.01283414
1970	-216.2656	-221.7301	5.464516	0.02840876	0.01753737	0.01087139	0.01753737
1980	-219.465	-225.5378	6.072806	0.03648403	0.004639519	0.03184451	0.004639519
1990	-231.5507	-237.3254	5.774663	0.04910181	0.00797218	0.04112963	0.00797218
2000	-210.401	-216.1631	5.762057	0.01684853	0.002798166	0.01405036	0.002798166
2010	-211.1081	-217.2349	6.126817	0.02035885	0.006086982	0.01427187	0.006086982
2020	-226.3726	-230.5386	4.165996	0.05086263	0.04209881	0.008763822	0.04209881
2030	-217.7929	-224.0724	6.279491	0.03572795	0.00752245	0.0282055	0.00752245
2040	-216.6243	-222.9449	6.320573	0.03431102	0.007699067	0.02661195	0.007699067
2050	-216.4433	-221.427	4.983697	0.02457777	0.0159538	0.008623964	0.0159538
2060	-244.4213	-249.5696	5.148289	0.06781079	0.02194056	0.04587022	0.02194056
2070	-232.3493	-237.4811	5.131735	0.0701797	0.04906314	0.02111655	0.04906314
2080	-211.6475	-217.9648	6.317303	0.02446895	0.007195099	0.01727386	0.007195099
2090	-214.2317	-220.5816	6.349855	0.03060656	0.01030542	0.02030114	0.01030542
2100	-222.1987	-228.3426	6.143959	0.04124753	0.009277758	0.03196977	0.009277758
2110	-221.3548	-227.0034	5.648591	0.04390084	0.02794452	0.01595631	0.02794452
2120	-234.7804	-240.2107	5.430259	0.06297139	0.02802683	0.03494457	0.02802683
2130	-210.8435	-217.0785	6.235008	0.02176811	0.005668308	0.0160998	0.005668308
2140	-220.1133	-226.334	6.220745	0.03904089	0.009385797	0.0296551	0.009385797
2150	-217.7372	-223.8576	6.120364	0.0370973	0.01760166	0.01949564	0.01760166
2160	-227.4217	-233.2711	5.849397	0.05117306	0.0196624	0.03151065	0.0196624
2170	-222.5654	-228.6798	6.114394	0.04327552	0.01346149	0.02981403	0.01346149
2180	-222.1806	-228.2733	6.092759	0.04374881	0.01607317	0.02767564	0.01607317
2190	-231.6062	-236.6639	5.05772	0.06926136	0.050679	0.01858236	0.050679
2200	-223.0336	-229.1423	6.108712	0.0418866	0.008783434	0.03310317	0.008783434
2210	-217.7978	-223.9425	6.144722	0.03727602	0.01711779	0.02015824	0.01711779
2220	-221.4768	-226.6425	5.165767	0.04164811	0.02999865	0.01164946	0.02999865
2230	-222.986	-229.0067	6.020741	0.04564902	0.01874802	0.026901	0.01874802
2240	-220.067	-226.2596	6.19261	0.03820272	0.007248189	0.03095453	0.007248189
2250	-225.3479	-231.3095	5.96154	0.04793003	0.01738919	0.03054084	0.01738919
2260	-216.3582	-222.387	6.028794	0.03336028	0.01722038	0.01613991	0.01722038
2270	-217.4667	-223.4626	5.995882	0.03591706	0.01909322	0.01682385	0.01909322
2280	-220.7673	-226.8223	6.055052	0.04276062	0.01964946	0.02311117	0.01964946
2290	-231.5396	-237.2009	5.661287	0.04744426	0.005106376	0.04233788	0.005106376
2300	-226.9382	-232.8101	5.871884	0.05052882	0.01938822	0.0311406	0.01938822
2310	-213.278	-219.3524	6.07435	0.02541651	0.01131632	0.01410019	0.01131632
2320	-228.0155	-232.8009	4.785439	0.05892073	0.04639352	0.01252722	0.04639352
2330	-224.8131	-230.8108	5.997732	0.04686847	0.01624712	0.03062136	0.01624712
2340	-214.339	-220.7191	6.38013	0.03098837	0.008420155	0.02256822	0.008420155
2350	-220.3561	-226.3655	6.009375	0.04227488	0.02116806	0.02110681	0.02116806
2360	-231.7229	-236.9581	5.235203	0.06772661	0.04527975	0.02244686	0.04527975
2370	-223.104	-228.7988	5.694823	0.04818581	0.02952852	0.0186573	0.02952852
2380	-217.1388	-223.4397	6.300911	0.03583029	0.01172738	0.02410291	0.01172738
2390	-216.9522	-223.1611	6.208914	0.03568142	0.01527114	0.02041028	0.01527114
2400	-210.312	-216.4237	6.11168	0.02218435	0.003316745	0.01886761	0.003316745
2410	-218.8528	-224.1272	5.274433	0.03475196	0.02373668	0.01101528	0.02373668
2420	-216.6829	-221.1206	4.437786	0.01388492	0.007148605	0.006736311	0.007148605
2430	-210.1195	-215.2566	5.137044	0.0191805	0.001232585	0.01794791	0.001232585
2440	-216.7886	-222.6201	5.831443	0.03301011	0.01891539	0.01409472	0.01891539
2450	-212.3467	-218.616	6.269357	0.02531607	0.008976656	0.01633942	0.008976656
2460	-224.7495	-230.2621	5.512571	0.05193342	0.03429366	0.01763976	0.03429366
2470	-214.4124	-220.7648	6.352314	0.03100012	0.01031062	0.02068949	0.01031062
2480	-211.0293	-216.8675	5.83825	0.01671557	0.003949767	0.0127658	0.003949767
2490	-219.5738	-225.7746	6.200873	0.03984202	0.01427583	0.02556619	0.01427583
2500	-212.3382	-218.3129	5.974755	0.02124454	0.008605135	0.0126394	0.008605135
2510	-213.4973	-219.7419	6.244611	0.02792094	0.01117665	0.01674429	0.01117665
2520	-215.8523	-218.7033	2.851034	0.02724361	0.0003464933	0.02689712	0.0003464933
2530	-218.1464	-224.3858	6.239364	0.03581994	0.006538722	0.02928122	0.006538722
2540	-216.7374	-222.9233	6.185912	0.03516705	0.01567012	0.01949693	0.01567012
2550	-218.836	-224.5693	5.733332	0.03782246	0.02312345	0.01469901	0.02312345
2560	-216.5386	-222.1962	5.657659	0.03089799	0.01854778	0.01235021	0.01854778
2570	-223.4391	-228.8691	5.430044	0.04844299	0.03323341	0.01520957	0.03323341
2580	-213.0227	-219.4077	6.384979	0.02843741	0.007770001	0.02066741	0.007770001
2590	-215.3082	-221.4884	6.180195	0.03185176	0.01437555	0.01747621	0.01437555
2600	-217.7622	-223.5693	5.807079	0.03545772	0.02083771	0.01462001	0.02083771
2610	-233.9143	-239.61	5.695712	0.05146822	0.008767522	0.0427007	0.008767522
2620	-253.7865	-257.8584	4.071907	0.1107251	0.07265672	0.03806841	0.07265672
2630	-220.393	-226.5914	6.198376	0.03888314	0.008110222	0.03077292	0.008110222
2640	-219.6145	-225.7479	6.133374	0.04053891	0.01737681	0.0231621	0.01737681
2650	-244.3536	-249.6048	5.251183	0.05752727	0.005933517	0.05159375	0.005933517
2660	-236.797	-242.182	5.38499	0.06361291	0.02574281	0.0378701	0.02574281
2670	-219.0059	-225.1406	6.13468	0.03955471	0.01755527	0.02199944	0.01755527
2680	-217.0015	-222.4624	5.460933	0.0306511	0.01942494	0.01122616	0.01942494
2690	-224.5239	-230.5066	5.982709	0.04722828	0.01795479	0.02927349	0.01795479
2700	-212.2116	-218.4117	6.200147	0.02403586	0.008913763	0.0151221	0.008913763
2710	-251.1166	-253.8121	2.695489	0.1453268	0.1346411	0.0106857	0.1346411
2720	-230.8127	-236.3699	5.557174	0.0596576	0.02978746	0.02987014	0.02978746
2730	-237.5468	-242.6152	5.0684	0.07550738	0.04520711	0.03030027	0.04520711
2740	-218.5296	-224.174	5.644386	0.03641674	0.02285797	0.01355877	0.02285797
2750	-239.3227	-244.3942	5.071445	0.07434942	0.03985772	0.0344917	0.03985772
2760	-222.4696	-228.1105	5.640873	0.04664222	0.02963818	0.01700403	0.02963818
2770	-212.7823	-218.9047	6.122412	0.02457941	0.01021049	0.01436891	0.01021049
2780	-216.6061	-222.9391	6.332984	0.03469106	0.009578678	0.02511238	0.009578678
2790	-239.8185	-245.2591	5.440555	0.05473928	0.006678834	0.04806044	0.006678834
2800	-212.1089	-217.9895	5.880639	0.01905971	0.007160089	0.01189962	0.007160089
2810	-224.1051	-230.0872	5.982066	0.04708402	0.01887515	0.02820887	0.01887515
2820	-214.3618	-220.714	6.352197	0.03089457	0.01029312	0.02060145	0.01029312
2830	-213.3521	-219.7355	6.383412	0.02907006	0.008267806	0.02080225	0.008267806
2840	-212.2384	-218.4876	6.249282	0.02477544	0.008855903	0.01591953	0.008855903
2850	-243.2966	-248.3926	5.095991	0.07045027	0.02755226	0.04289802	0.02755226
2860	-212.8271	-218.9682	6.141052	0.02493898	0.01030693	0.01463205	0.01030693
2870	-215.0276	-221.2446	6.21706	0.03145019	0.01359148	0.0178587	0.01359148
2880	-222.4323	-228.5436	6.111378	0.04337465	0.01414115	0.0292335	0.01414115
2890	-248.1612	-252.2056	4.044383	0.1200149	0.09619868	0.02381621	0.09619868
2900	-210.8698	-216.9149	6.045039	0.01888156	0.005052169	0.01382939	0.005052169
2910	-248.4414	-252.5791	4.13767	0.1153116	0.08815612	0.02715551	0.08815612
2920	-231.5982	-236.9018	5.303547	0.06638481	0.04240202	0.02398279	0.04240202
2930	-220.0966	-225.5605	5.46395	0.03956391	0.02652347	0.01304044	0.02652347
2940	-223.8786	-229.8594	5.980786	0.04699015	0.01937864	0.02761151	0.01937864
2950	-213.0474	-218.783	5.735555	0.02016658	0.009118228	0.01104835	0.009118228
2960	-238.9735	-243.4744	4.500914	0.09185411	0.07331013	0.01854399	0.07331013
2970	-224.8965	-230.9323	6.035784	0.04540602	0.01259199	0.03281404	0.01259199
2980	-224.162	-228.1896	4.027609	0.04324088	0.03548579	0.007755092	0.03548579
2990	-213.9876	-220.3403	6.352729	0.03010723	0.01005631	0.02005093	0.01005631
3000	-214.3578	-220.6622	6.304369	0.03054906	0.0115219	0.01902716	0.0115219
3010	-217.9012	-224.0614	6.160131	0.03749905	0.01678165	0.0207174	0.01678165
3020	-256.5987	-261.4899	4.891217	0.06746543	0.008178191	0.05928724	0.008178191
3030	-218.9101	-222.3742	3.464149	0.01452409	0.009316216	0.005207876	0.009316216
3040	-211.7858	-217.6215	5.835646	0.01745664	0.00565273	0.01180391	0.00565273
3050	-214.5756	-220.1215	5.545873	0.0235179	0.01299982	0.01051808	0.01299982
3060	-216.726	-222.4875	5.761527	0.03228505	0.01892568	0.01335937	0.01892568
3070	-246.3021	-250.4843	4.182153	0.1129055	0.08923061	0.0236749	0.08923061
3080	-214.7865	-220.6719	5.885399	0.02781339	0.01465235	0.01316104	0.01465235
3090	-241.7281	-247.089	5.360915	0.06149725	0.01526328	0.04623396	0.01526328
3100	-217.3217	-223.5608	6.239038	0.03463593	0.005877082	0.02875884	0.005877082
3110	-237.8813	-242.6459	4.764584	0.08546646	0.06324997	0.02221649	0.06324997
3120	-210.0474	-215.3016	5.254189	0.01790403	0.001410463	0.01649357	0.001410463
3130	-217.6532	-222.3716	4.718407	0.02670504	0.01861311	0.008091931	0.01861311
3140	-216.539	-222.8101	6.271137	0.03495943	0.01343524	0.02152419	0.01343524
3150	-216.1823	-222.3477	6.165413	0.03382879	0.01555655	0.01827225	0.01555655
3160	-226.2917	-231.6321	5.340402	0.05561589	0.03882193	0.01679396	0.03882193
3170	-217.4808	-223.1865	5.70576	0.03396119	0.02058211	0.01337908	0.02058211
3180	-224.2783	-229.2861	5.007865	0.04885972	0.03679794	0.01206178	0.03679794
3190	-219.2881	-223.1485	3.860348	0.02604058	0.01977364	0.006266933	0.01977364
3200	-259.6378	-263.1304	3.492638	0.1437122	0.1090864	0.03462575	0.1090864
3210	-223.7346	-229.8174	6.082791	0.04260392	0.008843783	0.03376013	0.008843783
3220	-213.9503	-220.1405	6.19019	0.02972738	0.004008622	0.02571876	0.004008622
3230	-218.6286	-224.3996	5.770993	0.03751039	0.02256149	0.0149489	0.02256149
3240	-218.1298	-224.1247	5.994844	0.03750853	0.01993167	0.01757686	0.01993167
3250	-220.1605	-226.1059	5.94544	0.04192354	0.02256536	0.01935818	0.02256536
3260	-210.6139	-216.3749	5.761033	0.01651797	0.002998325	0.01351964	0.002998325
3270	-211.1896	-216.9721	5.782487	0.02432787	0.00209931	0.02222856	0.00209931
3280	-210.1418	-215.7148	5.573017	0.01704307	0.002045825	0.01499724	0.002045825
3290	-211.1898	-217.5079	6.318083	0.02445673	0.005234915	0.01922182	0.005234915
3300	-210.0224	-216.026	6.003543	0.01951652	0.003193549	0.01632297	0.003193549
3310	-216.8157	-222.8436	6.027913	0.03450587	0.01789859	0.01660728	0.01789859
3320	-214.9223	-220.7938	5.871448	0.02807692	0.01495424	0.01312269	0.01495424
3330	-226.9603	-232.8587	5.898325	0.04429314	0.006238648	0.03805449	0.006238648
3340	-226.023	-231.4158	5.392795	0.0549716	0.03771063	0.01726097	0.03771063
3350	-233.1901	-238.8959	5.705797	0.05362278	0.01369008	0.0399327	0.01369008
3360	-211.472	-217.7976	6.325619	0.02433666	0.00666154	0.01767512	0.00666154
3370	-216.5226	-221.6986	5.176006	0.02667784	0.0172076	0.009470246	0.0172076
3380	-219.979	-225.6934	5.71442	0.04069436	0.02521057	0.01548379	0.02521057
3390	-212.0867	-217.9754	5.888754	0.01911925	0.007162965	0.01195629	0.007162965
3400	-219.3936	-224.9103	5.51668	0.03794984	0.02492681	0.01302303	0.02492681
3410	-216.322	-222.2485	5.926463	0.03227151	0.002975502	0.02929601	0.002975502
3420	-249.7127	-253.8116	4.098912	0.1165309	0.08748919	0.02904172	0.08748919
3430	-217.1329	-223.4515	6.31863	0.0354363	0.009621145	0.02581516	0.009621145
3440	-213.7648	-220.1196	6.354852	0.02964339	0.009819168	0.01982423	0.009819168
3450	-240.3388	-245.4488	5.110011	0.07198053	0.03426287	0.03771767	0.03426287
3460	-219.1217	-225.0706	5.948906	0.03963506	0.02162594	0.01800912	0.02162594
3470	-210.7798	-217.0384	6.258633	0.02348335	0.004417683	0.01906567	0.004417683
3480	-213.5769	-219.3069	5.730006	0.02212054	0.01090193	0.01121861	0.01090193
3490	-219.1674	-225.1244	5.957062	0.0397664	0.02155237	0.01821403	0.02155237
3500	-234.6358	-239.1012	4.465458	0.07886006	0.06483108	0.01402898	0.06483108
3510	-233.1482	-238.6871	5.538922	0.05983929	0.0252431	0.03459619	0.0252431
3520	-235.5884	-239.5354	3.947019	0.08083586	0.06991181	0.01092405	0.06991181
3530	-215.2296	-220.2535	5.023905	0.0193788	0.0110878	0.008290995	0.0110878
3540	-229.9411	-235.7924	5.85129	0.0492605	0.01079488	0.03846562	0.01079488
3550	-213.1794	-218.9227	5.743343	0.02080329	0.009659561	0.01114373	0.009659561
3560	-214.559	-220.4091	5.850132	0.02986753	0.002496721	0.02737081	0.002496721
3570	-215.7649	-221.9398	6.174904	0.03290977	0.01498188	0.01792789	0.01498188
3580	-219.1825	-225.4348	6.252338	0.03839246	0.01077611	0.02761634	0.01077611
3590	-240.0227	-245.3573	5.334541	0.06362512	0.02098568	0.04263944	0.02098568
3600	-216.2803	-222.1649	5.88466	0.03204189	0.01778269	0.0142592	0.01778269
3610	-221.6133	-227.7607	6.147357	0.04219809	0.0135137	0.02868439	0.0135137
3620	-215.2657	-221.3575	6.091816	0.03104308	0.01507547	0.01596761	0.01507547
3630	-264.2666	-268.0014	3.734814	0.1132603	0.06341111	0.04984919	0.06341111
3640	-233.5654	-239.1343	5.568816	0.05865034	0.02228082	0.03636952	0.02228082
3650	-217.1564	-223.0112	5.854828	0.03418037	0.01953207	0.01464831	0.01953207
3660	-214.376	-220.7378	6.361792	0.03098025	0.009914447	0.02106581	0.009914447
3670	-219.3841	-225.5755	6.191406	0.0397534	0.01505689	0.02469652	0.01505689
3680	-236.0993	-240.9905	4.891137	0.08020504	0.05816704	0.022038	0.05816704
3690	-219.7826	-225.4596	5.677011	0.03998305	0.02511343	0.01486962	0.02511343
3700	-216.1132	-221.8655	5.752321	0.03046318	0.01760642	0.01285676	0.01760642
3710	-213.3254	-219.3436	6.01818	0.02843651	0.002951459	0.02548505	0.002951459
3720	-212.0813	-218.4518	6.370543	0.02651755	0.006468542	0.02004901	0.006468542
3730	-211.6007	-217.835	6.234269	0.02302723	0.007507325	0.01551991	0.007507325
3740	-210.3671	-216.2808	5.913719	0.02241204	0.0024546	0.01995744	0.0024546
3750	-216.2359	-220.8829	4.646982	0.01259472	0.00530715	0.007287568	0.00530715
3760	-218.6376	-224.7741	6.136466	0.03889823	0.0175268	0.02137144	0.0175268
3770	-213.2303	-219.6165	6.386229	0.02887681	0.007860842	0.02101597	0.007860842
3780	-211.5295	-217.0626	5.533062	0.01476605	0.002847445	0.0119186	0.002847445
3790	-215.7451	-222.0568	6.311689	0.03350334	0.01204258	0.02146076	0.01204258
3800	-219.7723	-224.1175	4.34518	0.03123908	0.02367355	0.007565535	0.02367355
3810	-222.6043	-228.6507	6.046408	0.04491387	0.01799513	0.02691874	0.01799513
3820	-227.3651	-233.2602	5.895141	0.04975889	0.01669942	0.03305947	0.01669942
3830	-224.5167	-230.5667	6.049999	0.04502802	0.01261393	0.0324141	0.01261393
3840	-216.1428	-221.7347	5.591807	0.0291524	0.0175209	0.0116315	0.0175209
3850	-225.3671	-231.3933	6.026254	0.0445798	0.009734983	0.03484482	0.009734983
3860	-224.1443	-229.8951	5.750829	0.05011177	0.02870829	0.02140348	0.02870829
3870	-222.3111	-228.2765	5.965385	0.04567107	0.02207143	0.02359964	0.02207143
3880	-218.703	-224.7987	6.095649	0.03904106	0.01860514	0.02043592	0.01860514
3890	-219.432	-224.5006	5.068583	0.03504609	0.02488724	0.01015885	0.02488724
3900	-210.3623	-216.5279	6.165583	0.0206863	0.004373497	0.0163128	0.004373497
3910	-218.7652	-224.9428	6.177592	0.03899614	0.01615977	0.02283638	0.01615977
3920	-229.1459	-234.6465	5.500544	0.06011079	0.03569992	0.02441087	0.03569992
3930	-223.8261	-229.8828	6.056664	0.04205179	0.007433683	0.03461811	0.007433683
3940	-236.5075	-241.0834	4.575924	0.08451362	0.06766403	0.01684959	0.06766403
3950	-216.8898	-222.9434	6.053688	0.03329627	0.003729821	0.02956645	0.003729821
3960	-220.8268	-226.7921	5.965322	0.04324536	0.02240535	0.02084001	0.02240535
3970	-215.1934	-221.5117	6.318305	0.03200942	0.006104377	0.02590504	0.006104377
3980	-231.9745	-237.6305	5.655993	0.05630454	0.0207292	0.03557534	0.0207292
3990	-214.1599	-220.4475	6.287625	0.02995553	0.0116045	0.01835103	0.0116045
4000	-211.6468	-217.9215	6.274682	0.02375736	0.007503157	0.01625421	0.007503157
4010	-225.1003	-231.0755	5.975186	0.04752924	0.01708241	0.03044682	0.01708241
4020	-229.5013	-235.1093	5.607907	0.0580067	0.02956997	0.02843673	0.02956997
4030	-211.414	-217.7273	6.313374	0.02399145	0.006686981	0.01730447	0.006686981
4040	-223.6328	-229.6155	5.982748	0.04679609	0.01970384	0.02709225	0.01970384
4050	-234.4133	-239.3058	4.892478	0.07694719	0.05755653	0.01939066	0.05755653
4060	-229.9325	-235.1684	5.235839	0.06445065	0.0449061	0.01954455	0.0449061
4070	-218.6495	-224.6949	6.045432	0.0388623	0.01963897	0.01922333	0.01963897
4080	-215.1738	-221.4042	6.230337	0.03189142	0.01357196	0.01831946	0.01357196
4090	-215.2972	-221.6612	6.364066	0.03258092	0.008516297	0.02406462	0.008516297
4100	-213.541	-219.8482	6.307115	0.02867652	0.01055718	0.01811933	0.01055718
4110	-210.2856	-216.4241	6.138455	0.0219277	0.00353725	0.01839045	0.00353725
4120	-230.8145	-236.3442	5.529728	0.06044362	0.03143604	0.02900758	0.03143604
4130	-216.0937	-222.3225	6.228818	0.03288328	0.005057345	0.02782593	0.005057345
4140	-218.0491	-224.2556	6.206523	0.03542386	0.0057458	0.02967806	0.0057458
4150	-212.3922	-218.314	5.921805	0.02063338	0.008422091	0.01221128	0.008422091
4160	-222.1263	-228.0129	5.886556	0.04587125	0.02470587	0.02116538	0.02470587
4170	-229.453	-235.1814	5.728359	0.05462081	0.02242072	0.03220009	0.02242072
4180	-212.0498	-217.4956	5.445854	0.01416056	0.00291974	0.01124082	0.00291974
4190	-213.0829	-218.6721	5.589229	0.01775996	0.007534676	0.01022528	0.007534676
4200	-220.8185	-226.6601	5.841608	0.04321428	0.02493045	0.01828382	0.02493045
4210	-218.008	-224.0135	6.005456	0.03727055	0.01965965	0.01761089	0.01965965
4220	-222.5521	-227.7612	5.209102	0.04496208	0.03242286	0.01253923	0.03242286
4230	-223.9923	-228.6817	4.689432	0.04632158	0.03619692	0.01012466	0.03619692
4240	-212.1353	-218.0083	5.873054	0.02627536	0.002363128	0.02391223	0.002363128
4250	-214.5129	-219.6033	5.090359	0.01333207	0.004734837	0.008597237	0.004734837
4260	-218.9557	-224.7418	5.786122	0.03845119	0.02302821	0.01542298	0.02302821
4270	-222.2386	-228.0167	5.778129	0.04628876	0.02726475	0.01902401	0.02726475
4280	-238.9591	-244.3955	5.436461	0.06047798	0.01721991	0.04325807	0.01721991
4290	-218.5988	-224.415	5.816162	0.03770744	0.02224159	0.01546585	0.02224159
4300	-217.6069	-223.1224	5.515432	0.03287631	0.0209538	0.01192251	0.0209538
4310	-228.2696	-233.9547	5.685036	0.05563966	0.02759806	0.0280416	0.02759806
4320	-217.4569	-223.6949	6.237994	0.0366335	0.01444429	0.02218921	0.01444429
4330	-210.3504	-215.3792	5.02875	0.0202603	0.001115166	0.01914514	0.001115166
4340	-219.8542	-225.8491	5.994852	0.04131659	0.02136993	0.01994667	0.02136993
4350	-229.635	-235.1528	5.51782	0.06021359	0.03425571	0.02595789	0.03425571
4360	-216.2182	-222.5551	6.336945	0.03383603	0.008002611	0.02583342	0.008002611
4370	-211.5972	-217.8093	6.212118	0.02268073	0.007509766	0.01517097	0.007509766
4380	-233.9674	-239.4485	5.481123	0.06151881	0.02684937	0.03466944	0.02684937
4390	-217.7871	-223.8051	6.018092	0.03427709	0.003707828	0.03056927	0.003707828
4400	-219.8615	-225.9968	6.135331	0.03733963	0.005651038	0.03168859	0.005651038
4410	-214.5886	-219.7405	5.151846	0.01745041	0.00889301	0.008557398	0.00889301
4420	-220.8833	-226.9265	6.043222	0.03802949	0.004892769	0.03313672	0.004892769
4430	-221.3725	-227.2445	5.871972	0.03784705	0.003624123	0.03422293	0.003624123
4440	-217.2108	-223.5266	6.315783	0.03541285	0.009055886	0.02635696	0.009055886
4450	-225.1268	-230.9979	5.871187	0.04990775	0.02310036	0.02680739	0.02310036
4460	-219.9598	-222.9115	2.951769	0.02092327	0.01610125	0.004822027	0.01610125
4470	-217.2892	-221.8376	4.548458	0.02373708	0.01630067	0.007436407	0.01630067
4480	-224.0684	-229.9777	5.909304	0.0483853	0.02274351	0.02564179	0.02274351
4490	-212.4878	-218.2642	5.77647	0.01864863	0.00742696	0.01122167	0.00742696
4500	-233.1026	-238.0808	4.978263	0.07325061	0.05409086	0.01915975	0.05409086
4510	-223.6056	-229.5531	5.947472	0.04737038	0.02153673	0.02583365	0.02153673
4520	-210.1688	-216.0725	5.903702	0.02167127	0.002454895	0.01921638	0.002454895
4530	-239.8377	-244.2202	4.382489	0.09534529	0.07764665	0.01769864	0.07764665
4540	-212.6963	-219.0357	6.339427	0.02707285	0.008868531	0.01820432	0.008868531
4550	-223.9597	-229.6357	5.676003	0.05004465	0.0305533	0.01949135	0.0305533
4560	-224.021	-230.0974	6.076439	0.04398055	0.01135025	0.0326303	0.01135025
4570	-235.9483	-241.1157	5.167343	0.07216024	0.04253187	0.02962837	0.04253187
4580	-212.8471	-219.0078	6.160694	0.02795228	0.003603612	0.02434867	0.003603612
4590	-236.636	-242.2324	5.596399	0.05377626	0.009040518	0.04473575	0.009040518
4600	-217.4315	-223.7395	6.308026	0.03599073	0.01029307	0.02569765	0.01029307
4610	-213.6841	-219.5025	5.818337	0.02362343	0.01170512	0.01191832	0.01170512
4620	-212.1931	-218.538	6.344941	0.02698187	0.005420559	0.02156131	0.005420559
4630	-221.0122	-227.1852	6.172949	0.03947738	0.007947828	0.03152955	0.007947828
4640	-211.4891	-217.5844	6.095315	0.02065844	0.006911601	0.01374684	0.006911601
4650	-225.093	-230.9362	5.843194	0.04169962	0.004454995	0.03724463	0.004454995
4660	-211.9941	-218.1939	6.199778	0.02346791	0.008427659	0.01504025	0.008427659
4670	-211.8049	-218.0277	6.222878	0.02333152	0.00798449	0.01534703	0.00798449
4680	-230.7508	-236.0542	5.303463	0.06527812	0.04293066	0.02234746	0.04293066
4690	-214.0106	-220.2535	6.242929	0.02919038	0.01197123	0.01721915	0.01197123
4700	-239.1853	-244.0502	4.864911	0.08325925	0.05546031	0.02779894	0.05546031
4710	-247.0094	-251.8278	4.818412	0.07882154	0.03558826	0.04323328	0.03558826
4720	-211.6515	-218	6.34849	0.02514704	0.006601094	0.01854594	0.006601094
4730	-215.1444	-221.5099	6.365465	0.03229551	0.008115922	0.02417959	0.008115922
4740	-210.3438	-216.48	6.136132	0.0201811	0.004297576	0.01588353	0.004297576
4750	-219.6949	-224.4356	4.740686	0.03408061	0.00108391	0.0329967	0.00108391
4760	-223.8287	-228.671	4.84229	0.03822743	0.001314722	0.03691271	0.001314722
4770	-211.3839	-217.6943	6.310314	0.02388384	0.006647105	0.01723674	0.006647105
4780	-217.95	-223.3054	5.355336	0.03267014	0.02161455	0.01105559	0.02161455
4790	-217.6396	-223.8122	6.172608	0.0369964	0.01639529	0.02060111	0.01639529
4800	-212.3372	-218.3714	6.034196	0.02688535	0.002913684	0.02397167	0.002913684
4810	-214.217	-220.4233	6.206371	0.02936348	0.01260946	0.01675402	0.01260946
4820	-215.4391	-221.7755	6.336364	0.03250906	0.006825271	0.02568379	0.006825271
4830	-229.5889	-235.4481	5.859199	0.04959339	0.01203914	0.03755426	0.01203914
4840	-218.7118	-224.5118	5.800067	0.03790325	0.02253284	0.01537041	0.02253284
4850	-212.2101	-218.497	6.286936	0.02522629	0.008602957	0.01662333	0.008602957
4860	-214.3966	-220.2102	5.813649	0.02588815	0.01360478	0.01228337	0.01360478
4870	-221.2541	-226.5559	5.301772	0.0418204	0.02934693	0.01247348	0.02934693
4880	-248.7511	-253.6421	4.890957	0.07462065	0.02710379	0.04751686	0.02710379
4890	-211.8186	-217.9225	6.103932	0.02162043	0.00781672	0.01380371	0.00781672
4900	-209.9641	-215.6015	5.637394	0.0201862	0.001875524	0.01831068	0.001875524
4910	-221.1948	-226.7908	5.596025	0.04325797	0.02809327	0.0151647	0.02809327
4920	-222.7275	-228.8373	6.109797	0.04341214	0.01334236	0.03006978	0.01334236
4930	-219.5906	-225.8261	6.235511	0.0390756	0.01138166	0.02769393	0.01138166
4940	-211.916	-217.9725	6.056439	0.02617496	0.00297084	0.02320412	0.00297084
4950	-213.4875	-219.8266	6.339049	0.0288753	0.009935359	0.01893995	0.009935359
4960	-210.519	-216.6612	6.142187	0.02009598	0.004738253	0.01535773	0.004738253
4970	-221.0391	-226.8787	5.839652	0.03738578	0.00337302	0.03401276	0.00337302
4980	-259.1578	-262.8325	3.674692	0.1286217	0.08972028	0.03890145	0.08972028
4990	-234.5039	-239.3448	4.84085	0.07759518	0.05900408	0.01859109	0.05900408
5000	-213.8673	-220.2473	6.380055	0.03007908	0.008773037	0.02130604	0.008773037
5010	-220.614	-226.6597	6.045692	0.04258217	0.0200445	0.02253767	0.0200445
5020	-214.1768	-220.5036	6.326776	0.03031639	0.01088889	0.0194275	0.01088889
5030	-212.635	-218.8744	6.239426	0.02565316	0.009683703	0.01596946	0.009683703
5040	-245.1688	-250.0697	4.900873	0.07687987	0.03506352	0.04181635	0.03506352
5050	-226.0714	-231.3205	5.249165	0.05489396	0.03947517	0.01541879	0.03947517
5060	-212.6693	-218.5222	5.852883	0.0205458	0.008795601	0.0117502	0.008795601
5070	-217.754	-223.8719	6.117884	0.03458815	0.004468788	0.03011937	0.004468788
5080	-216.6933	-221.9313	5.238055	0.02780501	0.01796746	0.009837552	0.01796746
5090	-215.5766	-221.7023	6.12574	0.03210469	0.01528407	0.01682062	0.01528407
5100	-223.9866	-229.7708	5.784123	0.04963234	0.02769845	0.02193389	0.02769845
5110	-215.1582	-220.6228	5.46464	0.02472126	0.01439298	0.01032828	0.01439298
5120	-240.7446	-245.1462	4.401595	0.09754691	0.07839377	0.01915314	0.07839377
5130	-212.5672	-218.7521	6.184868	0.02477932	0.009702991	0.01507633	0.009702991
5140	-214.7338	-220.6036	5.86973	0.02750124	0.01452093	0.0129803	0.01452093
5150	-215.6013	-221.1881	5.586851	0.0274234	0.0161231	0.01130031	0.0161231
5160	-211.2622	-217.1542	5.892047	0.0246529	0.002374891	0.02227801	0.002374891
5170	-213.3564	-219.0387	5.682315	0.02059255	0.009780843	0.01081171	0.009780843
5180	-278.8592	-280.8794	2.020228	0.2411736	0.2034179	0.03775572	0.2034179
5190	-233.8267	-238.8349	5.008192	0.07444906	0.05361893	0.02083013	0.05361893
5200	-216.712	-222.6885	5.97652	0.03389232	0.01813586	0.01575647	0.01813586
5210	-217.6969	-223.6804	5.983549	0.03641037	0.01952301	0.01688736	0.01952301
5220	-211.4298	-217.7428	6.312998	0.02400843	0.006731166	0.01727727	0.006731166
5230	-232.8474	-237.7032	4.855788	0.07323502	0.05633281	0.01690221	0.05633281
5240	-241.699	-245.4612	3.762256	0.103599	0.09090354	0.01269546	0.09090354
5250	-235.4905	-240.3121	4.8216	0.08006654	0.06048701	0.01957953	0.06048701
5260	-241.359	-246.045	4.685943	0.09041787	0.06306377	0.0273541	0.06306377
5270	-220.5402	-226.516	5.975843	0.04268267	0.022071	0.02061167	0.022071
5280	-218.6235	-224.8495	6.226041	0.03639492	0.006636589	0.02975833	0.006636589
5290	-227.5798	-233.3061	5.72633	0.05436762	0.02659804	0.02776958	0.02659804
5300	-221.6785	-227.3705	5.691972	0.04485934	0.02797012	0.01688922	0.02797012
5310	-221.5313	-227.5386	6.007205	0.03859581	0.00475984	0.03383597	0.00475984
5320	-211.1899	-217.3173	6.127389	0.02051267	0.006294765	0.0142179	0.006294765
5330	-255.2345	-259.1714	3.936977	0.1174627	0.07997359	0.03748909	0.07997359
5340	-221.1738	-227.3495	6.17562	0.04123265	0.01220403	0.02902863	0.01220403
5350	-222.6003	-228.6876	6.087335	0.04405981	0.01550168	0.02855813	0.01550168
5360	-233.1248	-238.0415	4.916641	0.07371193	0.05558319	0.01812874	0.05558319
5370	-212.9189	-218.5529	5.634042	0.01786137	0.007416488	0.01044489	0.007416488
5380	-212.4242	-218.381	5.956833	0.0212578	0.008750902	0.01250689	0.008750902
5390	-222.3901	-228.4877	6.097606	0.04373458	0.01528822	0.02844636	0.01528822
5400	-234.8779	-239.9344	5.056454	0.07514365	0.05122859	0.02391506	0.05122859
5410	-225.3212	-229.185	3.863737	0.04600342	0.03843465	0.00756877	0.03843465
5420	-264.8375	-268.3995	3.561989	0.1235784	0.07623785	0.0473406	0.07623785
5430	-211.8458	-218.043	6.197228	0.02305642	0.008087127	0.0149693	0.008087127
5440	-213.3402	-218.6918	5.351542	0.0140505	0.004392008	0.009658495	0.004392008
5450	-211.604	-217.5024	5.898372	0.01797359	0.005746975	0.01222662	0.005746975
5460	-216.7643	-222.796	6.031665	0.03440245	0.01779286	0.01660958	0.01779286
5470	-225.4279	-231.2226	5.794755	0.05145689	0.02637368	0.02508321	0.02637368
5480	-213.1638	-218.5403	5.376488	0.01403288	0.004179596	0.009853279	0.004179596
5490	-219.8137	-224.7517	4.937928	0.03531653	0.02562475	0.009691777	0.02562475
5500	-245.688	-249.8816	4.193595	0.1118607	0.08910373	0.02275697	0.08910373
5510	-223.0678	-226.8779	3.810099	0.03862934	0.03167589	0.006953459	0.03167589
5520	-230.7202	-235.3673	4.647063	0.06674898	0.05370475	0.01304423	0.05370475
5530	-223.2796	-229.383	6.103371	0.04234391	0.00927512	0.03306879	0.00927512
5540	-217.072	-223.1813	6.109329	0.03558489	0.01725749	0.0183274	0.01725749
5550	-211.6297	-216.7311	5.101404	0.01395953	0.001672869	0.01228666	0.001672869
5560	-213.3701	-219.0361	5.666028	0.02040071	0.009685833	0.01071488	0.009685833
5570	-211.6002	-217.8801	6.279951	0.02374347	0.007375068	0.0163684	0.007375068
5580	-213.1917	-218.8085	5.616758	0.01880164	0.008426097	0.01037554	0.008426097
5590	-210.5885	-216.7855	6.197007	0.02307463	0.003822561	0.01925207	0.003822561
5600	-212.096	-218.4583	6.362288	0.02617101	0.007301423	0.01886959	0.007301423
5610	-217.8962	-224.1884	6.292162	0.03672518	0.01074741	0.02597777	0.01074741
5620	-212.7274	-218.8016	6.074261	0.02380525	0.01003073	0.01377451	0.01003073
5630	-231.4247	-237.198	5.773299	0.05212601	0.01376337	0.03836264	0.01376337
5640	-211.6775	-217.9884	6.310868	0.02441386	0.007328257	0.0170856	0.007328257
5650	-233.036	-238.7065	5.670562	0.05526439	0.01694176	0.03832263	0.01694176
5660	-212.4632	-218.8432	6.380002	0.02730212	0.007046987	0.02025513	0.007046987
5670	-225.7333	-231.7459	6.012617	0.04498181	0.009854193	0.03512761	0.009854193
5680	-221.1203	-226.5356	5.415282	0.04210455	0.02880193	0.01330263	0.02880193
5690	-216.0581	-222.0292	5.971056	0.03213856	0.01706209	0.01507648	0.01706209
5700	-259.3473	-262.4827	3.135447	0.1751324	0.1520993	0.02303306	0.1520993
5710	-226.5832	-230.4947	3.911481	0.05022925	0.04223378	0.007995473	0.04223378
5720	-263.4598	-268.1034	4.643604	0.07091436	0.006714283	0.06420007	0.006714283
5730	-222.9614	-228.6109	5.649513	0.04783229	0.03012941	0.01770288	0.03012941
5740	-213.8608	-219.2032	5.342429	0.0167439	0.007556646	0.009187253	0.007556646
5750	-232.602	-238.0289	5.426912	0.06366176	0.0337349	0.02992686	0.0337349
5760	-226.2826	-232.0408	5.758235	0.05285616	0.02701762	0.02583854	0.02701762
5770	-233.9598	-239.6576	5.697719	0.05270694	0.01088485	0.04182209	0.01088485
5780	-215.9344	-222.28	6.345582	0.03375171	0.01005097	0.02370074	0.01005097
5790	-219.5845	-225.8119	6.227367	0.03799172	0.008095155	0.02989656	0.008095155
5800	-228.2968	-233.5969	5.300181	0.06051656	0.04201868	0.01849788	0.04201868
5810	-212.627	-218.2122	5.58519	0.0157712	0.005342215	0.01042899	0.005342215
5820	-216.5409	-221.4048	4.863912	0.02375986	0.01554899	0.008210868	0.01554899
5830	-215.0798	-220.6421	5.562301	0.03004674	0.001866408	0.02818033	0.001866408
5840	-213.6595	-220.0415	6.382035	0.02967902	0.008558118	0.02112091	0.008558118
5850	-233.8264	-239.1159	5.289475	0.06806517	0.03958584	0.02847933	0.03958584
5860	-215.1211	-221.2778	6.156763	0.03120898	0.01436219	0.01684679	0.01436219
5870	-218.6893	-224.7804	6.091092	0.03901171	0.01870775	0.02030396	0.01870775
5880	-217.7883	-224.0015	6.213204	0.03511212	0.00570038	0.02941174	0.00570038
5890	-243.2907	-247.9989	4.70825	0.08804302	0.05533882	0.0327042	0.05533882
5900	-229.5883	-232.7157	3.12739	0.05615901	0.04951092	0.006648088	0.04951092
5910	-212.2815	-218.6116	6.330111	0.02717539	0.005144799	0.02203059	0.005144799
5920	-215.1367	-221.4253	6.288547	0.0317802	0.005486622	0.02629358	0.005486622
5930	-210.5465	-215.481	4.934523	0.01606833	0.001183324	0.01488501	0.001183324
5940	-212.7809	-219.1293	6.348441	0.02738221	0.008830063	0.01855215	0.008830063
5950	-221.3675	-227.4848	6.117262	0.03920428	0.006421782	0.0327825	0.006421782
5960	-221.6443	-226.5035	4.859237	0.04029462	0.03026438	0.01003024	0.03026438
5970	-212.6072	-218.4177	5.810509	0.01965851	0.00821798	0.01144053	0.00821798
5980	-236.4452	-241.5025	5.057269	0.07605664	0.04869497	0.02736167	0.04869497
5990	-220.5657	-226.7706	6.204819	0.03956843	0.009447774	0.03012066	0.009447774
6000	-213.7248	-220.1105	6.385693	0.02985816	0.008096674	0.02176148	0.008096674
6010	-232.6484	-238.348	5.699645	0.05436945	0.01592761	0.03844184	0.01592761
6020	-221.4277	-227.5978	6.170121	0.04030578	0.00893695	0.03136883	0.00893695
6030	-212.2888	-217.52	5.231174	0.02547549	0.001298488	0.024177	0.001298488
6040	-218.6798	-224.8238	6.144033	0.038962	0.01730448	0.02165752	0.01730448
6050	-218.1519	-224.4382	6.286334	0.03699126	0.0104423	0.02654895	0.0104423
6060	-237.5473	-242.9111	5.363828	0.05149205	0.004257683	0.04723437	0.004257683
6070	-222.7946	-228.4085	5.613942	0.04736835	0.03040426	0.01696409	0.03040426
6080	-213.7598	-219.6664	5.906617	0.02491682	0.01221916	0.01269766	0.01221916
6090	-211.7693	-217.2633	5.49405	0.01447775	0.00288626	0.01159149	0.00288626
6100	-228.7054	-234.4755	5.770071	0.04517269	0.005152942	0.04001975	0.005152942
6110	-225.5997	-231.4082	5.808493	0.05139807	0.02551972	0.02587835	0.02551972
6120	-214.2031	-220.5071	6.303975	0.03019307	0.01137752	0.01881555	0.01137752
6130	-211.0837	-217.3273	6.243569	0.02219096	0.006268285	0.01592268	0.006268285
6140	-219.8449	-226.0715	6.226586	0.03941041	0.01145865	0.02795176	0.01145865
6150	-218.5601	-222.5331	3.973015	0.0114438	0.005472895	0.005970902	0.005472895
6160	-231.4432	-237.0063	5.563114	0.05946554	0.02795153	0.03151401	0.02795153
6170	-231.3656	-236.7879	5.422265	0.06352291	0.0365917	0.02693121	0.0365917
6180	-223.8623	-229.8639	6.001627	0.04654462	0.01820683	0.02833779	0.01820683
6190	-230.8522	-235.943	5.090754	0.06730367	0.04911454	0.01818913	0.04911454
6200	-215.2443	-220.7656	5.521288	0.02560967	0.01490912	0.01070055	0.01490912
6210	-213.1555	-219.4847	6.329251	0.028007	0.009702975	0.01830402	0.009702975
6220	-212.8891	-219.2633	6.374157	0.02797238	0.008267333	0.01970505	0.008267333
6230	-217.6282	-223.8328	6.204557	0.0348423	0.005462737	0.02937956	0.005462737
6240	-236.1982	-241.5205	5.322364	0.06623585	0.03134196	0.03489389	0.03134196
6250	-222.9113	-228.8758	5.964447	0.04642685	0.02158948	0.02483737	0.02158948
6260	-213.267	-219.6466	6.379578	0.02904615	0.006738543	0.02230761	0.006738543
6270	-232.9732	-238.459	5.48577	0.06168583	0.02908029	0.03260553	0.02908029
6280	-226.9859	-232.8596	5.873711	0.05047689	0.01915462	0.03132228	0.01915462
6290	-220.645	-226.0015	5.356497	0.04043446	0.02790855	0.01252591	0.02790855
6300	-227.7681	-233.5877	5.819639	0.05202593	0.02072233	0.0313036	0.02072233
6310	-214.6465	-221.0203	6.373858	0.03153922	0.009010908	0.02252831	0.009010908
6320	-215.6713	-221.8279	6.156542	0.03256184	0.01509566	0.01746618	0.01509566
6330	-222.3905	-228.4788	6.08831	0.04032314	0.006669383	0.03365376	0.006669383
6340	-214.1303	-220.4733	6.343004	0.03044752	0.006022283	0.02442524	0.006022283
6350	-228.105	-233.1622	5.057195	0.06004598	0.04505496	0.01499102	0.04505496
6360	-232.5374	-238.1069	5.569546	0.05901334	0.02483688	0.03417646	0.02483688
6370	-213.0212	-219.2129	6.191618	0.0260844	0.01061612	0.01546828	0.01061612
6380	-214.3534	-220.6347	6.281274	0.03035577	0.01192007	0.0184357	0.01192007
6390	-212.0488	-218.3133	6.264463	0.02452284	0.008405038	0.0161178	0.008405038
6400	-222.7445	-228.7796	6.035079	0.04521771	0.01837687	0.02684085	0.01837687
6410	-214.4403	-220.7324	6.292096	0.03064252	0.01182932	0.0188132	0.01182932
6420	-218.5467	-224.627	6.080287	0.03871111	0.01888389	0.01982721	0.01888389
6430	-210.2657	-216.3958	6.130061	0.02027846	0.004078339	0.01620012	0.004078339
6440	-212.4554	-216.7703	4.314858	0.0131182	0.0009279203	0.01219028	0.0009279203
6450	-223.5935	-229.3649	5.771359	0.04901862	0.02806999	0.02094862	0.02806999
6460	-216.5173	-222.7018	6.184535	0.03468267	0.01554151	0.01914116	0.01554151
6470	-237.1748	-242.3488	5.173993	0.07145355	0.03876107	0.03269249	0.03876107
6480	-224.1047	-228.1043	3.999659	0.04291237	0.03524915	0.007663218	0.03524915
6490	-210.6622	-216.7624	6.100258	0.01949646	0.004895536	0.01460093	0.004895536
6500	-222.7635	-228.8345	6.070962	0.04450996	0.01622366	0.0282863	0.01622366
6510	-210.5223	-216.3948	5.872467	0.01724784	0.003409641	0.0138382	0.003409641
6520	-239.2276	-244.1198	4.892179	0.08214314	0.05338992	0.02875322	0.05338992
6530	-212.1183	-218.4307	6.31236	0.02537891	0.008217188	0.01716172	0.008217188
6540	-212.24	-218.2601	6.020092	0.0215998	0.008573384	0.01302642	0.008573384
6550	-229.3585	-234.8311	5.472597	0.06082486	0.03675538	0.02406948	0.03675538
6560	-213.955	-219.5845	5.629511	0.02221747	0.01148413	0.01073334	0.01148413
6570	-211.4471	-217.5239	6.076839	0.0202816	0.006700691	0.01358091	0.006700691
6580	-220.8625	-226.6156	5.753127	0.04307448	0.02617659	0.01689789	0.02617659
6590	-216.391	-222.7062	6.315207	0.03385363	0.007093772	0.02675985	0.007093772
6600	-210.1055	-216.1947	6.089148	0.02061018	0.003472723	0.01713746	0.003472723
6610	-222.2477	-228.2509	6.003176	0.04520233	0.02058495	0.02461738	0.02058495
6620	-214.2615	-220.6335	6.372031	0.03079067	0.007132536	0.02365813	0.007132536
6630	-229.1447	-234.9623	5.817665	0.05182758	0.01731683	0.03451075	0.01731683
6640	-220.226	-226.1757	5.949742	0.04206407	0.02252043	0.01954365	0.02252043
6650	-220.7072	-226.8001	6.092932	0.04237217	0.01820308	0.02416909	0.01820308
6660	-216.3713	-222.4144	6.043105	0.03349551	0.01712994	0.01636556	0.01712994
6670	-227.639	-232.7798	5.140849	0.05891274	0.04337705	0.01553569	0.04337705
6680	-213.8496	-220.2332	6.38352	0.03010846	0.007527011	0.02258145	0.007527011
6690	-218.5022	-224.091	5.588832	0.03595851	0.02291333	0.01304517	0.02291333
6700	-211.6796	-217.8364	6.15685	0.02585797	0.003451656	0.02240631	0.003451656
6710	-217.085	-223.2568	6.171773	0.03586079	0.01617066	0.01969012	0.01617066
6720	-216.3163	-222.4349	6.118626	0.03386461	0.01631699	0.01754762	0.01631699
6730	-217.1239	-222.6011	5.47728	0.03115188	0.01975593	0.01139595	0.01975593
6740	-215.0882	-220.799	5.710812	0.02700397	0.01511672	0.01188725	0.01511672
6750	-237.7804	-243.2693	5.488831	0.059232	0.0167547	0.0424773	0.0167547
6760	-224.2215	-229.0785	4.85698	0.03860928	0.001345904	0.03726337	0.001345904
6770	-219.5893	-225.7163	6.12701	0.04053755	0.01762631	0.02291124	0.01762631
6780	-228.2373	-233.2948	5.057507	0.06041696	0.04531368	0.01510328	0.04531368
6790	-225.612	-230.14	4.527977	0.05037063	0.04039758	0.009973049	0.04039758
6800	-211.1999	-217.096	5.896164	0.02452718	0.002384825	0.02214236	0.002384825
6810	-232.2659	-237.9265	5.660522	0.05602848	0.01968032	0.03634816	0.01968032
6820	-217.172	-223.4844	6.312375	0.03519022	0.008359204	0.02683101	0.008359204
6830	-215.5823	-220.8532	5.270885	0.02421954	0.01470448	0.009515056	0.01470448
6840	-224.5766	-230.553	5.976388	0.04739829	0.01823352	0.02916477	0.01823352
6850	-217.4771	-223.5726	6.095575	0.03644333	0.01784455	0.01859879	0.01784455
6860	-214.4788	-220.7798	6.301056	0.03084127	0.005379469	0.0254618	0.005379469
6870	-221.4001	-227.5619	6.161773	0.03995924	0.008141382	0.03181786	0.008141382
6880	-228.1267	-233.9016	5.774826	0.05329768	0.0226616	0.03063608	0.0226616
6890	-232.2766	-237.9033	5.626651	0.0571864	0.02185227	0.03533413	0.02185227
6900	-216.1814	-222.2221	6.040744	0.03299678	0.0168624	0.01613438	0.0168624
6910	-221.6306	-227.775	6.1444	0.04228774	0.01371524	0.0285725	0.01371524
6920	-222.6604	-226.5188	3.858423	0.03760414	0.03062118	0.006982953	0.03062118
6930	-212.0093	-218.1282	6.11881	0.02643822	0.003269044	0.02316918	0.003269044
6940	-234.5449	-238.8532	4.308298	0.07828027	0.06559505	0.01268521	0.06559505
6950	-216.2478	-222.2332	5.985444	0.0323186	0.003226074	0.02909253	0.003226074
6960	-214.5626	-220.8835	6.320893	0.03112181	0.01132913	0.01979267	0.01132913
6970	-233.82	-238.6226	4.802578	0.07604724	0.05886218	0.01718505	0.05886218
6980	-234.9121	-240.4076	5.495446	0.06060705	0.0235336	0.03707345	0.0235336
6990	-231.3978	-237.1797	5.781832	0.05169653	0.01299931	0.03869721	0.01299931
7000	-213.5108	-219.8938	6.382985	0.02949338	0.007111747	0.02238163	0.007111747
7010	-216.2715	-222.613	6.341534	0.03407319	0.008817124	0.02525607	0.008817124
7020	-215.1301	-221.0395	5.909339	0.02904193	0.0154053	0.01363663	0.0154053
7030	-211.0666	-217.1727	6.10608	0.02448885	0.003161168	0.02132768	0.003161168
7040	-212.1527	-218.2278	6.075176	0.02213284	0.008579791	0.01355304	0.008579791
7050	-220.3606	-226.4528	6.092177	0.04190701	0.01849777	0.02340924	0.01849777
7060	-213.914	-219.741	5.826985	0.02448888	0.01237715	0.01211173	0.01237715
7070	-237.5758	-243.0456	5.469818	0.05234835	0.00553226	0.04681609	0.00553226
7080	-211.0343	-217.3393	6.30498	0.02350361	0.005630245	0.01787336	0.005630245
7090	-220.4299	-226.591	6.161107	0.04124086	0.01520594	0.02603492	0.01520594
7100	-231.1303	-236.8336	5.703274	0.05501499	0.01981396	0.03520103	0.01981396
7110	-213.6905	-219.5462	5.855697	0.02409636	0.01187519	0.01222116	0.01187519
7120	-219.562	-225.6647	6.102668	0.04060443	0.01846737	0.02213706	0.01846737
7130	-212.5642	-218.786	6.221837	0.025246	0.009611642	0.01563436	0.009611642
7140	-249.677	-252.3481	2.671119	0.1377451	0.1277121	0.01003301	0.1277121
7150	-223.2356	-228.3742	5.138612	0.04653001	0.03411841	0.0124116	0.03411841
7160	-211.5278	-217.7741	6.24633	0.02305503	0.007321893	0.01573314	0.007321893
7170	-217.9789	-223.112	5.133137	0.03107593	0.02120415	0.009871779	0.02120415
7180	-235.1656	-239.9677	4.802095	0.07950284	0.06072224	0.0187806	0.06072224
7190	-227.1714	-232.7648	5.593403	0.05629941	0.03330759	0.02299182	0.03330759
7200	-212.3891	-218.1677	5.778577	0.01832275	0.007077893	0.01124486	0.007077893
7210	-211.8652	-217.8409	5.975735	0.01981762	0.007203656	0.01261396	0.007203656
7220	-213.2579	-219.6214	6.363494	0.02902116	0.006114529	0.02290663	0.006114529
7230	-211.3237	-217.4367	6.113003	0.02055894	0.006568483	0.01399046	0.006568483
7240	-212.7426	-219.0994	6.356826	0.02806842	0.00576654	0.02230188	0.00576654
7250	-225.9633	-231.4864	5.523107	0.05465392	0.03525914	0.01939478	0.03525914
7260	-213.3816	-219.7239	6.342321	0.02919924	0.005650584	0.02354866	0.005650584
7270	-215.9006	-222.1994	6.298786	0.03377991	0.01249813	0.02128178	0.01249813
7280	-221.7083	-227.8405	6.132153	0.04263599	0.01446847	0.02816752	0.01446847
7290	-214.8113	-220.1158	5.304508	0.02146958	0.01213025	0.009339335	0.01213025
7300	-226.2371	-230.2511	4.013984	0.04965818	0.04143585	0.008222332	0.04143585
7310	-212.4407	-218.3825	5.941835	0.02109174	0.008706787	0.01238495	0.008706787
7320	-234.0269	-238.7321	4.705288	0.07690387	0.06081123	0.01609264	0.06081123
7330	-232.7668	-237.8752	5.108451	0.07121744	0.04992484	0.0212926	0.04992484
7340	-218.3163	-223.7511	5.434815	0.03433345	0.02257571	0.01175773	0.02257571
7350	-239.3848	-243.2973	3.912517	0.09482556	0.08232658	0.01249897	0.08232658
7360	-217.5176	-223.7739	6.256274	0.03667548	0.01370558	0.0229699	0.01370558
7370	-218.1606	-224.3991	6.238497	0.03773916	0.01403085	0.02370831	0.01403085
7380	-211.7156	-217.9987	6.283106	0.02601226	0.004462492	0.02154977	0.004462492
7390	-210.7784	-217.0545	6.276072	0.02313789	0.004862753	0.01827513	0.004862753
7400	-211.1489	-217.2784	6.129426	0.02469859	0.003281232	0.02141736	0.003281232
7410	-258.1016	-262.2159	4.114287	0.1006148	0.05332122	0.04729358	0.05332122
7420	-216.6935	-222.9575	6.263964	0.0352444	0.01366789	0.02157651	0.01366789
7430	-217.3091	-223.1749	5.865771	0.03466502	0.01975935	0.01490566	0.01975935
7440	-226.7958	-232.4961	5.70025	0.05431775	0.02910868	0.02520907	0.02910868
7450	-218.886	-225.0139	6.127911	0.03936122	0.01777508	0.02158614	0.01777508
7460	-213.8447	-220.1667	6.322064	0.02952725	0.0106667	0.01886054	0.0106667
7470	-221.3066	-227.3166	6.01002	0.04387232	0.02099669	0.02287562	0.02099669
7480	-221.6583	-227.7597	6.101407	0.04324138	0.01654726	0.02669411	0.01654726
7490	-240.0548	-245.1385	5.083685	0.05246449	0.003076902	0.04938759	0.003076902
7500	-219.3629	-223.8289	4.465966	0.03070322	0.02289567	0.007807546	0.02289567
7510	-219.3233	-225.5644	6.241128	0.03885214	0.01176283	0.0270893	0.01176283
7520	-215.9426	-222.2883	6.345675	0.0337617	0.01002301	0.02373869	0.01002301
7530	-211.4566	-217.7827	6.326131	0.02432676	0.006611521	0.01771524	0.006611521
7540	-229.5481	-235.1463	5.598258	0.05826956	0.03002976	0.0282398	0.03002976
7550	-215.5834	-221.8145	6.231133	0.03283688	0.01395323	0.01888365	0.01395323
7560	-211.5294	-217.5082	5.978761	0.01899438	0.006244679	0.0127497	0.006244679
7570	-210.5531	-216.2108	5.657681	0.01622767	0.002551539	0.01367613	0.002551539
7580	-253.4285	-258.372	4.943442	0.06988859	0.01487506	0.05501353	0.01487506
7590	-214.9078	-221.2382	6.33045	0.03190484	0.01124622	0.02065862	0.01124622
7600	-221.8007	-227.5845	5.78387	0.04533267	0.02679709	0.01853558	0.02679709
7610	-214.3729	-220.0641	5.691188	0.02446644	0.01311795	0.01134849	0.01311795
7620	-216.8478	-222.8497	6.001908	0.03441445	0.01816356	0.01625089	0.01816356
7630	-238.9618	-243.9522	4.99046	0.07808378	0.04687269	0.03121108	0.04687269
7640	-221.0778	-227.1312	6.053432	0.04321545	0.01951661	0.02369884	0.01951661
7650	-232.0615	-237.414	5.352489	0.06567198	0.03929151	0.02638048	0.03929151
7660	-218.9026	-225.133	6.230407	0.03874569	0.01356963	0.02517606	0.01356963
7670	-211.454	-217.4632	6.009242	0.02521765	0.002757338	0.02246032	0.002757338
7680	-233.8682	-239.1897	5.321501	0.06702782	0.03745047	0.02957735	0.03745047
7690	-227.9148	-233.6629	5.748074	0.04416957	0.004557839	0.03961174	0.004557839
7700	-218.24	-222.6765	4.436429	0.02654728	0.01914499	0.007402294	0.01914499
7710	-214.3666	-220.6209	6.254266	0.03016185	0.01231831	0.01784354	0.01231831
7720	-226.3012	-231.5458	5.24456	0.05549938	0.03993122	0.01556817	0.03993122
7730	-227.9348	-233.8632	5.928373	0.04702312	0.009893353	0.03712977	0.009893353
7740	-210.7876	-217.0459	6.258303	0.02223749	0.005419186	0.01681831	0.005419186
7750	-212.7689	-219.0821	6.313182	0.02690692	0.009354385	0.01755254	0.009354385
7760	-215.6148	-220.3977	4.782861	0.01646091	0.008939853	0.007521056	0.008939853
7770	-219.2056	-225.0617	5.856096	0.03945077	0.02283727	0.01661349	0.02283727
7780	-213.7627	-219.9501	6.187369	0.02800522	0.01200278	0.01600243	0.01200278
7790	-222.9021	-227.0783	4.176206	0.04014184	0.03226436	0.007877488	0.03226436
7800	-212.7732	-219.0939	6.320741	0.02701135	0.009266577	0.01774477	0.009266577
7810	-226.3661	-232.0054	5.639227	0.05461958	0.03196919	0.02265039	0.03196919
7820	-222.6704	-228.6621	5.991661	0.04581579	0.0206392	0.02517659	0.0206392
7830	-218.823	-224.8182	5.995179	0.03542106	0.00380443	0.03161663	0.00380443
7840	-217.5551	-223.1454	5.590351	0.03329897	0.02084815	0.01245082	0.02084815
7850	-210.1705	-215.7686	5.598093	0.02117501	0.001768003	0.019407	0.001768003
7860	-214.0214	-220.0574	6.035976	0.02948949	0.003117047	0.02637244	0.003117047
7870	-236.587	-241.4513	4.864262	0.08146819	0.059196	0.0222722	0.059196
7880	-244.5632	-248.4784	3.915219	0.1140963	0.09785667	0.01623962	0.09785667
7890	-212.5207	-218.4021	5.88146	0.02693736	0.002411977	0.02452538	0.002411977
7900	-210.067	-215.2455	5.178463	0.01869037	0.001289532	0.01740084	0.001289532
7910	-232.6562	-237.8803	5.224183	0.06911933	0.04515449	0.02396484	0.04515449
7920	-225.0882	-230.8177	5.729438	0.05181481	0.02924197	0.02257285	0.02924197
7930	-218.8691	-225.1057	6.236579	0.03862484	0.01323716	0.02538768	0.01323716
7940	-225.6718	-231.2222	5.550384	0.05395223	0.03444711	0.01950511	0.03444711
7950	-214.9852	-219.9649	4.979674	0.01396167	0.005876549	0.008085123	0.005876549
7960	-240.1222	-245.1602	5.03805	0.07518825	0.03989828	0.03528998	0.03989828
7970	-248.8708	-252.7316	3.860738	0.1276346	0.1068836	0.02075101	0.1068836
7980	-226.1006	-230.8396	4.738982	0.05292216	0.04166157	0.01126059	0.04166157
7990	-238.4322	-243.6	5.16783	0.07095263	0.03564199	0.03531064	0.03564199
8000	-216.3819	-222.6049	6.222927	0.03454375	0.01468474	0.01985901	0.01468474
8010	-254.8747	-259.0828	4.208028	0.1000167	0.05632001	0.04369671	0.05632001
8020	-227.7104	-233.6433	5.932862	0.04778453	0.0118449	0.03593962	0.0118449
8030	-226.3739	-232.0417	5.667783	0.05430501	0.03088772	0.02341729	0.03088772
8040	-212.823	-218.869	6.045975	0.0277073	0.003011152	0.02469615	0.003011152
8050	-211.6985	-217.7675	6.069007	0.02078108	0.007334637	0.01344645	0.007334637
8060	-225.8519	-231.8332	5.981333	0.04720145	0.01446101	0.03274044	0.01446101
8070	-238.9283	-244.3412	5.412857	0.06139419	0.01879507	0.04259912	0.01879507
8080	-213.8846	-220.2052	6.320651	0.02997578	0.005448548	0.02452723	0.005448548
8090	-214.7795	-221.0996	6.320024	0.03158276	0.01148961	0.02009315	0.01148961
8100	-215.5608	-221.8032	6.242387	0.03285016	0.01373256	0.01911761	0.01373256
8110	-262.1412	-266.8516	4.710368	0.07247706	0.01007287	0.0624042	0.01007287
8120	-222.2456	-227.3327	5.087113	0.0434024	0.03186596	0.01153644	0.03186596
8130	-213.0411	-219.0441	6.002999	0.02797406	0.002859515	0.02511454	0.002859515
8140	-216.5035	-222.266	5.762472	0.03166538	0.01845356	0.01321183	0.01845356
8150	-239.5267	-244.4152	4.888498	0.08219933	0.05284814	0.02935118	0.05284814
8160	-216.4009	-222.545	6.144155	0.03421602	0.01608309	0.01813293	0.01608309
8170	-219.8127	-225.8371	6.024423	0.04122595	0.02067034	0.02055561	0.02067034
8180	-210.1096	-216.1557	6.046105	0.02127098	0.003062647	0.01820834	0.003062647
8190	-235.0184	-240.6199	5.601575	0.05667125	0.01634863	0.04032262	0.01634863
8200	-221.3431	-226.5266	5.18347	0.04137034	0.02967479	0.01169555	0.02967479
8210	-215.6052	-221.9477	6.342507	0.03283408	0.007274536	0.02555954	0.007274536
8220	-210.3334	-216.077	5.74365	0.01691042	0.002670976	0.01423944	0.002670976
8230	-213.5475	-219.2896	5.742042	0.02217274	0.01088432	0.01128842	0.01088432
8240	-247.8576	-252.4941	4.636465	0.08637563	0.04578897	0.04058665	0.04578897
8250	-217.1697	-223.461	6.291304	0.03595437	0.01228136	0.02367301	0.01228136
8260	-231.2068	-236.9062	5.699419	0.05511759	0.0198695	0.03524809	0.0198695
8270	-226.2125	-231.8109	5.598418	0.05473849	0.03336052	0.02137797	0.03336052
8280	-210.3734	-216.5496	6.176217	0.02088927	0.004395608	0.01649366	0.004395608
8290	-218.8069	-225.066	6.259154	0.03721679	0.008426884	0.02878991	0.008426884
8300	-215.8499	-221.4685	5.618551	0.02849439	0.01684031	0.01165408	0.01684031
8310	-212.1712	-218.4791	6.307898	0.02695505	0.004797112	0.02215794	0.004797112
8320	-223.9173	-229.627	5.709623	0.0498715	0.02975905	0.02011245	0.02975905
8330	-219.8629	-225.9648	6.101905	0.03712376	0.005151001	0.03197276	0.005151001
8340	-214.3231	-220.661	6.337894	0.03071849	0.01072073	0.01999777	0.01072073
8350	-214.9245	-220.8419	5.917415	0.02852783	0.0149589	0.01356894	0.0149589
8360	-216.7815	-223.0058	6.224292	0.03536959	0.01482812	0.02054148	0.01482812
8370	-218.0618	-224.0666	6.004763	0.03739405	0.01972938	0.01766467	0.01972938
8380	-214.7872	-221.0183	6.231112	0.03098237	0.01312639	0.01785598	0.01312639
8390	-217.9407	-221.7977	3.85695	0.01819077	0.01233429	0.005856486	0.01233429
8400	-214.8218	-220.2158	5.393981	0.02265648	0.01286639	0.009790093	0.01286639
8410	-240.6547	-244.7807	4.12601	0.09938773	0.084179	0.01520873	0.084179
8420	-224.9443	-230.403	5.458675	0.05236511	0.03532289	0.01704222	0.03532289
8430	-242.0674	-246.8757	4.80835	0.08417434	0.05127478	0.03289955	0.05127478
8440	-229.903	-235.3961	5.493159	0.06094344	0.03513217	0.02581126	0.03513217
8450	-212.0473	-218.0882	6.040888	0.02638961	0.00291635	0.02347326	0.00291635
8460	-230.445	-236.0378	5.592842	0.05859598	0.028449	0.03014698	0.028449
8470	-239.6994	-244.9166	5.217156	0.06817347	0.02896357	0.0392099	0.02896357
8480	-211.412	-217.6607	6.248661	0.02534265	0.004111299	0.02123135	0.004111299
8490	-223.9026	-229.9856	6.08295	0.04351756	0.01055085	0.03296671	0.01055085
8500	-210.2742	-215.7539	5.479691	0.01654824	0.001909891	0.01463834	0.001909891
8510	-214.4426	-220.1244	5.681787	0.02459776	0.01327743	0.01132033	0.01327743
8520	-213.7214	-220.0488	6.327391	0.02973056	0.005500163	0.02423039	0.005500163
8530	-230.3817	-235.5506	5.16886	0.06583167	0.04690676	0.01892491	0.04690676
8540	-213.5108	-219.8925	6.381692	0.02949398	0.007016194	0.02247779	0.007016194
8550	-226.558	-232.4975	5.939448	0.0443055	0.006938243	0.03736726	0.006938243
8560	-224.4866	-230.4042	5.917619	0.04859272	0.02172801	0.02686471	0.02172801
8570	-218.1074	-224.0481	5.940719	0.03718085	0.02049904	0.0166818	0.02049904
8580	-233.9168	-239.0553	5.138572	0.07227954	0.04808479	0.02419475	0.04808479
8590	-214.6099	-220.9063	6.296452	0.0310596	0.01190572	0.01915387	0.01190572
8600	-210.5542	-215.6016	5.047364	0.0211675	0.001120273	0.02004723	0.001120273
8610	-211.6211	-217.9693	6.348139	0.0251077	0.006509842	0.01859786	0.006509842
8620	-218.2026	-223.361	5.158352	0.03307563	0.001434799	0.03164083	0.001434799
8630	-230.5642	-236.3739	5.809633	0.05120635	0.01347042	0.03773593	0.01347042
8640	-216.5919	-221.0183	4.426324	0.01734132	0.0105541	0.006787213	0.0105541
8650	-230.6191	-236.3389	5.719769	0.05463756	0.02005116	0.0345864	0.02005116
8660	-214.8119	-220.9497	6.137859	0.03082807	0.003820016	0.02700805	0.003820016
8670	-237.1455	-242.3049	5.159351	0.07205036	0.0398705	0.03217986	0.0398705
8680	-232.7257	-236.9131	4.18733	0.07169038	0.06065542	0.01103496	0.06065542
8690	-214.4003	-220.1201	5.719767	0.02487832	0.01331306	0.01156526	0.01331306
8700	-224.5604	-229.485	4.9246	0.04926077	0.03760178	0.01165899	0.03760178
8710	-211.3226	-217.6465	6.323952	0.0241243	0.006261612	0.01786269	0.006261612
8720	-218.126	-224.1488	6.022837	0.03762231	0.01955555	0.01806676	0.01955555
8730	-215.2388	-221.5969	6.358123	0.03236838	0.007622304	0.02474607	0.007622304
8740	-215.4215	-221.7638	6.342266	0.03293072	0.01079233	0.02213839	0.01079233
8750	-214.3995	-220.6503	6.250863	0.030212	0.01240232	0.01780968	0.01240232
8760	-214.4171	-220.7668	6.349656	0.03099397	0.01040782	0.02058616	0.01040782
8770	-211.1379	-217.4355	6.297668	0.02450197	0.004781318	0.01972065	0.004781318
8780	-214.4409	-220.8029	6.362059	0.03111181	0.009915615	0.02119619	0.009915615
8790	-215.8588	-220.5618	4.702968	0.01459051	0.007281712	0.007308801	0.007281712
8800	-226.7263	-231.9596	5.233292	0.05661129	0.04079283	0.01581846	0.04079283
8810	-220.6562	-226.719	6.062729	0.04254398	0.01942812	0.02311586	0.01942812
8820	-219.9022	-225.8914	5.989229	0.04141283	0.02151551	0.01989731	0.02151551
8830	-213.3058	-219.4597	6.153904	0.0264166	0.01128605	0.01513055	0.01128605
8840	-219.6684	-225.6746	6.006181	0.04094237	0.02103379	0.01990857	0.02103379
8850	-222.4512	-228.4798	6.028609	0.03983079	0.005488191	0.0343426	0.005488191
8860	-215.582	-221.5564	5.974369	0.03088575	0.01618188	0.01470387	0.01618188
8870	-214.1636	-219.6362	5.472627	0.02869702	0.001666855	0.02703016	0.001666855
8880	-232.8759	-238.2661	5.390206	0.04733211	0.003318767	0.04401334	0.003318767
8890	-210.1866	-216.3091	6.122471	0.02128673	0.003551477	0.01773526	0.003551477
8900	-218.0827	-223.98	5.8973	0.03687233	0.02084167	0.01603065	0.02084167
8910	-212.353	-218.5935	6.240558	0.02723484	0.00410813	0.02312671	0.00410813
8920	-216.6567	-222.9077	6.251001	0.03516704	0.01406934	0.0210977	0.01406934
8930	-216.9255	-222.3896	5.464169	0.03044723	0.01924016	0.01120707	0.01924016
8940	-217.3073	-223.5975	6.290193	0.0350623	0.007273939	0.02778836	0.007273939
8950	-213.9164	-220.0311	6.114715	0.0276612	0.01258806	0.01507314	0.01258806
8960	-221.4554	-227.1116	5.656203	0.0441846	0.0280291	0.0161555	0.0280291
8970	-220.3979	-226.4283	6.030464	0.04228959	0.02057178	0.02171782	0.02057178
8980	-217.5121	-223.7081	6.195987	0.0346392	0.00527325	0.02936595	0.00527325
8990	-210.9743	-217.2185	6.244259	0.02206137	0.005991714	0.01606965	0.005991714
9000	-218.9116	-225.1484	6.236798	0.03697254	0.007348356	0.02962418	0.007348356
9010	-219.9832	-226.1648	6.181618	0.03792787	0.006774623	0.03115324	0.006774623
9020	-219.3475	-225.5949	6.247396	0.03856031	0.01065919	0.02790112	0.01065919
9030	-219.3304	-225.3185	5.988145	0.04020925	0.02118094	0.01902831	0.02118094
9040	-215.6581	-221.35	5.691957	0.02857967	0.01649904	0.01208062	0.01649904
9050	-212.8226	-219.075	6.252457	0.02807664	0.00429313	0.02378351	0.00429313
9060	-213.8729	-220.1494	6.276577	0.02917193	0.01140418	0.01776775	0.01140418
9070	-225.4767	-231.0231	5.546445	0.05354985	0.03439625	0.0191536	0.03439625
9080	-212.9069	-219.2038	6.296862	0.02703949	0.009757617	0.01728187	0.009757617
9090	-223.141	-229.2407	6.099735	0.04366095	0.01281306	0.03084789	0.01281306
9100	-212.5872	-218.9663	6.379105	0.02746025	0.007528675	0.01993157	0.007528675
9110	-212.9758	-219.3419	6.36608	0.02850772	0.006086234	0.02242149	0.006086234
9120	-212.791	-218.7964	6.005339	0.02309645	0.01000668	0.01308977	0.01000668
9130	-221.0482	-226.4363	5.38811	0.0417488	0.02872284	0.01302595	0.02872284
9140	-218.5462	-224.8209	6.274638	0.03745983	0.01029507	0.02716477	0.01029507
9150	-214.6109	-220.9815	6.370527	0.03147274	0.009384498	0.02208824	0.009384498
9160	-215.7866	-222.1392	6.352621	0.03345379	0.009464403	0.02398939	0.009464403
9170	-230.1814	-235.8585	5.677068	0.05609606	0.02387513	0.03222094	0.02387513
9180	-224.6922	-227.8448	3.152676	0.04036128	0.03444906	0.005912226	0.03444906
9190	-214.4946	-220.8559	6.361269	0.0312149	0.009961339	0.02125356	0.009961339
9200	-230.0688	-235.3863	5.317511	0.06400463	0.04252836	0.02147628	0.04252836
9210	-224.021	-230.0981	6.077076	0.04390843	0.01118169	0.03272674	0.01118169
9220	-233.4624	-238.9482	5.485793	0.06154042	0.02783952	0.0337009	0.02783952
9230	-223.4544	-229.4419	5.987478	0.04658368	0.01974842	0.02683525	0.01974842
9240	-221.1602	-227.323	6.162747	0.0416588	0.01351657	0.02814223	0.01351657
9250	-241.1324	-244.231	3.098613	0.0992905	0.09022384	0.009066665	0.09022384
9260	-235.5317	-240.6825	5.150849	0.04888454	0.002712236	0.0461723	0.002712236
9270	-218.2359	-222.4323	4.196437	0.01047044	0.003887834	0.006582606	0.003887834
9280	-210.6044	-216.8258	6.221384	0.02301324	0.004068995	0.01894425	0.004068995
9290	-213.8311	-219.8194	5.988349	0.02912298	0.002891386	0.02623159	0.002891386
9300	-236.689	-242.2042	5.515176	0.05893317	0.01781012	0.04112306	0.01781012
9310	-218.5661	-224.7572	6.191071	0.03861981	0.01574959	0.02287022	0.01574959
9320	-214.4948	-220.8322	6.337318	0.03101133	0.006102054	0.02490928	0.006102054
9330	-213.3813	-219.1196	5.738297	0.02150293	0.01031371	0.01118922	0.01031371
9340	-213.6426	-219.9849	6.342331	0.02964105	0.005760029	0.02388102	0.005760029
9350	-210.2465	-216.3792	6.13275	0.02170942	0.003536246	0.01817317	0.003536246
9360	-219.075	-225.2078	6.132839	0.03967826	0.01760107	0.02207719	0.01760107
9370	-215.9632	-220.91	4.946798	0.02216391	0.01386791	0.008295995	0.01386791
9380	-215.2545	-220.8012	5.546749	0.02590259	0.01504132	0.01086126	0.01504132
9390	-225.1179	-230.2891	5.171253	0.05201557	0.03814887	0.0138667	0.03814887
9400	-212.7818	-218.0859	5.3041	0.01338332	0.002922825	0.01046049	0.002922825
9410	-224.0605	-230.0197	5.959197	0.04752418	0.02024044	0.02728374	0.02024044
9420	-212.3617	-217.9573	5.595558	0.01532496	0.004603468	0.01072149	0.004603468
9430	-221.9576	-228.0597	6.102058	0.03986838	0.006600045	0.03326833	0.006600045
9440	-216.2403	-222.4832	6.24284	0.03315074	0.005320068	0.02783067	0.005320068
9450	-221.569	-227.1917	5.622623	0.0443397	0.02851028	0.01582942	0.02851028
9460	-212.922	-218.7208	5.798773	0.02065214	0.009216506	0.01143564	0.009216506
9470	-222.2877	-227.7031	5.415388	0.04529787	0.03116888	0.01412899	0.03116888
9480	-228.9271	-234.8126	5.885471	0.0489382	0.01192213	0.03701607	0.01192213
9490	-217.4882	-223.6797	6.191505	0.03458381	0.005198607	0.02938521	0.005198607
9500	-212.8542	-219.2075	6.353301	0.02760941	0.008832754	0.01877666	0.008832754
9510	-220.6144	-226.7085	6.094059	0.04224117	0.01823586	0.02400531	0.01823586
9520	-221.485	-227.5773	6.092273	0.04324221	0.01732149	0.02592073	0.01732149
9530	-214.1409	-220.4539	6.312994	0.03012499	0.01114578	0.01897921	0.01114578
9540	-229.1283	-234.9521	5.823879	0.04623213	0.006412189	0.03981994	0.006412189
9550	-229.86	-235.5756	5.715678	0.05495403	0.02222825	0.03272578	0.02222825
9560	-229.5737	-235.312	5.738279	0.05430081	0.02149695	0.03280386	0.02149695
9570	-237.35	-239.2572	1.907226	0.07833638	0.07276357	0.005572813	0.07276357
9580	-212.8059	-219.1755	6.369572	0.02818208	0.006152902	0.02202917	0.006152902
9590	-221.9956	-228.0431	6.047513	0.04437109	0.01885255	0.02551854	0.01885255
9600	-226.2894	-232.1722	5.882779	0.04330175	0.00547212	0.03782963	0.00547212
9610	-223.9428	-229.4799	5.537047	0.05001644	0.03292256	0.01709388	0.03292256
9620	-210.8402	-216.9328	6.092676	0.01950252	0.005263067	0.01423946	0.005263067
9630	-210.4968	-216.4503	5.953506	0.01789104	0.003788716	0.01410232	0.003788716
9640	-214.7484	-221.0317	6.28328	0.03118255	0.005224399	0.02595815	0.005224399
9650	-229.1237	-234.9251	5.80138	0.04594983	0.005910876	0.04003895	0.005910876
9660	-230.7467	-236.4514	5.704764	0.0550944	0.02070429	0.03439011	0.02070429
9670	-228.8678	-234.6238	5.75591	0.04524569	0.005046777	0.04019892	0.005046777
9680	-213.2057	-218.5054	5.299782	0.0270572	0.001399573	0.02565762	0.001399573
9690	-223.8316	-229.8193	5.987748	0.04121066	0.005671381	0.03553928	0.005671381
9700	-225.336	-231.2308	5.89478	0.0495598	0.02147435	0.02808545	0.02147435
9710	-210.9684	-217.1073	6.138859	0.02032751	0.005795114	0.0145324	0.005795114
9720	-214.1145	-220.2563	6.141818	0.02985311	0.003702784	0.02615033	0.003702784
9730	-218.3317	-224.6101	6.278389	0.03734105	0.01089576	0.02644529	0.01089576
9740	-219.5086	-225.2334	5.724849	0.03545529	0.002658098	0.03279719	0.002658098
9750	-214.7112	-221.0739	6.362744	0.03164195	0.009879372	0.02176258	0.009879372
9760	-215.742	-220.4791	4.73712	0.01124219	0.003048328	0.008193858	0.003048328
9770	-211.7921	-218.1515	6.359355	0.02587061	0.006109389	0.01976122	0.006109389
9780	-212.5114	-218.662	6.150533	0.02418091	0.009602914	0.01457799	0.009602914
9790	-227.6707	-233.4025	5.731809	0.0542831	0.02612747	0.02815563	0.02612747
9800	-223.7243	-229.2058	5.481502	0.04935025	0.03325261	0.01609764	0.03325261
9810	-213.1459	-219.5296	6.383734	0.02865599	0.008047482	0.0206085	0.008047482
9820	-227.1338	-232.8599	5.726128	0.05411403	0.02736915	0.02674488	0.02736915
9830	-212.7365	-218.5253	5.788727	0.01979557	0.008477182	0.01131839	0.008477182
9840	-227.2303	-233.1601	5.929821	0.04852247	0.01433819	0.03418428	0.01433819
9850	-211.8664	-218.0236	6.157205	0.02252703	0.008092788	0.01443424	0.008092788
9860	-243.8258	-248.1575	4.331669	0.1050377	0.08238928	0.02264844	0.08238928
9870	-219.4113	-225.0401	5.628778	0.03871072	0.02465052	0.01406021	0.02465052
9880	-213.1196	-219.2844	6.164829	0.02603434	0.01088642	0.01514792	0.01088642
9890	-216.0052	-222.0617	6.056515	0.03266479	0.01647757	0.01618721	0.01647757
9900	-211.7842	-218.0034	6.219246	0.02612968	0.003875082	0.0222546	0.003875082
9910	-225.5312	-231.4052	5.874019	0.05010208	0.0222606	0.02784149	0.0222606
9920	-211.1285	-217.4431	6.314609	0.02379844	0.005764771	0.01803367	0.005764771
9930	-217.5012	-223.6234	6.122222	0.03659548	0.01740733	0.01918815	0.01740733
9940	-221.9316	-227.3897	5.458063	0.04454455	0.03026262	0.01428193	0.03026262
9950	-225.0975	-230.2268	5.129353	0.05178539	0.03830617	0.01347922	0.03830617
9960	-210.1738	-216.2035	6.029624	0.02168577	0.002932812	0.01875295	0.002932812
9970	-221.7608	-227.426	5.665199	0.04497712	0.02838524	0.01659188	0.02838524
9980	-222.4464	-228.046	5.599629	0.04647042	0.03007736	0.01639306	0.03007736
9990	-220.6065	-226.6657	6.059235	0.04249191	0.01957901	0.0229129	0.01957901
10000	-215.1708	-221.4181	6.247342	0.03199883	0.01330254	0.01869629	0.01330254
