Iteration	Posterior	Likelihood	Prior	birth_rate	death_rate	diversification	turnover
0	-225.8318	-231.7013	5.869452	0.05034601	0.02194956	0.02839645	0.02194956
10	-212.2826	-218.6095	6.326886	0.02596208	0.008359332	0.01760275	0.008359332
20	-210.1727	-215.2727	5.099958	0.01742171	0.001264566	0.01615714	0.001264566
30	-216.585	-222.9164	6.331416	0.03474338	0.01005691	0.02468647	0.01005691
40	-210.0999	-216.163	6.063035	0.0198806	0.003517323	0.01636327	0.003517323
50	-212.3274	-218.6055	6.278049	0.02723369	0.004461401	0.02277229	0.004461401
60	-221.2725	-227.3902	6.117718	0.04265924	0.01628051	0.02637873	0.01628051
70	-221.8989	-227.8896	5.990645	0.03893269	0.004729773	0.03420292	0.004729773
80	-212.014	-218.246	6.231965	0.02659283	0.003995161	0.02259767	0.003995161
90	-210.1188	-216.1609	6.042103	0.01946249	0.003521467	0.01594102	0.003521467
100	-218.6434	-224.5701	5.926742	0.03841598	0.0213522	0.01706379	0.0213522
110	-212.3941	-218.2323	5.838209	0.01933345	0.007728497	0.01160495	0.007728497
120	-214.9907	-220.2562	5.265491	0.02175351	0.01252114	0.009232367	0.01252114
130	-213.7318	-220.0782	6.346399	0.02980165	0.005892327	0.02390932	0.005892327
140	-212.9777	-219.1891	6.211413	0.02620368	0.01046007	0.01574361	0.01046007
150	-217.3154	-223.4396	6.124197	0.03619577	0.017232	0.01896377	0.017232
160	-218.042	-224.319	6.277067	0.03612522	0.007840772	0.02828445	0.007840772
170	-216.677	-222.5771	5.900175	0.03323668	0.01847407	0.01476261	0.01847407
180	-210.5401	-216.1284	5.588303	0.02240642	0.001730999	0.02067542	0.001730999
190	-215.383	-220.2829	4.899904	0.01785743	0.009989202	0.007868227	0.009989202
200	-215.4506	-221.0325	5.581834	0.03054633	0.001926696	0.02861964	0.001926696
210	-211.3238	-217.4736	6.14976	0.02112022	0.00672258	0.01439764	0.00672258
220	-213.3947	-219.755	6.36033	0.02888891	0.009314268	0.01957464	0.009314268
230	-211.231	-217.1205	5.889514	0.01730143	0.004719026	0.01258241	0.004719026
240	-216.2561	-221.2203	4.964275	0.02363202	0.01515517	0.008476857	0.01515517
250	-224.872	-230.6511	5.779151	0.05100397	0.02752273	0.02348125	0.02752273
260	-219.3557	-225.4583	6.102607	0.04025081	0.0185008	0.02175001	0.0185008
270	-213.1802	-219.54	6.359805	0.0284119	0.00909342	0.01931848	0.00909342
280	-213.8207	-219.7478	5.927084	0.0253405	0.01241949	0.01292101	0.01241949
290	-231.3237	-232.9558	1.632159	0.05517349	0.05059169	0.004581798	0.05059169
300	-214.7962	-221.0208	6.224691	0.03095343	0.01321764	0.0177358	0.01321764
310	-217.2676	-223.45	6.182427	0.03626653	0.01602705	0.02023949	0.01602705
320	-215.4989	-221.4208	5.921909	0.03019873	0.01615398	0.01404475	0.01615398
330	-226.8141	-232.5193	5.705248	0.0542502	0.02885305	0.02539715	0.02885305
340	-214.1668	-220.509	6.342207	0.03041236	0.01049242	0.01991994	0.01049242
350	-216.07	-222.4163	6.346255	0.0338931	0.0095099	0.0243832	0.0095099
360	-213.292	-219.2131	5.921191	0.0282096	0.002595354	0.02561425	0.002595354
370	-210.5727	-216.492	5.919319	0.01754334	0.003723131	0.01382021	0.003723131
380	-215.3637	-221.1405	5.776775	0.02848178	0.01590472	0.01257705	0.01590472
390	-212.4655	-218.7662	6.300686	0.02602308	0.008969563	0.01705352	0.008969563
400	-212.1075	-218.4791	6.37164	0.02650676	0.00669196	0.0198148	0.00669196
410	-216.516	-222.0029	5.486985	0.02938599	0.01824776	0.01113824	0.01824776
420	-212.1277	-218.4959	6.368241	0.02637323	0.007117974	0.01925525	0.007117974
430	-228.398	-234.0187	5.620751	0.05714677	0.03082046	0.02632631	0.03082046
440	-218.0257	-224.0621	6.036444	0.03744763	0.01925955	0.01818807	0.01925955
450	-219.669	-224.8598	5.190843	0.03657297	0.02565591	0.01091707	0.02565591
460	-212.0521	-218.4216	6.369464	0.02646059	0.00641217	0.02004842	0.00641217
470	-222.4323	-226.9159	4.483602	0.04044843	0.03169939	0.008749037	0.03169939
480	-226.4784	-232.4524	5.97406	0.04499691	0.008457156	0.03653976	0.008457156
490	-222.238	-228.3085	6.070515	0.04421727	0.01728641	0.02693086	0.01728641
500	-220.1138	-225.1784	5.064644	0.03704825	0.02662178	0.01042647	0.02662178
510	-221.3476	-226.7158	5.368194	0.04246607	0.02941237	0.0130537	0.02941237
520	-234.4797	-239.318	4.838273	0.07755516	0.05903874	0.01851642	0.05903874
530	-222.8233	-228.5124	5.689167	0.04755418	0.02936155	0.01819263	0.02936155
540	-213.6327	-219.5275	5.894708	0.02437463	0.01185574	0.01251889	0.01185574
550	-224.9035	-229.9675	5.064017	0.05094107	0.03811877	0.01282231	0.03811877
560	-230.6662	-236.17	5.503815	0.06110949	0.03325657	0.02785292	0.03325657
570	-217.0078	-221.3644	4.356619	0.01324672	0.00665967	0.00658705	0.00665967
580	-211.5868	-217.8541	6.267331	0.02351281	0.00739902	0.01611379	0.00739902
590	-221.1612	-226.248	5.086827	0.0402582	0.0292441	0.01101409	0.0292441
600	-211.0895	-216.7175	5.62796	0.01545847	0.002872472	0.01258599	0.002872472
610	-212.3088	-218.681	6.372155	0.02712165	0.006275377	0.02084627	0.006275377
620	-215.144	-221.2697	6.125741	0.0310129	0.01465059	0.01636231	0.01465059
630	-214.2335	-219.4904	5.256956	0.02845804	0.001387117	0.02707092	0.001387117
640	-225.4293	-230.8444	5.41515	0.05351953	0.03658199	0.01693754	0.03658199
650	-229.6896	-235.1848	5.495241	0.0607295	0.03532091	0.02540859	0.03532091
660	-230.7421	-236.3943	5.65225	0.0567807	0.02406771	0.032713	0.02406771
670	-212.955	-218.6325	5.677545	0.01882121	0.008146483	0.01067473	0.008146483
680	-218.1662	-223.8639	5.69774	0.03578954	0.02198921	0.01380033	0.02198921
690	-211.8002	-217.7357	5.935509	0.0190131	0.006676315	0.01233679	0.006676315
700	-211.1181	-217.248	6.129937	0.02042325	0.006126157	0.01429709	0.006126157
710	-219.7524	-225.0827	5.330277	0.03497635	0.001756485	0.03321987	0.001756485
720	-217.4682	-223.7551	6.286971	0.03528654	0.007365325	0.02792122	0.007365325
730	-212.75	-219.1102	6.360287	0.02747418	0.008516796	0.01895739	0.008516796
740	-222.0223	-227.9535	5.931203	0.04548455	0.02339039	0.02209416	0.02339039
750	-212.4974	-218.473	5.975607	0.02176366	0.009070775	0.01269289	0.009070775
760	-215.8576	-222.1944	6.336811	0.03319928	0.007344248	0.02585503	0.007344248
770	-215.0797	-221.3599	6.280191	0.03166074	0.005325696	0.02633505	0.005325696
780	-212.5619	-218.6796	6.117672	0.02740437	0.003320763	0.02408361	0.003320763
790	-214.2801	-220.2737	5.993573	0.02742707	0.01353125	0.01389581	0.01353125
800	-237.5334	-242.341	4.807648	0.08402163	0.06139238	0.02262924	0.06139238
810	-210.9276	-217.2018	6.27412	0.02394229	0.004530508	0.01941178	0.004530508
820	-214.0452	-220.2583	6.213128	0.02899223	0.01229152	0.01670071	0.01229152
830	-224.2386	-230.0697	5.831129	0.04959361	0.02593315	0.02366046	0.02593315
840	-210.113	-215.4651	5.352134	0.01717171	0.00159738	0.01557433	0.00159738
850	-215.229	-220.5718	5.342782	0.02988985	0.001533265	0.02835659	0.001533265
860	-217.8579	-224.1036	6.245711	0.03725203	0.01394282	0.02330921	0.01394282
870	-210.1999	-216.1403	5.940447	0.02182411	0.002567384	0.01925673	0.002567384
880	-210.7268	-216.8497	6.122917	0.01984696	0.005148	0.01469896	0.005148
890	-214.7882	-220.4873	5.699115	0.0299003	0.002123848	0.02777645	0.002123848
900	-216.3277	-222.6658	6.338076	0.03407962	0.008444961	0.02563466	0.008444961
910	-213.0864	-219.1108	6.024345	0.02808284	0.002949534	0.0251333	0.002949534
920	-210.2082	-216.3451	6.136929	0.02083399	0.003836976	0.01699701	0.003836976
930	-218.1475	-224.2921	6.14461	0.03797069	0.01723821	0.02073249	0.01723821
940	-214.6012	-220.1485	5.547254	0.02362804	0.01308933	0.01053871	0.01308933
950	-211.119	-217.4298	6.310891	0.02365829	0.005841672	0.01781661	0.005841672
960	-213.8885	-220.2536	6.365051	0.02999658	0.009566187	0.02043039	0.009566187
970	-215.1186	-220.629	5.510403	0.02506534	0.01449209	0.01057325	0.01449209
980	-216.8225	-223.0997	6.277165	0.03546354	0.0131696	0.02229393	0.0131696
990	-226.5995	-231.7892	5.189777	0.05617988	0.04098306	0.01519682	0.04098306
1000	-214.1645	-220.5241	6.359572	0.03053288	0.009928581	0.0206043	0.009928581
1010	-210.4581	-216.2613	5.803259	0.01693644	0.003018383	0.01391805	0.003018383
1020	-213.4227	-219.7479	6.325154	0.02858385	0.01012081	0.01846304	0.01012081
1030	-215.1172	-221.0817	5.964522	0.02951789	0.01530607	0.01421182	0.01530607
1040	-223.085	-228.8623	5.777354	0.04803254	0.02777241	0.02026013	0.02777241
1050	-213.943	-220.1439	6.200873	0.02861103	0.01222145	0.01638957	0.01222145
1060	-210.2335	-216.2203	5.986816	0.02197548	0.002727921	0.01924756	0.002727921
1070	-214.2697	-219.4986	5.22889	0.01683799	0.008051065	0.008786922	0.008051065
1080	-220.7834	-226.9664	6.182987	0.04098525	0.01284478	0.02814047	0.01284478
1090	-219.0568	-224.9549	5.898137	0.03928158	0.02219604	0.01708553	0.02219604
1100	-212.3391	-215.8288	3.489673	0.02222658	0.0004510402	0.02177554	0.0004510402
1110	-228.6674	-234.3746	5.707192	0.05519965	0.02551997	0.02967968	0.02551997
1120	-211.6718	-217.7132	6.041366	0.02029334	0.007100256	0.01319309	0.007100256
1130	-211.0906	-217.3136	6.223036	0.0245712	0.00390785	0.02066335	0.00390785
1140	-245.3945	-250.2086	4.814053	0.08050425	0.04032258	0.04018168	0.04032258
1150	-213.1146	-219.4514	6.336761	0.02799796	0.009518228	0.01847973	0.009518228
1160	-221.9867	-227.2866	5.299967	0.04386641	0.03096387	0.01290254	0.03096387
1170	-218.5071	-224.5183	6.0112	0.03844835	0.02010056	0.01834779	0.02010056
1180	-223.0609	-229.1084	6.04741	0.04516947	0.01707554	0.02809393	0.01707554
1190	-216.2238	-222.3089	6.085036	0.03255272	0.003782097	0.02877062	0.003782097
1200	-217.4949	-223.155	5.660175	0.03365787	0.02067364	0.01298423	0.02067364
1210	-210.4301	-216.5885	6.158389	0.0204242	0.004558391	0.0158658	0.004558391
1220	-218.8353	-223.3851	4.549768	0.02952817	0.02161496	0.007913215	0.02161496
1230	-213.1542	-218.907	5.752757	0.02084567	0.009647663	0.01119801	0.009647663
1240	-219.6294	-225.5374	5.907965	0.04066966	0.02273711	0.01793255	0.02273711
1250	-233.5139	-238.8489	5.335084	0.06658815	0.03741256	0.02917559	0.03741256
1260	-214.2868	-220.4814	6.194625	0.02943122	0.01281123	0.01661999	0.01281123
1270	-225.2705	-230.9616	5.691056	0.05243093	0.03048959	0.02194134	0.03048959
1280	-216.4447	-222.5997	6.15493	0.03306195	0.004384096	0.02867785	0.004384096
1290	-220.4658	-225.2904	4.824604	0.03655042	0.02711388	0.009436539	0.02711388
1300	-220.5759	-226.6709	6.095017	0.0379717	0.005428895	0.03254281	0.005428895
1310	-211.0006	-217.0464	6.045769	0.0190236	0.005361285	0.01366231	0.005361285
1320	-212.7387	-218.6975	5.958763	0.02230395	0.009671481	0.01263247	0.009671481
1330	-211.532	-217.3402	5.808225	0.01667761	0.004700514	0.01197709	0.004700514
1340	-219.5641	-225.7924	6.228304	0.03931114	0.0123057	0.02700544	0.0123057
1350	-222.7766	-228.7913	6.01471	0.04558436	0.01939244	0.02619193	0.01939244
1360	-214.9004	-221.2286	6.328215	0.03187918	0.01131376	0.02056542	0.01131376
1370	-211.9499	-217.7995	5.849605	0.02591112	0.00229	0.02362112	0.00229
1380	-219.6081	-225.7669	6.158805	0.04034613	0.01634981	0.02399632	0.01634981
1390	-211.8285	-217.6788	5.850362	0.02569281	0.002285714	0.02340709	0.002285714
1400	-214.5138	-220.0752	5.561391	0.02347208	0.01289103	0.01058105	0.01289103
1410	-221.4331	-226.2406	4.807567	0.03935208	0.02963888	0.009713191	0.02963888
1420	-214.0378	-219.6507	5.612879	0.02231876	0.01165057	0.0106682	0.01165057
1430	-227.1916	-231.9403	4.748714	0.05626874	0.04442816	0.01184058	0.04442816
1440	-229.8217	-235.0287	5.207039	0.06436936	0.04550968	0.01885968	0.04550968
1450	-219.4209	-225.6671	6.246221	0.0384341	0.009966675	0.02846743	0.009966675
1460	-212.9483	-219.3331	6.384774	0.02828872	0.007677497	0.02061122	0.007677497
1470	-229.3543	-234.8069	5.452629	0.06114403	0.03762483	0.0235192	0.03762483
1480	-215.0654	-221.3018	6.236426	0.03147557	0.004747594	0.02672797	0.004747594
1490	-221.6788	-226.3439	4.66511	0.03923011	0.03003147	0.009198642	0.03003147
1500	-211.922	-218.2808	6.358785	0.02579604	0.007003243	0.0187928	0.007003243
1510	-222.6816	-228.7925	6.110964	0.04118415	0.007968632	0.03321552	0.007968632
1520	-217.7241	-221.7056	3.981431	0.01885131	0.01277443	0.006076875	0.01277443
1530	-220.5707	-226.6265	6.055754	0.04245785	0.01971696	0.02274088	0.01971696
1540	-216.0059	-222.2893	6.283451	0.03395461	0.01299796	0.02095665	0.01299796
1550	-232.0817	-237.106	5.024339	0.0705719	0.05195117	0.01862074	0.05195117
1560	-214.517	-220.7128	6.195813	0.03002385	0.01314563	0.01687822	0.01314563
1570	-217.308	-221.9529	4.64496	0.02474308	0.01700382	0.00773926	0.01700382
1580	-213.4054	-219.6478	6.242361	0.02766375	0.01104456	0.0166192	0.01104456
1590	-210.5689	-216.7389	6.169992	0.02308139	0.003605626	0.01947577	0.003605626
1600	-210.6662	-216.8764	6.210281	0.02123325	0.005219584	0.01601367	0.005219584
1610	-213.9443	-220.2292	6.284892	0.02942109	0.01138655	0.01803454	0.01138655
1620	-213.3351	-219.6154	6.280283	0.02789831	0.0105986	0.0172997	0.0105986
1630	-216.5954	-222.8534	6.257993	0.03505689	0.0138535	0.02120339	0.0138535
1640	-214.5704	-220.3405	5.770167	0.02597596	0.01393716	0.0120388	0.01393716
1650	-216.3425	-222.6651	6.322679	0.03452651	0.0112806	0.02324591	0.0112806
1660	-210.7249	-216.5958	5.870922	0.01706565	0.003680037	0.01338561	0.003680037
1670	-210.1159	-215.4329	5.317002	0.02008508	0.001398897	0.01868618	0.001398897
1680	-211.9014	-217.7607	5.859229	0.01810107	0.006261933	0.01183914	0.006261933
1690	-211.7533	-218.0698	6.316512	0.02466117	0.007435967	0.0172252	0.007435967
1700	-216.7591	-222.8276	6.068495	0.03462288	0.01742495	0.01719793	0.01742495
1710	-218.753	-224.9603	6.207296	0.03879656	0.01495039	0.02384618	0.01495039
1720	-211.1566	-217.46	6.303446	0.02451957	0.004881084	0.01963848	0.004881084
1730	-213.4767	-219.8636	6.386889	0.02938748	0.007864965	0.02152251	0.007864965
1740	-214.6339	-220.4985	5.864609	0.02714998	0.01428179	0.01286819	0.01428179
1750	-214.152	-220.2805	6.128541	0.02844059	0.01297792	0.01546267	0.01297792
1760	-226.2037	-232.1166	5.91291	0.04934521	0.01850999	0.03083522	0.01850999
1770	-210.2022	-215.3422	5.139947	0.01988476	0.001218453	0.01866631	0.001218453
1780	-217.9343	-224.2221	6.287845	0.03614876	0.008354151	0.02779461	0.008354151
1790	-211.4477	-217.7892	6.341519	0.0249943	0.005785578	0.01920873	0.005785578
1800	-223.3449	-229.2429	5.897968	0.0477102	0.02395884	0.02375136	0.02395884
1810	-216.4796	-222.6351	6.15546	0.03445874	0.01599577	0.01846296	0.01599577
1820	-220.7841	-226.982	6.197884	0.04024749	0.01066151	0.02958598	0.01066151
1830	-214.0054	-219.3946	5.38913	0.018769	0.009345249	0.009423748	0.009345249
1840	-215.3593	-221.5099	6.150524	0.03175332	0.01475207	0.01700125	0.01475207
1850	-213.613	-219.6657	6.052745	0.02613702	0.01205945	0.01407757	0.01205945
1860	-220.4801	-226.551	6.070952	0.04222679	0.01922028	0.02300651	0.01922028
1870	-211.9772	-217.1599	5.182724	0.01363886	0.001966036	0.01167282	0.001966036
1880	-222.6597	-228.374	5.714301	0.04720064	0.02878039	0.01842025	0.02878039
1890	-222.7347	-228.7971	6.062422	0.04468372	0.01682241	0.02786131	0.01682241
1900	-212.5425	-218.791	6.248443	0.02758499	0.00420626	0.02337873	0.00420626
1910	-212.5397	-218.6476	6.107847	0.02735051	0.003267521	0.02408299	0.003267521
1920	-217.9535	-223.4235	5.469955	0.03353997	0.02174133	0.01179864	0.02174133
1930	-230.5422	-236.3712	5.828917	0.04943755	0.01014435	0.03929319	0.01014435
1940	-213.2058	-219.5555	6.349722	0.02835293	0.009373482	0.01897944	0.009373482
1950	-218.6587	-224.5342	5.875514	0.03819497	0.02187969	0.01631528	0.02187969
1960	-218.3742	-224.4805	6.106302	0.03839217	0.01823348	0.02015869	0.01823348
1970	-237.5426	-242.6207	5.078093	0.07512133	0.04452762	0.03059371	0.04452762
1980	-215.5984	-220.6521	5.05369	0.02179472	0.01322738	0.008567346	0.01322738
1990	-213.7694	-219.7978	6.028343	0.02911226	0.003049156	0.02606311	0.003049156
2000	-231.952	-237.1153	5.163268	0.0690839	0.0479254	0.02115851	0.0479254
2010	-213.1581	-219.4053	6.247182	0.02862542	0.004313153	0.02431226	0.004313153
2020	-220.4847	-226.6057	6.120984	0.04181573	0.01718619	0.02462954	0.01718619
2030	-221.3547	-227.4036	6.048909	0.04362284	0.0194801	0.02414274	0.0194801
2040	-211.3951	-217.4775	6.082392	0.0251919	0.003054094	0.02213781	0.003054094
2050	-216.7649	-222.8802	6.11523	0.0349053	0.0168634	0.0180419	0.0168634
2060	-220.2193	-226.4106	6.191268	0.04053625	0.01366841	0.02686784	0.01366841
2070	-219.9595	-226.1383	6.178825	0.04053609	0.01494428	0.02559181	0.01494428
2080	-211.8468	-217.5493	5.702514	0.01585523	0.004438273	0.01141695	0.004438273
2090	-214.7221	-220.9807	6.258551	0.03105576	0.004883896	0.02617187	0.004883896
2100	-231.0054	-236.6784	5.673018	0.04695601	0.005002865	0.04195314	0.005002865
2110	-222.8859	-228.9795	6.093577	0.04394463	0.0142801	0.02966453	0.0142801
2120	-210.1528	-215.3811	5.228277	0.01716712	0.001425515	0.01574161	0.001425515
2130	-217.3127	-223.2413	5.928649	0.0351078	0.01941243	0.01569537	0.01941243
2140	-211.3393	-216.9741	5.634781	0.02439391	0.00181141	0.0225825	0.00181141
2150	-217.7009	-223.5552	5.854284	0.035617	0.02050227	0.01511473	0.02050227
2160	-214.2623	-220.5635	6.301191	0.0303061	0.01148805	0.01881805	0.01148805
2170	-211.2043	-217.5131	6.308832	0.02463396	0.00495657	0.01967739	0.00495657
2180	-222.9388	-227.9332	4.99441	0.04488943	0.03358544	0.01130398	0.03358544
2190	-212.2935	-218.4389	6.145409	0.02350936	0.009097781	0.01441158	0.009097781
2200	-233.962	-239.1664	5.204363	0.07065045	0.04446765	0.0261828	0.04446765
2210	-216.1139	-222.2326	6.118628	0.03337657	0.01606916	0.01730741	0.01606916
2220	-225.964	-229.9542	3.990197	0.04867675	0.04059594	0.008080809	0.04059594
2230	-211.3334	-217.5681	6.234674	0.02247106	0.006882174	0.01558889	0.006882174
2240	-213.2599	-218.8266	5.566723	0.01819535	0.008070674	0.01012468	0.008070674
2250	-214.463	-220.2882	5.825219	0.02621919	0.01380008	0.01241911	0.01380008
2260	-223.0904	-228.3999	5.309495	0.04698369	0.03327257	0.01371112	0.03327257
2270	-221.3737	-227.4714	6.097741	0.0390212	0.005993887	0.03302732	0.005993887
2280	-218.9892	-225.1036	6.114448	0.03610749	0.004905665	0.03120182	0.004905665
2290	-210.444	-216.5834	6.139386	0.02009791	0.004551765	0.01554614	0.004551765
2300	-211.2827	-217.5853	6.302642	0.02358163	0.006469781	0.01711185	0.006469781
2310	-215.517	-221.8325	6.315495	0.03248962	0.00626775	0.02622187	0.00626775
2320	-216.0393	-222.3524	6.313082	0.03404641	0.01194847	0.02209794	0.01194847
2330	-219.2757	-225.4794	6.20374	0.03948884	0.01455145	0.02493739	0.01455145
2340	-218.7636	-224.7586	5.995008	0.0389734	0.02058951	0.01838388	0.02058951
2350	-231.4955	-237.2043	5.708773	0.05467454	0.01848497	0.03618957	0.01848497
2360	-215.1293	-220.7911	5.661798	0.02664727	0.01509258	0.01155469	0.01509258
2370	-216.1879	-221.9915	5.803605	0.03111391	0.01774363	0.01337027	0.01774363
2380	-213.8699	-220.2534	6.383491	0.03011673	0.00842775	0.02168898	0.00842775
2390	-220.0899	-226.0744	5.984411	0.03683691	0.00406183	0.03277508	0.00406183
2400	-218.133	-224.3816	6.248612	0.03762222	0.01355832	0.0240639	0.01355832
2410	-210.9711	-216.4368	5.465744	0.02328433	0.001548202	0.02173613	0.001548202
2420	-209.9078	-215.5924	5.684605	0.01840656	0.002125475	0.01628108	0.002125475
2430	-210.8641	-216.9891	6.125008	0.01999272	0.005481485	0.01451123	0.005481485
2440	-212.5621	-218.9439	6.381785	0.02754527	0.007027787	0.02051749	0.007027787
2450	-210.2836	-216.1327	5.849181	0.0174784	0.003018496	0.0144599	0.003018496
2460	-216.0024	-222.3381	6.335729	0.03343315	0.007506086	0.02592707	0.007506086
2470	-212.6876	-218.8407	6.153091	0.02470222	0.009994805	0.01470741	0.009994805
2480	-212.8245	-219.2058	6.381353	0.02796637	0.00779702	0.02016935	0.00779702
2490	-222.8028	-228.7339	5.931002	0.03964706	0.00447074	0.03517632	0.00447074
2500	-211.6675	-218.0122	6.344613	0.02573266	0.005537798	0.02019486	0.005537798
2510	-212.5994	-218.9511	6.3517	0.0277945	0.005614311	0.02218019	0.005614311
2520	-225.921	-231.7798	5.85877	0.05062398	0.02237848	0.0282455	0.02237848
2530	-212.6384	-218.9768	6.33844	0.02786673	0.005350508	0.02251622	0.005350508
2540	-213.9323	-219.6256	5.693361	0.02294712	0.01180911	0.011138	0.01180911
2550	-213.6679	-220.0382	6.370293	0.02957803	0.009210312	0.02036772	0.009210312
2560	-217.2902	-221.4563	4.166127	0.01856349	0.0121953	0.006368188	0.0121953
2570	-211.8231	-217.7982	5.975098	0.02587991	0.002655774	0.02322414	0.002655774
2580	-227.1771	-233.0463	5.869232	0.04425072	0.005810033	0.03844069	0.005810033
2590	-215.7037	-221.8594	6.155666	0.03208793	0.004172042	0.02791589	0.004172042
2600	-211.3535	-217.5051	6.151681	0.02121227	0.00680375	0.01440852	0.00680375
2610	-218.3837	-224.5279	6.144213	0.0384209	0.01729109	0.02112981	0.01729109
2620	-215.4701	-221.3712	5.901193	0.02993299	0.01612775	0.01380524	0.01612775
2630	-216.755	-222.0205	5.265523	0.02824497	0.01824342	0.01000155	0.01824342
2640	-214.8626	-220.5977	5.735081	0.02653802	0.01459891	0.01193911	0.01459891
2650	-216.7539	-223.0495	6.29557	0.03529823	0.01240852	0.02288971	0.01240852
2660	-214.401	-220.7078	6.306763	0.03074259	0.005438165	0.02530443	0.005438165
2670	-210.7733	-217.0351	6.261891	0.02233641	0.005341124	0.01699528	0.005341124
2680	-211.0801	-217.3921	6.312013	0.0237717	0.005586541	0.01818516	0.005586541
2690	-236.5353	-241.2502	4.714881	0.08358749	0.06452607	0.01906142	0.06452607
2700	-219.2162	-223.5581	4.341905	0.02933601	0.02192741	0.007408592	0.02192741
2710	-212.958	-219.3441	6.386029	0.02838287	0.007292494	0.02109037	0.007292494
2720	-218.7862	-222.2196	3.433369	0.01761755	0.01235964	0.005257905	0.01235964
2730	-212.9002	-219.2841	6.383886	0.02817254	0.007700113	0.02047242	0.007700113
2740	-212.8323	-219.2143	6.381979	0.02799549	0.00776211	0.02023338	0.00776211
2750	-223.8053	-229.711	5.905769	0.04062867	0.004592571	0.0360361	0.004592571
2760	-216.9564	-223.2777	6.321322	0.03530543	0.01019437	0.02511106	0.01019437
2770	-211.0277	-217.0111	5.98339	0.01823418	0.0049908	0.01324338	0.0049908
2780	-219.8723	-226.095	6.222696	0.0384647	0.00852118	0.02994352	0.00852118
2790	-216.545	-221.2134	4.668368	0.02157281	0.01402504	0.007547767	0.01402504
2800	-210.4309	-216.4068	5.975942	0.01815255	0.003798844	0.0143537	0.003798844
2810	-211.0755	-217.3868	6.311288	0.02402658	0.005274784	0.01875179	0.005274784
2820	-213.8568	-220.2363	6.379554	0.03011327	0.007172473	0.0229408	0.007172473
2830	-212.5881	-218.3225	5.734383	0.01830452	0.007325138	0.01097938	0.007325138
2840	-226.9535	-232.6038	5.65026	0.05526531	0.03116654	0.02409876	0.03116654
2850	-218.5173	-224.4333	5.916005	0.03805675	0.02129976	0.01675699	0.02129976
2860	-217.279	-223.55	6.270961	0.03481797	0.006584962	0.02823301	0.006584962
2870	-219.0577	-225.1747	6.117028	0.03620618	0.004966585	0.0312396	0.004966585
2880	-213.3918	-219.7781	6.386314	0.02920103	0.007976013	0.02122502	0.007976013
2890	-211.5233	-217.8691	6.345777	0.02498849	0.006199159	0.01878933	0.006199159
2900	-213.2877	-219.582	6.294275	0.02793441	0.01037391	0.01756049	0.01037391
2910	-216.2995	-222.459	6.159426	0.03406627	0.0157614	0.01830487	0.0157614
2920	-222.3005	-228.3932	6.09272	0.04024841	0.006698181	0.03355023	0.006698181
2930	-211.3789	-217.714	6.335078	0.02452223	0.006110885	0.01841135	0.006110885
2940	-214.0238	-220.2319	6.208064	0.02888888	0.01229814	0.01659074	0.01229814
2950	-218.2567	-224.5363	6.279548	0.03727908	0.01104632	0.02623276	0.01104632
2960	-239.6648	-244.4823	4.817563	0.08511411	0.05765971	0.0274544	0.05765971
2970	-237.2858	-242.6172	5.331348	0.06531547	0.02789794	0.03741753	0.02789794
2980	-210.0153	-216.0411	6.025844	0.0203528	0.00311026	0.01724254	0.00311026
2990	-211.7954	-217.9611	6.165658	0.02246817	0.007935607	0.01453257	0.007935607
3000	-210.1427	-216.1301	5.987429	0.02157105	0.002759995	0.01881105	0.002759995
3010	-216.9063	-222.4931	5.586831	0.03139209	0.01935851	0.01203358	0.01935851
3020	-214.391	-220.531	6.139967	0.02918686	0.01334229	0.01584457	0.01334229
3030	-217.9968	-223.6987	5.701909	0.03535614	0.02164094	0.0137152	0.02164094
3040	-220.9995	-226.0012	5.001652	0.03925923	0.02878314	0.01047609	0.02878314
3050	-216.6638	-222.8779	6.214085	0.03510468	0.01502762	0.02007706	0.01502762
3060	-217.6398	-223.8456	6.205768	0.0370031	0.01547976	0.02152334	0.01547976
3070	-210.8197	-216.3111	5.491322	0.01543143	0.002213425	0.013218	0.002213425
3080	-210.9766	-217.275	6.298384	0.02383797	0.005016228	0.01882175	0.005016228
3090	-213.6831	-220.0666	6.383521	0.02974394	0.00843091	0.02131303	0.00843091
3100	-211.6811	-217.9747	6.293586	0.02413296	0.007474621	0.01665834	0.007474621
3110	-217.931	-223.6076	5.676563	0.03499468	0.02156511	0.01342957	0.02156511
3120	-241.7502	-247.1611	5.41093	0.05788769	0.009417523	0.04847017	0.009417523
3130	-212.129	-218.1527	6.023695	0.02131824	0.008281857	0.01303639	0.008281857
3140	-214.7914	-221.1406	6.349263	0.03175122	0.01053434	0.02121688	0.01053434
3150	-214.4138	-220.5324	6.118619	0.02904376	0.01349022	0.01555354	0.01349022
3160	-227.0125	-232.9169	5.904378	0.04443977	0.006430583	0.03800919	0.006430583
3170	-213.8912	-220.2752	6.384073	0.03016495	0.008321517	0.02184343	0.008321517
3180	-217.7077	-222.6073	4.899635	0.0283787	0.01961582	0.008762881	0.01961582
3190	-213.5313	-219.7806	6.24929	0.0280561	0.01119214	0.01686395	0.01119214
3200	-214.4247	-220.0558	5.631095	0.0239613	0.01298888	0.01097242	0.01298888
3210	-210.119	-216.2059	6.086837	0.02022586	0.003588705	0.01663716	0.003588705
3220	-210.4662	-216.473	6.006878	0.01841826	0.004017466	0.0144008	0.004017466
3230	-217.3259	-223.638	6.312111	0.03555135	0.009001136	0.02655021	0.009001136
3240	-216.1651	-222.4712	6.306088	0.03427485	0.01220605	0.0220688	0.01220605
3250	-211.6457	-217.6146	5.968941	0.01912353	0.006498787	0.01262474	0.006498787
3260	-219.4762	-224.158	4.681836	0.03255108	0.02400167	0.008549412	0.02400167
3270	-216.369	-222.5404	6.17143	0.03428921	0.01564301	0.0186462	0.01564301
3280	-216.5107	-222.7509	6.240154	0.03351306	0.005416707	0.02809635	0.005416707
3290	-212.6972	-218.8517	6.154522	0.0247469	0.01001493	0.01473197	0.01001493
3300	-225.9852	-231.1167	5.131503	0.05430112	0.04018728	0.01411383	0.04018728
3310	-213.2431	-219.219	5.975965	0.02823448	0.002778805	0.02545567	0.002778805
3320	-228.6494	-234.4699	5.820507	0.04556868	0.005937169	0.03963151	0.005937169
3330	-212.4016	-217.8943	5.492723	0.01438523	0.003673169	0.01071206	0.003673169
3340	-221.7647	-227.4116	5.646805	0.04492461	0.02858381	0.0163408	0.02858381
3350	-214.285	-220.5974	6.312417	0.03044664	0.01129451	0.01915213	0.01129451
3360	-217.2783	-223.4796	6.20132	0.03631748	0.01556309	0.02075438	0.01556309
3370	-213.9057	-220.1168	6.211128	0.02861715	0.01208787	0.01652928	0.01208787
3380	-214.7215	-220.4686	5.747008	0.02621394	0.01426592	0.01194801	0.01426592
3390	-209.8808	-215.5229	5.642023	0.01889595	0.001971855	0.0169241	0.001971855
3400	-219.9388	-225.7878	5.848992	0.04119441	0.02386836	0.01732605	0.02386836
3410	-210.8245	-217.0852	6.26062	0.0236508	0.004405156	0.01924564	0.004405156
3420	-228.239	-234.0425	5.803414	0.05248305	0.02061769	0.03186535	0.02061769
3430	-241.7135	-247.0968	5.383366	0.060491	0.01365362	0.04683738	0.01365362
3440	-212.7659	-219.0702	6.304281	0.0267892	0.009449881	0.01733931	0.009449881
3450	-215.3346	-221.2477	5.913102	0.02965803	0.01583146	0.01382657	0.01583146
3460	-220.9451	-226.9625	6.017366	0.04326319	0.02088095	0.02238225	0.02088095
3470	-211.8723	-218.1133	6.241029	0.02376017	0.008105894	0.01565427	0.008105894
3480	-240.7287	-245.6901	4.961406	0.07810612	0.04368939	0.03441673	0.04368939
3490	-211.9131	-218.1357	6.222599	0.02638797	0.003911199	0.02247677	0.003911199
3500	-225.2636	-231.2911	6.027576	0.0453812	0.01170785	0.03367335	0.01170785
3510	-211.9283	-218.2836	6.355281	0.02572118	0.007139966	0.01858122	0.007139966
3520	-214.1985	-220.2673	6.068755	0.02796574	0.01325909	0.01470665	0.01325909
3530	-220.0044	-225.3271	5.322753	0.03840984	0.02649412	0.01191573	0.02649412
3540	-219.8544	-225.2941	5.439662	0.03873714	0.0260476	0.01268954	0.0260476
3550	-218.1835	-224.458	6.274494	0.03735385	0.01179661	0.02555724	0.01179661
3560	-231.4147	-236.742	5.327356	0.0657233	0.041461	0.0242623	0.041461
3570	-220.6748	-226.2867	5.611899	0.04197587	0.02707844	0.01489743	0.02707844
3580	-217.254	-223.448	6.194043	0.03625973	0.01574194	0.02051779	0.01574194
3590	-213.3564	-219.5463	6.189958	0.02695986	0.01126136	0.0156985	0.01126136
3600	-212.4996	-218.088	5.588392	0.01549308	0.004931904	0.01056117	0.004931904
3610	-212.0277	-217.4935	5.465838	0.02541364	0.00156953	0.02384411	0.00156953
3620	-217.1115	-223.4286	6.317112	0.03553058	0.01022122	0.02530936	0.01022122
3630	-219.7621	-225.857	6.094902	0.04096782	0.01867067	0.02229715	0.01867067
3640	-212.5693	-218.8436	6.274229	0.02593017	0.009366292	0.01656388	0.009366292
3650	-213.7964	-220.0691	6.272686	0.02894932	0.01134839	0.01760093	0.01134839
3660	-211.8707	-218.2218	6.351031	0.02622417	0.005622528	0.02060165	0.005622528
3670	-218.4774	-223.8205	5.343067	0.0341385	0.02289331	0.01124519	0.02289331
3680	-237.5145	-243.0255	5.511047	0.05852903	0.01593228	0.04259675	0.01593228
3690	-215.3926	-220.2618	4.86923	0.01343613	0.005631387	0.007804738	0.005631387
3700	-222.3937	-228.1725	5.778807	0.03862176	0.00332084	0.03530092	0.00332084
3710	-222.257	-228.0497	5.792691	0.046323	0.02699067	0.01933233	0.02699067
3720	-212.6739	-218.9713	6.297419	0.02788915	0.004744138	0.02314501	0.004744138
3730	-228.0673	-233.1311	5.063779	0.05995383	0.04492239	0.01503144	0.04492239
3740	-215.2984	-221.1891	5.89063	0.02934964	0.01577804	0.0135716	0.01577804
3750	-229.9617	-235.8106	5.848844	0.0485108	0.009335998	0.0391748	0.009335998
3760	-215.1353	-221.3149	6.179682	0.03142571	0.01415878	0.01726694	0.01415878
3770	-216.4214	-221.1948	4.773376	0.02223983	0.01439026	0.007849573	0.01439026
3780	-214.7929	-221.1451	6.352195	0.03176538	0.01040829	0.02135709	0.01040829
3790	-211.1585	-217.2276	6.069101	0.01958564	0.005900616	0.01368502	0.005900616
3800	-223.6028	-229.6901	6.087282	0.04391365	0.0122199	0.03169375	0.0122199
3810	-217.6748	-223.3098	5.635072	0.03397579	0.02108581	0.01288998	0.02108581
3820	-212.4228	-218.656	6.233253	0.02502801	0.009288378	0.01573963	0.009288378
3830	-215.9719	-222.285	6.313104	0.03392535	0.01196451	0.02196083	0.01196451
3840	-211.9035	-217.9339	6.030379	0.02075891	0.007684045	0.01307487	0.007684045
3850	-210.708	-216.9556	6.247563	0.02326865	0.004321818	0.01894683	0.004321818
3860	-215.6767	-221.9976	6.320906	0.03338631	0.01169574	0.02169057	0.01169574
3870	-212.6266	-218.3045	5.677926	0.01743802	0.006740284	0.01069774	0.006740284
3880	-213.1517	-219.4572	6.305531	0.02873266	0.004964803	0.02376786	0.004964803
3890	-213.5857	-219.7319	6.14624	0.02709473	0.01185554	0.01523919	0.01185554
3900	-216.3037	-222.3957	6.091944	0.03366233	0.01659372	0.01706861	0.01659372
3910	-243.585	-247.864	4.27893	0.1060966	0.08509592	0.0210007	0.08509592
3920	-234.1294	-239.778	5.64855	0.05539362	0.01543268	0.03996094	0.01543268
3930	-211.5938	-217.8824	6.288613	0.02573759	0.004529614	0.02120798	0.004529614
3940	-213.5191	-218.9084	5.389214	0.0155784	0.006146636	0.009431764	0.006146636
3950	-217.2235	-223.2575	6.033982	0.03554414	0.01838374	0.0171604	0.01838374
3960	-215.3032	-220.7219	5.418697	0.02475316	0.01461053	0.01014263	0.01461053
3970	-219.5668	-225.5956	6.028773	0.04074179	0.02048401	0.02025778	0.02048401
3980	-228.2778	-234.0415	5.763647	0.05361842	0.02299894	0.03061948	0.02299894
3990	-230.3631	-235.1857	4.822545	0.06610049	0.05176068	0.0143398	0.05176068
4000	-212.261	-218.3027	6.04173	0.021974	0.008732687	0.01324132	0.008732687
4010	-236.4705	-242.0735	5.603003	0.05475215	0.01091946	0.04383268	0.01091946
4020	-214.5183	-220.4274	5.909016	0.02725678	0.01405366	0.01320312	0.01405366
4030	-215.8577	-222.2065	6.348841	0.03336879	0.008198862	0.02516993	0.008198862
4040	-212.4738	-218.1366	5.66288	0.01660598	0.005888785	0.01071719	0.005888785
4050	-229.8727	-235.5958	5.723129	0.05472	0.02172294	0.03299706	0.02172294
4060	-223.776	-229.7305	5.954546	0.04740246	0.02094468	0.02645778	0.02094468
4070	-213.6075	-219.7979	6.190307	0.02762839	0.01171521	0.01591318	0.01171521
4080	-231.3151	-237.0241	5.709064	0.0547431	0.01894473	0.03579837	0.01894473
4090	-214.0111	-219.4901	5.478966	0.02849782	0.001669028	0.02682879	0.001669028
4100	-218.4685	-224.3684	5.899933	0.03785265	0.0213866	0.01646606	0.0213866
4110	-212.1679	-216.8693	4.701422	0.01329105	0.001233039	0.01205801	0.001233039
4120	-223.6303	-229.2178	5.587522	0.04933321	0.03182564	0.01750757	0.03182564
4130	-211.7294	-218.0773	6.347967	0.02523151	0.006850203	0.01838131	0.006850203
4140	-213.8193	-219.4087	5.58939	0.02840809	0.001840578	0.02656751	0.001840578
4150	-224.2005	-229.5008	5.300291	0.0499908	0.03555444	0.01443636	0.03555444
4160	-222.9848	-228.3308	5.345964	0.04686582	0.03289133	0.01397449	0.03289133
4170	-222.1619	-228.2592	6.097381	0.04364039	0.01581782	0.02782257	0.01581782
4180	-211.1344	-215.9867	4.852225	0.01474394	0.00121199	0.01353195	0.00121199
4190	-214.2001	-220.5082	6.308105	0.03021983	0.01129793	0.0189219	0.01129793
4200	-227.852	-232.6945	4.842563	0.05865169	0.04579068	0.01286101	0.04579068
4210	-211.3943	-217.5406	6.146353	0.02121884	0.006887954	0.01433088	0.006887954
4220	-211.704	-218.036	6.33207	0.02484763	0.007125639	0.01772199	0.007125639
4230	-216.4216	-222.7568	6.335217	0.03450205	0.01006262	0.02443942	0.01006262
4240	-218.3769	-224.3045	5.927586	0.03777242	0.02099423	0.01677819	0.02099423
4250	-210.1826	-216.291	6.108371	0.02143355	0.003413136	0.01802042	0.003413136
4260	-212.8259	-219.1354	6.309526	0.02817644	0.004935354	0.02324109	0.004935354
4270	-214.3113	-220.2949	5.983691	0.02978927	0.002932306	0.02685697	0.002932306
4280	-212.0472	-218.321	6.273761	0.02669385	0.004381392	0.02231246	0.004381392
4290	-213.851	-219.9442	6.093227	0.02725423	0.01251379	0.01474043	0.01251379
4300	-223.8563	-228.5858	4.729446	0.04613314	0.03586804	0.0102651	0.03586804
4310	-239.3422	-244.2707	4.928509	0.05143447	0.002434003	0.04900047	0.002434003
4320	-210.9295	-216.9752	6.04572	0.01894458	0.005193232	0.01375135	0.005193232
4330	-217.605	-223.9068	6.301773	0.03628215	0.01053862	0.02574353	0.01053862
4340	-211.0605	-217.3502	6.289657	0.02430007	0.004691371	0.0196087	0.004691371
4350	-219.6557	-223.8724	4.216669	0.02997534	0.02278883	0.00718651	0.02278883
4360	-212.3771	-218.7457	6.368586	0.02683045	0.007657591	0.01917286	0.007657591
4370	-211.5961	-217.7533	6.157162	0.02184829	0.007427251	0.01442104	0.007427251
4380	-219.6926	-225.9079	6.215243	0.03969168	0.01308095	0.02661073	0.01308095
4390	-225.9444	-231.1282	5.18381	0.05436401	0.03976344	0.01460057	0.03976344
4400	-210.0512	-216.0941	6.042935	0.02075281	0.003128861	0.01762395	0.003128861
4410	-211.0016	-217.3064	6.304842	0.02365034	0.00536264	0.0182877	0.00536264
4420	-221.1661	-227.3254	6.159364	0.0417506	0.01377612	0.02797449	0.01377612
4430	-224.6597	-230.5008	5.841136	0.04122513	0.004289629	0.0369355	0.004289629
4440	-220.0365	-226.2614	6.224943	0.03916237	0.009992208	0.02917016	0.009992208
4450	-212.7505	-219.0376	6.28714	0.0265394	0.00958871	0.01695069	0.00958871
4460	-213.1724	-219.55	6.377563	0.02861558	0.008457471	0.02015811	0.008457471
4470	-220.3873	-225.5888	5.201486	0.03873124	0.02740504	0.0113262	0.02740504
4480	-229.8485	-235.7029	5.854373	0.04927099	0.01097038	0.0383006	0.01097038
4490	-220.3164	-226.3293	6.012944	0.04219385	0.02106723	0.02112663	0.02106723
4500	-218.0321	-224.2307	6.198612	0.03771179	0.01566548	0.02204631	0.01566548
4510	-213.1617	-219.4832	6.321454	0.02878067	0.00520101	0.02357966	0.00520101
4520	-228.0711	-233.4826	5.411497	0.05949979	0.03921242	0.02028737	0.03921242
4530	-214.4493	-220.8255	6.376173	0.03118518	0.008956513	0.02222867	0.008956513
4540	-215.021	-220.3955	5.374484	0.02321359	0.01343409	0.009779503	0.01343409
4550	-209.8985	-215.4589	5.560373	0.01871368	0.001820893	0.01689279	0.001820893
4560	-216.2795	-222.0823	5.802778	0.0313658	0.01793793	0.01342788	0.01793793
4570	-214.458	-218.7452	4.287202	0.02734386	0.000713823	0.02663004	0.000713823
4580	-211.5344	-217.8011	6.266761	0.02339414	0.007282859	0.01611128	0.007282859
4590	-221.0311	-226.8558	5.824669	0.04366302	0.02540449	0.01825853	0.02540449
4600	-211.5073	-217.6634	6.156127	0.02162281	0.007203053	0.01441975	0.007203053
4610	-215.8805	-221.6264	5.745876	0.03136392	0.00232976	0.02903416	0.00232976
4620	-215.8269	-221.7758	5.948902	0.03133511	0.016725	0.01461011	0.016725
4630	-211.7075	-217.3995	5.691935	0.01564877	0.004054696	0.01159407	0.004054696
4640	-218.0384	-223.9676	5.929199	0.03694645	0.02050966	0.0164368	0.02050966
4650	-221.1507	-227.0719	5.921208	0.0439449	0.02359173	0.02035317	0.02359173
4660	-210.8533	-217.1131	6.259721	0.02227267	0.005611504	0.01666116	0.005611504
4670	-214.1578	-220.4985	6.340755	0.03038197	0.01052582	0.01985615	0.01052582
4680	-219.1346	-225.2909	6.156343	0.03967824	0.01677062	0.02290762	0.01677062
4690	-217.2039	-223.3862	6.182236	0.03416392	0.004949477	0.02921444	0.004949477
4700	-226.8925	-230.9332	4.04069	0.05186384	0.04338579	0.008478052	0.04338579
4710	-212.3019	-218.6081	6.306224	0.0257123	0.008621364	0.01709093	0.008621364
4720	-219.6507	-225.8518	6.201158	0.03991118	0.01413054	0.02578064	0.01413054
4730	-216.8068	-221.8682	5.061392	0.02663995	0.01756026	0.00907969	0.01756026
4740	-215.2238	-221.521	6.297165	0.0324049	0.01232803	0.02007687	0.01232803
4750	-215.6034	-221.6977	6.094236	0.0319302	0.01558567	0.01634453	0.01558567
4760	-212.8862	-219.2672	6.380981	0.02830666	0.006692696	0.02161396	0.006692696
4770	-213.7623	-220.1332	6.37087	0.02978183	0.009248479	0.02053335	0.009248479
4780	-216.0472	-222.3176	6.270358	0.03400432	0.0133827	0.02062162	0.0133827
4790	-210.7517	-216.7307	5.979033	0.02359315	0.002641754	0.0209514	0.002641754
4800	-211.1023	-217.3458	6.243432	0.02221588	0.006314499	0.01590138	0.006314499
4810	-237.383	-241.9581	4.575118	0.08697227	0.06917194	0.01780033	0.06917194
4820	-209.9907	-215.9306	5.939937	0.01902434	0.002956996	0.01606734	0.002956996
4830	-218.8195	-224.0526	5.233132	0.03436186	0.02360099	0.01076088	0.02360099
4840	-211.2604	-217.1904	5.93001	0.01782262	0.005121124	0.0127015	0.005121124
4850	-212.7889	-218.7047	5.915798	0.02187428	0.009591849	0.01228243	0.009591849
4860	-249.9845	-254.8313	4.846809	0.07547944	0.02693733	0.04854211	0.02693733
4870	-216.7584	-223.0871	6.328695	0.03493015	0.009696901	0.02523325	0.009696901
4880	-221.0146	-226.947	5.932426	0.04366307	0.02327585	0.02038722	0.02327585
4890	-235.6611	-240.9712	5.310136	0.06694734	0.033594	0.03335334	0.033594
4900	-218.0094	-224.2802	6.270742	0.03723789	0.01242666	0.02481123	0.01242666
4910	-217.7093	-223.8809	6.171585	0.03713241	0.01644041	0.020692	0.01644041
4920	-210.5374	-216.333	5.795689	0.02276788	0.00213067	0.02063721	0.00213067
4930	-214.5134	-220.7634	6.249904	0.03047761	0.01255444	0.01792317	0.01255444
4940	-210.06	-216.1095	6.049516	0.01996899	0.003371295	0.01659769	0.003371295
4950	-226.3514	-232.2172	5.86579	0.04323767	0.005254954	0.03798272	0.005254954
4960	-212.7144	-218.1681	5.45374	0.02654435	0.001576324	0.02496803	0.001576324
4970	-227.1213	-232.8039	5.682527	0.05492706	0.02954226	0.02538481	0.02954226
4980	-229.9795	-235.554	5.574504	0.05902377	0.03053736	0.02848641	0.03053736
4990	-211.931	-218.1233	6.192248	0.02638951	0.003693308	0.0226962	0.003693308
5000	-221.3687	-227.3135	5.944871	0.04429731	0.02302667	0.02127063	0.02302667
5010	-218.9009	-225.1385	6.23755	0.03696603	0.007364005	0.02960203	0.007364005
5020	-216.1695	-222.4573	6.287778	0.03427769	0.01288039	0.0213973	0.01288039
5030	-217.2784	-223.5929	6.3145	0.03558554	0.009408063	0.02617747	0.009408063
5040	-219.8966	-225.7885	5.891985	0.03630581	0.003424672	0.03288114	0.003424672
5050	-210.6009	-216.7727	6.17183	0.02319075	0.003607801	0.01958295	0.003607801
5060	-225.6098	-231.586	5.976222	0.04746615	0.01563528	0.03183087	0.01563528
5070	-217.607	-223.822	6.215062	0.03693471	0.01519157	0.02174314	0.01519157
5080	-217.7836	-222.4346	4.651027	0.02661791	0.01870545	0.007912466	0.01870545
5090	-233.7655	-239.207	5.441533	0.0629613	0.02991595	0.03304535	0.02991595
5100	-217.8632	-224.1602	6.29697	0.03642626	0.009696648	0.02672961	0.009696648
5110	-218.2628	-224.5424	6.279676	0.03663065	0.008627347	0.0280033	0.008627347
5120	-219.0777	-224.3825	5.30479	0.03562205	0.02431112	0.01131094	0.02431112
5130	-221.7345	-227.8609	6.126398	0.03985996	0.00708718	0.03277278	0.00708718
5140	-215.6728	-222.0222	6.349433	0.03333659	0.01012415	0.02321244	0.01012415
5150	-213.7275	-219.9824	6.254876	0.02860422	0.01144109	0.01716313	0.01144109
5160	-235.8644	-240.5921	4.727676	0.08183139	0.06342225	0.01840914	0.06342225
5170	-218.292	-224.262	5.970053	0.0347258	0.003529379	0.03119642	0.003529379
5180	-211.567	-217.4441	5.877143	0.01760096	0.0054405	0.01216046	0.0054405
5190	-214.0309	-219.2277	5.196814	0.01351753	0.004491572	0.00902596	0.004491572
5200	-230.2092	-235.9807	5.771578	0.0530164	0.0176351	0.0353813	0.0176351
5210	-225.9283	-231.6606	5.732324	0.05290692	0.0285959	0.02431101	0.0285959
5220	-219.8259	-226.04	6.214107	0.0397967	0.01284176	0.02695494	0.01284176
5230	-211.7715	-218.1065	6.334962	0.02502615	0.007231925	0.01779423	0.007231925
5240	-220.7393	-225.8157	5.076421	0.03896284	0.02819953	0.01076331	0.02819953
5250	-219.8246	-225.2905	5.46583	0.03882061	0.02593983	0.01288077	0.02593983
5260	-220.7954	-226.8808	6.085335	0.04255701	0.01844572	0.02411129	0.01844572
5270	-220.435	-226.625	6.189953	0.04068281	0.01324228	0.02744053	0.01324228
5280	-211.4894	-217.0098	5.520377	0.01475052	0.002757793	0.01199273	0.002757793
5290	-220.7605	-226.5746	5.814034	0.04301852	0.02528165	0.01773687	0.02528165
5300	-222.047	-227.6854	5.638378	0.04559845	0.02908303	0.01651542	0.02908303
5310	-225.4315	-230.8716	5.440119	0.04071266	0.002459277	0.03825338	0.002459277
5320	-210.3121	-216.2563	5.944203	0.01804493	0.003463621	0.01458131	0.003463621
5330	-211.8544	-217.9659	6.1115	0.02182774	0.007937754	0.01388999	0.007937754
5340	-216.9558	-222.8409	5.885035	0.03386705	0.01904164	0.01482541	0.01904164
5350	-218.7813	-222.4035	3.62228	0.02138025	0.01571842	0.005661828	0.01571842
5360	-215.9649	-222.307	6.342043	0.03382978	0.01034193	0.02348786	0.01034193
5370	-215.3221	-221.6824	6.36023	0.03271998	0.009595125	0.02312486	0.009595125
5380	-229.8606	-235.6277	5.767039	0.05330533	0.01888437	0.03442096	0.01888437
5390	-213.2482	-218.8573	5.609065	0.02761581	0.001844611	0.0257712	0.001844611
5400	-218.8976	-224.2919	5.394264	0.03572204	0.02392226	0.01179977	0.02392226
5410	-230.359	-236.1921	5.833096	0.04994395	0.01140267	0.03854128	0.01140267
5420	-221.6313	-227.753	6.121687	0.04283709	0.01536739	0.02746971	0.01536739
5430	-224.157	-229.6883	5.531321	0.05052834	0.03328108	0.01724726	0.03328108
5440	-217.9722	-224.0641	6.09191	0.03752231	0.01830166	0.01922065	0.01830166
5450	-217.5446	-223.8475	6.302942	0.03621555	0.01061549	0.02560006	0.01061549
5460	-227.0374	-232.9995	5.96211	0.04679435	0.01109482	0.03569953	0.01109482
5470	-216.6601	-222.207	5.546922	0.03033213	0.01872236	0.01160977	0.01872236
5480	-213.2176	-218.7867	5.569153	0.01803021	0.007897568	0.01013264	0.007897568
5490	-210.7346	-216.7568	6.022218	0.01852309	0.004617517	0.01390557	0.004617517
5500	-211.1515	-216.9858	5.83438	0.01669417	0.004133595	0.01256057	0.004133595
5510	-212.1792	-218.5155	6.336224	0.02587504	0.008040123	0.01783492	0.008040123
5520	-213.4579	-219.1302	5.672297	0.02085414	0.01006695	0.01078719	0.01006695
5530	-224.2915	-230.049	5.757469	0.05032098	0.02849939	0.02182159	0.02849939
5540	-211.178	-217.4987	6.320748	0.02403137	0.005752566	0.0182788	0.005752566
5550	-213.7169	-219.4285	5.711619	0.02239427	0.01123627	0.01115799	0.01123627
5560	-214.2511	-220.4924	6.241324	0.02976842	0.01232228	0.01744614	0.01232228
5570	-210.6553	-216.0307	5.375355	0.02229269	0.001435544	0.02085715	0.001435544
5580	-211.2479	-217.3569	6.10904	0.02034502	0.006354269	0.01399075	0.006354269
5590	-213.1692	-218.2738	5.104681	0.01265615	0.002354719	0.01030143	0.002354719
5600	-211.9909	-218.086	6.095073	0.02196052	0.008231322	0.0137292	0.008231322
5610	-214.2999	-220.6781	6.378262	0.03091281	0.008840461	0.02207235	0.008840461
5620	-215.9904	-222.3314	6.341042	0.03348314	0.007820574	0.02566257	0.007820574
5630	-216.7512	-222.9692	6.218031	0.03529453	0.01497272	0.02032181	0.01497272
5640	-211.2882	-217.3283	6.040124	0.02491468	0.002870073	0.0220446	0.002870073
5650	-219.5466	-224.5433	4.996752	0.03490347	0.02504493	0.009858543	0.02504493
5660	-224.9699	-230.829	5.859162	0.04999892	0.02393519	0.02606373	0.02393519
5670	-214.8647	-221.0348	6.170134	0.0306762	0.0138764	0.0167998	0.0138764
5680	-212.7041	-219.0875	6.383329	0.02788012	0.006982972	0.02089714	0.006982972
5690	-219.0851	-225.3037	6.218568	0.03909607	0.01399299	0.02510308	0.01399299
5700	-239.3241	-243.6078	4.283778	0.09437934	0.07853166	0.01584768	0.07853166
5710	-213.9631	-220.0826	6.119568	0.02783903	0.01266187	0.01517716	0.01266187
5720	-218.8051	-224.9225	6.117475	0.03922936	0.0180692	0.02116016	0.0180692
5730	-216.7933	-223.1111	6.317745	0.03520328	0.01102237	0.0241809	0.01102237
5740	-210.4688	-216.6467	6.177912	0.02072987	0.004681072	0.0160488	0.004681072
5750	-211.6805	-217.0272	5.346685	0.01415468	0.002265552	0.01188912	0.002265552
5760	-211.9757	-218.2055	6.229848	0.02385005	0.008354932	0.01549511	0.008354932
5770	-214.2673	-220.6432	6.375904	0.03084016	0.009086336	0.02175382	0.009086336
5780	-227.032	-232.6879	5.655917	0.05527123	0.03085115	0.02442008	0.03085115
5790	-217.6204	-223.2714	5.650971	0.03323151	0.002246052	0.03098546	0.002246052
5800	-213.962	-220.3195	6.357433	0.03009027	0.009887509	0.02020276	0.009887509
5810	-213.7755	-220.1579	6.382408	0.02997359	0.007312443	0.02266115	0.007312443
5820	-212.8511	-218.7181	5.867066	0.02139743	0.009482869	0.01191457	0.009482869
5830	-211.036	-217.0463	6.010275	0.01858801	0.005203499	0.01338451	0.005203499
5840	-214.9471	-221.264	6.316925	0.03192022	0.0116643	0.02025592	0.0116643
5850	-224.3352	-230.3447	6.009556	0.04209643	0.006527482	0.03556895	0.006527482
5860	-210.8461	-216.2143	5.368184	0.0227868	0.001425672	0.02136113	0.001425672
5870	-210.7023	-216.927	6.22463	0.02151166	0.005303675	0.01620798	0.005303675
5880	-224.9638	-230.2173	5.2535	0.05190117	0.03734992	0.01455125	0.03734992
5890	-218.5823	-224.6354	6.053152	0.03873551	0.01944792	0.01928759	0.01944792
5900	-211.4698	-217.7772	6.307402	0.02396619	0.006887629	0.01707857	0.006887629
5910	-231.7058	-237.1962	5.490375	0.06169171	0.0318548	0.0298369	0.0318548
5920	-217.6669	-223.9542	6.287321	0.03663217	0.01183961	0.02479256	0.01183961
5930	-219.057	-224.7722	5.715245	0.03829537	0.0236116	0.01468377	0.0236116
5940	-225.6214	-231.2208	5.599362	0.05364821	0.03321918	0.02042903	0.03321918
5950	-227.7991	-232.8822	5.083158	0.059245	0.04422342	0.01502159	0.04422342
5960	-212.8102	-219.0683	6.258142	0.02633242	0.009909646	0.01642277	0.009909646
5970	-211.5781	-217.9171	6.33901	0.02552788	0.005429678	0.0200982	0.005429678
5980	-217.2907	-223.404	6.113377	0.03609805	0.01739428	0.01870378	0.01739428
5990	-212.3256	-218.6192	6.293552	0.02724531	0.004635688	0.02260962	0.004635688
6000	-214.9261	-221.0922	6.166102	0.03079687	0.01400048	0.01679639	0.01400048
6010	-214.6801	-220.9519	6.271881	0.03103976	0.005037599	0.02600216	0.005037599
6020	-216.5737	-222.875	6.301279	0.03498501	0.01224762	0.02273739	0.01224762
6030	-229.0544	-234.6346	5.580224	0.05845664	0.0319016	0.02655504	0.0319016
6040	-211.1547	-217.4129	6.25822	0.02255457	0.006412206	0.01614236	0.006412206
6050	-211.1383	-217.2905	6.152195	0.02079934	0.006267439	0.0145319	0.006267439
6060	-221.1887	-227.2452	6.056544	0.03847715	0.005204536	0.03327262	0.005204536
6070	-224.3526	-230.4106	6.057994	0.04475798	0.01237654	0.03238144	0.01237654
6080	-211.0904	-217.0257	5.935251	0.01770813	0.004770712	0.01293741	0.004770712
6090	-212.1368	-218.3717	6.234938	0.02432345	0.008690716	0.01563274	0.008690716
6100	-234.6318	-240.3056	5.673874	0.05280812	0.01010135	0.04270677	0.01010135
6110	-211.2116	-217.3559	6.144244	0.02081138	0.00642047	0.01439091	0.00642047
6120	-215.0408	-220.9857	5.944868	0.03069046	0.002873149	0.02781731	0.002873149
6130	-230.1528	-235.8355	5.682714	0.05592671	0.02359082	0.03233589	0.02359082
6140	-213.9074	-219.2998	5.392488	0.01826107	0.008851361	0.009409705	0.008851361
6150	-215.2228	-221.5456	6.322788	0.03251178	0.01159182	0.02091996	0.01159182
6160	-215.6419	-220.8014	5.159591	0.02324129	0.01421028	0.009031016	0.01421028
6170	-219.3363	-225.3922	6.055936	0.04028272	0.01976187	0.02052085	0.01976187
6180	-219.6074	-225.0561	5.448623	0.03810322	0.02549558	0.01260764	0.02549558
6190	-218.9824	-224.4248	5.442395	0.03629722	0.0241096	0.01218762	0.0241096
6200	-219.78	-225.9969	6.216847	0.03970654	0.01273058	0.02697597	0.01273058
6210	-213.0146	-219.3741	6.359517	0.02857691	0.005912285	0.02266463	0.005912285
6220	-222.5802	-228.1858	5.605627	0.04682068	0.03020602	0.01661466	0.03020602
6230	-213.8072	-219.935	6.127809	0.02750044	0.01233855	0.01516189	0.01233855
6240	-216.5645	-222.6068	6.04238	0.03397544	0.0174159	0.01655954	0.0174159
6250	-216.0003	-222.0398	6.03951	0.03252334	0.01658863	0.01593471	0.01658863
6260	-216.5518	-221.2406	4.688837	0.02186115	0.01424451	0.007616641	0.01424451
6270	-215.2255	-220.8159	5.590369	0.02624521	0.015122	0.01112321	0.015122
6280	-217.0411	-222.5273	5.486208	0.03097604	0.01956582	0.01141021	0.01956582
6290	-212.803	-218.5638	5.760832	0.01960233	0.008452138	0.01115019	0.008452138
6300	-213.0635	-219.249	6.185512	0.02612556	0.01071826	0.0154073	0.01071826
6310	-221.9872	-227.8955	5.908346	0.03864737	0.004022805	0.03462456	0.004022805
6320	-227.1379	-233.0428	5.904919	0.04949178	0.01662231	0.03286947	0.01662231
6330	-210.162	-216.2731	6.111138	0.02045561	0.003728559	0.01672705	0.003728559
6340	-213.2544	-218.9809	5.726525	0.02084584	0.009786417	0.01105942	0.009786417
6350	-214.8594	-219.9862	5.126816	0.01891666	0.01035813	0.008558535	0.01035813
6360	-211.2515	-217.5666	6.315115	0.02382982	0.006215622	0.0176142	0.006215622
6370	-214.9956	-221.2865	6.290961	0.0318798	0.01232832	0.01955148	0.01232832
6380	-221.9429	-227.5168	5.57388	0.04509965	0.02952676	0.01557289	0.02952676
6390	-214.0034	-219.8161	5.812668	0.02461595	0.01256836	0.0120476	0.01256836
6400	-224.1407	-229.7575	5.616817	0.05051618	0.03188495	0.01863123	0.03188495
6410	-210.5071	-216.7202	6.213172	0.0225916	0.004076959	0.01851465	0.004076959
6420	-216.0791	-222.4109	6.331704	0.03406957	0.01097001	0.02309956	0.01097001
6430	-222.6305	-228.5404	5.909869	0.03935664	0.004225655	0.03513099	0.004225655
6440	-210.8997	-216.952	6.052232	0.02404091	0.002917519	0.0211234	0.002917519
6450	-222.9052	-226.0441	3.138923	0.007579819	0.001727543	0.005852275	0.001727543
6460	-227.5734	-233.4301	5.856771	0.0446147	0.005856079	0.03875862	0.005856079
6470	-214.2173	-219.6714	5.454118	0.02089727	0.01105917	0.009838094	0.01105917
6480	-215.0617	-221.3266	6.264931	0.0318653	0.01289781	0.01896748	0.01289781
6490	-227.5013	-233.4468	5.945469	0.04690908	0.01045268	0.03645641	0.01045268
6500	-211.4834	-217.8277	6.344278	0.02497086	0.006021059	0.0189498	0.006021059
6510	-211.9583	-218.2075	6.249278	0.0265007	0.004137252	0.02236344	0.004137252
6520	-210.7202	-216.9222	6.201909	0.02353016	0.003808149	0.01972201	0.003808149
6530	-213.811	-218.1475	4.336531	0.02647725	0.0007264699	0.02575078	0.0007264699
6540	-216.639	-222.9182	6.279281	0.0351394	0.01313841	0.022001	0.01313841
6550	-217.6078	-223.4622	5.854408	0.03537369	0.0203403	0.01503339	0.0203403
6560	-216.9349	-222.5249	5.590062	0.0315022	0.01942793	0.01207427	0.01942793
6570	-229.6046	-235.1512	5.546619	0.04490194	0.003517445	0.0413845	0.003517445
6580	-210.7453	-216.9406	6.195225	0.02099145	0.005416019	0.01557544	0.005416019
6590	-224.9523	-230.2652	5.312889	0.05206839	0.03688834	0.01518005	0.03688834
6600	-225.5832	-231.5798	5.99664	0.04383182	0.007740444	0.03609137	0.007740444
6610	-215.0535	-220.9629	5.909358	0.02882248	0.01524132	0.01358116	0.01524132
6620	-216.6158	-222.6515	6.035709	0.03405887	0.01754676	0.01651211	0.01754676
6630	-210.4021	-216.5915	6.189435	0.02220936	0.003921251	0.01828811	0.003921251
6640	-215.0679	-220.5847	5.516797	0.02495642	0.0143703	0.01058612	0.0143703
6650	-215.7039	-222.0024	6.298478	0.03339512	0.01247788	0.02091723	0.01247788
6660	-211.9284	-218.2436	6.315194	0.02500381	0.00781454	0.01718927	0.00781454
6670	-221.5599	-227.0504	5.490446	0.0437069	0.02938484	0.01432207	0.02938484
6680	-213.3705	-219.4669	6.096386	0.02865452	0.003316944	0.02533757	0.003316944
6690	-213.3333	-219.4627	6.129344	0.02621192	0.01139402	0.01481789	0.01139402
6700	-209.9614	-215.5451	5.58374	0.01789916	0.001947232	0.01595193	0.001947232
6710	-215.627	-221.9175	6.29057	0.03321553	0.01268527	0.02053026	0.01268527
6720	-221.4101	-227.5798	6.169743	0.04024118	0.008820346	0.03142083	0.008820346
6730	-219.8717	-225.7957	5.924	0.04126252	0.02272724	0.01853528	0.02272724
6740	-215.3416	-221.4909	6.149275	0.03169967	0.01473963	0.01696004	0.01473963
6750	-214.0393	-220.1128	6.073532	0.02959332	0.00329989	0.02629343	0.00329989
6760	-211.1705	-217.4697	6.299154	0.02459751	0.00478684	0.01981067	0.00478684
6770	-212.2398	-218.5949	6.355139	0.02631055	0.007796983	0.01851357	0.007796983
6780	-228.1719	-233.1038	4.931892	0.05991087	0.04610362	0.01380724	0.04610362
6790	-212.6898	-218.916	6.226226	0.02780518	0.004041493	0.02376369	0.004041493
6800	-212.5701	-218.8057	6.235605	0.02543769	0.009573646	0.01586405	0.009573646
6810	-211.4692	-217.7535	6.284313	0.02355479	0.007056074	0.01649871	0.007056074
6820	-215.8387	-221.6693	5.8306	0.03035374	0.01697684	0.0133769	0.01697684
6830	-212.6298	-218.9372	6.307383	0.02650257	0.009189672	0.0173129	0.009189672
6840	-224.5557	-230.2446	5.688873	0.05118515	0.03051223	0.02067292	0.03051223
6850	-212.2825	-218.6109	6.328352	0.02717768	0.005115362	0.02206232	0.005115362
6860	-215.7151	-221.9107	6.195504	0.03292428	0.0146441	0.01828018	0.0146441
6870	-219.0586	-225.2436	6.185038	0.03664499	0.006029799	0.03061519	0.006029799
6880	-215.5247	-220.3554	4.830654	0.01192217	0.003848969	0.008073206	0.003848969
6890	-213.6753	-219.7479	6.072593	0.02906321	0.003240887	0.02582233	0.003240887
6900	-218.6777	-224.9191	6.241344	0.03665577	0.007199484	0.02945628	0.007199484
6910	-217.865	-223.6036	5.738539	0.03525553	0.02127918	0.01397635	0.02127918
6920	-216.1965	-222.042	5.84553	0.03148897	0.01770432	0.01378465	0.01770432
6930	-213.6241	-219.8669	6.242727	0.02822166	0.01139348	0.01682818	0.01139348
6940	-211.5732	-217.92	6.346753	0.02502701	0.006388982	0.01863803	0.006388982
6950	-234.5298	-240.0563	5.526534	0.05969236	0.02252993	0.03716243	0.02252993
6960	-211.5755	-217.9176	6.342121	0.02548562	0.005535279	0.01995035	0.005535279
6970	-210.6683	-216.9107	6.242407	0.02191793	0.005134615	0.01678332	0.005134615
6980	-211.6655	-218.0122	6.346699	0.02570412	0.00561229	0.02009183	0.00561229
6990	-211.2782	-217.4904	6.212211	0.02200303	0.006749464	0.01525357	0.006749464
7000	-211.3031	-217.6328	6.329716	0.02469392	0.005481672	0.01921225	0.005481672
7010	-214.5204	-219.6136	5.093174	0.01349908	0.004937406	0.008561672	0.004937406
7020	-220.2548	-226.3391	6.084324	0.04180285	0.01884905	0.0229538	0.01884905
7030	-215.2766	-221.1085	5.831874	0.02874055	0.01574117	0.01299939	0.01574117
7040	-211.1756	-216.4266	5.251051	0.01463968	0.00180567	0.01283401	0.00180567
7050	-214.8602	-221.098	6.237865	0.03118678	0.004692921	0.02649386	0.004692921
7060	-212.5394	-218.7591	6.219755	0.02515444	0.009567992	0.01558645	0.009567992
7070	-214.4119	-219.7036	5.291688	0.01927496	0.01016502	0.00910994	0.01016502
7080	-212.5225	-218.5489	6.026334	0.02255082	0.009372003	0.01317882	0.009372003
7090	-216.1346	-222.4601	6.325498	0.03354099	0.007196177	0.02634481	0.007196177
7100	-215.7951	-220.5486	4.753486	0.01335051	0.005862459	0.007488052	0.005862459
7110	-245.4824	-249.1237	3.641328	0.1189198	0.1048364	0.0140834	0.1048364
7120	-213.4864	-219.7224	6.23597	0.02780131	0.01122529	0.01657602	0.01122529
7130	-220.7684	-226.1482	5.379712	0.04092036	0.02813891	0.01278145	0.02813891
7140	-215.4224	-221.683	6.2606	0.03264409	0.01327423	0.01936986	0.01327423
7150	-223.6503	-229.5397	5.88936	0.04037352	0.004380407	0.03599312	0.004380407
7160	-215.1395	-221.3178	6.178317	0.03139268	0.00420621	0.02718647	0.00420621
7170	-210.3448	-216.3522	6.007365	0.02240294	0.002784006	0.01961894	0.002784006
7180	-210.9924	-217.19	6.197607	0.02128507	0.006032958	0.01525212	0.006032958
7190	-211.6145	-217.1467	5.532205	0.02476415	0.001652899	0.02311125	0.001652899
7200	-211.2065	-217.5147	6.308157	0.02464723	0.004939891	0.01970734	0.004939891
7210	-222.5169	-228.6372	6.120339	0.04306576	0.01304788	0.03001788	0.01304788
7220	-212.4057	-218.5172	6.111504	0.02336445	0.00931821	0.01404624	0.00931821
7230	-218.2898	-224.4683	6.178504	0.03820386	0.01627634	0.02192751	0.01627634
7240	-212.6234	-218.8845	6.26108	0.0277466	0.004337985	0.02340861	0.004337985
7250	-215.4146	-221.3431	5.92853	0.03002221	0.01597176	0.01405046	0.01597176
7260	-210.5229	-216.2956	5.772695	0.01669536	0.002956783	0.01373857	0.002956783
7270	-214.431	-220.7865	6.355546	0.03105686	0.01019428	0.02086257	0.01019428
7280	-215.3451	-221.5975	6.252378	0.03193289	0.005047987	0.0268849	0.005047987
7290	-215.8871	-221.9961	6.109036	0.03275374	0.01586838	0.01688536	0.01586838
7300	-219.571	-225.4247	5.85366	0.0403309	0.02335263	0.01697827	0.02335263
7310	-217.4837	-223.7805	6.296883	0.0362921	0.01143314	0.02485896	0.01143314
7320	-215.195	-221.3279	6.132869	0.03120146	0.01467253	0.01652893	0.01467253
7330	-225.313	-231.3391	6.026071	0.04431071	0.009267771	0.03504294	0.009267771
7340	-218.8408	-224.7469	5.906143	0.03879635	0.02183069	0.01696566	0.02183069
7350	-219.3438	-225.5774	6.233678	0.03906365	0.01243648	0.02662717	0.01243648
7360	-220.0997	-226.0447	5.945008	0.04179424	0.02253324	0.019261	0.02253324
7370	-214.6209	-220.2018	5.580985	0.02948303	0.001872297	0.02761073	0.001872297
7380	-224.181	-230.2296	6.048629	0.04528963	0.01407442	0.03121522	0.01407442
7390	-210.0143	-215.2849	5.270641	0.01847749	0.001400856	0.01707663	0.001400856
7400	-223.3885	-229.265	5.876562	0.04797792	0.02474462	0.02323331	0.02474462
7410	-210.7988	-216.8049	6.006161	0.02374293	0.002737727	0.02100521	0.002737727
7420	-217.5397	-223.1066	5.566871	0.03307555	0.02081479	0.01226076	0.02081479
7430	-210.0154	-216.014	5.998639	0.02070753	0.002905014	0.01780252	0.002905014
7440	-225.7276	-231.6817	5.954059	0.0481516	0.0169344	0.0312172	0.0169344
7450	-212.3608	-218.7164	6.355516	0.02656765	0.008008025	0.01855963	0.008008025
7460	-213.7427	-220.1248	6.382031	0.0298475	0.008584776	0.02126273	0.008584776
7470	-218.5043	-224.688	6.18371	0.03855146	0.01604589	0.02250557	0.01604589
7480	-216.5974	-222.1846	5.587281	0.03048264	0.0186252	0.01185744	0.0186252
7490	-218.1869	-223.8522	5.66531	0.03562008	0.02211237	0.01350771	0.02211237
7500	-223.4872	-229.0695	5.582278	0.04898375	0.03172134	0.01726241	0.03172134
7510	-210.1404	-216.0798	5.939386	0.02156591	0.002579468	0.01898645	0.002579468
7520	-211.6995	-217.8253	6.125802	0.02163456	0.007590713	0.01404384	0.007590713
7530	-225.1414	-230.869	5.727524	0.05191285	0.02928955	0.02262331	0.02928955
7540	-214.172	-220.554	6.381992	0.03068697	0.007979076	0.02270789	0.007979076
7550	-215.1921	-221.2666	6.074562	0.03118246	0.00350309	0.02767937	0.00350309
7560	-212.0644	-217.6885	5.624104	0.02574256	0.001815918	0.02392664	0.001815918
7570	-217.437	-221.8464	4.409497	0.02298351	0.01589912	0.00708439	0.01589912
7580	-214.0561	-220.3613	6.305206	0.02986496	0.01120132	0.01866364	0.01120132
7590	-233.2135	-238.6323	5.418833	0.06386786	0.03277594	0.03109192	0.03277594
7600	-217.768	-223.4459	5.677932	0.03455315	0.02122581	0.01332734	0.02122581
7610	-220.8601	-227.0521	6.19204	0.04060147	0.01142692	0.02917455	0.01142692
7620	-213.4678	-219.7842	6.316392	0.0285985	0.01032178	0.01827672	0.01032178
7630	-210.8827	-217.122	6.239319	0.02395521	0.004106367	0.01984884	0.004106367
7640	-210.9403	-215.5958	4.655495	0.01536812	0.0009984657	0.01436966	0.0009984657
7650	-214.9114	-221.2736	6.362163	0.03201389	0.009846545	0.02216735	0.009846545
7660	-211.2894	-215.3114	4.021958	0.01563275	0.0006573376	0.01497542	0.0006573376
7670	-214.4105	-220.6361	6.225644	0.03002131	0.01270704	0.01731428	0.01270704
7680	-227.3143	-233.1017	5.787424	0.05281832	0.02367686	0.02914146	0.02367686
7690	-215.4394	-221.5635	6.1241	0.03174864	0.01510335	0.01664529	0.01510335
7700	-214.5769	-220.5364	5.959486	0.02793707	0.01418825	0.01374882	0.01418825
7710	-213.8389	-220.1814	6.342468	0.02969634	0.01021781	0.01947853	0.01021781
7720	-211.0556	-216.9728	5.917216	0.01748052	0.004560428	0.01292009	0.004560428
7730	-212.7369	-218.6911	5.954155	0.02223479	0.009643975	0.01259082	0.009643975
7740	-222.6524	-228.5605	5.90807	0.04663439	0.02397018	0.02266421	0.02397018
7750	-213.5084	-219.8465	6.338178	0.02891381	0.009977084	0.01893672	0.009977084
7760	-222.7068	-228.7459	6.039134	0.04511808	0.01821965	0.02689843	0.01821965
7770	-218.9177	-225.1766	6.25883	0.0374627	0.008785761	0.02867694	0.008785761
7780	-213.5728	-219.7893	6.216433	0.02781544	0.01150401	0.01631142	0.01150401
7790	-226.4423	-232.0718	5.629467	0.05483521	0.03229165	0.02254356	0.03229165
7800	-211.5747	-217.4377	5.862969	0.01742173	0.005325577	0.01209615	0.005325577
7810	-210.2308	-216.0305	5.799732	0.01735753	0.002775159	0.01458237	0.002775159
7820	-213.6926	-219.8932	6.200611	0.02795983	0.01180586	0.01615397	0.01180586
7830	-228.044	-233.9633	5.919281	0.04663581	0.008935827	0.03769999	0.008935827
7840	-212.6489	-219.0276	6.378704	0.02756693	0.007676036	0.01989089	0.007676036
7850	-213.125	-219.3818	6.256876	0.02711391	0.01046817	0.01664574	0.01046817
7860	-210.8817	-217.0503	6.168618	0.02067841	0.005691954	0.01498646	0.005691954
7870	-213.7157	-220.0055	6.289821	0.02961952	0.00492721	0.02469231	0.00492721
7880	-212.9738	-219.0922	6.118358	0.02807896	0.003377111	0.02470185	0.003377111
7890	-227.6957	-232.836	5.140299	0.05906613	0.04348664	0.01557949	0.04348664
7900	-212.2034	-217.8419	5.638512	0.02600663	0.001847063	0.02415957	0.001847063
7910	-211.2389	-217.2685	6.029598	0.02479585	0.002827085	0.02196876	0.002827085
7920	-213.1121	-219.4981	6.385982	0.02871782	0.007193217	0.02152461	0.007193217
7930	-214.0129	-220.3764	6.363479	0.03024495	0.009699464	0.02054549	0.009699464
7940	-219.1219	-225.3768	6.254965	0.03827269	0.01062317	0.02764952	0.01062317
7950	-238.8046	-243.8071	5.002531	0.07765348	0.04643772	0.03121576	0.04643772
7960	-210.4103	-215.8385	5.428212	0.01615475	0.001865438	0.01428932	0.001865438
7970	-210.0174	-215.8494	5.831986	0.01817881	0.002658844	0.01551996	0.002658844
7980	-214.4272	-220.5309	6.103724	0.02893641	0.01357974	0.01535667	0.01357974
7990	-210.1936	-216.2785	6.084841	0.02165533	0.00322481	0.01843052	0.00322481
8000	-215.8364	-221.7948	5.958434	0.03144058	0.01671045	0.01473013	0.01671045
8010	-220.2166	-225.8267	5.610024	0.04075509	0.02625645	0.01449864	0.02625645
8020	-211.8152	-218.1489	6.333759	0.02508582	0.007347306	0.01773852	0.007347306
8030	-211.2381	-217.4705	6.23234	0.02493615	0.003973708	0.02096244	0.003973708
8040	-213.622	-219.2435	5.621553	0.02077784	0.01023884	0.010539	0.01023884
8050	-210.96	-216.7786	5.818565	0.02387668	0.002179447	0.02169723	0.002179447
8060	-216.0923	-222.3851	6.29275	0.03321467	0.006146816	0.02706786	0.006146816
8070	-212.8184	-218.5708	5.752465	0.01952643	0.00842637	0.01110006	0.00842637
8080	-236.4799	-241.759	5.279023	0.06772577	0.0334719	0.03425387	0.0334719
8090	-212.5157	-218.8358	6.320099	0.02640067	0.008852255	0.01754842	0.008852255
8100	-210.8369	-216.6322	5.795272	0.02354886	0.002124443	0.02142442	0.002124443
8110	-212.5328	-218.8548	6.322064	0.02765808	0.005054085	0.02260399	0.005054085
8120	-217.1502	-223.3694	6.219211	0.03427917	0.005430748	0.02884842	0.005430748
8130	-223.5674	-228.5826	5.015236	0.04683229	0.0350904	0.0117419	0.0350904
8140	-211.7964	-218.1411	6.344694	0.02607664	0.005469649	0.02060699	0.005469649
8150	-225.9448	-231.9311	5.986292	0.04424948	0.007921099	0.03632838	0.007921099
8160	-221.6089	-227.0396	5.430708	0.04352958	0.02975093	0.01377866	0.02975093
8170	-214.2209	-219.4029	5.181974	0.01428698	0.005536451	0.008750528	0.005536451
8180	-211.6004	-217.7513	6.150915	0.02569213	0.003412594	0.02227954	0.003412594
8190	-210.8588	-216.7483	5.889517	0.01716723	0.004001424	0.01316581	0.004001424
8200	-218.1752	-221.9205	3.745271	0.01817962	0.01248601	0.005693612	0.01248601
8210	-210.0391	-215.9566	5.917423	0.0210411	0.002541565	0.01849954	0.002541565
8220	-221.6628	-227.3692	5.706383	0.04486329	0.02777668	0.0170866	0.02777668
8230	-213.4232	-219.6941	6.270911	0.02801486	0.01082699	0.01718786	0.01082699
8240	-213.7084	-219.8972	6.188815	0.02787777	0.01190041	0.01597735	0.01190041
8250	-219.9497	-223.738	3.788279	0.009595129	0.003674373	0.005920755	0.003674373
8260	-217.0565	-223.2492	6.192642	0.03585777	0.01570007	0.02015769	0.01570007
8270	-213.1582	-219.0877	5.929505	0.02327522	0.01070793	0.0125673	0.01070793
8280	-213.9186	-220.1069	6.188345	0.02842254	0.01226305	0.01615949	0.01226305
8290	-210.8992	-217.1489	6.249698	0.023973	0.004214861	0.01975814	0.004214861
8300	-210.1191	-216.202	6.082924	0.02109599	0.003307879	0.01778811	0.003307879
8310	-211.7379	-218.0944	6.356522	0.02551601	0.006495795	0.01902021	0.006495795
8320	-225.4198	-230.8299	5.410133	0.05349086	0.03663515	0.01685571	0.03663515
8330	-211.9243	-217.6226	5.698245	0.01589678	0.004579932	0.01131685	0.004579932
8340	-212.0512	-217.7605	5.709313	0.01623152	0.005041233	0.01119028	0.005041233
8350	-212.9087	-219.0804	6.171694	0.02554112	0.01044166	0.01509946	0.01044166
8360	-214.1068	-219.7742	5.6674	0.02325727	0.01220665	0.01105061	0.01220665
8370	-221.7604	-227.4648	5.704388	0.04509248	0.02792633	0.01716616	0.02792633
8380	-220.3434	-226.1196	5.776124	0.04189423	0.02522315	0.01667108	0.02522315
8390	-212.0083	-217.875	5.866714	0.01852531	0.006688681	0.01183663	0.006688681
8400	-212.3846	-218.0543	5.669616	0.016442	0.005641953	0.01080004	0.005641953
8410	-218.8135	-225.0595	6.246042	0.03695132	0.007607769	0.02934355	0.007607769
8420	-210.5522	-216.602	6.049721	0.01884504	0.004404542	0.0144405	0.004404542
8430	-210.5805	-216.7663	6.185799	0.0207959	0.004984711	0.01581119	0.004984711
8440	-223.8209	-229.4571	5.636212	0.04979307	0.03123773	0.01855534	0.03123773
8450	-211.2217	-217.5438	6.322142	0.02451029	0.005328999	0.01918129	0.005328999
8460	-210.1562	-216.0821	5.925883	0.02163137	0.002529135	0.01910224	0.002529135
8470	-223.4425	-229.5227	6.080182	0.04433289	0.01368237	0.03065052	0.01368237
8480	-214.0006	-219.6594	5.65881	0.02877493	0.001982899	0.02679203	0.001982899
8490	-247.114	-251.3972	4.2832	0.1078819	0.07936289	0.02851897	0.07936289
8500	-215.7888	-221.8705	6.081654	0.03230421	0.01596092	0.0163433	0.01596092
8510	-211.2696	-217.5979	6.328269	0.02428585	0.005886438	0.01839941	0.005886438
8520	-216.4468	-222.4279	5.981114	0.03323903	0.01767575	0.01556328	0.01767575
8530	-213.2908	-219.4351	6.144293	0.02626549	0.01127843	0.01498706	0.01127843
8540	-251.2663	-254.9318	3.665565	0.1386491	0.1180816	0.02056746	0.1180816
8550	-218.8356	-224.936	6.100408	0.03929895	0.01852483	0.02077412	0.01852483
8560	-248.5174	-253.1583	4.640865	0.0854122	0.04347335	0.04193885	0.04347335
8570	-215.3405	-221.6183	6.277764	0.03255692	0.01285527	0.01970166	0.01285527
8580	-216.3115	-222.6282	6.316752	0.03374072	0.007057715	0.026683	0.007057715
8590	-210.3461	-215.1236	4.777509	0.01769779	0.0009844835	0.01671331	0.0009844835
8600	-211.2923	-217.4979	6.205608	0.02192537	0.006777499	0.01514787	0.006777499
8610	-217.5394	-223.797	6.257554	0.03508846	0.006461577	0.02862688	0.006461577
8620	-215.736	-221.9799	6.243852	0.03324479	0.01383778	0.01940702	0.01383778
8630	-210.5374	-216.678	6.140634	0.02006679	0.004776628	0.01529017	0.004776628
8640	-216.5035	-222.4733	5.969766	0.03330254	0.01783545	0.01546709	0.01783545
8650	-226.9806	-232.1642	5.183607	0.0572021	0.0417473	0.0154548	0.0417473
8660	-213.3863	-218.9211	5.534768	0.01821649	0.00823347	0.009983023	0.00823347
8670	-223.228	-229.335	6.107004	0.0430829	0.0111534	0.0319295	0.0111534
8680	-214.4908	-220.7744	6.283573	0.03079765	0.005122335	0.02567532	0.005122335
8690	-211.5009	-216.8275	5.326668	0.01430535	0.002115684	0.01218966	0.002115684
8700	-219.5117	-225.249	5.737243	0.03961146	0.02427721	0.01533425	0.02427721
8710	-215.0142	-220.622	5.607818	0.02572478	0.01459897	0.01112581	0.01459897
8720	-217.2992	-223.4843	6.185106	0.03633549	0.01597597	0.02035951	0.01597597
8730	-234.9696	-240.5501	5.580479	0.05055889	0.005823402	0.04473549	0.005823402
8740	-223.9615	-230.0404	6.078878	0.04389956	0.01130224	0.03259732	0.01130224
8750	-214.293	-220.5214	6.228439	0.02975599	0.01251619	0.0172398	0.01251619
8760	-211.5014	-217.5592	6.057817	0.02012003	0.006733768	0.01338626	0.006733768
8770	-219.9197	-225.8202	5.900571	0.04131277	0.02314131	0.01817146	0.02314131
8780	-211.7099	-217.7821	6.072143	0.02085807	0.007382119	0.01347596	0.007382119
8790	-210.161	-216.1733	6.012315	0.01897137	0.003507805	0.01546357	0.003507805
8800	-213.732	-219.5621	5.830118	0.02392634	0.01188966	0.01203668	0.01188966
8810	-215.0368	-221.0325	5.995708	0.0295819	0.01507845	0.01450345	0.01507845
8820	-225.1857	-231.1732	5.987524	0.04301478	0.006813713	0.03620107	0.006813713
8830	-211.8733	-218.2156	6.342373	0.02535666	0.007324707	0.01803195	0.007324707
8840	-210.0026	-215.3266	5.324041	0.01810272	0.001487897	0.01661483	0.001487897
8850	-211.5537	-217.8668	6.313113	0.02421988	0.007026677	0.0171932	0.007026677
8860	-212.0744	-218.321	6.246594	0.0243316	0.008525475	0.01580612	0.008525475
8870	-215.5393	-221.8975	6.35814	0.03305233	0.009344611	0.02370772	0.009344611
8880	-226.8099	-232.5862	5.776365	0.05286696	0.0252645	0.02760246	0.0252645
8890	-211.7102	-217.7332	6.023045	0.02011552	0.0070896	0.01302592	0.0070896
8900	-212.1343	-218.298	6.163683	0.02332772	0.008741092	0.01458663	0.008741092
8910	-209.982	-215.7331	5.751145	0.02055485	0.002099847	0.018455	0.002099847
8920	-218.7818	-225.0087	6.226918	0.03865214	0.01394365	0.02470849	0.01394365
8930	-210.1001	-216.1815	6.081358	0.02030572	0.003509371	0.01679635	0.003509371
8940	-226.9169	-232.8822	5.965215	0.04687317	0.01149362	0.03537955	0.01149362
8950	-212.1384	-218.3956	6.257232	0.02685631	0.004228839	0.02262747	0.004228839
8960	-215.7476	-221.8747	6.127071	0.03205884	0.003961503	0.02809734	0.003961503
8970	-222.1878	-228.2463	6.058453	0.04438454	0.01802724	0.0263573	0.01802724
8980	-233.877	-239.5751	5.698142	0.05297201	0.01147748	0.04149453	0.01147748
8990	-221.3976	-227.1126	5.714998	0.04424736	0.0273264	0.01692096	0.0273264
9000	-227.9709	-233.6502	5.679292	0.0556228	0.02844755	0.02717525	0.02844755
9010	-217.0587	-223.067	6.008317	0.03498463	0.01841533	0.01656929	0.01841533
9020	-217.0396	-223.3523	6.312647	0.03556521	0.01098243	0.02458278	0.01098243
9030	-216.1962	-221.9388	5.742599	0.03062005	0.01779197	0.01282808	0.01779197
9040	-222.4713	-228.2836	5.812354	0.04673757	0.02668332	0.02005426	0.02668332
9050	-216.6345	-222.0392	5.404629	0.02905067	0.01835102	0.01069965	0.01835102
9060	-214.7895	-221.1052	6.315715	0.03157919	0.01160801	0.01997118	0.01160801
9070	-220.3877	-226.3866	5.998983	0.04235481	0.0214481	0.0209067	0.0214481
9080	-213.4543	-219.7946	6.340311	0.02881271	0.009871022	0.01894168	0.009871022
9090	-211.6018	-217.9506	6.348799	0.02545462	0.005806034	0.01964859	0.005806034
9100	-220.7636	-226.8873	6.123738	0.04209551	0.01672125	0.02537426	0.01672125
9110	-211.743	-217.9984	6.255383	0.02367147	0.007785217	0.01588625	0.007785217
9120	-222.3599	-228.3708	6.01089	0.04523481	0.02012203	0.02511279	0.02012203
9130	-211.3004	-217.6309	6.330489	0.02465071	0.005541288	0.01910942	0.005541288
9140	-210.4454	-216.4708	6.025474	0.02275123	0.002840627	0.01991061	0.002840627
9150	-219.8206	-226.0513	6.230756	0.03919171	0.01085338	0.02833833	0.01085338
9160	-209.9654	-215.4344	5.468946	0.01797194	0.001716519	0.01625542	0.001716519
9170	-210.2753	-216.2865	6.011258	0.01869814	0.003705469	0.01499267	0.003705469
9180	-218.003	-224.2329	6.229911	0.03755606	0.0145232	0.02303286	0.0145232
9190	-211.5387	-217.6519	6.113182	0.02552428	0.003207306	0.02231698	0.003207306
9200	-220.6462	-226.0352	5.389063	0.04063517	0.02785534	0.01277983	0.02785534
9210	-221.6789	-227.0703	5.39146	0.04351119	0.03003935	0.01347184	0.03003935
9220	-213.6196	-219.8162	6.196676	0.02772762	0.01170234	0.01602528	0.01170234
9230	-218.3065	-224.5884	6.281986	0.03716753	0.01034714	0.02682039	0.01034714
9240	-224.4886	-230.5205	6.031974	0.04580693	0.0145294	0.03127753	0.0145294
9250	-227.9316	-233.7938	5.862208	0.05070543	0.01749505	0.03321038	0.01749505
9260	-216.3809	-222.121	5.740113	0.03195923	0.00236153	0.0295977	0.00236153
9270	-228.2964	-233.9459	5.649565	0.04406154	0.003860215	0.04020132	0.003860215
9280	-233.9338	-238.8941	4.960327	0.04712008	0.002039956	0.04508013	0.002039956
9290	-212.1746	-217.7147	5.540115	0.01464305	0.003664972	0.01097807	0.003664972
9300	-218.3691	-224.5699	6.200776	0.03826457	0.01547687	0.0227877	0.01547687
9310	-209.9855	-215.9525	5.967021	0.02055464	0.002783039	0.0177716	0.002783039
9320	-214.7885	-219.9806	5.192053	0.01967348	0.01086151	0.008811964	0.01086151
9330	-216.7625	-223.0554	6.292842	0.03532204	0.01253106	0.02279098	0.01253106
9340	-211.913	-217.8169	5.903932	0.01883594	0.006741787	0.01209415	0.006741787
9350	-220.9036	-226.7885	5.884847	0.04345556	0.02424339	0.01921217	0.02424339
9360	-213.5613	-219.8579	6.296645	0.02861873	0.01073008	0.01788865	0.01073008
9370	-216.1855	-221.7272	5.541642	0.02884076	0.01752509	0.01131567	0.01752509
9380	-212.4781	-218.4221	5.944034	0.02124644	0.008833033	0.01241341	0.008833033
9390	-210.6045	-216.8226	6.218079	0.02303597	0.004029434	0.01900653	0.004029434
9400	-221.7825	-227.3618	5.579278	0.0447082	0.02921663	0.01549157	0.02921663
9410	-213.5186	-219.3049	5.786376	0.02265089	0.01105844	0.01159245	0.01105844
9420	-224.5488	-230.5254	5.976608	0.04738436	0.01828078	0.02910358	0.01828078
9430	-211.8796	-218.0641	6.18455	0.02295745	0.008159974	0.01479748	0.008159974
9440	-215.8701	-222.0409	6.170788	0.03235926	0.004350391	0.02800887	0.004350391
9450	-218.0512	-222.1815	4.130348	0.02301882	0.01646697	0.006551845	0.01646697
9460	-217.7131	-224.0147	6.301574	0.03621158	0.009620275	0.0265913	0.009620275
9470	-216.4302	-222.7664	6.336224	0.03448442	0.009866394	0.02461802	0.009866394
9480	-253.9903	-258.9435	4.953177	0.06472266	0.006755663	0.057967	0.006755663
9490	-225.5581	-231.5365	5.978434	0.04343051	0.006972384	0.03645812	0.006972384
9500	-212.6222	-218.9656	6.343372	0.02695853	0.008684358	0.01827417	0.008684358
9510	-212.8205	-218.9423	6.121851	0.02468063	0.01029644	0.01438419	0.01029644
9520	-218.208	-224.2181	6.010043	0.03775862	0.01981886	0.01793977	0.01981886
9530	-214.6342	-220.8934	6.259196	0.03083844	0.01256509	0.01827335	0.01256509
9540	-212.9989	-219.3473	6.348449	0.02787243	0.009136282	0.01873615	0.009136282
9550	-210.5964	-216.8422	6.245862	0.02256572	0.004551061	0.01801465	0.004551061
9560	-218.5923	-224.8559	6.263668	0.03789285	0.01172977	0.02616308	0.01172977
9570	-210.9408	-216.9409	6.000055	0.01836572	0.004913924	0.01345179	0.004913924
9580	-220.8948	-223.8706	2.975805	0.02606818	0.02102149	0.005046688	0.02102149
9590	-220.2466	-224.6762	4.429588	0.03333642	0.02539354	0.007942887	0.02539354
9600	-217.5294	-223.7195	6.190014	0.03679602	0.01591822	0.02087779	0.01591822
9610	-212.25	-218.1841	5.934176	0.02035489	0.008068639	0.01228625	0.008068639
9620	-213.5573	-219.8782	6.32095	0.02944393	0.00532541	0.02411852	0.00532541
9630	-227.1466	-232.5497	5.403166	0.04221063	0.002539224	0.0396714	0.002539224
9640	-222.2438	-226.5922	4.34841	0.03908781	0.03085273	0.008235082	0.03085273
9650	-230.163	-235.3139	5.150937	0.06540883	0.04707726	0.01833157	0.04707726
9660	-224.3936	-228.6151	4.22144	0.04500077	0.03659493	0.008405838	0.03659493
9670	-235.1263	-240.5105	5.384184	0.064471	0.03011571	0.03435529	0.03011571
9680	-217.7828	-223.9935	6.210773	0.03725281	0.01530808	0.02194473	0.01530808
9690	-210.8457	-217.0527	6.206987	0.02391239	0.003815286	0.0200971	0.003815286
9700	-210.0836	-216.124	6.040399	0.01961889	0.003432562	0.01618633	0.003432562
9710	-246.1525	-250.1602	4.00773	0.117754	0.09824421	0.01950979	0.09824421
9720	-218.5351	-224.6682	6.133135	0.03563464	0.004930996	0.03070364	0.004930996
9730	-220.849	-227.0248	6.175804	0.03923768	0.00777555	0.03146213	0.00777555
9740	-217.1076	-223.4253	6.317702	0.03550707	0.01013	0.02537707	0.01013
9750	-211.6433	-217.8959	6.252581	0.0234043	0.007570989	0.01583331	0.007570989
9760	-214.4528	-220.4669	6.014068	0.02812731	0.01387403	0.01425328	0.01387403
9770	-212.4125	-218.4028	5.990241	0.02170354	0.008905716	0.01279782	0.008905716
9780	-221.9032	-228.0547	6.151495	0.04197818	0.01196979	0.03000839	0.01196979
9790	-212.6917	-218.9295	6.237813	0.02577887	0.009800026	0.01597884	0.009800026
9800	-210.0557	-215.7384	5.682681	0.01753072	0.002259968	0.01527076	0.002259968
9810	-217.4095	-223.3237	5.914133	0.0352603	0.01966325	0.01559705	0.01966325
9820	-214.7968	-220.6464	5.849624	0.03018211	0.00251889	0.02766322	0.00251889
9830	-216.5387	-222.8415	6.302782	0.03492265	0.01219684	0.0227258	0.01219684
9840	-210.4067	-216.5515	6.144799	0.02022427	0.004473907	0.01575036	0.004473907
9850	-222.1008	-227.5996	5.498756	0.04518886	0.03034554	0.01484332	0.03034554
9860	-226.5797	-232.5215	5.941806	0.04838374	0.0154418	0.03294194	0.0154418
9870	-215.6122	-221.1402	5.527935	0.02689768	0.01597014	0.01092754	0.01597014
9880	-211.2565	-217.4019	6.145487	0.02091755	0.006537758	0.01437979	0.006537758
9890	-211.8655	-218.2105	6.345051	0.02539441	0.007253471	0.01814094	0.007253471
9900	-234.2745	-239.4287	5.154168	0.07219904	0.04680723	0.02539181	0.04680723
9910	-210.839	-217.1073	6.268379	0.02364281	0.004517819	0.01912499	0.004517819
9920	-215.9308	-221.3939	5.46314	0.02732333	0.0166274	0.01069593	0.0166274
9930	-213.0213	-218.9472	5.925871	0.0278069	0.002585841	0.02522106	0.002585841
9940	-215.7788	-222.0482	6.269425	0.03345049	0.01329878	0.02015171	0.01329878
9950	-224.9832	-230.8365	5.853249	0.05010933	0.02420264	0.02590669	0.02420264
9960	-210.6476	-216.7527	6.105145	0.02339259	0.003182849	0.02020975	0.003182849
9970	-225.3248	-231.0114	5.686624	0.05255508	0.03062526	0.02192982	0.03062526
9980	-232.1944	-237.0228	4.828416	0.07146017	0.05555362	0.01590655	0.05555362
9990	-210.0387	-215.6315	5.592815	0.0205362	0.001778732	0.01875747	0.001778732
10000	-210.2839	-216.4365	6.152625	0.02068578	0.004127624	0.01655815	0.004127624
