Iteration	Posterior	Likelihood	Prior	birth_rate	death_rate	diversification	turnover
0	-319.6782	-315.2261	-4.452068	1.202374	1.19483	0.007544132	1.19483
10	-218.3758	-224.6095	6.233675	0.03807312	0.01406032	0.0240128	0.01406032
20	-227.3567	-232.9346	5.577939	0.05674715	0.03380389	0.02294326	0.03380389
30	-257.121	-261.3665	4.245471	0.09503416	0.04675975	0.04827442	0.04675975
40	-255.0907	-258.8221	3.731408	0.1345659	0.1038344	0.03073151	0.1038344
50	-260.9363	-265.2567	4.320449	0.08828858	0.03335804	0.05493054	0.03335804
60	-211.7751	-218.012	6.236892	0.02612488	0.004015713	0.02210917	0.004015713
70	-251.4449	-256.5107	5.065748	0.06408318	0.008334302	0.05574888	0.008334302
80	-228.9441	-234.6978	5.753743	0.04531366	0.005055463	0.0402582	0.005055463
90	-264.4604	-267.7188	3.258342	0.1506076	0.1114272	0.03918038	0.1114272
100	-211.9043	-217.6765	5.772228	0.01680286	0.005319833	0.01148303	0.005319833
110	-260.1754	-264.359	4.183691	0.09473165	0.04299722	0.05173443	0.04299722
120	-219.1379	-225.1582	6.020321	0.03587644	0.004066911	0.03180953	0.004066911
130	-212.2863	-218.4721	6.185793	0.02403791	0.009090383	0.01494752	0.009090383
140	-261.6621	-264.2294	2.56726	0.2033766	0.1870888	0.01628775	0.1870888
150	-238.8663	-244.234	5.367665	0.06308999	0.02172172	0.04136828	0.02172172
160	-229.7905	-235.1567	5.366215	0.06297229	0.04083316	0.02213913	0.04083316
170	-224.9533	-230.4889	5.535571	0.05240515	0.03413987	0.01826528	0.03413987
180	-229.8891	-235.3619	5.472853	0.0613549	0.03616999	0.02518491	0.03616999
190	-219.4277	-225.3681	5.940355	0.04030678	0.02205742	0.01824936	0.02205742
200	-217.8425	-223.9509	6.10839	0.03728954	0.01790231	0.01938723	0.01790231
210	-235.8642	-239.9759	4.111678	0.0823528	0.07033121	0.01202159	0.07033121
220	-225.7523	-231.7619	6.00967	0.04475157	0.009329105	0.03542246	0.009329105
230	-225.5523	-230.8774	5.325072	0.0536904	0.03783116	0.01585923	0.03783116
240	-229.1495	-235.0024	5.85295	0.05046802	0.01456172	0.0359063	0.01456172
250	-212.5778	-218.9503	6.372544	0.02771532	0.00623644	0.02147888	0.00623644
260	-219.7392	-225.8791	6.139867	0.04067573	0.01704072	0.023635	0.01704072
270	-224.6167	-230.5547	5.937948	0.04827701	0.0204103	0.02786672	0.0204103
280	-224.1278	-229.8468	5.719084	0.05024301	0.02959434	0.02064867	0.02959434
290	-248.6678	-252.823	4.155174	0.1141032	0.08584728	0.02825593	0.08584728
300	-216.1319	-222.3105	6.178534	0.03378675	0.01531118	0.01847557	0.01531118
310	-235.7461	-241.2492	5.503118	0.05991662	0.02095479	0.03896183	0.02095479
320	-215.05	-221.1607	6.110759	0.03064439	0.01460695	0.01603744	0.01460695
330	-236.8372	-242.299	5.461777	0.0608177	0.02084417	0.03997354	0.02084417
340	-219.4879	-225.49	6.002108	0.03621435	0.004026744	0.0321876	0.004026744
350	-237.1073	-241.6017	4.494378	0.08663001	0.07025973	0.01637027	0.07025973
360	-215.5301	-220.0734	4.543381	0.01073955	0.001891318	0.008848233	0.001891318
370	-235.3122	-240.9277	5.615491	0.05583784	0.01443863	0.04139921	0.01443863
380	-281.1254	-285.0642	3.938848	0.09165329	0.01942282	0.07223047	0.01942282
390	-216.7882	-222.116	5.327864	0.02888371	0.01854099	0.01034272	0.01854099
400	-255.7603	-260.3059	4.545616	0.08310138	0.03153503	0.05156635	0.03153503
410	-250.4666	-254.5774	4.110794	0.1146038	0.08328432	0.03131947	0.08328432
420	-210.8748	-216.5634	5.688594	0.01590457	0.002938089	0.01296648	0.002938089
430	-216.9679	-223.1675	6.199628	0.03569275	0.01549945	0.0201933	0.01549945
440	-211.2724	-217.3935	6.12111	0.02496999	0.003238246	0.02173174	0.003238246
450	-257.9754	-261.7522	3.776763	0.1233365	0.08422298	0.03911352	0.08422298
460	-227.6081	-233.4555	5.847383	0.05122298	0.01933465	0.03188833	0.01933465
470	-230.5263	-236.0914	5.565067	0.05939969	0.02994446	0.02945523	0.02994446
480	-220.9413	-226.56	5.618761	0.04270646	0.02750023	0.01520623	0.02750023
490	-217.3921	-223.41	6.01793	0.03586131	0.01876994	0.01709136	0.01876994
500	-237.7605	-242.7634	5.002909	0.07802902	0.04927889	0.02875012	0.04927889
510	-212.8668	-219.187	6.320239	0.02826452	0.005100168	0.02316435	0.005100168
520	-219.5044	-225.6502	6.145848	0.04029718	0.0169627	0.02333448	0.0169627
530	-269.9455	-273.4135	3.468021	0.1203866	0.06672646	0.05366016	0.06672646
540	-210.7559	-217.0224	6.266531	0.02326286	0.004608936	0.01865392	0.004608936
550	-247.6633	-252.0043	4.34097	0.1037179	0.07198015	0.03173772	0.07198015
560	-223.5139	-229.3445	5.830651	0.04853978	0.0262926	0.02224718	0.0262926
570	-217.8531	-223.9807	6.127612	0.03735809	0.01752007	0.01983801	0.01752007
580	-222.2051	-228.0327	5.827552	0.03858225	0.003546103	0.03503615	0.003546103
590	-248.9582	-252.7037	3.745413	0.1306586	0.1119526	0.01870608	0.1119526
600	-214.1251	-220.4499	6.324774	0.0301852	0.01088806	0.01929715	0.01088806
610	-254.0726	-259.0362	4.963572	0.06517133	0.007318632	0.05785269	0.007318632
620	-224.2604	-230.1304	5.869991	0.04914615	0.02430478	0.02484137	0.02430478
630	-240.9987	-246.2579	5.259225	0.06580162	0.02321035	0.04259127	0.02321035
640	-248.1304	-252.768	4.637581	0.08600575	0.04486937	0.04113638	0.04486937
650	-232.9523	-237.8079	4.855589	0.07351966	0.05650978	0.01700988	0.05650978
660	-239.5321	-244.6714	5.139305	0.07136302	0.03451565	0.03684738	0.03451565
670	-219.4586	-225.1985	5.739878	0.03948881	0.02417087	0.01531794	0.02417087
680	-224.4738	-230.4879	6.014107	0.0463799	0.01596586	0.03041404	0.01596586
690	-251.1493	-255.2532	4.103981	0.1138463	0.08103873	0.03280756	0.08103873
700	-230.206	-236.0165	5.810491	0.04759517	0.007256514	0.04033866	0.007256514
710	-231.3727	-237.1581	5.785376	0.0515181	0.01270529	0.03881281	0.01270529
720	-277.3042	-281.4401	4.135823	0.08658655	0.01594428	0.07064228	0.01594428
730	-229.2116	-234.4494	5.237791	0.06284205	0.04424243	0.01859962	0.04424243
740	-214.1547	-220.4792	6.324472	0.03024901	0.0109213	0.01932771	0.0109213
750	-210.816	-216.8621	6.046129	0.01885626	0.004938345	0.01391791	0.004938345
760	-227.7935	-233.6756	5.882027	0.05007364	0.0164487	0.03362493	0.0164487
770	-220.6645	-226.3122	5.647674	0.04212851	0.02682788	0.01530063	0.02682788
780	-217.8131	-224.0159	6.20275	0.03731939	0.01556364	0.02175575	0.01556364
790	-239.5613	-243.9813	4.420073	0.09423055	0.07627587	0.01795468	0.07627587
800	-245.4706	-250.6603	5.189688	0.0656477	0.01727556	0.04837213	0.01727556
810	-228.2	-233.5531	5.353117	0.0600945	0.04077382	0.01932068	0.04077382
820	-231.1383	-236.8906	5.752266	0.04794134	0.006507378	0.04143396	0.006507378
830	-257.4166	-261.7255	4.30883	0.09170852	0.04181842	0.0498901	0.04181842
840	-233.6371	-239.3257	5.688598	0.05053789	0.007535704	0.04300218	0.007535704
850	-210.4681	-216.5761	6.107956	0.01962045	0.004500722	0.01511973	0.004500722
860	-260.1771	-264.9025	4.725388	0.07400208	0.01408202	0.05992006	0.01408202
870	-235.4769	-240.8809	5.40392	0.06359824	0.02792094	0.03567729	0.02792094
880	-240.7513	-245.8874	5.136135	0.0706299	0.0314264	0.03920351	0.0314264
890	-257.1224	-261.5342	4.411777	0.08747485	0.03623228	0.05124257	0.03623228
900	-216.9082	-222.1069	5.198729	0.02817652	0.01843798	0.00973854	0.01843798
910	-231.3732	-236.3591	4.985971	0.06896095	0.05178461	0.01717634	0.05178461
920	-266.3391	-270.5123	4.173195	0.09041524	0.03093198	0.05948326	0.03093198
930	-285.7536	-286.2272	0.4736316	0.4311689	0.4151808	0.01598817	0.4151808
940	-218.3176	-224.5679	6.250282	0.03784067	0.01324327	0.0245974	0.01324327
950	-251.2224	-255.1431	3.920709	0.1265121	0.09940542	0.02710668	0.09940542
960	-222.5225	-228.0913	5.568814	0.04656225	0.03050369	0.01605857	0.03050369
970	-223.7072	-228.722	5.014824	0.04723623	0.03542577	0.01181046	0.03542577
980	-229.6326	-234.8587	5.22607	0.06385032	0.04490271	0.01894762	0.04490271
990	-217.1155	-223.4277	6.3122	0.0350713	0.008180725	0.02689058	0.008180725
1000	-248.4913	-253.3128	4.821496	0.07749657	0.03172763	0.04576894	0.03172763
1010	-264.7589	-268.6031	3.844218	0.1063513	0.05379309	0.05255818	0.05379309
1020	-292.5537	-293.5664	1.012645	0.3224253	0.2799985	0.04242681	0.2799985
1030	-217.2846	-223.5974	6.312777	0.0354662	0.008874806	0.02659139	0.008874806
1040	-219.1067	-222.8222	3.715477	0.02405744	0.0181281	0.005929339	0.0181281
1050	-212.6408	-219.0185	6.377611	0.02781978	0.00648387	0.02133591	0.00648387
1060	-253.551	-257.462	3.910952	0.1234362	0.09079982	0.03263638	0.09079982
1070	-221.706	-227.6049	5.898872	0.0450561	0.02430796	0.02074814	0.02430796
1080	-243.941	-248.9438	5.002787	0.07364489	0.03170632	0.04193858	0.03170632
1090	-212.115	-218.2973	6.182266	0.02353531	0.008704941	0.01483037	0.008704941
1100	-236.6613	-241.9425	5.281149	0.06754979	0.03283738	0.0347124	0.03283738
1110	-235.6966	-241.0949	5.398277	0.0636963	0.02771531	0.03598099	0.02771531
1120	-229.3466	-235.1746	5.827989	0.05135802	0.01597324	0.03538478	0.01597324
1130	-276.8735	-278.8723	1.998843	0.257703	0.2256646	0.03203838	0.2256646
1140	-213.1798	-219.1928	6.013028	0.02820579	0.00291401	0.02529178	0.00291401
1150	-300.1704	-303.1858	3.015406	0.1152033	0.03405052	0.08115275	0.03405052
1160	-218.9399	-224.9469	6.006997	0.0394007	0.02054597	0.01885473	0.02054597
1170	-235.3672	-240.2787	4.911567	0.07863622	0.05739371	0.02124251	0.05739371
1180	-218.3045	-224.5873	6.282826	0.03709118	0.0100686	0.02702258	0.0100686
1190	-227.2253	-232.9573	5.732079	0.05404904	0.02690925	0.02713979	0.02690925
1200	-230.4209	-235.8757	5.454807	0.06216704	0.03635971	0.02580733	0.03635971
1210	-225.3483	-231.3356	5.987339	0.04714751	0.01553689	0.03161062	0.01553689
1220	-223.5287	-229.6065	6.07777	0.04439819	0.01361061	0.03078758	0.01361061
1230	-215.7044	-222.0457	6.341316	0.03342368	0.01068721	0.02273647	0.01068721
1240	-243.9029	-248.8743	4.971334	0.07496098	0.03381744	0.04114354	0.03381744
1250	-222.0113	-227.9465	5.935178	0.03878804	0.004242866	0.03454518	0.004242866
1260	-218.0263	-224.2692	6.242873	0.03567557	0.006519902	0.02915567	0.006519902
1270	-243.8466	-248.5001	4.653507	0.09034425	0.05801596	0.03232829	0.05801596
1280	-255.6126	-260.5332	4.920617	0.06873922	0.01097449	0.05776473	0.01097449
1290	-211.2736	-217.1492	5.875601	0.01718171	0.004699196	0.01248251	0.004699196
1300	-216.8995	-223.2075	6.307993	0.03461067	0.007482396	0.02712827	0.007482396
1310	-223.5191	-228.989	5.469859	0.04878887	0.03303414	0.01575473	0.03303414
1320	-251.9278	-256.2505	4.322642	0.09788544	0.05707761	0.04080783	0.05707761
1330	-257.7921	-261.2256	3.433501	0.1541509	0.1261508	0.02800008	0.1261508
1340	-216.2085	-222.5093	6.300786	0.0343552	0.01240825	0.02194695	0.01240825
1350	-238.6971	-244.2019	5.504744	0.05767055	0.01287541	0.04479514	0.01287541
1360	-212.9729	-219.3498	6.376873	0.02818888	0.008258175	0.01993071	0.008258175
1370	-222.8396	-228.3815	5.541878	0.04727827	0.03125996	0.01601831	0.03125996
1380	-215.6766	-221.7416	6.064959	0.03188709	0.01590677	0.01598032	0.01590677
1390	-228.5161	-233.5474	5.03132	0.06115022	0.0461027	0.01504752	0.0461027
1400	-236.6226	-242.1321	5.509565	0.05169227	0.00562428	0.04606799	0.00562428
1410	-248.1858	-252.2867	4.100968	0.1173674	0.09191445	0.02545299	0.09191445
1420	-224.4064	-229.4923	5.085885	0.04961574	0.03692027	0.01269547	0.03692027
1430	-240.51	-244.357	3.847014	0.09903583	0.08638823	0.0126476	0.08638823
1440	-211.1125	-217.0766	5.964092	0.0244342	0.002589787	0.02184441	0.002589787
1450	-222.835	-227.421	4.586023	0.04225977	0.03299486	0.009264909	0.03299486
1460	-224.4804	-230.4895	6.009145	0.04652346	0.01630338	0.03022008	0.01630338
1470	-218.9732	-225.06	6.086851	0.03956834	0.01889978	0.02066856	0.01889978
1480	-228.0526	-231.7063	3.653713	0.05365253	0.04604953	0.007602998	0.04604953
1490	-219.7517	-225.9426	6.19088	0.04016029	0.01457825	0.02558204	0.01457825
1500	-246.5482	-249.6509	3.102737	0.1234834	0.1125474	0.010936	0.1125474
1510	-260.7728	-263.8485	3.075746	0.1795441	0.155088	0.02445609	0.155088
1520	-219.4711	-225.207	5.735854	0.03949891	0.02421816	0.01528075	0.02421816
1530	-224.8978	-230.896	5.998216	0.04685269	0.01598492	0.03086777	0.01598492
1540	-228.0588	-233.9298	5.871002	0.04542608	0.006591523	0.03883456	0.006591523
1550	-210.1078	-216.1595	6.051674	0.01964808	0.003519301	0.01612878	0.003519301
1560	-278.8825	-281.1396	2.257076	0.2058112	0.1616813	0.04412992	0.1616813
1570	-239.0683	-243.6108	4.54253	0.09159045	0.0721846	0.01940584	0.0721846
1580	-219.7249	-224.9206	5.195666	0.03676879	0.02579754	0.01097125	0.02579754
1590	-233.312	-238.8686	5.556586	0.04854501	0.004639062	0.04390595	0.004639062
1600	-209.9765	-215.9221	5.945636	0.01918673	0.002942765	0.01624396	0.002942765
1610	-231.926	-237.4603	5.534333	0.06031113	0.02858924	0.03172189	0.02858924
1620	-214.9197	-220.7715	5.851835	0.0278777	0.0149367	0.012941	0.0149367
1630	-234.9507	-240.5056	5.554853	0.05847439	0.01965819	0.0388162	0.01965819
1640	-251.447	-256.0617	4.614692	0.08369096	0.03727995	0.04641101	0.03727995
1650	-224.2135	-230.1521	5.938621	0.04801335	0.02107675	0.02693659	0.02107675
1660	-220.982	-226.8481	5.866167	0.04361037	0.02465249	0.01895788	0.02465249
1670	-215.5275	-221.6384	6.110857	0.03186738	0.01534174	0.01652564	0.01534174
1680	-233.0243	-238.7549	5.730573	0.05226739	0.01148577	0.04078162	0.01148577
1690	-211.4132	-217.7309	6.317659	0.02521052	0.005007462	0.02020306	0.005007462
1700	-215.5915	-221.949	6.357596	0.03303503	0.008549704	0.02448533	0.008549704
1710	-233.3957	-238.941	5.545287	0.05953011	0.02421043	0.03531968	0.02421043
1720	-215.4743	-220.9073	5.433032	0.02550308	0.015201	0.01030208	0.015201
1730	-241.87	-247.0386	5.16864	0.06862551	0.0265816	0.04204391	0.0265816
1740	-230.2019	-233.4512	3.249282	0.05879613	0.05177091	0.007025221	0.05177091
1750	-303.0881	-306.533	3.444896	0.1000138	0.01284489	0.08716888	0.01284489
1760	-229.3456	-235.005	5.659395	0.05660318	0.02688573	0.02971745	0.02688573
1770	-215.3358	-220.5319	5.196146	0.02238773	0.0133241	0.009063626	0.0133241
1780	-242.9606	-248.2807	5.320181	0.0622269	0.01490525	0.04732165	0.01490525
1790	-231.8458	-237.5691	5.723246	0.05395605	0.01650337	0.03745269	0.01650337
1800	-260.0837	-262.6526	2.568862	0.1951165	0.1802379	0.01487859	0.1802379
1810	-255.0624	-258.6341	3.571715	0.1467831	0.1211445	0.02563866	0.1211445
1820	-220.5017	-226.3358	5.83408	0.04247056	0.02471546	0.01775509	0.02471546
1830	-232.3554	-237.7181	5.362706	0.06553623	0.03818076	0.02735547	0.03818076
1840	-260.4279	-264.4529	4.024996	0.06513348	0.001948525	0.06318495	0.001948525
1850	-224.561	-230.4001	5.83913	0.0498935	0.02533614	0.02455736	0.02533614
1860	-233.7951	-239.1483	5.353185	0.06597684	0.03558017	0.03039667	0.03558017
1870	-241.0176	-245.84	4.82237	0.08436053	0.05352142	0.03083911	0.05352142
1880	-239.3404	-243.9201	4.579701	0.0916144	0.07107407	0.02054033	0.07107407
1890	-219.2637	-225.5074	6.243701	0.03775924	0.008468157	0.02929108	0.008468157
1900	-212.2538	-218.0659	5.812111	0.01841611	0.006959006	0.0114571	0.006959006
1910	-232.7926	-237.669	4.876403	0.07302554	0.0558906	0.01713494	0.0558906
1920	-225.7726	-231.4157	5.643104	0.05364245	0.03197273	0.02166972	0.03197273
1930	-239.906	-244.3508	4.444778	0.09488269	0.07609055	0.01879214	0.07609055
1940	-216.011	-222.1598	6.148785	0.03332565	0.01559426	0.01773138	0.01559426
1950	-217.553	-223.8547	6.301666	0.03625742	0.01075843	0.02549899	0.01075843
1960	-223.8625	-229.9223	6.059791	0.04496946	0.01413145	0.03083801	0.01413145
1970	-222.8181	-228.6283	5.810212	0.04741946	0.02686447	0.02055499	0.02686447
1980	-255.579	-259.938	4.358968	0.09124708	0.04323555	0.04801153	0.04323555
1990	-228.0936	-233.7273	5.633648	0.0566602	0.03061699	0.02604321	0.03061699
2000	-237.1573	-242.1399	4.982591	0.07874774	0.05203265	0.0267151	0.05203265
2010	-238.7835	-243.7471	4.963581	0.0793151	0.04937065	0.02994445	0.04937065
2020	-222.2374	-228.2004	5.963043	0.04558973	0.02220757	0.02338216	0.02220757
2030	-250.0877	-253.9901	3.902321	0.1276866	0.1036829	0.02400372	0.1036829
2040	-221.3593	-227.2865	5.927221	0.04433195	0.02350007	0.02083188	0.02350007
2050	-238.397	-243.5775	5.180567	0.07046188	0.03486721	0.03559467	0.03486721
2060	-221.6845	-227.0247	5.340202	0.04324564	0.03020699	0.01303865	0.03020699
2070	-238.1892	-243.3518	5.162554	0.07132317	0.03669275	0.03463042	0.03669275
2080	-268.1249	-271.3177	3.192785	0.1448958	0.09974487	0.04515096	0.09974487
2090	-219.1605	-224.2845	5.123936	0.03461335	0.02428884	0.01032451	0.02428884
2100	-221.6523	-227.5183	5.865973	0.04501301	0.02507904	0.01993398	0.02507904
2110	-243.5368	-247.9064	4.369623	0.1034874	0.08043918	0.02304818	0.08043918
2120	-223.5917	-229.6847	6.092985	0.04276749	0.009535884	0.0332316	0.009535884
2130	-221.7284	-227.7035	5.975039	0.0447494	0.0220331	0.0227163	0.0220331
2140	-222.234	-228.2823	6.048282	0.03971346	0.005676383	0.03403708	0.005676383
2150	-269.2552	-272.4406	3.185355	0.142317	0.09523147	0.04708557	0.09523147
2160	-214.9633	-221.3113	6.34801	0.03208296	0.01059995	0.02148301	0.01059995
2170	-243.7646	-247.6939	3.92927	0.1111808	0.09550862	0.01567221	0.09550862
2180	-214.5639	-220.8075	6.243684	0.0307758	0.004658655	0.02611714	0.004658655
2190	-242.0363	-247.1451	5.108786	0.07081114	0.02985815	0.04095299	0.02985815
2200	-214.924	-221.0333	6.109289	0.03030398	0.01441084	0.01589314	0.01441084
2210	-217.4282	-223.258	5.829789	0.03472612	0.02013172	0.0145944	0.02013172
2220	-231.0254	-236.1544	5.128987	0.06751123	0.04843795	0.01907329	0.04843795
2230	-226.5512	-232.0854	5.534213	0.05578796	0.03528552	0.02050244	0.03528552
2240	-249.6254	-254.0862	4.46074	0.09339702	0.05371372	0.0396833	0.05371372
2250	-218.5855	-224.7221	6.13663	0.03880239	0.01751957	0.02128282	0.01751957
2260	-218.0503	-224.34	6.289738	0.03683867	0.01036479	0.02647388	0.01036479
2270	-225.3353	-230.9851	5.649834	0.05283269	0.03175379	0.02107889	0.03175379
2280	-274.6657	-278.0941	3.42842	0.1161312	0.05671494	0.05941627	0.05671494
2290	-222.5576	-228.6875	6.129835	0.04157119	0.009169306	0.03240189	0.009169306
2300	-225.013	-230.8379	5.824939	0.05058109	0.02548304	0.02509805	0.02548304
2310	-216.4024	-222.5519	6.149461	0.0342491	0.01600936	0.01823974	0.01600936
2320	-217.9673	-223.8867	5.919363	0.03671205	0.02049094	0.01622111	0.02049094
2330	-213.0874	-217.7169	4.629447	0.01235172	0.001319998	0.01103172	0.001319998
2340	-265.2765	-268.1949	2.918433	0.1855088	0.1547741	0.03073471	0.1547741
2350	-216.4353	-222.5252	6.089924	0.03283613	0.003864957	0.02897118	0.003864957
2360	-216.622	-222.8227	6.200684	0.03497347	0.01529775	0.01967571	0.01529775
2370	-251.9099	-256.6125	4.702593	0.07969367	0.03092044	0.04877322	0.03092044
2380	-251.6249	-254.491	2.866145	0.1481781	0.13631	0.01186801	0.13631
2390	-235.4357	-240.0059	4.57019	0.08135043	0.06560439	0.01574604	0.06560439
2400	-241.1856	-244.6832	3.497588	0.1009711	0.09014623	0.01082488	0.09014623
2410	-237.6083	-243.1579	5.549646	0.0538706	0.007949867	0.04592074	0.007949867
2420	-211.0133	-216.9999	5.986593	0.01826069	0.004981398	0.01327929	0.004981398
2430	-276.3489	-278.9036	2.554631	0.1807045	0.1345464	0.04615812	0.1345464
2440	-234.4048	-239.861	5.456178	0.06221445	0.02732747	0.03488698	0.02732747
2450	-241.8092	-246.513	4.703777	0.0894678	0.06047859	0.02898921	0.06047859
2460	-219.4195	-225.6565	6.236982	0.03900895	0.01188633	0.02712262	0.01188633
2470	-235.1627	-240.6386	5.475954	0.06117685	0.02413359	0.03704326	0.02413359
2480	-225.063	-230.863	5.799977	0.05098729	0.02652463	0.02446266	0.02652463
2490	-216.5692	-222.6742	6.105017	0.03438634	0.01677773	0.01760861	0.01677773
2500	-235.8982	-240.6415	4.743379	0.08178315	0.06306471	0.01871844	0.06306471
2510	-240.0232	-244.7828	4.759655	0.0874034	0.06089265	0.02651074	0.06089265
2520	-314.5317	-317.6997	3.167947	0.1052736	0.01101097	0.09426259	0.01101097
2530	-270.8145	-273.9584	3.143839	0.1416502	0.09270038	0.04894977	0.09270038
2540	-215.8156	-222.1376	6.322023	0.03364202	0.01162476	0.02201726	0.01162476
2550	-213.2939	-219.0594	5.765486	0.02155649	0.01021584	0.01134065	0.01021584
2560	-209.8782	-215.5432	5.665006	0.0191978	0.00199657	0.01720123	0.00199657
2570	-224.7144	-229.9262	5.211745	0.05105182	0.0370954	0.01395642	0.0370954
2580	-226.4148	-232.3919	5.977013	0.0469559	0.0126877	0.0342682	0.0126877
2590	-220.3198	-226.2946	5.974853	0.04225409	0.02202167	0.02023242	0.02202167
2600	-223.2598	-229.2711	6.011282	0.04601242	0.01879436	0.02721806	0.01879436
2610	-227.9603	-233.7352	5.774943	0.05327673	0.02302887	0.03024786	0.02302887
2620	-214.4092	-220.6655	6.256327	0.03058697	0.004748864	0.0258381	0.004748864
2630	-250.8382	-254.7074	3.869149	0.1296354	0.1049408	0.02469464	0.1049408
2640	-231.9892	-235.3683	3.379087	0.06552241	0.05781561	0.007706803	0.05781561
2650	-218.2504	-224.2588	6.008421	0.03785007	0.01988571	0.01796436	0.01988571
2660	-221.3659	-227.5143	6.148444	0.04210154	0.01410716	0.02799438	0.01410716
2670	-234.8399	-240.0015	5.161574	0.07227977	0.04540905	0.02687071	0.04540905
2680	-267.3908	-270.9834	3.592579	0.1168742	0.06482035	0.05205388	0.06482035
2690	-222.0605	-228.1898	6.129305	0.04279734	0.01373158	0.02906576	0.01373158
2700	-229.7502	-235.342	5.591821	0.05850103	0.02999787	0.02850316	0.02999787
2710	-228.7421	-234.4515	5.70948	0.05515078	0.02522234	0.02992844	0.02522234
2720	-227.0366	-232.9808	5.944205	0.04802362	0.01367913	0.03434449	0.01367913
2730	-221.9072	-227.7769	5.86971	0.04551063	0.02509604	0.0204146	0.02509604
2740	-226.5114	-231.9673	5.455989	0.05603818	0.03713714	0.01890104	0.03713714
2750	-212.5323	-218.9107	6.378404	0.02734174	0.007463606	0.01987814	0.007463606
2760	-223.9565	-229.9504	5.993907	0.04675703	0.01847542	0.0282816	0.01847542
2770	-214.2549	-220.6346	6.379645	0.03083368	0.008700638	0.02213304	0.008700638
2780	-232.1909	-237.6626	5.471661	0.06226724	0.0318926	0.03037464	0.0318926
2790	-241.3613	-245.7814	4.420085	0.09864937	0.07824171	0.02040765	0.07824171
2800	-211.6787	-218.0218	6.343101	0.02577763	0.00548265	0.02029498	0.00548265
2810	-233.4926	-239.0894	5.59679	0.05770794	0.02067216	0.03703578	0.02067216
2820	-232.0521	-237.1563	5.104206	0.06990567	0.0498395	0.02006617	0.0498395
2830	-225.9524	-231.9213	5.968897	0.04762731	0.01518798	0.03243932	0.01518798
2840	-211.9542	-218.1646	6.210409	0.02351842	0.008331929	0.01518649	0.008331929
2850	-225.3766	-230.5828	5.206221	0.0528688	0.03847822	0.01439058	0.03847822
2860	-238.8919	-242.1857	3.293774	0.0908793	0.08173286	0.00914644	0.08173286
2870	-249.2878	-253.5707	4.282934	0.1048872	0.07100839	0.03387879	0.07100839
2880	-240.5899	-245.1495	4.559614	0.09422261	0.07201514	0.02220747	0.07201514
2890	-230.7273	-236.5482	5.820889	0.04999541	0.01089447	0.03910094	0.01089447
2900	-213.324	-218.7977	5.473734	0.01653531	0.006807476	0.009727837	0.006807476
2910	-235.9	-241.5147	5.614701	0.05265262	0.008110701	0.04454192	0.008110701
2920	-231.978	-237.2701	5.29202	0.06701326	0.04256982	0.02444344	0.04256982
2930	-264.3466	-267.4937	3.14715	0.1628411	0.1272156	0.03562552	0.1272156
2940	-210.3857	-215.809	5.423324	0.02156943	0.001501191	0.02006824	0.001501191
2950	-278.7292	-280.6099	1.880669	0.2657076	0.2324562	0.03325141	0.2324562
2960	-225.2905	-231.2793	5.988747	0.04711129	0.01559569	0.0315156	0.01559569
2970	-245.951	-250.2228	4.271766	0.1089033	0.08348038	0.02542292	0.08348038
2980	-214.5059	-220.2998	5.79389	0.02602249	0.01383406	0.01218843	0.01383406
2990	-210.0697	-215.8472	5.77747	0.01774388	0.002544621	0.01519926	0.002544621
3000	-215.6208	-221.9561	6.335381	0.03328901	0.01106623	0.02222277	0.01106623
3010	-250.2139	-254.6309	4.417008	0.09501864	0.05526411	0.03975453	0.05526411
3020	-245.1715	-248.8373	3.665812	0.1175961	0.1035087	0.01408735	0.1035087
3030	-231.1776	-236.9821	5.804451	0.05018817	0.01053257	0.0396556	0.01053257
3040	-233.3882	-238.9233	5.535136	0.05988041	0.02487589	0.03500452	0.02487589
3050	-225.1042	-231.1304	6.026226	0.04570777	0.01280074	0.03290703	0.01280074
3060	-239.5026	-244.8904	5.387778	0.05363559	0.005322713	0.04831288	0.005322713
3070	-218.303	-224.3316	6.028626	0.03804853	0.01964243	0.0184061	0.01964243
3080	-250.1439	-255.0581	4.914218	0.07291517	0.02293318	0.04998199	0.02293318
3090	-222.6025	-226.4669	3.864382	0.03745366	0.03046869	0.00698497	0.03046869
3100	-223.6749	-229.6508	5.975867	0.04695171	0.02000042	0.02695129	0.02000042
3110	-214.2421	-220.5055	6.263486	0.03035862	0.004776355	0.02558227	0.004776355
3120	-229.763	-235.2936	5.530658	0.06001349	0.0333836	0.02662989	0.0333836
3130	-242.1812	-247.3759	5.194736	0.06745968	0.02428597	0.04317371	0.02428597
3140	-248.5865	-253.2314	4.644869	0.08514417	0.04298552	0.04215865	0.04298552
3150	-229.3211	-235.1902	5.86914	0.04938411	0.01209996	0.03728415	0.01209996
3160	-295.2424	-297.4464	2.204037	0.1609293	0.09313552	0.06779383	0.09313552
3170	-213.5264	-219.0959	5.569469	0.01953821	0.009336678	0.01020153	0.009336678
3180	-230.8294	-235.2404	4.410962	0.0662623	0.05478035	0.01148195	0.05478035
3190	-226.3367	-232.3258	5.989063	0.04547394	0.009703947	0.03577	0.009703947
3200	-246.8265	-250.9291	4.102563	0.1164283	0.09376074	0.02266755	0.09376074
3210	-272.3866	-275.7744	3.387752	0.1214444	0.06564941	0.05579495	0.06564941
3220	-222.5455	-227.4156	4.870035	0.04302779	0.03258514	0.01044265	0.03258514
3230	-241.7789	-246.0268	4.247957	0.1022035	0.0843025	0.01790099	0.0843025
3240	-228.3636	-234.257	5.893464	0.04636726	0.007875534	0.03849172	0.007875534
3250	-249.9555	-253.9709	4.015485	0.1215565	0.09455977	0.02699677	0.09455977
3260	-231.8807	-236.0547	4.173916	0.06877626	0.05815574	0.01062052	0.05815574
3270	-214.3986	-220.6434	6.244816	0.03015837	0.01247571	0.01768266	0.01247571
3280	-245.0026	-249.855	4.852323	0.0791436	0.03877955	0.04036405	0.03877955
3290	-279.6707	-283.7285	4.057831	0.07962307	0.004851199	0.07477187	0.004851199
3300	-225.5926	-231.3479	5.75529	0.05220181	0.02792841	0.0242734	0.02792841
3310	-218.5892	-224.8132	6.223989	0.03843959	0.01431956	0.02412002	0.01431956
3320	-219.3567	-225.5966	6.239861	0.03890129	0.01178686	0.02711443	0.01178686
3330	-219.4878	-225.5731	6.085322	0.04052768	0.01900468	0.02152299	0.01900468
3340	-218.0495	-224.3406	6.291158	0.03664506	0.009616919	0.02702814	0.009616919
3350	-211.447	-217.7396	6.292559	0.02538352	0.004593853	0.02078966	0.004593853
3360	-232.2309	-237.0912	4.86028	0.0715278	0.05518736	0.01634044	0.05518736
3370	-215.2723	-221.3115	6.039175	0.03061084	0.01536795	0.01524289	0.01536795
3380	-221.547	-226.6411	5.094031	0.03641637	0.00150887	0.0349075	0.00150887
3390	-243.6107	-248.0091	4.398404	0.1025746	0.07862209	0.02395252	0.07862209
3400	-231.6031	-237.2605	5.657459	0.05638888	0.02158316	0.03480572	0.02158316
3410	-249.792	-254.6272	4.83521	0.07604151	0.02799793	0.04804358	0.02799793
3420	-227.0019	-232.8732	5.871276	0.05054686	0.01927325	0.03127361	0.01927325
3430	-228.0835	-232.8918	4.808312	0.05921555	0.04648041	0.01273514	0.04648041
3440	-246.6352	-251.5344	4.899273	0.07577783	0.03145343	0.0443244	0.03145343
3450	-259.1919	-263.6857	4.493772	0.06557518	0.003314311	0.06226087	0.003314311
3460	-230.3089	-235.6228	5.313951	0.06444731	0.04263827	0.02180903	0.04263827
3470	-221.2746	-227.3626	6.087965	0.04309266	0.01782191	0.02527075	0.01782191
3480	-220.3263	-226.5366	6.210324	0.03998956	0.01146232	0.02852724	0.01146232
3490	-228.5227	-234.4285	5.905763	0.0480061	0.01079807	0.03720803	0.01079807
3500	-237.562	-242.7921	5.2301	0.06901505	0.03381355	0.0352015	0.03381355
3510	-215.3287	-221.5421	6.213473	0.03213814	0.01397984	0.0181583	0.01397984
3520	-210.7494	-216.8799	6.130508	0.02368589	0.00330868	0.02037721	0.00330868
3530	-214.8841	-220.7521	5.867934	0.02792991	0.01486565	0.01306426	0.01486565
3540	-226.1744	-232.1542	5.979861	0.04705722	0.01342089	0.03363633	0.01342089
3550	-230.7352	-236.3875	5.652351	0.05677878	0.02407834	0.03270044	0.02407834
3560	-250.8686	-254.876	4.007368	0.1211639	0.09218287	0.02898104	0.09218287
3570	-232.6731	-237.8232	5.150092	0.07046793	0.04836953	0.0220984	0.04836953
3580	-241.9505	-247.0325	5.082011	0.07193356	0.03177971	0.04015386	0.03177971
3590	-227.6463	-233.2749	5.628616	0.05635874	0.03143419	0.02492455	0.03143419
3600	-231.7602	-237.213	5.452785	0.06281283	0.03402991	0.02878292	0.03402991
3610	-225.5643	-229.9388	4.374546	0.04942548	0.04012265	0.009302832	0.04012265
3620	-270.0436	-274.4198	4.376229	0.07400559	0.005266624	0.06873897	0.005266624
3630	-227.9509	-233.8306	5.879683	0.0454034	0.006721734	0.03868166	0.006721734
3640	-294.5284	-295.5844	1.056043	0.2981941	0.2507095	0.04748458	0.2507095
3650	-213.4319	-219.4961	6.0642	0.02574355	0.01165852	0.01408502	0.01165852
3660	-220.1204	-226.1218	6.001422	0.04184212	0.0213222	0.02051992	0.0213222
3670	-226.145	-232.0238	5.878811	0.05023393	0.02076696	0.02946697	0.02076696
3680	-209.8787	-215.6627	5.783959	0.01918455	0.002303752	0.0168808	0.002303752
3690	-215.8505	-222.0962	6.2457	0.03350223	0.01387766	0.01962458	0.01387766
3700	-283.6515	-287.5597	3.908207	0.09170475	0.01739667	0.07430807	0.01739667
3710	-246.2683	-250.1735	3.905285	0.1198431	0.1019181	0.01792499	0.1019181
3720	-257.212	-260.7297	3.517781	0.1480781	0.1188536	0.02922456	0.1188536
3730	-242.1921	-246.8726	4.680467	0.09036938	0.06119501	0.02917437	0.06119501
3740	-252.7278	-256.3417	3.613942	0.1432369	0.1213027	0.02193424	0.1213027
3750	-237.6599	-243.0312	5.371323	0.0636389	0.0244358	0.0392031	0.0244358
3760	-224.4323	-229.4789	5.046576	0.04949922	0.03708095	0.01241827	0.03708095
3770	-257.53	-261.1078	3.577795	0.1419434	0.1099489	0.03199454	0.1099489
3780	-228.793	-234.2821	5.489149	0.05987753	0.03648929	0.02338824	0.03648929
3790	-216.1923	-221.4263	5.23398	0.0260647	0.01646238	0.00960232	0.01646238
3800	-234.2954	-239.9749	5.679513	0.05355925	0.011907	0.04165225	0.011907
3810	-220.7558	-226.849	6.093131	0.04243218	0.01815043	0.02428175	0.01815043
3820	-211.9865	-218.0195	6.032968	0.02103593	0.007932554	0.01310337	0.007932554
3830	-220.0083	-226.1396	6.131269	0.0375014	0.005674252	0.03182715	0.005674252
3840	-284.0882	-286.8531	2.764882	0.1418581	0.08001723	0.06184082	0.08001723
3850	-224.5798	-230.4028	5.822963	0.05012088	0.02599663	0.02412425	0.02599663
3860	-300.2785	-301.9609	1.682396	0.1919169	0.1250026	0.06691427	0.1250026
3870	-224.8295	-230.0684	5.238863	0.05147787	0.0371766	0.01430127	0.0371766
3880	-243.3419	-248.6505	5.308596	0.06240791	0.01472869	0.04767922	0.01472869
3890	-212.0985	-217.9889	5.890444	0.02623965	0.002409427	0.02383022	0.002409427
3900	-218.9742	-225.2151	6.240871	0.03865117	0.01273567	0.0259155	0.01273567
3910	-255.7412	-258.9669	3.225706	0.1636897	0.1447635	0.01892618	0.1447635
3920	-239.9468	-244.3536	4.406789	0.0954158	0.07720692	0.01820888	0.07720692
3930	-210.7298	-216.973	6.243208	0.02189962	0.00532726	0.01657236	0.00532726
3940	-214.6175	-220.4324	5.814968	0.02659125	0.01416315	0.01242811	0.01416315
3950	-266.9767	-270.8453	3.868614	0.1026355	0.04663843	0.05599706	0.04663843
3960	-219.6644	-225.8268	6.162379	0.04038844	0.016139	0.02424945	0.016139
3970	-236.8764	-241.2647	4.388306	0.08615944	0.07122094	0.0149385	0.07122094
3980	-244.2788	-248.5778	4.298988	0.1066394	0.08394372	0.02269572	0.08394372
3990	-251.3753	-255.7258	4.350434	0.09711358	0.05671034	0.04040324	0.05671034
4000	-220.3053	-226.4606	6.155318	0.03810814	0.006386452	0.03172169	0.006386452
4010	-255.0921	-258.9345	3.842366	0.1253354	0.09103292	0.03430251	0.09103292
4020	-227.8196	-232.9103	5.090695	0.05931781	0.04419681	0.01512101	0.04419681
4030	-216.7281	-223.0581	6.329978	0.03478601	0.009181473	0.02560454	0.009181473
4040	-216.6018	-221.0188	4.416935	0.0155109	0.008804377	0.006706524	0.008804377
4050	-230.5121	-235.6794	5.167353	0.06613291	0.04705952	0.01907339	0.04705952
4060	-240.8132	-244.7428	3.929513	0.1002443	0.08677905	0.0134653	0.08677905
4070	-214.9368	-221.0994	6.162588	0.03079431	0.01404637	0.01674793	0.01404637
4080	-243.8813	-248.7874	4.906173	0.07777505	0.03824615	0.0395289	0.03824615
4090	-226.3619	-232.3019	5.939925	0.04851287	0.0162264	0.03228647	0.0162264
4100	-221.5889	-227.743	6.154074	0.04198119	0.01297085	0.02901035	0.01297085
4110	-219.2007	-224.9726	5.771927	0.03900156	0.02352763	0.01547393	0.02352763
4120	-216.7045	-221.8336	5.12908	0.02688537	0.01755284	0.009332523	0.01755284
4130	-219.2408	-225.3426	6.101849	0.0363541	0.004866292	0.03148781	0.004866292
4140	-215.5386	-221.4118	5.873234	0.02987647	0.01630266	0.0135738	0.01630266
4150	-277.8301	-280.0851	2.254986	0.2116461	0.169811	0.04183516	0.169811
4160	-213.7766	-220.081	6.304459	0.02975594	0.00514922	0.02460672	0.00514922
4170	-215.3584	-221.6709	6.312507	0.03222989	0.00608193	0.02614795	0.00608193
4180	-223.2563	-229.1987	5.942477	0.04708822	0.0221886	0.02489962	0.0221886
4190	-220.377	-226.5554	6.178456	0.04089867	0.0142249	0.02667377	0.0142249
4200	-228.0424	-233.6249	5.582453	0.05754027	0.03310749	0.02443278	0.03310749
4210	-214.9008	-221.2332	6.332331	0.03189928	0.01118284	0.02071644	0.01118284
4220	-226.6045	-232.445	5.840501	0.05130521	0.02205956	0.02924565	0.02205956
4230	-230.8401	-236.2234	5.383342	0.06403177	0.03939577	0.02463601	0.03939577
4240	-215.3168	-220.3152	4.998452	0.01947718	0.01125011	0.008227068	0.01125011
4250	-235.063	-240.4607	5.397685	0.06401233	0.02940144	0.03461089	0.02940144
4260	-321.7028	-323.7432	2.04041	0.1421557	0.05043998	0.09171571	0.05043998
4270	-222.798	-228.8896	6.0916	0.04099256	0.007275972	0.03371659	0.007275972
4280	-225.5703	-231.0389	5.468649	0.05387401	0.0359581	0.01791591	0.0359581
4290	-294.3174	-295.8042	1.486878	0.2330259	0.1773758	0.05565016	0.1773758
4300	-251.8473	-256.0609	4.21366	0.1048357	0.06708299	0.03775271	0.06708299
4310	-238.9495	-244.238	5.288536	0.06594238	0.02637522	0.03956716	0.02637522
4320	-221.3619	-227.0232	5.661318	0.04396927	0.02783891	0.01613036	0.02783891
4330	-228.6175	-234.4807	5.863273	0.04611962	0.006997267	0.03912235	0.006997267
4340	-238.6903	-244.0185	5.328211	0.05236137	0.004302251	0.04805912	0.004302251
4350	-229.1405	-234.8449	5.70444	0.04519337	0.004578215	0.04061516	0.004578215
4360	-213.8406	-220.2058	6.365253	0.03004201	0.006483552	0.02355846	0.006483552
4370	-231.5058	-235.6437	4.13795	0.06736183	0.05706135	0.01030049	0.05706135
4380	-249.9104	-253.2225	3.312145	0.1389878	0.1247618	0.01422606	0.1247618
4390	-257.7604	-262.6156	4.855226	0.06848911	0.008533137	0.05995597	0.008533137
4400	-256.6389	-261.2113	4.572435	0.08149778	0.02831485	0.05318294	0.02831485
4410	-215.3941	-221.2191	5.825048	0.02902117	0.01600415	0.01301702	0.01600415
4420	-260.5054	-263.6197	3.114255	0.1767541	0.1518286	0.02492547	0.1518286
4430	-242.6455	-247.6431	4.997572	0.07487791	0.03547168	0.03940623	0.03547168
4440	-237.4283	-242.9971	5.568819	0.05462839	0.009439324	0.04518906	0.009439324
4450	-228.9084	-234.2272	5.318752	0.06177864	0.04210611	0.01967253	0.04210611
4460	-212.2791	-218.5684	6.289261	0.02542316	0.008719147	0.01670401	0.008719147
4470	-230.16	-235.8073	5.647309	0.05699483	0.02577412	0.03122071	0.02577412
4480	-233.5314	-238.6164	5.08498	0.07282653	0.05075269	0.02207384	0.05075269
4490	-283.5002	-287.1591	3.658865	0.09998025	0.0282642	0.07171606	0.0282642
4500	-213.3414	-219.1651	5.823723	0.02251731	0.01072896	0.01178836	0.01072896
4510	-214.5109	-220.8342	6.323298	0.03102537	0.0112332	0.01979217	0.0112332
4520	-211.392	-217.3737	5.981763	0.018747	0.005888164	0.01285884	0.005888164
4530	-231.5259	-236.6312	5.105269	0.06878027	0.04945486	0.01932541	0.04945486
4540	-280.6943	-282.8049	2.110628	0.2163509	0.1720668	0.04428404	0.1720668
4550	-227.3228	-232.787	5.464186	0.05769931	0.03746988	0.02022943	0.03746988
4560	-221.9336	-227.683	5.749425	0.04559171	0.02749077	0.01810093	0.02749077
4570	-227.4705	-232.7578	5.287246	0.05856163	0.04125912	0.01730252	0.04125912
4580	-220.2971	-226.1433	5.84621	0.04202884	0.02432102	0.01770783	0.02432102
4590	-228.5034	-234.0554	5.552041	0.05854101	0.03401127	0.02452974	0.03401127
4600	-223.5695	-227.4696	3.900137	0.0407022	0.03342326	0.007278938	0.03342326
4610	-217.4088	-223.7169	6.308035	0.03598295	0.01040358	0.02557936	0.01040358
4620	-271.2821	-275.5524	4.270236	0.08464126	0.01856388	0.06607738	0.01856388
4630	-248.5597	-252.7457	4.186027	0.1123108	0.08333509	0.02897571	0.08333509
4640	-258.1019	-259.9	1.798144	0.1839644	0.174746	0.009218427	0.174746
4650	-223.9081	-229.651	5.742951	0.04972676	0.02890323	0.02082353	0.02890323
4660	-230.6511	-236.3716	5.720518	0.05460211	0.01991921	0.03468289	0.01991921
4670	-234.5721	-239.7423	5.170192	0.07191823	0.04539311	0.02652512	0.04539311
4680	-230.6241	-236.1368	5.512782	0.06085809	0.0328223	0.02803579	0.0328223
4690	-245.3084	-250.405	5.096581	0.06916467	0.02294953	0.04621514	0.02294953
4700	-249.6596	-254.5127	4.853091	0.07545359	0.02727782	0.04817576	0.02727782
4710	-247.0927	-252.1698	5.07718	0.05860055	0.004715892	0.05388465	0.004715892
4720	-228.2385	-234.1192	5.880715	0.04585416	0.007105855	0.0387483	0.007105855
4730	-221.4367	-227.28	5.843276	0.0445749	0.02542143	0.01915346	0.02542143
4740	-227.3792	-233.0632	5.683979	0.05512206	0.02912969	0.02599237	0.02912969
4750	-239.5398	-243.8996	4.359753	0.09465295	0.07761493	0.01703802	0.07761493
4760	-258.7444	-262.9397	4.195258	0.09567119	0.04583016	0.04984103	0.04583016
4770	-217.9692	-224.2472	6.277968	0.03709212	0.01197773	0.02511439	0.01197773
4780	-216.6797	-221.3735	4.693778	0.0225369	0.01485727	0.007679627	0.01485727
4790	-249.0221	-253.5292	4.507028	0.0916762	0.05202736	0.03964884	0.05202736
4800	-227.5513	-233.4949	5.943575	0.04690784	0.0103577	0.03655014	0.0103577
4810	-230.2309	-234.9868	4.755957	0.06554867	0.05191217	0.0136365	0.05191217
4820	-213.4669	-219.8299	6.363032	0.02907476	0.009303682	0.01977108	0.009303682
4830	-265.2669	-269.6686	4.401725	0.08290627	0.02169822	0.06120805	0.02169822
4840	-219.6976	-224.3087	4.61111	0.03277742	0.02440585	0.008371568	0.02440585
4850	-226.4449	-232.4172	5.972272	0.04718365	0.01311587	0.03406778	0.01311587
4860	-217.3763	-223.5922	6.215828	0.03651246	0.01517321	0.02133926	0.01517321
4870	-212.2384	-218.3006	6.062217	0.02219818	0.008756188	0.01344199	0.008756188
4880	-256.245	-259.5592	3.314221	0.1617979	0.1403702	0.02142768	0.1403702
4890	-210.616	-216.853	6.236983	0.02292447	0.004275693	0.01864878	0.004275693
4900	-223.279	-228.7848	5.50578	0.03881032	0.002417494	0.03639283	0.002417494
4910	-221.3822	-227.1484	5.766168	0.04435	0.02664903	0.01770097	0.02664903
4920	-244.245	-249.4726	5.227638	0.0649995	0.01773577	0.04726373	0.01773577
4930	-224.2004	-229.3348	5.13434	0.04925937	0.03631062	0.01294875	0.03631062
4940	-228.0549	-233.9156	5.860668	0.05072252	0.01726721	0.03345531	0.01726721
4950	-230.0223	-235.3065	5.28419	0.06425795	0.04359789	0.02066005	0.04359789
4960	-218.3881	-224.6406	6.252499	0.0378968	0.01300789	0.02488891	0.01300789
4970	-218.5256	-224.5504	6.024752	0.03853501	0.01990331	0.0186317	0.01990331
4980	-249.9885	-254.3071	4.318619	0.1013458	0.06475927	0.03658649	0.06475927
4990	-239.098	-244.5971	5.49906	0.05738052	0.01186964	0.04551088	0.01186964
5000	-231.8414	-237.4581	5.616737	0.05766181	0.0235857	0.03407611	0.0235857
5010	-228.3942	-233.3509	4.956713	0.06063081	0.04643711	0.01419369	0.04643711
5020	-216.9602	-221.722	4.761841	0.02445329	0.01644886	0.008004435	0.01644886
5030	-224.6035	-230.499	5.895478	0.04907614	0.02267343	0.02640271	0.02267343
5040	-219.3726	-225.5017	6.129129	0.04018533	0.01764188	0.02254345	0.01764188
5050	-219.3471	-225.5035	6.156467	0.03999799	0.01664535	0.02335264	0.01664535
5060	-273.6126	-276.2248	2.612211	0.1857686	0.1437879	0.04198066	0.1437879
5070	-214.6648	-220.1837	5.518974	0.0235343	0.01313147	0.01040283	0.01313147
5080	-220.7608	-226.3743	5.613489	0.04220935	0.02722076	0.01498859	0.02722076
5090	-276.674	-280.036	3.362077	0.1172579	0.05627913	0.06097878	0.05627913
5100	-233.0288	-238.6639	5.635117	0.05657284	0.01936986	0.03720298	0.01936986
5110	-228.9972	-234.5839	5.586659	0.05827839	0.03165467	0.02662373	0.03165467
5120	-262.229	-264.5731	2.344121	0.209843	0.195448	0.01439503	0.195448
5130	-215.7724	-220.7083	4.935968	0.02109654	0.01291837	0.008178173	0.01291837
5140	-224.944	-230.5815	5.637487	0.05215688	0.03197656	0.02018031	0.03197656
5150	-210.2164	-216.3453	6.12892	0.02150399	0.003550781	0.01795321	0.003550781
5160	-217.5872	-223.892	6.30473	0.03613985	0.01001442	0.02612543	0.01001442
5170	-219.8915	-225.9306	6.039087	0.04135693	0.02031307	0.02104386	0.02031307
5180	-243.4383	-248.7363	5.298043	0.05710688	0.00627977	0.05082711	0.00627977
5190	-228.1093	-233.6498	5.540511	0.05825589	0.03484111	0.02341478	0.03484111
5200	-288.2651	-292.0221	3.757057	0.09498631	0.01791369	0.07707262	0.01791369
5210	-232.4989	-238.2525	5.753698	0.05140502	0.01071948	0.04068554	0.01071948
5220	-260.378	-264.7038	4.325793	0.08847624	0.03418932	0.05428692	0.03418932
5230	-232.731	-238.2718	5.540852	0.05991186	0.02617473	0.03373713	0.02617473
5240	-220.8602	-226.8708	6.010628	0.03783375	0.004535746	0.033298	0.004535746
5250	-213.7764	-220.086	6.30964	0.02977004	0.005226723	0.02454332	0.005226723
5260	-245.5329	-250.5665	5.033601	0.07134881	0.02605517	0.04529364	0.02605517
5270	-209.9652	-215.6713	5.706059	0.01801345	0.002242183	0.01577127	0.002242183
5280	-240.586	-245.5406	4.954629	0.05250349	0.002650193	0.0498533	0.002650193
5290	-241.4115	-246.2786	4.86714	0.08191506	0.04875326	0.03316179	0.04875326
5300	-224.7999	-230.8067	6.006813	0.04659267	0.01561467	0.030978	0.01561467
5310	-226.6128	-232.5166	5.903858	0.04390331	0.00607257	0.03783074	0.00607257
5320	-235.2362	-240.5884	5.352143	0.06558583	0.03193146	0.03365437	0.03193146
5330	-243.4015	-247.8111	4.409622	0.1020027	0.07817759	0.02382506	0.07817759
5340	-234.0656	-239.2311	5.165529	0.07175471	0.04648588	0.02526883	0.04648588
5350	-224.8064	-230.3547	5.548305	0.05206141	0.03376511	0.0182963	0.03376511
5360	-214.0433	-220.2803	6.237006	0.02921554	0.0120768	0.01713874	0.0120768
5370	-237.9563	-242.7339	4.777651	0.08527976	0.06260461	0.02267515	0.06260461
5380	-220.0858	-226.1691	6.083282	0.0415458	0.01895724	0.02258856	0.01895724
5390	-297.9817	-299.5941	1.612387	0.2049791	0.1419971	0.062982	0.1419971
5400	-213.4284	-219.6493	6.220871	0.02900192	0.004139872	0.02486205	0.004139872
5410	-230.0409	-235.7913	5.750345	0.05380452	0.01952879	0.03427573	0.01952879
5420	-245.4746	-249.9613	4.486675	0.09777927	0.06677483	0.03100443	0.06677483
5430	-221.2195	-226.4758	5.256308	0.04145324	0.02933003	0.01212321	0.02933003
5440	-233.6778	-237.1662	3.488409	0.07198906	0.06356825	0.008420812	0.06356825
5450	-240.9338	-245.4245	4.490775	0.09638452	0.07516318	0.02122134	0.07516318
5460	-226.8744	-232.8006	5.926249	0.04883606	0.01577742	0.03305863	0.01577742
5470	-217.8779	-223.8736	5.995747	0.0343171	0.003591182	0.03072592	0.003591182
5480	-218.9865	-223.6956	4.709127	0.031171	0.02268063	0.00849037	0.02268063
5490	-230.7433	-236.2273	5.483991	0.06165501	0.03424056	0.02741444	0.03424056
5500	-222.7827	-228.6729	5.890189	0.0469636	0.02452933	0.02243427	0.02452933
5510	-236.8258	-242.0403	5.214489	0.0700372	0.03691966	0.03311754	0.03691966
5520	-218.4866	-224.7395	6.252875	0.03799865	0.0128229	0.02517575	0.0128229
5530	-249.2725	-254.1356	4.863021	0.07533231	0.02755191	0.0477804	0.02755191
5540	-217.6618	-223.5097	5.847849	0.035471	0.020468	0.015003	0.020468
5550	-221.9486	-227.1066	5.15804	0.04295632	0.03111255	0.01184377	0.03111255
5560	-224.8884	-230.8903	6.001983	0.04279229	0.006912143	0.03588015	0.006912143
5570	-217.815	-223.6124	5.79733	0.03553122	0.02097545	0.01455577	0.02097545
5580	-220.1233	-225.858	5.734768	0.04116333	0.02528537	0.01587796	0.02528537
5590	-273.5874	-275.8932	2.305805	0.2286688	0.1956628	0.03300597	0.1956628
5600	-245.4069	-250.4149	5.007999	0.07239878	0.02783796	0.04456082	0.02783796
5610	-213.5684	-219.8568	6.288447	0.02855256	0.01084471	0.01770785	0.01084471
5620	-233.5687	-238.8304	5.261723	0.06884732	0.04181875	0.02702856	0.04181875
5630	-223.2501	-229.3234	6.07333	0.04140878	0.007230623	0.03417816	0.007230623
5640	-261.2758	-264.9484	3.672671	0.1233749	0.0800988	0.04327607	0.0800988
5650	-272.6015	-275.3492	2.747733	0.1741586	0.130851	0.04330757	0.130851
5660	-218.726	-224.6302	5.904191	0.03850796	0.0217001	0.01680787	0.0217001
5670	-210.6986	-216.1741	5.475475	0.01560488	0.002108076	0.01349681	0.002108076
5680	-226.9834	-232.6571	5.673706	0.05494051	0.03011049	0.02483002	0.03011049
5690	-211.5535	-217.3854	5.831978	0.01698684	0.004973437	0.0120134	0.004973437
5700	-251.385	-255.0143	3.629279	0.1400193	0.1199911	0.02002822	0.1199911
5710	-232.9324	-238.4834	5.550981	0.05950627	0.02502125	0.03448502	0.02502125
5720	-239.1492	-243.5544	4.405187	0.09318163	0.07592008	0.01726155	0.07592008
5730	-245.0747	-249.5225	4.447846	0.1003188	0.07154158	0.02877719	0.07154158
5740	-217.6594	-223.5165	5.857085	0.03552714	0.02041572	0.01511142	0.02041572
5750	-223.4612	-229.1903	5.729064	0.04890469	0.02908206	0.01982263	0.02908206
5760	-214.8276	-221.1166	6.288927	0.03132243	0.005344818	0.02597761	0.005344818
5770	-240.0591	-244.3813	4.322173	0.09647431	0.07940981	0.01706451	0.07940981
5780	-234.982	-240.6194	5.637438	0.05510867	0.01364033	0.04146834	0.01364033
5790	-215.7729	-221.926	6.153132	0.03278371	0.0152595	0.01752421	0.0152595
5800	-221.6104	-227.7784	6.167979	0.04119398	0.01073551	0.03045847	0.01073551
5810	-221.6397	-227.0879	5.448208	0.04370537	0.02973928	0.01396609	0.02973928
5820	-218.8144	-222.8337	4.019303	0.01049132	0.004314771	0.006176552	0.004314771
5830	-211.1771	-217.3347	6.157561	0.0209522	0.00638311	0.01456909	0.00638311
5840	-224.8845	-230.6281	5.743547	0.05137748	0.02882237	0.02255511	0.02882237
5850	-218.7314	-224.8867	6.155271	0.0360059	0.005315486	0.03069041	0.005315486
5860	-225.8071	-231.7018	5.894651	0.04282934	0.005375907	0.03745343	0.005375907
5870	-243.4877	-248.6803	5.192617	0.06675178	0.02145014	0.04530164	0.02145014
5880	-213.779	-220.1426	6.363555	0.02993143	0.006386742	0.02354469	0.006386742
5890	-223.2594	-228.7172	5.457818	0.04807214	0.03269845	0.01537369	0.03269845
5900	-271.3006	-275.2959	3.995294	0.09410755	0.03124024	0.06286731	0.03124024
5910	-253.8413	-257.9555	4.114148	0.1076904	0.06834524	0.03934513	0.06834524
5920	-235.0468	-240.4805	5.433688	0.06273127	0.02711888	0.03561239	0.02711888
5930	-238.4405	-243.8181	5.377621	0.06297142	0.02213806	0.04083336	0.02213806
5940	-228.6229	-233.1632	4.540213	0.05975868	0.04851609	0.01124259	0.04851609
5950	-230.763	-236.5017	5.738721	0.04727912	0.005883157	0.04139597	0.005883157
5960	-264.1727	-268.3767	4.20405	0.06825968	0.002738353	0.06552133	0.002738353
5970	-222.9527	-229.0221	6.069351	0.04461986	0.01590095	0.02871891	0.01590095
5980	-266.5484	-269.9557	3.407234	0.1312288	0.0841796	0.04704924	0.0841796
5990	-254.4554	-258.6339	4.178466	0.1024407	0.06022089	0.04221982	0.06022089
6000	-223.346	-229.3265	5.980543	0.04056408	0.005275151	0.03528893	0.005275151
6010	-214.1882	-219.9857	5.797575	0.02504647	0.01301364	0.01203283	0.01301364
6020	-225.6858	-231.6986	6.012784	0.04566417	0.01142193	0.03424225	0.01142193
6030	-249.1295	-253.4828	4.353334	0.1005988	0.06495945	0.03563933	0.06495945
6040	-239.2664	-243.8017	4.535299	0.09214991	0.07259912	0.01955078	0.07259912
6050	-229.872	-235.4932	5.621168	0.05773421	0.02801609	0.02971812	0.02801609
6060	-261.4051	-264.0161	2.611023	0.2012284	0.1846555	0.01657293	0.1846555
6070	-232.0784	-237.8303	5.751893	0.04943627	0.007799488	0.04163678	0.007799488
6080	-219.6067	-225.8447	6.237951	0.03841526	0.00924465	0.02917061	0.00924465
6090	-239.4933	-244.315	4.821704	0.08495243	0.05777063	0.0271818	0.05777063
6100	-245.1598	-248.6462	3.486353	0.1177399	0.1051074	0.01263257	0.1051074
6110	-222.7671	-228.3453	5.578149	0.04720726	0.03077945	0.01642781	0.03077945
6120	-237.662	-243.0405	5.378503	0.06337664	0.02398502	0.03939162	0.02398502
6130	-222.1141	-228.2506	6.136535	0.04072891	0.008233122	0.03249578	0.008233122
6140	-219.5926	-225.8198	6.227166	0.03800276	0.008100864	0.02990189	0.008100864
6150	-249.0953	-254.0983	5.002941	0.07033052	0.02024411	0.0500864	0.02024411
6160	-223.5511	-229.5308	5.979732	0.0467925	0.01999901	0.02679349	0.01999901
6170	-241.0266	-245.508	4.481432	0.09675391	0.07558333	0.02117058	0.07558333
6180	-211.432	-217.7552	6.32321	0.0252299	0.005115787	0.02011411	0.005115787
6190	-256.9385	-260.7275	3.789087	0.125004	0.08788813	0.03711591	0.08788813
6200	-215.4733	-221.123	5.649687	0.02761605	0.01595421	0.01166183	0.01595421
6210	-250.382	-254.4282	4.04618	0.119178	0.09016359	0.02901439	0.09016359
6220	-211.0568	-216.8648	5.807986	0.01647172	0.003795284	0.01267643	0.003795284
6230	-217.2795	-223.5658	6.286299	0.0349714	0.00708242	0.02788898	0.00708242
6240	-223.4724	-229.4567	5.9843	0.04665326	0.01988635	0.02676691	0.01988635
6250	-210.3921	-216.4555	6.063388	0.0191055	0.004152984	0.01495252	0.004152984
6260	-233.0289	-238.7384	5.709509	0.0536112	0.01392141	0.03968979	0.01392141
6270	-226.8719	-232.8392	5.967273	0.04679539	0.01141959	0.03537579	0.01141959
6280	-216.3901	-222.6175	6.227425	0.03457647	0.01458885	0.01998763	0.01458885
6290	-253.1848	-254.8144	1.629546	0.1527426	0.1452627	0.007479943	0.1452627
6300	-238.657	-243.4165	4.759566	0.08657693	0.06300948	0.02356745	0.06300948
6310	-237.5713	-243.127	5.555677	0.05621224	0.01191851	0.04429373	0.01191851
6320	-225.0503	-231.0028	5.952503	0.04811907	0.01867149	0.02944758	0.01867149
6330	-241.2625	-246.6295	5.366988	0.06160598	0.01603141	0.04557457	0.01603141
6340	-249.9824	-255.0405	5.058109	0.06771775	0.01531239	0.05240536	0.01531239
6350	-231.4569	-237.0172	5.560343	0.0595505	0.02809186	0.03145865	0.02809186
6360	-265.4033	-268.414	3.010646	0.1741728	0.1401446	0.03402815	0.1401446
6370	-220.4014	-226.4434	6.042001	0.03745093	0.00468022	0.03277071	0.00468022
6380	-226.8034	-232.5391	5.735697	0.05368978	0.02738912	0.02630066	0.02738912
6390	-252.5739	-256.6219	4.047995	0.1150514	0.08050516	0.03454628	0.08050516
6400	-224.6747	-230.7121	6.037402	0.04315522	0.008082861	0.03507236	0.008082861
6410	-289.4937	-293.1067	3.613049	0.09920256	0.02235163	0.07685094	0.02235163
6420	-233.1616	-238.4515	5.289853	0.06788583	0.0409246	0.02696122	0.0409246
6430	-216.0603	-222.1221	6.06181	0.03284412	0.01652079	0.01632333	0.01652079
6440	-285.3618	-287.5838	2.222093	0.1833286	0.1284189	0.05490972	0.1284189
6450	-257.5375	-261.2815	3.743925	0.1271808	0.08999417	0.03718658	0.08999417
6460	-213.0331	-219.4105	6.37738	0.02832193	0.008308568	0.02001336	0.008308568
6470	-221.4341	-227.5307	6.096601	0.04313097	0.01717113	0.02595984	0.01717113
6480	-254.0467	-258.1894	4.142629	0.1054139	0.0648943	0.04051958	0.0648943
6490	-230.5383	-236.1981	5.659744	0.05658057	0.0240947	0.03248587	0.0240947
6500	-221.3416	-227.5192	6.177635	0.04051898	0.00972409	0.03079489	0.00972409
6510	-273.08	-274.7283	1.648302	0.2908446	0.2741334	0.01671118	0.2741334
6520	-211.7421	-217.6536	5.911522	0.01849043	0.006280275	0.01221016	0.006280275
6530	-218.974	-224.9895	6.015461	0.03949501	0.02042234	0.01907268	0.02042234
6540	-219.2412	-224.9592	5.718038	0.03879747	0.02392671	0.01487076	0.02392671
6550	-261.3397	-265.1918	3.852056	0.1109155	0.06353585	0.04737963	0.06353585
6560	-225.0315	-230.8093	5.777832	0.05122816	0.02746386	0.02376431	0.02746386
6570	-249.8294	-253.5792	3.749828	0.1328901	0.112876	0.02001408	0.112876
6580	-212.7903	-219.0802	6.289894	0.02667084	0.00963217	0.01703866	0.00963217
6590	-243.4286	-247.7488	4.320194	0.1047835	0.08313058	0.02165293	0.08313058
6600	-259.0835	-263.2623	4.178849	0.09609437	0.04603917	0.0500552	0.04603917
6610	-245.2505	-249.6282	4.377725	0.1038669	0.07687171	0.02699523	0.07687171
6620	-214.2058	-220.2326	6.026817	0.02755713	0.01334594	0.0142112	0.01334594
6630	-266.7506	-269.8096	3.059004	0.1630764	0.1242821	0.03879429	0.1242821
6640	-223.8578	-229.6697	5.811909	0.04922271	0.02682034	0.02240238	0.02682034
6650	-223.6757	-229.4798	5.8041	0.04898394	0.02711245	0.02187149	0.02711245
6660	-220.493	-226.4339	5.940922	0.04261363	0.02285476	0.01975887	0.02285476
6670	-212.2705	-218.2442	5.973678	0.02101479	0.008399804	0.01261499	0.008399804
6680	-217.8682	-223.7343	5.866098	0.03613024	0.02071739	0.01541285	0.02071739
6690	-261.4042	-264.4583	3.054118	0.1809103	0.1556446	0.02526574	0.1556446
6700	-249.9929	-254.0812	4.08825	0.1168762	0.08747785	0.02939832	0.08747785
6710	-221.0216	-226.3934	5.371749	0.04157948	0.02870373	0.01287575	0.02870373
6720	-236.0494	-241.3452	5.295761	0.06730624	0.03351298	0.03379326	0.03351298
6730	-286.9492	-288.3044	1.355205	0.3010442	0.2624874	0.03855675	0.2624874
6740	-240.8339	-245.0252	4.191343	0.09972149	0.08360028	0.01612121	0.08360028
6750	-258.5237	-262.3443	3.820596	0.1186261	0.07718611	0.04143999	0.07718611
6760	-229.0494	-234.0953	5.045932	0.0626563	0.04698535	0.01567096	0.04698535
6770	-237.8658	-243.2535	5.387634	0.06293181	0.02291952	0.04001228	0.02291952
6780	-217.2021	-223.4319	6.229796	0.03441117	0.005632897	0.02877827	0.005632897
6790	-211.5815	-217.4297	5.848144	0.01723588	0.005200711	0.01203517	0.005200711
6800	-218.6616	-224.8878	6.226244	0.03645368	0.006681031	0.02977265	0.006681031
6810	-225.7688	-231.4313	5.662461	0.05347566	0.03134149	0.02213417	0.03134149
6820	-225.6005	-231.5001	5.899619	0.0495633	0.0206786	0.0288847	0.0206786
6830	-269.4339	-273.8632	4.429292	0.07412927	0.00592794	0.06820133	0.00592794
6840	-218.7194	-224.2432	5.523847	0.03611531	0.02346527	0.01265003	0.02346527
6850	-302.7293	-302.7043	-0.02496486	0.4674899	0.4280337	0.03945621	0.4280337
6860	-236.2808	-240.9945	4.713663	0.08298494	0.0642818	0.01870314	0.0642818
6870	-231.8405	-236.859	5.018521	0.07002477	0.05180586	0.01821891	0.05180586
6880	-242.5575	-247.8748	5.317275	0.06266219	0.01610058	0.04656162	0.01610058
6890	-233.4615	-237.3792	3.917681	0.04529641	0.0008719954	0.04442442	0.0008719954
6900	-234.6694	-239.5797	4.910319	0.0773111	0.05720325	0.02010785	0.05720325
6910	-333.0984	-335.708	2.609605	0.1190791	0.01477335	0.1043057	0.01477335
6920	-250.868	-255.1205	4.252517	0.1040741	0.06740623	0.03666789	0.06740623
6930	-222.2835	-228.1262	5.842712	0.04630159	0.02588394	0.02041765	0.02588394
6940	-221.7704	-225.4377	3.667202	0.03363214	0.02724845	0.006383698	0.02724845
6950	-249.8046	-253.9339	4.129258	0.1143899	0.08413658	0.03025329	0.08413658
6960	-215.7746	-221.3101	5.535562	0.02749351	0.01643421	0.01105929	0.01643421
6970	-214.106	-219.8916	5.785645	0.02464335	0.01274959	0.01189376	0.01274959
6980	-209.9909	-215.7177	5.726822	0.02056709	0.002042952	0.01852414	0.002042952
6990	-240.6677	-245.8051	5.137488	0.0706347	0.03155889	0.03907581	0.03155889
7000	-250.093	-254.4857	4.39277	0.09661294	0.05774255	0.03887039	0.05774255
7010	-229.8462	-235.56	5.71385	0.05501268	0.02237785	0.03263483	0.02237785
7020	-247.8867	-252.4783	4.591525	0.08864204	0.04912143	0.03952061	0.04912143
7030	-256.3589	-259.9947	3.635828	0.1397661	0.108895	0.03087104	0.108895
7040	-225.3919	-231.0179	5.626044	0.05307321	0.03243246	0.02064075	0.03243246
7050	-223.795	-229.7714	5.976424	0.04702321	0.01976748	0.02725573	0.01976748
7060	-242.2442	-246.4662	4.222038	0.1038244	0.08577342	0.01805098	0.08577342
7070	-233.4243	-239.0459	5.621632	0.04919469	0.005547475	0.04364722	0.005547475
7080	-231.8449	-237.6166	5.771677	0.05161869	0.01212956	0.03948913	0.01212956
7090	-248.9674	-253.3778	4.410395	0.09732923	0.06040348	0.03692575	0.06040348
7100	-217.4383	-223.2713	5.83307	0.03477628	0.02013661	0.01463966	0.02013661
7110	-223.4998	-229.4228	5.922948	0.04760906	0.02278744	0.02482162	0.02278744
7120	-227.1295	-233.0842	5.954757	0.04585431	0.009002076	0.03685224	0.009002076
7130	-218.7342	-224.173	5.438796	0.03408219	0.001879921	0.03220227	0.001879921
7140	-251.1404	-255.4724	4.331992	0.09857992	0.05913072	0.03944921	0.05913072
7150	-256.9759	-261.7088	4.732879	0.0755877	0.01951753	0.05607017	0.01951753
7160	-212.0168	-218.2539	6.237076	0.02405484	0.008429099	0.01562574	0.008429099
7170	-224.0735	-229.2914	5.217969	0.04928978	0.03572249	0.01356729	0.03572249
7180	-221.9045	-228.044	6.139447	0.04246783	0.01331349	0.02915434	0.01331349
7190	-226.1315	-232.1247	5.993229	0.04632175	0.01191248	0.03440927	0.01191248
7200	-247.5018	-251.994	4.492169	0.09469703	0.05870671	0.03599032	0.05870671
7210	-234.4172	-238.9097	4.492481	0.07817827	0.06405316	0.01412511	0.06405316
7220	-222.0043	-228.0252	6.020912	0.0447141	0.02006057	0.02465353	0.02006057
7230	-220.2924	-226.3868	6.094484	0.04179221	0.01845225	0.02333996	0.01845225
7240	-223.3627	-229.466	6.103352	0.04295468	0.01051263	0.03244205	0.01051263
7250	-247.2448	-251.8288	4.584077	0.08987006	0.05186869	0.03800137	0.05186869
7260	-219.9986	-225.8437	5.845114	0.04132262	0.02398861	0.01733401	0.02398861
7270	-232.4748	-238.1766	5.701767	0.05440124	0.01627387	0.03812737	0.01627387
7280	-212.5198	-218.8885	6.368636	0.02760977	0.006081529	0.02152824	0.006081529
7290	-216.608	-222.6725	6.064474	0.03422914	0.01727072	0.01695843	0.01727072
7300	-228.3896	-234.2941	5.904552	0.04857895	0.01218378	0.03639517	0.01218378
7310	-263.3743	-265.7176	2.343342	0.2164778	0.2011497	0.01532805	0.2011497
7320	-220.8099	-226.8308	6.020951	0.04302508	0.02080051	0.02222456	0.02080051
7330	-253.5557	-258.0135	4.457828	0.08871884	0.0420086	0.04671024	0.0420086
7340	-215.3381	-221.2945	5.956334	0.03005832	0.01576292	0.01429541	0.01576292
7350	-214.532	-220.4273	5.895311	0.02715745	0.01407475	0.01308269	0.01407475
7360	-260.8817	-265.5333	4.651529	0.06804795	0.005088668	0.06295928	0.005088668
7370	-259.709	-263.8299	4.120908	0.09824111	0.048288	0.04995311	0.048288
7380	-220.601	-226.7745	6.173495	0.04114621	0.01408914	0.02705708	0.01408914
7390	-221.221	-225.5525	4.331547	0.03580881	0.02790096	0.007907853	0.02790096
7400	-226.9417	-232.839	5.897366	0.049774	0.01768938	0.03208462	0.01768938
7410	-248.2437	-252.8938	4.650089	0.08526743	0.04362118	0.04164625	0.04362118
7420	-234.8026	-237.2263	2.423715	0.07111113	0.06501847	0.006092662	0.06501847
7430	-212.3662	-217.8506	5.484464	0.01431659	0.003549234	0.01076736	0.003549234
7440	-244.6776	-248.8194	4.14173	0.1114451	0.09154216	0.01990296	0.09154216
7450	-212.7225	-219.1028	6.38025	0.02797268	0.006643271	0.02132941	0.006643271
7460	-225.202	-229.1795	3.977564	0.04622143	0.03836257	0.00785886	0.03836257
7470	-243.3723	-248.096	4.723686	0.08715466	0.05378319	0.03337147	0.05378319
7480	-234.2576	-239.4604	5.202837	0.07082869	0.0440272	0.0268015	0.0440272
7490	-223.2847	-229.0973	5.812588	0.0482655	0.02687576	0.02138974	0.02687576
7500	-222.3067	-228.4436	6.136952	0.04119554	0.00888175	0.03231379	0.00888175
7510	-224.18	-228.1908	4.010814	0.04320691	0.03549494	0.007711964	0.03549494
7520	-218.4772	-224.6337	6.156473	0.0385778	0.01694157	0.02163623	0.01694157
7530	-225.8285	-231.8159	5.987372	0.04696813	0.0139909	0.03297724	0.0139909
7540	-215.722	-222.0773	6.355277	0.03329379	0.008988587	0.02430521	0.008988587
7550	-235.7741	-240.1427	4.368612	0.08252365	0.06858844	0.01393521	0.06858844
7560	-218.9609	-225.0573	6.096458	0.03598412	0.004693015	0.0312911	0.004693015
7570	-212.6601	-219.0405	6.380424	0.02762915	0.007574694	0.02005446	0.007574694
7580	-213.0295	-219.0747	6.045284	0.02433415	0.01071099	0.01362317	0.01071099
7590	-214.3542	-220.2563	5.902114	0.02669469	0.01366598	0.01302871	0.01366598
7600	-272.8823	-274.669	1.786698	0.2840886	0.2656594	0.01842912	0.2656594
7610	-234.4433	-239.928	5.484687	0.06119829	0.02540619	0.0357921	0.02540619
7620	-227.0856	-232.4257	5.340089	0.04201247	0.002351016	0.03966146	0.002351016
7630	-247.0174	-252.0092	4.991775	0.0719666	0.0251692	0.0467974	0.0251692
7640	-219.285	-225.1071	5.822152	0.03948188	0.02326798	0.01621391	0.02326798
7650	-216.9103	-223.2304	6.320113	0.03529834	0.01052566	0.02477268	0.01052566
7660	-235.2626	-240.3328	5.070222	0.07513921	0.05003712	0.02510208	0.05003712
7670	-215.7119	-221.2732	5.561275	0.03083542	0.001904883	0.02893053	0.001904883
7680	-230.5026	-235.553	5.050444	0.0665506	0.04938725	0.01716335	0.04938725
7690	-262.9708	-266.7899	3.819138	0.110263	0.06086408	0.04939888	0.06086408
7700	-250.909	-255.2582	4.349252	0.09791505	0.05849299	0.03942206	0.05849299
7710	-247.191	-252.3308	5.139741	0.06642952	0.01647613	0.04995339	0.01647613
7720	-230.876	-236.4838	5.607794	0.04640582	0.004275053	0.04213076	0.004275053
7730	-240.1484	-244.4785	4.330121	0.09668141	0.07940772	0.01727368	0.07940772
7740	-225.5802	-231.4573	5.877087	0.05006153	0.02200093	0.0280606	0.02200093
7750	-236.4205	-240.6308	4.210333	0.0845358	0.07151056	0.01302524	0.07151056
7760	-218.3515	-224.6331	6.281617	0.0370636	0.009749523	0.02731408	0.009749523
7770	-231.1593	-236.9148	5.75554	0.05311646	0.01609931	0.03701714	0.01609931
7780	-239.1306	-243.9411	4.810521	0.08530572	0.05929323	0.02601248	0.05929323
7790	-225.7488	-231.6996	5.950792	0.0482483	0.01710694	0.03114136	0.01710694
7800	-211.7543	-217.6264	5.872066	0.01792273	0.005932799	0.01198993	0.005932799
7810	-235.8102	-241.4263	5.616065	0.05250321	0.0079765	0.04452671	0.0079765
7820	-221.0646	-227.0069	5.942295	0.04374211	0.0230474	0.02069471	0.0230474
7830	-217.5498	-223.8001	6.250335	0.03675122	0.01393645	0.02281476	0.01393645
7840	-216.8401	-223.1286	6.288455	0.03546356	0.01268663	0.02277693	0.01268663
7850	-240.8793	-245.7206	4.841265	0.08357045	0.05246799	0.03110247	0.05246799
7860	-229.7663	-235.3427	5.576432	0.05890364	0.03084813	0.02805551	0.03084813
7870	-224.9359	-230.9591	6.023224	0.04597144	0.01380378	0.03216767	0.01380378
7880	-212.6489	-219.022	6.373133	0.02745847	0.00795584	0.01950263	0.00795584
7890	-236.2703	-241.4369	5.166622	0.07211251	0.04174941	0.03036309	0.04174941
7900	-257.8459	-262.6749	4.829004	0.06737236	0.006874945	0.06049741	0.006874945
7910	-228.2363	-234.0293	5.79299	0.05278791	0.02128342	0.0315045	0.02128342
7920	-214.8929	-221.2114	6.318528	0.0318145	0.01159236	0.02022214	0.01159236
7930	-219.7268	-225.4765	5.749734	0.04022984	0.02454057	0.01568927	0.02454057
7940	-219.4124	-225.6007	6.188246	0.03982082	0.01518184	0.02463897	0.01518184
7950	-220.4411	-226.5771	6.136091	0.03811396	0.006067225	0.03204673	0.006067225
7960	-211.2768	-217.436	6.159277	0.02117047	0.006637081	0.01453339	0.006637081
7970	-261.7954	-264.6802	2.884794	0.1926576	0.170889	0.0217686	0.170889
7980	-215.7919	-221.982	6.190108	0.03306932	0.01480125	0.01826807	0.01480125
7990	-219.6721	-225.9094	6.23731	0.03864753	0.009714	0.02893353	0.009714
8000	-232.2567	-237.2939	5.037182	0.07089393	0.05181492	0.01907901	0.05181492
8010	-220.3169	-226.4601	6.143177	0.03800863	0.006119598	0.03188903	0.006119598
8020	-274.6444	-278.7774	4.133026	0.08780908	0.01986318	0.0679459	0.01986318
8030	-213.4302	-218.8351	5.404845	0.01544797	0.00592939	0.009518579	0.00592939
8040	-234.759	-239.7587	4.999692	0.0761588	0.05392745	0.02223134	0.05392745
8050	-240.0482	-244.0306	3.982364	0.09738443	0.08396663	0.0134178	0.08396663
8060	-243.4474	-247.7115	4.264077	0.1061587	0.08569218	0.02046652	0.08569218
8070	-256.5344	-260.4786	3.944232	0.1140015	0.07348132	0.04052023	0.07348132
8080	-212.0248	-217.8291	5.804346	0.01757756	0.006069115	0.01150845	0.006069115
8090	-218.3709	-224.3275	5.956577	0.03790227	0.02067569	0.01722658	0.02067569
8100	-218.83	-222.9093	4.079319	0.0259422	0.01930043	0.006641767	0.01930043
8110	-215.1117	-220.76	5.648365	0.0264563	0.01500518	0.01145112	0.01500518
8120	-261.0734	-264.1253	3.051919	0.1812424	0.1567768	0.02446557	0.1567768
8130	-264.7657	-268.6447	3.878988	0.104535	0.05138218	0.05315279	0.05138218
8140	-210.7716	-216.9605	6.188827	0.0209011	0.005471625	0.01542948	0.005471625
8150	-258.3128	-262.2183	3.905512	0.1130181	0.06990469	0.04311339	0.06990469
8160	-226.0503	-231.7181	5.667836	0.05385341	0.03106063	0.02279278	0.03106063
8170	-233.1741	-238.7466	5.572489	0.05868568	0.02303919	0.03564648	0.02303919
8180	-253.0285	-256.4007	3.372169	0.1511259	0.1332971	0.01782875	0.1332971
8190	-258.4237	-261.6251	3.201406	0.1704687	0.1476307	0.02283799	0.1476307
8200	-241.3747	-246.6528	5.27809	0.06488898	0.02121872	0.04367026	0.02121872
8210	-212.1744	-218.4865	6.31215	0.02550277	0.008326147	0.01717663	0.008326147
8220	-229.547	-235.025	5.478054	0.06093072	0.03632024	0.02461048	0.03632024
8230	-278.0654	-279.1528	1.087412	0.3436015	0.3283799	0.01522164	0.3283799
8240	-255.5746	-259.063	3.488412	0.1520127	0.1275912	0.02442144	0.1275912
8250	-242.1161	-246.6438	4.52774	0.0968468	0.07246746	0.02437934	0.07246746
8260	-213.4916	-219.7472	6.255554	0.02802253	0.01107574	0.01694679	0.01107574
8270	-238.7422	-243.2289	4.486741	0.05012512	0.001530984	0.04859414	0.001530984
8280	-212.2161	-218.1786	5.962492	0.020676	0.008165102	0.0125109	0.008165102
8290	-216.9101	-223.0753	6.165217	0.03546335	0.01618718	0.01927617	0.01618718
8300	-222.4854	-228.6215	6.136123	0.04205856	0.01054452	0.03151404	0.01054452
8310	-266.6926	-268.2512	1.558525	0.2451179	0.2337439	0.01137403	0.2337439
8320	-220.0821	-226.194	6.111896	0.03746122	0.005406883	0.03205434	0.005406883
8330	-218.6345	-224.8527	6.218205	0.03633476	0.006437612	0.02989714	0.006437612
8340	-229.7992	-235.6499	5.850647	0.04981533	0.0121053	0.03771003	0.0121053
8350	-237.8109	-242.6944	4.883515	0.08225734	0.05702203	0.02523531	0.05702203
8360	-234.8862	-240.2873	5.401129	0.06396493	0.02963884	0.03432609	0.02963884
8370	-234.1787	-239.7511	5.572469	0.0582395	0.02048862	0.03775088	0.02048862
8380	-209.9802	-215.5583	5.578072	0.01777373	0.001949945	0.01582378	0.001949945
8390	-240.8675	-244.6665	3.798949	0.05084408	0.000958254	0.04988583	0.000958254
8400	-231.8025	-236.143	4.340511	0.06918062	0.05767317	0.01150745	0.05767317
8410	-243.7104	-248.5815	4.87106	0.07952327	0.04122955	0.03829373	0.04122955
8420	-256.8322	-261.7199	4.887685	0.06824113	0.009064727	0.0591764	0.009064727
8430	-234.26	-239.2863	5.026264	0.07493057	0.05295758	0.02197298	0.05295758
8440	-236.2088	-240.9131	4.704363	0.08288675	0.06443364	0.01845311	0.06443364
8450	-230.9229	-236.3952	5.472266	0.06203331	0.0345715	0.02746181	0.0345715
8460	-226.2795	-232.2684	5.988876	0.04519075	0.009225942	0.0359648	0.009225942
8470	-230.949	-236.3247	5.375771	0.06428927	0.03963927	0.02465	0.03963927
8480	-246.0578	-249.8804	3.822587	0.1201113	0.1035852	0.01652611	0.1035852
8490	-298.7185	-301.955	3.236488	0.1082474	0.02652332	0.08172412	0.02652332
8500	-260.3697	-263.4571	3.087466	0.1787166	0.1548132	0.02390341	0.1548132
8510	-225.995	-231.8599	5.864908	0.05051673	0.02188808	0.02862865	0.02188808
8520	-234.6764	-240.0318	5.355377	0.06568464	0.03319112	0.03249352	0.03319112
8530	-267.9477	-269.5543	1.606671	0.2546228	0.2423037	0.01231911	0.2423037
8540	-231.84	-237.5054	5.665335	0.05603795	0.02046696	0.03557099	0.02046696
8550	-251.7625	-256.7985	5.036037	0.06714081	0.01254369	0.05459712	0.01254369
8560	-243.9412	-248.3931	4.451926	0.100539	0.07433218	0.02620683	0.07433218
8570	-250.7812	-255.0172	4.235961	0.1053354	0.06935004	0.03598537	0.06935004
8580	-213.4187	-219.5894	6.170698	0.02887916	0.003762065	0.0251171	0.003762065
8590	-242.1071	-247.0895	4.982352	0.07598373	0.03803496	0.03794878	0.03803496
8600	-259.1165	-261.7399	2.62338	0.1892827	0.1746406	0.01464217	0.1746406
8610	-218.8877	-225.0999	6.212223	0.03664502	0.006517553	0.03012747	0.006517553
8620	-223.8444	-229.9017	6.057364	0.0450573	0.01439916	0.03065814	0.01439916
8630	-266.3359	-270.5995	4.263603	0.08714793	0.02650018	0.06064775	0.02650018
8640	-221.4826	-227.1674	5.684744	0.04435608	0.02778118	0.0165749	0.02778118
8650	-232.866	-238.1801	5.314063	0.06708727	0.0400589	0.02702838	0.0400589
8660	-231.0641	-236.5816	5.517508	0.06083226	0.03163079	0.02920148	0.03163079
8670	-259.0666	-262.6105	3.543904	0.140612	0.1058049	0.03480707	0.1058049
8680	-248.2889	-253.1867	4.897802	0.07466591	0.02772471	0.0469412	0.02772471
8690	-222.8548	-228.5839	5.729094	0.04763167	0.02868081	0.01895086	0.02868081
8700	-216.8946	-223.1259	6.231277	0.03399616	0.005482203	0.02851396	0.005482203
8710	-232.474	-238.1807	5.706715	0.05420343	0.01590759	0.03829584	0.01590759
8720	-221.0249	-227.1313	6.106329	0.042594	0.01724536	0.02534864	0.01724536
8730	-221.6601	-227.6822	6.022095	0.044275	0.02032241	0.0239526	0.02032241
8740	-233.4097	-239.1002	5.690566	0.05414363	0.01429405	0.03984958	0.01429405
8750	-274.1208	-277.2264	3.105647	0.13694	0.08340708	0.05353295	0.08340708
8760	-251.7745	-256.5012	4.726672	0.07885147	0.02984556	0.04900591	0.02984556
8770	-214.3612	-219.5925	5.231288	0.01767771	0.008858603	0.008819103	0.008858603
8780	-213.0579	-219.3838	6.325922	0.02860945	0.005241702	0.02336774	0.005241702
8790	-227.3559	-233.2859	5.929999	0.04842172	0.01386605	0.03455567	0.01386605
8800	-226.9431	-232.7698	5.826697	0.05173843	0.0221572	0.02958123	0.0221572
8810	-217.5917	-223.869	6.277345	0.03665006	0.0126039	0.02404616	0.0126039
8820	-256.3669	-260.0438	3.67681	0.136172	0.1039471	0.03222492	0.1039471
8830	-220.0019	-225.6005	5.598609	0.0401169	0.02590581	0.01421109	0.02590581
8840	-218.1683	-224.4212	6.252897	0.03762894	0.01328779	0.02434115	0.01328779
8850	-229.7488	-235.558	5.809195	0.04687646	0.006642393	0.04023407	0.006642393
8860	-235.897	-240.3349	4.437906	0.08294335	0.06825923	0.01468412	0.06825923
8870	-236.0887	-241.6741	5.585388	0.05649813	0.01446372	0.0420344	0.01446372
8880	-233.99	-239.2132	5.223198	0.07012734	0.04331439	0.02681295	0.04331439
8890	-220.7061	-226.7385	6.032376	0.04279928	0.02045746	0.02234182	0.02045746
8900	-215.6829	-220.4437	4.760827	0.01136356	0.003181633	0.008181927	0.003181633
8910	-257.7367	-260.9528	3.21615	0.1688473	0.1469586	0.02188872	0.1469586
8920	-213.3501	-219.6731	6.322999	0.02910372	0.00528615	0.02381757	0.00528615
8930	-211.6174	-217.9689	6.351419	0.02542189	0.005979077	0.01944281	0.005979077
8940	-242.2415	-247.021	4.779473	0.08544379	0.05302358	0.03242021	0.05302358
8950	-223.1097	-228.7571	5.64743	0.04817588	0.03032799	0.01784789	0.03032799
8960	-211.7556	-218.0959	6.340322	0.02510298	0.007098345	0.01800463	0.007098345
8970	-284.7571	-287.3788	2.621699	0.1505588	0.08994841	0.0606104	0.08994841
8980	-222.1207	-228.1752	6.054484	0.04438895	0.01833452	0.02605443	0.01833452
8990	-227.4493	-232.5381	5.088789	0.04185501	0.001832332	0.04002268	0.001832332
9000	-223.5628	-229.3397	5.776957	0.04893695	0.02791097	0.02102598	0.02791097
9010	-219.4981	-225.7381	6.239982	0.0388947	0.01115743	0.02773727	0.01115743
9020	-255.603	-258.6272	3.024278	0.1671677	0.1512561	0.01591158	0.1512561
9030	-217.8275	-223.4212	5.593762	0.03409986	0.02145163	0.01264823	0.02145163
9040	-234.8155	-239.9504	5.134848	0.07306038	0.04704807	0.02601231	0.04704807
9050	-220.0538	-226.2507	6.196875	0.03824707	0.00739965	0.03084742	0.00739965
9060	-350.5788	-345.7767	-4.802032	1.728134	1.686596	0.04153774	1.686596
9070	-212.25	-217.9169	5.666808	0.01605302	0.00513902	0.010914	0.00513902
9080	-248.5816	-253.6854	5.103794	0.06688344	0.01559593	0.05128751	0.01559593
9090	-291.43	-292.9949	1.564843	0.2362804	0.1838729	0.05240748	0.1838729
9100	-246.7972	-251.9088	5.111594	0.06773479	0.01894263	0.04879216	0.01894263
9110	-228.4283	-233.7378	5.309584	0.06078229	0.04194808	0.0188342	0.04194808
9120	-223.3716	-227.2715	3.899971	0.04007974	0.03284412	0.007235621	0.03284412
9130	-210.9594	-216.5533	5.593836	0.02349447	0.001736959	0.02175751	0.001736959
9140	-229.655	-235.3667	5.711702	0.05510279	0.02297812	0.03212467	0.02297812
9150	-211.8982	-217.5418	5.643571	0.01533294	0.0040133	0.01131964	0.0040133
9160	-243.9621	-248.3966	4.434518	0.1013082	0.07557294	0.02573529	0.07557294
9170	-245.9841	-250.9455	4.961491	0.07379463	0.02925153	0.0445431	0.02925153
9180	-239.5549	-242.6597	3.104846	0.09275426	0.08409478	0.008659472	0.08409478
9190	-237.9382	-242.6271	4.688867	0.08699053	0.06638201	0.02060853	0.06638201
9200	-249.5497	-254.6051	5.055369	0.06812362	0.01640046	0.05172316	0.01640046
9210	-239.4698	-244.8955	5.425691	0.05403782	0.005980932	0.04805689	0.005980932
9220	-219.6153	-225.8247	6.209373	0.03974578	0.01366731	0.02607847	0.01366731
9230	-210.6855	-216.858	6.172555	0.02058415	0.005224242	0.01535991	0.005224242
9240	-211.5336	-217.7672	6.233668	0.02561496	0.003978422	0.02163654	0.003978422
9250	-224.9713	-230.8349	5.8636	0.04992443	0.02371619	0.02620824	0.02371619
9260	-213.6693	-219.6991	6.029761	0.02604296	0.01218421	0.01385876	0.01218421
9270	-242.3723	-247.3651	4.992833	0.0753057	0.036554	0.0387517	0.036554
9280	-243.8166	-248.6365	4.81984	0.08183513	0.04468744	0.0371477	0.04468744
9290	-210.6572	-216.8668	6.209598	0.02328772	0.003904985	0.01938273	0.003904985
9300	-215.3275	-221.2639	5.936398	0.0298494	0.01578167	0.01406773	0.01578167
9310	-224.3584	-230.288	5.929592	0.04828157	0.02131245	0.02696912	0.02131245
9320	-242.5517	-247.5924	5.040707	0.07315787	0.03287343	0.04028443	0.03287343
9330	-231.1968	-236.9854	5.788575	0.05157936	0.01311123	0.03846813	0.01311123
9340	-211.8237	-217.2206	5.396946	0.01414132	0.002523265	0.01161805	0.002523265
9350	-219.3345	-225.2884	5.953933	0.03587146	0.003661098	0.03221036	0.003661098
9360	-221.1691	-227.2497	6.080571	0.04306445	0.01828963	0.02477482	0.01828963
9370	-227.2643	-233.1819	5.917693	0.04899059	0.01526533	0.03372526	0.01526533
9380	-212.0469	-217.6733	5.626328	0.02571568	0.001819123	0.02389656	0.001819123
9390	-219.9585	-225.5244	5.565897	0.03980678	0.02595051	0.01385627	0.02595051
9400	-228.0454	-233.7162	5.670857	0.0558506	0.02877031	0.02708029	0.02877031
9410	-214.1552	-220.0946	5.939406	0.02649202	0.01323941	0.01325261	0.01323941
9420	-211.4707	-217.647	6.176385	0.02184789	0.007163766	0.01468413	0.007163766
9430	-215.7221	-221.9024	6.180264	0.03284343	0.01486354	0.01797989	0.01486354
9440	-254.1022	-258.088	3.985854	0.1163483	0.08004492	0.03630341	0.08004492
9450	-214.4944	-220.7617	6.267375	0.03057397	0.0122885	0.01828547	0.0122885
9460	-226.3802	-232.1679	5.787644	0.05237687	0.02539825	0.02697862	0.02539825
9470	-220.8783	-227.0032	6.124907	0.03860525	0.00617523	0.03243002	0.00617523
9480	-211.4385	-217.7788	6.340295	0.02474725	0.006113338	0.01863392	0.006113338
9490	-244.417	-249.2547	4.837731	0.08037526	0.0415186	0.03885666	0.0415186
9500	-228.4782	-233.5562	5.077993	0.06111785	0.04557674	0.01554111	0.04557674
9510	-270.7898	-275.1171	4.327297	0.08290392	0.01664556	0.06625836	0.01664556
9520	-219.5444	-224.9494	5.404974	0.03763953	0.02539949	0.01224004	0.02539949
9530	-224.7788	-230.6218	5.843064	0.05007414	0.02493266	0.02514149	0.02493266
9540	-212.5626	-218.0408	5.47819	0.01436039	0.003846903	0.01051349	0.003846903
9550	-213.6156	-219.9509	6.335214	0.02912813	0.01015772	0.0189704	0.01015772
9560	-234.695	-239.7772	5.082146	0.07435584	0.0501131	0.02424275	0.0501131
9570	-223.1479	-229.2001	6.05213	0.04095781	0.006467346	0.03449046	0.006467346
9580	-211.2753	-217.5344	6.259157	0.02276912	0.006702482	0.01606664	0.006702482
9590	-237.2207	-242.5401	5.319392	0.06579716	0.02883438	0.03696278	0.02883438
9600	-222.6782	-228.0583	5.380104	0.04618955	0.03211296	0.01407659	0.03211296
9610	-233.2954	-238.931	5.63564	0.05642013	0.0186378	0.03778233	0.0186378
9620	-269.4932	-272.7166	3.223431	0.1385336	0.09021274	0.04832083	0.09021274
9630	-247.9922	-252.7794	4.787195	0.0793088	0.03506231	0.04424649	0.03506231
9640	-213.1368	-218.3158	5.178929	0.01285576	0.00263359	0.01022217	0.00263359
9650	-223.5175	-229.2419	5.724386	0.04902956	0.0292184	0.01981117	0.0292184
9660	-212.8968	-219.2747	6.377936	0.02804839	0.008106523	0.01994187	0.008106523
9670	-250.4577	-254.2759	3.81816	0.1317485	0.1091705	0.02257806	0.1091705
9680	-236.878	-241.3601	4.48206	0.08597517	0.06997627	0.0159989	0.06997627
9690	-223.8601	-229.2782	5.41816	0.04950912	0.03406789	0.01544124	0.03406789
9700	-223.0031	-228.6887	5.685588	0.04795934	0.02959864	0.0183607	0.02959864
9710	-218.772	-225.0345	6.26255	0.03800452	0.0112437	0.02676083	0.0112437
9720	-219.2377	-225.4503	6.212606	0.03933708	0.01411092	0.02522616	0.01411092
9730	-236.0025	-241.0049	5.002371	0.0775367	0.05278748	0.02474921	0.05278748
9740	-217.2691	-223.3025	6.033316	0.03565076	0.01844844	0.01720233	0.01844844
9750	-249.1146	-253.3615	4.246888	0.1075721	0.07525129	0.03232085	0.07525129
9760	-261.0758	-264.398	3.322269	0.1560045	0.12315	0.03285452	0.12315
9770	-235.9671	-241.591	5.62383	0.05376002	0.009904299	0.04385572	0.009904299
9780	-210.5443	-216.7747	6.230403	0.02257	0.004300834	0.01826917	0.004300834
9790	-218.8457	-225.0013	6.155575	0.03921682	0.01690886	0.02230796	0.01690886
9800	-222.9872	-228.9538	5.966614	0.04648224	0.02141028	0.02507196	0.02141028
9810	-224.6194	-230.6116	5.992195	0.0470065	0.01711831	0.02988819	0.01711831
9820	-228.1421	-234.0337	5.89167	0.04952943	0.01459591	0.03493352	0.01459591
9830	-231.3007	-236.5139	5.213133	0.06733572	0.04614794	0.02118778	0.04614794
9840	-252.8256	-256.908	4.082434	0.1119874	0.07579947	0.03618791	0.07579947
9850	-218.7741	-224.9887	6.214611	0.0387645	0.01458698	0.02417752	0.01458698
9860	-213.9357	-219.9205	5.984869	0.02632982	0.01276833	0.01356149	0.01276833
9870	-237.8847	-243.0583	5.173597	0.07106615	0.03678679	0.03427936	0.03678679
9880	-259.9295	-263.9257	3.996246	0.1045913	0.05664994	0.04794137	0.05664994
9890	-212.0999	-218.4111	6.311191	0.02532014	0.008193171	0.01712697	0.008193171
9900	-284.4824	-285.6216	1.139197	0.3623938	0.3363181	0.02607569	0.3363181
9910	-224.3028	-230.1814	5.878619	0.04907038	0.02387359	0.02519678	0.02387359
9920	-225.3312	-231.3443	6.013155	0.04378824	0.008128783	0.03565946	0.008128783
9930	-214.3468	-220.6686	6.321835	0.03071393	0.005682688	0.02503125	0.005682688
9940	-224.5221	-230.5566	6.034481	0.04279413	0.007619845	0.03517429	0.007619845
9950	-261.133	-265.6212	4.488297	0.08196744	0.02438447	0.05758297	0.02438447
9960	-214.8197	-220.3557	5.535976	0.02966969	0.001804205	0.02786548	0.001804205
9970	-250.1513	-253.7215	3.570137	0.1375723	0.120153	0.01741936	0.120153
9980	-231.0392	-236.6885	5.649247	0.05681585	0.02352443	0.03329142	0.02352443
9990	-232.3165	-237.935	5.618491	0.05744743	0.02227437	0.03517305	0.02227437
10000	-239.8987	-244.7572	4.85849	0.0833459	0.05405226	0.02929363	0.05405226
