Iteration	Posterior	Likelihood	Prior	birth_rate	death_rate	diversification	turnover
0	-229.8391	-235.4202	5.581178	0.0588061	0.03043352	0.02837258	0.03043352
10	-222.6227	-228.7197	6.09698	0.04381572	0.01474855	0.02906717	0.01474855
20	-224.927	-230.6754	5.748409	0.05139639	0.02863462	0.02276177	0.02863462
30	-237.8155	-242.7662	4.950694	0.0799877	0.05273316	0.02725454	0.05273316
40	-234.7332	-239.8275	5.094279	0.07409374	0.04943375	0.02465999	0.04943375
50	-306.5987	-308.5204	1.921715	0.1620794	0.08523698	0.07684241	0.08523698
60	-299.998	-303.5637	3.565699	0.09654661	0.01079236	0.08575426	0.01079236
70	-246.6262	-251.8507	5.224503	0.06032073	0.007723292	0.05259744	0.007723292
80	-220.0434	-226.268	6.224694	0.03923883	0.01019541	0.02904342	0.01019541
90	-235.4537	-240.8825	5.428719	0.06271836	0.02639147	0.0363269	0.02639147
100	-287.3415	-291.2799	3.938402	0.08664407	0.007851917	0.07879216	0.007851917
110	-268.5736	-271.4309	2.857294	0.1787903	0.1415443	0.03724595	0.1415443
120	-238.3737	-243.8602	5.486477	0.05888316	0.01534343	0.04353973	0.01534343
130	-231.3267	-236.9256	5.598811	0.05836101	0.02599645	0.03236456	0.02599645
140	-277.988	-279.8548	1.86686	0.2728268	0.241948	0.03087879	0.241948
150	-234.9141	-239.9955	5.081381	0.07457294	0.04989493	0.02467801	0.04989493
160	-216.0495	-222.2656	6.216062	0.0337971	0.01460499	0.01919211	0.01460499
170	-210.5044	-216.7245	6.220075	0.02164299	0.004677802	0.01696519	0.004677802
180	-252.7443	-257.2202	4.47591	0.08871969	0.04297381	0.04574589	0.04297381
190	-227.811	-233.5238	5.712789	0.05478671	0.02691725	0.02786946	0.02691725
200	-258.0983	-262.8148	4.716538	0.07557107	0.01836056	0.05721052	0.01836056
210	-251.0675	-254.9046	3.837045	0.1313668	0.1070681	0.02429868	0.1070681
220	-217.7849	-223.9304	6.145527	0.03725115	0.01709399	0.02015717	0.01709399
230	-290.5935	-292.5634	1.969916	0.1918918	0.1335151	0.05837676	0.1335151
240	-232.9141	-238.5894	5.675279	0.05515743	0.01694561	0.03821182	0.01694561
250	-211.035	-217.149	6.114006	0.0200494	0.005843804	0.0142056	0.005843804
260	-226.0639	-231.8212	5.757261	0.05267431	0.02734361	0.0253307	0.02734361
270	-270.7041	-274.0606	3.356522	0.1261937	0.07335427	0.05283946	0.07335427
280	-230.3657	-235.8747	5.508992	0.06085385	0.03352719	0.02732665	0.03352719
290	-244.2097	-248.4407	4.230933	0.108446	0.08745101	0.02099498	0.08745101
300	-275.5799	-278.0683	2.488352	0.1920099	0.1490081	0.04300181	0.1490081
310	-240.1033	-244.9398	4.836549	0.08421978	0.05512932	0.02909046	0.05512932
320	-240.5457	-245.224	4.678241	0.09058667	0.06531697	0.0252697	0.06531697
330	-251.2826	-254.1425	2.85994	0.1464099	0.134746	0.01166384	0.134746
340	-214.8883	-220.6429	5.754588	0.03012785	0.002264265	0.02786358	0.002264265
350	-257.0596	-260.9908	3.93114	0.1138143	0.07254979	0.04126456	0.07254979
360	-239.5386	-244.0683	4.529686	0.0928489	0.07301176	0.01983713	0.07301176
370	-231.8172	-237.4052	5.587983	0.05860726	0.02547001	0.03313725	0.02547001
380	-272.7253	-276.2856	3.560327	0.1115822	0.05272696	0.05885527	0.05272696
390	-258.7243	-261.929	3.204652	0.1704824	0.1469586	0.02352388	0.1469586
400	-286.8453	-287.6541	0.8087992	0.4080742	0.3849803	0.02309392	0.3849803
410	-244.3413	-248.3711	4.029817	0.11228	0.09471449	0.01756554	0.09471449
420	-212.8233	-218.9642	6.140843	0.02492587	0.01029882	0.01462705	0.01029882
430	-215.3154	-221.6787	6.363349	0.0325971	0.008418535	0.02417857	0.008418535
440	-210.649	-216.823	6.17402	0.02059607	0.005137829	0.01545824	0.005137829
450	-262.4505	-265.3126	2.862111	0.1948783	0.1724101	0.02246824	0.1724101
460	-263.9832	-267.753	3.769759	0.1116128	0.0615507	0.05006208	0.0615507
470	-225.4686	-231.4552	5.986543	0.04342974	0.007133778	0.03629596	0.007133778
480	-231.6672	-237.4143	5.747015	0.05311552	0.01522204	0.03789348	0.01522204
490	-277.2897	-280.6032	3.313506	0.1190786	0.05801321	0.06106537	0.05801321
500	-232.1527	-237.8397	5.686986	0.0551418	0.01820805	0.03693376	0.01820805
510	-248.0253	-252.4028	4.377484	0.1008711	0.06710022	0.03377083	0.06710022
520	-230.8941	-235.7697	4.875627	0.06772664	0.05241454	0.0153121	0.05241454
530	-227.3202	-233.2477	5.927504	0.04856063	0.01423282	0.03432781	0.01423282
540	-229.308	-235.1743	5.866343	0.0496056	0.01255859	0.03704701	0.01255859
550	-228.1656	-233.7161	5.550526	0.04356164	0.003256753	0.04030488	0.003256753
560	-256.129	-259.332	3.203067	0.1655541	0.1464866	0.01906751	0.1464866
570	-219.3617	-225.4307	6.068988	0.0363421	0.004562417	0.03177968	0.004562417
580	-211.738	-217.7755	6.037479	0.02040903	0.007261199	0.01314783	0.007261199
590	-251.4754	-256.0194	4.544017	0.08684879	0.04182114	0.04502765	0.04182114
600	-214.2228	-220.4115	6.188695	0.02921204	0.01275653	0.01645552	0.01275653
610	-231.3365	-236.8141	5.477529	0.06202051	0.03344364	0.02857687	0.03344364
620	-249.9281	-254.2982	4.370057	0.09823807	0.06033416	0.03790391	0.06033416
630	-227.7282	-233.655	5.926732	0.04819117	0.01264578	0.03554539	0.01264578
640	-266.3967	-268.7226	2.325881	0.2321618	0.2138209	0.0183409	0.2138209
650	-214.132	-220.3189	6.18687	0.02998715	0.00402379	0.02596336	0.00402379
660	-217.7389	-223.8282	6.089258	0.03700359	0.0181713	0.0188323	0.0181713
670	-333.2447	-333.7791	0.5344069	0.2198949	0.1310076	0.08888728	0.1310076
680	-235.5898	-241.1691	5.579342	0.05716151	0.01635236	0.04080915	0.01635236
690	-223.085	-229.193	6.107917	0.04328465	0.01201939	0.03126526	0.01201939
700	-232.2517	-237.6149	5.363164	0.06548316	0.03834997	0.02713319	0.03834997
710	-244.2512	-249.5559	5.304681	0.06163041	0.01241249	0.04921792	0.01241249
720	-221.9985	-226.1627	4.164215	0.03725588	0.02963582	0.007620063	0.02963582
730	-216.8603	-223.1678	6.307536	0.03539218	0.01165966	0.02373252	0.01165966
740	-242.5605	-247.8309	5.270327	0.06445986	0.01897975	0.04548011	0.01897975
750	-212.302	-217.9262	5.624165	0.01557953	0.004772711	0.01080682	0.004772711
760	-215.7237	-221.9642	6.24049	0.03320083	0.01389502	0.01930581	0.01389502
770	-333.3471	-333.0411	-0.3059663	0.3079322	0.2277715	0.08016072	0.2277715
780	-211.7205	-218.0083	6.287803	0.02602139	0.004517235	0.02150415	0.004517235
790	-231.869	-237.5939	5.724939	0.05387565	0.01631211	0.03756355	0.01631211
800	-212.7346	-219.1186	6.38402	0.02789177	0.007262991	0.02062878	0.007262991
810	-214.7539	-221.0599	6.306017	0.0314431	0.01181812	0.01962499	0.01181812
820	-226.9757	-232.168	5.192245	0.05720571	0.04165422	0.01555149	0.04165422
830	-263.0026	-265.9809	2.97825	0.1855185	0.1586994	0.02681905	0.1586994
840	-228.6306	-232.4391	3.808477	0.05629151	0.04811114	0.008180374	0.04811114
850	-231.6026	-237.0654	5.462756	0.06249602	0.03376594	0.02873009	0.03376594
860	-265.9625	-269.7911	3.82863	0.1056943	0.0516907	0.05400355	0.0516907
870	-309.0223	-309.6843	0.6619414	0.2768837	0.2133352	0.06354845	0.2133352
880	-210.2952	-215.7416	5.446462	0.02130197	0.001535525	0.01976644	0.001535525
890	-250.3918	-254.7083	4.316507	0.1007859	0.06335896	0.03742699	0.06335896
900	-221.0588	-227.2311	6.172304	0.03955118	0.008010627	0.03154055	0.008010627
910	-233.471	-239.1032	5.632244	0.04936215	0.005763975	0.04359817	0.005763975
920	-256.0501	-260.3203	4.270222	0.09505436	0.04801221	0.04704215	0.04801221
930	-241.4311	-246.1055	4.674389	0.09090429	0.06373831	0.02716598	0.06373831
940	-219.6357	-225.7605	6.124754	0.04062148	0.017686	0.02293548	0.017686
950	-248.5116	-252.6833	4.171684	0.1132437	0.08484608	0.02839767	0.08484608
960	-231.575	-237.2002	5.625181	0.05746016	0.02371645	0.03374371	0.02371645
970	-334.7176	-331.8087	-2.908889	1.016281	0.9714448	0.04483614	0.9714448
980	-255.0992	-259.8917	4.792463	0.07448811	0.01986343	0.05462468	0.01986343
990	-212.4108	-217.8589	5.448105	0.02604166	0.001557698	0.02448396	0.001557698
1000	-216.2899	-222.1205	5.830618	0.03162607	0.0179206	0.01370547	0.0179206
1010	-238.7909	-243.3591	4.568194	0.09060155	0.0711085	0.01949305	0.0711085
1020	-244.1299	-248.6253	4.495439	0.09842461	0.07043	0.02799462	0.07043
1030	-216.5862	-222.9191	6.332854	0.03450897	0.008791415	0.02571756	0.008791415
1040	-270.726	-274.2492	3.523205	0.1159957	0.06032376	0.05567196	0.06032376
1050	-244.3003	-248.8993	4.598992	0.09280051	0.06109157	0.03170894	0.06109157
1060	-267.8885	-271.2406	3.352127	0.1323097	0.08408178	0.04822795	0.08408178
1070	-242.5059	-247.7002	5.194362	0.06727625	0.02355951	0.04371674	0.02355951
1080	-310.385	-313.5587	3.173716	0.1068528	0.01598205	0.0908707	0.01598205
1090	-214.0838	-220.374	6.290125	0.03019741	0.005057768	0.02513964	0.005057768
1100	-276.3033	-279.5419	3.238648	0.1245028	0.06575318	0.05874958	0.06575318
1110	-237.002	-241.7016	4.69958	0.08484248	0.06541799	0.0194245	0.06541799
1120	-234.7971	-240.259	5.461893	0.06184378	0.02595587	0.0358879	0.02595587
1130	-240.694	-246.1235	5.429471	0.05927189	0.01294823	0.04632366	0.01294823
1140	-214.137	-220.0811	5.94412	0.02648804	0.01320148	0.01328657	0.01320148
1150	-217.0511	-221.6945	4.643416	0.02366135	0.0160129	0.007648453	0.0160129
1160	-282.3439	-285.4598	3.11591	0.1236377	0.05917171	0.064466	0.05917171
1170	-213.8631	-220.2407	6.377583	0.03004905	0.008946142	0.0211029	0.008946142
1180	-230.6223	-236.2798	5.657505	0.05663683	0.0240304	0.03260642	0.0240304
1190	-232.3993	-238.0153	5.616004	0.05750122	0.0222236	0.03527762	0.0222236
1200	-219.9621	-225.8068	5.844667	0.04123431	0.02394985	0.01728447	0.02394985
1210	-285.7122	-287.8279	2.115721	0.1932707	0.1397629	0.05350778	0.1397629
1220	-236.2527	-241.6774	5.424699	0.06246332	0.02461601	0.03784731	0.02461601
1230	-233.7587	-239.4086	5.649824	0.04995089	0.006371398	0.04357949	0.006371398
1240	-216.5486	-222.8685	6.319866	0.03485179	0.01123187	0.02361992	0.01123187
1250	-282.706	-286.1082	3.402267	0.1100246	0.04177022	0.06825438	0.04177022
1260	-215.0049	-221.3739	6.368975	0.0320884	0.008209308	0.0238791	0.008209308
1270	-222.5671	-227.947	5.379903	0.0458857	0.03189278	0.01399292	0.03189278
1280	-213.2226	-219.5946	6.371997	0.02864947	0.008749647	0.01989983	0.008749647
1290	-270.465	-274.5338	4.068831	0.09189674	0.02906098	0.06283575	0.02906098
1300	-236.7884	-241.4261	4.637648	0.08491176	0.06683469	0.01807707	0.06683469
1310	-228.1167	-233.8107	5.693998	0.05536193	0.02738734	0.0279746	0.02738734
1320	-228.0969	-232.4923	4.395417	0.05743353	0.04716701	0.01026652	0.04716701
1330	-223.1849	-228.8644	5.679468	0.03913708	0.003000497	0.03613658	0.003000497
1340	-303.8281	-304.1337	0.3056221	0.3726346	0.3234602	0.04917444	0.3234602
1350	-336.7303	-338.3629	1.632581	0.1511168	0.05026621	0.1008506	0.05026621
1360	-238.9839	-243.7745	4.790563	0.08591863	0.06081402	0.02510461	0.06081402
1370	-260.9658	-264.7436	3.77788	0.1164418	0.0713062	0.04513562	0.0713062
1380	-241.2701	-246.454	5.183941	0.06843116	0.02710345	0.0413277	0.02710345
1390	-224.0458	-229.5892	5.543361	0.05027455	0.03297064	0.01730391	0.03297064
1400	-243.9567	-248.7474	4.790767	0.0831065	0.04645977	0.03664673	0.04645977
1410	-229.0926	-231.6658	2.573165	0.05190351	0.04632784	0.005575672	0.04632784
1420	-248.5467	-252.2899	3.743137	0.1294547	0.1113084	0.0181463	0.1113084
1430	-254.7927	-258.86	4.067343	0.1089955	0.06888764	0.04010784	0.06888764
1440	-243.3787	-247.6862	4.307488	0.1050221	0.08374114	0.02128096	0.08374114
1450	-247.3392	-251.5707	4.231484	0.1106577	0.08322545	0.02743226	0.08322545
1460	-213.0835	-218.8364	5.75292	0.02057499	0.009400693	0.01117429	0.009400693
1470	-266.0661	-270.629	4.562887	0.07263654	0.006783334	0.0658532	0.006783334
1480	-224.3502	-230.276	5.925808	0.04136333	0.005049835	0.03631349	0.005049835
1490	-241.5946	-245.8712	4.276607	0.1013646	0.08323367	0.01813089	0.08323367
1500	-357.273	-359.4016	2.128596	0.1260696	0.006904662	0.119165	0.006904662
1510	-259.4021	-264.1419	4.739825	0.07395277	0.0147616	0.05919117	0.0147616
1520	-237.4309	-242.469	5.038135	0.07672924	0.04765358	0.02907567	0.04765358
1530	-238.3082	-243.4091	5.100915	0.07378618	0.04070789	0.03307829	0.04070789
1540	-219.4876	-224.2432	4.755613	0.03308837	0.02426461	0.008823763	0.02426461
1550	-289.2733	-292.9405	3.667261	0.09753921	0.02039399	0.07714522	0.02039399
1560	-316.9151	-318.2166	1.301471	0.1887681	0.1080561	0.080712	0.1080561
1570	-226.4669	-231.6726	5.205706	0.05585748	0.04059418	0.0152633	0.04059418
1580	-295.957	-299.5723	3.615239	0.08965919	0.005183714	0.08447547	0.005183714
1590	-234.2714	-239.7085	5.437059	0.06293894	0.02890336	0.03403558	0.02890336
1600	-223.3765	-229.4312	6.054709	0.04511025	0.01588906	0.02922119	0.01588906
1610	-253.5988	-256.7739	3.175055	0.1564117	0.1405983	0.01581343	0.1405983
1620	-257.5264	-261.0126	3.486211	0.1501523	0.1211431	0.02900919	0.1211431
1630	-211.4779	-217.8219	6.343944	0.02501889	0.005913834	0.01910506	0.005913834
1640	-225.4216	-231.295	5.873423	0.05005393	0.02248933	0.0275646	0.02248933
1650	-217.6043	-223.8761	6.271823	0.03671277	0.01289618	0.02381659	0.01289618
1660	-315.6539	-316.9151	1.261212	0.1940463	0.115045	0.07900127	0.115045
1670	-242.1664	-246.9084	4.742002	0.08737465	0.05630794	0.03106671	0.05630794
1680	-247.7523	-252.8505	5.098252	0.06764546	0.01769741	0.04994805	0.01769741
1690	-263.5845	-267.5263	3.941789	0.1027327	0.0502094	0.05252334	0.0502094
1700	-270.3004	-273.7521	3.451626	0.1208232	0.06692705	0.05389617	0.06692705
1710	-273.8692	-275.9751	2.105911	0.2564608	0.2289258	0.02753502	0.2289258
1720	-248.3885	-252.9244	4.535904	0.0909603	0.05185562	0.03910468	0.05185562
1730	-219.1078	-225.1951	6.087303	0.03982547	0.01891799	0.02090748	0.01891799
1740	-238.3839	-243.6006	5.216727	0.06903383	0.03246475	0.03656909	0.03246475
1750	-258.1752	-262.2867	4.111519	0.100665	0.05330579	0.04735922	0.05330579
1760	-225.2833	-231.1883	5.904984	0.04931264	0.02100112	0.02831152	0.02100112
1770	-295.8238	-298.5271	2.703255	0.1308603	0.0566735	0.07418679	0.0566735
1780	-238.5412	-243.0536	4.512422	0.09060651	0.07241261	0.0181939	0.07241261
1790	-275.3523	-279.619	4.26668	0.08257784	0.01224302	0.07033482	0.01224302
1800	-223.0806	-229.1856	6.10495	0.04345322	0.01245348	0.03099974	0.01245348
1810	-227.5682	-233.2887	5.720556	0.05449124	0.02693267	0.02755856	0.02693267
1820	-215.695	-222.0132	6.318246	0.03341762	0.01179859	0.02161903	0.01179859
1830	-298.2827	-301.1791	2.896396	0.1206227	0.042206	0.07841667	0.042206
1840	-215.0891	-220.5101	5.42102	0.02399861	0.01394326	0.01005535	0.01394326
1850	-250.5469	-254.457	3.910105	0.1274143	0.1021984	0.02521594	0.1021984
1860	-233.65	-238.8338	5.183803	0.07097411	0.04607108	0.02490303	0.04607108
1870	-246.477	-250.5726	4.095573	0.1161733	0.09431725	0.02185601	0.09431725
1880	-216.7635	-223.0459	6.282391	0.03414086	0.006427327	0.02771354	0.006427327
1890	-233.7628	-239.0348	5.272001	0.06859911	0.0408096	0.02778951	0.0408096
1900	-215.0311	-220.0946	5.063427	0.01881344	0.01044756	0.00836588	0.01044756
1910	-234.7348	-239.7954	5.060604	0.07489587	0.05115735	0.02373852	0.05115735
1920	-219.8452	-226.0208	6.175604	0.04046063	0.01528467	0.02517596	0.01528467
1930	-250.1843	-254.5643	4.380033	0.09722635	0.05850391	0.03872244	0.05850391
1940	-232.583	-238.1428	5.559747	0.0593261	0.0253451	0.033981	0.0253451
1950	-299.4865	-303.0728	3.586376	0.09583335	0.01027613	0.08555722	0.01027613
1960	-229.0501	-233.1912	4.141056	0.05927104	0.04979876	0.009472281	0.04979876
1970	-211.646	-217.3225	5.676506	0.01550093	0.003824684	0.01167624	0.003824684
1980	-284.3644	-287.1291	2.764653	0.141413	0.07922747	0.06218557	0.07922747
1990	-216.5437	-222.559	6.015321	0.03373634	0.01760295	0.01613339	0.01760295
2000	-247.0795	-251.8306	4.75113	0.08172899	0.03988128	0.04184771	0.03988128
2010	-230.0343	-235.7893	5.755048	0.05365031	0.01923314	0.03441717	0.01923314
2020	-244.0637	-248.7478	4.684184	0.08846552	0.05467783	0.03378769	0.05467783
2030	-231.7099	-237.3713	5.66142	0.05621914	0.02105517	0.03516397	0.02105517
2040	-253.972	-257.7221	3.750098	0.1351814	0.1066878	0.02849361	0.1066878
2050	-216.3319	-222.6089	6.276969	0.03346724	0.005970135	0.02749711	0.005970135
2060	-217.3641	-223.3991	6.034975	0.03588856	0.01854716	0.01734141	0.01854716
2070	-225.2397	-231.2397	6.000058	0.04673615	0.01484536	0.03189078	0.01484536
2080	-230.6208	-236.072	5.45111	0.06239101	0.03625361	0.0261374	0.03625361
2090	-271.927	-274.4848	2.557856	0.2012957	0.1647649	0.03653072	0.1647649
2100	-234.7223	-240.021	5.298733	0.06768808	0.03682974	0.03085833	0.03682974
2110	-239.4037	-243.5212	4.117532	0.09501034	0.08084311	0.01416723	0.08084311
2120	-247.8857	-252.4609	4.575213	0.08950645	0.05040821	0.03909823	0.05040821
2130	-238.5799	-243.9052	5.3253	0.0648004	0.02501216	0.03978824	0.02501216
2140	-233.2809	-238.3735	5.092619	0.0723094	0.05049818	0.02181122	0.05049818
2150	-251.1656	-254.6807	3.515064	0.1419913	0.1242143	0.01777697	0.1242143
2160	-214.904	-221.2547	6.350726	0.03197643	0.01047768	0.02149875	0.01047768
2170	-236.1873	-241.2571	5.069728	0.07558805	0.04843834	0.0271497	0.04843834
2180	-215.7111	-221.9618	6.250629	0.03322383	0.01368256	0.01954127	0.01368256
2190	-279.1861	-280.5096	1.323572	0.3392921	0.3195159	0.01977617	0.3195159
2200	-231.3686	-236.8056	5.437051	0.06313902	0.03574738	0.02739164	0.03574738
2210	-275.902	-278.5548	2.652784	0.1717154	0.1241863	0.04752908	0.1241863
2220	-217.0163	-222.4787	5.462348	0.03070759	0.01946467	0.01124292	0.01946467
2230	-217.7802	-222.9098	5.129622	0.030425	0.02065203	0.009772972	0.02065203
2240	-256.4409	-261.296	4.855195	0.07131752	0.01389239	0.05742513	0.01389239
2250	-240.3468	-244.8842	4.537418	0.09433696	0.07306804	0.02126892	0.07306804
2260	-213.2578	-218.7317	5.47386	0.01616326	0.006408067	0.009755196	0.006408067
2270	-250.7287	-253.6802	2.951554	0.1436139	0.1316536	0.01196037	0.1316536
2280	-227.8973	-233.6081	5.710742	0.05487327	0.02687004	0.02800323	0.02687004
2290	-225.8384	-231.7109	5.872485	0.05028038	0.02176485	0.02851552	0.02176485
2300	-243.3526	-248.6074	5.254871	0.06454214	0.01811237	0.04642977	0.01811237
2310	-258.3757	-262.9281	4.552337	0.08119864	0.0260817	0.05511694	0.0260817
2320	-300.3424	-301.7272	1.384788	0.2214686	0.1587538	0.06271479	0.1587538
2330	-279.8351	-281.6251	1.789986	0.2740416	0.2406812	0.0333604	0.2406812
2340	-259.9287	-263.2991	3.370378	0.1547866	0.1233416	0.03144503	0.1233416
2350	-223.4582	-229.4621	6.003929	0.04628035	0.01884952	0.02743083	0.01884952
2360	-266.1746	-269.1541	2.979537	0.1746122	0.1395956	0.03501656	0.1395956
2370	-264.9301	-268.3896	3.459533	0.1310776	0.08581806	0.04525949	0.08581806
2380	-219.2259	-225.3983	6.172456	0.03971471	0.01607956	0.02363514	0.01607956
2390	-224.2162	-230.0474	5.831216	0.0495631	0.02594529	0.02361781	0.02594529
2400	-233.9755	-238.6567	4.68117	0.0767914	0.06103847	0.01575294	0.06103847
2410	-226.7594	-232.4731	5.713683	0.05405452	0.02852311	0.02553141	0.02852311
2420	-310.8754	-312.4364	1.560986	0.1799573	0.1026234	0.07733395	0.1026234
2430	-222.6392	-228.493	5.853798	0.04692609	0.02566391	0.02126218	0.02566391
2440	-232.3713	-237.9778	5.606578	0.04791933	0.004809706	0.04310962	0.004809706
2450	-226.8316	-232.7984	5.966735	0.04695813	0.01184072	0.03511741	0.01184072
2460	-236.2919	-241.2628	4.970944	0.07862086	0.05414427	0.02447659	0.05414427
2470	-261.8971	-265.8299	3.932801	0.105347	0.0554928	0.04985418	0.0554928
2480	-211.779	-218.0269	6.247851	0.02364085	0.007884747	0.01575611	0.007884747
2490	-240.8457	-245.1312	4.285507	0.09911495	0.08171888	0.01739607	0.08171888
2500	-249.207	-254.1977	4.990633	0.07070911	0.0206882	0.05002091	0.0206882
2510	-295.5675	-297.9483	2.380781	0.1487335	0.07838974	0.07034373	0.07838974
2520	-215.2048	-221.452	6.247211	0.03207584	0.01333684	0.018739	0.01333684
2530	-261.7444	-264.4762	2.731792	0.1993727	0.1806424	0.01873032	0.1806424
2540	-249.8382	-254.4263	4.588103	0.08650597	0.0433688	0.04313716	0.0433688
2550	-230.0633	-235.7782	5.714898	0.05494151	0.02177488	0.03316662	0.02177488
2560	-243.9239	-249.2538	5.329925	0.05901187	0.008678038	0.05033383	0.008678038
2570	-234.854	-239.883	5.029026	0.07571987	0.05257728	0.02314259	0.05257728
2580	-227.1379	-233.0822	5.944313	0.04792331	0.01325866	0.03466465	0.01325866
2590	-243.6716	-247.9587	4.287157	0.1060535	0.08472761	0.0213259	0.08472761
2600	-251.3731	-256.3575	4.984405	0.06966058	0.01671499	0.05294559	0.01671499
2610	-227.8007	-231.908	4.107236	0.0550855	0.04612381	0.008961688	0.04612381
2620	-244.5369	-249.5496	5.012719	0.07281632	0.02961478	0.04320155	0.02961478
2630	-255.8285	-259.7702	3.941746	0.1157395	0.07679111	0.0389484	0.07679111
2640	-217.7904	-221.8222	4.031801	0.01358679	0.007585378	0.006001412	0.007585378
2650	-234.6595	-238.4751	3.815551	0.07696729	0.06702975	0.009937535	0.06702975
2660	-266.8013	-271.166	4.364704	0.08345026	0.02101122	0.06243904	0.02101122
2670	-323.1765	-325.8952	2.718689	0.1179047	0.0203133	0.09759137	0.0203133
2680	-260.5106	-265.2435	4.732878	0.06887166	0.006532263	0.0623394	0.006532263
2690	-225.7948	-231.4505	5.655759	0.05357556	0.03155996	0.0220156	0.03155996
2700	-244.367	-249.3812	5.014167	0.07288024	0.02993921	0.04294103	0.02993921
2710	-224.7567	-230.5655	5.808794	0.0505108	0.02642924	0.02408155	0.02642924
2720	-352.7077	-351.8425	-0.8652019	0.3146494	0.2208709	0.09377854	0.2208709
2730	-258.7494	-261.9896	3.240158	0.1681479	0.1436264	0.02452147	0.1436264
2740	-210.2134	-216.3134	6.09995	0.02170759	0.003309295	0.0183983	0.003309295
2750	-220.5173	-225.7267	5.209367	0.03915636	0.02771635	0.01144	0.02771635
2760	-232.3416	-238.0889	5.747247	0.04983103	0.00812034	0.04171069	0.00812034
2770	-212.9659	-219.2332	6.267296	0.0268343	0.01011897	0.01671533	0.01011897
2780	-284.3473	-285.8263	1.479031	0.2981155	0.262452	0.0356635	0.262452
2790	-246.9797	-251.6996	4.719951	0.08328281	0.04235487	0.04092794	0.04235487
2800	-260.2763	-264.0147	3.738461	0.1207403	0.07783011	0.0429102	0.07783011
2810	-250.5436	-254.2055	3.661932	0.136981	0.1175745	0.01940649	0.1175745
2820	-236.9772	-241.2975	4.320307	0.04852687	0.001268848	0.04725802	0.001268848
2830	-233.3561	-238.5634	5.20728	0.07016477	0.04521732	0.02494745	0.04521732
2840	-256.1968	-257.9523	1.75547	0.1715947	0.1630615	0.008533206	0.1630615
2850	-236.7458	-241.7899	5.04417	0.07654766	0.04889322	0.02765445	0.04889322
2860	-242.4357	-246.7095	4.273817	0.1036408	0.08447103	0.01916974	0.08447103
2870	-227.004	-232.7062	5.702195	0.0544735	0.02875417	0.02571933	0.02875417
2880	-221.3723	-227.4566	6.084313	0.04324229	0.01787508	0.02536721	0.01787508
2890	-238.2311	-242.3668	4.135676	0.09083598	0.07729851	0.01353747	0.07729851
2900	-286.9163	-290.4598	3.543443	0.1024659	0.02862127	0.07384462	0.02862127
2910	-317.3866	-320.4805	3.093849	0.1068733	0.01093803	0.09593523	0.01093803
2920	-231.0888	-236.8848	5.796047	0.04886801	0.008238599	0.04062942	0.008238599
2930	-235.0632	-239.9761	4.912829	0.07806001	0.05728789	0.02077212	0.05728789
2940	-219.505	-225.6315	6.126522	0.04040871	0.01768166	0.02272704	0.01768166
2950	-266.7373	-269.5935	2.856165	0.1871647	0.1546092	0.03255552	0.1546092
2960	-222.6364	-228.7669	6.130488	0.04203221	0.01008969	0.03194252	0.01008969
2970	-235.0631	-240.2983	5.235245	0.06986445	0.04018996	0.02967448	0.04018996
2980	-278.742	-281.2701	2.52812	0.1745384	0.1245833	0.04995508	0.1245833
2990	-230.6747	-236.4968	5.822135	0.04916507	0.009423915	0.03974116	0.009423915
3000	-223.318	-228.8429	5.524943	0.04843938	0.03217213	0.01626725	0.03217213
3010	-263.3308	-266.6208	3.289961	0.1514049	0.1139406	0.0374643	0.1139406
3020	-327.4614	-328.4979	1.036547	0.191373	0.1031326	0.08824045	0.1031326
3030	-211.2668	-217.5889	6.322112	0.0247022	0.005239868	0.01946234	0.005239868
3040	-272.9671	-273.622	0.6549411	0.2993808	0.2897806	0.009600226	0.2897806
3050	-247.071	-251.3142	4.243208	0.1101564	0.08300173	0.02715466	0.08300173
3060	-234.6676	-238.1481	3.480483	0.07553399	0.0668861	0.008647889	0.0668861
3070	-227.0327	-232.8156	5.782887	0.05282726	0.02449537	0.0283319	0.02449537
3080	-270.8559	-273.4826	2.626713	0.1974591	0.1615187	0.03594038	0.1615187
3090	-237.0558	-242.0667	5.010922	0.07774959	0.0504016	0.027348	0.0504016
3100	-239.5785	-244.6703	5.091857	0.07329665	0.03766121	0.03563544	0.03766121
3110	-216.2537	-222.2893	6.035589	0.03314346	0.01701083	0.01613262	0.01701083
3120	-240.0107	-245.4452	5.434447	0.05975505	0.01461633	0.04513872	0.01461633
3130	-241.3603	-246.6043	5.244082	0.05435378	0.004394022	0.04995976	0.004394022
3140	-213.1027	-218.4157	5.312981	0.01344051	0.00340165	0.01003886	0.00340165
3150	-211.5697	-217.9136	6.343874	0.02492275	0.006502467	0.01842028	0.006502467
3160	-217.4398	-223.4993	6.059513	0.03398954	0.003900727	0.03008882	0.003900727
3170	-227.0303	-232.3843	5.353997	0.05742899	0.03960507	0.01782392	0.03960507
3180	-225.8149	-230.7647	4.949752	0.05306644	0.04057495	0.0124915	0.04057495
3190	-252.3418	-256.5673	4.225508	0.1031588	0.06401287	0.03914593	0.06401287
3200	-301.3965	-303.3591	1.962554	0.1673038	0.09551486	0.07178898	0.09551486
3210	-254.8492	-259.0358	4.186585	0.1013108	0.05815279	0.04315797	0.05815279
3220	-226.9641	-232.6866	5.722511	0.05406359	0.02781209	0.0262515	0.02781209
3230	-221.3701	-224.8724	3.502225	0.03129482	0.02530723	0.005987591	0.02530723
3240	-264.1142	-266.7945	2.68033	0.2083246	0.1869046	0.02141992	0.1869046
3250	-310.2554	-311.4873	1.231994	0.2079968	0.135156	0.07284078	0.135156
3260	-215.5464	-221.5037	5.957221	0.03137057	0.002991336	0.02837923	0.002991336
3270	-254.9637	-258.7635	3.799762	0.1291763	0.09654985	0.0326265	0.09654985
3280	-295.8712	-295.9333	0.06211754	0.5174547	0.49251	0.02494472	0.49251
3290	-253.8738	-258.4532	4.579424	0.08314784	0.03368456	0.04946328	0.03368456
3300	-227.5042	-233.3081	5.803978	0.05243639	0.02229286	0.03014354	0.02229286
3310	-216.3772	-222.2197	5.842565	0.03196657	0.01807507	0.0138915	0.01807507
3320	-225.6533	-231.5134	5.86018	0.0504584	0.02279422	0.02766419	0.02279422
3330	-214.4082	-220.6979	6.289688	0.03055007	0.01183934	0.01871073	0.01183934
3340	-287.4292	-288.8456	1.416383	0.2853527	0.2440478	0.0413049	0.2440478
3350	-238.5114	-243.3326	4.821154	0.08464643	0.05968633	0.0249601	0.05968633
3360	-226.2178	-232.1917	5.973882	0.04729906	0.01385686	0.0334422	0.01385686
3370	-254.6244	-258.9092	4.284889	0.0960996	0.05115474	0.04494486	0.05115474
3380	-251.6243	-255.7046	4.080374	0.114628	0.0813935	0.03323454	0.0813935
3390	-244.28	-248.1465	3.866544	0.1133895	0.09797824	0.01541123	0.09797824
3400	-267.7036	-270.6285	2.924888	0.1745001	0.1373558	0.03714426	0.1373558
3410	-260.4708	-262.7425	2.271665	0.199626	0.1869899	0.01263609	0.1869899
3420	-234.8687	-240.0222	5.1535	0.07253547	0.04584437	0.0266911	0.04584437
3430	-217.5325	-223.5051	5.972601	0.03594216	0.01940287	0.01653928	0.01940287
3440	-214.6395	-220.8879	6.248404	0.03090132	0.004735846	0.02616548	0.004735846
3450	-240.6766	-246.0425	5.365836	0.06205963	0.01753249	0.04452715	0.01753249
3460	-254.1686	-257.6629	3.494263	0.1504913	0.1287067	0.02178467	0.1287067
3470	-220.7758	-226.615	5.839225	0.04311287	0.02492625	0.01818662	0.02492625
3480	-225.3052	-230.9594	5.654182	0.0411564	0.003243386	0.03791301	0.003243386
3490	-250.8259	-254.8087	3.982852	0.1228585	0.09476795	0.02809054	0.09476795
3500	-262.4317	-266.5898	4.15808	0.09380815	0.03938753	0.05442062	0.03938753
3510	-255.0764	-259.9399	4.863537	0.07192605	0.01615882	0.05576723	0.01615882
3520	-302.08	-302.4534	0.3733783	0.3736236	0.3263383	0.04728525	0.3263383
3530	-256.2497	-260.9388	4.689143	0.07750789	0.02302388	0.05448401	0.02302388
3540	-211.9498	-217.6161	5.666294	0.01558369	0.004324849	0.01125884	0.004324849
3550	-220.0031	-225.7201	5.717045	0.04076959	0.02523104	0.01553855	0.02523104
3560	-257.5436	-261.4756	3.932024	0.1127485	0.07049218	0.04225634	0.07049218
3570	-237.2928	-241.1439	3.851113	0.08678243	0.07566826	0.01111417	0.07566826
3580	-222.8167	-228.5684	5.751742	0.04753464	0.02820319	0.01933145	0.02820319
3590	-250.7924	-255.2816	4.489204	0.0903119	0.04768416	0.04262773	0.04768416
3600	-251.8241	-256.6269	4.802801	0.07596099	0.02555146	0.05040954	0.02555146
3610	-232.0996	-237.8258	5.72622	0.05366823	0.01553305	0.03813518	0.01553305
3620	-229.0329	-234.0684	5.035495	0.06260025	0.04706672	0.01553353	0.04706672
3630	-262.2379	-265.4792	3.24135	0.1604788	0.1272328	0.03324605	0.1272328
3640	-242.3021	-246.9651	4.663007	0.09114596	0.06226015	0.0288858	0.06226015
3650	-215.9597	-222.2806	6.320855	0.03321598	0.006814846	0.02640114	0.006814846
3660	-272.7226	-275.4497	2.72711	0.1760088	0.1329684	0.04304033	0.1329684
3670	-217.6617	-223.7952	6.133492	0.03697146	0.01729232	0.01967914	0.01729232
3680	-282.986	-284.1065	1.120558	0.3674537	0.345078	0.02237577	0.345078
3690	-252.3675	-257.3493	4.981773	0.06311807	0.006025382	0.05709269	0.006025382
3700	-224.1033	-230.0032	5.899882	0.04856016	0.02313899	0.02542117	0.02313899
3710	-330.7115	-333.4483	2.736742	0.1152405	0.01178556	0.103455	0.01178556
3720	-228.4684	-234.3156	5.847207	0.05104849	0.01708446	0.03396403	0.01708446
3730	-224.8124	-230.8498	6.037345	0.04540899	0.01279542	0.03261357	0.01279542
3740	-264.0893	-267.7404	3.651129	0.1189169	0.07100722	0.04790968	0.07100722
3750	-232.9098	-238.1569	5.247111	0.06884988	0.04371434	0.02513555	0.04371434
3760	-245.8487	-250.3108	4.462111	0.0987635	0.06762497	0.03113853	0.06762497
3770	-238.5412	-243.7238	5.182528	0.07028926	0.03433246	0.0359568	0.03433246
3780	-234.2414	-239.879	5.637576	0.05576648	0.01592865	0.03983783	0.01592865
3790	-245.4487	-250.7241	5.275414	0.06005549	0.008594482	0.05146101	0.008594482
3800	-254.2366	-258.3052	4.068544	0.1100325	0.07107229	0.03896019	0.07107229
3810	-246.9206	-252.1474	5.226881	0.06172193	0.009538518	0.05218341	0.009538518
3820	-282.5344	-284.6771	2.142755	0.2030512	0.154454	0.04859721	0.154454
3830	-219.9458	-226.1561	6.210314	0.03994998	0.01284451	0.02710546	0.01284451
3840	-215.6365	-221.9762	6.339683	0.03331216	0.0108301	0.02248206	0.0108301
3850	-233.0926	-238.6479	5.555285	0.05930349	0.02434164	0.03496185	0.02434164
3860	-251.9724	-256.463	4.490565	0.08885844	0.04410895	0.04474949	0.04410895
3870	-250.5364	-254.7575	4.221117	0.1067944	0.07182668	0.03496775	0.07182668
3880	-243.7276	-248.6126	4.885039	0.07886622	0.04017565	0.03869057	0.04017565
3890	-252.5116	-256.0063	3.494745	0.1466929	0.1275231	0.0191698	0.1275231
3900	-224.6831	-230.1531	5.470031	0.05173498	0.03481158	0.0169234	0.03481158
3910	-300.4851	-303.8688	3.383755	0.1030295	0.01861138	0.08441809	0.01861138
3920	-301.2822	-304.8292	3.547036	0.09579539	0.00888896	0.08690643	0.00888896
3930	-315.6419	-316.7149	1.072965	0.2096811	0.1327928	0.0768883	0.1327928
3940	-275.6588	-278.2059	2.54714	0.1844714	0.1398507	0.04462066	0.1398507
3950	-279.2095	-283.0046	3.795187	0.0972049	0.02830657	0.06889833	0.02830657
3960	-257.2562	-261.3152	4.059094	0.1050543	0.0603761	0.0446782	0.0603761
3970	-305.2779	-304.9949	-0.2829902	0.5097387	0.4708033	0.03893537	0.4708033
3980	-265.4528	-268.1528	2.699974	0.207803	0.1832472	0.02455577	0.1832472
3990	-222.7306	-228.5857	5.855058	0.04708198	0.02563129	0.02145068	0.02563129
4000	-216.602	-222.5991	5.997143	0.03375636	0.01782329	0.01593306	0.01782329
4010	-237.6001	-242.1558	4.555631	0.0877082	0.06995511	0.01775309	0.06995511
4020	-238.5668	-243.198	4.631226	0.05022173	0.001734056	0.04848768	0.001734056
4030	-230.2996	-236.1031	5.803452	0.04759904	0.007122716	0.04047632	0.007122716
4040	-211.7343	-217.92	6.185701	0.02261097	0.007817305	0.01479366	0.007817305
4050	-261.5858	-264.7585	3.172711	0.1697476	0.1404158	0.02933188	0.1404158
4060	-235.2996	-240.9417	5.642181	0.05244633	0.008557318	0.04388901	0.008557318
4070	-244.2461	-248.9502	4.704108	0.08720156	0.05239634	0.03480521	0.05239634
4080	-264.5803	-267.844	3.263707	0.1496487	0.1100474	0.03960136	0.1100474
4090	-221.5547	-227.7214	6.166693	0.04050391	0.009099756	0.03140416	0.009099756
4100	-238.811	-244.2342	5.423173	0.06108052	0.01843288	0.04264764	0.01843288
4110	-226.0558	-230.156	4.100149	0.0495311	0.041079	0.008452099	0.041079
4120	-213.0256	-218.8715	5.845897	0.02171064	0.009891775	0.01181887	0.009891775
4130	-210.4358	-216.5473	6.111491	0.01969175	0.004442644	0.01524911	0.004442644
4140	-291.7031	-295.3635	3.660378	0.09694307	0.01769367	0.07924941	0.01769367
4150	-246.0992	-250.7086	4.609366	0.09000018	0.05377751	0.03622266	0.05377751
4160	-218.7809	-225.0476	6.266696	0.03747042	0.009331488	0.02813893	0.009331488
4170	-214.2879	-220.0275	5.739584	0.02472502	0.01307702	0.011648	0.01307702
4180	-223.5924	-227.7517	4.159274	0.04218671	0.03418609	0.008000626	0.03418609
4190	-221.1631	-227.1695	6.006396	0.04367225	0.02117649	0.02249576	0.02117649
4200	-245.1583	-249.0626	3.904312	0.1162404	0.09955272	0.01668763	0.09955272
4210	-227.0028	-232.8546	5.851799	0.05109051	0.02050343	0.03058708	0.02050343
4220	-235.6247	-240.9661	5.341329	0.04961063	0.003598101	0.04601253	0.003598101
4230	-231.4322	-236.5735	5.141363	0.06830092	0.0484171	0.01988382	0.0484171
4240	-216.9897	-222.9422	5.95253	0.03314278	0.003194392	0.02994838	0.003194392
4250	-215.1814	-220.9776	5.796237	0.02812075	0.01549601	0.01262474	0.01549601
4260	-265.2358	-268.5401	3.304268	0.1435667	0.1014628	0.04210395	0.1014628
4270	-221.9447	-227.6174	5.67271	0.04545064	0.0285535	0.01689713	0.0285535
4280	-268.109	-272.3924	4.28338	0.08560448	0.02274409	0.06286039	0.02274409
4290	-257.6756	-260.9822	3.306548	0.1636922	0.1396881	0.02400412	0.1396881
4300	-266.5316	-270.2347	3.703079	0.111696	0.05898006	0.05271591	0.05898006
4310	-250.7086	-255.6331	4.924526	0.07222208	0.02126372	0.05095836	0.02126372
4320	-232.9248	-238.3949	5.47014	0.06221833	0.03020222	0.03201611	0.03020222
4330	-221.7964	-226.8948	5.098383	0.04216985	0.03078486	0.01138499	0.03078486
4340	-280.9368	-282.1936	1.256778	0.3500927	0.3286589	0.02143376	0.3286589
4350	-223.454	-228.9473	5.493265	0.04869371	0.03270632	0.01598739	0.03270632
4360	-225.9595	-231.3748	5.415263	0.05481781	0.03728762	0.01753019	0.03728762
4370	-213.7765	-220.1542	6.377774	0.02987426	0.008902027	0.02097223	0.008902027
4380	-226.3885	-232.2168	5.828353	0.05151334	0.0231872	0.02832615	0.0231872
4390	-212.602	-218.9481	6.346071	0.02695047	0.008603105	0.01834737	0.008603105
4400	-258.1368	-261.6649	3.528109	0.1448491	0.1129071	0.03194195	0.1129071
4410	-214.0805	-219.7504	5.669905	0.02319299	0.01213883	0.01105416	0.01213883
4420	-262.4558	-264.8282	2.372443	0.2108188	0.1959699	0.01484886	0.1959699
4430	-241.6634	-246.662	4.998596	0.05351087	0.002952566	0.05055831	0.002952566
4440	-248.1757	-252.7616	4.585888	0.08857304	0.04861782	0.03995522	0.04861782
4450	-262.0619	-265.0486	2.986677	0.1858854	0.161024	0.02486135	0.161024
4460	-261.6958	-265.8754	4.179579	0.09351109	0.03973878	0.05377231	0.03973878
4470	-235.6833	-240.7513	5.068061	0.07545953	0.04950075	0.02595878	0.04950075
4480	-270.7003	-273.1342	2.43387	0.2246746	0.1952059	0.02946871	0.1952059
4490	-215.1168	-221.482	6.365131	0.03236314	0.00937271	0.02299042	0.00937271
4500	-384.5404	-385.7371	1.196675	0.1541469	0.0219981	0.1321488	0.0219981
4510	-211.0572	-217.0444	5.987179	0.0183117	0.005086321	0.01322538	0.005086321
4520	-305.3132	-308.52	3.20671	0.1072203	0.02020864	0.08701168	0.02020864
4530	-255.1728	-259.9954	4.822559	0.064182	0.004902414	0.05927959	0.004902414
4540	-242.6114	-245.9443	3.332852	0.1064638	0.09591536	0.01054839	0.09591536
4550	-213.6017	-219.5846	5.982852	0.02530903	0.0119866	0.01332243	0.0119866
4560	-229.9933	-235.8069	5.813636	0.04731817	0.007074455	0.04024371	0.007074455
4570	-249.1066	-253.5382	4.431615	0.0958433	0.05802046	0.03782285	0.05802046
4580	-228.6441	-234.3187	5.674659	0.05603394	0.02745769	0.02857625	0.02745769
4590	-219.1737	-225.4271	6.253353	0.03832977	0.01060003	0.02772974	0.01060003
4600	-268.9306	-273.3672	4.436589	0.07367313	0.00574454	0.06792859	0.00574454
4610	-252.6355	-256.2818	3.646235	0.1417269	0.1191984	0.0225284	0.1191984
4620	-230.5047	-236.0616	5.556902	0.05962576	0.03047889	0.02914686	0.03047889
4630	-229.0161	-234.3559	5.339732	0.06185839	0.04160388	0.0202545	0.04160388
4640	-243.4888	-247.3659	3.877034	0.1104101	0.09553633	0.01487378	0.09553633
4650	-314.3267	-315.2781	0.9513995	0.2242198	0.1502136	0.07400617	0.1502136
4660	-222.4155	-228.309	5.893526	0.0390521	0.004032221	0.03501988	0.004032221
4670	-241.1774	-245.9211	4.743637	0.08791886	0.05918844	0.02873041	0.05918844
4680	-213.5391	-219.9154	6.376303	0.02954118	0.00673095	0.02281023	0.00673095
4690	-258.9392	-260.9218	1.982561	0.1899484	0.1796784	0.01026997	0.1796784
4700	-211.2505	-217.5673	6.316781	0.02387316	0.006181433	0.01769173	0.006181433
4710	-282.1732	-284.4665	2.293306	0.1870209	0.1359324	0.05108852	0.1359324
4720	-231.6141	-236.5984	4.984271	0.06959154	0.05217448	0.01741706	0.05217448
4730	-267.7882	-270.091	2.302827	0.2382896	0.2183669	0.01992274	0.2183669
4740	-210.0982	-215.8374	5.739106	0.02115093	0.002043802	0.01910713	0.002043802
4750	-227.4873	-232.37	4.882773	0.05771931	0.04476279	0.01295652	0.04476279
4760	-245.466	-248.9455	3.479501	0.1190578	0.1063029	0.01275493	0.1063029
4770	-230.2073	-235.7292	5.521893	0.06045919	0.03309415	0.02736504	0.03309415
4780	-217.8197	-223.4246	5.60495	0.0341608	0.02142669	0.01273412	0.02142669
4790	-300.0775	-302.6048	2.527287	0.1356169	0.05901661	0.07660028	0.05901661
4800	-218.3619	-224.642	6.280038	0.03691625	0.009185043	0.02773121	0.009185043
4810	-273.3255	-275.5407	2.215212	0.2434322	0.2139599	0.02947232	0.2139599
4820	-249.0204	-254.1	5.079663	0.06753399	0.01609524	0.05143875	0.01609524
4830	-265.4365	-269.4211	3.984601	0.09877851	0.04304791	0.0557306	0.04304791
4840	-277.626	-280.7685	3.142557	0.1282777	0.06923345	0.05904428	0.06923345
4850	-230.7548	-236.0588	5.304053	0.0652758	0.04290651	0.02236929	0.04290651
4860	-218.4475	-224.1776	5.730042	0.03676834	0.02242337	0.01434497	0.02242337
4870	-222.2961	-228.4337	6.13756	0.04239531	0.01192423	0.03047108	0.01192423
4880	-254.9036	-259.856	4.952358	0.06714441	0.009358491	0.05778592	0.009358491
4890	-220.2607	-226.4567	6.195973	0.04045395	0.01320705	0.0272469	0.01320705
4900	-215.418	-221.2875	5.869538	0.02949875	0.01604831	0.01345045	0.01604831
4910	-228.6537	-233.2716	4.617926	0.060191	0.04846556	0.01172544	0.04846556
4920	-243.5411	-245.6555	2.114388	0.1053709	0.09853957	0.006831342	0.09853957
4930	-212.2337	-218.5562	6.322503	0.02578832	0.008324389	0.01746393	0.008324389
4940	-237.0338	-242.1874	5.153653	0.07232904	0.04058281	0.03174624	0.04058281
4950	-247.2908	-251.2809	3.990094	0.120744	0.0998404	0.02090363	0.0998404
4960	-262.7548	-266.0473	3.29254	0.1532064	0.1170545	0.03615194	0.1170545
4970	-214.8296	-221.1978	6.368131	0.0318678	0.009432287	0.02243551	0.009432287
4980	-244.3401	-249.4433	5.103167	0.05622922	0.00406958	0.05215964	0.00406958
4990	-233.8098	-238.434	4.624192	0.0464536	0.001483207	0.04497039	0.001483207
5000	-221.8264	-226.4357	4.609217	0.03934322	0.03031523	0.009027993	0.03031523
5010	-233.3623	-238.7348	5.372499	0.06537848	0.03538576	0.02999272	0.03538576
5020	-292.5066	-293.6239	1.117288	0.3020959	0.2572477	0.04484819	0.2572477
5030	-266.7101	-271.1163	4.406218	0.08208322	0.01921876	0.06286446	0.01921876
5040	-287.1773	-288.9929	1.815558	0.2233465	0.1732813	0.05006522	0.1732813
5050	-210.6528	-216.5121	5.859334	0.02318033	0.002283909	0.02089642	0.002283909
5060	-275.3162	-277.9965	2.680314	0.1709631	0.1239101	0.04705299	0.1239101
5070	-239.963	-243.6408	3.677742	0.09654731	0.08525439	0.01129292	0.08525439
5080	-239.5658	-244.8549	5.289118	0.06555483	0.02482213	0.0407327	0.02482213
5090	-265.5534	-268.9572	3.403769	0.1339817	0.08883057	0.0451511	0.08883057
5100	-217.2303	-222.5905	5.360205	0.03230065	0.001657834	0.03064282	0.001657834
5110	-236.8527	-241.7335	4.880792	0.0814638	0.05827805	0.02318575	0.05827805
5120	-213.2943	-219.2393	5.945055	0.02390673	0.01112773	0.01277899	0.01112773
5130	-265.9277	-268.9942	3.066483	0.1655579	0.1284972	0.03706066	0.1284972
5140	-282.5686	-284.5707	2.002034	0.2214916	0.1760027	0.04548891	0.1760027
5150	-221.4808	-224.9998	3.519074	0.03177853	0.02573933	0.006039202	0.02573933
5160	-249.2454	-253.874	4.628609	0.08521204	0.04222955	0.04298249	0.04222955
5170	-250.2604	-254.5509	4.290533	0.1026785	0.06628894	0.03638955	0.06628894
5180	-232.4355	-237.8909	5.455416	0.06276687	0.03233401	0.03043286	0.03233401
5190	-230.271	-235.8151	5.544088	0.05991513	0.03171243	0.0282027	0.03171243
5200	-247.2982	-252.0876	4.789376	0.07981927	0.0367183	0.04310097	0.0367183
5210	-249.4058	-254.1762	4.770375	0.07885899	0.03264293	0.04621606	0.03264293
5220	-219.0406	-225.1714	6.130742	0.03625938	0.005132308	0.03112707	0.005132308
5230	-218.9697	-225.2309	6.261222	0.03794969	0.01016271	0.02778698	0.01016271
5240	-332.1108	-330.6056	-1.505248	0.5407082	0.4774006	0.06330762	0.4774006
5250	-283.747	-287.1941	3.447129	0.1075575	0.03775167	0.06980583	0.03775167
5260	-248.143	-252.5754	4.432324	0.09729503	0.06159383	0.0357012	0.06159383
5270	-225.6929	-231.3518	5.658846	0.05338382	0.03147499	0.02190883	0.03147499
5280	-246.1727	-251.1955	5.022764	0.07134731	0.02525498	0.04609233	0.02525498
5290	-223.9724	-229.8665	5.89411	0.04850707	0.02355104	0.02495603	0.02355104
5300	-214.6401	-221.0098	6.369691	0.03152521	0.009436031	0.02208918	0.009436031
5310	-213.7465	-219.0773	5.330728	0.015478	0.006283732	0.009194268	0.006283732
5320	-234.4291	-239.5111	5.081964	0.07408404	0.05038583	0.02369822	0.05038583
5330	-229.5385	-234.5038	4.965329	0.06393581	0.04876484	0.01517098	0.04876484
5340	-298.8168	-301.9986	3.181761	0.1100165	0.02865791	0.08135854	0.02865791
5350	-220.9911	-226.7622	5.771021	0.04344117	0.02612487	0.0173163	0.02612487
5360	-218.6699	-224.6327	5.962823	0.03863874	0.02095104	0.0176877	0.02095104
5370	-212.2951	-218.6406	6.345476	0.02626873	0.008097819	0.01817091	0.008097819
5380	-265.6178	-269.3238	3.706061	0.1128597	0.06145007	0.05140961	0.06145007
5390	-246.7635	-250.2151	3.451558	0.1246962	0.1113836	0.01331262	0.1113836
5400	-237.8032	-240.8852	3.081954	0.08562333	0.07746823	0.008155104	0.07746823
5410	-228.7057	-233.8864	5.180681	0.06174767	0.04465058	0.01709708	0.04465058
5420	-233.5475	-237.961	4.413572	0.07519576	0.06229164	0.01290412	0.06229164
5430	-266.3642	-270.428	4.06385	0.09464147	0.0366005	0.05804097	0.0366005
5440	-234.3483	-239.1271	4.778806	0.07756952	0.06015079	0.01741872	0.06015079
5450	-259.4635	-261.8272	2.363657	0.1930553	0.1803477	0.0127076	0.1803477
5460	-235.6432	-240.7818	5.138571	0.07319228	0.04517821	0.02801408	0.04517821
5470	-229.8444	-235.3628	5.518365	0.06034503	0.03390666	0.02643837	0.03390666
5480	-244.1041	-249.1943	5.090195	0.07014424	0.02600573	0.0441385	0.02600573
5490	-231.3851	-236.5994	5.214295	0.06747012	0.04611456	0.02135556	0.04611456
5500	-251.1948	-255.5162	4.321457	0.09912949	0.0598443	0.03928519	0.0598443
5510	-222.0236	-227.9503	5.926713	0.04551103	0.02353094	0.02198009	0.02353094
5520	-236.8378	-242.3818	5.544047	0.05767648	0.01542905	0.04224743	0.01542905
5530	-276.7547	-278.5226	1.767957	0.2927126	0.267792	0.02492057	0.267792
5540	-225.9381	-231.913	5.974841	0.04741333	0.01473912	0.03267421	0.01473912
5550	-213.5023	-219.8881	6.385804	0.02941288	0.008106262	0.02130662	0.008106262
5560	-219.13	-225.2491	6.119098	0.03981254	0.01802259	0.02178995	0.01802259
5570	-258.1662	-261.8713	3.705022	0.1287675	0.09125679	0.03751075	0.09125679
5580	-262.8213	-267.2546	4.433309	0.08301551	0.02418855	0.05882697	0.02418855
5590	-315.7888	-318.4665	2.677629	0.1210467	0.0294649	0.09158177	0.0294649
5600	-258.4098	-262.4503	4.040562	0.1043203	0.05801711	0.0463032	0.05801711
5610	-254.7988	-259.0079	4.209168	0.1000667	0.05648333	0.04358337	0.05648333
5620	-310.3397	-308.94	-1.39969	0.8077313	0.7843199	0.02341133	0.7843199
5630	-283.793	-287.2698	3.476855	0.1063886	0.03622575	0.07016283	0.03622575
5640	-245.0983	-249.4154	4.317105	0.1066572	0.08180912	0.02484804	0.08180912
5650	-352.5365	-354.0279	1.491444	0.1503783	0.03858787	0.1117904	0.03858787
5660	-222.4855	-228.5837	6.098113	0.04060206	0.007084362	0.03351769	0.007084362
5670	-233.0809	-238.811	5.730114	0.05105574	0.009227739	0.041828	0.009227739
5680	-291.87	-294.8624	2.992391	0.1208272	0.04760532	0.07322188	0.04760532
5690	-223.684	-229.5623	5.878322	0.04835923	0.02448112	0.02387811	0.02448112
5700	-243.9152	-249.0104	5.09521	0.07007711	0.02614635	0.04393077	0.02614635
5710	-234.3085	-239.0369	4.728422	0.07765389	0.06098791	0.01666598	0.06098791
5720	-269.7885	-274.258	4.469481	0.07681924	0.009237569	0.06758167	0.009237569
5730	-237.3634	-242.4531	5.089693	0.07472778	0.04419432	0.03053346	0.04419432
5740	-217.4342	-222.8493	5.415047	0.03158754	0.02042617	0.01116137	0.02042617
5750	-228.0272	-233.8704	5.843211	0.05129694	0.01854767	0.03274926	0.01854767
5760	-221.5547	-227.6028	6.048142	0.04387821	0.01932726	0.02455095	0.01932726
5770	-244.3517	-248.5844	4.232638	0.1086661	0.08739675	0.02126936	0.08739675
5780	-255.1348	-259.9837	4.848926	0.07243815	0.01684516	0.05559299	0.01684516
5790	-223.3552	-228.3321	4.97695	0.04600762	0.03461054	0.01139708	0.03461054
5800	-211.2322	-217.4059	6.17374	0.02130734	0.006569377	0.01473796	0.006569377
5810	-216.5863	-222.8737	6.287398	0.03503719	0.01284027	0.02219692	0.01284027
5820	-213.411	-219.5077	6.096699	0.02605665	0.01159898	0.01445767	0.01159898
5830	-223.4204	-229.1115	5.691017	0.04887878	0.029862	0.01901678	0.029862
5840	-228.2449	-233.6661	5.421262	0.05976097	0.03899152	0.02076944	0.03899152
5850	-226.0233	-231.3267	5.303393	0.05487995	0.03884798	0.01603197	0.03884798
5860	-236.4742	-241.0797	4.605509	0.08426963	0.06703997	0.01722966	0.06703997
5870	-240.3703	-244.7861	4.415775	0.09642209	0.07752162	0.01890047	0.07752162
5880	-298.2766	-301.2191	2.942565	0.1188168	0.03998934	0.07882741	0.03998934
5890	-211.5095	-217.0405	5.530992	0.01477231	0.002820616	0.0119517	0.002820616
5900	-315.9601	-316.7699	0.8097718	0.2339988	0.1598773	0.07412156	0.1598773
5910	-252.8393	-257.8141	4.974844	0.06358962	0.006243945	0.05734567	0.006243945
5920	-233.4744	-239.0888	5.614375	0.05709465	0.01957662	0.03751803	0.01957662
5930	-218.6764	-224.1284	5.451945	0.03549166	0.0234114	0.01208026	0.0234114
5940	-241.0164	-245.7032	4.686814	0.09039054	0.0638075	0.02658304	0.0638075
5950	-242.4872	-246.5165	4.029318	0.1061403	0.09044465	0.01569564	0.09044465
5960	-215.4408	-221.7336	6.292775	0.03284031	0.01254917	0.02029114	0.01254917
5970	-274.9707	-277.7288	2.758077	0.1642363	0.1161091	0.04812715	0.1161091
5980	-284.8133	-286.601	1.787792	0.2402181	0.195273	0.04494511	0.195273
5990	-234.989	-240.1024	5.113418	0.07376623	0.04800367	0.02576256	0.04800367
6000	-222.4196	-228.3158	5.896232	0.04633706	0.02441663	0.02192043	0.02441663
6010	-266.1967	-269.2445	3.047864	0.1665684	0.1294122	0.03715625	0.1294122
6020	-214.6101	-220.7626	6.152473	0.02987373	0.01362648	0.01624725	0.01362648
6030	-217.6175	-222.7239	5.106416	0.02972541	0.02012684	0.009598572	0.02012684
6040	-213.2675	-219.6505	6.382985	0.02889073	0.0082291	0.02066163	0.0082291
6050	-301.4628	-302.1145	0.6516802	0.3220803	0.2702522	0.05182808	0.2702522
6060	-242.2895	-246.5227	4.233166	0.1038188	0.08553425	0.01828458	0.08553425
6070	-304.8019	-305.5943	0.792356	0.2786159	0.2189735	0.05964243	0.2189735
6080	-235.737	-239.6673	3.930348	0.08131489	0.07041891	0.01089598	0.07041891
6090	-224.1213	-229.9391	5.817849	0.04956685	0.02650547	0.02306138	0.02650547
6100	-260.053	-264.6014	4.548417	0.08042801	0.02329867	0.05712934	0.02329867
6110	-261.3897	-265.0418	3.65213	0.1246796	0.08167792	0.04300164	0.08167792
6120	-231.8854	-237.2031	5.317769	0.06637359	0.04139725	0.02497634	0.04139725
6130	-210.6554	-216.4534	5.79796	0.01665442	0.003209888	0.01344453	0.003209888
6140	-235.825	-240.8812	5.056158	0.07588671	0.04996572	0.025921	0.04996572
6150	-253.1199	-257.0487	3.928783	0.1229749	0.09085156	0.03212337	0.09085156
6160	-240.5304	-245.7624	5.232036	0.0670889	0.02596492	0.04112398	0.02596492
6170	-295.1772	-294.9573	-0.2198262	0.5574663	0.5391998	0.01826651	0.5391998
6180	-220.881	-227.0675	6.186445	0.04086337	0.01212355	0.02873982	0.01212355
6190	-210.9083	-217.1473	6.238972	0.02189578	0.005831439	0.01606434	0.005831439
6200	-293.8089	-293.3168	-0.4920858	0.5581833	0.5443552	0.01382809	0.5443552
6210	-226.5463	-231.5538	5.007439	0.05544221	0.04205705	0.01338516	0.04205705
6220	-217.6968	-223.4889	5.792134	0.03517869	0.02077675	0.01440194	0.02077675
6230	-233.6412	-239.1188	5.477549	0.0617623	0.02791249	0.03384981	0.02791249
6240	-248.3104	-253.3427	5.032251	0.06972772	0.02023021	0.0494975	0.02023021
6250	-311.1728	-313.7973	2.624468	0.1245385	0.03711246	0.08742599	0.03711246
6260	-292.3588	-293.6819	1.323106	0.2670541	0.2179123	0.04914178	0.2179123
6270	-258.6629	-263.0762	4.413276	0.08623977	0.03286407	0.0533757	0.03286407
6280	-211.9382	-217.5141	5.57591	0.01483884	0.003557045	0.01128179	0.003557045
6290	-268.5287	-272.989	4.460317	0.07361339	0.005999807	0.06761358	0.005999807
6300	-247.2888	-251.2234	3.93456	0.1221481	0.1023672	0.01978096	0.1023672
6310	-274.5543	-276.8639	2.309606	0.2225044	0.1868846	0.03561984	0.1868846
6320	-225.5108	-231.2625	5.751737	0.05215039	0.0281464	0.02400399	0.0281464
6330	-221.3069	-227.1632	5.856305	0.04430183	0.02507731	0.01922452	0.02507731
6340	-225.9639	-231.8406	5.876696	0.05023024	0.02127115	0.02895909	0.02127115
6350	-211.6715	-216.0441	4.372525	0.02264445	0.0007217384	0.02192271	0.0007217384
6360	-269.9989	-272.0976	2.098728	0.2564086	0.2368389	0.0195697	0.2368389
6370	-245.7825	-250.1789	4.396357	0.1025811	0.07371533	0.02886572	0.07371533
6380	-218.5901	-224.4608	5.870738	0.0379976	0.02182005	0.01617755	0.02182005
6390	-223.2802	-229.0395	5.759217	0.04846642	0.02829001	0.02017642	0.02829001
6400	-271.3808	-272.5925	1.211685	0.2844813	0.2728194	0.01166192	0.2728194
6410	-239.8361	-244.7162	4.880171	0.08242608	0.05259725	0.02982883	0.05259725
6420	-267.8468	-270.4007	2.553967	0.2189162	0.1929512	0.02596496	0.1929512
6430	-228.6088	-234.2277	5.618898	0.05732645	0.03058515	0.0267413	0.03058515
6440	-305.7177	-308.5375	2.819887	0.09266049	0.002176305	0.09048418	0.002176305
6450	-239.7729	-245.2146	5.441752	0.05964119	0.01473882	0.04490237	0.01473882
6460	-239.1265	-244.1464	5.019854	0.07671149	0.04420613	0.03250536	0.04420613
6470	-237.6978	-243.2379	5.540085	0.05700499	0.01309001	0.04391497	0.01309001
6480	-243.2086	-247.9114	4.702836	0.08840879	0.0560684	0.03234039	0.0560684
6490	-243.1446	-247.7837	4.639048	0.09177117	0.06160185	0.03016933	0.06160185
6500	-215.636	-221.1292	5.493244	0.02664232	0.01591425	0.01072808	0.01591425
6510	-248.7747	-253.8844	5.109699	0.06649597	0.01479153	0.05170445	0.01479153
6520	-228.5602	-234.4334	5.873243	0.05002272	0.01478739	0.03523533	0.01478739
6530	-221.9201	-228.0051	6.085075	0.04372471	0.0170189	0.02670581	0.0170189
6540	-224.3115	-230.0225	5.711004	0.05062386	0.02985633	0.02076753	0.02985633
6550	-212.2863	-218.2669	5.980646	0.02116734	0.008488548	0.01267879	0.008488548
6560	-249.8107	-254.9288	5.118181	0.06487229	0.01120747	0.05366482	0.01120747
6570	-221.6612	-227.4136	5.752428	0.04496986	0.02715651	0.01781335	0.02715651
6580	-220.9945	-226.9481	5.953612	0.04358556	0.02274203	0.02084353	0.02274203
6590	-222.5223	-228.3127	5.790373	0.04687723	0.02720337	0.01967386	0.02720337
6600	-224.7522	-230.7746	6.022366	0.04607884	0.01450838	0.03157046	0.01450838
6610	-261.5564	-265.3908	3.834349	0.1116474	0.06426494	0.04738243	0.06426494
6620	-241.6085	-247.0115	5.403021	0.05953291	0.0122344	0.04729851	0.0122344
6630	-246.9962	-251.941	4.944763	0.07374366	0.02790437	0.04583929	0.02790437
6640	-262.5118	-265.3793	2.867482	0.1945936	0.1718783	0.0227152	0.1718783
6650	-213.3324	-219.7183	6.385944	0.02914939	0.007276502	0.02187289	0.007276502
6660	-229.148	-234.4066	5.258591	0.0626102	0.04372802	0.01888218	0.04372802
6670	-238.6198	-243.0729	4.45314	0.09130841	0.07393384	0.01737457	0.07393384
6680	-329.0762	-331.8048	2.728601	0.1161855	0.01406577	0.1021197	0.01406577
6690	-329.6414	-332.4305	2.789157	0.1133459	0.01023471	0.1031112	0.01023471
6700	-252.85	-256.2942	3.444215	0.1489626	0.1302066	0.01875596	0.1302066
6710	-216.9549	-223.1787	6.223791	0.03571198	0.01488922	0.02082276	0.01488922
6720	-235.1848	-239.6836	4.498781	0.0806408	0.06588721	0.0147536	0.06588721
6730	-263.9719	-267.7192	3.747283	0.1129805	0.06336159	0.04961887	0.06336159
6740	-218.948	-224.8686	5.920577	0.03911877	0.02180136	0.01731741	0.02180136
6750	-422.0278	-422.7749	0.7471561	0.1629567	0.008685205	0.1542715	0.008685205
6760	-291.9727	-293.3826	1.409879	0.2557686	0.2055188	0.05024973	0.2055188
6770	-220.4417	-226.5728	6.131127	0.04165376	0.01676036	0.0248934	0.01676036
6780	-260.4437	-264.7978	4.354133	0.08731198	0.03251148	0.0548005	0.03251148
6790	-214.7381	-220.8655	6.12737	0.02997964	0.01399577	0.01598387	0.01399577
6800	-294.9057	-298.3885	3.482749	0.08769695	0.003599523	0.08409742	0.003599523
6810	-285.2806	-289.2758	3.99522	0.08515464	0.007543374	0.07761127	0.007543374
6820	-219.1194	-223.7581	4.638713	0.03110616	0.02281789	0.008288265	0.02281789
6830	-266.5548	-270.3298	3.775014	0.1077539	0.05379816	0.05395576	0.05379816
6840	-253.562	-256.8906	3.328639	0.1538788	0.1360721	0.01780672	0.1360721
6850	-211.9928	-218.3435	6.350689	0.02574165	0.007406889	0.01833476	0.007406889
6860	-210.769	-216.3898	5.620779	0.02308255	0.001781297	0.02130125	0.001781297
6870	-222.6159	-228.4071	5.791163	0.03889083	0.003428988	0.03546184	0.003428988
6880	-292.8352	-295.5711	2.735909	0.1320752	0.06059377	0.07148144	0.06059377
6890	-264.2886	-267.1437	2.85513	0.1949852	0.1687292	0.02625595	0.1687292
6900	-226.3312	-231.943	5.611743	0.05483027	0.03292917	0.0219011	0.03292917
6910	-212.5655	-218.2908	5.725312	0.01805572	0.007121018	0.0109347	0.007121018
6920	-252.6271	-255.7976	3.170449	0.1521253	0.1371992	0.01492605	0.1371992
6930	-224.4173	-230.4741	6.056736	0.04325732	0.008829626	0.0344277	0.008829626
6940	-232.5536	-237.3211	4.767498	0.07253212	0.05702499	0.01550713	0.05702499
6950	-286.8452	-290.7128	3.867653	0.09179127	0.01491447	0.0768768	0.01491447
6960	-259.0329	-263.3301	4.297182	0.09073395	0.03871751	0.05201644	0.03871751
6970	-213.198	-219.5704	6.372354	0.02860154	0.008709756	0.01989178	0.008709756
6980	-261.4479	-265.7968	4.348848	0.08684961	0.03085316	0.05599645	0.03085316
6990	-212.3618	-218.4983	6.136457	0.0235776	0.009249249	0.01432835	0.009249249
7000	-217.701	-223.9862	6.285237	0.03565754	0.007656879	0.02800066	0.007656879
7010	-231.5349	-237.0936	5.558647	0.05959473	0.02801001	0.03158472	0.02801001
7020	-243.4922	-245.2369	1.74475	0.1033227	0.09722283	0.00609992	0.09722283
7030	-212.8561	-218.5333	5.677213	0.01838686	0.007721842	0.01066501	0.007721842
7040	-235.6264	-241.1365	5.510157	0.05972695	0.02080907	0.03891788	0.02080907
7050	-242.1099	-247.4429	5.332991	0.0623563	0.01616967	0.04618663	0.01616967
7060	-310.0199	-309.3607	-0.6592368	0.5605825	0.5199531	0.04062942	0.5199531
7070	-231.3983	-237.0059	5.60756	0.05806989	0.02527016	0.03279973	0.02527016
7080	-255.7486	-258.5543	2.805723	0.1699056	0.1560753	0.01383027	0.1560753
7090	-256.8073	-259.7168	2.909451	0.174247	0.1585503	0.01569665	0.1585503
7100	-225.697	-231.6575	5.960517	0.04795713	0.01655802	0.03139911	0.01655802
7110	-215.7348	-221.4853	5.750463	0.02934154	0.01674715	0.01259439	0.01674715
7120	-248.7109	-253.8373	5.126411	0.06581556	0.01382709	0.05198847	0.01382709
7130	-222.4043	-227.3401	4.935852	0.04299204	0.03226335	0.01072869	0.03226335
7140	-212.5597	-218.6067	6.04699	0.02294512	0.009542137	0.01340298	0.009542137
7150	-229.3266	-235.0531	5.726497	0.05468792	0.02284191	0.03184602	0.02284191
7160	-216.8762	-223.2016	6.32536	0.0351105	0.009768738	0.02534176	0.009768738
7170	-229.2032	-234.5427	5.339543	0.06222316	0.04168143	0.02054172	0.04168143
7180	-236.2174	-240.832	4.614572	0.08349975	0.06641754	0.01708221	0.06641754
7190	-210.5361	-216.6507	6.114529	0.01968557	0.004678003	0.01500757	0.004678003
7200	-268.5533	-271.6498	3.096498	0.152546	0.1088571	0.04368898	0.1088571
7210	-217.9068	-223.4257	5.518944	0.03377018	0.02164897	0.0121212	0.02164897
7220	-213.0794	-218.2784	5.199009	0.01293536	0.002676917	0.01025844	0.002676917
7230	-217.5675	-223.1515	5.584009	0.03328608	0.02087707	0.012409	0.02087707
7240	-230.5204	-236.1586	5.638175	0.05724628	0.02548581	0.03176046	0.02548581
7250	-234.3143	-239.243	4.9287	0.07636401	0.05642052	0.01994349	0.05642052
7260	-236.0195	-241.6315	5.611942	0.05513034	0.01219119	0.04293915	0.01219119
7270	-259.4715	-262.634	3.162475	0.1734605	0.1494777	0.02398277	0.1494777
7280	-276.0093	-279.7604	3.751102	0.1005113	0.03540704	0.06510429	0.03540704
7290	-250.9185	-254.006	3.087523	0.1444286	0.1314198	0.01300873	0.1314198
7300	-217.7607	-224.0471	6.286417	0.03578345	0.00783518	0.02794826	0.00783518
7310	-260.6163	-263.796	3.179619	0.1712391	0.1441353	0.02710382	0.1441353
7320	-245.326	-250.3255	4.999478	0.0727806	0.02853169	0.04424892	0.02853169
7330	-218.7688	-225.032	6.26318	0.03798112	0.01117116	0.02680996	0.01117116
7340	-243.1406	-248.1105	4.969911	0.07564541	0.03596911	0.0396763	0.03596911
7350	-243.0377	-247.7102	4.672562	0.09014034	0.0591646	0.03097574	0.0591646
7360	-288.6273	-292.1932	3.56589	0.1010402	0.02540317	0.07563706	0.02540317
7370	-262.0935	-265.1053	3.011801	0.183795	0.1581513	0.0256437	0.1581513
7380	-216.7444	-222.4285	5.684102	0.0317124	0.01901924	0.01269316	0.01901924
7390	-248.9691	-252.7791	3.810007	0.129238	0.1093522	0.01988573	0.1093522
7400	-292.5151	-295.3634	2.848321	0.1268473	0.05447797	0.07236937	0.05447797
7410	-217.2329	-223.4844	6.251433	0.03622016	0.01401944	0.02220071	0.01401944
7420	-285.3996	-288.9269	3.527303	0.103703	0.03145474	0.07224829	0.03145474
7430	-220.2426	-226.4144	6.171843	0.04090571	0.01489096	0.02601474	0.01489096
7440	-210.5371	-216.5444	6.007357	0.0183783	0.00414782	0.01423048	0.00414782
7450	-268.2302	-271.7914	3.561153	0.1174464	0.06469444	0.05275195	0.06469444
7460	-280.3125	-283.0176	2.705099	0.1538123	0.09803886	0.0557734	0.09803886
7470	-250.4798	-254.9022	4.422472	0.0943194	0.05389099	0.04042841	0.05389099
7480	-218.2079	-222.5235	4.315669	0.02541706	0.0183545	0.007062561	0.0183545
7490	-210.6625	-216.8877	6.225252	0.02152957	0.005189303	0.01634027	0.005189303
7500	-310.4899	-312.8187	2.328809	0.136721	0.05228446	0.08443654	0.05228446
7510	-343.8997	-343.0182	-0.8815045	0.3467497	0.261814	0.08493575	0.261814
7520	-236.1769	-241.2308	5.053915	0.07610267	0.04945844	0.02664423	0.04945844
7530	-213.1859	-218.9381	5.752176	0.02095879	0.009752999	0.01120579	0.009752999
7540	-255.0079	-259.2398	4.231893	0.09846549	0.05399611	0.04446938	0.05399611
7550	-215.8711	-222.2132	6.342129	0.03368836	0.01046566	0.0232227	0.01046566
7560	-214.5388	-220.7062	6.167464	0.02982563	0.01340784	0.01641779	0.01340784
7570	-213.3715	-219.7546	6.383151	0.02923554	0.00702575	0.02220979	0.00702575
7580	-219.3148	-225.0963	5.781467	0.0393459	0.02364408	0.01570181	0.02364408
7590	-220.2444	-226.0687	5.824217	0.04183431	0.02454583	0.01728847	0.02454583
7600	-239.6415	-245.0296	5.388082	0.06187947	0.01862155	0.04325792	0.01862155
7610	-242.3149	-247.2617	4.946757	0.07737828	0.03994646	0.03743182	0.03994646
7620	-290.6801	-294.5253	3.8452	0.08922435	0.008575346	0.080649	0.008575346
7630	-216.3717	-222.267	5.895327	0.03237672	0.01792569	0.01445104	0.01792569
7640	-219.3006	-225.5495	6.248883	0.03850807	0.0106758	0.02783228	0.0106758
7650	-257.1233	-260.7051	3.581859	0.1426418	0.1115623	0.03107948	0.1115623
7660	-389.6761	-391.0593	1.38323	0.147499	0.01105212	0.1364469	0.01105212
7670	-239.2323	-244.617	5.384646	0.05331664	0.005138016	0.04817863	0.005138016
7680	-251.9122	-255.6686	3.756438	0.1358535	0.1119559	0.02389764	0.1119559
7690	-216.6802	-221.7892	5.108983	0.0266215	0.01738744	0.009234063	0.01738744
7700	-244.5221	-249.7621	5.240008	0.06433727	0.01635653	0.04798073	0.01635653
7710	-220.2628	-226.2451	5.982299	0.04213659	0.02182662	0.02030997	0.02182662
7720	-224.3672	-230.2394	5.872252	0.04922795	0.02408705	0.0251409	0.02408705
7730	-229.5889	-234.7904	5.20146	0.06385866	0.04539883	0.01845983	0.04539883
7740	-249.956	-253.8303	3.874275	0.1288472	0.1058431	0.02300412	0.1058431
7750	-243.6848	-248.1173	4.432469	0.1013154	0.07625568	0.02505968	0.07625568
7760	-287.6542	-290.1449	2.490658	0.1544324	0.09199308	0.0624393	0.09199308
7770	-222.1011	-227.9673	5.866244	0.04589073	0.02524042	0.02065032	0.02524042
7780	-213.7625	-219.4006	5.638169	0.02158452	0.01088419	0.01070033	0.01088419
7790	-238.9673	-243.2713	4.303931	0.09314894	0.07738386	0.01576508	0.07738386
7800	-222.4214	-227.5337	5.112283	0.04405267	0.03226505	0.01178762	0.03226505
7810	-210.2278	-215.8377	5.609942	0.02142887	0.001782228	0.01964664	0.001782228
7820	-222.7203	-228.7354	6.015114	0.04552876	0.01945398	0.02607478	0.01945398
7830	-218.1677	-224.3703	6.202574	0.03793056	0.01549234	0.02243822	0.01549234
7840	-279.8379	-282.0777	2.239781	0.2033511	0.1577048	0.04564623	0.1577048
7850	-303.7071	-303.7076	0.0004769743	0.4482919	0.4060399	0.04225202	0.4060399
7860	-377.9066	-378.5908	0.6842302	0.1722285	0.04699337	0.1252352	0.04699337
7870	-235.388	-240.3918	5.003828	0.07690663	0.05337758	0.02352905	0.05337758
7880	-252.6495	-257.6658	5.016241	0.06710915	0.01157562	0.05553353	0.01157562
7890	-254.5642	-258.2143	3.650048	0.1417589	0.1149467	0.0268122	0.1149467
7900	-223.1364	-229.2465	6.110127	0.04302107	0.01123532	0.03178574	0.01123532
7910	-268.0277	-271.6969	3.669164	0.1115391	0.05725281	0.05428628	0.05725281
7920	-245.3426	-250.1034	4.760848	0.08307195	0.04433253	0.03873942	0.04433253
7930	-218.5559	-224.7574	6.20147	0.03855063	0.01534776	0.02320286	0.01534776
7940	-254.1712	-258.9609	4.789688	0.07508839	0.02171394	0.05337446	0.02171394
7950	-214.5984	-220.2233	5.624851	0.0244978	0.01347728	0.01102052	0.01347728
7960	-210.386	-215.8925	5.506547	0.01627674	0.002025379	0.01425136	0.002025379
7970	-244.4326	-248.5331	4.100561	0.1115778	0.09276998	0.01880786	0.09276998
7980	-219.0977	-224.7068	5.609079	0.03773587	0.02409794	0.01363793	0.02409794
7990	-216.1088	-222.0268	5.918046	0.03184585	0.0173557	0.01449015	0.0173557
8000	-248.8648	-253.0609	4.196092	0.1112977	0.08123648	0.0300612	0.08123648
8010	-218.3488	-222.7013	4.352509	0.02627635	0.01907563	0.007200714	0.01907563
8020	-277.4877	-280.8271	3.33943	0.1175088	0.05585051	0.06165831	0.05585051
8030	-219.454	-225.4389	5.984859	0.03611244	0.00389275	0.03221969	0.00389275
8040	-235.5891	-240.7281	5.139021	0.07317188	0.04526984	0.02790204	0.04526984
8050	-275.2433	-279.4487	4.205445	0.08508572	0.01569952	0.0693862	0.01569952
8060	-216.2494	-222.4072	6.157818	0.03394112	0.01573403	0.01820709	0.01573403
8070	-255.7164	-260.552	4.835605	0.07258741	0.01646637	0.05612103	0.01646637
8080	-231.3281	-237.0728	5.74462	0.04808671	0.006492389	0.04159432	0.006492389
8090	-321.0249	-322.9205	1.895568	0.1490115	0.05900916	0.0900023	0.05900916
8100	-234.5955	-239.3813	4.785785	0.07818653	0.06037973	0.01780681	0.06037973
8110	-225.4556	-231.446	5.99043	0.04701498	0.01496766	0.03204732	0.01496766
8120	-232.8003	-237.962	5.161699	0.07046925	0.04785408	0.02261517	0.04785408
8130	-241.5962	-246.5671	4.970882	0.07693243	0.04035195	0.03658047	0.04035195
8140	-231.4455	-236.0789	4.633382	0.06897988	0.05559983	0.01338005	0.05559983
8150	-210.0798	-216.0819	6.00216	0.02120441	0.002857914	0.01834649	0.002857914
8160	-221.4142	-227.3301	5.9159	0.04446262	0.02380267	0.02065995	0.02380267
8170	-257.4806	-261.2884	3.807812	0.1221039	0.08322319	0.03888073	0.08322319
8180	-253.0114	-257.0244	4.01298	0.1167325	0.08220868	0.03452379	0.08220868
8190	-254.0564	-258.6801	4.623627	0.08125682	0.03076465	0.05049217	0.03076465
8200	-222.0108	-228.1642	6.153463	0.04130595	0.009911422	0.03139452	0.009911422
8210	-324.3911	-324.3574	-0.03364818	0.3062632	0.2329112	0.07335198	0.2329112
8220	-255.5206	-259.1837	3.66315	0.1392991	0.1096885	0.02961053	0.1096885
8230	-221.9761	-227.9773	6.001222	0.04488746	0.02091052	0.02397695	0.02091052
8240	-251.384	-254.7285	3.344478	0.1451463	0.1293934	0.01575282	0.1293934
8250	-222.8631	-227.9006	5.03755	0.04490959	0.03337801	0.01153158	0.03337801
8260	-260.2075	-262.7223	2.514755	0.1963971	0.1819484	0.01444868	0.1819484
8270	-219.1863	-224.3858	5.199428	0.03521217	0.02447068	0.01074149	0.02447068
8280	-235.8571	-241.0388	5.181748	0.071651	0.04178632	0.02986468	0.04178632
8290	-229.9778	-235.8076	5.829762	0.0476675	0.007737273	0.03993022	0.007737273
8300	-246.8197	-251.8543	5.034621	0.05804543	0.00420477	0.05384066	0.00420477
8310	-222.0005	-228.1327	6.132212	0.0427028	0.01366175	0.02904106	0.01366175
8320	-281.9026	-284.5492	2.646568	0.1547654	0.09767297	0.05709244	0.09767297
8330	-235.9526	-241.3827	5.430124	0.06242187	0.0250317	0.03739017	0.0250317
8340	-283.0621	-285.7211	2.658945	0.1512495	0.09233975	0.05890976	0.09233975
8350	-218.6657	-224.9241	6.258391	0.03806335	0.01202564	0.02603771	0.01202564
8360	-240.1506	-244.5688	4.418176	0.0958299	0.07717572	0.01865417	0.07717572
8370	-222.7989	-228.7329	5.933997	0.04662538	0.02294546	0.02367992	0.02294546
8380	-221.0596	-226.6396	5.580034	0.04282627	0.02795865	0.01486761	0.02795865
8390	-256.8239	-261.6435	4.819589	0.0725059	0.01522882	0.05727708	0.01522882
8400	-240.3697	-244.9656	4.595948	0.09298491	0.07029652	0.02268839	0.07029652
8410	-285.1237	-288.6849	3.561178	0.102638	0.03032273	0.0723153	0.03032273
8420	-249.0615	-254.2112	5.14967	0.06263626	0.008636731	0.05399953	0.008636731
8430	-299.7347	-298.8329	-0.9017733	0.657414	0.6421616	0.01525247	0.6421616
8440	-240.7593	-246.141	5.3817	0.06138142	0.01631435	0.04506707	0.01631435
8450	-231.9249	-237.1168	5.191913	0.06866849	0.04690158	0.02176691	0.04690158
8460	-221.5633	-227.7328	6.169434	0.04074853	0.009701848	0.03104668	0.009701848
8470	-236.8387	-242.3005	5.461817	0.0608154	0.02083792	0.03997748	0.02083792
8480	-278.1009	-281.196	3.09509	0.1304552	0.07149878	0.05895641	0.07149878
8490	-353.8086	-354.7263	0.9176707	0.1731123	0.0639035	0.1092088	0.0639035
8500	-271.8783	-274.9386	3.060249	0.145827	0.09677196	0.04905502	0.09677196
8510	-239.2541	-244.7543	5.500257	0.05682045	0.01074298	0.04607747	0.01074298
8520	-241.9255	-246.6233	4.69783	0.08968801	0.06060691	0.02908111	0.06060691
8530	-237.4559	-242.6948	5.238898	0.06873381	0.03351073	0.03522308	0.03351073
8540	-232.3209	-237.88	5.559025	0.05942605	0.02604918	0.03337687	0.02604918
8550	-227.3387	-233.2452	5.906501	0.04937229	0.01592428	0.03344802	0.01592428
8560	-285.3341	-285.0456	-0.2885748	0.4392396	0.4289918	0.01024782	0.4289918
8570	-279.0057	-280.3693	1.363612	0.3355666	0.3153485	0.02021814	0.3153485
8580	-223.107	-229.0938	5.986853	0.04631105	0.02030701	0.02600405	0.02030701
8590	-261.3691	-265.1202	3.751028	0.1174784	0.07220765	0.04527079	0.07220765
8600	-210.1303	-216.0025	5.872252	0.02147803	0.002369341	0.01910868	0.002369341
8610	-211.3564	-217.5762	6.219804	0.02227833	0.00694081	0.01533752	0.00694081
8620	-244.6052	-249.7336	5.128364	0.06842707	0.02267571	0.04575135	0.02267571
8630	-225.3508	-231.3353	5.984471	0.04724116	0.01574969	0.03149147	0.01574969
8640	-248.802	-253.8945	5.092444	0.06718072	0.01580209	0.05137863	0.01580209
8650	-214.7873	-220.6633	5.87592	0.0302197	0.002600203	0.02761949	0.002600203
8660	-337.5938	-336.8694	-0.7243739	0.3497349	0.2697463	0.07998859	0.2697463
8670	-212.5275	-217.7446	5.217082	0.01324854	0.002343163	0.01090537	0.002343163
8680	-256.9105	-260.0372	3.126666	0.1702751	0.1514501	0.01882496	0.1514501
8690	-220.3138	-225.2303	4.916542	0.03668278	0.02689743	0.009785347	0.02689743
8700	-234.7556	-239.5217	4.766085	0.07871619	0.06102724	0.01768895	0.06102724
8710	-215.7769	-222.1302	6.353352	0.03331881	0.00859866	0.02472015	0.00859866
8720	-336.4942	-335.6719	-0.8223438	0.3700304	0.2923994	0.07763101	0.2923994
8730	-228.7484	-234.0221	5.273676	0.06164316	0.04302082	0.01862234	0.04302082
8740	-218.8951	-224.6952	5.800126	0.03837565	0.0228342	0.01554144	0.0228342
8750	-234.5175	-240.1946	5.677069	0.05308708	0.0107522	0.04233488	0.0107522
8760	-278.2341	-279.9056	1.671421	0.30205	0.2763115	0.0257385	0.2763115
8770	-278.614	-282.7847	4.170618	0.08443327	0.01197854	0.07245473	0.01197854
8780	-289.0165	-289.6845	0.6679966	0.4265907	0.4022054	0.02438534	0.4022054
8790	-241.9308	-246.8032	4.872411	0.08118869	0.04667811	0.03451058	0.04667811
8800	-226.9341	-230.9207	3.986577	0.0517223	0.04340906	0.008313244	0.04340906
8810	-284.4828	-287.1214	2.63854	0.1498752	0.08937356	0.06050166	0.08937356
8820	-264.774	-267.5808	2.806882	0.1988096	0.1728099	0.0259997	0.1728099
8830	-214.8301	-220.698	5.867859	0.02776912	0.01474182	0.01302729	0.01474182
8840	-217.5478	-222.5179	4.970163	0.02840764	0.01942369	0.008983947	0.01942369
8850	-212.224	-218.0947	5.870681	0.0192745	0.007452159	0.01182234	0.007452159
8860	-260.4807	-265.0991	4.618336	0.07778676	0.01915242	0.05863435	0.01915242
8870	-239.1163	-243.9866	4.87032	0.08305054	0.05524572	0.02780482	0.05524572
8880	-244.7488	-249.409	4.660128	0.08894553	0.05429315	0.03465238	0.05429315
8890	-276.9312	-281.0136	4.082353	0.08856023	0.01888807	0.06967215	0.01888807
8900	-221.0787	-226.7743	5.695629	0.04339411	0.02708663	0.01630748	0.02708663
8910	-248.1399	-252.7567	4.616803	0.08703129	0.04637948	0.04065182	0.04637948
8920	-215.238	-221.5072	6.269175	0.03228561	0.01296313	0.01932248	0.01296313
8930	-256.039	-260.006	3.96696	0.1134367	0.07335736	0.0400793	0.07335736
8940	-348.0876	-348.724	0.636367	0.1924533	0.08973206	0.1027213	0.08973206
8950	-215.1568	-220.8562	5.699451	0.02710665	0.01526433	0.01184232	0.01526433
8960	-244.3322	-248.7295	4.397223	0.1029932	0.07752367	0.02546957	0.07752367
8970	-264.3649	-268.5988	4.233923	0.08934832	0.03139079	0.05795753	0.03139079
8980	-223.9527	-230.0092	6.056562	0.04506348	0.01412236	0.03094112	0.01412236
8990	-216.1901	-222.1818	5.991685	0.03264897	0.01718764	0.01546133	0.01718764
9000	-216.4594	-222.6725	6.213099	0.03467238	0.01494071	0.01973167	0.01494071
9010	-218.4908	-224.507	6.016216	0.03842892	0.02000814	0.01842078	0.02000814
9020	-218.4325	-224.6879	6.255496	0.03645228	0.007427486	0.02902479	0.007427486
9030	-282.4723	-283.7305	1.258214	0.3499131	0.3253528	0.02456033	0.3253528
9040	-251.6783	-256.2208	4.542528	0.0867089	0.04137175	0.04533715	0.04137175
9050	-222.7796	-228.8438	6.064217	0.0446678	0.0166187	0.0280491	0.0166187
9060	-230.6544	-236.1242	5.469864	0.06196568	0.03518659	0.02677909	0.03518659
9070	-229.7433	-235.5911	5.847786	0.05010802	0.01277203	0.03733599	0.01277203
9080	-280.7339	-282.3645	1.63065	0.2965081	0.2656636	0.03084451	0.2656636
9090	-214.0411	-220.4226	6.381559	0.03043537	0.008607998	0.02182737	0.008607998
9100	-261.4334	-265.6278	4.194453	0.09309414	0.03944128	0.05365287	0.03944128
9110	-210.6867	-216.5275	5.840815	0.01688149	0.003462688	0.0134188	0.003462688
9120	-212.5334	-218.8961	6.362701	0.02704597	0.008118757	0.01892722	0.008118757
9130	-216.9076	-222.4771	5.569487	0.03227204	0.00200428	0.03026776	0.00200428
9140	-299.0921	-302.6372	3.545155	0.0917456	0.005472795	0.08627281	0.005472795
9150	-228.3552	-234.0061	5.650835	0.05647063	0.02931211	0.02715852	0.02931211
9160	-246.5446	-250.4836	3.939017	0.120112	0.1012897	0.01882233	0.1012897
9170	-256.2127	-258.3797	2.167027	0.1731219	0.1630164	0.01010559	0.1630164
9180	-222.7001	-228.6174	5.91731	0.0466348	0.0236259	0.02300891	0.0236259
9190	-262.2163	-266.8916	4.675288	0.07458879	0.01297377	0.06161502	0.01297377
9200	-253.5362	-257.1184	3.582212	0.1456937	0.1230047	0.02268895	0.1230047
9210	-242.55	-243.7558	1.205827	0.09644073	0.09128413	0.005156606	0.09128413
9220	-218.2566	-224.5394	6.282798	0.03674438	0.009039533	0.02770484	0.009039533
9230	-211.1438	-217.38	6.236219	0.02469749	0.004017151	0.02068034	0.004017151
9240	-233.6412	-239.3236	5.6824	0.05430523	0.01422699	0.04007824	0.01422699
9250	-273.028	-277.2094	4.181379	0.08687326	0.0200265	0.06684676	0.0200265
9260	-229.3354	-235.1763	5.840885	0.05084938	0.0149757	0.03587368	0.0149757
9270	-236.2434	-241.764	5.520651	0.05899965	0.01858681	0.04041284	0.01858681
9280	-278.972	-282.0998	3.127842	0.1272023	0.06664529	0.060557	0.06664529
9290	-241.9582	-246.6695	4.711288	0.08902739	0.05943933	0.02958806	0.05943933
9300	-221.8901	-227.8019	5.911856	0.0385556	0.004021817	0.03453379	0.004021817
9310	-223.9003	-229.8108	5.910426	0.04820428	0.02289916	0.02530512	0.02289916
9320	-229.7291	-235.075	5.345848	0.0631126	0.04156446	0.02154814	0.04156446
9330	-217.3402	-223.1265	5.78629	0.03417309	0.02011611	0.01405698	0.02011611
9340	-237.083	-241.672	4.589002	0.08605655	0.06839079	0.01766576	0.06839079
9350	-217.4484	-223.6523	6.203851	0.0366471	0.01552571	0.02112139	0.01552571
9360	-242.1803	-247.0538	4.873472	0.08090076	0.0457994	0.03510136	0.0457994
9370	-230.0561	-234.9392	4.883033	0.06530445	0.05059283	0.01471163	0.05059283
9380	-218.0853	-224.226	6.140745	0.037847	0.01731754	0.02052946	0.01731754
9390	-216.729	-223.024	6.294979	0.03526012	0.01245173	0.02280839	0.01245173
9400	-246.8401	-250.9041	4.06407	0.1177388	0.09596544	0.02177333	0.09596544
9410	-243.8108	-248.66	4.849181	0.08044348	0.04251968	0.0379238	0.04251968
9420	-255.5468	-259.308	3.761242	0.1309788	0.09811548	0.03286335	0.09811548
9430	-211.8637	-218.0383	6.17458	0.02277249	0.008112986	0.0146595	0.008112986
9440	-240.3335	-245.1095	4.776026	0.08674607	0.05900929	0.02773678	0.05900929
9450	-236.194	-240.8207	4.626647	0.08337199	0.06614274	0.01722926	0.06614274
9460	-233.3779	-238.437	5.059095	0.07295605	0.05174609	0.02120996	0.05174609
9470	-215.7146	-222.0628	6.348221	0.03308967	0.00779329	0.02529638	0.00779329
9480	-257.9918	-262.6354	4.643643	0.06536934	0.004029764	0.06133957	0.004029764
9490	-216.347	-222.5577	6.210695	0.0344224	0.01492026	0.01950214	0.01492026
9500	-222.5703	-227.8819	5.311579	0.04555444	0.03217937	0.01337506	0.03217937
9510	-224.9308	-230.8671	5.936345	0.04212398	0.005508535	0.03661545	0.005508535
9520	-284.089	-288.0194	3.930393	0.09077662	0.01582499	0.07495163	0.01582499
9530	-248.4227	-252.5425	4.119723	0.1163315	0.0897727	0.02655883	0.0897727
9540	-218.3151	-224.4942	6.179062	0.0356052	0.005446405	0.03015879	0.005446405
9550	-222.0917	-228.2066	6.114962	0.04024582	0.007156247	0.03308957	0.007156247
9560	-231.0529	-235.7643	4.711357	0.06795056	0.0541571	0.01379346	0.0541571
9570	-289.2716	-290.3129	1.041231	0.3465552	0.3111016	0.0354536	0.3111016
9580	-245.2596	-249.2022	3.942528	0.1161827	0.09886088	0.01732183	0.09886088
9590	-230.262	-236.1013	5.839284	0.04946465	0.0106517	0.03881295	0.0106517
9600	-237.1293	-241.9276	4.798321	0.08360541	0.06192856	0.02167686	0.06192856
9610	-210.708	-216.8935	6.185513	0.02080767	0.005307273	0.0155004	0.005307273
9620	-256.6927	-261.4708	4.778062	0.07413499	0.01771347	0.05642152	0.01771347
9630	-221.5613	-227.1332	5.571885	0.04410197	0.0288957	0.01520627	0.0288957
9640	-238.7115	-242.837	4.125452	0.09254388	0.07878019	0.01376369	0.07878019
9650	-224.6422	-230.4048	5.762609	0.05083959	0.02824599	0.0225936	0.02824599
9660	-215.1689	-221.1117	5.942788	0.02946269	0.01544841	0.01401428	0.01544841
9670	-235.1849	-240.4731	5.288226	0.06793757	0.0363324	0.03160516	0.0363324
9680	-248.4015	-252.6561	4.25458	0.10816	0.07736578	0.03079426	0.07736578
9690	-225.4513	-231.3561	5.904839	0.04938663	0.02067784	0.02870878	0.02067784
9700	-222.239	-228.269	6.030078	0.04485459	0.01937521	0.02547938	0.01937521
9710	-238.3893	-243.2717	4.882422	0.08253816	0.05604667	0.02649149	0.05604667
9720	-226.0678	-228.7324	2.664639	0.04241398	0.03708705	0.005326932	0.03708705
9730	-214.5737	-220.9178	6.344128	0.03128629	0.01066574	0.02062055	0.01066574
9740	-226.8038	-231.627	4.823186	0.05543139	0.04329481	0.01213658	0.04329481
9750	-231.2511	-236.5722	5.321061	0.06566261	0.04190383	0.02375878	0.04190383
9760	-390.6113	-391.8784	1.267148	0.1514573	0.01502765	0.1364296	0.01502765
9770	-220.9421	-227.0991	6.157019	0.04169725	0.01448529	0.02721196	0.01448529
9780	-290.3175	-293.7188	3.401262	0.1059077	0.03022583	0.07568191	0.03022583
9790	-237.8939	-243.4133	5.519359	0.05784053	0.014238	0.04360253	0.014238
9800	-282.8181	-286.1668	3.348745	0.1121917	0.04441574	0.06777594	0.04441574
9810	-234.4957	-240.1298	5.63411	0.05071354	0.006685549	0.04402799	0.006685549
9820	-223.5699	-229.5647	5.994777	0.04652748	0.01915769	0.02736978	0.01915769
9830	-236.4057	-241.9849	5.579265	0.05647323	0.01396855	0.04250468	0.01396855
9840	-251.2408	-255.3865	4.14573	0.1106839	0.07634046	0.03434343	0.07634046
9850	-218.3929	-224.6282	6.235334	0.0361463	0.006668356	0.02947794	0.006668356
9860	-288.299	-290.1907	1.891707	0.2087238	0.1552427	0.05348116	0.1552427
9870	-216.6474	-222.7552	6.107752	0.03458796	0.01683371	0.01775425	0.01683371
9880	-242.3169	-245.4716	3.154737	0.1045805	0.0949386	0.009641862	0.0949386
9890	-263.1554	-265.439	2.283606	0.2160514	0.2015098	0.01454167	0.2015098
9900	-294.5702	-297.6178	3.047565	0.1167948	0.04043263	0.07636216	0.04043263
9910	-221.2137	-227.1017	5.888032	0.0441035	0.02437096	0.01973254	0.02437096
9920	-227.1054	-233.0629	5.957482	0.04709926	0.01159586	0.0355034	0.01159586
9930	-211.1852	-217.3994	6.214212	0.02186307	0.006525433	0.01533763	0.006525433
9940	-229.7288	-235.3483	5.619466	0.05775786	0.02842674	0.02933112	0.02842674
9950	-225.9921	-230.8776	4.885448	0.05329478	0.04116107	0.01213371	0.04116107
9960	-223.6847	-229.7612	6.076452	0.04225584	0.008174925	0.03408091	0.008174925
9970	-226.7979	-232.2781	5.480192	0.05656023	0.03679574	0.01976449	0.03679574
9980	-280.6037	-284.638	4.034324	0.08866258	0.01592235	0.07274023	0.01592235
9990	-218.7411	-224.6494	5.908302	0.03856464	0.02167734	0.0168873	0.02167734
10000	-213.1466	-219.4647	6.31814	0.02786077	0.009861627	0.01799914	0.009861627
