Iteration	Posterior	Likelihood	Prior	birth_rate	death_rate	diversification	turnover
0	-253.6849	-257.9798	4.294882	0.09684979	0.05335831	0.04349148	0.05335831
10	-246.1772	-250.0654	3.88823	0.1197883	0.1022274	0.01756086	0.1022274
20	-235.5741	-240.8949	5.320859	0.06658829	0.03311028	0.03347801	0.03311028
30	-215.9934	-221.8771	5.883677	0.03177384	0.002766638	0.0290072	0.002766638
40	-233.4933	-238.7386	5.245371	0.06927549	0.04291211	0.02636338	0.04291211
50	-230.7624	-236.3273	5.564897	0.05942891	0.02943116	0.02999775	0.02943116
60	-273.1577	-275.9287	2.770962	0.169393	0.1243925	0.04500052	0.1243925
70	-250.7486	-255.6279	4.879382	0.07381869	0.02359448	0.05022421	0.02359448
80	-234.8648	-239.8027	4.937971	0.07733344	0.05633973	0.02099371	0.05633973
90	-245.9674	-249.4249	3.457512	0.1212328	0.1083528	0.01288005	0.1083528
100	-227.992	-232.9972	5.005196	0.0596023	0.04523473	0.01436757	0.04523473
110	-255.1789	-260.1079	4.928995	0.06889371	0.01163078	0.05726293	0.01163078
120	-214.0937	-220.4485	6.354829	0.03035	0.01005932	0.02029067	0.01005932
130	-233.3232	-238.0853	4.762042	0.07477062	0.05863238	0.01613824	0.05863238
140	-210.5878	-216.8311	6.243383	0.02258174	0.004498533	0.01808321	0.004498533
150	-222.179	-227.8571	5.678145	0.04603062	0.0287907	0.01723992	0.0287907
160	-213.475	-219.7312	6.256255	0.02798817	0.01104345	0.01694472	0.01104345
170	-243.2848	-248.2694	4.98462	0.0749037	0.03459383	0.04030987	0.03459383
180	-229.7019	-234.843	5.141071	0.06431964	0.0467001	0.01761954	0.0467001
190	-216.1332	-221.6393	5.506168	0.0283619	0.01730163	0.01106027	0.01730163
200	-216.0836	-222.4302	6.346615	0.03387699	0.00926535	0.02461164	0.00926535
210	-230.2803	-235.8246	5.544319	0.05991201	0.03168066	0.02823134	0.03168066
220	-219.9248	-225.6356	5.710796	0.04053619	0.02514641	0.01538978	0.02514641
230	-224.6457	-230.1179	5.47224	0.05164577	0.03473079	0.01691498	0.03473079
240	-216.4731	-222.6488	6.175661	0.03317638	0.004593803	0.02858258	0.004593803
250	-270.1654	-274.1848	4.019405	0.09387063	0.03197014	0.06190049	0.03197014
260	-216.1011	-220.7095	4.608447	0.01520265	0.008107502	0.007095143	0.008107502
270	-215.7312	-222.0635	6.332297	0.03348646	0.01117472	0.02231175	0.01117472
280	-216.3544	-222.123	5.768553	0.0312927	0.01812904	0.01316366	0.01812904
290	-241.5567	-243.6072	2.050476	0.09626331	0.08987916	0.00638415	0.08987916
300	-235.349	-240.8099	5.460898	0.06162138	0.02461451	0.03700686	0.02461451
310	-212.9875	-219.3427	6.355198	0.02852397	0.005794506	0.02272947	0.005794506
320	-243.4395	-248.7885	5.348937	0.05886153	0.008993115	0.04986842	0.008993115
330	-218.979	-225.2345	6.255503	0.0382929	0.0113271	0.0269658	0.0113271
340	-213.6224	-220.0085	6.386123	0.02966071	0.008051007	0.02160971	0.008051007
350	-239.9261	-244.729	4.802898	0.08568723	0.05807433	0.0276129	0.05807433
360	-217.184	-223.0864	5.902395	0.03459402	0.0193568	0.01523722	0.0193568
370	-217.6075	-223.8404	6.232915	0.03499483	0.005951978	0.02904285	0.005951978
380	-222.393	-228.5305	6.13758	0.04151251	0.009435155	0.03207735	0.009435155
390	-240.8754	-246.3046	5.429246	0.05902475	0.01231764	0.04670711	0.01231764
400	-230.306	-235.5541	5.248095	0.0651236	0.04477914	0.02034446	0.04477914
410	-223.1393	-228.7486	5.60936	0.04819246	0.03091235	0.01728011	0.03091235
420	-228.636	-234.4776	5.841646	0.05118137	0.01701627	0.0341651	0.01701627
430	-210.7479	-217.0057	6.257789	0.02224573	0.005290355	0.01695538	0.005290355
440	-252.7199	-257.1864	4.466509	0.08919458	0.04368213	0.04551245	0.04368213
450	-219.6259	-225.4483	5.822422	0.04032887	0.02375528	0.01657359	0.02375528
460	-272.8541	-275.6834	2.829288	0.1643857	0.1186069	0.0457788	0.1186069
470	-232.7806	-237.8741	5.093537	0.07143311	0.05044854	0.02098457	0.05044854
480	-211.8166	-218.0966	6.279965	0.02421182	0.007845694	0.01636612	0.007845694
490	-232.945	-238.1079	5.162897	0.07064795	0.04773029	0.02291766	0.04773029
500	-245.7873	-250.3863	4.598919	0.09098594	0.05576746	0.03521848	0.05576746
510	-266.2218	-269.0148	2.79299	0.1967448	0.1675646	0.02918017	0.1675646
520	-230.3876	-235.8159	5.428323	0.06270065	0.03773795	0.02496271	0.03773795
530	-220.5388	-226.5473	6.008469	0.0426086	0.02120598	0.02140262	0.02120598
540	-212.7581	-219.0527	6.294598	0.02665034	0.009534193	0.01711615	0.009534193
550	-213.6865	-219.8538	6.167327	0.02759331	0.01196608	0.01562723	0.01196608
560	-222.8829	-228.9095	6.026595	0.04546968	0.01860443	0.02686525	0.01860443
570	-222.3511	-228.2413	5.890236	0.04625206	0.02460542	0.02164664	0.02460542
580	-234.5918	-239.6256	5.033708	0.07528332	0.05252135	0.02276196	0.05252135
590	-221.9279	-227.6222	5.694272	0.04546815	0.02826668	0.01720148	0.02826668
600	-224.1888	-230.1834	5.994618	0.04683509	0.0179477	0.02888739	0.0179477
610	-245.5552	-250.8257	5.270448	0.06165055	0.01094385	0.05070671	0.01094385
620	-209.8786	-215.5302	5.651577	0.01905451	0.001978956	0.01707556	0.001978956
630	-245.5007	-249.8543	4.353595	0.104999	0.07815681	0.02684216	0.07815681
640	-231.6353	-237.4209	5.785573	0.0499617	0.009403734	0.04055797	0.009403734
650	-221.6131	-227.7443	6.131191	0.03974181	0.007095872	0.03264594	0.007095872
660	-220.9077	-225.1873	4.279561	0.03450044	0.02682669	0.007673748	0.02682669
670	-231.2634	-236.5999	5.336538	0.0653844	0.04117867	0.02420572	0.04117867
680	-221.6177	-227.7483	6.130662	0.03974104	0.007083388	0.03265765	0.007083388
690	-270.6143	-272.6474	2.033063	0.2621192	0.2427944	0.01932481	0.2427944
700	-213.9224	-220.1792	6.256808	0.02910465	0.01170176	0.01740289	0.01170176
710	-214.8672	-220.9042	6.036968	0.02949761	0.01463613	0.01486148	0.01463613
720	-229.501	-235.2846	5.783602	0.04622261	0.005840483	0.04038213	0.005840483
730	-232.6275	-237.9708	5.343337	0.06617599	0.03879438	0.02738161	0.03879438
740	-226.1023	-230.4233	4.321066	0.05081442	0.04155318	0.009261233	0.04155318
750	-233.8243	-239.3153	5.490925	0.06123444	0.02658746	0.03464698	0.02658746
760	-212.4709	-218.6696	6.198663	0.02738246	0.003800044	0.02358241	0.003800044
770	-220.3837	-226.5507	6.167028	0.04110582	0.01493545	0.02617038	0.01493545
780	-256.5176	-259.9024	3.384798	0.1585007	0.1348569	0.02364378	0.1348569
790	-248.4498	-252.7615	4.311712	0.1043941	0.07165144	0.03274265	0.07165144
800	-221.348	-227.4661	6.11807	0.04271386	0.01613145	0.02658241	0.01613145
810	-215.4592	-221.2156	5.75638	0.02857666	0.01610828	0.01246839	0.01610828
820	-225.097	-230.992	5.895014	0.04201155	0.005016592	0.03699496	0.005016592
830	-233.4123	-237.4864	4.074148	0.07360495	0.06289148	0.01071347	0.06289148
840	-256.4807	-259.4928	3.012086	0.1712217	0.1545979	0.01662379	0.1545979
850	-247.7472	-252.2179	4.470687	0.09559874	0.05967735	0.03592139	0.05967735
860	-219.716	-225.925	6.209017	0.03983256	0.01348932	0.02634323	0.01348932
870	-234.5931	-239.4566	4.86354	0.07762157	0.05851434	0.01910723	0.05851434
880	-327.0443	-327.7723	0.7279758	0.2155343	0.1306923	0.08484196	0.1306923
890	-258.5	-263.3306	4.830653	0.06998452	0.00996185	0.06002267	0.00996185
900	-256.3926	-260.2754	3.882823	0.1188895	0.0803312	0.03855827	0.0803312
910	-230.6148	-235.4407	4.825843	0.04414052	0.001599057	0.04254146	0.001599057
920	-241.3934	-245.7881	4.394683	0.09918075	0.07923255	0.01994821	0.07923255
930	-227.3447	-232.8795	5.534751	0.0571967	0.03535437	0.02184233	0.03535437
940	-231.2461	-236.5714	5.325359	0.06557764	0.04171288	0.02386476	0.04171288
950	-232.8607	-237.8584	4.997747	0.07255145	0.0533669	0.01918455	0.0533669
960	-298.0474	-297.8778	-0.1696837	0.5575613	0.5332809	0.02428041	0.5332809
970	-225.2692	-231.1561	5.886844	0.04969169	0.0220335	0.02765819	0.0220335
980	-228.0851	-233.8078	5.722734	0.05465505	0.02582981	0.02882524	0.02582981
990	-221.1817	-226.7793	5.59757	0.04323136	0.02806016	0.0151712	0.02806016
1000	-246.1481	-250.7336	4.585506	0.09125599	0.0556114	0.0356446	0.0556114
1010	-226.4046	-232.368	5.963429	0.04762783	0.01416908	0.03345875	0.01416908
1020	-237.5901	-242.6746	5.084475	0.07484519	0.04394024	0.03090495	0.04394024
1030	-229.8327	-235.4983	5.66562	0.04567816	0.004449763	0.04122839	0.004449763
1040	-214.6902	-220.858	6.167755	0.03073776	0.004007557	0.0267302	0.004007557
1050	-222.4039	-228.0014	5.597523	0.04635754	0.03003629	0.01632125	0.03003629
1060	-241.584	-246.6169	5.032832	0.07424368	0.0360338	0.03820988	0.0360338
1070	-276.5955	-280.1071	3.511663	0.1100873	0.04722956	0.06285776	0.04722956
1080	-245.7255	-250.1405	4.415025	0.1015887	0.07226525	0.02932343	0.07226525
1090	-215.1578	-221.311	6.153193	0.03127212	0.01444633	0.0168258	0.01444633
1100	-216.5723	-222.6521	6.079799	0.03423929	0.017067	0.01717229	0.017067
1110	-221.1033	-227.2803	6.17705	0.03977159	0.008449383	0.03132221	0.008449383
1120	-243.4087	-247.0235	3.614804	0.110408	0.09782556	0.01258243	0.09782556
1130	-236.5428	-241.4516	4.9088	0.08043651	0.05712799	0.02330852	0.05712799
1140	-214.6097	-220.891	6.281304	0.0309494	0.01218603	0.01876337	0.01218603
1150	-217.7116	-223.7464	6.034811	0.03671213	0.01895283	0.0177593	0.01895283
1160	-219.3355	-225.4142	6.078637	0.03635551	0.004650472	0.03170503	0.004650472
1170	-215.8049	-222.082	6.277138	0.03353278	0.01311477	0.02041801	0.01311477
1180	-240.3668	-245.1635	4.796634	0.08586205	0.05740041	0.02846165	0.05740041
1190	-277.0625	-280.4015	3.338955	0.1180118	0.05687517	0.06113659	0.05687517
1200	-210.9104	-216.905	5.994691	0.01827786	0.004810193	0.01346767	0.004810193
1210	-213.4027	-219.2956	5.892908	0.02832397	0.002516743	0.02580723	0.002516743
1220	-237.9335	-243.303	5.369487	0.06355299	0.02387362	0.03967937	0.02387362
1230	-245.7331	-250.2112	4.478174	0.09796892	0.06660144	0.03136748	0.06660144
1240	-220.591	-226.5722	5.981167	0.04277033	0.02194869	0.02082164	0.02194869
1250	-287.8421	-291.6618	3.81973	0.08454823	0.004837627	0.07971061	0.004837627
1260	-210.4653	-216.3511	5.885856	0.01740456	0.003400351	0.01400421	0.003400351
1270	-241.2596	-245.9976	4.738028	0.08813926	0.05938882	0.02875044	0.05938882
1280	-220.4198	-226.4875	6.067679	0.04215472	0.01936459	0.02279013	0.01936459
1290	-220.3164	-226.1718	5.855411	0.04209988	0.02421316	0.01788673	0.02421316
1300	-218.4902	-224.765	6.274759	0.03701442	0.008986621	0.0280278	0.008986621
1310	-217.4002	-223.592	6.191762	0.03654591	0.01584242	0.02070349	0.01584242
1320	-217.687	-223.5443	5.857276	0.03560079	0.0204623	0.01513849	0.0204623
1330	-213.2149	-219.3865	6.171564	0.02637179	0.01105791	0.01531388	0.01105791
1340	-240.8408	-245.7514	4.910558	0.080354	0.04719858	0.03315542	0.04719858
1350	-215.7491	-222.1013	6.352182	0.03341838	0.009670568	0.02374781	0.009670568
1360	-223.1187	-229.1389	6.020248	0.04575029	0.01854698	0.02720331	0.01854698
1370	-221.3659	-227.0048	5.638879	0.03720339	0.002603051	0.03460034	0.002603051
1380	-265.0828	-268.3298	3.247079	0.1495622	0.1092985	0.04026373	0.1092985
1390	-243.2313	-247.9603	4.729006	0.08702827	0.05382521	0.03320306	0.05382521
1400	-218.6912	-224.9206	6.229419	0.03851658	0.01392361	0.02459298	0.01392361
1410	-213.7769	-218.9619	5.185082	0.01292793	0.003502043	0.009425883	0.003502043
1420	-286.1417	-288.0922	1.950506	0.2107849	0.1597769	0.05100801	0.1597769
1430	-279.7508	-281.2305	1.479692	0.3244746	0.3003222	0.02415241	0.3003222
1440	-215.2113	-221.4948	6.28344	0.03230729	0.01264397	0.01966331	0.01264397
1450	-263.7238	-266.7003	2.976498	0.1840637	0.1554966	0.02856709	0.1554966
1460	-220.103	-226.2696	6.166582	0.03793625	0.00648134	0.03145491	0.00648134
1470	-245.3121	-249.9769	4.664805	0.08800403	0.05194389	0.03606014	0.05194389
1480	-245.649	-250.2368	4.587762	0.09179025	0.05722086	0.03456939	0.05722086
1490	-266.4831	-269.2068	2.723644	0.2037854	0.1761038	0.02768159	0.1761038
1500	-241.2997	-246.6895	5.389768	0.06059908	0.01434689	0.04625219	0.01434689
1510	-229.0989	-234.7339	5.634984	0.05718348	0.02881869	0.02836479	0.02881869
1520	-222.883	-228.9758	6.092806	0.04115465	0.007453341	0.03370131	0.007453341
1530	-223.0087	-228.9265	5.917771	0.04706451	0.02342697	0.02363754	0.02342697
1540	-228.4445	-234.0654	5.620877	0.05717651	0.03074256	0.02643395	0.03074256
1550	-220.0857	-226.3017	6.21595	0.03981294	0.01181262	0.02800033	0.01181262
1560	-213.3502	-219.1201	5.769906	0.02182553	0.01042964	0.01139589	0.01042964
1570	-252.0352	-255.5946	3.559351	0.1436493	0.123984	0.01966532	0.123984
1580	-241.9828	-247.0328	5.050018	0.07321116	0.0337807	0.03943046	0.0337807
1590	-237.4841	-242.8396	5.355499	0.0643144	0.02586321	0.03845119	0.02586321
1600	-240.1952	-244.6718	4.476613	0.09513942	0.07536642	0.019773	0.07536642
1610	-235.0791	-239.6533	4.574203	0.08025567	0.06477569	0.01547998	0.06477569
1620	-241.0744	-246.3594	5.285046	0.06481288	0.02149799	0.04331489	0.02149799
1630	-219.1128	-225.3308	6.218079	0.03913226	0.01398043	0.02515183	0.01398043
1640	-241.9845	-247.2383	5.253754	0.06541572	0.02126185	0.04415387	0.02126185
1650	-211.8313	-218.1542	6.322957	0.02492796	0.007528921	0.01739904	0.007528921
1660	-258.8615	-261.9374	3.075857	0.1775117	0.1567176	0.02079413	0.1567176
1670	-227.8775	-233.1125	5.234954	0.05960834	0.04262372	0.01698463	0.04262372
1680	-253.2174	-258.2174	5	0.06492549	0.007797706	0.05712779	0.007797706
1690	-215.1988	-221.5385	6.339698	0.0325142	0.01095677	0.02155742	0.01095677
1700	-211.4125	-217.6826	6.270179	0.0253308	0.004327996	0.0210028	0.004327996
1710	-234.5949	-239.8343	5.239353	0.06974711	0.04104009	0.02870702	0.04104009
1720	-215.6911	-222.0432	6.352071	0.03310716	0.008077902	0.02502926	0.008077902
1730	-225.6297	-231.4853	5.855636	0.05053853	0.0230801	0.02745843	0.0230801
1740	-212.0784	-218.3701	6.291751	0.02498538	0.008311472	0.0166739	0.008311472
1750	-218.131	-223.7961	5.665044	0.03546438	0.02199891	0.01346547	0.02199891
1760	-220.4568	-226.2503	5.793587	0.0422355	0.02517999	0.01705551	0.02517999
1770	-219.585	-225.8203	6.235334	0.03822548	0.008760286	0.0294652	0.008760286
1780	-227.7252	-233.2261	5.500896	0.05814992	0.03644542	0.0217045	0.03644542
1790	-238.0652	-242.091	4.025764	0.09010229	0.07751647	0.01258581	0.07751647
1800	-243.8465	-248.1381	4.291669	0.1062326	0.08450233	0.02173024	0.08450233
1810	-253.2102	-258.0539	4.843663	0.07370427	0.0207182	0.05298607	0.0207182
1820	-216.1895	-222.4533	6.263736	0.03427272	0.01360692	0.0206658	0.01360692
1830	-219.0195	-225.2511	6.23166	0.03884617	0.01329487	0.0255513	0.01329487
1840	-255.3217	-259.8586	4.536852	0.08376501	0.03295718	0.05080783	0.03295718
1850	-232.1065	-237.8561	5.749593	0.04942114	0.007732029	0.04168912	0.007732029
1860	-219.6776	-225.2637	5.586178	0.0391683	0.02532466	0.01384363	0.02532466
1870	-217.1169	-223.3931	6.276242	0.03595577	0.01307331	0.02288246	0.01307331
1880	-241.5966	-246.0516	4.455006	0.09835095	0.07680365	0.02154731	0.07680365
1890	-214.162	-220.0367	5.87467	0.02581403	0.01315583	0.0126582	0.01315583
1900	-224.432	-230.4518	6.019821	0.04620925	0.01565849	0.03055076	0.01565849
1910	-218.2144	-223.9552	5.740851	0.03621517	0.02194259	0.01427258	0.02194259
1920	-217.469	-223.7614	6.292403	0.0363379	0.01181122	0.02452668	0.01181122
1930	-224.1227	-230.1941	6.071337	0.04316669	0.009257758	0.03390893	0.009257758
1940	-231.0139	-236.5003	5.486359	0.06169136	0.0335831	0.02810826	0.0335831
1950	-226.3011	-232.2839	5.982838	0.04491967	0.008627724	0.03629194	0.008627724
1960	-237.7761	-242.6642	4.888091	0.08209389	0.05680191	0.02529199	0.05680191
1970	-215.7567	-222.0758	6.319119	0.03353344	0.01175791	0.02177553	0.01175791
1980	-245.8966	-250.4003	4.503746	0.09627853	0.06370235	0.03257618	0.06370235
1990	-256.5146	-260.3844	3.869761	0.1196077	0.08114355	0.03846411	0.08114355
2000	-219.9103	-225.4313	5.521055	0.03940284	0.0259948	0.01340804	0.0259948
2010	-237.9784	-243.4359	5.457459	0.06030972	0.0183038	0.04200591	0.0183038
2020	-241.1195	-246.5488	5.429285	0.05852072	0.01119686	0.04732386	0.01119686
2030	-227.9079	-233.714	5.806126	0.05241203	0.02123861	0.03117342	0.02123861
2040	-216.773	-222.0677	5.294628	0.03167724	0.001541515	0.03013572	0.001541515
2050	-230.108	-235.526	5.418011	0.06261339	0.03852199	0.0240914	0.03852199
2060	-235.2884	-240.8482	5.559769	0.058106	0.01847448	0.03963152	0.01847448
2070	-238.1889	-243.3187	5.129881	0.07266003	0.03898722	0.03367281	0.03898722
2080	-239.7563	-244.8289	5.072636	0.07397939	0.03850252	0.03547687	0.03850252
2090	-219.5983	-225.4587	5.860339	0.04042413	0.02331187	0.01711227	0.02331187
2100	-240.2882	-245.4693	5.181084	0.06918092	0.02974471	0.03943622	0.02974471
2110	-254.4929	-258.5336	4.040738	0.1114581	0.07270265	0.03875541	0.07270265
2120	-222.6217	-228.7201	6.098434	0.04377508	0.01464014	0.02913494	0.01464014
2130	-214.8754	-221.0189	6.143516	0.03047656	0.01410619	0.01637037	0.01410619
2140	-210.5373	-216.7633	6.226068	0.02260251	0.004230801	0.01837171	0.004230801
2150	-237.1062	-242.043	4.936737	0.08019593	0.05495445	0.02524148	0.05495445
2160	-214.4243	-220.7931	6.368848	0.03105301	0.007136897	0.02391612	0.007136897
2170	-219.9105	-226.0646	6.154078	0.04077744	0.01627001	0.02450743	0.01627001
2180	-214.9315	-221.2718	6.340316	0.03199461	0.01091112	0.02108348	0.01091112
2190	-257.3137	-262.0009	4.687252	0.0770085	0.02121086	0.05579764	0.02121086
2200	-245.7196	-249.8331	4.113496	0.1143279	0.09337067	0.02095718	0.09337067
2210	-233.1426	-238.3348	5.192231	0.07030626	0.04622423	0.02408203	0.04622423
2220	-237.0766	-241.1889	4.112328	0.08668035	0.0740151	0.01266525	0.0740151
2230	-257.0113	-260.5372	3.525885	0.147796	0.1188216	0.02897444	0.1188216
2240	-212.9697	-219.2707	6.301051	0.02724104	0.00981282	0.01742822	0.00981282
2250	-259.5257	-264.0926	4.566932	0.06620075	0.003823564	0.06237718	0.003823564
2260	-228.325	-233.8863	5.561349	0.05819386	0.03377151	0.02442236	0.03377151
2270	-255.2879	-258.7392	3.451302	0.1539454	0.1310839	0.02286148	0.1310839
2280	-210.4131	-215.5259	5.112737	0.01625733	0.001355842	0.01490148	0.001355842
2290	-268.0059	-269.5592	1.553303	0.255334	0.2433304	0.0120036	0.2433304
2300	-223.0991	-228.7528	5.653683	0.04815743	0.03021931	0.01793812	0.03021931
2310	-219.0881	-225.3366	6.248493	0.03855041	0.01175961	0.0267908	0.01175961
2320	-213.0341	-219.2465	6.212375	0.0283542	0.003992517	0.02436169	0.003992517
2330	-227.0705	-232.9442	5.873634	0.04416304	0.005817193	0.03834584	0.005817193
2340	-225.5967	-231.5451	5.948404	0.048315	0.01765415	0.03066085	0.01765415
2350	-255.7315	-259.9956	4.264184	0.09575627	0.04936006	0.04639621	0.04936006
2360	-225.1553	-231.1085	5.95322	0.04255582	0.005956087	0.03659973	0.005956087
2370	-233.3065	-238.9957	5.689236	0.05430006	0.01474035	0.03955971	0.01474035
2380	-214.5409	-220.8487	6.307799	0.0309852	0.01161374	0.01937145	0.01161374
2390	-224.3902	-229.8994	5.509192	0.05106701	0.03389056	0.01717645	0.03389056
2400	-238.0833	-243.3879	5.304592	0.06585526	0.02755366	0.0383016	0.02755366
2410	-228.3061	-234.0394	5.733258	0.05444172	0.0247572	0.02968452	0.0247572
2420	-233.5855	-238.6235	5.038034	0.07361202	0.05252485	0.02108717	0.05252485
2430	-218.1801	-224.4025	6.222402	0.0357216	0.006154368	0.02956723	0.006154368
2440	-211.4759	-217.8126	6.336696	0.02523537	0.005454358	0.01978101	0.005454358
2450	-255.2332	-259.5769	4.343667	0.09235408	0.04518594	0.04716814	0.04518594
2460	-267.8245	-271.3259	3.501488	0.1218774	0.07081755	0.05105981	0.07081755
2470	-222.5215	-228.276	5.754475	0.04690285	0.02793453	0.01896832	0.02793453
2480	-242.9855	-247.7176	4.732162	0.0871186	0.05439887	0.03271974	0.05439887
2490	-213.1139	-218.7946	5.680761	0.01955909	0.008834235	0.01072485	0.008834235
2500	-229.7585	-235.569	5.810538	0.0518021	0.01607924	0.03572287	0.01607924
2510	-216.2548	-222.5324	6.277627	0.03442788	0.01321429	0.02121358	0.01321429
2520	-214.8518	-221.2235	6.371669	0.03183772	0.008141435	0.02369628	0.008141435
2530	-225.6294	-231.2299	5.600527	0.05365763	0.03319103	0.0204666	0.03319103
2540	-241.9638	-246.4659	4.502127	0.0975664	0.07418785	0.02337855	0.07418785
2550	-259.9084	-264.429	4.520575	0.08148223	0.02492526	0.05655697	0.02492526
2560	-219.2938	-225.3918	6.098076	0.04015215	0.01863792	0.02151423	0.01863792
2570	-216.7698	-222.6987	5.928888	0.03369797	0.01850731	0.01519066	0.01850731
2580	-219.4349	-224.5657	5.130815	0.03547818	0.02499847	0.0104797	0.02499847
2590	-219.8385	-225.9774	6.138882	0.04082083	0.01700523	0.0238156	0.01700523
2600	-218.5094	-224.0814	5.57202	0.03586145	0.02295333	0.01290812	0.02295333
2610	-213.0575	-219.3495	6.292041	0.02734936	0.01004773	0.01730163	0.01004773
2620	-217.8305	-222.1117	4.281173	0.02349597	0.01663309	0.006862873	0.01663309
2630	-225.6862	-231.0406	5.354412	0.05409204	0.03772718	0.01636486	0.03772718
2640	-227.186	-232.4247	5.238716	0.05782928	0.04150368	0.01632561	0.04150368
2650	-214.4332	-220.3137	5.880426	0.02670673	0.0138259	0.01288083	0.0138259
2660	-275.9969	-278.1447	2.147738	0.2389462	0.204583	0.03436318	0.204583
2670	-221.0186	-226.8771	5.85848	0.04368274	0.02482111	0.01886163	0.02482111
2680	-212.7395	-218.7888	6.049297	0.02351648	0.01000597	0.01351051	0.01000597
2690	-239.7199	-244.6056	4.885704	0.08223834	0.05251291	0.02972543	0.05251291
2700	-241.4749	-246.5386	5.063706	0.07303587	0.03425005	0.03878582	0.03425005
2710	-228.8557	-234.3143	5.45862	0.06038632	0.03767096	0.02271536	0.03767096
2720	-217.4723	-223.7808	6.308498	0.03580786	0.009263194	0.02654467	0.009263194
2730	-225.3738	-230.9617	5.587887	0.05320763	0.03339592	0.0198117	0.03339592
2740	-255.7421	-260.1552	4.41318	0.08861283	0.03935037	0.04926246	0.03935037
2750	-242.2612	-247.0344	4.773216	0.0857376	0.05346483	0.03227277	0.05346483
2760	-212.7706	-219.027	6.256406	0.02621101	0.009848777	0.01636224	0.009848777
2770	-226.3689	-232.2905	5.921655	0.04378904	0.00626096	0.03752808	0.00626096
2780	-221.5799	-227.4761	5.89613	0.04482229	0.02434257	0.02047972	0.02434257
2790	-225.9253	-231.9125	5.987179	0.04691237	0.01364929	0.03326309	0.01364929
2800	-264.5281	-266.7455	2.217404	0.2251562	0.2101509	0.01500532	0.2101509
2810	-219.3614	-225.5775	6.21608	0.03941084	0.01369807	0.02571277	0.01369807
2820	-221.7216	-227.2785	5.556885	0.03738478	0.002397717	0.03498707	0.002397717
2830	-219.6405	-225.763	6.122546	0.04064101	0.01776388	0.02287713	0.01776388
2840	-281.5358	-285.6283	4.092455	0.08572071	0.01127383	0.07444688	0.01127383
2850	-246.8762	-251.8682	4.992014	0.07204605	0.02546247	0.04658359	0.02546247
2860	-269.4445	-273.4136	3.969109	0.09625908	0.03581837	0.06044071	0.03581837
2870	-232.5284	-237.6849	5.15653	0.07014419	0.04815004	0.02199415	0.04815004
2880	-220.2299	-226.1252	5.895383	0.04199956	0.02351606	0.01848349	0.02351606
2890	-224.8452	-230.629	5.783769	0.05091699	0.02736153	0.02355546	0.02736153
2900	-231.5518	-237.3215	5.769706	0.04894871	0.007696109	0.04125261	0.007696109
2910	-213.6962	-218.9722	5.27598	0.01382432	0.004509831	0.009314489	0.004509831
2920	-217.3818	-223.1267	5.74487	0.03397965	0.02030385	0.0136758	0.02030385
2930	-245.7191	-250.232	4.512955	0.09597173	0.06353603	0.0324357	0.06353603
2940	-214.2923	-220.6432	6.350854	0.03074335	0.006330943	0.02441241	0.006330943
2950	-225.7088	-231.107	5.398186	0.05419918	0.03720442	0.01699477	0.03720442
2960	-223.0099	-228.429	5.419042	0.04725961	0.03253092	0.01472869	0.03253092
2970	-220.5669	-226.7009	6.133994	0.04175701	0.01646466	0.02529235	0.01646466
2980	-228.6364	-233.8029	5.166507	0.04303692	0.002069879	0.04096704	0.002069879
2990	-216.8762	-223.0553	6.179035	0.03544027	0.01589617	0.0195441	0.01589617
3000	-261.9676	-264.7974	2.829757	0.1959159	0.1750319	0.02088394	0.1750319
3010	-224.945	-230.6897	5.744733	0.05145771	0.02875795	0.02269976	0.02875795
3020	-224.7218	-230.7574	6.035664	0.04556234	0.01336757	0.03219477	0.01336757
3030	-229.9633	-235.7303	5.766951	0.04660976	0.005852483	0.04075727	0.005852483
3040	-220.7416	-226.9299	6.18822	0.03932461	0.008287214	0.0310374	0.008287214
3050	-212.0495	-218.403	6.353471	0.02590329	0.007460289	0.018443	0.007460289
3060	-222.6852	-228.6614	5.976135	0.04602755	0.02131413	0.02471342	0.02131413
3070	-217.8551	-223.9668	6.111647	0.03468872	0.00444421	0.03024451	0.00444421
3080	-259.0619	-263.1558	4.093969	0.1004266	0.05197887	0.04844769	0.05197887
3090	-213.3628	-219.5065	6.143733	0.02873733	0.003580356	0.02515698	0.003580356
3100	-220.0646	-226.1879	6.123373	0.03751733	0.00557678	0.03194055	0.00557678
3110	-220.6494	-226.8037	6.154323	0.04153873	0.01522977	0.02630895	0.01522977
3120	-262.5939	-264.6462	2.052258	0.2142066	0.2018847	0.01232189	0.2018847
3130	-240.4552	-245.7821	5.326941	0.06364752	0.02043106	0.04321646	0.02043106
3140	-214.1898	-220.536	6.346156	0.03049111	0.01039442	0.02009669	0.01039442
3150	-226.7636	-232.7165	5.952896	0.04784094	0.01385946	0.03398147	0.01385946
3160	-222.0945	-225.1186	3.024095	0.03099096	0.02568077	0.005310183	0.02568077
3170	-242.7597	-247.2354	4.475777	0.09914845	0.07485302	0.02429543	0.07485302
3180	-245.214	-248.5565	3.342537	0.1178528	0.1061439	0.01170889	0.1061439
3190	-210.3421	-216.5168	6.174657	0.02196238	0.003838382	0.018124	0.003838382
3200	-240.3831	-243.7756	3.392517	0.09731829	0.08729863	0.01001965	0.08729863
3210	-211.1263	-217.257	6.130742	0.02464696	0.003288488	0.02135847	0.003288488
3220	-219.9079	-225.9163	6.008471	0.04142196	0.02108357	0.02033839	0.02108357
3230	-261.9523	-265.2672	3.314874	0.1537497	0.1188979	0.03485175	0.1188979
3240	-216.8491	-222.8347	5.985586	0.03430694	0.01828912	0.01601782	0.01828912
3250	-219.462	-225.6907	6.228678	0.03924992	0.01255806	0.02669186	0.01255806
3260	-212.57	-218.9487	6.378767	0.02741978	0.007517658	0.01990213	0.007517658
3270	-222.853	-228.4304	5.577391	0.04741932	0.03091357	0.01650575	0.03091357
3280	-251.1967	-255.2192	4.022473	0.1196211	0.08932528	0.03029583	0.08932528
3290	-231.3012	-236.9199	5.618693	0.05773463	0.02480741	0.03292722	0.02480741
3300	-233.0228	-238.2799	5.257113	0.0686876	0.04301669	0.0256709	0.04301669
3310	-240.2107	-245.2243	5.013635	0.07618813	0.0414049	0.03478322	0.0414049
3320	-226.656	-232.4464	5.790405	0.0524816	0.02477999	0.02770161	0.02477999
3330	-221.8072	-227.5501	5.742881	0.04529035	0.02745676	0.01783359	0.02745676
3340	-232.1763	-237.4894	5.313087	0.06671592	0.04125027	0.02546565	0.04125027
3350	-216.032	-222.3563	6.324357	0.03336249	0.007022421	0.02634007	0.007022421
3360	-212.9622	-218.9603	5.998172	0.02353438	0.01042996	0.01310442	0.01042996
3370	-226.7573	-232.7224	5.965004	0.04531472	0.008590359	0.03672436	0.008590359
3380	-234.2211	-239.8993	5.67826	0.05139176	0.00820949	0.04318227	0.00820949
3390	-211.8922	-218.1261	6.233842	0.02370336	0.008164357	0.01553901	0.008164357
3400	-219.0412	-225.1321	6.09088	0.03969656	0.01881257	0.02088399	0.01881257
3410	-219.4142	-225.4661	6.051819	0.04043605	0.01988522	0.02055083	0.01988522
3420	-212.3556	-218.6592	6.303685	0.02580295	0.008743371	0.01705958	0.008743371
3430	-250.2421	-255.1585	4.91644	0.07277838	0.02261763	0.05016075	0.02261763
3440	-210.7226	-215.9853	5.262726	0.01540816	0.001671001	0.01373716	0.001671001
3450	-233.9899	-239.3096	5.319742	0.0670789	0.03727261	0.02980629	0.03727261
3460	-212.8695	-217.787	4.91745	0.01262532	0.001718676	0.01090665	0.001718676
3470	-228.2943	-232.9525	4.65818	0.04193973	0.00129486	0.04064487	0.00129486
3480	-243.1819	-248.2118	5.029894	0.07312095	0.03192702	0.04119393	0.03192702
3490	-237.5249	-243.075	5.550143	0.05371023	0.007790307	0.04591992	0.007790307
3500	-243.7029	-248.3553	4.652404	0.09055451	0.05860637	0.03194814	0.05860637
3510	-258.5086	-261.222	2.713399	0.1850847	0.1700317	0.015053	0.1700317
3520	-225.4904	-231.0472	5.556752	0.05355131	0.03418264	0.01936867	0.03418264
3530	-246.6102	-251.3915	4.781309	0.08081446	0.03912887	0.04168559	0.03912887
3540	-212.259	-218.5255	6.26653	0.02506219	0.008820202	0.01624199	0.008820202
3550	-235.6556	-241.284	5.628356	0.0546356	0.01184431	0.04279129	0.01184431
3560	-260.062	-263.9648	3.902768	0.1099432	0.06369395	0.04624921	0.06369395
3570	-224.58	-230.3694	5.789386	0.05049529	0.02731024	0.02318506	0.02731024
3580	-312.5553	-315.6914	3.136102	0.1074306	0.01510983	0.09232078	0.01510983
3590	-245.775	-250.356	4.580997	0.09200487	0.05734621	0.03465867	0.05734621
3600	-260.318	-264.8135	4.495517	0.082148	0.02544812	0.05669988	0.02544812
3610	-239.9471	-245.1267	5.179616	0.06946578	0.03072545	0.03874033	0.03072545
3620	-227.5639	-232.4598	4.895896	0.05799647	0.04488925	0.01310722	0.04488925
3630	-231.4279	-236.4342	5.00626	0.06904439	0.051507	0.01753739	0.051507
3640	-214.2453	-220.4954	6.250093	0.02983229	0.01221472	0.01761757	0.01221472
3650	-213.996	-220.2654	6.269463	0.02940285	0.01165474	0.01774811	0.01165474
3660	-255.825	-260.4273	4.602321	0.08089465	0.02832115	0.0525735	0.02832115
3670	-261.7735	-264.7052	2.931684	0.1897989	0.1669764	0.02282249	0.1669764
3680	-223.6844	-229.5745	5.890119	0.04822682	0.02400346	0.02422336	0.02400346
3690	-217.7737	-222.6526	4.878939	0.02843676	0.01972988	0.008706879	0.01972988
3700	-268.5568	-271.2772	2.720403	0.1962726	0.1633057	0.03296686	0.1633057
3710	-249.6294	-254.3462	4.716814	0.08089806	0.03538836	0.0455097	0.03538836
3720	-230.6277	-236.355	5.727357	0.04699784	0.005587053	0.04141078	0.005587053
3730	-267.259	-269.6841	2.42517	0.229771	0.2082758	0.02149518	0.2082758
3740	-245.4943	-250.0051	4.510812	0.09637367	0.06455225	0.03182142	0.06455225
3750	-230.7059	-236.0262	5.320253	0.06496946	0.04228708	0.02268238	0.04228708
3760	-243.8912	-248.8503	4.959154	0.07547954	0.03464466	0.04083487	0.03464466
3770	-215.0874	-221.4104	6.322992	0.03223919	0.01154571	0.02069348	0.01154571
3780	-246.0891	-249.8488	3.759734	0.1207394	0.1049556	0.01578388	0.1049556
3790	-211.1523	-216.9611	5.80879	0.0164731	0.003953957	0.01251914	0.003953957
3800	-257.8913	-261.9565	4.065181	0.1036835	0.05775389	0.04592965	0.05775389
3810	-242.4506	-247.3545	4.903901	0.07920967	0.04265808	0.0365516	0.04265808
3820	-217.0636	-223.3791	6.315537	0.03553748	0.01062066	0.02491682	0.01062066
3830	-210.8254	-217.0861	6.260781	0.02229202	0.005520791	0.01677122	0.005520791
3840	-218.8125	-225.075	6.262453	0.03733901	0.008787302	0.02855171	0.008787302
3850	-218.0699	-224.2842	6.21433	0.0377287	0.01509986	0.02262884	0.01509986
3860	-214.8122	-220.7037	5.891511	0.02794909	0.01471265	0.01323644	0.01471265
3870	-216.6392	-222.8662	6.227087	0.03508884	0.01470793	0.02038091	0.01470793
3880	-231.743	-236.6925	4.949459	0.0700255	0.05297418	0.01705131	0.05297418
3890	-259.9116	-262.1004	2.18879	0.1963147	0.1845253	0.01178947	0.1845253
3900	-224.6172	-229.6489	5.031623	0.04996106	0.0375473	0.01241375	0.0375473
3910	-237.4934	-242.7941	5.300705	0.06634324	0.0293287	0.03701455	0.0293287
3920	-232.9224	-238.1013	5.178895	0.07032325	0.04703649	0.02328676	0.04703649
3930	-223.5271	-228.9585	5.431404	0.04867983	0.03337798	0.01530185	0.03337798
3940	-230.5849	-236.101	5.516087	0.04570481	0.003549438	0.04215537	0.003549438
3950	-223.0973	-227.9083	4.811006	0.04432519	0.03395699	0.0103682	0.03395699
3960	-220.9847	-226.4117	5.427078	0.04179784	0.02848409	0.01331375	0.02848409
3970	-229.1909	-234.9948	5.803907	0.05228342	0.01815396	0.03412946	0.01815396
3980	-240.578	-244.3453	3.767293	0.09918132	0.08704879	0.01213253	0.08704879
3990	-268.2678	-272.0129	3.745135	0.1072676	0.0514465	0.05582111	0.0514465
4000	-222.4199	-227.9509	5.531083	0.03802443	0.002398484	0.03562595	0.002398484
4010	-217.6756	-223.9757	6.300156	0.03636469	0.01047674	0.02588795	0.01047674
4020	-265.8753	-269.1926	3.317302	0.1404452	0.09671601	0.04372917	0.09671601
4030	-248.2609	-253.2253	4.964397	0.07221029	0.0240517	0.04815859	0.0240517
4040	-222.115	-228.2647	6.149761	0.04168579	0.01059532	0.03109047	0.01059532
4050	-239.3281	-244.4149	5.086803	0.0736924	0.03874486	0.03494754	0.03874486
4060	-253.4397	-257.9896	4.549879	0.08473068	0.03644739	0.04828329	0.03644739
4070	-235.1664	-240.6169	5.450467	0.04972217	0.004268001	0.04545417	0.004268001
4080	-222.0993	-227.6977	5.598373	0.04559342	0.0295637	0.01602971	0.0295637
4090	-264.8419	-269.1735	4.331627	0.08553079	0.02571037	0.05982042	0.02571037
4100	-223.352	-229.1884	5.836347	0.04823962	0.02614418	0.02209545	0.02614418
4110	-274.9217	-278.6985	3.776788	0.1001974	0.0359702	0.06422725	0.0359702
4120	-222.5658	-228.6407	6.074908	0.04433052	0.01639583	0.02793469	0.01639583
4130	-257.4983	-262.0236	4.525343	0.08271587	0.02913559	0.05358028	0.02913559
4140	-249.1845	-254.1893	5.004798	0.07021215	0.01996405	0.0502481	0.01996405
4150	-224.4592	-230.4177	5.958533	0.04776121	0.01954401	0.02821719	0.01954401
4160	-212.5302	-218.8415	6.311318	0.02764399	0.004897333	0.02274666	0.004897333
4170	-214.4949	-220.5201	6.025154	0.02835561	0.01394106	0.01441455	0.01394106
4180	-232.6142	-238.3124	5.698144	0.05445321	0.01613903	0.03831418	0.01613903
4190	-251.1099	-253.0442	1.934303	0.1424602	0.1346101	0.007850069	0.1346101
4200	-238.2262	-243.7611	5.534989	0.05640875	0.01138261	0.04502613	0.01138261
4210	-222.1833	-227.784	5.600672	0.04581371	0.02967126	0.01614244	0.02967126
4220	-274.3086	-277.5766	3.268005	0.125733	0.06920068	0.05653232	0.06920068
4230	-234.466	-239.3768	4.910818	0.07687814	0.0570623	0.01981584	0.0570623
4240	-230.9383	-236.5556	5.617326	0.05783993	0.02578066	0.03205927	0.02578066
4250	-300.9052	-304.4404	3.535179	0.09737874	0.01116128	0.08621746	0.01116128
4260	-242.921	-247.7756	4.854645	0.08107496	0.0448827	0.03619226	0.0448827
4270	-228.5482	-233.4049	4.856723	0.06078218	0.0473792	0.01340298	0.0473792
4280	-225.6874	-230.7401	5.052649	0.05314614	0.03993267	0.01321347	0.03993267
4290	-268.9741	-272.5282	3.554119	0.1167249	0.06300777	0.05371717	0.06300777
4300	-222.7142	-227.7617	5.047471	0.04453342	0.03301326	0.01152015	0.03301326
4310	-219.6397	-225.2196	5.579953	0.03902715	0.02527054	0.01375661	0.02527054
4320	-248.8289	-253.5581	4.729205	0.08106425	0.03662645	0.0444378	0.03662645
4330	-250.6805	-255.7541	5.073593	0.06272815	0.007115448	0.0556127	0.007115448
4340	-214.6691	-221.0324	6.363293	0.03143482	0.007125261	0.02430956	0.007125261
4350	-220.8768	-226.9789	6.102074	0.03840711	0.005727258	0.03267985	0.005727258
4360	-255.3625	-259.9137	4.551204	0.08316525	0.03205876	0.05110649	0.03205876
4370	-211.9389	-217.634	5.695132	0.01587993	0.004584015	0.01129592	0.004584015
4380	-219.8363	-225.7476	5.911326	0.04115204	0.02289584	0.0182562	0.02289584
4390	-265.7898	-270.2731	4.483365	0.07985293	0.01699294	0.06285998	0.01699294
4400	-212.542	-218.7057	6.163762	0.0244377	0.009668537	0.01476916	0.009668537
4410	-289.3645	-289.9322	0.5676734	0.4418581	0.4190685	0.02278959	0.4190685
4420	-275.0048	-278.8364	3.831634	0.09805801	0.03310075	0.06495726	0.03310075
4430	-225.9208	-231.1568	5.236063	0.0544541	0.0393137	0.0151404	0.0393137
4440	-225.9208	-231.7446	5.823795	0.05135854	0.02426915	0.02708939	0.02426915
4450	-229.3588	-235.1398	5.781069	0.0529902	0.01925674	0.03373346	0.01925674
4460	-256.9645	-261.5744	4.609976	0.0799298	0.02574207	0.05418773	0.02574207
4470	-216.9728	-222.9175	5.944665	0.03434084	0.01875963	0.01558121	0.01875963
4480	-248.6288	-252.6217	3.992866	0.1225823	0.09917265	0.0234097	0.09917265
4490	-220.7685	-226.8868	6.11831	0.04216969	0.01698396	0.02518573	0.01698396
4500	-220.2972	-226.484	6.186864	0.04067754	0.01381254	0.02686501	0.01381254
4510	-229.9769	-235.3801	5.403196	0.06270824	0.03927906	0.02342918	0.03927906
4520	-228.3034	-233.8584	5.555003	0.05827368	0.03407373	0.02419995	0.03407373
4530	-287.0489	-290.9845	3.935619	0.08872479	0.01076758	0.07795721	0.01076758
4540	-239.7379	-244.1155	4.377581	0.0951013	0.07759009	0.01751121	0.07759009
4550	-218.6372	-224.7752	6.137981	0.03889538	0.01748336	0.02141202	0.01748336
4560	-234.508	-239.846	5.338008	0.06635417	0.03477726	0.03157691	0.03477726
4570	-216.5999	-222.7847	6.184753	0.03486475	0.01559853	0.01926622	0.01559853
4580	-267.796	-270.1961	2.400086	0.2323318	0.2104109	0.02192088	0.2104109
4590	-223.5471	-229.5308	5.983657	0.04671942	0.01979856	0.02692085	0.01979856
4600	-262.5324	-266.0536	3.521242	0.1323133	0.09026789	0.04204538	0.09026789
4610	-224.1074	-230.0315	5.924087	0.04107442	0.004916745	0.03615768	0.004916745
4620	-235.0585	-239.8507	4.792234	0.07932054	0.06084647	0.01847407	0.06084647
4630	-274.1394	-278.1068	3.967481	0.09361255	0.02802329	0.06558926	0.02802329
4640	-247.9567	-251.9566	3.999901	0.1215535	0.09926564	0.02228784	0.09926564
4650	-213.7488	-220.1345	6.385701	0.02990679	0.008063576	0.02184321	0.008063576
4660	-231.777	-236.8186	5.04161	0.06975316	0.05122755	0.01852561	0.05122755
4670	-211.852	-217.9502	6.098214	0.02162551	0.007881172	0.01374433	0.007881172
4680	-248.7267	-253.5127	4.785994	0.07875529	0.03331826	0.04543703	0.03331826
4690	-223.4622	-229.4645	6.002277	0.04631484	0.01893432	0.02738052	0.01893432
4700	-227.7095	-233.6239	5.914428	0.04569455	0.007673954	0.0380206	0.007673954
4710	-227.4755	-233.1898	5.714287	0.0545764	0.0274284	0.027148	0.0274284
4720	-276.3554	-279.6951	3.339724	0.1188008	0.05852446	0.06027631	0.05852446
4730	-236.8941	-242.483	5.588887	0.05428455	0.009558853	0.0447257	0.009558853
4740	-217.4349	-223.6321	6.197168	0.03661814	0.01570778	0.02091035	0.01570778
4750	-221.9586	-228.1113	6.152697	0.04098532	0.009245491	0.03173983	0.009245491
4760	-256.6697	-261.5332	4.863529	0.07073163	0.01281628	0.05791535	0.01281628
4770	-216.8411	-223.142	6.300861	0.03540937	0.01207231	0.02333706	0.01207231
4780	-220.6422	-226.1563	5.514151	0.04135821	0.02749407	0.01386414	0.02749407
4790	-247.7605	-252.1598	4.399285	0.09992087	0.06611095	0.03380992	0.06611095
4800	-246.8202	-251.779	4.958782	0.07332801	0.02748856	0.04583945	0.02748856
4810	-213.8123	-220.1417	6.329427	0.02952017	0.01048623	0.01903395	0.01048623
4820	-219.824	-225.0136	5.189582	0.03483211	0.001550515	0.03328159	0.001550515
4830	-215.9922	-221.8222	5.830016	0.03078437	0.01730305	0.01348131	0.01730305
4840	-238.1782	-243.0213	4.843096	0.08374289	0.05887302	0.02486987	0.05887302
4850	-218.164	-224.3231	6.159171	0.03529623	0.005088179	0.03020805	0.005088179
4860	-221.9957	-228.1012	6.105486	0.03996605	0.006735654	0.03323039	0.006735654
4870	-241.5716	-246.0119	4.440367	0.09864232	0.0774649	0.02117742	0.0774649
4880	-232.3308	-237.9276	5.596765	0.0581714	0.0236255	0.03454591	0.0236255
4890	-241.8653	-246.9485	5.083224	0.07194701	0.03192403	0.04002298	0.03192403
4900	-223.6578	-229.2357	5.577829	0.04938676	0.03199791	0.01738886	0.03199791
4910	-210.6322	-216.679	6.046816	0.01880097	0.004550783	0.01425019	0.004550783
4920	-226.3909	-232.0641	5.673234	0.05425904	0.03066009	0.02359895	0.03066009
4930	-238.9126	-242.9869	4.074289	0.09325073	0.07979117	0.01345957	0.07979117
4940	-223.4835	-228.6425	5.158975	0.04734154	0.03463345	0.01270809	0.03463345
4950	-235.4771	-240.8347	5.35762	0.0652798	0.0309333	0.0343465	0.0309333
4960	-245.7897	-250.8999	5.110203	0.06838327	0.02114666	0.04723661	0.02114666
4970	-256.0591	-260.3151	4.256005	0.09576976	0.04899663	0.04677313	0.04899663
4980	-234.6256	-239.1693	4.543657	0.0788659	0.06408684	0.01477906	0.06408684
4990	-270.6651	-273.0321	2.366956	0.2333628	0.206039	0.02732377	0.206039
5000	-267.2052	-271.2286	4.023408	0.0956666	0.03715983	0.05850677	0.03715983
5010	-226.6601	-232.5833	5.923172	0.04900047	0.01662382	0.03237665	0.01662382
5020	-235.723	-241.274	5.551038	0.05111166	0.005785479	0.04532618	0.005785479
5030	-213.6546	-220.014	6.359338	0.02970667	0.006185742	0.02352093	0.006185742
5040	-243.5492	-248.6708	5.121578	0.06932392	0.02543873	0.04388519	0.02543873
5050	-236.8852	-242.4741	5.588922	0.05483822	0.01050769	0.04433054	0.01050769
5060	-235.4513	-240.8655	5.414223	0.06323952	0.02732506	0.03591446	0.02732506
5070	-227.108	-233.047	5.939024	0.04820569	0.01391857	0.03428712	0.01391857
5080	-225.0349	-231.0719	6.037033	0.04407425	0.009325184	0.03474907	0.009325184
5090	-222.2014	-228.268	6.066644	0.04425847	0.01756464	0.02669383	0.01756464
5100	-231.0748	-236.1391	5.064292	0.06795271	0.04992273	0.01802998	0.04992273
5110	-243.7163	-248.4552	4.73896	0.08598854	0.05136153	0.034627	0.05136153
5120	-210.5277	-215.6519	5.124146	0.01590224	0.001401883	0.01450036	0.001401883
5130	-287.5369	-291.2849	3.748021	0.08368324	0.004017151	0.07966609	0.004017151
5140	-242.7241	-246.9559	4.231775	0.1050154	0.0861987	0.01881674	0.0861987
5150	-222.431	-228.5691	6.138124	0.04181101	0.01007109	0.03173992	0.01007109
5160	-210.2512	-216.2396	5.988399	0.01852602	0.003566252	0.01495976	0.003566252
5170	-214.3304	-220.7005	6.370118	0.03089913	0.007101754	0.02379738	0.007101754
5180	-233.0186	-238.249	5.230486	0.06933201	0.04444033	0.02489168	0.04444033
5190	-220.1877	-225.8985	5.710836	0.04121129	0.02557747	0.01563382	0.02557747
5200	-222.377	-228.3021	5.925085	0.04608926	0.02349216	0.0225971	0.02349216
5210	-216.2036	-222.4333	6.229675	0.03419094	0.01443652	0.01975443	0.01443652
5220	-213.6054	-219.8614	6.255945	0.02936028	0.004506197	0.02485409	0.004506197
5230	-213.8326	-220.1614	6.328734	0.02991603	0.005571967	0.02434406	0.005571967
5240	-286.9258	-289.0794	2.153576	0.1851465	0.1290607	0.05608582	0.1290607
5250	-244.6066	-249.6057	4.999046	0.07330396	0.03028134	0.04302261	0.03028134
5260	-213.485	-219.4912	6.006278	0.02522899	0.01174155	0.01348744	0.01174155
5270	-219.4759	-225.3378	5.861871	0.04013566	0.02313826	0.0169974	0.02313826
5280	-210.5147	-216.6765	6.161804	0.02290043	0.003565978	0.01933445	0.003565978
5290	-220.4717	-226.0067	5.534968	0.04101503	0.02707698	0.01393804	0.02707698
5300	-216.4053	-222.6443	6.238906	0.03336062	0.005343574	0.02801704	0.005343574
5310	-232.6583	-238.1069	5.448558	0.06296825	0.03223382	0.03073443	0.03223382
5320	-224.8388	-230.6833	5.844464	0.04143324	0.004378561	0.03705468	0.004378561
5330	-240.9861	-245.9365	4.950438	0.07838834	0.04371559	0.03467275	0.04371559
5340	-266.0435	-268.8725	2.829027	0.193168	0.1633028	0.02986511	0.1633028
5350	-292.2604	-293.3551	1.094704	0.3084156	0.2646164	0.0437992	0.2646164
5360	-214.8485	-221.079	6.230569	0.03112482	0.01320622	0.0179186	0.01320622
5370	-209.8989	-215.7387	5.839802	0.01984269	0.002398896	0.01744379	0.002398896
5380	-222.7774	-228.8581	6.080655	0.04428345	0.01554139	0.02874206	0.01554139
5390	-225.0166	-230.5983	5.581687	0.05247953	0.03330346	0.01917606	0.03330346
5400	-218.3412	-224.6199	6.278668	0.03733116	0.01080706	0.0265241	0.01080706
5410	-260.7764	-263.6443	2.867927	0.1911512	0.1714098	0.01974147	0.1714098
5420	-212.7946	-218.2672	5.472523	0.01455599	0.004336559	0.01021943	0.004336559
5430	-235.2778	-240.7684	5.490613	0.06060147	0.02291736	0.03768411	0.02291736
5440	-214.7045	-220.5151	5.810645	0.02998817	0.00239654	0.02759163	0.00239654
5450	-267.9735	-270.2738	2.300261	0.2389791	0.2188146	0.02016453	0.2188146
5460	-232.6084	-238.2888	5.680362	0.05514367	0.0174307	0.03771297	0.0174307
5470	-244.5331	-249.187	4.653888	0.08954203	0.05557648	0.03396556	0.05557648
5480	-256.9202	-260.9113	3.991157	0.1099706	0.06749512	0.04247545	0.06749512
5490	-224.1026	-230.1523	6.049745	0.04238572	0.007589219	0.0347965	0.007589219
5500	-222.0368	-228.1516	6.114783	0.04318582	0.01492408	0.02826174	0.01492408
5510	-232.794	-237.6831	4.889103	0.07298624	0.05566561	0.01732063	0.05566561
5520	-222.8584	-228.8366	5.978245	0.0461918	0.02103186	0.02515994	0.02103186
5530	-227.5868	-232.4016	4.814841	0.05774622	0.0452444	0.01250182	0.0452444
5540	-246.7456	-251.5338	4.788147	0.08037916	0.03828928	0.04208988	0.03828928
5550	-221.0408	-225.4181	4.377306	0.03552219	0.02752313	0.007999064	0.02752313
5560	-247.189	-251.4881	4.299176	0.1068748	0.07765951	0.02921534	0.07765951
5570	-224.7984	-230.4675	5.669049	0.05173671	0.03110857	0.02062814	0.03110857
5580	-232.4436	-237.5224	5.078782	0.07094613	0.05080254	0.0201436	0.05080254
5590	-240.9877	-245.718	4.730364	0.08856743	0.06070774	0.02785968	0.06070774
5600	-228.6582	-233.3541	4.695899	0.06052554	0.04828343	0.01224211	0.04828343
5610	-227.9524	-233.8511	5.898748	0.04935827	0.01461966	0.03473861	0.01461966
5620	-236.7485	-240.8079	4.059392	0.08538268	0.07325998	0.0121227	0.07325998
5630	-218.5686	-224.8176	6.248963	0.03813958	0.01294214	0.02519743	0.01294214
5640	-249.9991	-254.3576	4.358423	0.09883394	0.06109748	0.03773646	0.06109748
5650	-229.7629	-235.2718	5.508931	0.06049899	0.03452534	0.02597366	0.03452534
5660	-220.0631	-225.5168	5.453626	0.03940705	0.02647369	0.01293336	0.02647369
5670	-221.1304	-227.3152	6.184836	0.04072373	0.01090257	0.02982116	0.01090257
5680	-253.3183	-258.228	4.909649	0.06321503	0.005265752	0.05794928	0.005265752
5690	-259.8664	-264.3893	4.522941	0.08142123	0.02488177	0.05653946	0.02488177
5700	-223.9994	-229.5099	5.510464	0.05010978	0.0333398	0.01676998	0.0333398
5710	-267.118	-269.9991	2.881172	0.1824182	0.1480802	0.03433798	0.1480802
5720	-218.7441	-224.6685	5.924399	0.0351124	0.003370631	0.03174177	0.003370631
5730	-214.5893	-220.5378	5.948526	0.02786363	0.01421954	0.01364409	0.01421954
5740	-226.6602	-232.0173	5.357046	0.04166291	0.002354287	0.03930862	0.002354287
5750	-211.9488	-218.2758	6.32693	0.02523633	0.007722019	0.01751431	0.007722019
5760	-232.4395	-236.2706	3.831071	0.06918826	0.05989815	0.009290116	0.05989815
5770	-216.3144	-222.5227	6.208353	0.0343419	0.01494461	0.01939728	0.01494461
5780	-232.5065	-237.6759	5.169407	0.06991352	0.04764845	0.02226507	0.04764845
5790	-216.4806	-222.5409	6.060356	0.03280633	0.003680768	0.02912556	0.003680768
5800	-238.8277	-242.9177	4.089985	0.09295093	0.07941457	0.01353636	0.07941457
5810	-226.1888	-231.5405	5.35171	0.05536468	0.03852014	0.01684454	0.03852014
5820	-240.4431	-244.4137	3.970588	0.09885369	0.08528226	0.01357143	0.08528226
5830	-273.9284	-276.2993	2.370896	0.2169788	0.1810819	0.03589697	0.1810819
5840	-214.7248	-221.0986	6.373762	0.03167315	0.00887316	0.02279999	0.00887316
5850	-299.0114	-301.5193	2.507962	0.137577	0.06222524	0.07535179	0.06222524
5860	-216.1252	-222.4408	6.31558	0.0334329	0.006806894	0.026626	0.006806894
5870	-225.0651	-230.8577	5.792597	0.05108703	0.02683406	0.02425297	0.02683406
5880	-216.3497	-222.3552	6.005508	0.03316848	0.01736771	0.01580077	0.01736771
5890	-287.4121	-289.8978	2.485716	0.155272	0.09321446	0.06205755	0.09321446
5900	-239.2004	-244.2402	5.039844	0.0757954	0.04251426	0.03328115	0.04251426
5910	-214.2194	-220.5333	6.313927	0.03031041	0.01120289	0.01910752	0.01120289
5920	-210.8457	-216.8835	6.037791	0.02389291	0.002859187	0.02103373	0.002859187
5930	-259.313	-264.1175	4.804565	0.0703886	0.009765426	0.06062318	0.009765426
5940	-218.1349	-224.3758	6.240949	0.03768529	0.01393745	0.02374784	0.01393745
5950	-262.8219	-266.1776	3.355766	0.1465624	0.1083735	0.03818884	0.1083735
5960	-210.3268	-216.4742	6.147416	0.02211154	0.003572135	0.01853941	0.003572135
5970	-229.4066	-235.2046	5.797996	0.04626669	0.006057382	0.04020931	0.006057382
5980	-247.3817	-252.0363	4.654517	0.08602667	0.04592142	0.04010525	0.04592142
5990	-350.4385	-350.3422	-0.09636855	0.2416471	0.1429018	0.09874533	0.1429018
6000	-214.724	-220.2435	5.519456	0.02375828	0.01332418	0.0104341	0.01332418
6010	-211.7538	-217.1853	5.431476	0.01428492	0.002604533	0.01168038	0.002604533
6020	-238.2295	-243.0722	4.842686	0.08378999	0.0588216	0.02496839	0.0588216
6030	-226.0581	-231.9624	5.904262	0.04956533	0.01940518	0.03016015	0.01940518
6040	-224.2051	-230.243	6.037937	0.04565502	0.01490517	0.03074985	0.01490517
6050	-217.3354	-223.514	6.178656	0.0363968	0.01614288	0.02025392	0.01614288
6060	-264.9328	-268.1141	3.181317	0.1568673	0.1187973	0.03806999	0.1187973
6070	-261.5525	-264.7816	3.229127	0.1640818	0.1330102	0.03107162	0.1330102
6080	-266.5553	-271.1156	4.560399	0.07600463	0.01096869	0.06503594	0.01096869
6090	-213.7017	-219.7151	6.013301	0.02898447	0.002976533	0.02600793	0.002976533
6100	-225.7425	-230.4786	4.73601	0.05182772	0.04074499	0.01108272	0.04074499
6110	-235.5534	-240.0264	4.472972	0.08182485	0.0670493	0.01477555	0.0670493
6120	-277.3719	-278.8363	1.464461	0.3222222	0.3027445	0.01947767	0.3027445
6130	-230.9266	-236.5951	5.668465	0.05622606	0.02258391	0.03364215	0.02258391
6140	-259.1649	-262.3914	3.226534	0.1689956	0.1439307	0.02506493	0.1439307
6150	-219.1773	-224.327	5.149697	0.03484188	0.02437526	0.01046662	0.02437526
6160	-229.9256	-235.6219	5.696229	0.05554208	0.02329383	0.03224824	0.02329383
6170	-225.0843	-230.2618	5.177508	0.05194654	0.03804578	0.01390076	0.03804578
6180	-230.2175	-235.6976	5.480148	0.06145624	0.03534112	0.02611512	0.03534112
6190	-211.5521	-217.8972	6.345111	0.02495322	0.006385028	0.01856819	0.006385028
6200	-214.1943	-220.2981	6.103762	0.02830747	0.01315092	0.01515655	0.01315092
6210	-243.9088	-248.1076	4.198812	0.1085167	0.08864809	0.01986857	0.08864809
6220	-212.4815	-218.3895	5.908021	0.02072502	0.008603083	0.01212193	0.008603083
6230	-211.8488	-218.2113	6.362501	0.02587422	0.006467749	0.01940647	0.006467749
6240	-231.5943	-236.7046	5.110366	0.06889162	0.04937406	0.01951757	0.04937406
6250	-228.1515	-233.9273	5.775788	0.05327298	0.02254644	0.03072653	0.02254644
6260	-234.14	-239.421	5.281003	0.06835924	0.03941355	0.0289457	0.03941355
6270	-212.962	-218.7908	5.828805	0.02124101	0.009575356	0.01166565	0.009575356
6280	-217.5516	-223.8253	6.273722	0.03662469	0.01284909	0.0237756	0.01284909
6290	-267.904	-271.0937	3.189732	0.1458372	0.1011842	0.04465292	0.1011842
6300	-235.4051	-240.6167	5.211617	0.07065213	0.04091462	0.02973751	0.04091462
6310	-216.4269	-222.5439	6.117073	0.03411925	0.01646563	0.01765362	0.01646563
6320	-228.8195	-234.2605	5.440999	0.06055137	0.0383422	0.02220918	0.0383422
6330	-241.7398	-246.3319	4.592137	0.09427866	0.06888082	0.02539784	0.06888082
6340	-218.9556	-224.0248	5.069178	0.03361341	0.02364791	0.009965493	0.02364791
6350	-233.4843	-238.8635	5.379172	0.06514712	0.03466242	0.0304847	0.03466242
6360	-235.5452	-240.2138	4.668629	0.08135319	0.06422411	0.01712908	0.06422411
6370	-214.8368	-220.982	6.145174	0.0303921	0.01403434	0.01635776	0.01403434
6380	-226.6836	-232.6599	5.976226	0.04586548	0.009851318	0.03601416	0.009851318
6390	-217.1904	-223.5071	6.316717	0.0355497	0.00978161	0.02576809	0.00978161
6400	-222.588	-228.6359	6.047875	0.04016283	0.005910555	0.03425227	0.005910555
6410	-253.7795	-257.6249	3.84533	0.1281396	0.09704823	0.03109137	0.09704823
6420	-213.9698	-220.1921	6.222296	0.02889006	0.01210028	0.01678978	0.01210028
6430	-233.2864	-238.9457	5.659259	0.05554546	0.01704746	0.038498	0.01704746
6440	-236.1498	-241.6673	5.51748	0.059172	0.0190282	0.0401438	0.0190282
6450	-210.1949	-216.3045	6.109544	0.02152189	0.003404257	0.01811763	0.003404257
6460	-216.5704	-222.8947	6.3243	0.03427224	0.007831342	0.0264409	0.007831342
6470	-237.8862	-243.3719	5.485676	0.05928311	0.01669297	0.04259014	0.01669297
6480	-216.4729	-222.603	6.130146	0.03301227	0.004177843	0.02883443	0.004177843
6490	-212.4017	-218.454	6.052321	0.02254382	0.00914917	0.01339465	0.00914917
6500	-238.2924	-243.8297	5.537267	0.05577603	0.01023985	0.04553618	0.01023985
6510	-223.0136	-228.9922	5.97859	0.04634585	0.02082845	0.0255174	0.02082845
6520	-232.099	-237.5841	5.485126	0.06184971	0.0312661	0.03058361	0.0312661
6530	-229.9126	-235.0429	5.130262	0.06486991	0.04717351	0.0176964	0.04717351
6540	-212.2554	-218.2169	5.961491	0.02078546	0.008276667	0.01250879	0.008276667
6550	-211.2712	-217.0565	5.785357	0.01629264	0.003989868	0.01230278	0.003989868
6560	-242.7355	-247.188	4.452544	0.09993466	0.07631729	0.02361737	0.07631729
6570	-215.5874	-221.8184	6.230961	0.03284499	0.01395972	0.01888528	0.01395972
6580	-271.3976	-273.5181	2.120492	0.2581153	0.2357174	0.02239783	0.2357174
6590	-214.9743	-221.3449	6.370531	0.03207509	0.00859026	0.02348483	0.00859026
6600	-243.942	-248.5008	4.558766	0.09529616	0.0657445	0.02955166	0.0657445
6610	-215.382	-220.9732	5.59115	0.0304761	0.001940097	0.028536	0.001940097
6620	-214.7904	-221.1242	6.333788	0.03167959	0.01109439	0.0205852	0.01109439
6630	-258.4838	-262.3946	3.910815	0.1123203	0.06875514	0.04356517	0.06875514
6640	-225.789	-231.5116	5.722601	0.05286612	0.0291135	0.02375261	0.0291135
6650	-245.6301	-250.8924	5.262307	0.0621636	0.01165665	0.05050695	0.01165665
6660	-237.4024	-242.3263	4.923865	0.08076382	0.05524942	0.0255144	0.05524942
6670	-249.3432	-253.5164	4.173221	0.1121258	0.08160644	0.03051939	0.08160644
6680	-241.8867	-246.6413	4.754591	0.08697627	0.05618626	0.03079001	0.05618626
6690	-228.4964	-234.4011	5.904674	0.04723128	0.009320811	0.03791047	0.009320811
6700	-211.7493	-218.1069	6.357631	0.02557831	0.006451949	0.01912636	0.006451949
6710	-213.4433	-219.6871	6.243801	0.02777547	0.01109566	0.01667981	0.01109566
6720	-228.1567	-233.1255	4.968807	0.05997612	0.04583896	0.01413716	0.04583896
6730	-235.1762	-240.8072	5.631031	0.05521651	0.01354581	0.0416707	0.01354581
6740	-223.6292	-229.5907	5.961427	0.04716781	0.02081748	0.02635033	0.02081748
6750	-238.2855	-243.6524	5.366844	0.06345097	0.02317485	0.04027612	0.02317485
6760	-227.9887	-233.8127	5.823983	0.04480056	0.005554057	0.0392465	0.005554057
6770	-270.6954	-272.775	2.079623	0.2597187	0.2394197	0.02029897	0.2394197
6780	-219.0755	-224.8376	5.762142	0.03862257	0.02338269	0.01523988	0.02338269
6790	-221.6006	-226.4281	4.827411	0.03997278	0.03010757	0.009865212	0.03010757
6800	-217.1303	-222.5194	5.38908	0.03045912	0.01960761	0.01085151	0.01960761
6810	-223.4034	-229.1741	5.770659	0.04866725	0.02804632	0.02062093	0.02804632
6820	-298.1961	-300.7541	2.557972	0.1358298	0.06077511	0.07505467	0.06077511
6830	-230.953	-236.6851	5.732105	0.05409036	0.01834814	0.03574222	0.01834814
6840	-218.2176	-224.3104	6.092732	0.03804748	0.01844443	0.01960305	0.01844443
6850	-213.564	-219.9472	6.383258	0.02949975	0.008414384	0.02108537	0.008414384
6860	-229.5289	-235.3926	5.863678	0.04935286	0.01167513	0.03767773	0.01167513
6870	-233.0565	-238.14	5.083552	0.07205781	0.05083819	0.02121962	0.05083819
6880	-244.6603	-249.172	4.511718	0.09720534	0.06740022	0.02980512	0.06740022
6890	-215.4352	-221.5639	6.128681	0.03177383	0.01505801	0.01671582	0.01505801
6900	-212.8831	-218.9678	6.084688	0.02439454	0.01041773	0.01397682	0.01041773
6910	-261.4235	-263.4736	2.050101	0.2063956	0.1946986	0.01169709	0.1946986
6920	-212.673	-218.5639	5.890934	0.02112514	0.009084802	0.01204033	0.009084802
6930	-254.7733	-258.8666	4.093371	0.1072858	0.06654478	0.04074099	0.06654478
6940	-223.5649	-229.6591	6.094141	0.04345772	0.01121698	0.03224074	0.01121698
6950	-241.3898	-244.6662	3.276449	0.1010774	0.09122525	0.009852141	0.09122525
6960	-217.0428	-222.5232	5.480403	0.03093391	0.01956078	0.01137313	0.01956078
6970	-234.9437	-240.5156	5.571863	0.05785626	0.01856832	0.03928794	0.01856832
6980	-211.6783	-218.0014	6.323115	0.02587534	0.005029493	0.02084585	0.005029493
6990	-247.9428	-253.1238	5.18102	0.06375951	0.01153637	0.05222314	0.01153637
7000	-220.8058	-227.0015	6.195708	0.04041758	0.01107627	0.02934131	0.01107627
7010	-238.8072	-243.5471	4.739896	0.08726988	0.06392147	0.02334841	0.06392147
7020	-247.7657	-251.9308	4.16509	0.1140905	0.08769232	0.02639818	0.08769232
7030	-259.0089	-263.2874	4.278543	0.0915671	0.03989421	0.0516729	0.03989421
7040	-277.3155	-281.0618	3.746299	0.09992385	0.03348884	0.06643501	0.03348884
7050	-230.9433	-236.2325	5.289193	0.04531971	0.002620307	0.0426994	0.002620307
7060	-256.0716	-260.0142	3.94262	0.1151305	0.07563165	0.03949884	0.07563165
7070	-264.409	-268.8253	4.416256	0.08281852	0.02238948	0.06042904	0.02238948
7080	-248.9902	-254.0183	5.028142	0.06948025	0.01907824	0.05040201	0.01907824
7090	-211.1841	-216.9138	5.729754	0.01589792	0.003493011	0.01240491	0.003493011
7100	-227.8379	-232.9441	5.10622	0.05939808	0.04408824	0.01530984	0.04408824
7110	-216.1105	-222.4482	6.337765	0.03407662	0.01048562	0.023591	0.01048562
7120	-216.8833	-223.2062	6.322889	0.03520932	0.01024189	0.02496742	0.01024189
7130	-239.2626	-244.262	4.999351	0.07751486	0.04532076	0.0321941	0.04532076
7140	-226.5528	-232.1804	5.627588	0.05501943	0.032317	0.02270243	0.032317
7150	-212.6832	-218.7324	6.049213	0.02748717	0.003010018	0.02447715	0.003010018
7160	-241.4659	-246.6053	5.139409	0.07000832	0.02937644	0.04063187	0.02937644
7170	-251.565	-256.6016	5.036644	0.06732688	0.01302855	0.05429833	0.01302855
7180	-269.147	-273.6184	4.471422	0.07475005	0.006993214	0.06775684	0.006993214
7190	-212.5238	-218.8901	6.36628	0.02708434	0.007997136	0.01908721	0.007997136
7200	-217.4314	-223.6594	6.228009	0.03660513	0.01479105	0.02181408	0.01479105
7210	-278.5622	-282.2698	3.707541	0.1006676	0.033364	0.06730357	0.033364
7220	-245.1389	-250.3682	5.229334	0.0643192	0.01559268	0.04872651	0.01559268
7230	-242.3464	-247.0824	4.735958	0.08752507	0.05621519	0.03130988	0.05621519
7240	-216.8705	-222.881	6.01048	0.03452862	0.01812735	0.01640127	0.01812735
7250	-239.4819	-244.201	4.719077	0.08852985	0.06437633	0.02415351	0.06437633
7260	-222.2767	-227.8951	5.61836	0.04610581	0.02962985	0.01647596	0.02962985
7270	-221.895	-227.4824	5.587365	0.04503094	0.02933644	0.01569451	0.02933644
7280	-276.0254	-280.2896	4.264151	0.08200795	0.01091152	0.07109644	0.01091152
7290	-239.9877	-244.6794	4.691724	0.08978873	0.06533515	0.02445358	0.06533515
7300	-218.682	-224.6719	5.989875	0.03877067	0.02058886	0.01818181	0.02058886
7310	-218.7465	-224.9018	6.155336	0.03905044	0.01694137	0.02210907	0.01694137
7320	-222.4037	-228.4176	6.013912	0.04524154	0.01993124	0.02531031	0.01993124
7330	-229.3199	-235.1925	5.872639	0.04789633	0.009218277	0.03867805	0.009218277
7340	-211.2787	-217.4791	6.200455	0.02503454	0.003720705	0.02131383	0.003720705
7350	-211.8043	-218.0325	6.228167	0.02340811	0.007977284	0.01543082	0.007977284
7360	-247.954	-252.926	4.972036	0.07211676	0.02427317	0.04784359	0.02427317
7370	-230.8529	-236.6687	5.815819	0.04937603	0.00953554	0.03984049	0.00953554
7380	-212.9764	-219.1764	6.199971	0.02606403	0.01050062	0.01556341	0.01050062
7390	-223.1937	-229.3033	6.109591	0.04260118	0.01008194	0.03251924	0.01008194
7400	-243.2077	-248.2263	5.018664	0.07355693	0.03257918	0.04097775	0.03257918
7410	-228.4435	-234.3524	5.908851	0.04747032	0.009880209	0.03759011	0.009880209
7420	-277.9879	-279.3323	1.344437	0.3325188	0.3141297	0.01838913	0.3141297
7430	-221.3631	-227.4801	6.116983	0.04274436	0.01616781	0.02657654	0.01616781
7440	-225.8144	-231.2992	5.484792	0.05442023	0.03592755	0.01849268	0.03592755
7450	-212.2447	-217.879	5.634355	0.01560861	0.004728536	0.01088007	0.004728536
7460	-266.7854	-269.5074	2.722073	0.2030992	0.1747015	0.0283976	0.1747015
7470	-255.5277	-259.5642	4.036488	0.1096387	0.06881244	0.04082625	0.06881244
7480	-215.4316	-221.2278	5.796178	0.02886424	0.0160778	0.01278644	0.0160778
7490	-218.9513	-224.792	5.840733	0.038742	0.0226116	0.0161304	0.0226116
7500	-240.4612	-245.4827	5.021541	0.07564029	0.04008126	0.03555903	0.04008126
7510	-228.03	-233.6299	5.599919	0.05723304	0.03232678	0.02490626	0.03232678
7520	-217.2617	-223.5021	6.240361	0.03456046	0.005862633	0.02869783	0.005862633
7530	-210.7459	-217.007	6.261182	0.02329519	0.004509225	0.01878596	0.004509225
7540	-244.0424	-248.5444	4.502009	0.09813829	0.0701472	0.02799109	0.0701472
7550	-247.6894	-252.8885	5.199106	0.06261018	0.01005884	0.05255134	0.01005884
7560	-218.3311	-223.7299	5.398811	0.03358164	0.001783265	0.03179838	0.001783265
7570	-257.0325	-261.808	4.775505	0.07403784	0.01722981	0.05680804	0.01722981
7580	-237.095	-241.8679	4.772963	0.08399808	0.06294921	0.02104887	0.06294921
7590	-239.5701	-244.8932	5.323113	0.06430656	0.02274575	0.04156081	0.02274575
7600	-214.0071	-220.3548	6.347698	0.03026261	0.006068272	0.02419434	0.006068272
7610	-255.1241	-258.5117	3.387675	0.1566052	0.13551	0.02109516	0.13551
7620	-248.417	-252.6469	4.229844	0.1097213	0.07968782	0.03003352	0.07968782
7630	-211.3594	-217.6864	6.326998	0.02423909	0.006309235	0.01792986	0.006309235
7640	-239.8539	-245.3318	5.477878	0.05618194	0.008950836	0.0472311	0.008950836
7650	-214.6049	-220.7336	6.12868	0.02964326	0.0137669	0.01587636	0.0137669
7660	-270.0638	-272.6504	2.586529	0.2069233	0.174277	0.0326463	0.174277
7670	-231.3187	-237.0424	5.723746	0.05422187	0.01793552	0.03628635	0.01793552
7680	-226.9391	-232.5877	5.648573	0.04273046	0.003535651	0.03919481	0.003535651
7690	-240.2033	-245.5441	5.340753	0.06329076	0.02018727	0.04310349	0.02018727
7700	-210.7969	-217.0737	6.27682	0.0232796	0.004800456	0.01847915	0.004800456
7710	-224.3433	-230.1798	5.836471	0.04966732	0.02564136	0.02402596	0.02564136
7720	-217.8271	-224.1004	6.273324	0.03699195	0.01253797	0.02445398	0.01253797
7730	-226.1763	-232.1688	5.992471	0.04507053	0.009173777	0.03589675	0.009173777
7740	-245.1336	-250.2349	5.101299	0.05693669	0.004284262	0.05265242	0.004284262
7750	-241.1897	-245.5243	4.334549	0.09957189	0.08099656	0.01857533	0.08099656
7760	-270.1578	-273.2185	3.060745	0.1507655	0.1047967	0.04596881	0.1047967
7770	-217.2386	-222.8904	5.651797	0.03286878	0.02012357	0.01274521	0.02012357
7780	-254.0299	-257.6553	3.625468	0.1436435	0.1187915	0.02485193	0.1187915
7790	-218.3391	-223.0096	4.670495	0.02873756	0.02058549	0.008152062	0.02058549
7800	-265.3118	-267.9304	2.618568	0.2140204	0.1917902	0.02223016	0.1917902
7810	-224.7513	-230.4615	5.710183	0.05141877	0.02993034	0.02148842	0.02993034
7820	-233.2923	-238.2798	4.987468	0.07359336	0.05399636	0.01959699	0.05399636
7830	-222.6998	-228.4076	5.707808	0.04728718	0.02892917	0.01835801	0.02892917
7840	-330.2367	-331.9231	1.686337	0.1524138	0.05635074	0.09606308	0.05635074
7850	-224.9337	-230.6435	5.709822	0.05173083	0.02993146	0.02179937	0.02993146
7860	-218.7033	-224.8727	6.169345	0.0360559	0.005513744	0.03054216	0.005513744
7870	-211.7358	-217.6785	5.942748	0.01895299	0.006544086	0.01240891	0.006544086
7880	-263.5347	-266.6286	3.093863	0.1719038	0.1400514	0.03185236	0.1400514
7890	-225.5403	-231.3962	5.855893	0.05047902	0.02321954	0.02725949	0.02321954
7900	-222.4812	-228.2844	5.80322	0.04677413	0.02689699	0.01987714	0.02689699
7910	-273.8811	-276.9713	3.090225	0.1385859	0.08569551	0.05289041	0.08569551
7920	-223.2429	-229.238	5.995178	0.04628916	0.01968405	0.02660512	0.01968405
7930	-238.7877	-244.1165	5.328721	0.06455496	0.02429122	0.04026373	0.02429122
7940	-218.6359	-224.8556	6.219741	0.03853771	0.01447886	0.02405885	0.01447886
7950	-217.1767	-223.2663	6.089601	0.03573067	0.01764592	0.01808474	0.01764592
7960	-245.0214	-249.6463	4.624899	0.0905282	0.05630026	0.03422793	0.05630026
7970	-236.614	-242.1379	5.523892	0.05864757	0.01742648	0.04122109	0.01742648
7980	-228.9439	-234.8248	5.880901	0.04720753	0.008523403	0.03868413	0.008523403
7990	-274.2778	-275.9404	1.662622	0.2968523	0.278499	0.01835331	0.278499
8000	-231.2521	-236.9533	5.701141	0.05504181	0.01963797	0.03540384	0.01963797
8010	-250.9841	-254.3165	3.332344	0.143566	0.1282987	0.01526732	0.1282987
8020	-278.7351	-282.1359	3.400795	0.1132598	0.04934588	0.06391395	0.04934588
8030	-234.5709	-239.7011	5.130153	0.07304058	0.04770273	0.02533785	0.04770273
8040	-259.2752	-263.6963	4.421156	0.0855119	0.03121109	0.05430081	0.03121109
8050	-220.451	-225.74	5.288964	0.03946771	0.02754018	0.01192753	0.02754018
8060	-220.0871	-226.2804	6.193299	0.04040636	0.01381241	0.02659395	0.01381241
8070	-219.6118	-223.9019	4.290079	0.03032807	0.02295757	0.007370501	0.02295757
8080	-229.9831	-235.5535	5.570464	0.05913112	0.03076369	0.02836744	0.03076369
8090	-223.4498	-229.3499	5.900047	0.04782329	0.02379576	0.02402754	0.02379576
8100	-253.4166	-256.9522	3.535545	0.1475293	0.126145	0.02138422	0.126145
8110	-231.6414	-236.2453	4.603951	0.06952001	0.05625936	0.01326065	0.05625936
8120	-228.4201	-233.4519	5.03173	0.06088082	0.04590733	0.01497349	0.04590733
8130	-219.8553	-225.7619	5.906563	0.0411826	0.02298719	0.01819541	0.02298719
8140	-215.3511	-221.2341	5.882917	0.02942957	0.01589621	0.01353336	0.01589621
8150	-222.5489	-228.049	5.500112	0.04637432	0.03113388	0.01524044	0.03113388
8160	-222.7446	-228.8703	6.125724	0.04248853	0.0109355	0.03155303	0.0109355
8170	-225.0058	-230.418	5.412173	0.05245263	0.03599863	0.016454	0.03599863
8180	-240.2328	-245.6464	5.41358	0.06047286	0.01550938	0.04496348	0.01550938
8190	-216.2305	-222.544	6.313411	0.034379	0.01185945	0.02251956	0.01185945
8200	-227.4619	-233.2624	5.800487	0.04401496	0.004947254	0.0390677	0.004947254
8210	-238.7062	-243.5243	4.818095	0.08486083	0.05956656	0.02529427	0.05956656
8220	-235.9669	-241.1123	5.145383	0.07295265	0.04396816	0.02898449	0.04396816
8230	-222.6764	-228.085	5.408653	0.04631756	0.03196039	0.01435717	0.03196039
8240	-231.7222	-236.9845	5.262288	0.06728565	0.04415473	0.02313091	0.04415473
8250	-297.4899	-299.6192	2.129311	0.162265	0.0928247	0.06944035	0.0928247
8260	-229.4095	-234.8798	5.470325	0.06092097	0.03681035	0.02411062	0.03681035
8270	-217.7981	-224.0534	6.255303	0.03710533	0.01354726	0.02355806	0.01354726
8280	-237.3504	-242.49	5.139623	0.07273711	0.04068713	0.03204998	0.04068713
8290	-226.6899	-232.2457	5.555816	0.05589835	0.03469216	0.02120619	0.03469216
8300	-224.9971	-230.4982	5.50107	0.05251721	0.0347671	0.01775011	0.0347671
8310	-214.5185	-220.7712	6.252719	0.03073745	0.004744092	0.02599336	0.004744092
8320	-223.3094	-228.9926	5.683282	0.04864143	0.02991896	0.01872247	0.02991896
8330	-232.9181	-237.8664	4.948243	0.07302362	0.05462997	0.01839365	0.05462997
8340	-219.9499	-226.145	6.195067	0.0380508	0.007179477	0.03087133	0.007179477
8350	-210.1731	-215.3161	5.14291	0.01970074	0.001225165	0.01847558	0.001225165
8360	-216.6024	-222.9353	6.332921	0.03469636	0.009637241	0.02505912	0.009637241
8370	-271.3728	-274.5695	3.196757	0.1361409	0.08521123	0.05092962	0.08521123
8380	-235.0561	-240.0641	5.008092	0.0764113	0.05341772	0.02299358	0.05341772
8390	-252.0557	-255.8806	3.824867	0.1319941	0.1058324	0.02616171	0.1058324
8400	-215.3827	-220.5326	5.149948	0.0220236	0.01314317	0.008880428	0.01314317
8410	-220.952	-227.0578	6.105756	0.04252359	0.01736523	0.02515836	0.01736523
8420	-261.8399	-266.5452	4.705279	0.07343375	0.01169904	0.06173471	0.01169904
8430	-225.8575	-231.5902	5.732627	0.04198392	0.003806799	0.03817712	0.003806799
8440	-229.5147	-235.383	5.868223	0.04856318	0.01017166	0.03839153	0.01017166
8450	-223.3888	-228.864	5.475171	0.04846909	0.03276995	0.01569914	0.03276995
8460	-224.5145	-230.4116	5.897179	0.04897489	0.02271942	0.02625547	0.02271942
8470	-258.4444	-261.8688	3.424468	0.1536109	0.1242457	0.02936523	0.1242457
8480	-216.1974	-221.3048	5.107446	0.02486239	0.01582887	0.009033524	0.01582887
8490	-216.199	-222.5378	6.338812	0.03383443	0.008120588	0.02571384	0.008120588
8500	-219.9467	-225.652	5.70526	0.04056375	0.02522104	0.01534271	0.02522104
8510	-238.4707	-243.5254	5.054717	0.07562649	0.04357877	0.03204772	0.04357877
8520	-253.4668	-257.3068	3.839962	0.1291793	0.09905969	0.03011963	0.09905969
8530	-261.3207	-264.5703	3.249543	0.1627026	0.1315708	0.0311318	0.1315708
8540	-224.3646	-230.3453	5.980623	0.04722624	0.01843015	0.02879609	0.01843015
8550	-272.0401	-274.5209	2.480784	0.2115164	0.1770592	0.03445716	0.1770592
8560	-226.2745	-231.9063	5.631775	0.05455534	0.03226353	0.02229182	0.03226353
8570	-211.4718	-217.8142	6.342365	0.02509161	0.005746774	0.01934483	0.005746774
8580	-210.5856	-216.8186	6.232986	0.02179588	0.004902981	0.0168929	0.004902981
8590	-211.3209	-217.62	6.299094	0.02503886	0.004716412	0.02032244	0.004716412
8600	-219.9743	-225.8031	5.828815	0.04120405	0.024153	0.01705105	0.024153
8610	-234.6141	-238.9736	4.359497	0.07862789	0.06551279	0.0131151	0.06551279
8620	-308.1082	-309.2039	1.095687	0.2273806	0.1588235	0.0685571	0.1588235
8630	-217.4142	-221.9998	4.585624	0.02461944	0.01703015	0.007589289	0.01703015
8640	-211.6629	-218.0046	6.341731	0.02574522	0.005451916	0.0202933	0.005451916
8650	-218.5242	-224.604	6.07983	0.03866391	0.01888169	0.01978222	0.01888169
8660	-228.6936	-234.1334	5.439748	0.06036677	0.03841381	0.02195295	0.03841381
8670	-225.5642	-231.4542	5.890067	0.04976813	0.02130207	0.02846606	0.02130207
8680	-211.9132	-217.995	6.081782	0.02155067	0.007974103	0.01357657	0.007974103
8690	-212.8598	-218.9117	6.05188	0.02777657	0.003040774	0.02473579	0.003040774
8700	-216.052	-222.3995	6.347432	0.03382332	0.009221238	0.02460209	0.009221238
8710	-229.0307	-234.2529	5.222166	0.06247146	0.04436238	0.01810907	0.04436238
8720	-246.2036	-251.0156	4.811972	0.0798244	0.0381736	0.0416508	0.0381736
8730	-225.1295	-230.3103	5.18079	0.05208594	0.0381226	0.01396333	0.0381226
8740	-226.4301	-230.8833	4.453202	0.05250614	0.04257886	0.009927273	0.04257886
8750	-238.5365	-244.0332	5.496752	0.05827397	0.01409951	0.04417446	0.01409951
8760	-219.5793	-225.6517	6.072412	0.04072072	0.019374	0.02134672	0.019374
8770	-231.9613	-237.5015	5.540136	0.06012011	0.02813704	0.03198306	0.02813704
8780	-216.4381	-222.7658	6.327616	0.03462938	0.01081293	0.02381645	0.01081293
8790	-219.4144	-225.5559	6.141449	0.03680177	0.005482652	0.03131911	0.005482652
8800	-213.0633	-219.3402	6.276873	0.02718893	0.01020292	0.01698601	0.01020292
8810	-220.1524	-223.7776	3.625203	0.02768758	0.02170317	0.005984408	0.02170317
8820	-229.076	-234.9548	5.878842	0.04747243	0.008811287	0.03866115	0.008811287
8830	-232.1412	-237.5221	5.380908	0.06495392	0.03752788	0.02742603	0.03752788
8840	-216.6532	-222.5856	5.932482	0.03341717	0.01828718	0.01512999	0.01828718
8850	-224.4347	-230.3717	5.93699	0.04819103	0.0207902	0.02740083	0.0207902
8860	-240.238	-245.6754	5.43748	0.0553125	0.007096123	0.04821638	0.007096123
8870	-246.4173	-250.6895	4.272231	0.1088649	0.08236173	0.02650318	0.08236173
8880	-217.606	-223.1374	5.531399	0.0329956	0.0209588	0.0120368	0.0209588
8890	-242.9821	-248.1714	5.189265	0.06717622	0.02277506	0.04440116	0.02277506
8900	-225.3873	-231.204	5.816724	0.05107175	0.02540809	0.02566366	0.02540809
8910	-246.5223	-250.6136	4.091296	0.1163785	0.09454097	0.02183753	0.09454097
8920	-216.2644	-221.6072	5.342811	0.02731484	0.01713326	0.01018158	0.01713326
8930	-211.5246	-217.2938	5.769274	0.02498843	0.002079522	0.02290891	0.002079522
8940	-240.3626	-245.2853	4.922716	0.08017107	0.04775905	0.03241202	0.04775905
8950	-222.9637	-228.9715	6.007801	0.04030288	0.005464844	0.03483803	0.005464844
8960	-213.3124	-218.7747	5.462326	0.01619407	0.006494651	0.009699414	0.006494651
8970	-241.1705	-245.9224	4.751859	0.08754829	0.05857439	0.0289739	0.05857439
8980	-247.96	-253.0008	5.040849	0.06962105	0.02047349	0.04914756	0.02047349
8990	-269.6265	-273.4638	3.837317	0.1016067	0.04270958	0.05889711	0.04270958
9000	-220.4069	-226.3987	5.991796	0.04240369	0.02163705	0.02076664	0.02163705
9010	-236.8868	-242.2908	5.404017	0.06287506	0.02432265	0.03855241	0.02432265
9020	-212.7988	-219.1835	6.384779	0.02804327	0.00723548	0.02080779	0.00723548
9030	-243.3489	-247.7244	4.375483	0.1030813	0.08024728	0.02283402	0.08024728
9040	-228.9542	-234.453	5.498798	0.05992667	0.03595664	0.02397003	0.03595664
9050	-236.6512	-241.5023	4.851091	0.08182743	0.05975584	0.02207159	0.05975584
9060	-221.4626	-226.9193	5.456706	0.04326914	0.02935172	0.01391741	0.02935172
9070	-210.3333	-216.3716	6.038348	0.01888889	0.003928585	0.01496031	0.003928585
9080	-242.8804	-247.5661	4.685709	0.08960458	0.05859313	0.03101145	0.05859313
9090	-227.111	-232.6514	5.540424	0.05675462	0.03518637	0.02156826	0.03518637
9100	-227.2733	-233.1549	5.881581	0.04450521	0.006129199	0.03837601	0.006129199
9110	-242.9147	-247.3786	4.463862	0.09968748	0.0753952	0.02429228	0.0753952
9120	-224.1228	-230.1615	6.038678	0.04563825	0.01508641	0.03055184	0.01508641
9130	-225.4984	-231.5101	6.01171	0.04411054	0.008478821	0.03563172	0.008478821
9140	-219.6166	-225.672	6.055492	0.04081862	0.01983789	0.02098073	0.01983789
9150	-252.9518	-256.8401	3.888216	0.1264394	0.09605988	0.0303795	0.09605988
9160	-213.4526	-219.3667	5.914101	0.02403115	0.01144341	0.01258775	0.01144341
9170	-233.1677	-238.3417	5.174017	0.07071318	0.04707249	0.0236407	0.04707249
9180	-232.8817	-238.621	5.739367	0.05167184	0.01062495	0.04104689	0.01062495
9190	-235.9297	-241.151	5.221274	0.0701644	0.03889883	0.03126557	0.03889883
9200	-244.0901	-248.9776	4.887504	0.07841594	0.03894568	0.03947026	0.03894568
9210	-234.2073	-239.371	5.163681	0.07190182	0.0463792	0.02552262	0.0463792
9220	-211.1081	-217.2906	6.182474	0.0212207	0.006286091	0.0149346	0.006286091
9230	-238.5669	-243.8779	5.311014	0.06533431	0.02593011	0.0394042	0.02593011
9240	-220.3407	-226.4342	6.093544	0.04186857	0.01845798	0.02341059	0.01845798
9250	-212.0239	-218.376	6.352104	0.02658848	0.005606208	0.02098228	0.005606208
9260	-224.372	-230.1686	5.796675	0.05012768	0.02715054	0.02297714	0.02715054
9270	-228.2266	-232.0546	3.827985	0.05507485	0.04693331	0.008141539	0.04693331
9280	-229.0076	-233.8521	4.844473	0.0621139	0.04851677	0.01359713	0.04851677
9290	-226.32	-231.7529	5.43291	0.05565488	0.03740609	0.01824879	0.03740609
9300	-221.8734	-227.6438	5.77042	0.04548169	0.02709166	0.01839004	0.02709166
9310	-226.5804	-232.5493	5.968875	0.0450397	0.008357315	0.03668239	0.008357315
9320	-239.8541	-244.9675	5.113327	0.0721985	0.03538649	0.03681201	0.03538649
9330	-234.0114	-239.611	5.599582	0.05735303	0.01915725	0.03819577	0.01915725
9340	-216.7677	-223.0151	6.247431	0.03537605	0.01418838	0.02118766	0.01418838
9350	-253.8256	-257.4333	3.607691	0.144623	0.120699	0.023924	0.120699
9360	-216.6784	-222.4776	5.799197	0.03245287	0.01876872	0.01368416	0.01876872
9370	-220.1096	-226.3207	6.211103	0.03998504	0.01227534	0.0277097	0.01227534
9380	-231.8414	-237.2393	5.397962	0.06437366	0.03710714	0.02726651	0.03710714
9390	-236.5739	-241.8587	5.284834	0.06745579	0.03282742	0.03462838	0.03282742
9400	-227.1192	-232.0599	4.940698	0.05685543	0.0436608	0.01319464	0.0436608
9410	-230.0302	-235.7489	5.718746	0.04624406	0.005126763	0.04111729	0.005126763
9420	-219.293	-225.3501	6.057088	0.03620712	0.004424309	0.03178281	0.004424309
9430	-239.4034	-244.4985	5.095024	0.07329077	0.03794407	0.0353467	0.03794407
9440	-229.7858	-233.5203	3.734535	0.05973249	0.05149764	0.008234854	0.05149764
9450	-211.0459	-217.3487	6.302765	0.02340796	0.005744568	0.01766339	0.005744568
9460	-245.4802	-249.3786	3.898434	0.1173853	0.1004433	0.01694199	0.1004433
9470	-239.7569	-244.6347	4.877861	0.08256339	0.05299735	0.02956604	0.05299735
9480	-229.4174	-235.0767	5.659247	0.05661764	0.02673787	0.02987977	0.02673787
9490	-225.5188	-231.5394	6.020621	0.04474697	0.009785302	0.03496167	0.009785302
9500	-214.0871	-220.1584	6.071313	0.02768216	0.01303208	0.01465007	0.01303208
9510	-270.0165	-272.1129	2.096434	0.2565932	0.2370381	0.01955513	0.2370381
9520	-231.9469	-237.0438	5.096957	0.06975195	0.04998496	0.01976699	0.04998496
9530	-218.763	-224.9886	6.225551	0.03864449	0.01404183	0.02460265	0.01404183
9540	-232.7723	-238.1844	5.412037	0.06412928	0.03427221	0.02985708	0.03427221
9550	-234.8136	-239.9256	5.111955	0.07369578	0.04835925	0.02533653	0.04835925
9560	-249.4311	-254.4809	5.049762	0.06841419	0.01697105	0.05144315	0.01697105
9570	-252.0348	-255.6957	3.660936	0.1402704	0.1185027	0.02176768	0.1185027
9580	-233.9648	-239.5381	5.573284	0.05831386	0.02098055	0.0373333	0.02098055
9590	-225.8922	-231.8172	5.924976	0.04898799	0.01847606	0.03051193	0.01847606
9600	-267.8788	-272.0182	4.139433	0.09076248	0.029941	0.06082149	0.029941
9610	-232.9419	-237.4788	4.536859	0.07350054	0.05997571	0.01352483	0.05997571
9620	-230.9325	-235.9459	5.013416	0.06774529	0.05065039	0.0170949	0.05065039
9630	-246.6641	-251.5966	4.932492	0.07444475	0.02938617	0.04505857	0.02938617
9640	-214.8894	-221.2574	6.367994	0.03197246	0.009382964	0.0225895	0.009382964
9650	-229.2922	-235.0134	5.721175	0.05484737	0.02325487	0.0315925	0.02325487
9660	-295.0686	-296.8081	1.739481	0.2011114	0.1401291	0.0609823	0.1401291
9670	-219.9883	-226.0889	6.100611	0.0412995	0.0183908	0.0229087	0.0183908
9680	-221.9869	-228.1201	6.133174	0.04267192	0.01361921	0.02905271	0.01361921
9690	-260.7531	-263.943	3.189836	0.1700645	0.1423061	0.02775834	0.1423061
9700	-213.408	-219.5739	6.165934	0.02683013	0.01145021	0.01537992	0.01145021
9710	-244.1379	-249.1111	4.973242	0.0746962	0.03308045	0.04161575	0.03308045
9720	-212.6629	-219.0461	6.383223	0.0277537	0.007141882	0.02061182	0.007141882
9730	-255.7771	-260.3619	4.584817	0.06328137	0.003218791	0.06006258	0.003218791
9740	-217.2801	-223.589	6.30882	0.03532491	0.008341948	0.02698296	0.008341948
9750	-294.0974	-297.639	3.541626	0.08743779	0.003849538	0.08358825	0.003849538
9760	-215.1685	-220.0401	4.871595	0.0117212	0.003233855	0.008487342	0.003233855
9770	-228.9218	-234.3419	5.420028	0.06095383	0.03906867	0.02188516	0.03906867
9780	-227.3531	-233.2985	5.945346	0.04600348	0.008898947	0.03710454	0.008898947
9790	-221.0479	-226.8928	5.844951	0.04373167	0.02508402	0.01864765	0.02508402
9800	-229.9764	-235.7602	5.783802	0.04682536	0.006214097	0.04061127	0.006214097
9810	-233.0147	-238.6475	5.632806	0.05666168	0.01955845	0.03710323	0.01955845
9820	-266.2996	-269.303	3.003355	0.1712733	0.135208	0.03606532	0.135208
9830	-273.1454	-275.7788	2.633329	0.1853214	0.1438033	0.04151809	0.1438033
9840	-252.4485	-257.1799	4.731367	0.07821982	0.02815931	0.05006051	0.02815931
9850	-237.592	-242.6777	5.085642	0.07479731	0.04385147	0.03094584	0.04385147
9860	-274.4755	-276.5992	2.123693	0.2513596	0.2217317	0.02962789	0.2217317
9870	-218.2063	-223.582	5.375673	0.03358002	0.02226915	0.01131087	0.02226915
9880	-210.4073	-215.8701	5.462764	0.02173426	0.001551419	0.02018284	0.001551419
9890	-264.0313	-268.2154	4.184051	0.09149901	0.03464411	0.05685491	0.03464411
9900	-251.9097	-255.8578	3.948158	0.1237959	0.09411087	0.029685	0.09411087
9910	-246.8405	-250.565	3.72452	0.1238009	0.1077445	0.0160564	0.1077445
9920	-250.365	-254.4239	4.058929	0.1183427	0.0889595	0.02938318	0.0889595
9930	-244.1946	-248.6005	4.40583	0.1025905	0.07717628	0.02541418	0.07717628
9940	-232.7333	-237.7057	4.972426	0.07243196	0.05386385	0.01856811	0.05386385
9950	-280.9326	-285.0275	4.094878	0.08613895	0.01231912	0.07381984	0.01231912
9960	-235.6404	-241.0128	5.372352	0.0646653	0.02953895	0.03512635	0.02953895
9970	-221.7341	-226.218	4.483831	0.03831523	0.02977291	0.008542315	0.02977291
9980	-218.9805	-225.1233	6.142734	0.03948633	0.01730069	0.02218564	0.01730069
9990	-261.3232	-264.4748	3.151528	0.1724568	0.1444671	0.02798969	0.1444671
10000	-212.6641	-218.9797	6.315581	0.02668907	0.009155031	0.01753404	0.009155031
