Iteration	Posterior	Likelihood	Prior	birth_rate	death_rate	diversification	turnover
0	-240.0563	-245.2114	5.155088	0.07036013	0.03203345	0.03832669	0.03203345
10	-230.5108	-234.9575	4.446681	0.06537213	0.05382239	0.01154974	0.05382239
20	-230.7025	-236.4177	5.715186	0.05476308	0.02013705	0.03462603	0.02013705
30	-218.4441	-224.5227	6.078653	0.03849501	0.01886151	0.01963351	0.01886151
40	-210.6955	-216.9059	6.210415	0.02123924	0.00529777	0.01594147	0.00529777
50	-215.8446	-221.673	5.828396	0.03035128	0.01699109	0.01336018	0.01699109
60	-213.221	-219.4356	6.214606	0.02688004	0.01089816	0.01598189	0.01089816
70	-211.476	-217.8185	6.342515	0.02510656	0.005742652	0.01936391	0.005742652
80	-219.0965	-223.8721	4.775609	0.03199165	0.02322266	0.008768993	0.02322266
90	-211.9417	-218.0484	6.106674	0.02199333	0.008145363	0.01384797	0.008145363
100	-225.7001	-231.395	5.694943	0.05306015	0.03022675	0.02283339	0.03022675
110	-243.1009	-248.0304	4.929503	0.0774431	0.03886361	0.03857948	0.03886361
120	-216.0314	-221.9428	5.911426	0.03158028	0.0172277	0.01435258	0.0172277
130	-218.3243	-224.2114	5.887173	0.03742217	0.02128717	0.016135	0.02128717
140	-215.37	-221.6832	6.313213	0.03277366	0.01193826	0.0208354	0.01193826
150	-220.0199	-226.1726	6.152629	0.04092453	0.01621863	0.0247059	0.01621863
160	-210.0645	-215.9513	5.886788	0.02117475	0.002431242	0.01874351	0.002431242
170	-212.501	-218.457	5.956012	0.0214947	0.008972649	0.01252206	0.008972649
180	-233.8746	-238.9531	5.078544	0.07344729	0.05090534	0.02254195	0.05090534
190	-213.3209	-219.5325	6.211665	0.0288127	0.004042412	0.02477029	0.004042412
200	-282.2288	-285.925	3.696182	0.09925743	0.02839954	0.07085789	0.02839954
210	-211.3469	-217.68	6.333156	0.02445006	0.006049105	0.01840095	0.006049105
220	-219.23	-225.4767	6.246761	0.03778072	0.008646879	0.02913385	0.008646879
230	-235.2837	-240.8072	5.523531	0.05942645	0.02082071	0.03860574	0.02082071
240	-214.6046	-220.7454	6.140819	0.02975367	0.01369379	0.01605988	0.01369379
250	-215.4043	-221.7572	6.352907	0.03288759	0.01015297	0.02273463	0.01015297
260	-210.694	-216.5576	5.863547	0.01703153	0.003594755	0.01343678	0.003594755
270	-217.8737	-221.7706	3.896895	0.01526717	0.009452505	0.005814666	0.009452505
280	-222.9623	-228.7916	5.829296	0.04761284	0.02637979	0.02123306	0.02637979
290	-220.5464	-226.4222	5.875815	0.0426675	0.02412236	0.01854514	0.02412236
300	-220.9209	-226.7018	5.780903	0.04330349	0.02591297	0.01739051	0.02591297
310	-234.4674	-239.3754	4.908065	0.0769102	0.05714592	0.01976428	0.05714592
320	-223.216	-228.7505	5.534491	0.04820889	0.03191635	0.01629254	0.03191635
330	-230.2671	-235.848	5.580941	0.05891431	0.02955788	0.02935643	0.02955788
340	-215.7991	-222.0957	6.296578	0.03357822	0.0125562	0.02102202	0.0125562
350	-227.3123	-233.0418	5.729536	0.05415445	0.02689665	0.0272578	0.02689665
360	-233.0557	-238.429	5.373238	0.06535925	0.03605734	0.02930192	0.03605734
370	-225.9377	-231.5988	5.661037	0.05375318	0.03134548	0.02240771	0.03134548
380	-218.5822	-224.7778	6.195626	0.03862218	0.0155653	0.02305688	0.0155653
390	-215.7799	-222.0459	6.265951	0.03343905	0.01338316	0.02005588	0.01338316
400	-213.155	-219.542	6.386948	0.02876008	0.007575762	0.02118432	0.007575762
410	-215.6619	-222.0132	6.351373	0.03330565	0.00995771	0.02334794	0.00995771
420	-217.7124	-223.8969	6.184518	0.03714447	0.01609881	0.02104566	0.01609881
430	-219.8048	-225.3485	5.543716	0.03925369	0.0257151	0.01353859	0.0257151
440	-214.09	-220.4362	6.346226	0.0303935	0.006078594	0.0243149	0.006078594
450	-217.0724	-223.2777	6.20532	0.03591588	0.01540163	0.02051425	0.01540163
460	-215.0009	-221.343	6.342119	0.0318447	0.006610336	0.02523436	0.006610336
470	-214.014	-219.177	5.162956	0.01298993	0.003831569	0.009158357	0.003831569
480	-220.0532	-226.2654	6.212287	0.03855326	0.008215165	0.03033809	0.008215165
490	-217.4678	-223.7384	6.270605	0.03652499	0.01308612	0.02343887	0.01308612
500	-224.3407	-229.4351	5.094344	0.03906639	0.001654099	0.03741229	0.001654099
510	-230.509	-235.7305	5.221494	0.06575008	0.04564102	0.02010906	0.04564102
520	-214.176	-220.4357	6.259723	0.03024784	0.004711875	0.02553596	0.004711875
530	-210.7128	-216.841	6.128216	0.01991612	0.005138352	0.01477777	0.005138352
540	-230.6985	-236.1038	5.405259	0.06345414	0.03849297	0.02496118	0.03849297
550	-226.8993	-232.7557	5.856468	0.05095314	0.02045191	0.03050123	0.02045191
560	-216.5401	-222.6793	6.139226	0.03312999	0.004273857	0.02885613	0.004273857
570	-222.435	-228.2447	5.809752	0.04666981	0.02672623	0.01994358	0.02672623
580	-211.5535	-217.7871	6.233606	0.0229122	0.007399212	0.01551299	0.007399212
590	-214.3511	-220.4421	6.091011	0.03007343	0.00344333	0.0266301	0.00344333
600	-215.9942	-221.7157	5.721483	0.02984825	0.01732768	0.01252057	0.01732768
610	-256.3381	-259.9897	3.65162	0.138444	0.1071118	0.03133224	0.1071118
620	-219.5956	-225.789	6.193351	0.03748636	0.006703357	0.030783	0.006703357
630	-246.4089	-249.952	3.54314	0.1230015	0.1091531	0.01384843	0.1091531
640	-230.5621	-236.1914	5.629286	0.05751292	0.0259385	0.03157442	0.0259385
650	-211.0406	-215.8389	4.798345	0.02202485	0.0009397509	0.0210851	0.0009397509
660	-212.4307	-218.3304	5.899629	0.02042634	0.00838005	0.01204629	0.00838005
670	-213.6817	-218.9496	5.267859	0.01365933	0.00430467	0.009354664	0.00430467
680	-224.4672	-229.2645	4.797269	0.04832218	0.0374558	0.01086639	0.0374558
690	-211.5245	-217.8654	6.34094	0.02533628	0.005552236	0.01978405	0.005552236
700	-221.7375	-227.6803	5.942822	0.0449491	0.02307542	0.02187369	0.02307542
710	-219.1558	-224.7267	5.57092	0.0376464	0.02431494	0.01333146	0.02431494
720	-213.1474	-218.8332	5.685793	0.01978316	0.00901876	0.0107644	0.00901876
730	-211.5189	-217.2079	5.689044	0.02484491	0.001915028	0.02292988	0.001915028
740	-213.699	-219.4412	5.742191	0.02849182	0.002141854	0.02634996	0.002141854
750	-215.5493	-221.7464	6.19706	0.03254644	0.01444698	0.01809946	0.01444698
760	-224.4807	-230.1556	5.674918	0.05110088	0.03084901	0.02025187	0.03084901
770	-213.3383	-219.7255	6.387155	0.02913999	0.007548706	0.02159129	0.007548706
780	-217.5504	-223.8219	6.271526	0.03663896	0.01296555	0.02367341	0.01296555
790	-220.5861	-226.2803	5.694256	0.04214804	0.02634592	0.01580212	0.02634592
800	-257.1105	-260.8914	3.780892	0.1252311	0.08795533	0.03727577	0.08795533
810	-222.5394	-228.6607	6.121331	0.04301831	0.01285611	0.0301622	0.01285611
820	-211.4127	-217.5604	6.147707	0.02128009	0.006939087	0.01434101	0.006939087
830	-256.2002	-259.6536	3.453437	0.1542048	0.1293832	0.02482167	0.1293832
840	-223.9317	-229.037	5.1053	0.0483501	0.03578524	0.01256486	0.03578524
850	-247.6685	-251.9539	4.285408	0.1071758	0.07721361	0.02996217	0.07721361
860	-224.3822	-230.3781	5.995935	0.04686061	0.01743238	0.02942823	0.01743238
870	-238.0167	-243.1713	5.154651	0.0717526	0.03773454	0.03401806	0.03773454
880	-220.3675	-225.4072	5.039715	0.03516727	0.001389673	0.0337776	0.001389673
890	-218.8726	-224.8738	6.001151	0.0392364	0.02058888	0.01864751	0.02058888
900	-213.9925	-219.339	5.346542	0.01779674	0.008575567	0.009221177	0.008575567
910	-214.6216	-220.9621	6.34044	0.03136529	0.01080902	0.02055627	0.01080902
920	-220.3526	-226.2548	5.90218	0.04228349	0.02350699	0.0187765	0.02350699
930	-210.7634	-216.9121	6.148731	0.02025672	0.005339022	0.0149177	0.005339022
940	-239.5659	-244.4218	4.855978	0.08356054	0.05514075	0.02841979	0.05514075
950	-246.5358	-250.6135	4.077695	0.1168179	0.09526775	0.02155018	0.09526775
960	-214.1369	-220.1389	6.002011	0.02710145	0.01321772	0.01388372	0.01321772
970	-226.7425	-232.6421	5.899611	0.0440234	0.006086308	0.03793709	0.006086308
980	-215.7162	-220.9731	5.256956	0.02457513	0.01506847	0.00950666	0.01506847
990	-221.4521	-227.596	6.143922	0.04224716	0.01423154	0.02801563	0.01423154
1000	-213.3771	-219.6496	6.272425	0.02791712	0.01074174	0.01717538	0.01074174
1010	-210.033	-216.0069	5.973951	0.01909603	0.003140041	0.01595599	0.003140041
1020	-243.5062	-248.4422	4.93602	0.07679623	0.03725328	0.03954294	0.03725328
1030	-230.4813	-235.4403	4.958996	0.0665827	0.05065851	0.01592419	0.05065851
1040	-211.1317	-217.143	6.011296	0.0187233	0.005441589	0.01328171	0.005441589
1050	-219.5548	-225.6629	6.108104	0.04057165	0.01829264	0.02227901	0.01829264
1060	-239.3635	-244.1457	4.782169	0.08639131	0.06069753	0.02569379	0.06069753
1070	-236.2683	-240.9732	4.704981	0.08303047	0.06449159	0.01853888	0.06449159
1080	-230.9111	-236.6316	5.720558	0.05450807	0.01923927	0.03526881	0.01923927
1090	-214.6034	-220.9407	6.33726	0.03118404	0.006170603	0.02501344	0.006170603
1100	-249.4134	-253.5516	4.138193	0.1143412	0.08477978	0.02956137	0.08477978
1110	-219.8506	-225.5993	5.748785	0.04054014	0.0247445	0.01579564	0.0247445
1120	-235.01	-240.3102	5.300227	0.0675573	0.03598634	0.03157096	0.03598634
1130	-217.5981	-223.2924	5.694252	0.03420159	0.02084508	0.01335652	0.02084508
1140	-238.9095	-243.7811	4.871671	0.0830048	0.05564251	0.02736229	0.05564251
1150	-217.6309	-222.0102	4.379352	0.02356463	0.01650187	0.00706276	0.01650187
1160	-210.3612	-216.3076	5.946448	0.01798688	0.00354594	0.01444094	0.00354594
1170	-213.8936	-219.9943	6.100693	0.02745139	0.01258165	0.01486974	0.01258165
1180	-210.7425	-216.6417	5.899155	0.01728047	0.003871328	0.01340914	0.003871328
1190	-213.2515	-219.5897	6.338174	0.02832794	0.00967011	0.01865783	0.00967011
1200	-242.2564	-247.1746	4.918182	0.07873098	0.04219907	0.03653191	0.04219907
1210	-210.4884	-216.6988	6.210416	0.02140771	0.00468296	0.01672475	0.00468296
1220	-212.8832	-219.2331	6.349867	0.0276301	0.008947796	0.0186823	0.008947796
1230	-210.1856	-216.0776	5.891913	0.01794332	0.00307215	0.01487117	0.00307215
1240	-245.1102	-249.7629	4.65274	0.08890084	0.05364208	0.03525876	0.05364208
1250	-257.3402	-260.1096	2.769421	0.1784646	0.1637949	0.01466977	0.1637949
1260	-211.1453	-217.1328	5.987488	0.02453779	0.002669699	0.02186809	0.002669699
1270	-212.3821	-218.7053	6.323254	0.02613566	0.00858238	0.01755328	0.00858238
1280	-222.442	-228.5641	6.122086	0.0430183	0.0131447	0.0298736	0.0131447
1290	-222.3994	-228.5376	6.138255	0.04215729	0.01102261	0.03113468	0.01102261
1300	-232.7931	-238.4634	5.670346	0.04898473	0.006023193	0.04296154	0.006023193
1310	-218.4079	-224.6311	6.223171	0.03819758	0.01452685	0.02367072	0.01452685
1320	-211.1921	-217.3656	6.173433	0.02122697	0.006469596	0.01475738	0.006469596
1330	-248.4509	-252.5967	4.145814	0.1148353	0.08740321	0.02743205	0.08740321
1340	-219.1765	-225.423	6.246562	0.03765317	0.008450458	0.02920271	0.008450458
1350	-247.0982	-251.2729	4.174693	0.1136369	0.08847466	0.02516226	0.08847466
1360	-211.7425	-218.0395	6.296967	0.02431635	0.00758378	0.01673257	0.00758378
1370	-243.494	-245.6966	2.202584	0.1055862	0.09856761	0.007018627	0.09856761
1380	-247.5267	-251.7032	4.17653	0.1135461	0.08735828	0.02618783	0.08735828
1390	-211.7351	-217.7596	6.024528	0.02020453	0.007170246	0.01303429	0.007170246
1400	-216.2373	-222.4365	6.199195	0.03413126	0.01505943	0.01907183	0.01505943
1410	-210.8036	-216.9486	6.144983	0.02023284	0.005421329	0.01481151	0.005421329
1420	-214.2762	-220.5641	6.287915	0.03023	0.01172974	0.01850026	0.01172974
1430	-212.4861	-218.6985	6.212368	0.02743047	0.003901842	0.02352863	0.003901842
1440	-212.518	-218.5873	6.069315	0.027249	0.003081049	0.02416795	0.003081049
1450	-258.4891	-261.4456	2.956497	0.1805476	0.1624323	0.01811523	0.1624323
1460	-212.1209	-218.2117	6.090806	0.02659824	0.003141197	0.02345705	0.003141197
1470	-230.558	-236.3605	5.802503	0.04800895	0.007477435	0.04053152	0.007477435
1480	-209.9742	-215.5376	5.563395	0.01781098	0.001913536	0.01589745	0.001913536
1490	-220.2266	-226.4229	6.196371	0.03853266	0.007660803	0.03087186	0.007660803
1500	-212.057	-216.9322	4.875198	0.02444336	0.0009963838	0.02344697	0.0009963838
1510	-235.6078	-239.8661	4.258285	0.08180486	0.06888741	0.01291745	0.06888741
1520	-217.7701	-224.0601	6.290028	0.03587106	0.008093487	0.02777757	0.008093487
1530	-213.6945	-220.0756	6.381077	0.02973973	0.008646315	0.02109342	0.008646315
1540	-235.9694	-241.4453	5.475885	0.06077581	0.0221122	0.0386636	0.0221122
1550	-219.9984	-224.6604	4.662072	0.03406294	0.02541929	0.008643656	0.02541929
1560	-233.3599	-237.8445	4.48465	0.04589589	0.001305216	0.04459067	0.001305216
1570	-214.3788	-219.4824	5.103676	0.01300043	0.004206557	0.00879387	0.004206557
1580	-254.6213	-258.6983	4.076978	0.108679	0.06867619	0.04000282	0.06867619
1590	-237.5751	-242.8309	5.255801	0.06800775	0.03205511	0.03595264	0.03205511
1600	-227.8932	-232.7669	4.87364	0.05889113	0.04576039	0.01313074	0.04576039
1610	-232.9721	-238.2806	5.308515	0.0672848	0.04018478	0.02710002	0.04018478
1620	-226.7539	-232.6511	5.897282	0.04979439	0.01817873	0.03161566	0.01817873
1630	-218.5204	-224.4726	5.95218	0.03823922	0.02090934	0.01732988	0.02090934
1640	-218.9241	-222.9252	4.00109	0.01036367	0.004198495	0.006165172	0.004198495
1650	-218.6818	-224.7059	6.024078	0.0388788	0.02004498	0.01883382	0.02004498
1660	-226.2982	-232.2837	5.985512	0.04658279	0.01212794	0.03445485	0.01212794
1670	-223.4057	-229.3674	5.961696	0.04050636	0.00505342	0.03545294	0.00505342
1680	-233.7284	-238.8333	5.104909	0.07276056	0.04983055	0.02293001	0.04983055
1690	-210.7015	-216.8121	6.11064	0.01965716	0.005033785	0.01462338	0.005033785
1700	-246.2283	-251.2251	4.996799	0.07228067	0.02662022	0.04566045	0.02662022
1710	-223.5039	-229.2021	5.698192	0.04904923	0.02977874	0.0192705	0.02977874
1720	-226.0114	-231.9611	5.94967	0.04366118	0.006624932	0.03703625	0.006624932
1730	-216.7552	-222.6607	5.905434	0.03348514	0.01859293	0.01489221	0.01859293
1740	-224.6449	-230.0569	5.412023	0.03991558	0.002301713	0.03761387	0.002301713
1750	-220.4138	-226.0431	5.629364	0.04138116	0.02650974	0.01487143	0.02650974
1760	-222.9224	-228.3512	5.428762	0.03830825	0.002184091	0.03612416	0.002184091
1770	-216.7521	-222.9523	6.20025	0.03524698	0.01538088	0.0198661	0.01538088
1780	-213.3114	-218.7381	5.426744	0.02741596	0.001562593	0.02585336	0.001562593
1790	-230.0391	-235.4269	5.387809	0.06303019	0.03988429	0.0231459	0.03988429
1800	-210.6795	-216.7937	6.114179	0.0234862	0.003226772	0.02025943	0.003226772
1810	-241.421	-246.8094	5.38835	0.05601809	0.006842336	0.04917575	0.006842336
1820	-225.7552	-231.3588	5.603566	0.05387902	0.03314515	0.02073387	0.03314515
1830	-222.1489	-228.293	6.144074	0.04109379	0.009027296	0.0320665	0.009027296
1840	-212.6929	-218.7874	6.094443	0.0275818	0.003218501	0.0243633	0.003218501
1850	-228.2372	-233.8386	5.601435	0.05740017	0.03200633	0.02539384	0.03200633
1860	-254.4056	-256.8706	2.464977	0.1630048	0.1521612	0.01084355	0.1521612
1870	-222.2784	-228.3159	6.037588	0.04478642	0.01895888	0.02582754	0.01895888
1880	-210.5429	-216.3625	5.81962	0.0228206	0.002187209	0.02063339	0.002187209
1890	-216.1055	-221.9788	5.873295	0.0318901	0.002743584	0.02914651	0.002743584
1900	-232.4961	-237.5479	5.051706	0.07130675	0.05162081	0.01968595	0.05162081
1910	-222.7703	-228.8936	6.123248	0.04268466	0.01135647	0.03132819	0.01135647
1920	-228.151	-234.0079	5.856888	0.05082125	0.01727163	0.03354962	0.01727163
1930	-217.1469	-223.4129	6.266059	0.03603913	0.01348851	0.02255062	0.01348851
1940	-213.0031	-218.9273	5.924199	0.0226997	0.01025424	0.01244546	0.01025424
1950	-216.2702	-221.8304	5.560221	0.02926421	0.01777886	0.01148536	0.01777886
1960	-213.9805	-220.0529	6.072395	0.02950661	0.003285104	0.0262215	0.003285104
1970	-243.3704	-248.2428	4.872394	0.0797917	0.04216055	0.03763115	0.04216055
1980	-212.2819	-218.6235	6.341591	0.02618005	0.008142173	0.01803788	0.008142173
1990	-219.4206	-222.5242	3.10361	0.01741322	0.01254701	0.00486621	0.01254701
2000	-224.2445	-230.2936	6.049128	0.04524817	0.01380985	0.03143832	0.01380985
2010	-211.6686	-218.0174	6.348867	0.02517686	0.006642145	0.01853471	0.006642145
2020	-210.0501	-216.1035	6.053377	0.02048102	0.003250603	0.01723042	0.003250603
2030	-214.7393	-220.1274	5.388097	0.02933182	0.00157208	0.02775974	0.00157208
2040	-216.4575	-222.7908	6.333307	0.03457788	0.01021003	0.02436785	0.01021003
2050	-219.4637	-225.1972	5.733533	0.03946676	0.02422054	0.01524622	0.02422054
2060	-215.5786	-221.2116	5.632992	0.02778721	0.01618411	0.0116031	0.01618411
2070	-247.7459	-251.8447	4.098845	0.1173606	0.09293344	0.02442716	0.09293344
2080	-212.2082	-218.3656	6.157431	0.02344051	0.008908752	0.01453176	0.008908752
2090	-227.7467	-233.2006	5.453926	0.05858225	0.03790486	0.02067739	0.03790486
2100	-222.1094	-228.1697	6.060302	0.04428857	0.01805114	0.02623743	0.01805114
2110	-214.3352	-219.824	5.488869	0.02188092	0.01180237	0.01007855	0.01180237
2120	-219.1115	-225.2312	6.119715	0.03977864	0.01800567	0.02177297	0.01800567
2130	-237.0482	-242.0169	4.968653	0.0791714	0.05312185	0.02604955	0.05312185
2140	-210.3762	-216.5536	6.177347	0.02090681	0.004402769	0.01650404	0.004402769
2150	-214.1038	-219.7401	5.636237	0.02286339	0.01201693	0.01084647	0.01201693
2160	-210.6012	-216.8219	6.220687	0.02146718	0.005019031	0.01644815	0.005019031
2170	-229.1965	-234.6517	5.4552	0.06090275	0.0376244	0.02327835	0.0376244
2180	-224.6458	-230.3907	5.744934	0.05099283	0.02884382	0.02214901	0.02884382
2190	-214.9567	-221.3107	6.353997	0.03208555	0.01031351	0.02177205	0.01031351
2200	-210.4048	-215.3939	4.989121	0.0203763	0.001082207	0.01929409	0.001082207
2210	-210.3499	-215.9347	5.584797	0.02181087	0.001732553	0.02007832	0.001732553
2220	-232.0354	-237.6419	5.606488	0.05794192	0.02375041	0.03419151	0.02375041
2230	-258.8634	-263.6756	4.812227	0.07088155	0.01089526	0.05998629	0.01089526
2240	-216.4323	-222.6904	6.258127	0.0347417	0.01382449	0.0209172	0.01382449
2250	-212.9429	-219.3275	6.384596	0.02839017	0.007006719	0.02138345	0.007006719
2260	-210.5847	-216.491	5.906339	0.01743135	0.003670858	0.01376049	0.003670858
2270	-217.682	-223.5001	5.818125	0.03532056	0.02064404	0.01467652	0.02064404
2280	-230.1025	-234.0041	3.901631	0.06158547	0.05271158	0.008873891	0.05271158
2290	-214.8175	-220.5885	5.771048	0.03006492	0.002300273	0.02776465	0.002300273
2300	-213.738	-219.6859	5.947881	0.02532291	0.01225724	0.01306567	0.01225724
2310	-213.3646	-219.7423	6.377706	0.02922672	0.006693588	0.02253313	0.006693588
2320	-213.375	-219.5463	6.171306	0.02680117	0.01136865	0.01543251	0.01136865
2330	-210.2442	-216.3221	6.077964	0.02194623	0.003148993	0.01879724	0.003148993
2340	-214.1644	-220.3507	6.186303	0.03003314	0.004026807	0.02600633	0.004026807
2350	-226.1432	-232.0948	5.951564	0.04817433	0.01597656	0.03219777	0.01597656
2360	-221.3057	-227.3449	6.039175	0.04364786	0.01991246	0.02373539	0.01991246
2370	-236.2978	-241.8323	5.534443	0.0584457	0.01754227	0.04090343	0.01754227
2380	-253.2532	-258.0043	4.751162	0.0769873	0.02547046	0.05151685	0.02547046
2390	-225.0519	-231.0903	6.038326	0.04487904	0.0110536	0.03382544	0.0110536
2400	-246.6028	-251.6356	5.032744	0.07071558	0.0237576	0.04695798	0.0237576
2410	-214.1756	-220.3575	6.181973	0.02902622	0.01272811	0.01629811	0.01272811
2420	-226.4929	-231.9223	5.429432	0.0560577	0.03764922	0.01840847	0.03764922
2430	-212.6392	-218.6223	5.983153	0.02232033	0.009507174	0.01281316	0.009507174
2440	-212.4478	-218.7446	6.296865	0.02592979	0.008971654	0.01695813	0.008971654
2450	-228.7748	-234.5249	5.750129	0.05401771	0.02268071	0.031337	0.02268071
2460	-212.8423	-218.3458	5.503482	0.01506797	0.004918268	0.0101497	0.004918268
2470	-212.7561	-218.6646	5.908532	0.02166154	0.009451579	0.01220996	0.009451579
2480	-230.2877	-235.6182	5.330576	0.0642028	0.04203325	0.02216955	0.04203325
2490	-215.2522	-221.5699	6.317645	0.03255236	0.01176581	0.02078655	0.01176581
2500	-213.2482	-219.3731	6.124912	0.02592339	0.01122393	0.01469946	0.01122393
2510	-232.2677	-237.1447	4.877047	0.07160079	0.0550037	0.01659709	0.0550037
2520	-231.1491	-236.8623	5.713185	0.05466833	0.01910619	0.03556214	0.01910619
2530	-236.4411	-241.7071	5.265976	0.06824306	0.03445789	0.03378516	0.03445789
2540	-254.0173	-258.5075	4.490143	0.08680507	0.03874758	0.04805749	0.03874758
2550	-223.5296	-228.9609	5.431263	0.04868592	0.03338351	0.01530241	0.03338351
2560	-219.3804	-225.6258	6.245465	0.03812941	0.009172283	0.02895712	0.009172283
2570	-272.5001	-276.0226	3.522477	0.1137742	0.05575474	0.05801948	0.05575474
2580	-220.4878	-226.6443	6.156487	0.03838106	0.006589313	0.03179175	0.006589313
2590	-230.633	-235.3066	4.673535	0.06655568	0.05335331	0.01320238	0.05335331
2600	-219.318	-225.2147	5.896722	0.03990038	0.02253483	0.01736555	0.02253483
2610	-231.0162	-236.2329	5.216664	0.06677935	0.04597999	0.02079936	0.04597999
2620	-215.4715	-220.2994	4.827967	0.0148278	0.007213856	0.007613943	0.007213856
2630	-227.4917	-233.3673	5.875678	0.05036759	0.01773602	0.03263156	0.01773602
2640	-212.7099	-219.0341	6.324244	0.02798731	0.005124501	0.02286281	0.005124501
2650	-212.3689	-218.1495	5.780607	0.02651972	0.002144266	0.02437546	0.002144266
2660	-219.0457	-225.2226	6.176893	0.03656402	0.005860086	0.03070393	0.005860086
2670	-235.945	-241.0305	5.085489	0.07501188	0.04793636	0.02707552	0.04793636
2680	-224.577	-230.6025	6.025543	0.04601066	0.01479193	0.03121872	0.01479193
2690	-218.911	-224.3735	5.462489	0.03623282	0.02393867	0.01229415	0.02393867
2700	-235.3671	-240.2525	4.885461	0.07902187	0.05834699	0.02067489	0.05834699
2710	-228.0499	-232.7954	4.745511	0.05886382	0.04660162	0.0122622	0.04660162
2720	-236.8379	-242.3147	5.476837	0.0516031	0.005228966	0.04637414	0.005228966
2730	-226.2378	-231.8337	5.595944	0.05480114	0.03343745	0.02136369	0.03343745
2740	-228.6018	-234.1137	5.511894	0.05929765	0.03567782	0.02361983	0.03567782
2750	-214.8978	-220.493	5.595222	0.02520209	0.01421852	0.01098358	0.01421852
2760	-216.4789	-222.7046	6.225645	0.03475585	0.01467353	0.02008231	0.01467353
2770	-212.6711	-219.0462	6.375137	0.02753936	0.007904508	0.01963485	0.007904508
2780	-220.8885	-227.0252	6.136645	0.04202882	0.01584861	0.02618021	0.01584861
2790	-223.43	-229.3442	5.914142	0.04763777	0.02323334	0.02440443	0.02323334
2800	-214.0433	-219.8549	5.811612	0.0247341	0.01267244	0.01206166	0.01267244
2810	-229.9161	-235.3052	5.389051	0.06284541	0.03990294	0.02294247	0.03990294
2820	-210.1871	-216.1542	5.96712	0.02177891	0.002665634	0.01911328	0.002665634
2830	-212.1349	-218.3393	6.204386	0.02389473	0.008740353	0.01515438	0.008740353
2840	-223.9577	-229.7893	5.831585	0.04920365	0.02608828	0.02311537	0.02608828
2850	-210.6335	-216.8401	6.206627	0.02321025	0.003888849	0.0193214	0.003888849
2860	-222.2397	-227.7904	5.550616	0.04577212	0.03020995	0.01556217	0.03020995
2870	-245.0071	-249.4521	4.445021	0.100517	0.07199457	0.02852247	0.07199457
2880	-221.0242	-225.7764	4.752178	0.03778288	0.02845303	0.009329856	0.02845303
2890	-215.112	-221.3785	6.266462	0.03198835	0.01291332	0.01907503	0.01291332
2900	-219.5302	-224.6839	5.153643	0.03591518	0.02527027	0.01064491	0.02527027
2910	-225.5633	-231.3452	5.78194	0.05178933	0.0267985	0.02499083	0.0267985
2920	-220.7666	-225.6851	4.918434	0.03804885	0.0280799	0.00996895	0.0280799
2930	-215.2849	-220.7008	5.415889	0.02465794	0.01453908	0.01011886	0.01453908
2940	-221.3277	-226.8399	5.512179	0.04319502	0.02883232	0.0143627	0.02883232
2950	-216.12	-222.3902	6.270221	0.03312147	0.005704565	0.02741691	0.005704565
2960	-211.884	-218.2254	6.341467	0.02535973	0.007365127	0.0179946	0.007365127
2970	-232.4574	-237.5625	5.105056	0.07069499	0.04998347	0.02071152	0.04998347
2980	-227.6848	-232.7697	5.084877	0.05893002	0.04398321	0.0149468	0.04398321
2990	-216.1991	-222.2934	6.094377	0.03342174	0.01643109	0.01699064	0.01643109
3000	-215.7545	-222.1081	6.353646	0.03339435	0.009384394	0.02400995	0.009384394
3010	-214.44	-220.6921	6.252066	0.03031966	0.01243709	0.01788256	0.01243709
3020	-222.048	-228.1629	6.114863	0.04017574	0.007094809	0.03308093	0.007094809
3030	-219.4368	-225.559	6.122196	0.03671013	0.005212757	0.03149737	0.005212757
3040	-223.053	-227.9849	4.931918	0.03762779	0.001380738	0.03624705	0.001380738
3050	-210.0994	-216.0986	5.999175	0.01904484	0.003347694	0.01569715	0.003347694
3060	-218.8687	-224.7457	5.876953	0.03872314	0.02216575	0.01655739	0.02216575
3070	-218.9283	-224.8342	5.905911	0.03526842	0.003310645	0.03195778	0.003310645
3080	-223.385	-229.4725	6.087494	0.04406581	0.01316764	0.03089817	0.01316764
3090	-210.2808	-216.2751	5.994328	0.01852565	0.003640603	0.01488505	0.003640603
3100	-218.0463	-224.3348	6.288483	0.03690042	0.01063787	0.02626255	0.01063787
3110	-225.558	-231.5488	5.990751	0.04696719	0.01461395	0.03235323	0.01461395
3120	-245.7002	-250.2384	4.538147	0.09454305	0.06136602	0.03317703	0.06136602
3130	-233.2641	-238.9705	5.706418	0.05350237	0.01335646	0.04014591	0.01335646
3140	-212.8177	-218.5714	5.753625	0.0195429	0.00843565	0.01110725	0.00843565
3150	-218.4312	-224.7009	6.26967	0.03671145	0.008231343	0.02848011	0.008231343
3160	-228.6968	-234.5143	5.817449	0.04559443	0.005912025	0.03968241	0.005912025
3170	-233.6173	-238.5321	4.914783	0.07492305	0.05620562	0.01871742	0.05620562
3180	-211.5437	-217.3937	5.849964	0.02515558	0.002271914	0.02288367	0.002271914
3190	-268.4461	-270.9065	2.460431	0.2274823	0.2027448	0.02473747	0.2027448
3200	-225.4573	-231.4241	5.966773	0.04311338	0.00652058	0.0365928	0.00652058
3210	-236.0449	-240.4997	4.454794	0.08340934	0.06843537	0.01497397	0.06843537
3220	-220.6242	-225.9749	5.350661	0.04034052	0.02787113	0.01246939	0.02787113
3230	-211.5933	-217.8682	6.274899	0.02364771	0.007383363	0.01626434	0.007383363
3240	-227.859	-233.6692	5.81021	0.04453228	0.005269965	0.03926231	0.005269965
3250	-218.8971	-225.1479	6.250842	0.03838968	0.01209833	0.02629135	0.01209833
3260	-214.9397	-221.3041	6.364417	0.03206498	0.009660637	0.02240434	0.009660637
3270	-214.6785	-220.8169	6.138316	0.03064431	0.00379436	0.02684995	0.00379436
3280	-214.584	-220.9018	6.317743	0.03114768	0.01142112	0.01972656	0.01142112
3290	-212.8798	-219.2641	6.384385	0.02814823	0.007603665	0.02054456	0.007603665
3300	-211.0765	-217.0303	5.953724	0.01791522	0.004880493	0.01303472	0.004880493
3310	-213.7885	-219.9271	6.13863	0.02756384	0.01226722	0.01529661	0.01226722
3320	-219.411	-225.2098	5.798738	0.03968	0.02365773	0.01602226	0.02365773
3330	-214.5965	-220.9546	6.358086	0.03140226	0.01012345	0.02127881	0.01012345
3340	-222.4613	-228.4368	5.975508	0.04576698	0.02155246	0.02421452	0.02155246
3350	-215.9212	-222.2333	6.312058	0.03383276	0.01201605	0.02181672	0.01201605
3360	-223.8265	-229.9124	6.085911	0.04337358	0.01039438	0.0329792	0.01039438
3370	-225.4249	-230.8585	5.433595	0.05352305	0.03632075	0.0172023	0.03632075
3380	-218.707	-224.7301	6.023138	0.03893159	0.02008137	0.01885023	0.02008137
3390	-226.6867	-232.6182	5.931506	0.04871279	0.0159265	0.03278629	0.0159265
3400	-219.5685	-225.7767	6.208156	0.03972574	0.01383501	0.02589073	0.01383501
3410	-230.7184	-236.5011	5.782712	0.05231023	0.01532645	0.03698378	0.01532645
3420	-210.6445	-216.8875	6.24304	0.02300311	0.004333994	0.01866911	0.004333994
3430	-214.1193	-219.3347	5.215405	0.01465234	0.005825228	0.00882711	0.005825228
3440	-231.4644	-236.9276	5.463191	0.06245442	0.03403051	0.02842392	0.03403051
3450	-218.712	-224.4216	5.709644	0.03734319	0.02300155	0.01434164	0.02300155
3460	-215.8804	-221.7722	5.891794	0.03099929	0.01697888	0.01402041	0.01697888
3470	-212.5925	-218.933	6.340522	0.02778085	0.005380291	0.02240056	0.005380291
3480	-213.8471	-219.6064	5.759318	0.02345924	0.01190128	0.01155796	0.01190128
3490	-229.5484	-235.3919	5.843484	0.0505633	0.01401412	0.03654918	0.01401412
3500	-222.5288	-228.2099	5.681109	0.04686488	0.02916969	0.01769519	0.02916969
3510	-213.84	-220.22	6.379941	0.03002325	0.008776413	0.02124684	0.008776413
3520	-241.6695	-246.5242	4.854688	0.08228199	0.04889884	0.03338316	0.04889884
3530	-232.8109	-236.4528	3.641888	0.06962108	0.06091546	0.008705625	0.06091546
3540	-228.3766	-233.9007	5.524104	0.05883362	0.03533152	0.0235021	0.03533152
3550	-211.2459	-217.494	6.248148	0.02253073	0.006656583	0.01587414	0.006656583
3560	-220.0103	-225.5802	5.569883	0.0399707	0.02603773	0.01393297	0.02603773
3570	-225.5249	-231.3606	5.835664	0.05085615	0.02428866	0.02656749	0.02428866
3580	-211.9429	-217.9962	6.053257	0.0212124	0.007919685	0.01329272	0.007919685
3590	-232.4646	-237.6481	5.18346	0.0696267	0.04709294	0.02253376	0.04709294
3600	-216.301	-222.624	6.323007	0.03378951	0.007309774	0.02647974	0.007309774
3610	-210.1772	-215.4362	5.259028	0.01698566	0.001479466	0.01550619	0.001479466
3620	-243.5073	-248.1036	4.596374	0.09367908	0.06398757	0.02969151	0.06398757
3630	-222.2779	-228.4162	6.138338	0.04236872	0.01190692	0.0304618	0.01190692
3640	-218.2755	-224.4773	6.201855	0.03570041	0.005807782	0.02989263	0.005807782
3650	-236.9129	-241.8034	4.89047	0.08129961	0.05774243	0.02355718	0.05774243
3660	-214.4031	-220.7432	6.340132	0.03090459	0.01070665	0.02019794	0.01070665
3670	-249.0744	-253.8	4.72554	0.08100538	0.03623232	0.04477306	0.03623232
3680	-226.913	-232.5811	5.668009	0.05495527	0.03043745	0.02451781	0.03043745
3690	-213.2366	-219.6198	6.383225	0.02898148	0.006955467	0.02202602	0.006955467
3700	-214.6735	-221.0323	6.358867	0.03155655	0.01009084	0.02146572	0.01009084
3710	-232.6494	-238.3359	5.686523	0.05488607	0.01688343	0.03800264	0.01688343
3720	-215.943	-222.0452	6.10224	0.03284365	0.01600868	0.01683497	0.01600868
3730	-212.0154	-217.8544	5.839017	0.01810303	0.006422934	0.01168009	0.006422934
3740	-260.0033	-264.6918	4.688433	0.06757667	0.005218243	0.06235842	0.005218243
3750	-218.3243	-224.371	6.04664	0.03815675	0.01937056	0.01878619	0.01937056
3760	-211.9098	-217.851	5.941203	0.02598572	0.00254984	0.02343588	0.00254984
3770	-230.9222	-236.4468	5.524649	0.06060612	0.03150878	0.02909734	0.03150878
3780	-212.1377	-218.4443	6.306565	0.0253376	0.008309056	0.01702855	0.008309056
3790	-230.1293	-235.4296	5.300249	0.06429692	0.04311056	0.02118636	0.04311056
3800	-214.6942	-221.0533	6.359125	0.0315978	0.01007767	0.02152013	0.01007767
3810	-217.9997	-224.2586	6.258883	0.03735527	0.0131597	0.02419557	0.0131597
3820	-214.4854	-220.3665	5.881081	0.02982668	0.002584931	0.02724175	0.002584931
3830	-210.3758	-216.557	6.181219	0.02212838	0.003859685	0.0182687	0.003859685
3840	-213.9088	-219.3311	5.422364	0.0188596	0.009305142	0.009554453	0.009305142
3850	-226.2812	-232.2161	5.9349	0.0486899	0.01681597	0.03187394	0.01681597
3860	-252.5479	-257.3332	4.785276	0.06158833	0.003766182	0.05782215	0.003766182
3870	-248.4353	-252.74	4.30476	0.1048665	0.07237958	0.03248692	0.07237958
3880	-219.291	-225.4641	6.173045	0.03980127	0.0160032	0.02379807	0.0160032
3890	-218.6105	-224.8558	6.245291	0.03823453	0.01311044	0.02512409	0.01311044
3900	-226.7491	-232.7185	5.969434	0.04691917	0.01192383	0.03499534	0.01192383
3910	-212.4382	-218.8151	6.376863	0.02713291	0.007362337	0.01977057	0.007362337
3920	-214.9958	-221.2214	6.22559	0.03143818	0.01344315	0.01799503	0.01344315
3930	-211.9867	-218.0713	6.084557	0.02634654	0.003100513	0.02324603	0.003100513
3940	-233.4458	-238.2847	4.838824	0.04649886	0.001777331	0.04472153	0.001777331
3950	-213.9728	-220.1597	6.186934	0.0297528	0.003988699	0.0257641	0.003988699
3960	-216.0907	-222.4291	6.33831	0.03362353	0.00782755	0.02579598	0.00782755
3970	-249.5333	-253.6279	4.094545	0.1170173	0.08856108	0.02845626	0.08856108
3980	-219.3917	-225.381	5.989238	0.03605663	0.003907321	0.03214931	0.003907321
3990	-228.1387	-234.0582	5.919535	0.04783855	0.01115641	0.03668214	0.01115641
4000	-213.5236	-219.6412	6.117625	0.02660876	0.01180433	0.01480443	0.01180433
4010	-221.5012	-227.6495	6.148273	0.04214926	0.01376066	0.02838861	0.01376066
4020	-218.4977	-222.1306	3.632889	0.01936061	0.01377444	0.005586174	0.01377444
4030	-244.6317	-249.0448	4.413117	0.1022843	0.07565553	0.02662878	0.07565553
4040	-210.5082	-216.5294	6.021245	0.01854084	0.004169038	0.0143718	0.004169038
4050	-211.9031	-218.1437	6.240603	0.02382809	0.008174322	0.01565376	0.008174322
4060	-234.9066	-240.4005	5.493897	0.0606643	0.02364555	0.03701876	0.02364555
4070	-222.4759	-228.4089	5.933014	0.04617978	0.0231743	0.02300548	0.0231743
4080	-218.055	-224.3025	6.247492	0.03752516	0.01369412	0.02383104	0.01369412
4090	-219.0409	-225.1025	6.061593	0.03592559	0.004380663	0.03154493	0.004380663
4100	-212.7663	-218.2316	5.465261	0.01443614	0.004174501	0.01026164	0.004174501
4110	-215.1407	-220.0673	4.92662	0.02916756	0.001101328	0.02806623	0.001101328
4120	-211.2389	-217.5634	6.324491	0.0245299	0.005395266	0.01913464	0.005395266
4130	-212.6653	-218.7323	6.067009	0.02748889	0.003086381	0.02440251	0.003086381
4140	-220.2954	-225.2305	4.935052	0.03674728	0.02688372	0.009863562	0.02688372
4150	-212.861	-219.2434	6.382438	0.0282441	0.006798801	0.0214453	0.006798801
4160	-227.8592	-233.7836	5.924424	0.04813203	0.01227282	0.03585921	0.01227282
4170	-214.344	-220.5918	6.247805	0.03046439	0.004633413	0.02583098	0.004633413
4180	-216.1873	-221.4265	5.239206	0.02609619	0.01647109	0.009625107	0.01647109
4190	-210.1118	-215.7346	5.622741	0.02097568	0.001816971	0.01915871	0.001816971
4200	-225.1274	-230.7548	5.627488	0.05255832	0.03230454	0.02025379	0.03230454
4210	-254.5069	-258.5233	4.016319	0.1131833	0.07507546	0.03810786	0.07507546
4220	-216.5015	-222.8193	6.317788	0.0340637	0.007352722	0.02671098	0.007352722
4230	-215.0325	-221.373	6.340581	0.03188579	0.006587987	0.0252978	0.006587987
4240	-212.6858	-219.0081	6.322293	0.02794137	0.005088806	0.02285256	0.005088806
4250	-210.9297	-217.1796	6.249888	0.02406936	0.004204401	0.01986496	0.004204401
4260	-229.1826	-233.6881	4.505498	0.06137134	0.05007954	0.0112918	0.05007954
4270	-210.9303	-217.1586	6.228261	0.02412562	0.003982296	0.02014332	0.003982296
4280	-231.5305	-237.0526	5.522097	0.06072627	0.03029839	0.03042788	0.03029839
4290	-220.3672	-225.3934	5.026175	0.03754866	0.02721289	0.01033578	0.02721289
4300	-223.2435	-229.0584	5.814888	0.03962466	0.003704629	0.03592003	0.003704629
4310	-216.7438	-223.0406	6.296762	0.03527735	0.01235795	0.0229194	0.01235795
4320	-211.6129	-217.8426	6.229714	0.02298492	0.007540081	0.01544484	0.007540081
4330	-218.8642	-224.059	5.194836	0.03422418	0.02365482	0.01056937	0.02365482
4340	-213.852	-220.0316	6.179675	0.02816028	0.01219982	0.01596046	0.01219982
4350	-227.2616	-233.2088	5.947132	0.04759522	0.01232231	0.03527291	0.01232231
4360	-210.9514	-216.254	5.302671	0.01501379	0.001827034	0.01318675	0.001827034
4370	-220.7747	-226.8974	6.122717	0.04212037	0.01675781	0.02536257	0.01675781
4380	-214.084	-219.3654	5.281376	0.01679001	0.007824007	0.008965999	0.007824007
4390	-237.5585	-242.4997	4.941202	0.08026589	0.05388929	0.0263766	0.05388929
4400	-212.119	-218.4505	6.331525	0.02567155	0.00799457	0.01767698	0.00799457
4410	-217.775	-224.047	6.271965	0.03694043	0.01269077	0.02424966	0.01269077
4420	-212.2605	-218.6133	6.352805	0.0263135	0.007888607	0.01842489	0.007888607
4430	-214.9648	-221.2888	6.324038	0.03168662	0.006086033	0.02560059	0.006086033
4440	-219.794	-225.8819	6.087937	0.041049	0.01888871	0.02216029	0.01888871
4450	-214.8932	-221.1838	6.290601	0.03165223	0.01225908	0.01939315	0.01225908
4460	-213.5197	-219.2072	5.687463	0.02131872	0.01040933	0.01090939	0.01040933
4470	-213.2429	-219.6109	6.367979	0.02899922	0.006247642	0.02275158	0.006247642
4480	-212.9483	-219.3291	6.380767	0.02843238	0.006689074	0.02174331	0.006689074
4490	-217.5203	-221.5758	4.055536	0.00955735	0.001546556	0.008010794	0.001546556
4500	-212.1556	-218.5125	6.356831	0.02686874	0.005718481	0.02115026	0.005718481
4510	-223.9655	-229.8674	5.901962	0.0483911	0.0232076	0.0251835	0.0232076
4520	-215.7723	-221.749	5.97677	0.03142036	0.0165247	0.01489566	0.0165247
4530	-220.4698	-225.9922	5.522417	0.03604807	0.002189228	0.03385884	0.002189228
4540	-247.5991	-251.1468	3.547702	0.1279394	0.1131827	0.01475672	0.1131827
4550	-250.1857	-254.4567	4.27108	0.1040858	0.06844014	0.03564566	0.06844014
4560	-212.9169	-218.8962	5.979307	0.02773838	0.002758312	0.02498007	0.002758312
4570	-211.4844	-217.3261	5.841694	0.01701373	0.004892914	0.01212081	0.004892914
4580	-215.0106	-221.3513	6.340664	0.03185133	0.006571915	0.02527942	0.006571915
4590	-226.4635	-232.401	5.937438	0.04857193	0.01612299	0.03244894	0.01612299
4600	-220.7692	-226.9097	6.140449	0.04186434	0.01582834	0.026036	0.01582834
4610	-217.1667	-223.3449	6.178242	0.03604982	0.0160764	0.01997342	0.0160764
4620	-213.8425	-219.8927	6.050173	0.02676838	0.01255711	0.01421127	0.01255711
4630	-218.608	-224.8797	6.2717	0.03761222	0.01056586	0.02704635	0.01056586
4640	-222.4999	-228.3957	5.895787	0.03915301	0.004073561	0.03507945	0.004073561
4650	-210.6662	-216.2517	5.585514	0.02275013	0.001724207	0.02102593	0.001724207
4660	-216.939	-223.0687	6.129753	0.0353777	0.01682067	0.01855703	0.01682067
4670	-241.5388	-246.8424	5.303606	0.06385385	0.01932364	0.04453021	0.01932364
4680	-217.5011	-223.5907	6.0896	0.03416702	0.004143162	0.03002385	0.004143162
4690	-217.5996	-223.882	6.282359	0.03661213	0.01229044	0.02432169	0.01229044
4700	-278.7548	-280.7402	1.985428	0.2476276	0.2111456	0.03648209	0.2111456
4710	-220.4894	-226.5958	6.106444	0.04196564	0.01782293	0.02414271	0.01782293
4720	-222.1004	-227.9061	5.805676	0.03840096	0.003403251	0.03499771	0.003403251
4730	-249.2616	-253.7354	4.47381	0.0931831	0.05390455	0.03927855	0.05390455
4740	-216.7384	-223.0674	6.329005	0.0349141	0.009763244	0.02515086	0.009763244
4750	-242.9696	-247.9727	5.0031	0.07438398	0.03422172	0.04016226	0.03422172
4760	-224.8315	-230.8568	6.025345	0.04314237	0.007746167	0.03539621	0.007746167
4770	-215.5759	-221.2652	5.689321	0.02830523	0.01629352	0.01201171	0.01629352
4780	-226.1965	-229.1063	2.909766	0.04401678	0.03829397	0.005722809	0.03829397
4790	-234.8494	-239.4544	4.605014	0.07951343	0.06387901	0.01563442	0.06387901
4800	-215.7344	-220.6327	4.898326	0.02034679	0.01232559	0.008021199	0.01232559
4810	-214.0386	-220.3984	6.359789	0.0302709	0.009853418	0.02041749	0.009853418
4820	-216.2146	-222.5537	6.339052	0.03420098	0.01015481	0.02404617	0.01015481
4830	-236.8988	-241.6297	4.730972	0.08422686	0.06435196	0.0198749	0.06435196
4840	-215.6602	-221.9948	6.334588	0.03335948	0.01108995	0.02226953	0.01108995
4850	-216.7035	-221.205	4.501457	0.01260996	0.005680991	0.006928973	0.005680991
4860	-213.6995	-220.0416	6.342147	0.02973563	0.00578188	0.02395375	0.00578188
4870	-211.0628	-216.8778	5.814925	0.02410384	0.002171899	0.02193194	0.002171899
4880	-216.6931	-222.8473	6.154245	0.03493679	0.01620884	0.01872794	0.01620884
4890	-214.9222	-220.7874	5.865159	0.02801543	0.0149511	0.01306433	0.0149511
4900	-224.0912	-230.0999	6.008672	0.04646445	0.01727663	0.02918782	0.01727663
4910	-214.0376	-220.1209	6.083292	0.02766849	0.01290744	0.01476105	0.01290744
4920	-228.6657	-234.553	5.887292	0.04679921	0.008202146	0.03859706	0.008202146
4930	-219.9188	-225.9849	6.066088	0.04133941	0.01954801	0.0217914	0.01954801
4940	-229.6422	-235.2732	5.631006	0.05742735	0.02792945	0.0294979	0.02792945
4950	-211.2274	-216.9619	5.7345	0.01591547	0.003580873	0.0123346	0.003580873
4960	-214.8538	-219.8807	5.026854	0.01576068	0.007610671	0.008150004	0.007610671
4970	-236.2566	-241.4826	5.225949	0.06986111	0.03769554	0.03216557	0.03769554
4980	-223.5564	-229.4789	5.922556	0.04767633	0.02274443	0.0249319	0.02274443
4990	-218.2641	-224.5247	6.260656	0.03624653	0.007397333	0.02884919	0.007397333
5000	-215.0108	-221.1521	6.141244	0.03080297	0.01433037	0.0164726	0.01433037
5010	-214.9714	-221.2986	6.327169	0.03202029	0.01137365	0.02064663	0.01137365
5020	-259.0098	-263.7511	4.741308	0.06719032	0.005568828	0.0616215	0.005568828
5030	-210.2408	-216.3903	6.149508	0.02093548	0.003936369	0.01699911	0.003936369
5040	-213.901	-220.2756	6.374559	0.03017621	0.006917519	0.02325869	0.006917519
5050	-213.4282	-219.6756	6.247419	0.02906051	0.004377248	0.02468327	0.004377248
5060	-215.8511	-222.0855	6.234454	0.03345024	0.01410629	0.01934395	0.01410629
5070	-228.7203	-234.4062	5.685913	0.05576979	0.02665505	0.02911475	0.02665505
5080	-220.1161	-225.6993	5.583181	0.04033376	0.02619003	0.01414373	0.02619003
5090	-221.3241	-227.3087	5.984632	0.03824277	0.004453057	0.03378971	0.004453057
5100	-225.5353	-231.4725	5.937217	0.04287826	0.005924062	0.03695419	0.005924062
5110	-215.4992	-221.8583	6.359103	0.03298445	0.009303473	0.02368098	0.009303473
5120	-211.8128	-218.1713	6.358556	0.02564887	0.006674542	0.01897433	0.006674542
5130	-230.9533	-236.5568	5.603558	0.05826388	0.02660383	0.03166005	0.02660383
5140	-215.4327	-221.6983	6.265551	0.03269327	0.01318041	0.01951285	0.01318041
5150	-220.0764	-226.1859	6.109505	0.04137453	0.01801159	0.02336294	0.01801159
5160	-211.7627	-217.7772	6.014442	0.02582705	0.002792942	0.02303411	0.002792942
5170	-213.2864	-219.3205	6.034109	0.02496419	0.01130761	0.01365658	0.01130761
5180	-217.4771	-223.7712	6.294096	0.03540632	0.007736173	0.02767015	0.007736173
5190	-213.1269	-218.7673	5.640448	0.01892738	0.008433357	0.01049402	0.008433357
5200	-210.6672	-216.7648	6.097649	0.02344942	0.003141643	0.02030777	0.003141643
5210	-212.5997	-218.8898	6.290164	0.02620906	0.009300188	0.01690887	0.009300188
5220	-211.0554	-217.3548	6.299389	0.02418995	0.004896021	0.01929393	0.004896021
5230	-211.7184	-217.3818	5.663392	0.0154188	0.003847981	0.01157082	0.003847981
5240	-246.5308	-251.5155	4.984706	0.07253901	0.02664079	0.04589822	0.02664079
5250	-224.153	-230.2214	6.068347	0.04308293	0.009005779	0.03407715	0.009005779
5260	-226.2831	-232.0895	5.806444	0.05193398	0.02457332	0.02736067	0.02457332
5270	-224.191	-230.2625	6.071551	0.043521	0.009903751	0.03361725	0.009903751
5280	-218.3731	-224.5762	6.203074	0.03584273	0.005896967	0.02994577	0.005896967
5290	-211.7269	-217.4869	5.760024	0.02535868	0.002066894	0.02329179	0.002066894
5300	-215.3475	-220.4534	5.105906	0.02128809	0.01260997	0.008678123	0.01260997
5310	-212.1261	-218.4166	6.290429	0.02507764	0.008415013	0.01666263	0.008415013
5320	-212.8341	-219.2181	6.384064	0.02816515	0.006973346	0.0211918	0.006973346
5330	-214.3675	-219.5561	5.188531	0.01645272	0.007803356	0.008649361	0.007803356
5340	-235.6138	-240.5751	4.961304	0.07811142	0.05524494	0.02286648	0.05524494
5350	-231.0939	-236.724	5.630105	0.05741352	0.0245987	0.03281482	0.0245987
5360	-216.9082	-223.2225	6.314292	0.03538832	0.01110111	0.02428721	0.01110111
5370	-221.0391	-226.4497	5.410596	0.0418536	0.02864511	0.01320849	0.02864511
5380	-214.0666	-220.2653	6.198713	0.02890734	0.01243559	0.01647175	0.01243559
5390	-213.2973	-218.3593	5.061996	0.0268222	0.001164807	0.02565739	0.001164807
5400	-221.2406	-227.3563	6.115702	0.03901171	0.006271764	0.03273994	0.006271764
5410	-215.2754	-220.9209	5.645501	0.02695213	0.01543056	0.01152157	0.01543056
5420	-210.9736	-217.1556	6.182038	0.02428655	0.003607418	0.02067913	0.003607418
5430	-213.0922	-219.2898	6.197588	0.02841947	0.003891672	0.02452779	0.003891672
5440	-237.6803	-242.7216	5.041245	0.07654352	0.04677898	0.02976454	0.04677898
5450	-210.9148	-217.1989	6.284061	0.02379309	0.00473242	0.01906067	0.00473242
5460	-212.8978	-219.2833	6.385459	0.02822457	0.007440378	0.02078419	0.007440378
5470	-226.7121	-232.0486	5.336539	0.05666548	0.03947406	0.01719142	0.03947406
5480	-214.7126	-221.031	6.318476	0.03143042	0.01148953	0.0199409	0.01148953
5490	-215.4962	-221.5265	6.030316	0.03147388	0.003319918	0.02815396	0.003319918
5500	-214.4671	-219.6528	5.185754	0.01733414	0.008674823	0.008659316	0.008674823
5510	-227.1229	-232.0793	4.956432	0.05692586	0.04359891	0.01332695	0.04359891
5520	-215.2316	-221.5138	6.282258	0.03234479	0.01268372	0.01966108	0.01268372
5530	-233.1057	-237.9767	4.871027	0.07387548	0.05647579	0.01739969	0.05647579
5540	-213.8976	-219.8638	5.96615	0.02601137	0.01266542	0.01334595	0.01266542
5550	-216.7617	-222.8341	6.072358	0.03465276	0.01738633	0.01726644	0.01738633
5560	-225.5488	-231.5017	5.952847	0.04818692	0.01747485	0.03071207	0.01747485
5570	-218.1144	-224.1674	6.053036	0.03771117	0.01908726	0.01862391	0.01908726
5580	-213.5887	-219.8592	6.270427	0.02841839	0.01107913	0.01733926	0.01107913
5590	-232.906	-238.4613	5.555332	0.05936843	0.02481103	0.0345574	0.02481103
5600	-222.7084	-228.4935	5.785076	0.04726505	0.0274213	0.01984375	0.0274213
5610	-217.6643	-223.9375	6.273265	0.03543546	0.007078476	0.02835698	0.007078476
5620	-215.5427	-221.6783	6.135569	0.03209452	0.01514588	0.01694864	0.01514588
5630	-254.901	-258.9413	4.040268	0.110643	0.07102305	0.03961997	0.07102305
5640	-222.3178	-227.4504	5.132652	0.04386986	0.03200137	0.01186849	0.03200137
5650	-242.6469	-246.846	4.199163	0.1052411	0.08706496	0.01817614	0.08706496
5660	-219.2563	-225.4842	6.227912	0.03741092	0.007494883	0.02991603	0.007494883
5670	-235.0809	-240.2262	5.145265	0.07286186	0.04593845	0.02692341	0.04593845
5680	-210.2808	-216.2829	6.002111	0.01859907	0.003675047	0.01492403	0.003675047
5690	-226.5915	-232.2077	5.616203	0.05519775	0.03271327	0.02248448	0.03271327
5700	-238.0318	-242.0349	4.003174	0.08993686	0.07752881	0.01240805	0.07752881
5710	-219.4217	-225.5483	6.12658	0.04027578	0.01771219	0.02256358	0.01771219
5720	-216.6951	-221.0884	4.393385	0.01493466	0.008284425	0.00665023	0.008284425
5730	-213.7496	-219.7087	5.959191	0.02548672	0.01230478	0.01318194	0.01230478
5740	-224.3799	-229.2852	4.905376	0.04863051	0.03717896	0.01145155	0.03717896
5750	-215.3428	-221.2962	5.953388	0.03004486	0.01577868	0.01426618	0.01577868
5760	-226.0151	-231.7819	5.766727	0.05247274	0.02696215	0.02551059	0.02696215
5770	-229.0551	-234.9273	5.872163	0.04961636	0.01303634	0.03658002	0.01303634
5780	-232.9974	-238.7311	5.733698	0.05199687	0.01103765	0.04095922	0.01103765
5790	-219.1074	-225.2981	6.190743	0.03941003	0.01538165	0.02402838	0.01538165
5800	-212.603	-218.9067	6.303759	0.02639179	0.009181131	0.01721066	0.009181131
5810	-232.6938	-238.0958	5.402	0.06444322	0.03508319	0.02936004	0.03508319
5820	-214.1511	-220.5307	6.379568	0.03063602	0.007544588	0.02309143	0.007544588
5830	-212.993	-219.1864	6.193405	0.02825089	0.003844099	0.02440679	0.003844099
5840	-239.0489	-244.5511	5.502206	0.05520231	0.008343213	0.0468591	0.008343213
5850	-220.5568	-226.7004	6.143609	0.04161846	0.01598055	0.02563791	0.01598055
5860	-232.9126	-238.4403	5.527697	0.06029711	0.02655476	0.03374235	0.02655476
5870	-211.9468	-218.1322	6.185488	0.0264114	0.003649743	0.02276166	0.003649743
5880	-225.504	-231.1363	5.632274	0.05324579	0.03228407	0.02096172	0.03228407
5890	-224.9777	-230.1529	5.17525	0.05163858	0.03783338	0.01380521	0.03783338
5900	-222.656	-228.3874	5.731336	0.03874945	0.003140188	0.03560926	0.003140188
5910	-231.1376	-236.6802	5.542581	0.04633778	0.003845868	0.04249191	0.003845868
5920	-226.8196	-232.4631	5.643489	0.05519472	0.03155353	0.02364119	0.03155353
5930	-224.0663	-230.106	6.039679	0.04560953	0.01516977	0.03043977	0.01516977
5940	-224.5706	-230.5375	5.966965	0.04761971	0.01882248	0.02879723	0.01882248
5950	-216.6644	-222.978	6.313603	0.03428589	0.007394417	0.02689147	0.007394417
5960	-227.8468	-233.6456	5.798744	0.05261608	0.02183769	0.03077839	0.02183769
5970	-213.867	-220.2521	6.385034	0.03013694	0.007900999	0.02223594	0.007900999
5980	-210.3095	-216.4053	6.095783	0.0196307	0.004107943	0.01552276	0.004107943
5990	-220.557	-226.585	6.028009	0.04257183	0.02062795	0.02194389	0.02062795
6000	-218.8034	-224.7232	5.919823	0.03876926	0.02163179	0.01713747	0.02163179
6010	-236.4493	-241.3508	4.901492	0.08048837	0.05754876	0.0229396	0.05754876
6020	-219.8185	-225.9352	6.116686	0.0371584	0.005333526	0.03182488	0.005333526
6030	-212.9233	-219.3002	6.376883	0.02808592	0.008193417	0.0198925	0.008193417
6040	-246.1475	-250.6947	4.547241	0.09342365	0.05891272	0.03451093	0.05891272
6050	-213.902	-220.2866	6.384594	0.03020229	0.007840538	0.02236175	0.007840538
6060	-229.6592	-235.028	5.36883	0.06273286	0.04076544	0.02196742	0.04076544
6070	-218.5715	-224.7362	6.16465	0.03872511	0.01667409	0.02205102	0.01667409
6080	-220.5879	-225.9154	5.327494	0.04009587	0.02781935	0.01227652	0.02781935
6090	-223.2449	-229.1642	5.919266	0.04735397	0.02318552	0.02416845	0.02318552
6100	-211.7097	-218.0269	6.31728	0.02596409	0.004924782	0.02103931	0.004924782
6110	-220.1902	-225.582	5.391743	0.03937522	0.02685294	0.01252228	0.02685294
6120	-212.7019	-218.9955	6.293572	0.02650088	0.009448161	0.01705272	0.009448161
6130	-224.4081	-230.4311	6.022954	0.04611423	0.01548916	0.03062507	0.01548916
6140	-236.2876	-241.2279	4.940336	0.07939568	0.05576148	0.0236342	0.05576148
6150	-210.2242	-216.0982	5.873982	0.01774411	0.003048752	0.01469535	0.003048752
6160	-230.7209	-236.341	5.620067	0.05778001	0.02613237	0.03164764	0.02613237
6170	-234.0336	-239.4301	5.396507	0.0644389	0.03215454	0.03228436	0.03215454
6180	-227.339	-233.2907	5.951639	0.04661679	0.01015979	0.036457	0.01015979
6190	-218.6568	-224.7086	6.05181	0.03542827	0.004176082	0.03125219	0.004176082
6200	-230.8922	-236.664	5.77183	0.05263769	0.01565055	0.03698714	0.01565055
6210	-229.7666	-235.0745	5.307888	0.06356135	0.04280067	0.02076068	0.04280067
6220	-232.8556	-238.1409	5.285284	0.06785938	0.04172319	0.02613619	0.04172319
6230	-216.0301	-222.3138	6.283714	0.03400276	0.01299468	0.02100808	0.01299468
6240	-225.5528	-231.5474	5.994534	0.04682339	0.01429855	0.03252484	0.01429855
6250	-214.1822	-220.1678	5.985539	0.02961393	0.002923347	0.02669058	0.002923347
6260	-215.1217	-219.743	4.62131	0.02871301	0.0008918211	0.02782118	0.0008918211
6270	-216.0541	-221.1191	5.065069	0.02387678	0.01507843	0.008798347	0.01507843
6280	-246.2752	-251.4571	5.181866	0.06540586	0.01595348	0.04945237	0.01595348
6290	-210.0977	-216.0163	5.918686	0.01837114	0.003057172	0.01531396	0.003057172
6300	-216.3089	-222.1434	5.834528	0.03171122	0.01795261	0.01375861	0.01795261
6310	-227.9902	-233.4246	5.434392	0.05918358	0.03853854	0.02064504	0.03853854
6320	-214.5666	-220.9264	6.359836	0.03124077	0.006860017	0.02438076	0.006860017
6330	-213.1227	-219.0643	5.941588	0.02331551	0.01065863	0.01265688	0.01065863
6340	-234.4133	-239.538	5.124652	0.07306353	0.04822126	0.02484227	0.04822126
6350	-212.4413	-218.6824	6.241104	0.02739447	0.00412577	0.0232687	0.00412577
6360	-218.6126	-224.8498	6.237219	0.03650111	0.006968615	0.02953249	0.006968615
6370	-210.7992	-217.0452	6.246072	0.02196402	0.005518771	0.01644525	0.005518771
6380	-236.5423	-241.6253	5.08298	0.07516015	0.04677477	0.02838539	0.04677477
6390	-222.6141	-228.737	6.122901	0.04290664	0.01234968	0.03055696	0.01234968
6400	-229.1561	-235.0331	5.877	0.04911393	0.01186084	0.03725309	0.01186084
6410	-228.0149	-232.4128	4.397881	0.05718653	0.04693883	0.0102477	0.04693883
6420	-222.8703	-228.9825	6.112123	0.04325399	0.01252472	0.03072927	0.01252472
6430	-228.1282	-232.7078	4.579564	0.05838799	0.04713907	0.01124891	0.04713907
6440	-215.5175	-220.8371	5.319623	0.02449162	0.01476681	0.009724816	0.01476681
6450	-211.4273	-216.9602	5.532888	0.01483933	0.002758819	0.01208051	0.002758819
6460	-247.9238	-252.9905	5.066689	0.0687051	0.01911905	0.04958605	0.01911905
6470	-217.518	-223.8061	6.288101	0.03644802	0.01203372	0.0244143	0.01203372
6480	-214.8155	-221.1487	6.333166	0.03172814	0.01112425	0.02060389	0.01112425
6490	-220.4469	-226.6572	6.210321	0.03959076	0.009880004	0.02971075	0.009880004
6500	-221.7712	-227.5377	5.766563	0.04524627	0.02705572	0.01819055	0.02705572
6510	-237.1909	-240.2893	3.098402	0.08330418	0.07524165	0.008062536	0.07524165
6520	-212.0884	-218.2684	6.179948	0.02666961	0.003627621	0.02304198	0.003627621
6530	-225.968	-231.0721	5.104105	0.05415279	0.04030662	0.01384617	0.04030662
6540	-211.7713	-217.5234	5.752164	0.01632002	0.004743237	0.01157678	0.004743237
6550	-212.2261	-216.9166	4.690449	0.01322507	0.001231159	0.01199391	0.001231159
6560	-223.281	-229.0983	5.81725	0.04823454	0.02673919	0.02149535	0.02673919
6570	-220.9406	-226.8998	5.959189	0.04347196	0.02258666	0.0208853	0.02258666
6580	-217.2675	-222.6537	5.386145	0.0308547	0.0199529	0.0109018	0.0199529
6590	-218.6916	-224.8767	6.185021	0.03884518	0.01591637	0.02292881	0.01591637
6600	-212.7544	-219.1181	6.363684	0.02808829	0.005954065	0.02213423	0.005954065
6610	-228.0813	-232.5978	4.516495	0.05795369	0.0470775	0.0108762	0.0470775
6620	-216.6202	-222.8131	6.19289	0.03494098	0.01545512	0.01948586	0.01545512
6630	-221.0271	-227.0131	5.985988	0.04354475	0.02184584	0.02169891	0.02184584
6640	-223.3388	-229.4428	6.10401	0.04271608	0.01000584	0.03271024	0.01000584
6650	-212.6388	-218.5689	5.930157	0.02721113	0.002567098	0.02464403	0.002567098
6660	-212.9142	-219.2978	6.383588	0.02819205	0.007753452	0.0204386	0.007753452
6670	-213.7356	-219.7768	6.041213	0.02908865	0.00310168	0.02598697	0.00310168
6680	-223.9704	-229.3782	5.407881	0.04976497	0.0343466	0.01541837	0.0343466
6690	-220.4061	-226.2628	5.856631	0.04230952	0.02428944	0.01802007	0.02428944
6700	-218.7894	-225.0039	6.214579	0.03652489	0.006486817	0.03003807	0.006486817
6710	-224.2764	-230.1995	5.923085	0.04833844	0.02177732	0.02656112	0.02177732
6720	-210.2888	-216.3679	6.079111	0.01944462	0.004005651	0.01543897	0.004005651
6730	-217.4059	-223.6896	6.283747	0.0363437	0.01245253	0.02389117	0.01245253
6740	-228.842	-234.5818	5.73982	0.05431411	0.02315993	0.03115418	0.02315993
6750	-221.1271	-227.2771	6.150015	0.04195254	0.01456032	0.02739222	0.01456032
6760	-247.3492	-250.871	3.521882	0.1270163	0.1126989	0.01431747	0.1126989
6770	-231.1922	-236.5019	5.309738	0.06579163	0.04245053	0.0233411	0.04245053
6780	-225.8254	-231.3195	5.494098	0.05442864	0.03575828	0.01867036	0.03575828
6790	-223.6536	-229.3974	5.743849	0.04924206	0.02880997	0.0204321	0.02880997
6800	-245.934	-250.9861	5.052087	0.07041368	0.02411096	0.04630272	0.02411096
6810	-222.1277	-227.876	5.748345	0.04603066	0.0277006	0.01833006	0.0277006
6820	-212.3703	-218.4229	6.052589	0.02697198	0.002993104	0.02397888	0.002993104
6830	-215.7639	-222.1011	6.337131	0.03304594	0.00723112	0.02581482	0.00723112
6840	-215.7325	-222.0552	6.322708	0.0328724	0.006651922	0.02622048	0.006651922
6850	-219.8243	-225.0901	5.265778	0.03752181	0.02607702	0.01144479	0.02607702
6860	-212.3521	-218.232	5.879898	0.01985335	0.007964258	0.01188909	0.007964258
6870	-237.6997	-242.8024	5.1027	0.07405513	0.04232813	0.031727	0.04232813
6880	-223.5279	-229.5713	6.043449	0.04543793	0.0162948	0.02914313	0.0162948
6890	-215.429	-221.6296	6.200639	0.03228683	0.0142662	0.01802063	0.0142662
6900	-211.5615	-217.355	5.793517	0.01654383	0.004634893	0.01190893	0.004634893
6910	-223.7997	-229.2895	5.489765	0.03927795	0.002427191	0.03685076	0.002427191
6920	-245.9158	-249.8597	3.943934	0.1182109	0.1001063	0.01810451	0.1001063
6930	-229.7182	-234.5967	4.878572	0.06430674	0.0498972	0.01440954	0.0498972
6940	-229.9445	-233.9205	3.976059	0.0614149	0.05231377	0.009101125	0.05231377
6950	-223.2989	-229.3609	6.061958	0.04130521	0.006904279	0.03440093	0.006904279
6960	-216.5895	-222.8704	6.280904	0.03504992	0.01308819	0.02196172	0.01308819
6970	-240.5209	-245.9647	5.443796	0.05604937	0.007935723	0.04811364	0.007935723
6980	-232.6933	-238.0608	5.367506	0.06549333	0.03721224	0.02828109	0.03721224
6990	-214.4151	-220.7748	6.359779	0.03098781	0.006720222	0.02426759	0.006720222
7000	-218.1456	-224.103	5.95739	0.03736273	0.02038153	0.0169812	0.02038153
7010	-218.7797	-223.9862	5.20647	0.03405468	0.02346013	0.01059455	0.02346013
7020	-245.047	-249.927	4.880047	0.0778791	0.03676937	0.04110973	0.03676937
7030	-242.523	-246.1561	3.633138	0.1067798	0.09454334	0.01223643	0.09454334
7040	-230.8405	-235.8711	5.030541	0.06746809	0.05022526	0.01724284	0.05022526
7050	-213.7569	-220.0576	6.300698	0.02912421	0.01092631	0.01819789	0.01092631
7060	-212.3713	-218.6373	6.265938	0.0253311	0.009043382	0.01628772	0.009043382
7070	-214.2444	-220.5777	6.333321	0.03051507	0.01078606	0.01972901	0.01078606
7080	-215.3949	-221.7177	6.322845	0.03234672	0.00636605	0.02598067	0.00636605
7090	-250.0235	-253.0918	3.068261	0.1400944	0.1277311	0.01236331	0.1277311
7100	-219.0721	-224.9425	5.870479	0.0391914	0.02251026	0.01668114	0.02251026
7110	-212.2102	-218.1811	5.970933	0.02078431	0.008203503	0.01258081	0.008203503
7120	-238.5956	-243.9886	5.392997	0.06232295	0.02082235	0.04150059	0.02082235
7130	-217.5342	-223.8283	6.294164	0.03638781	0.01155659	0.02483122	0.01155659
7140	-231.897	-237.1764	5.279362	0.06718395	0.04325492	0.02392903	0.04325492
7150	-214.7561	-221.1287	6.372599	0.03173135	0.009007311	0.02272404	0.009007311
7160	-216.5575	-221.6965	5.139037	0.02646411	0.01714691	0.009317199	0.01714691
7170	-218.9743	-225.2043	6.23003	0.03882552	0.0134775	0.02534802	0.0134775
7180	-216.6153	-222.5816	5.966269	0.03356796	0.01804154	0.01552642	0.01804154
7190	-214.7888	-220.521	5.732193	0.02627469	0.01440014	0.01187456	0.01440014
7200	-217.0559	-223.2533	6.197485	0.03586733	0.01558649	0.02028084	0.01558649
7210	-218.3511	-224.6068	6.255717	0.03632075	0.007315819	0.02900493	0.007315819
7220	-212.5712	-218.952	6.380787	0.02748326	0.007333888	0.02014938	0.007333888
7230	-214.9216	-221.288	6.36642	0.03203122	0.009502494	0.02252873	0.009502494
7240	-234.7296	-239.7914	5.061736	0.07486472	0.05110631	0.02375842	0.05110631
7250	-223.0685	-229.1731	6.104628	0.04181159	0.008530591	0.033281	0.008530591
7260	-230.8185	-236.308	5.489501	0.06154162	0.0337845	0.02775712	0.0337845
7270	-211.9294	-217.4636	5.534206	0.01459615	0.003272873	0.01132328	0.003272873
7280	-215.4595	-221.803	6.34346	0.03260032	0.00713162	0.0254687	0.00713162
7290	-223.342	-228.5241	5.182185	0.04705779	0.034255	0.01280279	0.034255
7300	-238.7245	-243.8763	5.151825	0.07140957	0.03592175	0.03548782	0.03592175
7310	-254.6928	-258.8841	4.191311	0.1012795	0.0583043	0.04297522	0.0583043
7320	-210.3977	-216.5927	6.195011	0.02208576	0.004016849	0.01806891	0.004016849
7330	-214.5459	-220.8831	6.337294	0.03109253	0.006133901	0.02495863	0.006133901
7340	-226.3791	-231.5636	5.184467	0.05556362	0.04060872	0.0149549	0.04060872
7350	-211.4072	-217.2795	5.872286	0.01728842	0.004981321	0.0123071	0.004981321
7360	-235.9289	-240.0375	4.108601	0.08257427	0.07054046	0.01203381	0.07054046
7370	-285.0958	-286.7166	1.620816	0.265801	0.2244183	0.04138263	0.2244183
7380	-220.3457	-226.1132	5.767459	0.04186479	0.02531592	0.01654886	0.02531592
7390	-258.11	-262.9471	4.837048	0.07039876	0.01092845	0.05947031	0.01092845
7400	-215.5955	-221.8415	6.245944	0.03294668	0.01369272	0.01925397	0.01369272
7410	-210.2981	-216.0973	5.799143	0.02203087	0.002153539	0.01987733	0.002153539
7420	-218.9603	-224.9397	5.979421	0.03552734	0.003734453	0.03179289	0.003734453
7430	-216.2901	-221.7823	5.492165	0.02872986	0.01767609	0.01105377	0.01767609
7440	-212.7935	-218.3404	5.546879	0.01563994	0.005413814	0.01022612	0.005413814
7450	-215.2573	-221.568	6.310722	0.0325357	0.01197712	0.02055858	0.01197712
7460	-216.5963	-222.8608	6.264436	0.03506364	0.0136532	0.02141044	0.0136532
7470	-215.9487	-222.275	6.326367	0.0332464	0.007003741	0.02624265	0.007003741
7480	-217.7673	-224.0285	6.261187	0.03546464	0.00678895	0.02867569	0.00678895
7490	-212.0762	-218.1655	6.089289	0.02211644	0.008431952	0.01368449	0.008431952
7500	-215.1447	-220.8077	5.663041	0.0302978	0.002070721	0.02822708	0.002070721
7510	-215.5269	-221.8824	6.355501	0.03285473	0.008002196	0.02485253	0.008002196
7520	-230.6419	-236.3924	5.7505	0.05357583	0.01792262	0.03565321	0.01792262
7530	-223.0534	-228.5158	5.462458	0.04754925	0.03230274	0.01524652	0.03230274
7540	-248.8047	-252.7638	3.959094	0.1241407	0.1012464	0.02289424	0.1012464
7550	-209.9057	-215.5193	5.613634	0.01840415	0.001956915	0.01644723	0.001956915
7560	-211.3578	-217.6929	6.33517	0.02455087	0.005979806	0.01857107	0.005979806
7570	-214.4754	-220.4615	5.986068	0.02791152	0.01395357	0.01395795	0.01395357
7580	-231.8441	-237.6193	5.775202	0.04990174	0.008979249	0.04092249	0.008979249
7590	-225.7022	-231.5512	5.848942	0.05071782	0.02331183	0.02740599	0.02331183
7600	-254.8747	-258.6942	3.819562	0.1277501	0.09471261	0.03303749	0.09471261
7610	-232.1888	-236.6867	4.497837	0.07097774	0.05821933	0.01275841	0.05821933
7620	-229.4182	-235.236	5.817846	0.05170286	0.01652847	0.03517439	0.01652847
7630	-210.993	-217.2509	6.257928	0.02423819	0.004273566	0.01996462	0.004273566
7640	-215.8786	-221.6704	5.791771	0.03012842	0.01708205	0.01304636	0.01708205
7650	-211.8386	-218.1933	6.354717	0.02610758	0.0057701	0.02033748	0.0057701
7660	-210.2472	-216.4004	6.153187	0.02134193	0.00381178	0.01753015	0.00381178
7670	-210.6806	-216.6697	5.989155	0.01814685	0.004309406	0.01383744	0.004309406
7680	-228.2897	-233.7851	5.495405	0.05909698	0.03650831	0.02258867	0.03650831
7690	-253.2751	-256.8687	3.593631	0.1448633	0.1223951	0.02246827	0.1223951
7700	-210.7473	-216.6799	5.932569	0.01757431	0.004082808	0.0134915	0.004082808
7710	-213.6736	-219.9583	6.28471	0.02876941	0.01103548	0.01773393	0.01103548
7720	-227.0188	-232.9808	5.961999	0.04688933	0.01132809	0.03556123	0.01132809
7730	-211.0467	-217.3445	6.297779	0.02325625	0.005842015	0.01741423	0.005842015
7740	-227.922	-233.8103	5.888263	0.04979289	0.01558853	0.03420436	0.01558853
7750	-211.8826	-217.7276	5.845025	0.01783055	0.006052119	0.01177843	0.006052119
7760	-215.1302	-221.1624	6.032194	0.03099903	0.003267637	0.0277314	0.003267637
7770	-219.0603	-225.3	6.239737	0.03874133	0.01263296	0.02610837	0.01263296
7780	-212.7746	-218.9011	6.126522	0.0246094	0.01019378	0.01441562	0.01019378
7790	-214.9478	-221.0468	6.09905	0.03027584	0.01450945	0.01576639	0.01450945
7800	-218.1494	-223.6635	5.514079	0.03443016	0.02220212	0.01222804	0.02220212
7810	-226.3285	-232.2752	5.946654	0.04829386	0.01581346	0.0324804	0.01581346
7820	-232.3499	-237.71	5.360101	0.06560623	0.03834342	0.02726281	0.03834342
7830	-263.5298	-267.655	4.125224	0.0942947	0.03893372	0.05536098	0.03893372
7840	-214.8411	-221.0769	6.23575	0.03114699	0.01312896	0.01801803	0.01312896
7850	-216.8755	-222.2048	5.329307	0.02917321	0.01878225	0.01039097	0.01878225
7860	-215.7809	-221.6364	5.855502	0.0314522	0.002643866	0.02880834	0.002643866
7870	-214.3326	-220.3015	5.968897	0.02732488	0.01365337	0.01367151	0.01365337
7880	-211.2405	-217.1951	5.954596	0.0181146	0.005273973	0.01284062	0.005273973
7890	-219.8741	-226.0997	6.225639	0.0394448	0.01145527	0.02798952	0.01145527
7900	-228.3769	-234.2867	5.909818	0.0481278	0.01130216	0.03682564	0.01130216
7910	-228.3065	-232.8909	4.584347	0.05896453	0.04760711	0.01135741	0.04760711
7920	-215.2912	-221.3471	6.05588	0.03080539	0.0153221	0.01548329	0.0153221
7930	-218.6215	-224.8311	6.209636	0.03623986	0.006220679	0.03001918	0.006220679
7940	-236.561	-241.5567	4.995698	0.07809398	0.05232747	0.0257665	0.05232747
7950	-213.4708	-219.1613	5.690505	0.02117033	0.01026152	0.01090881	0.01026152
7960	-213.4835	-219.8705	6.386944	0.02940372	0.007837531	0.02156619	0.007837531
7970	-214.9416	-221.2733	6.331652	0.03169034	0.006259017	0.02543132	0.006259017
7980	-221.2622	-226.6721	5.409866	0.03664322	0.00200601	0.03463721	0.00200601
7990	-223.5669	-229.4344	5.86753	0.04831268	0.02497699	0.02333569	0.02497699
8000	-213.9148	-220.2922	6.377379	0.0301521	0.008974249	0.02117785	0.008974249
8010	-221.706	-227.3708	5.664742	0.04484019	0.02831221	0.01652798	0.02831221
8020	-210.4703	-216.6133	6.142943	0.0201329	0.004624666	0.01550823	0.004624666
8030	-214.8017	-220.2684	5.466723	0.02344062	0.01326967	0.01017095	0.01326967
8040	-214.3389	-220.3278	5.988905	0.02754852	0.01366033	0.01388819	0.01366033
8050	-222.2132	-228.0239	5.810698	0.04621706	0.02658755	0.01962951	0.02658755
8060	-214.4959	-220.8528	6.356936	0.03110729	0.006683598	0.02442369	0.006683598
8070	-220.3607	-226.4466	6.085964	0.04195066	0.01873302	0.02321763	0.01873302
8080	-226.4454	-232.3867	5.941392	0.04844209	0.01587545	0.03256664	0.01587545
8090	-217.5987	-223.6277	6.028968	0.03641679	0.01889759	0.0175192	0.01889759
8100	-232.2092	-237.9181	5.708826	0.04875023	0.006414036	0.0423362	0.006414036
8110	-225.4296	-231.2747	5.845032	0.05061262	0.02396096	0.02665165	0.02396096
8120	-214.6166	-220.862	6.245348	0.03068726	0.01273797	0.0179493	0.01273797
8130	-212.5811	-218.963	6.381916	0.02755511	0.007166415	0.0203887	0.007166415
8140	-224.2233	-230.2915	6.068224	0.0442421	0.01148134	0.03276076	0.01148134
8150	-225.2959	-231.1336	5.837711	0.05063907	0.02452331	0.02611576	0.02452331
8160	-220.7932	-226.5103	5.71709	0.03679564	0.002798005	0.03399763	0.002798005
8170	-237.9608	-243.1584	5.197542	0.07005927	0.0349229	0.03513638	0.0349229
8180	-222.1198	-227.7319	5.6121	0.04569323	0.02946218	0.01623105	0.02946218
8190	-213.1151	-219.4496	6.334456	0.02797276	0.009559892	0.01841286	0.009559892
8200	-217.5967	-223.6001	6.003477	0.03627681	0.01918536	0.01709145	0.01918536
8210	-212.9054	-219.0422	6.136781	0.02510512	0.01048011	0.01462501	0.01048011
8220	-217.8673	-224.0471	6.179837	0.0374373	0.0162477	0.02118961	0.0162477
8230	-223.9377	-229.3301	5.392398	0.04962654	0.0344158	0.01521073	0.0344158
8240	-222.0919	-228.208	6.116172	0.0431703	0.0146879	0.0284824	0.0146879
8250	-216.0943	-222.4077	6.313435	0.03414341	0.01191581	0.0222276	0.01191581
8260	-235.9806	-240.6377	4.657067	0.08261521	0.06517713	0.01743808	0.06517713
8270	-218.9066	-225.0465	6.139904	0.03936899	0.01740658	0.0219624	0.01740658
8280	-237.3358	-242.5094	5.173608	0.07138362	0.03833581	0.0330478	0.03833581
8290	-227.5	-233.15	5.650083	0.04328337	0.003669585	0.03961378	0.003669585
8300	-218.0277	-223.4772	5.449485	0.03360344	0.02190418	0.01169926	0.02190418
8310	-239.8168	-244.3408	4.523976	0.09354691	0.07340749	0.02013942	0.07340749
8320	-215.5551	-221.3403	5.785183	0.02912691	0.01635462	0.01277228	0.01635462
8330	-220.3966	-225.8738	5.477246	0.04047271	0.02711886	0.01335385	0.02711886
8340	-213.9652	-220.2861	6.320901	0.02979197	0.01081501	0.01897696	0.01081501
8350	-213.3199	-219.6946	6.374698	0.02914412	0.006533119	0.022611	0.006533119
8360	-217.5832	-223.7232	6.13994	0.03682266	0.01711478	0.01970788	0.01711478
8370	-221.1889	-227.3695	6.1806	0.04096645	0.01139595	0.0295705	0.01139595
8380	-212.7784	-218.3483	5.569873	0.0160029	0.005728383	0.01027452	0.005728383
8390	-231.2544	-236.7006	5.446166	0.06285201	0.03543969	0.02741232	0.03543969
8400	-224.936	-230.7021	5.766064	0.05123253	0.02798263	0.02324991	0.02798263
8410	-214.4753	-220.7206	6.24532	0.03034802	0.01256628	0.01778173	0.01256628
8420	-225.7115	-231.7243	6.012815	0.04556475	0.01115156	0.03441319	0.01115156
8430	-241.6112	-246.941	5.329764	0.06282634	0.01756457	0.04526178	0.01756457
8440	-221.5384	-227.2613	5.722966	0.04461031	0.02741179	0.01719852	0.02741179
8450	-222.7884	-228.8506	6.062223	0.0447154	0.01672456	0.02799084	0.01672456
8460	-228.7833	-234.1522	5.368901	0.0611863	0.04068345	0.02050284	0.04068345
8470	-223.1855	-229.13	5.944497	0.04698393	0.02217496	0.02480898	0.02217496
8480	-225.3932	-230.924	5.530785	0.05340091	0.03464844	0.01875247	0.03464844
8490	-221.8452	-227.9308	6.085574	0.04365793	0.01711729	0.02654064	0.01711729
8500	-217.2369	-223.5013	6.264426	0.03619286	0.01351412	0.02267873	0.01351412
8510	-222.4636	-228.5842	6.120564	0.04307035	0.01321905	0.02985131	0.01321905
8520	-216.3925	-222.1303	5.73782	0.03114487	0.0182276	0.01291727	0.0182276
8530	-258.0247	-262.3328	4.308084	0.0911615	0.04039365	0.05076785	0.04039365
8540	-213.3519	-219.7351	6.383195	0.02919897	0.007016963	0.02218201	0.007016963
8550	-213.4298	-219.7216	6.291767	0.02825169	0.01060949	0.01764221	0.01060949
8560	-217.8875	-222.2224	4.334886	0.02426239	0.01724158	0.007020812	0.01724158
8570	-212.1078	-218.3887	6.28085	0.02489753	0.008440608	0.01645692	0.008440608
8580	-231.4763	-237.1442	5.667903	0.04742853	0.005163921	0.04226461	0.005163921
8590	-219.3426	-225.2773	5.934715	0.04009533	0.02205655	0.01803878	0.02205655
8600	-216.1053	-222.2504	6.14504	0.03352632	0.01574931	0.01777701	0.01574931
8610	-234.3276	-239.3575	5.029873	0.07497351	0.05279324	0.02218027	0.05279324
8620	-211.6468	-217.8625	6.215731	0.0228501	0.007625664	0.01522444	0.007625664
8630	-219.3548	-225.5955	6.240751	0.03887179	0.01169129	0.0271805	0.01169129
8640	-218.2677	-224.4196	6.151897	0.03819929	0.01706684	0.02113245	0.01706684
8650	-231.504	-236.9368	5.43275	0.06330637	0.035738	0.02756837	0.035738
8660	-239.0664	-243.8482	4.781876	0.08625097	0.06121705	0.02503391	0.06121705
8670	-232.4124	-237.0885	4.676192	0.07206379	0.05763699	0.0144268	0.05763699
8680	-235.5205	-240.7683	5.247799	0.06931164	0.03817684	0.0311348	0.03817684
8690	-237.9711	-242.3104	4.33935	0.08980912	0.07450318	0.01530593	0.07450318
8700	-211.0976	-217.3831	6.285503	0.02444691	0.004599139	0.01984777	0.004599139
8710	-214.1088	-220.4759	6.36709	0.03047001	0.009590619	0.02087939	0.009590619
8720	-240.0595	-242.9639	2.90441	0.09394467	0.08579617	0.008148501	0.08579617
8730	-252.3548	-256.0725	3.717784	0.1380625	0.1142741	0.0237884	0.1142741
8740	-212.9609	-218.4783	5.517368	0.01569987	0.005659036	0.01004084	0.005659036
8750	-217.3079	-223.2845	5.976542	0.03540645	0.0190471	0.01635935	0.0190471
8760	-232.5272	-238.2732	5.745964	0.05216509	0.01206205	0.04010305	0.01206205
8770	-226.1796	-232.024	5.844341	0.0510616	0.02269192	0.02836968	0.02269192
8780	-244.8956	-250.175	5.279441	0.06221875	0.01258612	0.04963263	0.01258612
8790	-233.5816	-239.1504	5.56875	0.05864566	0.02224397	0.03640169	0.02224397
8800	-219.315	-225.4747	6.159741	0.03992984	0.01653619	0.02339366	0.01653619
8810	-210.3392	-216.1896	5.850362	0.01737846	0.003086401	0.01429206	0.003086401
8820	-221.9613	-228.0794	6.118078	0.04307692	0.01487114	0.02820579	0.01487114
8830	-213.0802	-219.4594	6.379235	0.02869421	0.006639457	0.02205475	0.006639457
8840	-212.7601	-219.1443	6.384172	0.02793472	0.007332747	0.02060198	0.007332747
8850	-225.0414	-230.5359	5.494533	0.05262133	0.03492279	0.01769854	0.03492279
8860	-237.2101	-242.6264	5.416265	0.06225771	0.02275809	0.03949962	0.02275809
8870	-212.8225	-218.6588	5.836325	0.02084753	0.009174391	0.01167314	0.009174391
8880	-218.3927	-224.4713	6.078587	0.03521543	0.004320868	0.03089457	0.004320868
8890	-221.0703	-226.8473	5.776992	0.04364542	0.02614174	0.01750368	0.02614174
8900	-219.7553	-225.943	6.187685	0.04020853	0.01475527	0.02545327	0.01475527
8910	-213.0171	-219.1656	6.148428	0.02820443	0.003554217	0.02465022	0.003554217
8920	-219.2151	-225.1115	5.896436	0.03965394	0.0224133	0.01724064	0.0224133
8930	-227.6375	-233.5332	5.895674	0.0496454	0.01587029	0.03377511	0.01587029
8940	-219.8883	-225.6275	5.739205	0.04058815	0.02487917	0.01570898	0.02487917
8950	-227.4987	-233.1044	5.605716	0.05655991	0.03259127	0.02396864	0.03259127
8960	-222.2732	-228.3348	6.061568	0.04440103	0.01772257	0.02667846	0.01772257
8970	-222.2551	-227.8986	5.643502	0.04612622	0.02931771	0.01680851	0.02931771
8980	-235.1841	-240.4953	5.31113	0.06710308	0.03479858	0.03230451	0.03479858
8990	-222.805	-228.8326	6.027505	0.04539558	0.0186841	0.02671148	0.0186841
9000	-223.2233	-229.1051	5.881806	0.04769477	0.02464134	0.02305342	0.02464134
9010	-225.9908	-230.0189	4.028108	0.0489561	0.04075199	0.008204107	0.04075199
9020	-224.9145	-230.812	5.897545	0.0492629	0.02207501	0.0271879	0.02207501
9030	-221.6297	-227.4883	5.858591	0.04497436	0.02522996	0.0197444	0.02522996
9040	-226.115	-231.2182	5.103185	0.05456592	0.04062513	0.01394079	0.04062513
9050	-210.7584	-216.7554	5.997038	0.02362991	0.002705457	0.02092446	0.002705457
9060	-218.8798	-225.0738	6.194021	0.03907157	0.01543114	0.02364043	0.01543114
9070	-228.6819	-234.5418	5.859932	0.05048675	0.01549708	0.03498967	0.01549708
9080	-248.2598	-252.6945	4.434753	0.0969667	0.06092867	0.03603803	0.06092867
9090	-211.431	-217.7673	6.336309	0.0245753	0.00628187	0.01829343	0.00628187
9100	-213.3854	-219.5748	6.189399	0.02703092	0.01131758	0.01571333	0.01131758
9110	-221.9044	-228.059	6.154521	0.04179095	0.01146478	0.03032618	0.01146478
9120	-217.7161	-223.8466	6.130498	0.03707855	0.01738497	0.01969358	0.01738497
9130	-227.8259	-233.5015	5.675589	0.05561354	0.02888224	0.02673131	0.02888224
9140	-239.555	-245.046	5.490923	0.05668785	0.01014585	0.046542	0.01014585
9150	-219.544	-223.2655	3.72151	0.01073134	0.005116651	0.005614693	0.005116651
9160	-216.4001	-222.0437	5.643515	0.03037205	0.01821526	0.01215679	0.01821526
9170	-228.1581	-233.0544	4.896297	0.05975566	0.04626937	0.01348629	0.04626937
9180	-211.3959	-217.6559	6.260069	0.02529953	0.004222836	0.0210767	0.004222836
9190	-224.8023	-230.5335	5.731151	0.05135296	0.02926405	0.02208891	0.02926405
9200	-209.8898	-215.7273	5.837542	0.01932972	0.002455477	0.01687424	0.002455477
9210	-220.1267	-226.1369	6.010223	0.04184399	0.02110562	0.02073837	0.02110562
9220	-221.6008	-227.5621	5.961274	0.03844751	0.004335003	0.03411251	0.004335003
9230	-228.3695	-232.4319	4.062399	0.05668963	0.04772742	0.00896221	0.04772742
9240	-221.7884	-227.69	5.901576	0.04520213	0.02425363	0.0209485	0.02425363
9250	-227.111	-232.869	5.758064	0.05342439	0.02571727	0.02770712	0.02571727
9260	-239.4872	-244.9521	5.464937	0.05883339	0.01377486	0.04505853	0.01377486
9270	-237.0181	-242.6014	5.583255	0.05507655	0.01073452	0.04434203	0.01073452
9280	-238.7222	-243.9722	5.249917	0.06753552	0.02939477	0.03814075	0.02939477
9290	-216.8918	-223.1556	6.263783	0.03560401	0.01365223	0.02195178	0.01365223
9300	-211.4308	-217.4107	5.979941	0.01879831	0.005979205	0.0128191	0.005979205
9310	-217.7226	-223.7184	5.995856	0.03654023	0.01942755	0.01711268	0.01942755
9320	-214.2257	-220.1861	5.960447	0.02692409	0.01341437	0.01350973	0.01341437
9330	-222.6629	-228.7039	6.041077	0.04019853	0.005835586	0.03436294	0.005835586
9340	-221.1111	-226.9011	5.790017	0.03731742	0.003144156	0.03417326	0.003144156
9350	-232.8534	-237.6499	4.796563	0.07337441	0.05724765	0.01612675	0.05724765
9360	-215.7789	-221.9538	6.174945	0.03294309	0.01499692	0.01794618	0.01499692
9370	-213.3211	-219.4365	6.115417	0.02601778	0.01138902	0.01462876	0.01138902
9380	-221.66	-227.3396	5.679645	0.04477561	0.02808529	0.01669032	0.02808529
9390	-224.2098	-230.0297	5.819906	0.04967184	0.02638086	0.02329097	0.02638086
9400	-242.6418	-247.9946	5.352806	0.05709256	0.007135477	0.04995708	0.007135477
9410	-216.3189	-222.5148	6.195922	0.03429652	0.01518233	0.01911419	0.01518233
9420	-226.8839	-232.7823	5.898479	0.04974675	0.01776383	0.03198292	0.01776383
9430	-267.3773	-270.1961	2.818869	0.1890266	0.1559949	0.03303171	0.1559949
9440	-212.6137	-218.5766	5.962923	0.02195773	0.009337095	0.01262063	0.009337095
9450	-236.5588	-241.5843	5.025537	0.0771452	0.05049191	0.0266533	0.05049191
9460	-222.8578	-228.9796	6.121834	0.04255406	0.0108042	0.03174986	0.0108042
9470	-220.5489	-226.5857	6.036757	0.03759882	0.004682876	0.03291594	0.004682876
9480	-215.4227	-221.7844	6.361681	0.03282826	0.008965093	0.02386317	0.008965093
9490	-211.2927	-217.6113	6.318544	0.02483815	0.005107377	0.01973077	0.005107377
9500	-227.7661	-233.5847	5.818526	0.05205766	0.02079696	0.0312607	0.02079696
9510	-219.7673	-224.6923	4.925044	0.03509005	0.02547355	0.009616503	0.02547355
9520	-211.7988	-218.1119	6.313095	0.02469663	0.007567728	0.0171289	0.007567728
9530	-213.702	-220.0406	6.33856	0.02935519	0.01017708	0.01917811	0.01017708
9540	-210.6117	-216.7607	6.149082	0.02326068	0.003445739	0.01981494	0.003445739
9550	-221.7802	-227.349	5.568835	0.0446578	0.02929325	0.01536455	0.02929325
9560	-217.6113	-223.8685	6.257204	0.03681626	0.01360415	0.02321211	0.01360415
9570	-249.1361	-253.9512	4.815095	0.07727342	0.03061102	0.0466624	0.03061102
9580	-220.8559	-227.0203	6.164356	0.0414904	0.01416381	0.02732659	0.01416381
9590	-215.681	-221.8812	6.200241	0.03287439	0.01453975	0.01833464	0.01453975
9600	-228.5548	-234.0478	5.493002	0.05950562	0.03647754	0.02302808	0.03647754
9610	-218.0951	-224.3543	6.259173	0.03595246	0.007103675	0.02884879	0.007103675
9620	-231.0448	-236.6666	5.621712	0.05768703	0.02524673	0.0324403	0.02524673
9630	-224.273	-229.9888	5.715757	0.05052984	0.02971883	0.02081101	0.02971883
9640	-211.851	-218.2082	6.357201	0.02564947	0.006868557	0.01878091	0.006868557
9650	-227.4814	-233.375	5.893564	0.04977761	0.01648596	0.03329166	0.01648596
9660	-213.9821	-220.3557	6.373596	0.03025859	0.009220353	0.02103824	0.009220353
9670	-219.8142	-225.3623	5.548146	0.03930658	0.02572088	0.0135857	0.02572088
9680	-210.2885	-216.2764	5.987846	0.01845246	0.003624567	0.01482789	0.003624567
9690	-212.1829	-218.2429	6.060077	0.02666004	0.003008081	0.02365196	0.003008081
9700	-240.9565	-245.7857	4.82914	0.08408488	0.053179	0.03090588	0.053179
9710	-211.928	-218.2458	6.317759	0.02504388	0.007787069	0.01725681	0.007787069
9720	-212.8462	-219.2226	6.376399	0.02791868	0.008110755	0.01980792	0.008110755
9730	-216.4135	-222.743	6.329436	0.03407024	0.007862093	0.02620814	0.007862093
9740	-221.2499	-227.3934	6.143506	0.03935621	0.00705295	0.03230326	0.00705295
9750	-226.7932	-231.8985	5.105266	0.05648632	0.04202876	0.01445756	0.04202876
9760	-214.5017	-220.8722	6.370537	0.03126744	0.00942978	0.02183766	0.00942978
9770	-211.0782	-217.2975	6.219364	0.02177017	0.0062668	0.01550337	0.0062668
9780	-210.8504	-216.9754	6.125004	0.01997845	0.005448722	0.01452973	0.005448722
9790	-214.0238	-220.2927	6.26892	0.02946512	0.01169782	0.0177673	0.01169782
9800	-212.5006	-218.8773	6.376674	0.02752009	0.006459615	0.02106047	0.006459615
9810	-211.6733	-217.8564	6.183028	0.02587303	0.003612646	0.02226038	0.003612646
9820	-223.2651	-229.3087	6.043597	0.04534554	0.01688175	0.0284638	0.01688175
9830	-230.5861	-236.3197	5.733593	0.05418433	0.01922136	0.03496297	0.01922136
9840	-221.0518	-227.1853	6.133507	0.04221619	0.01575221	0.02646398	0.01575221
9850	-226.2891	-230.5442	4.255097	0.05105758	0.04199303	0.009064543	0.04199303
9860	-217.3825	-223.4987	6.116213	0.03411712	0.004331712	0.02978541	0.004331712
9870	-213.9246	-219.6721	5.747515	0.02358423	0.01207199	0.01151224	0.01207199
9880	-219.8332	-225.2942	5.461042	0.03881402	0.02596675	0.01284727	0.02596675
9890	-219.9574	-225.7133	5.755898	0.04084513	0.02485226	0.01599287	0.02485226
9900	-219.5154	-225.7144	6.199038	0.03980847	0.01447289	0.02533558	0.01447289
9910	-218.5933	-224.3769	5.783657	0.0374961	0.02243027	0.01506582	0.02243027
9920	-224.5138	-230.5517	6.037844	0.04558076	0.01392359	0.03165718	0.01392359
9930	-238.1172	-243.1831	5.065902	0.05080101	0.002736023	0.04806499	0.002736023
9940	-228.309	-234.0903	5.781285	0.05312396	0.02184234	0.03128163	0.02184234
9950	-219.5101	-225.7218	6.211719	0.03758446	0.007204569	0.03037989	0.007204569
9960	-249.3828	-253.8164	4.433609	0.09530522	0.05683808	0.03846713	0.05683808
9970	-221.84	-227.7589	5.918877	0.04523328	0.02377945	0.02145383	0.02377945
9980	-217.4557	-223.734	6.278295	0.03645568	0.01270197	0.02375371	0.01270197
9990	-215.2616	-221.5595	6.2979	0.03248824	0.01232934	0.0201589	0.01232934
10000	-230.1857	-235.8052	5.619554	0.05780855	0.02741366	0.03039489	0.02741366
