Iteration	Posterior	Likelihood	Prior	birth_rate	death_rate	diversification	turnover
0	-242.6665	-247.4198	4.753365	0.08497966	0.04939168	0.03558797	0.04939168
10	-252.3399	-257.0436	4.703758	0.07829089	0.02659486	0.05169603	0.02659486
20	-330.2218	-327.3725	-2.849241	1.054483	1.014203	0.0402797	1.014203
30	-216.4945	-222.5372	6.04268	0.03560159	0.01829525	0.01730634	0.01829525
40	-238.9514	-243.4124	4.46096	0.09498719	0.07574019	0.019247	0.07574019
50	-216.3173	-222.3083	5.990972	0.03345679	0.003418815	0.03003797	0.003418815
60	-252.0303	-256.7397	4.709399	0.07827827	0.02692413	0.05135414	0.02692413
70	-262.9616	-264.8064	1.844764	0.2255642	0.2137538	0.0118104	0.2137538
80	-222.842	-228.5211	5.679107	0.04953367	0.03032811	0.01920556	0.03032811
90	-221.224	-226.079	4.85498	0.04126528	0.03112597	0.01013932	0.03112597
100	-255.9617	-258.8358	2.874129	0.1762719	0.1606781	0.01559383	0.1606781
110	-281.0928	-285.1494	4.056564	0.08471777	0.008468261	0.0762495	0.008468261
120	-277.1714	-281.3232	4.151888	0.08467641	0.01167058	0.07300583	0.01167058
130	-245.523	-250.1159	4.592856	0.0898941	0.05246839	0.03742572	0.05246839
140	-246.2343	-250.7349	4.500571	0.09411002	0.05773574	0.03637428	0.05773574
150	-220.8007	-226.9599	6.159194	0.04168897	0.01165493	0.03003404	0.01165493
160	-231.9385	-237.2242	5.285708	0.0679331	0.0414365	0.0264966	0.0414365
170	-235.4863	-241.0009	5.51457	0.0520139	0.005868453	0.04614545	0.005868453
180	-279.046	-280.5804	1.534392	0.3146615	0.2874605	0.02720099	0.2874605
190	-256.1272	-258.8602	2.732982	0.1785593	0.1642709	0.01428844	0.1642709
200	-266.865	-269.8342	2.96911	0.1664848	0.1264767	0.04000817	0.1264767
210	-243.6808	-248.3895	4.708772	0.08607003	0.04945311	0.03661692	0.04945311
220	-251.0661	-255.7522	4.686112	0.07981064	0.03025451	0.04955613	0.03025451
230	-213.2985	-219.6782	6.37968	0.03033986	0.0088308	0.02150906	0.0088308
240	-288.9794	-292.6418	3.662375	0.0969811	0.01800211	0.07897899	0.01800211
250	-284.1812	-284.4003	0.2190925	0.4358617	0.422534	0.01332779	0.422534
260	-234.8936	-239.8872	4.993582	0.07775288	0.05329819	0.02445469	0.05329819
270	-219.6689	-225.8731	6.204208	0.04010564	0.01089998	0.02920566	0.01089998
280	-264.6409	-268.3307	3.689876	0.1126977	0.06047589	0.0522218	0.06047589
290	-259.2662	-264.0105	4.744365	0.0716903	0.009911221	0.06177908	0.009911221
300	-214.0015	-220.2485	6.24703	0.03084748	0.012792	0.01805548	0.012792
310	-228.0256	-233.0266	5.001037	0.06231507	0.04724395	0.01507112	0.04724395
320	-263.6982	-268.1222	4.42395	0.08199364	0.02014005	0.06185359	0.02014005
330	-215.2661	-221.2715	6.005388	0.03211077	0.01670083	0.01540995	0.01670083
340	-228.2295	-234.0541	5.824647	0.05148188	0.01621056	0.03527132	0.01621056
350	-246.6376	-251.6754	5.037872	0.0696033	0.02020643	0.04939687	0.02020643
360	-288.1815	-291.2429	3.061369	0.1188893	0.04639606	0.07249324	0.04639606
370	-220.1271	-226.3103	6.183138	0.03992038	0.008916934	0.03100344	0.008916934
380	-243.0152	-246.5656	3.550385	0.1131762	0.1006829	0.01249326	0.1006829
390	-226.4089	-231.9838	5.574887	0.05681147	0.03391407	0.0228974	0.03391407
400	-289.3283	-289.895	0.5667156	0.4389134	0.4132171	0.0256963	0.4132171
410	-274.9252	-278.1085	3.183293	0.1270286	0.06844112	0.05858749	0.06844112
420	-235.426	-240.267	4.840933	0.08176089	0.06020871	0.02155217	0.06020871
430	-216.3745	-222.2947	5.920229	0.03445099	0.01908671	0.01536428	0.01908671
440	-214.5489	-220.6926	6.143659	0.03137094	0.01463367	0.01673727	0.01463367
450	-228.2825	-233.7081	5.42559	0.06143195	0.03876594	0.02266601	0.03876594
460	-257.013	-260.8606	3.847602	0.1166635	0.07456851	0.04209503	0.07456851
470	-211.7555	-218.1221	6.366571	0.02738553	0.005999349	0.02138618	0.005999349
480	-241.3406	-246.5737	5.233105	0.06570562	0.02072056	0.04498507	0.02072056
490	-241.4189	-245.8024	4.383505	0.1016882	0.08012672	0.02156149	0.08012672
500	-254.4777	-258.0316	3.55386	0.1475057	0.1207808	0.02672491	0.1207808
510	-248.1309	-251.5994	3.468482	0.1352459	0.119972	0.01527389	0.119972
520	-331.8419	-334.4469	2.604982	0.11863	0.01288777	0.1057423	0.01288777
530	-237.9632	-242.3182	4.354977	0.09307374	0.07663968	0.01643406	0.07663968
540	-245.1607	-250.1915	5.030807	0.07076071	0.02378454	0.04697617	0.02378454
550	-216.6674	-222.8613	6.193968	0.03662798	0.01579935	0.02082863	0.01579935
560	-296.0194	-296.476	0.456587	0.3993308	0.3595136	0.03981724	0.3595136
570	-279.1266	-280.3342	1.20756	0.352874	0.3332263	0.01964776	0.3332263
580	-317.9497	-316.1364	-1.81328	0.8351385	0.799831	0.0353075	0.799831
590	-218.0159	-224.0453	6.029475	0.03916129	0.02004754	0.01911375	0.02004754
600	-220.218	-226.3676	6.149623	0.0419662	0.01458137	0.02738484	0.01458137
610	-244.2684	-249.5112	5.242748	0.06310565	0.01293196	0.05017368	0.01293196
620	-340.9647	-341.4958	0.5310971	0.2036782	0.1051875	0.09849071	0.1051875
630	-255.9268	-257.852	1.92512	0.1777292	0.1683475	0.009381729	0.1683475
640	-214.96	-221.2824	6.322372	0.03344601	0.01164005	0.02180596	0.01164005
650	-276.1232	-280.2836	4.160361	0.07969368	0.005963497	0.07373018	0.005963497
660	-227.8198	-233.6142	5.794434	0.05266508	0.01950609	0.03315899	0.01950609
670	-258.4737	-263.1283	4.654582	0.07661073	0.01768624	0.05892449	0.01768624
680	-232.3111	-237.3805	5.069313	0.07275762	0.0513756	0.02138203	0.0513756
690	-226.6075	-232.1327	5.525205	0.05766174	0.03564631	0.02201543	0.03564631
700	-222.2271	-226.5622	4.335044	0.04128473	0.03289104	0.008393696	0.03289104
710	-242.837	-247.201	4.364061	0.1041297	0.08030886	0.02382082	0.08030886
720	-231.2922	-236.4344	5.142241	0.06998369	0.04869537	0.02128832	0.04869537
730	-221.621	-227.566	5.944994	0.04614499	0.02271383	0.02343115	0.02271383
740	-266.899	-270.9272	4.028254	0.09437465	0.03392705	0.06044759	0.03392705
750	-247.0295	-251.6634	4.633922	0.08582025	0.04417042	0.04164983	0.04417042
760	-282.2158	-286.2338	4.017958	0.08655018	0.009947284	0.0766029	0.009947284
770	-278.3319	-281.1436	2.811717	0.1458005	0.08840184	0.05739861	0.08840184
780	-265.5792	-268.3601	2.780922	0.195521	0.1648242	0.03069677	0.1648242
790	-233.6421	-239.262	5.619884	0.05599721	0.01532656	0.04067065	0.01532656
800	-215.4195	-220.4725	5.052976	0.02336219	0.01465274	0.008709451	0.01465274
810	-233.5621	-238.7881	5.225947	0.07019498	0.04171963	0.02847535	0.04171963
820	-215.5517	-221.611	6.059278	0.033307	0.01682503	0.01648197	0.01682503
830	-225.2434	-231.158	5.914628	0.04367959	0.006087188	0.0375924	0.006087188
840	-229.6475	-234.0349	4.387431	0.06529587	0.05407376	0.01122211	0.05407376
850	-213.1258	-219.3066	6.180741	0.02956554	0.003916147	0.02564939	0.003916147
860	-303.3751	-304.8837	1.508637	0.1943444	0.1233429	0.07100152	0.1233429
870	-249.7461	-254.0117	4.265629	0.1027544	0.06514711	0.03760731	0.06514711
880	-223.9023	-229.0219	5.119695	0.05073747	0.03757066	0.01316681	0.03757066
890	-284.8185	-287.5071	2.688649	0.1422882	0.07807192	0.06421632	0.07807192
900	-228.554	-234.1852	5.631196	0.05741789	0.02797708	0.02944081	0.02797708
910	-226.5482	-231.8956	5.347351	0.05849076	0.04023447	0.01825629	0.04023447
920	-241.8936	-245.9721	4.078529	0.1074817	0.09070246	0.01677929	0.09070246
930	-246.5279	-250.5944	4.06655	0.1187277	0.0952478	0.02347993	0.0952478
940	-229.7043	-235.0912	5.386883	0.06385435	0.03934868	0.02450567	0.03934868
950	-220.3521	-226.4477	6.095589	0.04296413	0.01749256	0.02547157	0.01749256
960	-223.3852	-229.2118	5.826587	0.04974778	0.02605891	0.02368887	0.02605891
970	-222.06	-227.813	5.753017	0.04777224	0.02825334	0.0195189	0.02825334
980	-281.1884	-282.2846	1.096157	0.3693223	0.3483365	0.02098578	0.3483365
990	-241.3344	-246.5218	5.187305	0.0673926	0.02344208	0.04395052	0.02344208
1000	-242.121	-246.5607	4.439786	0.1008184	0.07642161	0.02439683	0.07642161
1010	-241.0163	-246.0945	5.078238	0.07178258	0.03095281	0.04082977	0.03095281
1020	-209.6736	-215.6404	5.966847	0.01867278	0.003263537	0.01540924	0.003263537
1030	-227.5903	-233.186	5.595703	0.05781751	0.03178626	0.02603125	0.03178626
1040	-228.956	-234.2766	5.320597	0.06376265	0.04242401	0.02133864	0.04242401
1050	-276.383	-280.3256	3.942617	0.09252385	0.02276788	0.06975597	0.02276788
1060	-318.6465	-317.094	-1.55257	0.7103767	0.6674394	0.04293731	0.6674394
1070	-228.4761	-234.0707	5.594586	0.05835574	0.03028131	0.02807443	0.03028131
1080	-211.378	-217.7155	6.337563	0.02545891	0.007622547	0.01783636	0.007622547
1090	-233.2209	-238.3585	5.137579	0.07264575	0.04768072	0.02496504	0.04768072
1100	-240.9647	-246.0651	5.100358	0.07093808	0.02965905	0.04127904	0.02965905
1110	-265.1263	-268.2057	3.079487	0.1613243	0.1222446	0.03907975	0.1222446
1120	-255.1795	-258.4659	3.286433	0.1632833	0.1421945	0.02108883	0.1421945
1130	-266.8287	-270.8705	4.041811	0.093898	0.0333554	0.0605426	0.0333554
1140	-253.2061	-257.4675	4.261428	0.09723327	0.05262828	0.04460499	0.05262828
1150	-246.5645	-251.695	5.13051	0.06611855	0.01493245	0.0511861	0.01493245
1160	-257.0201	-260.4079	3.38782	0.1570851	0.1292026	0.02788245	0.1292026
1170	-236.5359	-241.8366	5.30074	0.06616359	0.02853032	0.03763327	0.02853032
1180	-328.9034	-330.3275	1.424142	0.1636919	0.06829721	0.09539473	0.06829721
1190	-243.2614	-247.649	4.387639	0.1034314	0.07799864	0.02543276	0.07799864
1200	-219.0867	-225.2762	6.18951	0.04038164	0.01430425	0.0260774	0.01430425
1210	-228.4963	-233.984	5.48776	0.06071847	0.03590215	0.02481632	0.03590215
1220	-250.6352	-254.6661	4.030949	0.1176072	0.0851303	0.03247692	0.0851303
1230	-244.9201	-249.9419	5.021787	0.07124101	0.02481909	0.04642192	0.02481909
1240	-264.6904	-267.8655	3.175079	0.152841	0.1120618	0.04077914	0.1120618
1250	-309.4037	-312.6547	3.251	0.101501	0.008015538	0.09348548	0.008015538
1260	-223.8893	-229.4355	5.546109	0.0519922	0.03377504	0.01821716	0.03377504
1270	-255.6979	-259.9706	4.272754	0.09349983	0.04443143	0.0490684	0.04443143
1280	-231.5917	-237.3149	5.723181	0.05314515	0.01340457	0.03974058	0.01340457
1290	-286.41	-287.5727	1.162746	0.3324352	0.2969111	0.03552413	0.2969111
1300	-218.8697	-222.6293	3.759598	0.02593669	0.01983936	0.006097327	0.01983936
1310	-269.0401	-272.6387	3.598587	0.1117379	0.05471062	0.05702725	0.05471062
1320	-267.0744	-270.3615	3.287064	0.1353465	0.0870245	0.04832199	0.0870245
1330	-210.7975	-217.0934	6.295852	0.02354169	0.006699884	0.01684181	0.006699884
1340	-213.5398	-219.6982	6.158432	0.02880314	0.01287977	0.01592337	0.01287977
1350	-234.5706	-239.811	5.240458	0.06951376	0.03811255	0.03140121	0.03811255
1360	-314.6947	-317.7283	3.033638	0.1092639	0.0137329	0.09553099	0.0137329
1370	-228.9099	-234.726	5.816055	0.04754576	0.007322906	0.04022285	0.007322906
1380	-310.7534	-309.1374	-1.615965	0.8603824	0.8377134	0.02266903	0.8377134
1390	-227.6542	-232.8256	5.171428	0.06144711	0.04461163	0.01683549	0.04461163
1400	-243.1525	-248.2275	5.074983	0.07040965	0.025815	0.04459465	0.025815
1410	-209.9029	-216.0257	6.122769	0.01991208	0.004342473	0.0155696	0.004342473
1420	-241.1196	-245.9458	4.826168	0.08299777	0.04884237	0.03415541	0.04884237
1430	-276.5143	-279.1909	2.676585	0.1616093	0.109484	0.05212527	0.109484
1440	-216.6775	-222.6192	5.941701	0.035414	0.01946007	0.01595393	0.01946007
1450	-291.1196	-294.4825	3.36289	0.1059261	0.02769482	0.07823131	0.02769482
1460	-251.4159	-255.2529	3.837048	0.1306316	0.1025883	0.02804333	0.1025883
1470	-221.9233	-227.9288	6.00546	0.04579475	0.01975444	0.02604031	0.01975444
1480	-281.9451	-283.1851	1.239982	0.3502711	0.3242496	0.02602149	0.3242496
1490	-267.6964	-270.2864	2.590062	0.2109444	0.1807953	0.0301491	0.1807953
1500	-254.3566	-259.1557	4.799125	0.07371831	0.0177499	0.0559684	0.0177499
1510	-302.1384	-305.4818	3.343405	0.1029865	0.01530163	0.08768484	0.01530163
1520	-214.6519	-220.9879	6.335916	0.0328648	0.01111187	0.02175294	0.01111187
1530	-260.2625	-263.8442	3.581671	0.129321	0.08730195	0.0420191	0.08730195
1540	-262.8454	-267.1618	4.316477	0.08614218	0.02670381	0.05943837	0.02670381
1550	-223.3853	-229.0932	5.707966	0.05058862	0.02993459	0.02065403	0.02993459
1560	-253.245	-257.7334	4.488368	0.08615507	0.036904	0.04925107	0.036904
1570	-237.8554	-243.2775	5.422079	0.0608679	0.01753665	0.04333125	0.01753665
1580	-370.135	-366.4329	-3.702103	0.7697907	0.6843421	0.08544861	0.6843421
1590	-319.8005	-321.9119	2.111383	0.1387329	0.04570762	0.09302525	0.04570762
1600	-238.0232	-242.6961	4.67296	0.08934489	0.06708439	0.0222605	0.06708439
1610	-215.5623	-221.0542	5.491914	0.02837147	0.01737949	0.01099197	0.01737949
1620	-249.6381	-254.3013	4.663161	0.08187094	0.03498113	0.04688981	0.03498113
1630	-216.8728	-223.165	6.292157	0.03581533	0.008116926	0.0276984	0.008116926
1640	-254.1185	-259.0301	4.911694	0.06676144	0.007860044	0.0589014	0.007860044
1650	-216.9699	-222.8196	5.849738	0.03389345	0.002886081	0.03100737	0.002886081
1660	-252.5522	-256.9776	4.425388	0.08966579	0.04271788	0.04694791	0.04271788
1670	-257.4083	-260.5621	3.153765	0.1733504	0.1512208	0.02212957	0.1512208
1680	-257.583	-260.3595	2.776534	0.1855141	0.1695325	0.01598157	0.1695325
1690	-303.5252	-303.5276	0.002411764	0.4301136	0.3846242	0.04548947	0.3846242
1700	-262.6112	-267.0181	4.406874	0.08310694	0.02273658	0.06037036	0.02273658
1710	-215.2211	-221.452	6.230857	0.03280153	0.005053428	0.0277481	0.005053428
1720	-230.8864	-235.8182	4.931721	0.0703835	0.05345886	0.01692464	0.05345886
1730	-232.3116	-237.5703	5.258718	0.06885678	0.04232499	0.0265318	0.04232499
1740	-220.8758	-226.6932	5.817375	0.04516975	0.02612602	0.01904373	0.02612602
1750	-270.5403	-274.518	3.977699	0.0940721	0.03009026	0.06398184	0.03009026
1760	-329.3519	-332.003	2.65107	0.1178161	0.01365483	0.1041612	0.01365483
1770	-213.8505	-219.5984	5.747897	0.02524733	0.01346771	0.01177963	0.01346771
1780	-266.8277	-269.9832	3.155524	0.1473789	0.1025353	0.04484363	0.1025353
1790	-253.031	-257.8243	4.793233	0.0746727	0.02055403	0.05411867	0.02055403
1800	-260.4806	-263.7826	3.301985	0.1553513	0.1210982	0.0342531	0.1210982
1810	-259.7611	-263.5219	3.760758	0.1168908	0.07148664	0.04540417	0.07148664
1820	-257.3664	-259.4641	2.097714	0.1873907	0.1767331	0.01065757	0.1767331
1830	-224.3696	-229.8923	5.522765	0.05312672	0.03468584	0.01844088	0.03468584
1840	-246.7328	-251.2834	4.550605	0.09054006	0.05163866	0.0389014	0.05163866
1850	-211.2737	-217.5067	6.232995	0.0235117	0.008005828	0.01550587	0.008005828
1860	-231.4841	-236.6406	5.156542	0.0701138	0.0481561	0.0219577	0.0481561
1870	-259.7654	-263.0186	3.253149	0.1629742	0.1322741	0.03070011	0.1322741
1880	-269.7111	-273.5313	3.820196	0.1007285	0.03968141	0.06104707	0.03968141
1890	-235.6199	-239.5474	3.927531	0.0844869	0.07324073	0.01124617	0.07324073
1900	-234.2986	-239.2701	4.971463	0.07756432	0.05491874	0.02264558	0.05491874
1910	-231.2958	-237.0448	5.749053	0.05190911	0.01160011	0.040309	0.01160011
1920	-248.6164	-252.6857	4.069349	0.1182675	0.08979383	0.02847363	0.08979383
1930	-249.7566	-254.5675	4.810895	0.07596614	0.02612595	0.04984019	0.02612595
1940	-257.8715	-261.0023	3.130834	0.175178	0.1527135	0.02246445	0.1527135
1950	-211.2633	-217.191	5.927744	0.01864323	0.006320408	0.01232282	0.006320408
1960	-243.1376	-248.157	5.019411	0.07254862	0.02919406	0.04335456	0.02919406
1970	-242.8566	-248.1417	5.285049	0.06255771	0.01376938	0.04878833	0.01376938
1980	-229.5246	-234.8286	5.303933	0.0649292	0.04297141	0.02195778	0.04297141
1990	-210.6054	-216.8907	6.285304	0.02304946	0.006274838	0.01677462	0.006274838
2000	-233.0098	-238.2665	5.256783	0.06913793	0.04101137	0.02812656	0.04101137
2010	-248.6706	-253.7664	5.095855	0.0655972	0.01178499	0.05381221	0.01178499
2020	-213.2002	-219.4805	6.280265	0.02915346	0.01133293	0.01782053	0.01133293
2030	-217.8883	-223.7933	5.905036	0.03831774	0.02158741	0.01673032	0.02158741
2040	-249.0461	-253.4554	4.409328	0.0951014	0.0550634	0.04003801	0.0550634
2050	-227.2126	-232.7002	5.487564	0.0590293	0.0368321	0.02219721	0.0368321
2060	-251.4732	-255.3452	3.872085	0.1279941	0.09864441	0.0293497	0.09864441
2070	-292.7219	-295.4137	2.691836	0.1321613	0.05892525	0.07323609	0.05892525
2080	-278.3814	-282.4709	4.089565	0.08659097	0.01319063	0.07340034	0.01319063
2090	-289.9725	-290.2908	0.3183068	0.4783042	0.457005	0.02129923	0.457005
2100	-251.2759	-255.7181	4.442223	0.09030606	0.04520451	0.04510155	0.04520451
2110	-291.2389	-294.9712	3.732368	0.08938062	0.006460735	0.08291988	0.006460735
2120	-265.8085	-269.9527	4.144221	0.07073772	0.002945054	0.06779267	0.002945054
2130	-227.5096	-232.5605	5.050955	0.06093081	0.04574503	0.01518579	0.04574503
2140	-233.5237	-238.7122	5.188551	0.07138296	0.04418566	0.02719729	0.04418566
2150	-241.5054	-246.3028	4.797428	0.0840302	0.04983859	0.03419161	0.04983859
2160	-233.7007	-239.3436	5.642838	0.05177488	0.007802497	0.04397239	0.007802497
2170	-301.8229	-302.9833	1.160456	0.2342315	0.1700922	0.06413924	0.1700922
2180	-217.1294	-223.3647	6.235307	0.03742672	0.01434612	0.0230806	0.01434612
2190	-310.1581	-310.3314	0.1733018	0.3361489	0.2757234	0.06042545	0.2757234
2200	-233.8811	-239.4999	5.618764	0.0558336	0.01466601	0.04116758	0.01466601
2210	-254.8571	-258.9599	4.102777	0.1038683	0.05982774	0.0440406	0.05982774
2220	-295.7761	-299.3975	3.621409	0.09284211	0.007360566	0.08548154	0.007360566
2230	-220.9362	-226.4499	5.513637	0.04429453	0.0295916	0.01470293	0.0295916
2240	-239.5574	-244.5831	5.025753	0.07515598	0.03869049	0.03646548	0.03869049
2250	-235.2619	-240.2854	5.023494	0.07714173	0.05097838	0.02616335	0.05097838
2260	-266.7471	-269.276	2.528935	0.2211266	0.1953637	0.02576289	0.1953637
2270	-243.7764	-248.5684	4.791993	0.08180361	0.04270329	0.03910032	0.04270329
2280	-234.9712	-240.3383	5.367022	0.06458601	0.02844519	0.03614082	0.02844519
2290	-220.5615	-226.6267	6.065143	0.0435737	0.01867855	0.02489515	0.01867855
2300	-253.9224	-258.455	4.532518	0.08376948	0.03272476	0.05104472	0.03272476
2310	-277.8664	-281.285	3.418665	0.1114221	0.04597492	0.06544721	0.04597492
2320	-258.9317	-262.8181	3.886388	0.1101864	0.06350779	0.04667865	0.06350779
2330	-211.8476	-218.051	6.203457	0.02460493	0.009344744	0.01526019	0.009344744
2340	-240.2504	-245.6225	5.372086	0.05611186	0.006654542	0.04945732	0.006654542
2350	-241.8056	-245.8363	4.030674	0.1075117	0.09143742	0.01607431	0.09143742
2360	-217.3993	-223.6191	6.219789	0.03792952	0.01481978	0.02310974	0.01481978
2370	-274.1581	-277.7923	3.634207	0.1050927	0.04121861	0.06387414	0.04121861
2380	-233.297	-238.0083	4.711356	0.07768054	0.06124998	0.01643057	0.06124998
2390	-265.8947	-270.1493	4.254573	0.08672318	0.02454804	0.06217514	0.02454804
2400	-219.7211	-224.951	5.229893	0.03575388	0.001652212	0.03410167	0.001652212
2410	-247.4511	-251.6354	4.18433	0.1122533	0.0829806	0.02927274	0.0829806
2420	-262.8483	-266.8799	4.031575	0.09742636	0.0420713	0.05535506	0.0420713
2430	-251.1125	-254.9558	3.843248	0.1305575	0.1030857	0.02747177	0.1030857
2440	-214.0576	-220.3923	6.334678	0.03163227	0.0110628	0.02056947	0.0110628
2450	-227.0258	-232.7601	5.734268	0.05435994	0.02521218	0.02914776	0.02521218
2460	-242.1614	-247.4764	5.314974	0.0618307	0.01346246	0.04836825	0.01346246
2470	-212.7722	-218.9068	6.134611	0.02635846	0.01145121	0.01490725	0.01145121
2480	-277.4743	-279.3394	1.865062	0.2670665	0.23378	0.03328642	0.23378
2490	-224.9339	-230.5893	5.655446	0.05370228	0.03155836	0.02214392	0.03155836
2500	-259.3589	-262.9828	3.623906	0.0650127	0.001385612	0.06362709	0.001385612
2510	-225.0352	-230.8418	5.80665	0.05176052	0.02500061	0.02675991	0.02500061
2520	-257.9781	-261.3267	3.348624	0.1585707	0.1294746	0.02909615	0.1294746
2530	-212.6009	-218.3517	5.750754	0.02793713	0.002133733	0.0258034	0.002133733
2540	-217.2162	-223.4153	6.199134	0.03767968	0.01565705	0.02202263	0.01565705
2550	-241.1797	-246.1661	4.986371	0.07547392	0.03663529	0.03883863	0.03663529
2560	-221.9284	-227.9673	6.038873	0.04523477	0.01795726	0.02727751	0.01795726
2570	-221.0364	-224.724	3.687601	0.03357075	0.02715649	0.006414257	0.02715649
2580	-215.2568	-221.5924	6.335542	0.03396173	0.01078426	0.02317747	0.01078426
2590	-294.6696	-295.3095	0.6399651	0.3689948	0.3275659	0.04142888	0.3275659
2600	-270.2767	-274.459	4.182365	0.08714354	0.02104099	0.06610255	0.02104099
2610	-216.9596	-222.4447	5.485185	0.03271627	0.02099339	0.01172289	0.02099339
2620	-214.0958	-220.4587	6.362839	0.03172949	0.007308936	0.02442056	0.007308936
2630	-238.6361	-243.8766	5.240427	0.06713047	0.02687067	0.0402598	0.02687067
2640	-246.7397	-251.4817	4.741994	0.08108836	0.03748706	0.0436013	0.03748706
2650	-220.8902	-223.4596	2.569452	0.01248378	0.008245812	0.004237965	0.008245812
2660	-219.4807	-225.6187	6.137989	0.03810473	0.006090133	0.0320146	0.006090133
2670	-229.7691	-235.5477	5.778648	0.05231882	0.01495673	0.03736209	0.01495673
2680	-247.4734	-252.5097	5.036301	0.069154	0.01853857	0.05061543	0.01853857
2690	-213.7527	-220.0594	6.306674	0.03074349	0.0115533	0.01919018	0.0115533
2700	-247.6905	-252.0529	4.362443	0.1001961	0.06453299	0.0356631	0.06453299
2710	-297.1749	-300.4311	3.256141	0.1072865	0.02456813	0.08271837	0.02456813
2720	-262.6475	-265.5809	2.933357	0.1878897	0.1600463	0.02784337	0.1600463
2730	-224.5842	-230.1866	5.602465	0.05339827	0.03309655	0.02030172	0.03309655
2740	-236.3796	-241.2317	4.852135	0.08287921	0.05921143	0.02366777	0.05921143
2750	-229.6045	-235.4179	5.813316	0.04897935	0.008863682	0.04011567	0.008863682
2760	-278.3795	-280.6374	2.257941	0.2000247	0.1535463	0.04647834	0.1535463
2770	-232.8835	-238.1274	5.243933	0.06950718	0.04209004	0.02741714	0.04209004
2780	-225.1387	-230.8455	5.70682	0.0534536	0.02952178	0.02393182	0.02952178
2790	-209.8728	-215.7746	5.901835	0.01776806	0.003249886	0.01451818	0.003249886
2800	-240.3424	-244.9393	4.596932	0.0939857	0.0690016	0.0249841	0.0690016
2810	-219.4444	-225.1647	5.720288	0.04135551	0.02556764	0.01578787	0.02556764
2820	-269.3397	-272.5163	3.176599	0.1384653	0.08848358	0.04998174	0.08848358
2830	-214.7939	-220.7623	5.968401	0.0304627	0.015945	0.0145177	0.015945
2840	-249.2033	-253.0455	3.842176	0.1306682	0.1076054	0.02306285	0.1076054
2850	-255.8975	-258.9288	3.031318	0.1733537	0.1558002	0.0175535	0.1558002
2860	-266.5742	-269.5951	3.020953	0.1618989	0.1210995	0.04079942	0.1210995
2870	-235.6372	-240.4777	4.84052	0.08212899	0.06020044	0.02192856	0.06020044
2880	-216.8119	-222.8631	6.051222	0.03643886	0.01857688	0.01786198	0.01857688
2890	-248.0003	-252.0764	4.076093	0.1184039	0.09125612	0.0271478	0.09125612
2900	-231.5717	-237.2274	5.655616	0.0559648	0.01868281	0.03728198	0.01868281
2910	-219.6461	-225.8249	6.178874	0.04100167	0.01382924	0.02717243	0.01382924
2920	-264.3196	-267.3374	3.01782	0.1718698	0.1367269	0.03514287	0.1367269
2930	-210.0189	-216.257	6.238152	0.02246361	0.004459663	0.01800395	0.004459663
2940	-234.1832	-239.2947	5.111483	0.07397244	0.04760732	0.02636511	0.04760732
2950	-275.1796	-277.8114	2.631821	0.17039	0.1215444	0.04884561	0.1215444
2960	-342.345	-343.8552	1.510222	0.1520337	0.04521398	0.1068197	0.04521398
2970	-238.5313	-242.8639	4.332617	0.09497304	0.07825787	0.01671517	0.07825787
2980	-268.1934	-271.688	3.49453	0.1187517	0.06462243	0.05412926	0.06462243
2990	-322.626	-322.1898	-0.4362018	0.3665285	0.2978735	0.06865504	0.2978735
3000	-225.9825	-231.4771	5.49457	0.05672997	0.03649332	0.02023664	0.03649332
3010	-236.2841	-241.8082	5.524154	0.05325572	0.006873567	0.04638216	0.006873567
3020	-214.7703	-220.6186	5.84827	0.02925593	0.01602266	0.01323327	0.01602266
3030	-212.5527	-218.9311	6.378467	0.02871359	0.008468665	0.02024492	0.008468665
3040	-267.6162	-270.9525	3.336339	0.1303217	0.08003905	0.05028264	0.08003905
3050	-211.0683	-217.0329	5.964549	0.02563821	0.002612407	0.0230258	0.002612407
3060	-240.4652	-245.0809	4.615691	0.09332729	0.06750443	0.02582286	0.06750443
3070	-270.1717	-272.1719	2.000229	0.2668269	0.2468364	0.01999054	0.2468364
3080	-228.1634	-233.887	5.723585	0.05477872	0.02321013	0.03156859	0.02321013
3090	-231.9571	-237.574	5.616906	0.04894213	0.005365775	0.04357636	0.005365775
3100	-215.3813	-221.6915	6.310117	0.03347944	0.006684099	0.02679534	0.006684099
3110	-224.3108	-230.0847	5.773896	0.05155901	0.0274481	0.02411091	0.0274481
3120	-227.6422	-233.5166	5.874441	0.04980564	0.01394439	0.03586125	0.01394439
3130	-231.3359	-236.87	5.534108	0.06020582	0.02723726	0.03296856	0.02723726
3140	-227.6535	-233.4054	5.751896	0.04517712	0.004979049	0.04019807	0.004979049
3150	-230.0141	-235.5929	5.578739	0.05901177	0.02774986	0.03126191	0.02774986
3160	-224.533	-228.6518	4.118847	0.04737972	0.03905792	0.008321803	0.03905792
3170	-222.6764	-228.621	5.94459	0.0474266	0.02166288	0.02576372	0.02166288
3180	-255.1887	-259.7787	4.589957	0.08070279	0.02693799	0.0537648	0.02693799
3190	-232.7972	-238.357	5.559791	0.05876635	0.02173212	0.03703424	0.02173212
3200	-212.8519	-218.7743	5.922352	0.02396847	0.01133827	0.01263019	0.01133827
3210	-217.5442	-223.6862	6.141964	0.03834485	0.01735096	0.02099389	0.01735096
3220	-237.439	-242.9538	5.514752	0.05539379	0.008919335	0.04647446	0.008919335
3230	-239.4696	-243.9271	4.457453	0.09627531	0.07633149	0.01994382	0.07633149
3240	-213.469	-219.8497	6.380672	0.03069844	0.008655751	0.02204269	0.008655751
3250	-280.8069	-284.7158	3.908901	0.08128857	0.004320148	0.07696842	0.004320148
3260	-221.2204	-226.4034	5.183009	0.04324503	0.03120655	0.01203848	0.03120655
3270	-234.9771	-240.0144	5.037263	0.07658345	0.05065851	0.02592494	0.05065851
3280	-239.392	-244.5002	5.108246	0.07179427	0.03342316	0.03837111	0.03342316
3290	-212.3288	-218.7153	6.386476	0.02845884	0.007308921	0.02114992	0.007308921
3300	-228.1067	-233.9754	5.868755	0.04750495	0.008551602	0.03895334	0.008551602
3310	-261.7761	-266.3873	4.611183	0.07626063	0.0139705	0.06229014	0.0139705
3320	-280.5468	-282.4697	1.922849	0.2355618	0.1928709	0.04269081	0.1928709
3330	-235.6292	-240.7232	5.093952	0.07472974	0.04545649	0.02927325	0.04545649
3340	-342.1973	-343.7587	1.561408	0.1501493	0.04311827	0.1070311	0.04311827
3350	-210.076	-215.8371	5.761113	0.02299509	0.00204976	0.02094533	0.00204976
3360	-220.6911	-226.7719	6.080868	0.04351147	0.01775505	0.02575642	0.01775505
3370	-289.3631	-293.1749	3.811843	0.08963581	0.008228339	0.08140747	0.008228339
3380	-264.0313	-267.9739	3.942558	0.1003387	0.04476523	0.05557342	0.04476523
3390	-220.7265	-226.6485	5.921968	0.04476368	0.02368018	0.0210835	0.02368018
3400	-237.5044	-242.7939	5.289484	0.0659979	0.02670508	0.03929282	0.02670508
3410	-215.9937	-221.967	5.973338	0.03382497	0.01813124	0.01569373	0.01813124
3420	-223.2229	-229.2929	6.069991	0.04381362	0.01043981	0.03337381	0.01043981
3430	-265.2384	-269.3474	4.108996	0.09236381	0.03284346	0.05952036	0.03284346
3440	-309.8165	-309.5086	-0.3078715	0.4401846	0.3889687	0.05121597	0.3889687
3450	-342.279	-338.3456	-3.933391	1.345885	1.301785	0.04409996	1.301785
3460	-299.6929	-302.3102	2.617256	0.1297949	0.0503666	0.07942831	0.0503666
3470	-230.0102	-235.8124	5.802134	0.04971234	0.009587954	0.04012439	0.009587954
3480	-283.4293	-286.225	2.795769	0.137718	0.07375149	0.06396648	0.07375149
3490	-258.0754	-262.4867	4.411289	0.08554199	0.03072265	0.05481934	0.03072265
3500	-220.2965	-226.1803	5.883848	0.04393534	0.02441514	0.0195202	0.02441514
3510	-276.1259	-279.4276	3.301689	0.1187681	0.05689693	0.06187114	0.05689693
3520	-213.3162	-218.8871	5.570892	0.02080884	0.0104967	0.01031214	0.0104967
3530	-236.0209	-240.8809	4.859987	0.08226309	0.05912231	0.02314078	0.05912231
3540	-284.6847	-288.1118	3.427083	0.1065559	0.03382739	0.07272847	0.03382739
3550	-245.4392	-249.1188	3.679552	0.1229933	0.1077171	0.01527619	0.1077171
3560	-231.4019	-236.6887	5.286815	0.06755173	0.04224438	0.02530735	0.04224438
3570	-216.604	-221.6077	5.003707	0.02752736	0.01853559	0.008991768	0.01853559
3580	-286.5652	-289.4797	2.914482	0.1271613	0.05802052	0.06914075	0.05802052
3590	-209.757	-215.7739	6.016982	0.0188947	0.003606124	0.01528858	0.003606124
3600	-229.9051	-235.1118	5.206679	0.06665676	0.04625435	0.02040241	0.04625435
3610	-227.3101	-232.8812	5.571087	0.0580152	0.03334846	0.02466674	0.03334846
3620	-235.4908	-240.9314	5.440615	0.06161986	0.02234427	0.03927559	0.02234427
3630	-211.5927	-217.7288	6.136091	0.02691316	0.00338381	0.02352935	0.00338381
3640	-271.0127	-275.336	4.323363	0.07659395	0.006121272	0.07047268	0.006121272
3650	-275.6597	-278.6042	2.944496	0.1416499	0.08591001	0.05573984	0.08591001
3660	-234.8628	-240.1236	5.260887	0.06862322	0.03588245	0.03274076	0.03588245
3670	-263.302	-266.3738	3.071776	0.1698631	0.1356584	0.03420466	0.1356584
3680	-224.0451	-229.49	5.44498	0.05230094	0.03547914	0.01682181	0.03547914
3690	-253.7974	-257.5714	3.774008	0.1309116	0.09868712	0.03222445	0.09868712
3700	-220.0938	-226.2014	6.107591	0.04253247	0.01724566	0.02528681	0.01724566
3710	-214.4252	-220.7398	6.314586	0.03231435	0.01182564	0.0204887	0.01182564
3720	-237.4729	-242.2609	4.787983	0.08570629	0.06152351	0.02418278	0.06152351
3730	-249.9057	-253.9124	4.006725	0.12076	0.0910203	0.02973974	0.0910203
3740	-230.8961	-235.8879	4.991819	0.0702381	0.05240429	0.01783382	0.05240429
3750	-223.5238	-229.4366	5.912857	0.04154789	0.004998215	0.03654968	0.004998215
3760	-235.7352	-241.2965	5.561263	0.05665218	0.01336316	0.04328902	0.01336316
3770	-245.721	-250.9018	5.180763	0.06017981	0.006795045	0.05338476	0.006795045
3780	-230.602	-235.7841	5.182085	0.06824344	0.04723933	0.02100411	0.04723933
3790	-227.9646	-233.7696	5.804916	0.04600947	0.005992994	0.04001648	0.005992994
3800	-213.2706	-219.6274	6.356755	0.03007096	0.009913742	0.02015722	0.009913742
3810	-259.6801	-263.2103	3.530225	0.1354793	0.09615257	0.03932669	0.09615257
3820	-242.4404	-247.7144	5.27406	0.06341356	0.01564413	0.04776943	0.01564413
3830	-220.1277	-225.9414	5.813685	0.04344376	0.0254886	0.01795516	0.0254886
3840	-252.5259	-257.5002	4.974321	0.06683612	0.009562877	0.05727324	0.009562877
3850	-216.5679	-222.7288	6.16095	0.03634299	0.01653841	0.01980458	0.01653841
3860	-261.1139	-263.7435	2.629541	0.2049272	0.1870566	0.01787053	0.1870566
3870	-210.2504	-216.5143	6.263922	0.02358572	0.00446237	0.01912335	0.00446237
3880	-246.6298	-251.803	5.173179	0.06382096	0.01133742	0.05248354	0.01133742
3890	-216.9985	-223.06	6.061449	0.03692831	0.0186294	0.01829891	0.0186294
3900	-277.3013	-278.2128	0.9115227	0.3519132	0.3379548	0.01395845	0.3379548
3910	-252.6321	-256.3943	3.762207	0.1343572	0.1056275	0.02872974	0.1056275
3920	-262.404	-265.7191	3.315061	0.1469419	0.1074748	0.03946713	0.1074748
3930	-254.241	-258.7025	4.461545	0.08642993	0.03615617	0.05027377	0.03615617
3940	-249.5107	-254.2416	4.730894	0.07920168	0.03120477	0.04799691	0.03120477
3950	-242.3168	-246.0898	3.772996	0.1102688	0.09645515	0.01381364	0.09645515
3960	-226.3579	-232.2532	5.895314	0.04497704	0.006667479	0.03830956	0.006667479
3970	-227.0808	-232.256	5.175261	0.05991792	0.04362438	0.01629354	0.04362438
3980	-269.1281	-273.0376	3.90958	0.09752013	0.03599658	0.06152355	0.03599658
3990	-218.3265	-224.492	6.165579	0.03966492	0.01640993	0.02325499	0.01640993
4000	-211.9228	-217.8325	5.909687	0.02048994	0.008374115	0.01211583	0.008374115
4010	-239.4427	-244.1934	4.750758	0.08776466	0.06016961	0.02759505	0.06016961
4020	-230.4635	-236.243	5.77944	0.05138972	0.01198643	0.03940329	0.01198643
4030	-314.7432	-317.2816	2.538478	0.1251238	0.03312266	0.09200116	0.03312266
4040	-238.2618	-243.4919	5.230094	0.06776642	0.02850284	0.03926358	0.02850284
4050	-255.3477	-258.7436	3.39587	0.1578592	0.1337659	0.02409332	0.1337659
4060	-247.5798	-251.96	4.380206	0.09926179	0.06332379	0.035938	0.06332379
4070	-245.1909	-249.8879	4.696995	0.08485458	0.04531213	0.03954244	0.04531213
4080	-218.7895	-224.4676	5.678122	0.03936526	0.02468505	0.01468021	0.02468505
4090	-246.2332	-249.4407	3.207462	0.1272566	0.1153694	0.01188718	0.1153694
4100	-216.4284	-221.6313	5.2029	0.02866354	0.01884787	0.009815667	0.01884787
4110	-232.8988	-238.452	5.553156	0.05895427	0.02191027	0.03704401	0.02191027
4120	-255.5086	-258.9323	3.423712	0.1560299	0.1307818	0.02524809	0.1307818
4130	-230.5128	-235.8709	5.358077	0.06520097	0.03976299	0.02543799	0.03976299
4140	-268.6416	-271.7447	3.103093	0.1465285	0.09936917	0.04715933	0.09936917
4150	-213.9761	-219.9454	5.969261	0.02807724	0.0142168	0.01386044	0.0142168
4160	-233.405	-238.5113	5.10635	0.04809166	0.002476043	0.04561562	0.002476043
4170	-259.6499	-262.9801	3.330195	0.1553569	0.1223821	0.03297477	0.1223821
4180	-240.4732	-245.255	4.781847	0.08580024	0.05462922	0.03117102	0.05462922
4190	-239.3385	-243.576	4.237474	0.09806611	0.0817845	0.01628162	0.0817845
4200	-242.535	-247.3275	4.792437	0.08315169	0.04672186	0.03642983	0.04672186
4210	-217.4767	-222.9278	5.451137	0.03401135	0.02222761	0.01178374	0.02222761
4220	-211.7595	-217.8604	6.100939	0.02288468	0.009010528	0.01387415	0.009010528
4230	-252.043	-256.975	4.931999	0.06401168	0.00595772	0.05805396	0.00595772
4240	-294.3862	-297.2308	2.844614	0.1237134	0.04721792	0.07649545	0.04721792
4250	-244.6488	-249.6262	4.977357	0.07310425	0.02805673	0.04504753	0.02805673
4260	-210.2775	-215.7352	5.457666	0.01567512	0.002037589	0.01363753	0.002037589
4270	-237.9322	-242.83	4.897873	0.08194164	0.05332996	0.02861168	0.05332996
4280	-255.5294	-259.0001	3.470685	0.1525928	0.1258691	0.02672365	0.1258691
4290	-391.3018	-390.6475	-0.6543023	0.2271349	0.09724953	0.1298854	0.09724953
4300	-275.1	-278.9545	3.854526	0.09608809	0.02861204	0.06747605	0.02861204
4310	-241.3754	-245.8176	4.442177	0.1000225	0.07711865	0.02290388	0.07711865
4320	-298.7843	-300.2172	1.432883	0.2144616	0.1503228	0.0641388	0.1503228
4330	-266.2265	-270.2933	4.06675	0.09333937	0.03319676	0.0601426	0.03319676
4340	-243.7895	-248.0425	4.252922	0.1089575	0.08614428	0.02281321	0.08614428
4350	-299.5494	-301.306	1.756659	0.1821484	0.1124803	0.06966809	0.1124803
4360	-247.3213	-252.4769	5.155518	0.06274012	0.008929339	0.05381078	0.008929339
4370	-240.4346	-245.3014	4.866855	0.08168481	0.04790996	0.03377484	0.04790996
4380	-229.3981	-234.8275	5.429319	0.06271578	0.03764444	0.02507134	0.03764444
4390	-218.9018	-224.9955	6.093728	0.04092995	0.01872024	0.0222097	0.01872024
4400	-224.4904	-230.2992	5.808793	0.05126311	0.02569999	0.02556312	0.02569999
4410	-233.4176	-237.9171	4.499447	0.0781349	0.06395747	0.01417743	0.06395747
4420	-211.5956	-217.6619	6.066295	0.021866	0.008420578	0.01344542	0.008420578
4430	-257.9241	-262.0018	4.077686	0.10067	0.05178647	0.04888349	0.05178647
4440	-215.5741	-221.426	5.851943	0.03220209	0.002704329	0.02949776	0.002704329
4450	-223.3728	-228.8102	5.437386	0.05052906	0.03451121	0.01601785	0.03451121
4460	-220.9049	-226.7999	5.895033	0.04517363	0.02442357	0.02075006	0.02442357
4470	-217.8565	-224.1108	6.254295	0.03696231	0.007899699	0.02906261	0.007899699
4480	-282.2724	-284.1512	1.878809	0.2316599	0.1863388	0.04532111	0.1863388
4490	-226.2386	-232.0359	5.797273	0.05256078	0.02320482	0.02935596	0.02320482
4500	-242.6648	-247.2728	4.608072	0.09272108	0.06170507	0.03101601	0.06170507
4510	-219.6073	-225.8148	6.207577	0.03987084	0.01042058	0.02945026	0.01042058
4520	-229.4152	-235.1048	5.689582	0.05564303	0.02222123	0.0334218	0.02222123
4530	-280.5301	-283.8182	3.288095	0.1150047	0.04813829	0.0668664	0.04813829
4540	-247.3574	-252.5111	5.153687	0.06365961	0.01028431	0.0533753	0.01028431
4550	-248.6419	-252.8026	4.160748	0.1120432	0.08045985	0.03158337	0.08045985
4560	-278.4947	-282.536	4.041384	0.08836151	0.01544299	0.07291852	0.01544299
4570	-214.3486	-220.5801	6.23156	0.03157753	0.01341066	0.01816687	0.01341066
4580	-337.6722	-338.8136	1.141447	0.1710651	0.07051096	0.1005541	0.07051096
4590	-226.1735	-231.8275	5.653979	0.04311378	0.003649706	0.03946407	0.003649706
4600	-222.533	-228.4071	5.874126	0.04807799	0.02480775	0.02327024	0.02480775
4610	-260.4145	-263.4259	3.011416	0.1841143	0.1593931	0.02472121	0.1593931
4620	-213.5747	-219.8026	6.227887	0.0303743	0.004422606	0.02595169	0.004422606
4630	-255.7315	-259.702	3.970522	0.1107586	0.06819425	0.04256431	0.06819425
4640	-276.5588	-278.9961	2.437251	0.1863888	0.1393113	0.04707744	0.1393113
4650	-231.8968	-237.0933	5.196555	0.07000116	0.04620648	0.02379467	0.04620648
4660	-267.371	-269.7503	2.379336	0.2347055	0.2115907	0.02311473	0.2115907
4670	-220.7462	-226.7054	5.959206	0.04466049	0.02259134	0.02206915	0.02259134
4680	-241.9732	-246.5203	4.54711	0.09628237	0.0689932	0.02728917	0.0689932
4690	-240.8934	-245.62	4.726568	0.08818404	0.05775984	0.0304242	0.05775984
4700	-223.6831	-229.3748	5.691652	0.05124174	0.0304495	0.02079224	0.0304495
4710	-269.8862	-273.9285	4.042272	0.0921058	0.02806225	0.06404355	0.02806225
4720	-223.5715	-229.1258	5.554348	0.05123942	0.03328846	0.01795095	0.03328846
4730	-220.768	-225.6471	4.87912	0.0400237	0.02995154	0.01007216	0.02995154
4740	-220.1168	-226.2273	6.110543	0.04252018	0.01706673	0.02545345	0.01706673
4750	-222.2316	-228.3367	6.105142	0.04230312	0.009282171	0.03302095	0.009282171
4760	-212.0482	-218.0629	6.014711	0.02750783	0.00287262	0.02463521	0.00287262
4770	-225.1074	-230.945	5.837638	0.05117629	0.02320914	0.02796715	0.02320914
4780	-219.6214	-225.795	6.173529	0.0410919	0.01427952	0.02681239	0.01427952
4790	-231.4469	-236.9126	5.465699	0.06242565	0.03137696	0.03104869	0.03137696
4800	-216.1691	-222.4168	6.247706	0.03569747	0.01419358	0.02150389	0.01419358
4810	-234.0646	-238.2775	4.212941	0.07974255	0.06746562	0.01227693	0.06746562
4820	-238.7078	-243.8084	5.100607	0.07263534	0.0359182	0.03671714	0.0359182
4830	-483.4532	-481.0374	-2.415801	0.2701922	0.08719935	0.1829928	0.08719935
4840	-215.0442	-220.5645	5.520359	0.02690703	0.01601536	0.01089166	0.01601536
4850	-291.3366	-291.958	0.62144	0.4102749	0.3777892	0.03248576	0.3777892
4860	-251.3149	-256.1236	4.808616	0.07510014	0.02306796	0.05203218	0.02306796
4870	-226.8651	-232.757	5.891861	0.04963523	0.01518293	0.0344523	0.01518293
4880	-267.0482	-269.3607	2.312491	0.2391373	0.2181575	0.02097981	0.2181575
4890	-213.6387	-219.1467	5.507957	0.02133337	0.01123651	0.01009686	0.01123651
4900	-218.1134	-224.2801	6.166699	0.03645581	0.005657957	0.03079785	0.005657957
4910	-262.5144	-264.4153	1.900926	0.2222719	0.2103413	0.01193055	0.2103413
4920	-231.9605	-236.697	4.736506	0.07368367	0.05819829	0.01548539	0.05819829
4930	-225.6645	-231.1712	5.506733	0.05602878	0.03603085	0.01999792	0.03603085
4940	-213.3283	-219.1913	5.862966	0.02483473	0.01244109	0.01239364	0.01244109
4950	-220.643	-226.7915	6.148529	0.04215954	0.01353936	0.02862018	0.01353936
4960	-299.0506	-302.2531	3.202482	0.1084063	0.02450127	0.08390501	0.02450127
4970	-231.7549	-237.3471	5.592207	0.05810685	0.02239813	0.03570872	0.02239813
4980	-305.3626	-305.7394	0.376788	0.3316603	0.2752425	0.05641774	0.2752425
4990	-311.8361	-309.9912	-1.844916	0.9161571	0.8957284	0.02042873	0.8957284
5000	-241.6127	-245.911	4.298299	0.1039021	0.08385941	0.02004265	0.08385941
5010	-227.6492	-232.9882	5.338989	0.06102512	0.04140211	0.01962302	0.04140211
5020	-226.07	-231.9466	5.876617	0.0503874	0.01862964	0.03175777	0.01862964
5030	-220.4332	-226.6049	6.171772	0.04131944	0.01181384	0.0295056	0.01181384
5040	-231.1995	-236.9554	5.755933	0.05142672	0.01086526	0.04056146	0.01086526
5050	-272.896	-274.7408	1.84488	0.2846892	0.2631544	0.02153482	0.2631544
5060	-254.3527	-258.6412	4.288441	0.09429785	0.04712424	0.04717362	0.04712424
5070	-217.9151	-223.9006	5.985516	0.03876946	0.02066208	0.01810738	0.02066208
5080	-211.86	-218.2148	6.354751	0.0268101	0.008239089	0.01857101	0.008239089
5090	-222.3321	-228.4057	6.073663	0.04456948	0.01468009	0.02988939	0.01468009
5100	-228.2618	-234.1188	5.857056	0.0500254	0.01321408	0.03681132	0.01321408
5110	-252.9872	-257.4524	4.465194	0.08740475	0.03898758	0.04841717	0.03898758
5120	-215.9062	-222.0228	6.116602	0.03459912	0.01670493	0.0178942	0.01670493
5130	-257.5823	-262.3463	4.763977	0.0729406	0.0133351	0.0596055	0.0133351
5140	-222.9463	-228.793	5.846669	0.04892754	0.02558552	0.02334202	0.02558552
5150	-270.8467	-274.237	3.390217	0.1208709	0.06465091	0.05622002	0.06465091
5160	-211.6663	-217.7954	6.129184	0.02302214	0.00885057	0.01417157	0.00885057
5170	-241.1439	-246.3222	5.178346	0.06784908	0.02444623	0.04340285	0.02444623
5180	-274.3689	-276.7224	2.353483	0.2082582	0.1680801	0.04017806	0.1680801
5190	-224.5122	-229.0488	4.536636	0.04955883	0.03964885	0.00990998	0.03964885
5200	-240.2617	-244.5822	4.320437	0.1001707	0.08163103	0.01853966	0.08163103
5210	-213.6267	-219.2126	5.585959	0.0223893	0.0118373	0.010552	0.0118373
5220	-215.341	-221.6566	6.31559	0.03345837	0.006819298	0.02663907	0.006819298
5230	-240.6874	-245.9357	5.248286	0.0655561	0.02136448	0.04419162	0.02136448
5240	-211.913	-218.2526	6.339598	0.02668923	0.00860068	0.01808855	0.00860068
5250	-242.5649	-247.0733	4.50837	0.09794088	0.07043565	0.02750523	0.07043565
5260	-241.8216	-247.1234	5.301866	0.06274852	0.01535526	0.04739326	0.01535526
5270	-227.7654	-233.6486	5.883202	0.04916346	0.01241864	0.03674482	0.01241864
5280	-303.0225	-304.4479	1.42533	0.2027145	0.1332349	0.06947953	0.1332349
5290	-235.8888	-240.1786	4.289874	0.08626906	0.07227387	0.0139952	0.07227387
5300	-225.3563	-231.3424	5.986058	0.04576878	0.01011601	0.03565277	0.01011601
5310	-238.8629	-244.1046	5.241711	0.06693704	0.02621052	0.04072652	0.02621052
5320	-321.4505	-322.1594	0.7089599	0.2234686	0.1418643	0.08160432	0.1418643
5330	-216.108	-221.4397	5.331702	0.02872052	0.01838708	0.01033344	0.01838708
5340	-216.8558	-223.1084	6.252537	0.03530572	0.006486974	0.02881875	0.006486974
5350	-263.7313	-265.9642	2.232911	0.2273179	0.2117864	0.01553155	0.2117864
5360	-232.3847	-236.6031	4.218382	0.073887	0.06240801	0.01147899	0.06240801
5370	-343.8592	-346.0945	2.235307	0.1182655	0.004327072	0.1139385	0.004327072
5380	-252.1885	-255.6866	3.49811	0.1488295	0.1282996	0.02052987	0.1282996
5390	-268.0575	-271.7771	3.719549	0.1067667	0.04921188	0.05755486	0.04921188
5400	-209.7913	-215.5498	5.758555	0.02208517	0.002057499	0.02002767	0.002057499
5410	-286.3065	-289.6647	3.35813	0.108245	0.03460655	0.07363847	0.03460655
5420	-246.6102	-251.65	5.03975	0.06955153	0.02015966	0.04939188	0.02015966
5430	-260.7663	-264.2532	3.486905	0.1360632	0.09549501	0.04056815	0.09549501
5440	-273.4714	-277.6953	4.22384	0.07772178	0.00557722	0.07214456	0.00557722
5450	-230.4151	-235.3248	4.90971	0.06909678	0.05294749	0.01614929	0.05294749
5460	-214.6412	-220.8028	6.16156	0.03173971	0.004144648	0.02759506	0.004144648
5470	-237.7104	-243.184	5.473657	0.05438509	0.006942173	0.04744292	0.006942173
5480	-214.9317	-221.2417	6.310032	0.03276636	0.006280823	0.02648553	0.006280823
5490	-217.0427	-223.3337	6.290967	0.03675392	0.01100867	0.02574525	0.01100867
5500	-241.5655	-246.284	4.718479	0.08800068	0.0561546	0.03184608	0.0561546
5510	-213.1879	-219.0635	5.875603	0.02450553	0.01209015	0.01241539	0.01209015
5520	-249.6192	-253.1855	3.566356	0.139744	0.1216502	0.01809379	0.1216502
5530	-222.3339	-228.3557	6.021785	0.04582424	0.01816348	0.02766077	0.01816348
5540	-224.3981	-229.8257	5.427596	0.05316514	0.03621025	0.01695489	0.03621025
5550	-211.2262	-217.3942	6.167934	0.02237794	0.007824937	0.01455301	0.007824937
5560	-224.079	-229.5702	5.491198	0.05243255	0.03488174	0.0175508	0.03488174
5570	-244.8198	-249.4277	4.607921	0.09002563	0.05375993	0.0362657	0.05375993
5580	-256.7365	-260.2499	3.513438	0.1463807	0.1150836	0.0312971	0.1150836
5590	-245.0682	-250.144	5.075754	0.06917573	0.02144679	0.04772894	0.02144679
5600	-242.1764	-247.0877	4.911311	0.07788315	0.03896054	0.03892261	0.03896054
5610	-237.2846	-242.7509	5.4663	0.05951761	0.0160523	0.04346531	0.0160523
5620	-210.4292	-216.7113	6.282112	0.02282172	0.005796142	0.01702558	0.005796142
5630	-230.2555	-236.0475	5.792009	0.04988461	0.009505259	0.04037935	0.009505259
5640	-245.3643	-249.9669	4.602641	0.08956549	0.05220242	0.03736307	0.05220242
5650	-241.4536	-246.6742	5.220563	0.05572682	0.004729232	0.05099759	0.004729232
5660	-253.8366	-256.9853	3.14868	0.162749	0.1458684	0.01688058	0.1458684
5670	-267.194	-271.4815	4.287483	0.08498514	0.02094007	0.06404507	0.02094007
5680	-238.5535	-243.5232	4.969672	0.07847785	0.04600858	0.03246927	0.04600858
5690	-221.926	-227.9967	6.070641	0.04089541	0.006756004	0.0341394	0.006756004
5700	-237.7856	-243.202	5.416442	0.06112637	0.01805958	0.04306679	0.01805958
5710	-249.1153	-253.5369	4.421687	0.09427892	0.05376113	0.04051778	0.05376113
5720	-279.333	-283.4371	4.104146	0.08480776	0.01002175	0.074786	0.01002175
5730	-229.2731	-235.0997	5.826604	0.04871872	0.008911196	0.03980752	0.008911196
5740	-288.1759	-289.6642	1.4883	0.2558025	0.2076768	0.04812564	0.2076768
5750	-217.1144	-221.1393	4.024848	0.01615114	0.01011502	0.006036123	0.01011502
5760	-225.7151	-231.2045	5.489445	0.0562004	0.03648297	0.01971743	0.03648297
5770	-250.4095	-254.8553	4.445769	0.09119198	0.04757644	0.04361554	0.04757644
5780	-226.8449	-232.0379	5.192958	0.0592982	0.04300859	0.01628961	0.04300859
5790	-228.4543	-234.3165	5.862213	0.04923928	0.01130997	0.03792931	0.01130997
5800	-256.8387	-259.6081	2.769319	0.1819049	0.1666839	0.01522096	0.1666839
5810	-230.6988	-236.0563	5.357507	0.06535462	0.03951424	0.02584038	0.03951424
5820	-256.4597	-259.373	2.913366	0.1780181	0.1614676	0.01655046	0.1614676
5830	-230.9543	-236.7078	5.753446	0.05228847	0.01285777	0.0394307	0.01285777
5840	-261.3549	-265.8559	4.501042	0.08049376	0.02032377	0.06016999	0.02032377
5850	-233.2942	-238.7915	5.497224	0.06073503	0.02447547	0.03625956	0.02447547
5860	-213.9108	-220.2728	6.361992	0.03140023	0.007035914	0.02436431	0.007035914
5870	-292.2208	-295.9194	3.698594	0.09419999	0.01183326	0.08236673	0.01183326
5880	-240.4036	-245.0536	4.650001	0.09192769	0.0651926	0.02673509	0.0651926
5890	-227.6315	-233.3372	5.705696	0.05524286	0.02557682	0.02966604	0.02557682
5900	-452.2914	-450.6838	-1.607593	0.2424805	0.07586101	0.1666195	0.07586101
5910	-216.8359	-223.1389	6.303012	0.03616336	0.009652763	0.02651059	0.009652763
5920	-209.8412	-214.6832	4.842007	0.01848993	0.001007628	0.0174823	0.001007628
5930	-232.4886	-237.9283	5.439643	0.0630651	0.03036718	0.03269792	0.03036718
5940	-252.0614	-256.9463	4.884881	0.0719362	0.01757937	0.05435682	0.01757937
5950	-223.8844	-229.3653	5.480846	0.05193961	0.034775	0.01716461	0.034775
5960	-224.2375	-230.0782	5.840731	0.0505087	0.02451194	0.02599676	0.02451194
5970	-228.7988	-234.4917	5.692921	0.05564635	0.02358153	0.03206482	0.02358153
5980	-303.1691	-305.5155	2.346488	0.1395603	0.05938271	0.08017755	0.05938271
5990	-237.0843	-241.8475	4.763226	0.08591313	0.06318375	0.02272938	0.06318375
6000	-292.1912	-294.5025	2.31129	0.1550251	0.08689958	0.0681255	0.08689958
6010	-230.7731	-236.0251	5.251944	0.06756379	0.04455461	0.02300917	0.04455461
6020	-256.999	-260.7624	3.76339	0.123186	0.0833913	0.03979466	0.0833913
6030	-213.2375	-219.4725	6.234995	0.02878049	0.01185377	0.01692671	0.01185377
6040	-218.3782	-224.6174	6.239213	0.03887738	0.01221622	0.02666116	0.01221622
6050	-219.0333	-225.2587	6.22543	0.0394344	0.01120798	0.02822641	0.01120798
6060	-209.5792	-215.5895	6.010336	0.01945067	0.003260915	0.01618975	0.003260915
6070	-216.8896	-223.1173	6.227651	0.03704461	0.01475639	0.02228822	0.01475639
6080	-227.4322	-233.0042	5.572007	0.05812109	0.03317068	0.02495041	0.03317068
6090	-249.6509	-253.854	4.203157	0.1071494	0.07163981	0.03550955	0.07163981
6100	-231.8191	-236.5019	4.682807	0.07322124	0.05844364	0.01477761	0.05844364
6110	-279.2302	-281.7905	2.560241	0.1642138	0.1098731	0.05434069	0.1098731
6120	-234.6142	-239.6919	5.07772	0.07518255	0.04886284	0.02631971	0.04886284
6130	-232.4188	-237.8005	5.381714	0.06505408	0.03435467	0.03069942	0.03435467
6140	-255.0173	-259.8962	4.878873	0.06970366	0.01122374	0.05847993	0.01122374
6150	-236.813	-241.7256	4.912623	0.0813585	0.05498076	0.02637774	0.05498076
6160	-240.0703	-245.4598	5.389561	0.06041699	0.01381086	0.04660613	0.01381086
6170	-210.0866	-216.2001	6.113512	0.01966293	0.004710153	0.01495278	0.004710153
6180	-232.3493	-237.5144	5.165084	0.07116151	0.04729318	0.02386833	0.04729318
6190	-214.6833	-220.8312	6.147915	0.03175796	0.004048202	0.02770975	0.004048202
6200	-222.2286	-227.911	5.682418	0.04815038	0.02973766	0.01841272	0.02973766
6210	-250.1756	-254.3616	4.186069	0.107286	0.07103099	0.03625505	0.07103099
6220	-287.0473	-289.9786	2.931266	0.1258424	0.05597814	0.06986427	0.05597814
6230	-245.289	-249.956	4.666985	0.08625679	0.04730055	0.03895624	0.04730055
6240	-278.7449	-281.4363	2.691389	0.154229	0.09827513	0.05595391	0.09827513
6250	-229.8032	-235.2357	5.432504	0.06297318	0.03689559	0.02607759	0.03689559
6260	-241.2372	-245.8099	4.57268	0.09521172	0.06889392	0.0263178	0.06889392
6270	-269.7374	-273.8929	4.155496	0.08828406	0.02307403	0.06521003	0.02307403
6280	-219.8922	-225.404	5.511788	0.04140204	0.02754708	0.01385495	0.02754708
6290	-236.136	-241.5042	5.368197	0.06389447	0.02527514	0.03861933	0.02527514
6300	-255.115	-258.5074	3.3924	0.1579691	0.1344683	0.0235008	0.1344683
6310	-299.6733	-302.0624	2.389164	0.1406728	0.06351106	0.07716178	0.06351106
6320	-255.5054	-259.1823	3.676825	0.1348506	0.101367	0.03348358	0.101367
6330	-216.7033	-222.994	6.290743	0.03641523	0.01186418	0.02455106	0.01186418
6340	-235.8068	-236.8305	1.023609	0.07188258	0.06748306	0.004399526	0.06748306
6350	-251.4252	-255.4357	4.010504	0.1174604	0.08362782	0.03383254	0.08362782
6360	-288.4992	-291.9333	3.434088	0.1045683	0.02811333	0.07645499	0.02811333
6370	-221.0414	-227.0451	6.003692	0.04480754	0.02085058	0.02395696	0.02085058
6380	-213.1587	-219.4903	6.331631	0.02956715	0.01045838	0.01910877	0.01045838
6390	-229.6156	-235.3204	5.704792	0.05509303	0.02070085	0.03439219	0.02070085
6400	-221.754	-227.8362	6.082202	0.04422289	0.01561585	0.02860705	0.01561585
6410	-254.0041	-257.7893	3.785216	0.1294474	0.0963201	0.03312732	0.0963201
6420	-221.8425	-227.6812	5.838726	0.04713486	0.02609493	0.02103993	0.02609493
6430	-233.0505	-238.7334	5.682911	0.05205569	0.009204664	0.04285102	0.009204664
6440	-248.1094	-252.2019	4.092548	0.1173202	0.08938097	0.02793927	0.08938097
6450	-209.6345	-214.9736	5.33913	0.01755483	0.001545181	0.01600964	0.001545181
6460	-211.986	-218.3464	6.360336	0.02717541	0.0083162	0.01885921	0.0083162
6470	-225.7184	-231.6536	5.935233	0.04854696	0.01535266	0.0331943	0.01535266
6480	-246.2321	-250.9795	4.747364	0.08133874	0.03853818	0.04280057	0.03853818
6490	-237.2262	-241.6907	4.464507	0.09023376	0.07307545	0.01715831	0.07307545
6500	-246.9684	-252.0074	5.039001	0.06936268	0.01944713	0.04991555	0.01944713
6510	-213.7374	-219.5647	5.827286	0.02577576	0.0134316	0.01234416	0.0134316
6520	-240.2028	-244.4566	4.253787	0.1006859	0.08327141	0.01741451	0.08327141
6530	-249.0517	-254.0141	4.96239	0.06113887	0.004807006	0.05633186	0.004807006
6540	-280.5536	-282.1873	1.633713	0.2866101	0.2522875	0.03432263	0.2522875
6550	-221.7686	-226.399	4.63038	0.03696031	0.001086713	0.0358736	0.001086713
6560	-214.8873	-219.1985	4.311156	0.02895499	0.000741369	0.02821362	0.000741369
6570	-262.5393	-266.539	3.999695	0.09918039	0.04475255	0.05442785	0.04475255
6580	-210.5138	-216.0835	5.569738	0.01550813	0.002486126	0.013022	0.002486126
6590	-222.526	-227.8585	5.332527	0.04780768	0.03369521	0.01411247	0.03369521
6600	-238.7299	-243.5078	4.777945	0.08667865	0.05994578	0.02673287	0.05994578
6610	-219.3681	-225.5262	6.158114	0.04111141	0.01565917	0.02545224	0.01565917
6620	-212.3172	-218.1466	5.829417	0.02068219	0.009067143	0.01161505	0.009067143
6630	-220.2927	-226.4632	6.170529	0.04142541	0.01259559	0.02882982	0.01259559
6640	-268.6564	-270.4768	1.820422	0.2659079	0.2503653	0.01554265	0.2503653
6650	-214.5747	-220.8665	6.291773	0.03252643	0.01250557	0.02002086	0.01250557
6660	-217.2299	-223.0227	5.792773	0.03585672	0.02124245	0.01461427	0.02124245
6670	-228.7936	-234.603	5.809449	0.05174125	0.01563126	0.03611	0.01563126
6680	-223.6849	-229.1048	5.419939	0.05131198	0.03520743	0.01610455	0.03520743
6690	-254.3215	-258.5852	4.263673	0.09559472	0.04896826	0.04662646	0.04896826
6700	-254.1523	-257.6935	3.54115	0.1486564	0.1231105	0.02554591	0.1231105
6710	-241.7566	-246.7712	5.014583	0.07379147	0.03308079	0.04071067	0.03308079
6720	-235.7073	-241.2905	5.5832	0.05462424	0.009916189	0.04470805	0.009916189
6730	-214.0975	-220.2341	6.136629	0.03010695	0.01396822	0.01613872	0.01396822
6740	-239.0878	-243.7407	4.652823	0.09119633	0.06733724	0.02385909	0.06733724
6750	-254.1484	-258.8758	4.727435	0.07637472	0.02182137	0.05455335	0.02182137
6760	-216.8483	-222.1079	5.259629	0.03054502	0.0202469	0.01029811	0.0202469
6770	-209.5381	-215.5562	6.018139	0.02086398	0.002975425	0.01788855	0.002975425
6780	-256.2428	-260.5498	4.306954	0.09134206	0.04080541	0.05053665	0.04080541
6790	-229.298	-234.7281	5.430121	0.06260969	0.0377248	0.02488488	0.0377248
6800	-290.2797	-293.0786	2.798932	0.1292043	0.05735084	0.07185349	0.05735084
6810	-257.3174	-261.3642	4.046772	0.1032194	0.05595682	0.04726256	0.05595682
6820	-211.6013	-217.9437	6.342363	0.02602683	0.00799764	0.01802919	0.00799764
6830	-230.7287	-236.0553	5.326601	0.06608572	0.041088	0.02499772	0.041088
6840	-247.7748	-251.8242	4.049472	0.1200022	0.0942308	0.02577138	0.0942308
6850	-229.3997	-234.9414	5.541644	0.06003676	0.03146857	0.0285682	0.03146857
6860	-227.4687	-233.116	5.647315	0.05662591	0.02926415	0.02736177	0.02926415
6870	-219.5052	-224.2604	4.755191	0.03530031	0.02624058	0.009059734	0.02624058
6880	-220.8219	-226.5537	5.73181	0.0378879	0.003004014	0.03488389	0.003004014
6890	-247.3741	-251.2368	3.862657	0.126857	0.1065982	0.02025883	0.1065982
6900	-218.0177	-221.7231	3.705402	0.02078862	0.01503762	0.005750997	0.01503762
6910	-237.0939	-242.337	5.243085	0.06802239	0.03079608	0.03722631	0.03079608
6920	-273.9308	-275.4192	1.488393	0.3096529	0.2926681	0.01698479	0.2926681
6930	-271.4808	-275.4066	3.925862	0.09542947	0.03101414	0.06441533	0.03101414
6940	-232.7706	-237.92	5.149475	0.07195291	0.04762321	0.0243297	0.04762321
6950	-273.1193	-275.804	2.684684	0.172559	0.126459	0.0461	0.126459
6960	-251.2299	-254.9701	3.740164	0.1369049	0.1122948	0.02461008	0.1122948
6970	-238.3615	-242.4138	4.052257	0.09499071	0.08140937	0.01358134	0.08140937
6980	-253.269	-257.0119	3.742917	0.1347091	0.1049478	0.02976135	0.1049478
6990	-282.8435	-284.886	2.04248	0.2062294	0.1560439	0.05018546	0.1560439
7000	-318.1768	-319.0864	0.9095993	0.2129205	0.1325458	0.08037474	0.1325458
7010	-210.2052	-216.4627	6.257519	0.02224455	0.005238967	0.01700559	0.005238967
7020	-234.8996	-240.5076	5.608007	0.0550247	0.01173978	0.04328492	0.01173978
7030	-233.9362	-238.9471	5.010851	0.07628033	0.05332839	0.02295194	0.05332839
7040	-262.0104	-265.4098	3.399432	0.1401537	0.09921202	0.04094166	0.09921202
7050	-226.0583	-231.5213	5.46297	0.0570374	0.03733297	0.01970442	0.03733297
7060	-230.0639	-234.7216	4.657715	0.06765225	0.05435292	0.01329933	0.05435292
7070	-223.2067	-229.0291	5.82242	0.04953204	0.02633818	0.02319386	0.02633818
7080	-232.9009	-237.494	4.593105	0.07654871	0.06184109	0.01470761	0.06184109
7090	-217.4348	-223.3059	5.871095	0.03694241	0.02117911	0.0157633	0.02117911
7100	-257.0863	-261.2967	4.210368	0.09497408	0.04491162	0.05006246	0.04491162
7110	-308.6807	-309.2526	0.5718726	0.2812585	0.2166515	0.06460699	0.2166515
7120	-275.6	-277.4531	1.853132	0.2802883	0.2524486	0.02783971	0.2524486
7130	-253.5863	-257.4175	3.831184	0.1266442	0.09309214	0.03355209	0.09309214
7140	-271.0035	-275.2371	4.233604	0.07541092	0.004614538	0.07079638	0.004614538
7150	-236.1182	-240.7459	4.627664	0.08596889	0.06759493	0.01837396	0.06759493
7160	-342.0405	-339.3678	-2.672732	0.7532458	0.6896215	0.0636243	0.6896215
7170	-315.5518	-318.013	2.461233	0.09993632	0.002118257	0.09781806	0.002118257
7180	-227.5845	-233.1042	5.51966	0.05914857	0.03537259	0.02377597	0.03537259
7190	-230.7485	-236.494	5.745488	0.04909632	0.00732905	0.04176727	0.00732905
7200	-279.2948	-281.9245	2.629736	0.1579577	0.1022544	0.05570331	0.1022544
7210	-244.6544	-249.6878	5.033392	0.0709859	0.02477033	0.04621557	0.02477033
7220	-241.6986	-246.8371	5.138522	0.068978	0.02549766	0.04348035	0.02549766
7230	-214.6167	-220.9795	6.362722	0.03271192	0.008585486	0.02412644	0.008585486
7240	-223.5828	-228.4022	4.819463	0.04822888	0.03727232	0.01095656	0.03727232
7250	-234.2576	-239.8947	5.637094	0.05399258	0.0108513	0.04314128	0.0108513
7260	-241.73	-246.5776	4.847533	0.08131426	0.04510831	0.03620595	0.04510831
7270	-217.0953	-223.0755	5.980171	0.03673646	0.01974618	0.01699028	0.01974618
7280	-277.3194	-279.7362	2.416768	0.1855392	0.137459	0.04808019	0.137459
7290	-225.5501	-229.6679	4.117789	0.05061784	0.04202213	0.008595714	0.04202213
7300	-236.7299	-241.6445	4.914533	0.08126607	0.05502387	0.0262422	0.05502387
7310	-210.3033	-216.5912	6.287899	0.02332163	0.005043785	0.01827784	0.005043785
7320	-250.1652	-254.7545	4.589262	0.08459128	0.03831529	0.04627599	0.03831529
7330	-209.6204	-215.7034	6.083039	0.02119973	0.003286108	0.01791362	0.003286108
7340	-236.6782	-242.1527	5.474436	0.05964302	0.01714134	0.04250168	0.01714134
7350	-223.842	-229.8581	6.016073	0.04306096	0.007440629	0.03562033	0.007440629
7360	-235.6695	-241.0838	5.414357	0.05131972	0.00456245	0.04675727	0.00456245
7370	-271.1623	-274.0533	2.890967	0.1583693	0.1112703	0.04709898	0.1112703
7380	-301.7159	-304.8234	3.107476	0.110611	0.02518265	0.08542838	0.02518265
7390	-260.8841	-263.8582	2.974109	0.1868252	0.1620823	0.0247429	0.1620823
7400	-255.2539	-259.0475	3.793624	0.1253691	0.08879068	0.03657845	0.08879068
7410	-238.8547	-243.6818	4.827071	0.08465543	0.05605294	0.02860249	0.05605294
7420	-238.03	-243.0313	5.001309	0.07744697	0.04526247	0.0321845	0.04526247
7430	-226.8607	-232.6009	5.740116	0.04422707	0.004515204	0.03971186	0.004515204
7440	-223.5214	-228.691	5.1696	0.04986908	0.0365333	0.01333578	0.0365333
7450	-227.191	-232.8329	5.641907	0.05657144	0.03003324	0.02653821	0.03003324
7460	-212.083	-217.9508	5.867756	0.02731114	0.002390587	0.02492055	0.002390587
7470	-264.9503	-269.4334	4.483158	0.07926807	0.01517319	0.06409488	0.01517319
7480	-216.6043	-221.6935	5.089207	0.02827831	0.01891873	0.009359581	0.01891873
7490	-209.7416	-214.7265	4.98489	0.01852246	0.001115565	0.01740689	0.001115565
7500	-271.3487	-275.0891	3.740368	0.1028018	0.04085105	0.06195076	0.04085105
7510	-215.2836	-221.6295	6.345853	0.0339022	0.009680168	0.02422203	0.009680168
7520	-244.93	-250.1625	5.232563	0.06038886	0.007969137	0.05241972	0.007969137
7530	-270.8347	-272.6736	1.83893	0.2779112	0.2597126	0.01819853	0.2597126
7540	-236.3482	-241.0462	4.698019	0.08576626	0.06578438	0.01998188	0.06578438
7550	-231.9499	-237.1506	5.200683	0.06997643	0.04595714	0.02401929	0.04595714
7560	-246.6307	-250.4291	3.798333	0.1261029	0.1080433	0.01805957	0.1080433
7570	-244.3053	-249.5251	5.219817	0.06417795	0.01457861	0.04959934	0.01457861
7580	-241.0376	-245.506	4.468453	0.09882498	0.0759117	0.02291327	0.0759117
7590	-244.8158	-248.91	4.094269	0.1153023	0.0943616	0.0209407	0.0943616
7600	-247.6077	-252.7542	5.146458	0.06336628	0.00956619	0.05380009	0.00956619
7610	-222.4859	-228.2214	5.735499	0.04869087	0.02888699	0.01980388	0.02888699
7620	-243.4721	-248.3032	4.83103	0.08028124	0.0407906	0.03949065	0.0407906
7630	-270.9834	-275.1279	4.144558	0.08809874	0.02168679	0.06641194	0.02168679
7640	-242.4224	-246.3222	3.899868	0.1103702	0.09524882	0.01512136	0.09524882
7650	-284.9065	-287.494	2.587463	0.1489026	0.08600664	0.06289599	0.08600664
7660	-252.9743	-257.1003	4.126053	0.1057966	0.06494083	0.04085574	0.06494083
7670	-245.6613	-249.6602	3.998881	0.1195004	0.09918837	0.02031207	0.09918837
7680	-241.7012	-246.2483	4.547027	0.0963257	0.06969835	0.02662735	0.06969835
7690	-211.8493	-218.2098	6.360497	0.02760399	0.005814763	0.02178923	0.005814763
7700	-239.8884	-244.9319	5.043542	0.07410941	0.03643677	0.03767264	0.03643677
7710	-249.2707	-253.4947	4.223975	0.1064591	0.07123276	0.0352263	0.07123276
7720	-215.9983	-220.5358	4.537453	0.01906134	0.01196505	0.007096293	0.01196505
7730	-239.6799	-244.4838	4.803854	0.0853142	0.05541113	0.02990307	0.05541113
7740	-217.4403	-223.6933	6.253023	0.03622003	0.007150407	0.02906962	0.007150407
7750	-306.2065	-308.3232	2.116713	0.1483689	0.06748268	0.08088624	0.06748268
7760	-260.1563	-264.4677	4.311449	0.0879685	0.03193345	0.05603504	0.03193345
7770	-264.2305	-267.3326	3.102055	0.1625157	0.1249662	0.03754955	0.1249662
7780	-222.0715	-228.1363	6.064806	0.04475773	0.01603744	0.02872029	0.01603744
7790	-229.6801	-235.4962	5.816154	0.04971087	0.01012149	0.03958939	0.01012149
7800	-218.1847	-224.4408	6.256088	0.03774699	0.00912071	0.02862628	0.00912071
7810	-225.5681	-231.4002	5.832104	0.05150193	0.02259613	0.02890579	0.02259613
7820	-243.3206	-248.1827	4.862135	0.07900478	0.03902583	0.03997895	0.03902583
7830	-213.7509	-220.0583	6.307447	0.03074539	0.01153604	0.01920935	0.01153604
7840	-209.951	-216.0049	6.053834	0.01897837	0.004127248	0.01485112	0.004127248
7850	-241.581	-245.9209	4.33998	0.1029902	0.08213127	0.0208589	0.08213127
7860	-210.1861	-216.1679	5.981727	0.02362721	0.002649618	0.02097759	0.002649618
7870	-274.4225	-278.4559	4.033445	0.0903325	0.02159661	0.06873589	0.02159661
7880	-215.4126	-221.7565	6.343952	0.03400256	0.008992447	0.02501011	0.008992447
7890	-223.64	-227.6706	4.030557	0.04404445	0.03622171	0.007822733	0.03622171
7900	-240.2787	-245.036	4.757283	0.08712975	0.05724623	0.02988352	0.05724623
7910	-223.4554	-229.2059	5.75049	0.05049504	0.02871368	0.02178136	0.02871368
7920	-229.3524	-235.1644	5.812008	0.05113016	0.01339839	0.03773177	0.01339839
7930	-245.385	-249.9348	4.549816	0.09250906	0.05665235	0.03585671	0.05665235
7940	-257.0199	-260.4286	3.408701	0.1552614	0.1266975	0.02856387	0.1266975
7950	-235.303	-240.0083	4.705378	0.08321146	0.06457283	0.01863863	0.06457283
7960	-224.3747	-229.6616	5.28689	0.05276616	0.03763423	0.01513192	0.03763423
7970	-218.6109	-224.8165	6.205559	0.03967576	0.01416848	0.02550727	0.01416848
7980	-237.1755	-242.2927	5.117205	0.07305622	0.03930963	0.03374659	0.03930963
7990	-215.9269	-222.2069	6.279973	0.03524213	0.01310485	0.02213728	0.01310485
8000	-246.2339	-251.3561	5.122222	0.06671012	0.0162368	0.05047332	0.0162368
8010	-267.4334	-271.0952	3.661829	0.1104053	0.05458811	0.0558172	0.05458811
8020	-288.8809	-291.2433	2.362331	0.1574205	0.09265676	0.06476377	0.09265676
8030	-217.7038	-223.544	5.840203	0.03745713	0.02183297	0.01562416	0.02183297
8040	-219.6588	-225.716	6.05724	0.04235837	0.01969368	0.0226647	0.01969368
8050	-227.0328	-232.3952	5.362472	0.05956711	0.04038706	0.01918006	0.04038706
8060	-247.8248	-252.5215	4.696677	0.08206305	0.03753335	0.04452971	0.03753335
8070	-212.4473	-216.962	4.514771	0.02564764	0.000800021	0.02484762	0.000800021
8080	-302.8271	-302.1807	-0.6464301	0.6373558	0.6103346	0.02702129	0.6103346
8090	-240.195	-244.9119	4.716848	0.08905181	0.06069434	0.02835747	0.06069434
8100	-238.7018	-243.5583	4.856458	0.08344162	0.05426581	0.02917581	0.05426581
8110	-228.8411	-234.536	5.694916	0.05558077	0.02334859	0.03223219	0.02334859
8120	-318.9921	-317.1393	-1.852716	0.8306641	0.7937986	0.03686554	0.7937986
8130	-216.4455	-222.7108	6.265314	0.0361847	0.0134859	0.0226988	0.0134859
8140	-219.3812	-225.4984	6.117159	0.0415461	0.01758909	0.02395701	0.01758909
8150	-250.3904	-254.3623	3.971857	0.1224622	0.09260436	0.02985789	0.09260436
8160	-216.1439	-222.3659	6.222037	0.03561756	0.01492914	0.02068841	0.01492914
8170	-226.0998	-231.1659	5.066018	0.05692131	0.04270442	0.01421688	0.04270442
8180	-213.7642	-219.9752	6.210974	0.029927	0.01287718	0.01704982	0.01287718
8190	-218.2852	-224.1621	5.876942	0.03918233	0.02242548	0.01675686	0.02242548
8200	-213.4472	-219.3101	5.862839	0.02523248	0.0127662	0.01246628	0.0127662
8210	-227.4692	-233.0436	5.574427	0.05811886	0.0330051	0.02511375	0.0330051
8220	-362.7971	-363.9999	1.202786	0.156687	0.03663956	0.1200474	0.03663956
8230	-240.2425	-244.3251	4.082638	0.1017882	0.08651295	0.01527526	0.08651295
8240	-223.0799	-229.043	5.963079	0.04743698	0.02007147	0.02736551	0.02007147
8250	-211.8392	-217.9472	6.10802	0.02322856	0.009239522	0.01398904	0.009239522
8260	-285.724	-288.2693	2.545262	0.1503197	0.08696511	0.06335457	0.08696511
8270	-278.0913	-281.3419	3.250573	0.1191637	0.05557165	0.06359201	0.05557165
8280	-233.9283	-239.4831	5.55481	0.05834764	0.01906768	0.03927996	0.01906768
8290	-275.7026	-278.4622	2.759582	0.1564703	0.1040572	0.05241308	0.1040572
8300	-215.3583	-221.7036	6.345252	0.03397295	0.009292097	0.02468086	0.009292097
8310	-279.3367	-281.8561	2.519412	0.167631	0.1138702	0.05376087	0.1138702
8320	-224.8899	-230.1756	5.285708	0.05418313	0.0386022	0.01558093	0.0386022
8330	-245.4931	-250.441	4.947828	0.07364411	0.02779371	0.04585039	0.02779371
8340	-253.9815	-258.7991	4.817514	0.07326137	0.0174681	0.05579327	0.0174681
8350	-277.4415	-279.2856	1.844066	0.2709707	0.238428	0.03254268	0.238428
8360	-236.2823	-241.0508	4.76858	0.08454703	0.0631552	0.02139183	0.0631552
8370	-311.9336	-314.9627	3.029079	0.1102676	0.01699915	0.09326848	0.01699915
8380	-228.3185	-233.9867	5.668209	0.05636641	0.02626505	0.03010136	0.02626505
8390	-245.6995	-249.9563	4.25681	0.1094913	0.08227922	0.02721212	0.08227922
8400	-227.5299	-233.1538	5.623944	0.05718321	0.03041025	0.02677296	0.03041025
8410	-212.4262	-218.7479	6.321642	0.02871455	0.005188757	0.0235258	0.005188757
8420	-309.8731	-312.244	2.370914	0.133637	0.04705572	0.08658131	0.04705572
8430	-240.1278	-245.4676	5.339797	0.06248498	0.01710481	0.04538017	0.01710481
8440	-247.9478	-252.4309	4.483096	0.0925413	0.05285117	0.03969013	0.05285117
8450	-211.5829	-217.9001	6.317146	0.02557693	0.008282039	0.01729489	0.008282039
8460	-273.5621	-275.9271	2.364946	0.2112317	0.1726695	0.0385622	0.1726695
8470	-243.0972	-248.0604	4.963236	0.07482957	0.0328141	0.04201548	0.0328141
8480	-259.3574	-262.6742	3.316805	0.1577129	0.1259593	0.03175356	0.1259593
8490	-235.4118	-240.1438	4.731985	0.08323546	0.06396664	0.01926883	0.06396664
8500	-266.88	-269.7048	2.824829	0.1839122	0.1482443	0.03566784	0.1482443
8510	-216.6157	-222.7549	6.139216	0.03637396	0.01700337	0.0193706	0.01700337
8520	-211.5325	-217.6569	6.124392	0.02256035	0.008489396	0.01407095	0.008489396
8530	-219.4167	-224.8994	5.482713	0.03988396	0.02663714	0.01324681	0.02663714
8540	-214.3394	-219.4223	5.082913	0.01698642	0.008654451	0.008331968	0.008654451
8550	-292.5338	-296.2505	3.716711	0.09110605	0.007642932	0.08346312	0.007642932
8560	-217.8979	-224.0756	6.177684	0.03622881	0.005704882	0.03052393	0.005704882
8570	-219.2127	-225.253	6.040293	0.04163499	0.02029822	0.02133676	0.02029822
8580	-230.3016	-235.9318	5.630217	0.0573334	0.02375201	0.03358138	0.02375201
8590	-209.9532	-215.0707	5.117504	0.01650001	0.001341426	0.01515859	0.001341426
8600	-233.1303	-238.4028	5.272487	0.06864125	0.03972157	0.02891968	0.03972157
8610	-244.4914	-248.8641	4.372614	0.1039265	0.0760083	0.02791819	0.0760083
8620	-229.3451	-235.0054	5.660316	0.05657588	0.02427702	0.03229885	0.02427702
8630	-214.608	-220.9439	6.335886	0.03277833	0.01111853	0.0216598	0.01111853
8640	-221.6204	-227.6422	6.021747	0.03999603	0.005483425	0.0345126	0.005483425
8650	-213.3111	-219.5938	6.282701	0.02945595	0.01145028	0.01800567	0.01145028
8660	-264.2032	-267.295	3.091805	0.1637876	0.1266216	0.03716601	0.1266216
8670	-234.6045	-240.2015	5.597059	0.05613245	0.0141036	0.04202885	0.0141036
8680	-295.4589	-297.7234	2.264564	0.1529276	0.08161909	0.07130852	0.08161909
8690	-254.6341	-258.0306	3.396485	0.1573366	0.134711	0.02262553	0.134711
8700	-217.3562	-223.3102	5.954008	0.0372438	0.02036524	0.01687856	0.02036524
8710	-259.9467	-263.0657	3.119073	0.175581	0.1487852	0.02679576	0.1487852
8720	-254.501	-258.1623	3.661284	0.1388384	0.1085461	0.03029237	0.1085461
8730	-227.7785	-233.6291	5.850567	0.05073431	0.01558715	0.03514716	0.01558715
8740	-221.4898	-227.5443	6.05451	0.04463339	0.01787431	0.02675908	0.01787431
8750	-242.0663	-246.3836	4.317292	0.1044433	0.0832631	0.02118018	0.0832631
8760	-218.9346	-223.8391	4.904542	0.03451485	0.02504324	0.009471609	0.02504324
8770	-236.1338	-241.2393	5.105476	0.07412343	0.04324301	0.03088042	0.04324301
8780	-233.6328	-238.8771	5.24439	0.06957534	0.04033759	0.02923775	0.04033759
8790	-219.5941	-225.3633	5.769226	0.03666812	0.002963511	0.03370461	0.002963511
8800	-288.954	-291.9517	2.997726	0.1210797	0.04846637	0.07261337	0.04846637
8810	-222.1799	-227.9776	5.797707	0.04791958	0.0272559	0.02066368	0.0272559
8820	-262.3588	-264.9254	2.566653	0.2120165	0.1935291	0.01848737	0.1935291
8830	-248.3487	-253.4189	5.070264	0.06165538	0.006237465	0.05541791	0.006237465
8840	-287.5468	-290.9129	3.366118	0.1073393	0.03242183	0.07491742	0.03242183
8850	-242.7125	-248.0137	5.301124	0.05836133	0.007330886	0.05103044	0.007330886
8860	-214.6066	-220.6796	6.073001	0.03089559	0.01519803	0.01569756	0.01519803
8870	-235.5896	-240.6831	5.093471	0.07475502	0.04559439	0.02916063	0.04559439
8880	-225.4787	-231.3739	5.895169	0.04985872	0.01891634	0.03094239	0.01891634
8890	-213.3654	-219.4261	6.060622	0.02724272	0.01281624	0.01442649	0.01281624
8900	-229.8266	-235.5721	5.745556	0.0535929	0.01732909	0.03626382	0.01732909
8910	-299.0169	-302.3816	3.364659	0.1032952	0.01809635	0.08519884	0.01809635
8920	-247.3065	-251.531	4.224514	0.109861	0.0796254	0.03023558	0.0796254
8930	-264.4088	-268.7238	4.31499	0.08537178	0.02411024	0.06126154	0.02411024
8940	-253.4172	-258.0832	4.66601	0.07900856	0.02644016	0.0525684	0.02644016
8950	-283.1922	-284.3784	1.186181	0.35371	0.3260863	0.02762379	0.3260863
8960	-235.8842	-240.9919	5.10773	0.07413057	0.04378853	0.03034203	0.04378853
8970	-266.0586	-270.279	4.220409	0.08782585	0.02589531	0.06193053	0.02589531
8980	-235.6204	-239.478	3.857581	0.08424335	0.07338088	0.01086248	0.07338088
8990	-210.4082	-216.3378	5.929578	0.01753461	0.004198714	0.0133359	0.004198714
9000	-270.4773	-273.9265	3.449287	0.1179859	0.06133183	0.05665407	0.06133183
9010	-218.549	-224.6809	6.131909	0.03680545	0.00536425	0.0314412	0.00536425
9020	-210.6375	-216.7202	6.082704	0.01968808	0.005841741	0.01384634	0.005841741
9030	-229.6171	-231.4996	1.882484	0.05332389	0.04853673	0.004787167	0.04853673
9040	-211.5813	-217.9543	6.373075	0.02663587	0.007027927	0.01960795	0.007027927
9050	-216.8044	-222.2969	5.492435	0.03300268	0.001906457	0.03109622	0.001906457
9060	-232.2644	-237.7447	5.4803	0.06174148	0.02830336	0.03343812	0.02830336
9070	-232.1429	-237.4134	5.270497	0.06844974	0.04194694	0.02650279	0.04194694
9080	-247.8562	-252.1795	4.323318	0.1024294	0.06757219	0.03485723	0.06757219
9090	-217.0127	-222.5384	5.525752	0.03329964	0.001986777	0.03131286	0.001986777
9100	-218.0379	-223.9503	5.91234	0.03531079	0.003346619	0.03196417	0.003346619
9110	-239.2108	-243.3934	4.182533	0.09788011	0.08237375	0.01550637	0.08237375
9120	-249.9757	-254.0675	4.091762	0.1144461	0.08167117	0.03277492	0.08167117
9130	-268.3461	-270.7236	2.377561	0.2343591	0.2091154	0.02524371	0.2091154
9140	-220.7163	-226.1809	5.464576	0.04343754	0.02941223	0.01402531	0.02941223
9150	-250.0414	-253.754	3.712591	0.1369827	0.1154635	0.02151918	0.1154635
9160	-262.3413	-262.7707	0.4293976	0.2154858	0.2088324	0.006653477	0.2088324
9170	-212.9061	-219.1883	6.282219	0.02843734	0.01089378	0.01754356	0.01089378
9180	-234.2829	-239.9205	5.637568	0.05359318	0.01011977	0.04347341	0.01011977
9190	-230.042	-235.6114	5.569429	0.05929505	0.02826751	0.03102754	0.02826751
9200	-242.834	-247.8128	4.978842	0.07439934	0.032507	0.04189233	0.032507
9210	-221.9523	-228.0697	6.11737	0.04282584	0.0112572	0.03156864	0.0112572
9220	-212.1589	-218.2049	6.04603	0.02335009	0.009896963	0.01345313	0.009896963
9230	-226.7135	-231.7992	5.085765	0.05874752	0.0438468	0.01490072	0.0438468
9240	-229.5091	-232.8444	3.335229	0.05982625	0.0525622	0.007264052	0.0525622
9250	-238.9435	-242.9242	3.980688	0.09714215	0.08378032	0.01336183	0.08378032
9260	-232.3559	-238.067	5.711115	0.05168043	0.00955585	0.04212458	0.00955585
9270	-229.5142	-234.551	5.036744	0.06649536	0.04956262	0.01693274	0.04956262
9280	-211.74	-217.5682	5.828188	0.0184312	0.006868646	0.01156255	0.006868646
9290	-214.775	-220.2023	5.427305	0.02496865	0.01476423	0.01020442	0.01476423
9300	-229.8905	-235.6669	5.776396	0.04833471	0.007247778	0.04108693	0.007247778
9310	-272.1108	-275.0569	2.946051	0.1503159	0.1002813	0.05003462	0.1002813
9320	-298.8034	-300.9477	2.144292	0.1556579	0.08207298	0.07358489	0.08207298
9330	-213.5588	-219.3949	5.836135	0.02528186	0.01297519	0.01230667	0.01297519
9340	-236.2683	-241.7407	5.472484	0.05999225	0.01834062	0.04165163	0.01834062
9350	-231.3711	-237.001	5.629958	0.04838425	0.005229925	0.04315432	0.005229925
9360	-225.4699	-231.4406	5.970739	0.04716193	0.01286669	0.03429523	0.01286669
9370	-250.2302	-254.5624	4.332202	0.09774978	0.05725483	0.04049495	0.05725483
9380	-222.6809	-228.5507	5.869759	0.04833073	0.02487968	0.02345105	0.02487968
9390	-231.8321	-237.5473	5.715184	0.05029874	0.007873038	0.0424257	0.007873038
9400	-215.7189	-221.5693	5.850443	0.03206576	0.01808587	0.01397988	0.01808587
9410	-247.8209	-252.946	5.125098	0.06506016	0.01190426	0.0531559	0.01190426
9420	-213.7329	-219.9581	6.225248	0.02997268	0.0126901	0.01728258	0.0126901
9430	-219.3948	-224.1989	4.804152	0.0352802	0.02606223	0.009217973	0.02606223
9440	-260.3652	-262.4376	2.07245	0.2071062	0.1952162	0.01189007	0.1952162
9450	-266.5129	-270.7006	4.187661	0.07144524	0.003245013	0.06820023	0.003245013
9460	-235.7033	-240.9942	5.290908	0.06703463	0.03148057	0.03555405	0.03148057
9470	-216.5565	-222.8612	6.304727	0.03604422	0.01097782	0.0250664	0.01097782
9480	-233.781	-239.3349	5.553892	0.05846923	0.01953611	0.03893311	0.01953611
9490	-214.5931	-220.6831	6.090002	0.03101103	0.01507956	0.01593148	0.01507956
9500	-266.9214	-270.7733	3.851901	0.1017124	0.04368619	0.05802622	0.04368619
9510	-256.901	-261.1001	4.199084	0.09573001	0.04616486	0.04956515	0.04616486
9520	-261.2695	-261.9802	0.7106531	0.2090058	0.2019352	0.007070603	0.2019352
9530	-308.3492	-309.4753	1.126034	0.2169605	0.1449958	0.07196476	0.1449958
9540	-240.5247	-245.9143	5.389674	0.05981453	0.01225215	0.04756238	0.01225215
9550	-245.6272	-250.8388	5.211666	0.06289089	0.0110364	0.0518545	0.0110364
9560	-246.7113	-251.7487	5.037477	0.06957328	0.02007297	0.04950031	0.02007297
9570	-274.8458	-276.8614	2.015635	0.2586122	0.2276746	0.03093767	0.2276746
9580	-217.9095	-224.0508	6.14129	0.03903597	0.01738939	0.02164659	0.01738939
9590	-219.2303	-225.1208	5.890489	0.04154003	0.02340726	0.01813277	0.02340726
9600	-265.9809	-268.7833	2.802356	0.1910813	0.1585742	0.03250705	0.1585742
9610	-253.3644	-257.9968	4.632394	0.08029123	0.02835207	0.05193916	0.02835207
9620	-215.5827	-221.7303	6.147526	0.03400312	0.01593582	0.0180673	0.01593582
9630	-220.0335	-226.2098	6.176347	0.04121987	0.01295356	0.02826632	0.01295356
9640	-282.4695	-286.399	3.929523	0.09050559	0.01492681	0.07557878	0.01492681
9650	-258.2534	-262.3389	4.085528	0.09982895	0.05026566	0.0495633	0.05026566
9660	-226.3626	-231.4951	5.132495	0.05786053	0.04274653	0.015114	0.04274653
9670	-219.7588	-225.9599	6.201105	0.04019578	0.01085195	0.02934383	0.01085195
9680	-247.9362	-252.4823	4.546117	0.08916435	0.04790015	0.04126421	0.04790015
9690	-241.1696	-246.4412	5.271546	0.06439536	0.01884401	0.04555135	0.01884401
9700	-342.173	-344.4521	2.27908	0.1173378	0.004358767	0.1129791	0.004358767
9710	-246.8796	-250.9718	4.092223	0.1177841	0.09282301	0.02496104	0.09282301
9720	-304.9119	-306.567	1.655109	0.179311	0.1047384	0.07457256	0.1047384
9730	-278.5663	-281.3626	2.796269	0.1464501	0.08896958	0.05748056	0.08896958
9740	-262.0206	-266.2301	4.209497	0.09064741	0.03371342	0.05693399	0.03371342
9750	-222.0997	-228.2085	6.1088	0.04323493	0.01189907	0.03133586	0.01189907
9760	-270.7542	-274.9531	4.198916	0.08638223	0.01957908	0.06680315	0.01957908
9770	-252.5697	-257.4768	4.907108	0.07076536	0.01530744	0.05545792	0.01530744
9780	-314.1375	-314.8594	0.7218523	0.2416696	0.1680215	0.07364811	0.1680215
9790	-248.6102	-252.8375	4.227263	0.1074838	0.0737837	0.03370012	0.0737837
9800	-383.0473	-384.4858	1.43844	0.1460508	0.01096125	0.1350895	0.01096125
9810	-339.3967	-340.8247	1.428011	0.1566749	0.05266567	0.1040092	0.05266567
9820	-216.5078	-222.1719	5.664073	0.03281701	0.02000534	0.01281166	0.02000534
9830	-225.2077	-231.1943	5.986625	0.04509354	0.00899541	0.03609813	0.00899541
9840	-235.9638	-241.1631	5.199293	0.07045697	0.03703897	0.03341801	0.03703897
9850	-228.611	-234.0279	5.416889	0.06201861	0.03894557	0.02307304	0.03894557
9860	-258.602	-262.7958	4.193855	0.09416687	0.04212463	0.05204223	0.04212463
9870	-294.0802	-295.9673	1.8871	0.1840068	0.1193731	0.06463374	0.1193731
9880	-213.4139	-219.7952	6.381218	0.03058423	0.008630843	0.02195338	0.008630843
9890	-214.9799	-220.7512	5.77131	0.02915618	0.01647038	0.0126858	0.01647038
9900	-234.432	-239.9485	5.516535	0.05946438	0.02025598	0.0392084	0.02025598
9910	-239.9615	-244.5811	4.619585	0.09296049	0.06816512	0.02479538	0.06816512
9920	-249.7143	-254.0868	4.372455	0.09620242	0.05573357	0.04046886	0.05573357
9930	-225.4423	-230.8904	5.448107	0.05571022	0.03715777	0.01855245	0.03715777
9940	-230.5896	-236.2817	5.692081	0.05514644	0.01891785	0.03622859	0.01891785
9950	-212.0333	-218.3943	6.361022	0.02729217	0.008374811	0.01891736	0.008374811
9960	-263.9299	-267.4447	3.514792	0.1254318	0.07784155	0.04759024	0.07784155
9970	-243.9704	-249.1994	5.228947	0.05864605	0.006374954	0.0522711	0.006374954
9980	-226.2451	-231.5146	5.269499	0.05776892	0.04106276	0.01670615	0.04106276
9990	-258.356	-262.0361	3.680073	0.1263687	0.0858522	0.04051649	0.0858522
10000	-217.4926	-223.7733	6.280696	0.03691944	0.009236988	0.02768245	0.009236988
