Iteration	Posterior	Likelihood	Prior	birth_rate	death_rate	diversification	turnover
0	-232.7908	-237.6235	4.832735	0.07584918	0.05824947	0.01759971	0.05824947
10	-237.4727	-242.407	4.934228	0.08057069	0.05191774	0.02865295	0.05191774
20	-220.8166	-226.8327	6.016114	0.04439375	0.02052981	0.02386393	0.02052981
30	-261.9769	-266.0165	4.039608	0.09789583	0.04360835	0.05428748	0.04360835
40	-256.1028	-260.8986	4.795805	0.07274154	0.01453163	0.0582099	0.01453163
50	-214.9052	-221.0755	6.170295	0.0321352	0.004294939	0.02784026	0.004294939
60	-263.573	-268.1081	4.535091	0.07141923	0.005602868	0.06581636	0.005602868
70	-225.874	-231.4278	5.553825	0.05614096	0.03476477	0.02137619	0.03476477
80	-211.2077	-217.4435	6.23582	0.02339206	0.007848686	0.01554337	0.007848686
90	-214.0672	-220.0909	6.023714	0.02890584	0.0143495	0.01455634	0.0143495
100	-213.7982	-219.8052	6.006987	0.02794306	0.01380342	0.01413964	0.01380342
110	-237.1268	-241.9107	4.783842	0.08546217	0.06211163	0.02335054	0.06211163
120	-252.7834	-256.5022	3.718793	0.1373848	0.1096862	0.02769861	0.1096862
130	-230.8637	-235.9381	5.07442	0.06974166	0.05052562	0.01921605	0.05052562
140	-244.4461	-249.2584	4.812301	0.08015482	0.0391822	0.04097262	0.0391822
150	-264.2504	-268.1054	3.855034	0.1043133	0.04983224	0.05448104	0.04983224
160	-233.529	-238.3943	4.865236	0.07751371	0.05843263	0.01908109	0.05843263
170	-219.7789	-225.9521	6.173235	0.03896844	0.007433523	0.03153491	0.007433523
180	-273.7413	-275.7334	1.992074	0.2676179	0.2403699	0.02724797	0.2403699
190	-230.411	-235.0388	4.627849	0.06868111	0.05540518	0.01327593	0.05540518
200	-219.9916	-225.8646	5.872974	0.04325378	0.02440088	0.0188529	0.02440088
210	-221.1812	-226.6062	5.424944	0.04451031	0.03051907	0.01399124	0.03051907
220	-224.1722	-230.189	6.016728	0.04369906	0.008124434	0.03557463	0.008124434
230	-241.0776	-245.4008	4.323159	0.1022157	0.08249266	0.01972305	0.08249266
240	-217.2789	-223.5459	6.266993	0.03739735	0.01252853	0.02486883	0.01252853
250	-236.4421	-241.3515	4.909465	0.0812984	0.05587118	0.02542722	0.05587118
260	-227.8013	-233.2328	5.431537	0.06059466	0.03869083	0.02190383	0.03869083
270	-239.0669	-244.3824	5.315518	0.0640776	0.02117187	0.04290574	0.02117187
280	-262.4234	-265.3656	2.942193	0.1875274	0.1599834	0.02754398	0.1599834
290	-241.487	-246.5635	5.076542	0.07150299	0.0298279	0.04167509	0.0298279
300	-228.1618	-234.0267	5.864997	0.04969746	0.01274652	0.03695093	0.01274652
310	-308.9342	-307.8709	-1.063374	0.696812	0.6651755	0.03163651	0.6651755
320	-216.7637	-222.8033	6.039552	0.03416034	0.003810412	0.03034992	0.003810412
330	-230.7056	-235.6565	4.950898	0.06985227	0.05285095	0.01700132	0.05285095
340	-224.6204	-230.082	5.461587	0.04102787	0.002555488	0.03847238	0.002555488
350	-220.1977	-226.3665	6.168778	0.04147821	0.01312631	0.0283519	0.01312631
360	-240.9052	-244.8786	3.973331	0.1044943	0.08982879	0.01466552	0.08982879
370	-255.7273	-260.3014	4.574118	0.0809597	0.02673683	0.05422288	0.02673683
380	-217.3394	-223.4115	6.072143	0.03776195	0.0187635	0.01899845	0.0187635
390	-215.6374	-221.803	6.165603	0.0342438	0.01573279	0.01851101	0.01573279
400	-221.4215	-227.4871	6.065568	0.04438733	0.01737482	0.02701251	0.01737482
410	-246.1776	-250.6412	4.463525	0.09640564	0.06128186	0.03512378	0.06128186
420	-237.2951	-242.545	5.249946	0.06763162	0.02980985	0.03782178	0.02980985
430	-269.1028	-272.6291	3.526274	0.1155666	0.05959631	0.05597028	0.05959631
440	-242.6952	-247.2702	4.575048	0.09445942	0.06445145	0.03000798	0.06445145
450	-246.4468	-250.4588	4.011968	0.1206384	0.09869328	0.02194515	0.09869328
460	-213.9361	-220.2896	6.353481	0.03139645	0.006714459	0.02468199	0.006714459
470	-255.9875	-259.7437	3.756195	0.1265137	0.08928979	0.03722396	0.08928979
480	-237.1444	-242.641	5.496678	0.05400061	0.00701908	0.04698153	0.00701908
490	-211.5836	-217.9208	6.337181	0.02707294	0.005261552	0.02181139	0.005261552
500	-217.6863	-223.7151	6.028765	0.03840908	0.01978756	0.01862152	0.01978756
510	-215.4456	-221.6695	6.223885	0.03411954	0.01454892	0.01957062	0.01454892
520	-221.2251	-226.0398	4.814773	0.04103074	0.03108146	0.009949287	0.03108146
530	-223.6909	-229.74	6.049133	0.04383781	0.009433969	0.03440384	0.009433969
540	-219.4162	-225.5325	6.11623	0.0416021	0.01759768	0.02400441	0.01759768
550	-223.7522	-229.3267	5.574543	0.05166266	0.03312958	0.01853308	0.03312958
560	-231.3945	-236.7062	5.311702	0.066942	0.0409041	0.0260379	0.0409041
570	-255.8264	-259.4757	3.649282	0.1364194	0.1030021	0.03341735	0.1030021
580	-213.212	-219.5607	6.348721	0.02985591	0.01010306	0.01975285	0.01010306
590	-232.2973	-237.8944	5.597083	0.05769503	0.02064322	0.03705181	0.02064322
600	-238.9858	-244.0991	5.11333	0.07189377	0.03423221	0.03766156	0.03423221
610	-242.0401	-246.8445	4.804459	0.08309969	0.04744508	0.03565461	0.04744508
620	-227.8093	-232.6269	4.81767	0.06114478	0.04796221	0.01318257	0.04796221
630	-274.1185	-278.1742	4.055692	0.07676018	0.0038664	0.07289378	0.0038664
640	-234.5085	-239.289	4.780557	0.08059153	0.06169486	0.01889667	0.06169486
650	-221.8866	-227.1913	5.304761	0.03806847	0.001919347	0.03614912	0.001919347
660	-227.3274	-233.157	5.829592	0.04547308	0.006001044	0.03947204	0.006001044
670	-220.2033	-225.69	5.486663	0.04213205	0.0282814	0.01385065	0.0282814
680	-263.6961	-266.6992	3.003114	0.1763204	0.1433424	0.03297795	0.1433424
690	-224.41	-229.3293	4.919307	0.05125981	0.03928823	0.01197159	0.03928823
700	-241.4226	-244.1808	2.7582	0.1034998	0.09523241	0.008267364	0.09523241
710	-218.2128	-224.4543	6.241554	0.03871612	0.01246555	0.02625056	0.01246555
720	-238.8353	-243.5434	4.708119	0.08923583	0.06436877	0.02486706	0.06436877
730	-226.2939	-232.0436	5.749697	0.0537092	0.02581919	0.02789001	0.02581919
740	-224.9171	-230.8761	5.958923	0.04797043	0.01594827	0.03202216	0.01594827
750	-225.3831	-231.1341	5.751006	0.05305266	0.02726201	0.02579066	0.02726201
760	-240.2706	-245.4867	5.216138	0.06699894	0.02428192	0.04271702	0.02428192
770	-232.6126	-237.4941	4.881485	0.07514205	0.05698443	0.01815762	0.05698443
780	-233.2332	-238.7723	5.539137	0.05928661	0.02193646	0.03735015	0.02193646
790	-211.348	-217.6991	6.351112	0.02565742	0.007302023	0.0183554	0.007302023
800	-230.9892	-236.1867	5.197462	0.06872513	0.04668062	0.02204451	0.04668062
810	-216.2062	-222.1782	5.971957	0.03438188	0.01849137	0.01589051	0.01849137
820	-275.4344	-279.5042	4.069778	0.08871471	0.01855115	0.07016356	0.01855115
830	-371.6563	-368.9198	-2.736509	0.5197573	0.4230495	0.09670788	0.4230495
840	-211.798	-217.4439	5.645961	0.01563053	0.004659724	0.01097081	0.004659724
850	-210.1097	-216.3662	6.256493	0.02270225	0.004678248	0.018024	0.004678248
860	-258.6641	-263.4166	4.752485	0.07235148	0.01143075	0.06092073	0.01143075
870	-240.0662	-244.4302	4.363992	0.09909484	0.08005752	0.01903732	0.08005752
880	-218.6348	-222.615	3.980198	0.02674132	0.02022857	0.006512748	0.02022857
890	-239.9157	-244.1202	4.204579	0.1001305	0.08370127	0.01642921	0.08370127
900	-267.1467	-269.4552	2.308472	0.2396001	0.2185398	0.02106032	0.2185398
910	-211.4296	-217.7379	6.30829	0.02676109	0.004789547	0.02197154	0.004789547
920	-263.8591	-267.1862	3.327061	0.1409346	0.0978927	0.04304193	0.0978927
930	-226.8461	-232.5596	5.71347	0.05480017	0.02676471	0.02803546	0.02676471
940	-280.2044	-281.8533	1.648898	0.2864565	0.2526003	0.03385619	0.2526003
950	-253.9975	-258.2246	4.227099	0.09800257	0.05273798	0.04526459	0.05273798
960	-267.4466	-269.4437	1.997161	0.2541378	0.2377261	0.01641166	0.2377261
970	-209.5269	-215.5456	6.018691	0.02068983	0.003005491	0.01768434	0.003005491
980	-257.4443	-259.066	1.621654	0.186467	0.1777384	0.008728657	0.1777384
990	-232.2615	-236.236	3.974507	0.07246396	0.06231771	0.01014625	0.06231771
1000	-250.5528	-255.0274	4.474599	0.08955804	0.04503566	0.04452238	0.04503566
1010	-229.6829	-235.0801	5.397266	0.0636295	0.03887105	0.02475845	0.03887105
1020	-213.6689	-220.0477	6.378809	0.03107389	0.008688048	0.02238585	0.008688048
1030	-212.7207	-219.1028	6.38211	0.02913295	0.008414605	0.02071834	0.008414605
1040	-212.294	-218.6331	6.33904	0.0284892	0.005443802	0.0230454	0.005443802
1050	-243.4631	-248.6649	5.201822	0.05765126	0.005436182	0.05221508	0.005436182
1060	-240.0572	-244.3193	4.262161	0.1001724	0.08279943	0.01737295	0.08279943
1070	-217.0149	-223.2701	6.255221	0.03556705	0.006716182	0.02885086	0.006716182
1080	-230.043	-235.7751	5.73208	0.05397568	0.01767008	0.03630559	0.01767008
1090	-217.7781	-222.5941	4.81604	0.03008614	0.02139631	0.008689837	0.02139631
1100	-215.3265	-221.6405	6.314033	0.03342945	0.006757048	0.0266724	0.006757048
1110	-248.3037	-251.8708	3.567104	0.1350388	0.118425	0.01661371	0.118425
1120	-209.6207	-215.6997	6.079068	0.02019233	0.003528643	0.01666369	0.003528643
1130	-280.4923	-284.5622	4.069954	0.08379285	0.007740581	0.07605227	0.007740581
1140	-209.6303	-215.3765	5.746182	0.01770071	0.002433756	0.01526695	0.002433756
1150	-286.0156	-288.1878	2.172236	0.1802041	0.1223004	0.05790369	0.1223004
1160	-245.0745	-250.2954	5.220885	0.06326478	0.01223888	0.0510259	0.01223888
1170	-248.3898	-253.2624	4.872575	0.07454901	0.02560899	0.04894002	0.02560899
1180	-217.8121	-223.5056	5.693491	0.03677041	0.02273317	0.01403724	0.02273317
1190	-212.4285	-218.4644	6.035912	0.02407166	0.01057811	0.01349355	0.01057811
1200	-253.9261	-257.6566	3.730461	0.1342875	0.1031838	0.03110372	0.1031838
1210	-243.1584	-248.4614	5.303034	0.06091075	0.0108014	0.05010935	0.0108014
1220	-241.768	-246.8409	5.072906	0.07144246	0.02933426	0.0421082	0.02933426
1230	-272.7098	-274.3632	1.653458	0.2957313	0.2779107	0.01782069	0.2779107
1240	-227.8705	-233.7004	5.829893	0.05146153	0.01689807	0.03456346	0.01689807
1250	-233.0859	-238.7689	5.683062	0.05229178	0.009568891	0.04272289	0.009568891
1260	-218.5125	-223.9907	5.478185	0.03726104	0.02465153	0.0126095	0.02465153
1270	-224.6904	-230.4553	5.764965	0.05213065	0.02746341	0.02466724	0.02746341
1280	-256.1476	-259.4701	3.322584	0.1626052	0.1387696	0.02383562	0.1387696
1290	-217.7605	-223.5004	5.739879	0.0369481	0.02246551	0.01448259	0.02246551
1300	-227.065	-232.1586	5.09365	0.05975431	0.04447149	0.01528282	0.04447149
1310	-229.0631	-234.3714	5.308261	0.06407486	0.04284148	0.02123337	0.04284148
1320	-235.021	-239.8258	4.804819	0.08151237	0.06141324	0.02009913	0.06141324
1330	-232.4451	-237.2954	4.850318	0.07484909	0.0573819	0.01746719	0.0573819
1340	-268.4881	-272.9163	4.428157	0.07893964	0.01148532	0.06745432	0.01148532
1350	-223.4395	-228.7065	5.266965	0.05008008	0.03591429	0.01416579	0.03591429
1360	-243.4069	-247.2971	3.890135	0.1140498	0.09817558	0.01587422	0.09817558
1370	-272.4756	-275.0948	2.619176	0.1828747	0.1397555	0.04311915	0.1397555
1380	-235.5179	-240.9345	5.416662	0.06247589	0.02380669	0.0386692	0.02380669
1390	-214.5636	-220.8987	6.335075	0.03269542	0.01115531	0.02154012	0.01115531
1400	-237.7998	-242.6644	4.864545	0.08327809	0.05605478	0.02722331	0.05605478
1410	-252.5258	-256.4828	3.956963	0.1190629	0.08415604	0.03490683	0.08415604
1420	-213.9952	-220.3199	6.324684	0.0314401	0.0113243	0.0201158	0.0113243
1430	-224.9736	-230.539	5.565382	0.05435301	0.03421322	0.0201398	0.03421322
1440	-221.8958	-226.8466	4.950844	0.04387524	0.03294627	0.01092897	0.03294627
1450	-242.4689	-246.5327	4.063759	0.1094844	0.09229245	0.01719195	0.09229245
1460	-213.5516	-219.8838	6.332126	0.0304862	0.01081543	0.01967076	0.01081543
1470	-265.985	-269.388	3.403067	0.1290237	0.08015633	0.04886733	0.08015633
1480	-217.0516	-223.3166	6.265087	0.03713198	0.01297527	0.02415672	0.01297527
1490	-231.9242	-237.6513	5.727154	0.05123002	0.009393951	0.04183607	0.009393951
1500	-256.5276	-260.4676	3.940017	0.1112078	0.06779044	0.04341735	0.06779044
1510	-223.276	-229.2595	5.983448	0.04180431	0.005938191	0.03586612	0.005938191
1520	-252.6856	-256.7413	4.055724	0.1112299	0.07294017	0.03828978	0.07294017
1530	-227.2698	-232.8188	5.548974	0.05831721	0.03437841	0.0239388	0.03437841
1540	-219.914	-225.3032	5.389171	0.04071277	0.02791689	0.01279589	0.02791689
1550	-249.2419	-253.822	4.580086	0.08594609	0.04144918	0.0444969	0.04144918
1560	-221.1486	-227.281	6.132391	0.04270097	0.01333454	0.02936642	0.01333454
1570	-220.191	-226.3752	6.184232	0.04080335	0.01114599	0.02965736	0.01114599
1580	-219.7997	-224.831	5.031297	0.03805191	0.02762416	0.01042775	0.02762416
1590	-213.6129	-219.9829	6.369982	0.03091974	0.007097804	0.02382194	0.007097804
1600	-221.0635	-226.7078	5.644365	0.04521266	0.02878593	0.01642673	0.02878593
1610	-273.9487	-277.678	3.729264	0.1013809	0.03658465	0.06479628	0.03658465
1620	-216.5786	-222.721	6.142352	0.03630281	0.01691795	0.01938486	0.01691795
1630	-229.7631	-235.4754	5.712282	0.05479164	0.0198072	0.03498444	0.0198072
1640	-216.861	-223.1561	6.295092	0.03651791	0.01112695	0.02539096	0.01112695
1650	-293.7546	-296.3603	2.605644	0.1355018	0.06212433	0.07337745	0.06212433
1660	-229.4816	-235.2653	5.783687	0.05232322	0.01548892	0.0368343	0.01548892
1670	-219.1161	-225.3417	6.225557	0.03920833	0.01017851	0.02902982	0.01017851
1680	-235.4229	-240.4007	4.977801	0.07860542	0.05344623	0.02515919	0.05344623
1690	-236.4642	-241.2479	4.783699	0.08455625	0.06249021	0.02206604	0.06249021
1700	-213.7894	-219.9778	6.188498	0.02976938	0.01310045	0.01666892	0.01310045
1710	-228.0952	-233.3141	5.218884	0.06251028	0.04444224	0.01806804	0.04444224
1720	-220.0949	-226.2166	6.121649	0.03881377	0.006246428	0.03256734	0.006246428
1730	-218.889	-224.4221	5.533064	0.03872163	0.02539828	0.01332335	0.02539828
1740	-224.844	-230.3517	5.507648	0.05424439	0.0354285	0.01881589	0.0354285
1750	-263.8426	-266.5546	2.712039	0.2069105	0.1827258	0.02418466	0.1827258
1760	-236.6321	-241.3549	4.722789	0.08598545	0.06502386	0.02096159	0.06502386
1770	-217.6368	-223.664	6.027211	0.03828862	0.01976714	0.01852148	0.01976714
1780	-220.4704	-226.5426	6.072229	0.04338587	0.01845838	0.02492749	0.01845838
1790	-237.3585	-242.832	5.473544	0.05915294	0.01533222	0.04382072	0.01533222
1800	-235.5822	-240.5078	4.925568	0.08016651	0.05614524	0.02402128	0.05614524
1810	-260.7792	-263.6577	2.878543	0.1933618	0.1713015	0.0220603	0.1713015
1820	-238.1864	-242.873	4.686663	0.08924019	0.06632126	0.02291893	0.06632126
1830	-321.195	-323.1117	1.916668	0.1460598	0.05335583	0.09270397	0.05335583
1840	-234.234	-239.3659	5.131919	0.07335913	0.04623991	0.02711922	0.04623991
1850	-252.5019	-255.8984	3.39654	0.1526996	0.1336366	0.019063	0.1336366
1860	-219.8169	-225.6883	5.871395	0.04285413	0.02427674	0.0185774	0.02427674
1870	-230.2614	-234.6783	4.416865	0.06744985	0.05576581	0.01168403	0.05576581
1880	-226.0014	-231.8209	5.819559	0.05193996	0.02240015	0.02953981	0.02240015
1890	-231.5698	-237.1206	5.550824	0.05957827	0.02554633	0.03403195	0.02554633
1900	-243.0664	-248.3726	5.306252	0.06083005	0.01077278	0.05005728	0.01077278
1910	-220.135	-226.2485	6.113555	0.04250417	0.01688033	0.02562385	0.01688033
1920	-245.4863	-249.7902	4.30385	0.1070201	0.07882212	0.02819801	0.07882212
1930	-231.4318	-236.8229	5.391191	0.06475598	0.0361358	0.02862019	0.0361358
1940	-224.0798	-229.9443	5.864555	0.0499682	0.02356476	0.02640344	0.02356476
1950	-250.9462	-255.375	4.428869	0.09138094	0.0471627	0.04421824	0.0471627
1960	-216.6339	-222.931	6.297038	0.03625173	0.01150836	0.02474337	0.01150836
1970	-212.9161	-219.268	6.351841	0.02920744	0.009740622	0.01946682	0.009740622
1980	-232.1431	-237.1218	4.978711	0.07335936	0.05412554	0.01923381	0.05412554
1990	-223.8964	-229.9352	6.038856	0.04388537	0.009095538	0.03478983	0.009095538
2000	-295.6101	-295.8758	0.2657642	0.4556222	0.4221472	0.0334749	0.4221472
2010	-252.5135	-257.4614	4.947908	0.06900575	0.01276007	0.05624568	0.01276007
2020	-224.3446	-230.3654	6.020823	0.04565954	0.01204823	0.03361131	0.01204823
2030	-230.922	-236.4725	5.550555	0.05976774	0.02726443	0.03250331	0.02726443
2040	-254.4462	-258.5349	4.088708	0.1054504	0.06252524	0.04292513	0.06252524
2050	-241.9975	-247.3427	5.345189	0.06010087	0.01090109	0.04919978	0.01090109
2060	-210.7264	-216.7622	6.035863	0.01913977	0.005741309	0.01339846	0.005741309
2070	-267.2422	-270.405	3.162844	0.145386	0.09952993	0.04585608	0.09952993
2080	-228.9918	-234.4741	5.482233	0.06126881	0.03552518	0.02574362	0.03552518
2090	-235.1714	-240.7212	5.54979	0.05772249	0.01604212	0.04168038	0.01604212
2100	-220.3534	-226.1604	5.80702	0.04396035	0.02582784	0.01813251	0.02582784
2110	-229.5831	-235.256	5.672869	0.05613628	0.02285084	0.03328543	0.02285084
2120	-211.8836	-218.2181	6.334561	0.02770304	0.005258812	0.02244423	0.005258812
2130	-240.7052	-245.3576	4.652377	0.09179177	0.06423773	0.02755404	0.06423773
2140	-284.7355	-286.7721	2.036582	0.1988584	0.1454755	0.05338294	0.1454755
2150	-227.4397	-233.0504	5.610718	0.05739359	0.0312544	0.02613919	0.0312544
2160	-229.3744	-234.9777	5.603235	0.05829385	0.02778657	0.03050727	0.02778657
2170	-245.7436	-250.179	4.435325	0.09879548	0.06562678	0.03316869	0.06562678
2180	-224.1579	-230.1895	6.031631	0.04515452	0.01133613	0.03381839	0.01133613
2190	-215.3169	-221.5721	6.255214	0.03396764	0.01377905	0.02018859	0.01377905
2200	-266.5055	-270.5843	4.078817	0.09270185	0.03206882	0.06063303	0.03206882
2210	-343.8656	-345.8345	1.968857	0.1360092	0.02532572	0.1106835	0.02532572
2220	-219.8673	-225.8513	5.984029	0.03767488	0.004280386	0.03339449	0.004280386
2230	-213.2417	-218.8777	5.635921	0.02869816	0.00193544	0.02676272	0.00193544
2240	-219.758	-225.5739	5.815916	0.04257142	0.0250395	0.01753193	0.0250395
2250	-255.4308	-259.1931	3.762325	0.1275213	0.09146057	0.03606077	0.09146057
2260	-235.1759	-240.7197	5.543783	0.05796412	0.01645726	0.04150686	0.01645726
2270	-266.5751	-269.8765	3.301343	0.135471	0.08774136	0.04772962	0.08774136
2280	-253.6493	-258.4766	4.827316	0.07310352	0.01759801	0.05550551	0.01759801
2290	-241.0739	-246.1189	5.045092	0.07308288	0.03295763	0.04012525	0.03295763
2300	-225.2993	-231.1867	5.887391	0.0500523	0.01985481	0.03019749	0.01985481
2310	-232.4104	-237.8024	5.391985	0.06471026	0.03370294	0.03100732	0.03370294
2320	-215.2517	-221.3908	6.139059	0.0331283	0.01564746	0.01748083	0.01564746
2330	-210.4161	-216.3029	5.88675	0.01714652	0.003923313	0.0132232	0.003923313
2340	-263.8267	-266.966	3.139336	0.1600107	0.1223267	0.03768397	0.1223267
2350	-221.4366	-227.409	5.972438	0.04563543	0.02178488	0.02385055	0.02178488
2360	-213.9668	-220.1579	6.191064	0.03026066	0.01335249	0.01690817	0.01335249
2370	-302.6235	-301.5807	-1.042814	0.718502	0.6999544	0.01854758	0.6999544
2380	-214.0043	-220.2576	6.253239	0.03090684	0.01271029	0.01819655	0.01271029
2390	-228.0673	-233.3629	5.295678	0.06215908	0.04276431	0.01939478	0.04276431
2400	-216.7254	-222.9341	6.20867	0.03675515	0.01539621	0.02135894	0.01539621
2410	-251.5422	-256.5256	4.983389	0.06826179	0.01269056	0.05557123	0.01269056
2420	-240.1125	-243.5798	3.467354	0.1006953	0.09004426	0.01065107	0.09004426
2430	-271.8957	-275.6176	3.721826	0.1031552	0.04079903	0.06235617	0.04079903
2440	-237.0347	-241.3066	4.271923	0.09021887	0.07555137	0.0146675	0.07555137
2450	-255.7382	-259.0377	3.299543	0.1635802	0.141173	0.02240713	0.141173
2460	-255.1689	-259.4344	4.265493	0.09446772	0.046402	0.04806572	0.046402
2470	-219.1941	-225.1882	5.994158	0.04163846	0.02145984	0.02017861	0.02145984
2480	-225.4054	-231.1791	5.773714	0.05266292	0.0260891	0.02657383	0.0260891
2490	-219.8471	-225.6505	5.803446	0.04273751	0.02530436	0.01743315	0.02530436
2500	-248.8561	-253.059	4.202897	0.1087162	0.07519536	0.03352082	0.07519536
2510	-235.4243	-240.4177	4.993373	0.07814751	0.05252289	0.02562462	0.05252289
2520	-226.3825	-232.327	5.944473	0.04651116	0.00965633	0.03685483	0.00965633
2530	-259.1967	-263.4518	4.255069	0.09095374	0.03706061	0.05389313	0.03706061
2540	-223.8335	-228.8209	4.98742	0.03941568	0.001532408	0.03788327	0.001532408
2550	-265.0216	-267.6136	2.592001	0.2166505	0.1930742	0.02357634	0.1930742
2560	-211.2672	-217.5774	6.31024	0.02473505	0.007687716	0.01704734	0.007687716
2570	-220.8105	-226.8932	6.082759	0.04359855	0.017475	0.02612355	0.017475
2580	-291.5015	-295.2391	3.737602	0.09277492	0.01057162	0.0822033	0.01057162
2590	-232.3183	-237.5751	5.256744	0.0689168	0.04241912	0.02649768	0.04241912
2600	-249.8428	-254.5293	4.686472	0.08072662	0.03304248	0.04768414	0.03304248
2610	-214.5763	-220.9207	6.344437	0.03242141	0.007032913	0.02538849	0.007032913
2620	-228.5071	-233.9218	5.414683	0.06190178	0.0390905	0.02281128	0.0390905
2630	-253.2252	-257.1424	3.917161	0.1205141	0.08511292	0.03540115	0.08511292
2640	-235.06	-239.9027	4.842693	0.08106783	0.06010501	0.02096282	0.06010501
2650	-551.2256	-549.243	-1.982529	0.2460267	0.02095908	0.2250676	0.02095908
2660	-281.5444	-283.3983	1.853905	0.2400097	0.1968766	0.04313308	0.1968766
2670	-248.2729	-253.3738	5.10083	0.06225383	0.007183212	0.05507062	0.007183212
2680	-223.7978	-229.4002	5.602384	0.05173707	0.03262827	0.0191088	0.03262827
2690	-238.8784	-243.4397	4.561278	0.0931746	0.07200259	0.02117201	0.07200259
2700	-266.9572	-269.9319	2.974708	0.1654923	0.1251253	0.04036698	0.1251253
2710	-227.0564	-232.6884	5.632054	0.05666712	0.03074594	0.02592118	0.03074594
2720	-268.7753	-271.4801	2.704791	0.1901431	0.1533589	0.03678419	0.1533589
2730	-243.1154	-246.6038	3.488415	0.1135553	0.1014294	0.01212591	0.1014294
2740	-221.4226	-226.831	5.40833	0.04509681	0.03108378	0.01401302	0.03108378
2750	-212.8227	-219.2042	6.381541	0.0293438	0.008528374	0.02081542	0.008528374
2760	-215.2261	-221.3214	6.095249	0.03234399	0.003806285	0.02853771	0.003806285
2770	-280.9929	-281.6661	0.6731864	0.3918367	0.3770555	0.01478119	0.3770555
2780	-220.0358	-226.1297	6.093911	0.04262041	0.01796343	0.02465698	0.01796343
2790	-226.7155	-231.7697	5.054188	0.05865774	0.0440889	0.01456885	0.0440889
2800	-220.5818	-226.5044	5.922576	0.04449294	0.02364066	0.02085227	0.02364066
2810	-224.338	-230.2571	5.919087	0.04901515	0.02007846	0.02893669	0.02007846
2820	-218.9729	-224.8717	5.898872	0.03633956	0.003463732	0.03287582	0.003463732
2830	-216.1801	-222.4872	6.307164	0.03477984	0.007607105	0.02717274	0.007607105
2840	-224.7814	-230.7903	6.008881	0.04531557	0.01033124	0.03498433	0.01033124
2850	-216.3023	-222.4027	6.100349	0.03546474	0.01735757	0.01810718	0.01735757
2860	-245.267	-249.9677	4.700716	0.08458032	0.04478513	0.03979519	0.04478513
2870	-219.5845	-225.7899	6.205378	0.03940493	0.009163795	0.03024114	0.009163795
2880	-243.3903	-248.3163	4.926004	0.07614636	0.03447176	0.0416746	0.03447176
2890	-243.1362	-247.8033	4.667018	0.08897651	0.05489997	0.03407654	0.05489997
2900	-213.1	-219.4721	6.372052	0.02983287	0.009217768	0.02061511	0.009217768
2910	-241.1576	-245.6949	4.537262	0.09661008	0.07154445	0.02506563	0.07154445
2920	-297.3476	-297.9043	0.5566568	0.3610876	0.3157649	0.04532264	0.3157649
2930	-253.2364	-257.6553	4.418911	0.08924581	0.04130637	0.04793944	0.04130637
2940	-210.6734	-216.6951	6.021726	0.01884552	0.005486633	0.01335889	0.005486633
2950	-217.9111	-223.878	5.966918	0.03868064	0.02091225	0.01776839	0.02091225
2960	-213.0056	-217.6827	4.677152	0.01218542	0.001426374	0.01075905	0.001426374
2970	-221.0078	-226.6453	5.637569	0.04504409	0.02876944	0.01627465	0.02876944
2980	-218.2115	-224.4128	6.201309	0.03924623	0.01494731	0.02429892	0.01494731
2990	-220.3073	-225.7225	5.415166	0.04199498	0.02872174	0.01327324	0.02872174
3000	-253.319	-256.2987	2.979672	0.1622816	0.1477986	0.01448308	0.1477986
3010	-236.9227	-242.2974	5.374734	0.06319939	0.02284865	0.04035074	0.02284865
3020	-264.2286	-268.3118	4.083178	0.0940855	0.03616658	0.05791892	0.03616658
3030	-273.3652	-274.3312	0.966006	0.3144652	0.3026231	0.01184214	0.3026231
3040	-229.4944	-235.2315	5.73713	0.05404544	0.01885761	0.03518783	0.01885761
3050	-259.6489	-262.5768	2.927811	0.188738	0.1676324	0.02110558	0.1676324
3060	-216.011	-221.2792	5.268238	0.02781668	0.01786375	0.009952931	0.01786375
3070	-215.2585	-221.2784	6.019854	0.03221135	0.01661289	0.01559847	0.01661289
3080	-295.8914	-294.4341	-1.457341	0.6264009	0.6164434	0.00995752	0.6164434
3090	-236.534	-241.894	5.360008	0.06396506	0.02476227	0.03920279	0.02476227
3100	-215.2555	-221.3478	6.092248	0.03278759	0.0161111	0.01667648	0.0161111
3110	-234.0016	-239.0899	5.088317	0.07452413	0.04928256	0.02524157	0.04928256
3120	-223.2522	-227.9059	4.653714	0.04629554	0.03631837	0.009977179	0.03631837
3130	-212.1256	-218.3499	6.224272	0.02565547	0.009895042	0.01576043	0.009895042
3140	-212.5865	-218.9249	6.338461	0.02827882	0.009642183	0.01863664	0.009642183
3150	-210.1023	-215.5095	5.407149	0.01597914	0.001850956	0.01412819	0.001850956
3160	-246.2413	-249.7325	3.491216	0.1270987	0.1130685	0.01403011	0.1130685
3170	-247.8044	-252.9367	5.132248	0.06457245	0.0111809	0.05339155	0.0111809
3180	-280.894	-284.5118	3.61784	0.1015871	0.03068468	0.07090246	0.03068468
3190	-234.7242	-240.3175	5.593326	0.05227519	0.007272659	0.04500254	0.007272659
3200	-215.092	-220.9935	5.901469	0.03070701	0.01669144	0.01401557	0.01669144
3210	-264.0908	-267.9744	3.883608	0.103081	0.04836015	0.05472088	0.04836015
3220	-241.9039	-246.3531	4.449157	0.1003193	0.076138	0.02418134	0.076138
3230	-213.8816	-220.2004	6.318775	0.03113522	0.01139581	0.01973941	0.01139581
3240	-217.1045	-223.3877	6.283159	0.03697153	0.01163885	0.02533269	0.01163885
3250	-245.5254	-250.5553	5.029844	0.07056936	0.02303671	0.04753265	0.02303671
3260	-245.8241	-250.7767	4.952581	0.07324286	0.02677076	0.0464721	0.02677076
3270	-220.686	-226.8119	6.125897	0.04273603	0.01514939	0.02758664	0.01514939
3280	-266.9266	-270.5851	3.658512	0.111231	0.05617931	0.05505173	0.05617931
3290	-215.3175	-220.1369	4.819413	0.01937286	0.01161973	0.007753131	0.01161973
3300	-212.926	-219.2841	6.358089	0.02929756	0.009580016	0.01971754	0.009580016
3310	-257.6401	-262.4145	4.774466	0.06841178	0.006827793	0.06158398	0.006827793
3320	-274.5961	-278.5462	3.950082	0.09303896	0.02503691	0.06800205	0.02503691
3330	-224.2307	-230.0766	5.84595	0.05041494	0.02426534	0.02614959	0.02426534
3340	-219.2473	-225.2505	6.003264	0.04174561	0.0212664	0.02047921	0.0212664
3350	-215.8093	-222.0697	6.260413	0.03380526	0.005837919	0.02796734	0.005837919
3360	-246.6311	-251.6065	4.975464	0.07187428	0.02368459	0.0481897	0.02368459
3370	-215.9477	-221.9169	5.969246	0.03367018	0.01807772	0.01559246	0.01807772
3380	-217.1381	-223.0557	5.917633	0.03646231	0.02036569	0.01609662	0.02036569
3390	-215.307	-221.6216	6.314586	0.03408884	0.01188372	0.02220512	0.01188372
3400	-259.4845	-262.4941	3.009576	0.1839868	0.1612949	0.02269198	0.1612949
3410	-239.4977	-244.3814	4.883677	0.08170292	0.04965736	0.03204555	0.04965736
3420	-251.0359	-256.045	5.009123	0.0642941	0.007357911	0.05693619	0.007357911
3430	-245.7991	-250.2366	4.437413	0.09858368	0.06520898	0.03337469	0.06520898
3440	-278.0757	-282.1943	4.118552	0.0855244	0.01203312	0.07349129	0.01203312
3450	-213.2751	-218.6614	5.38632	0.01661074	0.007254945	0.009355795	0.007254945
3460	-256.9005	-260.0962	3.195715	0.1704519	0.1483033	0.02214861	0.1483033
3470	-299.2287	-299.1054	-0.1232235	0.5226322	0.4906778	0.03195441	0.4906778
3480	-215.3201	-217.2881	1.967992	0.02617403	0.0002367882	0.02593724	0.0002367882
3490	-227.186	-232.8992	5.713266	0.05493444	0.0260977	0.02883674	0.0260977
3500	-280.2983	-284.3207	4.022344	0.08813954	0.01362586	0.07451368	0.01362586
3510	-248.3389	-251.9607	3.621835	0.1344731	0.1170601	0.01741304	0.1170601
3520	-219.2524	-225.3076	6.055213	0.04167117	0.01986284	0.02180833	0.01986284
3530	-263.6304	-267.8943	4.263917	0.08758751	0.02791817	0.05966934	0.02791817
3540	-216.7088	-223.0047	6.295901	0.03635762	0.01143353	0.0249241	0.01143353
3550	-223.6012	-229.0779	5.476708	0.0512263	0.03443406	0.01679224	0.03443406
3560	-231.5281	-236.9297	5.401556	0.06445316	0.03525569	0.02919747	0.03525569
3570	-246.7115	-250.6038	3.892338	0.1245235	0.1047062	0.01981729	0.1047062
3580	-230.6454	-236.2077	5.562336	0.05944343	0.02721836	0.03222507	0.02721836
3590	-225.4059	-231.3452	5.93925	0.04851353	0.01601001	0.03250352	0.01601001
3600	-229.7027	-234.9977	5.294979	0.06532637	0.04326783	0.02205854	0.04326783
3610	-218.4977	-224.5331	6.0354	0.04021189	0.02022619	0.01998569	0.02022619
3620	-217.3479	-223.426	6.0781	0.03780945	0.01866688	0.01914258	0.01866688
3630	-253.1499	-257.0314	3.881545	0.1235691	0.08948472	0.03408436	0.08948472
3640	-223.2728	-228.8677	5.594879	0.05055393	0.03229325	0.01826068	0.03229325
3650	-213.589	-219.9681	6.379117	0.03092668	0.008750927	0.02217576	0.008750927
3660	-228.1593	-233.6414	5.48208	0.06044476	0.03651028	0.02393448	0.03651028
3670	-243.4492	-248.5909	5.141775	0.0677527	0.02124082	0.04651188	0.02124082
3680	-233.3319	-238.4602	5.128312	0.07296573	0.04803635	0.02492938	0.04803635
3690	-213.504	-219.3104	5.806376	0.02937606	0.00234395	0.02703211	0.00234395
3700	-225.066	-230.9766	5.910596	0.04940156	0.01892399	0.03047757	0.01892399
3710	-218.6589	-224.5708	5.911904	0.04026257	0.02249106	0.01777151	0.02249106
3720	-240.494	-245.614	5.120038	0.07050228	0.02963818	0.0408641	0.02963818
3730	-244.8504	-249.3711	4.520704	0.09496321	0.06127652	0.03368669	0.06127652
3740	-282.1065	-284.7893	2.682843	0.1474701	0.0868405	0.06062961	0.0868405
3750	-212.8791	-219.2595	6.380438	0.02945782	0.008639985	0.02081783	0.008639985
3760	-211.4206	-217.4825	6.061852	0.02647794	0.003005625	0.02347231	0.003005625
3770	-235.7152	-241.2186	5.503383	0.05917532	0.01775517	0.04142016	0.01775517
3780	-286.3173	-290.2179	3.900639	0.088489	0.009158244	0.07933076	0.009158244
3790	-212.9823	-219.3062	6.323897	0.02906737	0.01040714	0.01866023	0.01040714
3800	-236.6483	-241.6821	5.033816	0.07679717	0.04695937	0.0298378	0.04695937
3810	-234.719	-239.6376	4.918578	0.07920061	0.0570777	0.0221229	0.0570777
3820	-222.2151	-227.2379	5.022842	0.04524975	0.03374013	0.01150962	0.03374013
3830	-235.564	-240.8644	5.300403	0.06675243	0.03123126	0.03552117	0.03123126
3840	-223.9324	-229.8331	5.900708	0.04919595	0.0219286	0.02726735	0.0219286
3850	-270.6156	-273.1019	2.486252	0.2105634	0.1758609	0.03470257	0.1758609
3860	-262.7793	-265.2113	2.432048	0.2179334	0.2009244	0.017009	0.2009244
3870	-255.7578	-259.1107	3.352923	0.1606099	0.1367854	0.02382453	0.1367854
3880	-241.2027	-246.1415	4.938847	0.0775526	0.03992343	0.03762917	0.03992343
3890	-236.026	-241.2069	5.180905	0.07115163	0.03813948	0.03301215	0.03813948
3900	-241.0497	-245.4546	4.404867	0.1005277	0.07912627	0.02140142	0.07912627
3910	-233.9336	-239.5779	5.644244	0.05239955	0.008553948	0.0438456	0.008553948
3920	-226.37	-232.2328	5.862823	0.05077594	0.01876986	0.03200608	0.01876986
3930	-217.6076	-223.833	6.225395	0.03821551	0.01441085	0.02380466	0.01441085
3940	-219.8235	-225.9854	6.161883	0.0414593	0.01463101	0.02682829	0.01463101
3950	-223.9943	-229.6588	5.664541	0.05195828	0.03126155	0.02069673	0.03126155
3960	-220.2485	-226.1288	5.880315	0.04382997	0.02445524	0.01937473	0.02445524
3970	-220.3581	-225.5636	5.205455	0.04084883	0.02912971	0.01171912	0.02912971
3980	-251.5971	-256.6014	5.004305	0.06551045	0.008566254	0.0569442	0.008566254
3990	-223.2397	-229.2983	6.058626	0.04482973	0.0127945	0.03203523	0.0127945
4000	-243.5314	-248.0943	4.56297	0.09425494	0.06252136	0.03173358	0.06252136
4010	-237.3654	-242.4093	5.043836	0.07603376	0.04411647	0.03191729	0.04411647
4020	-217.3775	-223.6479	6.270442	0.03636586	0.007844887	0.02852097	0.007844887
4030	-230.0998	-235.4937	5.393864	0.06406964	0.03848872	0.02558091	0.03848872
4040	-249.5205	-253.6642	4.143705	0.111606	0.07831463	0.03329135	0.07831463
4050	-216.0431	-222.2369	6.193843	0.0353174	0.01554658	0.01977082	0.01554658
4060	-248.8611	-253.8974	5.03632	0.0682377	0.01555832	0.05267938	0.01555832
4070	-226.6634	-232.3861	5.722673	0.05450296	0.02660392	0.02789905	0.02660392
4080	-230.3258	-235.8103	5.484581	0.06183259	0.0328766	0.02895598	0.0328766
4090	-220.1813	-226.3461	6.164729	0.04159029	0.0135208	0.0280695	0.0135208
4100	-221.0365	-226.8663	5.829868	0.04552265	0.02599091	0.01953175	0.02599091
4110	-217.3453	-223.6038	6.258488	0.03757575	0.01296837	0.02460738	0.01296837
4120	-234.1823	-239.2452	5.062894	0.07533774	0.05043976	0.02489798	0.05043976
4130	-281.1325	-282.317	1.184574	0.3595963	0.336818	0.02277832	0.336818
4140	-231.2642	-236.5051	5.24094	0.06838999	0.04468581	0.02370417	0.04468581
4150	-288.7567	-291.3555	2.598823	0.1419408	0.07416887	0.06777197	0.07416887
4160	-222.7939	-228.6686	5.874701	0.04843741	0.02460631	0.0238311	0.02460631
4170	-216.8637	-222.7714	5.907702	0.03390695	0.003110787	0.03079616	0.003110787
4180	-219.7396	-225.2715	5.531904	0.04109649	0.02716306	0.01393343	0.02716306
4190	-217.3807	-222.7734	5.392633	0.03327037	0.02193027	0.0113401	0.02193027
4200	-244.768	-249.6979	4.929839	0.07487841	0.0306382	0.04424022	0.0306382
4210	-214.9601	-221.3154	6.355274	0.0333025	0.008960281	0.02434222	0.008960281
4220	-250.0731	-255.0676	4.994476	0.06904719	0.01544511	0.05360208	0.01544511
4230	-221.9123	-227.7397	5.82735	0.04730697	0.02641415	0.02089281	0.02641415
4240	-226.5342	-231.9732	5.438999	0.05814883	0.03820515	0.01994368	0.03820515
4250	-210.1574	-216.3075	6.150126	0.02020779	0.005045885	0.01516191	0.005045885
4260	-368.2442	-369.1751	0.9309255	0.1648072	0.04236271	0.1224445	0.04236271
4270	-231.5048	-236.8062	5.301474	0.06727307	0.04128293	0.02599014	0.04128293
4280	-224.4863	-229.5377	5.051457	0.0521386	0.03915326	0.01298534	0.03915326
4290	-244.8779	-249.4702	4.5923	0.0908074	0.05485433	0.03595306	0.05485433
4300	-211.9149	-218.1932	6.278375	0.02583244	0.009229985	0.01660246	0.009229985
4310	-248.4657	-252.5099	4.044239	0.1199875	0.09269875	0.02728875	0.09269875
4320	-224.2749	-228.6372	4.362368	0.04787045	0.03876787	0.009102581	0.03876787
4330	-252.9536	-256.7837	3.830061	0.1282894	0.09643657	0.03185279	0.09643657
4340	-234.8576	-240.0506	5.192932	0.07119816	0.04061662	0.03058154	0.04061662
4350	-215.6386	-221.7665	6.12786	0.03299965	0.004156745	0.02884291	0.004156745
4360	-229.9593	-235.1986	5.239396	0.0664371	0.04522722	0.02120988	0.04522722
4370	-253.6444	-256.9262	3.281874	0.1592745	0.1406171	0.01865745	0.1406171
4380	-233.2124	-238.4983	5.285903	0.06819091	0.03862891	0.029562	0.03862891
4390	-221.5153	-227.6507	6.135427	0.04216761	0.01079226	0.03137535	0.01079226
4400	-222.1964	-228.0663	5.869921	0.04759415	0.02511335	0.02248079	0.02511335
4410	-209.7637	-214.9854	5.221607	0.02052724	0.001285596	0.01924164	0.001285596
4420	-265.8157	-268.4389	2.623209	0.2130252	0.1867506	0.02627458	0.1867506
4430	-232.6181	-238.3199	5.701773	0.05236152	0.01038101	0.04198051	0.01038101
4440	-229.3424	-235.0868	5.744409	0.05385239	0.0187613	0.03509109	0.0187613
4450	-220.9594	-226.9626	6.003131	0.04469999	0.02093806	0.02376192	0.02093806
4460	-213.9855	-220.3533	6.367783	0.03156944	0.007455218	0.02411422	0.007455218
4470	-234.0504	-239.5789	5.528458	0.0592435	0.02048282	0.03876068	0.02048282
4480	-213.3283	-218.8769	5.548615	0.02050403	0.010317	0.01018703	0.010317
4490	-217.7376	-223.299	5.561394	0.03560937	0.02283191	0.01277745	0.02283191
4500	-298.1132	-299.9359	1.82273	0.1799098	0.1110997	0.06881012	0.1110997
4510	-228.4107	-233.5628	5.152133	0.06343477	0.04604159	0.01739318	0.04604159
4520	-244.0939	-248.2105	4.116594	0.1132311	0.09299489	0.02023621	0.09299489
4530	-236.117	-241.2656	5.148521	0.07240417	0.04019793	0.03220624	0.04019793
4540	-282.5466	-283.593	1.046373	0.3768324	0.3543471	0.02248527	0.3543471
4550	-285.6589	-289.5351	3.876118	0.08556841	0.005942438	0.07962597	0.005942438
4560	-216.7577	-223.0252	6.267486	0.0366819	0.01316775	0.02351415	0.01316775
4570	-215.3946	-220.8242	5.429686	0.02721369	0.01668371	0.01052999	0.01668371
4580	-217.541	-223.7386	6.197643	0.03825053	0.01560703	0.0226435	0.01560703
4590	-224.1403	-229.4622	5.32194	0.0522365	0.03691011	0.01532639	0.03691011
4600	-283.91	-287.5896	3.679542	0.08234106	0.003331296	0.07900977	0.003331296
4610	-231.1301	-236.2111	5.080963	0.07027815	0.05055656	0.01972158	0.05055656
4620	-216.4794	-222.6824	6.203068	0.03626796	0.01551562	0.02075234	0.01551562
4630	-258.1857	-262.7601	4.574422	0.07956496	0.0221765	0.05738845	0.0221765
4640	-221.4241	-227.3617	5.937604	0.04590584	0.0230903	0.02281554	0.0230903
4650	-261.8705	-265.3369	3.466313	0.1345539	0.09211326	0.04244062	0.09211326
4660	-250.4152	-254.9017	4.486558	0.08912063	0.04456822	0.04455241	0.04456822
4670	-235.0792	-240.1069	5.027642	0.0769291	0.05105003	0.02587907	0.05105003
4680	-215.816	-221.8136	5.997632	0.03353512	0.01768483	0.01585028	0.01768483
4690	-307.1844	-307.0751	-0.1092579	0.4185282	0.3681946	0.05033358	0.3681946
4700	-219.0759	-225.2958	6.219972	0.0386431	0.008652341	0.02999076	0.008652341
4710	-226.5326	-232.4722	5.939667	0.04697668	0.01030862	0.03666806	0.01030862
4720	-237.1335	-242.6605	5.527067	0.05524694	0.009070176	0.04617677	0.009070176
4730	-249.4865	-254.4944	5.007944	0.06208828	0.005721823	0.05636646	0.005721823
4740	-228.058	-233.7684	5.710346	0.04533552	0.004677744	0.04065778	0.004677744
4750	-233.8401	-238.138	4.297917	0.07918683	0.06642558	0.01276125	0.06642558
4760	-209.659	-215.637	5.977999	0.02177361	0.002705891	0.01906772	0.002705891
4770	-222.8523	-228.1527	5.3004	0.04857479	0.03452736	0.01404743	0.03452736
4780	-263.9659	-267.2924	3.326504	0.140677	0.09744082	0.0432362	0.09744082
4790	-342.8721	-343.7421	0.8700852	0.1810564	0.07825934	0.102797	0.07825934
4800	-253.404	-256.915	3.510996	0.1502712	0.1272214	0.02304981	0.1272214
4810	-219.4391	-224.8565	5.417407	0.03952746	0.02680953	0.01271793	0.02680953
4820	-214.954	-220.4247	5.470622	0.02609342	0.01554917	0.01054424	0.01554917
4830	-218.5615	-224.7046	6.143065	0.04015407	0.01713651	0.02301756	0.01713651
4840	-245.1491	-250.3207	5.171554	0.05923107	0.00599	0.05324107	0.00599
4850	-218.5621	-224.2362	5.674085	0.03871775	0.0242735	0.01444424	0.0242735
4860	-236.0294	-241.563	5.533538	0.05304544	0.006861247	0.04618419	0.006861247
4870	-243.7836	-248.4375	4.653911	0.0888735	0.05365281	0.03522069	0.05365281
4880	-220.2577	-225.9179	5.660182	0.04319218	0.02737724	0.01581494	0.02737724
4890	-213.186	-219.5655	6.379485	0.03018302	0.007193792	0.02298923	0.007193792
4900	-219.7135	-225.7008	5.987331	0.04268282	0.02178522	0.0208976	0.02178522
4910	-218.9035	-222.2029	3.299452	0.0143219	0.009316836	0.005005062	0.009316836
4920	-225.3661	-231.065	5.698902	0.05384126	0.02965555	0.02418572	0.02965555
4930	-211.6352	-217.8201	6.184914	0.02374922	0.008861384	0.01488783	0.008861384
4940	-216.9927	-222.8355	5.842773	0.03556413	0.02058114	0.014983	0.02058114
4950	-326.2851	-329.0894	2.80433	0.1124784	0.009348078	0.1031304	0.009348078
4960	-220.3794	-225.7149	5.335572	0.04171978	0.02905401	0.01266576	0.02905401
4970	-211.7035	-218.0108	6.307326	0.02732725	0.00481145	0.0225158	0.00481145
4980	-225.1058	-230.933	5.827212	0.05139652	0.02378607	0.02761045	0.02378607
4990	-222.2307	-228.3368	6.106192	0.04237583	0.009456192	0.03291964	0.009456192
5000	-228.0912	-233.9596	5.8684	0.04744876	0.008470287	0.03897847	0.008470287
5010	-268.7594	-272.7361	3.97667	0.09515891	0.0332066	0.0619523	0.0332066
5020	-251.6535	-254.161	2.507495	0.153866	0.1434605	0.01040543	0.1434605
5030	-257.7902	-260.7368	2.946554	0.18267	0.164062	0.01860802	0.164062
5040	-217.6195	-222.3341	4.714625	0.028734	0.02046564	0.008268359	0.02046564
5050	-253.0667	-256.9591	3.892341	0.1229113	0.08870546	0.03420579	0.08870546
5060	-236.5804	-241.6137	5.033276	0.07684108	0.04718794	0.02965314	0.04718794
5070	-273.1928	-277.4374	4.244615	0.08356504	0.01360564	0.06995939	0.01360564
5080	-227.2126	-232.4201	5.207476	0.06029137	0.0434176	0.01687377	0.0434176
5090	-237.6734	-242.4704	4.797033	0.08559449	0.06070787	0.02488662	0.06070787
5100	-222.5631	-228.5428	5.979729	0.04676426	0.02006645	0.02669782	0.02006645
5110	-218.895	-225.123	6.227943	0.03936925	0.01156591	0.02780334	0.01156591
5120	-271.7143	-275.7812	4.066918	0.09038052	0.02408665	0.06629386	0.02408665
5130	-243.0648	-248.2129	5.148152	0.06776076	0.02175504	0.04600571	0.02175504
5140	-253.5596	-258.4314	4.871794	0.06491842	0.005772791	0.05914563	0.005772791
5150	-226.525	-232.4511	5.926037	0.04835902	0.01318815	0.03517087	0.01318815
5160	-260.1253	-264.1662	4.040856	0.09981206	0.04816291	0.05164915	0.04816291
5170	-232.1432	-236.478	4.334855	0.07347018	0.06137374	0.01209644	0.06137374
5180	-246.6431	-251.0618	4.418738	0.09840997	0.06354337	0.03486661	0.06354337
5190	-259.5012	-262.1965	2.695216	0.1961231	0.179197	0.01692607	0.179197
5200	-253.0411	-256.7307	3.68964	0.1391919	0.1117776	0.02741428	0.1117776
5210	-260.1696	-263.1603	2.990705	0.1856544	0.1620389	0.02361552	0.1620389
5220	-233.7506	-239.2406	5.490043	0.06077049	0.02373575	0.03703474	0.02373575
5230	-258.1294	-262.1198	3.99044	0.1052178	0.05772863	0.04748912	0.05772863
5240	-232.2922	-237.2411	4.948867	0.07393857	0.05503767	0.0189009	0.05503767
5250	-226.9075	-232.5633	5.655788	0.05608642	0.02975901	0.02632741	0.02975901
5260	-225.6356	-231.6072	5.971626	0.04680756	0.01175032	0.03505725	0.01175032
5270	-235.7282	-240.8791	5.150972	0.07249293	0.04114794	0.03134498	0.04114794
5280	-217.913	-223.0129	5.099907	0.03270114	0.0227409	0.009960234	0.0227409
5290	-212.6102	-217.843	5.232737	0.02710091	0.001328482	0.02577243	0.001328482
5300	-214.7072	-220.2232	5.515975	0.02569144	0.01500467	0.01068677	0.01500467
5310	-217.5382	-223.6819	6.143692	0.03555483	0.005011528	0.0305433	0.005011528
5320	-258.4805	-261.9232	3.442728	0.1478653	0.1142699	0.03359541	0.1142699
5330	-233.9801	-238.8263	4.846221	0.07873966	0.05937632	0.01936333	0.05937632
5340	-250.6353	-253.8872	3.251965	0.1476537	0.1325813	0.01507236	0.1325813
5350	-226.7073	-232.447	5.739689	0.05412168	0.02556603	0.02855564	0.02556603
5360	-230.5768	-235.8866	5.30979	0.06627742	0.04209934	0.02417807	0.04209934
5370	-294.7421	-298.2884	3.546303	0.09877162	0.01569719	0.08307443	0.01569719
5380	-214.2359	-220.6064	6.370523	0.03207621	0.008483471	0.02359274	0.008483471
5390	-264.5081	-266.6206	2.112479	0.2340017	0.2190622	0.01493957	0.2190622
5400	-240.1146	-244.9999	4.885316	0.08109767	0.04751702	0.03358066	0.04751702
5410	-229.0982	-234.9325	5.834264	0.04860034	0.008984748	0.03961559	0.008984748
5420	-235.756	-240.5168	4.760788	0.0836448	0.06330252	0.02034229	0.06330252
5430	-226.6095	-232.2121	5.602639	0.05671952	0.03264403	0.02407548	0.03264403
5440	-360.912	-360.3453	-0.5666321	0.257949	0.1513603	0.1065887	0.1513603
5450	-221.6806	-227.4409	5.760275	0.04694297	0.02784034	0.01910263	0.02784034
5460	-281.5453	-283.3667	1.82145	0.2453108	0.2030477	0.04226309	0.2030477
5470	-237.3654	-242.3155	4.95017	0.07995318	0.05105023	0.02890295	0.05105023
5480	-269.5948	-272.4024	2.807624	0.1733633	0.1315996	0.04176371	0.1315996
5490	-233.5123	-239.1641	5.651751	0.05457146	0.01298056	0.0415909	0.01298056
5500	-239.8754	-245.0248	5.149453	0.05382298	0.003662399	0.05016058	0.003662399
5510	-228.1599	-233.8396	5.67966	0.05603022	0.02594689	0.03008333	0.02594689
5520	-212.7743	-218.4233	5.649035	0.01957432	0.009006452	0.01056786	0.009006452
5530	-239.2094	-244.4782	5.268756	0.06571387	0.02368221	0.04203166	0.02368221
5540	-220.108	-226.065	5.957008	0.04349898	0.02264947	0.02084951	0.02264947
5550	-230.0979	-235.1231	5.025185	0.06806468	0.05065225	0.01741243	0.05065225
5560	-242.4335	-245.9507	3.517222	0.1106509	0.09868556	0.01196532	0.09868556
5570	-225.0751	-230.5711	5.496003	0.05478053	0.03586393	0.0189166	0.03586393
5580	-222.0615	-228.0533	5.991794	0.04612968	0.02023297	0.02589671	0.02023297
5590	-218.8142	-225.0272	6.212985	0.03796231	0.007581901	0.0303804	0.007581901
5600	-250.4001	-254.6811	4.281003	0.1005864	0.06109103	0.03949534	0.06109103
5610	-256.805	-260.6088	3.803723	0.120486	0.08000962	0.04047637	0.08000962
5620	-216.4608	-222.7193	6.258541	0.03622748	0.01375257	0.02247491	0.01375257
5630	-221.052	-225.9496	4.897521	0.0410034	0.03072487	0.01027852	0.03072487
5640	-215.4006	-221.1039	5.703293	0.02981524	0.01741685	0.01239839	0.01741685
5650	-211.222	-217.288	6.066028	0.02076179	0.007349137	0.01341265	0.007349137
5660	-237.5217	-242.3025	4.780768	0.08595833	0.06187316	0.02408517	0.06187316
5670	-241.2087	-246.1866	4.9779	0.05430524	0.003018753	0.05128648	0.003018753
5680	-236.5843	-241.9992	5.414891	0.0619276	0.02117851	0.04074908	0.02117851
5690	-211.2477	-217.1923	5.944633	0.01888046	0.006446432	0.01243402	0.006446432
5700	-240.1677	-243.2594	3.091667	0.0995027	0.09044635	0.009056349	0.09044635
5710	-212.788	-218.4926	5.704593	0.02060189	0.009680022	0.01092187	0.009680022
5720	-223.7798	-228.6989	4.919086	0.0493616	0.03771747	0.01164412	0.03771747
5730	-245.1783	-250.4113	5.233009	0.06145256	0.009324279	0.05212828	0.009324279
5740	-250.7839	-255.702	4.918188	0.06246332	0.004994169	0.05746915	0.004994169
5750	-252.6654	-257.1457	4.480349	0.08703844	0.03884206	0.04819638	0.03884206
5760	-245.3266	-250.527	5.200387	0.06408705	0.01323441	0.05085264	0.01323441
5770	-220.9544	-227.1025	6.148046	0.04067648	0.008568838	0.03210764	0.008568838
5780	-229.6068	-234.9899	5.383126	0.06382015	0.03962916	0.02419099	0.03962916
5790	-229.7519	-235.5541	5.802205	0.04881483	0.0083363	0.04047853	0.0083363
5800	-232.4526	-237.9455	5.492866	0.06124296	0.02698706	0.03425589	0.02698706
5810	-238.8698	-243.2759	4.406133	0.09540742	0.07721789	0.01818953	0.07721789
5820	-223.2766	-229.3259	6.049229	0.04276895	0.007975703	0.03479324	0.007975703
5830	-213.6228	-219.8398	6.216951	0.02960738	0.01260632	0.01700106	0.01260632
5840	-267.477	-270.4194	2.942402	0.1669608	0.1263003	0.04066049	0.1263003
5850	-300.0209	-302.2075	2.18659	0.1514466	0.07608299	0.07536359	0.07608299
5860	-240.0945	-244.6729	4.578395	0.09443891	0.07052009	0.02391882	0.07052009
5870	-235.8369	-241.3534	5.516493	0.05857668	0.01653791	0.04203877	0.01653791
5880	-226.2593	-232.1671	5.907768	0.04932952	0.01584419	0.03348533	0.01584419
5890	-216.1534	-222.476	6.322514	0.03526895	0.009970066	0.02529888	0.009970066
5900	-308.0279	-311.1559	3.128043	0.1081997	0.01736158	0.09083808	0.01736158
5910	-223.6644	-229.5047	5.840308	0.04992979	0.02524421	0.02468558	0.02524421
5920	-212.4571	-218.0029	5.545793	0.02736778	0.001731866	0.02563591	0.001731866
5930	-236.4451	-241.2705	4.825413	0.08361036	0.06053092	0.02307944	0.06053092
5940	-243.2844	-247.9204	4.635966	0.055045	0.002164773	0.05288023	0.002164773
5950	-273.0981	-276.6273	3.529162	0.1107162	0.04946605	0.0612501	0.04946605
5960	-229.5962	-235.4029	5.806673	0.04861969	0.008221489	0.0403982	0.008221489
5970	-229.8403	-234.0536	4.21333	0.06517096	0.05479016	0.0103808	0.05479016
5980	-227.4098	-233.264	5.854224	0.05078487	0.01645225	0.03433262	0.01645225
5990	-212.572	-218.1245	5.552482	0.01645184	0.00634378	0.01010806	0.00634378
6000	-224.2733	-230.2981	6.024775	0.04429405	0.009188728	0.03510532	0.009188728
6010	-292.8556	-293.5743	0.7187618	0.3694273	0.3302265	0.03920082	0.3302265
6020	-215.5854	-221.7997	6.214338	0.03437997	0.01483376	0.01954621	0.01483376
6030	-212.6446	-218.1769	5.532322	0.02763681	0.001719535	0.02591727	0.001719535
6040	-223.3963	-229.3386	5.942287	0.04160811	0.005328146	0.03627997	0.005328146
6050	-235.3853	-240.6767	5.291453	0.06718963	0.03231598	0.03487365	0.03231598
6060	-245.5878	-250.7614	5.173626	0.06507998	0.01446118	0.0506188	0.01446118
6070	-217.9109	-224.1159	6.20499	0.03879705	0.015071	0.02372605	0.015071
6080	-261.9101	-265.329	3.418875	0.138681	0.09743118	0.04124986	0.09743118
6090	-229.192	-234.9115	5.719567	0.05473432	0.02084996	0.03388436	0.02084996
6100	-255.9629	-260.5257	4.56289	0.08122727	0.02686683	0.05436044	0.02686683
6110	-212.8184	-219.185	6.366594	0.02948989	0.006329882	0.02316001	0.006329882
6120	-269.7574	-271.141	1.383626	0.2800791	0.2675355	0.01254363	0.2675355
6130	-228.336	-232.2655	3.929423	0.058776	0.0500522	0.008723799	0.0500522
6140	-212.582	-218.9628	6.380798	0.02882111	0.008375962	0.02044514	0.008375962
6150	-221.4793	-225.4856	4.006274	0.03695607	0.02971249	0.007243576	0.02971249
6160	-215.6986	-221.4429	5.744212	0.03214	0.002386257	0.02975374	0.002386257
6170	-219.6963	-225.8677	6.171353	0.04118668	0.01426449	0.02692219	0.01426449
6180	-224.0943	-229.8776	5.783278	0.05116908	0.02724567	0.02392341	0.02724567
6190	-287.3158	-288.5429	1.227127	0.310231	0.2705508	0.03968014	0.2705508
6200	-223.178	-228.7391	5.561144	0.05029497	0.03271762	0.01757734	0.03271762
6210	-265.8057	-268.7937	2.987915	0.16891	0.1309211	0.03798891	0.1309211
6220	-221.0044	-226.2909	5.286528	0.04322866	0.03055673	0.01267194	0.03055673
6230	-262.994	-266.6339	3.639939	0.1186306	0.07004156	0.048589	0.07004156
6240	-245.2558	-249.3251	4.069232	0.1168397	0.09569318	0.02114655	0.09569318
6250	-288.2625	-291.167	2.904515	0.1259819	0.05511099	0.07087093	0.05511099
6260	-229.7879	-234.7331	4.945202	0.067308	0.05131439	0.01599361	0.05131439
6270	-231.6623	-235.9231	4.260775	0.07155866	0.06016094	0.01139772	0.06016094
6280	-221.8081	-226.6509	4.842805	0.04296968	0.03265224	0.01031744	0.03265224
6290	-290.2805	-291.3224	1.041841	0.3220793	0.2803623	0.04171703	0.2803623
6300	-261.7037	-265.2309	3.527232	0.1299092	0.08628075	0.04362842	0.08628075
6310	-229.3743	-234.8672	5.492904	0.06127926	0.03432459	0.02695467	0.03432459
6320	-239.6113	-245.026	5.414726	0.059657	0.01315918	0.04649782	0.01315918
6330	-222.8202	-227.9403	5.120079	0.04757698	0.03507487	0.01250211	0.03507487
6340	-235.6782	-240.7522	5.073977	0.07546888	0.04671847	0.02875042	0.04671847
6350	-214.6451	-221.0026	6.357479	0.03285312	0.00979112	0.023062	0.00979112
6360	-246.5526	-251.2264	4.673848	0.08442746	0.04274948	0.04167798	0.04274948
6370	-217.3758	-222.8491	5.473326	0.03388748	0.02200492	0.01188256	0.02200492
6380	-231.0728	-236.2055	5.132698	0.06967517	0.04897498	0.02070018	0.04897498
6390	-254.4203	-258.9805	4.560137	0.08232662	0.03010783	0.05221879	0.03010783
6400	-258.3871	-261.793	3.40591	0.1518422	0.1197248	0.03211737	0.1197248
6410	-285.6364	-287.9943	2.357989	0.1647666	0.1043661	0.06040047	0.1043661
6420	-231.0796	-236.5578	5.478197	0.06206213	0.03149465	0.03056748	0.03149465
6430	-233.3697	-238.7231	5.353383	0.06580548	0.03372753	0.03207795	0.03372753
6440	-229.7536	-234.7329	4.979296	0.06720236	0.05080549	0.01639687	0.05080549
6450	-216.975	-223.0773	6.102291	0.03704512	0.01794646	0.01909867	0.01794646
6460	-239.1628	-243.7404	4.577523	0.09330751	0.07125271	0.02205479	0.07125271
6470	-230.1294	-235.4346	5.305196	0.06581222	0.04267702	0.0231352	0.04267702
6480	-219.6222	-225.7651	6.142877	0.04157516	0.01610301	0.02547215	0.01610301
6490	-210.4548	-216.3343	5.879595	0.02417485	0.002335298	0.02183956	0.002335298
6500	-283.6501	-285.9329	2.282796	0.1768699	0.1206419	0.05622798	0.1206419
6510	-224.2663	-229.3122	5.045935	0.05145451	0.03865046	0.01280405	0.03865046
6520	-241.7648	-247.0968	5.331977	0.05757106	0.007183729	0.05038733	0.007183729
6530	-237.4633	-242.3032	4.839818	0.08408078	0.05841246	0.02566832	0.05841246
6540	-249.7924	-254.0082	4.215768	0.1059895	0.06973642	0.03625304	0.06973642
6550	-223.2079	-228.9237	5.715803	0.05021158	0.02967687	0.02053471	0.02967687
6560	-253.8319	-257.4817	3.64979	0.1410867	0.1129386	0.02814807	0.1129386
6570	-212.1759	-218.2964	6.120482	0.02441651	0.01010247	0.01431404	0.01010247
6580	-218.0334	-224.211	6.177552	0.03641472	0.005793058	0.03062166	0.005793058
6590	-238.5258	-243.9401	5.414313	0.06068889	0.01629745	0.04439144	0.01629745
6600	-268.022	-272.2726	4.250648	0.08585522	0.02136624	0.06448898	0.02136624
6610	-218.0393	-224.3024	6.26313	0.03771952	0.009620195	0.02809933	0.009620195
6620	-243.942	-248.8937	4.951731	0.07463466	0.03136196	0.0432727	0.03136196
6630	-231.1601	-236.5241	5.364041	0.06545088	0.03834028	0.0271106	0.03834028
6640	-224.526	-230.5449	6.018867	0.04502926	0.01025031	0.03477895	0.01025031
6650	-225.8775	-231.6628	5.785302	0.05270908	0.02463949	0.0280696	0.02463949
6660	-229.8078	-233.9386	4.130785	0.06468249	0.05470104	0.009981446	0.05470104
6670	-293.1565	-296.845	3.688469	0.09385251	0.01064391	0.0832086	0.01064391
6680	-228.4709	-234.1835	5.712628	0.05508412	0.02315271	0.03193142	0.02315271
6690	-313.7654	-313.5471	-0.218265	0.3848697	0.3254377	0.05943201	0.3254377
6700	-255.5889	-259.6764	4.087505	0.1035695	0.05851186	0.04505764	0.05851186
6710	-231.5053	-236.3711	4.865762	0.0722233	0.05555919	0.01666411	0.05555919
6720	-248.1466	-253.2456	5.099045	0.0619754	0.006913074	0.05506233	0.006913074
6730	-227.3228	-233.2313	5.908438	0.04792767	0.01076227	0.0371654	0.01076227
6740	-227.0617	-232.5856	5.523913	0.04352924	0.003140436	0.0403888	0.003140436
6750	-217.7733	-223.4011	5.62776	0.03619493	0.0228184	0.01337654	0.0228184
6760	-224.1159	-230.1124	5.99642	0.043155	0.007099722	0.03605528	0.007099722
6770	-294.2813	-296.6122	2.330965	0.1504748	0.07968878	0.07078602	0.07968878
6780	-213.8081	-220.0943	6.286234	0.03091199	0.005185681	0.02572631	0.005185681
6790	-237.6172	-242.7931	5.175884	0.07033656	0.03387261	0.03646395	0.03387261
6800	-252.0728	-256.6918	4.619013	0.08171744	0.03187445	0.04984299	0.03187445
6810	-235.679	-241.1995	5.520481	0.058532	0.01669403	0.04183796	0.01669403
6820	-238.7247	-244.0684	5.343644	0.06325679	0.02030381	0.04295297	0.02030381
6830	-213.0249	-219.4005	6.375574	0.02988129	0.006820646	0.02306064	0.006820646
6840	-230.3956	-235.6742	5.27863	0.06660619	0.04364258	0.02296361	0.04364258
6850	-236.4872	-242.04	5.552778	0.05566898	0.01064203	0.04502694	0.01064203
6860	-217.1078	-223.0925	5.984731	0.03441585	0.003549478	0.03086637	0.003549478
6870	-225.2144	-231.1849	5.970465	0.04452461	0.007812088	0.03671252	0.007812088
6880	-224.9547	-230.8606	5.905892	0.04322052	0.005705803	0.03751472	0.005705803
6890	-239.4404	-244.836	5.395666	0.05539903	0.00648262	0.04891641	0.00648262
6900	-282.4447	-284.9068	2.462078	0.1640245	0.1064946	0.05752986	0.1064946
6910	-231.5054	-237.2239	5.718559	0.05347454	0.01414508	0.03932946	0.01414508
6920	-241.4386	-246.6983	5.259736	0.06466433	0.0189256	0.04573873	0.0189256
6930	-250.6902	-254.386	3.695733	0.1386435	0.1163292	0.02231426	0.1163292
6940	-211.8547	-218.0967	6.241909	0.02754757	0.004143901	0.02340367	0.004143901
6950	-230.0897	-235.7275	5.637822	0.05713985	0.02379686	0.03334299	0.02379686
6960	-225.7274	-230.5869	4.859525	0.05495731	0.04268452	0.01227279	0.04268452
6970	-240.654	-245.2879	4.633852	0.09260587	0.06576358	0.02684229	0.06576358
6980	-263.532	-267.1407	3.608697	0.1196634	0.07077988	0.04888354	0.07077988
6990	-222.7518	-228.412	5.660207	0.03969254	0.003015334	0.03667721	0.003015334
7000	-218.5713	-224.1691	5.597812	0.03825377	0.02456725	0.01368652	0.02456725
7010	-213.9979	-219.6054	5.607497	0.02412399	0.01324306	0.01088093	0.01324306
7020	-259.1924	-263.143	3.950642	0.1058959	0.05743161	0.04846426	0.05743161
7030	-213.3661	-219.7098	6.343705	0.03016943	0.01037059	0.01979884	0.01037059
7040	-216.8429	-222.0893	5.246353	0.03041797	0.02019261	0.01022536	0.02019261
7050	-228.2318	-234.0375	5.805633	0.04637741	0.006235758	0.04014165	0.006235758
7060	-216.334	-222.6385	6.304525	0.03579432	0.01147898	0.02431534	0.01147898
7070	-222.4697	-228.1189	5.649148	0.04869682	0.03054409	0.01815273	0.03054409
7080	-218.4525	-224.6096	6.157153	0.03991359	0.01665837	0.02325522	0.01665837
7090	-223.6906	-228.9445	5.253884	0.05073261	0.03650407	0.01422854	0.03650407
7100	-222.6339	-228.3762	5.742352	0.04898115	0.02879916	0.02018199	0.02879916
7110	-237.5189	-242.4947	4.975831	0.07883845	0.04872598	0.03011247	0.04872598
7120	-269.8103	-273.0821	3.27181	0.1303141	0.07770053	0.05261359	0.07770053
7130	-259.896	-262.9783	3.082321	0.1788015	0.1532446	0.02555688	0.1532446
7140	-212.266	-218.1058	5.839807	0.02064109	0.008966696	0.0116744	0.008966696
7150	-218.575	-224.6636	6.088616	0.04035468	0.01891454	0.02144015	0.01891454
7160	-325.4472	-323.5426	-1.90461	0.7258457	0.67648	0.04936567	0.67648
7170	-294.3298	-296.628	2.298194	0.152474	0.08203183	0.07044217	0.08203183
7180	-235.2742	-240.7367	5.4625	0.0609486	0.02151488	0.03943372	0.02151488
7190	-251.6752	-255.6829	4.00766	0.1171122	0.08273422	0.03437797	0.08273422
7200	-244.629	-249.1705	4.541509	0.09406663	0.06028191	0.03378472	0.06028191
7210	-258.0389	-262.7655	4.726623	0.06796746	0.005845761	0.0621217	0.005845761
7220	-225.0207	-231.0198	5.999116	0.04577873	0.01082813	0.0349506	0.01082813
7230	-298.3337	-300.9043	2.570628	0.1329687	0.0553064	0.07766233	0.0553064
7240	-240.6995	-245.666	4.966586	0.076774	0.03947683	0.03729717	0.03947683
7250	-226.276	-232.2088	5.932779	0.04560009	0.008022943	0.03757714	0.008022943
7260	-233.1281	-238.4228	5.294747	0.06789874	0.03827021	0.02962854	0.03827021
7270	-215.5121	-221.4114	5.899235	0.03222607	0.002868234	0.02935784	0.002868234
7280	-218.4887	-224.6243	6.135624	0.04007018	0.01744114	0.02262904	0.01744114
7290	-232.9362	-238.4786	5.542424	0.05931393	0.02250547	0.03680847	0.02250547
7300	-225.7925	-230.4393	4.646772	0.04072706	0.001233244	0.03949381	0.001233244
7310	-244.8526	-249.3184	4.465833	0.09821605	0.06630788	0.03190817	0.06630788
7320	-218.6662	-224.9078	6.241622	0.03862094	0.01004022	0.02858072	0.01004022
7330	-235.8637	-240.6024	4.738733	0.08417179	0.06411307	0.02005872	0.06411307
7340	-234.575	-239.0543	4.479328	0.08189845	0.06704055	0.0148579	0.06704055
7350	-214.005	-219.4853	5.480282	0.02254693	0.01242992	0.01011701	0.01242992
7360	-249.3612	-254.4447	5.083475	0.06488955	0.009965259	0.05492429	0.009965259
7370	-243.2495	-248.3525	5.103045	0.06929753	0.02392867	0.04536887	0.02392867
7380	-231.0653	-236.7655	5.70019	0.05459304	0.01699046	0.03760258	0.01699046
7390	-215.4613	-220.2369	4.775644	0.01263643	0.004994818	0.007641609	0.004994818
7400	-237.7578	-243.0685	5.310742	0.06505209	0.02471902	0.04033307	0.02471902
7410	-221.4135	-227.1438	5.730277	0.04630372	0.0281258	0.01817792	0.0281258
7420	-266.6533	-270.8594	4.20606	0.08802385	0.02559916	0.06242469	0.02559916
7430	-221.6648	-227.7224	6.057621	0.04036416	0.006171401	0.03419276	0.006171401
7440	-215.5447	-221.6348	6.090154	0.03351765	0.01654349	0.01697416	0.01654349
7450	-275.3364	-278.7689	3.432494	0.113088	0.05040286	0.06268512	0.05040286
7460	-227.0637	-232.2884	5.224715	0.05990146	0.04294342	0.01695804	0.04294342
7470	-231.515	-236.924	5.409019	0.06422168	0.03481596	0.02940571	0.03481596
7480	-213.3601	-219.446	6.085828	0.0275074	0.01277067	0.01473673	0.01277067
7490	-218.0188	-224.2461	6.227254	0.03874269	0.01382316	0.02491954	0.01382316
7500	-210.8616	-217.1956	6.333996	0.02522728	0.005369847	0.01985743	0.005369847
7510	-216.9023	-222.5924	5.690118	0.03416582	0.02085039	0.01331543	0.02085039
7520	-249.7976	-253.7912	3.993561	0.1218457	0.09282625	0.02901944	0.09282625
7530	-226.1064	-232.0297	5.923309	0.04506135	0.007263749	0.0377976	0.007263749
7540	-213.8905	-219.9523	6.061739	0.02878353	0.01390499	0.01487854	0.01390499
7550	-292.4138	-293.6117	1.197827	0.2759182	0.2260529	0.04986533	0.2260529
7560	-247.7454	-252.7538	5.008404	0.07000854	0.01952251	0.05048603	0.01952251
7570	-260.7342	-265.3004	4.566214	0.0785466	0.01819808	0.06034851	0.01819808
7580	-225.2834	-231.2585	5.975159	0.04481667	0.008265788	0.03655088	0.008265788
7590	-234.9673	-240.276	5.30873	0.06676135	0.03233391	0.03442744	0.03233391
7600	-267.2071	-269.7001	2.492983	0.2240847	0.1982578	0.02582692	0.1982578
7610	-258.7504	-263.4189	4.668498	0.07595826	0.01649064	0.05946762	0.01649064
7620	-216.8119	-222.9786	6.166652	0.03687835	0.01652689	0.02035146	0.01652689
7630	-247.3278	-251.4564	4.128631	0.1157625	0.08862059	0.02714186	0.08862059
7640	-233.1765	-238.2541	5.077548	0.07394554	0.05075258	0.02319296	0.05075258
7650	-233.8327	-239.1383	5.305631	0.0673693	0.03569115	0.03167815	0.03569115
7660	-223.8288	-228.4311	4.602347	0.04779143	0.03783449	0.009956943	0.03783449
7670	-252.9284	-257.3278	4.399434	0.09049819	0.04346076	0.04703743	0.04346076
7680	-216.1925	-221.8503	5.657747	0.03181887	0.01927214	0.01254673	0.01927214
7690	-230.5163	-236.1843	5.667958	0.04774234	0.005312233	0.04243011	0.005312233
7700	-215.8616	-221.7596	5.898057	0.03286758	0.01824373	0.01462385	0.01824373
7710	-210.6816	-216.9963	6.3147	0.02481388	0.005024509	0.01978937	0.005024509
7720	-235.6444	-240.7953	5.150975	0.0725281	0.04138649	0.03114161	0.04138649
7730	-235.6386	-240.4364	4.797757	0.08286322	0.0619218	0.02094142	0.0619218
7740	-212.2376	-218.502	6.264399	0.02648002	0.009923241	0.01655678	0.009923241
7750	-236.3468	-241.4342	5.087471	0.07475466	0.04393041	0.03082424	0.04393041
7760	-217.3356	-222.1749	4.83925	0.02874475	0.02012466	0.008620084	0.02012466
7770	-224.9927	-230.992	5.999363	0.04591191	0.01117569	0.03473622	0.01117569
7780	-267.4955	-270.137	2.641418	0.2050546	0.1737408	0.03131383	0.1737408
7790	-233.2294	-238.7323	5.502878	0.06056325	0.02426585	0.0362974	0.02426585
7800	-214.2523	-219.8772	5.624932	0.02525475	0.0141205	0.01113425	0.0141205
7810	-238.0367	-243.3488	5.312119	0.06483235	0.02393081	0.04090154	0.02393081
7820	-211.6397	-217.8307	6.191052	0.02385109	0.008873997	0.01497709	0.008873997
7830	-234.3852	-239.9266	5.541422	0.05857746	0.01875634	0.03982112	0.01875634
7840	-235.5637	-240.7896	5.225911	0.06962721	0.0363302	0.03329701	0.0363302
7850	-251.0303	-254.7829	3.752566	0.1361833	0.1116667	0.02451663	0.1116667
7860	-255.6622	-258.7508	3.088614	0.1711088	0.1529763	0.0181326	0.1529763
7870	-211.4353	-217.7785	6.343207	0.02673045	0.005378087	0.02135237	0.005378087
7880	-218.9166	-225.1209	6.204368	0.03997914	0.01366612	0.02631303	0.01366612
7890	-211.2873	-217.4928	6.205487	0.02640613	0.003783466	0.02262266	0.003783466
7900	-252.9607	-257.6606	4.69998	0.07804602	0.0255483	0.05249772	0.0255483
7910	-229.1564	-234.9313	5.774845	0.04721257	0.006341218	0.04087135	0.006341218
7920	-226.9642	-232.4448	5.480537	0.05868275	0.03710977	0.02157298	0.03710977
7930	-224.6884	-230.3882	5.699812	0.05290671	0.03008493	0.02282178	0.03008493
7940	-225.6262	-231.4284	5.802195	0.05221152	0.02418346	0.02802805	0.02418346
7950	-218.0726	-224.273	6.200388	0.03906256	0.01513273	0.02392983	0.01513273
7960	-276.3174	-279.4502	3.132798	0.127952	0.06826501	0.05968704	0.06826501
7970	-211.3565	-217.5423	6.185874	0.02652261	0.00365605	0.02286656	0.00365605
7980	-245.3575	-250.5211	5.1636	0.05936989	0.005976155	0.05339373	0.005976155
7990	-277.0978	-279.911	2.813248	0.1484357	0.09283657	0.0555991	0.09283657
8000	-217.0263	-223.2204	6.194096	0.03733228	0.01583577	0.02149651	0.01583577
8010	-212.8942	-218.7783	5.884047	0.02361185	0.011294	0.01231785	0.011294
8020	-270.845	-274.6097	3.764624	0.1021665	0.04048463	0.06168187	0.04048463
8030	-223.9847	-229.9386	5.953918	0.04806578	0.01874586	0.02931992	0.01874586
8040	-237.2676	-242.6835	5.415946	0.05301122	0.005300785	0.04771043	0.005300785
8050	-251.3164	-254.0112	2.69475	0.152352	0.1411181	0.01123392	0.1411181
8060	-278.4119	-279.6924	1.280484	0.3445291	0.3247006	0.01982855	0.3247006
8070	-221.721	-227.7539	6.032871	0.04518764	0.01864743	0.02654021	0.01864743
8080	-276.743	-278.7876	2.044525	0.241167	0.2041929	0.03697407	0.2041929
8090	-387.6291	-387.8749	0.2458022	0.1848529	0.05245797	0.1323949	0.05245797
8100	-248.3887	-252.5463	4.15761	0.112675	0.08184166	0.03083337	0.08184166
8110	-316.9527	-319.5619	2.609242	0.1220869	0.02778654	0.09430033	0.02778654
8120	-234.0134	-239.3125	5.299173	0.06754307	0.03563655	0.03190652	0.03563655
8130	-213.9967	-220.1679	6.171201	0.03084798	0.004049855	0.02679812	0.004049855
8140	-237.5397	-241.8566	4.316982	0.09184405	0.0762727	0.01557136	0.0762727
8150	-242.1457	-246.9201	4.77436	0.08449955	0.04949644	0.03500311	0.04949644
8160	-228.9589	-234.3712	5.412234	0.06255012	0.03890052	0.0236496	0.03890052
8170	-226.4897	-231.9439	5.454159	0.05797656	0.03778829	0.02018827	0.03778829
8180	-236.267	-241.2598	4.9928	0.07842807	0.05084093	0.02758714	0.05084093
8190	-299.4035	-300.3498	0.946338	0.2737209	0.2166707	0.05705021	0.2166707
8200	-240.2686	-244.9266	4.657941	0.09159453	0.0649226	0.02667193	0.0649226
8210	-225.069	-231.0043	5.935296	0.04869632	0.01725084	0.03144548	0.01725084
8220	-238.3353	-243.6095	5.274249	0.05305043	0.004165537	0.04888489	0.004165537
8230	-225.184	-230.8366	5.652535	0.05412904	0.03158428	0.02254475	0.03158428
8240	-220.9855	-226.7994	5.813932	0.04541872	0.02627773	0.01914099	0.02627773
8250	-224.494	-229.4178	4.92379	0.05154462	0.03949626	0.01204836	0.03949626
8260	-230.8672	-235.9802	5.112986	0.06944629	0.04948333	0.01996295	0.04948333
8270	-307.8275	-309.1647	1.337118	0.1988876	0.1248715	0.07401619	0.1248715
8280	-249.1868	-253.2459	4.059065	0.1182058	0.08859612	0.02960965	0.08859612
8290	-227.4224	-232.7129	5.290476	0.06070151	0.04228654	0.01841497	0.04228654
8300	-357.1051	-358.8576	1.752445	0.1404353	0.02151856	0.1189167	0.02151856
8310	-312.4845	-314.8695	2.385023	0.1316632	0.04271161	0.08895164	0.04271161
8320	-241.5628	-245.9976	4.434821	0.1004709	0.07738507	0.02308583	0.07738507
8330	-248.3716	-252.5174	4.145839	0.1135112	0.08312998	0.03038124	0.08312998
8340	-214.4013	-220.7539	6.352592	0.03241362	0.01035226	0.02206136	0.01035226
8350	-271.1933	-273.6755	2.482156	0.2079193	0.171834	0.03608534	0.171834
8360	-232.8507	-237.2052	4.354423	0.075941	0.06332619	0.01261481	0.06332619
8370	-260.3016	-263.9999	3.698346	0.120155	0.07516853	0.04498649	0.07516853
8380	-226.5835	-229.1738	2.590307	0.04632573	0.04094293	0.0053828	0.04094293
8390	-230.7105	-235.9155	5.205018	0.06816162	0.04644093	0.02172068	0.04644093
8400	-210.6247	-216.5633	5.93865	0.01770862	0.004697252	0.01301136	0.004697252
8410	-224.4634	-230.418	5.954605	0.04813459	0.01753533	0.03059926	0.01753533
8420	-220.8615	-226.9853	6.123759	0.04287291	0.01488364	0.02798927	0.01488364
8430	-285.4924	-287.6785	2.186025	0.1805047	0.1231641	0.05734062	0.1231641
8440	-238.3878	-243.6883	5.300541	0.06504137	0.0237504	0.04129097	0.0237504
8450	-217.7336	-223.5858	5.852145	0.03761896	0.02180445	0.01581451	0.02180445
8460	-260.3579	-264.9136	4.555678	0.06847183	0.004469478	0.06400235	0.004469478
8470	-222.8833	-228.8574	5.974091	0.04709705	0.01982315	0.0272739	0.01982315
8480	-230.2251	-235.5367	5.311628	0.06582957	0.04233005	0.02349951	0.04233005
8490	-284.7046	-287.9282	3.223652	0.1145207	0.04388807	0.07063265	0.04388807
8500	-214.4843	-220.8496	6.365381	0.03253684	0.008977146	0.02355969	0.008977146
8510	-222.5546	-228.143	5.588402	0.04880704	0.031542	0.01726504	0.031542
8520	-223.5379	-229.2877	5.749846	0.04079074	0.003619246	0.0371715	0.003619246
8530	-235.5686	-240.6721	5.103487	0.07438136	0.04493679	0.02944457	0.04493679
8540	-234.6328	-240.1149	5.48205	0.06059619	0.02192755	0.03866863	0.02192755
8550	-250.5879	-254.6893	4.101377	0.1124652	0.07781747	0.03464772	0.07781747
8560	-210.1464	-216.2782	6.131807	0.0236078	0.003317785	0.02029001	0.003317785
8570	-225.4337	-231.2652	5.831489	0.04322219	0.004910072	0.03831211	0.004910072
8580	-237.6595	-242.0972	4.437711	0.09169304	0.07443856	0.01725449	0.07443856
8590	-214.6855	-220.4175	5.731995	0.02785502	0.01568436	0.01217066	0.01568436
8600	-225.9593	-230.8565	4.897218	0.05584002	0.04315879	0.01268123	0.04315879
8610	-240.7977	-244.7936	3.99596	0.1040427	0.08923209	0.01481057	0.08923209
8620	-234.1304	-238.8872	4.756851	0.07981626	0.06180289	0.01801337	0.06180289
8630	-214.8974	-221.1845	6.287153	0.03319926	0.01278298	0.02041628	0.01278298
8640	-242.0469	-247.3406	5.29375	0.06290672	0.01532589	0.04758083	0.01532589
8650	-226.9163	-232.5504	5.634089	0.0565138	0.03083797	0.02567584	0.03083797
8660	-232.8822	-236.8894	4.007161	0.07480657	0.06427003	0.01053655	0.06427003
8670	-245.4151	-249.1404	3.725331	0.1226107	0.106838	0.01577269	0.106838
8680	-251.7436	-256.423	4.679423	0.07959777	0.02917306	0.05042471	0.02917306
8690	-211.9875	-218.3697	6.382199	0.02762779	0.007353671	0.02027412	0.007353671
8700	-211.9711	-217.7882	5.817142	0.01909618	0.007629376	0.01146681	0.007629376
8710	-213.1425	-219.4462	6.303666	0.02989862	0.005167671	0.02473095	0.005167671
8720	-250.544	-254.406	3.862005	0.1298225	0.1031723	0.02665019	0.1031723
8730	-234.4041	-240.0217	5.617662	0.05528048	0.01290414	0.04237635	0.01290414
8740	-225.0986	-231.074	5.975371	0.04442735	0.007831964	0.03659539	0.007831964
8750	-234.8696	-239.5602	4.690571	0.0821884	0.0643381	0.01785031	0.0643381
8760	-210.0427	-216.2155	6.172707	0.02057959	0.004838948	0.01574064	0.004838948
8770	-213.7478	-220.0355	6.287709	0.03057343	0.01189546	0.01867797	0.01189546
8780	-220.0158	-226.1926	6.17681	0.03947097	0.008062579	0.0314084	0.008062579
8790	-225.8071	-231.4374	5.630326	0.05529371	0.03211173	0.02318198	0.03211173
8800	-254.1743	-257.7721	3.597779	0.1445868	0.1172449	0.02734196	0.1172449
8810	-219.639	-225.7741	6.135138	0.04169036	0.01647821	0.02521215	0.01647821
8820	-240.1899	-242.5751	2.38515	0.0963135	0.08928963	0.007023872	0.08928963
8830	-259.8461	-262.41	2.563939	0.2002704	0.1846176	0.01565285	0.1846176
8840	-249.6508	-254.024	4.373234	0.0962568	0.05589984	0.04035696	0.05589984
8850	-212.7817	-218.9858	6.204112	0.02721061	0.0112635	0.0159471	0.0112635
8860	-242.0996	-247.0238	4.924175	0.077379	0.03827835	0.03910066	0.03827835
8870	-214.3303	-220.6818	6.351555	0.03227334	0.01042976	0.02184357	0.01042976
8880	-210.635	-216.9517	6.316688	0.02461196	0.005128117	0.01948384	0.005128117
8890	-216.9279	-223.208	6.280117	0.03681704	0.01222985	0.02458719	0.01222985
8900	-236.7792	-241.6424	4.863201	0.08293093	0.05810928	0.02482165	0.05810928
8910	-230.211	-234.7376	4.526659	0.06769754	0.05531119	0.01238635	0.05531119
8920	-243.4296	-248.7207	5.291104	0.05957711	0.008400051	0.05117706	0.008400051
8930	-209.9718	-215.5715	5.599694	0.01646343	0.002246172	0.01421726	0.002246172
8940	-249.4431	-254.3409	4.897852	0.07299227	0.0220592	0.05093307	0.0220592
8950	-210.5372	-216.6869	6.149678	0.02056547	0.005970718	0.01459475	0.005970718
8960	-243.5986	-248.6764	5.077743	0.07001695	0.02461471	0.04540224	0.02461471
8970	-237.6031	-242.6304	5.027283	0.07659608	0.04462607	0.03197001	0.04462607
8980	-255.1054	-258.6417	3.53635	0.1480294	0.1202882	0.02774121	0.1202882
8990	-273.381	-275.4307	2.04976	0.2608717	0.2327941	0.02807758	0.2327941
9000	-234.7307	-239.6832	4.95245	0.07854419	0.05554573	0.02299846	0.05554573
9010	-216.6493	-222.958	6.308722	0.03592688	0.00973732	0.02618956	0.00973732
9020	-214.2836	-220.1828	5.899216	0.03062393	0.002707801	0.02791613	0.002707801
9030	-234.0826	-238.1061	4.023472	0.07918058	0.06806572	0.01111486	0.06806572
9040	-229.7851	-235.5907	5.805609	0.05083459	0.01207594	0.03875865	0.01207594
9050	-285.8701	-289.7349	3.864875	0.09117697	0.01299736	0.0781796	0.01299736
9060	-230.3151	-236.0287	5.713574	0.0545075	0.01818326	0.03632424	0.01818326
9070	-217.6319	-223.8346	6.202729	0.03838037	0.01536685	0.02301353	0.01536685
9080	-245.9094	-250.6343	4.724848	0.08270259	0.04103556	0.04166703	0.04103556
9090	-263.8914	-268.1147	4.223213	0.08891707	0.02948102	0.05943605	0.02948102
9100	-218.4281	-224.6486	6.220493	0.03741903	0.007289463	0.03012956	0.007289463
9110	-238.7875	-243.3744	4.586823	0.09248348	0.07088736	0.02159612	0.07088736
9120	-293.096	-294.0937	0.9976464	0.3068615	0.2601136	0.04674796	0.2601136
9130	-220.6342	-226.7419	6.107729	0.04304603	0.01638941	0.02665661	0.01638941
9140	-269.5641	-271.5679	2.003864	0.2644596	0.2453241	0.0191355	0.2453241
9150	-212.6067	-218.1008	5.49404	0.01532326	0.005324724	0.009998537	0.005324724
9160	-268.8598	-271.4054	2.545588	0.2115363	0.1796763	0.03186005	0.1796763
9170	-313.6547	-316.2828	2.628096	0.1224651	0.03070516	0.09175995	0.03070516
9180	-299.0297	-299.004	-0.02574494	0.4960132	0.461838	0.03417523	0.461838
9190	-224.7615	-230.7429	5.981405	0.04394876	0.00749318	0.03645558	0.00749318
9200	-244.0921	-248.5519	4.459758	0.09945118	0.06967298	0.0297782	0.06967298
9210	-255.4303	-259.6623	4.23194	0.09583884	0.04800686	0.04783198	0.04800686
9220	-225.3313	-231.3061	5.974835	0.04709947	0.0130335	0.03406597	0.0130335
9230	-226.4222	-230.3929	3.970757	0.05267244	0.04432786	0.008344583	0.04432786
9240	-268.217	-270.7998	2.582741	0.2095697	0.1782408	0.03132891	0.1782408
9250	-217.0826	-222.5732	5.49062	0.03313195	0.02129985	0.0118321	0.02129985
9260	-254.3627	-258.2877	3.925039	0.1170941	0.07871431	0.03837978	0.07871431
9270	-225.9043	-231.4143	5.510027	0.05648898	0.03604787	0.0204411	0.03604787
9280	-234.1744	-239.7939	5.61944	0.05548834	0.01361061	0.04187774	0.01361061
9290	-282.3001	-285.0885	2.788454	0.1399647	0.07752664	0.06243808	0.07752664
9300	-229.0255	-234.8674	5.841844	0.04919331	0.01023106	0.03896226	0.01023106
9310	-219.5138	-225.6658	6.151967	0.03828407	0.006437473	0.0318466	0.006437473
9320	-224.2999	-230.2817	5.98183	0.04733074	0.01603841	0.03129233	0.01603841
9330	-235.7258	-239.6697	3.943885	0.08493618	0.0735484	0.01138779	0.0735484
9340	-226.9715	-232.4792	5.507676	0.04339305	0.003052987	0.04034007	0.003052987
9350	-228.5272	-234.3826	5.855349	0.04969524	0.01207366	0.03762158	0.01207366
9360	-231.9063	-237.2964	5.390116	0.06482279	0.03509139	0.0297314	0.03509139
9370	-218.1882	-224.3712	6.183019	0.03935063	0.01579626	0.02355437	0.01579626
9380	-273.2332	-275.5333	2.3001	0.2230342	0.1873195	0.03571471	0.1873195
9390	-227.8399	-232.628	4.788109	0.0611304	0.04816532	0.01296508	0.04816532
9400	-228.4618	-234.0512	5.589411	0.05847695	0.03061513	0.02786183	0.03061513
9410	-211.5106	-217.6354	6.12477	0.02673572	0.003313617	0.0234221	0.003313617
9420	-239.487	-244.9171	5.430111	0.05891422	0.01210116	0.04681306	0.01210116
9430	-225.2283	-231.2123	5.983954	0.04669525	0.0123742	0.03432104	0.0123742
9440	-251.4651	-256.4635	4.998406	0.06749095	0.01162783	0.05586312	0.01162783
9450	-218.1993	-224.0303	5.830999	0.03870351	0.02270287	0.01600064	0.02270287
9460	-263.0874	-266.5138	3.42643	0.1345112	0.09057284	0.04393835	0.09057284
9470	-249.1037	-253.4297	4.325975	0.1000402	0.06216085	0.03787933	0.06216085
9480	-230.8604	-235.8367	4.976285	0.0701991	0.05264926	0.01754983	0.05264926
9490	-264.6493	-267.7452	3.095983	0.1614705	0.1230721	0.03839843	0.1230721
9500	-235.7816	-239.5315	3.749938	0.08444728	0.07406556	0.01038172	0.07406556
9510	-336.5042	-337.2632	0.7590172	0.1941929	0.0976866	0.09650631	0.0976866
9520	-222.9833	-228.6527	5.66938	0.03995397	0.003093387	0.03686058	0.003093387
9530	-214.5762	-220.9383	6.362035	0.03271214	0.009368515	0.02334362	0.009368515
9540	-214.7512	-220.5399	5.788711	0.02861728	0.01593639	0.0126809	0.01593639
9550	-230.5093	-235.3663	4.856986	0.06937398	0.05378074	0.01559324	0.05378074
9560	-217.6092	-223.6699	6.060678	0.03527516	0.004200739	0.03107442	0.004200739
9570	-259.1431	-261.4746	2.331472	0.198396	0.185417	0.01297901	0.185417
9580	-224.3459	-230.3442	5.998282	0.04357476	0.007521255	0.0360535	0.007521255
9590	-209.9227	-216.0357	6.113012	0.02283346	0.003258249	0.01957521	0.003258249
9600	-238.7762	-244.1854	5.4092	0.06071119	0.01600405	0.04470714	0.01600405
9610	-218.4765	-224.5493	6.07277	0.0401815	0.01933332	0.02084818	0.01933332
9620	-250.2906	-254.1235	3.832919	0.1316618	0.1065008	0.02516098	0.1065008
9630	-222.65	-228.2298	5.579814	0.0393867	0.002695941	0.03669076	0.002695941
9640	-266.7168	-270.4159	3.699045	0.1093435	0.05392799	0.05541551	0.05392799
9650	-224.6099	-230.6147	6.004832	0.04628065	0.01283892	0.03344173	0.01283892
9660	-249.0904	-253.525	4.434602	0.09359855	0.05281488	0.04078367	0.05281488
9670	-270.2394	-272.6275	2.388131	0.2268174	0.1963655	0.0304519	0.1963655
9680	-225.4872	-231.3268	5.839624	0.0512948	0.02232797	0.02896683	0.02232797
9690	-252.3531	-256.5706	4.217528	0.1011289	0.05921229	0.04191666	0.05921229
9700	-211.7314	-218.0236	6.292217	0.02555531	0.008774991	0.01678032	0.008774991
9710	-250.2273	-254.3352	4.107938	0.1127582	0.07882547	0.03393277	0.07882547
9720	-236.7511	-240.7714	4.02033	0.08896859	0.07658797	0.01238062	0.07658797
9730	-210.0395	-214.8927	4.853241	0.02049832	0.0009828154	0.0195155	0.0009828154
9740	-269.1505	-273.5079	4.357387	0.08159514	0.01452203	0.06707312	0.01452203
9750	-219.0163	-223.7156	4.69935	0.03334999	0.0246699	0.008680092	0.0246699
9760	-223.652	-229.6606	6.008538	0.04654829	0.01589072	0.03065757	0.01589072
9770	-212.5102	-218.8966	6.386404	0.02886471	0.00723853	0.02162618	0.00723853
9780	-235.7197	-240.8636	5.143874	0.07277335	0.04166187	0.03111149	0.04166187
9790	-237.6193	-241.6	3.980698	0.0921474	0.07957047	0.01257692	0.07957047
9800	-240.6049	-244.477	3.872143	0.1034812	0.08995354	0.01352762	0.08995354
9810	-271.0225	-275.1769	4.154442	0.08774696	0.02116746	0.06657951	0.02116746
9820	-237.7018	-243.188	5.486201	0.05820208	0.01325952	0.04494257	0.01325952
9830	-277.9678	-280.0868	2.119074	0.2214568	0.1793759	0.04208096	0.1793759
9840	-281.4447	-282.7853	1.340599	0.335545	0.3079013	0.02764377	0.3079013
9850	-226.321	-231.6986	5.377667	0.0578927	0.039411	0.01848171	0.039411
9860	-230.2886	-234.927	4.638405	0.0683103	0.05502731	0.01328299	0.05502731
9870	-235.233	-239.1734	3.940436	0.0477571	0.0009528494	0.04680425	0.0009528494
9880	-210.9624	-217.2276	6.265265	0.02330744	0.007225861	0.01608158	0.007225861
9890	-219.7568	-225.7067	5.949867	0.03740814	0.003976802	0.03343134	0.003976802
9900	-274.0438	-276.2229	2.179128	0.2370313	0.2030005	0.0340308	0.2030005
9910	-262.1136	-265.8523	3.738647	0.1138626	0.06476088	0.04910176	0.06476088
9920	-215.5537	-221.3358	5.782095	0.03098947	0.01780649	0.01318297	0.01780649
9930	-219.1076	-225.1938	6.0862	0.04131029	0.01890964	0.02240065	0.01890964
9940	-225.3475	-231.3246	5.977088	0.04695095	0.01267311	0.03427783	0.01267311
9950	-211.2705	-217.6113	6.340828	0.02634464	0.005342138	0.0210025	0.005342138
9960	-223.921	-229.7538	5.832787	0.05031964	0.02529469	0.02502495	0.02529469
9970	-242.8733	-245.8468	2.973468	0.1109654	0.1015535	0.009411921	0.1015535
9980	-229.8891	-234.5353	4.646153	0.06706184	0.05396567	0.01309617	0.05396567
9990	-281.0228	-284.2405	3.217617	0.1178198	0.05124786	0.06657192	0.05124786
10000	-229.0973	-234.5601	5.462834	0.06176259	0.03636527	0.02539732	0.03636527
