Iteration	Posterior	Likelihood	Prior	birth_rate	death_rate	diversification	turnover
0	-225.525	-230.9321	5.407086	0.05595557	0.03799526	0.01796031	0.03799526
10	-242.4277	-247.3989	4.971201	0.07505442	0.03412381	0.04093061	0.03412381
20	-212.4686	-218.8379	6.369289	0.02883836	0.006246516	0.02259185	0.006246516
30	-212.0059	-217.9835	5.97756	0.02737199	0.002729743	0.02464225	0.002729743
40	-215.7423	-222.0634	6.321127	0.03480743	0.01118828	0.02361914	0.01118828
50	-240.9493	-245.9296	4.980298	0.07594131	0.03774055	0.03820076	0.03774055
60	-225.396	-231.258	5.862061	0.05072098	0.02119308	0.02952791	0.02119308
70	-231.9963	-236.2834	4.287119	0.07281254	0.06109618	0.01171636	0.06109618
80	-236.4531	-241.8363	5.383162	0.06316485	0.02351412	0.03965073	0.02351412
90	-210.7106	-216.7829	6.072309	0.02503053	0.003005221	0.0220253	0.003005221
100	-235.3225	-240.1439	4.821409	0.08190054	0.06096031	0.02094022	0.06096031
110	-216.8999	-223.0579	6.158009	0.03705259	0.0167662	0.02028639	0.0167662
120	-235.5668	-241.0469	5.48008	0.05174354	0.00533034	0.0464132	0.00533034
130	-212.8957	-219.2655	6.369839	0.02936647	0.009164921	0.02020155	0.009164921
140	-229.902	-235.7002	5.798213	0.05113243	0.01243302	0.03869941	0.01243302
150	-211.5163	-217.8804	6.364156	0.0268319	0.00595583	0.02087607	0.00595583
160	-233.7477	-239.2001	5.452392	0.06210656	0.02615326	0.0359533	0.02615326
170	-232.0827	-237.6745	5.59179	0.0579775	0.02154203	0.03643548	0.02154203
180	-219.7699	-225.9632	6.193283	0.04063114	0.01211024	0.0285209	0.01211024
190	-225.0573	-231.0551	5.99778	0.04568489	0.01053732	0.03514757	0.01053732
200	-210.1536	-216.417	6.263378	0.02262222	0.004907209	0.01771501	0.004907209
210	-228.0818	-233.5095	5.427651	0.0610927	0.03876484	0.02232785	0.03876484
220	-212.8649	-218.1542	5.289327	0.01331864	0.003341687	0.009976954	0.003341687
230	-215.7313	-222.0376	6.306238	0.03485531	0.01205963	0.02279568	0.01205963
240	-223.8778	-229.7153	5.837551	0.05020525	0.02512988	0.02507537	0.02512988
250	-217.4014	-223.6589	6.257552	0.03765551	0.01294133	0.02471419	0.01294133
260	-237.2335	-242.6992	5.465705	0.05958693	0.01625206	0.04333488	0.01625206
270	-237.3422	-242.7505	5.408316	0.05302956	0.005233002	0.04779656	0.005233002
280	-210.9684	-216.4261	5.45768	0.02457231	0.001546095	0.02302621	0.001546095
290	-228.8597	-234.6454	5.785715	0.05260634	0.01723344	0.0353729	0.01723344
300	-238.3466	-242.8809	4.534271	0.0925375	0.07277237	0.01976512	0.07277237
310	-214.0058	-220.3382	6.332426	0.03151369	0.01110984	0.02040385	0.01110984
320	-252.4771	-256.2603	3.783187	0.1330038	0.1039696	0.02903422	0.1039696
330	-215.2234	-221.5016	6.278226	0.0338629	0.01314582	0.02071708	0.01314582
340	-263.0442	-267.195	4.150778	0.09223345	0.03483312	0.05740033	0.03483312
350	-211.764	-217.8534	6.089416	0.02273693	0.008990121	0.01374681	0.008990121
360	-220.7736	-225.1995	4.425911	0.03722317	0.02894648	0.008276689	0.02894648
370	-210.187	-216.4348	6.247853	0.02201093	0.00523501	0.01677592	0.00523501
380	-241.7601	-247.0581	5.29794	0.06295479	0.01575386	0.04720093	0.01575386
390	-220.4834	-223.5116	3.028204	0.0272584	0.0221021	0.005156295	0.0221021
400	-247.6478	-251.8306	4.182863	0.112096	0.0823627	0.02973331	0.0823627
410	-210.6316	-216.9045	6.272888	0.02486864	0.004380648	0.02048799	0.004380648
420	-220.0159	-226.1998	6.183813	0.03966494	0.008566021	0.03109892	0.008566021
430	-211.087	-217.1543	6.067316	0.02041972	0.006970279	0.01344944	0.006970279
440	-216.1147	-221.6941	5.579454	0.03234242	0.002027869	0.03031455	0.002027869
450	-225.7504	-231.4705	5.720034	0.05392133	0.02825656	0.02566478	0.02825656
460	-211.9185	-218.2991	6.38057	0.0274463	0.007355919	0.02009039	0.007355919
470	-220.1137	-225.9475	5.833843	0.04345946	0.02516756	0.01829189	0.02516756
480	-211.2401	-217.6008	6.360679	0.0257489	0.006676132	0.01907277	0.006676132
490	-243.2265	-247.4528	4.226338	0.1088439	0.08769958	0.02114436	0.08769958
500	-226.5788	-231.5998	5.02099	0.0581577	0.04402091	0.01413679	0.04402091
510	-230.1941	-235.4493	5.255212	0.06664418	0.04465306	0.02199112	0.04465306
520	-244.0739	-249.3374	5.263507	0.06213182	0.01164478	0.05048704	0.01164478
530	-209.4952	-215.4455	5.950275	0.01941642	0.002906981	0.01650944	0.002906981
540	-225.5857	-230.7889	5.20316	0.05586824	0.04063055	0.01523769	0.04063055
550	-217.6312	-223.8919	6.260622	0.03786549	0.01230093	0.02556456	0.01230093
560	-220.3269	-226.5044	6.17751	0.04108759	0.01150571	0.02958187	0.01150571
570	-240.2014	-244.6687	4.46727	0.09757584	0.07624157	0.02133427	0.07624157
580	-226.8454	-232.1497	5.304316	0.05928095	0.04136503	0.01791592	0.04136503
590	-217.1608	-222.6775	5.516719	0.03345328	0.001979859	0.03147342	0.001979859
600	-237.1253	-242.4948	5.369465	0.06327286	0.02266585	0.040607	0.02266585
610	-242.4762	-246.7102	4.233958	0.107105	0.08701982	0.02008514	0.08701982
620	-209.9813	-215.9489	5.967532	0.01809525	0.003722904	0.01437234	0.003722904
630	-209.5897	-215.551	5.961265	0.01892984	0.003113978	0.01581586	0.003113978
640	-214.4139	-220.6796	6.265652	0.0317631	0.00515991	0.02660319	0.00515991
650	-228.5622	-234.4174	5.855112	0.04963129	0.01188534	0.03774595	0.01188534
660	-217.7513	-222.994	5.242742	0.03326272	0.02263134	0.01063138	0.02263134
670	-222.9664	-229.0428	6.076412	0.04304037	0.009261641	0.03377873	0.009261641
680	-226.3656	-232.2336	5.867948	0.05062025	0.01843418	0.03218607	0.01843418
690	-240.8982	-245.8223	4.924071	0.07852396	0.04198357	0.03654039	0.04198357
700	-222.4227	-228.2798	5.857097	0.04001777	0.00405205	0.03596572	0.00405205
710	-256.0365	-260.0734	4.036862	0.1058883	0.06114841	0.0447399	0.06114841
720	-212.936	-219.0222	6.086161	0.02626087	0.01185432	0.01440655	0.01185432
730	-214.4904	-220.6139	6.123449	0.03104076	0.01469902	0.01634174	0.01469902
740	-225.6556	-231.5108	5.855151	0.05095597	0.02102538	0.02993059	0.02102538
750	-228.0287	-233.7364	5.707668	0.05523692	0.02454051	0.0306964	0.02454051
760	-213.9877	-220.1775	6.189873	0.03030422	0.01339417	0.01691005	0.01339417
770	-226.123	-232.0613	5.93828	0.04815916	0.01361587	0.03454329	0.01361587
780	-223.056	-228.8523	5.796335	0.04951003	0.02731258	0.02219745	0.02731258
790	-217.0053	-222.2623	5.25694	0.03102068	0.02066461	0.01035607	0.02066461
800	-242.1329	-247.3677	5.23475	0.06515295	0.01881012	0.04634283	0.01881012
810	-236.696	-242.0125	5.316547	0.05173543	0.004028927	0.0477065	0.004028927
820	-218.5437	-224.7239	6.180173	0.03987518	0.01559933	0.02427585	0.01559933
830	-215.2873	-220.941	5.653683	0.02900036	0.01705925	0.01194111	0.01705925
840	-212.1065	-217.9491	5.842608	0.02006677	0.008413461	0.01165331	0.008413461
850	-211.6532	-217.5758	5.922578	0.01975672	0.00756911	0.01218761	0.00756911
860	-222.204	-226.978	4.774056	0.03756925	0.001224465	0.03634479	0.001224465
870	-231.1651	-236.8001	5.635054	0.04819586	0.005192569	0.04300329	0.005192569
880	-224.2189	-230.198	5.979143	0.04741879	0.01646645	0.03095234	0.01646645
890	-231.472	-236.9866	5.514623	0.06081722	0.02815582	0.0326614	0.02815582
900	-253.9661	-257.6061	3.640006	0.1416365	0.1134612	0.02817537	0.1134612
910	-234.6568	-239.6783	5.021522	0.07681546	0.05207474	0.02474072	0.05207474
920	-250.3385	-254.1051	3.766632	0.1351114	0.1116984	0.02341295	0.1116984
930	-225.5853	-231.5614	5.976017	0.04579219	0.009709361	0.03608283	0.009709361
940	-212.3154	-218.6994	6.383954	0.02831029	0.00783148	0.02047881	0.00783148
950	-224.0271	-229.9574	5.930241	0.04863404	0.02008741	0.02854663	0.02008741
960	-211.6794	-217.9696	6.290221	0.02726843	0.004595638	0.02267279	0.004595638
970	-217.9845	-221.6715	3.686996	0.01491864	0.00941314	0.005505502	0.00941314
980	-235.2316	-239.3528	4.12125	0.08365062	0.07138403	0.01226659	0.07138403
990	-218.7269	-223.937	5.2101	0.03601448	0.02509866	0.01091582	0.02509866
1000	-224.1877	-230.1364	5.948709	0.04265681	0.00595174	0.03670507	0.00595174
1010	-228.8204	-234.6664	5.845983	0.048422	0.009105531	0.03931647	0.009105531
1020	-213.0478	-219.2458	6.198025	0.02787109	0.01178416	0.01608693	0.01178416
1030	-246.2681	-251.3123	5.044255	0.06959404	0.02063341	0.04896062	0.02063341
1040	-225.9382	-229.7109	3.772694	0.05008702	0.0424464	0.007640617	0.0424464
1050	-210.8105	-217.0451	6.234606	0.0224713	0.006890945	0.01558036	0.006890945
1060	-275.7217	-277.3693	1.647624	0.30613	0.2835745	0.02255547	0.2835745
1070	-256.1323	-259.7223	3.589946	0.1409755	0.108724	0.03225153	0.108724
1080	-212.556	-218.929	6.37302	0.02864235	0.008710986	0.01993136	0.008710986
1090	-215.3898	-221.6813	6.291478	0.03422728	0.01276135	0.02146592	0.01276135
1100	-235.2646	-240.2726	5.008006	0.07761786	0.0519178	0.02570006	0.0519178
1110	-218.6731	-224.266	5.59293	0.03849891	0.02478484	0.01371407	0.02478484
1120	-214.3348	-220.7027	6.367916	0.03222443	0.008295004	0.02392943	0.008295004
1130	-278.2683	-279.0946	0.8262955	0.3625377	0.3485777	0.01395995	0.3485777
1140	-225.9353	-231.6518	5.716552	0.05414929	0.02816032	0.02598896	0.02816032
1150	-226.6315	-232.3762	5.744642	0.05397623	0.02542702	0.02854921	0.02542702
1160	-255.2361	-259.7635	4.52731	0.08301996	0.03019309	0.05282687	0.03019309
1170	-222.489	-228.2161	5.72706	0.03962544	0.003275064	0.03635038	0.003275064
1180	-212.5556	-218.6636	6.107954	0.02851972	0.003361524	0.0251582	0.003361524
1190	-216.685	-222.8114	6.126416	0.03648907	0.01729424	0.01919483	0.01729424
1200	-232.8405	-238.3575	5.517001	0.06024421	0.02438144	0.03586277	0.02438144
1210	-211.2583	-217.5621	6.303778	0.02460624	0.007718824	0.01688742	0.007718824
1220	-225.1996	-231.1264	5.92685	0.0437614	0.006321412	0.03743999	0.006321412
1230	-230.9662	-236.3087	5.342492	0.06589983	0.0399053	0.02599453	0.0399053
1240	-232.1509	-237.1696	5.01871	0.07303558	0.05300813	0.02002745	0.05300813
1250	-214.3919	-220.7591	6.367173	0.03237385	0.008978648	0.0233952	0.008978648
1260	-223.4184	-229.3306	5.91222	0.04860835	0.02217498	0.02643337	0.02217498
1270	-216.7972	-222.5488	5.751584	0.03434947	0.02052364	0.01382583	0.02052364
1280	-227.9031	-233.2232	5.320126	0.06168107	0.04204652	0.01963455	0.04204652
1290	-224.1268	-230.1166	5.989738	0.04709937	0.0159276	0.03117177	0.0159276
1300	-230.3531	-235.193	4.839877	0.06891527	0.05365202	0.01526325	0.05365202
1310	-218.7451	-224.8079	6.062726	0.04071979	0.01964313	0.02107666	0.01964313
1320	-258.8047	-261.0429	2.238191	0.1965901	0.1844594	0.01213077	0.1844594
1330	-237.1965	-242.6327	5.436221	0.06076561	0.01830292	0.04246269	0.01830292
1340	-223.583	-227.2113	3.628252	0.04167914	0.03489051	0.006788631	0.03489051
1350	-216.9278	-223.2272	6.299436	0.03620283	0.009283669	0.02691916	0.009283669
1360	-232.1813	-237.3913	5.210017	0.07000235	0.04522345	0.0247789	0.04522345
1370	-217.7877	-223.6646	5.876871	0.03790076	0.02169376	0.01620699	0.02169376
1380	-230.6289	-236.3457	5.71675	0.0542259	0.01707956	0.03714634	0.01707956
1390	-227.0184	-232.4327	5.41431	0.05928147	0.03909492	0.02018654	0.03909492
1400	-219.1153	-224.4381	5.322794	0.03795493	0.02612755	0.01182738	0.02612755
1410	-231.5826	-236.8361	5.253528	0.06846785	0.04373585	0.024732	0.04373585
1420	-216.8576	-223.1203	6.262651	0.0353941	0.006771302	0.0286228	0.006771302
1430	-227.552	-233.1746	5.622618	0.05722309	0.03045144	0.02677165	0.03045144
1440	-220.4645	-226.2744	5.809885	0.04423407	0.02589843	0.01833563	0.02589843
1450	-223.3576	-228.9795	5.621851	0.05074032	0.03188186	0.01885846	0.03188186
1460	-210.7374	-216.9993	6.261947	0.02281067	0.006694749	0.01611592	0.006694749
1470	-247.0272	-252.0953	5.068122	0.06824693	0.0176622	0.05058472	0.0176622
1480	-211.1612	-217.4069	6.245779	0.02617421	0.004091066	0.02208314	0.004091066
1490	-241.7646	-246.0664	4.301874	0.1041702	0.08381817	0.02035203	0.08381817
1500	-227.0022	-232.8967	5.894564	0.04943269	0.01447134	0.03496136	0.01447134
1510	-228.532	-234.3022	5.770224	0.05326435	0.01922097	0.03404337	0.01922097
1520	-230.9401	-236.6228	5.682725	0.05530848	0.01857293	0.03673555	0.01857293
1530	-233.2076	-238.1948	4.98723	0.07551009	0.05445048	0.0210596	0.05445048
1540	-222.4177	-228.5157	6.098	0.04252024	0.00933065	0.03318959	0.00933065
1550	-211.9777	-217.5805	5.602829	0.01538891	0.004651267	0.01073764	0.004651267
1560	-220.8604	-225.4708	4.610392	0.03863281	0.02967728	0.008955532	0.02967728
1570	-217.4914	-223.7717	6.280251	0.03688771	0.009129686	0.02775803	0.009129686
1580	-226.1571	-231.9045	5.747313	0.05368896	0.026205	0.02748396	0.026205
1590	-312.3972	-314.5609	2.163699	0.1409238	0.05385765	0.08706612	0.05385765
1600	-210.3612	-216.6437	6.282438	0.02282799	0.00556101	0.01726697	0.00556101
1610	-224.6163	-230.0892	5.472844	0.05373404	0.03582378	0.01791026	0.03582378
1620	-222.2557	-226.66	4.404318	0.04176814	0.03312999	0.008638151	0.03312999
1630	-225.312	-230.3799	5.067929	0.05462415	0.04095873	0.01366542	0.04095873
1640	-224.1838	-230.2069	6.023096	0.04575493	0.01263909	0.03311585	0.01263909
1650	-253.0106	-256.9845	3.973854	0.1165855	0.07995472	0.03663079	0.07995472
1660	-214.8693	-221.194	6.324648	0.03276241	0.006634447	0.02612796	0.006634447
1670	-238.2629	-243.7496	5.48671	0.05683141	0.01024584	0.04658557	0.01024584
1680	-216.5557	-222.6388	6.083186	0.03598098	0.01786392	0.01811706	0.01786392
1690	-223.1138	-228.8176	5.703787	0.05007021	0.02994347	0.02012674	0.02994347
1700	-228.4654	-233.9757	5.51031	0.06025144	0.03484641	0.02540503	0.03484641
1710	-213.8924	-220.2264	6.333976	0.03122995	0.006109433	0.02512052	0.006109433
1720	-242.4963	-246.8613	4.364954	0.1037571	0.08062284	0.02313421	0.08062284
1730	-230.9022	-235.6759	4.773737	0.07049317	0.05549722	0.01499595	0.05549722
1740	-213.1732	-219.4376	6.264443	0.02892141	0.0114762	0.01744521	0.0114762
1750	-216.8418	-222.7721	5.93029	0.03576898	0.01980406	0.01596492	0.01980406
1760	-212.3409	-218.7221	6.381215	0.02830417	0.008068227	0.02023595	0.008068227
1770	-223.4106	-228.4743	5.063655	0.04901744	0.03658736	0.01243008	0.03658736
1780	-215.6657	-221.9946	6.328874	0.03463184	0.01070404	0.0239278	0.01070404
1790	-218.3951	-224.6397	6.244609	0.03872837	0.01157182	0.02715655	0.01157182
1800	-228.3518	-233.8732	5.5214	0.05993165	0.034448	0.02548364	0.034448
1810	-220.0667	-226.2572	6.190449	0.04046614	0.01059584	0.0298703	0.01059584
1820	-219.7352	-225.7914	6.056201	0.04248727	0.01969754	0.02278973	0.01969754
1830	-211.1419	-216.9683	5.826341	0.01690189	0.004897244	0.01200465	0.004897244
1840	-213.0648	-219.3179	6.253121	0.02852137	0.01142323	0.01709814	0.01142323
1850	-259.038	-263.0406	4.002666	0.103202	0.05396675	0.04923529	0.05396675
1860	-228.2987	-232.4427	4.143951	0.05969948	0.05017569	0.009523786	0.05017569
1870	-243.3588	-247.2817	3.922914	0.113658	0.09742865	0.01622932	0.09742865
1880	-248.0765	-251.5064	3.429899	0.1352587	0.1204356	0.01482313	0.1204356
1890	-224.4264	-230.4458	6.019406	0.04559707	0.01172203	0.03387504	0.01172203
1900	-216.3941	-222.5254	6.131371	0.03583796	0.01697243	0.01886553	0.01697243
1910	-210.508	-216.2857	5.777717	0.01633114	0.003390691	0.01294045	0.003390691
1920	-216.3229	-222.2772	5.954298	0.03336714	0.003233311	0.03013383	0.003233311
1930	-217.4849	-223.7423	6.257446	0.03775638	0.01281334	0.02494304	0.01281334
1940	-211.3208	-217.6348	6.31396	0.02491682	0.007770548	0.01714627	0.007770548
1950	-233.4377	-238.6036	5.1659	0.07202288	0.04573013	0.02629275	0.04573013
1960	-219.5082	-225.4072	5.898954	0.04220635	0.02353862	0.01866772	0.02353862
1970	-238.2348	-242.9339	4.699105	0.08897677	0.06562622	0.02335055	0.06562622
1980	-230.1018	-235.278	5.176236	0.0673184	0.04724	0.0200784	0.04724
1990	-223.4886	-227.9368	4.448148	0.04588589	0.03670082	0.009185063	0.03670082
2000	-228.5717	-234.1215	5.549766	0.04507117	0.003570989	0.04150018	0.003570989
2010	-239.1937	-244.0479	4.854238	0.0832898	0.05296115	0.03032865	0.05296115
2020	-222.2839	-228.3903	6.106413	0.04275419	0.01022761	0.03252658	0.01022761
2030	-216.5797	-222.8362	6.256545	0.03491454	0.006334719	0.02857982	0.006334719
2040	-213.2052	-219.5323	6.327041	0.02963241	0.01060172	0.01903069	0.01060172
2050	-214.6468	-220.9123	6.265507	0.03253451	0.01313409	0.01940042	0.01313409
2060	-250.9918	-255.6888	4.696978	0.07944755	0.02981954	0.04962802	0.02981954
2070	-237.0598	-242.0675	5.007706	0.07770581	0.04769676	0.03000905	0.04769676
2080	-219.3675	-225.5806	6.213074	0.03915392	0.009137323	0.03001659	0.009137323
2090	-229.0999	-234.3971	5.297248	0.06425964	0.04320638	0.02105326	0.04320638
2100	-228.1739	-233.7632	5.589263	0.05834133	0.03116662	0.0271747	0.03116662
2110	-214.8753	-221.2314	6.356114	0.03310449	0.008464744	0.02463975	0.008464744
2120	-211.1511	-217.5099	6.358737	0.02563986	0.006371209	0.01926865	0.006371209
2130	-213.9897	-220.2828	6.293107	0.03121997	0.005371432	0.02584854	0.005371432
2140	-239.2437	-244.4267	5.183057	0.0689222	0.02892155	0.04000065	0.02892155
2150	-225.7895	-231.75	5.960501	0.04546948	0.008653191	0.03681629	0.008653191
2160	-212.3542	-218.3621	6.007872	0.02344357	0.01028228	0.01316129	0.01028228
2170	-212.2991	-218.6419	6.342887	0.02764864	0.009159199	0.01848944	0.009159199
2180	-235.9181	-240.909	4.990975	0.07843233	0.05173578	0.02669655	0.05173578
2190	-223.5212	-229.4625	5.941279	0.04814008	0.02046046	0.02767962	0.02046046
2200	-245.8642	-249.4636	3.599449	0.1251106	0.1103277	0.01478291	0.1103277
2210	-223.7128	-229.7595	6.046713	0.04376711	0.009217545	0.03454956	0.009217545
2220	-216.9785	-221.8738	4.895282	0.02793233	0.01923052	0.008701806	0.01923052
2230	-214.3185	-220.6547	6.336259	0.03219314	0.01108988	0.02110325	0.01108988
2240	-281.822	-283.3037	1.481744	0.3060768	0.273072	0.03300477	0.273072
2250	-238.4615	-243.326	4.864521	0.08318304	0.05434188	0.02884116	0.05434188
2260	-213.9494	-220.1843	6.23489	0.03061236	0.01288015	0.01773221	0.01288015
2270	-227.2906	-233.1747	5.884149	0.04626408	0.007552384	0.03871169	0.007552384
2280	-222.9973	-228.9943	5.997037	0.04669355	0.01827403	0.02841952	0.01827403
2290	-218.5351	-224.7357	6.20058	0.03965631	0.01457403	0.02508229	0.01457403
2300	-235.809	-240.6178	4.808798	0.08299099	0.06150911	0.02148188	0.06150911
2310	-216.5198	-222.7694	6.249561	0.03634835	0.01407348	0.02227487	0.01407348
2320	-229.7795	-235.4774	5.69788	0.04715665	0.00534134	0.04181531	0.00534134
2330	-222.1281	-227.8097	5.681633	0.04791642	0.02965078	0.01826564	0.02965078
2340	-223.7863	-229.6513	5.864981	0.04970223	0.0239697	0.02573252	0.0239697
2350	-238.7255	-243.2268	4.50131	0.09388299	0.07420138	0.01968161	0.07420138
2360	-210.787	-216.9006	6.11361	0.02045137	0.006430597	0.01402077	0.006430597
2370	-227.1486	-232.7194	5.57079	0.05783619	0.03353499	0.0243012	0.03353499
2380	-223.517	-229.5372	6.020194	0.04259683	0.007114087	0.03548275	0.007114087
2390	-210.1605	-216.1825	6.02208	0.01851133	0.004345837	0.01416549	0.004345837
2400	-209.4506	-215.0284	5.57782	0.01962184	0.001792708	0.01782913	0.001792708
2410	-226.7817	-232.5568	5.775096	0.05325243	0.02332196	0.02993048	0.02332196
2420	-210.7945	-216.9318	6.137275	0.02084421	0.006577296	0.01426691	0.006577296
2430	-243.9817	-247.169	3.187323	0.1167695	0.1060044	0.01076514	0.1060044
2440	-210.528	-216.7072	6.179184	0.02467192	0.003576072	0.02109585	0.003576072
2450	-245.1582	-248.0032	2.845065	0.1211784	0.1115605	0.009617947	0.1115605
2460	-220.1451	-226.3226	6.177484	0.04118491	0.01242648	0.02875844	0.01242648
2470	-218.398	-224.3061	5.908092	0.03960429	0.02222678	0.0173775	0.02222678
2480	-211.5899	-217.9414	6.351464	0.0261543	0.007804629	0.01834967	0.007804629
2490	-245.1915	-249.444	4.252534	0.1098443	0.08400467	0.0258396	0.08400467
2500	-237.8645	-242.85	4.985478	0.07824416	0.04696823	0.03127592	0.04696823
2510	-210.5911	-216.8984	6.30735	0.02354474	0.006021048	0.01752369	0.006021048
2520	-224.484	-230.0491	5.565114	0.05331534	0.0339316	0.01938374	0.0339316
2530	-217.7677	-224.0149	6.247276	0.03668945	0.007393217	0.02929623	0.007393217
2540	-212.2566	-218.5897	6.3331	0.02741749	0.009259069	0.01815842	0.009259069
2550	-216.2214	-222.5179	6.296476	0.03569896	0.01215619	0.02354277	0.01215619
2560	-224.3402	-230.1816	5.841384	0.04205621	0.004560242	0.03749596	0.004560242
2570	-221.5612	-226.7732	5.212041	0.04441873	0.03197413	0.0124446	0.03197413
2580	-215.5871	-221.0947	5.507521	0.02860714	0.01750156	0.01110558	0.01750156
2590	-213.2103	-219.5953	6.384945	0.03021908	0.008035307	0.02218377	0.008035307
2600	-215.4826	-220.1795	4.6969	0.01492693	0.007635498	0.007291433	0.007635498
2610	-211.9787	-218.1475	6.168792	0.0244948	0.009662659	0.01483215	0.009662659
2620	-220.1005	-226.101	6.000552	0.0380243	0.004511988	0.03351231	0.004511988
2630	-222.9371	-228.8908	5.953727	0.0475042	0.02081934	0.02668486	0.02081934
2640	-230.6279	-236.3114	5.683503	0.05543083	0.01939446	0.03603637	0.01939446
2650	-218.5045	-223.985	5.480579	0.03725436	0.02463104	0.01262332	0.02463104
2660	-209.5165	-215.3569	5.840445	0.02090914	0.002309267	0.01859987	0.002309267
2670	-261.6218	-265.1183	3.496521	0.1326737	0.08997634	0.04269737	0.08997634
2680	-226.2548	-230.7942	4.539425	0.05504393	0.04444583	0.0105981	0.04444583
2690	-213.1394	-219.0807	5.941233	0.02515161	0.01217063	0.01298099	0.01217063
2700	-223.3875	-229.2672	5.879661	0.04908477	0.02379723	0.02528754	0.02379723
2710	-210.9013	-217.2407	6.339412	0.0246995	0.006368608	0.01833089	0.006368608
2720	-222.2891	-228.2555	5.966375	0.04672206	0.02114943	0.02557263	0.02114943
2730	-213.8755	-219.5836	5.708141	0.02487228	0.0133724	0.01149987	0.0133724
2740	-228.9598	-233.907	4.947187	0.06493194	0.04966408	0.01526786	0.04966408
2750	-211.3635	-217.1424	5.778927	0.01663086	0.004990822	0.01164004	0.004990822
2760	-212.4236	-218.6584	6.234802	0.02661075	0.01044548	0.01616527	0.01044548
2770	-210.8932	-217.1589	6.26569	0.02317657	0.007066523	0.01611004	0.007066523
2780	-211.3357	-217.3636	6.027872	0.02626471	0.002858801	0.02340591	0.002858801
2790	-224.7668	-230.6305	5.863761	0.05044142	0.022399	0.02804243	0.022399
2800	-215.1049	-221.4565	6.351613	0.03352547	0.008890479	0.024635	0.008890479
2810	-217.7558	-223.864	6.108285	0.03874359	0.01825599	0.02048759	0.01825599
2820	-245.785	-250.2528	4.467726	0.09674818	0.06243267	0.03431551	0.06243267
2830	-244.3876	-248.8597	4.472087	0.09843292	0.0675052	0.03092772	0.0675052
2840	-211.9022	-218.0568	6.154576	0.02408441	0.009484458	0.01459995	0.009484458
2850	-213.4581	-219.5565	6.098448	0.02793728	0.01295085	0.01498643	0.01295085
2860	-224.5799	-229.2392	4.659263	0.0504257	0.0398984	0.0105273	0.0398984
2870	-212.7123	-219.0838	6.37152	0.02929942	0.006443297	0.02285613	0.006443297
2880	-218.6339	-224.4685	5.83459	0.03984329	0.02333062	0.01651266	0.02333062
2890	-233.9437	-239.5918	5.64811	0.05391771	0.01118395	0.04273376	0.01118395
2900	-234.5726	-239.9693	5.396652	0.06370929	0.02758452	0.03612476	0.02758452
2910	-219.5774	-225.5475	5.970107	0.04242778	0.0221688	0.02025899	0.0221688
2920	-222.045	-228.0772	6.032228	0.04063247	0.005952296	0.03468018	0.005952296
2930	-237.7658	-243.0718	5.305977	0.06522352	0.02499561	0.04022791	0.02499561
2940	-215.3417	-221.2175	5.875813	0.03119966	0.01725583	0.01394383	0.01725583
2950	-217.8626	-223.6678	5.805207	0.03765795	0.0223248	0.01533315	0.0223248
2960	-210.6636	-216.7261	6.062516	0.01942715	0.005769599	0.01365755	0.005769599
2970	-224.3892	-229.2935	4.904295	0.05112109	0.03926022	0.01186087	0.03926022
2980	-226.9959	-231.7717	4.775774	0.05847402	0.0460922	0.01238181	0.0460922
2990	-214.8227	-220.6606	5.837923	0.02932302	0.01614742	0.01317561	0.01614742
3000	-222.7154	-228.0866	5.371231	0.03900279	0.002123274	0.03687952	0.002123274
3010	-226.0657	-231.9745	5.908863	0.0447501	0.006730528	0.03801957	0.006730528
3020	-212.4709	-218.467	5.996124	0.02366607	0.01055796	0.01310811	0.01055796
3030	-211.6676	-217.8304	6.162827	0.02351862	0.008919702	0.01459892	0.008919702
3040	-235.4582	-241.0427	5.584459	0.05350073	0.008358838	0.04514189	0.008358838
3050	-227.177	-232.5665	5.389465	0.05975162	0.03983105	0.01992057	0.03983105
3060	-227.3644	-233.1749	5.810472	0.05224851	0.01965557	0.03259294	0.01965557
3070	-217.7232	-223.9841	6.260907	0.03683823	0.008011097	0.02882713	0.008011097
3080	-224.434	-230.3385	5.90446	0.0493871	0.02075048	0.02863663	0.02075048
3090	-215.0314	-221.0132	5.981812	0.03125643	0.01636834	0.0148881	0.01636834
3100	-224.3995	-230.4232	6.023682	0.0449962	0.01043697	0.03455922	0.01043697
3110	-254.5177	-259.3672	4.84947	0.06571872	0.005985722	0.059733	0.005985722
3120	-216.2275	-222.0784	5.850858	0.03351118	0.01910723	0.01440395	0.01910723
3130	-217.2778	-223.3521	6.074257	0.03763774	0.01868038	0.01895736	0.01868038
3140	-230.2093	-235.8782	5.668876	0.0474018	0.005160909	0.04224089	0.005160909
3150	-228.081	-233.746	5.664986	0.0564152	0.02700778	0.02940742	0.02700778
3160	-254.6688	-258.4198	3.75093	0.1306311	0.09689605	0.033735	0.09689605
3170	-222.3858	-228.0587	5.672873	0.04850842	0.03005528	0.01845313	0.03005528
3180	-260.9216	-264.2087	3.287052	0.1552813	0.1203397	0.03494157	0.1203397
3190	-225.4367	-231.418	5.981284	0.04561605	0.009622788	0.03599326	0.009622788
3200	-214.3399	-220.4156	6.075697	0.03019495	0.01471609	0.01547886	0.01471609
3210	-214.171	-219.3938	5.22281	0.01933544	0.01045138	0.008884055	0.01045138
3220	-246.7699	-251.6057	4.835725	0.07711027	0.0314575	0.04565276	0.0314575
3230	-232.409	-238.0624	5.653452	0.05554841	0.01649039	0.03905802	0.01649039
3240	-214.3966	-220.4042	6.007587	0.03100701	0.003156786	0.02785023	0.003156786
3250	-215.8185	-221.9935	6.17498	0.03471912	0.01574427	0.01897486	0.01574427
3260	-230.9663	-235.3133	4.347039	0.06954123	0.05794863	0.01159261	0.05794863
3270	-228.9525	-234.563	5.610532	0.0580516	0.02832421	0.0297274	0.02832421
3280	-211.8608	-218.0254	6.164606	0.02409766	0.009386179	0.01471148	0.009386179
3290	-222.481	-228.3653	5.884292	0.04791063	0.0244575	0.02345313	0.0244575
3300	-215.8624	-222.0811	6.218733	0.03500701	0.01490001	0.020107	0.01490001
3310	-223.0683	-228.9144	5.846134	0.04910471	0.02552547	0.02357924	0.02552547
3320	-219.5859	-225.7736	6.187698	0.03888666	0.007762022	0.03112464	0.007762022
3330	-217.4036	-223.6761	6.272563	0.03744269	0.01184016	0.02560253	0.01184016
3340	-225.3332	-230.5549	5.221748	0.05521797	0.03998943	0.01522853	0.03998943
3350	-220.0883	-226.2418	6.153502	0.03917642	0.007129226	0.03204719	0.007129226
3360	-216.3889	-222.6976	6.308692	0.0358005	0.01101612	0.02478438	0.01101612
3370	-215.234	-221.5552	6.321179	0.03395296	0.01161194	0.02234102	0.01161194
3380	-213.5589	-219.8193	6.260405	0.03044208	0.004758619	0.02568346	0.004758619
3390	-215.2039	-221.5474	6.343467	0.0335214	0.008003239	0.02551816	0.008003239
3400	-210.1956	-216.2111	6.015458	0.02368892	0.002772342	0.02091658	0.002772342
3410	-243.1825	-247.5241	4.341627	0.1052308	0.08130522	0.02392556	0.08130522
3420	-220.0031	-226.1224	6.119277	0.04228612	0.0167817	0.02550442	0.0167817
3430	-212.0176	-217.8222	5.804582	0.01905493	0.007666567	0.01138836	0.007666567
3440	-215.382	-221.6105	6.228541	0.03399136	0.01440884	0.01958251	0.01440884
3450	-218.1995	-224.2805	6.080956	0.03609123	0.004587479	0.03150375	0.004587479
3460	-224.1282	-230.1297	6.001509	0.0432655	0.00730413	0.03596137	0.00730413
3470	-244.6187	-249.5878	4.969185	0.07344125	0.02861673	0.04482452	0.02861673
3480	-221.4971	-227.3029	5.80573	0.04651671	0.02677901	0.01973771	0.02677901
3490	-209.5788	-215.238	5.659161	0.0177348	0.002153785	0.01558102	0.002153785
3500	-210.8384	-217.1296	6.291245	0.02352414	0.006828926	0.01669521	0.006828926
3510	-220.1213	-225.8604	5.739142	0.04318129	0.02642207	0.01675922	0.02642207
3520	-228.6932	-234.5453	5.852057	0.04954277	0.01147961	0.03806316	0.01147961
3530	-212.0426	-217.8976	5.855055	0.02002987	0.008299941	0.01172993	0.008299941
3540	-220.287	-226.4551	6.168047	0.04151167	0.01289386	0.0286178	0.01289386
3550	-223.3407	-229.4054	6.064708	0.0437418	0.009988899	0.0337529	0.009988899
3560	-229.5371	-235.2665	5.729421	0.04717577	0.005707799	0.04146797	0.005707799
3570	-210.1583	-215.3286	5.170391	0.01585632	0.001466455	0.01438987	0.001466455
3580	-212.7082	-219.0136	6.305415	0.02917201	0.005038189	0.02413382	0.005038189
3590	-222.6448	-228.0881	5.443327	0.04861925	0.03321509	0.01540416	0.03321509
3600	-213.5548	-219.9305	6.375638	0.03084209	0.007375294	0.02346679	0.007375294
3610	-217.233	-223.4929	6.259904	0.0359645	0.007129562	0.02883494	0.007129562
3620	-238.771	-243.9942	5.22316	0.06769786	0.02760975	0.04008811	0.02760975
3630	-231.9691	-236.9176	4.948515	0.07315671	0.05469069	0.01846602	0.05469069
3640	-211.9575	-218.2571	6.299682	0.02782165	0.004761346	0.0230603	0.004761346
3650	-240.2726	-245.4915	5.218904	0.06689515	0.02411025	0.04278489	0.02411025
3660	-210.4938	-216.7357	6.241945	0.02206024	0.006095179	0.01596506	0.006095179
3670	-214.9123	-221.2256	6.313261	0.03332504	0.01199006	0.02133498	0.01199006
3680	-219.3459	-224.8223	5.476375	0.03964205	0.02649858	0.01314346	0.02649858
3690	-261.581	-265.9971	4.416118	0.08331031	0.02403232	0.05927799	0.02403232
3700	-236.6037	-241.8417	5.237995	0.06853815	0.03252362	0.03601453	0.03252362
3710	-218.777	-225.0113	6.234273	0.03911472	0.01120948	0.02790524	0.01120948
3720	-228.7324	-232.3088	3.576394	0.05835082	0.0506224	0.007728413	0.0506224
3730	-235.658	-240.1881	4.530119	0.08522316	0.06880759	0.01641557	0.06880759
3740	-210.2624	-216.4914	6.228931	0.02160566	0.005490618	0.01611504	0.005490618
3750	-218.7734	-224.7326	5.95921	0.04068381	0.02188622	0.01879759	0.02188622
3760	-226.4689	-232.411	5.942111	0.04686797	0.01020781	0.03666016	0.01020781
3770	-222.8309	-228.177	5.346109	0.04872093	0.03423504	0.01448589	0.03423504
3780	-213.2021	-218.9967	5.794584	0.02352555	0.01176246	0.01176309	0.01176246
3790	-214.9392	-220.9479	6.008689	0.03123759	0.01609413	0.01514346	0.01609413
3800	-218.3281	-224.2854	5.957283	0.03963739	0.02149627	0.01814112	0.02149627
3810	-213.1328	-219.4666	6.333818	0.02996591	0.005675674	0.02429023	0.005675674
3820	-211.7213	-218.0663	6.344999	0.02735799	0.005429657	0.02192833	0.005429657
3830	-236.4764	-241.1873	4.710912	0.08585652	0.06541113	0.02044539	0.06541113
3840	-218.006	-224.0038	5.997811	0.03902995	0.0205685	0.01846144	0.0205685
3850	-252.8754	-256.6889	3.813504	0.1298081	0.09870395	0.03110414	0.09870395
3860	-212.6624	-218.3292	5.666785	0.01936512	0.00872324	0.01064188	0.00872324
3870	-222.6016	-228.6176	6.015959	0.04609264	0.01796521	0.02812744	0.01796521
3880	-228.7061	-234.3933	5.687202	0.05582642	0.02417342	0.031653	0.02417342
3890	-256.3762	-259.742	3.365797	0.1596617	0.1340808	0.02558088	0.1340808
3900	-227.9357	-233.8185	5.882793	0.04875219	0.01128259	0.0374696	0.01128259
3910	-229.6138	-234.384	4.770237	0.06654885	0.05257108	0.01397777	0.05257108
3920	-221.4378	-226.9659	5.528081	0.0457195	0.03041512	0.01530439	0.03041512
3930	-286.2261	-290.1015	3.875471	0.09046375	0.01179179	0.07867197	0.01179179
3940	-216.6624	-222.9062	6.243822	0.03661146	0.01423928	0.02237218	0.01423928
3950	-219.0279	-224.7849	5.756954	0.04045685	0.0246052	0.01585165	0.0246052
3960	-225.5419	-231.2711	5.729195	0.05357079	0.02809563	0.02547516	0.02809563
3970	-249.2849	-254.3432	5.058286	0.06691933	0.01310972	0.05380961	0.01310972
3980	-214.8975	-220.8897	5.992215	0.03164339	0.003167173	0.02847622	0.003167173
3990	-211.4766	-215.3416	3.864979	0.02236176	0.000545052	0.02181671	0.000545052
4000	-211.1269	-217.2208	6.093952	0.02094884	0.00724771	0.01370113	0.00724771
4010	-211.9699	-218.3349	6.364927	0.02722269	0.008173934	0.01904875	0.008173934
4020	-229.5619	-235.3636	5.801712	0.04839175	0.007845639	0.04054611	0.007845639
4030	-210.1963	-215.7224	5.526176	0.01590423	0.002171572	0.01373266	0.002171572
4040	-231.0161	-236.3785	5.362455	0.06542494	0.03870153	0.02672342	0.03870153
4050	-214.2468	-220.3377	6.090959	0.03007356	0.01447202	0.01560154	0.01447202
4060	-214.6827	-221.0027	6.319947	0.03287972	0.01173188	0.02114784	0.01173188
4070	-210.4821	-216.6855	6.203392	0.02454577	0.003749978	0.02079579	0.003749978
4080	-236.0606	-241.259	5.198413	0.07043677	0.03681947	0.0336173	0.03681947
4090	-214.6971	-220.32	5.622848	0.02678056	0.01540823	0.01137233	0.01540823
4100	-224.786	-230.5484	5.762428	0.04213968	0.004025268	0.03811441	0.004025268
4110	-231.4401	-237.1041	5.664036	0.05573141	0.01848818	0.03724322	0.01848818
4120	-213.3528	-219.7283	6.375504	0.0304767	0.007119621	0.02335708	0.007119621
4130	-227.0482	-232.9052	5.856967	0.05082417	0.01731385	0.03351032	0.01731385
4140	-252.1289	-256.1812	4.052282	0.1127124	0.0758266	0.03688577	0.0758266
4150	-210.9129	-217.2528	6.339827	0.02472387	0.006407917	0.01831595	0.006407917
4160	-230.2493	-235.9327	5.683311	0.05559017	0.02041387	0.0351763	0.02041387
4170	-264.8611	-266.7511	1.890033	0.2388743	0.2256522	0.01322208	0.2256522
4180	-209.9306	-216.1429	6.21227	0.02164118	0.004483573	0.0171576	0.004483573
4190	-227.0539	-232.8389	5.785043	0.05301325	0.02207345	0.0309398	0.02207345
4200	-229.7811	-235.462	5.680867	0.05582883	0.02183203	0.0339968	0.02183203
4210	-237.2378	-242.7516	5.513751	0.05725577	0.01230635	0.04494942	0.01230635
4220	-210.7925	-216.1831	5.390666	0.01482448	0.002108062	0.01271642	0.002108062
4230	-233.108	-238.4696	5.361672	0.0655916	0.03387583	0.03171577	0.03387583
4240	-211.2065	-217.5058	6.299299	0.02627402	0.004657734	0.02161628	0.004657734
4250	-218.1895	-224.2299	6.040447	0.03590823	0.004214938	0.03169329	0.004214938
4260	-285.8586	-287.8168	1.958235	0.2033751	0.14963	0.05374505	0.14963
4270	-241.2862	-245.7602	4.474032	0.09892974	0.07536718	0.02356256	0.07536718
4280	-218.5332	-224.4389	5.905762	0.03585777	0.003409957	0.03244781	0.003409957
4290	-216.3968	-222.6041	6.207308	0.03609933	0.01538232	0.02071701	0.01538232
4300	-224.1903	-229.5529	5.362602	0.04040069	0.002235561	0.03816513	0.002235561
4310	-216.8336	-222.9511	6.117549	0.03679043	0.01756655	0.01922388	0.01756655
4320	-210.2162	-216.4112	6.194967	0.02096493	0.005338442	0.01562649	0.005338442
4330	-215.7182	-221.4651	5.746907	0.03116831	0.01818629	0.01298202	0.01818629
4340	-213.9552	-220.2128	6.257683	0.03082332	0.01259008	0.01823324	0.01259008
4350	-226.4838	-231.6655	5.181681	0.05830171	0.0425052	0.01579651	0.0425052
4360	-209.9484	-214.7673	4.818964	0.01726698	0.001027706	0.01623927	0.001027706
4370	-221.5388	-227.5666	6.027756	0.04509989	0.01920144	0.02589845	0.01920144
4380	-229.84	-235.461	5.621051	0.05772245	0.02552174	0.03220071	0.02552174
4390	-211.8523	-217.1196	5.267291	0.01359153	0.002295795	0.01129573	0.002295795
4400	-213.2965	-219.6455	6.348991	0.03029749	0.006106732	0.02419076	0.006106732
4410	-230.2982	-235.3934	5.095228	0.06830324	0.04948871	0.01881453	0.04948871
4420	-221.0082	-227.0735	6.065334	0.04404718	0.01807394	0.02597323	0.01807394
4430	-236.9886	-241.4492	4.460666	0.08955799	0.07270519	0.01685279	0.07270519
4440	-218.1269	-223.9731	5.846185	0.03860209	0.02246771	0.01613438	0.02246771
4450	-231.0475	-236.4029	5.355413	0.06562411	0.03904586	0.02657824	0.03904586
4460	-225.7743	-231.7404	5.966091	0.04694783	0.01176174	0.03518609	0.01176174
4470	-225.9786	-230.9303	4.951723	0.05612073	0.04300322	0.01311751	0.04300322
4480	-222.5947	-228.5777	5.982973	0.04672853	0.01984916	0.02687937	0.01984916
4490	-213.5266	-219.4289	5.90232	0.02594593	0.01307677	0.01286916	0.01307677
4500	-222.9073	-226.9836	4.076304	0.0419593	0.03418533	0.00777397	0.03418533
4510	-228.2113	-234.0738	5.862518	0.04750396	0.008374546	0.03912941	0.008374546
4520	-224.2236	-230.029	5.805338	0.05103882	0.02618163	0.02485719	0.02618163
4530	-211.9987	-218.3717	6.37307	0.02788303	0.006251811	0.02163121	0.006251811
4540	-235.2915	-239.8703	4.578815	0.08394454	0.06725463	0.01668991	0.06725463
4550	-226.662	-229.3426	2.680599	0.04702334	0.04149403	0.005529307	0.04149403
4560	-232.4316	-238.0574	5.625845	0.05658918	0.01836577	0.03822341	0.01836577
4570	-231.411	-236.9127	5.501715	0.06125726	0.02914718	0.03211008	0.02914718
4580	-209.7774	-214.8433	5.065865	0.01991878	0.001151158	0.01876762	0.001151158
4590	-227.8801	-233.6908	5.810701	0.05212082	0.01824646	0.03387436	0.01824646
4600	-239.0466	-244.1108	5.064242	0.07391014	0.03747714	0.03643301	0.03747714
4610	-222.9119	-227.4659	4.554068	0.04467825	0.03525959	0.009418659	0.03525959
4620	-215.3641	-221.6616	6.297429	0.03418603	0.01255341	0.02163262	0.01255341
4630	-219.423	-225.0963	5.673383	0.0410487	0.02586236	0.01518635	0.02586236
4640	-214.3994	-220.2103	5.810885	0.02773858	0.01510285	0.01263573	0.01510285
4650	-226.7494	-231.8714	5.122	0.05892455	0.04359426	0.01533029	0.04359426
4660	-216.6285	-222.8854	6.256925	0.03651982	0.01373841	0.02278142	0.01373841
4670	-283.5689	-285.2906	1.721725	0.248073	0.2038947	0.04417836	0.2038947
4680	-244.3622	-248.433	4.070806	0.1148359	0.09509472	0.01974118	0.09509472
4690	-217.4153	-221.7285	4.313212	0.01097006	0.004236793	0.00673327	0.004236793
4700	-261.9032	-265.0281	3.124938	0.1693792	0.1371913	0.03218795	0.1371913
4710	-218.6981	-222.7049	4.006804	0.02720756	0.02061823	0.006589328	0.02061823
4720	-224.9308	-230.8006	5.869794	0.04289924	0.005143815	0.03775543	0.005143815
4730	-216.3951	-222.7116	6.316519	0.03552878	0.009535949	0.02599283	0.009535949
4740	-232.3028	-237.5764	5.273537	0.0684381	0.04146685	0.02697125	0.04146685
4750	-219.0225	-225.0851	6.062533	0.04124216	0.01966205	0.02158011	0.01966205
4760	-216.869	-223.1258	6.256826	0.0353566	0.00661189	0.02874471	0.00661189
4770	-240.841	-244.5423	3.701267	0.1042883	0.09192288	0.01236547	0.09192288
4780	-226.1804	-231.9098	5.729395	0.05407998	0.02712308	0.0269569	0.02712308
4790	-215.9795	-222.2906	6.311117	0.03523297	0.0115538	0.02367917	0.0115538
4800	-246.5287	-250.6142	4.085522	0.117933	0.09393615	0.02399683	0.09393615
4810	-212.2014	-218.3764	6.174988	0.02521736	0.01016134	0.01505602	0.01016134
4820	-215.2702	-221.3609	6.090722	0.03281395	0.0161457	0.01666825	0.0161457
4830	-240.2346	-245.5492	5.314639	0.06338199	0.01843762	0.04494437	0.01843762
4840	-210.4433	-216.7397	6.296407	0.02407767	0.004867114	0.01921056	0.004867114
4850	-211.4679	-217.6057	6.137787	0.02258482	0.008369394	0.01421543	0.008369394
4860	-218.2603	-224.4658	6.205501	0.03927052	0.01468046	0.02459006	0.01468046
4870	-221.3501	-227.246	5.895897	0.04600516	0.02444717	0.02155799	0.02444717
4880	-212.5057	-218.8588	6.353044	0.0288979	0.005810366	0.02308753	0.005810366
4890	-229.4834	-234.8099	5.326541	0.04520853	0.002716985	0.04249155	0.002716985
4900	-209.5716	-215.1872	5.615582	0.0177207	0.002043283	0.01567741	0.002043283
4910	-228.5703	-234.2991	5.728835	0.0545778	0.02186542	0.03271238	0.02186542
4920	-210.8926	-216.8221	5.929563	0.01789117	0.005257921	0.01263325	0.005257921
4930	-249.8912	-254.6992	4.808024	0.07598665	0.02599994	0.0499867	0.02599994
4940	-211.2794	-217.6134	6.333977	0.02518211	0.007456358	0.01772575	0.007456358
4950	-234.0363	-238.9033	4.867047	0.07865367	0.05880634	0.01984733	0.05880634
4960	-215.7354	-222.0084	6.273019	0.03376648	0.006038531	0.02772795	0.006038531
4970	-215.2838	-220.037	4.753183	0.01620498	0.008763241	0.007441742	0.008763241
4980	-218.1585	-224.0086	5.850105	0.03870612	0.02248356	0.01622256	0.02248356
4990	-215.1829	-221.4571	6.274186	0.0337556	0.01324141	0.02051419	0.01324141
5000	-210.3777	-216.4923	6.114539	0.01981848	0.005395496	0.01442298	0.005395496
5010	-215.5105	-221.6033	6.092843	0.03345798	0.01647481	0.01698317	0.01647481
5020	-235.9488	-240.279	4.330171	0.08649679	0.07207634	0.01442046	0.07207634
5030	-227.6523	-232.0783	4.426003	0.05895204	0.04836851	0.01058353	0.04836851
5040	-254.6474	-257.3332	2.685855	0.1707237	0.157822	0.01290178	0.157822
5050	-232.6206	-236.8799	4.259316	0.07485038	0.06300579	0.01184459	0.06300579
5060	-224.4836	-230.0875	5.603834	0.05318979	0.03301927	0.02017053	0.03301927
5070	-250.0242	-254.0284	4.004189	0.1207486	0.09078301	0.02996557	0.09078301
5080	-225.9948	-231.4466	5.451783	0.05694454	0.03755416	0.01939038	0.03755416
5090	-236.9326	-242.4546	5.522014	0.05723021	0.01267848	0.04455173	0.01267848
5100	-222.0595	-225.5514	3.491889	0.03590152	0.02968476	0.00621676	0.02968476
5110	-216.9656	-223.1981	6.232429	0.03716516	0.01455026	0.0226149	0.01455026
5120	-213.1402	-219.4476	6.307389	0.02990498	0.005222345	0.02468263	0.005222345
5130	-222.1849	-228.2531	6.068122	0.04124717	0.006980824	0.03426635	0.006980824
5140	-237.858	-242.3126	4.454615	0.09213538	0.07440529	0.01773009	0.07440529
5150	-213.8831	-219.2319	5.34873	0.01996576	0.01060645	0.00935931	0.01060645
5160	-215.7872	-220.3751	4.587857	0.014977	0.007930154	0.007046851	0.007930154
5170	-233.9289	-239.5325	5.603619	0.05645581	0.01569966	0.04075615	0.01569966
5180	-227.7503	-233.4924	5.742084	0.05424942	0.02307345	0.03117596	0.02307345
5190	-232.326	-236.6689	4.342918	0.07411913	0.06187242	0.01224671	0.06187242
5200	-215.4845	-221.4238	5.939319	0.03228136	0.003026118	0.02925524	0.003026118
5210	-215.7258	-221.5934	5.867626	0.03223133	0.01806303	0.0141683	0.01806303
5220	-213.7482	-220.0641	6.315911	0.03081513	0.0113583	0.01945683	0.0113583
5230	-275.8551	-272.9436	-2.91155	0.3130025	0.3091929	0.003809619	0.3091929
5240	-214.7502	-220.4054	5.655222	0.02728091	0.01565156	0.01162935	0.01565156
5250	-227.7714	-233.3135	5.542081	0.04427028	0.003360462	0.04090982	0.003360462
5260	-219.7196	-225.4606	5.740999	0.04216888	0.02582005	0.01634883	0.02582005
5270	-215.2979	-221.6436	6.345664	0.03376312	0.008582762	0.02518036	0.008582762
5280	-218.1231	-223.2495	5.126463	0.03355287	0.02337034	0.01018253	0.02337034
5290	-215.8862	-222.1172	6.230956	0.0350967	0.01461593	0.02048077	0.01461593
5300	-246.3171	-250.9317	4.614636	0.08767365	0.04794856	0.0397251	0.04794856
5310	-222.2614	-228.3687	6.107316	0.04274914	0.01027219	0.03247695	0.01027219
5320	-222.1506	-227.8958	5.745197	0.04797431	0.02847718	0.01949712	0.02847718
5330	-239.4194	-244.6866	5.267167	0.06564296	0.02326529	0.04237768	0.02326529
5340	-239.3887	-244.6067	5.218047	0.06748998	0.02634816	0.04114183	0.02634816
5350	-225.9287	-231.1233	5.194568	0.0567981	0.04135622	0.01544188	0.04135622
5360	-220.4319	-226.6032	6.171279	0.04134612	0.01189465	0.02945146	0.01189465
5370	-210.2701	-216.3777	6.107554	0.01962657	0.00509474	0.01453183	0.00509474
5380	-227.3165	-232.8393	5.522783	0.05875366	0.03543985	0.02331382	0.03543985
5390	-257.2031	-261.877	4.673868	0.07661518	0.01898685	0.05762834	0.01898685
5400	-229.7976	-235.417	5.61944	0.05777871	0.02573087	0.03204783	0.02573087
5410	-219.5869	-225.1865	5.599547	0.04107385	0.02657409	0.01449976	0.02657409
5420	-213.3142	-219.6895	6.375244	0.03032411	0.009145497	0.02117862	0.009145497
5430	-221.1383	-225.734	4.59571	0.03941143	0.03042077	0.008990657	0.03042077
5440	-221.0467	-227.1128	6.066053	0.04406845	0.01798465	0.0260838	0.01798465
5450	-230.5215	-235.7291	5.207596	0.06780274	0.04635617	0.02144656	0.04635617
5460	-213.685	-220.063	6.37807	0.03109334	0.007849535	0.0232438	0.007849535
5470	-243.7441	-248.363	4.618978	0.09084843	0.05679516	0.03405328	0.05679516
5480	-224.0762	-228.8996	4.823347	0.0394039	0.001346444	0.03805745	0.001346444
5490	-222.1917	-228.3017	6.109968	0.042801	0.01057588	0.03222512	0.01057588
5500	-222.9866	-228.8408	5.854235	0.04890987	0.02526825	0.02364163	0.02526825
5510	-213.0793	-219.0117	5.932448	0.02485554	0.01199435	0.01286119	0.01199435
5520	-220.1662	-226.1903	6.024006	0.04336574	0.02063085	0.02273489	0.02063085
5530	-225.4894	-230.8315	5.342063	0.0558632	0.03894431	0.01691889	0.03894431
5540	-214.2572	-220.0668	5.809644	0.02727411	0.01474357	0.01253054	0.01474357
5550	-214.2154	-220.1167	5.90125	0.02809677	0.01475684	0.01333994	0.01475684
5560	-224.7876	-230.7937	6.006135	0.04490428	0.009436269	0.03546801	0.009436269
5570	-237.3704	-242.6637	5.293338	0.06593201	0.02679267	0.03913934	0.02679267
5580	-218.8903	-225.0954	6.205102	0.03994819	0.01366115	0.02628703	0.01366115
5590	-220.5585	-226.7248	6.166245	0.04151147	0.01192656	0.02958491	0.01192656
5600	-222.6324	-228.7235	6.091032	0.04282627	0.009546384	0.03327988	0.009546384
5610	-222.3617	-226.7223	4.360595	0.04184805	0.0333302	0.008517852	0.0333302
5620	-245.901	-250.8706	4.96958	0.0725541	0.0256202	0.04693389	0.0256202
5630	-258.2536	-262.9852	4.73168	0.06831644	0.006129114	0.06218733	0.006129114
5640	-254.0272	-258.7949	4.767626	0.06430418	0.004509407	0.05979478	0.004509407
5650	-222.4149	-227.8206	5.405665	0.04783201	0.03305771	0.0147743	0.03305771
5660	-209.4841	-215.3218	5.837651	0.01871728	0.002556755	0.01616053	0.002556755
5670	-214.3943	-220.6823	6.288011	0.03209106	0.01247227	0.01961879	0.01247227
5680	-224.374	-230.384	6.01001	0.04393927	0.008215034	0.03572423	0.008215034
5690	-226.1314	-231.3135	5.182033	0.05734052	0.04186034	0.01548018	0.04186034
5700	-213.8633	-219.2912	5.4279	0.02116446	0.01140422	0.009760243	0.01140422
5710	-217.9349	-224.1044	6.169494	0.03901258	0.01646405	0.02254854	0.01646405
5720	-214.613	-220.3479	5.734831	0.02764235	0.01549675	0.0121456	0.01549675
5730	-214.6029	-219.5324	4.92943	0.01190658	0.003235902	0.008670677	0.003235902
5740	-228.5587	-234.4046	5.845888	0.05026682	0.01314324	0.03712357	0.01314324
5750	-221.7929	-226.932	5.139122	0.04466841	0.03261612	0.01205228	0.03261612
5760	-260.5252	-263.4003	2.875081	0.1931545	0.1716445	0.02150993	0.1716445
5770	-220.7417	-226.6747	5.933028	0.04475825	0.02337464	0.02138361	0.02337464
5780	-242.7169	-247.6462	4.929287	0.07658653	0.03610906	0.04047747	0.03610906
5790	-210.4154	-216.2372	5.821739	0.01666166	0.003524838	0.01313683	0.003524838
5800	-268.6595	-272.7721	4.112664	0.09026032	0.02672679	0.06353352	0.02672679
5810	-258.4283	-262.3944	3.96606	0.1061739	0.05867653	0.04749736	0.05867653
5820	-217.0212	-223.2871	6.265979	0.03569795	0.007081725	0.02861623	0.007081725
5830	-213.512	-219.5434	6.031388	0.02736249	0.01316553	0.01419696	0.01316553
5840	-215.2803	-221.6242	6.343923	0.03368941	0.008276007	0.02541341	0.008276007
5850	-211.64	-217.8114	6.171381	0.02357292	0.008869241	0.01470368	0.008869241
5860	-218.0489	-224.0647	6.015842	0.03918836	0.02031112	0.01887724	0.02031112
5870	-221.161	-227.2422	6.081227	0.04391475	0.01695606	0.0269587	0.01695606
5880	-212.9493	-219.3131	6.363712	0.02941101	0.00942703	0.01998398	0.00942703
5890	-232.047	-237.3943	5.347293	0.06617722	0.0374801	0.02869712	0.0374801
5900	-231.9126	-237.4649	5.552261	0.05940805	0.02455182	0.03485624	0.02455182
5910	-212.6617	-218.9895	6.327806	0.02833431	0.009929222	0.01840509	0.009929222
5920	-225.3321	-231.2974	5.965276	0.04755804	0.01404289	0.03351514	0.01404289
5930	-234.1737	-239.5131	5.339447	0.04950008	0.003562159	0.04593792	0.003562159
5940	-213.2298	-219.5211	6.29127	0.03000744	0.005025953	0.02498149	0.005025953
5950	-213.0063	-219.3441	6.337793	0.02927786	0.01016829	0.01910957	0.01016829
5960	-219.5788	-225.4289	5.850141	0.04225059	0.02436788	0.01788271	0.02436788
5970	-216.0924	-222.3587	6.266356	0.03555416	0.01357143	0.02198274	0.01357143
5980	-212.1307	-216.7361	4.605474	0.02525052	0.0008425331	0.02440799	0.0008425331
5990	-245.5283	-249.0397	3.511363	0.1239801	0.1102643	0.01371583	0.1102643
6000	-236.874	-240.8915	4.017526	0.08941932	0.07699191	0.01242741	0.07699191
6010	-253.6977	-258.0689	4.371165	0.09100203	0.04326053	0.0477415	0.04326053
6020	-222.1756	-227.9441	5.768537	0.0479846	0.02797073	0.02001387	0.02797073
6030	-223.159	-228.884	5.724994	0.05008099	0.02942207	0.02065892	0.02942207
6040	-213.8123	-220.1892	6.37692	0.0313404	0.008746479	0.02259392	0.008746479
6050	-210.7302	-216.4995	5.769214	0.01617489	0.003633757	0.01254113	0.003633757
6060	-241.8905	-247.2103	5.319769	0.0618861	0.01388596	0.04800014	0.01388596
6070	-220.5665	-226.4648	5.898356	0.04449477	0.02423474	0.02026004	0.02423474
6080	-250.4409	-254.7895	4.348629	0.0964527	0.05510517	0.04134753	0.05510517
6090	-274.4448	-277.6123	3.167559	0.1287651	0.07108487	0.05768027	0.07108487
6100	-214.1993	-220.2549	6.055629	0.02960912	0.01453257	0.01507655	0.01453257
6110	-219.42	-225.5685	6.148457	0.03812224	0.00627312	0.03184912	0.00627312
6120	-216.6977	-222.9524	6.254713	0.03664982	0.01379013	0.0228597	0.01379013
6130	-234.9139	-239.3749	4.461003	0.08301797	0.06807682	0.01494115	0.06807682
6140	-209.759	-215.8846	6.125657	0.02203618	0.00342522	0.01861096	0.00342522
6150	-229.3663	-235.1006	5.734294	0.05419104	0.01940135	0.03478969	0.01940135
6160	-229.8561	-235.479	5.622896	0.05766228	0.02536378	0.03229851	0.02536378
6170	-218.8273	-224.8926	6.06525	0.04086602	0.01958197	0.02128405	0.01958197
6180	-221.224	-227.37	6.145951	0.04195015	0.01107318	0.03087697	0.01107318
6190	-265.4206	-268.2867	2.866108	0.185556	0.1524559	0.0331001	0.1524559
6200	-209.7097	-215.4789	5.769201	0.01752404	0.002570461	0.01495358	0.002570461
6210	-239.4195	-244.2475	4.828059	0.08434956	0.05429561	0.03005394	0.05429561
6220	-214.8609	-219.7859	4.924962	0.01332381	0.005333411	0.007990399	0.005333411
6230	-230.321	-235.762	5.441053	0.06303955	0.03548695	0.0275526	0.03548695
6240	-222.2972	-227.6692	5.371999	0.04735449	0.03302707	0.01432742	0.03302707
6250	-232.7598	-237.727	4.967191	0.07483639	0.05492333	0.01991306	0.05492333
6260	-248.6999	-252.4233	3.723394	0.1336511	0.1140935	0.01955767	0.1140935
6270	-218.4599	-224.4787	6.018851	0.04010809	0.02055115	0.01955694	0.02055115
6280	-214.0438	-219.5041	5.460268	0.02244501	0.012421	0.01002401	0.012421
6290	-224.7657	-230.6406	5.874889	0.05019489	0.02178056	0.02841433	0.02178056
6300	-241.9648	-246.4568	4.491968	0.0987028	0.07313182	0.02557098	0.07313182
6310	-233.0074	-238.5791	5.571704	0.0582394	0.0204019	0.0378375	0.0204019
6320	-211.7953	-217.8801	6.084816	0.02276519	0.009057444	0.01370775	0.009057444
6330	-247.1917	-252.1122	4.920465	0.07354139	0.02552838	0.04801301	0.02552838
6340	-221.3838	-227.0824	5.698661	0.04618254	0.02857011	0.01761243	0.02857011
6350	-235.3282	-240.4057	5.077464	0.07535645	0.04733414	0.02802231	0.04733414
6360	-214.2171	-220.0868	5.869673	0.0277836	0.01474278	0.01304082	0.01474278
6370	-215.829	-221.6407	5.811633	0.03206137	0.01838844	0.01367292	0.01838844
6380	-214.6489	-220.5561	5.907187	0.02946973	0.01574192	0.01372781	0.01574192
6390	-210.0586	-216.196	6.137435	0.02001363	0.004755392	0.01525824	0.004755392
6400	-239.6283	-244.2341	4.605763	0.09314359	0.06945148	0.02369211	0.06945148
6410	-230.613	-235.8269	5.213875	0.06788155	0.04612509	0.02175646	0.04612509
6420	-213.5809	-219.7524	6.171483	0.02904139	0.01287355	0.01616784	0.01287355
6430	-236.5862	-242.0115	5.425316	0.06154891	0.02053731	0.0410116	0.02053731
6440	-224.1607	-230.0105	5.849743	0.05029032	0.02418091	0.02610941	0.02418091
6450	-226.9933	-232.6234	5.630062	0.05665214	0.03093553	0.02571662	0.03093553
6460	-224.3382	-230.2564	5.918185	0.04903443	0.02014264	0.02889178	0.02014264
6470	-215.9791	-221.5899	5.610722	0.03076792	0.01872391	0.01204401	0.01872391
6480	-215.3505	-221.4738	6.123302	0.03327179	0.0159512	0.01732059	0.0159512
6490	-224.3442	-230.3502	6.006074	0.04644174	0.01382206	0.03261968	0.01382206
6500	-257.8305	-262.3784	4.547946	0.08068324	0.0241258	0.05655744	0.0241258
6510	-228.0342	-233.1495	5.11531	0.06247346	0.04600723	0.01646622	0.04600723
6520	-224.1174	-230.0202	5.902827	0.04926994	0.02146474	0.02780519	0.02146474
6530	-220.3883	-226.5236	6.135229	0.0423634	0.01518524	0.02717816	0.01518524
6540	-219.7791	-225.9383	6.159155	0.04147547	0.0148987	0.02657677	0.0148987
6550	-209.9871	-216.204	6.216803	0.02270891	0.00408419	0.01862472	0.00408419
6560	-235.068	-240.1277	5.059667	0.07591884	0.04908177	0.02683707	0.04908177
6570	-226.2125	-231.7235	5.510919	0.05708483	0.03610671	0.02097813	0.03610671
6580	-215.6655	-221.8332	6.167711	0.03433072	0.01573056	0.01860016	0.01573056
6590	-209.8602	-216.0109	6.150657	0.02042029	0.004329607	0.01609068	0.004329607
6600	-210.7042	-216.4482	5.744061	0.01602231	0.003446258	0.01257605	0.003446258
6610	-232.8702	-238.491	5.62085	0.05008395	0.006052251	0.0440317	0.006052251
6620	-219.884	-225.8813	5.997249	0.04299099	0.02153178	0.02145921	0.02153178
6630	-219.4319	-225.5008	6.068888	0.04193533	0.01938062	0.02255471	0.01938062
6640	-240.3573	-245.2723	4.915047	0.07945559	0.04438709	0.0350685	0.04438709
6650	-212.6973	-218.9904	6.293175	0.02802183	0.01045181	0.01757002	0.01045181
6660	-217.8561	-224.0938	6.237726	0.03670818	0.007143108	0.02956507	0.007143108
6670	-265.9697	-267.5317	1.56196	0.2487582	0.237136	0.01162223	0.237136
6680	-228.3092	-233.9074	5.598243	0.0581943	0.03041229	0.02778201	0.03041229
6690	-211.7769	-217.1126	5.335685	0.01378994	0.002486607	0.01130333	0.002486607
6700	-242.1413	-245.4668	3.325558	0.1089294	0.0981942	0.01073522	0.0981942
6710	-237.8911	-239.439	1.547861	0.08257763	0.07735337	0.005224262	0.07735337
6720	-212.5219	-218.9071	6.38514	0.02890485	0.007086317	0.02181853	0.007086317
6730	-210.9767	-217.0111	6.034372	0.01962253	0.006414356	0.01320818	0.006414356
6740	-229.4789	-234.8115	5.332627	0.06447036	0.04189251	0.02257785	0.04189251
6750	-211.355	-217.4688	6.113839	0.02188923	0.007975919	0.01391331	0.007975919
6760	-222.2794	-228.2894	6.010027	0.04074232	0.005710939	0.03503138	0.005710939
6770	-237.5795	-241.9227	4.343211	0.09189456	0.07597736	0.0159172	0.07597736
6780	-228.4067	-233.9641	5.557387	0.05920676	0.03249182	0.02671494	0.03249182
6790	-220.8648	-227.0256	6.160777	0.04131957	0.01046164	0.03085793	0.01046164
6800	-221.4922	-227.6143	6.12208	0.04301932	0.01312142	0.02989789	0.01312142
6810	-226.5552	-231.848	5.292802	0.05856989	0.04118105	0.01738884	0.04118105
6820	-227.0099	-232.9282	5.918272	0.04692502	0.009331944	0.03759307	0.009331944
6830	-220.2118	-225.7551	5.543365	0.04246869	0.02804833	0.01442035	0.02804833
6840	-212.2249	-217.2663	5.041397	0.02615814	0.001137114	0.02502103	0.001137114
6850	-226.6906	-231.7844	5.093786	0.04220499	0.001866774	0.04033822	0.001866774
6860	-236.4123	-240.9254	4.513045	0.08755767	0.07059381	0.01696386	0.07059381
6870	-234.0069	-239.6002	5.593261	0.0511971	0.006407089	0.04479001	0.006407089
6880	-226.3175	-232.0664	5.748946	0.05373764	0.02581577	0.02792188	0.02581577
6890	-216.6349	-222.8581	6.223181	0.0365827	0.01495336	0.02162934	0.01495336
6900	-230.7816	-236.1596	5.378034	0.06489954	0.03823939	0.02666015	0.03823939
6910	-219.1737	-224.2034	5.029609	0.03612549	0.025976	0.01014949	0.025976
6920	-209.8573	-216.0531	6.195793	0.02185078	0.004105332	0.01774545	0.004105332
6930	-217.9622	-224.2144	6.252204	0.03830715	0.01219887	0.02610828	0.01219887
6940	-211.5732	-217.3857	5.81246	0.01761685	0.006057302	0.01155955	0.006057302
6950	-243.3591	-247.7822	4.423136	0.1018198	0.07507869	0.02674113	0.07507869
6960	-231.3632	-237.0303	5.667025	0.05566306	0.01849586	0.0371672	0.01849586
6970	-228.6919	-234.3058	5.613871	0.05791495	0.02870757	0.02920738	0.02870757
6980	-211.7595	-217.4032	5.643697	0.02638336	0.001865587	0.02451778	0.001865587
6990	-238.8425	-244.0959	5.253445	0.06651049	0.02553378	0.04097671	0.02553378
7000	-220.3641	-226.5023	6.138245	0.04229065	0.01502859	0.02726206	0.01502859
7010	-223.5516	-229.4265	5.874974	0.04932527	0.02380201	0.02552325	0.02380201
7020	-220.9638	-225.5976	4.633782	0.03910957	0.03002843	0.009081137	0.03002843
7030	-210.0056	-216.2252	6.219626	0.02277097	0.004100753	0.01867022	0.004100753
7040	-226.6342	-232.3923	5.758057	0.05364981	0.02465708	0.02899273	0.02465708
7050	-227.6882	-233.3075	5.619325	0.05738286	0.03038526	0.0269976	0.03038526
7060	-238.3338	-243.0201	4.686206	0.08943952	0.06623043	0.02320909	0.06623043
7070	-231.1481	-236.381	5.232959	0.06839751	0.04513536	0.02326215	0.04513536
7080	-212.7872	-219.1334	6.346197	0.02940345	0.005775248	0.0236282	0.005775248
7090	-218.9274	-224.6008	5.67344	0.03971197	0.02496509	0.01474688	0.02496509
7100	-211.6019	-217.3296	5.727647	0.01636798	0.005086847	0.01128114	0.005086847
7110	-225.9268	-231.8341	5.907305	0.04945063	0.01687455	0.03257607	0.01687455
7120	-215.8232	-220.5584	4.735194	0.02131517	0.0136305	0.007684663	0.0136305
7130	-210.1645	-214.9333	4.768714	0.01638479	0.001027333	0.01535746	0.001027333
7140	-233.9332	-238.7561	4.822961	0.07883409	0.05996132	0.01887277	0.05996132
7150	-231.8934	-236.8673	4.973901	0.07280699	0.05400454	0.01880245	0.05400454
7160	-219.3813	-225.5954	6.214053	0.03980276	0.01102546	0.0287773	0.01102546
7170	-237.9149	-242.0326	4.117721	0.0933751	0.07952477	0.01385033	0.07952477
7180	-250.7915	-254.109	3.317416	0.1477526	0.1318046	0.01594801	0.1318046
7190	-212.1693	-218.4401	6.27077	0.02817061	0.004478465	0.02369215	0.004478465
7200	-217.8732	-223.4925	5.619354	0.0364192	0.02304707	0.01337213	0.02304707
7210	-210.2388	-216.4858	6.247008	0.02367087	0.004227125	0.01944375	0.004227125
7220	-209.5458	-215.2118	5.665982	0.01790058	0.00214606	0.01575453	0.00214606
7230	-228.2417	-233.8622	5.620555	0.05761336	0.02927208	0.02834128	0.02927208
7240	-252.6181	-256.3529	3.734763	0.1364316	0.1086379	0.02779373	0.1086379
7250	-241.443	-246.2992	4.85625	0.05412154	0.002595076	0.05152647	0.002595076
7260	-222.4839	-228.4731	5.989275	0.04653343	0.01970123	0.0268322	0.01970123
7270	-219.0942	-225.0647	5.970442	0.03671861	0.003941631	0.03277698	0.003941631
7280	-230.5393	-234.83	4.290678	0.06786398	0.05679543	0.01106854	0.05679543
7290	-227.613	-233.2593	5.646268	0.05672416	0.02905341	0.02767074	0.02905341
7300	-222.5372	-228.5485	6.011266	0.04615794	0.01836589	0.02779206	0.01836589
7310	-241.3463	-246.5637	5.217434	0.06628215	0.02165078	0.04463137	0.02165078
7320	-217.0656	-223.2159	6.150304	0.03738383	0.01701174	0.02037209	0.01701174
7330	-211.1983	-216.9713	5.773015	0.01634284	0.004507241	0.0118356	0.004507241
7340	-225.586	-231.5034	5.9174	0.04919158	0.01711026	0.03208133	0.01711026
7350	-218.6947	-224.5872	5.892573	0.04026336	0.02277881	0.01748455	0.02277881
7360	-212.8822	-219.0032	6.120991	0.02651608	0.01170585	0.01481023	0.01170585
7370	-241.0918	-245.5843	4.492506	0.09813924	0.07448029	0.02365895	0.07448029
7380	-218.4762	-224.7235	6.247302	0.03820525	0.009453134	0.02875212	0.009453134
7390	-214.3476	-219.902	5.554364	0.02480133	0.01407016	0.01073117	0.01407016
7400	-219.4369	-225.454	6.017147	0.03731865	0.004429766	0.03288888	0.004429766
7410	-216.5005	-222.4986	5.998119	0.035342	0.01874807	0.01659392	0.01874807
7420	-213.7105	-220.0022	6.291679	0.03051775	0.01178863	0.01872912	0.01178863
7430	-245.3355	-250.5613	5.225805	0.06125561	0.008846281	0.05240933	0.008846281
7440	-220.9259	-226.1207	5.194847	0.04245236	0.03049563	0.01195673	0.03049563
7450	-210.932	-217.1737	6.241728	0.02284649	0.00718704	0.01565945	0.00718704
7460	-235.6845	-241.2096	5.525133	0.05834086	0.01635488	0.04198599	0.01635488
7470	-235.2436	-240.498	5.254428	0.06868805	0.03526571	0.03342234	0.03526571
7480	-245.2903	-249.3144	4.024083	0.1180565	0.09781739	0.02023911	0.09781739
7490	-269.285	-271.5804	2.295374	0.241683	0.2165554	0.0251277	0.2165554
7500	-211.5841	-217.9449	6.360877	0.02701038	0.005824709	0.02118567	0.005824709
7510	-230.1649	-235.7388	5.573966	0.05914601	0.0276906	0.03145541	0.0276906
7520	-245.7763	-249.402	3.625773	0.1246262	0.1096432	0.01498307	0.1096432
7530	-250.3109	-254.5517	4.24083	0.1033225	0.06514092	0.0381816	0.06514092
7540	-216.0298	-221.958	5.928173	0.03357412	0.01843569	0.01513843	0.01843569
7550	-226.0121	-231.9373	5.925248	0.04878903	0.01521951	0.03356952	0.01521951
7560	-229.2665	-235.0169	5.750405	0.05367787	0.01857524	0.03510263	0.01857524
7570	-240.0484	-244.884	4.835583	0.08354407	0.05169471	0.03184937	0.05169471
7580	-219.4583	-225.6685	6.210201	0.03926883	0.009184853	0.03008398	0.009184853
7590	-235.2078	-240.4741	5.266339	0.06824879	0.03454653	0.03370226	0.03454653
7600	-238.0371	-242.7246	4.68756	0.08901981	0.06636883	0.02265098	0.06636883
7610	-228.5537	-233.8981	5.34445	0.06279036	0.04160631	0.02118405	0.04160631
7620	-217.0269	-223.2397	6.212895	0.03731594	0.0152352	0.02208074	0.0152352
7630	-215.0583	-221.3857	6.327399	0.03362887	0.01139087	0.022238	0.01139087
7640	-216.2295	-221.1312	4.901711	0.02515119	0.01670892	0.00844227	0.01670892
7650	-258.4472	-262.0065	3.559324	0.1366957	0.0994652	0.03723049	0.0994652
7660	-217.1261	-223.374	6.247919	0.03566904	0.00662065	0.02904839	0.00662065
7670	-213.0647	-219.2869	6.22219	0.02956643	0.004232213	0.02533422	0.004232213
7680	-219.7562	-225.0191	5.26288	0.03944413	0.02766846	0.01177567	0.02766846
7690	-212.2491	-218.5295	6.280401	0.02672389	0.009836128	0.01688777	0.009836128
7700	-221.6054	-227.5252	5.919801	0.04631384	0.02363125	0.02268259	0.02363125
7710	-238.4911	-243.415	4.923873	0.08057354	0.04972106	0.03085248	0.04972106
7720	-211.4487	-217.6737	6.224985	0.02384522	0.008425039	0.01542018	0.008425039
7730	-221.1389	-227.163	6.024091	0.03941734	0.005247236	0.0341701	0.005247236
7740	-258.0407	-262.7062	4.665452	0.07645806	0.01790333	0.05855473	0.01790333
7750	-240.2111	-244.746	4.534934	0.09588436	0.07288039	0.02300397	0.07288039
7760	-218.2645	-224.2834	6.018809	0.03968797	0.02042528	0.01926269	0.02042528
7770	-224.7635	-230.7721	6.008621	0.0456501	0.01109657	0.03455353	0.01109657
7780	-275.2009	-278.455	3.254109	0.1224975	0.06247746	0.06002003	0.06247746
7790	-229.1227	-231.9093	2.786618	0.05584139	0.04979195	0.006049443	0.04979195
7800	-242.7039	-247.8422	5.138324	0.05634912	0.00433979	0.05200933	0.00433979
7810	-210.4646	-216.4814	6.016852	0.0185422	0.004945771	0.01359643	0.004945771
7820	-266.3599	-269.5409	3.181029	0.1465008	0.1019782	0.04452259	0.1019782
7830	-210.9947	-217.3369	6.342213	0.0255709	0.005502341	0.02006856	0.005502341
7840	-222.3121	-227.3394	5.027304	0.04556419	0.03397731	0.01158688	0.03397731
7850	-242.979	-247.8907	4.911647	0.07712439	0.03658398	0.04054041	0.03658398
7860	-218.2514	-224.115	5.863601	0.03901848	0.02250184	0.01651664	0.02250184
7870	-214.7005	-220.8367	6.136224	0.03169576	0.01491736	0.0167784	0.01491736
7880	-238.0123	-243.2202	5.207899	0.06879218	0.03061543	0.03817676	0.03061543
7890	-218.342	-224.5694	6.227433	0.03908731	0.0132416	0.0258457	0.0132416
7900	-221.4953	-227.5276	6.032261	0.0449965	0.01903229	0.02596421	0.01903229
7910	-217.4184	-223.6629	6.244457	0.03780358	0.01366341	0.02414017	0.01366341
7920	-228.6211	-234.3758	5.754691	0.04630851	0.005538091	0.04077041	0.005538091
7930	-221.4211	-227.5361	6.114984	0.04077681	0.007646711	0.0331301	0.007646711
7940	-222.8145	-228.6232	5.808698	0.04902322	0.0269638	0.02205942	0.0269638
7950	-228.8236	-234.2785	5.454893	0.06165638	0.03709296	0.02456342	0.03709296
7960	-220.5849	-226.7104	6.125486	0.04268374	0.01539939	0.02728435	0.01539939
7970	-215.7266	-222.0379	6.31134	0.03483174	0.01180073	0.02303102	0.01180073
7980	-239.9241	-245.3491	5.425075	0.0577475	0.009650637	0.04809686	0.009650637
7990	-227.2728	-232.7293	5.456449	0.05944341	0.03789296	0.02155045	0.03789296
8000	-214.7516	-221.0965	6.344897	0.03306376	0.01062191	0.02244185	0.01062191
8010	-232.0161	-237.5351	5.519003	0.06050527	0.02644576	0.03405951	0.02644576
8020	-218.8064	-224.3706	5.564194	0.03537046	0.002224056	0.0331464	0.002224056
8030	-212.1314	-218.4902	6.35886	0.02818478	0.005827089	0.0223577	0.005827089
8040	-213.2299	-219.4837	6.253731	0.0289643	0.01167499	0.01728931	0.01167499
8050	-213.1028	-219.0163	5.913473	0.02899117	0.002622468	0.0263687	0.002622468
8060	-220.5924	-226.1613	5.568871	0.04363999	0.02861921	0.01502078	0.02861921
8070	-225.0011	-230.6589	5.657716	0.05379143	0.03146302	0.0223284	0.03146302
8080	-238.356	-243.835	5.478957	0.05753078	0.01128219	0.04624859	0.01128219
8090	-227.2204	-233.0932	5.872818	0.05018214	0.01558739	0.03459475	0.01558739
8100	-219.5237	-225.615	6.091344	0.04194406	0.01852129	0.02342277	0.01852129
8110	-209.5553	-215.5627	6.007327	0.01956747	0.00319977	0.0163677	0.00319977
8120	-220.6105	-226.1732	5.562782	0.04365799	0.02869053	0.01496746	0.02869053
8130	-210.6925	-217.0195	6.327056	0.02465768	0.005398828	0.01925885	0.005398828
8140	-232.474	-238.1375	5.663493	0.05017478	0.006751126	0.04342365	0.006751126
8150	-236.7197	-242.0993	5.379519	0.06314321	0.02306365	0.04007956	0.02306365
8160	-213.5193	-219.5336	6.014302	0.02718743	0.0131823	0.01400514	0.0131823
8170	-215.0042	-221.3581	6.353855	0.03333838	0.008711965	0.02462642	0.008711965
8180	-223.0768	-228.9879	5.911085	0.04831148	0.02272812	0.02558336	0.02272812
8190	-228.1565	-233.8486	5.692055	0.0556848	0.02519846	0.03048633	0.02519846
8200	-220.0534	-226.0447	5.991338	0.04331064	0.0216994	0.02161125	0.0216994
8210	-219.7467	-225.9423	6.195638	0.04054063	0.01193605	0.02860458	0.01193605
8220	-237.6636	-243.0498	5.386202	0.062338	0.02028536	0.04205264	0.02028536
8230	-222.5775	-228.6718	6.094362	0.0429054	0.00986314	0.03304226	0.00986314
8240	-214.8522	-221.1428	6.290648	0.03311765	0.01267054	0.02044711	0.01267054
8250	-214.0533	-220.2881	6.234784	0.03087218	0.01301393	0.01785825	0.01301393
8260	-250.5672	-254.4271	3.859941	0.1299375	0.1032951	0.02664241	0.1032951
8270	-235.0332	-240.3434	5.310251	0.06666965	0.03204748	0.03462217	0.03204748
8280	-235.5396	-240.4052	4.865554	0.08148112	0.05913092	0.0223502	0.05913092
8290	-217.9428	-224.1849	6.242094	0.03691285	0.007444598	0.02946825	0.007444598
8300	-212.7695	-218.8191	6.049552	0.02873811	0.003105397	0.02563271	0.003105397
8310	-220.8924	-227.037	6.144551	0.04043704	0.008141151	0.03229589	0.008141151
8320	-233.9505	-238.2009	4.250394	0.07944681	0.06696976	0.01247705	0.06696976
8330	-211.9815	-217.9386	5.95703	0.02145573	0.008932833	0.0125229	0.008932833
8340	-212.0301	-218.4118	6.381695	0.02788905	0.006749071	0.02113998	0.006749071
8350	-223.3736	-228.82	5.446454	0.03979607	0.002372811	0.03742325	0.002372811
8360	-226.6995	-232.6325	5.933048	0.04724738	0.01054342	0.03670396	0.01054342
8370	-218.9744	-222.4284	3.454046	0.0128328	0.007656835	0.00517597	0.007656835
8380	-217.7519	-223.1766	5.42467	0.03396111	0.001847833	0.03211328	0.001847833
8390	-224.0981	-229.7584	5.660348	0.04106019	0.003251411	0.03780878	0.003251411
8400	-223.3489	-229.047	5.69811	0.05056214	0.03017988	0.02038226	0.03017988
8410	-215.8613	-222.1878	6.326454	0.03451006	0.008243828	0.02626623	0.008243828
8420	-214.843	-221.1995	6.356423	0.0331729	0.009453839	0.02371906	0.009453839
8430	-223.4502	-229.3478	5.897638	0.0488729	0.02286034	0.02601256	0.02286034
8440	-210.609	-216.9053	6.296273	0.02328685	0.00619921	0.01708764	0.00619921
8450	-213.4863	-219.7167	6.230415	0.03024552	0.004421088	0.02582443	0.004421088
8460	-225.0901	-230.76	5.669905	0.05381202	0.03099456	0.02281746	0.03099456
8470	-218.7955	-224.2341	5.43858	0.03780861	0.02533002	0.01247859	0.02533002
8480	-270.1103	-274.4639	4.353585	0.08111175	0.01300229	0.06810946	0.01300229
8490	-214.8276	-221.1817	6.354074	0.03316924	0.009830379	0.02333886	0.009830379
8500	-219.5272	-225.5481	6.020877	0.0422636	0.02085514	0.02140846	0.02085514
8510	-216.6534	-222.4803	5.826914	0.03451356	0.02001317	0.01450039	0.02001317
8520	-226.8004	-232.6735	5.873126	0.04529466	0.00653022	0.03876444	0.00653022
8530	-222.3697	-228.3346	5.96496	0.0468228	0.02110875	0.02571404	0.02110875
8540	-216.5819	-222.7271	6.145198	0.03632047	0.01686538	0.01945509	0.01686538
8550	-252.5138	-255.6808	3.167002	0.1568135	0.1410298	0.01578379	0.1410298
8560	-227.4111	-233.1434	5.732323	0.05449393	0.0244734	0.03002053	0.0244734
8570	-217.3691	-222.7523	5.383226	0.03316174	0.02188786	0.01127388	0.02188786
8580	-242.5152	-247.778	5.262798	0.0638149	0.01619058	0.04762432	0.01619058
8590	-222.6827	-228.7597	6.076988	0.04437017	0.01314803	0.03122214	0.01314803
8600	-219.8733	-225.0139	5.14064	0.03899255	0.02792518	0.01106738	0.02792518
8610	-218.3142	-224.4154	6.101243	0.0398459	0.0185485	0.0212974	0.0185485
8620	-229.151	-234.6553	5.504368	0.06087962	0.03408817	0.02679144	0.03408817
8630	-233.4308	-239.1013	5.670543	0.05281304	0.009986584	0.04282645	0.009986584
8640	-229.1244	-234.2012	5.076737	0.06540392	0.04832316	0.01708076	0.04832316
8650	-216.0788	-222.3514	6.272655	0.03552491	0.01334122	0.0221837	0.01334122
8660	-247.4426	-252.3695	4.926921	0.07314871	0.0246409	0.04850781	0.0246409
8670	-230.2496	-236.0105	5.760869	0.04859785	0.007180585	0.04141726	0.007180585
8680	-255.467	-259.9274	4.460429	0.08548484	0.03344783	0.05203701	0.03344783
8690	-225.9889	-231.3066	5.31778	0.05712943	0.04001097	0.01711846	0.04001097
8700	-239.0149	-243.7488	4.733901	0.08840763	0.06236291	0.02604472	0.06236291
8710	-212.2375	-218.2491	6.011541	0.0231208	0.009981983	0.01313882	0.009981983
8720	-210.3017	-216.0134	5.711705	0.01621357	0.002858368	0.0133552	0.002858368
8730	-230.2011	-235.9384	5.737296	0.05369513	0.01683464	0.03686049	0.01683464
8740	-214.4619	-220.8227	6.360841	0.03236876	0.007788181	0.02458058	0.007788181
8750	-218.2134	-224.2513	6.037926	0.03960836	0.02001823	0.01959013	0.02001823
8760	-214.817	-221.1142	6.297176	0.03251505	0.005906607	0.02660844	0.005906607
8770	-214.2298	-220.4144	6.184586	0.0308864	0.01379731	0.01708909	0.01379731
8780	-229.4413	-234.8508	5.409457	0.06314926	0.03856187	0.02458738	0.03856187
8790	-213.3195	-218.02	4.700497	0.02733407	0.0009175109	0.02641656	0.0009175109
8800	-229.7105	-235.338	5.627493	0.05754067	0.02543927	0.03210141	0.02543927
8810	-249.9054	-254.8391	4.933742	0.07143291	0.01920346	0.05222944	0.01920346
8820	-244.1315	-248.9249	4.793464	0.0813556	0.04149058	0.03986502	0.04149058
8830	-236.0909	-241.5843	5.493321	0.05931163	0.01743157	0.04188006	0.01743157
8840	-218.0019	-224.2588	6.256975	0.03821536	0.0116029	0.02661245	0.0116029
8850	-218.494	-224.7226	6.228613	0.03918907	0.01282354	0.02636553	0.01282354
8860	-239.1028	-244.0393	4.936466	0.0795697	0.0468288	0.0327409	0.0468288
8870	-229.5287	-234.5624	5.033737	0.066538	0.04963226	0.01690575	0.04963226
8880	-225.7292	-231.6388	5.909531	0.04428653	0.006405717	0.03788081	0.006405717
8890	-213.0106	-218.9279	5.917237	0.02443764	0.01175924	0.0126784	0.01175924
8900	-238.7972	-244.0672	5.270019	0.06591779	0.02460733	0.04131046	0.02460733
8910	-236.6906	-241.7808	5.090126	0.07447578	0.04271523	0.03176055	0.04271523
8920	-218.3951	-224.3453	5.950172	0.03976956	0.02166864	0.01810092	0.02166864
8930	-220.9118	-226.273	5.361151	0.04339694	0.03017709	0.01321985	0.03017709
8940	-218.028	-224.0961	6.068098	0.03926209	0.01928637	0.01997573	0.01928637
8950	-226.0801	-231.9105	5.830316	0.05168015	0.02157007	0.03011008	0.02157007
8960	-216.6357	-222.4399	5.804171	0.03429034	0.02005329	0.01423706	0.02005329
8970	-210.9432	-217.2173	6.274048	0.02567792	0.004359399	0.02131852	0.004359399
8980	-216.6146	-222.7951	6.180469	0.03450391	0.005042219	0.02946169	0.005042219
8990	-226.3394	-231.6572	5.317733	0.05801535	0.04049527	0.01752007	0.04049527
9000	-234.2401	-239.5699	5.329765	0.06632679	0.03293516	0.03339162	0.03293516
9010	-264.8603	-267.313	2.452672	0.2255013	0.2053706	0.02013062	0.2053706
9020	-259.2113	-263.0849	3.873582	0.110496	0.06359609	0.04689987	0.06359609
9030	-221.9382	-227.7487	5.810478	0.04740856	0.02685964	0.02054892	0.02685964
9040	-214.3709	-220.5747	6.203808	0.03140998	0.0137884	0.01762158	0.0137884
9050	-234.193	-239.8293	5.636221	0.05436013	0.01159786	0.04276227	0.01159786
9060	-220.1082	-225.7938	5.685638	0.04291959	0.0269215	0.01599809	0.0269215
9070	-226.542	-232.4814	5.939394	0.04689238	0.0101307	0.03676168	0.0101307
9080	-238.3625	-243.0646	4.702077	0.0890278	0.06534477	0.02368303	0.06534477
9090	-224.2995	-229.9921	5.692521	0.05235255	0.03045174	0.02190081	0.03045174
9100	-238.8025	-242.7941	3.991606	0.09661745	0.08325543	0.01336202	0.08325543
9110	-224.1712	-229.1733	5.002061	0.03975881	0.001569978	0.03818883	0.001569978
9120	-212.2793	-218.5806	6.301323	0.02706166	0.009695006	0.01736666	0.009695006
9130	-213.3116	-219.5668	6.255255	0.02918205	0.01177524	0.01740681	0.01177524
9140	-210.2608	-216.5422	6.2814	0.02304556	0.005075018	0.01797055	0.005075018
9150	-216.0706	-222.3964	6.325752	0.03509283	0.00967111	0.02542172	0.00967111
9160	-215.0245	-219.8684	4.843954	0.01615356	0.008492533	0.007661028	0.008492533
9170	-212.6586	-218.9467	6.288152	0.02905013	0.004797604	0.02425253	0.004797604
9180	-214.8359	-220.7493	5.913419	0.03138745	0.002829332	0.02855812	0.002829332
9190	-232.2856	-237.8843	5.59869	0.05764391	0.02056892	0.03707498	0.02056892
9200	-225.0601	-230.7792	5.719086	0.05319508	0.02907775	0.02411733	0.02907775
9210	-230.3783	-235.6707	5.292413	0.06635544	0.04306254	0.02329291	0.04306254
9220	-227.819	-233.6509	5.831955	0.0514073	0.01688051	0.03452679	0.01688051
9230	-225.5924	-230.8563	5.263953	0.05603629	0.04006105	0.01597524	0.04006105
9240	-224.9076	-230.5702	5.662611	0.05360381	0.03131986	0.02228395	0.03131986
9250	-220.4297	-226.5701	6.140479	0.0422801	0.0147385	0.02754159	0.0147385
9260	-224.9177	-230.7375	5.819792	0.05142519	0.02451239	0.02691281	0.02451239
9270	-219.0484	-225.0943	6.045844	0.04132251	0.02013367	0.02118884	0.02013367
9280	-221.3689	-227.2408	5.871848	0.04613543	0.02512581	0.02100962	0.02512581
9290	-210.5233	-215.9287	5.405373	0.02348134	0.001470981	0.02201036	0.001470981
9300	-248.1976	-252.8935	4.695896	0.08174954	0.03659223	0.04515731	0.03659223
9310	-223.3323	-228.5431	5.210884	0.04952036	0.03595405	0.01356631	0.03595405
9320	-230.9269	-236.6892	5.76222	0.05171029	0.01182554	0.03988475	0.01182554
9330	-226.5558	-232.177	5.621224	0.05636999	0.03188476	0.02448523	0.03188476
9340	-217.7902	-224.0599	6.269657	0.03724667	0.009072039	0.02817463	0.009072039
9350	-243.0117	-247.3804	4.368709	0.1040863	0.07977235	0.0243139	0.07977235
9360	-217.4401	-223.7199	6.279748	0.03672161	0.008775407	0.0279462	0.008775407
9370	-226.3441	-231.7897	5.445579	0.05771907	0.03793199	0.01978708	0.03793199
9380	-222.0445	-228.1394	6.094905	0.04389574	0.01377033	0.03012541	0.01377033
9390	-216.4551	-222.1903	5.73522	0.03323177	0.0198259	0.01340587	0.0198259
9400	-245.7158	-250.215	4.499193	0.09497626	0.05986761	0.03510865	0.05986761
9410	-211.0777	-217.2	6.122235	0.0212773	0.007268807	0.0140085	0.007268807
9420	-214.849	-221.1773	6.328296	0.0327624	0.00673614	0.02602626	0.00673614
9430	-227.5429	-233.3768	5.833899	0.05144707	0.01755792	0.03388915	0.01755792
9440	-255.0822	-259.4525	4.370315	0.08962803	0.03972225	0.04990578	0.03972225
9450	-215.7552	-221.9861	6.230849	0.03481887	0.01456599	0.02025288	0.01456599
9460	-228.2199	-233.9081	5.688214	0.05579737	0.02528508	0.03051229	0.02528508
9470	-210.4276	-215.8262	5.398531	0.01535988	0.001965305	0.01339457	0.001965305
9480	-258.6943	-262.1554	3.461082	0.1453269	0.1105681	0.03475882	0.1105681
9490	-216.2027	-222.5223	6.319592	0.03506791	0.008657989	0.02640992	0.008657989
9500	-216.7303	-222.7076	5.977312	0.03578941	0.0192607	0.01652871	0.0192607
9510	-230.4997	-236.2617	5.761958	0.04906446	0.007642261	0.0414222	0.007642261
9520	-227.3836	-233.0793	5.695696	0.05543616	0.02670267	0.02873349	0.02670267
9530	-209.5947	-214.8175	5.22275	0.01855861	0.001341673	0.01721694	0.001341673
9540	-228.3884	-233.9484	5.559934	0.05914082	0.03237752	0.02676329	0.03237752
9550	-215.3587	-221.5295	6.170774	0.03360784	0.01537261	0.01823523	0.01537261
9560	-223.6015	-229.6296	6.028062	0.04591567	0.01447506	0.03144061	0.01447506
9570	-219.4537	-225.6396	6.185824	0.0386199	0.007444035	0.03117586	0.007444035
9580	-211.3706	-217.6661	6.295545	0.0266365	0.004620206	0.02201629	0.004620206
9590	-250.3796	-255.2863	4.90668	0.07213151	0.01971537	0.05241614	0.01971537
9600	-224.0827	-229.8708	5.788097	0.05109664	0.02705809	0.02403855	0.02705809
9610	-217.0318	-222.1327	5.100965	0.02983537	0.02024408	0.009591287	0.02024408
9620	-213.44	-219.7815	6.341422	0.03050885	0.006003205	0.02450565	0.006003205
9630	-221.597	-227.0557	5.458674	0.04583116	0.03116817	0.01466299	0.03116817
9640	-209.7751	-215.9205	6.145323	0.02059239	0.004074433	0.01651795	0.004074433
9650	-244.6723	-249.741	5.068665	0.06967677	0.02271604	0.04696073	0.02271604
9660	-222.8616	-228.7262	5.8646	0.04863317	0.02495371	0.02367946	0.02495371
9670	-223.499	-229.1876	5.688604	0.05088731	0.03047481	0.0204125	0.03047481
9680	-235.4478	-240.7932	5.345337	0.0651289	0.02857503	0.03655387	0.02857503
9690	-225.941	-230.9009	4.959952	0.05604235	0.04288161	0.01316073	0.04288161
9700	-211.7781	-218.1264	6.348267	0.02747395	0.005506341	0.02196761	0.005506341
9710	-217.227	-223.4752	6.248153	0.03750464	0.01368018	0.02382446	0.01368018
9720	-219.1041	-225.3286	6.224479	0.03941104	0.01083488	0.02857616	0.01083488
9730	-275.8046	-280.0095	4.204916	0.08316464	0.01080544	0.0723592	0.01080544
9740	-264.4904	-268.0422	3.55172	0.1216495	0.07230894	0.04934055	0.07230894
9750	-256.8744	-258.6179	1.74344	0.1831767	0.1741861	0.00899061	0.1741861
9760	-260.4379	-263.7176	3.279659	0.1578594	0.1244403	0.03341903	0.1244403
9770	-251.5314	-253.3366	1.805157	0.150423	0.1425955	0.007827516	0.1425955
9780	-216.2235	-222.4941	6.270601	0.03578705	0.01337136	0.02241569	0.01337136
9790	-216.4565	-221.4157	4.959144	0.03178792	0.001193137	0.03059479	0.001193137
9800	-212.8922	-218.4628	5.570596	0.01866432	0.008508969	0.01015535	0.008508969
9810	-257.9199	-262.293	4.373065	0.08713785	0.03311892	0.05401893	0.03311892
9820	-216.0805	-221.877	5.796442	0.03265146	0.01893769	0.01371377	0.01893769
9830	-222.8617	-228.1692	5.307459	0.04864291	0.03451765	0.01412526	0.03451765
9840	-211.6205	-217.7693	6.148844	0.02697681	0.003458191	0.02351862	0.003458191
9850	-212.7854	-219.0031	6.217663	0.02737911	0.01120248	0.01617663	0.01120248
9860	-212.1379	-218.52	6.382031	0.02790299	0.007701357	0.02020163	0.007701357
9870	-232.9407	-237.6701	4.729331	0.07659075	0.06028369	0.01630706	0.06028369
9880	-214.2061	-220.3654	6.159378	0.03059946	0.01397904	0.01662042	0.01397904
9890	-219.8942	-226.0826	6.188346	0.03952882	0.008559981	0.03096884	0.008559981
9900	-242.1817	-247.1994	5.017733	0.05526833	0.003371934	0.0518964	0.003371934
9910	-230.3815	-235.9086	5.527191	0.06057169	0.03010598	0.03046571	0.03010598
9920	-211.8098	-218.1875	6.377783	0.02716202	0.007323479	0.01983854	0.007323479
9930	-252.1786	-255.6139	3.435291	0.1507088	0.1314109	0.01929794	0.1314109
9940	-223.7104	-229.2303	5.519856	0.0515524	0.03399017	0.01756223	0.03399017
9950	-211.0152	-217.1529	6.137608	0.02576957	0.00333939	0.02243018	0.00333939
9960	-232.8423	-237.9419	5.099627	0.0730777	0.04996864	0.02310907	0.04996864
9970	-223.8744	-229.9115	6.037042	0.04372577	0.008794476	0.0349313	0.008794476
9980	-209.5286	-215.2309	5.702294	0.01804589	0.002224564	0.01582133	0.002224564
9990	-224.6662	-230.661	5.994828	0.04672256	0.01370795	0.03301461	0.01370795
10000	-237.3445	-242.8193	5.474728	0.0591201	0.01530642	0.04381368	0.01530642
