Iteration	Posterior	Likelihood	Prior	birth_rate	death_rate	diversification	turnover
0	-210.9474	-217.2251	6.277678	0.02349564	0.007159462	0.01633618	0.007159462
10	-211.988	-218.3704	6.382392	0.0276376	0.007327109	0.02031049	0.007327109
20	-223.1678	-229.1817	6.013951	0.04634662	0.01679517	0.02955145	0.01679517
30	-235.5323	-238.3735	2.841198	0.07939848	0.07216732	0.007231159	0.07216732
40	-233.1206	-238.4163	5.295753	0.06786538	0.03822268	0.0296427	0.03822268
50	-224.7169	-230.7275	6.010523	0.04559247	0.01107091	0.03452156	0.01107091
60	-209.9207	-215.9294	6.008685	0.01853845	0.00384054	0.01469791	0.00384054
70	-253.5046	-257.9095	4.404895	0.08962521	0.0415389	0.04808631	0.0415389
80	-296.671	-296.0567	-0.6143236	0.6166928	0.6001332	0.01655959	0.6001332
90	-213.0298	-219.4085	6.37872	0.02975303	0.008829762	0.02092327	0.008829762
100	-248.8488	-251.8876	3.038753	0.1397754	0.1276458	0.01212967	0.1276458
110	-220.0086	-226.1325	6.123914	0.04222971	0.01653204	0.02569767	0.01653204
120	-213.2445	-219.6267	6.382146	0.03024547	0.008600387	0.02164509	0.008600387
130	-237.1433	-242.391	5.247737	0.06781443	0.03036989	0.03744454	0.03036989
140	-263.1563	-265.2767	2.120371	0.2253156	0.2113636	0.01395208	0.2113636
150	-214.3195	-220.6145	6.294985	0.03196603	0.01226417	0.01970186	0.01226417
160	-225.1268	-230.4891	5.362312	0.05494984	0.03813615	0.0168137	0.03813615
170	-241.2233	-245.1906	3.967216	0.1056885	0.09083509	0.01485345	0.09083509
180	-243.5103	-248.513	5.002725	0.07293174	0.02929116	0.04364058	0.02929116
190	-259.3831	-263.2473	3.864292	0.1107757	0.06377077	0.04700491	0.06377077
200	-247.713	-252.0122	4.299142	0.1042725	0.07053636	0.03373616	0.07053636
210	-210.2571	-216.5146	6.257529	0.02367416	0.004355125	0.01931904	0.004355125
220	-215.3619	-221.4886	6.126673	0.03331647	0.01592539	0.01739108	0.01592539
230	-220.7747	-226.4527	5.677945	0.03770023	0.002786918	0.03491331	0.002786918
240	-236.1262	-241.1014	4.975237	0.07902118	0.05232217	0.02669901	0.05232217
250	-243.8137	-248.9779	5.164176	0.06671028	0.01915305	0.04755723	0.01915305
260	-221.0793	-226.8832	5.803961	0.04561359	0.02653694	0.01907665	0.02653694
270	-268.4678	-271.7097	3.241829	0.1354579	0.08562536	0.04983256	0.08562536
280	-219.1047	-225.2249	6.120198	0.04113156	0.01767725	0.02345431	0.01767725
290	-222.4504	-228.4784	6.027989	0.04576119	0.01754189	0.0282193	0.01754189
300	-281.8309	-285.4085	3.577682	0.1025549	0.03112643	0.07142847	0.03112643
310	-209.6959	-215.8267	6.130782	0.02079005	0.003785242	0.0170048	0.003785242
320	-226.9528	-232.4065	5.45371	0.05888569	0.03795227	0.02093342	0.03795227
330	-279.2016	-282.9234	3.721796	0.0987564	0.02849146	0.07026494	0.02849146
340	-244.6585	-248.8186	4.160122	0.1131338	0.09095961	0.02217416	0.09095961
350	-230.0106	-235.643	5.632385	0.0573335	0.02436404	0.03296946	0.02436404
360	-263.1382	-265.5716	2.433428	0.2195909	0.2021547	0.01743615	0.2021547
370	-226.8717	-232.5463	5.674563	0.0556726	0.02884664	0.02682596	0.02884664
380	-254.189	-257.7514	3.562358	0.1471707	0.1209052	0.0262655	0.1209052
390	-229.7877	-235.4982	5.710529	0.05484195	0.01985818	0.03498377	0.01985818
400	-226.9047	-232.6761	5.771448	0.05337042	0.0232503	0.03012012	0.0232503
410	-226.5943	-232.5267	5.932434	0.04782956	0.01194327	0.03588629	0.01194327
420	-244.7156	-249.2023	4.486751	0.09715198	0.06489408	0.03225791	0.06489408
430	-253.2475	-257.4074	4.15987	0.1031341	0.06085715	0.04227699	0.06085715
440	-245.961	-249.8657	3.904742	0.1222772	0.1033107	0.01896648	0.1033107
450	-314.762	-313.3875	-1.374432	0.7128719	0.6746239	0.03824803	0.6746239
460	-214.7974	-220.8057	6.008325	0.03083838	0.01583032	0.01500805	0.01583032
470	-241.1485	-245.9474	4.798848	0.08432921	0.05095103	0.03337818	0.05095103
480	-211.4479	-217.7385	6.290533	0.02483359	0.008210147	0.01662345	0.008210147
490	-232.5293	-237.6779	5.148616	0.07171421	0.04791591	0.0237983	0.04791591
500	-210.0293	-216.1222	6.092911	0.01939972	0.004488783	0.01491093	0.004488783
510	-231.35	-236.9833	5.633236	0.05686102	0.02077701	0.03608401	0.02077701
520	-232.3117	-236.5524	4.240747	0.0737281	0.06214685	0.01158125	0.06214685
530	-215.5336	-221.5214	5.987804	0.03270379	0.01726614	0.01543765	0.01726614
540	-233.5716	-239.227	5.655406	0.05422371	0.01226243	0.04196128	0.01226243
550	-213.7711	-219.9718	6.20069	0.02984686	0.01297805	0.01686881	0.01297805
560	-245.0049	-249.455	4.4501	0.09894348	0.06714884	0.03179464	0.06714884
570	-215.2275	-220.6769	5.449417	0.02683868	0.01627804	0.01056063	0.01627804
580	-237.9505	-243.1751	5.224656	0.06817674	0.02966866	0.03850808	0.02966866
590	-234.4042	-240.023	5.618802	0.05242791	0.007957652	0.04447026	0.007957652
600	-236.3438	-241.4798	5.136036	0.07278744	0.04042906	0.03235837	0.04042906
610	-232.6885	-238.331	5.642417	0.05579403	0.0164802	0.03931383	0.0164802
620	-284.2194	-285.0611	0.8417467	0.4028409	0.3815381	0.02130276	0.3815381
630	-252.8036	-257.7078	4.904166	0.07071676	0.01498829	0.05572847	0.01498829
640	-216.2855	-221.9121	5.626552	0.03262991	0.002144976	0.03048493	0.002144976
650	-248.7043	-252.3668	3.662527	0.1349992	0.1165059	0.01849324	0.1165059
660	-214.0309	-220.3996	6.368655	0.03166538	0.007600956	0.02406443	0.007600956
670	-214.73	-221.0036	6.273572	0.03276317	0.01302121	0.01974196	0.01302121
680	-227.9618	-233.845	5.88324	0.04851494	0.01076646	0.03774848	0.01076646
690	-214.0448	-220.3174	6.272605	0.03123032	0.00509546	0.02613486	0.00509546
700	-240.2933	-244.9425	4.649187	0.09195558	0.06550889	0.02644669	0.06550889
710	-247.8025	-252.3064	4.503863	0.09160719	0.0516894	0.03991779	0.0516894
720	-228.038	-233.8504	5.812434	0.04619478	0.006214836	0.03997995	0.006214836
730	-225.1053	-229.15	4.04468	0.04880546	0.04056968	0.008235779	0.04056968
740	-219.5006	-225.04	5.53946	0.04047538	0.02665013	0.01382525	0.02665013
750	-243.5393	-248.4023	4.862992	0.07875513	0.03832086	0.04043427	0.03832086
760	-237.0024	-242.0743	5.071945	0.07506099	0.04313413	0.03192687	0.04313413
770	-264.1268	-267.6605	3.533719	0.1236428	0.0752999	0.04834288	0.0752999
780	-221.1651	-227.1797	6.014578	0.04485753	0.02027969	0.02457784	0.02027969
790	-217.7796	-223.9467	6.167099	0.03875819	0.01659384	0.02216435	0.01659384
800	-252.6276	-257.4364	4.808807	0.06331921	0.004452516	0.0588667	0.004452516
810	-215.3381	-221.0154	5.677354	0.02938147	0.01722848	0.01215299	0.01722848
820	-242.6501	-247.9329	5.282796	0.05781882	0.006568534	0.05125029	0.006568534
830	-226.0306	-231.6107	5.580048	0.05617617	0.03387448	0.02230169	0.03387448
840	-214.1558	-220.5219	6.366102	0.03196926	0.009580296	0.02238896	0.009580296
850	-215.0935	-220.8879	5.794441	0.03147911	0.002466113	0.029013	0.002466113
860	-243.9235	-248.869	4.945508	0.07490099	0.03180032	0.04310067	0.03180032
870	-256.978	-261.5706	4.59258	0.07958064	0.02345291	0.05612774	0.02345291
880	-236.1118	-240.7186	4.606764	0.08611878	0.06809499	0.0180238	0.06809499
890	-315.8883	-318.4795	2.591211	0.1229851	0.02967683	0.09330831	0.02967683
900	-229.2518	-234.816	5.564245	0.05938589	0.03044278	0.02894311	0.03044278
910	-251.0949	-252.8917	1.796735	0.1478489	0.1401405	0.007708478	0.1401405
920	-240.9451	-244.2158	3.270697	0.1035465	0.09352133	0.01002522	0.09352133
930	-216.0564	-222.1726	6.116148	0.03496117	0.01687723	0.01808394	0.01687723
940	-247.8324	-252.0597	4.22728	0.1088729	0.07718013	0.03169273	0.07718013
950	-210.9605	-217.3006	6.34007	0.02477339	0.006547589	0.0182258	0.006547589
960	-272.8711	-275.6417	2.77053	0.1644447	0.1168323	0.04761244	0.1168323
970	-228.3498	-233.0251	4.675299	0.06228777	0.04987106	0.01241671	0.04987106
980	-212.4618	-218.3371	5.87531	0.02193176	0.009908012	0.01202375	0.009908012
990	-239.2804	-244.2528	4.972395	0.07777711	0.04350387	0.03427325	0.04350387
1000	-253.9077	-257.6721	3.764466	0.1314601	0.09927799	0.03218209	0.09927799
1010	-209.6392	-214.8157	5.176512	0.01930406	0.001267397	0.01803666	0.001267397
1020	-270.2123	-274.5574	4.345161	0.08140115	0.01330547	0.06809568	0.01330547
1030	-257.8789	-261.2394	3.360503	0.1577032	0.1284761	0.02922708	0.1284761
1040	-234.9343	-239.953	5.018756	0.07710028	0.05182642	0.02527386	0.05182642
1050	-216.2806	-222.2558	5.975201	0.03460229	0.01858897	0.01601332	0.01858897
1060	-235.0133	-240.6217	5.608465	0.05370202	0.009300768	0.04440125	0.009300768
1070	-242.3605	-246.755	4.394501	0.1026269	0.07898462	0.02364231	0.07898462
1080	-209.9615	-216.1852	6.223646	0.02196342	0.004479296	0.01748413	0.004479296
1090	-249.3839	-252.1415	2.757621	0.1421567	0.1314094	0.01074733	0.1314094
1100	-217.2987	-222.5977	5.299009	0.03228602	0.02155569	0.01073033	0.02155569
1110	-254.9374	-258.8285	3.891152	0.1183096	0.07958197	0.03872764	0.07958197
1120	-225.7361	-231.3158	5.579663	0.05569865	0.03394398	0.02175468	0.03394398
1130	-239.9058	-245.1522	5.246445	0.06610171	0.02332022	0.04278148	0.02332022
1140	-343.2781	-345.4162	2.13803	0.1310172	0.01979804	0.1112191	0.01979804
1150	-256.1499	-260.9995	4.849571	0.06871613	0.008678445	0.06003769	0.008678445
1160	-210.9623	-217.1254	6.163051	0.02569107	0.003481655	0.02220941	0.003481655
1170	-238.6793	-243.1589	4.479532	0.09408151	0.07487025	0.01921127	0.07487025
1180	-256.7164	-260.9666	4.250141	0.09348449	0.04326456	0.05021993	0.04326456
1190	-276.6699	-278.911	2.24102	0.2112402	0.1688278	0.04241235	0.1688278
1200	-246.4172	-251.2784	4.86128	0.05821077	0.00332362	0.05488715	0.00332362
1210	-217.8594	-224.1163	6.256926	0.0381302	0.01205154	0.02607866	0.01205154
1220	-230.541	-236.2388	5.697788	0.05496377	0.01864477	0.036319	0.01864477
1230	-218.6209	-224.8243	6.203325	0.03971668	0.01428516	0.02543152	0.01428516
1240	-211.3819	-217.7434	6.36152	0.02596393	0.007081039	0.01888289	0.007081039
1250	-236.6822	-241.293	4.610793	0.0875743	0.06875164	0.01882266	0.06875164
1260	-227.4961	-233.2749	5.778807	0.05318915	0.02137997	0.03180919	0.02137997
1270	-248.8056	-253.8465	5.040877	0.06810121	0.01542388	0.05267733	0.01542388
1280	-227.9451	-233.501	5.555867	0.05889894	0.03328969	0.02560924	0.03328969
1290	-219.8151	-226.0144	6.199295	0.04023428	0.01077071	0.02946357	0.01077071
1300	-245.3224	-249.6397	4.317244	0.1063946	0.07818665	0.02820798	0.07818665
1310	-274.3892	-278.6377	4.248431	0.07954854	0.007204249	0.07234429	0.007204249
1320	-238.6774	-243.7068	5.029484	0.07571911	0.04112947	0.03458965	0.04112947
1330	-255.4266	-259.078	3.651363	0.1373591	0.1049306	0.03242856	0.1049306
1340	-211.1981	-217.4985	6.300383	0.02441548	0.007610581	0.0168049	0.007610581
1350	-277.2742	-280.5782	3.304027	0.1173724	0.05406904	0.0633034	0.05406904
1360	-210.5768	-216.4026	5.825835	0.02438259	0.002199579	0.02218301	0.002199579
1370	-224.8879	-230.6656	5.777687	0.05214996	0.0266445	0.02550547	0.0266445
1380	-220.7647	-226.4232	5.658555	0.04450066	0.02819248	0.01630818	0.02819248
1390	-229.6662	-235.1474	5.481178	0.06171683	0.0344448	0.02727203	0.0344448
1400	-213.0371	-219.4093	6.372192	0.0298976	0.006677129	0.02322047	0.006677129
1410	-211.8856	-217.5761	5.690507	0.01648153	0.005548524	0.01093301	0.005548524
1420	-267.5222	-271.205	3.682777	0.1092074	0.05293584	0.05627154	0.05293584
1430	-223.7273	-229.5868	5.859501	0.04146657	0.004503595	0.03696298	0.004503595
1440	-237.6384	-241.0161	3.377671	0.04903085	0.0007041386	0.04832671	0.0007041386
1450	-255.1986	-259.1732	3.974595	0.1115774	0.0700036	0.04157382	0.0700036
1460	-224.5688	-230.4089	5.840096	0.0507894	0.02403549	0.0267539	0.02403549
1470	-308.8674	-311.7922	2.924794	0.09695686	0.003036468	0.09392039	0.003036468
1480	-282.6606	-283.2396	0.5790423	0.4104015	0.395057	0.01534447	0.395057
1490	-212.9701	-219.3023	6.332228	0.02912579	0.01023756	0.01888823	0.01023756
1500	-213.8846	-220.2612	6.376664	0.0314652	0.008382034	0.02308316	0.008382034
1510	-217.5934	-223.68	6.086639	0.03836718	0.01866328	0.0197039	0.01866328
1520	-212.2142	-218.0715	5.857327	0.0275083	0.002371949	0.02513635	0.002371949
1530	-236.842	-242.1102	5.268184	0.06721782	0.02984684	0.03737098	0.02984684
1540	-240.5395	-244.8205	4.281081	0.1014017	0.08316172	0.01823995	0.08316172
1550	-225.5456	-231.0747	5.529098	0.05567151	0.03539823	0.02027329	0.03539823
1560	-210.4954	-216.4428	5.947495	0.01773633	0.00449452	0.01324181	0.00449452
1570	-294.2	-295.2669	1.066883	0.2861478	0.2357223	0.05042548	0.2357223
1580	-226.9564	-232.8776	5.921231	0.04787744	0.01134951	0.03652793	0.01134951
1590	-257.5876	-261.8165	4.22887	0.09357525	0.04242048	0.05115477	0.04242048
1600	-218.2139	-224.3501	6.136251	0.03959686	0.01750471	0.02209215	0.01750471
1610	-265.4649	-268.5831	3.11828	0.1558355	0.1148743	0.04096128	0.1148743
1620	-234.5392	-240.1048	5.565557	0.05149805	0.006214648	0.0452834	0.006214648
1630	-276.3069	-278.474	2.167158	0.2243246	0.1848018	0.03952285	0.1848018
1640	-234.8224	-240.0022	5.179802	0.07169813	0.04163673	0.0300614	0.04163673
1650	-232.938	-238.2622	5.324193	0.06692163	0.03680923	0.0301124	0.03680923
1660	-242.1789	-246.8263	4.647465	0.09110383	0.0600267	0.03107713	0.0600267
1670	-211.3786	-217.2993	5.920662	0.01884975	0.006622747	0.012227	0.006622747
1680	-209.7581	-215.3692	5.611089	0.01702527	0.002149281	0.01487599	0.002149281
1690	-246.7668	-250.96	4.19324	0.1123917	0.08456122	0.02783047	0.08456122
1700	-211.8831	-218.2325	6.34938	0.02677654	0.008386633	0.0183899	0.008386633
1710	-266.7278	-269.9443	3.216555	0.1421444	0.09602819	0.04611623	0.09602819
1720	-212.162	-218.4208	6.258799	0.02813079	0.004356122	0.02377467	0.004356122
1730	-219.2578	-224.3995	5.141757	0.03714845	0.02636886	0.0107796	0.02636886
1740	-222.8679	-228.8957	6.027766	0.04591993	0.01660314	0.02931679	0.01660314
1750	-254.3864	-258.0141	3.627684	0.1418876	0.113022	0.02886561	0.113022
1760	-217.2268	-223.1877	5.960915	0.03448443	0.003439996	0.03104444	0.003439996
1770	-222.9236	-228.9918	6.068213	0.04461357	0.01309813	0.03151544	0.01309813
1780	-223.0408	-229.103	6.062247	0.04480646	0.01325928	0.03154718	0.01325928
1790	-211.5584	-217.9312	6.372834	0.02680797	0.006421313	0.02038666	0.006421313
1800	-218.5053	-224.7498	6.24459	0.03813081	0.009111695	0.02901912	0.009111695
1810	-221.7917	-227.9163	6.124549	0.04205442	0.009783812	0.03227061	0.009783812
1820	-217.5285	-223.7912	6.262669	0.03773127	0.01236405	0.02536722	0.01236405
1830	-221.2104	-226.9753	5.764847	0.04587829	0.02735499	0.01852329	0.02735499
1840	-254.6973	-258.3127	3.615404	0.1422912	0.1130148	0.02927641	0.1130148
1850	-247.2803	-251.602	4.321701	0.05746431	0.0018068	0.05565751	0.0018068
1860	-222.1568	-227.4347	5.277896	0.04648996	0.03314276	0.01334721	0.03314276
1870	-224.7265	-229.8894	5.162929	0.0533075	0.0391827	0.0141248	0.0391827
1880	-256.8558	-260.1206	3.264774	0.1664531	0.1426386	0.02381448	0.1426386
1890	-233.1461	-238.2176	5.071463	0.07402487	0.05105158	0.02297329	0.05105158
1900	-238.2126	-243.657	5.444476	0.05454917	0.006595922	0.04795325	0.006595922
1910	-281.9852	-285.1646	3.179402	0.1187248	0.05153176	0.06719305	0.05153176
1920	-214.2975	-219.4114	5.113873	0.01767416	0.00922427	0.008449885	0.00922427
1930	-237.1831	-241.1609	3.977789	0.0904879	0.07817048	0.01231742	0.07817048
1940	-294.0767	-294.1744	0.09765247	0.5117729	0.4868922	0.02488066	0.4868922
1950	-236.8058	-241.6505	4.84477	0.08348979	0.0591377	0.02435209	0.0591377
1960	-213.4589	-219.5582	6.099308	0.02794903	0.01295041	0.01499862	0.01295041
1970	-276.3587	-280.0195	3.660737	0.1024993	0.03584909	0.06665025	0.03584909
1980	-257.2476	-261.2075	3.959978	0.1085543	0.06330911	0.04524516	0.06330911
1990	-216.4028	-222.5244	6.121665	0.03581271	0.01713943	0.01867327	0.01713943
2000	-223.9244	-229.8803	5.95593	0.04799864	0.01875785	0.02924079	0.01875785
2010	-236.0231	-241.1874	5.164286	0.07182109	0.0393459	0.03247519	0.0393459
2020	-248.7785	-252.9964	4.217823	0.1078288	0.07402257	0.03380627	0.07402257
2030	-224.0319	-230.0598	6.027912	0.0456603	0.0127836	0.0328767	0.0127836
2040	-263.6305	-265.8395	2.208948	0.2271315	0.2119493	0.01518216	0.2119493
2050	-220.8723	-226.5532	5.680877	0.04485805	0.02811844	0.01673962	0.02811844
2060	-236.8746	-241.9002	5.025564	0.07704548	0.0469034	0.03014207	0.0469034
2070	-256.7045	-261.4578	4.753269	0.06683146	0.005506091	0.06132537	0.005506091
2080	-214.3747	-220.7315	6.356843	0.03217327	0.007365987	0.02480728	0.007365987
2090	-228.0866	-233.4782	5.391635	0.06149342	0.04003058	0.02146284	0.04003058
2100	-213.1822	-219.4245	6.242288	0.02980175	0.004449339	0.02535241	0.004449339
2110	-213.642	-219.9956	6.353631	0.03089725	0.006471191	0.02442605	0.006471191
2120	-223.262	-228.9462	5.684231	0.05042035	0.03047936	0.01994098	0.03047936
2130	-210.6908	-216.98	6.289197	0.02324196	0.006469345	0.01677262	0.006469345
2140	-328.875	-326.6716	-2.20344	0.782482	0.732324	0.05015799	0.732324
2150	-280.072	-281.6297	1.557712	0.3046663	0.2740433	0.03062303	0.2740433
2160	-341.3846	-341.6604	0.2757717	0.2216208	0.124982	0.09663885	0.124982
2170	-213.5731	-219.8356	6.262521	0.02991714	0.0120531	0.01786404	0.0120531
2180	-225.5449	-231.4309	5.886019	0.05011759	0.01934714	0.03077045	0.01934714
2190	-216.4527	-221.7063	5.253651	0.02918626	0.01910436	0.01008189	0.01910436
2200	-210.4536	-216.378	5.924431	0.01748711	0.0042498	0.01323731	0.0042498
2210	-291.8779	-293.5093	1.631401	0.2173785	0.1599845	0.05739402	0.1599845
2220	-213.5704	-219.9311	6.360638	0.03075304	0.009939821	0.02081322	0.009939821
2230	-210.9025	-217.0258	6.123293	0.02086005	0.006793808	0.01406624	0.006793808
2240	-344.0514	-343.8249	-0.2264714	0.2601714	0.1656947	0.09447671	0.1656947
2250	-210.6147	-216.9321	6.317332	0.02451182	0.005182142	0.01932968	0.005182142
2260	-223.5265	-229.575	6.048523	0.04508079	0.0126668	0.03241399	0.0126668
2270	-265.2904	-269.4622	4.171716	0.07044885	0.002992624	0.06745623	0.002992624
2280	-232.1554	-237.7849	5.629479	0.05660829	0.01887424	0.03773405	0.01887424
2290	-237.5149	-241.7991	4.284146	0.09183703	0.07665469	0.01518234	0.07665469
2300	-212.6806	-219.0438	6.363248	0.02879683	0.009177276	0.01961955	0.009177276
2310	-214.9634	-220.6385	5.675089	0.02817333	0.01627004	0.01190329	0.01627004
2320	-307.5012	-310.4473	2.946084	0.1140251	0.02498603	0.08903907	0.02498603
2330	-231.8674	-237.0855	5.218117	0.06952023	0.04518654	0.02433369	0.04518654
2340	-222.1948	-227.9986	5.803848	0.04792809	0.02709822	0.02082987	0.02709822
2350	-245.386	-250.2742	4.888202	0.07607397	0.03166269	0.04441128	0.03166269
2360	-214.4291	-220.4902	6.061144	0.03117652	0.003431072	0.02774545	0.003431072
2370	-234.0961	-239.2562	5.160131	0.07241898	0.04475172	0.02766726	0.04475172
2380	-232.8312	-238.2685	5.437285	0.0630323	0.02960896	0.03342334	0.02960896
2390	-212.0263	-218.0021	5.975779	0.02188656	0.009182251	0.01270431	0.009182251
2400	-247.5503	-251.2061	3.65576	0.1312053	0.1141929	0.01701244	0.1141929
2410	-211.9303	-218.3125	6.382158	0.02759731	0.006962433	0.02063488	0.006962433
2420	-244.7073	-249.0756	4.368223	0.10402	0.07570172	0.02831831	0.07570172
2430	-231.5518	-237.2923	5.740494	0.05194585	0.01125169	0.04069416	0.01125169
2440	-345.7982	-346.8735	1.075306	0.1686322	0.0620084	0.1066238	0.0620084
2450	-214.5186	-220.6452	6.126613	0.03113509	0.01471589	0.0164192	0.01471589
2460	-222.866	-227.8363	4.970359	0.04689694	0.03538894	0.011508	0.03538894
2470	-226.038	-231.6373	5.599383	0.05598362	0.03316883	0.02281479	0.03316883
2480	-215.5095	-221.741	6.231475	0.03321511	0.005195491	0.02801962	0.005195491
2490	-209.6363	-215.7412	6.104872	0.02105408	0.003469565	0.01758452	0.003469565
2500	-224.6546	-230.102	5.447445	0.05383303	0.03627962	0.01755341	0.03627962
2510	-224.2539	-230.281	6.027135	0.04533199	0.01151758	0.03381441	0.01151758
2520	-210.0172	-215.7772	5.760019	0.02282044	0.002048916	0.02077153	0.002048916
2530	-215.0691	-220.9583	5.889248	0.03052869	0.01666081	0.01386788	0.01666081
2540	-216.6373	-222.7861	6.148845	0.03645567	0.01682885	0.01962682	0.01682885
2550	-275.8072	-278.8522	3.045047	0.1343209	0.07668538	0.05763548	0.07668538
2560	-211.4981	-217.8546	6.356515	0.02606189	0.007504075	0.01855782	0.007504075
2570	-231.7821	-236.255	4.472938	0.07268795	0.05980371	0.01288424	0.05980371
2580	-254.1037	-253.8002	-0.3035778	0.1535764	0.1490276	0.004548795	0.1490276
2590	-239.9712	-244.7154	4.744213	0.08789937	0.05919822	0.02870115	0.05919822
2600	-219.1628	-225.2864	6.123623	0.04119285	0.01749732	0.02369554	0.01749732
2610	-213.5019	-219.8792	6.377357	0.03073186	0.008997738	0.02173412	0.008997738
2620	-213.9578	-219.5935	5.635691	0.02431312	0.01326915	0.01104397	0.01326915
2630	-242.4815	-246.3977	3.916256	0.1105215	0.0951718	0.01534971	0.0951718
2640	-223.3558	-229.1238	5.768017	0.05020771	0.02817069	0.02203702	0.02817069
2650	-238.9713	-241.8811	2.909768	0.09361651	0.08547269	0.008143825	0.08547269
2660	-221.9998	-228.1048	6.104978	0.04352136	0.01291879	0.03060257	0.01291879
2670	-274.0188	-277.8561	3.837296	0.0972612	0.03112569	0.06613551	0.03112569
2680	-257.7905	-261.8503	4.059756	0.1018204	0.05350921	0.04831121	0.05350921
2690	-211.5167	-217.6873	6.170568	0.02320754	0.008560208	0.01464733	0.008560208
2700	-212.6183	-218.9811	6.362829	0.02911707	0.006112109	0.02300496	0.006112109
2710	-250.3745	-254.6429	4.268377	0.1014154	0.06230594	0.03910946	0.06230594
2720	-219.223	-224.5618	5.338876	0.03541501	0.001796341	0.03361867	0.001796341
2730	-220.6993	-226.6136	5.914317	0.04473854	0.02387977	0.02085877	0.02387977
2740	-214.3465	-220.7139	6.367381	0.03230339	0.009119209	0.02318418	0.009119209
2750	-219.5313	-225.7353	6.203984	0.04024469	0.01183463	0.02841007	0.01183463
2760	-237.3412	-242.8467	5.505512	0.05761012	0.01276311	0.04484701	0.01276311
2770	-222.7609	-228.7353	5.974367	0.04700576	0.02002444	0.02698132	0.02002444
2780	-302.5968	-305.314	2.717151	0.1238727	0.04084901	0.08302367	0.04084901
2790	-233.3724	-238.9197	5.547288	0.05892696	0.02104357	0.03788339	0.02104357
2800	-232.9675	-238.4214	5.453928	0.06239787	0.02815322	0.03424465	0.02815322
2810	-217.345	-222.7006	5.355554	0.03288086	0.02179065	0.01109021	0.02179065
2820	-233.7539	-239.1265	5.372568	0.06497256	0.03139879	0.03357378	0.03139879
2830	-213.9806	-220.1384	6.157797	0.02998487	0.01363146	0.0163534	0.01363146
2840	-221.3154	-227.4049	6.0895	0.0438558	0.0161436	0.0277122	0.0161436
2850	-302.7627	-303.7059	0.9431282	0.2575596	0.1954976	0.06206206	0.1954976
2860	-233.5854	-238.1849	4.599476	0.07870051	0.06336296	0.01533755	0.06336296
2870	-244.7643	-249.7522	4.987965	0.07261337	0.02713913	0.04547424	0.02713913
2880	-230.3154	-235.9776	5.662231	0.05627696	0.02164109	0.03463588	0.02164109
2890	-246.0644	-250.3691	4.304681	0.106414	0.07672441	0.02968963	0.07672441
2900	-251.3274	-255.1807	3.853339	0.129589	0.1012399	0.02834915	0.1012399
2910	-298.3253	-300.8772	2.551904	0.1338494	0.05636873	0.07748064	0.05636873
2920	-241.6687	-246.537	4.86835	0.08037742	0.04371242	0.036665	0.04371242
2930	-265.0276	-268.7679	3.740352	0.109304	0.05560606	0.05369792	0.05560606
2940	-221.5114	-227.3553	5.843876	0.04648919	0.02588885	0.02060034	0.02588885
2950	-281.4264	-284.8248	3.398387	0.1095839	0.04046939	0.06911454	0.04046939
2960	-279.6043	-282.4728	2.868544	0.1393185	0.07923901	0.06007948	0.07923901
2970	-219.8926	-226.0469	6.154347	0.04164961	0.01497835	0.02667126	0.01497835
2980	-216.9466	-223.0251	6.078506	0.03688334	0.01832055	0.01856279	0.01832055
2990	-222.0795	-227.5547	5.475218	0.0472162	0.03195187	0.01526433	0.03195187
3000	-225.3905	-231.3176	5.927107	0.0489149	0.01696025	0.03195466	0.01696025
3010	-229.0936	-233.5707	4.47707	0.06386986	0.05237292	0.01149694	0.05237292
3020	-219.1231	-224.7774	5.654312	0.04013824	0.02543262	0.01470562	0.02543262
3030	-237.8961	-242.4694	4.573226	0.0909403	0.07109234	0.01984797	0.07109234
3040	-223.2694	-228.9464	5.677016	0.05045369	0.03065108	0.01980262	0.03065108
3050	-279.108	-282.8697	3.761699	0.09743045	0.02684584	0.07058461	0.02684584
3060	-224.4703	-230.076	5.60568	0.05315547	0.03296688	0.02018858	0.03296688
3070	-210.8731	-216.5025	5.629378	0.0153443	0.00301538	0.01232892	0.00301538
3080	-221.0213	-226.6457	5.624394	0.0450273	0.02891631	0.016111	0.02891631
3090	-218.9287	-225.1478	6.219125	0.03966526	0.01244211	0.02722315	0.01244211
3100	-268.3111	-271.6488	3.337798	0.1287411	0.07728204	0.05145902	0.07728204
3110	-258.2382	-261.9357	3.697522	0.1252554	0.0845225	0.0407329	0.0845225
3120	-254.1017	-258.5246	4.422934	0.08822172	0.03885657	0.04936515	0.03885657
3130	-259.9724	-264.0085	4.036117	0.10024	0.04891877	0.05132124	0.04891877
3140	-321.2763	-323.2202	1.943976	0.1448218	0.05182325	0.09299853	0.05182325
3150	-240.2649	-245.3167	5.051821	0.0734451	0.03475401	0.03869109	0.03475401
3160	-228.9599	-234.0289	5.069021	0.06498345	0.04818623	0.01679722	0.04818623
3170	-216.6264	-222.9358	6.309398	0.03589836	0.009751547	0.02614682	0.009751547
3180	-215.4302	-221.7125	6.282375	0.03336538	0.006017517	0.02734786	0.006017517
3190	-228.4688	-234.2899	5.821121	0.04693449	0.006892716	0.04004177	0.006892716
3200	-222.428	-228.0554	5.627351	0.04856413	0.03083394	0.01773019	0.03083394
3210	-248.8285	-252.0317	3.203198	0.1395213	0.1262096	0.01331168	0.1262096
3220	-239.9554	-244.8099	4.854531	0.08271269	0.05048636	0.03222634	0.05048636
3230	-234.382	-239.0736	4.691604	0.08084287	0.0635418	0.01730107	0.0635418
3240	-221.4814	-227.5888	6.107378	0.0434924	0.01447212	0.02902028	0.01447212
3250	-231.2215	-236.5567	5.335234	0.06624002	0.03988046	0.02635957	0.03988046
3260	-229.1936	-234.0589	4.865265	0.06548504	0.05090073	0.01458432	0.05090073
3270	-213.5475	-219.839	6.291533	0.03012227	0.01161137	0.0185109	0.01161137
3280	-219.8247	-223.5101	3.685366	0.02921647	0.02305506	0.006161413	0.02305506
3290	-224.483	-230.2517	5.768687	0.04184812	0.00398509	0.03786303	0.00398509
3300	-218.2491	-224.2941	6.044998	0.03969737	0.01989348	0.01980389	0.01989348
3310	-252.5359	-256.2617	3.725823	0.1371786	0.109882	0.02729668	0.109882
3320	-245.3057	-249.7541	4.44841	0.09863827	0.06614958	0.03248868	0.06614958
3330	-244.7478	-248.6247	3.876946	0.1188848	0.1018369	0.01704786	0.1018369
3340	-212.6809	-218.837	6.156109	0.02636286	0.01122641	0.01513645	0.01122641
3350	-229.9099	-234.8279	4.917993	0.0676525	0.05187829	0.01577421	0.05187829
3360	-255.9577	-259.1845	3.226793	0.1673778	0.1462403	0.02113748	0.1462403
3370	-247.0189	-251.7074	4.68841	0.08323752	0.04033802	0.0428995	0.04033802
3380	-224.0861	-229.4374	5.351335	0.05217967	0.03655406	0.01562561	0.03655406
3390	-241.5122	-246.2063	4.694083	0.089303	0.05838304	0.03091996	0.05838304
3400	-221.9763	-228.0711	6.094876	0.04390395	0.01398597	0.02991798	0.01398597
3410	-259.2059	-263.4748	4.268847	0.09036495	0.03622831	0.05413664	0.03622831
3420	-223.0554	-229.0805	6.025123	0.04602914	0.01630965	0.02971949	0.01630965
3430	-225.4221	-230.9179	5.495811	0.04188094	0.002773017	0.03910792	0.002773017
3440	-222.3813	-228.4786	6.097355	0.04358499	0.01200853	0.03157645	0.01200853
3450	-226.1137	-232.0676	5.953891	0.04614072	0.009409168	0.03673155	0.009409168
3460	-220.3923	-226.5375	6.145134	0.0421574	0.014497	0.0276604	0.014497
3470	-221.9546	-228.0401	6.085472	0.04115226	0.007275954	0.0338763	0.007275954
3480	-259.9855	-263.5022	3.516715	0.1357795	0.0961491	0.03963038	0.0961491
3490	-223.6998	-229.6843	5.984442	0.04722588	0.01745681	0.02976907	0.01745681
3500	-221.6532	-227.5164	5.863106	0.04669052	0.02539744	0.02129307	0.02539744
3510	-214.6191	-220.9808	6.361674	0.03268644	0.008333467	0.02435297	0.008333467
3520	-247.9252	-252.257	4.331844	0.1017417	0.06643673	0.03530499	0.06643673
3530	-214.5503	-220.3632	5.812856	0.02824043	0.01548364	0.01275679	0.01548364
3540	-229.4231	-235.1848	5.761669	0.05320752	0.01733658	0.03587094	0.01733658
3550	-232.2458	-237.4461	5.20035	0.07028377	0.04564309	0.02464068	0.04564309
3560	-214.7026	-220.985	6.28248	0.03275099	0.01280079	0.01995021	0.01280079
3570	-229.9257	-235.421	5.495298	0.06144175	0.03310251	0.02833924	0.03310251
3580	-262.6199	-266.8016	4.181656	0.09132017	0.03402639	0.05729378	0.03402639
3590	-219.0892	-224.6023	5.513158	0.03915036	0.02586466	0.0132857	0.02586466
3600	-239.1853	-243.5596	4.374309	0.09660186	0.07853563	0.01806624	0.07853563
3610	-218.0014	-224.1904	6.189039	0.03903153	0.01568293	0.02334861	0.01568293
3620	-215.1517	-221.3644	6.212658	0.03262939	0.004802991	0.0278264	0.004802991
3630	-242.3496	-245.7841	3.434472	0.1101266	0.0987074	0.01141919	0.0987074
3640	-260.2549	-261.806	1.551196	0.2057004	0.1963955	0.009304912	0.1963955
3650	-213.1972	-219.5575	6.360375	0.02993271	0.009737941	0.02019477	0.009737941
3660	-270.3383	-273.5077	3.169333	0.1366448	0.0851283	0.05151649	0.0851283
3670	-213.3681	-219.6866	6.318484	0.02993776	0.01094221	0.01899554	0.01094221
3680	-243.7485	-248.4091	4.660612	0.0885546	0.05321456	0.03534003	0.05321456
3690	-211.4065	-217.7239	6.317439	0.02670639	0.004918397	0.02178799	0.004918397
3700	-230.104	-235.5369	5.432893	0.06314917	0.03636393	0.02678525	0.03636393
3710	-289.7279	-293.4148	3.686882	0.08705556	0.004722837	0.08233272	0.004722837
3720	-209.5772	-215.6304	6.053192	0.02009337	0.003354776	0.01673859	0.003354776
3730	-221.5559	-227.5641	6.008188	0.04538633	0.0201231	0.02526323	0.0201231
3740	-227.6949	-233.3253	5.630393	0.05713376	0.02977898	0.02735478	0.02977898
3750	-235.3959	-240.6925	5.296592	0.0669914	0.03195599	0.03503541	0.03195599
3760	-263.2208	-265.767	2.546176	0.2159702	0.1966215	0.01934874	0.1966215
3770	-228.8351	-234.4714	5.636281	0.05731253	0.02701296	0.03029957	0.02701296
3780	-218.8045	-224.5708	5.766291	0.03993071	0.02417637	0.01575434	0.02417637
3790	-217.469	-221.5706	4.1016	0.02246954	0.01600233	0.006467211	0.01600233
3800	-228.5142	-234.223	5.708782	0.05519568	0.02328826	0.03190742	0.02328826
3810	-251.7808	-256.4803	4.699568	0.07880798	0.02797924	0.05082874	0.02797924
3820	-253.934	-257.5685	3.634536	0.1421044	0.114177	0.02792735	0.114177
3830	-235.7989	-241.0488	5.249851	0.0685589	0.03398191	0.03457698	0.03398191
3840	-219.0496	-225.2775	6.227887	0.0391591	0.01027213	0.02888697	0.01027213
3850	-214.3127	-220.2199	5.907258	0.02845418	0.01498302	0.01347116	0.01498302
3860	-232.4514	-237.5979	5.146451	0.07166249	0.0480924	0.02357008	0.0480924
3870	-237.3568	-242.0602	4.703368	0.08763367	0.06586395	0.02176972	0.06586395
3880	-215.0423	-221.3851	6.342798	0.03357713	0.01050945	0.02306769	0.01050945
3890	-239.0008	-243.8429	4.842077	0.08394249	0.05449014	0.02945235	0.05449014
3900	-215.0077	-221.1753	6.167511	0.03272436	0.01501364	0.01771072	0.01501364
3910	-232.9794	-237.6908	4.71137	0.07673662	0.0606206	0.01611601	0.0606206
3920	-257.6265	-262.4142	4.787744	0.06883647	0.007435496	0.06140098	0.007435496
3930	-236.1297	-240.8265	4.696766	0.08529278	0.06566211	0.01963067	0.06566211
3940	-245.6679	-250.8618	5.193885	0.06402492	0.0127436	0.05128132	0.0127436
3950	-213.6135	-219.7888	6.175345	0.02916882	0.01290535	0.01626347	0.01290535
3960	-246.7204	-251.7392	5.018806	0.07024494	0.02108939	0.04915555	0.02108939
3970	-228.8785	-234.712	5.833522	0.04796764	0.008154955	0.03981268	0.008154955
3980	-264.0521	-266.8827	2.830522	0.1950708	0.1668505	0.02822032	0.1668505
3990	-257.6389	-262.3961	4.757172	0.06802115	0.006276366	0.06174478	0.006276366
4000	-269.9984	-272.8647	2.86631	0.1651247	0.1209467	0.04417808	0.1209467
4010	-260.6565	-265.0521	4.395535	0.0845368	0.02666239	0.05787441	0.02666239
4020	-214.9465	-221.2387	6.292218	0.03333258	0.01266343	0.02066915	0.01266343
4030	-246.0433	-250.6865	4.643217	0.08654373	0.04664167	0.03990206	0.04664167
4040	-213.6106	-219.8187	6.208096	0.02948847	0.01266344	0.01682503	0.01266344
4050	-226.4149	-232.2995	5.884607	0.05007974	0.01712805	0.03295168	0.01712805
4060	-228.1728	-233.5035	5.330652	0.06217876	0.0419173	0.02026146	0.0419173
4070	-241.4751	-245.9028	4.427694	0.1005838	0.07784587	0.0227379	0.07784587
4080	-235.6224	-240.7972	5.174851	0.0501913	0.003004428	0.04718687	0.003004428
4090	-218.3241	-224.576	6.2519	0.03796078	0.009262488	0.02869829	0.009262488
4100	-218.8251	-225.0604	6.235375	0.03897403	0.01054925	0.02842478	0.01054925
4110	-230.8668	-236.3893	5.52257	0.0606777	0.02919713	0.03148057	0.02919713
4120	-247.8661	-252.4224	4.556372	0.08872214	0.04734334	0.04137881	0.04734334
4130	-211.4622	-217.2812	5.81897	0.02615192	0.002220808	0.02393111	0.002220808
4140	-212.0727	-218.2682	6.195515	0.02786583	0.003818574	0.02404726	0.003818574
4150	-230.2705	-235.0245	4.75393	0.06853576	0.05423538	0.01430039	0.05423538
4160	-217.1014	-223.3699	6.268566	0.03586185	0.007291377	0.02857047	0.007291377
4170	-212.8089	-219.1223	6.313439	0.028539	0.01035689	0.01818211	0.01035689
4180	-250.8067	-253.8818	3.075069	0.1494075	0.1358621	0.01354541	0.1358621
4190	-297.6755	-299.3335	1.657934	0.1953087	0.1293063	0.06600243	0.1293063
4200	-217.9428	-223.3405	5.397682	0.03501482	0.02333176	0.01168306	0.02333176
4210	-222.5028	-227.8725	5.369681	0.0479147	0.03344818	0.01446651	0.03344818
4220	-237.9333	-243.1308	5.197446	0.06925706	0.03152481	0.03773225	0.03152481
4230	-224.4731	-229.5939	5.120774	0.05240248	0.03884648	0.013556	0.03884648
4240	-219.1791	-224.9473	5.768198	0.04090787	0.02475077	0.0161571	0.02475077
4250	-218.732	-224.5299	5.797909	0.03990444	0.02380504	0.0160994	0.02380504
4260	-224.5825	-230.5918	6.009316	0.04440679	0.00879592	0.03561088	0.00879592
4270	-260.7272	-264.2829	3.555701	0.130207	0.08787944	0.04232761	0.08787944
4280	-226.4865	-232.3651	5.878608	0.05025956	0.01735689	0.03290267	0.01735689
4290	-230.1915	-235.0336	4.842139	0.06842722	0.05327917	0.01514806	0.05327917
4300	-251.8443	-256.7167	4.872429	0.07251686	0.01867237	0.05384449	0.01867237
4310	-252.5531	-257.0896	4.536431	0.08471315	0.03564021	0.04907293	0.03564021
4320	-220.9998	-227.1464	6.146551	0.04219327	0.01241596	0.0297773	0.01241596
4330	-244.8885	-248.7561	3.867682	0.1194612	0.1023899	0.01707128	0.1023899
4340	-221.1735	-227.3126	6.1391	0.04088942	0.008525342	0.03236408	0.008525342
4350	-248.9859	-253.6852	4.699366	0.08090665	0.03436018	0.04654647	0.03436018
4360	-242.7479	-247.1289	4.380973	0.1034378	0.07934902	0.02408876	0.07934902
4370	-237.8727	-242.3667	4.494006	0.09182867	0.07344894	0.01837974	0.07344894
4380	-252.2433	-256.8558	4.612498	0.08184819	0.03186766	0.04998052	0.03186766
4390	-271.9379	-276.2141	4.27619	0.08308595	0.01406133	0.06902462	0.01406133
4400	-238.6754	-243.8884	5.212977	0.06815041	0.0285066	0.03964381	0.0285066
4410	-217.1868	-223.2724	6.085552	0.03746362	0.01840777	0.01905585	0.01840777
4420	-213.5298	-219.8939	6.364061	0.03069155	0.009779375	0.02091218	0.009779375
4430	-238.9047	-244.3587	5.454003	0.05832094	0.01187585	0.04644509	0.01187585
4440	-230.6754	-236.1909	5.515451	0.06092143	0.03012751	0.03079391	0.03012751
4450	-213.0989	-219.0827	5.983728	0.0291123	0.002872268	0.02624004	0.002872268
4460	-218.6726	-224.9006	6.227944	0.03931657	0.01239524	0.02692133	0.01239524
4470	-210.7649	-217.0764	6.311516	0.02511004	0.004905192	0.02020484	0.004905192
4480	-264.3439	-268.5441	4.200281	0.08949196	0.02982155	0.05967041	0.02982155
4490	-231.8959	-236.9804	5.084518	0.07179563	0.05078716	0.02100847	0.05078716
4500	-248.3101	-253.2722	4.962047	0.07134442	0.02087992	0.05046449	0.02087992
4510	-226.5575	-232.4221	5.86463	0.05069403	0.01814416	0.03254988	0.01814416
4520	-254.0812	-257.386	3.304831	0.1599433	0.1402623	0.01968102	0.1402623
4530	-342.8184	-340.1971	-2.621311	0.7259298	0.6605113	0.06541849	0.6605113
4540	-316.0168	-316.8011	0.7843	0.2297862	0.1532168	0.0765694	0.1532168
4550	-276.1612	-280.1015	3.940268	0.09269776	0.0232024	0.06949536	0.0232024
4560	-230.9083	-236.2104	5.302121	0.06677438	0.04210504	0.02466935	0.04210504
4570	-210.0436	-214.7479	4.704355	0.01982153	0.0008968069	0.01892472	0.0008968069
4580	-268.6362	-272.2723	3.636152	0.1102781	0.05321729	0.05706082	0.05321729
4590	-237.2083	-242.2243	5.016065	0.07729359	0.04664898	0.03064461	0.04664898
4600	-227.1207	-232.8598	5.739087	0.05426066	0.02472058	0.02954008	0.02472058
4610	-215.0712	-221.0284	5.957234	0.03179062	0.0030388	0.02875182	0.0030388
4620	-242.5512	-246.5359	3.984673	0.1103945	0.09417532	0.01621919	0.09417532
4630	-245.1832	-249.1	3.916774	0.1197938	0.1016427	0.01815111	0.1016427
4640	-238.0153	-243.1934	5.178155	0.06996755	0.03258775	0.0373798	0.03258775
4650	-238.4641	-243.9026	5.438489	0.05972134	0.01477992	0.04494141	0.01477992
4660	-214.8585	-221.1821	6.323536	0.03324298	0.01160558	0.02163741	0.01160558
4670	-210.2184	-216.4934	6.275016	0.02309543	0.004855884	0.01823955	0.004855884
4680	-254.5088	-259.3609	4.852058	0.0657385	0.00603126	0.05970724	0.00603126
4690	-210.5212	-216.5767	6.055485	0.0191208	0.005359402	0.0137614	0.005359402
4700	-255.2273	-259.2892	4.061937	0.105749	0.06195951	0.0437895	0.06195951
4710	-213.2094	-219.3807	6.171304	0.02967946	0.003867288	0.02581217	0.003867288
4720	-285.1684	-287.9086	2.740176	0.1385196	0.07316077	0.06535878	0.07316077
4730	-253.9902	-258.583	4.592845	0.08136431	0.02919376	0.05217055	0.02919376
4740	-280.9231	-282.8522	1.929065	0.2322254	0.1885366	0.0436888	0.1885366
4750	-217.1375	-223.4177	6.280235	0.03705394	0.01181479	0.02523914	0.01181479
4760	-227.4488	-233.2584	5.809668	0.04540988	0.005707678	0.0397022	0.005707678
4770	-238.2173	-243.149	4.931755	0.08038597	0.04997054	0.03041543	0.04997054
4780	-213.3757	-219.739	6.363316	0.03035281	0.009742421	0.02061039	0.009742421
4790	-219.9198	-225.8521	5.932338	0.04314269	0.02317481	0.01996788	0.02317481
4800	-223.8072	-228.1937	4.38654	0.04653265	0.03748484	0.009047809	0.03748484
4810	-216.4236	-221.7895	5.365992	0.03235298	0.00166832	0.03068466	0.00166832
4820	-233.7896	-238.9535	5.163942	0.07222471	0.04515656	0.02706815	0.04515656
4830	-253.5395	-258.0155	4.476006	0.08641718	0.03692902	0.04948815	0.03692902
4840	-262.6402	-267.2743	4.634032	0.07309886	0.008720153	0.06437871	0.008720153
4850	-219.7988	-225.6573	5.858505	0.04279184	0.02447204	0.0183198	0.02447204
4860	-210.3696	-216.4439	6.074305	0.01923274	0.00513092	0.01410182	0.00513092
4870	-275.397	-277.7373	2.3403	0.2043853	0.1621829	0.04220237	0.1621829
4880	-216.4634	-221.1207	4.657273	0.02362576	0.0159486	0.007677162	0.0159486
4890	-217.9914	-222.644	4.652614	0.02956193	0.02138222	0.008179713	0.02138222
4900	-219.8864	-226.0586	6.17223	0.03913726	0.007567768	0.03156949	0.007567768
4910	-240.0782	-244.9113	4.833102	0.08363394	0.05177669	0.03185724	0.05177669
4920	-218.5604	-224.3577	5.797309	0.03945483	0.02353967	0.01591516	0.02353967
4930	-335.8158	-337.64	1.824193	0.1428186	0.03899421	0.1038244	0.03899421
4940	-237.7921	-242.9747	5.182555	0.05211731	0.003418493	0.04869882	0.003418493
4950	-265.8123	-269.8533	4.040949	0.09462128	0.03531429	0.05930699	0.03531429
4960	-224.3866	-230.1185	5.731931	0.05213687	0.0290505	0.02308637	0.0290505
4970	-269.274	-272.8472	3.573201	0.1127851	0.05583409	0.05695104	0.05583409
4980	-236.7108	-242.1385	5.427711	0.06138629	0.02007242	0.04131386	0.02007242
4990	-245.7165	-249.3407	3.624139	0.1243924	0.1094749	0.01491754	0.1094749
5000	-234.1281	-239.1982	5.070143	0.07510389	0.05011446	0.02498943	0.05011446
5010	-229.9795	-235.438	5.45854	0.062438	0.03514091	0.02729708	0.03514091
5020	-227.0987	-231.8006	4.701904	0.05847147	0.04654074	0.01193073	0.04654074
5030	-235.2414	-240.0132	4.771816	0.08239367	0.06261835	0.01977531	0.06261835
5040	-248.3765	-253.3725	4.995996	0.07008128	0.01890433	0.05117696	0.01890433
5050	-267.1526	-269.8028	2.650227	0.2054586	0.1748056	0.03065301	0.1748056
5060	-288.1353	-289.9973	1.861995	0.2053975	0.1497424	0.05565507	0.1497424
5070	-258.2569	-262.0306	3.773736	0.1192729	0.07650609	0.04276682	0.07650609
5080	-214.1115	-220.1219	6.010407	0.02890004	0.01446573	0.01443431	0.01446573
5090	-220.1913	-226.3771	6.185778	0.04062189	0.01063096	0.02999092	0.01063096
5100	-220.7157	-224.338	3.622267	0.008596118	0.002559073	0.006037045	0.002559073
5110	-210.7533	-217.0881	6.334787	0.02461929	0.005779361	0.01883993	0.005779361
5120	-217.355	-223.3525	5.997482	0.03747499	0.01987969	0.0175953	0.01987969
5130	-225.7921	-231.7474	5.955297	0.04763153	0.01318859	0.03444294	0.01318859
5140	-218.8897	-225.1231	6.233381	0.03901222	0.01041831	0.02859391	0.01041831
5150	-216.1142	-222.3547	6.240538	0.03558296	0.01440972	0.02117323	0.01440972
5160	-211.8427	-215.6522	3.809471	0.01402051	0.0006292879	0.01339122	0.0006292879
5170	-242.5294	-247.2004	4.670938	0.08948273	0.0567683	0.03271443	0.0567683
5180	-228.0932	-233.9663	5.873153	0.04772043	0.008976792	0.03874363	0.008976792
5190	-259.8961	-263.3038	3.4077	0.1465244	0.1103839	0.0361405	0.1103839
5200	-222.6887	-228.7344	6.045758	0.04540787	0.01580331	0.02960456	0.01580331
5210	-230.8678	-236.6125	5.744717	0.05286995	0.01409209	0.03877786	0.01409209
5220	-231.0694	-236.1906	5.121214	0.06978676	0.04933796	0.0204488	0.04933796
5230	-224.6807	-230.1138	5.433128	0.05388157	0.03652366	0.0173579	0.03652366
5240	-218.7889	-224.8545	6.065597	0.04079271	0.01956957	0.02122314	0.01956957
5250	-230.4527	-236.218	5.765327	0.04908282	0.007735499	0.04134732	0.007735499
5260	-213.9788	-220.3176	6.338808	0.03139407	0.006293979	0.02510009	0.006293979
5270	-244.691	-249.4454	4.75447	0.08260131	0.04258601	0.04001531	0.04258601
5280	-222.8125	-228.8829	6.070401	0.0445827	0.01332281	0.03125989	0.01332281
5290	-237.7177	-242.6132	4.895471	0.08207772	0.05406971	0.02800801	0.05406971
5300	-288.7302	-289.4037	0.6735105	0.4208193	0.3936968	0.02712252	0.3936968
5310	-236.7538	-240.4482	3.694441	0.08796924	0.07748944	0.0104798	0.07748944
5320	-243.154	-247.0112	3.857152	0.1132917	0.09801842	0.01527328	0.09801842
5330	-275.8059	-276.6956	0.8896611	0.3382355	0.3254831	0.0127524	0.3254831
5340	-240.414	-245.2552	4.841155	0.08295109	0.05002751	0.03292358	0.05002751
5350	-221.5828	-227.4851	5.902344	0.04637882	0.02421974	0.02215908	0.02421974
5360	-243.6978	-248.2485	4.550765	0.09474606	0.06299009	0.03175597	0.06299009
5370	-250.6571	-254.4837	3.826582	0.1319568	0.1061262	0.02583055	0.1061262
5380	-210.1344	-216.3401	6.205762	0.02344948	0.003847157	0.01960233	0.003847157
5390	-241.0909	-245.7336	4.642657	0.09211658	0.06393564	0.02818095	0.06393564
5400	-229.1014	-234.2435	5.142112	0.06520184	0.04714151	0.01806032	0.04714151
5410	-218.0982	-223.752	5.653848	0.03729641	0.02343094	0.01386547	0.02343094
5420	-270.8874	-275.1349	4.247466	0.08467641	0.01715077	0.06752565	0.01715077
5430	-222.8038	-227.9024	5.09861	0.04741411	0.03507897	0.01233514	0.03507897
5440	-235.1294	-239.9369	4.807522	0.08170606	0.06138258	0.02032348	0.06138258
5450	-273.0274	-275.5955	2.568122	0.1865735	0.1435867	0.04298683	0.1435867
5460	-248.225	-253.2743	5.049374	0.06817678	0.01619107	0.05198571	0.01619107
5470	-338.2836	-333.5615	-4.722137	1.953834	1.933936	0.01989797	1.933936
5480	-246.1765	-250.5519	4.375377	0.1018658	0.06954798	0.03231777	0.06954798
5490	-239.5072	-244.3521	4.844916	0.08351596	0.05270874	0.03080722	0.05270874
5500	-219.5563	-225.4316	5.87534	0.04226089	0.02396648	0.01829441	0.02396648
5510	-226.1312	-232.0601	5.928932	0.04857015	0.0144691	0.03410105	0.0144691
5520	-234.736	-239.8507	5.114743	0.07402098	0.04625495	0.02776602	0.04625495
5530	-237.7847	-243.2463	5.46158	0.05930963	0.0150164	0.04429323	0.0150164
5540	-268.4421	-272.7146	4.272522	0.08493006	0.01971838	0.06521167	0.01971838
5550	-246.596	-251.3023	4.706312	0.08284714	0.04031928	0.04252786	0.04031928
5560	-212.8027	-219.1609	6.358201	0.02944746	0.006072113	0.02337535	0.006072113
5570	-302.9147	-304.5765	1.661789	0.1826447	0.1102278	0.07241691	0.1102278
5580	-209.9332	-215.8387	5.90547	0.02279422	0.002418126	0.02037609	0.002418126
5590	-254.1419	-258.8884	4.746495	0.07571077	0.02087464	0.05483613	0.02087464
5600	-228.7533	-234.6051	5.851825	0.04928745	0.01087871	0.03840875	0.01087871
5610	-242.4437	-247.7491	5.305414	0.0619966	0.01338088	0.04861572	0.01338088
5620	-255.4027	-259.0175	3.614884	0.1406929	0.1095541	0.03113883	0.1095541
5630	-237.5717	-242.031	4.459326	0.09127833	0.07380903	0.01746929	0.07380903
5640	-215.4952	-221.6718	6.176623	0.03297019	0.004546957	0.02842323	0.004546957
5650	-257.9054	-262.6952	4.78978	0.06982665	0.008559165	0.06126749	0.008559165
5660	-215.7496	-220.4221	4.672559	0.01313707	0.005842386	0.007294686	0.005842386
5670	-219.4387	-225.0409	5.602228	0.04068302	0.02627699	0.01440603	0.02627699
5680	-226.2195	-232.1364	5.916878	0.04512358	0.007187399	0.03793618	0.007187399
5690	-269.7285	-272.8375	3.109079	0.1429596	0.09370238	0.04925721	0.09370238
5700	-241.0462	-245.6255	4.579352	0.09491122	0.06883895	0.02607227	0.06883895
5710	-235.9415	-240.6754	4.733925	0.08440338	0.06432221	0.02008117	0.06432221
5720	-227.6112	-232.4649	4.853726	0.06066866	0.04731477	0.01335389	0.04731477
5730	-316.3054	-319.063	2.7576	0.1176022	0.02280495	0.09479723	0.02280495
5740	-289.9437	-293.2758	3.332139	0.1074492	0.03058222	0.07686694	0.03058222
5750	-213.721	-220.0762	6.355194	0.03103751	0.01021391	0.0208236	0.01021391
5760	-255.8895	-260.7394	4.849851	0.07024033	0.0111282	0.05911213	0.0111282
5770	-210.8819	-216.9754	6.093547	0.02033939	0.006566392	0.013773	0.006566392
5780	-243.0468	-246.4649	3.418117	0.113143	0.1014959	0.01164714	0.1014959
5790	-221.1409	-227.1674	6.026441	0.04469939	0.01977497	0.02492441	0.01977497
5800	-211.7591	-218.1359	6.376801	0.02704332	0.007266629	0.01977669	0.007266629
5810	-216.0235	-221.4615	5.437946	0.02938834	0.01848491	0.01090343	0.01848491
5820	-232.2329	-237.789	5.556152	0.04875412	0.004715582	0.04403854	0.004715582
5830	-251.5825	-255.6795	4.097058	0.1106485	0.07371966	0.03692882	0.07371966
5840	-231.6482	-237.1682	5.520028	0.06058902	0.02734656	0.03324246	0.02734656
5850	-212.1365	-218.2609	6.124406	0.02435967	0.01001823	0.01434144	0.01001823
5860	-220.3363	-225.4624	5.126107	0.04029023	0.02908114	0.01120908	0.02908114
5870	-211.8567	-218.0889	6.232276	0.02503965	0.009315322	0.01572432	0.009315322
5880	-257.1976	-261.4481	4.250528	0.09296425	0.04199704	0.05096721	0.04199704
5890	-216.0473	-222.3722	6.324901	0.03488307	0.0087656	0.02611747	0.0087656
5900	-218.6523	-224.6822	6.02986	0.04053852	0.02042186	0.02011667	0.02042186
5910	-337.9458	-339.8826	1.936856	0.1383079	0.03216856	0.1061393	0.03216856
5920	-249.6253	-253.5188	3.893459	0.1283137	0.1029027	0.02541101	0.1029027
5930	-229.4117	-234.9556	5.54389	0.05997906	0.03130954	0.02866952	0.03130954
5940	-241.0235	-244.1608	3.137275	0.1033744	0.09388772	0.009486654	0.09388772
5950	-229.1353	-232.743	3.60771	0.05987183	0.05196343	0.007908408	0.05196343
5960	-234.3558	-239.9584	5.602648	0.05612086	0.01445482	0.04166605	0.01445482
5970	-225.5055	-231.4087	5.903218	0.0439008	0.006061132	0.03783967	0.006061132
5980	-241.8806	-246.2077	4.327141	0.1038699	0.08278086	0.02108909	0.08278086
5990	-242.7928	-247.338	4.545196	0.09595396	0.06668021	0.02927375	0.06668021
6000	-252.3307	-257.1081	4.777468	0.07562707	0.02271462	0.05291246	0.02271462
6010	-257.9101	-259.64	1.729911	0.1900276	0.1807755	0.00925205	0.1807755
6020	-213.586	-219.9629	6.376857	0.03090446	0.007519768	0.02338469	0.007519768
6030	-300.2376	-303.0589	2.821262	0.121119	0.03933921	0.08177982	0.03933921
6040	-226.8678	-232.257	5.389189	0.05909355	0.0396411	0.01945245	0.0396411
6050	-234.058	-239.1382	5.0802	0.07478322	0.04965471	0.02512851	0.04965471
6060	-225.6755	-231.3162	5.640681	0.0549861	0.03178826	0.02319784	0.03178826
6070	-248.0307	-252.8805	4.849785	0.07564513	0.02769335	0.04795178	0.02769335
6080	-224.3016	-230.3216	6.020022	0.04577575	0.01239721	0.03337854	0.01239721
6090	-229.2563	-234.8612	5.604821	0.05824284	0.02796844	0.0302744	0.02796844
6100	-275.9001	-279.9122	4.012078	0.09043492	0.02043296	0.07000195	0.02043296
6110	-234.3729	-238.9704	4.597534	0.08112925	0.06510507	0.01602418	0.06510507
6120	-235.9135	-241.4733	5.55985	0.05648662	0.01282593	0.04366069	0.01282593
6130	-221.8086	-227.5719	5.763361	0.03902041	0.003324353	0.03569606	0.003324353
6140	-311.3416	-311.5865	0.2448806	0.3169022	0.2535819	0.0633203	0.2535819
6150	-292.2664	-292.212	-0.05433595	0.5303347	0.5118305	0.01850418	0.5118305
6160	-270.4605	-273.1611	2.700619	0.182303	0.1415163	0.04078665	0.1415163
6170	-225.4148	-230.768	5.353248	0.05568039	0.03868185	0.01699853	0.03868185
6180	-242.1097	-246.8493	4.739685	0.08632452	0.05246827	0.03385625	0.05246827
6190	-257.5475	-260.8214	3.273916	0.1656614	0.1400269	0.02563457	0.1400269
6200	-232.2325	-237.6391	5.406581	0.0642516	0.03320605	0.03104555	0.03320605
6210	-213.0251	-219.2922	6.267067	0.02856898	0.01122827	0.01734071	0.01122827
6220	-228.7039	-234.45	5.746087	0.05400544	0.02039116	0.03361428	0.02039116
6230	-274.3011	-278.3032	4.002095	0.09142344	0.02315576	0.06826768	0.02315576
6240	-240.3249	-244.1875	3.862552	0.1023764	0.08910795	0.01326848	0.08910795
6250	-268.5644	-272.7574	4.193027	0.08755183	0.02316683	0.064385	0.02316683
6260	-219.1246	-225.097	5.972408	0.04147779	0.02189198	0.01958581	0.02189198
6270	-222.7126	-228.7984	6.08583	0.04385557	0.0117981	0.03205747	0.0117981
6280	-222.479	-228.5715	6.092472	0.04238786	0.008891672	0.03349619	0.008891672
6290	-312.8171	-312.9615	0.1444427	0.3249559	0.2611138	0.06384209	0.2611138
6300	-309.8604	-310.847	0.9865658	0.2266581	0.1546989	0.0719592	0.1546989
6310	-259.0145	-263.7682	4.753677	0.07135788	0.009680472	0.06167741	0.009680472
6320	-250.4264	-255.2311	4.804667	0.07577515	0.02506998	0.05070517	0.02506998
6330	-222.6145	-228.7008	6.086282	0.04248331	0.008797044	0.03368627	0.008797044
6340	-259.1957	-263.1479	3.95222	0.1058002	0.05729888	0.04850133	0.05729888
6350	-250.422	-255.4688	5.04681	0.06496054	0.00896523	0.05599531	0.00896523
6360	-226.0431	-231.7125	5.669343	0.05505171	0.03026866	0.02478304	0.03026866
6370	-254.2954	-256.2643	1.9689	0.1676508	0.1586021	0.009048714	0.1586021
6380	-244.9793	-249.3603	4.380935	0.1030662	0.07363761	0.02942857	0.07363761
6390	-216.5238	-222.8233	6.299463	0.03528478	0.007819252	0.02746553	0.007819252
6400	-256.3388	-260.1549	3.816128	0.1206819	0.08089734	0.03978458	0.08089734
6410	-210.3306	-216.5922	6.261654	0.02230923	0.00561449	0.01669474	0.00561449
6420	-238.6345	-243.3704	4.735954	0.08817929	0.06294572	0.02523357	0.06294572
6430	-250.3305	-254.6888	4.358384	0.09606118	0.0546913	0.04136988	0.0546913
6440	-255.9715	-259.5579	3.586411	0.1417498	0.1100471	0.03170271	0.1100471
6450	-215.6408	-221.9227	6.281954	0.03470399	0.01308121	0.02162278	0.01308121
6460	-239.6433	-244.4493	4.806038	0.0525454	0.002268487	0.05027691	0.002268487
6470	-225.8737	-231.3921	5.518473	0.05637994	0.03580542	0.02057452	0.03580542
6480	-243.509	-248.0455	4.536554	0.09575838	0.06494775	0.03081063	0.06494775
6490	-222.9488	-229.0282	6.079469	0.04383693	0.01115532	0.03268161	0.01115532
6500	-232.1563	-237.2479	5.091569	0.07216975	0.05054995	0.0216198	0.05054995
6510	-214.9476	-221.3032	6.35556	0.03327773	0.008919685	0.02435805	0.008919685
6520	-262.851	-266.8957	4.044643	0.09684401	0.04128329	0.05556071	0.04128329
6530	-248.3265	-252.4791	4.152566	0.1131167	0.08261413	0.0305026	0.08261413
6540	-267.6121	-270.4899	2.877797	0.1738779	0.1347385	0.03913938	0.1347385
6550	-239.5978	-244.736	5.138249	0.07042639	0.0308484	0.03957799	0.0308484
6560	-237.3797	-242.7036	5.323899	0.05243722	0.00429787	0.04813936	0.00429787
6570	-237.4591	-242.9731	5.513955	0.05540513	0.008912266	0.04649286	0.008912266
6580	-209.6767	-214.8815	5.204864	0.01761105	0.001367975	0.01624307	0.001367975
6590	-214.077	-220.4465	6.369519	0.03183277	0.009335422	0.02249735	0.009335422
6600	-214.552	-220.8748	6.322752	0.03262064	0.01161219	0.02100845	0.01161219
6610	-238.379	-243.5263	5.147255	0.07095495	0.03365096	0.03730399	0.03365096
6620	-220.6472	-226.3225	5.675303	0.04427413	0.02785435	0.01641979	0.02785435
6630	-280.3548	-283.2669	2.912053	0.1352332	0.07350299	0.06173023	0.07350299
6640	-240.5764	-245.4074	4.830953	0.08329224	0.05028086	0.03301138	0.05028086
6650	-230.546	-235.8339	5.287906	0.06664851	0.0431376	0.02351091	0.0431376
6660	-230.9827	-235.9431	4.96043	0.07056992	0.05311968	0.01745025	0.05311968
6670	-228.2207	-234.0143	5.793616	0.05258484	0.01848804	0.03409681	0.01848804
6680	-222.289	-228.3937	6.10467	0.04250161	0.009611572	0.03289004	0.009611572
6690	-225.1583	-230.8829	5.724656	0.05323629	0.02874614	0.02449015	0.02874614
6700	-273.6849	-277.92	4.235122	0.07815555	0.005963904	0.07219165	0.005963904
6710	-210.0244	-216.139	6.114619	0.02320411	0.003242011	0.0199621	0.003242011
6720	-245.1024	-249.8409	4.738486	0.082925	0.04250156	0.04042345	0.04250156
6730	-213.5153	-219.4843	5.968985	0.02666924	0.01315575	0.01351349	0.01315575
6740	-210.7566	-216.0695	5.312839	0.01478931	0.001906435	0.01288287	0.001906435
6750	-234.4841	-239.9592	5.475125	0.06092784	0.02277262	0.03815521	0.02277262
6760	-249.1804	-253.3253	4.144895	0.1121786	0.07972351	0.03245504	0.07972351
6770	-219.9442	-226.1294	6.185213	0.03954465	0.008456715	0.03108794	0.008456715
6780	-234.9507	-239.9997	5.049008	0.07621216	0.04999061	0.02622154	0.04999061
6790	-230.0895	-235.3575	5.268056	0.06630378	0.04419144	0.02211234	0.04419144
6800	-242.238	-247.0866	4.84859	0.08073159	0.04337067	0.03736093	0.04337067
6810	-251.4426	-256.2303	4.787718	0.0621227	0.003928663	0.05819404	0.003928663
6820	-221.5691	-227.6952	6.126063	0.04138286	0.008720693	0.03266217	0.008720693
6830	-214.2562	-220.6251	6.368854	0.03215204	0.009104148	0.02304789	0.009104148
6840	-216.8	-222.3642	5.564228	0.032877	0.02067515	0.01220185	0.02067515
6850	-215.5631	-221.7388	6.175731	0.03413454	0.01550742	0.01862712	0.01550742
6860	-211.7665	-217.6148	5.848336	0.01888889	0.007213399	0.01167549	0.007213399
6870	-227.4555	-232.2841	4.828634	0.06010142	0.04705146	0.01304996	0.04705146
6880	-270.1908	-274.497	4.306256	0.07539341	0.005248011	0.0701454	0.005248011
6890	-223.7895	-229.4335	5.644002	0.05162601	0.03170217	0.01992384	0.03170217
6900	-252.5472	-255.6294	3.082251	0.157776	0.1428874	0.01488861	0.1428874
6910	-220.7581	-226.4528	5.69471	0.04461856	0.02780332	0.01681524	0.02780332
6920	-212.5954	-218.9788	6.383422	0.02906303	0.006975189	0.02208784	0.006975189
6930	-242.1364	-247.4767	5.340235	0.05880647	0.008685991	0.05012047	0.008685991
6940	-228.8672	-234.3954	5.5282	0.06015702	0.03327098	0.02688604	0.03327098
6950	-238.5626	-243.7824	5.219797	0.05297295	0.003816083	0.04915687	0.003816083
6960	-302.1028	-301.6572	-0.445618	0.5845832	0.5540505	0.03053267	0.5540505
6970	-223.0951	-229.1696	6.074475	0.04387597	0.01088949	0.03298648	0.01088949
6980	-244.2112	-249.0292	4.817983	0.08012935	0.03947601	0.04065334	0.03947601
6990	-220.0519	-226.0072	5.955337	0.04339969	0.02268045	0.02071925	0.02268045
7000	-230.1196	-235.7968	5.677185	0.05584465	0.02117989	0.03466476	0.02117989
7010	-295.8064	-297.4083	1.601861	0.2063935	0.143725	0.06266853	0.143725
7020	-218.416	-224.6233	6.207294	0.03943974	0.01437383	0.02506591	0.01437383
7030	-256.6899	-260.2971	3.607213	0.1377262	0.1034303	0.03429592	0.1034303
7040	-284.7865	-288.2809	3.494376	0.08225271	0.002648292	0.07960441	0.002648292
7050	-247.2639	-251.9206	4.656667	0.08446536	0.04184362	0.04262174	0.04184362
7060	-227.6615	-233.506	5.844536	0.05102439	0.01642553	0.03459886	0.01642553
7070	-226.8846	-232.79	5.905408	0.0490373	0.01388581	0.0351515	0.01388581
7080	-228.4201	-234.1372	5.71705	0.05495598	0.02299923	0.03195674	0.02299923
7090	-215.0759	-221.4271	6.351276	0.03355252	0.009523146	0.02402937	0.009523146
7100	-235.8172	-240.8277	5.010519	0.0777445	0.05067712	0.02706738	0.05067712
7110	-247.5588	-252.4264	4.867545	0.07529174	0.02773521	0.04755654	0.02773521
7120	-211.707	-218.0426	6.33562	0.02733582	0.005246823	0.022089	0.005246823
7130	-266.0867	-269.0993	3.012663	0.1648563	0.1254496	0.03940671	0.1254496
7140	-275.7012	-276.3733	0.6720018	0.3387109	0.3273981	0.0113128	0.3273981
7150	-212.5987	-218.2244	5.625714	0.01824246	0.007841388	0.01040107	0.007841388
7160	-237.0666	-241.8852	4.818547	0.08446955	0.0602871	0.02418246	0.0602871
7170	-218.9191	-224.8756	5.956474	0.04100655	0.0220531	0.01895345	0.0220531
7180	-217.8611	-222.9526	5.091518	0.03247271	0.02257533	0.009897375	0.02257533
7190	-309.5351	-311.0289	1.493825	0.1829484	0.1052023	0.0777461	0.1052023
7200	-250.3694	-251.6876	1.318244	0.1412156	0.1347388	0.006476798	0.1347388
7210	-234.4333	-239.7796	5.346257	0.06562494	0.03127576	0.03434918	0.03127576
7220	-243.4529	-248.7485	5.295578	0.06044915	0.009732475	0.05071667	0.009732475
7230	-228.8086	-234.1308	5.322258	0.06347109	0.04235539	0.0211157	0.04235539
7240	-224.9626	-230.9508	5.988201	0.04678763	0.01316842	0.03361921	0.01316842
7250	-271.6866	-274.2106	2.523954	0.1992051	0.1605672	0.03863789	0.1605672
7260	-240.4525	-245.007	4.554451	0.09553055	0.07151622	0.02401434	0.07151622
7270	-215.3206	-221.1823	5.861784	0.03102182	0.01723803	0.01378378	0.01723803
7280	-217.6535	-223.8599	6.206345	0.03840425	0.01520541	0.02319884	0.01520541
7290	-264.6867	-267.9857	3.298918	0.1409294	0.09688258	0.04404687	0.09688258
7300	-279.9914	-283.426	3.434634	0.1090945	0.04110341	0.0679911	0.04110341
7310	-277.465	-280.3	2.835048	0.1459273	0.089402	0.05652526	0.089402
7320	-215.0374	-220.2689	5.231508	0.02379958	0.0144713	0.009328282	0.0144713
7330	-229.9743	-235.4465	5.472147	0.06208275	0.03435524	0.02772751	0.03435524
7340	-237.8966	-242.1445	4.247879	0.09320264	0.0780953	0.01510734	0.0780953
7350	-243.4101	-247.4583	4.048195	0.1125921	0.09453786	0.01805428	0.09453786
7360	-222.697	-227.9272	5.230229	0.04780108	0.03449686	0.01330422	0.03449686
7370	-254.6397	-258.5448	3.905053	0.1179454	0.0794878	0.03845757	0.0794878
7380	-215.4284	-220.129	4.700554	0.01638876	0.009063535	0.007325227	0.009063535
7390	-234.592	-240.1215	5.529473	0.05889342	0.01897825	0.03991518	0.01897825
7400	-242.8523	-247.6628	4.810504	0.08190516	0.04425117	0.03765399	0.04425117
7410	-211.5299	-217.8438	6.313922	0.02540168	0.008207997	0.01719368	0.008207997
7420	-214.5332	-219.9294	5.396154	0.02368104	0.01376463	0.009916406	0.01376463
7430	-236.9989	-242.1886	5.189643	0.07020201	0.03470509	0.03549692	0.03470509
7440	-216.9364	-223.0552	6.118822	0.03465518	0.004493761	0.03016142	0.004493761
7450	-277.8592	-281.8798	4.020523	0.08936162	0.0173118	0.07204981	0.0173118
7460	-270.2958	-272.9482	2.652411	0.1892743	0.1502675	0.03900686	0.1502675
7470	-234.8547	-239.8909	5.036153	0.07654881	0.05093686	0.02561195	0.05093686
7480	-307.4169	-307.8545	0.437602	0.3081216	0.2474378	0.0606838	0.2474378
7490	-279.4341	-281.5797	2.145547	0.2094871	0.1635597	0.0459274	0.1635597
7500	-264.4274	-267.6848	3.257393	0.145591	0.1031504	0.04244062	0.1031504
7510	-268.7898	-271.4104	2.620587	0.2014599	0.167308	0.03415193	0.167308
7520	-279.5716	-280.7741	1.20247	0.3549152	0.3346498	0.02026547	0.3346498
7530	-227.746	-233.0402	5.294194	0.06144421	0.04253043	0.01891378	0.04253043
7540	-225.9945	-231.3784	5.383943	0.05710864	0.03894223	0.01816641	0.03894223
7550	-220.2781	-226.2984	6.020345	0.04355894	0.02071112	0.02284782	0.02071112
7560	-264.208	-267.2359	3.027923	0.171183	0.1360237	0.03515937	0.1360237
7570	-223.0038	-228.0675	5.063615	0.04781618	0.03561759	0.01219859	0.03561759
7580	-214.0724	-220.4208	6.348362	0.03173923	0.01057935	0.02115988	0.01057935
7590	-243.8511	-248.6763	4.825269	0.08016319	0.04005487	0.04010832	0.04005487
7600	-231.2224	-236.6396	5.417127	0.06394859	0.03500101	0.02894757	0.03500101
7610	-210.4234	-216.5478	6.124386	0.02438313	0.003254774	0.02112835	0.003254774
7620	-216.8111	-221.9114	5.10031	0.02908568	0.01958982	0.009495861	0.01958982
7630	-225.4539	-231.4245	5.970613	0.04718858	0.01295958	0.03422899	0.01295958
7640	-211.178	-217.1322	5.954132	0.02583846	0.002584811	0.02325365	0.002584811
7650	-213.9325	-220.2729	6.340411	0.03132524	0.006303347	0.02502189	0.006303347
7660	-247.8079	-251.9435	4.135582	0.1149309	0.08635131	0.02857957	0.08635131
7670	-238.7913	-244.1636	5.372245	0.05427291	0.005486188	0.04878672	0.005486188
7680	-251.0643	-255.5675	4.503113	0.08760375	0.04156849	0.04603526	0.04156849
7690	-233.5897	-238.7591	5.16939	0.07198743	0.04523244	0.02675499	0.04523244
7700	-266.7242	-270.0828	3.358537	0.1306773	0.08146515	0.04921217	0.08146515
7710	-223.1272	-228.4625	5.335362	0.04949743	0.03488472	0.01461271	0.03488472
7720	-238.2242	-243.3444	5.120202	0.0721826	0.03596811	0.0362145	0.03596811
7730	-253.8644	-257.1681	3.30369	0.1593555	0.1400154	0.01934012	0.1400154
7740	-215.8782	-222.1014	6.223217	0.03505607	0.01480234	0.02025374	0.01480234
7750	-217.1263	-222.7895	5.663214	0.03368183	0.002312063	0.03136977	0.002312063
7760	-216.3519	-222.5121	6.160229	0.03586453	0.01641881	0.01944572	0.01641881
7770	-222.0775	-228.028	5.950477	0.04669623	0.02211182	0.02458441	0.02211182
7780	-225.4171	-231.2066	5.789452	0.05236045	0.02525821	0.02710224	0.02525821
7790	-226.9818	-232.2481	5.266271	0.05966359	0.04218501	0.01747857	0.04218501
7800	-235.9415	-240.9484	5.006878	0.0778933	0.05063158	0.02726172	0.05063158
7810	-214.7761	-220.8968	6.120657	0.03177218	0.01516473	0.01660745	0.01516473
7820	-218.3628	-224.1124	5.749648	0.03865928	0.02353312	0.01512616	0.02353312
7830	-370.8102	-371.3712	0.560997	0.178383	0.05615889	0.1222241	0.05615889
7840	-236.77	-241.534	4.763979	0.08544674	0.06328662	0.02216012	0.06328662
7850	-215.9638	-222.2733	6.309548	0.03522564	0.01166757	0.02355808	0.01166757
7860	-214.6804	-220.2466	5.566185	0.02613121	0.01514488	0.01098634	0.01514488
7870	-210.2294	-216.337	6.107665	0.01960746	0.005007071	0.01460039	0.005007071
7880	-254.2795	-257.7914	3.511921	0.1505357	0.125553	0.02498269	0.125553
7890	-230.0046	-235.7846	5.780058	0.04862356	0.007596219	0.04102734	0.007596219
7900	-222.8936	-228.8562	5.962563	0.04731555	0.0204272	0.02688835	0.0204272
7910	-223.5781	-229.552	5.973877	0.04745553	0.01842336	0.02903217	0.01842336
7920	-213.4503	-219.8015	6.351267	0.03042405	0.01021284	0.02021121	0.01021284
7930	-261.9043	-264.6443	2.73995	0.2031124	0.1820863	0.02102612	0.1820863
7940	-211.6857	-218.0262	6.340515	0.02618557	0.008186405	0.01799916	0.008186405
7950	-230.8241	-236.592	5.767856	0.05015278	0.009107981	0.0410448	0.009107981
7960	-247.1078	-251.4808	4.372968	0.1005195	0.06594494	0.03457457	0.06594494
7970	-250.9702	-254.9366	3.966372	0.1218153	0.09062963	0.03118563	0.09062963
7980	-218.0746	-224.2936	6.218956	0.03890108	0.0142087	0.02469238	0.0142087
7990	-226.6429	-232.5452	5.902291	0.04934884	0.01504747	0.03430137	0.01504747
8000	-225.0907	-230.1093	5.0186	0.05376534	0.04066628	0.01309906	0.04066628
8010	-230.1046	-235.7096	5.605038	0.05818247	0.02587022	0.03231225	0.02587022
8020	-212.5645	-218.4776	5.913121	0.02816499	0.002566903	0.02559809	0.002566903
8030	-218.8762	-225.0927	6.216447	0.0381382	0.007873498	0.0302647	0.007873498
8040	-219.2918	-225.4178	6.125986	0.04134996	0.01729304	0.02405691	0.01729304
8050	-238.0623	-243.0394	4.97709	0.07848917	0.0469964	0.03149277	0.0469964
8060	-214.8378	-220.0844	5.246606	0.02313364	0.01382586	0.009307787	0.01382586
8070	-217.3285	-222.9141	5.585569	0.03459888	0.02189333	0.01270556	0.02189333
8080	-225.1765	-230.9845	5.808073	0.04278609	0.004547297	0.03823879	0.004547297
8090	-245.4857	-250.1557	4.670012	0.08586117	0.04641311	0.03944806	0.04641311
8100	-257.3491	-260.6104	3.261291	0.1666961	0.1418933	0.02480273	0.1418933
8110	-216.8911	-222.9523	6.061204	0.03667192	0.01852341	0.0181485	0.01852341
8120	-220.6535	-226.3777	5.724248	0.04445656	0.02731555	0.017141	0.02731555
8130	-247.3328	-252.102	4.769183	0.07937821	0.03414482	0.04523339	0.03414482
8140	-237.0336	-242.2812	5.247613	0.06788547	0.03066218	0.03722329	0.03066218
8150	-223.4688	-229.4584	5.989532	0.04704286	0.01766944	0.02937342	0.01766944
8160	-213.3929	-219.5494	6.156495	0.02836913	0.0126178	0.01575133	0.0126178
8170	-234.9782	-240.3587	5.380438	0.06408926	0.02755089	0.03653837	0.02755089
8180	-214.1104	-220.0335	5.923055	0.02800166	0.01452194	0.01347972	0.01452194
8190	-244.0444	-248.7799	4.735517	0.0842719	0.04611742	0.03815448	0.04611742
8200	-242.3037	-247.1291	4.825357	0.05473229	0.002592794	0.0521395	0.002592794
8210	-227.5585	-233.13	5.571513	0.05825307	0.03303842	0.02521465	0.03303842
8220	-230.6054	-236.127	5.521604	0.06073456	0.02991066	0.0308239	0.02991066
8230	-255.819	-259.373	3.554029	0.1450633	0.1148449	0.03021845	0.1148449
8240	-239.2335	-243.2142	3.980661	0.0982225	0.08467701	0.01354549	0.08467701
8250	-238.1799	-242.7103	4.53041	0.09219131	0.07275	0.01944131	0.07275
8260	-279.1004	-281.2483	2.147925	0.210917	0.1656218	0.04529521	0.1656218
8270	-215.5738	-221.4661	5.892264	0.03200831	0.01769661	0.01431169	0.01769661
8280	-220.6742	-226.2707	5.596503	0.04399353	0.02857425	0.01541928	0.02857425
8290	-222.6144	-228.4779	5.863492	0.04829129	0.02515425	0.02313704	0.02515425
8300	-224.2354	-230.0878	5.852386	0.05030789	0.0239375	0.02637039	0.0239375
8310	-218.5315	-224.5945	6.062978	0.04029347	0.01959434	0.02069913	0.01959434
8320	-268.5778	-271.2841	2.706229	0.1909627	0.1546431	0.03631957	0.1546431
8330	-210.089	-216.3267	6.237671	0.02187307	0.004953506	0.01691957	0.004953506
8340	-243.9858	-247.9059	3.920037	0.1158625	0.09903615	0.01682636	0.09903615
8350	-212.573	-218.6939	6.120892	0.02857282	0.003434467	0.02513835	0.003434467
8360	-216.7166	-221.9244	5.207782	0.02967327	0.01970464	0.009968637	0.01970464
8370	-241.4668	-246.7289	5.262029	0.0560963	0.005268055	0.05082825	0.005268055
8380	-239.7899	-245.1047	5.314789	0.0636611	0.01949426	0.04416683	0.01949426
8390	-218.1526	-224.3971	6.244446	0.03733029	0.007951272	0.02937902	0.007951272
8400	-212.408	-217.9604	5.55241	0.01571428	0.005477913	0.01023637	0.005477913
8410	-224.3664	-230.1443	5.777911	0.05157614	0.02722832	0.02434782	0.02722832
8420	-213.8505	-220.1982	6.347721	0.03122309	0.006451136	0.02477196	0.006451136
8430	-241.8503	-246.4501	4.599821	0.09380261	0.06510426	0.02869835	0.06510426
8440	-224.4386	-230.2583	5.819655	0.0510389	0.02525127	0.02578763	0.02525127
8450	-220.71	-226.7395	6.029462	0.03891513	0.005094543	0.03382058	0.005094543
8460	-351.6028	-353.1394	1.536579	0.1481484	0.03429557	0.1138528	0.03429557
8470	-323.2186	-324.1793	0.9606649	0.1991807	0.1131386	0.08604207	0.1131386
8480	-299.089	-298.8045	-0.2845425	0.5703488	0.5431985	0.02715032	0.5431985
8490	-248.8411	-251.534	2.692912	0.1391525	0.1289292	0.01022339	0.1289292
8500	-260.0073	-264.0174	4.010085	0.1015157	0.05059735	0.05091837	0.05059735
8510	-216.5559	-222.5534	5.997422	0.03548	0.01883447	0.01664553	0.01883447
8520	-268.8772	-272.7477	3.870441	0.09928261	0.03856999	0.06071262	0.03856999
8530	-231.6643	-237.0353	5.370932	0.0654027	0.03685897	0.02854373	0.03685897
8540	-237.954	-242.9183	4.964333	0.07911098	0.04829452	0.03081646	0.04829452
8550	-216.6741	-222.2811	5.607009	0.03283783	0.02038569	0.01245214	0.02038569
8560	-231.6917	-237.3306	5.638929	0.05650653	0.01949857	0.03700797	0.01949857
8570	-237.7098	-242.5734	4.863679	0.08330358	0.05632369	0.02697989	0.05632369
8580	-209.7298	-215.7637	6.03393	0.02210496	0.002914585	0.01919038	0.002914585
8590	-262.0298	-265.7688	3.738994	0.1139873	0.06501924	0.04896809	0.06501924
8600	-247.7088	-251.9063	4.197442	0.1110558	0.08067773	0.0303781	0.08067773
8610	-220.6688	-225.3633	4.694498	0.03855948	0.02933833	0.009221158	0.02933833
8620	-213.6313	-219.8182	6.186913	0.02933296	0.01285788	0.01647508	0.01285788
8630	-260.222	-264.1	3.878014	0.1085301	0.05980099	0.04872908	0.05980099
8640	-257.7	-262.176	4.476061	0.08335342	0.02804292	0.0553105	0.02804292
8650	-219.4205	-225.0471	5.626567	0.04077626	0.02612465	0.01465161	0.02612465
8660	-230.3357	-235.077	4.741243	0.04480678	0.001530402	0.04327637	0.001530402
8670	-225.8881	-231.3852	5.497089	0.05652539	0.03638494	0.02014045	0.03638494
8680	-218.4678	-224.5649	6.097084	0.04014083	0.01867108	0.02146975	0.01867108
8690	-291.2906	-292.6121	1.321532	0.2629361	0.2125332	0.05040298	0.2125332
8700	-235.9371	-241.5085	5.571461	0.05552048	0.01112895	0.04439153	0.01112895
8710	-248.4758	-252.6033	4.127479	0.1145878	0.08453406	0.03005373	0.08453406
8720	-213.5913	-219.6659	6.074661	0.02805698	0.01327007	0.01478691	0.01327007
8730	-229.7772	-235.482	5.704745	0.05504068	0.02027233	0.03476835	0.02027233
8740	-281.1374	-282.6192	1.481779	0.3113857	0.2802438	0.03114183	0.2802438
8750	-223.756	-229.0418	5.285782	0.05105537	0.03644973	0.01460564	0.03644973
8760	-247.4788	-252.1361	4.657322	0.08420326	0.04116756	0.0430357	0.04116756
8770	-230.5205	-234.6073	4.086806	0.0669047	0.05686876	0.01003594	0.05686876
8780	-216.2956	-222.6019	6.306226	0.034974	0.007768778	0.02720523	0.007768778
8790	-287.7728	-289.0381	1.265319	0.2984578	0.2566422	0.04181562	0.2566422
8800	-228.1296	-233.8467	5.717067	0.05497002	0.02370179	0.03126824	0.02370179
8810	-250.4922	-255.1644	4.672179	0.08079932	0.03238345	0.04841587	0.03238345
8820	-226.1609	-229.7301	3.56925	0.04976404	0.04260012	0.007163915	0.04260012
8830	-222.7902	-228.8141	6.023899	0.04599265	0.01704838	0.02894427	0.01704838
8840	-211.2773	-217.0043	5.726984	0.01593439	0.00424896	0.01168543	0.00424896
8850	-215.6408	-221.8434	6.202614	0.03444939	0.01510267	0.01934673	0.01510267
8860	-298.9884	-300.2286	1.240148	0.235734	0.1743248	0.06140918	0.1743248
8870	-230.2632	-235.1137	4.850594	0.06865741	0.05335107	0.01530634	0.05335107
8880	-215.4745	-221.8142	6.339701	0.03399308	0.008421862	0.02557122	0.008421862
8890	-238.4822	-243.9608	5.478619	0.05695401	0.01016664	0.04678736	0.01016664
8900	-231.0544	-234.3729	3.3185	0.06511508	0.05757842	0.007536669	0.05757842
8910	-218.5881	-224.7435	6.15534	0.04012463	0.01664126	0.02348336	0.01664126
8920	-268.8459	-269.9515	1.1056	0.2730682	0.2625841	0.01048412	0.2625841
8930	-216.9682	-223.2187	6.250458	0.03545838	0.006538936	0.02891944	0.006538936
8940	-237.7852	-242.499	4.713783	0.08804447	0.06520591	0.02283856	0.06520591
8950	-220.6718	-226.2048	5.533019	0.04368099	0.02898769	0.0146933	0.02898769
8960	-258.3122	-262.2157	3.903458	0.1102032	0.0642528	0.04595035	0.0642528
8970	-224.4943	-230.4217	5.927327	0.04886205	0.01923598	0.02962607	0.01923598
8980	-229.0794	-234.8637	5.784291	0.04724922	0.006512491	0.04073672	0.006512491
8990	-216.4524	-222.6284	6.176023	0.03613932	0.01615232	0.01998699	0.01615232
9000	-275.2534	-278.77	3.516613	0.1092925	0.04562887	0.06366364	0.04562887
9010	-210.7044	-216.7485	6.044166	0.0192216	0.005740794	0.0134808	0.005740794
9020	-222.0377	-227.0356	4.997897	0.04458514	0.03331451	0.01127062	0.03331451
9030	-331.1587	-331.1813	0.02257981	0.2671521	0.1829042	0.08424785	0.1829042
9040	-255.8547	-259.8837	4.028948	0.1067019	0.0624872	0.04421468	0.0624872
9050	-215.1793	-221.3782	6.198937	0.03261609	0.004662509	0.02795358	0.004662509
9060	-252.4992	-256.5845	4.085217	0.1095312	0.07082336	0.03870784	0.07082336
9070	-211.8835	-218.0536	6.170123	0.02424021	0.009441677	0.01479853	0.009441677
9080	-221.9135	-227.7529	5.839433	0.04726512	0.02608391	0.02118122	0.02608391
9090	-221.646	-227.7762	6.130164	0.0423818	0.01098996	0.03139184	0.01098996
9100	-238.2005	-243.0249	4.824359	0.08484056	0.05791987	0.02692069	0.05791987
9110	-252.2309	-257.0507	4.819802	0.07417807	0.02069827	0.0534798	0.02069827
9120	-227.4691	-232.8779	5.408757	0.06020852	0.03941234	0.02079619	0.03941234
9130	-226.5478	-232.2063	5.658449	0.05573523	0.03015809	0.02557714	0.03015809
9140	-236.0138	-240.992	4.978208	0.07888845	0.05236208	0.02652637	0.05236208
9150	-232.8873	-238.3418	5.454529	0.06240843	0.02832842	0.03408001	0.02832842
9160	-220.0221	-225.6047	5.582593	0.04216646	0.02748507	0.01468139	0.02748507
9170	-218.8628	-224.6795	5.816699	0.03598435	0.003044675	0.03293968	0.003044675
9180	-245.5025	-249.0868	3.584291	0.1236912	0.1093319	0.01435934	0.1093319
9190	-278.0834	-281.3376	3.254279	0.1189967	0.05537828	0.06361839	0.05537828
9200	-217.341	-223.6252	6.284265	0.03665436	0.00895971	0.02769465	0.00895971
9210	-226.499	-231.9009	5.401854	0.05824074	0.03907214	0.01916861	0.03907214
9220	-250.3782	-254.0564	3.678203	0.1388289	0.1174885	0.02134036	0.1174885
9230	-212.8759	-219.2629	6.386998	0.0295737	0.007816403	0.02175729	0.007816403
9240	-229.8205	-235.1623	5.341823	0.06480161	0.04130817	0.02349344	0.04130817
9250	-224.8907	-230.7216	5.83098	0.05118815	0.02396907	0.02721908	0.02396907
9260	-275.675	-277.6768	2.001796	0.2557046	0.2229438	0.03276082	0.2229438
9270	-312.0271	-314.2149	2.187875	0.1401029	0.05316152	0.08694139	0.05316152
9280	-214.129	-220.4976	6.368624	0.03183727	0.007780792	0.02405648	0.007780792
9290	-217.3877	-223.1777	5.789941	0.03627005	0.02155052	0.01471952	0.02155052
9300	-240.2271	-244.9071	4.679963	0.09066878	0.06341542	0.02725336	0.06341542
9310	-226.9577	-231.8963	4.938588	0.05899806	0.04534905	0.01364901	0.04534905
9320	-249.3508	-253.5101	4.159285	0.1108171	0.07743724	0.03337991	0.07743724
9330	-218.7088	-224.9167	6.207858	0.03974276	0.0138408	0.02590196	0.0138408
9340	-215.833	-222.1582	6.325229	0.03489797	0.0107038	0.02419417	0.0107038
9350	-216.1631	-221.2743	5.111219	0.026907	0.01763398	0.009273021	0.01763398
9360	-239.483	-244.3273	4.844252	0.08356345	0.05283786	0.03072559	0.05283786
9370	-226.7068	-232.3631	5.656312	0.0559171	0.03003442	0.02588267	0.03003442
9380	-226.2489	-232.1763	5.927402	0.04855707	0.01419936	0.03435771	0.01419936
9390	-229.1657	-234.7926	5.626886	0.05759667	0.02682011	0.03077656	0.02682011
9400	-225.4116	-231.294	5.882402	0.05020128	0.01990193	0.03029935	0.01990193
9410	-215.3288	-221.58	6.251203	0.03397682	0.01388046	0.02009635	0.01388046
9420	-236.4387	-241.9927	5.554	0.05476055	0.009177103	0.04558345	0.009177103
9430	-310.1517	-313.2925	3.140813	0.1071243	0.01443576	0.09268853	0.01443576
9440	-223.6248	-229.6312	6.006346	0.04254969	0.006802955	0.03574673	0.006802955
9450	-243.5462	-248.1907	4.644584	0.08968735	0.05531738	0.03436997	0.05531738
9460	-269.8095	-273.47	3.660488	0.1077789	0.04881434	0.05896461	0.04881434
9470	-314.8143	-316.7019	1.887506	0.1521493	0.0652992	0.0868501	0.0652992
9480	-225.2025	-230.262	5.059445	0.05426924	0.04075343	0.01351581	0.04075343
9490	-262.4272	-266.5777	4.15058	0.09270714	0.03611127	0.05659588	0.03611127
9500	-272.0557	-275.7977	3.741981	0.1021858	0.0393732	0.06281258	0.0393732
9510	-246.466	-251.5252	5.059191	0.0594091	0.00490134	0.05450776	0.00490134
9520	-225.8627	-231.2661	5.403376	0.05676686	0.03843982	0.01832704	0.03843982
9530	-258.5069	-261.0284	2.521454	0.1933859	0.1792686	0.01411732	0.1792686
9540	-211.5327	-217.7243	6.191631	0.02357248	0.008627221	0.01494526	0.008627221
9550	-249.0077	-253.4054	4.397764	0.09583361	0.05618271	0.0396509	0.05618271
9560	-283.022	-287.0149	3.992903	0.08713299	0.01005162	0.07708137	0.01005162
9570	-292.1896	-294.62	2.43034	0.1473282	0.07770061	0.06962754	0.07770061
9580	-231.4678	-237.1351	5.667337	0.055596	0.01818436	0.03741164	0.01818436
9590	-217.4603	-223.6163	6.155977	0.03817378	0.0169571	0.02121668	0.0169571
9600	-243.6469	-248.3988	4.751884	0.08391346	0.04616859	0.03774487	0.04616859
9610	-211.4474	-217.818	6.370604	0.02640064	0.006685049	0.01971559	0.006685049
9620	-229.4205	-235.0022	5.581702	0.05892187	0.02900472	0.02991716	0.02900472
9630	-210.0816	-216.2817	6.200064	0.02326393	0.003820618	0.01944331	0.003820618
9640	-216.8542	-223.0818	6.227557	0.03698191	0.01477022	0.0222117	0.01477022
9650	-277.2011	-279.6886	2.487518	0.1781352	0.1287127	0.04942249	0.1287127
9660	-242.1431	-246.186	4.04286	0.1085987	0.0920341	0.01656458	0.0920341
9670	-222.89	-228.3094	5.419389	0.04918989	0.03384552	0.01534437	0.03384552
9680	-247.9082	-251.6136	3.705422	0.131706	0.1135311	0.0181749	0.1135311
9690	-213.6035	-219.7696	6.166061	0.02905588	0.01294981	0.01610608	0.01294981
9700	-273.5556	-277.5778	4.022124	0.09107422	0.02335532	0.0677189	0.02335532
9710	-223.7844	-229.8324	6.047989	0.04431043	0.01028137	0.03402906	0.01028137
9720	-217.0932	-223.146	6.052851	0.03711269	0.0188501	0.01826258	0.0188501
9730	-254.2005	-258.1463	3.945896	0.1158927	0.07728523	0.0386075	0.07728523
9740	-234.2628	-239.2399	4.977101	0.07740247	0.05468253	0.02271994	0.05468253
9750	-257.7012	-261.8258	4.124547	0.09851026	0.04908505	0.04942521	0.04908505
9760	-228.4855	-233.2052	4.719719	0.06289392	0.05006914	0.01282479	0.05006914
9770	-222.5155	-228.588	6.072469	0.04459765	0.01420271	0.03039494	0.01420271
9780	-209.9843	-214.6358	4.651499	0.01829148	0.0008899484	0.01740153	0.0008899484
9790	-232.8007	-238.4814	5.680658	0.0539023	0.01286974	0.04103257	0.01286974
9800	-254.741	-258.757	4.015998	0.1096727	0.06798349	0.04168924	0.06798349
9810	-233.6495	-239.0767	5.42719	0.04941142	0.004021057	0.04539036	0.004021057
9820	-211.4673	-217.8305	6.36319	0.02615886	0.007243503	0.01891535	0.007243503
9830	-219.3404	-225.2604	5.919934	0.04186967	0.02303515	0.01883452	0.02303515
9840	-226.0062	-231.6821	5.675951	0.0549123	0.03000424	0.02490806	0.03000424
9850	-213.135	-219.4718	6.336825	0.02957064	0.01032559	0.01924506	0.01032559
9860	-221.6486	-227.691	6.042364	0.04496621	0.01826564	0.02670057	0.01826564
9870	-218.8247	-225.0388	6.214152	0.039722	0.01315577	0.02656623	0.01315577
9880	-226.9174	-232.6963	5.778908	0.05317101	0.02277726	0.03039375	0.02277726
9890	-257.993	-262.641	4.647952	0.07710757	0.01888794	0.05821963	0.01888794
9900	-243.2244	-246.8965	3.67206	0.1140508	0.1004975	0.01355333	0.1004975
9910	-250.6416	-254.8157	4.174101	0.1071743	0.07017138	0.03700294	0.07017138
9920	-241.6184	-245.9751	4.356751	0.1026797	0.08138666	0.021293	0.08138666
9930	-261.0675	-265.5558	4.48827	0.08107624	0.02142228	0.05965396	0.02142228
9940	-265.0887	-268.9689	3.880152	0.1021879	0.04615141	0.05603645	0.04615141
9950	-299.8267	-302.1774	2.350763	0.1425181	0.06559858	0.07691953	0.06559858
9960	-235.3932	-239.7708	4.377652	0.0846083	0.07014367	0.01446464	0.07014367
9970	-222.0871	-227.9026	5.815502	0.04768127	0.0267649	0.02091636	0.0267649
9980	-220.6204	-226.6635	6.043065	0.04387441	0.0195943	0.02428011	0.0195943
9990	-226.7218	-232.3914	5.669673	0.05566666	0.02934436	0.0263223	0.02934436
10000	-248.3245	-252.0816	3.75707	0.1318451	0.1122067	0.01963842	0.1122067
