Iteration	Posterior	Likelihood	Prior	birth_rate	death_rate	diversification	turnover
0	-242.2694	-246.9487	4.679287	0.08932484	0.05698828	0.03233656	0.05698828
10	-299.966	-303.4596	3.493527	0.09807373	0.0107656	0.08730813	0.0107656
20	-246.5389	-250.5703	4.031411	0.1200938	0.09750037	0.02259342	0.09750037
30	-261.8009	-264.8946	3.093742	0.1732239	0.1423606	0.03086334	0.1423606
40	-228.7448	-234.2065	5.461794	0.06144727	0.03685506	0.02459221	0.03685506
50	-213.0067	-219.348	6.341301	0.02930719	0.01008821	0.01921899	0.01008821
60	-216.3761	-222.4037	6.027581	0.03520842	0.01829478	0.01691363	0.01829478
70	-215.0772	-221.2524	6.175197	0.03295126	0.01500046	0.01795079	0.01500046
80	-382.6818	-379.0435	-3.638266	0.6522367	0.5534392	0.09879752	0.5534392
90	-214.1133	-220.3634	6.250181	0.03114909	0.0128795	0.01826959	0.0128795
100	-304.8419	-307.6687	2.826808	0.1188483	0.03296213	0.08588619	0.03296213
110	-313.3075	-315.8117	2.504162	0.1268599	0.03629772	0.09056216	0.03629772
120	-216.9623	-223.1965	6.234202	0.03715421	0.01448319	0.02267102	0.01448319
130	-213.9344	-220.3095	6.375092	0.03156382	0.00880516	0.02275866	0.00880516
140	-234.3834	-239.8699	5.486507	0.06057306	0.02230797	0.03826509	0.02230797
150	-251.8571	-255.9572	4.100185	0.1098355	0.07216878	0.03766676	0.07216878
160	-268.979	-271.2701	2.291102	0.2424561	0.2181487	0.02430742	0.2181487
170	-293.211	-296.7285	3.517573	0.1002314	0.01877151	0.08145986	0.01877151
180	-235.3481	-240.6082	5.260107	0.06841475	0.0345768	0.03383795	0.0345768
190	-228.3528	-234.2169	5.864151	0.04937123	0.01175068	0.03762055	0.01175068
200	-266.9202	-269.9143	2.994136	0.1634766	0.1226488	0.04082774	0.1226488
210	-243.9216	-247.3575	3.435932	0.1169943	0.1048005	0.01219381	0.1048005
220	-289.0949	-292.7788	3.683867	0.09623523	0.01694724	0.07928799	0.01694724
230	-219.824	-225.824	6.000019	0.04286553	0.02145216	0.02141336	0.02145216
240	-242.0805	-246.9575	4.877045	0.07954874	0.04174395	0.03780479	0.04174395
250	-220.5546	-226.1205	5.565967	0.04352311	0.0285685	0.0149546	0.0285685
260	-218.4663	-224.2364	5.770109	0.03542639	0.002799911	0.03262648	0.002799911
270	-217.7088	-223.7258	6.016987	0.03840879	0.01999026	0.01841853	0.01999026
280	-288.4282	-288.9397	0.511517	0.4499845	0.4276064	0.02237819	0.4276064
290	-232.1274	-237.2409	5.113512	0.07179575	0.0497031	0.02209266	0.0497031
300	-270.6313	-273.8654	3.234093	0.1312967	0.07808985	0.05320681	0.07808985
310	-340.3848	-341.9993	1.61447	0.1488464	0.04286075	0.1059856	0.04286075
320	-242.5279	-247.1644	4.636419	0.09133808	0.05974152	0.03159656	0.05974152
330	-233.9591	-239.1757	5.216642	0.0705099	0.04136953	0.02914037	0.04136953
340	-250.0872	-253.3513	3.264041	0.145107	0.1303567	0.01475034	0.1303567
350	-239.4263	-244.8233	5.396972	0.06069429	0.01510606	0.04558823	0.01510606
360	-209.448	-214.9975	5.549472	0.01884755	0.001789856	0.0170577	0.001789856
370	-224.3	-230.3148	6.014763	0.04607291	0.01307905	0.03299386	0.01307905
380	-220.5791	-226.4024	5.823289	0.04451005	0.02577522	0.01873482	0.02577522
390	-234.0161	-239.6468	5.630671	0.05201943	0.007789212	0.04423022	0.007789212
400	-218.1188	-224.3647	6.245839	0.03855731	0.01234267	0.02621464	0.01234267
410	-247.8883	-251.6053	3.716982	0.1314272	0.1130955	0.01833173	0.1130955
420	-223.6485	-229.644	5.995498	0.04692211	0.01683697	0.03008514	0.01683697
430	-236.5718	-241.1588	4.587021	0.08750969	0.06923595	0.01827374	0.06923595
440	-211.3597	-217.4432	6.083534	0.02142987	0.007843699	0.01358617	0.007843699
450	-256.7757	-260.2321	3.456376	0.1515477	0.122063	0.02948469	0.122063
460	-229.9436	-235.0207	5.077089	0.06751335	0.04947146	0.01804189	0.04947146
470	-275.8634	-278.3673	2.503926	0.1816235	0.1343593	0.04726426	0.1343593
480	-246.4755	-250.6959	4.220398	0.1110389	0.08307372	0.02796519	0.08307372
490	-234.6828	-239.9685	5.285756	0.06776766	0.03469473	0.03307292	0.03469473
500	-246.0263	-250.1132	4.086823	0.05615115	0.001410774	0.05474038	0.001410774
510	-233.3855	-238.3477	4.962153	0.07617445	0.05537735	0.0207971	0.05537735
520	-289.417	-292.2675	2.850532	0.1275118	0.05601357	0.07149826	0.05601357
530	-248.5797	-252.8226	4.242874	0.1064833	0.07237395	0.03410933	0.07237395
540	-219.4436	-225.6468	6.20317	0.04028125	0.01230151	0.02797974	0.01230151
550	-226.0895	-231.9579	5.868484	0.05062636	0.01912161	0.03150475	0.01912161
560	-247.6779	-252.1604	4.482472	0.09298182	0.05389587	0.03908595	0.05389587
570	-263.2135	-266.2017	2.988186	0.1800084	0.1488413	0.03116717	0.1488413
580	-236.0363	-240.6633	4.626989	0.08575916	0.06750015	0.01825901	0.06750015
590	-253.3286	-257.2136	3.884928	0.1228595	0.0882236	0.03463586	0.0882236
600	-238.5965	-244.0566	5.460104	0.05560437	0.007820385	0.04778398	0.007820385
610	-211.1158	-217.2619	6.146101	0.02598908	0.003393353	0.02259573	0.003393353
620	-277.3255	-281.2186	3.893087	0.09377649	0.02359692	0.07017958	0.02359692
630	-220.8367	-226.7841	5.947411	0.04487159	0.02294312	0.02192848	0.02294312
640	-243.0151	-248.2983	5.283241	0.06247658	0.01344822	0.04902836	0.01344822
650	-256.0705	-259.1274	3.056921	0.1734021	0.155252	0.01815004	0.155252
660	-235.9258	-240.0396	4.11386	0.08614522	0.0735536	0.01259163	0.0735536
670	-270.6442	-273.4922	2.848077	0.1645857	0.1195272	0.04505852	0.1195272
680	-286.1039	-289.723	3.619051	0.0993744	0.0234413	0.0759331	0.0234413
690	-249.6821	-253.8393	4.157214	0.1103184	0.07617962	0.03413874	0.07617962
700	-216.7829	-223.0633	6.280461	0.03662448	0.01242649	0.02419799	0.01242649
710	-236.046	-241.1183	5.072341	0.0754603	0.04586103	0.02959927	0.04586103
720	-289.0561	-292.8469	3.790773	0.09226565	0.01185284	0.08041281	0.01185284
730	-226.0722	-232.0302	5.957976	0.04648857	0.01020285	0.03628572	0.01020285
740	-239.0735	-244.512	5.438492	0.0590455	0.01285159	0.04619391	0.01285159
750	-220.21	-226.0098	5.799785	0.04360261	0.0257799	0.01782271	0.0257799
760	-232.6079	-237.6062	4.998287	0.07419145	0.05387905	0.0203124	0.05387905
770	-220.7985	-226.9387	6.140207	0.04243036	0.01378219	0.02864817	0.01378219
780	-215.3663	-221.7109	6.344627	0.0338964	0.008769084	0.02512731	0.008769084
790	-247.4249	-252.3569	4.931985	0.059415	0.003986935	0.05542806	0.003986935
800	-218.6939	-224.7817	6.087831	0.04057629	0.01893465	0.02164164	0.01893465
810	-242.79	-246.9084	4.118478	0.1098335	0.09141584	0.0184177	0.09141584
820	-225.51	-231.0015	5.491546	0.05576195	0.03630264	0.01945932	0.03630264
830	-222.853	-228.7809	5.92785	0.04784261	0.02223045	0.02561216	0.02223045
840	-211.4845	-217.8039	6.319351	0.02687447	0.004953202	0.02192127	0.004953202
850	-249.0156	-253.4932	4.477691	0.09134807	0.04963757	0.0417105	0.04963757
860	-235.3697	-240.8729	5.503209	0.05940288	0.01867455	0.04072834	0.01867455
870	-274.6369	-278.8811	4.244171	0.08222793	0.01055935	0.07166857	0.01055935
880	-228.4763	-234.33	5.853687	0.04779873	0.008494138	0.03930459	0.008494138
890	-292.9892	-294.0407	1.051426	0.2975736	0.2498138	0.04775986	0.2498138
900	-272.9698	-275.6647	2.694898	0.1720333	0.125988	0.0460453	0.125988
910	-209.7827	-215.9521	6.169417	0.02165992	0.003870042	0.01778988	0.003870042
920	-280.8786	-282.9129	2.034296	0.2170806	0.1708746	0.04620607	0.1708746
930	-245.7668	-250.5706	4.803755	0.0792866	0.03605496	0.04323164	0.03605496
940	-217.6322	-223.7094	6.077177	0.03842909	0.01887737	0.01955172	0.01887737
950	-244.1902	-248.4655	4.275285	0.1085164	0.08427546	0.02424094	0.08427546
960	-215.1846	-221.4656	6.280978	0.03298717	0.005822647	0.02716453	0.005822647
970	-212.291	-217.0666	4.775616	0.01283083	0.001407386	0.01142344	0.001407386
980	-246.9115	-251.8852	4.973703	0.071766	0.0231808	0.0485852	0.0231808
990	-250.7197	-254.7555	4.035843	0.117074	0.08423064	0.03284338	0.08423064
1000	-219.0815	-225.2693	6.187721	0.04040113	0.01443436	0.02596676	0.01443436
1010	-246.4488	-250.3947	3.945864	0.1225896	0.1021092	0.02048037	0.1021092
1020	-213.2265	-219.4043	6.177806	0.02813881	0.01221197	0.01592684	0.01221197
1030	-217.7868	-223.1633	5.376421	0.03437937	0.02292479	0.01145458	0.02292479
1040	-274.3479	-278.583	4.235178	0.07903036	0.006558919	0.07247144	0.006558919
1050	-239.6621	-244.4842	4.822041	0.08447896	0.05402809	0.03045087	0.05402809
1060	-225.1061	-231.0919	5.985825	0.04477264	0.008527115	0.03624553	0.008527115
1070	-254.3625	-259.122	4.759437	0.07513274	0.01980075	0.05533199	0.01980075
1080	-228.4258	-233.6179	5.192074	0.06339105	0.04535157	0.01803948	0.04535157
1090	-237.1715	-242.1922	5.020707	0.07711718	0.04641364	0.03070354	0.04641364
1100	-252.3359	-255.1334	2.79753	0.1578706	0.1454982	0.01237235	0.1454982
1110	-246.6581	-250.5624	3.904355	0.1241092	0.1041385	0.0199707	0.1041385
1120	-244.6364	-248.0212	3.384724	0.1201138	0.1078884	0.01222537	0.1078884
1130	-268.9475	-271.8595	2.91193	0.1643272	0.1212105	0.04311675	0.1212105
1140	-252.8599	-257.0006	4.140733	0.1050549	0.06405587	0.04099902	0.06405587
1150	-217.1014	-223.1567	6.055223	0.037143	0.01882349	0.01831951	0.01882349
1160	-299.4687	-301.476	2.007317	0.1636016	0.09089166	0.07270992	0.09089166
1170	-222.7459	-228.6486	5.902712	0.04806111	0.02349117	0.02456994	0.02349117
1180	-254.5998	-258.7546	4.154874	0.1011881	0.05643446	0.04475363	0.05643446
1190	-303.9106	-304.7258	0.8152443	0.2697095	0.2080455	0.06166407	0.2080455
1200	-217.0527	-223.203	6.150347	0.03494391	0.004872029	0.03007188	0.004872029
1210	-233.7204	-239.245	5.524607	0.059557	0.02159496	0.03796204	0.02159496
1220	-243.3063	-248.5274	5.221127	0.06489267	0.01691773	0.04797494	0.01691773
1230	-209.4416	-215.3353	5.893619	0.02009469	0.002550555	0.01754414	0.002550555
1240	-239.8633	-244.4324	4.569129	0.09448217	0.0712891	0.02319307	0.0712891
1250	-214.0616	-219.418	5.356406	0.02103967	0.0115585	0.00948117	0.0115585
1260	-215.7305	-222.051	6.320502	0.03416254	0.007541407	0.02662113	0.007541407
1270	-271.3705	-275.4203	4.049749	0.09112112	0.02538995	0.06573117	0.02538995
1280	-275.7907	-278.048	2.257342	0.2139421	0.1731084	0.04083373	0.1731084
1290	-238.3466	-243.1304	4.783836	0.08637516	0.06036338	0.02601178	0.06036338
1300	-246.1059	-250.2304	4.124524	0.1159832	0.09181429	0.02416895	0.09181429
1310	-216.2087	-222.5304	6.321732	0.0351896	0.009170943	0.02601866	0.009170943
1320	-224.0148	-230.0392	6.024425	0.04584791	0.01324708	0.03260083	0.01324708
1330	-233.8739	-239.3193	5.445399	0.06229572	0.0262703	0.03602542	0.0262703
1340	-248.5265	-252.6942	4.167666	0.1117638	0.0802502	0.03151355	0.0802502
1350	-233.6768	-238.356	4.6792	0.07885998	0.06247439	0.01638559	0.06247439
1360	-215.7848	-222.0468	6.261951	0.03496014	0.01373349	0.02122665	0.01373349
1370	-294.4501	-295.7604	1.310348	0.2470321	0.19136	0.05567205	0.19136
1380	-230.2688	-235.9189	5.650137	0.0566919	0.02255072	0.03414118	0.02255072
1390	-231.5122	-237.0988	5.586538	0.05839543	0.02340531	0.03499012	0.02340531
1400	-283.3361	-285.7687	2.432586	0.1642116	0.1058569	0.05835471	0.1058569
1410	-264.1806	-268.1209	3.940382	0.1002826	0.04452819	0.05575438	0.04452819
1420	-241.57	-246.3478	4.77776	0.08495617	0.05121745	0.03373872	0.05121745
1430	-248.8483	-253.8584	5.010093	0.06926845	0.01713976	0.05212869	0.01713976
1440	-217.3883	-223.6445	6.2562	0.03765402	0.01304378	0.02461024	0.01304378
1450	-235.0011	-239.572	4.570979	0.08310176	0.06680728	0.01629448	0.06680728
1460	-231.4016	-235.5416	4.140064	0.07016959	0.0595449	0.01062469	0.0595449
1470	-225.5078	-230.6717	5.163902	0.05553509	0.0407926	0.01474249	0.0407926
1480	-217.8576	-224.0661	6.208552	0.03869495	0.01495794	0.02373701	0.01495794
1490	-212.3412	-218.6978	6.356615	0.02793135	0.008935142	0.01899621	0.008935142
1500	-303.6743	-305.8569	2.182658	0.1474519	0.06839722	0.07905469	0.06839722
1510	-232.3789	-237.3898	5.010991	0.07358284	0.05336669	0.02021616	0.05336669
1520	-258.158	-260.8626	2.704541	0.1894457	0.1737589	0.01568676	0.1737589
1530	-218.9216	-225.1305	6.208933	0.0398998	0.01331259	0.02658721	0.01331259
1540	-240.558	-244.6216	4.063563	0.1029853	0.08764865	0.01533665	0.08764865
1550	-271.2033	-275.1976	3.994251	0.07421238	0.003017923	0.07119446	0.003017923
1560	-243.9946	-248.6436	4.64895	0.08887077	0.05330374	0.03556703	0.05330374
1570	-260.6454	-264.5465	3.901103	0.10655	0.05667534	0.04987461	0.05667534
1580	-214.3771	-220.6058	6.228724	0.03162542	0.0134825	0.01814293	0.0134825
1590	-268.1264	-270.1853	2.058862	0.2557177	0.2376657	0.018052	0.2376657
1600	-270.7106	-272.7291	2.018441	0.2670359	0.2457676	0.02126832	0.2457676
1610	-233.5625	-237.5347	3.972225	0.07710391	0.06647653	0.01062738	0.06647653
1620	-271.2572	-274.1629	2.905749	0.156622	0.1090071	0.04761492	0.1090071
1630	-232.0985	-236.7531	4.654565	0.07407797	0.05936801	0.01470996	0.05936801
1640	-263.6735	-267.9895	4.315984	0.08571186	0.02529021	0.06042165	0.02529021
1650	-221.3679	-227.2268	5.858853	0.04617058	0.02546796	0.02070261	0.02546796
1660	-326.7164	-325.0242	-1.692159	0.6323246	0.5769654	0.05535923	0.5769654
1670	-225.981	-231.4565	5.475516	0.05682783	0.03698198	0.01984585	0.03698198
1680	-221.7441	-227.4913	5.747246	0.04708306	0.02813997	0.01894309	0.02813997
1690	-238.6598	-242.5901	3.930315	0.09600147	0.08320623	0.01279524	0.08320623
1700	-283.4215	-285.9913	2.569803	0.1530968	0.09243507	0.06066178	0.09243507
1710	-248.6174	-253.2881	4.670774	0.08245784	0.0371106	0.04534724	0.0371106
1720	-272.1945	-275.3724	3.177919	0.1321041	0.07750763	0.05459651	0.07750763
1730	-250.2456	-254.4777	4.232086	0.1040229	0.06624048	0.03778243	0.06624048
1740	-257.1154	-260.5458	3.430379	0.1531	0.1235784	0.02952166	0.1235784
1750	-233.3769	-238.2489	4.871964	0.07709657	0.05810305	0.01899352	0.05810305
1760	-224.925	-230.351	5.426046	0.05448459	0.03694937	0.01753522	0.03694937
1770	-235.8178	-240.5929	4.775137	0.08356048	0.0628151	0.02074538	0.0628151
1780	-283.4791	-285.5637	2.084582	0.1984092	0.1462191	0.05219016	0.1462191
1790	-245.4155	-249.6233	4.207771	0.1119806	0.08696003	0.02502058	0.08696003
1800	-232.2946	-237.8316	5.537015	0.0597811	0.02453002	0.03525108	0.02453002
1810	-223.6766	-229.6456	5.969006	0.04760477	0.0185045	0.02910027	0.0185045
1820	-230.755	-235.8114	5.056454	0.06958945	0.05085385	0.01873559	0.05085385
1830	-216.603	-222.7876	6.184606	0.03647982	0.01601835	0.02046147	0.01601835
1840	-278.4807	-280.1762	1.695479	0.2903688	0.2597356	0.0306332	0.2597356
1850	-229.5678	-234.5793	5.011486	0.04459736	0.001914587	0.04268277	0.001914587
1860	-275.3857	-278.2044	2.818712	0.1522561	0.09923907	0.05301706	0.09923907
1870	-229.7301	-235.3515	5.621409	0.05772587	0.02576178	0.03196409	0.02576178
1880	-282.1229	-285.7898	3.666963	0.09934214	0.02674099	0.07260115	0.02674099
1890	-240.9353	-245.7482	4.81297	0.08383809	0.05053434	0.03330374	0.05053434
1900	-280.3681	-282.7403	2.372259	0.1787101	0.1260869	0.05262317	0.1260869
1910	-227.243	-233.0577	5.814617	0.05213885	0.01969848	0.03244037	0.01969848
1920	-257.5961	-262.1739	4.577836	0.07976402	0.02307376	0.05669026	0.02307376
1930	-238.5931	-243.3909	4.797848	0.08589344	0.0588642	0.02702924	0.0588642
1940	-220.8557	-226.2401	5.38446	0.04337086	0.02998765	0.01338322	0.02998765
1950	-210.7322	-216.8083	6.07618	0.01975622	0.006046463	0.01370976	0.006046463
1960	-301.7847	-304.4566	2.671889	0.1261221	0.04424136	0.08188078	0.04424136
1970	-247.6834	-250.7321	3.048743	0.1340335	0.1224199	0.01161356	0.1224199
1980	-211.9478	-218.1382	6.190441	0.0247048	0.009582324	0.01512248	0.009582324
1990	-249.3002	-254.3179	5.017687	0.0686729	0.01573581	0.05293709	0.01573581
2000	-233.2269	-237.9214	4.694518	0.07749835	0.06135656	0.01614178	0.06135656
2010	-233.1612	-237.5386	4.377358	0.07705741	0.06409018	0.01296723	0.06409018
2020	-366.5214	-366.3608	-0.1606055	0.2195989	0.1052809	0.1143179	0.1052809
2030	-226.2862	-232.1643	5.878013	0.05031943	0.0179556	0.03236383	0.0179556
2040	-289.9103	-290.1979	0.2876416	0.4819628	0.4613698	0.02059301	0.4613698
2050	-224.3274	-230.3318	6.004451	0.04652265	0.01406398	0.03245868	0.01406398
2060	-248.3461	-253.2092	4.863103	0.07492903	0.02623091	0.04869812	0.02623091
2070	-257.2288	-261.0824	3.85357	0.1157649	0.07308955	0.04267531	0.07308955
2080	-298.5004	-301.7677	3.267316	0.1065184	0.02256145	0.08395697	0.02256145
2090	-307.0661	-309.3976	2.331568	0.1371688	0.05346458	0.08370417	0.05346458
2100	-218.3003	-224.1122	5.811899	0.03534036	0.002935754	0.03240461	0.002935754
2110	-224.4794	-230.4793	5.999856	0.04385689	0.007846509	0.03601038	0.007846509
2120	-214.4705	-220.5973	6.126839	0.03101761	0.01464305	0.01637456	0.01464305
2130	-228.2669	-233.8355	5.568589	0.04485558	0.003616114	0.04123946	0.003616114
2140	-240.163	-244.9966	4.833622	0.0835416	0.05147212	0.03206948	0.05147212
2150	-218.3658	-224.1396	5.773781	0.03880582	0.02338562	0.0154202	0.02338562
2160	-235.711	-239.597	3.885987	0.04807182	0.0009291985	0.04714262	0.0009291985
2170	-252.9189	-257.0642	4.145316	0.1046484	0.06340796	0.04124045	0.06340796
2180	-262.1857	-265.2784	3.092613	0.171951	0.1400796	0.03187137	0.1400796
2190	-216.7592	-223.0304	6.27123	0.03666134	0.01297584	0.0236855	0.01297584
2200	-212.4598	-218.1582	5.698383	0.01900261	0.008216785	0.01078582	0.008216785
2210	-223.5295	-229.4389	5.90941	0.04874296	0.02215027	0.0265927	0.02215027
2220	-235.0782	-239.5657	4.487473	0.08351332	0.06814989	0.01536343	0.06814989
2230	-369.3154	-370.1969	0.8815531	0.166303	0.04338084	0.1229222	0.04338084
2240	-237.482	-242.5431	5.06109	0.07522396	0.0424826	0.03274136	0.0424826
2250	-231.3732	-237.098	5.724886	0.05331086	0.0140706	0.03924026	0.0140706
2260	-353.3688	-355.2659	1.897122	0.13666	0.0195929	0.1170671	0.0195929
2270	-232.4582	-238.0576	5.599423	0.0575327	0.02006059	0.03747211	0.02006059
2280	-219.5662	-225.3386	5.772332	0.04191752	0.02528723	0.0166303	0.02528723
2290	-215.8088	-222.0779	6.269068	0.0350168	0.01350893	0.02150787	0.01350893
2300	-237.1391	-242.4699	5.330791	0.06468381	0.02504397	0.03963984	0.02504397
2310	-230.8145	-236.0131	5.198567	0.06842907	0.04666771	0.02176136	0.04666771
2320	-279.998	-281.134	1.136058	0.3619122	0.3421683	0.01974393	0.3421683
2330	-231.614	-237.3464	5.732394	0.05047448	0.008504456	0.04197002	0.008504456
2340	-211.8078	-218.1244	6.31653	0.02753927	0.004956935	0.02258234	0.004956935
2350	-238.9407	-243.1458	4.205076	0.09687215	0.08134902	0.01552313	0.08134902
2360	-210.6268	-216.612	5.985173	0.0182853	0.005078536	0.01320677	0.005078536
2370	-234.1696	-239.7993	5.629665	0.0549055	0.01259026	0.04231523	0.01259026
2380	-261.9474	-265.3402	3.392786	0.1409777	0.1003608	0.04061694	0.1003608
2390	-242.0372	-246.7324	4.695267	0.08872875	0.05645596	0.03227279	0.05645596
2400	-236.7119	-242.1539	5.44195	0.05264685	0.005387216	0.04725963	0.005387216
2410	-216.2469	-222.385	6.138089	0.03552898	0.01673368	0.0187953	0.01673368
2420	-306.0836	-309.4196	3.335985	0.09901769	0.007378998	0.09163869	0.007378998
2430	-237.7447	-243.1182	5.373535	0.0627548	0.02086966	0.04188514	0.02086966
2440	-261.4223	-264.2737	2.851349	0.1957971	0.1731346	0.02266249	0.1731346
2450	-238.9526	-243.916	4.963373	0.07845936	0.04523919	0.03322018	0.04523919
2460	-261.0863	-265.0177	3.931354	0.1042759	0.05314245	0.05113346	0.05314245
2470	-215.2775	-221.4742	6.19677	0.03357582	0.01489986	0.01867595	0.01489986
2480	-219.2246	-225.3656	6.140965	0.03777564	0.005952515	0.03182313	0.005952515
2490	-228.9559	-233.8848	4.928911	0.06489434	0.04983229	0.01506205	0.04983229
2500	-259.5091	-262.1171	2.608081	0.197814	0.1819706	0.01584339	0.1819706
2510	-216.3468	-222.6405	6.293636	0.03489599	0.007237746	0.02765824	0.007237746
2520	-227.4845	-233.3382	5.853718	0.05076942	0.01626337	0.03450605	0.01626337
2530	-209.7879	-215.9526	6.164719	0.02185936	0.003767444	0.01809192	0.003767444
2540	-281.1699	-284.35	3.180124	0.1194704	0.05318939	0.06628104	0.05318939
2550	-240.7519	-245.368	4.616104	0.093356	0.06684573	0.02651028	0.06684573
2560	-247.2081	-249.7475	2.539358	0.1301627	0.1211008	0.009061906	0.1211008
2570	-254.7544	-257.6052	2.850788	0.1704503	0.156098	0.01435236	0.156098
2580	-298.4806	-298.9054	0.4247576	0.3802469	0.3356407	0.0446062	0.3356407
2590	-211.7079	-217.7315	6.023602	0.02693429	0.002873841	0.02406045	0.002873841
2600	-235.7371	-240.8891	5.151969	0.07244977	0.04105135	0.03139842	0.04105135
2610	-247.6255	-251.5348	3.909221	0.1259692	0.1042825	0.02168672	0.1042825
2620	-246.4735	-251.2679	4.794412	0.07905948	0.0347804	0.04427908	0.0347804
2630	-236.3208	-240.9341	4.613302	0.0866221	0.06822982	0.01839228	0.06822982
2640	-280.0161	-283.9627	3.94664	0.09096204	0.017587	0.07337504	0.017587
2650	-215.2614	-220.6546	5.393252	0.02638724	0.01612987	0.01025737	0.01612987
2660	-211.6018	-217.5401	5.938304	0.02660326	0.002563388	0.02403987	0.002563388
2670	-322.215	-321.9357	-0.2793048	0.3423427	0.2720319	0.07031086	0.2720319
2680	-297.8578	-300.7832	2.925451	0.1183917	0.03785432	0.0805374	0.03785432
2690	-279.8899	-282.7936	2.903642	0.1365147	0.07551344	0.06100126	0.07551344
2700	-222.0087	-228.0722	6.063437	0.04476844	0.01626777	0.02850067	0.01626777
2710	-215.5774	-220.7908	5.213478	0.02573206	0.01624466	0.009487398	0.01624466
2720	-291.4837	-293.6626	2.1789	0.1659147	0.100439	0.06547573	0.100439
2730	-236.9779	-240.4486	3.470702	0.08795694	0.07840038	0.009556556	0.07840038
2740	-212.9054	-219.0678	6.16244	0.02706954	0.01166218	0.01540736	0.01166218
2750	-222.3445	-228.0792	5.734787	0.04839303	0.02882003	0.019573	0.02882003
2760	-220.8039	-226.8869	6.083052	0.04358806	0.01746988	0.02611819	0.01746988
2770	-241.5269	-246.5642	5.037377	0.07304327	0.03223125	0.04081202	0.03223125
2780	-251.0899	-254.9687	3.87886	0.1280871	0.09949819	0.02858888	0.09949819
2790	-224.4323	-230.1687	5.736384	0.05216197	0.0288527	0.02330927	0.0288527
2800	-316.0795	-315.7556	-0.3238805	0.3886573	0.3274321	0.06122525	0.3274321
2810	-218.974	-225.0891	6.115149	0.04096109	0.01794961	0.02301148	0.01794961
2820	-291.6216	-291.6736	0.05205665	0.5158203	0.4965837	0.01923657	0.4965837
2830	-251.7969	-256.3613	4.564379	0.08418287	0.03576087	0.048422	0.03576087
2840	-234.5408	-239.271	4.730258	0.08105662	0.06297284	0.01808378	0.06297284
2850	-253.5087	-258.1522	4.643436	0.07978492	0.02746131	0.05232362	0.02746131
2860	-233.0886	-238.4118	5.323155	0.06693526	0.03649155	0.03044371	0.03649155
2870	-289.3311	-292.8426	3.511508	0.101706	0.02378042	0.07792553	0.02378042
2880	-293.4857	-295.3046	1.818939	0.1918947	0.129076	0.06281862	0.129076
2890	-219.0568	-225.1931	6.136274	0.04094055	0.01706175	0.02387881	0.01706175
2900	-249.1401	-253.3339	4.193844	0.1088029	0.07485529	0.0339476	0.07485529
2910	-247.8566	-251.6669	3.810322	0.1293418	0.109382	0.01995978	0.109382
2920	-267.9192	-270.9594	3.040244	0.1548028	0.1105641	0.04423872	0.1105641
2930	-245.3863	-250.3895	5.003291	0.07163315	0.02484824	0.04678491	0.02484824
2940	-227.1203	-232.9937	5.873399	0.05021175	0.01585973	0.03435202	0.01585973
2950	-287.725	-289.7826	2.057634	0.1860832	0.1276032	0.05848002	0.1276032
2960	-228.781	-234.3966	5.615553	0.05788706	0.02839719	0.02948987	0.02839719
2970	-210.115	-216.2418	6.126791	0.02349948	0.003294297	0.02020518	0.003294297
2980	-248.8462	-252.609	3.762841	0.1329493	0.1123844	0.02056489	0.1123844
2990	-221.7592	-227.4755	5.716268	0.04709155	0.02870337	0.01838817	0.02870337
3000	-261.4819	-264.8421	3.360266	0.1456928	0.1070894	0.03860339	0.1070894
3010	-230.2858	-236.0192	5.733396	0.0537941	0.01687123	0.03692287	0.01687123
3020	-336.5914	-334.4151	-2.176393	0.6600727	0.5971326	0.06294003	0.5971326
3030	-224.0777	-229.9147	5.836984	0.05041934	0.02490959	0.02550975	0.02490959
3040	-242.4697	-246.9935	4.523878	0.09722518	0.06945727	0.02776791	0.06945727
3050	-225.5594	-230.9548	5.395385	0.05604674	0.03823447	0.01781228	0.03823447
3060	-243.4614	-247.2799	3.818472	0.1146282	0.09951497	0.01511324	0.09951497
3070	-266.6381	-268.6588	2.020709	0.2487851	0.2329071	0.01587805	0.2329071
3080	-222.5892	-227.6084	5.019226	0.04634323	0.03466607	0.01167717	0.03466607
3090	-270.327	-274.6974	4.370446	0.07681741	0.00700312	0.06981429	0.00700312
3100	-296.0896	-299.3423	3.252725	0.1077514	0.02599985	0.08175156	0.02599985
3110	-230.18	-235.9293	5.749269	0.05324106	0.01599753	0.03724353	0.01599753
3120	-220.9624	-227.1168	6.154449	0.04099505	0.009345328	0.03164973	0.009345328
3130	-231.4797	-237.152	5.672346	0.0554043	0.01780321	0.03760109	0.01780321
3140	-257.4841	-261.8564	4.372354	0.08749154	0.03407852	0.05341302	0.03407852
3150	-270.834	-273.0301	2.196164	0.2499566	0.2239476	0.02600899	0.2239476
3160	-219.5355	-225.5852	6.04975	0.04218649	0.0199828	0.02220369	0.0199828
3170	-224.2641	-230.1139	5.849828	0.05037611	0.02402203	0.02635408	0.02402203
3180	-225.811	-231.7783	5.967366	0.0466272	0.01099657	0.03563063	0.01099657
3190	-290.5381	-291.3355	0.7973903	0.375288	0.3397311	0.03555699	0.3397311
3200	-257.9681	-262.2667	4.298519	0.09014304	0.03724207	0.05290098	0.03724207
3210	-221.5562	-227.6853	6.129086	0.04149562	0.009011365	0.03248425	0.009011365
3220	-236.5285	-242.0807	5.552203	0.05515294	0.009716831	0.04543611	0.009716831
3230	-250.0155	-255.0269	5.011408	0.06839249	0.01452659	0.05386589	0.01452659
3240	-282.7719	-286.6932	3.921263	0.09066165	0.01488018	0.07578147	0.01488018
3250	-284.7497	-286.3333	1.583639	0.26308	0.2198125	0.04326752	0.2198125
3260	-257.0296	-260.6293	3.599673	0.1373868	0.1024556	0.03493117	0.1024556
3270	-215.2315	-221.3646	6.133076	0.03303393	0.01568696	0.01734696	0.01568696
3280	-244.7523	-249.362	4.609692	0.09001941	0.05385729	0.03616212	0.05385729
3290	-212.2527	-218.5267	6.274006	0.02664314	0.00988535	0.01675779	0.00988535
3300	-231.839	-237.357	5.518017	0.06059802	0.02697602	0.033622	0.02697602
3310	-223.1761	-228.9606	5.784475	0.04979249	0.02767303	0.02211946	0.02767303
3320	-213.6459	-219.9653	6.319434	0.03077056	0.005654219	0.02511634	0.005654219
3330	-289.716	-290.3946	0.6786018	0.412244	0.3824072	0.02983682	0.3824072
3340	-257.4058	-260.6892	3.283454	0.1650462	0.1394657	0.02558057	0.1394657
3350	-255.143	-254.6982	-0.4448534	0.1591264	0.1546388	0.004487605	0.1546388
3360	-259.0736	-262.5456	3.471997	0.1429743	0.1068922	0.03608212	0.1068922
3370	-219.6198	-224.1249	4.505108	0.0339999	0.02580355	0.00819635	0.02580355
3380	-214.2579	-220.2897	6.031825	0.02953467	0.01471383	0.01482084	0.01471383
3390	-241.318	-245.8368	4.518798	0.09738968	0.07249369	0.02489598	0.07249369
3400	-213.5627	-218.9769	5.414184	0.01935463	0.009801011	0.009553616	0.009801011
3410	-231.6346	-235.9104	4.275813	0.07153281	0.06005709	0.01147572	0.06005709
3420	-220.6067	-226.6961	6.089422	0.04331185	0.01743291	0.02587895	0.01743291
3430	-235.9408	-241.3905	5.449706	0.0610363	0.02063638	0.04039992	0.02063638
3440	-255.0241	-259.5789	4.554855	0.08212023	0.02915146	0.05296876	0.02915146
3450	-236.27	-241.156	4.88597	0.08186507	0.05749956	0.02436551	0.05749956
3460	-213.233	-219.4219	6.188865	0.02827667	0.01216563	0.01611104	0.01216563
3470	-285.3249	-287.1144	1.789452	0.2274051	0.178082	0.04932302	0.178082
3480	-286.2427	-287.1968	0.9541825	0.3794863	0.3507221	0.02876415	0.3507221
3490	-231.869	-237.493	5.624055	0.05694816	0.02001058	0.03693758	0.02001058
3500	-226.3597	-232.1371	5.777378	0.05308805	0.02411278	0.02897527	0.02411278
3510	-274.8599	-279.0478	4.187924	0.07869633	0.005708658	0.07298767	0.005708658
3520	-245.3476	-250.2417	4.894125	0.07585892	0.03137403	0.0444849	0.03137403
3530	-283.1481	-284.5507	1.402528	0.3109473	0.2768026	0.03414473	0.2768026
3540	-231.357	-236.788	5.431003	0.06353343	0.03381489	0.02971854	0.03381489
3550	-223.293	-228.8638	5.570765	0.05058228	0.03270804	0.01787424	0.03270804
3560	-241.5607	-245.8307	4.270024	0.1042824	0.08485734	0.01942501	0.08485734
3570	-211.9054	-217.1747	5.269352	0.01355685	0.002333568	0.01122328	0.002333568
3580	-216.5046	-222.3283	5.823713	0.03407389	0.01973489	0.014339	0.01973489
3590	-220.5275	-226.4968	5.969298	0.04423627	0.02231515	0.02192112	0.02231515
3600	-228.0736	-233.112	5.038394	0.06252314	0.04698338	0.01553977	0.04698338
3610	-249.3937	-252.7337	3.33998	0.1415431	0.1265742	0.01496887	0.1265742
3620	-218.1295	-224.3324	6.202878	0.03912211	0.01495968	0.02416243	0.01495968
3630	-221.7492	-227.6725	5.923323	0.04650453	0.02344221	0.02306233	0.02344221
3640	-266.2243	-268.6882	2.463978	0.2272871	0.2044379	0.02284924	0.2044379
3650	-235.6403	-240.9744	5.334074	0.06544046	0.02879102	0.03664944	0.02879102
3660	-303.4018	-306.1754	2.7736	0.1213512	0.03713646	0.08421474	0.03713646
3670	-256.5474	-260.8398	4.292363	0.09171214	0.04099044	0.0507217	0.04099044
3680	-212.2883	-218.4833	6.194947	0.02572427	0.01031408	0.01541019	0.01031408
3690	-307.8287	-307.8468	0.01802366	0.3836641	0.3297117	0.05395244	0.3297117
3700	-239.5618	-244.8346	5.272753	0.06534987	0.02258191	0.04276797	0.02258191
3710	-219.688	-225.3904	5.702446	0.04191208	0.02611095	0.01580113	0.02611095
3720	-242.3698	-246.3814	4.011562	0.1095827	0.09320064	0.01638206	0.09320064
3730	-292.9196	-296.4649	3.545286	0.09943638	0.01798837	0.08144802	0.01798837
3740	-230.2075	-234.814	4.606485	0.06795471	0.05497756	0.01297714	0.05497756
3750	-238.7384	-243.1205	4.382083	0.09525389	0.07760167	0.01765222	0.07760167
3760	-231.5908	-237.1545	5.563675	0.05914021	0.02467642	0.03446378	0.02467642
3770	-239.8317	-244.4827	4.651014	0.09176775	0.06632992	0.02543783	0.06632992
3780	-230.4387	-235.7472	5.30853	0.06614505	0.04229138	0.02385367	0.04229138
3790	-256.3935	-260.7927	4.399213	0.08724171	0.03489925	0.05234245	0.03489925
3800	-229.1288	-234.9498	5.820969	0.05092042	0.01339044	0.03752998	0.01339044
3810	-247.9742	-252.1515	4.177345	0.1119964	0.08159854	0.03039784	0.08159854
3820	-229.1687	-234.9767	5.808022	0.04781064	0.007404179	0.04040646	0.007404179
3830	-244.764	-249.2998	4.535841	0.09420775	0.06027014	0.03393761	0.06027014
3840	-252.4598	-256.4415	3.98173	0.1172864	0.08176219	0.03552422	0.08176219
3850	-246.6582	-250.5729	3.914707	0.1238571	0.1036802	0.02017689	0.1036802
3860	-262.493	-266.8779	4.384804	0.06920866	0.003646389	0.06556227	0.003646389
3870	-233.3605	-238.6493	5.288784	0.06807758	0.03807631	0.03000128	0.03807631
3880	-223.5278	-229.3692	5.841481	0.04975335	0.02533158	0.02442177	0.02533158
3890	-211.7966	-218.0893	6.29275	0.02749968	0.004644997	0.02285468	0.004644997
3900	-242.9834	-247.4277	4.444283	0.100878	0.07438044	0.02649759	0.07438044
3910	-245.2321	-249.9748	4.742791	0.08257909	0.04179126	0.04078783	0.04179126
3920	-240.7994	-245.1207	4.3213	0.1015665	0.08228181	0.01928467	0.08228181
3930	-236.4726	-241.416	4.943398	0.08020239	0.053674	0.02652839	0.053674
3940	-225.23	-231.1734	5.943358	0.0484194	0.01622194	0.03219746	0.01622194
3950	-232.6611	-236.252	3.590872	0.07215969	0.063421	0.008738687	0.063421
3960	-235.9334	-241.1666	5.233158	0.06913688	0.03476447	0.03437241	0.03476447
3970	-222.1962	-227.6833	5.48714	0.04757694	0.03206442	0.01551252	0.03206442
3980	-217.1029	-222.3887	5.285771	0.03156444	0.02100425	0.0105602	0.02100425
3990	-255.143	-259.4014	4.258399	0.09485256	0.04696912	0.04788344	0.04696912
4000	-252.5311	-257.3664	4.835311	0.0734565	0.01931147	0.05414503	0.01931147
4010	-259.0093	-262.9577	3.948404	0.1063071	0.05819562	0.04811152	0.05819562
4020	-240.1023	-244.2094	4.107078	0.1012116	0.0857849	0.01542667	0.0857849
4030	-275.5192	-277.4798	1.960642	0.2635835	0.232575	0.03100845	0.232575
4040	-227.8683	-233.5289	5.660628	0.05647381	0.02772374	0.02875007	0.02772374
4050	-265.4131	-268.7445	3.331417	0.1360698	0.08982862	0.04624119	0.08982862
4060	-263.3942	-266.8051	3.41096	0.1349397	0.09074703	0.04419267	0.09074703
4070	-272.0988	-276.3558	4.257028	0.08372992	0.01479024	0.06893969	0.01479024
4080	-266.7262	-269.4558	2.72955	0.1970505	0.1649295	0.03212097	0.1649295
4090	-230.9997	-235.3473	4.347641	0.06964517	0.0580345	0.01161067	0.0580345
4100	-230.8158	-235.8882	5.072356	0.06964558	0.05053486	0.01911071	0.05053486
4110	-253.2832	-256.6754	3.392251	0.1550128	0.1348623	0.02015053	0.1348623
4120	-260.3321	-265.0424	4.710264	0.07202251	0.009360003	0.06266251	0.009360003
4130	-227.9921	-232.7056	4.7135	0.06132529	0.04883193	0.01249336	0.04883193
4140	-227.5967	-232.6776	5.08096	0.06122883	0.04562045	0.01560837	0.04562045
4150	-269.1323	-272.4125	3.280234	0.1311196	0.07943223	0.0516874	0.07943223
4160	-259.2565	-263.9307	4.674203	0.0754385	0.01525024	0.06018826	0.01525024
4170	-216.199	-221.9705	5.771526	0.03278739	0.01922731	0.01356008	0.01922731
4180	-231.3544	-236.8319	5.477474	0.06205737	0.03085373	0.03120364	0.03085373
4190	-261.3991	-266.0708	4.671741	0.07184005	0.008121363	0.06371869	0.008121363
4200	-226.7061	-232.1407	5.434617	0.05852677	0.03840678	0.02011999	0.03840678
4210	-244.355	-249.5972	5.242277	0.06303237	0.01272529	0.05030707	0.01272529
4220	-239.9696	-245.166	5.19636	0.06793058	0.02622733	0.04170325	0.02622733
4230	-276.259	-278.016	1.757031	0.2918802	0.265224	0.02665618	0.265224
4240	-237.8579	-242.774	4.916136	0.08120784	0.05218921	0.02901862	0.05218921
4250	-234.8016	-239.2792	4.477544	0.08263338	0.06761088	0.0150225	0.06761088
4260	-267.9874	-270.6621	2.674727	0.1981895	0.164433	0.03375645	0.164433
4270	-211.6852	-217.6154	5.930153	0.01999973	0.007754917	0.01224481	0.007754917
4280	-217.2196	-223.4698	6.250203	0.03748531	0.01358033	0.02390498	0.01358033
4290	-286.538	-287.1982	0.6602466	0.4283814	0.4064942	0.02188726	0.4064942
4300	-225.9178	-231.5834	5.665585	0.05497413	0.03056354	0.02441059	0.03056354
4310	-245.5315	-249.9381	4.406563	0.100867	0.06917293	0.03169412	0.06917293
4320	-350.2535	-352.0895	1.836023	0.1389482	0.0244143	0.1145339	0.0244143
4330	-212.3283	-218.6302	6.301852	0.02719212	0.009771084	0.01742104	0.009771084
4340	-241.8302	-247.0312	5.200999	0.06658159	0.02147869	0.0451029	0.02147869
4350	-233.377	-239.047	5.669978	0.05345398	0.0111969	0.04225708	0.0111969
4360	-259.0527	-263.7908	4.738134	0.0726944	0.0115426	0.0611518	0.0115426
4370	-269.7106	-272.162	2.451331	0.2204833	0.1894027	0.03108061	0.1894027
4380	-222.6227	-228.5165	5.893768	0.04040847	0.004424013	0.03598446	0.004424013
4390	-218.3236	-224.2177	5.894055	0.03935519	0.02229314	0.01706205	0.02229314
4400	-289.788	-293.588	3.800014	0.09003717	0.008409099	0.08162807	0.008409099
4410	-222.8228	-228.8442	6.021355	0.04606485	0.01713766	0.02892719	0.01713766
4420	-234.6248	-240.2275	5.602712	0.05234827	0.007526973	0.0448213	0.007526973
4430	-264.2665	-266.458	2.191518	0.231199	0.215633	0.015566	0.215633
4440	-262.6863	-266.8621	4.175786	0.09150481	0.03421125	0.05729355	0.03421125
4450	-262.7796	-266.8756	4.095938	0.09469315	0.03844897	0.05624418	0.03844897
4460	-219.4238	-225.5245	6.100701	0.04173141	0.01822495	0.02350646	0.01822495
4470	-249.3371	-253.6838	4.346703	0.09835236	0.05937385	0.03897851	0.05937385
4480	-237.4413	-241.4389	3.997683	0.04955128	0.001047612	0.04850367	0.001047612
4490	-269.1119	-271.7528	2.640936	0.1969955	0.1613467	0.03564879	0.1613467
4500	-265.5644	-268.4696	2.905211	0.1800128	0.1452431	0.03476972	0.1452431
4510	-237.5527	-242.5341	4.981456	0.07858525	0.04820738	0.03037788	0.04820738
4520	-214.5261	-220.7794	6.253329	0.03216599	0.01325651	0.01890949	0.01325651
4530	-224.6654	-230.5337	5.868256	0.05029008	0.02235275	0.02793733	0.02235275
4540	-210.3158	-216.5042	6.188382	0.02091842	0.005565558	0.01535286	0.005565558
4550	-294.3289	-295.8164	1.487513	0.2246373	0.1659924	0.05864486	0.1659924
4560	-228.0954	-233.1556	5.060229	0.0625999	0.04678186	0.01581804	0.04678186
4570	-228.7703	-234.3124	5.542099	0.05977217	0.03268696	0.02708521	0.03268696
4580	-214.6402	-219.6221	4.98195	0.01309416	0.004862143	0.008232014	0.004862143
4590	-261.0022	-264.4181	3.415922	0.1419063	0.1028097	0.03909658	0.1028097
4600	-252.8829	-256.2362	3.353299	0.1549946	0.1361581	0.01883649	0.1361581
4610	-271.3428	-275.5838	4.241035	0.08468701	0.01675715	0.06792986	0.01675715
4620	-243.9695	-248.4308	4.461326	0.09948024	0.06996343	0.02951681	0.06996343
4630	-221.5315	-227.6329	6.101418	0.04072965	0.007266389	0.03346326	0.007266389
4640	-287.142	-289.1886	2.046666	0.1890165	0.131586	0.05743042	0.131586
4650	-217.719	-223.9759	6.256916	0.03675546	0.007769226	0.02898624	0.007769226
4660	-314.9294	-317.8429	2.913463	0.113132	0.01833124	0.09480072	0.01833124
4670	-224.8131	-230.6713	5.858163	0.0505828	0.02263162	0.02795118	0.02263162
4680	-298.6541	-301.5559	2.901804	0.1188843	0.03784068	0.08104367	0.03784068
4690	-227.8223	-233.6225	5.80021	0.05248096	0.01912542	0.03335554	0.01912542
4700	-273.4713	-277.6899	4.218557	0.07764412	0.005477495	0.07216662	0.005477495
4710	-213.0862	-218.5149	5.428729	0.01640843	0.006872332	0.009536099	0.006872332
4720	-238.6749	-243.3755	4.700539	0.08936673	0.06505675	0.02430998	0.06505675
4730	-222.8137	-228.8169	6.003239	0.0413778	0.005969316	0.03540848	0.005969316
4740	-248.3724	-252.6546	4.282188	0.1042143	0.069376	0.03483834	0.069376
4750	-270.9626	-273.7952	2.832635	0.1650092	0.1196808	0.04532842	0.1196808
4760	-218.1144	-224.0158	5.901427	0.03886869	0.02193505	0.01693364	0.02193505
4770	-218.3343	-224.5719	6.237642	0.0375394	0.007940846	0.02959855	0.007940846
4780	-264.3396	-266.7499	2.410326	0.2255835	0.2069775	0.01860597	0.2069775
4790	-222.3374	-226.4169	4.079485	0.04015504	0.03251205	0.007642989	0.03251205
4800	-219.375	-224.4241	5.049167	0.03687632	0.0265414	0.01033492	0.0265414
4810	-228.7924	-234.14	5.347551	0.06318081	0.04150612	0.02167468	0.04150612
4820	-238.9782	-244.3496	5.371357	0.05447717	0.005586225	0.04889094	0.005586225
4830	-239.8078	-244.8124	5.004622	0.07587201	0.03945417	0.03641783	0.03945417
4840	-286.7542	-287.5888	0.8345824	0.4001399	0.373494	0.0266459	0.373494
4850	-224.9996	-230.5408	5.541155	0.05449231	0.03481626	0.01967605	0.03481626
4860	-245.5222	-249.4514	3.929166	0.1205952	0.1017982	0.01879699	0.1017982
4870	-284.463	-287.7218	3.258846	0.1132239	0.04246297	0.07076093	0.04246297
4880	-224.7079	-230.5531	5.845239	0.05078704	0.02352962	0.02725741	0.02352962
4890	-256.4692	-260.3213	3.852103	0.1176027	0.07655299	0.04104967	0.07655299
4900	-300.2226	-300.5772	0.3545224	0.3790243	0.3323947	0.04662966	0.3323947
4910	-259.8128	-262.823	3.010201	0.1841846	0.1608145	0.02337007	0.1608145
4920	-246.1335	-250.8945	4.760992	0.08082366	0.03789274	0.04293092	0.03789274
4930	-245.6547	-250.1609	4.506228	0.09465148	0.05947393	0.03517755	0.05947393
4940	-239.9723	-245.0581	5.085797	0.07227058	0.03330264	0.03896794	0.03330264
4950	-253.4813	-258.4228	4.941574	0.06726238	0.009218195	0.05804419	0.009218195
4960	-258.5212	-261.7208	3.199649	0.1706074	0.1448568	0.02575056	0.1448568
4970	-255.8382	-260.688	4.849863	0.07033053	0.0113098	0.05902073	0.0113098
4980	-232.2381	-237.9494	5.711277	0.05280378	0.0117545	0.04104929	0.0117545
4990	-252.309	-256.7018	4.392835	0.09153099	0.04567902	0.04585197	0.04567902
5000	-214.1854	-220.0923	5.90693	0.02806349	0.01468956	0.01337393	0.01468956
5010	-231.1484	-236.8421	5.693769	0.05479165	0.01723089	0.03756077	0.01723089
5020	-322.4275	-322.1063	-0.3212379	0.3481109	0.2781178	0.06999307	0.2781178
5030	-253.3318	-257.5171	4.18531	0.1014355	0.05837258	0.0430629	0.05837258
5040	-236.1898	-241.4352	5.245374	0.06850573	0.03319353	0.0353122	0.03319353
5050	-220.5916	-226.2708	5.679194	0.04413871	0.02772724	0.01641148	0.02772724
5060	-349.4185	-349.9946	0.5761121	0.191609	0.08565158	0.1059574	0.08565158
5070	-228.7174	-234.2279	5.510482	0.06045331	0.03447369	0.02597962	0.03447369
5080	-231.8284	-237.0377	5.209336	0.0469867	0.002615852	0.04437085	0.002615852
5090	-247.09	-251.0813	3.991214	0.1222733	0.09961345	0.02265981	0.09961345
5100	-275.2543	-278.7364	3.482062	0.1108555	0.04763311	0.06322242	0.04763311
5110	-263.4252	-267.2959	3.870713	0.1044919	0.05092962	0.05356225	0.05092962
5120	-253.3207	-257.9956	4.674961	0.07873989	0.0261576	0.05258229	0.0261576
5130	-215.7996	-220.4335	4.63388	0.01362764	0.006457649	0.007169987	0.006457649
5140	-251.5023	-256.4397	4.937346	0.07030927	0.01577362	0.05453565	0.01577362
5150	-238.3636	-243.3689	5.005282	0.07703357	0.0439204	0.03311317	0.0439204
5160	-300.5756	-300.6574	0.08181114	0.4442813	0.4033941	0.04088714	0.4033941
5170	-327.1181	-329.6139	2.495747	0.123203	0.0217572	0.1014458	0.0217572
5180	-224.6831	-230.669	5.985979	0.04707858	0.01446772	0.03261086	0.01446772
5190	-213.4313	-219.7743	6.343018	0.03031165	0.01044089	0.01987075	0.01044089
5200	-221.745	-227.859	6.113941	0.04139635	0.008308753	0.0330876	0.008308753
5210	-328.514	-331.2569	2.742849	0.1118502	0.007034207	0.104816	0.007034207
5220	-239.3942	-244.2274	4.833253	0.08412612	0.0539663	0.03015982	0.0539663
5230	-224.4256	-228.7077	4.282125	0.04791963	0.03906945	0.008850178	0.03906945
5240	-226.374	-232.079	5.704981	0.05471116	0.02807073	0.02664044	0.02807073
5250	-233.0617	-238.3138	5.252022	0.06929734	0.04118525	0.02811209	0.04118525
5260	-275.3189	-277.9943	2.675379	0.1654897	0.1154405	0.05004916	0.1154405
5270	-213.5508	-219.9003	6.349508	0.03063298	0.01033219	0.02030079	0.01033219
5280	-229.7906	-235.1009	5.310334	0.06525893	0.04264366	0.02261527	0.04264366
5290	-225.25	-229.7362	4.486174	0.051612	0.04165975	0.009952251	0.04165975
5300	-234.8753	-239.7911	4.915872	0.07949134	0.05714363	0.02234771	0.05714363
5310	-243.0113	-248.0129	5.001662	0.07334357	0.03061358	0.04272999	0.03061358
5320	-239.2264	-244.5331	5.306667	0.0643096	0.0213408	0.04296879	0.0213408
5330	-215.6071	-221.6399	6.032834	0.03325045	0.01711029	0.01614016	0.01711029
5340	-334.6948	-334.7734	0.07854007	0.2520817	0.1636436	0.08843806	0.1636436
5350	-353.1911	-352.945	-0.2460445	0.2440408	0.1414586	0.1025822	0.1414586
5360	-324.1275	-323.9479	-0.1796327	0.3178628	0.2438757	0.07398703	0.2438757
5370	-228.896	-234.5593	5.663202	0.05653001	0.02521163	0.03131838	0.02521163
5380	-270.8887	-274.6681	3.779377	0.1015239	0.03961074	0.06191319	0.03961074
5390	-296.978	-299.3135	2.335476	0.1465725	0.07276528	0.07380718	0.07276528
5400	-221.5806	-227.6014	6.020762	0.04524149	0.01948848	0.02575301	0.01948848
5410	-212.4443	-218.8123	6.368006	0.02879182	0.006194088	0.02259773	0.006194088
5420	-236.3216	-241.8771	5.555432	0.05599542	0.0114203	0.04457512	0.0114203
5430	-272.3615	-274.9923	2.630811	0.1819882	0.1388136	0.04317461	0.1388136
5440	-225.5384	-231.3797	5.841325	0.05127099	0.02211857	0.02915242	0.02211857
5450	-226.9779	-232.7598	5.781845	0.05309698	0.02245391	0.03064307	0.02245391
5460	-242.4917	-247.3198	4.828074	0.08144937	0.04410629	0.03734307	0.04410629
5470	-221.8916	-227.8791	5.987516	0.04009858	0.005146689	0.03495189	0.005146689
5480	-233.6847	-238.8586	5.173881	0.0718852	0.04475435	0.02713086	0.04475435
5490	-299.1986	-302.6006	3.402058	0.1020284	0.01635473	0.08567362	0.01635473
5500	-296.7994	-298.1143	1.314958	0.2355666	0.1761389	0.05942772	0.1761389
5510	-217.2382	-223.4877	6.249533	0.03586581	0.006791953	0.02907386	0.006791953
5520	-222.5391	-228.4521	5.913041	0.04041313	0.004577984	0.03583515	0.004577984
5530	-212.2393	-218.6231	6.383827	0.0281532	0.007721655	0.02043155	0.007721655
5540	-215.3861	-221.6028	6.216739	0.03394113	0.01464423	0.0192969	0.01464423
5550	-233.8472	-239.4904	5.643195	0.05211544	0.00818488	0.04393056	0.00818488
5560	-218.9256	-224.0669	5.141285	0.03613648	0.02551427	0.01062221	0.02551427
5570	-250.2173	-253.9519	3.734531	0.1363998	0.1140453	0.02235445	0.1140453
5580	-212.5918	-218.4748	5.883028	0.02251708	0.0103693	0.01214778	0.0103693
5590	-283.2736	-284.6985	1.424866	0.3053581	0.2702089	0.0351492	0.2702089
5600	-288.915	-289.9457	1.030713	0.3374953	0.2993759	0.03811935	0.2993759
5610	-279.9301	-281.4589	1.528839	0.3108741	0.2815341	0.02934005	0.2815341
5620	-214.1354	-220.5052	6.369826	0.03186181	0.007923383	0.02393843	0.007923383
5630	-225.1341	-230.941	5.806948	0.05182428	0.02482016	0.02700412	0.02482016
5640	-213.6506	-219.8543	6.203652	0.02955021	0.01276226	0.01678795	0.01276226
5650	-211.3063	-217.5041	6.197798	0.0230508	0.008078912	0.01497189	0.008078912
5660	-229.1275	-234.5269	5.399373	0.06297114	0.03932752	0.02364362	0.03932752
5670	-278.8692	-280.6131	1.743923	0.2787914	0.2455439	0.03324745	0.2455439
5680	-227.3166	-233.1002	5.783562	0.05305784	0.02151083	0.03154701	0.02151083
5690	-251.1861	-255.5322	4.346099	0.09546488	0.05269474	0.04277015	0.05269474
5700	-223.071	-228.3863	5.315326	0.04926468	0.03490028	0.0143644	0.03490028
5710	-221.6789	-227.4046	5.725639	0.03877189	0.003120343	0.03565154	0.003120343
5720	-276.8884	-279.0798	2.191318	0.2171284	0.1755459	0.04158244	0.1755459
5730	-218.7648	-225.0027	6.237827	0.03864901	0.009752513	0.02889649	0.009752513
5740	-274.6704	-276.5377	1.867296	0.2816025	0.2556943	0.02590827	0.2556943
5750	-226.8172	-230.8943	4.077047	0.05450268	0.04568994	0.008812746	0.04568994
5760	-259.2097	-262.9333	3.72363	0.1207871	0.07733686	0.04345026	0.07733686
5770	-229.7191	-235.0424	5.323299	0.06495779	0.04215597	0.02280183	0.04215597
5780	-242.1015	-246.8061	4.704561	0.08817107	0.0554411	0.03272996	0.0554411
5790	-269.2321	-273.4501	4.217977	0.08641091	0.02100449	0.06540642	0.02100449
5800	-233.4802	-238.6087	5.128521	0.07307604	0.047812	0.02526405	0.047812
5810	-226.749	-232.1165	5.367416	0.05890979	0.04003454	0.01887525	0.04003454
5820	-304.836	-306.7886	1.952635	0.1592692	0.08143101	0.07783819	0.08143101
5830	-239.1439	-242.7312	3.587215	0.09709061	0.08620977	0.01088084	0.08620977
5840	-278.9179	-282.9676	4.049693	0.08784822	0.01440349	0.07344474	0.01440349
5850	-227.1271	-232.9086	5.78152	0.05311528	0.02211709	0.03099819	0.02211709
5860	-267.9202	-269.8283	1.908033	0.2592058	0.2433818	0.01582402	0.2433818
5870	-240.9074	-246.2771	5.369681	0.05713566	0.007493689	0.04964197	0.007493689
5880	-210.3638	-216.6246	6.260802	0.02406643	0.004326917	0.01973951	0.004326917
5890	-217.8621	-223.6387	5.776556	0.03747135	0.02248481	0.01498654	0.02248481
5900	-212.3486	-218.6866	6.337988	0.02770293	0.0093182	0.01838473	0.0093182
5910	-243.061	-248.1806	5.119598	0.06881059	0.02341681	0.04539378	0.02341681
5920	-218.9393	-225.1431	6.203828	0.04000727	0.0136553	0.02635197	0.0136553
5930	-219.1129	-225.227	6.114084	0.04117675	0.01791181	0.02326494	0.01791181
5940	-244.5309	-249.5969	5.065982	0.06986255	0.02318231	0.04668024	0.02318231
5950	-241.7889	-246.9496	5.160706	0.06809422	0.02396287	0.04413135	0.02396287
5960	-226.7529	-232.5884	5.835515	0.05156121	0.01959044	0.03197077	0.01959044
5970	-217.5706	-222.7857	5.215048	0.0324861	0.02209102	0.01039509	0.02209102
5980	-222.8209	-228.7893	5.968461	0.04715598	0.02023741	0.02691857	0.02023741
5990	-309.4293	-310.9164	1.487049	0.1836614	0.1061182	0.07754325	0.1061182
6000	-216.7993	-222.061	5.261663	0.03039447	0.02010968	0.01028479	0.02010968
6010	-274.0222	-278.0967	4.074494	0.08914005	0.02036051	0.06877954	0.02036051
6020	-253.2014	-257.0352	3.83376	0.1273918	0.09476158	0.03263022	0.09476158
6030	-239.3682	-244.6852	5.316982	0.06384298	0.02037331	0.04346967	0.02037331
6040	-347.4442	-347.6073	0.1631043	0.2209048	0.119875	0.1010298	0.119875
6050	-211.3235	-217.6805	6.356993	0.02638241	0.00577526	0.02060715	0.00577526
6060	-223.9271	-229.9606	6.03349	0.0454684	0.01259182	0.03287658	0.01259182
6070	-240.0634	-245.4823	5.418896	0.05757034	0.009193894	0.04837645	0.009193894
6080	-254.7778	-259.5077	4.729993	0.0759447	0.02053898	0.05540571	0.02053898
6090	-316.9352	-314.5355	-2.399789	1.067662	1.04775	0.01991276	1.04775
6100	-269.8199	-272.6353	2.815384	0.1714945	0.12902	0.04247452	0.12902
6110	-217.8383	-224.0189	6.180635	0.03880989	0.0161023	0.02270759	0.0161023
6120	-249.2534	-254.1154	4.861955	0.07440422	0.02438722	0.050017	0.02438722
6130	-368.1527	-367.8359	-0.3167809	0.2282186	0.1137314	0.1144873	0.1137314
6140	-235.6779	-241.0552	5.37728	0.0638213	0.02589503	0.03792627	0.02589503
6150	-244.7971	-250.044	5.246945	0.06132366	0.009554581	0.05176908	0.009554581
6160	-234.7618	-240.1157	5.353879	0.06518138	0.02988115	0.03530022	0.02988115
6170	-210.4998	-216.6336	6.133836	0.02025979	0.005797102	0.01446268	0.005797102
6180	-237.9349	-242.947	5.01206	0.07704039	0.04474675	0.03229364	0.04474675
6190	-215.0788	-219.9042	4.825369	0.01575002	0.008143033	0.007606987	0.008143033
6200	-217.431	-223.2683	5.837355	0.03671138	0.02138722	0.01532416	0.02138722
6210	-302.0548	-302.2889	0.2340366	0.3887727	0.341122	0.04765078	0.341122
6220	-222.0091	-228.05	6.040879	0.04524847	0.01768494	0.02756353	0.01768494
6230	-228.6827	-234.1661	5.483429	0.06097724	0.03588899	0.02508826	0.03588899
6240	-219.7789	-225.3251	5.546248	0.04129076	0.02718586	0.0141049	0.02718586
6250	-225.8425	-231.7326	5.890096	0.04420025	0.00605988	0.03814037	0.00605988
6260	-224.8693	-230.7874	5.918046	0.04917631	0.01892335	0.03025296	0.01892335
6270	-231.7504	-236.5648	4.814428	0.07301022	0.05677332	0.0162369	0.05677332
6280	-227.2278	-232.9274	5.69962	0.05528682	0.02678797	0.02849885	0.02678797
6290	-233.2428	-238.3573	5.114512	0.07321998	0.04887964	0.02434034	0.04887964
6300	-213.3202	-219.5498	6.229597	0.02998607	0.004366321	0.02561975	0.004366321
6310	-228.6967	-233.9664	5.269669	0.06367055	0.04385463	0.01981592	0.04385463
6320	-278.4188	-281.3472	2.928438	0.1374287	0.07803396	0.05939474	0.07803396
6330	-231.4671	-237.1336	5.666534	0.04886087	0.005897803	0.04296307	0.005897803
6340	-246.8383	-251.982	5.143679	0.06102605	0.006873322	0.05415273	0.006873322
6350	-227.6498	-233.5042	5.854446	0.05065678	0.01568871	0.03496808	0.01568871
6360	-234.4395	-240.0714	5.631826	0.0537426	0.01016802	0.04357458	0.01016802
6370	-286.6076	-289.691	3.083418	0.1191353	0.04803659	0.07109875	0.04803659
6380	-246.0729	-249.9191	3.846158	0.1236074	0.1054788	0.01812867	0.1054788
6390	-217.4573	-223.0829	5.625584	0.03398804	0.002248107	0.03173994	0.002248107
6400	-209.6493	-215.4329	5.783631	0.01775109	0.002566123	0.01518496	0.002566123
6410	-222.0367	-226.9491	4.912395	0.04408237	0.03330179	0.01078058	0.03330179
6420	-286.4014	-289.8313	3.429878	0.1056114	0.03117054	0.07444084	0.03117054
6430	-228.7578	-234.3656	5.607866	0.05809245	0.02890977	0.02918268	0.02890977
6440	-286.4608	-287.7435	1.282661	0.3063561	0.2671989	0.03915716	0.2671989
6450	-266.4266	-270.5056	4.078993	0.07098012	0.002766467	0.06821366	0.002766467
6460	-236.9013	-242.4194	5.518086	0.05749362	0.01315741	0.04433621	0.01315741
6470	-247.6107	-251.6597	4.049037	0.1200349	0.09466041	0.02537445	0.09466041
6480	-242.1345	-247.0474	4.912898	0.07784513	0.0389536	0.03889153	0.0389536
6490	-245.5016	-250.581	5.07946	0.06877243	0.02028266	0.04848976	0.02028266
6500	-262.1225	-265.6458	3.523249	0.1291114	0.08472395	0.04438745	0.08472395
6510	-214.7885	-221.1025	6.314051	0.03307604	0.01194928	0.02112676	0.01194928
6520	-240.8049	-246.0963	5.291349	0.06388806	0.01850325	0.04538481	0.01850325
6530	-242.1344	-246.6127	4.478317	0.0993103	0.07376916	0.02554114	0.07376916
6540	-263.8532	-268.3539	4.500732	0.07127489	0.005171701	0.06610319	0.005171701
6550	-272.4188	-274.4749	2.056157	0.2632011	0.2373713	0.02582972	0.2373713
6560	-282.9756	-283.5581	0.5824575	0.4131543	0.3974668	0.01568745	0.3974668
6570	-251.8163	-255.8341	4.017848	0.1160089	0.08095061	0.03505831	0.08095061
6580	-211.1047	-217.4615	6.356726	0.02560823	0.006160739	0.01944749	0.006160739
6590	-286.2758	-287.3043	1.028467	0.3633636	0.3322772	0.03108637	0.3322772
6600	-228.2948	-232.9624	4.66764	0.06208396	0.04975179	0.01233217	0.04975179
6610	-227.0645	-232.2676	5.203082	0.05989113	0.04324025	0.01665087	0.04324025
6620	-226.6155	-232.5518	5.936354	0.04691232	0.01003274	0.03687958	0.01003274
6630	-233.883	-238.9215	5.038516	0.07563056	0.05205261	0.02357795	0.05205261
6640	-255.47	-259.9711	4.501087	0.08387559	0.03116399	0.05271159	0.03116399
6650	-247.925	-252.2099	4.284873	0.1048456	0.07103473	0.03381087	0.07103473
6660	-408.08	-405.886	-2.194015	0.3260145	0.19371	0.1323045	0.19371
6670	-216.2566	-222.5735	6.316917	0.0355093	0.01046492	0.02504438	0.01046492
6680	-218.1715	-222.9105	4.738978	0.03083646	0.02229532	0.008541134	0.02229532
6690	-230.8835	-236.3852	5.501699	0.04710423	0.003816974	0.04328726	0.003816974
6700	-247.1444	-252.293	5.14864	0.06172805	0.007596442	0.0541316	0.007596442
6710	-231.1767	-235.9191	4.742324	0.07129843	0.05641305	0.01488538	0.05641305
6720	-215.6924	-221.9874	6.294938	0.03481096	0.01258254	0.02222843	0.01258254
6730	-221.7067	-227.4705	5.763792	0.0469998	0.02779063	0.01920916	0.02779063
6740	-227.0991	-232.6609	5.56179	0.05792107	0.03397049	0.02395059	0.03397049
6750	-321.9705	-324.8862	2.915665	0.1099147	0.009271161	0.1006435	0.009271161
6760	-222.0205	-228.137	6.116443	0.04256004	0.01041575	0.03214429	0.01041575
6770	-250.4026	-254.9436	4.540992	0.08653636	0.04084103	0.04569534	0.04084103
6780	-225.4132	-231.3122	5.898995	0.04974831	0.01883	0.03091831	0.01883
6790	-218.6412	-224.8629	6.221758	0.03780673	0.007694088	0.03011264	0.007694088
6800	-267.0933	-271.0445	3.951187	0.09731234	0.03767556	0.05963678	0.03767556
6810	-216.3389	-221.9813	5.642462	0.03212876	0.01961013	0.01251863	0.01961013
6820	-258.3437	-260.8347	2.491001	0.1926766	0.1789431	0.01373347	0.1789431
6830	-210.2431	-216.4401	6.196957	0.02384738	0.003737734	0.02010965	0.003737734
6840	-255.1732	-259.9548	4.781559	0.07388485	0.01714031	0.05674454	0.01714031
6850	-315.727	-318.3833	2.65634	0.1209238	0.02728812	0.09363565	0.02728812
6860	-214.3079	-220.5434	6.235472	0.03150854	0.01330979	0.01819875	0.01330979
6870	-236.6113	-241.3428	4.731546	0.08578909	0.06467561	0.02111348	0.06467561
6880	-216.4299	-222.5969	6.167023	0.03606172	0.0163321	0.01972962	0.0163321
6890	-229.8119	-235.3108	5.498879	0.06131083	0.03312935	0.02818148	0.03312935
6900	-259.5832	-263.6452	4.06199	0.09940253	0.04820843	0.0511941	0.04820843
6910	-211.2833	-217.5371	6.253862	0.02386103	0.007996399	0.01586463	0.007996399
6920	-221.9519	-228.0705	6.118605	0.04268989	0.01093237	0.03175753	0.01093237
6930	-296.2245	-296.8555	0.6309539	0.3553827	0.3107072	0.04467558	0.3107072
6940	-211.6663	-217.4691	5.802848	0.01773733	0.006273481	0.01146385	0.006273481
6950	-316.8576	-316.2219	-0.6357739	0.4501644	0.3929012	0.05726315	0.3929012
6960	-264.0536	-268.6005	4.546929	0.07729154	0.01326252	0.06402902	0.01326252
6970	-294.324	-297.296	2.972072	0.1185228	0.04086549	0.07765735	0.04086549
6980	-219.6406	-225.808	6.167424	0.03865551	0.00702005	0.03163546	0.00702005
6990	-225.1872	-230.9967	5.809534	0.04280607	0.004565881	0.03824019	0.004565881
7000	-316.7587	-318.9437	2.184988	0.1373685	0.0463393	0.09102919	0.0463393
7010	-248.4166	-253.5325	5.115945	0.06443114	0.01029936	0.05413177	0.01029936
7020	-264.9593	-269.2596	4.300269	0.08561106	0.02391959	0.06169146	0.02391959
7030	-277.2125	-280.891	3.678506	0.1013201	0.03355777	0.0677623	0.03355777
7040	-224.2145	-230.1309	5.916459	0.04902354	0.02050534	0.0285182	0.02050534
7050	-256.2753	-260.5457	4.270388	0.09299028	0.04306509	0.04992519	0.04306509
7060	-265.8121	-268.7699	2.957841	0.1724449	0.1353612	0.03708378	0.1353612
7070	-279.4929	-280.8062	1.313341	0.3439836	0.3215636	0.02241997	0.3215636
7080	-233.5033	-239.0033	5.499927	0.06054081	0.02375043	0.03679038	0.02375043
7090	-222.9332	-228.5343	5.601128	0.04974539	0.03181849	0.0179269	0.03181849
7100	-253.2351	-256.834	3.598962	0.1452157	0.1201072	0.02510853	0.1201072
7110	-224.3356	-229.7383	5.402721	0.05297395	0.0364347	0.01653925	0.0364347
7120	-258.0214	-261.7409	3.719418	0.1240554	0.08320356	0.04085187	0.08320356
7130	-225.6256	-231.0997	5.474063	0.05606241	0.03677842	0.01928399	0.03677842
7140	-343.7616	-342.923	-0.8385657	0.3310977	0.2430561	0.0880416	0.2430561
7150	-256.1601	-260.307	4.146817	0.09934909	0.05201325	0.04733584	0.05201325
7160	-239.258	-244.5977	5.33968	0.06307083	0.01925224	0.04381859	0.01925224
7170	-232.4582	-237.738	5.279749	0.06831122	0.04077696	0.02753426	0.04077696
7180	-279.9678	-282.5723	2.604551	0.1583427	0.1020593	0.05628339	0.1020593
7190	-261.3022	-264.9753	3.673085	0.1197851	0.07349529	0.04628983	0.07349529
7200	-232.4713	-236.5554	4.084186	0.07366623	0.06289955	0.01076668	0.06289955
7210	-313.4549	-314.5873	1.132374	0.2039803	0.1261435	0.07783683	0.1261435
7220	-416.1057	-407.8941	-8.211658	2.274173	2.18352	0.09065264	2.18352
7230	-219.5812	-225.176	5.594773	0.04103034	0.0265859	0.01444444	0.0265859
7240	-232.5694	-238.1948	5.62534	0.05652821	0.01802096	0.03850724	0.01802096
7250	-216.0509	-222.3256	6.274686	0.034254	0.00632565	0.02792835	0.00632565
7260	-223.473	-229.4827	6.00969	0.04650849	0.01630079	0.03020771	0.01630079
7270	-215.8374	-222.164	6.326567	0.03445519	0.008173544	0.02628165	0.008173544
7280	-434.6414	-434.3345	-0.3068677	0.1951447	0.03433495	0.1608097	0.03433495
7290	-245.5687	-250.0348	4.466109	0.09717304	0.06344157	0.03373147	0.06344157
7300	-240.6541	-245.5067	4.852695	0.08215438	0.04827833	0.03387605	0.04827833
7310	-237.265	-242.3827	5.117706	0.0729752	0.03900456	0.03397064	0.03900456
7320	-211.7001	-217.188	5.48788	0.01433996	0.003131111	0.01120885	0.003131111
7330	-223.3183	-228.9172	5.598836	0.05065168	0.03226709	0.01838459	0.03226709
7340	-252.0251	-255.8115	3.786424	0.1334518	0.1054839	0.02796797	0.1054839
7350	-215.0741	-221.4246	6.350479	0.03340391	0.00839641	0.0250075	0.00839641
7360	-278.1531	-282.0252	3.872135	0.09413235	0.02334573	0.07078662	0.02334573
7370	-244.2895	-249.4134	5.123853	0.0678921	0.02040311	0.047489	0.02040311
7380	-210.5048	-216.3141	5.809324	0.01653118	0.003568931	0.01296225	0.003568931
7390	-227.1463	-232.7632	5.616874	0.05703346	0.03137351	0.02565995	0.03137351
7400	-234.493	-240.1104	5.61744	0.05515299	0.01255033	0.04260266	0.01255033
7410	-214.099	-220.2038	6.104723	0.02979773	0.01414136	0.01565636	0.01414136
7420	-225.8562	-231.3177	5.461508	0.05660821	0.03723161	0.0193766	0.03723161
7430	-254.1117	-257.3565	3.244763	0.1617528	0.1430983	0.01865447	0.1430983
7440	-260.9991	-263.7885	2.789423	0.1985184	0.1780083	0.02051011	0.1780083
7450	-234.3452	-239.8023	5.457191	0.06164247	0.02428155	0.03736092	0.02428155
7460	-219.3308	-224.8776	5.546774	0.04004606	0.02627836	0.0137677	0.02627836
7470	-260.249	-263.8732	3.624229	0.1259001	0.08281596	0.0430841	0.08281596
7480	-231.8958	-237.5399	5.644016	0.05621822	0.01859941	0.0376188	0.01859941
7490	-232.838	-237.4065	4.568465	0.07632908	0.06191623	0.01441285	0.06191623
7500	-222.7177	-228.6633	5.945562	0.04744707	0.02156475	0.02588232	0.02156475
7510	-241.4901	-245.5706	4.08054	0.1061211	0.08972644	0.0163947	0.08972644
7520	-230.4333	-236.2164	5.783067	0.05114085	0.01156944	0.03957142	0.01156944
7530	-244.8462	-249.4366	4.590364	0.09096835	0.05516115	0.03580719	0.05516115
7540	-210.2716	-215.8744	5.602819	0.0232476	0.001750634	0.02149697	0.001750634
7550	-245.3597	-247.0491	1.689455	0.116755	0.1103339	0.006421134	0.1103339
7560	-260.7463	-265.0527	4.306453	0.08776616	0.03104871	0.05671746	0.03104871
7570	-235.2026	-239.5073	4.304753	0.08392426	0.070263	0.01366126	0.070263
7580	-226.6744	-232.2708	5.59635	0.04340286	0.00342885	0.03997401	0.00342885
7590	-218.586	-224.7547	6.168715	0.04002737	0.01607828	0.0239491	0.01607828
7600	-307.5022	-307.4164	-0.08589038	0.4099152	0.3585439	0.0513713	0.3585439
7610	-211.2629	-217.5074	6.244577	0.02366547	0.00796713	0.01569834	0.00796713
7620	-223.716	-229.7664	6.050384	0.04414197	0.01005654	0.03408543	0.01005654
7630	-229.0614	-234.4885	5.427079	0.06242225	0.03813535	0.0242869	0.03813535
7640	-225.5599	-231.5372	5.977276	0.04638491	0.01099436	0.03539055	0.01099436
7650	-221.9903	-227.3338	5.343532	0.04635577	0.03253682	0.01381895	0.03253682
7660	-235.8692	-240.1258	4.256628	0.08617576	0.07248926	0.0136865	0.07248926
7670	-242.3496	-246.3389	3.989281	0.1096599	0.09357728	0.01608264	0.09357728
7680	-303.7044	-306.8247	3.120317	0.1096204	0.02241493	0.08720549	0.02241493
7690	-274.7636	-276.7829	2.019289	0.2585044	0.2276736	0.03083083	0.2276736
7700	-255.4428	-260.2531	4.810286	0.0661991	0.005797248	0.06040186	0.005797248
7710	-293.8379	-296.6472	2.809272	0.1256593	0.05005587	0.07560342	0.05005587
7720	-213.4983	-219.8755	6.377224	0.03072347	0.009010076	0.0217134	0.009010076
7730	-222.4903	-228.5331	6.042772	0.04543555	0.01651358	0.02892197	0.01651358
7740	-287.4368	-288.4411	1.004304	0.3581002	0.3246131	0.03348707	0.3246131
7750	-248.1048	-252.7559	4.651036	0.08384212	0.03981216	0.04402996	0.03981216
7760	-276.0617	-278.8059	2.744227	0.156834	0.1041405	0.05269348	0.1041405
7770	-244.9745	-248.8611	3.886534	0.1195348	0.1020971	0.01743769	0.1020971
7780	-256.8044	-261.5359	4.731439	0.07477178	0.01674761	0.05802417	0.01674761
7790	-213.1813	-219.1201	5.93877	0.02525783	0.01227324	0.01298459	0.01227324
7800	-294.9078	-297.5977	2.689886	0.1302575	0.05479908	0.07545839	0.05479908
7810	-228.9692	-234.4482	5.479035	0.0613181	0.03572212	0.02559598	0.03572212
7820	-294.2659	-296.1328	1.866901	0.1853244	0.120743	0.06458134	0.120743
7830	-236.9711	-241.7162	4.74502	0.08615064	0.06408724	0.02206341	0.06408724
7840	-239.7298	-244.5116	4.781821	0.08630097	0.05699129	0.02930968	0.05699129
7850	-212.6353	-218.9312	6.295892	0.02902648	0.004887569	0.02413891	0.004887569
7860	-235.0707	-239.8	4.729291	0.08243223	0.06368013	0.01875211	0.06368013
7870	-260.7024	-264.664	3.961624	0.1031721	0.05207904	0.05109307	0.05207904
7880	-343.8216	-338.9552	-4.866416	1.97454	1.945617	0.02892272	1.945617
7890	-278.0051	-279.3507	1.345616	0.3379657	0.3175953	0.0203704	0.3175953
7900	-215.5538	-221.6492	6.095457	0.03277886	0.003888212	0.02889065	0.003888212
7910	-226.5212	-231.179	4.657827	0.05646115	0.04509025	0.0113709	0.04509025
7920	-266.0505	-270.0282	3.97772	0.07039565	0.002399364	0.06799628	0.002399364
7930	-238.2038	-241.6401	3.436304	0.09272252	0.0829094	0.009813121	0.0829094
7940	-246.5103	-251.6945	5.184192	0.06220186	0.008985744	0.05321612	0.008985744
7950	-240.312	-245.6974	5.385453	0.06034239	0.0133692	0.04697319	0.0133692
7960	-213.3023	-219.5675	6.26512	0.02926638	0.01165902	0.01760735	0.01165902
7970	-270.8173	-273.4044	2.587052	0.1952426	0.1568768	0.03836572	0.1568768
7980	-315.3055	-313.7845	-1.520991	0.7626247	0.7266402	0.03598449	0.7266402
7990	-278.0316	-280.5355	2.503906	0.1734108	0.1221619	0.05124885	0.1221619
8000	-234.5371	-238.8396	4.302474	0.08162045	0.06840543	0.01321502	0.06840543
8010	-239.4254	-244.0478	4.622393	0.09244302	0.06871101	0.02373202	0.06871101
8020	-215.5204	-221.0347	5.514376	0.02845234	0.01733931	0.01111303	0.01733931
8030	-214.4107	-220.0648	5.6541	0.02612786	0.01470447	0.01142339	0.01470447
8040	-236.399	-241.0966	4.697662	0.08588183	0.06582958	0.02005226	0.06582958
8050	-286.5385	-289.5984	3.059957	0.1202407	0.04947202	0.07076872	0.04947202
8060	-218.7768	-224.6326	5.855783	0.04031421	0.02331816	0.01699604	0.02331816
8070	-274.1226	-275.8906	1.768023	0.2931329	0.270974	0.02215891	0.270974
8080	-219.4738	-225.0861	5.612276	0.04083848	0.02629672	0.01454176	0.02629672
8090	-209.7265	-215.4236	5.697141	0.01726846	0.002363746	0.01490471	0.002363746
8100	-250.6807	-255.6138	4.933114	0.07098863	0.017669	0.05331963	0.017669
8110	-242.7642	-247.9761	5.211957	0.06559997	0.01871689	0.04688308	0.01871689
8120	-302.4077	-304.8629	2.45519	0.1350461	0.05456171	0.08048441	0.05456171
8130	-224.0734	-229.8328	5.759385	0.05140327	0.0281967	0.02320657	0.0281967
8140	-246.7456	-251.8999	5.154312	0.0611601	0.007170793	0.05398931	0.007170793
8150	-326.0011	-328.3437	2.342519	0.1282129	0.02859932	0.09961356	0.02859932
8160	-210.3266	-216.4334	6.106759	0.02411711	0.003167067	0.02095005	0.003167067
8170	-238.1169	-241.3414	3.224438	0.09148055	0.08252576	0.008954789	0.08252576
8180	-281.618	-284.8286	3.210563	0.1176017	0.05044645	0.06715526	0.05044645
8190	-256.8589	-261.4907	4.631839	0.07826788	0.02170406	0.05656382	0.02170406
8200	-230.6488	-236.1351	5.486346	0.06181493	0.03202316	0.02979177	0.03202316
8210	-215.9794	-222.0984	6.11899	0.03479146	0.01675504	0.01803642	0.01675504
8220	-211.4192	-217.7153	6.296117	0.02673984	0.00463168	0.02210816	0.00463168
8230	-266.9476	-268.3771	1.429465	0.2568525	0.2455183	0.01133424	0.2455183
8240	-211.7178	-218.0611	6.343281	0.0273603	0.005394579	0.02196573	0.005394579
8250	-214.9205	-221.2619	6.341455	0.03337753	0.01071071	0.02266682	0.01071071
8260	-233.3509	-238.9349	5.58393	0.05761133	0.01869542	0.03891591	0.01869542
8270	-236.8946	-242.3979	5.503275	0.05825535	0.01446956	0.04378579	0.01446956
8280	-255.634	-258.9293	3.295314	0.1636616	0.1415473	0.02211426	0.1415473
8290	-268.4888	-272.0484	3.559621	0.1145399	0.0588798	0.05566014	0.0588798
8300	-229.8575	-235.5274	5.669886	0.05616486	0.0223456	0.03381925	0.0223456
8310	-209.5577	-215.607	6.049376	0.02070728	0.003173338	0.01753394	0.003173338
8320	-263.6559	-267.8061	4.150288	0.09182789	0.03367929	0.0581486	0.03367929
8330	-213.7671	-220.1268	6.359771	0.03116483	0.01003687	0.02112796	0.01003687
8340	-227.385	-233.1869	5.801864	0.05250872	0.02015568	0.03235304	0.02015568
8350	-261.4983	-266.0004	4.502125	0.08038543	0.02003155	0.06035389	0.02003155
8360	-271.0335	-273.4315	2.398026	0.2211648	0.1881992	0.03296567	0.1881992
8370	-224.4015	-230.1535	5.75199	0.04169215	0.003844468	0.03784768	0.003844468
8380	-217.7065	-223.8789	6.1724	0.03861631	0.0164354	0.02218092	0.0164354
8390	-290.5337	-291.9775	1.443765	0.2486635	0.1970889	0.0515746	0.1970889
8400	-259.7343	-263.6067	3.872433	0.1096645	0.06187576	0.0477887	0.06187576
8410	-216.9573	-222.3095	5.352161	0.03164794	0.02077693	0.01087101	0.02077693
8420	-222.8654	-228.9142	6.048814	0.04202595	0.007230082	0.03479587	0.007230082
8430	-227.3577	-232.9815	5.623812	0.05706822	0.03069989	0.02636833	0.03069989
8440	-212.9021	-219.2417	6.339592	0.02904284	0.01000994	0.0190329	0.01000994
8450	-215.0922	-221.4183	6.326127	0.03369153	0.01143772	0.02225381	0.01143772
8460	-212.1917	-218.1437	5.951994	0.02210009	0.009543987	0.01255611	0.009543987
8470	-230.9244	-236.692	5.76758	0.05076502	0.01008275	0.04068227	0.01008275
8480	-260.2019	-264.8106	4.60864	0.077322	0.01699222	0.06032978	0.01699222
8490	-232.0538	-236.7754	4.721558	0.07395637	0.05856342	0.01539295	0.05856342
8500	-238.4543	-243.6283	5.174056	0.069823	0.03163732	0.03818568	0.03163732
8510	-209.8368	-214.7047	4.867888	0.01802828	0.001038623	0.01698966	0.001038623
8520	-213.7252	-220.1042	6.379028	0.03117823	0.008269299	0.02290893	0.008269299
8530	-227.9477	-233.4216	5.473922	0.06029117	0.03702249	0.02326868	0.03702249
8540	-211.9755	-217.9325	5.957079	0.02142698	0.008906389	0.01252059	0.008906389
8550	-260.0088	-263.5293	3.520484	0.1353663	0.09557527	0.03979105	0.09557527
8560	-220.699	-225.8371	5.138077	0.04143498	0.02997154	0.01146344	0.02997154
8570	-219.8683	-225.7359	5.867654	0.04296411	0.0243857	0.01857841	0.0243857
8580	-221.3294	-227.3595	6.030067	0.04485724	0.01937876	0.02547849	0.01937876
8590	-229.2225	-234.1491	4.926626	0.04415033	0.001742294	0.04240804	0.001742294
8600	-319.4831	-322.4518	2.968647	0.1093977	0.01042562	0.09897206	0.01042562
8610	-233.9754	-238.8673	4.891898	0.07823888	0.05798275	0.02025612	0.05798275
8620	-234.7384	-239.8055	5.067057	0.07556334	0.04928175	0.02628159	0.04928175
8630	-252.6995	-256.6916	3.992067	0.1159249	0.07949213	0.03643279	0.07949213
8640	-268.8205	-273.2561	4.435558	0.07746157	0.009173652	0.06828792	0.009173652
8650	-234.3263	-239.8304	5.504093	0.05997218	0.02133135	0.03864083	0.02133135
8660	-261.1009	-265.2233	4.122471	0.09500008	0.04059946	0.05440062	0.04059946
8670	-223.1291	-229.1629	6.033792	0.04220155	0.007061542	0.03514001	0.007061542
8680	-235.4003	-240.0867	4.68648	0.08362747	0.06517994	0.01844753	0.06517994
8690	-220.9415	-226.9593	6.017751	0.04454063	0.02036058	0.02418005	0.02036058
8700	-238.5049	-243.0556	4.550724	0.09262296	0.07229139	0.02033157	0.07229139
8710	-219.3503	-225.298	5.947678	0.04193736	0.02252843	0.01940894	0.02252843
8720	-248.5923	-252.4069	3.814622	0.1308209	0.1095685	0.02125244	0.1095685
8730	-237.5626	-241.9199	4.357292	0.0917899	0.07571622	0.01607368	0.07571622
8740	-225.9189	-231.7134	5.794462	0.05251895	0.02404066	0.02847829	0.02404066
8750	-219.1952	-225.3967	6.201476	0.03843768	0.007714243	0.03072344	0.007714243
8760	-212.1269	-217.8291	5.702233	0.02710076	0.001998293	0.02510247	0.001998293
8770	-292.6968	-292.8564	0.1596356	0.5037248	0.480426	0.02329877	0.480426
8780	-246.628	-251.4457	4.817717	0.07795591	0.03291513	0.04504079	0.03291513
8790	-211.6073	-217.6005	5.993148	0.02670406	0.002749881	0.02395417	0.002749881
8800	-285.1236	-287.2575	2.133915	0.1868834	0.1310375	0.05584589	0.1310375
8810	-252.6796	-256.3642	3.684624	0.1399028	0.113547	0.02635588	0.113547
8820	-221.6523	-227.5851	5.932785	0.04628466	0.02315093	0.02313373	0.02315093
8830	-219.92	-223.1648	3.244812	0.02642568	0.02103703	0.005388646	0.02103703
8840	-224.5715	-230.2969	5.725397	0.05247123	0.02919074	0.02328049	0.02919074
8850	-230.5791	-235.9219	5.342803	0.06559987	0.0404567	0.02514317	0.0404567
8860	-325.3854	-326.9978	1.612407	0.1571378	0.06325043	0.09388737	0.06325043
8870	-257.6964	-261.8353	4.138881	0.09778858	0.04810076	0.04968782	0.04810076
8880	-232.739	-238.4053	5.666275	0.05473175	0.01446633	0.04026542	0.01446633
8890	-254.0901	-257.9871	3.896943	0.1199626	0.08306042	0.03690221	0.08306042
8900	-262.2864	-266.1515	3.865097	0.1062357	0.05446077	0.05177491	0.05446077
8910	-219.1256	-224.7566	5.630939	0.03999608	0.02554429	0.01445179	0.02554429
8920	-246.6168	-250.7035	4.086713	0.1179346	0.09371441	0.02422014	0.09371441
8930	-226.0433	-230.9176	4.874326	0.05598415	0.04342667	0.01255748	0.04342667
8940	-226.5534	-231.8794	5.325985	0.05854588	0.04063297	0.0179129	0.04063297
8950	-298.127	-297.4514	-0.6755177	0.6370478	0.6194779	0.01756993	0.6194779
8960	-233.8604	-239.1136	5.253254	0.0692403	0.03916456	0.03007574	0.03916456
8970	-232.3069	-237.918	5.611096	0.04928218	0.005475871	0.04380631	0.005475871
8980	-255.0524	-259.5588	4.506323	0.08396317	0.03173599	0.05222718	0.03173599
8990	-218.1596	-221.7257	3.566093	0.01951249	0.0140111	0.005501387	0.0140111
9000	-228.7948	-234.6143	5.819489	0.04742532	0.007282314	0.040143	0.007282314
9010	-242.0493	-247.3844	5.335145	0.06082427	0.01199202	0.04883225	0.01199202
9020	-254.6388	-259.4894	4.850571	0.07156036	0.01431186	0.05724849	0.01431186
9030	-261.3805	-266.0329	4.652384	0.07091362	0.006857495	0.06405613	0.006857495
9040	-343.1697	-344.3907	1.22104	0.163576	0.05800876	0.1055672	0.05800876
9050	-227.8887	-233.1601	5.271357	0.06186757	0.04316506	0.01870252	0.04316506
9060	-212.1894	-218.2006	6.011181	0.02773749	0.002873716	0.02486377	0.002873716
9070	-268.1558	-270.9032	2.747365	0.1876766	0.1511576	0.036519	0.1511576
9080	-253.9389	-258.5425	4.603618	0.08099656	0.02873179	0.05226477	0.02873179
9090	-224.7432	-230.1721	5.428881	0.0540348	0.03666921	0.01736559	0.03666921
9100	-282.3819	-286.3798	3.997829	0.08418751	0.006747192	0.07744032	0.006747192
9110	-326.4446	-327.8537	1.409114	0.1666046	0.07347317	0.09313148	0.07347317
9120	-218.836	-225.0023	6.166274	0.04038574	0.01593889	0.02444685	0.01593889
9130	-213.0531	-219.0338	5.980699	0.02903788	0.002854967	0.02618291	0.002854967
9140	-218.5777	-224.5552	5.977516	0.040279	0.02140568	0.01887332	0.02140568
9150	-250.6537	-254.9616	4.307899	0.09850862	0.05776463	0.04074399	0.05776463
9160	-212.6537	-218.4989	5.845216	0.02220239	0.01033019	0.0118722	0.01033019
9170	-239.5419	-244.5231	4.981186	0.07715285	0.04201124	0.0351416	0.04201124
9180	-229.1716	-234.9794	5.807762	0.04782156	0.007409056	0.04041251	0.007409056
9190	-265.0863	-267.7893	2.703075	0.2061677	0.1792916	0.0268761	0.1792916
9200	-215.5874	-220.9088	5.321444	0.02683587	0.01680662	0.01002924	0.01680662
9210	-265.5001	-268.1579	2.657794	0.2100326	0.183487	0.02654564	0.183487
9220	-254.4814	-258.3972	3.915784	0.1175024	0.07910063	0.03840181	0.07910063
9230	-255.2319	-258.4836	3.251724	0.164779	0.144332	0.02044705	0.144332
9240	-235.7619	-240.4974	4.735528	0.0839897	0.06414928	0.01984042	0.06414928
9250	-230.5946	-236.3278	5.733186	0.05360583	0.01595723	0.03764861	0.01595723
9260	-267.0034	-271.3358	4.332443	0.07266126	0.004349273	0.06831199	0.004349273
9270	-230.2957	-236.0864	5.790653	0.04990579	0.009491454	0.04041434	0.009491454
9280	-238.406	-243.6806	5.274568	0.06599596	0.0253263	0.04066966	0.0253263
9290	-221.7864	-227.6714	5.884984	0.04682136	0.02473042	0.02209095	0.02473042
9300	-212.8517	-219.2059	6.35417	0.02908415	0.00961329	0.01947086	0.00961329
9310	-252.1096	-255.3644	3.254763	0.1539987	0.1375366	0.01646214	0.1375366
9320	-224.9952	-230.9893	5.994146	0.04639411	0.01222416	0.03416996	0.01222416
9330	-257.926	-261.4028	3.476833	0.1463039	0.1130497	0.03325418	0.1130497
9340	-280.1241	-283.7365	3.612376	0.1021754	0.03212018	0.07005518	0.03212018
9350	-218.0793	-224.3362	6.256862	0.03749277	0.008718546	0.02877423	0.008718546
9360	-236.2697	-241.5709	5.301141	0.0663123	0.02924117	0.03707113	0.02924117
9370	-244.2069	-248.8397	4.632813	0.08947537	0.05389474	0.03558063	0.05389474
9380	-225.6067	-230.9088	5.302066	0.05612631	0.03964132	0.01648499	0.03964132
9390	-250.1845	-253.9843	3.799778	0.1333976	0.1094163	0.02398126	0.1094163
9400	-259.9604	-264.5901	4.629668	0.07669185	0.01633753	0.06035431	0.01633753
9410	-214.7876	-220.3856	5.597952	0.02682141	0.01556838	0.01125303	0.01556838
9420	-251.9978	-255.4337	3.435861	0.1501583	0.1311064	0.01905186	0.1311064
9430	-331.1141	-333.7564	2.642295	0.1122341	0.005736018	0.1064981	0.005736018
9440	-237.8309	-243.0152	5.18432	0.06984935	0.03269121	0.03715813	0.03269121
9450	-230.6709	-236.1724	5.501488	0.06135372	0.03102032	0.0303334	0.03102032
9460	-230.7902	-236.2101	5.419839	0.06378002	0.03578372	0.0279963	0.03578372
9470	-255.3426	-258.8866	3.544083	0.1469824	0.1183732	0.02860926	0.1183732
9480	-230.5552	-236.2307	5.675498	0.05573926	0.02012748	0.03561178	0.02012748
9490	-215.43	-221.6203	6.190311	0.03389708	0.01514624	0.01875084	0.01514624
9500	-246.6714	-251.6086	4.937175	0.07326138	0.02574791	0.04751347	0.02574791
9510	-216.5226	-222.1893	5.666629	0.03287311	0.02003161	0.0128415	0.02003161
9520	-244.867	-249.9012	5.034145	0.07082266	0.02424862	0.04657403	0.02424862
9530	-253.6338	-256.8782	3.244373	0.1601096	0.1420792	0.01803043	0.1420792
9540	-305.9908	-308.8467	2.855867	0.1174334	0.03033998	0.08709342	0.03033998
9550	-221.8255	-227.9026	6.07712	0.04437364	0.01578042	0.02859323	0.01578042
9560	-276.1346	-279.395	3.260434	0.1209413	0.05963386	0.0613074	0.05963386
9570	-267.617	-270.4711	2.854148	0.176754	0.1383208	0.03843323	0.1383208
9580	-243.7782	-249.0095	5.231276	0.06413029	0.01513732	0.04899297	0.01513732
9590	-233.4772	-238.9285	5.451271	0.06227445	0.02696337	0.03531109	0.02696337
9600	-237.8709	-242.8835	5.012561	0.07705751	0.04488963	0.03216788	0.04488963
9610	-221.228	-227.2676	6.039558	0.04462409	0.01905577	0.02556832	0.01905577
9620	-229.173	-234.9986	5.825616	0.05058299	0.01265484	0.03792815	0.01265484
9630	-255.8419	-259.184	3.342161	0.1612925	0.1375867	0.02370579	0.1375867
9640	-228.9478	-234.6789	5.731151	0.05442449	0.02073234	0.03369215	0.02073234
9650	-221.6754	-227.8041	6.128714	0.04189398	0.0096914	0.03220258	0.0096914
9660	-224.7218	-230.6595	5.937624	0.04323826	0.006145728	0.03709253	0.006145728
9670	-228.0676	-233.5969	5.529281	0.05952046	0.0344341	0.02508635	0.0344341
9680	-260.0289	-263.2587	3.229776	0.1645429	0.1339006	0.03064234	0.1339006
9690	-253.5367	-258.0423	4.505596	0.08516871	0.0351509	0.05001781	0.0351509
9700	-225.7881	-231.2103	5.422165	0.05656823	0.03800758	0.01856065	0.03800758
9710	-324.9635	-321.6939	-3.269551	1.347625	1.328031	0.01959435	1.328031
9720	-224.5291	-229.8874	5.3583	0.05339057	0.03724808	0.01614249	0.03724808
9730	-246.8219	-251.5974	4.775556	0.07955646	0.03507735	0.0444791	0.03507735
9740	-222.9968	-228.6996	5.702868	0.04983194	0.029909	0.01992294	0.029909
9750	-218.1669	-224.371	6.204096	0.03682293	0.006469879	0.03035305	0.006469879
9760	-232.6138	-237.0844	4.47063	0.07543857	0.06206185	0.01337673	0.06206185
9770	-217.7564	-223.5823	5.825884	0.03750609	0.02201476	0.01549132	0.02201476
9780	-253.9542	-258.0555	4.101334	0.1055452	0.06328976	0.04225547	0.06328976
9790	-247.6067	-251.9095	4.302821	0.1042048	0.07060298	0.03360182	0.07060298
9800	-215.1825	-221.2682	6.085707	0.03254548	0.01605533	0.01649014	0.01605533
9810	-239.3423	-244.3255	4.983223	0.07722805	0.04247129	0.03475677	0.04247129
9820	-228.5184	-233.6057	5.0873	0.06378419	0.04719815	0.01658604	0.04719815
9830	-247.766	-248.6554	0.8894239	0.1247074	0.1193035	0.005403943	0.1193035
9840	-219.6232	-225.541	5.917831	0.04249716	0.02329265	0.01920451	0.02329265
9850	-265.2195	-268.3406	3.121126	0.1564727	0.1159927	0.04047997	0.1159927
9860	-234.0072	-239.4376	5.430329	0.06277387	0.02690849	0.03586539	0.02690849
9870	-315.7036	-312.3063	-3.397276	1.116796	1.106628	0.01016884	1.106628
9880	-213.5312	-219.7128	6.181552	0.0290097	0.01272669	0.01628301	0.01272669
9890	-266.2182	-269.9876	3.769451	0.1063365	0.05048984	0.0558467	0.05048984
9900	-240.3572	-245.4844	5.127273	0.07032079	0.02955422	0.04076657	0.02955422
9910	-251.6875	-256.0733	4.385795	0.09265671	0.04805393	0.04460277	0.04805393
9920	-217.0276	-223.0425	6.014902	0.03676319	0.01927642	0.01748677	0.01927642
9930	-232.7472	-237.4447	4.697462	0.07606096	0.0603319	0.01572907	0.0603319
9940	-246.3128	-251.2928	4.979961	0.0719075	0.02412297	0.04778453	0.02412297
9950	-220.4319	-226.4801	6.048175	0.04357647	0.01955067	0.0240258	0.01955067
9960	-226.4356	-232.2026	5.767065	0.05336576	0.02454144	0.02882432	0.02454144
9970	-210.6617	-216.8224	6.160694	0.02500615	0.003457428	0.02154872	0.003457428
9980	-214.1677	-220.358	6.190285	0.03078425	0.01365878	0.01712547	0.01365878
9990	-289.2724	-290.0348	0.7624191	0.396628	0.3654734	0.03115468	0.3654734
10000	-263.5831	-266.3012	2.718063	0.2064564	0.1826796	0.02377674	0.1826796
