Iteration	Posterior	Likelihood	Prior	birth_rate	death_rate	diversification	turnover
0	-210.2801	-216.4855	6.205337	0.02163543	0.004358227	0.01727721	0.004358227
10	-209.8537	-215.5516	5.697826	0.02046928	0.001983943	0.01848534	0.001983943
20	-213.565	-219.8039	6.238966	0.02843269	0.01158161	0.01685108	0.01158161
30	-211.3387	-217.4079	6.069196	0.02019188	0.006688696	0.01350318	0.006688696
40	-212.5999	-218.941	6.341005	0.02812303	0.005428018	0.02269502	0.005428018
50	-212.8846	-218.8728	5.988195	0.0235824	0.01054689	0.01303551	0.01054689
60	-210.3006	-216.1452	5.844646	0.02257441	0.002254171	0.02032024	0.002254171
70	-210.4425	-216.5812	6.138693	0.02003012	0.004833934	0.01519619	0.004833934
80	-211.6232	-216.8343	5.211062	0.01394235	0.001921784	0.01202056	0.001921784
90	-211.7728	-217.7614	5.988588	0.02009036	0.007378256	0.01271211	0.007378256
100	-212.0796	-218.0591	5.979447	0.02088601	0.008235443	0.01265056	0.008235443
110	-210.2216	-216.3118	6.090186	0.01950096	0.004157671	0.01534329	0.004157671
120	-212.6054	-218.9798	6.37446	0.02811597	0.006330084	0.02178589	0.006330084
130	-217.4525	-223.3634	5.910888	0.03580051	0.02003701	0.0157635	0.02003701
140	-210.7074	-216.1144	5.407023	0.02289472	0.001472164	0.02142256	0.001472164
150	-209.9685	-215.57	5.601477	0.01731684	0.002070769	0.01524607	0.002070769
160	-211.0598	-217.3052	6.245367	0.02239177	0.006536315	0.01585546	0.006536315
170	-213.9916	-219.2687	5.277126	0.01674371	0.007793884	0.008949826	0.007793884
180	-210.8061	-217.0622	6.256071	0.02413463	0.004263587	0.01987105	0.004263587
190	-211.9635	-218.2638	6.300334	0.02518327	0.008311895	0.01687137	0.008311895
200	-210.1154	-216.0459	5.930516	0.02203911	0.002522313	0.0195168	0.002522313
210	-210.3061	-216.4136	6.107514	0.0196409	0.004406934	0.01523397	0.004406934
220	-210.6409	-216.9186	6.277731	0.02300702	0.004997814	0.01800921	0.004997814
230	-209.7988	-215.6935	5.894734	0.02011319	0.002553053	0.01756014	0.002553053
240	-210.5367	-216.598	6.061329	0.01897922	0.004672343	0.01430688	0.004672343
250	-216.161	-222.1997	6.038696	0.03336464	0.01710756	0.01625708	0.01710756
260	-214.5558	-220.8265	6.270699	0.03114092	0.01248473	0.01865619	0.01248473
270	-212.851	-218.4858	5.634827	0.01805976	0.00761354	0.01044622	0.00761354
280	-212.009	-218.382	6.372954	0.02673878	0.00649578	0.020243	0.00649578
290	-211.4904	-217.4996	6.009185	0.01963921	0.006701698	0.01293751	0.006701698
300	-211.7263	-218.0762	6.349856	0.02551337	0.007176235	0.01833714	0.007176235
310	-209.8662	-215.8507	5.984446	0.02057793	0.002856565	0.01772136	0.002856565
320	-211.7831	-218.0146	6.231481	0.02373981	0.008235044	0.01550477	0.008235044
330	-213.3546	-219.5861	6.231433	0.02781305	0.01129899	0.01651406	0.01129899
340	-209.8016	-215.3851	5.583559	0.01969005	0.001799766	0.01789028	0.001799766
350	-210.7775	-216.5071	5.729641	0.02366762	0.001982715	0.02168491	0.001982715
360	-210.1136	-216.2671	6.153507	0.02112719	0.003894622	0.01723257	0.003894622
370	-210.382	-216.4165	6.034581	0.01869123	0.00421604	0.01447519	0.00421604
380	-213.4666	-219.6915	6.2249	0.02936425	0.004224475	0.02513978	0.004224475
390	-212.8141	-219.1943	6.380213	0.02851272	0.006658074	0.02185464	0.006658074
400	-211.8187	-218.0696	6.250888	0.02411175	0.008269646	0.0158421	0.008269646
410	-211.0598	-217.1166	6.056828	0.02478693	0.002936418	0.02185051	0.002936418
420	-211.5741	-217.7128	6.138742	0.02595806	0.003352542	0.02260552	0.003352542
430	-210.57	-216.5395	5.969486	0.02350384	0.002609458	0.02089438	0.002609458
440	-215.8655	-222.1922	6.32671	0.03405652	0.01128858	0.02276794	0.01128858
450	-212.1699	-216.2614	4.091483	0.02350026	0.0006172518	0.02288301	0.0006172518
460	-210.0559	-216.1596	6.103743	0.02153908	0.003360543	0.01817854	0.003360543
470	-210.6619	-216.9329	6.271017	0.02346962	0.004609011	0.01886061	0.004609011
480	-211.0142	-217.0723	6.05811	0.01937839	0.00576142	0.01361697	0.00576142
490	-211.1228	-217.4219	6.299167	0.02348155	0.006456648	0.0170249	0.006456648
500	-212.9779	-219.3643	6.386466	0.02872132	0.007745157	0.02097616	0.007745157
510	-210.1153	-216.2665	6.151252	0.02145946	0.003753424	0.01770604	0.003753424
520	-213.7787	-220.0797	6.301002	0.03005055	0.005167742	0.02488281	0.005167742
530	-211.8335	-218.1874	6.3539	0.02579225	0.007318583	0.01847367	0.007318583
540	-211.0634	-217.2248	6.161403	0.02103199	0.006426465	0.01460553	0.006426465
550	-211.7527	-217.8764	6.123761	0.02628424	0.003286497	0.02299774	0.003286497
560	-212.085	-218.2234	6.138344	0.02320744	0.008914853	0.01429258	0.008914853
570	-210.9429	-216.8815	5.938684	0.02437381	0.002507915	0.0218659	0.002507915
580	-213.4603	-218.8512	5.390815	0.01587299	0.006463326	0.009409663	0.006463326
590	-211.3042	-217.3726	6.068397	0.02010056	0.006590465	0.0135101	0.006590465
600	-210.6376	-216.892	6.254427	0.02214414	0.005398679	0.01674546	0.005398679
610	-213.1097	-219.0274	5.917664	0.02339762	0.01089241	0.01250521	0.01089241
620	-215.0743	-220.9551	5.88077	0.02905519	0.01563266	0.01342253	0.01563266
630	-210.049	-216.1437	6.094751	0.02154947	0.003300412	0.01824906	0.003300412
640	-209.8599	-215.7242	5.864307	0.02074002	0.002391925	0.0183481	0.002391925
650	-214.1251	-220.3513	6.226166	0.02972361	0.01253436	0.01718925	0.01253436
660	-210.9788	-216.7263	5.747556	0.02415772	0.002022201	0.02213552	0.002022201
670	-210.9409	-217.2115	6.270659	0.02449795	0.004391496	0.02010645	0.004391496
680	-211.5141	-217.6444	6.130343	0.02582843	0.003303205	0.02252523	0.003303205
690	-210.0481	-216.1264	6.07838	0.01975567	0.003736192	0.01601948	0.003736192
700	-209.8786	-215.7179	5.83938	0.01832983	0.002651025	0.01567881	0.002651025
710	-211.4574	-217.6538	6.196388	0.02578019	0.003698209	0.02208198	0.003698209
720	-214.711	-220.17	5.459076	0.02350587	0.01335905	0.01014682	0.01335905
730	-213.3065	-219.5309	6.224372	0.02761106	0.01126474	0.01634632	0.01126474
740	-212.2661	-218.3671	6.100927	0.02717505	0.003221432	0.02395362	0.003221432
750	-209.8839	-215.8659	5.982025	0.01937098	0.003099442	0.01627154	0.003099442
760	-210.4038	-216.4798	6.075937	0.01917225	0.004472465	0.01469979	0.004472465
770	-212.7966	-218.8361	6.03944	0.0279443	0.00300014	0.02494416	0.00300014
780	-212.147	-218.4523	6.305289	0.02724045	0.004779552	0.0224609	0.004779552
790	-212.055	-218.365	6.309955	0.02553733	0.008405659	0.01713167	0.008405659
800	-212.674	-218.9715	6.297481	0.02820401	0.004782189	0.02342182	0.004782189
810	-210.162	-216.3198	6.157866	0.02184204	0.003711446	0.01813059	0.003711446
820	-211.2538	-216.6851	5.431242	0.02418989	0.001508115	0.02268177	0.001508115
830	-211.4106	-217.7543	6.343716	0.02543656	0.005602517	0.01983405	0.005602517
840	-211.7761	-218.0803	6.304232	0.0264894	0.004727882	0.02176152	0.004727882
850	-211.7183	-217.7321	6.013736	0.02032309	0.00739585	0.01292724	0.00739585
860	-210.3308	-215.1039	4.773105	0.01692793	0.001007498	0.01592044	0.001007498
870	-214.2079	-220.5795	6.371598	0.03105446	0.009388693	0.02166577	0.009388693
880	-210.1503	-215.0574	4.907091	0.01765463	0.001080978	0.01657366	0.001080978
890	-210.4529	-216.6989	6.246054	0.02244627	0.004619918	0.01782635	0.004619918
900	-209.7682	-215.3922	5.623981	0.01934635	0.001897971	0.01744837	0.001897971
910	-212.9845	-219.1786	6.194056	0.02641188	0.01082609	0.01558579	0.01082609
920	-212.4438	-218.7771	6.333316	0.02676945	0.008815017	0.01795443	0.008815017
930	-211.0732	-217.399	6.325818	0.02432137	0.005617924	0.01870344	0.005617924
940	-209.7545	-215.52	5.765449	0.01920618	0.002246849	0.01695933	0.002246849
950	-209.8327	-215.6934	5.860708	0.02053391	0.002397296	0.01813661	0.002397296
960	-209.8659	-215.8714	6.005401	0.0202722	0.003011766	0.01726043	0.003011766
970	-211.9926	-218.1843	6.191639	0.02370459	0.008739461	0.01496513	0.008739461
980	-210.2105	-216.0966	5.886093	0.01762319	0.003214121	0.01440907	0.003214121
990	-212.1903	-218.3462	6.155953	0.02713108	0.003509848	0.02362123	0.003509848
1000	-215.2338	-221.0599	5.826095	0.02900816	0.01598808	0.01302009	0.01598808
1010	-210.0371	-215.6854	5.648283	0.0213002	0.001853856	0.01944634	0.001853856
1020	-211.4564	-217.699	6.242506	0.02313549	0.007479331	0.01565615	0.007479331
1030	-210.1558	-216.3249	6.169068	0.02144246	0.003944649	0.01749782	0.003944649
1040	-211.2719	-217.5859	6.313959	0.02400308	0.006686546	0.01731653	0.006686546
1050	-217.3281	-221.5218	4.193636	0.01341215	0.007134892	0.006277254	0.007134892
1060	-210.01	-216.0912	6.081216	0.01998335	0.003641518	0.01634183	0.003641518
1070	-211.3768	-217.3324	5.955611	0.01856088	0.005936842	0.01262404	0.005936842
1080	-210.2651	-216.4672	6.202079	0.02164155	0.004298998	0.01734255	0.004298998
1090	-212.6232	-217.2038	4.580566	0.02524747	0.0008297067	0.02441776	0.0008297067
1100	-210.5433	-216.7891	6.245838	0.02319219	0.004316628	0.01887556	0.004316628
1110	-212.7676	-218.879	6.111395	0.02479941	0.01049343	0.01430598	0.01049343
1120	-210.1134	-215.7739	5.660504	0.02162731	0.001868433	0.01975888	0.001868433
1130	-210.1819	-216.221	6.039105	0.02232619	0.002922664	0.01940353	0.002922664
1140	-210.6349	-216.8268	6.191878	0.02094233	0.005452688	0.01548964	0.005452688
1150	-210.2599	-216.3698	6.109952	0.0197212	0.004314237	0.01540696	0.004314237
1160	-210.1352	-216.289	6.153833	0.02084081	0.004041143	0.01679967	0.004041143
1170	-210.8744	-216.5386	5.664195	0.0157088	0.002920792	0.01278801	0.002920792
1180	-209.7709	-215.5901	5.81922	0.01983718	0.00233534	0.01750184	0.00233534
1190	-209.9796	-216.0645	6.08488	0.02096856	0.003346805	0.01762175	0.003346805
1200	-213.8343	-220.1862	6.351883	0.03030194	0.00618404	0.0241179	0.00618404
1210	-211.71	-217.9653	6.255224	0.0263433	0.004183285	0.02216001	0.004183285
1220	-211.5306	-217.5912	6.060607	0.02053339	0.007162756	0.01337063	0.007162756
1230	-210.9264	-217.1966	6.270203	0.02445625	0.004390831	0.02006542	0.004390831
1240	-213.6814	-219.7929	6.111509	0.02739625	0.01243521	0.01496104	0.01243521
1250	-212.3606	-218.7082	6.347563	0.02678225	0.008441601	0.01834065	0.008441601
1260	-210.586	-216.5107	5.924767	0.02349158	0.002465827	0.02102575	0.002465827
1270	-210.5994	-216.3777	5.778282	0.01650016	0.003166848	0.01333331	0.003166848
1280	-210.7636	-216.5006	5.737082	0.01613549	0.00314705	0.01298844	0.00314705
1290	-211.6004	-217.9586	6.358124	0.02577958	0.006092913	0.01968667	0.006092913
1300	-212.6645	-218.9402	6.275725	0.0265612	0.009798092	0.01676311	0.009798092
1310	-210.0143	-215.774	5.7597	0.02141899	0.002079755	0.01933924	0.002079755
1320	-209.982	-215.792	5.810034	0.02135451	0.002204099	0.01915041	0.002204099
1330	-211.7382	-217.9816	6.243395	0.02380602	0.00811325	0.01569277	0.00811325
1340	-209.8182	-215.5443	5.726157	0.0202696	0.002057687	0.01821191	0.002057687
1350	-210.6619	-216.8108	6.148906	0.02027365	0.00539076	0.01488289	0.00539076
1360	-211.043	-215.7863	4.743211	0.01483073	0.001103506	0.01372723	0.001103506
1370	-210.6133	-215.462	4.848682	0.01570123	0.001130191	0.01457104	0.001130191
1380	-210.2876	-215.6654	5.377733	0.01619232	0.001756684	0.01443563	0.001756684
1390	-210.6267	-216.3303	5.703615	0.01613141	0.002863224	0.01326819	0.002863224
1400	-214.2487	-220.0582	5.809462	0.02582269	0.01357845	0.01224424	0.01357845
1410	-211.08	-215.9978	4.917789	0.01464142	0.001292021	0.01334939	0.001292021
1420	-211.7547	-218.1199	6.365197	0.02603942	0.006509718	0.0195297	0.006509718
1430	-209.8854	-215.5682	5.682827	0.01779501	0.002210819	0.01558419	0.002210819
1440	-209.9759	-215.7841	5.808198	0.01780286	0.002658616	0.01514425	0.002658616
1450	-211.8999	-217.7318	5.831921	0.02609829	0.002251028	0.02384726	0.002251028
1460	-211.8069	-217.7922	5.985208	0.02617834	0.002700279	0.02347806	0.002700279
1470	-210.2137	-216.3715	6.157795	0.02058231	0.004309765	0.01627254	0.004309765
1480	-210.5764	-216.5832	6.00687	0.01833715	0.004430625	0.01390653	0.004430625
1490	-210.1458	-216.1292	5.983438	0.02218515	0.002701798	0.01948336	0.002701798
1500	-213.4196	-219.7893	6.369724	0.0294078	0.009180217	0.02022759	0.009180217
1510	-211.9706	-217.892	5.921373	0.01963586	0.00745437	0.01218149	0.00745437
1520	-210.3995	-215.8529	5.45342	0.01596828	0.001958604	0.01400968	0.001958604
1530	-211.5055	-217.6443	6.138807	0.02166214	0.007467588	0.01419455	0.007467588
1540	-211.8396	-217.9023	6.062708	0.02141474	0.008028291	0.01338645	0.008028291
1550	-213.7562	-220.136	6.379765	0.03020852	0.008813166	0.02139535	0.008813166
1560	-214.0881	-220.302	6.213902	0.02951625	0.01259534	0.01692091	0.01259534
1570	-210.9092	-216.7691	5.85982	0.01689852	0.00406615	0.01283237	0.00406615
1580	-209.7881	-215.6849	5.896763	0.01981344	0.002599646	0.01721379	0.002599646
1590	-210.8663	-217.1521	6.28574	0.02292855	0.005864419	0.01706413	0.005864419
1600	-209.8557	-215.6605	5.804833	0.01829417	0.00251893	0.01577524	0.00251893
1610	-209.9786	-215.1834	5.204826	0.01946997	0.001291802	0.01817817	0.001291802
1620	-210.651	-216.2939	5.642948	0.01588838	0.002647745	0.01324064	0.002647745
1630	-210.4046	-216.6407	6.236189	0.02231011	0.004507978	0.01780213	0.004507978
1640	-215.1532	-221.5164	6.363224	0.03271034	0.0089918	0.02371854	0.0089918
1650	-210.3942	-216.4554	6.061247	0.0189946	0.004378784	0.01461582	0.004378784
1660	-210.673	-216.9433	6.270236	0.02353644	0.004574643	0.0189618	0.004574643
1670	-210.258	-216.458	6.19993	0.02189158	0.004144902	0.01774668	0.004144902
1680	-211.8829	-218.1961	6.313108	0.02519304	0.00804178	0.01715127	0.00804178
1690	-212.1923	-218.0904	5.89816	0.02671345	0.002448955	0.02426449	0.002448955
1700	-210.6408	-216.8903	6.249497	0.02358639	0.004273905	0.01931248	0.004273905
1710	-210.7555	-216.9202	6.164659	0.02411896	0.003496984	0.02062198	0.003496984
1720	-212.2307	-218.5707	6.34002	0.02638095	0.00835263	0.01802832	0.00835263
1730	-214.5183	-220.877	6.358681	0.03160745	0.0101051	0.02150234	0.0101051
1740	-210.1145	-216.1146	6.00015	0.02206286	0.002774436	0.01928842	0.002774436
1750	-210.9919	-216.3923	5.400372	0.0235648	0.001465437	0.02209936	0.001465437
1760	-209.9229	-215.9704	6.047521	0.02008214	0.00331819	0.01676395	0.00331819
1770	-210.2865	-216.4933	6.206734	0.02204118	0.004174772	0.0178664	0.004174772
1780	-209.8624	-215.6338	5.771384	0.02066389	0.002142106	0.01852178	0.002142106
1790	-211.993	-218.3511	6.358114	0.02687001	0.005752509	0.0211175	0.005752509
1800	-211.7432	-217.4816	5.738419	0.01625226	0.004782948	0.01146931	0.004782948
1810	-210.4488	-216.6829	6.234071	0.0218301	0.004883474	0.01694662	0.004883474
1820	-212.3101	-218.5588	6.248691	0.02531383	0.009295033	0.0160188	0.009295033
1830	-210.5788	-216.5374	5.958678	0.02351458	0.002573089	0.02094149	0.002573089
1840	-210.3677	-216.3863	6.018572	0.01852635	0.004104784	0.01442157	0.004104784
1850	-213.6543	-219.12	5.465735	0.01890128	0.009175814	0.009725471	0.009175814
1860	-212.8636	-219.2425	6.378943	0.02861442	0.006603518	0.0220109	0.006603518
1870	-210.3259	-216.4032	6.077276	0.01922881	0.004318715	0.01491009	0.004318715
1880	-210.064	-215.4688	5.404792	0.02079794	0.001489809	0.01930813	0.001489809
1890	-215.3227	-220.9356	5.612809	0.02724696	0.01584555	0.01140141	0.01584555
1900	-209.7906	-215.3848	5.594238	0.0184122	0.001914094	0.01649811	0.001914094
1910	-210.7169	-216.9593	6.242423	0.02191095	0.005670066	0.01624088	0.005670066
1920	-211.1146	-215.8725	4.757895	0.01468158	0.001128755	0.01355283	0.001128755
1930	-210.9488	-216.6239	5.675075	0.01568939	0.003041891	0.0126475	0.003041891
1940	-213.339	-219.5133	6.174237	0.02714269	0.01157667	0.01556602	0.01157667
1950	-211.4001	-217.373	5.972856	0.01886874	0.006151418	0.01271732	0.006151418
1960	-211.8086	-217.7907	5.982163	0.02009542	0.007438146	0.01265727	0.007438146
1970	-209.8185	-215.5442	5.725674	0.01826822	0.002258163	0.01601006	0.002258163
1980	-209.7783	-215.5528	5.774468	0.01876377	0.0023309	0.01643287	0.0023309
1990	-212.6269	-218.84	6.213143	0.02797999	0.003957247	0.02402274	0.003957247
2000	-211.8244	-217.6806	5.856229	0.01814071	0.006334516	0.01180619	0.006334516
2010	-211.7591	-218.112	6.352899	0.02563721	0.007174663	0.01846255	0.007174663
2020	-211.4366	-217.7511	6.314448	0.02429185	0.007078128	0.01721372	0.007078128
2030	-211.287	-217.6276	6.340618	0.02476012	0.006090269	0.01866985	0.006090269
2040	-210.9397	-217.2014	6.261691	0.02250228	0.006202845	0.01629943	0.006202845
2050	-210.1393	-215.3799	5.240515	0.02063241	0.001303432	0.01932897	0.001303432
2060	-212.3138	-218.6275	6.313701	0.02756572	0.004921003	0.02264472	0.004921003
2070	-210.1451	-215.6068	5.461658	0.01661519	0.001859584	0.0147556	0.001859584
2080	-212.6956	-218.6052	5.90956	0.02189854	0.009656207	0.01224233	0.009656207
2090	-214.9933	-220.9989	6.005588	0.03102972	0.003151241	0.02787848	0.003151241
2100	-211.201	-217.3085	6.1075	0.02515207	0.00317104	0.02198103	0.00317104
2110	-211.2949	-217.5737	6.278775	0.02339164	0.007004923	0.01638672	0.007004923
2120	-210.3853	-216.1671	5.781713	0.01678575	0.002959376	0.01382638	0.002959376
2130	-210.3148	-216.4188	6.104051	0.01958645	0.004411929	0.01517453	0.004411929
2140	-210.7326	-217.0213	6.288692	0.02312255	0.005284818	0.01783773	0.005284818
2150	-209.9541	-215.1356	5.181498	0.01894209	0.001283711	0.01765838	0.001283711
2160	-211.0634	-216.8094	5.746066	0.01600782	0.003559327	0.01244849	0.003559327
2170	-211.7153	-217.9889	6.273533	0.02420496	0.007965377	0.01623959	0.007965377
2180	-209.7834	-215.395	5.611589	0.01848851	0.001943512	0.01654499	0.001943512
2190	-210.2385	-216.4098	6.171259	0.02079286	0.004381723	0.01641113	0.004381723
2200	-210.5105	-215.5809	5.070428	0.02155818	0.001136296	0.02042188	0.001136296
2210	-210.7451	-216.9557	6.210642	0.02405666	0.003833284	0.02022338	0.003833284
2220	-210.1512	-216.257	6.105836	0.02210011	0.003290313	0.0188098	0.003290313
2230	-209.8398	-215.8179	5.978105	0.02008141	0.002907954	0.01717345	0.002907954
2240	-214.3313	-220.0376	5.706251	0.02495755	0.01345285	0.0115047	0.01345285
2250	-211.6919	-217.5626	5.87074	0.01801341	0.006060711	0.0119527	0.006060711
2260	-210.1728	-216.1661	5.993263	0.01850292	0.003645334	0.01485758	0.003645334
2270	-210.4642	-216.6773	6.213068	0.02308407	0.003968302	0.01911577	0.003968302
2280	-212.393	-218.252	5.859003	0.02007808	0.008319236	0.01175884	0.008319236
2290	-211.8799	-217.8125	5.932638	0.01953169	0.007260677	0.01227101	0.007260677
2300	-215.518	-221.2615	5.743547	0.02908712	0.0165922	0.01249492	0.0165922
2310	-212.7981	-218.4452	5.64714	0.01805235	0.0075439	0.01050845	0.0075439
2320	-210.0034	-216.0991	6.095759	0.02034874	0.003620004	0.01672873	0.003620004
2330	-214.793	-220.8509	6.057857	0.02991893	0.01471768	0.01520125	0.01471768
2340	-221.8317	-226.8281	4.996458	0.04219342	0.0313057	0.01088772	0.0313057
2350	-211.2606	-217.5863	6.325738	0.02516469	0.005182683	0.019982	0.005182683
2360	-211.8055	-217.4988	5.693262	0.02570115	0.001939523	0.02376163	0.001939523
2370	-211.7522	-217.8629	6.110715	0.02188536	0.008003161	0.0138822	0.008003161
2380	-210.219	-216.4085	6.189455	0.02167687	0.004097752	0.01757911	0.004097752
2390	-210.0777	-215.5923	5.514601	0.02115665	0.001634539	0.01952211	0.001634539
2400	-209.8141	-215.4524	5.638289	0.02001385	0.001885659	0.01812819	0.001885659
2410	-210.4535	-216.6977	6.24422	0.02220465	0.00475994	0.01744471	0.00475994
2420	-211.1157	-217.3471	6.231398	0.02225515	0.006681906	0.01557324	0.006681906
2430	-209.9791	-216.0554	6.076273	0.02011108	0.003537733	0.01657335	0.003537733
2440	-210.1685	-216.2423	6.073842	0.01937601	0.003984007	0.01539201	0.003984007
2450	-213.6863	-219.7151	6.028732	0.02650594	0.01254695	0.01395899	0.01254695
2460	-211.4755	-217.153	5.677543	0.01549569	0.003709351	0.01178634	0.003709351
2470	-209.7774	-215.4614	5.684031	0.01856431	0.002104101	0.01646021	0.002104101
2480	-213.4462	-219.8288	6.382559	0.02970383	0.007166182	0.02253765	0.007166182
2490	-211.1657	-217.3639	6.198208	0.02181316	0.006777067	0.01503609	0.006777067
2500	-213.2794	-219.2485	5.969188	0.02458515	0.01151074	0.01307441	0.01151074
2510	-209.7818	-215.6396	5.857815	0.0192035	0.002546337	0.01665716	0.002546337
2520	-210.6915	-214.8673	4.17578	0.01829462	0.0006654312	0.01762918	0.0006654312
2530	-210.9086	-217.2185	6.309908	0.02372689	0.005515127	0.01821177	0.005515127
2540	-209.9782	-216.0667	6.088494	0.02083542	0.003403994	0.01743142	0.003403994
2550	-210.8783	-216.6582	5.779942	0.01629912	0.003511127	0.01278799	0.003511127
2560	-209.9939	-215.1356	5.141729	0.01918339	0.001236799	0.01794659	0.001236799
2570	-211.9817	-218.1743	6.192676	0.02369023	0.008714282	0.01497594	0.008714282
2580	-211.3112	-216.994	5.68283	0.02474692	0.001901612	0.0228453	0.001901612
2590	-215.1635	-220.0736	4.9101	0.01680346	0.008954434	0.00784903	0.008954434
2600	-209.9731	-215.9871	6.013997	0.01923192	0.003381278	0.01585064	0.003381278
2610	-210.277	-216.4393	6.162219	0.02052863	0.004490944	0.01603768	0.004490944
2620	-209.9373	-215.9728	6.035482	0.01970123	0.003357987	0.01634325	0.003357987
2630	-212.0688	-218.4227	6.353856	0.0270547	0.00562769	0.02142701	0.00562769
2640	-212.1863	-218.3876	6.201285	0.02435286	0.009164912	0.01518795	0.009164912
2650	-211.8953	-217.4049	5.509578	0.02555407	0.001632611	0.02392146	0.001632611
2660	-210.5642	-216.8292	6.264971	0.02292318	0.004733717	0.01818946	0.004733717
2670	-209.8585	-215.848	5.989571	0.01975757	0.003037902	0.01671967	0.003037902
2680	-211.5854	-217.8694	6.283913	0.02407473	0.00763505	0.01643968	0.00763505
2690	-211.671	-217.5127	5.841715	0.01752357	0.005689194	0.01183438	0.005689194
2700	-213.6865	-219.4312	5.744768	0.02317698	0.01174015	0.01143683	0.01174015
2710	-210.8462	-216.2694	5.423194	0.01514847	0.002094572	0.01305389	0.002094572
2720	-211.8974	-217.9217	6.024323	0.02100641	0.007981506	0.01302491	0.007981506
2730	-212.6552	-218.7258	6.070609	0.02394763	0.01018153	0.0137661	0.01018153
2740	-212.9128	-219.2733	6.360475	0.02819125	0.008954626	0.01923662	0.008954626
2750	-211.7016	-217.5434	5.841782	0.01759553	0.005784012	0.01181152	0.005784012
2760	-211.0681	-217.2702	6.202107	0.0216883	0.006543876	0.01514442	0.006543876
2770	-212.5631	-218.792	6.228862	0.02789831	0.004070827	0.02382748	0.004070827
2780	-209.9322	-215.9812	6.04904	0.01999287	0.003358093	0.01663478	0.003358093
2790	-211.9695	-218.1603	6.190792	0.0236315	0.00868677	0.01494473	0.00868677
2800	-210.638	-215.3106	4.672604	0.01591958	0.0009809511	0.01493863	0.0009809511
2810	-209.7898	-215.6888	5.898954	0.01956042	0.002646853	0.01691356	0.002646853
2820	-210.9214	-217.1769	6.255446	0.02448449	0.004218829	0.02026566	0.004218829
2830	-210.8092	-216.8933	6.084138	0.01946876	0.005420148	0.01404862	0.005420148
2840	-212.3544	-218.4382	6.083843	0.02322892	0.009464137	0.01376479	0.009464137
2850	-210.8521	-217.1483	6.296192	0.02321062	0.005677782	0.01753283	0.005677782
2860	-218.5961	-222.1072	3.511145	0.01905223	0.01364171	0.005410513	0.01364171
2870	-210.079	-216.2189	6.139949	0.02108113	0.003767906	0.01731322	0.003767906
2880	-210.7078	-216.8808	6.173001	0.02069372	0.005585932	0.01510778	0.005585932
2890	-215.0877	-221.3468	6.259147	0.03228292	0.01317951	0.0191034	0.01317951
2900	-212.2027	-218.5482	6.345478	0.02735061	0.005441887	0.02190873	0.005441887
2910	-209.9385	-215.2999	5.361437	0.01994182	0.001456194	0.01848562	0.001456194
2920	-209.8641	-215.8608	5.996735	0.02042358	0.002939443	0.01748414	0.002939443
2930	-210.1606	-216.2802	6.119556	0.02003692	0.004112451	0.01592447	0.004112451
2940	-210.017	-216.1284	6.111315	0.02083743	0.00358416	0.01725327	0.00358416
2950	-210.292	-216.378	6.086081	0.01936748	0.004288178	0.0150793	0.004288178
2960	-213.0142	-219.389	6.374788	0.02859691	0.00859894	0.01999797	0.00859894
2970	-215.2327	-221.2916	6.058933	0.03110764	0.01548586	0.01562177	0.01548586
2980	-210.7871	-214.9519	4.164751	0.01937019	0.0006505588	0.01871963	0.0006505588
2990	-210.0652	-215.8149	5.749725	0.01731849	0.002551497	0.01476699	0.002551497
3000	-212.2299	-215.698	3.468062	0.01423531	0.0005159105	0.0137194	0.0005159105
3010	-209.9782	-216.0437	6.065452	0.0199071	0.003525906	0.0163812	0.003525906
3020	-215.3037	-221.6615	6.357875	0.03300211	0.009537305	0.02346481	0.009537305
3030	-213.2702	-219.525	6.254709	0.02785005	0.0109824	0.01686765	0.0109824
3040	-210.1881	-215.9856	5.797452	0.01720334	0.002828851	0.01437449	0.002828851
3050	-211.7063	-217.438	5.731683	0.01612429	0.004621297	0.01150299	0.004621297
3060	-214.5725	-220.4682	5.895686	0.02772318	0.01451038	0.01321279	0.01451038
3070	-211.2875	-216.6487	5.361193	0.02413213	0.001422525	0.02270961	0.001422525
3080	-211.8407	-217.648	5.807369	0.01741337	0.005843469	0.01156991	0.005843469
3090	-209.9909	-216.0836	6.092753	0.02041859	0.003565396	0.01685319	0.003565396
3100	-211.2008	-217.137	5.936222	0.01796917	0.005294346	0.01267482	0.005294346
3110	-216.155	-221.9692	5.814149	0.03156203	0.0180002	0.01356183	0.0180002
3120	-209.8212	-215.7227	5.901545	0.02039129	0.002545963	0.01784533	0.002545963
3130	-209.9847	-216.0786	6.093962	0.02071131	0.003479286	0.01723202	0.003479286
3140	-211.5194	-217.3375	5.818112	0.01691103	0.005014771	0.01189626	0.005014771
3150	-211.7125	-217.7506	6.038129	0.02068139	0.00753701	0.01314438	0.00753701
3160	-214.3162	-220.2115	5.895294	0.02989519	0.002633909	0.02726128	0.002633909
3170	-211.6185	-217.8363	6.217791	0.02613026	0.003863019	0.02226724	0.003863019
3180	-210.4095	-216.3643	5.954755	0.02303943	0.002568124	0.02047131	0.002568124
3190	-211.1619	-217.4764	6.314513	0.02386568	0.00638705	0.01747863	0.00638705
3200	-211.9788	-217.8227	5.843907	0.01840328	0.006725124	0.01167816	0.006725124
3210	-211.185	-216.9194	5.734429	0.01590277	0.003658206	0.01224456	0.003658206
3220	-215.4043	-221.6403	6.236007	0.03286014	0.01386784	0.0189923	0.01386784
3230	-209.9667	-216.0254	6.058722	0.02112724	0.003152721	0.01797452	0.003152721
3240	-212.184	-217.8308	5.646739	0.01583573	0.004983483	0.01085224	0.004983483
3250	-212.9948	-218.5577	5.562934	0.01730441	0.007198132	0.01010628	0.007198132
3260	-210.7607	-216.9365	6.175739	0.02079397	0.005723803	0.01507017	0.005723803
3270	-210.6367	-216.8028	6.166091	0.02052207	0.005391159	0.01513091	0.005391159
3280	-210.1467	-216.3111	6.164422	0.0215184	0.003866143	0.01765226	0.003866143
3290	-209.8524	-215.4402	5.58776	0.02016706	0.00178422	0.01838284	0.00178422
3300	-210.2039	-215.8819	5.677979	0.02198375	0.001894158	0.02008959	0.001894158
3310	-213.6666	-219.7857	6.119164	0.02743741	0.012386	0.01505142	0.012386
3320	-211.6189	-215.2072	3.588258	0.02081926	0.0004743453	0.02034491	0.0004743453
3330	-212.7893	-219.1349	6.345617	0.0284762	0.005572007	0.0229042	0.005572007
3340	-215.8935	-220.9585	5.065065	0.02376207	0.01497592	0.008786149	0.01497592
3350	-211.2648	-217.5287	6.263873	0.02308025	0.006989497	0.01609076	0.006989497
3360	-210.7276	-215.244	4.516436	0.01595745	0.0008799311	0.01507752	0.0008799311
3370	-211.4246	-215.4164	3.99175	0.01505982	0.0006621204	0.0143977	0.0006621204
3380	-212.7175	-219.0192	6.301709	0.02828722	0.004846223	0.023441	0.004846223
3390	-211.5834	-217.0926	5.509207	0.01458756	0.002867204	0.01172036	0.002867204
3400	-211.4406	-217.6113	6.170629	0.02198894	0.007397332	0.0145916	0.007397332
3410	-210.405	-216.5454	6.140407	0.02006302	0.00475266	0.01531036	0.00475266
3420	-211.3693	-217.2217	5.852384	0.01712769	0.004963152	0.01216454	0.004963152
3430	-211.4102	-217.115	5.70477	0.01568807	0.003800639	0.01188743	0.003800639
3440	-211.8899	-218.1846	6.29473	0.02492923	0.008207279	0.01672195	0.008207279
3450	-215.6414	-221.7625	6.121124	0.03265559	0.01565264	0.01700295	0.01565264
3460	-211.1431	-217.3015	6.158367	0.02113948	0.00661599	0.01452349	0.00661599
3470	-210.2652	-216.4627	6.197478	0.02208178	0.004044592	0.01803719	0.004044592
3480	-210.0408	-215.9393	5.898524	0.0180694	0.003055153	0.01501425	0.003055153
3490	-209.9937	-215.2187	5.224986	0.01971688	0.001306241	0.01841064	0.001306241
3500	-214.4289	-220.0406	5.611685	0.0242286	0.01331178	0.01091682	0.01331178
3510	-210.5211	-216.6778	6.156704	0.02031446	0.005081964	0.01523249	0.005081964
3520	-210.5987	-216.3704	5.771747	0.01646747	0.003135259	0.01333221	0.003135259
3530	-211.5887	-217.7984	6.209687	0.02606266	0.00380058	0.02226208	0.00380058
3540	-210.2196	-215.3669	5.147284	0.01653221	0.001374056	0.01515816	0.001374056
3550	-210.0409	-215.1411	5.100238	0.01760062	0.001255587	0.01634503	0.001255587
3560	-211.8653	-218.185	6.319717	0.02525765	0.007939381	0.01731827	0.007939381
3570	-209.8073	-215.7401	5.932842	0.01992118	0.002728448	0.01719273	0.002728448
3580	-210.1833	-216.3579	6.174579	0.02116644	0.00414826	0.01701818	0.00414826
3590	-211.6102	-217.5921	5.981902	0.01952904	0.006840185	0.01268885	0.006840185
3600	-210.0825	-216.2239	6.141407	0.02107931	0.003783334	0.01729598	0.003783334
3610	-210.5245	-216.6596	6.135052	0.01998519	0.0050105	0.01497469	0.0050105
3620	-210.195	-215.4965	5.301493	0.02105964	0.001362185	0.01969745	0.001362185
3630	-211.587	-217.9363	6.349338	0.02527585	0.006838361	0.01843748	0.006838361
3640	-210.6002	-215.6739	5.073748	0.01551109	0.001378859	0.01413223	0.001378859
3650	-209.7673	-215.6101	5.842859	0.01956372	0.002441265	0.01712245	0.002441265
3660	-213.4623	-219.5285	6.06624	0.02627367	0.01204472	0.01422894	0.01204472
3670	-210.4794	-216.7279	6.24856	0.022258	0.004830115	0.01742789	0.004830115
3680	-210.5631	-216.7188	6.15571	0.02356965	0.003466232	0.02010342	0.003466232
3690	-211.4463	-217.6587	6.212353	0.02264348	0.007470539	0.01517294	0.007470539
3700	-210.9852	-217.2362	6.250983	0.02237077	0.006344043	0.01602673	0.006344043
3710	-209.8406	-215.7746	5.934029	0.02051795	0.002652116	0.01786583	0.002652116
3720	-210.8392	-217.1179	6.278704	0.02274917	0.00584464	0.01690452	0.00584464
3730	-210.4044	-216.4876	6.083193	0.01926445	0.004509216	0.01475524	0.004509216
3740	-210.4582	-215.5135	5.055301	0.01588244	0.00132141	0.01456103	0.00132141
3750	-211.5839	-217.8807	6.296761	0.02427905	0.007554356	0.01672469	0.007554356
3760	-211.6676	-217.7621	6.094516	0.02141323	0.00771359	0.01369964	0.00771359
3770	-210.4314	-216.5586	6.127247	0.01986201	0.004764814	0.0150972	0.004764814
3780	-210.025	-216.139	6.114001	0.02070676	0.003652823	0.01705394	0.003652823
3790	-211.0735	-217.2391	6.165579	0.02491406	0.003488027	0.02142603	0.003488027
3800	-212.6854	-218.8849	6.199429	0.02567004	0.01021766	0.01545238	0.01021766
3810	-215.4154	-221.7665	6.351062	0.03322615	0.01007849	0.02314767	0.01007849
3820	-212.5892	-218.9614	6.372214	0.02808998	0.006236067	0.02185392	0.006236067
3830	-209.868	-215.4326	5.564654	0.01777589	0.001919899	0.01585599	0.001919899
3840	-212.6826	-218.7922	6.10957	0.02788719	0.003315374	0.02457181	0.003315374
3850	-211.2992	-217.3944	6.095177	0.02049915	0.006733308	0.01376584	0.006733308
3860	-212.8223	-219.1577	6.335328	0.02852354	0.00538412	0.02313942	0.00538412
3870	-211.5442	-217.6598	6.115534	0.02140659	0.007478912	0.01392768	0.007478912
3880	-217.8266	-222.3962	4.569603	0.02662191	0.01890836	0.007713553	0.01890836
3890	-213.1401	-219.4331	6.292972	0.0289935	0.004847179	0.02414632	0.004847179
3900	-209.7627	-215.4018	5.639009	0.0188567	0.001968318	0.01688838	0.001968318
3910	-210.5244	-216.7406	6.216265	0.02331149	0.003962637	0.01934885	0.003962637
3920	-210.0526	-216.1784	6.125799	0.02074314	0.003754605	0.01698853	0.003754605
3930	-210.5838	-216.4245	5.840647	0.02336739	0.00223379	0.0211336	0.00223379
3940	-212.0165	-217.7656	5.74908	0.01696495	0.005733477	0.01123147	0.005733477
3950	-210.2646	-216.4673	6.20268	0.02180723	0.004220544	0.01758669	0.004220544
3960	-211.8974	-218.222	6.324596	0.02673475	0.005033235	0.02170151	0.005033235
3970	-210.5119	-216.4591	5.947159	0.01774905	0.003954156	0.01379489	0.003954156
3980	-209.9786	-215.4415	5.462949	0.02055213	0.001573929	0.0189782	0.001573929
3990	-216.1531	-222.2692	6.116127	0.03387838	0.01636271	0.01751567	0.01636271
4000	-212.8983	-218.8401	5.941798	0.02301827	0.0104071	0.01261117	0.0104071
4010	-210.8506	-217.0193	6.168788	0.02079776	0.005923005	0.01487476	0.005923005
4020	-210.606	-216.5478	5.9418	0.02356563	0.002517999	0.02104763	0.002517999
4030	-212.8514	-219.1437	6.292348	0.02722818	0.009966041	0.01726214	0.009966041
4040	-209.9109	-215.7988	5.887923	0.01844582	0.002849502	0.01559632	0.002849502
4050	-211.2018	-217.4448	6.24301	0.02261024	0.00688161	0.01572863	0.00688161
4060	-209.8184	-215.7008	5.882384	0.02039317	0.002479805	0.01791336	0.002479805
4070	-210.6929	-216.6072	5.914231	0.01739437	0.004056899	0.01333747	0.004056899
4080	-213.7064	-220.0157	6.309362	0.02995921	0.005265927	0.02469329	0.005265927
4090	-210.4218	-214.9693	4.547535	0.01743828	0.0008505601	0.01658772	0.0008505601
4100	-211.3124	-217.6238	6.311397	0.02539356	0.004868966	0.02052459	0.004868966
4110	-214.856	-220.9992	6.143195	0.031183	0.003912594	0.02727041	0.003912594
4120	-215.5285	-221.5633	6.034886	0.03168914	0.01611723	0.01557191	0.01611723
4130	-211.7902	-217.5457	5.755523	0.01654709	0.005095831	0.01145126	0.005095831
4140	-211.4054	-217.635	6.229615	0.02568909	0.003944633	0.02174446	0.003944633
4150	-212.4769	-218.4876	6.010695	0.02737737	0.00285006	0.02452731	0.00285006
4160	-211.3964	-217.7315	6.335091	0.02549308	0.005330621	0.02016246	0.005330621
4170	-212.1257	-217.8451	5.719405	0.01679297	0.005735976	0.01105699	0.005735976
4180	-210.2565	-216.4553	6.198769	0.02192817	0.004115132	0.01781304	0.004115132
4190	-212.2204	-217.8546	5.63429	0.02632326	0.001847614	0.02447565	0.001847614
4200	-213.5351	-218.8745	5.339354	0.02787752	0.001465261	0.02641226	0.001465261
4210	-210.1497	-216.2255	6.075868	0.01943765	0.003952749	0.0154849	0.003952749
4220	-213.7846	-219.8909	6.106363	0.02762804	0.01265165	0.01497639	0.01265165
4230	-210.2086	-216.3759	6.167262	0.02080242	0.004288452	0.01651397	0.004288452
4240	-210.4156	-216.5067	6.091087	0.01936411	0.004570984	0.01479313	0.004570984
4250	-213.0535	-218.3808	5.327377	0.0135527	0.003582786	0.009969917	0.003582786
4260	-211.4774	-217.8177	6.340378	0.02489399	0.006778603	0.01811539	0.006778603
4270	-209.9544	-215.6888	5.734345	0.01762429	0.002409895	0.01521439	0.002409895
4280	-210.3597	-216.5732	6.213561	0.02254731	0.004091438	0.01845588	0.004091438
4290	-214.0028	-220.3569	6.354094	0.03059138	0.006355561	0.02423582	0.006355561
4300	-212.2361	-218.3973	6.161148	0.02394246	0.009294043	0.01464841	0.009294043
4310	-213.5866	-219.7976	6.211034	0.02819787	0.01182567	0.0163722	0.01182567
4320	-212.8115	-219.1939	6.38234	0.02829183	0.007961525	0.0203303	0.007961525
4330	-210.5926	-216.8415	6.24891	0.02339152	0.004307693	0.01908383	0.004307693
4340	-210.4023	-216.203	5.800655	0.01685126	0.003057292	0.01379397	0.003057292
4350	-212.2321	-218.4994	6.26724	0.02536563	0.009052058	0.01631358	0.009052058
4360	-219.6351	-225.8603	6.225224	0.03946808	0.01157559	0.0278925	0.01157559
4370	-213.3348	-219.4928	6.157999	0.02694962	0.01162547	0.01532415	0.01162547
4380	-210.3718	-216.0758	5.703991	0.01650565	0.002648715	0.01385693	0.002648715
4390	-211.8042	-218.1297	6.325575	0.02522084	0.007749702	0.01747114	0.007749702
4400	-213.0876	-218.7297	5.642072	0.0192904	0.008771934	0.01051847	0.008771934
4410	-210.1282	-216.2032	6.075041	0.02206271	0.003119861	0.01894285	0.003119861
4420	-210.5405	-216.615	6.07458	0.01914942	0.004753847	0.01439557	0.004753847
4430	-209.966	-215.818	5.851944	0.01803603	0.002795319	0.01524071	0.002795319
4440	-214.4835	-220.8587	6.375249	0.03154859	0.008185624	0.02336297	0.008185624
4450	-210.2057	-215.006	4.800294	0.01789803	0.0009941729	0.01690386	0.0009941729
4460	-209.9362	-215.3182	5.382012	0.02001185	0.001480179	0.01853167	0.001480179
4470	-211.6801	-218.0415	6.36132	0.0257819	0.006570493	0.0192114	0.006570493
4480	-216.9937	-222.1568	5.163051	0.02864255	0.0189764	0.009666153	0.0189764
4490	-210.6969	-216.3546	5.65764	0.01587732	0.002739559	0.01313776	0.002739559
4500	-213.1816	-218.6024	5.420782	0.0150339	0.005359993	0.009673909	0.005359993
4510	-210.4005	-216.5799	6.179392	0.02070178	0.00483871	0.01586307	0.00483871
4520	-210.9998	-216.6976	5.697776	0.01576008	0.003208207	0.01255187	0.003208207
4530	-216.734	-222.9576	6.223604	0.03403355	0.005392171	0.02864138	0.005392171
4540	-210.5623	-215.6705	5.108167	0.02182034	0.001166791	0.02065355	0.001166791
4550	-210.0175	-216.1037	6.086145	0.02002729	0.003670316	0.01635697	0.003670316
4560	-210.9526	-216.8923	5.939717	0.01773421	0.004738653	0.01299556	0.004738653
4570	-214.9361	-220.6604	5.72432	0.02711619	0.01513201	0.01198419	0.01513201
4580	-210.1447	-216.015	5.870355	0.02208812	0.002337082	0.01975104	0.002337082
4590	-209.7789	-215.5792	5.800225	0.01997838	0.002266841	0.01771154	0.002266841
4600	-209.8185	-215.2563	5.437897	0.01870045	0.001614024	0.01708642	0.001614024
4610	-210.8048	-217.0876	6.282812	0.02283617	0.005701327	0.01713484	0.005701327
4620	-212.7254	-218.5695	5.844059	0.02105308	0.00931568	0.0117374	0.00931568
4630	-211.0621	-217.3605	6.298351	0.02338682	0.006303368	0.01708345	0.006303368
4640	-210.4339	-216.6492	6.215259	0.02293441	0.004018518	0.01891589	0.004018518
4650	-211.331	-217.6352	6.304219	0.02391117	0.006927853	0.01698331	0.006927853
4660	-212.5087	-218.4279	5.919282	0.02140093	0.009147092	0.01225384	0.009147092
4670	-209.9452	-215.6243	5.679131	0.01752766	0.00224904	0.01527862	0.00224904
4680	-211.5755	-217.932	6.35654	0.025509	0.006463228	0.01904577	0.006463228
4690	-209.9492	-215.9562	6.00697	0.02121743	0.002877277	0.01834015	0.002877277
4700	-209.882	-215.7222	5.840282	0.01831774	0.002658019	0.01565972	0.002658019
4710	-209.8202	-215.7009	5.880687	0.01893051	0.002689634	0.01624087	0.002689634
4720	-210.5787	-216.8313	6.252631	0.02213411	0.005216954	0.01691715	0.005216954
4730	-209.7679	-215.3656	5.597747	0.01895102	0.001874496	0.01707652	0.001874496
4740	-210.6368	-216.8374	6.200579	0.02109203	0.00547136	0.01562067	0.00547136
4750	-211.0284	-217.1911	6.162699	0.02098808	0.006343562	0.01464452	0.006343562
4760	-209.8729	-215.5109	5.637962	0.01779186	0.002089478	0.01570239	0.002089478
4770	-209.8885	-215.8388	5.950335	0.02090097	0.002673807	0.01822717	0.002673807
4780	-213.0781	-219.2664	6.188294	0.02867344	0.003854816	0.02481862	0.003854816
4790	-210.5861	-215.6335	5.047411	0.01556193	0.001342073	0.01421986	0.001342073
4800	-211.1718	-217.1145	5.942657	0.01801231	0.005276059	0.01273625	0.005276059
4810	-210.6387	-216.8812	6.242491	0.0236192	0.004186131	0.01943307	0.004186131
4820	-211.003	-217.2805	6.277567	0.02288833	0.006298169	0.01659016	0.006298169
4830	-211.314	-217.1807	5.866763	0.01723313	0.004959221	0.0122739	0.004959221
4840	-213.8632	-219.3737	5.510421	0.02068333	0.0106395	0.01004383	0.0106395
4850	-210.6551	-215.3845	4.72947	0.01576434	0.001029986	0.01473435	0.001029986
4860	-210.912	-216.6334	5.721374	0.02396495	0.00196745	0.02199751	0.00196745
4870	-209.9489	-216.018	6.069128	0.02030932	0.003407996	0.01690132	0.003407996
4880	-211.2902	-217.5158	6.225579	0.02250628	0.00710176	0.01540452	0.00710176
4890	-211.8123	-217.7268	5.914498	0.01903869	0.006881039	0.01215765	0.006881039
4900	-210.9799	-215.2323	4.252384	0.0207247	0.0006757181	0.02004898	0.0006757181
4910	-211.6988	-217.6404	5.941552	0.02591117	0.00254801	0.02336317	0.00254801
4920	-210.2119	-215.2456	5.033738	0.02024156	0.00111932	0.01912224	0.00111932
4930	-211.413	-217.7417	6.328655	0.02558412	0.005165807	0.02041832	0.005165807
4940	-213.5756	-219.954	6.378388	0.02982566	0.008859934	0.02096572	0.008859934
4950	-211.0402	-216.9514	5.911151	0.01747402	0.004705967	0.01276805	0.004705967
4960	-211.3537	-217.699	6.345251	0.02515231	0.005842806	0.01930951	0.005842806
4970	-210.8136	-216.6141	5.800439	0.01646449	0.003543024	0.01292147	0.003543024
4980	-214.7383	-221.0946	6.356287	0.03202579	0.01020419	0.0218216	0.01020419
4990	-210.8622	-217.1397	6.277436	0.02273619	0.005920579	0.01681561	0.005920579
5000	-212.2261	-218.5432	6.317157	0.02739972	0.004955539	0.02244418	0.004955539
5010	-209.9777	-216.0557	6.078048	0.0210528	0.003283629	0.01776917	0.003283629
5020	-209.9536	-216.0218	6.068218	0.02086564	0.00325871	0.01760693	0.00325871
5030	-209.9123	-215.9403	6.027939	0.02080616	0.003035825	0.01777034	0.003035825
5040	-211.5563	-217.6514	6.095079	0.02112696	0.007418959	0.013708	0.007418959
5050	-211.8863	-218.0923	6.20598	0.02664456	0.003800229	0.02284433	0.003800229
5060	-214.9815	-220.6935	5.711979	0.02713627	0.01521885	0.01191742	0.01521885
5070	-213.0089	-218.5841	5.57518	0.01763558	0.007477293	0.01015829	0.007477293
5080	-211.5468	-217.3621	5.815277	0.01691704	0.005058439	0.0118586	0.005058439
5090	-210.5401	-216.173	5.632857	0.02290031	0.001802227	0.02109808	0.001802227
5100	-210.2431	-216.2759	6.032858	0.01879354	0.003950068	0.01484347	0.003950068
5110	-211.0598	-217.218	6.158237	0.02487827	0.003443493	0.02143478	0.003443493
5120	-209.8669	-215.3288	5.461917	0.01786072	0.001713681	0.01614704	0.001713681
5130	-213.2052	-219.077	5.871802	0.02312426	0.01095889	0.01216536	0.01095889
5140	-210.2667	-216.4223	6.155611	0.02247972	0.003573686	0.01890603	0.003573686
5150	-211.5261	-217.87	6.343953	0.02505194	0.006822354	0.01822959	0.006822354
5160	-209.9164	-215.6992	5.78285	0.01792602	0.002518669	0.01540735	0.002518669
5170	-213.1477	-218.5003	5.352653	0.01387078	0.004071369	0.009799414	0.004071369
5180	-211.947	-217.4496	5.502614	0.01441357	0.003212098	0.01120147	0.003212098
5190	-210.0514	-216.0221	5.970704	0.02179238	0.002677505	0.01911487	0.002677505
5200	-210.0562	-215.7827	5.726442	0.01727203	0.002471128	0.0148009	0.002471128
5210	-210.9665	-217.0304	6.063861	0.02458361	0.002964986	0.02161863	0.002964986
5220	-211.2121	-217.3745	6.162449	0.02134572	0.006803085	0.01454263	0.006803085
5230	-211.9326	-218.2829	6.350314	0.02591349	0.007611635	0.01830185	0.007611635
5240	-215.9585	-220.984	5.025511	0.02360192	0.01495053	0.008651382	0.01495053
5250	-213.1013	-219.3578	6.256526	0.0274403	0.01069139	0.01674892	0.01069139
5260	-209.9227	-215.9243	6.001594	0.01934192	0.003239497	0.01610242	0.003239497
5270	-210.1973	-216.375	6.177773	0.02182817	0.003906564	0.01792161	0.003906564
5280	-210.3496	-216.3123	5.9627	0.01800277	0.003777795	0.01422498	0.003777795
5290	-210.4679	-216.1411	5.673207	0.02277813	0.001875259	0.02090287	0.001875259
5300	-210.0825	-215.5208	5.438305	0.02097605	0.001530203	0.01944585	0.001530203
5310	-211.3052	-217.6404	6.335197	0.02520577	0.00541561	0.01979016	0.00541561
5320	-210.318	-216.4878	6.169834	0.02265533	0.003656945	0.01899838	0.003656945
5330	-209.8619	-215.8387	5.976839	0.02057272	0.002822853	0.01774987	0.002822853
5340	-209.9773	-215.2603	5.282988	0.01987502	0.001365099	0.01850992	0.001365099
5350	-211.7435	-217.5729	5.829422	0.01750896	0.00577998	0.01172898	0.00577998
5360	-209.9507	-216.012	6.061275	0.02092997	0.003202669	0.0177273	0.003202669
5370	-209.7666	-215.3713	5.604695	0.01908655	0.001878041	0.01720851	0.001878041
5380	-209.8182	-215.7599	5.941659	0.01959427	0.002826548	0.01676772	0.002826548
5390	-213.9782	-219.7193	5.74114	0.02415438	0.01259051	0.01156388	0.01259051
5400	-211.8494	-215.9113	4.061846	0.01409864	0.0007275867	0.01337105	0.0007275867
5410	-212.9196	-219.1227	6.203129	0.02634482	0.01066727	0.01567754	0.01066727
5420	-213.3622	-217.7072	4.345032	0.02607643	0.0007266472	0.02534978	0.0007266472
5430	-210.7606	-216.7588	5.998183	0.02402302	0.002705763	0.02131725	0.002705763
5440	-212.2791	-218.6072	6.328107	0.02750674	0.005133293	0.02237345	0.005133293
5450	-211.3384	-217.6761	6.33772	0.02465502	0.006438166	0.01821685	0.006438166
5460	-212.4361	-218.7857	6.34962	0.02698038	0.008524381	0.018456	0.008524381
5470	-212.6792	-218.8825	6.203316	0.0257017	0.0101939	0.01550781	0.0101939
5480	-210.0275	-216.0577	6.030247	0.01920964	0.003542777	0.01566686	0.003542777
5490	-210.1709	-216.3271	6.156199	0.02193145	0.003676651	0.0182548	0.003676651
5500	-212.1768	-218.1649	5.988052	0.02132277	0.008576659	0.01274612	0.008576659
5510	-210.7234	-214.8612	4.137856	0.01790905	0.0006561431	0.0172529	0.0006561431
5520	-211.5116	-217.4892	5.977584	0.01920592	0.006513673	0.01269225	0.006513673
5530	-213.9803	-219.9265	5.946158	0.02647469	0.01317725	0.01329744	0.01317725
5540	-214.1379	-220.4324	6.294573	0.03035531	0.01165336	0.01870195	0.01165336
5550	-212.9281	-218.7101	5.782001	0.02088051	0.009520336	0.01136017	0.009520336
5560	-210.8165	-215.7312	4.9147	0.02208879	0.001016022	0.02107277	0.001016022
5570	-211.0966	-217.4187	6.322136	0.02463039	0.005266231	0.01936415	0.005266231
5580	-211.0909	-217.3085	6.217639	0.02198287	0.006617929	0.01536494	0.006617929
5590	-209.8573	-215.8536	5.996279	0.01998002	0.003023332	0.01695669	0.003023332
5600	-210.798	-217.082	6.284043	0.02392903	0.004687903	0.01924113	0.004687903
5610	-210.8181	-216.8384	6.020253	0.01860992	0.005029339	0.01358058	0.005029339
5620	-212.1324	-218.2575	6.125122	0.02315565	0.009006295	0.01414936	0.009006295
5630	-212.5109	-218.7791	6.268199	0.02787093	0.004419202	0.02345173	0.004419202
5640	-210.6284	-216.5305	5.902078	0.01730616	0.003875059	0.0134311	0.003875059
5650	-211.9399	-217.1244	5.184561	0.01359682	0.001989349	0.01160747	0.001989349
5660	-210.2434	-216.4355	6.192149	0.0213508	0.004315816	0.01703499	0.004315816
5670	-211.4148	-216.591	5.176221	0.01415667	0.001771356	0.01238531	0.001771356
5680	-212.569	-218.8515	6.282457	0.0279954	0.004582137	0.02341326	0.004582137
5690	-212.0401	-218.0692	6.029075	0.02150624	0.008413468	0.01309277	0.008413468
5700	-212.5689	-217.495	4.926137	0.01281958	0.001664222	0.01115536	0.001664222
5710	-210.0975	-216.2314	6.133843	0.02055096	0.003941706	0.01660926	0.003941706
5720	-210.4162	-216.5427	6.126539	0.02312166	0.003316205	0.01980545	0.003316205
5730	-211.4048	-217.7523	6.347485	0.02532164	0.005824553	0.01949708	0.005824553
5740	-210.4418	-215.0563	4.614551	0.01690598	0.0009041749	0.0160018	0.0009041749
5750	-214.944	-220.6596	5.715599	0.02705389	0.01513127	0.01192261	0.01513127
5760	-210.4583	-216.6728	6.214521	0.02304996	0.0039888	0.01906116	0.0039888
5770	-209.7963	-215.5892	5.792921	0.01865225	0.002408104	0.01624415	0.002408104
5780	-209.9698	-216.0547	6.084894	0.02071857	0.003407922	0.01731065	0.003407922
5790	-209.8125	-215.6736	5.86109	0.01886386	0.002621277	0.01624258	0.002621277
5800	-212.0863	-217.6677	5.581402	0.01496907	0.004017082	0.01095199	0.004017082
5810	-210.746	-216.8889	6.142952	0.0240939	0.003364988	0.02072891	0.003364988
5820	-211.036	-217.3495	6.313476	0.02452531	0.005085674	0.01943964	0.005085674
5830	-210.2927	-216.354	6.0613	0.02272985	0.002999023	0.01973082	0.002999023
5840	-211.5663	-217.9206	6.354314	0.02576955	0.005880282	0.01988926	0.005880282
5850	-211.2586	-214.7865	3.527878	0.01779756	0.0004748833	0.01732268	0.0004748833
5860	-211.3537	-217.2353	5.881553	0.02515577	0.002354279	0.02280149	0.002354279
5870	-210.0507	-216.1711	6.120363	0.02056289	0.003775706	0.01678718	0.003775706
5880	-212.1405	-218.3177	6.177234	0.02390038	0.009077637	0.01482274	0.009077637
5890	-212.2851	-218.5973	6.312283	0.02610946	0.008806022	0.01730343	0.008806022
5900	-213.2596	-219.4249	6.16524	0.02891161	0.003730055	0.02518156	0.003730055
5910	-212.6336	-218.0754	5.441797	0.01416984	0.003824451	0.01034539	0.003824451
5920	-210.5958	-216.5386	5.94278	0.01767749	0.004069531	0.01360796	0.004069531
5930	-212.3745	-218.1339	5.759418	0.01834212	0.007217375	0.01112474	0.007217375
5940	-210.4565	-216.7032	6.246707	0.02247873	0.004613297	0.01786543	0.004613297
5950	-211.1627	-217.4467	6.284016	0.02324898	0.006663855	0.01658513	0.006663855
5960	-210.5461	-215.5751	5.029004	0.0156749	0.001310315	0.01436459	0.001310315
5970	-209.988	-215.9805	5.992505	0.01895234	0.003335558	0.01561679	0.003335558
5980	-212.3107	-218.026	5.715258	0.01731756	0.006386001	0.01093156	0.006386001
5990	-211.1737	-215.8287	4.654965	0.01466072	0.00104485	0.01361587	0.00104485
6000	-209.9704	-216.0548	6.084394	0.02077731	0.003388953	0.01738836	0.003388953
6010	-211.1397	-215.9876	4.847872	0.0227795	0.0009709628	0.02180854	0.0009709628
6020	-214.0243	-220.0919	6.067547	0.02983827	0.003297301	0.02654097	0.003297301
6030	-210.3396	-216.4129	6.07334	0.0228888	0.003047319	0.01984148	0.003047319
6040	-210.3008	-216.4459	6.14513	0.02020511	0.00451899	0.01568612	0.00451899
6050	-213.947	-219.7412	5.79422	0.02466857	0.01272188	0.01194669	0.01272188
6060	-211.9927	-217.532	5.539218	0.01461692	0.003512257	0.01110466	0.003512257
6070	-210.589	-216.8585	6.269451	0.02276791	0.004959483	0.01780843	0.004959483
6080	-213.8916	-219.205	5.313406	0.01697779	0.007896987	0.009080806	0.007896987
6090	-212.6593	-218.7736	6.114325	0.02452389	0.01024657	0.01427732	0.01024657
6100	-209.8525	-215.4851	5.632576	0.02029974	0.001860538	0.0184392	0.001860538
6110	-210.9636	-216.9605	5.996874	0.01845522	0.005199759	0.01325546	0.005199759
6120	-210.4843	-215.3566	4.87224	0.01604682	0.001128465	0.01491835	0.001128465
6130	-212.2341	-217.7646	5.53047	0.01463363	0.00384934	0.01078429	0.00384934
6140	-210.0557	-215.5473	5.491562	0.02100353	0.001603909	0.01939962	0.001603909
6150	-210.2757	-216.3978	6.122154	0.02261377	0.003332491	0.01928128	0.003332491
6160	-211.0067	-216.9683	5.961589	0.018049	0.00503067	0.01301833	0.00503067
6170	-212.3251	-217.9064	5.581298	0.02641007	0.001760863	0.02464921	0.001760863
6180	-209.9865	-215.9125	5.925975	0.01841036	0.00308755	0.01532281	0.00308755
6190	-212.3019	-218.674	6.372121	0.02706491	0.007681587	0.01938332	0.007681587
6200	-212.7932	-218.8736	6.080418	0.02448341	0.01052901	0.0139544	0.01052901
6210	-212.0433	-218.3886	6.345314	0.02605519	0.007924201	0.01813099	0.007924201
6220	-209.7546	-215.5124	5.757789	0.01915796	0.00223083	0.01692713	0.00223083
6230	-210.5817	-216.7747	6.193088	0.02358115	0.003730498	0.01985065	0.003730498
6240	-214.9799	-220.9419	5.961957	0.03091652	0.002960046	0.02795648	0.002960046
6250	-212.6362	-218.6869	6.050722	0.02362972	0.01008983	0.01353989	0.01008983
6260	-209.9911	-215.7891	5.797958	0.01771165	0.002640185	0.01507146	0.002640185
6270	-210.5989	-216.8664	6.267584	0.02258546	0.005105115	0.01748035	0.005105115
6280	-209.8842	-215.6597	5.775557	0.0180416	0.002464364	0.01557723	0.002464364
6290	-211.7422	-217.6284	5.886145	0.01838704	0.006378872	0.01200817	0.006378872
6300	-210.0252	-215.8137	5.788524	0.01756996	0.002641945	0.01492801	0.002641945
6310	-210.6858	-216.3783	5.692515	0.01601805	0.00287026	0.01314779	0.00287026
6320	-210.8686	-217.0185	6.149886	0.02052709	0.005897909	0.01462918	0.005897909
6330	-210.4319	-216.3071	5.875178	0.01724713	0.003442898	0.01380423	0.003442898
6340	-210.4249	-216.3914	5.96642	0.02309652	0.002606228	0.02049029	0.002606228
6350	-213.6432	-219.0562	5.413025	0.01773652	0.00826886	0.009467659	0.00826886
6360	-214.4416	-220.0576	5.615992	0.02432275	0.01337169	0.01095106	0.01337169
6370	-216.4724	-222.7386	6.26625	0.03391288	0.005989339	0.02792354	0.005989339
6380	-215.1068	-221.4464	6.339673	0.03269127	0.01095392	0.02173736	0.01095392
6390	-210.2745	-215.5273	5.252764	0.01625226	0.00154005	0.01471221	0.00154005
6400	-213.7395	-218.9442	5.204695	0.01314409	0.003826719	0.009317371	0.003826719
6410	-210.4082	-216.5356	6.127402	0.01986871	0.004712662	0.01515605	0.004712662
6420	-211.5595	-217.9165	6.35697	0.02559072	0.006231727	0.01935899	0.006231727
6430	-210.1459	-215.0871	4.941197	0.0193256	0.001062044	0.01826356	0.001062044
6440	-211.2385	-217.3402	6.101679	0.02046389	0.006608195	0.01385569	0.006608195
6450	-212.5383	-218.1595	5.621215	0.0268227	0.001839231	0.02498346	0.001839231
6460	-210.2124	-216.3614	6.148958	0.02041628	0.004299871	0.01611641	0.004299871
6470	-209.7956	-215.7058	5.910231	0.01959519	0.002687148	0.01690804	0.002687148
6480	-210.3849	-216.3093	5.924388	0.02293313	0.002472985	0.02046015	0.002472985
6490	-213.1116	-219.01	5.898401	0.02817931	0.002523877	0.02565543	0.002523877
6500	-212.7235	-218.5852	5.861758	0.02130745	0.009436473	0.01187098	0.009436473
6510	-216.3659	-222.1	5.734033	0.03149385	0.01852152	0.01297233	0.01852152
6520	-210.2936	-216.446	6.152377	0.02261327	0.003531846	0.01908143	0.003531846
6530	-210.2069	-215.7578	5.550968	0.01651846	0.002089762	0.0144287	0.002089762
6540	-210.9858	-217.2431	6.257337	0.02248562	0.006331641	0.01615398	0.006331641
6550	-210.2628	-215.2243	4.961458	0.01670305	0.001169437	0.01553362	0.001169437
6560	-210.8753	-216.836	5.9607	0.02424943	0.002577108	0.02167232	0.002577108
6570	-210.5211	-216.772	6.250963	0.02218351	0.005009776	0.01717373	0.005009776
6580	-212.5904	-218.189	5.598623	0.01620531	0.005804855	0.01040045	0.005804855
6590	-210.9504	-217.1763	6.225911	0.02460852	0.0039293	0.02067922	0.0039293
6600	-212.6316	-218.0276	5.39597	0.01383878	0.003428932	0.01040984	0.003428932
6610	-215.2873	-221.6441	6.356786	0.03298832	0.009713002	0.02327531	0.009713002
6620	-212.1029	-218.2212	6.118309	0.02297624	0.008918923	0.01405731	0.008918923
6630	-212.7897	-219.163	6.373293	0.02809613	0.008393088	0.01970305	0.008393088
6640	-212.1921	-218.4265	6.234425	0.0248187	0.009107788	0.01571091	0.009107788
6650	-213.1723	-219.2633	6.091009	0.02572098	0.01139979	0.01432119	0.01139979
6660	-210.3355	-216.5428	6.207296	0.02247253	0.004040672	0.01843186	0.004040672
6670	-211.9114	-218.2786	6.367268	0.02658887	0.00616368	0.02042519	0.00616368
6680	-211.0592	-217.3538	6.294599	0.02330359	0.00632944	0.01697415	0.00632944
6690	-212.2257	-218.4378	6.212025	0.02727938	0.003886243	0.02339313	0.003886243
6700	-210.8071	-217.1065	6.299404	0.02350672	0.005281182	0.01822554	0.005281182
6710	-214.3579	-219.6709	5.31298	0.01997993	0.01074461	0.009235321	0.01074461
6720	-211.1521	-217.242	6.089907	0.02010341	0.006316321	0.01378709	0.006316321
6730	-210.8518	-217.1336	6.281785	0.02415509	0.004596599	0.01955849	0.004596599
6740	-209.7713	-215.5271	5.755799	0.01878748	0.002271118	0.01651636	0.002271118
6750	-213.489	-218.8926	5.403659	0.01644043	0.00700907	0.009431356	0.00700907
6760	-209.9113	-215.2082	5.296834	0.01795182	0.001460926	0.01649089	0.001460926
6770	-210.3175	-215.3822	5.064631	0.02083863	0.001137373	0.01970126	0.001137373
6780	-209.7666	-215.3708	5.604174	0.01907947	0.00187753	0.01720194	0.00187753
6790	-210.1582	-216.1172	5.958973	0.01823354	0.003467756	0.01476578	0.003467756
6800	-212.3262	-218.3063	5.980115	0.02168386	0.00896666	0.0127172	0.00896666
6810	-213.5068	-219.055	5.548151	0.01962987	0.009515592	0.01011428	0.009515592
6820	-212.6272	-219.012	6.384844	0.0280272	0.007277918	0.02074928	0.007277918
6830	-210.8453	-216.5827	5.737472	0.01607168	0.003239132	0.01283255	0.003239132
6840	-212.161	-218.3946	6.233625	0.02472746	0.009045361	0.0156821	0.009045361
6850	-210.0513	-216.179	6.127748	0.02100308	0.003677294	0.01732579	0.003677294
6860	-211.5586	-217.7067	6.148129	0.02593843	0.003403687	0.02253474	0.003403687
6870	-210.8789	-217.1249	6.245978	0.02438376	0.004129249	0.02025451	0.004129249
6880	-210.1382	-216.0126	5.874411	0.01769327	0.003077663	0.01461561	0.003077663
6890	-210.7402	-217.0138	6.273664	0.0237959	0.004556029	0.01923987	0.004556029
6900	-211.2264	-217.4451	6.218699	0.02226359	0.00694711	0.01531648	0.00694711
6910	-211.7303	-217.1443	5.413965	0.01418988	0.002582434	0.01160745	0.002582434
6920	-209.8508	-215.712	5.861157	0.01859272	0.002681374	0.01591135	0.002681374
6930	-210.0773	-216.2097	6.132379	0.02067121	0.003859135	0.01681207	0.003859135
6940	-212.271	-217.8932	5.622148	0.01567608	0.00494329	0.01073279	0.00494329
6950	-214.0435	-219.3473	5.303881	0.01789168	0.008819326	0.009072356	0.008819326
6960	-210.955	-217.2316	6.276504	0.02280758	0.006179155	0.01662843	0.006179155
6970	-210.6386	-216.8289	6.190312	0.02376551	0.003694075	0.02007144	0.003694075
6980	-210.6654	-216.7029	6.037481	0.01872332	0.004804856	0.01391846	0.004804856
6990	-215.6517	-221.5888	5.937062	0.03119758	0.01673649	0.01446109	0.01673649
7000	-210.0809	-215.7237	5.642757	0.01700213	0.002248833	0.0147533	0.002248833
7010	-210.1162	-215.8305	5.714279	0.02174189	0.001971408	0.01977048	0.001971408
7020	-211.9168	-217.6894	5.772595	0.01707058	0.005685271	0.01138531	0.005685271
7030	-211.7172	-217.7803	6.063115	0.0210748	0.007693395	0.0133814	0.007693395
7040	-214.3029	-220.6807	6.377821	0.03123695	0.008061504	0.02317544	0.008061504
7050	-212.5534	-218.9051	6.351765	0.02727283	0.008663172	0.01860966	0.008663172
7060	-210.7648	-216.8308	6.065964	0.02410175	0.002975528	0.02112622	0.002975528
7070	-212.7442	-218.5575	5.8133	0.02065798	0.009139016	0.01151897	0.009139016
7080	-209.9137	-215.9323	6.018645	0.02088855	0.002975262	0.01791328	0.002975262
7090	-209.9156	-215.1498	5.234223	0.01865968	0.001350585	0.0173091	0.001350585
7100	-210.5516	-216.5296	5.978028	0.02346364	0.002639423	0.02082422	0.002639423
7110	-211.6977	-217.5315	5.833879	0.01746811	0.005686405	0.0117817	0.005686405
7120	-210.426	-216.5872	6.161155	0.0203828	0.004865833	0.01551696	0.004865833
7130	-215.5461	-221.4939	5.94783	0.03161817	0.002982099	0.02863607	0.002982099
7140	-210.9687	-215.9098	4.941044	0.0225592	0.001034235	0.02152496	0.001034235
7150	-210.2157	-215.4933	5.277602	0.02107364	0.001335965	0.01973767	0.001335965
7160	-212.8613	-218.1801	5.318892	0.01343846	0.00320616	0.0102323	0.00320616
7170	-213.0352	-219.2093	6.174175	0.02857671	0.003749505	0.0248272	0.003749505
7180	-210.3963	-216.5614	6.165132	0.0204589	0.004802349	0.01565655	0.004802349
7190	-215.148	-221.3947	6.246695	0.03234201	0.01345594	0.01888607	0.01345594
7200	-210.4147	-216.1745	5.759854	0.01664568	0.002898047	0.01374763	0.002898047
7210	-209.8479	-215.6186	5.770761	0.01821205	0.002412102	0.01579995	0.002412102
7220	-212.1422	-217.8939	5.751652	0.01737982	0.006218538	0.01116128	0.006218538
7230	-211.0608	-217.3092	6.248408	0.02244582	0.006534544	0.01591128	0.006534544
7240	-211.1274	-217.3867	6.259337	0.02274892	0.006674413	0.01607451	0.006674413
7250	-211.8088	-218.1556	6.346754	0.02649215	0.00547247	0.02101968	0.00547247
7260	-213.1312	-219.513	6.381812	0.02894217	0.008351396	0.02059078	0.008351396
7270	-211.4134	-217.735	6.321604	0.0243876	0.006940913	0.01744668	0.006940913
7280	-211.2146	-217.0641	5.849489	0.01692837	0.004578436	0.01234994	0.004578436
7290	-209.8632	-215.6844	5.821172	0.0207326	0.002267345	0.01846525	0.002267345
7300	-213.4967	-219.6396	6.142925	0.02722666	0.01198625	0.01524041	0.01198625
7310	-210.0504	-215.6456	5.59524	0.02123763	0.001761225	0.01947641	0.001761225
7320	-211.818	-218.1177	6.299726	0.02484045	0.008025236	0.01681521	0.008025236
7330	-209.792	-215.661	5.869012	0.01914066	0.002600062	0.0165406	0.002600062
7340	-209.7799	-215.5477	5.767758	0.0187206	0.002316468	0.01640413	0.002316468
7350	-210.5999	-216.8548	6.254951	0.0221762	0.005272203	0.01690399	0.005272203
7360	-211.2484	-217.484	6.235595	0.02258104	0.0069989	0.01558214	0.0069989
7370	-209.8486	-215.8137	5.965103	0.02047551	0.002784646	0.01769087	0.002784646
7380	-212.0975	-218.2461	6.148628	0.02695473	0.003456334	0.02349839	0.003456334
7390	-211.3495	-217.524	6.174534	0.02553437	0.003549209	0.02198516	0.003549209
7400	-210.0413	-216.1143	6.073051	0.0216052	0.003162778	0.01844242	0.003162778
7410	-209.7949	-215.4576	5.662739	0.01990211	0.00194128	0.01796083	0.00194128
7420	-210.022	-215.4717	5.449746	0.01703779	0.001777607	0.01526018	0.001777607
7430	-213.7243	-219.3939	5.669663	0.02234875	0.01140778	0.01094097	0.01140778
7440	-211.3506	-217.6673	6.316693	0.02547394	0.004950538	0.02052341	0.004950538
7450	-210.6445	-216.9174	6.272825	0.02266446	0.00522999	0.01743447	0.00522999
7460	-210.9391	-216.65	5.710903	0.01586721	0.003208267	0.01265894	0.003208267
7470	-214.3967	-219.9528	5.556096	0.02346287	0.01290762	0.01055525	0.01290762
7480	-211.5042	-217.833	6.328831	0.02582211	0.005139242	0.02068287	0.005139242
7490	-212.5895	-218.8955	6.306005	0.0267557	0.009396382	0.01735931	0.009396382
7500	-211.0291	-216.3591	5.329967	0.01478147	0.001952096	0.01282937	0.001952096
7510	-210.5745	-215.5541	4.979689	0.01564917	0.001259188	0.01438998	0.001259188
7520	-211.9215	-218.2886	6.367064	0.02662033	0.006140757	0.02047958	0.006140757
7530	-209.8809	-215.8762	5.995296	0.01957138	0.003121928	0.01644946	0.003121928
7540	-210.1163	-216.266	6.14963	0.02152043	0.003720638	0.01779979	0.003720638
7550	-212.8708	-218.4546	5.583808	0.02728294	0.001790441	0.0254925	0.001790441
7560	-212.9917	-219.3785	6.386789	0.02881104	0.007332792	0.02147825	0.007332792
7570	-212.6389	-218.8396	6.200729	0.02556079	0.01011981	0.01544098	0.01011981
7580	-209.8919	-215.7587	5.866804	0.0184086	0.002754873	0.01565373	0.002754873
7590	-210.1978	-215.0912	4.893432	0.01729859	0.001083626	0.01621497	0.001083626
7600	-210.2728	-216.0606	5.787822	0.01699806	0.002873848	0.01412421	0.002873848
7610	-210.327	-216.4739	6.146856	0.02020713	0.004587249	0.01561988	0.004587249
7620	-210.3038	-215.9701	5.666272	0.01652103	0.002470829	0.0140502	0.002470829
7630	-213.1557	-219.3813	6.225589	0.02723102	0.01099497	0.01623606	0.01099497
7640	-213.5316	-219.5332	6.001569	0.02574058	0.01218146	0.01355912	0.01218146
7650	-212.0436	-218.3741	6.330468	0.02703603	0.005141675	0.02189435	0.005141675
7660	-211.3119	-217.3665	6.054607	0.01990759	0.006522992	0.01338459	0.006522992
7670	-212.1583	-218.372	6.213784	0.02444912	0.009085301	0.01536382	0.009085301
7680	-209.9824	-215.8889	5.906483	0.01829286	0.003009835	0.01528303	0.003009835
7690	-210.0682	-216.1288	6.060607	0.01944494	0.003729037	0.0157159	0.003729037
7700	-211.2054	-217.5376	6.332266	0.02440253	0.006128297	0.01827423	0.006128297
7710	-210.537	-216.6103	6.073271	0.0191317	0.00473935	0.01439235	0.00473935
7720	-209.8219	-215.5677	5.74581	0.02033638	0.002099624	0.01823676	0.002099624
7730	-213.0289	-219.381	6.352035	0.02891644	0.005793654	0.02312279	0.005793654
7740	-213.3522	-219.7344	6.38215	0.02953151	0.007056176	0.02247534	0.007056176
7750	-212.6866	-218.33	5.64337	0.0174746	0.006970595	0.01050401	0.006970595
7760	-210.3214	-216.4944	6.173034	0.02066114	0.004621927	0.01603922	0.004621927
7770	-210.7622	-216.01	5.247841	0.01515214	0.001688626	0.01346352	0.001688626
7780	-211.438	-217.7464	6.308425	0.02418444	0.007139738	0.01704471	0.007139738
7790	-214.4744	-220.4775	6.003158	0.02851158	0.01424921	0.01426237	0.01424921
7800	-210.0163	-216.0745	6.058156	0.02150339	0.003094527	0.01840886	0.003094527
7810	-211.4933	-217.2254	5.732122	0.01594292	0.004160982	0.01178194	0.004160982
7820	-210.6363	-216.6203	5.984023	0.01809037	0.004403596	0.01368678	0.004403596
7830	-209.772	-215.4492	5.677197	0.01966077	0.001987641	0.01767313	0.001987641
7840	-210.6166	-216.8511	6.234524	0.02171148	0.005412567	0.01629891	0.005412567
7850	-210.7404	-216.6453	5.904901	0.02385341	0.002405435	0.02144797	0.002405435
7860	-212.6287	-218.3721	5.743456	0.02716921	0.002086007	0.0250832	0.002086007
7870	-212.0351	-218.3661	6.330936	0.02701821	0.005148989	0.02186922	0.005148989
7880	-209.811	-215.5289	5.71791	0.02019314	0.002043479	0.01814966	0.002043479
7890	-210.1181	-215.1087	4.990541	0.01940239	0.001098912	0.01830348	0.001098912
7900	-210.419	-216.6163	6.197337	0.02102233	0.004900171	0.01612216	0.004900171
7910	-209.8905	-215.8202	5.929684	0.01883044	0.002956795	0.01587365	0.002956795
7920	-213.895	-219.7385	5.843468	0.02506458	0.0127509	0.01231368	0.0127509
7930	-211.9059	-217.7596	5.853708	0.01833862	0.006580686	0.01175793	0.006580686
7940	-210.6106	-216.5028	5.892195	0.01723332	0.003788445	0.01344488	0.003788445
7950	-209.8449	-215.3455	5.500551	0.01798093	0.001771445	0.01620949	0.001771445
7960	-211.0112	-216.8317	5.820534	0.01656652	0.003967278	0.01259924	0.003967278
7970	-210.5922	-216.8343	6.24212	0.02344055	0.004214227	0.01922632	0.004214227
7980	-212.7379	-219.0371	6.299223	0.02831912	0.004819315	0.0234998	0.004819315
7990	-209.7751	-215.6421	5.867016	0.01955094	0.002526761	0.01702418	0.002526761
8000	-209.8383	-215.7401	5.901794	0.01894222	0.002782412	0.01615981	0.002782412
8010	-211.0192	-216.8162	5.796979	0.02432726	0.002131602	0.02219566	0.002131602
8020	-211.1611	-217.4034	6.242347	0.02512866	0.004056023	0.02107264	0.004056023
8030	-210.76	-216.8304	6.070402	0.01922484	0.005221604	0.01400323	0.005221604
8040	-210.1265	-216.2013	6.074793	0.01947364	0.003900308	0.01557334	0.003900308
8050	-210.0323	-216.1448	6.112523	0.02052093	0.003712136	0.01680879	0.003712136
8060	-212.9299	-218.6732	5.743286	0.02029192	0.00919392	0.011098	0.00919392
8070	-210.925	-217.1831	6.258134	0.02241682	0.006176101	0.01624072	0.006176101
8080	-212.2085	-218.5626	6.354048	0.02655057	0.008051714	0.01849885	0.008051714
8090	-211.679	-217.6574	5.97842	0.01966362	0.007018432	0.01264519	0.007018432
8100	-211.1719	-217.3817	6.209783	0.02201073	0.006808327	0.01520241	0.006808327
8110	-215.4913	-221.7472	6.25586	0.03316225	0.01354852	0.01961373	0.01354852
8120	-212.2885	-218.0608	5.772298	0.02666565	0.002130368	0.02453528	0.002130368
8130	-210.4917	-216.7051	6.213399	0.02319612	0.003952909	0.01924321	0.003952909
8140	-211.0235	-217.1654	6.141873	0.02478354	0.003348709	0.02143483	0.003348709
8150	-215.8916	-220.9874	5.095768	0.02408185	0.01516825	0.008913596	0.01516825
8160	-210.1951	-214.9959	4.800855	0.01834012	0.0009829688	0.01735715	0.0009829688
8170	-210.1495	-216.1788	6.029258	0.02220035	0.002887619	0.01931273	0.002887619
8180	-211.3782	-217.7244	6.346177	0.02499787	0.006217127	0.01878074	0.006217127
8190	-210.1836	-215.7811	5.597511	0.01664471	0.002193961	0.01445074	0.002193961
8200	-211.5648	-217.8727	6.307981	0.02442638	0.007426344	0.01700004	0.007426344
8210	-211.8217	-217.4374	5.615655	0.01511201	0.003813129	0.01129888	0.003813129
8220	-211.0835	-214.8362	3.752768	0.0187194	0.0005248996	0.0181945	0.0005248996
8230	-209.8854	-215.6494	5.763989	0.01799749	0.002432068	0.01556543	0.002432068
8240	-211.4568	-217.5377	6.080884	0.02065623	0.007077358	0.01357887	0.007077358
8250	-209.8043	-215.3112	5.506916	0.01930434	0.001688714	0.01761563	0.001688714
8260	-210.0853	-215.5096	5.424316	0.01680354	0.001759183	0.01504436	0.001759183
8270	-210.8054	-217.1041	6.298772	0.02343529	0.005337454	0.01809784	0.005337454
8280	-211.5274	-217.6183	6.090911	0.02098861	0.007320829	0.01366778	0.007320829
8290	-210.0431	-215.633	5.589868	0.01703646	0.002089905	0.01494655	0.002089905
8300	-211.4617	-217.7516	6.289933	0.02391118	0.007328492	0.01658268	0.007328492
8310	-211.0599	-217.301	6.241031	0.02231783	0.006541223	0.0157766	0.006541223
8320	-210.1707	-215.2395	5.068845	0.01687869	0.001263056	0.01561564	0.001263056
8330	-210.1178	-216.2574	6.139592	0.02169824	0.003590786	0.01810746	0.003590786
8340	-212.4028	-218.7383	6.335507	0.02670548	0.008714827	0.01799065	0.008714827
8350	-210.0685	-215.4129	5.34435	0.02063365	0.001418484	0.01921517	0.001418484
8360	-211.1264	-217.07	5.943674	0.02478253	0.002527865	0.02225467	0.002527865
8370	-210.9367	-217.2286	6.291877	0.0243791	0.004708092	0.01967101	0.004708092
8380	-212.0255	-217.8035	5.777964	0.01745762	0.006124421	0.0113332	0.006124421
8390	-210.3417	-216.5401	6.198394	0.0211444	0.004671344	0.01647306	0.004671344
8400	-216.8761	-223.0482	6.172084	0.0358145	0.01615328	0.01966122	0.01615328
8410	-214.1729	-220.0912	5.918322	0.02675753	0.01360079	0.01315674	0.01360079
8420	-211.4066	-217.2251	5.818426	0.01676643	0.004738086	0.01202834	0.004738086
8430	-214.7215	-221.0928	6.371261	0.03198805	0.008855363	0.02313269	0.008855363
8440	-209.8425	-215.229	5.386556	0.01894612	0.001526864	0.01741926	0.001526864
8450	-210.9373	-217.2469	6.309588	0.0241548	0.005143106	0.0190117	0.005143106
8460	-210.4189	-216.5693	6.150429	0.02021379	0.004817847	0.01539594	0.004817847
8470	-210.3329	-216.232	5.89907	0.01752426	0.003430709	0.01409355	0.003430709
8480	-211.6399	-217.7568	6.116864	0.02167581	0.007734108	0.0139417	0.007734108
8490	-210.375	-216.5075	6.132446	0.01995458	0.00465529	0.01529929	0.00465529
8500	-213.9599	-219.7578	5.797873	0.0247537	0.01277108	0.01198261	0.01277108
8510	-209.9136	-215.8878	5.97412	0.01909809	0.003139098	0.01595899	0.003139098
8520	-210.4529	-216.6129	6.159915	0.02035837	0.004927816	0.01543056	0.004927816
8530	-212.2945	-218.6602	6.365707	0.02692827	0.007900006	0.01902826	0.007900006
8540	-209.7921	-215.6982	5.906057	0.01965346	0.002660336	0.01699313	0.002660336
8550	-213.1127	-216.5459	3.433199	0.01293462	0.0005469667	0.01238766	0.0005469667
8560	-211.293	-217.5811	6.288066	0.02355021	0.0069529	0.01659731	0.0069529
8570	-211.8463	-218.1998	6.353503	0.02580775	0.007357009	0.01845074	0.007357009
8580	-211.0908	-215.4187	4.32784	0.02134916	0.0007037842	0.02064537	0.0007037842
8590	-209.7582	-215.4894	5.731216	0.01894898	0.002182012	0.01676697	0.002182012
8600	-213.7846	-218.9419	5.157266	0.01278371	0.003404464	0.009379243	0.003404464
8610	-210.5466	-216.6365	6.089962	0.02353202	0.003099302	0.02043272	0.003099302
8620	-212.9611	-219.3348	6.373623	0.02846758	0.008587929	0.01987965	0.008587929
8630	-211.4136	-217.4212	6.007577	0.0194265	0.006470121	0.01295638	0.006470121
8640	-210.7645	-216.9732	6.208745	0.02411563	0.003813802	0.02030183	0.003813802
8650	-210.0682	-216.1754	6.107141	0.02014371	0.003844642	0.01629907	0.003844642
8660	-211.3252	-216.5837	5.2585	0.01432878	0.001910822	0.01241796	0.001910822
8670	-211.5963	-217.2693	5.672947	0.01548346	0.00387307	0.01161039	0.00387307
8680	-210.4939	-216.2866	5.792662	0.02305439	0.002120218	0.02093417	0.002120218
8690	-210.3968	-216.2831	5.886354	0.02292048	0.002360761	0.02055972	0.002360761
8700	-210.4168	-216.6359	6.219097	0.02149335	0.004855648	0.0166377	0.004855648
8710	-212.3108	-218.4494	6.138587	0.02384594	0.00945375	0.01439219	0.00945375
8720	-210.0872	-216.0823	5.995024	0.02194853	0.002761448	0.01918708	0.002761448
8730	-209.9034	-215.9367	6.033339	0.02002008	0.003238089	0.01678199	0.003238089
8740	-210.3914	-216.5998	6.208454	0.02128423	0.004806692	0.01647754	0.004806692
8750	-210.1729	-216.1488	5.975957	0.01834894	0.003566659	0.01478228	0.003566659
8760	-214.1006	-219.4328	5.332218	0.02865806	0.001479112	0.02717895	0.001479112
8770	-211.2466	-217.4945	6.24788	0.02533047	0.004102895	0.02122758	0.004102895
8780	-210.1421	-215.8143	5.672221	0.01689871	0.002373779	0.01452493	0.002373779
8790	-210.5467	-216.7693	6.222557	0.02146764	0.005238396	0.01622924	0.005238396
8800	-211.6148	-217.9578	6.342978	0.02517174	0.00706911	0.01810263	0.00706911
8810	-211.6168	-217.9295	6.312758	0.02613265	0.004846786	0.02128586	0.004846786
8820	-211.651	-214.8648	3.213835	0.01934316	0.0003995748	0.01894359	0.0003995748
8830	-209.9984	-215.3606	5.362262	0.01719398	0.001610668	0.01558331	0.001610668
8840	-211.8279	-218.0199	6.19205	0.02327882	0.008359934	0.01491888	0.008359934
8850	-210.6664	-216.9142	6.247786	0.02199666	0.005515396	0.01648126	0.005515396
8860	-212.4151	-218.4206	6.005506	0.02726637	0.002824272	0.0244421	0.002824272
8870	-210.5349	-215.0139	4.47902	0.01950168	0.0007811946	0.01872049	0.0007811946
8880	-209.9531	-215.8231	5.870067	0.01817679	0.002842621	0.01533417	0.002842621
8890	-213.0921	-219.452	6.359972	0.02858353	0.009181258	0.01940227	0.009181258
8900	-214.3547	-220.6744	6.319759	0.03104041	0.01133563	0.01970478	0.01133563
8910	-212.9182	-218.6203	5.702104	0.02755074	0.002015255	0.02553548	0.002015255
8920	-209.9209	-215.7544	5.833532	0.01811487	0.002682374	0.0154325	0.002682374
8930	-212.9709	-218.7182	5.747226	0.02051702	0.009379456	0.01113756	0.009379456
8940	-210.363	-216.1312	5.768211	0.02264447	0.002069349	0.02057512	0.002069349
8950	-215.9517	-222.177	6.225316	0.03402253	0.01448627	0.01953626	0.01448627
8960	-212.9638	-219.3373	6.37349	0.02881383	0.006397846	0.02241598	0.006397846
8970	-211.7453	-218.1098	6.364473	0.026114	0.006276373	0.01983763	0.006276373
8980	-210.1889	-215.7916	5.602736	0.0217808	0.001762586	0.02001822	0.001762586
8990	-210.3219	-215.1118	4.789918	0.01978449	0.000949621	0.01883487	0.000949621
9000	-210.8223	-217.0449	6.222523	0.02164796	0.005957588	0.01569037	0.005957588
9010	-210.2757	-216.4323	6.156566	0.0225176	0.003575336	0.01894227	0.003575336
9020	-211.255	-217.2773	6.022325	0.0192961	0.006140933	0.01315516	0.006140933
9030	-210.7622	-216.8293	6.067087	0.01918148	0.005206717	0.01397477	0.005206717
9040	-210.4164	-216.488	6.071599	0.02313804	0.003026493	0.02011154	0.003026493
9050	-210.4409	-216.6405	6.199603	0.02105171	0.004960442	0.01609127	0.004960442
9060	-209.8089	-215.4236	5.614772	0.01820811	0.001980092	0.01622802	0.001980092
9070	-210.1428	-215.4243	5.28147	0.01666522	0.001539284	0.01512593	0.001539284
9080	-209.7805	-215.4954	5.714925	0.01857339	0.002183921	0.01638947	0.002183921
9090	-210.5872	-216.2358	5.648606	0.02305355	0.001829282	0.02122427	0.001829282
9100	-212.3621	-217.9821	5.619959	0.02653489	0.00182863	0.02470626	0.00182863
9110	-216.0735	-222.2613	6.187821	0.0341113	0.0152732	0.0188381	0.0152732
9120	-212.4212	-216.975	4.553818	0.02484665	0.0008132781	0.02403337	0.0008132781
9130	-213.8458	-219.7008	5.855069	0.02917005	0.00246159	0.02670846	0.00246159
9140	-209.826	-215.6667	5.840723	0.01864122	0.002585082	0.01605614	0.002585082
9150	-209.8589	-215.7818	5.922962	0.02070937	0.002590182	0.01811919	0.002590182
9160	-211.1172	-217.2724	6.155185	0.02103814	0.006539314	0.01449883	0.006539314
9170	-214.2831	-220.6579	6.374821	0.03121286	0.009099632	0.02211323	0.009099632
9180	-214.2126	-219.3725	5.159923	0.01415813	0.005473012	0.008685114	0.005473012
9190	-211.7987	-217.7891	5.990358	0.02019374	0.007468811	0.01272493	0.007468811
9200	-211.3972	-217.2101	5.812948	0.01669352	0.004665828	0.01202769	0.004665828
9210	-210.5319	-216.706	6.174092	0.02059635	0.005158253	0.0154381	0.005158253
9220	-210.0615	-216.1449	6.083422	0.02168848	0.003210831	0.01847765	0.003210831
9230	-212.0913	-218.4419	6.350585	0.02624476	0.007912757	0.01833201	0.007912757
9240	-212.0368	-218.3397	6.30286	0.02702322	0.004733144	0.02229008	0.004733144
9250	-211.9605	-218.2908	6.330307	0.02563399	0.007998846	0.01763515	0.007998846
9260	-212.3059	-218.6481	6.342172	0.0265809	0.008446281	0.01813461	0.008446281
9270	-211.1395	-217.4665	6.326966	0.02471541	0.00537072	0.01934469	0.00537072
9280	-213.8994	-220.0081	6.108649	0.02797003	0.01286819	0.01510185	0.01286819
9290	-215.6948	-222.0001	6.305269	0.03375488	0.01227709	0.02147779	0.01227709
9300	-210.589	-216.2956	5.706546	0.02316156	0.00193687	0.02122469	0.00193687
9310	-210.9452	-217.218	6.272877	0.02450299	0.004418368	0.02008462	0.004418368
9320	-210.691	-216.8284	6.137434	0.02012454	0.005413016	0.01471152	0.005413016
9330	-211.9508	-217.7985	5.84764	0.01837705	0.006668858	0.01170819	0.006668858
9340	-209.9906	-215.9704	5.979773	0.0214978	0.002734565	0.01876323	0.002734565
9350	-210.4426	-216.6795	6.236822	0.02273344	0.004331579	0.01840186	0.004331579
9360	-218.9257	-223.8045	4.878845	0.03267334	0.02350469	0.009168652	0.02350469
9370	-210.74	-216.9317	6.191638	0.02103015	0.005713325	0.01531683	0.005713325
9380	-210.7578	-214.8815	4.123651	0.01874874	0.000641074	0.01810767	0.000641074
9390	-214.7304	-220.5298	5.799447	0.0272302	0.01477206	0.01245814	0.01477206
9400	-211.0472	-216.8825	5.835247	0.01669952	0.004134992	0.01256452	0.004134992
9410	-210.7731	-217.0559	6.282771	0.02383756	0.004692715	0.01914485	0.004692715
9420	-211.39	-217.6426	6.252583	0.02315047	0.007308607	0.01584186	0.007308607
9430	-215.3136	-221.3139	6.000269	0.03081789	0.01589301	0.01492488	0.01589301
9440	-212.0915	-218.1255	6.033973	0.02173434	0.008582256	0.01315209	0.008582256
9450	-210.9069	-216.5219	5.614994	0.01549616	0.002743099	0.01275307	0.002743099
9460	-210.4789	-216.5006	6.021697	0.01851103	0.004329793	0.01418124	0.004329793
9470	-211.7011	-218.0459	6.344801	0.02536257	0.007232159	0.01813041	0.007232159
9480	-216.2282	-221.0333	4.805054	0.02229834	0.01436546	0.007932878	0.01436546
9490	-213.5821	-219.854	6.271819	0.02881087	0.01128687	0.01752401	0.01128687
9500	-210.0188	-216.1122	6.093402	0.02015973	0.003680465	0.01647926	0.003680465
9510	-210.8319	-217.1298	6.297866	0.02328961	0.005553734	0.01773587	0.005553734
9520	-210.1553	-216.1619	6.006656	0.01865963	0.003676302	0.01498333	0.003676302
9530	-219.2567	-225.2447	5.987998	0.04047065	0.02127328	0.01919736	0.02127328
9540	-212.9824	-219.2215	6.2391	0.02862137	0.00424004	0.02438133	0.00424004
9550	-211.6187	-216.5328	4.914172	0.01383581	0.001400554	0.01243526	0.001400554
9560	-210.404	-216.458	6.053926	0.01890313	0.004360631	0.0145425	0.004360631
9570	-211.8493	-218.2168	6.367509	0.02618866	0.006776879	0.01941178	0.006776879
9580	-216.2451	-222.534	6.288972	0.03373171	0.006336355	0.02739535	0.006336355
9590	-210.4124	-216.6424	6.230017	0.02181271	0.004767136	0.01704558	0.004767136
9600	-212.1347	-217.9638	5.829057	0.01867046	0.007115212	0.01155525	0.007115212
9610	-211.4603	-217.2631	5.802853	0.01664751	0.004720057	0.01192745	0.004720057
9620	-210.1083	-216.1511	6.042847	0.01912978	0.003744411	0.01538537	0.003744411
9630	-211.6406	-217.9878	6.347151	0.02607445	0.005532725	0.02054173	0.005532725
9640	-210.5986	-216.8203	6.221627	0.02356393	0.003978649	0.01958528	0.003978649
9650	-210.4954	-216.4799	5.984565	0.01811311	0.004144674	0.01396843	0.004144674
9660	-209.842	-215.8225	5.98051	0.01996811	0.002942059	0.01702605	0.002942059
9670	-209.7778	-215.6527	5.874835	0.01962345	0.002544828	0.01707862	0.002544828
9680	-211.7889	-217.9755	6.186575	0.02309825	0.008265777	0.01483247	0.008265777
9690	-209.9025	-215.5921	5.689556	0.02074691	0.001953748	0.01879316	0.001953748
9700	-211.4404	-217.7905	6.350089	0.02538287	0.005921219	0.01946165	0.005921219
9710	-210.9099	-216.5609	5.650965	0.01562311	0.002895418	0.0127277	0.002895418
9720	-210.112	-216.073	5.960991	0.02204446	0.002626719	0.01941774	0.002626719
9730	-210.4592	-216.7056	6.246369	0.02258079	0.004549524	0.01803127	0.004549524
9740	-216.79	-222.9961	6.20607	0.03572909	0.01535269	0.0203764	0.01535269
9750	-211.1992	-216.9612	5.762051	0.0161055	0.003867723	0.01223777	0.003867723
9760	-212.6551	-218.0218	5.366767	0.01367429	0.003252141	0.01042214	0.003252141
9770	-211.4397	-216.7121	5.272406	0.01420785	0.001989873	0.01221797	0.001989873
9780	-215.1581	-221.2284	6.07034	0.03140164	0.003511426	0.02789021	0.003511426
9790	-210.8195	-217.0378	6.218306	0.02426052	0.003883529	0.02037699	0.003883529
9800	-210.2589	-216.4601	6.201134	0.02178375	0.004209368	0.01757438	0.004209368
9810	-211.411	-217.7594	6.348471	0.02511087	0.006221168	0.0188897	0.006221168
9820	-213.2713	-219.1763	5.904992	0.02376762	0.01128658	0.01248104	0.01128658
9830	-211.9682	-218.2883	6.320128	0.02549204	0.008136321	0.01735572	0.008136321
9840	-210.113	-216.2455	6.132444	0.021734	0.003527643	0.01820636	0.003527643
9850	-211.6301	-217.8569	6.226782	0.02329689	0.007895735	0.01540116	0.007895735
9860	-209.8341	-215.2619	5.42782	0.01833172	0.001621807	0.01670991	0.001621807
9870	-210.4122	-216.5711	6.15896	0.02035129	0.004826227	0.01552506	0.004826227
9880	-210.8794	-217.1812	6.301792	0.02338421	0.005669801	0.01771441	0.005669801
9890	-210.0114	-215.3158	5.304373	0.02018851	0.001381568	0.01880694	0.001381568
9900	-216.595	-221.0073	4.412221	0.01845378	0.01164174	0.006812041	0.01164174
9910	-213.6882	-220.0068	6.318653	0.02995677	0.005409213	0.02454755	0.005409213
9920	-211.7723	-218.1165	6.344158	0.0254834	0.007402161	0.01808124	0.007402161
9930	-210.6397	-216.1976	5.557922	0.01568512	0.00235652	0.0133286	0.00235652
9940	-210.4505	-216.4688	6.018311	0.02321634	0.002793936	0.02042241	0.002793936
9950	-210.3489	-215.8982	5.549303	0.0221908	0.001671132	0.02051967	0.001671132
9960	-211.5616	-217.1815	5.619938	0.02512834	0.00179638	0.02333196	0.00179638
9970	-211.2827	-217.6151	6.332424	0.02444961	0.006403908	0.0180457	0.006403908
9980	-211.6961	-218.0084	6.312303	0.02631096	0.004838423	0.02147254	0.004838423
9990	-210.1247	-215.8828	5.758103	0.0218511	0.002062644	0.01978846	0.002062644
10000	-210.3272	-216.4093	6.082164	0.02284432	0.003093439	0.01975088	0.003093439
