Iteration	Posterior	Likelihood	Prior	birth_rate	death_rate	diversification	turnover
0	-326.3258	-329.0037	2.677865	0.1183007	0.01800748	0.1002932	0.01800748
10	-250.2514	-255.2261	4.974698	0.07044426	0.01866223	0.05178202	0.01866223
20	-220.034	-226.2501	6.216136	0.03930466	0.009633988	0.02967067	0.009633988
30	-250.2016	-253.8857	3.684108	0.1362122	0.1165081	0.01970412	0.1165081
40	-216.6458	-222.9344	6.288577	0.03546732	0.01268355	0.02278378	0.01268355
50	-222.8045	-227.4715	4.667003	0.03729355	0.001125438	0.03616811	0.001125438
60	-225.844	-231.3926	5.548523	0.05476136	0.03471474	0.02004661	0.03471474
70	-210.3554	-216.2773	5.921925	0.02284217	0.002467385	0.02037478	0.002467385
80	-245.6203	-250.3501	4.729892	0.08390936	0.04473026	0.0391791	0.04473026
90	-246.1122	-250.0382	3.925967	0.1198284	0.101454	0.01837445	0.101454
100	-221.2962	-227.3678	6.071546	0.04356275	0.01830557	0.02525718	0.01830557
110	-231.9538	-236.9569	5.003114	0.07093738	0.0525473	0.01839008	0.0525473
120	-216.9317	-222.6732	5.741535	0.03316323	0.01972747	0.01343576	0.01972747
130	-235.0551	-240.1361	5.080997	0.07487735	0.04935037	0.02552698	0.04935037
140	-215.3562	-221.6253	6.269077	0.03293428	0.01317503	0.01975925	0.01317503
150	-238.1489	-243.6763	5.527374	0.05520782	0.009023821	0.046184	0.009023821
160	-216.1835	-221.8254	5.641882	0.03017441	0.01806817	0.01210624	0.01806817
170	-257.8932	-262.137	4.243832	0.09382307	0.04377343	0.05004965	0.04377343
180	-225.0232	-230.3849	5.36168	0.05292645	0.03691473	0.01601172	0.03691473
190	-237.3626	-242.8479	5.485374	0.05942129	0.01719033	0.04223096	0.01719033
200	-252.4555	-255.9045	3.448962	0.1484435	0.1297811	0.01866241	0.1297811
210	-243.8117	-248.2982	4.486457	0.09888468	0.07125816	0.02762652	0.07125816
220	-234.8375	-240.0693	5.231831	0.06997769	0.04029419	0.02968351	0.04029419
230	-222.0862	-227.8035	5.717381	0.04635957	0.02836062	0.01799895	0.02836062
240	-232.8194	-237.914	5.094606	0.07191524	0.05043909	0.02147615	0.05043909
250	-239.5765	-244.5682	4.991642	0.07742205	0.04404283	0.03337922	0.04404283
260	-216.6628	-222.8705	6.207717	0.03547167	0.01526191	0.02020976	0.01526191
270	-230.6157	-236.07	5.454264	0.06246547	0.03567546	0.02679001	0.03567546
280	-236.597	-241.2542	4.657221	0.08487647	0.06641991	0.01845655	0.06641991
290	-285.7768	-286.9151	1.138276	0.3531319	0.3230223	0.03010969	0.3230223
300	-227.1675	-233.0234	5.855855	0.05098355	0.01921525	0.0317683	0.01921525
310	-286.2119	-287.3975	1.185557	0.3396965	0.3070252	0.03267132	0.3070252
320	-312.854	-312.8837	0.02970392	0.3543939	0.294565	0.05982896	0.294565
330	-272.0107	-274.0957	2.085009	0.2617196	0.2383528	0.02336686	0.2383528
340	-408.8071	-409.433	0.6258257	0.1688955	0.02288562	0.1460099	0.02288562
350	-278.8471	-281.2771	2.429998	0.1830728	0.1342484	0.04882441	0.1342484
360	-239.7455	-245.1922	5.446683	0.05906754	0.01336194	0.0457056	0.01336194
370	-227.3181	-233.0809	5.762754	0.05350544	0.02457107	0.02893437	0.02457107
380	-230.9273	-236.589	5.661739	0.05636802	0.02229605	0.03407197	0.02229605
390	-218.6211	-224.7543	6.1332	0.03923652	0.01762327	0.02161324	0.01762327
400	-229.8153	-233.9979	4.182556	0.0626274	0.05265477	0.009972623	0.05265477
410	-282.6401	-285.0858	2.445679	0.1687946	0.113367	0.05542757	0.113367
420	-268.6859	-272.6433	3.957494	0.09691336	0.03695145	0.05996192	0.03695145
430	-213.4418	-218.4639	5.022125	0.01232185	0.002281661	0.01004018	0.002281661
440	-232.1654	-237.9118	5.746411	0.05222477	0.01224364	0.03998113	0.01224364
450	-241.8162	-247.2112	5.394987	0.05828516	0.009524726	0.04876044	0.009524726
460	-227.7115	-233.6085	5.897061	0.04940325	0.01463366	0.03476959	0.01463366
470	-233.4836	-238.969	5.485337	0.04862491	0.004151903	0.04447301	0.004151903
480	-273.6296	-276.3421	2.712481	0.1723814	0.1270609	0.04532047	0.1270609
490	-210.7861	-217.083	6.296888	0.02352121	0.005173916	0.0183473	0.005173916
500	-345.0669	-343.6589	-1.408043	0.4228511	0.3417764	0.08107472	0.3417764
510	-312.1744	-312.5211	0.3466503	0.3050068	0.2411858	0.06382099	0.2411858
520	-249.0505	-253.7706	4.720049	0.08093558	0.03569927	0.04523631	0.03569927
530	-239.8691	-244.5688	4.699753	0.08962009	0.06462458	0.02499551	0.06462458
540	-388.9041	-389.0601	0.1559348	0.1892276	0.05849316	0.1307344	0.05849316
550	-223.5987	-228.4726	4.873861	0.04671037	0.03571846	0.01099191	0.03571846
560	-211.8897	-218.1204	6.230741	0.02399498	0.008471695	0.01552328	0.008471695
570	-224.0664	-229.6508	5.584447	0.05083568	0.03259631	0.01823937	0.03259631
580	-332.2437	-333.9684	1.724776	0.1491782	0.05060367	0.09857457	0.05060367
590	-264.2552	-267.4592	3.204032	0.1556849	0.1177253	0.03795962	0.1177253
600	-258.9803	-262.7796	3.799294	0.1183354	0.0757681	0.04256733	0.0757681
610	-235.9236	-241.5306	5.606968	0.05499191	0.0116132	0.04337871	0.0116132
620	-239.7291	-244.0528	4.323723	0.0961983	0.07920623	0.01699207	0.07920623
630	-211.1849	-217.5152	6.33036	0.02432897	0.006114334	0.01821464	0.006114334
640	-259.8338	-264.5643	4.730537	0.06856121	0.006277445	0.06228376	0.006277445
650	-222.5026	-228.6249	6.122259	0.04279872	0.01169046	0.03110826	0.01169046
660	-217.3257	-223.5594	6.233708	0.03491685	0.005925143	0.02899171	0.005925143
670	-245.0207	-248.1263	3.105621	0.1175075	0.1070665	0.01044103	0.1070665
680	-236.6363	-242.1749	5.538628	0.05255463	0.006562355	0.04599228	0.006562355
690	-233.4405	-238.7037	5.263186	0.06884983	0.04146812	0.02738171	0.04146812
700	-224.5137	-230.5415	6.027744	0.04586835	0.01395904	0.03190931	0.01395904
710	-211.952	-218.2807	6.328665	0.02558946	0.008003947	0.01758551	0.008003947
720	-245.8725	-249.806	3.933556	0.1189982	0.1008007	0.01819749	0.1008007
730	-231.0965	-236.6015	5.504989	0.06123259	0.03173212	0.02950046	0.03173212
740	-232.5266	-237.8426	5.31607	0.06699848	0.04009043	0.02690805	0.04009043
750	-253.0523	-257.1	4.047746	0.1133195	0.07685794	0.03646159	0.07685794
760	-240.7356	-244.732	3.996366	0.1007973	0.08664202	0.01415526	0.08664202
770	-256.1597	-259.7828	3.623149	0.140601	0.1098591	0.03074191	0.1098591
780	-242.9692	-248.052	5.082714	0.07094219	0.02830086	0.04264133	0.02830086
790	-219.5669	-225.3179	5.751011	0.04030063	0.0245723	0.01572833	0.0245723
800	-217.8882	-223.8758	5.987608	0.03733577	0.01995264	0.01738312	0.01995264
810	-313.126	-315.18	2.054003	0.1469931	0.0619889	0.0850042	0.0619889
820	-282.0119	-284.6613	2.649329	0.1532152	0.09525206	0.05796318	0.09525206
830	-397.0803	-397.1287	0.04845939	0.1906581	0.05488954	0.1357686	0.05488954
840	-257.5786	-261.0111	3.432477	0.1540776	0.1258913	0.02818638	0.1258913
850	-224.9175	-230.7297	5.81223	0.05091204	0.02590014	0.0250119	0.02590014
860	-297.7701	-299.212	1.441948	0.2224151	0.1616662	0.0607489	0.1616662
870	-248.8172	-253.1333	4.316055	0.1029769	0.06844419	0.03453268	0.06844419
880	-242.1082	-247.0343	4.926132	0.07820601	0.0410924	0.03711361	0.0410924
890	-210.5691	-216.7978	6.228643	0.02342617	0.004068329	0.01935785	0.004068329
900	-276.4823	-280.689	4.206736	0.08400086	0.0127195	0.07128136	0.0127195
910	-218.2103	-224.4443	6.234006	0.03812773	0.01400344	0.02412429	0.01400344
920	-270.3671	-272.8864	2.519367	0.2130445	0.1808801	0.03216443	0.1808801
930	-260.9008	-265.6367	4.735958	0.07184656	0.009887142	0.06195942	0.009887142
940	-267.253	-270.6872	3.434178	0.1267538	0.07723598	0.04951777	0.07723598
950	-265.056	-269.4316	4.375647	0.08366324	0.02248413	0.06117911	0.02248413
960	-222.4516	-228.0195	5.567841	0.04687979	0.03071044	0.01616934	0.03071044
970	-229.827	-235.2798	5.452755	0.06192363	0.03692631	0.02499732	0.03692631
980	-233.0943	-238.7571	5.662765	0.05533215	0.0164629	0.03886924	0.0164629
990	-226.8206	-232.6757	5.855071	0.05100706	0.0201148	0.03089227	0.0201148
1000	-264.3183	-267.5567	3.23832	0.1518755	0.1127727	0.03910284	0.1127727
1010	-254.4793	-259.187	4.707737	0.07759309	0.02456786	0.05302523	0.02456786
1020	-229.5284	-233.8176	4.28919	0.06217791	0.05181058	0.01036733	0.05181058
1030	-252.6086	-256.3702	3.761598	0.1355251	0.1092919	0.02623317	0.1092919
1040	-276.8962	-281.1283	4.232046	0.0818564	0.009512633	0.07234377	0.009512633
1050	-223.5143	-229.099	5.584627	0.04954233	0.03197698	0.01756535	0.03197698
1060	-290.3916	-292.7338	2.342254	0.1589687	0.09453162	0.06443712	0.09453162
1070	-217.6441	-223.7419	6.097728	0.03723664	0.01809664	0.01914	0.01809664
1080	-222.631	-228.3587	5.727715	0.04759488	0.02869498	0.0188999	0.02869498
1090	-250.9723	-255.3695	4.397167	0.09451883	0.05305515	0.04146368	0.05305515
1100	-218.1016	-224.134	6.032413	0.03803152	0.01957294	0.01845858	0.01957294
1110	-242.6598	-247.5565	4.896716	0.07903595	0.04155847	0.03747748	0.04155847
1120	-232.9744	-238.2531	5.278669	0.0682307	0.04144473	0.02678597	0.04144473
1130	-252.7149	-257.7113	4.996313	0.06463793	0.007437905	0.05720002	0.007437905
1140	-251.0317	-255.7042	4.672496	0.08127096	0.03379264	0.04747832	0.03379264
1150	-215.325	-221.6746	6.34957	0.0330842	0.01030066	0.02278354	0.01030066
1160	-369.8138	-370.836	1.022188	0.1618839	0.03980352	0.1220804	0.03980352
1170	-239.4049	-244.6193	5.214452	0.06825572	0.0290531	0.03920262	0.0290531
1180	-229.0859	-234.7224	5.636485	0.05721823	0.02823461	0.02898362	0.02823461
1190	-257.9206	-262.6339	4.713295	0.07553673	0.01803678	0.05749995	0.01803678
1200	-239.7376	-245.1319	5.394291	0.06135194	0.01714666	0.04420529	0.01714666
1210	-220.3204	-226.2951	5.974771	0.04265345	0.02209488	0.02055857	0.02209488
1220	-214.0563	-220.4358	6.379486	0.03080021	0.008752498	0.02204771	0.008752498
1230	-320.5469	-320.4085	-0.1383967	0.3374163	0.2694779	0.06793841	0.2694779
1240	-256.1129	-259.2086	3.095674	0.1691711	0.1515076	0.01766347	0.1515076
1250	-215.3453	-221.6808	6.335498	0.03313202	0.01109525	0.02203677	0.01109525
1260	-384.1734	-385.1116	0.9381452	0.161859	0.03045036	0.1314087	0.03045036
1270	-215.7067	-221.2438	5.537122	0.02775816	0.01664887	0.01110929	0.01664887
1280	-251.9627	-256.4221	4.45943	0.08996657	0.0452548	0.04471178	0.0452548
1290	-228.9771	-234.8405	5.863408	0.04730772	0.008165258	0.03914246	0.008165258
1300	-263.4428	-267.6093	4.166509	0.09229591	0.03586168	0.05643424	0.03586168
1310	-245.1773	-249.5458	4.368516	0.1042589	0.07705238	0.02720654	0.07705238
1320	-223.4763	-229.5282	6.051828	0.04524007	0.01519379	0.03004628	0.01519379
1330	-251.8175	-255.8705	4.052987	0.1156015	0.08197159	0.03362992	0.08197159
1340	-248.2365	-252.951	4.714513	0.081916	0.03818276	0.04373323	0.03818276
1350	-241.1657	-245.6709	4.505154	0.09682384	0.07440092	0.02242293	0.07440092
1360	-271.0018	-275.4148	4.413037	0.07715929	0.008197341	0.06896195	0.008197341
1370	-221.6921	-227.6515	5.959413	0.04513021	0.02250031	0.0226299	0.02250031
1380	-211.6134	-217.8595	6.246068	0.02354939	0.007829946	0.01571945	0.007829946
1390	-264.1158	-267.3516	3.23583	0.1528703	0.1143106	0.03855969	0.1143106
1400	-230.2452	-236.0616	5.816345	0.04843377	0.008254326	0.04017944	0.008254326
1410	-239.1471	-244.4387	5.291608	0.06551274	0.02487763	0.04063511	0.02487763
1420	-286.8235	-287.0965	0.2729132	0.4522931	0.4371463	0.01514685	0.4371463
1430	-249.0162	-253.8668	4.85057	0.07571592	0.02797309	0.04774283	0.02797309
1440	-215.0735	-221.2648	6.19133	0.03162465	0.004358904	0.02726575	0.004358904
1450	-234.5812	-240.1721	5.59095	0.05716398	0.01740389	0.03976009	0.01740389
1460	-235.1923	-240.8082	5.615873	0.05560006	0.0137136	0.04188646	0.0137136
1470	-383.7949	-383.3463	-0.4486265	0.2235799	0.1000498	0.1235301	0.1000498
1480	-302.937	-303.4008	0.4638075	0.3435857	0.2920648	0.05152087	0.2920648
1490	-253.022	-257.8848	4.862757	0.07289313	0.01927674	0.05361639	0.01927674
1500	-245.2513	-250.3224	5.071046	0.06990627	0.02371147	0.0461948	0.02371147
1510	-224.8418	-230.8372	5.995382	0.04692482	0.01563639	0.03128843	0.01563639
1520	-231.0723	-235.8473	4.77494	0.0687901	0.05422776	0.01456234	0.05422776
1530	-214.0255	-220.3835	6.357942	0.03059768	0.01001228	0.0205854	0.01001228
1540	-222.5086	-228.4695	5.960848	0.0462616	0.02192104	0.02434056	0.02192104
1550	-258.5475	-261.7015	3.153973	0.1735624	0.1510897	0.02247269	0.1510897
1560	-230.7573	-235.8648	5.107591	0.06754248	0.04890198	0.01864051	0.04890198
1570	-423.6206	-419.6497	-3.970853	0.5308911	0.4017058	0.1291853	0.4017058
1580	-255.1849	-257.8982	2.713381	0.1686548	0.1557632	0.01289163	0.1557632
1590	-217.4217	-223.6543	6.232588	0.03692495	0.01459462	0.02233032	0.01459462
1600	-257.4867	-260.6496	3.162893	0.1713389	0.1505649	0.02077393	0.1505649
1610	-212.8687	-219.1391	6.270352	0.02701039	0.0101921	0.01681829	0.0101921
1620	-312.4135	-313.3323	0.9188617	0.2312296	0.1591527	0.07207685	0.1591527
1630	-230.9192	-235.7999	4.880703	0.06843389	0.05285272	0.01558117	0.05285272
1640	-238.0185	-242.5079	4.489347	0.0900233	0.07251901	0.0175043	0.07251901
1650	-219.9355	-225.6758	5.740257	0.04118844	0.02524036	0.01594808	0.02524036
1660	-559.8241	-555.5996	-4.224479	0.341112	0.1213141	0.2197979	0.1213141
1670	-260.1107	-264.4953	4.384536	0.08606815	0.03067628	0.05539187	0.03067628
1680	-282.7607	-285.8049	3.044212	0.1263527	0.06171701	0.06463573	0.06171701
1690	-245.3611	-250.0317	4.67063	0.08723378	0.05019241	0.03704138	0.05019241
1700	-211.2579	-217.2658	6.007935	0.01908794	0.0060396	0.01304834	0.0060396
1710	-230.7177	-235.7173	4.999626	0.06779627	0.05088807	0.0169082	0.05088807
1720	-253.952	-257.1383	3.186316	0.1588655	0.1423233	0.01654224	0.1423233
1730	-220.9296	-227.0632	6.133557	0.04229724	0.01556252	0.02673473	0.01556252
1740	-279.6196	-281.401	1.781441	0.2746971	0.241278	0.03341901	0.241278
1750	-255.4109	-258.747	3.336056	0.1598021	0.138862	0.02094011	0.138862
1760	-247.3804	-251.573	4.192639	0.1126345	0.08562964	0.02700489	0.08562964
1770	-235.3646	-239.7532	4.388559	0.08193042	0.06794148	0.01398895	0.06794148
1780	-223.0731	-228.024	4.950954	0.04558207	0.03438671	0.01119536	0.03438671
1790	-291.484	-294.0091	2.525107	0.1448365	0.07669024	0.06814626	0.07669024
1800	-222.3462	-228.0652	5.719055	0.04695728	0.02859702	0.01836026	0.02859702
1810	-245.6132	-249.5457	3.932513	0.1182229	0.1003564	0.01786651	0.1003564
1820	-288.1808	-291.2046	3.023809	0.1218905	0.05150986	0.07038061	0.05150986
1830	-253.1188	-256.767	3.648215	0.1422306	0.1181147	0.02411591	0.1181147
1840	-254.5756	-259.1199	4.544255	0.08371874	0.03326487	0.05045388	0.03326487
1850	-257.4673	-262.0369	4.569663	0.08084136	0.02606313	0.05477823	0.02606313
1860	-250.6884	-254.1475	3.459095	0.1420629	0.1253205	0.01674239	0.1253205
1870	-296.1136	-295.4675	-0.6460934	0.5989681	0.5843422	0.0146259	0.5843422
1880	-243.4685	-248.5083	5.039781	0.07226318	0.02970825	0.04255493	0.02970825
1890	-232.3544	-238.027	5.672583	0.05540478	0.01783139	0.0375734	0.01783139
1900	-239.3579	-244.2253	4.867458	0.08305624	0.05410232	0.02895392	0.05410232
1910	-315.7374	-318.1134	2.37603	0.1314246	0.04151047	0.08991413	0.04151047
1920	-257.3365	-262.0358	4.699334	0.06559552	0.004477894	0.06111763	0.004477894
1930	-223.7796	-229.3702	5.590585	0.05017297	0.03219026	0.01798272	0.03219026
1940	-218.5152	-224.3738	5.858531	0.03819928	0.02208317	0.0161161	0.02208317
1950	-280.6716	-284.3177	3.646074	0.1014998	0.03214946	0.06935032	0.03214946
1960	-251.7458	-255.2763	3.530438	0.1443407	0.125236	0.01910469	0.125236
1970	-220.8954	-224.4523	3.556982	0.008287416	0.001900805	0.006386611	0.001900805
1980	-227.2067	-233.1064	5.899643	0.04956468	0.01603184	0.03353284	0.01603184
1990	-231.8315	-236.9266	5.095098	0.07001833	0.05011367	0.01990466	0.05011367
2000	-222.8751	-228.5482	5.673118	0.04812864	0.02988667	0.01824197	0.02988667
2010	-211.8338	-217.0055	5.171645	0.01368594	0.001915126	0.01177081	0.001915126
2020	-222.9302	-228.8847	5.954529	0.04682518	0.02176241	0.02506277	0.02176241
2030	-228.66	-233.9363	5.27629	0.06194067	0.0430952	0.01884546	0.0430952
2040	-220.4392	-225.7781	5.338979	0.04024946	0.02787242	0.01237705	0.02787242
2050	-309.0122	-306.7365	-2.275716	0.8889952	0.8771082	0.011887	0.8771082
2060	-212.1028	-218.1453	6.042584	0.02679689	0.002942082	0.02385481	0.002942082
2070	-256.5352	-260.1465	3.611366	0.1407085	0.1093769	0.03133159	0.1093769
2080	-239.5956	-243.5415	3.945824	0.09653964	0.08354657	0.01299307	0.08354657
2090	-236.2098	-241.7124	5.502571	0.05949698	0.01901223	0.04048475	0.01901223
2100	-267.9383	-270.4617	2.523376	0.2214059	0.1953902	0.02601569	0.1953902
2110	-239.469	-244.3401	4.87113	0.08285701	0.05351725	0.02933976	0.05351725
2120	-236.6789	-242.0279	5.348978	0.06482545	0.02753082	0.03729462	0.02753082
2130	-279.4155	-282.7048	3.289303	0.1174318	0.05355392	0.06387787	0.05355392
2140	-359.4484	-359.9356	0.4871314	0.1901689	0.07885625	0.1113126	0.07885625
2150	-298.113	-301.4555	3.34256	0.1048333	0.02220486	0.08262844	0.02220486
2160	-219.4679	-224.5658	5.097903	0.03584802	0.02545518	0.01039284	0.02545518
2170	-211.7551	-217.3542	5.599134	0.01498099	0.00358199	0.011399	0.00358199
2180	-226.3281	-231.9633	5.63518	0.05494459	0.03203547	0.02290912	0.03203547
2190	-309.3198	-309.3012	-0.01860651	0.3910087	0.3376243	0.05338442	0.3376243
2200	-214.45	-220.3332	5.883227	0.03005319	0.002608921	0.02744427	0.002608921
2210	-240.1529	-244.5835	4.430603	0.09630235	0.07709647	0.01920588	0.07709647
2220	-230.5275	-236.175	5.647437	0.04661202	0.00464269	0.04196933	0.00464269
2230	-234.1362	-238.3621	4.225931	0.07740688	0.06539326	0.01201362	0.06539326
2240	-212.3502	-218.511	6.160861	0.02425482	0.009554017	0.0147008	0.009554017
2250	-372.2888	-374.0481	1.759317	0.137587	0.009989927	0.1275971	0.009989927
2260	-260.464	-263.2684	2.804404	0.1933039	0.1747264	0.01857742	0.1747264
2270	-279.3108	-281.075	1.764223	0.2799334	0.2478666	0.03206677	0.2478666
2280	-230.6519	-236.2806	5.6287	0.05748673	0.02509023	0.03239651	0.02509023
2290	-262.8419	-266.4675	3.625647	0.1224345	0.0765666	0.04586789	0.0765666
2300	-215.7171	-221.8232	6.106152	0.03223511	0.003855861	0.02837925	0.003855861
2310	-229.831	-235.6692	5.838154	0.05008487	0.0120552	0.03802967	0.0120552
2320	-278.791	-282.4881	3.697069	0.1006321	0.03265344	0.06797861	0.03265344
2330	-210.6072	-216.8623	6.255184	0.02217671	0.005295237	0.01688147	0.005295237
2340	-216.1769	-222.5155	6.338648	0.03436898	0.009621162	0.02474782	0.009621162
2350	-213.1662	-219.1912	6.024953	0.02849193	0.002982365	0.02550957	0.002982365
2360	-322.1406	-324.9135	2.772853	0.1162998	0.01855003	0.09774973	0.01855003
2370	-214.711	-220.8777	6.166729	0.03104624	0.004053073	0.02699316	0.004053073
2380	-221.1808	-227.3559	6.175123	0.04093165	0.0105823	0.03034935	0.0105823
2390	-217.8878	-224.1748	6.287007	0.03696966	0.01061476	0.0263549	0.01061476
2400	-255.9774	-259.6462	3.668825	0.1370579	0.1052857	0.0317722	0.1052857
2410	-232.7649	-238.3686	5.60369	0.05765727	0.02132057	0.0363367	0.02132057
2420	-247.3564	-251.7701	4.413783	0.09916004	0.0651193	0.03404074	0.0651193
2430	-242.7065	-247.44	4.733479	0.08702636	0.05421169	0.03281468	0.05421169
2440	-276.9379	-280.7227	3.784731	0.09842514	0.03140542	0.06701972	0.03140542
2450	-441.8049	-441.8361	0.03126623	0.184859	0.02062631	0.1642327	0.02062631
2460	-236.9296	-241.207	4.277391	0.08715344	0.07309047	0.01406297	0.07309047
2470	-209.9002	-215.5456	5.645421	0.0176639	0.00212874	0.01553516	0.00212874
2480	-227.6044	-233.3301	5.725721	0.05450335	0.02610995	0.0283934	0.02610995
2490	-237.3367	-242.5924	5.255746	0.06796794	0.03187116	0.03609678	0.03187116
2500	-232.7294	-237.4252	4.695859	0.07372382	0.05867758	0.01504624	0.05867758
2510	-225.3482	-231.3484	6.000158	0.04654968	0.01353734	0.03301234	0.01353734
2520	-248.3847	-253.2978	4.913106	0.07377985	0.02581853	0.04796133	0.02581853
2530	-225.6553	-231.6546	5.999386	0.04470704	0.0088812	0.03582584	0.0088812
2540	-244.949	-249.2221	4.27308	0.1085047	0.08461794	0.02388674	0.08461794
2550	-272.1286	-274.819	2.690368	0.1812817	0.139661	0.04162073	0.139661
2560	-268.3523	-272.4731	4.120839	0.09089783	0.02922324	0.0616746	0.02922324
2570	-326.0461	-326.9969	0.9507842	0.1985672	0.1118187	0.08674856	0.1118187
2580	-222.3628	-228.4254	6.062552	0.04460548	0.0170867	0.02751878	0.0170867
2590	-249.0659	-253.603	4.537121	0.08955045	0.04837677	0.04117367	0.04837677
2600	-216.0045	-222.2821	6.277541	0.03430703	0.01321215	0.02109488	0.01321215
2610	-223.5297	-229.3275	5.797828	0.04914629	0.0273012	0.02184509	0.0273012
2620	-252.2286	-256.6818	4.453222	0.08996564	0.04492649	0.04503914	0.04492649
2630	-212.2546	-218.6088	6.354169	0.02665129	0.008129556	0.01852173	0.008129556
2640	-247.909	-252.4488	4.539802	0.0909371	0.05202242	0.03891468	0.05202242
2650	-268.8232	-273.1356	4.312406	0.08407392	0.01954519	0.06452872	0.01954519
2660	-238.7979	-243.6514	4.85347	0.08370787	0.05653165	0.02717622	0.05653165
2670	-248.5622	-252.7417	4.179487	0.1123732	0.08286477	0.02950845	0.08286477
2680	-261.0425	-264.5502	3.50775	0.1367718	0.09752381	0.039248	0.09752381
2690	-259.6597	-263.4143	3.754559	0.120099	0.07728062	0.04281843	0.07728062
2700	-223.4814	-228.9729	5.491467	0.04927142	0.03308583	0.01618559	0.03308583
2710	-429.7896	-430.361	0.571384	0.1673475	0.008182275	0.1591653	0.008182275
2720	-235.588	-240.6133	5.025363	0.07678921	0.05171774	0.02507147	0.05171774
2730	-257.6924	-262.498	4.805504	0.07210711	0.01333877	0.05876834	0.01333877
2740	-258.337	-262.0542	3.717232	0.1263322	0.08729394	0.0390383	0.08729394
2750	-230.6303	-236.2552	5.624966	0.05760668	0.0253787	0.03222798	0.0253787
2760	-211.0502	-217.3365	6.286304	0.02312309	0.006368238	0.01675486	0.006368238
2770	-265.208	-269.2699	4.061881	0.09524384	0.03809059	0.05715326	0.03809059
2780	-223.8936	-229.1813	5.287775	0.04963955	0.03541224	0.0142273	0.03541224
2790	-252.0723	-256.5595	4.487207	0.08849621	0.04301024	0.04548596	0.04301024
2800	-213.0562	-219.4421	6.385898	0.02886114	0.007923143	0.02093799	0.007923143
2810	-279.5569	-283.6739	4.117054	0.08572919	0.01243853	0.07329065	0.01243853
2820	-217.7885	-224.0746	6.286097	0.03696022	0.01115387	0.02580635	0.01115387
2830	-222.5667	-225.796	3.229379	0.03433509	0.02859891	0.005736174	0.02859891
2840	-232.3813	-238.1144	5.733109	0.05273886	0.01284776	0.03989109	0.01284776
2850	-213.7034	-220.0811	6.377685	0.03016076	0.007072936	0.02308783	0.007072936
2860	-219.3762	-225.6159	6.239768	0.03875613	0.01029136	0.02846477	0.01029136
2870	-236.2861	-240.4821	4.196018	0.08483256	0.07186451	0.01296805	0.07186451
2880	-230.9188	-236.6891	5.770268	0.05246005	0.01474051	0.03771954	0.01474051
2890	-235.3646	-240.631	5.266335	0.06858067	0.03657499	0.03200568	0.03657499
2900	-246.6513	-251.553	4.901729	0.07539454	0.03038732	0.04500722	0.03038732
2910	-216.5222	-222.7084	6.186185	0.0351014	0.01564656	0.01945484	0.01564656
2920	-233.0717	-238.6948	5.623078	0.05683091	0.01925523	0.03757568	0.01925523
2930	-217.8678	-223.504	5.636221	0.0349966	0.02185641	0.01314019	0.02185641
2940	-259.6059	-264.2882	4.68237	0.07572648	0.01663551	0.05909096	0.01663551
2950	-231.0956	-236.8325	5.736841	0.04809241	0.006377031	0.04171538	0.006377031
2960	-230.6825	-235.8557	5.173163	0.06696587	0.04721812	0.01974775	0.04721812
2970	-280.9908	-284.153	3.162211	0.1221613	0.05807672	0.06408459	0.05807672
2980	-272.6811	-275.0679	2.386817	0.219778	0.1857198	0.0340582	0.1857198
2990	-233.1536	-238.7249	5.571273	0.04883258	0.004876128	0.04395646	0.004876128
3000	-283.4471	-284.7886	1.34146	0.3297108	0.2996411	0.03006966	0.2996411
3010	-239.2502	-244.6362	5.386094	0.05375	0.005362818	0.04838718	0.005362818
3020	-219.0455	-224.6673	5.621759	0.03815567	0.02430756	0.0138481	0.02430756
3030	-276.3888	-280.638	4.249127	0.08113529	0.00897688	0.07215841	0.00897688
3040	-228.7499	-234.4924	5.742507	0.05423292	0.02257587	0.03165705	0.02257587
3050	-226.4667	-232.246	5.779235	0.05275331	0.02528015	0.02747316	0.02528015
3060	-228.7168	-234.4309	5.714033	0.05505087	0.02441359	0.03063729	0.02441359
3070	-266.9406	-271.0847	4.14416	0.09084866	0.0304901	0.06035857	0.0304901
3080	-232.8069	-237.7453	4.938392	0.07337744	0.05499735	0.01838009	0.05499735
3090	-212.766	-219.1409	6.37493	0.02843357	0.006386627	0.02204694	0.006386627
3100	-237.7168	-242.9109	5.194045	0.07016043	0.03499373	0.0351667	0.03499373
3110	-218.7498	-223.6866	4.936809	0.03253208	0.02318547	0.009346612	0.02318547
3120	-226.4674	-231.2578	4.790398	0.05487091	0.04302405	0.01184686	0.04302405
3130	-243.4489	-248.4562	5.007356	0.07356904	0.0317882	0.04178084	0.0317882
3140	-256.8318	-259.9776	3.14582	0.1702775	0.1508512	0.01942625	0.1508512
3150	-242.0965	-247.477	5.380495	0.05947086	0.01108589	0.04838497	0.01108589
3160	-213.3246	-219.6338	6.309257	0.02856869	0.01045683	0.01811186	0.01045683
3170	-295.6337	-299.0532	3.419459	0.1031642	0.02203096	0.08113319	0.02203096
3180	-223.275	-229.3366	6.061562	0.04494132	0.01500919	0.02993212	0.01500919
3190	-220.0398	-225.4277	5.387887	0.03942492	0.02691724	0.01250768	0.02691724
3200	-237.4993	-242.5556	5.056364	0.07589987	0.04541869	0.03048117	0.04541869
3210	-233.2788	-238.5961	5.317348	0.06715494	0.03845701	0.02869793	0.03845701
3220	-265.6575	-269.6922	4.034714	0.09602413	0.03869489	0.05732924	0.03869489
3230	-219.9818	-226.1665	6.184698	0.04065677	0.01415855	0.02649823	0.01415855
3240	-235.1611	-240.5101	5.349068	0.06560209	0.03155393	0.03404816	0.03155393
3250	-269.4482	-271.3343	1.886065	0.2632354	0.2471084	0.01612704	0.2471084
3260	-226.2884	-232.1541	5.865685	0.05065712	0.02068709	0.02997003	0.02068709
3270	-300.6491	-301.789	1.139873	0.2477908	0.1877997	0.05999111	0.1877997
3280	-252.9281	-255.5629	2.634802	0.1563132	0.145085	0.01122819	0.145085
3290	-228.0634	-233.976	5.912621	0.04771095	0.01051001	0.03720094	0.01051001
3300	-232.7005	-238.3422	5.641678	0.04894739	0.005643976	0.04330341	0.005643976
3310	-225.5041	-231.4104	5.906319	0.04945052	0.01995261	0.02949791	0.01995261
3320	-242.007	-245.9795	3.972488	0.1055152	0.0906408	0.01487441	0.0906408
3330	-227.0162	-232.8805	5.864337	0.0443678	0.00581286	0.03855494	0.00581286
3340	-246.7693	-250.9703	4.201036	0.1123557	0.08653371	0.02582196	0.08653371
3350	-259.4292	-263.4253	3.996061	0.1047482	0.05697852	0.04776969	0.05697852
3360	-229.2389	-234.8227	5.583804	0.05861035	0.03094956	0.02766079	0.03094956
3370	-229.6715	-235.4038	5.73228	0.05441485	0.0209395	0.03347534	0.0209395
3380	-258.3199	-262.7778	4.457865	0.08445168	0.03026951	0.05418217	0.03026951
3390	-213.5029	-219.388	5.885085	0.02428016	0.01184201	0.01243815	0.01184201
3400	-265.3037	-268.6082	3.304497	0.1421668	0.09914312	0.04302363	0.09914312
3410	-235.058	-240.0497	4.991677	0.07707889	0.05402044	0.02305845	0.05402044
3420	-211.484	-217.8068	6.32285	0.02453632	0.007091105	0.01744521	0.007091105
3430	-215.7401	-221.9514	6.21129	0.03348093	0.01458706	0.01889387	0.01458706
3440	-231.3328	-237.1182	5.785406	0.05083769	0.01099843	0.03983927	0.01099843
3450	-253.7956	-258.041	4.245451	0.09893748	0.05569655	0.04324093	0.05569655
3460	-216.0232	-222.2877	6.264482	0.03325382	0.005667173	0.02758665	0.005667173
3470	-234.8002	-239.9463	5.146157	0.07282897	0.04591623	0.02691274	0.04591623
3480	-239.6683	-245.0261	5.357792	0.06277528	0.01959511	0.04318017	0.01959511
3490	-226.7879	-231.9893	5.201319	0.04173467	0.002022486	0.03971218	0.002022486
3500	-372.6529	-372.7512	0.09833824	0.2011092	0.08235693	0.1187523	0.08235693
3510	-237.4623	-242.3485	4.886254	0.08211996	0.05699202	0.02512794	0.05699202
3520	-222.7051	-228.8154	6.110274	0.04328421	0.01236822	0.03091599	0.01236822
3530	-240.7114	-245.5151	4.803742	0.0852444	0.05503878	0.03020561	0.05503878
3540	-221.1705	-227.1499	5.979386	0.04417465	0.02199859	0.02217606	0.02199859
3550	-216.009	-222.3481	6.339123	0.03386747	0.008183214	0.02568425	0.008183214
3560	-289.4514	-291.27	1.818623	0.2108124	0.1561016	0.05471086	0.1561016
3570	-285.8375	-289.1227	3.285163	0.1123215	0.04154027	0.07078126	0.04154027
3580	-293.9137	-297.3162	3.402416	0.1042688	0.02478499	0.07948385	0.02478499
3590	-220.6804	-226.497	5.816586	0.04329444	0.02537285	0.01792159	0.02537285
3600	-228.7752	-233.8425	5.067297	0.06251347	0.04663893	0.01587454	0.04663893
3610	-213.8494	-220.1523	6.302818	0.02975149	0.01120084	0.01855065	0.01120084
3620	-230.6158	-236.3737	5.757899	0.05317112	0.01664443	0.03652669	0.01664443
3630	-222.6488	-228.3048	5.655918	0.04758379	0.02991024	0.01767355	0.02991024
3640	-244.5052	-249.0162	4.510959	0.0971189	0.06699892	0.03011998	0.06699892
3650	-265.5919	-269.0934	3.501529	0.1254461	0.07736936	0.04807671	0.07736936
3660	-279.2519	-280.8025	1.550638	0.3153062	0.2897462	0.02555995	0.2897462
3670	-256.5435	-260.5201	3.976581	0.1109718	0.06887708	0.04209471	0.06887708
3680	-237.4771	-242.6655	5.188382	0.07053651	0.03606344	0.03447306	0.03606344
3690	-232.7576	-237.9969	5.239313	0.06911753	0.0439894	0.02512813	0.0439894
3700	-224.6993	-230.4707	5.771389	0.04125211	0.003847018	0.03740509	0.003847018
3710	-221.6921	-227.7758	6.083659	0.04375151	0.01709706	0.02665445	0.01709706
3720	-233.0583	-238.2129	5.154597	0.07126616	0.04786578	0.02340038	0.04786578
3730	-313.2721	-314.2057	0.9336111	0.2272438	0.1539834	0.07326035	0.1539834
3740	-213.7415	-219.8476	6.106158	0.02750602	0.01256732	0.0149387	0.01256732
3750	-229.8185	-235.3094	5.490913	0.0611131	0.03500399	0.02610911	0.03500399
3760	-272.0909	-275.7187	3.627841	0.1084502	0.04883894	0.05961125	0.04883894
3770	-243.4298	-247.3295	3.899709	0.1110011	0.09573884	0.0152623	0.09573884
3780	-257.9048	-262.7138	4.809	0.06765284	0.006776638	0.0608762	0.006776638
3790	-220.1827	-226.2634	6.080707	0.04203651	0.01891135	0.02312516	0.01891135
3800	-287.361	-290.4906	3.129581	0.1177985	0.04711672	0.0706818	0.04711672
3810	-209.7902	-215.5434	5.753233	0.01856833	0.002294661	0.01627367	0.002294661
3820	-307.5428	-310.6785	3.135661	0.1086423	0.0197909	0.08885141	0.0197909
3830	-220.9866	-226.3112	5.324657	0.04171205	0.02911736	0.01259469	0.02911736
3840	-236.4585	-241.3812	4.922693	0.08027886	0.05625508	0.02402378	0.05625508
3850	-259.0865	-261.6091	2.522619	0.1914545	0.1775691	0.01388538	0.1775691
3860	-237.5827	-242.6721	5.089374	0.07451197	0.04279524	0.03171674	0.04279524
3870	-238.7929	-243.0619	4.268984	0.09346377	0.07804617	0.0154176	0.07804617
3880	-229.1748	-233.6598	4.484959	0.06191027	0.05064985	0.01126042	0.05064985
3890	-230.7381	-236.4491	5.711036	0.05478883	0.01956654	0.03522229	0.01956654
3900	-211.3993	-216.806	5.406696	0.01445413	0.002340314	0.01211382	0.002340314
3910	-241.6869	-246.7115	5.024578	0.07424538	0.03539089	0.03885449	0.03539089
3920	-239.5795	-244.5235	4.943973	0.07955886	0.04764248	0.03191637	0.04764248
3930	-228.1059	-233.3738	5.267884	0.06067258	0.04267795	0.01799463	0.04267795
3940	-222.0801	-227.5649	5.484781	0.03785637	0.002268222	0.03558815	0.002268222
3950	-240.8428	-245.921	5.078146	0.07267152	0.03412191	0.03854961	0.03412191
3960	-216.6295	-222.6465	6.016984	0.03440354	0.01797721	0.01642633	0.01797721
3970	-231.4035	-236.397	4.993511	0.06960401	0.05203031	0.01757369	0.05203031
3980	-279.197	-281.9973	2.800374	0.1478192	0.09138359	0.05643562	0.09138359
3990	-221.5542	-227.6641	6.10993	0.04317003	0.01580091	0.02736913	0.01580091
4000	-255.6013	-260.0556	4.454351	0.08660227	0.03622141	0.05038085	0.03622141
4010	-244.0495	-248.4496	4.400104	0.1028665	0.07733028	0.02553624	0.07733028
4020	-231.5762	-237.0473	5.471129	0.06227955	0.03272704	0.02955251	0.03272704
4030	-255.6732	-258.8343	3.161089	0.1660411	0.1479154	0.01812571	0.1479154
4040	-258.1698	-262.6677	4.497854	0.08304709	0.02845092	0.05459617	0.02845092
4050	-268.0388	-272.4185	4.379791	0.08213337	0.0176082	0.06452517	0.0176082
4060	-232.6703	-238.2071	5.536758	0.05997664	0.02585789	0.03411875	0.02585789
4070	-260.4629	-263.3161	2.853221	0.1916022	0.172188	0.01941414	0.172188
4080	-326.2458	-327.1248	0.8789905	0.2036393	0.1174018	0.08623749	0.1174018
4090	-225.3788	-230.4281	5.049297	0.05281621	0.0397	0.01311622	0.0397
4100	-226.6183	-232.2198	5.601582	0.05573932	0.03314851	0.02259081	0.03314851
4110	-209.8109	-215.33	5.519057	0.01829749	0.001777418	0.01652007	0.001777418
4120	-240.7185	-245.8118	5.09335	0.07214039	0.0334466	0.03869378	0.0334466
4130	-293.6564	-294.3507	0.6942592	0.3796584	0.3421071	0.03755134	0.3421071
4140	-248.5422	-252.8613	4.319017	0.1032532	0.06929313	0.03396006	0.06929313
4150	-247.6515	-251.8522	4.200697	0.112004	0.08408475	0.02791929	0.08408475
4160	-336.9941	-339.2803	2.286165	0.1118669	0.003125579	0.1087414	0.003125579
4170	-229.2036	-234.0787	4.875125	0.06341066	0.04925594	0.01415472	0.04925594
4180	-237.9313	-242.3341	4.402743	0.04966015	0.001407221	0.04825293	0.001407221
4190	-210.5591	-216.2789	5.719762	0.02310663	0.001963248	0.02114338	0.001963248
4200	-293.9712	-294.0228	0.05162841	0.5209846	0.4995473	0.02143731	0.4995473
4210	-436.0571	-435.7339	-0.3232528	0.1959028	0.0365328	0.15937	0.0365328
4220	-231.7857	-236.3548	4.569133	0.07057446	0.057374	0.01320046	0.057374
4230	-252.6936	-257.5903	4.896681	0.07185802	0.01810362	0.0537544	0.01810362
4240	-274.6209	-276.5301	1.909217	0.2785805	0.2540601	0.02452041	0.2540601
4250	-215.3997	-221.6724	6.272677	0.03304573	0.01311934	0.01992639	0.01311934
4260	-224.9828	-230.9731	5.990298	0.04317224	0.006992019	0.03618022	0.006992019
4270	-212.5966	-218.9116	6.315016	0.02688756	0.009306516	0.01758105	0.009306516
4280	-234.3807	-239.173	4.792313	0.07820007	0.06026875	0.01793131	0.06026875
4290	-245.3593	-250.2358	4.876445	0.07745771	0.03522464	0.04223307	0.03522464
4300	-336.3318	-334.3275	-2.004308	0.6295377	0.5667568	0.06278087	0.5667568
4310	-222.2048	-228.0207	5.815928	0.04661565	0.02657612	0.02003953	0.02657612
4320	-233.2907	-238.464	5.173291	0.07112563	0.04674327	0.02438236	0.04674327
4330	-229.1706	-233.6153	4.444739	0.06172085	0.0506899	0.01103095	0.0506899
4340	-245.8528	-250.3861	4.533328	0.09419895	0.06006753	0.03413142	0.06006753
4350	-277.544	-281.1467	3.602698	0.1050269	0.03942693	0.06559999	0.03942693
4360	-214.004	-220.1221	6.118033	0.02835342	0.01303403	0.01531939	0.01303403
4370	-221.4832	-227.6008	6.117573	0.04297189	0.01545967	0.02751222	0.01545967
4380	-216.645	-222.9556	6.310639	0.03534633	0.0114792	0.02386713	0.0114792
4390	-217.9463	-224.2333	6.286962	0.03670806	0.009310055	0.027398	0.009310055
4400	-255.0631	-259.041	3.977892	0.1140076	0.07498034	0.03902725	0.07498034
4410	-222.2579	-227.329	5.07109	0.04387592	0.03234384	0.01153208	0.03234384
4420	-218.3679	-224.5176	6.149716	0.03580587	0.005170883	0.03063499	0.005170883
4430	-225.5449	-231.5081	5.963233	0.04785751	0.01605805	0.03179947	0.01605805
4440	-323.5572	-326.4731	2.915869	0.107175	0.006450935	0.1007241	0.006450935
4450	-223.2056	-228.4055	5.199866	0.04730167	0.03432633	0.01297534	0.03432633
4460	-284.7414	-288.7403	3.998868	0.0858117	0.008337408	0.07747429	0.008337408
4470	-325.0541	-326.8872	1.83314	0.1486484	0.05512682	0.09352155	0.05512682
4480	-271.7637	-276.1202	4.356483	0.08088439	0.01258027	0.06830412	0.01258027
4490	-345.1721	-346.6291	1.45696	0.1539409	0.04714724	0.1067936	0.04714724
4500	-226.8467	-232.6474	5.800671	0.05242912	0.02334959	0.02907952	0.02334959
4510	-222.9433	-226.944	4.000686	0.03982794	0.03239005	0.00743789	0.03239005
4520	-220.8474	-227.0243	6.176959	0.04120101	0.01242198	0.02877903	0.01242198
4530	-219.7912	-225.9798	6.188574	0.04043519	0.0142761	0.02615909	0.0142761
4540	-253.4949	-258.4178	4.922867	0.07036354	0.0150543	0.05530924	0.0150543
4550	-218.5465	-224.7056	6.159156	0.03904336	0.01681735	0.02222601	0.01681735
4560	-210.2231	-215.928	5.704882	0.02209845	0.001944652	0.0201538	0.001944652
4570	-246.9382	-252.0046	5.066419	0.06906457	0.02036444	0.04870013	0.02036444
4580	-218.5319	-224.073	5.541187	0.0361875	0.02340977	0.01277772	0.02340977
4590	-229.7124	-235.555	5.842632	0.04998906	0.01207465	0.03791441	0.01207465
4600	-274.0316	-277.8118	3.780166	0.1003066	0.03645743	0.06384919	0.03645743
4610	-219.1527	-225.4002	6.247491	0.0383235	0.009767545	0.02855595	0.009767545
4620	-231.068	-234.7434	3.675411	0.06445189	0.05603482	0.008417068	0.05603482
4630	-237.0024	-241.5499	4.547485	0.08676038	0.06953328	0.0172271	0.06953328
4640	-291.8022	-292.655	0.8527785	0.3612004	0.323845	0.03735538	0.323845
4650	-233.1452	-238.8079	5.66272	0.05529956	0.01632069	0.03897886	0.01632069
4660	-277.1663	-278.8556	1.689331	0.3013013	0.2768374	0.02446394	0.2768374
4670	-250.6689	-254.8342	4.165249	0.1097961	0.07545862	0.03433746	0.07545862
4680	-271.9469	-275.6251	3.678232	0.1062416	0.04611283	0.06012874	0.04611283
4690	-255.215	-259.1108	3.895817	0.1198932	0.08286914	0.03702406	0.08286914
4700	-328.6737	-327.3372	-1.336545	0.5252992	0.4636384	0.06166078	0.4636384
4710	-310.7361	-313.0355	2.299434	0.1373879	0.05238955	0.08499839	0.05238955
4720	-230.1279	-235.4829	5.354979	0.06397594	0.04104884	0.02292711	0.04104884
4730	-224.82	-228.3526	3.532668	0.04327346	0.03657071	0.006702757	0.03657071
4740	-252.797	-256.3752	3.578176	0.1452358	0.1235067	0.02172911	0.1235067
4750	-246.03	-250.0552	4.025173	0.1177071	0.09766339	0.0200437	0.09766339
4760	-234.973	-240.5945	5.621537	0.05555733	0.01396037	0.04159696	0.01396037
4770	-267.6079	-271.8389	4.230934	0.08739804	0.02518899	0.06220904	0.02518899
4780	-254.1327	-257.618	3.485316	0.1512449	0.1292325	0.02201241	0.1292325
4790	-313.2026	-311.9003	-1.302372	0.7356109	0.7022858	0.03332504	0.7022858
4800	-254.3747	-258.2376	3.862925	0.1246208	0.09065035	0.03397046	0.09065035
4810	-251.3408	-255.4554	4.114535	0.1120726	0.07767758	0.03439506	0.07767758
4820	-240.0656	-244.6407	4.575122	0.09344543	0.07135136	0.02209407	0.07135136
4830	-247.415	-251.5844	4.169386	0.1138802	0.08751083	0.02636932	0.08751083
4840	-228.6155	-234.0845	5.469018	0.06024283	0.03726839	0.02297444	0.03726839
4850	-334.7039	-329.9893	-4.714657	1.825599	1.811558	0.01404009	1.811558
4860	-219.6441	-225.86	6.215934	0.03977257	0.01256738	0.0272052	0.01256738
4870	-253.2423	-257.0321	3.789811	0.1328635	0.1041798	0.02868362	0.1041798
4880	-265.6503	-268.7766	3.126365	0.158649	0.1196586	0.0389904	0.1196586
4890	-258.3027	-262.4744	4.171651	0.09686568	0.04750968	0.049356	0.04750968
4900	-218.6599	-224.4029	5.743043	0.03788783	0.02307958	0.01480825	0.02307958
4910	-255.9092	-260.1899	4.280707	0.0942282	0.04657367	0.04765454	0.04657367
4920	-225.7855	-231.3423	5.556826	0.05460641	0.03447756	0.02012884	0.03447756
4930	-219.4008	-223.8927	4.491946	0.0315155	0.0235744	0.007941102	0.0235744
4940	-220.2259	-225.0971	4.871155	0.03662954	0.02701872	0.009610819	0.02701872
4950	-290.4744	-293.8496	3.37521	0.1064811	0.03034008	0.07614097	0.03034008
4960	-237.5058	-242.9109	5.405093	0.06231543	0.02191883	0.0403966	0.02191883
4970	-264.6049	-268.727	4.122159	0.09323057	0.03597257	0.057258	0.03597257
4980	-259.9932	-263.7097	3.716512	0.1221872	0.07964351	0.04254369	0.07964351
4990	-264.9616	-269.0723	4.110756	0.09342942	0.03588928	0.05754014	0.03588928
5000	-243.0023	-247.5735	4.571284	0.09508166	0.06672579	0.02835588	0.06672579
5010	-238.9093	-244.3011	5.391786	0.06197916	0.01932332	0.04265583	0.01932332
5020	-226.0202	-231.8812	5.860962	0.05070799	0.02155374	0.02915425	0.02155374
5030	-224.3214	-230.3777	6.056386	0.04436755	0.01093452	0.03343303	0.01093452
5040	-237.3248	-242.8444	5.519624	0.05803838	0.01488555	0.04315283	0.01488555
5050	-263.905	-266.7961	2.891075	0.1916348	0.1645022	0.02713261	0.1645022
5060	-224.7543	-230.791	6.036702	0.04401778	0.009219734	0.03479805	0.009219734
5070	-279.5333	-281.9931	2.459807	0.1773129	0.126648	0.05066483	0.126648
5080	-254.175	-258.1345	3.95946	0.1174257	0.08095536	0.03647039	0.08095536
5090	-253.3086	-257.7034	4.394857	0.09159667	0.04593888	0.04565779	0.04593888
5100	-247.3185	-251.2212	3.90273	0.1235862	0.1039838	0.01960233	0.1039838
5110	-218.8541	-225.0362	6.182144	0.03941548	0.01579891	0.02361656	0.01579891
5120	-218.7376	-224.8212	6.083547	0.03949502	0.01897246	0.02052256	0.01897246
5130	-250.4777	-254.5124	4.034764	0.1194095	0.08977409	0.02963537	0.08977409
5140	-231.029	-236.8224	5.793376	0.04943615	0.008886577	0.04054958	0.008886577
5150	-216.3544	-220.8493	4.494906	0.01797981	0.01102766	0.006952146	0.01102766
5160	-227.263	-233.0342	5.771204	0.05328022	0.02419596	0.02908426	0.02419596
5170	-223.891	-229.2625	5.371516	0.04995971	0.03485528	0.01510443	0.03485528
5180	-245.3227	-250.5104	5.187609	0.05828519	0.005622463	0.05266273	0.005622463
5190	-210.4259	-216.613	6.187157	0.02304175	0.003742323	0.01929942	0.003742323
5200	-249.2021	-253.697	4.49496	0.09161519	0.05121876	0.04039643	0.05121876
5210	-303.9401	-304.4744	0.5342766	0.3228927	0.2683167	0.05457598	0.2683167
5220	-331.4661	-331.7069	0.2407583	0.2488312	0.1639552	0.08487601	0.1639552
5230	-215.4493	-221.7805	6.331202	0.03332077	0.01126612	0.02205466	0.01126612
5240	-252.0867	-256.374	4.287319	0.09916474	0.05822208	0.04094266	0.05822208
5250	-284.4903	-288.3678	3.877472	0.09217554	0.01684161	0.07533393	0.01684161
5260	-214.8625	-221.1954	6.332951	0.03188449	0.006380345	0.02550414	0.006380345
5270	-298.58	-299.8605	1.280495	0.238678	0.1793938	0.0592842	0.1793938
5280	-271.8058	-275.0997	3.293948	0.1275299	0.07348783	0.05404211	0.07348783
5290	-275.8906	-278.6012	2.710554	0.1644706	0.1149748	0.04949586	0.1149748
5300	-238.4291	-242.9694	4.540335	0.09066309	0.07183345	0.01882964	0.07183345
5310	-257.5559	-260.9266	3.370731	0.1591275	0.1329183	0.02620927	0.1329183
5320	-224.2308	-230.1076	5.876766	0.04124662	0.004567159	0.03667946	0.004567159
5330	-328.3468	-330.9872	2.640397	0.1190195	0.01745313	0.1015663	0.01745313
5340	-243.6618	-248.4252	4.763437	0.08444507	0.04851791	0.03592717	0.04851791
5350	-227.4167	-232.5079	5.091233	0.0587821	0.04381527	0.01496682	0.04381527
5360	-254.885	-259.2434	4.358418	0.09159194	0.04406774	0.0475242	0.04406774
5370	-219.4788	-225.3029	5.82411	0.04043602	0.0237959	0.01664012	0.0237959
5380	-231.6299	-236.9473	5.317371	0.06637854	0.04142448	0.02495406	0.04142448
5390	-213.2338	-219.5743	6.340536	0.02868731	0.009804503	0.01888281	0.009804503
5400	-241.1623	-246.1971	5.034791	0.07423781	0.03617435	0.03806346	0.03617435
5410	-236.9684	-242.2474	5.278987	0.06729139	0.03132649	0.0359649	0.03132649
5420	-274.7426	-279.0106	4.268061	0.08255719	0.01226575	0.07029144	0.01226575
5430	-233.2232	-238.6812	5.458046	0.06247358	0.02950531	0.03296827	0.02950531
5440	-266.9807	-271.1576	4.176869	0.08963184	0.02880708	0.06082476	0.02880708
5450	-254.6749	-259.4354	4.760511	0.07560909	0.02148455	0.05412455	0.02148455
5460	-258.3835	-261.5308	3.147307	0.1737104	0.1517045	0.02200595	0.1517045
5470	-221.6322	-227.4216	5.789408	0.04541229	0.02673183	0.01868046	0.02673183
5480	-222.363	-228.2186	5.855643	0.04680518	0.02560897	0.02119621	0.02560897
5490	-231.7019	-236.6725	4.970575	0.07044874	0.05288236	0.01756638	0.05288236
5500	-252.1158	-257.0083	4.892519	0.0723374	0.01943425	0.05290314	0.01943425
5510	-216.8662	-223.184	6.317801	0.03513973	0.008651736	0.02648799	0.008651736
5520	-291.4987	-293.1094	1.610738	0.2276904	0.1735415	0.05414891	0.1735415
5530	-217.0676	-222.9039	5.836352	0.03426117	0.01975402	0.01450715	0.01975402
5540	-256.9457	-261.8041	4.858414	0.07008539	0.01116027	0.05892512	0.01116027
5550	-244.9392	-249.7083	4.769099	0.08274588	0.04393541	0.03881047	0.04393541
5560	-231.5202	-237.193	5.672844	0.05579076	0.02004196	0.0357488	0.02004196
5570	-242.0815	-247.3543	5.272855	0.06443668	0.01909279	0.04534389	0.01909279
5580	-248.0145	-252.0562	4.041745	0.1202145	0.09620334	0.02401115	0.09620334
5590	-236.6304	-240.9184	4.288032	0.0484942	0.001237805	0.04725639	0.001237805
5600	-270.6415	-273.7029	3.061363	0.1480392	0.1004204	0.04761877	0.1004204
5610	-225.2918	-231.3114	6.019543	0.04494353	0.01011053	0.03483299	0.01011053
5620	-212.973	-218.8601	5.887052	0.02253531	0.01035813	0.01217718	0.01035813
5630	-278.3332	-279.8443	1.511082	0.3212024	0.2986253	0.02257703	0.2986253
5640	-223.5871	-229.6638	6.076761	0.04425371	0.0124322	0.0318215	0.0124322
5650	-273.7762	-275.4907	1.714499	0.2931098	0.2742303	0.01887949	0.2742303
5660	-288.9693	-290.745	1.775643	0.2180927	0.1649812	0.05311151	0.1649812
5670	-272.806	-276.7425	3.936522	0.09513498	0.03077213	0.06436285	0.03077213
5680	-244.244	-248.7405	4.496594	0.09811846	0.06911081	0.02900765	0.06911081
5690	-296.54	-299.8784	3.338344	0.10546	0.0242207	0.08123929	0.0242207
5700	-262.3882	-266.3711	3.982815	0.1015577	0.04944596	0.05211174	0.04944596
5710	-245.5241	-250.3518	4.827651	0.07943437	0.03803041	0.04140395	0.03803041
5720	-279.598	-282.2323	2.634239	0.160433	0.1063019	0.05413106	0.1063019
5730	-250.7257	-254.8963	4.170579	0.1093102	0.07466856	0.0346416	0.07466856
5740	-223.8499	-229.3288	5.478975	0.03956878	0.002431174	0.0371376	0.002431174
5750	-271.0319	-275.3664	4.334418	0.07502878	0.005351883	0.06967689	0.005351883
5760	-284.4026	-287.2163	2.813763	0.1374326	0.07388817	0.06354443	0.07388817
5770	-230.9351	-236.7033	5.768252	0.05253578	0.01485701	0.03767878	0.01485701
5780	-270.3962	-272.6594	2.263185	0.2449212	0.2204618	0.02445941	0.2204618
5790	-278.2225	-280.9164	2.69387	0.1589804	0.105914	0.05306636	0.105914
5800	-242.8449	-247.2402	4.395268	0.1021773	0.07930573	0.02287152	0.07930573
5810	-332.6651	-333.0821	0.4170363	0.2296249	0.1417664	0.08785844	0.1417664
5820	-217.5533	-223.7575	6.204149	0.03720461	0.01552755	0.02167706	0.01552755
5830	-266.8183	-271.1985	4.38022	0.08268606	0.01948835	0.06319771	0.01948835
5840	-217.464	-223.7552	6.291145	0.03658071	0.01152599	0.02505472	0.01152599
5850	-268.4805	-272.5786	4.098009	0.07144159	0.00290429	0.0685373	0.00290429
5860	-274.4388	-277.0335	2.594719	0.1824424	0.1383492	0.04409321	0.1383492
5870	-246.4547	-251.5223	5.067582	0.06930861	0.02131562	0.04799299	0.02131562
5880	-262.0621	-265.0844	3.022341	0.182514	0.1559275	0.02658642	0.1559275
5890	-243.5466	-248.1105	4.563926	0.09510748	0.06565069	0.0294568	0.06565069
5900	-253.3777	-257.3667	3.988932	0.1170103	0.08155231	0.03545796	0.08155231
5910	-221.2719	-227.4439	6.171996	0.04086666	0.01014084	0.03072582	0.01014084
5920	-216.1231	-222.425	6.301825	0.03454472	0.01234218	0.02220253	0.01234218
5930	-283.7956	-287.6802	3.884625	0.09220532	0.01745119	0.07475412	0.01745119
5940	-214.5254	-220.7194	6.194001	0.03086029	0.004227217	0.02663307	0.004227217
5950	-245.4014	-249.9797	4.578298	0.09223485	0.05779765	0.03443719	0.05779765
5960	-213.2376	-219.0433	5.805625	0.02236289	0.01070114	0.01166175	0.01070114
5970	-233.8079	-238.7014	4.893533	0.07609149	0.0571862	0.01890529	0.0571862
5980	-214.5327	-220.7647	6.232029	0.03078116	0.01301167	0.01776949	0.01301167
5990	-236.0565	-241.4394	5.382881	0.06391663	0.02697535	0.03694128	0.02697535
6000	-296.2825	-297.6495	1.366976	0.2376149	0.1803068	0.05730811	0.1803068
6010	-218.4824	-224.5215	6.039029	0.03545313	0.004091796	0.03136134	0.004091796
6020	-261.315	-265.7931	4.478061	0.08198879	0.02378146	0.05820733	0.02378146
6030	-222.4931	-228.3496	5.856503	0.04703449	0.02559099	0.0214435	0.02559099
6040	-256.2558	-261.1471	4.891314	0.06850247	0.009552502	0.05894996	0.009552502
6050	-228.1192	-233.5243	5.405144	0.06007774	0.03949367	0.02058407	0.03949367
6060	-218.0445	-224.3249	6.280374	0.03725453	0.01092781	0.02632672	0.01092781
6070	-310.598	-313.1119	2.513946	0.1286185	0.04196541	0.08665309	0.04196541
6080	-295.2132	-298.7819	3.568765	0.09851969	0.01645869	0.08206099	0.01645869
6090	-294.1417	-293.2126	-0.9290713	0.5759096	0.56465	0.01125955	0.56465
6100	-232.8151	-238.4124	5.597234	0.05785923	0.02160807	0.03625116	0.02160807
6110	-248.8047	-251.2551	2.450468	0.1336859	0.1247288	0.008957057	0.1247288
6120	-220.2214	-226.2926	6.071182	0.04215415	0.01923728	0.02291688	0.01923728
6130	-217.3275	-222.9908	5.66329	0.03367515	0.02066668	0.01300847	0.02066668
6140	-223.634	-229.3551	5.721058	0.03998606	0.003315892	0.03667016	0.003315892
6150	-295.5479	-297.9037	2.355808	0.1495005	0.07885341	0.07064711	0.07885341
6160	-281.7481	-284.9842	3.236083	0.1177193	0.05184362	0.0658757	0.05184362
6170	-262.1877	-265.1212	2.933498	0.1898879	0.1655598	0.02432813	0.1655598
6180	-232.1079	-237.8085	5.70053	0.05448864	0.01653917	0.03794947	0.01653917
6190	-237.5622	-242.3235	4.761363	0.08543452	0.06341534	0.02201918	0.06341534
6200	-251.6159	-256.2542	4.638305	0.08221051	0.03447374	0.04773677	0.03447374
6210	-232.1809	-236.4771	4.296201	0.07098611	0.05947271	0.0115134	0.05947271
6220	-255.3211	-260.1339	4.812763	0.07339889	0.01759907	0.05579982	0.01759907
6230	-293.2672	-296.341	3.07379	0.1161648	0.04021559	0.07594917	0.04021559
6240	-260.6375	-264.257	3.619527	0.1282527	0.08685645	0.04139622	0.08685645
6250	-244.637	-249.475	4.838008	0.0798145	0.03985287	0.03996163	0.03985287
6260	-279.2758	-281.5203	2.244524	0.2035182	0.1580842	0.04543396	0.1580842
6270	-255.5109	-259.467	3.956102	0.1146079	0.07519998	0.03940794	0.07519998
6280	-214.9926	-221.3455	6.352817	0.03249544	0.01031546	0.02217999	0.01031546
6290	-224.6249	-230.3582	5.733244	0.05141025	0.02918625	0.022224	0.02918625
6300	-306.8552	-307.5042	0.6489291	0.2867666	0.2257353	0.06103138	0.2257353
6310	-244.4509	-249.0056	4.554734	0.09474829	0.06335004	0.03139825	0.06335004
6320	-216.8626	-223.1503	6.287696	0.03466816	0.006892236	0.02777592	0.006892236
6330	-211.8822	-218.1737	6.291552	0.02670953	0.004577045	0.02213249	0.004577045
6340	-249.6524	-254.0038	4.351477	0.09928248	0.06176954	0.03751294	0.06176954
6350	-239.5043	-244.5224	5.018143	0.07630172	0.04229105	0.03401067	0.04229105
6360	-228.2082	-234.096	5.887794	0.0494185	0.01368419	0.03573431	0.01368419
6370	-236.04	-240.0819	4.041912	0.08358312	0.07181286	0.01177026	0.07181286
6380	-241.2929	-246.0883	4.795464	0.08522065	0.05386409	0.03135657	0.05386409
6390	-234.6985	-240.232	5.53353	0.05920819	0.02086941	0.03833879	0.02086941
6400	-248.6987	-253.8487	5.150082	0.06327373	0.009535279	0.05373845	0.009535279
6410	-255.0061	-258.3384	3.332308	0.1590229	0.138816	0.02020687	0.138816
6420	-212.8632	-219.2252	6.361965	0.02810027	0.0088518	0.01924847	0.0088518
6430	-384.6745	-386.1632	1.488682	0.1414861	0.006635404	0.1348507	0.006635404
6440	-283.3614	-285.4959	2.134514	0.1986139	0.1479471	0.05066686	0.1479471
6450	-214.1461	-219.3392	5.193136	0.01504373	0.006339739	0.008703991	0.006339739
6460	-220.9454	-226.926	5.980595	0.04378817	0.021998	0.02179016	0.021998
6470	-224.1072	-229.7015	5.594311	0.05092584	0.03246283	0.01846301	0.03246283
6480	-246.9566	-250.987	4.030417	0.1194205	0.09774371	0.02167682	0.09774371
6490	-257.8065	-261.0215	3.214956	0.1693683	0.1468537	0.02251464	0.1468537
6500	-221.5604	-227.7015	6.141037	0.04025333	0.007827647	0.03242568	0.007827647
6510	-301.3473	-301.6337	0.2864261	0.3969544	0.3522361	0.04471833	0.3522361
6520	-236.6924	-241.9474	5.255043	0.06837068	0.03368996	0.03468073	0.03368996
6530	-221.7498	-227.8159	6.066132	0.04408378	0.01794901	0.02613477	0.01794901
6540	-232.2434	-237.7166	5.473255	0.06218737	0.03100445	0.03118292	0.03100445
6550	-253.2414	-256.9994	3.758052	0.1351896	0.1075275	0.02766212	0.1075275
6560	-231.9719	-237.3526	5.380692	0.06499184	0.03736262	0.02762922	0.03736262
6570	-238.9414	-243.9316	4.990229	0.07793132	0.04608798	0.03184334	0.04608798
6580	-256.3155	-260.3397	4.02415	0.1082432	0.06543388	0.0428093	0.06543388
6590	-229.5198	-235.2728	5.752949	0.05378745	0.01997689	0.03381056	0.01997689
6600	-233.7346	-239.0943	5.35975	0.06571589	0.03460909	0.0311068	0.03460909
6610	-262.5627	-267.0065	4.443851	0.082541	0.02332741	0.05921359	0.02332741
6620	-223.2651	-226.7102	3.445038	0.03781937	0.03157552	0.006243849	0.03157552
6630	-246.6419	-251.4395	4.797634	0.07972735	0.0369733	0.04275405	0.0369733
6640	-212.4255	-218.7382	6.312738	0.02777422	0.004928869	0.02284535	0.004928869
6650	-227.9604	-233.3017	5.341361	0.06011076	0.04103302	0.01907774	0.04103302
6660	-253.8583	-258.1902	4.331939	0.09412185	0.04884661	0.04527524	0.04884661
6670	-252.8889	-257.8234	4.934572	0.07031648	0.01562023	0.05469625	0.01562023
6680	-222.4216	-228.496	6.074319	0.04438918	0.01623586	0.02815332	0.01623586
6690	-228.9965	-234.8069	5.810344	0.05203162	0.01746385	0.03456777	0.01746385
6700	-237.7302	-242.7779	5.047781	0.07615086	0.04538855	0.03076231	0.04538855
6710	-243.5519	-248.1963	4.644408	0.09082385	0.0587683	0.03205555	0.0587683
6720	-272.1127	-276.0149	3.902205	0.09680905	0.03361508	0.06319397	0.03361508
6730	-263.4552	-267.8608	4.405598	0.08341662	0.02367613	0.05974049	0.02367613
6740	-256.7889	-261.2502	4.461321	0.08538296	0.03320279	0.05218018	0.03320279
6750	-237.8781	-242.242	4.363886	0.0902062	0.07449975	0.01570645	0.07449975
6760	-255.5571	-258.7808	3.223674	0.1640098	0.1450045	0.01900533	0.1450045
6770	-218.7134	-224.9749	6.26146	0.03801248	0.01052065	0.02749183	0.01052065
6780	-225.0682	-230.7313	5.663059	0.04123308	0.003295963	0.03793712	0.003295963
6790	-220.6149	-226.7194	6.104452	0.04240847	0.01756737	0.0248411	0.01756737
6800	-291.1198	-294.6523	3.532536	0.1010243	0.02288767	0.07813662	0.02288767
6810	-251.5653	-254.8484	3.283119	0.1475843	0.1321378	0.01544644	0.1321378
6820	-277.1921	-279.1099	1.917807	0.2671535	0.2359318	0.03122173	0.2359318
6830	-273.2431	-276.0202	2.777089	0.1669364	0.1208519	0.04608452	0.1208519
6840	-216.9586	-223.1836	6.225055	0.03609052	0.01488826	0.02120226	0.01488826
6850	-234.6114	-240.2707	5.659226	0.0536766	0.01117766	0.04249894	0.01117766
6860	-287.1839	-289.5213	2.337384	0.1663013	0.1061214	0.06017994	0.1061214
6870	-370.0002	-367.6306	-2.369623	0.4700569	0.3735782	0.09647863	0.3735782
6880	-215.9936	-220.699	4.705444	0.0195422	0.01204852	0.007493686	0.01204852
6890	-223.1679	-229.1431	5.975223	0.04675173	0.02046385	0.02628788	0.02046385
6900	-279.3417	-283.3401	3.998457	0.09015698	0.01847829	0.07167869	0.01847829
6910	-300.173	-303.7315	3.558474	0.09489939	0.008085313	0.08681408	0.008085313
6920	-326.9112	-328.4615	1.550347	0.1607007	0.06784121	0.0928595	0.06784121
6930	-257.3385	-261.7168	4.378297	0.08835579	0.03678187	0.05157392	0.03678187
6940	-236.0325	-241.1832	5.150644	0.07270143	0.04274223	0.0299592	0.04274223
6950	-269.2916	-272.5422	3.250651	0.1358535	0.08660895	0.04924454	0.08660895
6960	-243.6866	-248.6904	5.003797	0.07353275	0.03140509	0.04212767	0.03140509
6970	-280.2559	-282.3577	2.101834	0.2178326	0.1738617	0.04397094	0.1738617
6980	-236.6749	-240.9349	4.260031	0.0862696	0.07253529	0.01373431	0.07253529
6990	-222.0428	-226.0517	4.008921	0.0370241	0.02976952	0.00725458	0.02976952
7000	-253.8777	-258.4652	4.587547	0.08250948	0.03231256	0.05019692	0.03231256
7010	-225.6229	-231.6036	5.980697	0.04720902	0.01439216	0.03281687	0.01439216
7020	-233.8462	-237.8442	3.998024	0.07557584	0.06499617	0.01057967	0.06499617
7030	-262.5647	-267.1351	4.570411	0.07816268	0.01721223	0.06095045	0.01721223
7040	-219.8721	-226.0937	6.221647	0.03948022	0.01070866	0.02877156	0.01070866
7050	-244.5005	-249.3891	4.888619	0.07768417	0.03675016	0.04093401	0.03675016
7060	-258.2144	-262.4667	4.252373	0.09309882	0.04241991	0.05067891	0.04241991
7070	-254.4718	-258.6779	4.206143	0.1001735	0.05658092	0.04359258	0.05658092
7080	-213.5963	-219.9076	6.311261	0.02923438	0.0107681	0.01846628	0.0107681
7090	-241.9476	-247.0185	5.070938	0.07213233	0.03162086	0.04051147	0.03162086
7100	-274.1809	-276.3857	2.20479	0.2388377	0.2065794	0.03225838	0.2065794
7110	-281.2568	-284.3644	3.107611	0.1247334	0.06104592	0.0636875	0.06104592
7120	-216.1921	-222.3672	6.175109	0.0343148	0.01558794	0.01872686	0.01558794
7130	-263.023	-267.6417	4.618738	0.07605527	0.01382228	0.06223299	0.01382228
7140	-270.5755	-274.9913	4.415826	0.07894535	0.01098333	0.06796202	0.01098333
7150	-252.5914	-256.2657	3.674271	0.1405917	0.1168872	0.0237045	0.1168872
7160	-239.362	-244.1193	4.75725	0.08737581	0.06182335	0.02555246	0.06182335
7170	-209.9996	-215.8858	5.886167	0.01811342	0.00295718	0.01515624	0.00295718
7180	-238.7777	-243.6257	4.848011	0.08391382	0.05695403	0.02695978	0.05695403
7190	-232.6952	-237.8463	5.151027	0.07084987	0.04824123	0.02260864	0.04824123
7200	-220.4	-226.4957	6.095667	0.03806786	0.005479796	0.03258806	0.005479796
7210	-225.458	-231.4291	5.971052	0.04358706	0.00695666	0.0366304	0.00695666
7220	-235.7317	-241.3096	5.577838	0.05685877	0.01512711	0.04173166	0.01512711
7230	-231.3344	-236.8733	5.538916	0.06020367	0.02906894	0.03113473	0.02906894
7240	-235.8798	-241.0685	5.188774	0.07130983	0.04051175	0.03079808	0.04051175
7250	-230.1697	-235.8732	5.70347	0.05521792	0.0215358	0.03368212	0.0215358
7260	-233.1716	-238.4017	5.230096	0.06964742	0.04388251	0.02576491	0.04388251
7270	-248.286	-252.453	4.167058	0.1134616	0.08504953	0.0284121	0.08504953
7280	-303.5639	-304.6604	1.09641	0.2412227	0.1778195	0.06340318	0.1778195
7290	-250.7783	-254.5923	3.814008	0.1324989	0.1088454	0.02365351	0.1088454
7300	-294.3755	-297.9299	3.554467	0.09926713	0.01806642	0.08120071	0.01806642
7310	-245.5352	-250.3511	4.815977	0.07994641	0.03879853	0.04114788	0.03879853
7320	-250.0712	-254.06	3.988859	0.1228982	0.0957551	0.02714313	0.0957551
7330	-232.4342	-238.049	5.614787	0.05741366	0.02145647	0.03595719	0.02145647
7340	-247.1325	-251.4384	4.30593	0.1062011	0.07617275	0.03002836	0.07617275
7350	-216.308	-221.9899	5.681867	0.03088629	0.01839054	0.01249575	0.01839054
7360	-228.9726	-234.827	5.854412	0.05030698	0.01402873	0.03627825	0.01402873
7370	-250.2418	-255.2597	5.017916	0.06883877	0.01626345	0.05257532	0.01626345
7380	-266.2299	-270.0627	3.832844	0.1046686	0.04962058	0.05504804	0.04962058
7390	-245.9518	-250.5847	4.632888	0.08849297	0.05121857	0.03727441	0.05121857
7400	-244.403	-249.6883	5.285248	0.06201914	0.0123935	0.04962564	0.0123935
7410	-218.6263	-224.8776	6.251332	0.03712285	0.007973272	0.02914958	0.007973272
7420	-238.9893	-244.3117	5.322399	0.06447445	0.02337674	0.04109771	0.02337674
7430	-270.0187	-273.635	3.616326	0.1112814	0.05449609	0.05678535	0.05449609
7440	-211.9324	-217.4089	5.47656	0.01429628	0.003047227	0.01124905	0.003047227
7450	-214.9495	-220.7964	5.846972	0.02836446	0.01534816	0.01301629	0.01534816
7460	-233.3586	-238.7344	5.37583	0.06523786	0.03450793	0.03072993	0.03450793
7470	-258.5984	-262.6741	4.075636	0.1014949	0.05350733	0.04798759	0.05350733
7480	-328.1282	-330.2874	2.159184	0.1343812	0.03606584	0.09831536	0.03606584
7490	-246.0722	-250.3167	4.244463	0.1102288	0.08470965	0.02551917	0.08470965
7500	-250.1163	-254.5356	4.419376	0.09451444	0.05419594	0.0403185	0.05419594
7510	-251.3972	-255.723	4.325786	0.09797976	0.05745321	0.04052654	0.05745321
7520	-253.9522	-258.8386	4.886369	0.07148575	0.01622646	0.05525929	0.01622646
7530	-211.8912	-218.1783	6.287104	0.02481848	0.008260185	0.01655829	0.008260185
7540	-213.2091	-219.3246	6.115585	0.02611437	0.01146114	0.01465322	0.01146114
7550	-235.6658	-241.2719	5.606098	0.0555321	0.01291164	0.04262046	0.01291164
7560	-213.0196	-219.1432	6.123608	0.02567124	0.01104847	0.01462278	0.01104847
7570	-229.3849	-234.9933	5.6084	0.05803589	0.02925262	0.02878327	0.02925262
7580	-270.9638	-274.7492	3.785399	0.1023408	0.0419532	0.06038757	0.0419532
7590	-236.0857	-241.3635	5.277822	0.06782088	0.03381951	0.03400137	0.03381951
7600	-210.1562	-216.1302	5.974047	0.02222117	0.002664841	0.01955633	0.002664841
7610	-245.2843	-250.5523	5.268008	0.06150188	0.01057041	0.05093148	0.01057041
7620	-225.8068	-231.8045	5.997702	0.04513106	0.009473256	0.0356578	0.009473256
7630	-225.906	-231.1208	5.2148	0.05491535	0.03985136	0.01506398	0.03985136
7640	-286.4412	-288.8182	2.377025	0.1648009	0.1050192	0.05978171	0.1050192
7650	-234.7521	-239.5817	4.829601	0.07884874	0.05981574	0.019033	0.05981574
7660	-212.4464	-218.4945	6.048126	0.02301747	0.009596029	0.01342144	0.009596029
7670	-220.0767	-225.5592	5.482512	0.03582729	0.002085915	0.03374138	0.002085915
7680	-265.5308	-269.7886	4.257728	0.0875244	0.0273241	0.0602003	0.0273241
7690	-261.7939	-266.1474	4.353472	0.08617951	0.02912917	0.05705034	0.02912917
7700	-216.2977	-222.6315	6.333806	0.03434088	0.008530793	0.02581009	0.008530793
7710	-369.0453	-368.7298	-0.3154366	0.2301429	0.1169899	0.113153	0.1169899
7720	-261.4201	-265.8033	4.383231	0.08530875	0.02829741	0.05701134	0.02829741
7730	-253.2651	-256.4498	3.184608	0.155969	0.1401153	0.01585372	0.1401153
7740	-218.7006	-224.8475	6.146964	0.03934309	0.01718253	0.02216056	0.01718253
7750	-219.6686	-225.8962	6.227617	0.03932488	0.01098132	0.02834356	0.01098132
7760	-235.9755	-241.037	5.061499	0.07587368	0.04884929	0.02702439	0.04884929
7770	-216.5519	-222.8382	6.286283	0.03531584	0.01283094	0.0224849	0.01283094
7780	-219.1484	-224.5202	5.371798	0.0367757	0.0248997	0.011876	0.0248997
7790	-245.0044	-249.5481	4.543698	0.09471963	0.06231272	0.03240691	0.06231272
7800	-238.6754	-243.4075	4.73212	0.08762009	0.06422446	0.02339563	0.06422446
7810	-292.1309	-292.336	0.205147	0.4957491	0.4746496	0.02109953	0.4746496
7820	-237.5551	-242.314	4.758966	0.08547276	0.06352338	0.02194938	0.06352338
7830	-260.7988	-264.4119	3.613073	0.1283542	0.08678699	0.04156718	0.08678699
7840	-266.2272	-270.6229	4.39573	0.07116274	0.004277243	0.0668855	0.004277243
7850	-230.3157	-235.9779	5.662217	0.05649447	0.02380433	0.03269014	0.02380433
7860	-271.3916	-274.7737	3.382053	0.1226265	0.06768831	0.05493819	0.06768831
7870	-240.9803	-246.393	5.412709	0.05662567	0.007869251	0.04875642	0.007869251
7880	-226.426	-231.9026	5.476563	0.05626018	0.0367886	0.01947158	0.0367886
7890	-320.8191	-320.0409	-0.7781301	0.4613409	0.4026154	0.0587255	0.4026154
7900	-232.9503	-238.4216	5.471247	0.06210432	0.02935256	0.03275176	0.02935256
7910	-252.5632	-256.6996	4.136377	0.108021	0.07010446	0.03791659	0.07010446
7920	-299.8105	-303.3455	3.535016	0.09770295	0.01188756	0.08581539	0.01188756
7930	-215.7392	-221.842	6.102795	0.03276541	0.01595944	0.01680597	0.01595944
7940	-256.0221	-259.6089	3.586767	0.1440262	0.1148356	0.02919058	0.1148356
7950	-258.4331	-261.9705	3.537486	0.1421505	0.1083182	0.03383223	0.1083182
7960	-276.6271	-280.1122	3.485093	0.1108165	0.04767724	0.06313922	0.04767724
7970	-256.4686	-260.2283	3.759786	0.1278125	0.09189342	0.03591908	0.09189342
7980	-212.352	-218.7281	6.376053	0.02757059	0.00640826	0.02116233	0.00640826
7990	-229.7726	-234.9233	5.150684	0.06501457	0.04689313	0.01812144	0.04689313
8000	-235.9655	-241.096	5.130435	0.07346265	0.04430216	0.02916049	0.04430216
8010	-233.0086	-238.6955	5.686901	0.05438898	0.0148753	0.03951368	0.0148753
8020	-220.1631	-226.178	6.014902	0.04228468	0.02102039	0.02126429	0.02102039
8030	-240.9237	-245.8167	4.892943	0.08085154	0.04733862	0.03351292	0.04733862
8040	-230.0825	-234.9428	4.86036	0.06597749	0.05131096	0.01466654	0.05131096
8050	-287.3635	-291.254	3.890473	0.09024464	0.01200322	0.07824142	0.01200322
8060	-218.8175	-225.0561	6.238609	0.03723206	0.007647571	0.02958449	0.007647571
8070	-258.7922	-262.4597	3.667539	0.1292706	0.09060809	0.03866251	0.09060809
8080	-216.0414	-222.3287	6.287289	0.0343926	0.01290076	0.02149184	0.01290076
8090	-222.3513	-227.9039	5.552616	0.0465705	0.03069684	0.01587366	0.03069684
8100	-288.2477	-289.1699	0.9222351	0.379324	0.3491238	0.03020011	0.3491238
8110	-269.3973	-272.4227	3.025336	0.1553544	0.1109359	0.04441848	0.1109359
8120	-223.7478	-229.7415	5.993744	0.04677686	0.01841788	0.02835899	0.01841788
8130	-224.6584	-230.6423	5.983927	0.04260984	0.006453642	0.0361562	0.006453642
8140	-239.5405	-244.168	4.627462	0.09140438	0.06900614	0.02239824	0.06900614
8150	-283.2529	-286.0692	2.816307	0.1390568	0.07690524	0.0621516	0.07690524
8160	-261.1702	-265.1598	3.989605	0.1026966	0.05228064	0.05041601	0.05228064
8170	-265.2307	-268.6552	3.424481	0.1321299	0.08637903	0.04575084	0.08637903
8180	-252.4893	-256.3999	3.910648	0.1250242	0.0943134	0.03071081	0.0943134
8190	-213.3412	-219.7041	6.362957	0.02948792	0.006219988	0.02326793	0.006219988
8200	-253.6158	-257.6792	4.063443	0.1109665	0.07275806	0.03820847	0.07275806
8210	-288.1646	-289.6435	1.478899	0.2659673	0.2206898	0.04527747	0.2206898
8220	-232.2039	-237.7219	5.518009	0.06073446	0.0282447	0.03248976	0.0282447
8230	-237.4798	-242.6369	5.157134	0.07179605	0.03824379	0.03355226	0.03824379
8240	-251.0329	-256.102	5.069107	0.06480383	0.009378261	0.05542557	0.009378261
8250	-230.3045	-236.0963	5.791766	0.05201295	0.01495845	0.0370545	0.01495845
8260	-240.9439	-245.9192	4.975314	0.07702603	0.04104704	0.035979	0.04104704
8270	-236.2047	-241.4615	5.256764	0.06856576	0.03492353	0.03364223	0.03492353
8280	-269.267	-271.929	2.662016	0.1989949	0.1651628	0.03383206	0.1651628
8290	-226.8626	-232.8016	5.939008	0.0452955	0.007848742	0.03744676	0.007848742
8300	-220.9487	-227.0223	6.073622	0.0431405	0.01860232	0.02453818	0.01860232
8310	-265.0043	-268.2771	3.272792	0.1460804	0.1045022	0.04157823	0.1045022
8320	-303.6651	-304.7309	1.065795	0.2445731	0.1814984	0.0630747	0.1814984
8330	-233.1507	-238.8625	5.711841	0.05279153	0.01175405	0.04103747	0.01175405
8340	-264.2376	-268.6575	4.419983	0.08254038	0.02171268	0.0608277	0.02171268
8350	-227.3849	-232.9037	5.518783	0.04301435	0.003030448	0.0399839	0.003030448
8360	-226.3749	-232.2839	5.908997	0.0494509	0.01768052	0.03177038	0.01768052
8370	-375.7992	-377.4323	1.633146	0.141685	0.0124957	0.1291893	0.0124957
8380	-230.6195	-236.1519	5.532332	0.06038166	0.03113122	0.02925044	0.03113122
8390	-235.1563	-239.9575	4.80118	0.08005701	0.0609875	0.01906951	0.0609875
8400	-219.6364	-225.3268	5.690433	0.04015438	0.02510098	0.0150534	0.02510098
8410	-221.0518	-227.116	6.06423	0.04336478	0.01890987	0.02445491	0.01890987
8420	-225.5579	-231.1453	5.587361	0.05401161	0.03359335	0.02041826	0.03359335
8430	-217.9415	-223.8075	5.86602	0.03431178	0.003000769	0.03131101	0.003000769
8440	-218.3755	-224.3118	5.936267	0.03826013	0.02114244	0.01711769	0.02114244
8450	-261.2033	-262.0972	0.8938677	0.2029097	0.195594	0.00731565	0.195594
8460	-230.3334	-235.5703	5.236938	0.06572964	0.04521372	0.02051592	0.04521372
8470	-219.5261	-225.2913	5.765189	0.04026959	0.02439691	0.01587268	0.02439691
8480	-220.1845	-226.361	6.17652	0.04095972	0.01429172	0.026668	0.01429172
8490	-217.3394	-223.0954	5.755976	0.03440743	0.02052978	0.01387765	0.02052978
8500	-357.7527	-359.8378	2.085156	0.1298572	0.010407	0.1194502	0.010407
8510	-219.6043	-225.8203	6.215995	0.038226	0.007958017	0.03026798	0.007958017
8520	-222.3265	-228.459	6.132444	0.04192009	0.009959402	0.03196069	0.009959402
8530	-216.015	-221.9377	5.922651	0.03207355	0.01747375	0.0145998	0.01747375
8540	-243.9911	-249.181	5.189863	0.0663275	0.01968295	0.04664456	0.01968295
8550	-254.1052	-258.3454	4.240209	0.09877058	0.05507564	0.04369495	0.05507564
8560	-280.3201	-281.934	1.613878	0.3000684	0.269968	0.03010042	0.269968
8570	-315.1609	-315.3358	0.1748585	0.3160405	0.2507165	0.06532399	0.2507165
8580	-283.2102	-286.6623	3.452082	0.1073503	0.03747479	0.06987549	0.03747479
8590	-251.8724	-255.9235	4.051045	0.1156307	0.0819258	0.03370494	0.0819258
8600	-235.4381	-240.9995	5.561377	0.05775151	0.01712712	0.04062439	0.01712712
8610	-233.9595	-239.1615	5.20198	0.07083965	0.04414656	0.02669309	0.04414656
8620	-326.7173	-326.7873	0.07001246	0.2815864	0.2036226	0.07796385	0.2036226
8630	-305.7651	-307.3482	1.583118	0.186623	0.1138943	0.0727287	0.1138943
8640	-239.0476	-244.1477	5.100096	0.07311131	0.03772577	0.03538554	0.03772577
8650	-233.158	-238.7347	5.576699	0.05842275	0.02204806	0.03637469	0.02204806
8660	-264.9543	-267.6738	2.719444	0.206236	0.1816067	0.02462928	0.1816067
8670	-364.0436	-362.4556	-1.588069	0.369918	0.2716646	0.09825342	0.2716646
8680	-210.4699	-216.3542	5.884317	0.02312535	0.002351937	0.02077342	0.002351937
8690	-318.819	-321.1659	2.346885	0.1311575	0.03892514	0.09223234	0.03892514
8700	-259.2304	-263.1645	3.934129	0.1087486	0.06260399	0.0461446	0.06260399
8710	-250.4406	-253.5039	3.063357	0.1433448	0.13065	0.01269481	0.13065
8720	-346.0358	-347.0588	1.023049	0.1725404	0.06797815	0.1045622	0.06797815
8730	-225.5833	-231.4071	5.823787	0.05129607	0.02442549	0.02687058	0.02442549
8740	-232.8271	-238.3836	5.556493	0.05925152	0.02419251	0.03505901	0.02419251
8750	-235.4614	-241.0815	5.620052	0.05496969	0.01222441	0.04274529	0.01222441
8760	-231.6992	-237.3102	5.611037	0.05780601	0.02358273	0.03422328	0.02358273
8770	-246.2335	-251.1663	4.932774	0.07447705	0.02951703	0.04496002	0.02951703
8780	-247.1063	-252.1962	5.089934	0.06810643	0.01869631	0.04941012	0.01869631
8790	-259.0852	-263.8382	4.753004	0.06803434	0.00622724	0.0618071	0.00622724
8800	-287.0083	-288.8648	1.856475	0.2167316	0.1653639	0.05136777	0.1653639
8810	-234.9854	-240.0838	5.098443	0.07433892	0.0484502	0.02588871	0.0484502
8820	-247.5565	-251.3436	3.787103	0.1264296	0.1084869	0.01794268	0.1084869
8830	-232.8378	-237.0952	4.257345	0.07306313	0.06147954	0.0115836	0.06147954
8840	-238.6394	-242.7974	4.157987	0.09310773	0.07894202	0.01416572	0.07894202
8850	-221.3664	-226.622	5.255515	0.04238088	0.03007926	0.01230162	0.03007926
8860	-224.1969	-229.8721	5.675182	0.05096599	0.03081581	0.02015018	0.03081581
8870	-219.2147	-225.1516	5.936909	0.0402477	0.02208994	0.01815777	0.02208994
8880	-231.2048	-236.7652	5.560368	0.05954714	0.02803533	0.03151181	0.02803533
8890	-236.5293	-241.6209	5.091659	0.0748104	0.04553248	0.02927792	0.04553248
8900	-233.7693	-239.2059	5.43664	0.06303179	0.02947937	0.03355242	0.02947937
8910	-232.6287	-238.0488	5.42009	0.06386477	0.03345432	0.03041045	0.03345432
8920	-214.9328	-220.9306	5.997799	0.03093227	0.003106574	0.02782569	0.003106574
8930	-230.9561	-236.7527	5.796601	0.05090043	0.01172257	0.03917786	0.01172257
8940	-220.3939	-226.5969	6.202963	0.04012443	0.01081233	0.02931211	0.01081233
8950	-230.5946	-235.5397	4.945054	0.06751437	0.05145199	0.01606238	0.05145199
8960	-252.2923	-256.9717	4.679445	0.08004012	0.03053497	0.04950514	0.03053497
8970	-234.7028	-240.0393	5.336488	0.06625207	0.03361979	0.03263228	0.03361979
8980	-232.3519	-237.8874	5.535565	0.0601153	0.02674702	0.03336829	0.02674702
8990	-222.7503	-228.7936	6.043272	0.04521963	0.01747419	0.02774544	0.01747419
9000	-234.9642	-240.6116	5.647389	0.0529142	0.009354369	0.04355983	0.009354369
9010	-234.3072	-239.9567	5.649506	0.05128783	0.007456564	0.04383127	0.007456564
9020	-229.9991	-235.5102	5.51113	0.06074785	0.03360982	0.02713804	0.03360982
9030	-248.5922	-252.5734	3.981185	0.1232774	0.09969295	0.02358442	0.09969295
9040	-236.8225	-239.973	3.15048	0.08295495	0.07477267	0.008182275	0.07477267
9050	-243.8252	-247.9456	4.120459	0.1103047	0.09162172	0.018683	0.09162172
9060	-263.0157	-266.61	3.594331	0.1243473	0.07886347	0.0454838	0.07886347
9070	-225.8825	-231.8282	5.945677	0.04836778	0.01640784	0.03195994	0.01640784
9080	-277.1359	-279.7562	2.620317	0.1692373	0.1194379	0.04979941	0.1194379
9090	-284.4218	-288.1956	3.773808	0.09558805	0.0213398	0.07424825	0.0213398
9100	-224.1604	-230.2095	6.049076	0.04515791	0.01315536	0.03200254	0.01315536
9110	-275.5587	-278.5833	3.024582	0.1389036	0.08397303	0.0549306	0.08397303
9120	-329.8088	-329.3718	-0.4370038	0.3383627	0.2630136	0.07534905	0.2630136
9130	-220.8266	-226.4275	5.600816	0.04281125	0.02774918	0.01506206	0.02774918
9140	-280.7577	-282.8783	2.120558	0.2125357	0.1670724	0.04546324	0.1670724
9150	-274.1863	-277.9089	3.722614	0.0743748	0.002254882	0.07211992	0.002254882
9160	-300.1758	-302.5499	2.374138	0.1427697	0.06703795	0.0757317	0.06703795
9170	-266.6458	-271.1123	4.466451	0.07975122	0.01560521	0.06414601	0.01560521
9180	-212.7691	-219.1436	6.374434	0.02806962	0.008320944	0.01974867	0.008320944
9190	-214.394	-220.6661	6.272132	0.03077331	0.01229326	0.01848005	0.01229326
9200	-225.7621	-231.615	5.852848	0.05079669	0.02254063	0.02825606	0.02254063
9210	-266.6314	-269.2036	2.572252	0.2182066	0.1938358	0.02437085	0.1938358
9220	-223.0253	-228.8124	5.787095	0.04829588	0.02757634	0.02071953	0.02757634
9230	-215.7049	-222.0079	6.303043	0.0337706	0.01235565	0.02141495	0.01235565
9240	-239.451	-244.4209	4.969887	0.07848676	0.04606858	0.03241818	0.04606858
9250	-264.2499	-267.3858	3.135872	0.1631335	0.1272508	0.0358827	0.1272508
9260	-234.9102	-239.1889	4.278718	0.08021738	0.06741969	0.01279769	0.06741969
9270	-225.9969	-231.9874	5.990509	0.04620398	0.01136811	0.03483587	0.01136811
9280	-210.1606	-216.2066	6.045938	0.01905886	0.003856079	0.01520278	0.003856079
9290	-227.7325	-233.4004	5.667938	0.05587484	0.02903278	0.02684206	0.02903278
9300	-229.7667	-234.7396	4.972917	0.06520146	0.04956087	0.01564058	0.04956087
9310	-221.7382	-227.7886	6.050325	0.04430181	0.01875979	0.02554201	0.01875979
9320	-213.9974	-220.247	6.249582	0.03024156	0.004604456	0.0256371	0.004604456
9330	-239.0487	-244.5322	5.483498	0.05521894	0.00792363	0.04729531	0.00792363
9340	-290.3011	-293.8928	3.591663	0.09940544	0.02147457	0.07793087	0.02147457
9350	-259.2873	-263.395	4.107718	0.09891795	0.0492253	0.04969265	0.0492253
9360	-238.8911	-243.9201	5.028973	0.07627433	0.04335123	0.0329231	0.04335123
9370	-213.73	-219.6308	5.900794	0.02519437	0.01248426	0.01271011	0.01248426
9380	-217.6497	-221.8136	4.163881	0.02198025	0.01543115	0.006549094	0.01543115
9390	-282.7551	-284.8005	2.045365	0.2124947	0.1648495	0.0476452	0.1648495
9400	-256.1283	-259.8335	3.70513	0.133476	0.1001301	0.03334589	0.1001301
9410	-240.0619	-244.4066	4.344706	0.09701952	0.07935475	0.01766477	0.07935475
9420	-231.0535	-236.8413	5.787861	0.05137417	0.0124539	0.03892027	0.0124539
9430	-212.702	-218.9843	6.282269	0.02673578	0.009810555	0.01692522	0.009810555
9440	-270.758	-272.8016	2.04366	0.2629437	0.2427756	0.02016814	0.2427756
9450	-291.1408	-292.8117	1.670967	0.2216419	0.1669498	0.05469208	0.1669498
9460	-285.6175	-289.544	3.926488	0.08985919	0.01290247	0.07695672	0.01290247
9470	-250.5162	-254.3794	3.863162	0.1299341	0.1054985	0.0244356	0.1054985
9480	-298.4574	-301.29	2.832525	0.08846923	0.001834589	0.08663464	0.001834589
9490	-264.0137	-267.2726	3.258955	0.1508653	0.1118775	0.03898779	0.1118775
9500	-215.2557	-221.6045	6.34881	0.03296704	0.01040933	0.02255772	0.01040933
9510	-319.0867	-319.6934	0.6066741	0.2445238	0.1686672	0.07585663	0.1686672
9520	-261.2352	-263.676	2.44081	0.2044872	0.1897384	0.01474873	0.1897384
9530	-230.9505	-236.3955	5.444964	0.06286427	0.03559518	0.02726909	0.03559518
9540	-307.5457	-309.7825	2.236838	0.1427458	0.06121456	0.08153124	0.06121456
9550	-311.1533	-313.6839	2.530551	0.1277128	0.04045451	0.08725827	0.04045451
9560	-286.9308	-287.6352	0.7044007	0.421957	0.4003749	0.02158209	0.4003749
9570	-221.1405	-226.5345	5.394018	0.04254771	0.02929297	0.01325474	0.02929297
9580	-219.0952	-225.3446	6.249362	0.0384151	0.01028554	0.02812956	0.01028554
9590	-214.5133	-220.8085	6.295223	0.03117114	0.005389244	0.0257819	0.005389244
9600	-217.337	-223.1591	5.822078	0.03488422	0.02031061	0.0145736	0.02031061
9610	-304.9924	-308.2841	3.291724	0.1044188	0.01643177	0.08798704	0.01643177
9620	-238.9679	-244.3867	5.418747	0.05379141	0.005747774	0.04804364	0.005747774
9630	-239.9952	-245.029	5.033794	0.07522839	0.03966135	0.03556705	0.03966135
9640	-230.972	-236.7045	5.732445	0.05393048	0.01746699	0.03646349	0.01746699
9650	-219.717	-225.7913	6.074342	0.03709084	0.004855223	0.03223562	0.004855223
9660	-221.9029	-226.0038	4.100821	0.03711216	0.02964919	0.007462968	0.02964919
9670	-223.8471	-229.5547	5.707694	0.05016215	0.0298675	0.02029465	0.0298675
9680	-213.7611	-220.1362	6.375113	0.03017832	0.009126466	0.02105186	0.009126466
9690	-244.4222	-247.6114	3.189162	0.1150265	0.1044041	0.01062245	0.1044041
9700	-257.8881	-262.3647	4.476575	0.08402408	0.03012065	0.05390343	0.03012065
9710	-227.9833	-233.3471	5.363854	0.06005812	0.04052326	0.01953486	0.04052326
9720	-222.7501	-228.4123	5.662245	0.04783006	0.02992958	0.01790048	0.02992958
9730	-225.5821	-231.0801	5.497937	0.05435897	0.03565869	0.01870028	0.03565869
9740	-254.3766	-258.9616	4.584967	0.08224786	0.0313816	0.05086625	0.0313816
9750	-247.1773	-251.2769	4.099647	0.1171504	0.09332147	0.02382893	0.09332147
9760	-282.8785	-284.4205	1.541974	0.2948508	0.2601949	0.03465585	0.2601949
9770	-246.6375	-250.2573	3.619755	0.1246723	0.1097479	0.01492447	0.1097479
9780	-223.1654	-227.9703	4.804899	0.04503762	0.03459946	0.01043816	0.03459946
9790	-245.3417	-248.9684	3.626686	0.1193774	0.1053551	0.01402235	0.1053551
9800	-209.7818	-215.6043	5.822475	0.01894722	0.002460743	0.01648648	0.002460743
9810	-211.2603	-217.284	6.023645	0.01932697	0.006165283	0.01316169	0.006165283
9820	-213.7436	-220.0427	6.299066	0.029467	0.01113797	0.01832902	0.01113797
9830	-219.7829	-225.8357	6.052768	0.0415012	0.01993999	0.02156121	0.01993999
9840	-217.6236	-223.6425	6.018925	0.0343582	0.003727801	0.0306304	0.003727801
9850	-249.0194	-253.3607	4.34128	0.1010014	0.06522501	0.03577642	0.06522501
9860	-232.6327	-237.8831	5.250386	0.06875335	0.04357459	0.02517876	0.04357459
9870	-251.4845	-256.1357	4.651268	0.08178089	0.03400293	0.04777797	0.03400293
9880	-219.6703	-225.8495	6.179146	0.04046134	0.01503583	0.02542551	0.01503583
9890	-223.7209	-229.6663	5.945433	0.04108422	0.005129688	0.03595453	0.005129688
9900	-213.1941	-218.0179	4.823759	0.01225446	0.001664687	0.01058978	0.001664687
9910	-220.2848	-226.0489	5.764157	0.04217125	0.02553284	0.01663841	0.02553284
9920	-317.1565	-316.7111	-0.4454279	0.4176037	0.3590458	0.05855787	0.3590458
9930	-224.3225	-228.9772	4.654768	0.04768974	0.03753441	0.01015533	0.03753441
9940	-237.5605	-242.9736	5.413172	0.0619906	0.02128369	0.04070691	0.02128369
9950	-232.9264	-237.9194	4.992991	0.07326144	0.05374543	0.01951601	0.05374543
9960	-245.9091	-250.5583	4.649171	0.08768102	0.05004871	0.03763231	0.05004871
9970	-305.4745	-305.1355	-0.3389689	0.5189878	0.4801163	0.03887152	0.4801163
9980	-257.5513	-261.4775	3.926206	0.1123859	0.06953515	0.04285074	0.06953515
9990	-320.4151	-322.7237	2.308595	0.131905	0.03865686	0.09324817	0.03865686
10000	-243.4154	-248.2002	4.784722	0.08364648	0.04765623	0.03599025	0.04765623
