Iteration	Posterior	Likelihood	Prior	birth_rate	death_rate	diversification	turnover
0	-222.8206	-228.7515	5.930918	0.04697672	0.02288112	0.02409561	0.02288112
10	-235.7982	-240.6348	4.836605	0.08102239	0.06030693	0.02071546	0.06030693
20	-214.3951	-220.7686	6.373513	0.03141892	0.00914208	0.02227684	0.00914208
30	-246.5754	-251.3843	4.808869	0.07929781	0.03641062	0.04288719	0.03641062
40	-255.2741	-259.1013	3.827186	0.125302	0.09022153	0.03508045	0.09022153
50	-223.3558	-228.7471	5.391333	0.04859841	0.03372518	0.01487323	0.03372518
60	-226.1983	-232.1509	5.95256	0.04803056	0.01491417	0.03311638	0.01491417
70	-226.0158	-232.0076	5.991784	0.04570577	0.01027013	0.03543564	0.01027013
80	-286.7612	-288.5128	1.751587	0.2321057	0.1833817	0.04872399	0.1833817
90	-225.9046	-231.5751	5.670438	0.05394635	0.03092597	0.02302039	0.03092597
100	-225.7667	-231.4109	5.644211	0.05399594	0.03190865	0.02208729	0.03190865
110	-253.6002	-257.7434	4.143128	0.1055528	0.0652147	0.04033815	0.0652147
120	-216.1345	-222.1476	6.013122	0.03310658	0.01724636	0.01586023	0.01724636
130	-211.4654	-217.7152	6.249766	0.02326954	0.007487439	0.0157821	0.007487439
140	-210.5517	-216.7972	6.245492	0.02323646	0.00430079	0.01893567	0.00430079
150	-239.9004	-243.9511	4.050709	0.0976883	0.08362194	0.01406636	0.08362194
160	-260.1947	-263.7592	3.564499	0.1342218	0.0952947	0.03892712	0.0952947
170	-227.5983	-233.1066	5.508306	0.05824575	0.03617992	0.02206583	0.03617992
180	-272.2031	-276.3043	4.10117	0.08968031	0.02405992	0.06562039	0.02405992
190	-261.9119	-264.8781	2.966209	0.1874327	0.1628209	0.02461183	0.1628209
200	-236.4541	-242.0425	5.58843	0.05527412	0.01136637	0.04390776	0.01136637
210	-212.4016	-218.5316	6.13009	0.02398962	0.00965891	0.01433071	0.00965891
220	-234.8901	-240.1125	5.222396	0.07030271	0.04079228	0.02951043	0.04079228
230	-224.8151	-230.5524	5.737312	0.05167046	0.02898451	0.02268594	0.02898451
240	-226.8677	-232.3536	5.485889	0.05711778	0.03679407	0.02032372	0.03679407
250	-214.2636	-220.5129	6.249315	0.03064048	0.004685608	0.02595488	0.004685608
260	-229.6899	-235.3252	5.635303	0.05734301	0.02697753	0.03036548	0.02697753
270	-211.8991	-218.0542	6.155041	0.02293315	0.008491848	0.0144413	0.008491848
280	-214.3804	-220.3906	6.010218	0.02831478	0.01404515	0.01426964	0.01404515
290	-212.1915	-218.5681	6.376563	0.02717488	0.006547643	0.02062724	0.006547643
300	-261.0495	-265.5967	4.547193	0.07973042	0.02087921	0.05885122	0.02087921
310	-221.1346	-227.1	5.965438	0.04417786	0.02243519	0.02174267	0.02243519
320	-234.3543	-239.3772	5.022907	0.0755042	0.05299256	0.02251164	0.05299256
330	-225.5348	-231.2406	5.705802	0.05303396	0.02979014	0.02324382	0.02979014
340	-258.3899	-262.708	4.318077	0.09002413	0.03797234	0.05205179	0.03797234
350	-251.1003	-255.1651	4.064794	0.1161795	0.08397375	0.03220578	0.08397375
360	-221.9265	-227.7926	5.866038	0.04595837	0.02525646	0.02070192	0.02525646
370	-247.8248	-252.6195	4.794714	0.07882435	0.03408627	0.04473808	0.03408627
380	-277.6433	-281.2644	3.621097	0.1042203	0.03829929	0.06592101	0.03829929
390	-213.1109	-219.4234	6.312559	0.02809249	0.01011788	0.0179746	0.01011788
400	-226.342	-231.0262	4.684201	0.05398462	0.04284407	0.01114054	0.04284407
410	-243.5635	-248.382	4.81842	0.08182871	0.04457102	0.03725769	0.04457102
420	-225.1578	-230.6679	5.510136	0.05337986	0.03502044	0.01835942	0.03502044
430	-246.0213	-250.2445	4.223174	0.1111878	0.08640029	0.02478748	0.08640029
440	-238.781	-243.301	4.51999	0.09177467	0.07283373	0.01894094	0.07283373
450	-247.435	-252.5551	5.120138	0.06675606	0.01624403	0.05051204	0.01624403
460	-276.6755	-279.7779	3.10233	0.1315294	0.07373417	0.05779525	0.07373417
470	-211.6032	-217.6368	6.033634	0.02031121	0.007197467	0.01311375	0.007197467
480	-228.2201	-233.8249	5.604763	0.05752533	0.03153276	0.02599257	0.03153276
490	-266.7016	-269.8623	3.160637	0.1512578	0.1089942	0.04226366	0.1089942
500	-265.8077	-269.4776	3.669865	0.1140479	0.06235687	0.05169103	0.06235687
510	-223.5597	-229.4192	5.859583	0.04868936	0.02514334	0.02354602	0.02514334
520	-221.5631	-226.9033	5.340149	0.04342256	0.03034456	0.013078	0.03034456
530	-264.5075	-267.6198	3.112305	0.1647459	0.128948	0.03579783	0.128948
540	-221.4218	-227.1803	5.758409	0.04488833	0.02702621	0.01786213	0.02702621
550	-284.0044	-285.0156	1.011187	0.3813543	0.3588187	0.0225356	0.3588187
560	-237.2449	-241.6214	4.376465	0.08813163	0.07283006	0.01530157	0.07283006
570	-210.5583	-216.7779	6.219591	0.02342583	0.003977921	0.01944791	0.003977921
580	-228.565	-234.183	5.617997	0.05746808	0.03028563	0.02718245	0.03028563
590	-240.6889	-244.8753	4.186359	0.0514678	0.00127754	0.05019026	0.00127754
600	-220.7064	-226.8583	6.151936	0.04179592	0.01484434	0.02695158	0.01484434
610	-245.5814	-249.851	4.2696	0.1089807	0.08382949	0.02515125	0.08382949
620	-210.6608	-216.9042	6.24343	0.02190413	0.005513731	0.0163904	0.005513731
630	-214.0933	-220.0647	5.9714	0.02973659	0.002880618	0.02685597	0.002880618
640	-214.7858	-220.9033	6.117474	0.03043862	0.01440151	0.01603711	0.01440151
650	-226.468	-232.2875	5.819454	0.05185073	0.02304133	0.0288094	0.02304133
660	-286.2591	-288.6893	2.430224	0.1609086	0.1005462	0.06036233	0.1005462
670	-240.1865	-245.0583	4.871805	0.08242932	0.05132915	0.03110018	0.05132915
680	-250.1644	-254.2117	4.047395	0.1189896	0.08973718	0.0292524	0.08973718
690	-230.0947	-234.9975	4.902762	0.06607375	0.05094881	0.01512494	0.05094881
700	-214.7555	-220.3707	5.615199	0.02540121	0.01429103	0.01111019	0.01429103
710	-250.2458	-255.1887	4.942895	0.07159454	0.02039098	0.05120356	0.02039098
720	-352.0021	-354.1624	2.160364	0.1220117	0.00502798	0.1169837	0.00502798
730	-227.298	-231.2256	3.927635	0.05319768	0.04493045	0.00826723	0.04493045
740	-238.6552	-243.886	5.230867	0.06810717	0.0299614	0.03814577	0.0299614
750	-250.0098	-254.451	4.441197	0.09344383	0.0527873	0.04065653	0.0527873
760	-252.6906	-256.3873	3.696714	0.1394218	0.114894	0.02452774	0.114894
770	-232.9683	-238.6807	5.712445	0.05311342	0.01261496	0.04049846	0.01261496
780	-271.607	-275.3462	3.739183	0.1038142	0.04327378	0.06054044	0.04327378
790	-287.4997	-287.5633	0.06357813	0.466257	0.4524685	0.01378848	0.4524685
800	-254.7925	-258.795	4.002514	0.1128126	0.07369983	0.03911272	0.07369983
810	-235.7696	-240.2566	4.487055	0.08323194	0.06794764	0.0152843	0.06794764
820	-221.6621	-227.8124	6.150347	0.04203827	0.01212812	0.02991015	0.01212812
830	-234.92	-239.8754	4.955368	0.07757616	0.05567353	0.02190264	0.05567353
840	-211.3032	-217.3868	6.083607	0.02033093	0.006679078	0.01365185	0.006679078
850	-234.2905	-239.7252	5.434702	0.06289584	0.02824331	0.03465253	0.02824331
860	-263.2226	-266.7971	3.574531	0.1253537	0.07993484	0.04541886	0.07993484
870	-210.0323	-216.0799	6.047547	0.019397	0.00361093	0.01578607	0.00361093
880	-289.8636	-290.9732	1.109611	0.3227265	0.2830417	0.03968485	0.2830417
890	-246.8428	-251.9944	5.151532	0.06592748	0.01564904	0.05027844	0.01564904
900	-243.2189	-248.4358	5.216939	0.05634491	0.00495767	0.05138724	0.00495767
910	-237.5581	-242.5216	4.963548	0.079517	0.05183074	0.02768626	0.05183074
920	-222.3229	-228.4519	6.129013	0.04259891	0.01167669	0.03092221	0.01167669
930	-251.4137	-255.0379	3.62421	0.1408701	0.1204846	0.02038552	0.1204846
940	-215.1998	-221.3425	6.142697	0.03165153	0.003992227	0.02765931	0.003992227
950	-215.364	-221.7225	6.358423	0.03306842	0.009205183	0.02386324	0.009205183
960	-230.0934	-235.0395	4.94608	0.06610697	0.05049157	0.0156154	0.05049157
970	-213.3146	-219.7014	6.386812	0.02940755	0.007927055	0.0214805	0.007927055
980	-235.7485	-240.7897	5.041227	0.07642939	0.05053814	0.02589125	0.05053814
990	-251.9117	-256.6353	4.723538	0.07860363	0.02887369	0.04972994	0.02887369
1000	-239.1429	-244.525	5.382104	0.0621956	0.01935883	0.04283677	0.01935883
1010	-224.4195	-229.6597	5.240143	0.05089914	0.0367437	0.01415544	0.0367437
1020	-242.3341	-247.3162	4.982122	0.07551989	0.0364645	0.0390554	0.0364645
1030	-268.921	-272.1474	3.226399	0.1387041	0.09060789	0.04809619	0.09060789
1040	-248.008	-249.9724	1.964426	0.1273465	0.1200102	0.00733631	0.1200102
1050	-228.5115	-233.8796	5.368004	0.04364044	0.002623762	0.04101668	0.002623762
1060	-241.8706	-247.2135	5.342909	0.05631613	0.006366188	0.04994994	0.006366188
1070	-213.7753	-219.9723	6.19696	0.02854518	0.01223288	0.0163123	0.01223288
1080	-223.5126	-229.4682	5.955576	0.04736281	0.02093747	0.02642534	0.02093747
1090	-237.1145	-241.6471	4.532643	0.0871663	0.07003015	0.01713615	0.07003015
1100	-211.1819	-217.4701	6.28827	0.02335928	0.00668581	0.01667347	0.00668581
1110	-256.786	-260.8784	4.092381	0.1032113	0.05796275	0.04524851	0.05796275
1120	-211.5431	-217.7627	6.219664	0.02298142	0.007698646	0.01528278	0.007698646
1130	-222.6201	-228.62	5.999814	0.0458803	0.02002969	0.02585061	0.02002969
1140	-317.8863	-320.8572	2.970947	0.1110878	0.01522243	0.0958654	0.01522243
1150	-238.9374	-244.2113	5.273905	0.06629684	0.02649618	0.03980067	0.02649618
1160	-236.2966	-241.7402	5.443666	0.06158989	0.02251958	0.03907031	0.02251958
1170	-293.3751	-293.2849	-0.09021402	0.5341766	0.5160909	0.01808576	0.5160909
1180	-242.1226	-246.0122	3.889653	0.1061344	0.09198077	0.01415363	0.09198077
1190	-222.4574	-228.0347	5.577368	0.04692515	0.03062272	0.01630243	0.03062272
1200	-217.7632	-224.0552	6.291919	0.03674646	0.01037779	0.02636866	0.01037779
1210	-213.9405	-220.3071	6.366661	0.03053622	0.006744772	0.02379144	0.006744772
1220	-215.8624	-221.5776	5.715172	0.0298589	0.01737662	0.01248229	0.01737662
1230	-242.4322	-246.6432	4.211	0.1051903	0.08677849	0.01841179	0.08677849
1240	-222.147	-227.9566	5.809587	0.04650819	0.02669137	0.01981682	0.02669137
1250	-245.3631	-249.4715	4.108415	0.1142684	0.09357498	0.02069346	0.09357498
1260	-246.3638	-250.5048	4.141032	0.1147973	0.09153161	0.02326571	0.09153161
1270	-219.8993	-225.6373	5.737949	0.04108504	0.02520286	0.01588218	0.02520286
1280	-221.4523	-227.613	6.16073	0.04062623	0.009020869	0.03160537	0.009020869
1290	-254.1707	-257.5109	3.34013	0.156485	0.1373665	0.01911857	0.1373665
1300	-228.8135	-234.6604	5.846893	0.04659114	0.00708477	0.03950637	0.00708477
1310	-213.8834	-219.9386	6.055244	0.02736322	0.01295194	0.01441128	0.01295194
1320	-214.8393	-221.1791	6.339802	0.03188743	0.006564054	0.02532338	0.006564054
1330	-297.9082	-301.3517	3.443536	0.09025344	0.00405308	0.08620036	0.00405308
1340	-228.4077	-234.2978	5.890072	0.04700929	0.008536001	0.03847329	0.008536001
1350	-253.0572	-257.3185	4.261333	0.09915652	0.05694307	0.04221346	0.05694307
1360	-290.6023	-291.433	0.8306229	0.3786208	0.3449426	0.03367825	0.3449426
1370	-231.6671	-237.165	5.497915	0.06145848	0.03084388	0.0306146	0.03084388
1380	-225.034	-230.5608	5.526829	0.05308015	0.03459107	0.01848908	0.03459107
1390	-266.9426	-269.277	2.334437	0.2348738	0.2152347	0.01963905	0.2152347
1400	-255.2983	-258.3379	3.039601	0.1667588	0.1507085	0.01605035	0.1507085
1410	-245.2902	-250.1043	4.814087	0.08026872	0.03963141	0.04063731	0.03963141
1420	-254.2619	-257.6031	3.341188	0.1567261	0.1374606	0.01926549	0.1374606
1430	-244.3371	-249.6392	5.302084	0.06079924	0.01055489	0.05024436	0.01055489
1440	-217.0392	-223.3193	6.280105	0.03486981	0.006837283	0.02803252	0.006837283
1450	-239.7468	-245.2172	5.470396	0.057129	0.01017371	0.04695529	0.01017371
1460	-246.0965	-250.4702	4.373687	0.1033097	0.073675	0.02963471	0.073675
1470	-214.2004	-220.5074	6.307062	0.03073302	0.00543845	0.02529457	0.00543845
1480	-264.1863	-267.2044	3.018085	0.1768595	0.1449156	0.03194394	0.1449156
1490	-289.1971	-293.0297	3.832652	0.09155483	0.01224316	0.07931167	0.01224316
1500	-238.4178	-243.6983	5.280439	0.06636813	0.02740484	0.03896329	0.02740484
1510	-248.8759	-253.1155	4.239631	0.1079396	0.07567878	0.0322608	0.07567878
1520	-221.3808	-227.5473	6.166537	0.04075548	0.009543686	0.03121179	0.009543686
1530	-225.4313	-231.2691	5.837809	0.05092152	0.02394599	0.02697553	0.02394599
1540	-240.4135	-245.8051	5.391592	0.05519954	0.006282372	0.04891717	0.006282372
1550	-231.8936	-237.4083	5.514702	0.06090216	0.02923067	0.03167149	0.02923067
1560	-212.5487	-218.4892	5.940554	0.02184342	0.00939644	0.01244698	0.00939644
1570	-220.3361	-226.0384	5.702278	0.04202919	0.02618427	0.01584492	0.02618427
1580	-225.5436	-231.3819	5.838332	0.05098457	0.02373028	0.02725429	0.02373028
1590	-224.3952	-230.1722	5.777026	0.05067492	0.0277451	0.02292982	0.0277451
1600	-306.1371	-309.1351	2.998012	0.1133648	0.02670378	0.08666104	0.02670378
1610	-220.8035	-226.8387	6.035252	0.04326773	0.02023979	0.02302794	0.02023979
1620	-217.7172	-223.9626	6.245376	0.03734802	0.01391416	0.02343386	0.01391416
1630	-232.6079	-237.6791	5.071151	0.0718236	0.05121564	0.02060795	0.05121564
1640	-218.1919	-223.7402	5.548278	0.03527511	0.02265659	0.01261851	0.02265659
1650	-215.612	-221.3366	5.724652	0.02919604	0.0167955	0.01240054	0.0167955
1660	-257.6811	-260.8772	3.196084	0.1701824	0.1483464	0.02183608	0.1483464
1670	-232.005	-237.7661	5.761061	0.05098134	0.01021512	0.04076622	0.01021512
1680	-286.6295	-288.7013	2.071772	0.1930487	0.1381691	0.05487965	0.1381691
1690	-227.0778	-232.9899	5.912105	0.0491616	0.01544445	0.03371715	0.01544445
1700	-277.6321	-278.2756	0.6434831	0.3487675	0.3371285	0.011639	0.3371285
1710	-211.42	-217.7556	6.33563	0.02469804	0.006729395	0.01796865	0.006729395
1720	-210.8123	-216.8303	6.01802	0.01857623	0.005000806	0.01357543	0.005000806
1730	-276.5515	-280.4988	3.94734	0.09295838	0.0245713	0.06838709	0.0245713
1740	-243.3814	-247.8523	4.470866	0.09968613	0.07356036	0.02612577	0.07356036
1750	-236.1941	-240.9028	4.708748	0.08340672	0.06458867	0.01881805	0.06458867
1760	-222.1858	-228.2564	6.070519	0.04019612	0.006272243	0.03392388	0.006272243
1770	-220.3361	-226.5342	6.198141	0.04045621	0.01201072	0.02844549	0.01201072
1780	-215.2821	-220.2288	4.946738	0.01903697	0.01097967	0.008057299	0.01097967
1790	-356.4607	-356.52	0.05932734	0.2193774	0.1135565	0.105821	0.1135565
1800	-259.9036	-264.5569	4.653372	0.07660999	0.01759846	0.05901153	0.01759846
1810	-224.8876	-230.7716	5.884016	0.04202195	0.004915941	0.03710601	0.004915941
1820	-210.3236	-216.0699	5.746315	0.01673892	0.002762153	0.01397676	0.002762153
1830	-241.9394	-246.515	4.575581	0.09506679	0.06909835	0.02596843	0.06909835
1840	-251.7697	-255.3702	3.600452	0.1424271	0.1219577	0.02046941	0.1219577
1850	-238.4601	-243.9539	5.493719	0.05812607	0.01348526	0.04464081	0.01348526
1860	-216.696	-222.8946	6.198601	0.0355154	0.01548646	0.02002894	0.01548646
1870	-212.1887	-218.3257	6.137022	0.02347985	0.009162419	0.01431744	0.009162419
1880	-233.3843	-237.902	4.517715	0.07559884	0.0618038	0.01379504	0.0618038
1890	-216.9614	-222.908	5.946517	0.03477089	0.01901043	0.01576045	0.01901043
1900	-255.262	-258.8044	3.542476	0.1484887	0.1225762	0.02591246	0.1225762
1910	-267.7222	-272.2372	4.514999	0.07636948	0.009973832	0.06639565	0.009973832
1920	-247.9565	-251.9821	4.025599	0.1208658	0.09740696	0.02345886	0.09740696
1930	-236.9056	-241.9707	5.065121	0.07574266	0.04640573	0.02933693	0.04640573
1940	-237.0115	-241.3779	4.366375	0.08738547	0.07238505	0.01500041	0.07238505
1950	-245.3977	-249.2913	3.893573	0.1179991	0.100946	0.01705301	0.100946
1960	-249.5672	-253.6471	4.079863	0.1175923	0.08879159	0.02880075	0.08879159
1970	-307.5994	-308.3667	0.7673285	0.266518	0.202606	0.06391206	0.202606
1980	-213.5868	-219.971	6.384237	0.02995963	0.007487185	0.02247245	0.007487185
1990	-243.0323	-248.2976	5.265297	0.06411245	0.01736635	0.0467461	0.01736635
2000	-213.8889	-220.0074	6.11854	0.02804371	0.01281612	0.01522759	0.01281612
2010	-245.0668	-250.0506	4.983879	0.07331281	0.02922475	0.04408806	0.02922475
2020	-216.8228	-223.1087	6.285883	0.03458847	0.006789275	0.02779919	0.006789275
2030	-220.8679	-226.7784	5.910525	0.04380103	0.02380859	0.01999243	0.02380859
2040	-221.3916	-227.4833	6.091657	0.0433721	0.01715363	0.02621846	0.01715363
2050	-219.9125	-225.8685	5.955977	0.04182851	0.02232688	0.01950163	0.02232688
2060	-237.1291	-242.6841	5.55499	0.05643529	0.0124258	0.0440095	0.0124258
2070	-220.8919	-226.0739	5.182018	0.04057533	0.02903028	0.01154505	0.02903028
2080	-276.5481	-279.774	3.225897	0.1242181	0.06471706	0.05950108	0.06471706
2090	-241.4273	-245.8708	4.443514	0.09877175	0.07733356	0.02143819	0.07733356
2100	-251.2666	-255.6675	4.400966	0.0938931	0.0517702	0.0421229	0.0517702
2110	-210.7244	-216.9899	6.265505	0.02380112	0.004436854	0.01936426	0.004436854
2120	-221.2548	-226.6953	5.440499	0.04312283	0.02937449	0.01374835	0.02937449
2130	-251.1868	-254.947	3.760257	0.1353367	0.1122532	0.02308348	0.1122532
2140	-246.03	-250.5036	4.473636	0.0974645	0.06476932	0.03269518	0.06476932
2150	-211.3382	-217.2535	5.915235	0.01790679	0.005466933	0.01243985	0.005466933
2160	-212.5103	-218.8924	6.382157	0.02785363	0.006816063	0.02103757	0.006816063
2170	-215.4722	-221.762	6.2898	0.03327061	0.01271966	0.02055096	0.01271966
2180	-213.6718	-219.505	5.833201	0.02421189	0.01211063	0.01210126	0.01211063
2190	-219.6583	-225.0309	5.372544	0.03824262	0.02607347	0.01216915	0.02607347
2200	-229.5302	-234.9619	5.431702	0.06199169	0.03820585	0.02378584	0.03820585
2210	-220.4735	-225.5419	5.068377	0.03863903	0.02796201	0.01067702	0.02796201
2220	-271.8423	-275.4024	3.560098	0.1120464	0.05371617	0.05833023	0.05371617
2230	-218.8822	-225.1237	6.241538	0.0374033	0.007930013	0.02947329	0.007930013
2240	-242.2994	-246.9914	4.69207	0.08952339	0.05901229	0.0305111	0.05901229
2250	-215.5603	-221.6684	6.108182	0.03235519	0.01565809	0.0166971	0.01565809
2260	-235.4156	-240.5367	5.121087	0.07378438	0.04621811	0.02756628	0.04621811
2270	-218.5779	-224.5322	5.954347	0.03882726	0.02116936	0.0176579	0.02116936
2280	-218.3916	-224.4646	6.072969	0.03877941	0.01905948	0.01971993	0.01905948
2290	-215.8978	-222.0073	6.109502	0.03320887	0.01611113	0.01709774	0.01611113
2300	-215.8447	-222.0236	6.178817	0.03353431	0.015201	0.01833331	0.015201
2310	-234.0761	-239.7123	5.636225	0.05570571	0.01558059	0.04012512	0.01558059
2320	-219.7218	-225.7086	5.986783	0.0367068	0.004044855	0.03266194	0.004044855
2330	-218.0567	-224.029	5.972374	0.03766573	0.02033522	0.01733051	0.02033522
2340	-231.0555	-236.6424	5.586872	0.05873605	0.02673264	0.03200341	0.02673264
2350	-220.8659	-226.4161	5.550171	0.04265657	0.02811845	0.01453812	0.02811845
2360	-253.6893	-257.6827	3.993341	0.1159613	0.07962439	0.03633692	0.07962439
2370	-223.5478	-229.5994	6.051634	0.04194272	0.007219441	0.03472328	0.007219441
2380	-271.8363	-276.225	4.388669	0.07794074	0.00853703	0.06940371	0.00853703
2390	-225.7508	-231.636	5.885197	0.05003837	0.02068965	0.02934872	0.02068965
2400	-232.3279	-237.4691	5.141184	0.07043384	0.04873033	0.0217035	0.04873033
2410	-277.3411	-281.4992	4.158111	0.0791637	0.005625437	0.07353826	0.005625437
2420	-215.1347	-221.4947	6.359977	0.03255793	0.007960613	0.02459731	0.007960613
2430	-231.413	-237.1119	5.698905	0.05492666	0.01858255	0.03634411	0.01858255
2440	-237.3669	-242.4107	5.043775	0.07645288	0.04668765	0.02976522	0.04668765
2450	-235.1607	-240.5418	5.381166	0.06442934	0.02943978	0.03498956	0.02943978
2460	-237.3608	-242.6555	5.294715	0.06646375	0.02924301	0.03722073	0.02924301
2470	-214.5153	-220.7053	6.189978	0.03083449	0.00419043	0.02664406	0.00419043
2480	-284.2598	-287.2547	2.994826	0.1272424	0.06149654	0.06574585	0.06149654
2490	-212.4358	-218.3332	5.897386	0.02082404	0.008767842	0.0120562	0.008767842
2500	-221.3484	-227.5105	6.162133	0.04165879	0.01206381	0.02959498	0.01206381
2510	-231.1542	-236.3524	5.198232	0.0676672	0.04666217	0.02100503	0.04666217
2520	-241.6381	-246.5958	4.957772	0.07720118	0.04021791	0.03698327	0.04021791
2530	-244.5203	-248.2349	3.714632	0.1158322	0.1015867	0.01424544	0.1015867
2540	-236.5075	-240.8978	4.390294	0.08570758	0.07085824	0.01484934	0.07085824
2550	-237.1151	-237.5606	0.4454964	0.07152718	0.06762691	0.003900271	0.06762691
2560	-221.797	-227.7091	5.912113	0.0455589	0.02397571	0.02158319	0.02397571
2570	-215.4937	-221.7302	6.236542	0.03237213	0.004989925	0.0273822	0.004989925
2580	-214.2312	-220.5863	6.355081	0.0309759	0.006555004	0.02442089	0.006555004
2590	-229.2466	-234.8276	5.58097	0.058683	0.03109371	0.02758928	0.03109371
2600	-227.8377	-233.7471	5.909362	0.04868839	0.01290612	0.03578227	0.01290612
2610	-249.1103	-252.6126	3.502358	0.1354108	0.1196635	0.01574735	0.1196635
2620	-226.1042	-231.6523	5.548114	0.05527694	0.0348337	0.02044323	0.0348337
2630	-214.7383	-221.0856	6.347255	0.031998	0.01063609	0.0213619	0.01063609
2640	-216.5404	-222.8348	6.294378	0.03527504	0.01247903	0.02279601	0.01247903
2650	-225.6044	-231.1034	5.498943	0.05440706	0.03565897	0.01874809	0.03565897
2660	-224.3902	-230.019	5.628874	0.04046304	0.003021398	0.03744164	0.003021398
2670	-331.0408	-333.7868	2.746024	0.112495	0.007694578	0.1048004	0.007694578
2680	-244.818	-249.8723	5.054369	0.07079423	0.02563786	0.04515637	0.02563786
2690	-226.9163	-232.6144	5.698116	0.05467868	0.02874315	0.02593553	0.02874315
2700	-214.6814	-221.0479	6.366529	0.03181345	0.007604336	0.02420911	0.007604336
2710	-218.2528	-224.4134	6.160628	0.03852652	0.01681954	0.02170698	0.01681954
2720	-229.3114	-234.5935	5.282049	0.06332316	0.04344854	0.01987462	0.04344854
2730	-213.7514	-220.1339	6.382448	0.03022391	0.008556433	0.02166748	0.008556433
2740	-215.6678	-221.9811	6.313349	0.03371359	0.01197775	0.02173584	0.01197775
2750	-269.9586	-273.0013	3.042707	0.1518251	0.105897	0.04592812	0.105897
2760	-212.6262	-219.0111	6.384817	0.02802242	0.007290123	0.0207323	0.007290123
2770	-233.1248	-237.9516	4.826761	0.07469987	0.05767077	0.0170291	0.05767077
2780	-228.7749	-234.502	5.727085	0.05468115	0.02347626	0.03120489	0.02347626
2790	-221.4597	-227.1751	5.715418	0.04487378	0.02765763	0.01721614	0.02765763
2800	-375.323	-375.2002	-0.1227746	0.2114286	0.09210922	0.1193194	0.09210922
2810	-245.3974	-250.0664	4.668985	0.0872754	0.05020086	0.03707454	0.05020086
2820	-246.7267	-249.49	2.763335	0.1244459	0.1149241	0.009521817	0.1149241
2830	-263.263	-266.1072	2.844207	0.1966147	0.172342	0.02427268	0.172342
2840	-221.271	-227.2116	5.94057	0.04451338	0.02315502	0.02135836	0.02315502
2850	-224.0553	-229.9889	5.933603	0.04816281	0.02121012	0.02695269	0.02121012
2860	-230.7451	-236.5047	5.759565	0.05303015	0.01613931	0.03689084	0.01613931
2870	-229.6871	-235.0718	5.384705	0.06292318	0.0400741	0.02284908	0.0400741
2880	-221.0865	-226.9356	5.849153	0.04425897	0.02520258	0.01905638	0.02520258
2890	-264.0693	-266.0276	1.95834	0.2264089	0.2137473	0.01266164	0.2137473
2900	-215.6502	-221.9959	6.345687	0.03362404	0.01021193	0.0234121	0.01021193
2910	-262.829	-266.5227	3.693655	0.1177128	0.07039419	0.0473186	0.07039419
2920	-213.5472	-218.926	5.37883	0.01615727	0.006815241	0.009342025	0.006815241
2930	-220.0063	-225.8687	5.86241	0.04185054	0.02399059	0.01785995	0.02399059
2940	-214.5288	-220.8666	6.337844	0.03152828	0.01093335	0.02059493	0.01093335
2950	-235.715	-240.5828	4.867732	0.08038935	0.0591296	0.02125975	0.0591296
2960	-246.8915	-252.0602	5.168735	0.06516628	0.01441971	0.05074656	0.01441971
2970	-233.5587	-239.2092	5.650448	0.05550447	0.01603006	0.03947441	0.01603006
2980	-247.1942	-251.7111	4.516862	0.09323676	0.05649761	0.03673915	0.05649761
2990	-230.6259	-236.3811	5.755223	0.05326681	0.0168116	0.0364552	0.0168116
3000	-230.6513	-236.432	5.780679	0.05222044	0.01474671	0.03747374	0.01474671
3010	-218.3547	-224.0109	5.656201	0.03649111	0.02282422	0.01366689	0.02282422
3020	-219.9981	-226.1814	6.183309	0.04069462	0.01421806	0.02647657	0.01421806
3030	-259.7779	-264.2297	4.45175	0.08377256	0.02781524	0.05595732	0.02781524
3040	-270.782	-274.7729	3.990877	0.09427774	0.03148543	0.06279232	0.03148543
3050	-260.5622	-263.9652	3.402971	0.1484116	0.1134529	0.03495867	0.1134529
3060	-231.5034	-236.995	5.491601	0.0616564	0.03162559	0.03003081	0.03162559
3070	-227.4652	-233.3822	5.916981	0.04585827	0.007906315	0.03795195	0.007906315
3080	-235.191	-240.6235	5.432522	0.06256095	0.02603903	0.03652191	0.02603903
3090	-240.84	-245.9088	5.068783	0.05339051	0.003196505	0.050194	0.003196505
3100	-244.5605	-249.6907	5.130207	0.06816337	0.02185716	0.04630621	0.02185716
3110	-222.2953	-228.3281	6.032851	0.04508145	0.01884371	0.02623774	0.01884371
3120	-234.0256	-239.7086	5.683046	0.05221189	0.00944332	0.04276857	0.00944332
3130	-281.8245	-285.814	3.989435	0.0814304	0.0050195	0.0764109	0.0050195
3140	-477.8073	-476.4839	-1.323405	0.2254271	0.04415224	0.1812749	0.04415224
3150	-283.0356	-286.9601	3.924477	0.08185884	0.004639718	0.07721912	0.004639718
3160	-225.601	-231.3148	5.713828	0.0530299	0.02943476	0.02359514	0.02943476
3170	-215.5554	-220.7031	5.147724	0.02328719	0.0142904	0.008996788	0.0142904
3180	-213.1044	-219.396	6.291619	0.02784294	0.01036865	0.01747429	0.01036865
3190	-240.7207	-245.9226	5.201903	0.06788614	0.02651608	0.04137006	0.02651608
3200	-224.1218	-230.0003	5.878475	0.0491253	0.02382147	0.02530383	0.02382147
3210	-231.3945	-237.1379	5.743429	0.05324343	0.01541138	0.03783204	0.01541138
3220	-213.5546	-218.8933	5.338745	0.01500589	0.005720376	0.009285513	0.005720376
3230	-221.9253	-228.058	6.132714	0.04268023	0.01306819	0.02961204	0.01306819
3240	-241.7302	-246.9467	5.216576	0.05488856	0.004384868	0.05050369	0.004384868
3250	-211.5586	-217.5837	6.025126	0.02006105	0.007012576	0.01304847	0.007012576
3260	-212.3846	-218.7413	6.356722	0.0269724	0.008290008	0.01868239	0.008290008
3270	-237.8169	-242.4614	4.644517	0.08792187	0.06802076	0.01990112	0.06802076
3280	-248.3402	-252.3351	3.994814	0.1224866	0.09905692	0.02342973	0.09905692
3290	-235.0508	-240.4154	5.364556	0.06508525	0.03082375	0.0342615	0.03082375
3300	-226.1063	-232.084	5.977715	0.04695988	0.01276932	0.03419056	0.01276932
3310	-216.9218	-222.9307	6.008939	0.03347955	0.003514144	0.02996541	0.003514144
3320	-241.7981	-246.637	4.838915	0.08264058	0.04873085	0.03390972	0.04873085
3330	-245.0771	-250.2565	5.179434	0.06604082	0.01790299	0.04813782	0.01790299
3340	-216.8485	-223.0902	6.241698	0.03588813	0.01437951	0.02150863	0.01437951
3350	-214.6138	-220.6754	6.061634	0.0306471	0.003364474	0.02728262	0.003364474
3360	-266.7412	-270.1713	3.43013	0.1281388	0.07956636	0.04857239	0.07956636
3370	-248.7036	-253.4983	4.794759	0.07812193	0.03194364	0.04617829	0.03194364
3380	-212.256	-218.6349	6.378861	0.02717274	0.007110533	0.0200622	0.007110533
3390	-242.1996	-246.4707	4.271098	0.1037228	0.08458107	0.01914175	0.08458107
3400	-239.6365	-244.4581	4.821648	0.08491383	0.05674348	0.02817035	0.05674348
3410	-220.4422	-226.538	6.095783	0.04228375	0.01812781	0.02415594	0.01812781
3420	-227.8144	-233.0228	5.208399	0.06000526	0.04323421	0.01677105	0.04323421
3430	-215.8993	-222.0957	6.196358	0.03376082	0.0149783	0.01878253	0.0149783
3440	-227.5836	-232.9537	5.37017	0.05916589	0.04007553	0.01909035	0.04007553
3450	-213.1144	-219.3576	6.243256	0.02884531	0.004306995	0.02453832	0.004306995
3460	-229.1987	-235.0591	5.860409	0.04772316	0.008590663	0.0391325	0.008590663
3470	-287.1353	-287.9039	0.7686192	0.4134348	0.3900435	0.02339132	0.3900435
3480	-255.8959	-260.7793	4.883455	0.07003558	0.01212616	0.05790942	0.01212616
3490	-241.3114	-246.6571	5.345621	0.05564548	0.005959669	0.04968581	0.005959669
3500	-260.1118	-264.5141	4.402245	0.08539996	0.02974565	0.05565431	0.02974565
3510	-267.5355	-270.71	3.174517	0.1471766	0.1028534	0.04432325	0.1028534
3520	-224.2937	-230.2513	5.957611	0.04781851	0.01944335	0.02837516	0.01944335
3530	-247.2543	-251.4443	4.189924	0.1128349	0.08621553	0.02661936	0.08621553
3540	-217.0227	-223.3075	6.284793	0.03607721	0.01258642	0.02349079	0.01258642
3550	-262.4768	-265.7517	3.274901	0.154828	0.1190687	0.03575934	0.1190687
3560	-213.6977	-219.1206	5.422958	0.01829492	0.008768562	0.009526353	0.008768562
3570	-216.4622	-222.7566	6.294433	0.03410586	0.006684054	0.0274218	0.006684054
3580	-223.2623	-229.2921	6.029727	0.04576139	0.01724006	0.02852133	0.01724006
3590	-256.1971	-259.7465	3.549381	0.1468007	0.1183741	0.02842661	0.1183741
3600	-255.0147	-259.2966	4.281916	0.0952519	0.04904838	0.04620351	0.04904838
3610	-254.0049	-258.8428	4.837896	0.0732336	0.01873145	0.05450215	0.01873145
3620	-218.255	-224.2574	6.002426	0.03505671	0.003771055	0.03128565	0.003771055
3630	-232.411	-237.819	5.407929	0.06425793	0.03474345	0.02951449	0.03474345
3640	-276.9513	-278.1017	1.150482	0.3351169	0.3200028	0.01511405	0.3200028
3650	-212.4743	-218.7713	6.296947	0.0263592	0.009288685	0.01707052	0.009288685
3660	-294.7231	-296.7967	2.073607	0.17062	0.104529	0.066091	0.104529
3670	-227.5492	-232.1903	4.641103	0.05749483	0.04605629	0.01143854	0.04605629
3680	-247.7856	-250.6143	2.828706	0.1298667	0.1197097	0.01015694	0.1197097
3690	-215.9673	-222.2329	6.265636	0.03420465	0.01354691	0.02065774	0.01354691
3700	-210.9633	-216.9845	6.021207	0.01878191	0.005378081	0.01340383	0.005378081
3710	-212.6992	-218.2989	5.599669	0.01665981	0.006324463	0.01033535	0.006324463
3720	-222.184	-228.083	5.899028	0.03911105	0.004083326	0.03502772	0.004083326
3730	-244.3354	-249.3397	5.004309	0.07303522	0.02975431	0.04328091	0.02975431
3740	-287.8715	-291.7611	3.889652	0.08983162	0.01106384	0.07876778	0.01106384
3750	-234.9251	-239.7537	4.82857	0.07926093	0.06000961	0.01925132	0.06000961
3760	-230.3878	-236.165	5.777183	0.05255775	0.01586651	0.03669124	0.01586651
3770	-233.1099	-238.2063	5.096466	0.07236632	0.05033569	0.02203063	0.05033569
3780	-235.7264	-240.9132	5.186861	0.07142707	0.04105288	0.03037419	0.04105288
3790	-220.1267	-226.1017	5.974933	0.03712444	0.004070268	0.03305418	0.004070268
3800	-228.4877	-231.5666	3.078859	0.0529103	0.04651159	0.006398715	0.04651159
3810	-240.6499	-245.385	4.73515	0.08837287	0.06050451	0.02786836	0.06050451
3820	-268.0634	-272.1766	4.11316	0.09133878	0.03008779	0.06125099	0.03008779
3830	-209.9423	-215.9933	6.050992	0.01992765	0.003395875	0.01653178	0.003395875
3840	-231.5582	-236.7613	5.203091	0.06830931	0.04650255	0.02180676	0.04650255
3850	-240.6077	-245.6256	5.017831	0.07542611	0.03898104	0.03644507	0.03898104
3860	-269.3962	-272.7289	3.332713	0.1295192	0.07848116	0.05103804	0.07848116
3870	-223.4054	-229.4759	6.07048	0.04207306	0.007800125	0.03427294	0.007800125
3880	-231.5369	-237.2737	5.736811	0.05341512	0.01549252	0.0379226	0.01549252
3890	-222.5826	-226.9093	4.326637	0.04054078	0.03223652	0.008304252	0.03223652
3900	-280.9025	-282.5517	1.649205	0.2896093	0.2568765	0.03273277	0.2568765
3910	-259.0601	-263.7108	4.650692	0.07714514	0.01919232	0.05795282	0.01919232
3920	-218.6075	-224.6872	6.079633	0.03923308	0.01901835	0.02021473	0.01901835
3930	-227.7669	-233.6903	5.923419	0.04764694	0.01092188	0.03672506	0.01092188
3940	-212.8282	-218.8251	5.996966	0.02351849	0.01042731	0.01309118	0.01042731
3950	-216.1599	-222.4525	6.292627	0.03461568	0.012698	0.02191768	0.012698
3960	-217.3764	-223.4162	6.039729	0.03637557	0.01872019	0.01765539	0.01872019
3970	-218.2225	-224.1054	5.882898	0.0375961	0.02144158	0.01615452	0.02144158
3980	-253.447	-257.288	3.841022	0.1285293	0.09764204	0.03088729	0.09764204
3990	-232.1214	-237.1253	5.003972	0.07133506	0.05271591	0.01861916	0.05271591
4000	-252.8657	-257.0324	4.166669	0.1053865	0.06597186	0.03941468	0.06597186
4010	-225.8013	-231.4153	5.614039	0.05429701	0.03287657	0.02142044	0.03287657
4020	-235.2168	-239.3896	4.172728	0.08101833	0.06880786	0.01221046	0.06880786
4030	-306.8828	-308.4818	1.59899	0.1831647	0.1090069	0.0741578	0.1090069
4040	-215.9684	-221.07	5.101652	0.02444514	0.01547517	0.008969966	0.01547517
4050	-220.5103	-226.6353	6.125031	0.04204589	0.01670159	0.02534431	0.01670159
4060	-214.7457	-221.1034	6.357721	0.03185192	0.00716266	0.02468925	0.00716266
4070	-231.4114	-237.0175	5.606091	0.0580495	0.02462776	0.03342174	0.02462776
4080	-215.4982	-221.6387	6.140464	0.03244206	0.01526837	0.01717369	0.01526837
4090	-216.4292	-222.6764	6.247153	0.03373694	0.005602816	0.02813412	0.005602816
4100	-239.0474	-243.9646	4.917265	0.08104672	0.05125637	0.02979035	0.05125637
4110	-224.9776	-230.9118	5.934223	0.0425054	0.005678004	0.0368274	0.005678004
4120	-231.9178	-236.8645	4.946706	0.07108935	0.05363806	0.01745129	0.05363806
4130	-240.4293	-245.2564	4.827084	0.0843359	0.0540708	0.0302651	0.0540708
4140	-247.1466	-249.3597	2.21317	0.124177	0.1163709	0.00780604	0.1163709
4150	-212.0911	-218.4033	6.31216	0.02565333	0.008452651	0.01720068	0.008452651
4160	-226.5695	-228.4198	1.850249	0.04079836	0.03640827	0.004390095	0.03640827
4170	-227.7566	-233.4383	5.681733	0.0555892	0.02825649	0.0273327	0.02825649
4180	-228.6626	-234.4937	5.831145	0.04611486	0.006443075	0.03967178	0.006443075
4190	-243.8794	-248.7812	4.901769	0.0776656	0.03759736	0.04006825	0.03759736
4200	-239.4819	-244.9598	5.477963	0.05733939	0.01085143	0.04648796	0.01085143
4210	-218.708	-222.7532	4.045171	0.02573236	0.01916615	0.006566215	0.01916615
4220	-259.124	-263.2539	4.129937	0.09799034	0.04813985	0.0498505	0.04813985
4230	-218.2507	-223.5583	5.307624	0.03369168	0.02269451	0.01099717	0.02269451
4240	-223.687	-229.2661	5.579022	0.04994734	0.03226604	0.0176813	0.03226604
4250	-213.9566	-219.3507	5.394177	0.01922225	0.009751936	0.009470312	0.009751936
4260	-229.6607	-234.9476	5.286973	0.06398554	0.04347327	0.02051226	0.04347327
4270	-213.5245	-219.8657	6.34121	0.02935733	0.01011	0.01924733	0.01011
4280	-220.6001	-226.7966	6.196436	0.04022239	0.01041798	0.02980441	0.01041798
4290	-305.0669	-308.3855	3.318599	0.09506684	0.004771649	0.09029519	0.004771649
4300	-218.1467	-224.3912	6.244497	0.03794881	0.01352449	0.02442432	0.01352449
4310	-265.1966	-269.7848	4.588205	0.07292793	0.007490706	0.06543722	0.007490706
4320	-245.9059	-250.6	4.694126	0.08536336	0.04653142	0.03883193	0.04653142
4330	-220.6874	-226.6351	5.947715	0.04340317	0.02286745	0.02053572	0.02286745
4340	-220.8613	-226.6072	5.745907	0.04351783	0.02651544	0.01700238	0.02651544
4350	-260.9121	-264.7328	3.820752	0.1129457	0.06627615	0.0466695	0.06627615
4360	-235.1599	-240.6484	5.4885	0.0605791	0.02256129	0.03801781	0.02256129
4370	-257.3102	-261.1099	3.799704	0.1222976	0.08324697	0.03905063	0.08324697
4380	-266.2463	-269.7814	3.535081	0.121796	0.07194487	0.04985111	0.07194487
4390	-225.8177	-231.8084	5.990654	0.04656997	0.01253798	0.03403199	0.01253798
4400	-217.7776	-224.0676	6.289955	0.03683563	0.01067225	0.02616339	0.01067225
4410	-230.7276	-234.6775	3.949877	0.06458767	0.05529192	0.00929575	0.05529192
4420	-239.9271	-244.7662	4.83904	0.08406438	0.05463818	0.0294262	0.05463818
4430	-291.0745	-291.0647	-0.009874784	0.5081807	0.4918468	0.01633398	0.4918468
4440	-263.0528	-266.1839	3.131122	0.1683376	0.1356919	0.03264574	0.1356919
4450	-214.4389	-220.8041	6.365186	0.03147741	0.009757536	0.02171988	0.009757536
4460	-224.3284	-230.2283	5.899909	0.04896978	0.02250961	0.02646018	0.02250961
4470	-233.5618	-238.7415	5.179737	0.0712082	0.04606492	0.02514328	0.04606492
4480	-223.3001	-228.8321	5.531942	0.04891891	0.03237107	0.01654784	0.03237107
4490	-259.6956	-262.4295	2.733917	0.1919015	0.1752565	0.01664508	0.1752565
4500	-240.4033	-245.4846	5.081298	0.07287784	0.03513559	0.03774225	0.03513559
4510	-236.6145	-242.1876	5.573113	0.05338015	0.007949747	0.0454304	0.007949747
4520	-220.4717	-226.1996	5.727915	0.04248664	0.02616338	0.01632326	0.02616338
4530	-243.2745	-247.8079	4.533419	0.09680533	0.06899238	0.02781295	0.06899238
4540	-244.7416	-249.6204	4.878815	0.07789635	0.03674343	0.04115292	0.03674343
4550	-217.581	-223.5421	5.961156	0.03643918	0.01982784	0.01661134	0.01982784
4560	-264.1878	-267.501	3.313237	0.1449064	0.1040186	0.04088783	0.1040186
4570	-252.7293	-257.7386	5.009293	0.06549883	0.008677063	0.05682177	0.008677063
4580	-214.9603	-221.147	6.186714	0.03146453	0.01407709	0.01738743	0.01407709
4590	-262.6915	-267.3189	4.627385	0.07020746	0.005989593	0.06421787	0.005989593
4600	-232.3629	-237.6923	5.329409	0.06656141	0.03961835	0.02694306	0.03961835
4610	-262.7301	-266.967	4.236906	0.0900041	0.03345121	0.05655289	0.03345121
4620	-244.6582	-249.231	4.572871	0.09349217	0.06100637	0.0324858	0.06100637
4630	-233.562	-238.5134	4.951326	0.07503325	0.05540117	0.01963208	0.05540117
4640	-212.8609	-219.1261	6.265185	0.02692931	0.01021881	0.0167105	0.01021881
4650	-212.3579	-218.2554	5.897518	0.02055606	0.008517749	0.01203832	0.008517749
4660	-246.773	-250.4013	3.628228	0.1251688	0.1100454	0.01512336	0.1100454
4670	-217.6062	-223.8993	6.293133	0.03605842	0.008511547	0.02754687	0.008511547
4680	-223.7982	-229.3758	5.577644	0.05020912	0.03241628	0.01779284	0.03241628
4690	-224.6955	-229.5285	4.833043	0.04975764	0.03850219	0.01125545	0.03850219
4700	-241.7661	-245.914	4.14795	0.1038114	0.08709546	0.01671597	0.08709546
4710	-252.3649	-255.6292	3.264268	0.1511957	0.1352422	0.01595349	0.1352422
4720	-239.1722	-244.5447	5.372517	0.06253227	0.01987876	0.04265351	0.01987876
4730	-255.3571	-259.9306	4.573491	0.08201219	0.02996993	0.05204226	0.02996993
4740	-218.1982	-222.044	3.845881	0.01336951	0.00765765	0.00571186	0.00765765
4750	-264.6745	-269.2347	4.560171	0.07732322	0.01405472	0.0632685	0.01405472
4760	-233.8558	-239.0962	5.24037	0.0696528	0.04201476	0.02763803	0.04201476
4770	-258.811	-262.1938	3.382808	0.1558181	0.1260657	0.02975238	0.1260657
4780	-224.116	-229.3552	5.239245	0.05005006	0.03612441	0.01392564	0.03612441
4790	-241.0107	-245.7413	4.730654	0.08845968	0.05986338	0.02859629	0.05986338
4800	-231.3427	-236.7927	5.449988	0.06286118	0.03452488	0.02833631	0.03452488
4810	-223.7289	-229.7742	6.045276	0.0454392	0.01498149	0.0304577	0.01498149
4820	-257.6878	-261.3122	3.624436	0.1363006	0.1015841	0.03471648	0.1015841
4830	-216.814	-223.1253	6.311374	0.03555896	0.01114732	0.02441164	0.01114732
4840	-243.7993	-247.8274	4.028101	0.1113781	0.09416444	0.01721365	0.09416444
4850	-231.1038	-236.2431	5.139255	0.06811756	0.04841629	0.01970126	0.04841629
4860	-252.4735	-256.8961	4.422589	0.09119991	0.04639058	0.04480933	0.04639058
4870	-218.2035	-224.3082	6.104729	0.03843768	0.01828095	0.02015673	0.01828095
4880	-254.4157	-257.9501	3.534416	0.1490675	0.1252701	0.02379736	0.1252701
4890	-218.6639	-224.6749	6.010913	0.03556656	0.0039324	0.03163416	0.0039324
4900	-239.1061	-241.4787	2.372615	0.08842433	0.08174557	0.00667876	0.08174557
4910	-210.1702	-216.2	6.029801	0.02228298	0.002884372	0.0193986	0.002884372
4920	-267.9868	-270.9412	2.95438	0.1683029	0.1287874	0.03951546	0.1287874
4930	-239.9407	-244.6953	4.754541	0.08762417	0.06083022	0.02679395	0.06083022
4940	-226.9225	-232.86	5.937511	0.04820166	0.01372078	0.03448087	0.01372078
4950	-216.6634	-221.0155	4.352063	0.0172542	0.0106129	0.006641294	0.0106129
4960	-281.8191	-283.6115	1.79236	0.2567125	0.2174132	0.03929926	0.2174132
4970	-289.5127	-289.9747	0.4620047	0.4567031	0.4352831	0.02142002	0.4352831
4980	-215.8611	-222.2043	6.34317	0.03365738	0.008174436	0.02548294	0.008174436
4990	-258.9818	-262.5399	3.55816	0.1385068	0.1026434	0.03586336	0.1026434
5000	-217.7793	-223.9966	6.217229	0.03757164	0.01503112	0.02254052	0.01503112
5010	-298.9002	-301.5926	2.6924	0.1283742	0.0507034	0.07767082	0.0507034
5020	-219.1085	-225.2132	6.104792	0.04016796	0.0184411	0.02172685	0.0184411
5030	-283.8047	-285.9234	2.118721	0.1986287	0.1475116	0.0511171	0.1475116
5040	-216.1031	-222.4163	6.313211	0.03449148	0.01183797	0.02265351	0.01183797
5050	-266.6199	-269.3517	2.731763	0.2015007	0.1724235	0.02907725	0.1724235
5060	-257.4505	-261.8536	4.403123	0.08723324	0.03509024	0.052143	0.03509024
5070	-270.0915	-272.45	2.358522	0.2350831	0.2086691	0.02641392	0.2086691
5080	-290.3557	-293.8751	3.519438	0.08502584	0.003194058	0.08183178	0.003194058
5090	-218.9863	-225.115	6.128671	0.03988762	0.01771322	0.02217439	0.01771322
5100	-217.1171	-223.3897	6.272584	0.03628723	0.0131124	0.02317483	0.0131124
5110	-234.7321	-240.1161	5.384044	0.06451875	0.03038788	0.03413086	0.03038788
5120	-213.2053	-219.3431	6.137737	0.02636077	0.01141879	0.01494198	0.01141879
5130	-242.6437	-247.8412	5.19749	0.06686168	0.02224822	0.04461346	0.02224822
5140	-264.7358	-268.8576	4.121792	0.09314968	0.03573393	0.05741575	0.03573393
5150	-227.0147	-232.9047	5.890045	0.04994783	0.01728858	0.03265926	0.01728858
5160	-222.3523	-227.8908	5.538477	0.04652078	0.03082363	0.01569715	0.03082363
5170	-218.208	-224.4087	6.200759	0.0359145	0.005895872	0.03001863	0.005895872
5180	-225.862	-231.8521	5.990095	0.04654052	0.01237849	0.03416204	0.01237849
5190	-225.9049	-231.818	5.913103	0.04346535	0.005937698	0.03752765	0.005937698
5200	-230.5029	-234.2292	3.726307	0.06277063	0.05433282	0.008437812	0.05433282
5210	-224.2537	-230.1964	5.942683	0.0481138	0.02037166	0.02774214	0.02037166
5220	-244.7755	-249.7933	5.017873	0.07220158	0.02788031	0.04432127	0.02788031
5230	-216.9978	-221.4295	4.431751	0.02166632	0.01462558	0.007040732	0.01462558
5240	-216.7377	-223.0213	6.283662	0.03563456	0.01285197	0.0227826	0.01285197
5250	-237.2665	-242.5379	5.271415	0.06740653	0.03102156	0.03638497	0.03102156
5260	-221.4446	-227.4863	6.041692	0.04408257	0.01949888	0.02458369	0.01949888
5270	-223.2409	-227.6408	4.399932	0.04298424	0.03424218	0.008742064	0.03424218
5280	-250.0092	-255.0457	5.036527	0.06826807	0.01566014	0.05260793	0.01566014
5290	-219.4268	-225.234	5.807125	0.04022723	0.02388588	0.01634135	0.02388588
5300	-223.5025	-229.3973	5.894743	0.04822706	0.02377117	0.02445589	0.02377117
5310	-272.6771	-275.5456	2.868563	0.1596674	0.1125697	0.04709771	0.1125697
5320	-234.2925	-239.2127	4.920276	0.07691454	0.05681306	0.02010148	0.05681306
5330	-231.2118	-236.8009	5.589053	0.05864139	0.02620888	0.03243251	0.02620888
5340	-218.5207	-222.1311	3.610416	0.01441589	0.009022873	0.005393016	0.009022873
5350	-231.2462	-236.6481	5.401908	0.06411077	0.0374919	0.02661887	0.0374919
5360	-240.6394	-245.8993	5.259925	0.065783	0.02320011	0.0425829	0.02320011
5370	-211.8489	-217.6334	5.784465	0.02592979	0.002134298	0.02379549	0.002134298
5380	-254.9151	-258.5178	3.602662	0.144506	0.1175943	0.02691169	0.1175943
5390	-226.6507	-232.44	5.789242	0.05262572	0.02439265	0.02823307	0.02439265
5400	-293.4665	-296.8762	3.409669	0.104187	0.02503622	0.07915078	0.02503622
5410	-212.578	-218.9618	6.383738	0.0278814	0.007408268	0.02047313	0.007408268
5420	-258.7279	-262.1561	3.428174	0.1517372	0.1207106	0.03102654	0.1207106
5430	-255.572	-259.9964	4.424356	0.08790877	0.03809847	0.0498103	0.03809847
5440	-214.8226	-221.0299	6.207274	0.03128864	0.01366979	0.01761885	0.01366979
5450	-236.1808	-241.2172	5.036401	0.07675537	0.05002726	0.02672811	0.05002726
5460	-220.5455	-226.6846	6.139142	0.04188501	0.01590426	0.02598075	0.01590426
5470	-215.5108	-221.8477	6.336828	0.03342857	0.01095707	0.0224715	0.01095707
5480	-225.1968	-229.7773	4.580456	0.04995582	0.03982253	0.01013329	0.03982253
5490	-226.6834	-232.6341	5.950732	0.04527859	0.00813304	0.03714555	0.00813304
5500	-215.4977	-221.8507	6.352989	0.03313484	0.008189116	0.02494573	0.008189116
5510	-238.1091	-243.4418	5.332707	0.06461068	0.02490974	0.03970095	0.02490974
5520	-222.4314	-228.4755	6.044104	0.04499949	0.01802014	0.02697936	0.01802014
5530	-212.3783	-218.6912	6.312915	0.02768643	0.004922015	0.02276442	0.004922015
5540	-234.0028	-239.6323	5.629551	0.05603467	0.0162863	0.03974837	0.0162863
5550	-234.8481	-240.0344	5.18633	0.07154211	0.04326819	0.02827392	0.04326819
5560	-230.0057	-234.8607	4.855011	0.06574138	0.05118813	0.01455325	0.05118813
5570	-237.1874	-241.9672	4.779782	0.08446778	0.06268159	0.02178619	0.06268159
5580	-221.1749	-227.3383	6.163423	0.04166372	0.01264901	0.02901471	0.01264901
5590	-214.98	-221.3463	6.366271	0.03243233	0.009045415	0.02338692	0.009045415
5600	-215.2637	-221.3092	6.045471	0.03107495	0.01560884	0.01546611	0.01560884
5610	-221.8976	-227.3538	5.456211	0.04495576	0.03057295	0.01438281	0.03057295
5620	-230.7191	-233.7857	3.066622	0.06035432	0.05360895	0.006745374	0.05360895
5630	-220.4216	-226.5693	6.147695	0.04164203	0.0156243	0.02601772	0.0156243
5640	-223.9699	-229.8109	5.841018	0.04943057	0.0255757	0.02385487	0.0255757
5650	-215.1557	-221.2936	6.137905	0.03156443	0.0148187	0.01674573	0.0148187
5660	-224.7788	-229.8616	5.082822	0.03971013	0.00167715	0.03803298	0.00167715
5670	-240.2784	-244.9392	4.660836	0.09119353	0.06642409	0.02476944	0.06642409
5680	-235.8646	-241.4731	5.608546	0.05316725	0.008570878	0.04459637	0.008570878
5690	-211.5599	-217.8554	6.295547	0.02602295	0.004610655	0.02141229	0.004610655
5700	-216.0172	-220.6191	4.601898	0.01072539	0.002512861	0.008212528	0.002512861
5710	-212.0766	-215.9235	3.84689	0.02278001	0.000540389	0.02223963	0.000540389
5720	-229.9478	-234.7093	4.761509	0.06535145	0.05171368	0.01363778	0.05171368
5730	-253.4764	-256.5742	3.097744	0.1578054	0.1427276	0.01507779	0.1427276
5740	-224.7099	-230.7341	6.024176	0.04591169	0.01357905	0.03233264	0.01357905
5750	-210.713	-216.9792	6.26612	0.02241488	0.005557834	0.01685705	0.005557834
5760	-309.2869	-309.9586	0.6716589	0.2719802	0.2072185	0.06476172	0.2072185
5770	-227.9957	-233.8878	5.892024	0.04941044	0.01408127	0.03532917	0.01408127
5780	-220.8501	-226.9654	6.115326	0.04252077	0.01672337	0.0257974	0.01672337
5790	-228.8778	-234.674	5.796177	0.05255078	0.01877087	0.03377991	0.01877087
5800	-222.8751	-228.7915	5.916393	0.04719814	0.02341872	0.02377941	0.02341872
5810	-232.858	-238.3882	5.530279	0.06013202	0.02579223	0.03433979	0.02579223
5820	-216.9558	-222.9135	5.957689	0.03483293	0.01892529	0.01590764	0.01892529
5830	-294.3221	-297.2141	2.891983	0.1229642	0.04776309	0.07520113	0.04776309
5840	-250.2409	-254.5553	4.314442	0.1005982	0.06282464	0.03777357	0.06282464
5850	-239.0165	-244.167	5.150478	0.07104875	0.03431752	0.03673123	0.03431752
5860	-223.4389	-229.5293	6.090474	0.04309619	0.01004539	0.0330508	0.01004539
5870	-215.4924	-221.4432	5.950786	0.03155623	0.002986602	0.02856962	0.002986602
5880	-234.6982	-239.4147	4.716497	0.07943547	0.06228499	0.01715048	0.06228499
5890	-240.1385	-245.2921	5.153607	0.07013525	0.03104583	0.03908942	0.03104583
5900	-241.5596	-244.488	2.928421	0.1013664	0.09271803	0.008648383	0.09271803
5910	-229.6572	-235.2609	5.603676	0.04549606	0.003975822	0.04152024	0.003975822
5920	-287.0348	-289.468	2.433219	0.1589679	0.09752254	0.06144531	0.09752254
5930	-210.8302	-216.8341	6.003953	0.02419776	0.002726426	0.02147134	0.002726426
5940	-211.7125	-217.9467	6.234153	0.0236063	0.008073298	0.01553301	0.008073298
5950	-251.5149	-255.7382	4.223249	0.1041904	0.06615824	0.03803218	0.06615824
5960	-268.8764	-272.4394	3.563052	0.1156947	0.06133324	0.05436147	0.06133324
5970	-229.6023	-235.2211	5.618838	0.05779827	0.02816938	0.02962889	0.02816938
5980	-239.6157	-244.4579	4.84218	0.08404983	0.05527775	0.02877208	0.05527775
5990	-212.9022	-218.9928	6.090627	0.02493139	0.01079209	0.0141393	0.01079209
6000	-251.8505	-256.2502	4.399705	0.09316761	0.04998	0.04318761	0.04998
6010	-279.9393	-282.4901	2.55083	0.1670056	0.1138808	0.05312481	0.1138808
6020	-211.9667	-217.7871	5.820413	0.01797836	0.006420879	0.01155748	0.006420879
6030	-308.4336	-307.8413	-0.5922387	0.5566721	0.5171676	0.0395045	0.5171676
6040	-256.0778	-258.9891	2.911277	0.1719817	0.1566821	0.01529959	0.1566821
6050	-231.9484	-235.7682	3.819861	0.06815809	0.05899592	0.009162165	0.05899592
6060	-216.4846	-222.5819	6.097361	0.03456219	0.01698011	0.01758208	0.01698011
6070	-230.7675	-235.7052	4.937756	0.06799845	0.05186377	0.01613468	0.05186377
6080	-219.1953	-225.0595	5.864166	0.03572112	0.003198804	0.03252231	0.003198804
6090	-230.914	-236.1238	5.209738	0.06709981	0.04623616	0.02086365	0.04623616
6100	-222.383	-228.4753	6.09227	0.0439432	0.01509816	0.02884503	0.01509816
6110	-248.9863	-252.9944	4.008114	0.1221699	0.0969891	0.02518078	0.0969891
6120	-246.589	-251.4525	4.863579	0.0769785	0.0328749	0.0441036	0.0328749
6130	-228.8771	-234.6616	5.784514	0.05292937	0.01955553	0.03337385	0.01955553
6140	-265.5757	-268.0779	2.502211	0.2221679	0.2014805	0.02068743	0.2014805
6150	-218.3755	-224.6489	6.273331	0.03729598	0.009491809	0.02780417	0.009491809
6160	-255.021	-259.4659	4.444904	0.08750897	0.03815268	0.04935628	0.03815268
6170	-228.1265	-234.0136	5.887098	0.04952694	0.01406433	0.03546261	0.01406433
6180	-224.3619	-230.1237	5.76171	0.050761	0.02829835	0.02246265	0.02829835
6190	-242.6422	-247.6757	5.033571	0.07312058	0.03220627	0.04091431	0.03220627
6200	-247.9397	-252.2951	4.355381	0.1019061	0.06827402	0.03363206	0.06827402
6210	-213.9011	-219.902	6.000924	0.02683196	0.01302477	0.01380719	0.01302477
6220	-224.9317	-230.7138	5.782137	0.04153761	0.00398547	0.03755214	0.00398547
6230	-229.6314	-235.2583	5.626876	0.05757746	0.0276211	0.02995636	0.0276211
6240	-236.7212	-242.3019	5.580777	0.05416915	0.009132488	0.04503666	0.009132488
6250	-253.7908	-258.2222	4.431338	0.0893081	0.04211712	0.04719098	0.04211712
6260	-219.0152	-225.267	6.251837	0.03834975	0.01039294	0.02795681	0.01039294
6270	-212.5534	-218.8536	6.300191	0.02659393	0.00939479	0.01719914	0.00939479
6280	-238.1257	-243.6024	5.476705	0.05921634	0.01577204	0.04344431	0.01577204
6290	-258.6492	-261.1442	2.494991	0.1891177	0.1757583	0.01335934	0.1757583
6300	-247.1279	-250.9791	3.851202	0.1240689	0.1056325	0.01843635	0.1056325
6310	-224.2416	-229.5208	5.279188	0.05056354	0.0361569	0.01440664	0.0361569
6320	-213.7822	-219.8597	6.077526	0.02731394	0.01270923	0.0146047	0.01270923
6330	-252.8484	-257.4633	4.614843	0.0614646	0.002987385	0.05847721	0.002987385
6340	-247.0372	-252.1459	5.108725	0.06745235	0.01777202	0.04968033	0.01777202
6350	-215.1167	-220.7079	5.591242	0.02636275	0.01521728	0.01114548	0.01521728
6360	-230.6118	-236.3983	5.786493	0.05199142	0.01437567	0.03761575	0.01437567
6370	-238.5717	-243.1814	4.609637	0.09005525	0.06970783	0.02034742	0.06970783
6380	-225.9661	-231.5674	5.601245	0.05467983	0.03327449	0.02140535	0.03327449
6390	-252.9847	-254.8438	1.859126	0.154104	0.1459873	0.008116705	0.1459873
6400	-221.5535	-227.3366	5.783126	0.04523004	0.02676975	0.01846029	0.02676975
6410	-240.0642	-244.4811	4.416924	0.0962595	0.07741721	0.0188423	0.07741721
6420	-226.6051	-232.3713	5.766215	0.05310825	0.02573546	0.0273728	0.02573546
6430	-217.2285	-223.5275	6.299021	0.03620836	0.01135806	0.0248503	0.01135806
6440	-223.5572	-229.6017	6.044506	0.04545936	0.01552346	0.02993591	0.01552346
6450	-217.8684	-224.0755	6.207127	0.03775188	0.01536578	0.0223861	0.01536578
6460	-287.7517	-291.6283	3.876566	0.09059867	0.01215308	0.07844559	0.01215308
6470	-232.0737	-237.1602	5.086535	0.07059852	0.05050174	0.02009678	0.05050174
6480	-223.0054	-229.0704	6.064937	0.04481256	0.01548482	0.02932774	0.01548482
6490	-270.1232	-274.4796	4.35637	0.07438245	0.005253479	0.06912897	0.005253479
6500	-229.6497	-235.1927	5.542971	0.05979785	0.03247043	0.02732741	0.03247043
6510	-216.2799	-222.612	6.33211	0.03425947	0.008262687	0.02599679	0.008262687
6520	-234.7431	-240.1798	5.43671	0.06262436	0.02693216	0.0356922	0.02693216
6530	-226.8589	-232.7839	5.925032	0.04877327	0.01508024	0.03369303	0.01508024
6540	-231.9721	-237.7053	5.73318	0.05321407	0.01438666	0.03882741	0.01438666
6550	-256.4666	-259.7709	3.304332	0.1630506	0.1409491	0.0221015	0.1409491
6560	-216.5291	-222.1348	5.60576	0.03089818	0.01885566	0.01204252	0.01885566
6570	-223.1638	-228.8977	5.733898	0.04871871	0.02892803	0.01979069	0.02892803
6580	-237.2945	-240.613	3.318573	0.08554467	0.07669517	0.008849509	0.07669517
6590	-224.0717	-230.0508	5.979096	0.0472435	0.01862468	0.02861883	0.01862468
6600	-212.5122	-218.2626	5.750417	0.01872242	0.007656242	0.01106618	0.007656242
6610	-214.4032	-219.7424	5.339211	0.02062502	0.01124282	0.009382203	0.01124282
6620	-212.9188	-219.1891	6.270242	0.02713558	0.01027746	0.01685812	0.01027746
6630	-241.8868	-246.7493	4.862573	0.08140597	0.04658567	0.0348203	0.04658567
6640	-338.1844	-333.8773	-4.307131	1.757484	1.732695	0.02478883	1.732695
6650	-232.3119	-237.9225	5.610679	0.04823663	0.004978068	0.04325856	0.004978068
6660	-218.6611	-224.8626	6.201566	0.03655472	0.006258861	0.03029585	0.006258861
6670	-216.7862	-222.642	5.855806	0.03364457	0.01915547	0.0144891	0.01915547
6680	-256.9871	-261.1658	4.17867	0.09812245	0.0507288	0.04739365	0.0507288
6690	-244.2688	-248.5552	4.28641	0.1073595	0.08448919	0.02287034	0.08448919
6700	-274.5282	-277.304	2.775797	0.1625858	0.1141309	0.04845495	0.1141309
6710	-222.0615	-227.9733	5.911816	0.0460122	0.0239554	0.02205681	0.0239554
6720	-272.3796	-274.8717	2.492126	0.2061643	0.1696167	0.0365476	0.1696167
6730	-216.4368	-221.7674	5.330551	0.03159542	0.001584711	0.03001071	0.001584711
6740	-211.8116	-217.3379	5.526363	0.02543223	0.001654709	0.02377752	0.001654709
6750	-217.7853	-224.0074	6.222059	0.03756477	0.01484638	0.02271839	0.01484638
6760	-251.2209	-255.9955	4.774615	0.07712889	0.02749857	0.04963031	0.02749857
6770	-225.9315	-231.7617	5.830158	0.04284789	0.00475275	0.03809514	0.00475275
6780	-226.1714	-231.5619	5.390476	0.05585139	0.03821347	0.01763792	0.03821347
6790	-232.7116	-238.4428	5.731221	0.05216966	0.01129666	0.040873	0.01129666
6800	-217.5187	-223.7335	6.214728	0.03506034	0.005698139	0.0293622	0.005698139
6810	-255.5931	-258.7522	3.159085	0.1657993	0.147804	0.01799532	0.147804
6820	-232.8599	-238.3556	5.495687	0.06130391	0.02800867	0.03329524	0.02800867
6830	-243.2341	-248.4943	5.26018	0.05680212	0.005616693	0.05118543	0.005616693
6840	-216.3164	-222.65	6.333554	0.03437578	0.008573593	0.02580219	0.008573593
6850	-235.5982	-240.846	5.24774	0.06918649	0.0372117	0.03197479	0.0372117
6860	-225.3824	-231.3154	5.932999	0.04300194	0.005937947	0.03706399	0.005937947
6870	-214.0551	-220.4273	6.372188	0.03075471	0.009357627	0.02139708	0.009357627
6880	-253.8467	-258.091	4.244305	0.09892571	0.05561592	0.04330979	0.05561592
6890	-220.1946	-226.396	6.201428	0.04034388	0.01219339	0.02815049	0.01219339
6900	-223.3772	-229.4687	6.091545	0.04284574	0.009608038	0.0332377	0.009608038
6910	-237.7275	-243.1021	5.374577	0.06329892	0.02326123	0.0400377	0.02326123
6920	-221.9496	-227.8902	5.940613	0.04565639	0.02304386	0.02261253	0.02304386
6930	-221.4608	-227.4777	6.016854	0.0443504	0.02051881	0.02383159	0.02051881
6940	-228.0324	-233.6853	5.652868	0.05638415	0.02932878	0.02705537	0.02932878
6950	-236.8684	-241.9508	5.082418	0.05011416	0.002684293	0.04742987	0.002684293
6960	-216.8128	-223.0393	6.226476	0.0358101	0.01482784	0.02098226	0.01482784
6970	-224.6615	-230.3516	5.690104	0.05177486	0.03053516	0.02123971	0.03053516
6980	-277.471	-279.2546	1.783656	0.2872951	0.2594633	0.02783175	0.2594633
6990	-220.3895	-226.3596	5.970085	0.04279371	0.02223013	0.02056357	0.02223013
7000	-232.6279	-238.1111	5.483217	0.0617865	0.02940309	0.03238341	0.02940309
7010	-260.0559	-262.0551	1.999203	0.1990018	0.1881017	0.01090014	0.1881017
7020	-212.2793	-218.6563	6.377021	0.02713933	0.00736812	0.01977121	0.00736812
7030	-285.8634	-289.8296	3.96621	0.08698612	0.008969488	0.07801663	0.008969488
7040	-239.855	-244.7549	4.899939	0.08136417	0.05017301	0.03119116	0.05017301
7050	-312.9107	-311.5823	-1.328406	0.7509535	0.7190087	0.03194476	0.7190087
7060	-228.9604	-234.4548	5.494427	0.06027876	0.03592291	0.02435584	0.03592291
7070	-299.7678	-301.3992	1.631422	0.1964805	0.1302342	0.06624628	0.1302342
7080	-245.965	-247.4816	1.516614	0.114842	0.1087701	0.006071908	0.1087701
7090	-221.7631	-227.8674	6.104362	0.04340538	0.01571996	0.02768542	0.01571996
7100	-226.2055	-231.7553	5.549794	0.05546161	0.03481988	0.02064173	0.03481988
7110	-256.0331	-260.9316	4.898525	0.0678758	0.008866941	0.05900886	0.008866941
7120	-217.4012	-222.9467	5.545567	0.03298018	0.02086561	0.01211456	0.02086561
7130	-229.7977	-235.492	5.694254	0.05558285	0.02305834	0.03252451	0.02305834
7140	-216.7042	-223.0241	6.319857	0.03530321	0.01057057	0.02473265	0.01057057
7150	-228.625	-234.1584	5.533422	0.05924168	0.03448	0.02476167	0.03448
7160	-219.3606	-222.8229	3.462318	0.01240734	0.007219151	0.005188189	0.007219151
7170	-224.6955	-230.4677	5.772203	0.05114945	0.02775906	0.02339039	0.02775906
7180	-231.7597	-237.5107	5.750982	0.04941607	0.007757786	0.04165829	0.007757786
7190	-215.5626	-221.9011	6.338441	0.03351516	0.0108315	0.02268366	0.0108315
7200	-248.1288	-253.2871	5.15834	0.06429503	0.01170058	0.05259446	0.01170058
7210	-234.1736	-239.3793	5.205711	0.0708019	0.04350116	0.02730075	0.04350116
7220	-211.2221	-217.5524	6.330314	0.02498319	0.00535497	0.01962822	0.00535497
7230	-231.6218	-236.6641	5.042351	0.06992732	0.05129324	0.01863407	0.05129324
7240	-257.4775	-261.5375	4.060061	0.104024	0.05825372	0.04577023	0.05825372
7250	-240.8266	-245.4759	4.64924	0.09187717	0.06623524	0.02564194	0.06623524
7260	-385.4687	-382.0305	-3.438204	0.6026789	0.5015916	0.1010873	0.5015916
7270	-261.7066	-266.4072	4.700548	0.07322522	0.01107662	0.0621486	0.01107662
7280	-211.3986	-217.6699	6.271298	0.02347234	0.007274718	0.01619762	0.007274718
7290	-292.5319	-295.2873	2.755382	0.1308182	0.05884253	0.07197563	0.05884253
7300	-221.2142	-227.1881	5.973891	0.04427478	0.02216362	0.02211116	0.02216362
7310	-219.8909	-225.2106	5.319737	0.03856323	0.02663597	0.01192727	0.02663597
7320	-211.1748	-217.4918	6.317019	0.02393966	0.006386229	0.01755343	0.006386229
7330	-261.9857	-265.8837	3.898027	0.1065734	0.05658807	0.04998536	0.05658807
7340	-264.2613	-268.292	4.030707	0.09737766	0.04190266	0.05547499	0.04190266
7350	-224.449	-230.4643	6.015266	0.04275659	0.007148951	0.03560764	0.007148951
7360	-253.1549	-258.0003	4.845441	0.07343645	0.01993259	0.05350386	0.01993259
7370	-216.0489	-221.6326	5.583733	0.02925656	0.01764996	0.0116066	0.01764996
7380	-232.7044	-238.2165	5.512067	0.06079833	0.02735388	0.03344446	0.02735388
7390	-272.8627	-274.9072	2.044525	0.2654591	0.2412976	0.02416158	0.2412976
7400	-232.2817	-236.9635	4.681817	0.07234774	0.05779857	0.01454916	0.05779857
7410	-218.9754	-222.2919	3.31646	0.01564611	0.01059095	0.005055157	0.01059095
7420	-225.3226	-230.7359	5.413212	0.05377297	0.03675337	0.0170196	0.03675337
7430	-227.5403	-232.6728	5.132563	0.05920763	0.04367006	0.01553757	0.04367006
7440	-234.0355	-239.3892	5.35368	0.06585423	0.0342345	0.03161973	0.0342345
7450	-219.8965	-226.0687	6.172174	0.03804812	0.006665023	0.0313831	0.006665023
7460	-235.1014	-237.7547	2.653318	0.0740703	0.06746183	0.006608464	0.06746183
7470	-253.2983	-257.5731	4.274717	0.09801135	0.05502106	0.04299029	0.05502106
7480	-219.8576	-226.0356	6.178006	0.04066233	0.0148056	0.02585672	0.0148056
7490	-238.715	-243.6265	4.911523	0.08140683	0.05260153	0.0288053	0.05260153
7500	-321.6986	-323.9789	2.280322	0.1324212	0.03834262	0.09407862	0.03834262
7510	-222.9118	-228.4943	5.582559	0.04807495	0.03122306	0.01685189	0.03122306
7520	-267.7238	-270.4722	2.748383	0.1949594	0.1624215	0.03253786	0.1624215
7530	-222.9888	-229.0068	6.017944	0.04586421	0.01848674	0.02737746	0.01848674
7540	-239.4735	-243.9829	4.509396	0.09356872	0.07385476	0.01971396	0.07385476
7550	-275.4722	-276.1002	0.62806	0.3267475	0.3162049	0.01054255	0.3162049
7560	-251.9834	-256.6335	4.650116	0.08143375	0.03291595	0.04851779	0.03291595
7570	-225.0826	-230.4663	5.38372	0.05312495	0.03676792	0.01635704	0.03676792
7580	-247.5116	-252.5751	5.06349	0.05930379	0.004893193	0.0544106	0.004893193
7590	-251.7927	-256.5826	4.789964	0.07620177	0.02548786	0.05071391	0.02548786
7600	-309.1024	-310.3074	1.205018	0.2119308	0.1400818	0.07184904	0.1400818
7610	-215.2008	-221.4125	6.211628	0.03223148	0.01405642	0.01817505	0.01405642
7620	-249.619	-254.5073	4.888313	0.07392764	0.02459297	0.04933467	0.02459297
7630	-216.6951	-222.8102	6.11513	0.03516156	0.01698064	0.01818092	0.01698064
7640	-242.8886	-247.0416	4.153088	0.05307023	0.001321439	0.05174879	0.001321439
7650	-329.265	-331.3725	2.107453	0.106343	0.001982091	0.104361	0.001982091
7660	-288.2036	-288.7566	0.5530797	0.4426054	0.4217391	0.02086631	0.4217391
7670	-242.9456	-248.0572	5.111659	0.06985396	0.02660851	0.04324545	0.02660851
7680	-239.6759	-244.7599	5.084063	0.07331925	0.03702585	0.0362934	0.03702585
7690	-241.678	-246.2136	4.53565	0.09644719	0.07220889	0.0242383	0.07220889
7700	-221.0854	-227.1439	6.058494	0.04346506	0.0191244	0.02434066	0.0191244
7710	-212.3186	-218.6635	6.344912	0.02664963	0.008420212	0.01822942	0.008420212
7720	-257.7146	-262.4167	4.702011	0.07604603	0.01897352	0.05707251	0.01897352
7730	-212.751	-219.0762	6.325142	0.02738223	0.009416496	0.01796573	0.009416496
7740	-245.9619	-249.9409	3.978963	0.1184904	0.09940973	0.01908066	0.09940973
7750	-227.7968	-232.6341	4.83725	0.05908244	0.04617426	0.01290818	0.04617426
7760	-299.5403	-302.0978	2.557474	0.1340841	0.05711224	0.07697183	0.05711224
7770	-217.734	-223.9685	6.234529	0.03743064	0.01437514	0.0230555	0.01437514
7780	-210.2042	-216.3658	6.161577	0.02069009	0.004280019	0.01641007	0.004280019
7790	-248.3649	-252.3563	3.991454	0.1226496	0.0992579	0.02339165	0.0992579
7800	-214.6459	-220.7274	6.081565	0.0307378	0.003478374	0.02725943	0.003478374
7810	-266.7938	-269.9265	3.13268	0.1537298	0.1120008	0.041729	0.1120008
7820	-216.593	-222.8509	6.257872	0.03541328	0.0138673	0.02154598	0.0138673
7830	-269.0618	-272.0718	3.010086	0.1580676	0.1147093	0.04335832	0.1147093
7840	-256.1707	-260.1449	3.974213	0.1118933	0.07061245	0.04128087	0.07061245
7850	-221.3609	-227.3989	6.037994	0.04401816	0.019738	0.02428016	0.019738
7860	-235.9372	-240.3444	4.407229	0.08382913	0.06924828	0.01458085	0.06924828
7870	-270.8011	-274.2107	3.409519	0.1218861	0.06733585	0.05455027	0.06733585
7880	-218.0875	-222.8163	4.728726	0.02882849	0.02051214	0.00831635	0.02051214
7890	-258.404	-262.0188	3.614811	0.1350496	0.09886015	0.03618943	0.09886015
7900	-236.2153	-241.0993	4.884032	0.08088928	0.05835439	0.02253488	0.05835439
7910	-319.1317	-321.9265	2.794822	0.1163049	0.02071991	0.095585	0.02071991
7920	-227.8513	-232.8543	5.003	0.05979414	0.04539764	0.0143965	0.04539764
7930	-246.9425	-251.9636	5.021087	0.07070517	0.02287355	0.04783163	0.02287355
7940	-218.0706	-224.2386	6.167987	0.03818625	0.01660708	0.02157918	0.01660708
7950	-228.352	-234.2428	5.890856	0.04690239	0.008423826	0.03847856	0.008423826
7960	-221.6274	-227.1781	5.550789	0.04468023	0.02949359	0.01518663	0.02949359
7970	-280.9785	-282.4021	1.423605	0.3286563	0.3024673	0.02618902	0.3024673
7980	-251.4118	-256.3331	4.92126	0.07170545	0.0192649	0.05244055	0.0192649
7990	-251.6582	-255.9792	4.320964	0.09785201	0.05692176	0.04093025	0.05692176
8000	-265.1195	-269.254	4.13451	0.0923729	0.03430686	0.05806604	0.03430686
8010	-248.2758	-253.3561	5.080274	0.0602721	0.005522128	0.05474997	0.005522128
8020	-251.4396	-255.6611	4.221442	0.1044503	0.06663633	0.03781402	0.06663633
8030	-215.8337	-221.9411	6.10739	0.03303507	0.0160464	0.01698867	0.0160464
8040	-221.6423	-227.6084	5.966103	0.03881032	0.004482278	0.03432804	0.004482278
8050	-213.3217	-219.1592	5.837484	0.02307861	0.01113051	0.0119481	0.01113051
8060	-350.0559	-351.8195	1.763611	0.141689	0.02951173	0.1121773	0.02951173
8070	-247.1741	-251.5196	4.345502	0.1036953	0.07227477	0.03142057	0.07227477
8080	-276.0775	-280.0505	3.97298	0.09230151	0.02411712	0.06818438	0.02411712
8090	-222.6553	-228.097	5.441706	0.04692763	0.03208715	0.01484048	0.03208715
8100	-231.337	-237.108	5.771042	0.04920064	0.007993804	0.04120683	0.007993804
8110	-242.1766	-246.3455	4.168891	0.1049206	0.08747048	0.01745014	0.08747048
8120	-225.0032	-230.4294	5.426147	0.05298943	0.03612929	0.01686015	0.03612929
8130	-209.8012	-215.378	5.576861	0.01830479	0.001888513	0.01641628	0.001888513
8140	-226.0007	-231.6281	5.627415	0.04203075	0.003292906	0.03873785	0.003292906
8150	-248.569	-252.8478	4.278854	0.1058422	0.0730868	0.03275536	0.0730868
8160	-227.2675	-233.1014	5.833885	0.05161832	0.02038698	0.03123134	0.02038698
8170	-227.2032	-232.8587	5.65552	0.05569947	0.03041948	0.02527999	0.03041948
8180	-231.5547	-237.1095	5.554756	0.04711478	0.004140548	0.04297424	0.004140548
8190	-223.8155	-229.2974	5.481893	0.05009737	0.03370382	0.01639355	0.03370382
8200	-254.8976	-258.3882	3.490679	0.151752	0.1281064	0.02364556	0.1281064
8210	-257.2536	-261.3566	4.103044	0.101885	0.05559098	0.04629401	0.05559098
8220	-222.9567	-229.0644	6.107692	0.04306122	0.01114231	0.03191891	0.01114231
8230	-229.7282	-235.3658	5.637589	0.05727918	0.0267498	0.03052938	0.0267498
8240	-212.2547	-217.3601	5.105362	0.01322928	0.00192902	0.01130026	0.00192902
8250	-224.4809	-230.5226	6.041692	0.04347478	0.00860907	0.03486571	0.00860907
8260	-230.507	-236.0193	5.512299	0.06091514	0.03256409	0.02835104	0.03256409
8270	-252.27	-256.6684	4.398419	0.09268861	0.04876725	0.04392136	0.04876725
8280	-217.1036	-223.3564	6.252863	0.03473566	0.006165912	0.02856975	0.006165912
8290	-217.0156	-222.9844	5.968869	0.03506147	0.01893609	0.01612538	0.01893609
8300	-276.4328	-280.2698	3.837048	0.09680935	0.02973771	0.06707163	0.02973771
8310	-246.6873	-250.7981	4.110722	0.1162755	0.09314939	0.02312607	0.09314939
8320	-224.3323	-230.0716	5.739361	0.05088455	0.02904129	0.02184327	0.02904129
8330	-266.51	-270.5063	3.996247	0.09696158	0.0391131	0.05784847	0.0391131
8340	-245.712	-250.4639	4.751913	0.08274083	0.04281784	0.039923	0.04281784
8350	-225.5322	-230.8176	5.285345	0.05409052	0.03854367	0.01554685	0.03854367
8360	-221.7982	-227.7628	5.964558	0.04525729	0.02227553	0.02298176	0.02227553
8370	-289.4433	-292.3198	2.876441	0.127805	0.05773707	0.07006792	0.05773707
8380	-235.1776	-240.2291	5.051446	0.07577348	0.05083816	0.02493532	0.05083816
8390	-210.4706	-216.7175	6.246926	0.02269879	0.004502362	0.01819643	0.004502362
8400	-216.2198	-222.4077	6.187846	0.03444109	0.01539401	0.01904708	0.01539401
8410	-273.2931	-276.981	3.687895	0.1046475	0.04278676	0.06186071	0.04278676
8420	-225.8921	-231.7889	5.896807	0.04977634	0.01966574	0.0301106	0.01966574
8430	-215.6514	-221.9666	6.315169	0.0336847	0.01190828	0.02177642	0.01190828
8440	-216.1062	-222.4383	6.332024	0.03392706	0.007829888	0.02609717	0.007829888
8450	-225.0361	-229.8548	4.81873	0.03955469	0.001348551	0.03820613	0.001348551
8460	-228.0027	-233.8837	5.881025	0.04596123	0.007204972	0.03875626	0.007204972
8470	-214.7419	-221.0156	6.273693	0.0315919	0.0126106	0.0189813	0.0126106
8480	-218.4704	-224.4303	5.959891	0.03859656	0.02097608	0.01762048	0.02097608
8490	-212.0622	-218.1177	6.055564	0.02196099	0.008602328	0.01335866	0.008602328
8500	-252.9164	-257.5781	4.661705	0.08029018	0.03019099	0.05009919	0.03019099
8510	-210.5245	-216.6817	6.15713	0.023448	0.003483398	0.01996461	0.003483398
8520	-219.7646	-225.1809	5.416346	0.03882896	0.02626968	0.01255928	0.02626968
8530	-251.378	-255.8186	4.440537	0.0916347	0.04838239	0.04325231	0.04838239
8540	-216.4043	-221.3198	4.915517	0.02427208	0.01587369	0.008398391	0.01587369
8550	-254.5704	-258.8693	4.298932	0.09493176	0.0491289	0.04580287	0.0491289
8560	-250.7157	-255.0979	4.38222	0.09574219	0.05515848	0.04058371	0.05515848
8570	-230.823	-236.2329	5.409936	0.06365329	0.03774215	0.02591114	0.03774215
8580	-216.4485	-221.0237	4.575203	0.0122688	0.005123683	0.007145114	0.005123683
8590	-222.2725	-228.3799	6.107395	0.04350273	0.0142329	0.02926983	0.0142329
8600	-218.4503	-224.6875	6.237255	0.03839469	0.01352596	0.02486873	0.01352596
8610	-230.5196	-235.9567	5.43703	0.06281784	0.03676873	0.02604912	0.03676873
8620	-229.3083	-234.7326	5.424305	0.06182512	0.03867771	0.02314741	0.03867771
8630	-224.1942	-229.2009	5.00669	0.04916774	0.03705731	0.01211043	0.03705731
8640	-216.1938	-222.246	6.052246	0.0335457	0.01704832	0.01649738	0.01704832
8650	-233.2482	-238.8144	5.566239	0.05874637	0.02248789	0.03625848	0.02248789
8660	-212.0192	-218.3904	6.371208	0.02653702	0.007083997	0.01945302	0.007083997
8670	-217.546	-223.6421	6.09611	0.03701461	0.01805071	0.0189639	0.01805071
8680	-219.0942	-224.8026	5.708446	0.03882758	0.02403796	0.01478962	0.02403796
8690	-217.5325	-223.7269	6.194455	0.03717216	0.01582108	0.02135107	0.01582108
8700	-229.0393	-234.4835	5.44421	0.06117217	0.03802563	0.02314654	0.03802563
8710	-218.2039	-224.3145	6.110616	0.03844516	0.01814615	0.02029901	0.01814615
8720	-237.4781	-242.5063	5.028182	0.07703832	0.04750108	0.02953724	0.04750108
8730	-226.6766	-232.4353	5.758672	0.04324304	0.004326608	0.03891644	0.004326608
8740	-211.5071	-217.6042	6.097101	0.02103124	0.007297305	0.01373393	0.007297305
8750	-214.5317	-220.859	6.327297	0.03133284	0.006007772	0.02532507	0.006007772
8760	-281.4821	-282.3323	0.8501284	0.3814007	0.3652007	0.01619995	0.3652007
8770	-259.6708	-264.3077	4.636885	0.07731364	0.01882569	0.05848795	0.01882569
8780	-239.5461	-243.2626	3.716465	0.09590937	0.08447717	0.0114322	0.08447717
8790	-260.0786	-264.3926	4.314012	0.08884462	0.03455834	0.05428628	0.03455834
8800	-299.1804	-298.0057	-1.174725	0.6641743	0.6514456	0.01272874	0.6514456
8810	-214.1577	-219.3557	5.19798	0.01546636	0.006770329	0.008696035	0.006770329
8820	-231.8446	-236.3314	4.486783	0.07052863	0.05792494	0.01260369	0.05792494
8830	-237.8801	-243.0672	5.187124	0.07033375	0.03500903	0.03532472	0.03500903
8840	-313.9273	-316.2109	2.283538	0.1360588	0.04840263	0.08765617	0.04840263
8850	-321.632	-319.8344	-1.797566	0.7776966	0.7364206	0.04127606	0.7364206
8860	-219.4918	-224.185	4.693261	0.03317976	0.02453439	0.008645373	0.02453439
8870	-228.8188	-234.0104	5.191632	0.06256851	0.04493517	0.01763333	0.04493517
8880	-216.3894	-222.7109	6.321505	0.03489498	0.01106532	0.02382965	0.01106532
8890	-233.1482	-238.7715	5.623213	0.04927989	0.00561114	0.04366876	0.00561114
8900	-245.8367	-249.8153	3.978629	0.1181565	0.09925163	0.01890491	0.09925163
8910	-214.4714	-220.7828	6.31144	0.03124128	0.01161745	0.01962383	0.01161745
8920	-210.6668	-216.9448	6.277937	0.02335422	0.004784182	0.01857003	0.004784182
8930	-259.7717	-264.2282	4.456456	0.08360449	0.02758644	0.05601804	0.02758644
8940	-239.1554	-243.9539	4.798506	0.08582413	0.05950484	0.0263193	0.05950484
8950	-222.6888	-228.3494	5.660636	0.04768457	0.02988587	0.0177987	0.02988587
8960	-259.191	-262.6493	3.458358	0.1474164	0.1141918	0.03322461	0.1141918
8970	-260.5341	-264.0812	3.547066	0.1347658	0.09556108	0.03920471	0.09556108
8980	-252.1995	-256.4334	4.233856	0.1022629	0.06246725	0.03979562	0.06246725
8990	-227.6707	-233.0801	5.409475	0.05916349	0.03918593	0.01997756	0.03918593
9000	-236.5937	-241.5667	4.972995	0.07894578	0.0531931	0.02575268	0.0531931
9010	-273.8884	-277.8715	3.983069	0.09293742	0.02689025	0.06604717	0.02689025
9020	-269.8947	-272.3725	2.477765	0.220881	0.1913075	0.02957353	0.1913075
9030	-247.2805	-252.1717	4.89126	0.07535036	0.02953195	0.04581841	0.02953195
9040	-226.7937	-232.6265	5.832766	0.05160508	0.02155871	0.03004637	0.02155871
9050	-255.1415	-259.9176	4.776062	0.0748082	0.01983187	0.05497632	0.01983187
9060	-214.9896	-221.3181	6.32853	0.03243047	0.01138869	0.02104179	0.01138869
9070	-215.2876	-220.9651	5.677571	0.02776115	0.01592062	0.01184053	0.01592062
9080	-239.8104	-244.22	4.409599	0.09568028	0.07729062	0.01838965	0.07729062
9090	-237.4924	-243.0195	5.52709	0.05362069	0.007238451	0.04638224	0.007238451
9100	-220.7463	-226.3036	5.557304	0.04237375	0.027857	0.01451675	0.027857
9110	-224.6642	-230.701	6.036804	0.04530638	0.0122901	0.03301628	0.0122901
9120	-237.7347	-243.272	5.537315	0.05654733	0.01179975	0.04474758	0.01179975
9130	-230.1244	-235.5657	5.441328	0.06242025	0.03711391	0.02530634	0.03711391
9140	-267.6916	-272.1057	4.414154	0.08109709	0.01650282	0.06459426	0.01650282
9150	-232.0887	-237.4437	5.354949	0.06574713	0.0386466	0.02710053	0.0386466
9160	-219.0894	-225.1161	6.026696	0.04017217	0.02040297	0.01976919	0.02040297
9170	-229.2323	-234.3968	5.164545	0.06365122	0.04595638	0.01769484	0.04595638
9180	-247.7417	-251.885	4.143361	0.1151771	0.08883309	0.02634406	0.08883309
9190	-234.2614	-239.8104	5.549076	0.05887588	0.02099027	0.0378856	0.02099027
9200	-230.849	-236.5387	5.689736	0.04727366	0.005312763	0.04196089	0.005312763
9210	-244.3988	-249.6072	5.208355	0.05750069	0.005426561	0.05207413	0.005426561
9220	-287.4602	-288.6773	1.21709	0.3217905	0.2849723	0.03681821	0.2849723
9230	-230.9734	-236.1708	5.197336	0.06733904	0.04664801	0.02069103	0.04664801
9240	-234.2214	-239.7774	5.556008	0.05864904	0.02064692	0.03800212	0.02064692
9250	-221.146	-226.8389	5.692927	0.04403252	0.02749347	0.01653906	0.02749347
9260	-223.5832	-229.4642	5.880973	0.04848793	0.02427268	0.02421524	0.02427268
9270	-232.0921	-237.8359	5.743788	0.04986635	0.008075465	0.04179089	0.008075465
9280	-213.1592	-219.5462	6.387011	0.02909899	0.007817917	0.02128107	0.007817917
9290	-220.5867	-226.6957	6.10897	0.04232465	0.01738839	0.02493627	0.01738839
9300	-214.7422	-221.0078	6.265526	0.03140274	0.00505606	0.02634668	0.00505606
9310	-218.6052	-223.0015	4.396348	0.02810075	0.0206676	0.00743315	0.0206676
9320	-253.1937	-257.5261	4.33233	0.09497097	0.0508597	0.04411127	0.0508597
9330	-263.0868	-265.6924	2.605613	0.2097529	0.1909296	0.01882328	0.1909296
9340	-238.8331	-243.4643	4.631215	0.09017923	0.06894693	0.0212323	0.06894693
9350	-261.3043	-265.6786	4.374279	0.08570625	0.02896442	0.05674183	0.02896442
9360	-231.9181	-237.289	5.370867	0.06524336	0.03804335	0.02720001	0.03804335
9370	-221.0705	-226.9444	5.873952	0.04423219	0.02470319	0.019529	0.02470319
9380	-286.6133	-290.3454	3.732156	0.09615561	0.02027604	0.07587957	0.02027604
9390	-219.3548	-225.5572	6.202308	0.03982108	0.01419509	0.02562599	0.01419509
9400	-227.1839	-233.0816	5.897717	0.04964149	0.01624666	0.03339483	0.01624666
9410	-266.4411	-268.2375	1.796366	0.2441582	0.2312392	0.01291902	0.2312392
9420	-218.0231	-223.2569	5.233782	0.03245648	0.02198539	0.0104711	0.02198539
9430	-220.0615	-225.4123	5.350842	0.039251	0.02700678	0.01224422	0.02700678
9440	-228.2401	-234.0084	5.768385	0.053494	0.02217853	0.03131547	0.02217853
9450	-237.043	-242.0838	5.040786	0.07664753	0.04775296	0.02889457	0.04775296
9460	-222.6566	-228.7658	6.109218	0.04336931	0.01272254	0.03064678	0.01272254
9470	-220.3436	-226.3503	6.00663	0.04263461	0.02126027	0.02137434	0.02126027
9480	-262.9456	-266.164	3.21844	0.1591174	0.123944	0.03517342	0.123944
9490	-223.4898	-229.3006	5.810845	0.04899442	0.02689446	0.02209997	0.02689446
9500	-254.1653	-259.1007	4.935402	0.06923767	0.01270797	0.05652969	0.01270797
9510	-219.0346	-224.6544	5.619806	0.03811326	0.02429214	0.01382112	0.02429214
9520	-212.2089	-218.3936	6.184725	0.02418829	0.009229633	0.01495866	0.009229633
9530	-260.7657	-264.6384	3.872671	0.1099393	0.06243592	0.04750338	0.06243592
9540	-231.3793	-237.1227	5.743438	0.04860093	0.006864127	0.04173681	0.006864127
9550	-210.1566	-216.0385	5.881941	0.0221449	0.002368202	0.0197767	0.002368202
9560	-237.4656	-242.5435	5.077991	0.07503569	0.0439532	0.03108249	0.0439532
9570	-221.9755	-228.1202	6.144697	0.04197904	0.01104987	0.03092917	0.01104987
9580	-217.6889	-223.7979	6.108997	0.03736781	0.01791573	0.01945208	0.01791573
9590	-233.6833	-238.698	5.014643	0.07454469	0.05341266	0.02113202	0.05341266
9600	-260.597	-263.9911	3.394116	0.1491843	0.1144176	0.03476668	0.1144176
9610	-213.0785	-219.4378	6.359372	0.02854623	0.009182211	0.01936402	0.009182211
9620	-242.0892	-246.6162	4.527014	0.09702069	0.07214381	0.02487688	0.07214381
9630	-238.3569	-243.7767	5.419761	0.06127737	0.01892292	0.04235445	0.01892292
9640	-267.3923	-269.6905	2.298225	0.2381577	0.2184974	0.01966027	0.2184974
9650	-243.2461	-248.4292	5.183018	0.06702737	0.02173176	0.04529561	0.02173176
9660	-242.9089	-247.872	4.963092	0.05473572	0.00304243	0.05169329	0.00304243
9670	-214.4285	-220.6907	6.262225	0.03092691	0.004892805	0.02603411	0.004892805
9680	-258.0704	-261.0992	3.028815	0.1778955	0.158787	0.01910853	0.158787
9690	-218.3358	-224.2324	5.896657	0.03795782	0.02148832	0.0164695	0.02148832
9700	-264.3927	-267.7272	3.33445	0.1422513	0.1003599	0.04189146	0.1003599
9710	-255.166	-259.9146	4.748606	0.07576257	0.02118931	0.05457326	0.02118931
9720	-262.4483	-265.4421	2.993743	0.1845086	0.1578435	0.02666512	0.1578435
9730	-226.1932	-232.1697	5.976535	0.04509759	0.00866407	0.03643352	0.00866407
9740	-224.1073	-229.2662	5.158898	0.04966348	0.0364523	0.01321117	0.0364523
9750	-237.4559	-242.3513	4.895416	0.0818318	0.05645103	0.02538077	0.05645103
9760	-227.2209	-233.1653	5.944342	0.04718624	0.01100719	0.03617905	0.01100719
9770	-244.3663	-249.463	5.096685	0.069509	0.02420835	0.04530065	0.02420835
9780	-266.2555	-269.6415	3.385996	0.1326245	0.08584786	0.04677667	0.08584786
9790	-232.0744	-236.8257	4.751267	0.07177258	0.05666409	0.01510849	0.05666409
9800	-227.2898	-232.7943	5.504486	0.05776633	0.03633665	0.02142969	0.03633665
9810	-222.734	-228.6531	5.919122	0.04698109	0.02341266	0.02356844	0.02341266
9820	-214.9626	-221.2833	6.320752	0.03234441	0.01163786	0.02070656	0.01163786
9830	-214.7305	-220.9245	6.194028	0.03095459	0.01369553	0.01725907	0.01369553
9840	-241.9035	-246.5275	4.623993	0.09299586	0.06562402	0.02737184	0.06562402
9850	-240.6319	-246.0537	5.42188	0.0592913	0.0125981	0.0466932	0.0125981
9860	-249.4646	-253.8428	4.378205	0.09794884	0.06010005	0.0378488	0.06010005
9870	-229.6644	-235.1893	5.524935	0.06023721	0.03343638	0.02680083	0.03343638
9880	-224.939	-230.5713	5.632303	0.05259568	0.0321937	0.02040198	0.0321937
9890	-226.7163	-232.6698	5.953551	0.04545171	0.008420211	0.0370315	0.008420211
9900	-257.1801	-261.1421	3.961949	0.1107029	0.06771234	0.04299057	0.06771234
9910	-239.32	-244.8056	5.48558	0.05695112	0.01041729	0.04653383	0.01041729
9920	-232.8107	-238.4594	5.648682	0.04915609	0.005847151	0.04330894	0.005847151
9930	-218.5795	-224.7397	6.160244	0.03614261	0.005433028	0.03070959	0.005433028
9940	-233.7715	-239.0264	5.254828	0.06918652	0.04129434	0.02789218	0.04129434
9950	-238.3841	-243.9031	5.518962	0.05541689	0.009071503	0.04634539	0.009071503
9960	-233.7873	-239.0333	5.245961	0.06946442	0.0418119	0.02765251	0.0418119
9970	-213.2568	-219.0091	5.7523	0.0216996	0.01041483	0.01128477	0.01041483
9980	-230.2091	-235.9181	5.709026	0.055028	0.02107521	0.03395279	0.02107521
9990	-227.7703	-233.3238	5.553509	0.05794125	0.03438091	0.02356034	0.03438091
10000	-212.7455	-218.7726	6.027121	0.0236546	0.01030461	0.01334998	0.01030461
