Iteration	Posterior	Likelihood	Prior	birth_rate	death_rate	diversification	turnover
0	-214.2761	-220.6505	6.374456	0.03119833	0.009139402	0.02205893	0.009139402
10	-272.6513	-276.5797	3.928471	0.09551469	0.03141444	0.06410025	0.03141444
20	-308.4558	-309.3064	0.8505956	0.2523259	0.1860512	0.06627467	0.1860512
30	-227.452	-233.1484	5.696425	0.04373366	0.004054216	0.03967944	0.004054216
40	-215.0066	-220.6431	5.636538	0.03033944	0.002019263	0.02832018	0.002019263
50	-272.8871	-277.2345	4.347394	0.08013883	0.01059941	0.06953942	0.01059941
60	-240.6458	-244.9212	4.275425	0.09933314	0.08203501	0.01729813	0.08203501
70	-214.6565	-220.4848	5.828223	0.02729464	0.01463893	0.01265571	0.01463893
80	-235.0826	-240.5743	5.491745	0.06050264	0.02255183	0.03795081	0.02255183
90	-235.3358	-240.4851	5.149319	0.0490126	0.00272647	0.04628614	0.00272647
100	-219.9038	-226.1252	6.221424	0.03927288	0.009974868	0.02929802	0.009974868
110	-255.3985	-259.4215	4.023035	0.1100994	0.06915269	0.04094675	0.06915269
120	-248.6081	-252.5998	3.991778	0.122821	0.09892011	0.02390093	0.09892011
130	-210.8658	-217.0946	6.22883	0.0218125	0.006067122	0.01574538	0.006067122
140	-234.9633	-240.3942	5.430878	0.06272964	0.02673483	0.03599481	0.02673483
150	-225.2606	-230.8582	5.597585	0.05338032	0.03321134	0.02016898	0.03321134
160	-234.3469	-237.7219	3.374971	0.07465511	0.06637622	0.008278885	0.06637622
170	-217.497	-223.7503	6.253263	0.03697109	0.01372262	0.02324847	0.01372262
180	-227.8683	-233.3873	5.518934	0.05853469	0.03569883	0.02283586	0.03569883
190	-264.3946	-267.195	2.800484	0.199516	0.1738945	0.02562149	0.1738945
200	-232.4557	-238.0214	5.565668	0.05907434	0.024556	0.03451834	0.024556
210	-284.3639	-287.4084	3.044457	0.1245385	0.05805917	0.0664793	0.05805917
220	-402.9271	-399.5152	-3.411861	0.5122256	0.3955526	0.1166729	0.3955526
230	-297.8136	-298.5879	0.7742822	0.3230578	0.2745742	0.0484836	0.2745742
240	-241.3926	-246.0246	4.632085	0.09267612	0.06625663	0.02641949	0.06625663
250	-262.7967	-266.5053	3.708663	0.1167737	0.06919676	0.04757697	0.06919676
260	-269.2242	-272.5918	3.367644	0.1274206	0.0759949	0.05142569	0.0759949
270	-277.5624	-279.792	2.229593	0.214642	0.1732359	0.04140609	0.1732359
280	-261.5527	-265.5259	3.973271	0.1030687	0.0523667	0.05070203	0.0523667
290	-256.0702	-259.7061	3.63583	0.1397108	0.1087838	0.03092705	0.1087838
300	-232.524	-237.8954	5.371441	0.06539158	0.03676359	0.02862799	0.03676359
310	-261.7234	-265.3603	3.636887	0.1241464	0.08012396	0.0440224	0.08012396
320	-286.5468	-289.8207	3.273839	0.1123173	0.04093836	0.07137897	0.04093836
330	-240.3814	-245.06	4.678582	0.09062001	0.06510954	0.02551047	0.06510954
340	-237.6579	-243.0834	5.425486	0.06148482	0.02027907	0.04120575	0.02027907
350	-321.6022	-323.5102	1.907985	0.1475388	0.05633427	0.09120452	0.05633427
360	-323.9796	-324.7422	0.7626067	0.2173897	0.1345746	0.08281515	0.1345746
370	-212.9962	-219.1453	6.149082	0.02591017	0.01096648	0.01494369	0.01096648
380	-219.2001	-225.3872	6.187032	0.03719092	0.006381453	0.03080947	0.006381453
390	-232.6782	-238.1749	5.496717	0.06132191	0.02840704	0.03291486	0.02840704
400	-241.8681	-246.453	4.584886	0.09467372	0.0685887	0.02608502	0.0685887
410	-234.5279	-240.161	5.633143	0.0512604	0.007115798	0.0441446	0.007115798
420	-263.7099	-268.3284	4.618577	0.07549017	0.01239005	0.06310012	0.01239005
430	-276.1964	-280.4429	4.246517	0.07987199	0.007465782	0.07240621	0.007465782
440	-309.7405	-309.9284	0.1879027	0.346326	0.2885948	0.05773116	0.2885948
450	-268.192	-270.8429	2.650942	0.2054554	0.1748314	0.03062403	0.1748314
460	-216.0219	-222.1769	6.155078	0.03380719	0.01572157	0.01808562	0.01572157
470	-230.9783	-236.6495	5.671174	0.05604254	0.02155682	0.03448572	0.02155682
480	-248.1419	-252.0311	3.889202	0.1258488	0.1052547	0.02059408	0.1052547
490	-245.7406	-250.733	4.992332	0.05722746	0.003717536	0.05350993	0.003717536
500	-237.4437	-242.2031	4.759438	0.08528447	0.06352189	0.02176258	0.06352189
510	-240.758	-245.7167	4.958727	0.07793942	0.04284687	0.03509254	0.04284687
520	-252.0015	-256.4382	4.436684	0.09105769	0.04677053	0.04428716	0.04677053
530	-232.6998	-237.8196	5.119761	0.07135406	0.04949983	0.02185423	0.04949983
540	-343.3976	-341.105	-2.29263	0.6375504	0.5691964	0.06835394	0.5691964
550	-245.8572	-250.9107	5.053471	0.07017991	0.02338476	0.04679515	0.02338476
560	-221.9477	-227.707	5.75928	0.04609153	0.0275378	0.01855373	0.0275378
570	-272.9361	-277.2704	4.334302	0.08090067	0.01158544	0.06931523	0.01158544
580	-343.161	-343.4704	0.3093707	0.2197411	0.123197	0.09654409	0.123197
590	-215.7161	-221.9786	6.262501	0.03280247	0.005462833	0.02733964	0.005462833
600	-229.3464	-235.1552	5.808742	0.04673914	0.006533504	0.04020563	0.006533504
610	-212.7984	-217.8003	5.001883	0.01268891	0.001902835	0.01078607	0.001902835
620	-225.1895	-231.0552	5.865677	0.05021777	0.02288584	0.02733193	0.02288584
630	-212.5713	-218.8372	6.265834	0.0279736	0.00440713	0.02356647	0.00440713
640	-245.5839	-250.0165	4.43259	0.1004362	0.07016955	0.03026669	0.07016955
650	-224.2089	-230.1236	5.914694	0.04861723	0.02194308	0.02667415	0.02194308
660	-254.2432	-259.1951	4.951902	0.06810565	0.0109705	0.05713515	0.0109705
670	-231.0888	-236.1659	5.07706	0.06847919	0.0499363	0.01854289	0.0499363
680	-258.8785	-262.0154	3.136892	0.174883	0.1521818	0.02270124	0.1521818
690	-212.4986	-218.1837	5.685093	0.01747928	0.00674501	0.01073427	0.00674501
700	-243.9225	-248.6386	4.716053	0.08658564	0.05145112	0.03513451	0.05145112
710	-230.1949	-235.6899	5.495055	0.06124105	0.03415297	0.02708808	0.03415297
720	-226.9318	-232.7951	5.863285	0.05077571	0.01931739	0.03145832	0.01931739
730	-226.8202	-232.4796	5.659484	0.04294654	0.003639705	0.03930683	0.003639705
740	-216.5494	-222.8689	6.319427	0.03453528	0.007887015	0.02664826	0.007887015
750	-254.9703	-259.1233	4.152986	0.1025248	0.05923187	0.04329294	0.05923187
760	-261.0995	-264.2073	3.107767	0.176347	0.1495212	0.02682584	0.1495212
770	-260.5341	-263.783	3.248889	0.1641751	0.1343025	0.02987261	0.1343025
780	-272.8462	-276.0853	3.239085	0.1292787	0.07465094	0.05462776	0.07465094
790	-405.3659	-405.7836	0.4176878	0.175493	0.03254733	0.1429456	0.03254733
800	-248.4609	-253.5084	5.047519	0.0688462	0.01826404	0.05058216	0.01826404
810	-274.2015	-276.9731	2.771646	0.1640952	0.1163262	0.04776904	0.1163262
820	-247.0867	-251.2147	4.127997	0.115869	0.09145357	0.02441546	0.09145357
830	-244.3814	-249.5799	5.198549	0.0657651	0.01831546	0.04744964	0.01831546
840	-213.5292	-219.9153	6.386121	0.02982943	0.008007452	0.02182198	0.008007452
850	-280.2074	-282.9337	2.726285	0.1512826	0.09462774	0.05665489	0.09462774
860	-318.8254	-321.2924	2.466908	0.1268946	0.03379623	0.09309833	0.03379623
870	-217.0384	-222.1749	5.136544	0.02856823	0.01900707	0.009561156	0.01900707
880	-230.1257	-235.4553	5.329605	0.06433329	0.04205029	0.022283	0.04205029
890	-225.8674	-231.3781	5.510737	0.05495303	0.03562317	0.01932986	0.03562317
900	-236.4953	-241.5844	5.08906	0.07491397	0.04579933	0.02911465	0.04579933
910	-210.9289	-217.1563	6.227383	0.02187553	0.006224443	0.01565108	0.006224443
920	-210.9066	-217.1996	6.292963	0.02312568	0.005911315	0.01721436	0.005911315
930	-277.6566	-281.7337	4.07717	0.08820686	0.01732712	0.07087974	0.01732712
940	-212.4017	-218.6525	6.250788	0.02557633	0.009465479	0.01611085	0.009465479
950	-253.0375	-256.7658	3.728325	0.1374179	0.1111756	0.02624233	0.1111756
960	-270.5834	-274.564	3.980615	0.09477569	0.03233086	0.06244483	0.03233086
970	-275.726	-276.8091	1.083019	0.3261164	0.312589	0.01352739	0.312589
980	-235.6459	-240.8952	5.249298	0.06910866	0.03697488	0.03213378	0.03697488
990	-241.3128	-246.7034	5.390573	0.06015448	0.0131483	0.04700618	0.0131483
1000	-270.1717	-272.5851	2.413425	0.2281607	0.1998879	0.02827271	0.1998879
1010	-214.6248	-220.965	6.340269	0.03173954	0.01088556	0.02085398	0.01088556
1020	-265.7156	-270.2941	4.578486	0.07369906	0.008087699	0.06561136	0.008087699
1030	-229.4885	-234.9034	5.414929	0.06220546	0.03895306	0.0232524	0.03895306
1040	-224.5817	-230.2597	5.677943	0.05169637	0.03086922	0.02082715	0.03086922
1050	-215.8508	-221.4892	5.638364	0.03139601	0.002086333	0.02930968	0.002086333
1060	-249.1146	-253.3801	4.265418	0.1058024	0.07212626	0.03367612	0.07212626
1070	-314.7926	-316.7776	1.984989	0.1489989	0.06309904	0.08589985	0.06309904
1080	-254.0724	-258.0545	3.982181	0.1159295	0.07902473	0.03690478	0.07902473
1090	-216.3858	-221.8444	5.458591	0.03173626	0.001778192	0.02995807	0.001778192
1100	-259.1295	-262.557	3.427525	0.1506233	0.118566	0.03205733	0.118566
1110	-215.4464	-221.7817	6.335273	0.03283863	0.007006286	0.02583234	0.007006286
1120	-225.9523	-231.601	5.648768	0.05424422	0.03169821	0.02254601	0.03169821
1130	-239.0329	-244.2783	5.245397	0.06731118	0.02804553	0.03926564	0.02804553
1140	-216.8248	-222.5248	5.700028	0.03253225	0.01954541	0.01298684	0.01954541
1150	-225.1576	-229.2479	4.090241	0.04724725	0.03901448	0.008232778	0.03901448
1160	-293.3324	-295.2657	1.933295	0.1858984	0.1236072	0.06229125	0.1236072
1170	-228.072	-233.8056	5.733595	0.05443807	0.02468177	0.0297563	0.02468177
1180	-250.4858	-254.6095	4.123756	0.1130951	0.08053177	0.03256331	0.08053177
1190	-262.9989	-267.6325	4.63367	0.07541719	0.01294969	0.0624675	0.01294969
1200	-224.1803	-229.0604	4.880058	0.04846968	0.03717593	0.01129375	0.03717593
1210	-214.2528	-220.1942	5.941325	0.02723957	0.01380282	0.01343675	0.01380282
1220	-227.3623	-232.8185	5.456201	0.05826501	0.03779224	0.02047277	0.03779224
1230	-241.0461	-244.7008	3.654642	0.1017527	0.08999667	0.01175602	0.08999667
1240	-226.3887	-231.9647	5.576009	0.05560912	0.03406424	0.02154488	0.03406424
1250	-274.3339	-275.8586	1.524704	0.3046766	0.2878689	0.01680776	0.2878689
1260	-224.8786	-230.9141	6.035559	0.04476449	0.01059167	0.03417283	0.01059167
1270	-238.6068	-243.044	4.437155	0.09207866	0.0746857	0.01739296	0.0746857
1280	-278.6722	-280.3971	1.724865	0.2907191	0.2615579	0.02916117	0.2615579
1290	-215.8738	-222.2206	6.346801	0.03387256	0.009335152	0.0245374	0.009335152
1300	-221.0348	-226.9473	5.912498	0.04413338	0.02383327	0.02030011	0.02383327
1310	-257.0173	-261.4438	4.426441	0.08661756	0.03469345	0.05192411	0.03469345
1320	-235.6007	-240.6795	5.078807	0.07520455	0.04851363	0.02669092	0.04851363
1330	-262.5735	-265.8885	3.315084	0.1502985	0.1130732	0.0372253	0.1130732
1340	-228.3447	-234.1221	5.777413	0.0532273	0.0213581	0.0318692	0.0213581
1350	-229.38	-235.162	5.782019	0.04644007	0.005947691	0.04049238	0.005947691
1360	-230.6188	-235.9245	5.30576	0.06540503	0.04280171	0.02260332	0.04280171
1370	-277.232	-279.5276	2.295578	0.2071651	0.1647472	0.04241792	0.1647472
1380	-215.941	-221.9131	5.97212	0.0322756	0.01714397	0.01513163	0.01714397
1390	-252.811	-257.4538	4.642732	0.08110691	0.03149304	0.04961387	0.03149304
1400	-240.8713	-246.2927	5.421384	0.05676948	0.008226394	0.04854309	0.008226394
1410	-265.3538	-268.2546	2.90082	0.1860786	0.1548723	0.03120634	0.1548723
1420	-228.8182	-234.6304	5.812263	0.0520307	0.01782303	0.03420768	0.01782303
1430	-266.6895	-270.8741	4.184545	0.08951626	0.02892694	0.06058932	0.02892694
1440	-292.5022	-295.306	2.803762	0.1284689	0.0559992	0.07246974	0.0559992
1450	-245.0161	-250.0226	5.006484	0.07247415	0.02799198	0.04448217	0.02799198
1460	-219.8696	-225.8614	5.991789	0.04175119	0.02153482	0.02021637	0.02153482
1470	-224.0785	-228.9897	4.911157	0.03880913	0.001412442	0.03739669	0.001412442
1480	-226.4992	-231.9947	5.495507	0.05633105	0.03637495	0.01995611	0.03637495
1490	-284.702	-287.2713	2.569356	0.1535314	0.09313102	0.0604004	0.09313102
1500	-257.5156	-261.8857	4.370092	0.08855408	0.03686725	0.05168683	0.03686725
1510	-214.9135	-221.2777	6.364148	0.03234519	0.009521328	0.02282386	0.009521328
1520	-236.4682	-241.794	5.325799	0.06580334	0.02958704	0.0362163	0.02958704
1530	-249.4094	-254.5344	5.124966	0.06395647	0.009808759	0.05414771	0.009808759
1540	-255.1686	-258.8411	3.672457	0.1386251	0.108833	0.02979208	0.108833
1550	-275.5552	-277.8977	2.342466	0.2097802	0.1698878	0.03989248	0.1698878
1560	-278.2111	-281.8774	3.666367	0.1021041	0.03506575	0.06703832	0.03506575
1570	-271.9935	-274.5698	2.576255	0.1965809	0.1584743	0.03810667	0.1584743
1580	-312.077	-313.7176	1.640592	0.1716417	0.09159961	0.08004211	0.09159961
1590	-226.7482	-232.4085	5.660254	0.0551538	0.03070832	0.02444548	0.03070832
1600	-266.9833	-269.8503	2.866993	0.1832737	0.1488682	0.03440549	0.1488682
1610	-244.1315	-248.7987	4.667247	0.08892929	0.05477381	0.03415548	0.05477381
1620	-242.1666	-246.7666	4.599996	0.09402017	0.06677204	0.02724813	0.06677204
1630	-346.4428	-348.5844	2.141596	0.1175958	0.003581465	0.1140144	0.003581465
1640	-279.8417	-281.5464	1.704781	0.2869464	0.2553126	0.03163379	0.2553126
1650	-268.5246	-272.7077	4.183181	0.08860117	0.02596538	0.0626358	0.02596538
1660	-249.3314	-254.3676	5.036204	0.06090203	0.005385648	0.05551638	0.005385648
1670	-253.8923	-258.0384	4.146134	0.1048191	0.06380323	0.04101583	0.06380323
1680	-234.814	-240.3603	5.546357	0.05868506	0.01974895	0.03893611	0.01974895
1690	-232.3984	-238.093	5.694569	0.05453363	0.01613536	0.03839827	0.01613536
1700	-222.434	-228.4023	5.968333	0.04608727	0.02167609	0.02441119	0.02167609
1710	-222.665	-228.6126	5.947659	0.04659986	0.02232855	0.02427131	0.02232855
1720	-216.7126	-222.9411	6.228533	0.03561624	0.01475139	0.02086486	0.01475139
1730	-237.2375	-242.2751	5.037556	0.07673299	0.04747522	0.02925777	0.04747522
1740	-231.519	-235.892	4.372989	0.06906822	0.05739669	0.01167153	0.05739669
1750	-218.6441	-224.4471	5.802979	0.03821077	0.02270087	0.0155099	0.02270087
1760	-253.1427	-257.1749	4.032132	0.114277	0.07806923	0.03620773	0.07806923
1770	-221.6069	-227.6517	6.044763	0.0442346	0.01918515	0.02504945	0.01918515
1780	-215.3391	-220.8594	5.520335	0.03056676	0.001820108	0.02874665	0.001820108
1790	-292.2284	-294.4908	2.262435	0.1612863	0.09567971	0.06560663	0.09567971
1800	-239.5107	-244.7279	5.217164	0.06808311	0.02860714	0.03947597	0.02860714
1810	-220.0334	-225.9302	5.896818	0.04200138	0.0234937	0.01850768	0.0234937
1820	-219.8705	-225.8484	5.977975	0.03684357	0.00402048	0.03282309	0.00402048
1830	-230.0311	-235.1488	5.117645	0.06575364	0.04785261	0.01790102	0.04785261
1840	-235.0606	-240.3116	5.25103	0.06924444	0.03842812	0.03081632	0.03842812
1850	-259.8769	-263.5653	3.688436	0.1246573	0.0830645	0.04159282	0.0830645
1860	-234.4122	-239.642	5.229819	0.0700671	0.041454	0.02861311	0.041454
1870	-230.9799	-236.1079	5.128044	0.06792967	0.04861964	0.01931003	0.04861964
1880	-241.1916	-246.0309	4.8393	0.08318144	0.05068905	0.0324924	0.05068905
1890	-270.684	-273.8536	3.169678	0.1388484	0.08888844	0.04996	0.08888844
1900	-387.6385	-388.4349	0.7964651	0.1658416	0.03279117	0.1330504	0.03279117
1910	-265.2491	-269.0193	3.770201	0.1091312	0.05650269	0.05262853	0.05650269
1920	-243.7542	-248.1221	4.367955	0.1040085	0.08002869	0.02397977	0.08002869
1930	-217.5161	-223.69	6.173848	0.03713428	0.01638464	0.02074965	0.01638464
1940	-279.627	-281.7347	2.107735	0.2205273	0.1777535	0.04277384	0.1777535
1950	-304.4951	-305.5348	1.039657	0.2445073	0.1807	0.06380736	0.1807
1960	-224.4304	-230.446	6.015672	0.04632242	0.01525988	0.03106254	0.01525988
1970	-223.0048	-229.1031	6.098332	0.04204917	0.008627877	0.03342129	0.008627877
1980	-267.8008	-270.5029	2.702104	0.2005653	0.169324	0.03124131	0.169324
1990	-281.3285	-285.3417	4.013247	0.08881499	0.01504326	0.07377173	0.01504326
2000	-292.5328	-294.6109	2.078067	0.1751771	0.111787	0.06339013	0.111787
2010	-218.0013	-224.0192	6.017865	0.03774326	0.01969016	0.01805311	0.01969016
2020	-303.3678	-302.7795	-0.5882909	0.6259029	0.5987799	0.02712299	0.5987799
2030	-250.5049	-255.3247	4.819801	0.07590113	0.02650714	0.04939399	0.02650714
2040	-288.6419	-291.7457	3.103827	0.1179533	0.0462361	0.0717172	0.0462361
2050	-225.8774	-231.8019	5.924508	0.04901354	0.01790862	0.03110492	0.01790862
2060	-223.2743	-228.837	5.562672	0.0489248	0.03196679	0.01695801	0.03196679
2070	-280.8492	-284.3622	3.513004	0.1064259	0.03832365	0.06810222	0.03832365
2080	-274.6859	-277.0015	2.315566	0.2187569	0.1817472	0.0370097	0.1817472
2090	-218.8429	-224.4064	5.563495	0.03721278	0.02404227	0.0131705	0.02404227
2100	-270.6721	-274.0285	3.356427	0.1254635	0.07201622	0.05344728	0.07201622
2110	-242.8496	-248.0046	5.154959	0.06829841	0.02426638	0.04403203	0.02426638
2120	-259.4134	-263.2173	3.803848	0.117056	0.07352537	0.04353066	0.07352537
2130	-220.3162	-226.3267	6.010588	0.04257391	0.02114767	0.02142624	0.02114767
2140	-257.2885	-262.0701	4.781536	0.0733909	0.01558822	0.05780268	0.01558822
2150	-260.0879	-263.3923	3.304423	0.1599209	0.1293977	0.03052326	0.1293977
2160	-224.742	-230.4422	5.700127	0.05185163	0.03023445	0.02161718	0.03023445
2170	-250.2023	-253.9806	3.778318	0.1333083	0.1116429	0.02166534	0.1116429
2180	-222.8236	-228.1324	5.308822	0.04677259	0.03312085	0.01365174	0.03312085
2190	-272.659	-275.0838	2.424812	0.2143062	0.1791151	0.03519104	0.1791151
2200	-274.1626	-278.2935	4.130942	0.07597416	0.004087106	0.07188706	0.004087106
2210	-225.9731	-230.7771	4.803984	0.05344381	0.04175613	0.01168768	0.04175613
2220	-307.7739	-307.7048	-0.06915817	0.4168568	0.3671797	0.04967711	0.3671797
2230	-220.8805	-226.2526	5.372117	0.0416948	0.02879153	0.01290328	0.02879153
2240	-299.2821	-301.7549	2.472855	0.1385115	0.06265125	0.07586027	0.06265125
2250	-217.8451	-224.0879	6.242767	0.03755246	0.01392955	0.02362291	0.01392955
2260	-241.44	-244.4878	3.047884	0.1013592	0.09232664	0.009032513	0.09232664
2270	-251.7964	-255.8048	4.008312	0.1189894	0.08685276	0.03213662	0.08685276
2280	-232.3173	-237.2835	4.966149	0.07202076	0.05379118	0.01822957	0.05379118
2290	-225.9175	-231.4712	5.553686	0.05488314	0.03461525	0.0202679	0.03461525
2300	-256.3247	-260.2067	3.882011	0.1182846	0.07913098	0.03915358	0.07913098
2310	-456.8633	-455.5728	-1.290519	0.2279746	0.05947362	0.1685009	0.05947362
2320	-237.4141	-242.8898	5.475695	0.05976101	0.01769602	0.04206499	0.01769602
2330	-222.9924	-228.6531	5.660715	0.04838949	0.03021125	0.01817824	0.03021125
2340	-337.8435	-337.603	-0.240445	0.2829424	0.1966864	0.08625594	0.1966864
2350	-240.5673	-245.5248	4.957552	0.07815806	0.04352886	0.0346292	0.04352886
2360	-211.9046	-217.9468	6.042217	0.02129693	0.008102738	0.0131942	0.008102738
2370	-233.0979	-238.8173	5.719363	0.05178535	0.010027	0.04175835	0.010027
2380	-225.3655	-231.1249	5.759425	0.05215282	0.02774933	0.02440349	0.02774933
2390	-233.5289	-239.1981	5.669204	0.05044969	0.007076201	0.04337349	0.007076201
2400	-356.6159	-352.1959	-4.41997	1.289938	1.231705	0.05823351	1.231705
2410	-240.522	-245.4625	4.940515	0.07897869	0.04495912	0.03401957	0.04495912
2420	-239.0275	-244.4598	5.432295	0.0540414	0.006069154	0.04797225	0.006069154
2430	-245.7472	-250.475	4.72778	0.08387107	0.04448966	0.03938141	0.04448966
2440	-256.8672	-261.7357	4.868517	0.0681088	0.008397465	0.05971133	0.008397465
2450	-258.2228	-262.2546	4.031859	0.1045129	0.05804614	0.04646676	0.05804614
2460	-230.9991	-236.7611	5.76196	0.05275747	0.01516925	0.03758823	0.01516925
2470	-247.7983	-252.2952	4.496865	0.09350492	0.05599517	0.03750975	0.05599517
2480	-213.4518	-219.8334	6.381613	0.02960494	0.008585454	0.02101949	0.008585454
2490	-280.3931	-281.8663	1.473193	0.323124	0.2969726	0.02615142	0.2969726
2500	-287.5404	-289.3954	1.854936	0.2145179	0.1622658	0.05225206	0.1622658
2510	-212.3199	-218.6977	6.377878	0.02747514	0.00654256	0.02093258	0.00654256
2520	-242.5973	-247.3994	4.802035	0.08365765	0.04900858	0.03464907	0.04900858
2530	-211.501	-217.8456	6.344591	0.02503279	0.006736133	0.01829666	0.006736133
2540	-237.7112	-241.9792	4.267925	0.08982403	0.07528446	0.01453957	0.07528446
2550	-280.1127	-283.1499	3.037142	0.1302149	0.06888863	0.06132628	0.06888863
2560	-215.3051	-221.6091	6.304022	0.03297999	0.01225612	0.02072386	0.01225612
2570	-282.2611	-286.3335	4.072491	0.08476975	0.00896187	0.07580788	0.00896187
2580	-231.7824	-237.1149	5.332492	0.06615192	0.04042337	0.02572856	0.04042337
2590	-253.4526	-258.2299	4.777274	0.07569071	0.02291114	0.05277957	0.02291114
2600	-241.754	-247.1503	5.396335	0.05877492	0.01038247	0.04839245	0.01038247
2610	-237.4431	-241.312	3.868927	0.08824428	0.0768668	0.01137748	0.0768668
2620	-261.8062	-265.0164	3.210208	0.1641814	0.1322299	0.03195148	0.1322299
2630	-225.7029	-231.4249	5.721955	0.0530569	0.02902627	0.02403063	0.02902627
2640	-249.1706	-253.3782	4.207602	0.1096046	0.07763949	0.03196515	0.07763949
2650	-241.5438	-246.9488	5.405024	0.05824537	0.009785802	0.04845957	0.009785802
2660	-265.3504	-266.8093	1.458888	0.2367427	0.226355	0.01038774	0.226355
2670	-210.9116	-217.162	6.250398	0.02446794	0.004167241	0.0203007	0.004167241
2680	-265.6151	-270.194	4.578914	0.0753572	0.01046237	0.06489483	0.01046237
2690	-219.54	-225.5243	5.984347	0.04106995	0.02152953	0.01954042	0.02152953
2700	-242.3351	-247.5442	5.209087	0.05541335	0.004518531	0.05089482	0.004518531
2710	-266.8566	-270.3928	3.536237	0.1205908	0.06973732	0.05085352	0.06973732
2720	-289.9151	-291.8172	1.902071	0.1996276	0.1426992	0.05692844	0.1426992
2730	-213.0423	-219.4233	6.380963	0.02874415	0.008320388	0.02042376	0.008320388
2740	-257.5178	-261.9593	4.441534	0.08563603	0.03277818	0.05285785	0.03277818
2750	-218.9056	-225.0376	6.131969	0.03973957	0.0176244	0.02211517	0.0176244
2760	-217.7902	-223.9987	6.208589	0.03761487	0.01533834	0.02227653	0.01533834
2770	-224.6738	-230.6004	5.926672	0.04207418	0.005373122	0.03670106	0.005373122
2780	-217.559	-223.8415	6.282556	0.03681007	0.012018	0.02479207	0.012018
2790	-229.1943	-234.6663	5.472	0.06092287	0.03671121	0.02421167	0.03671121
2800	-335.954	-336.9973	1.043285	0.1799069	0.08343991	0.09646698	0.08343991
2810	-236.6803	-241.3069	4.626588	0.08534304	0.06728517	0.01805787	0.06728517
2820	-254.4877	-259.4072	4.919541	0.06969721	0.01305252	0.05664468	0.01305252
2830	-216.2146	-222.5528	6.338105	0.03431059	0.008968037	0.02534256	0.008968037
2840	-268.6551	-272.0888	3.433744	0.1240358	0.07227192	0.05176391	0.07227192
2850	-336.1244	-334.9606	-1.163844	0.4290247	0.3552715	0.07375319	0.3552715
2860	-219.5029	-225.7361	6.233235	0.03854777	0.009199347	0.02934842	0.009199347
2870	-223.884	-228.6352	4.751216	0.04689116	0.03643361	0.01045755	0.03643361
2880	-241.8083	-245.2911	3.482846	0.1044761	0.09337787	0.01109821	0.09337787
2890	-229.2173	-234.5805	5.36317	0.06245211	0.0409821	0.02147	0.0409821
2900	-237.6328	-241.3147	3.681865	0.08833848	0.07787884	0.01045964	0.07787884
2910	-280.6402	-284.2952	3.654998	0.1011935	0.03178111	0.06941237	0.03178111
2920	-297.5208	-298.9312	1.410381	0.2270612	0.1671796	0.05988153	0.1671796
2930	-241.4798	-246.0864	4.606612	0.0937192	0.06786885	0.02585034	0.06786885
2940	-223.8557	-229.4479	5.592208	0.05035017	0.03224544	0.01810473	0.03224544
2950	-234.6563	-240.3165	5.660142	0.05323397	0.01033891	0.04289506	0.01033891
2960	-218.5271	-224.2131	5.686048	0.03716381	0.02307427	0.01408954	0.02307427
2970	-232.6593	-237.9652	5.305904	0.06733651	0.04043669	0.02689982	0.04043669
2980	-236.944	-242.0775	5.13351	0.07303797	0.04145359	0.03158438	0.04145359
2990	-216.6485	-222.9243	6.275811	0.03550232	0.01321916	0.02228317	0.01321916
3000	-245.8569	-250.6551	4.798207	0.08043905	0.03910903	0.04133002	0.03910903
3010	-215.3243	-221.6052	6.280917	0.03292296	0.01288223	0.02004073	0.01288223
3020	-231.4332	-236.7225	5.289372	0.06674643	0.04298527	0.02376115	0.04298527
3030	-240.844	-245.547	4.702971	0.08971939	0.06239834	0.02732105	0.06239834
3040	-216.4953	-222.682	6.186718	0.03504471	0.01561799	0.01942673	0.01561799
3050	-217.9542	-223.3843	5.430118	0.03347532	0.00182791	0.03164741	0.00182791
3060	-233.5039	-238.3783	4.874434	0.07548106	0.05729151	0.01818955	0.05729151
3070	-220.5739	-226.3079	5.733991	0.04276679	0.02625169	0.0165151	0.02625169
3080	-214.5429	-220.7624	6.219441	0.03070195	0.01317322	0.01752873	0.01317322
3090	-245.7255	-250.9499	5.224412	0.0636866	0.01346537	0.05022122	0.01346537
3100	-260.3671	-264.255	3.887834	0.109677	0.06253886	0.04713814	0.06253886
3110	-235.4471	-240.8442	5.397113	0.06371106	0.02764873	0.03606233	0.02764873
3120	-238.7648	-244.2692	5.504412	0.05680601	0.01088473	0.04592128	0.01088473
3130	-211.2391	-217.3857	6.146581	0.02527277	0.00337846	0.02189431	0.00337846
3140	-212.5618	-218.8262	6.264336	0.02615919	0.009693192	0.016466	0.009693192
3150	-343.859	-342.8131	-1.045945	0.3684773	0.2846632	0.08381416	0.2846632
3160	-214.5228	-220.7485	6.225722	0.03094972	0.004520117	0.0264296	0.004520117
3170	-254.6468	-258.3887	3.741889	0.1339939	0.1032685	0.0307254	0.1032685
3180	-224.3403	-230.0314	5.691045	0.05117956	0.03045612	0.02072344	0.03045612
3190	-217.5768	-223.6714	6.094611	0.03707768	0.01810103	0.01897665	0.01810103
3200	-214.3381	-220.6995	6.361415	0.03126199	0.009962264	0.02129973	0.009962264
3210	-221.0675	-227.2398	6.172326	0.04132806	0.0120418	0.02928626	0.0120418
3220	-241.4793	-246.8859	5.406644	0.05787125	0.009264128	0.04860712	0.009264128
3230	-214.1544	-220.4637	6.309308	0.03066915	0.005455126	0.02521402	0.005455126
3240	-283.4385	-285.0558	1.617344	0.2760445	0.2377661	0.03827836	0.2377661
3250	-282.4794	-286.5357	4.056264	0.08605304	0.01046477	0.07558827	0.01046477
3260	-218.9891	-225.2423	6.253156	0.03824023	0.01013532	0.02810491	0.01013532
3270	-211.5979	-217.9132	6.315262	0.02608544	0.004886128	0.02119931	0.004886128
3280	-342.13	-341.8951	-0.2349864	0.2706929	0.18016	0.09053286	0.18016
3290	-254.9928	-259.6313	4.63845	0.07980801	0.02720765	0.05260036	0.02720765
3300	-295.0493	-296.1825	1.13323	0.2783387	0.227465	0.05087365	0.227465
3310	-349.5036	-351.217	1.7134	0.1434205	0.03191803	0.1115024	0.03191803
3320	-224.0181	-229.4209	5.402732	0.05040202	0.03482263	0.01557939	0.03482263
3330	-214.5507	-220.3447	5.794009	0.02661499	0.01431338	0.01230161	0.01431338
3340	-216.148	-221.4108	5.262882	0.02667143	0.01688774	0.009783693	0.01688774
3350	-255.9585	-259.4502	3.491726	0.1515655	0.1255256	0.02603984	0.1255256
3360	-263.3055	-265.8215	2.516059	0.2136262	0.1959274	0.01769875	0.1959274
3370	-296.793	-298.1436	1.350624	0.237465	0.1796622	0.05780274	0.1796622
3380	-303.6976	-306.3126	2.615051	0.1284357	0.04701292	0.08142282	0.04701292
3390	-308.8525	-311.9932	3.14071	0.1081353	0.01818404	0.08995126	0.01818404
3400	-249.2112	-251.8362	2.624997	0.1364362	0.1266798	0.009756391	0.1266798
3410	-228.0201	-233.8427	5.822657	0.05189478	0.01923889	0.03265588	0.01923889
3420	-246.627	-251.744	5.11702	0.06739909	0.01816908	0.04923001	0.01816908
3430	-227.9316	-233.6391	5.707499	0.05506539	0.02649626	0.02856913	0.02649626
3440	-338.1739	-337.9938	-0.1800408	0.2752529	0.1880376	0.08721529	0.1880376
3450	-241.1517	-246.3269	5.17518	0.06861871	0.02709576	0.04152295	0.02709576
3460	-233.4584	-238.3564	4.897947	0.07522155	0.05669671	0.01852484	0.05669671
3470	-226.0909	-231.5553	5.464319	0.05556689	0.03678959	0.0187773	0.03678959
3480	-227.9212	-232.0179	4.096706	0.05604683	0.04703225	0.009014579	0.04703225
3490	-251.9559	-256.0068	4.050864	0.1154677	0.08156095	0.03390676	0.08156095
3500	-229.9278	-235.5177	5.589978	0.05865036	0.02918333	0.02946702	0.02918333
3510	-242.7453	-247.5363	4.791036	0.08405272	0.04939144	0.03466128	0.04939144
3520	-260.6879	-265.3524	4.664453	0.07576586	0.01563802	0.06012784	0.01563802
3530	-212.6347	-218.3447	5.710029	0.01850571	0.007666193	0.01083952	0.007666193
3540	-254.7686	-259.6705	4.901964	0.0702607	0.01359059	0.05667011	0.01359059
3550	-218.3495	-224.1317	5.782207	0.03731326	0.02232411	0.01498915	0.02232411
3560	-234.6816	-240.0563	5.374646	0.0648794	0.0311412	0.03373821	0.0311412
3570	-222.8265	-228.6804	5.853903	0.04762157	0.02564432	0.02197725	0.02564432
3580	-305.3101	-305.2153	-0.09479518	0.4501723	0.405867	0.04430526	0.405867
3590	-224.1854	-227.6829	3.497542	0.04106262	0.03455036	0.006512261	0.03455036
3600	-234.535	-239.5071	4.972117	0.07666473	0.0550472	0.02161753	0.0550472
3610	-301.3593	-304.0912	2.731874	0.1250519	0.04472013	0.08033179	0.04472013
3620	-255.6124	-260.5106	4.89817	0.06954202	0.011692	0.05785002	0.011692
3630	-254.2348	-258.7013	4.46653	0.0872782	0.03871939	0.04855881	0.03871939
3640	-228.466	-233.4883	5.022324	0.06159304	0.04651025	0.01508279	0.04651025
3650	-213.5052	-219.4852	5.979953	0.02541091	0.01209059	0.01332032	0.01209059
3660	-228.0078	-233.2464	5.238519	0.06048008	0.04306102	0.01741907	0.04306102
3670	-238.5202	-243.3309	4.81073	0.08514572	0.05989203	0.0252537	0.05989203
3680	-238.6622	-243.5483	4.886159	0.08243935	0.05456263	0.02787672	0.05456263
3690	-225.299	-231.2814	5.982385	0.0435315	0.007135453	0.03639605	0.007135453
3700	-306.4995	-309.5825	3.083037	0.1105619	0.02295856	0.08760339	0.02295856
3710	-220.3097	-225.9151	5.605437	0.04146688	0.02679224	0.01467464	0.02679224
3720	-236.4984	-241.9778	5.479347	0.0516453	0.005274523	0.04637078	0.005274523
3730	-244.2755	-249.4706	5.195098	0.06595977	0.01875165	0.04720812	0.01875165
3740	-252.9456	-257.9317	4.986156	0.06470659	0.007310471	0.05739611	0.007310471
3750	-213.336	-218.6429	5.306965	0.01364914	0.004016449	0.009632691	0.004016449
3760	-225.4693	-231.2423	5.773084	0.05206966	0.02704062	0.02502904	0.02704062
3770	-234.1877	-239.1976	5.009938	0.07547793	0.05358474	0.0218932	0.05358474
3780	-235.3348	-240.8823	5.547493	0.05834577	0.01833086	0.04001491	0.01833086
3790	-219.9427	-226.0838	6.141045	0.04121422	0.01661305	0.02460117	0.01661305
3800	-243.265	-246.6087	3.343667	0.1103246	0.09936863	0.01095595	0.09936863
3810	-233.2674	-238.9725	5.705099	0.05307407	0.01208642	0.04098766	0.01208642
3820	-240.6747	-245.1637	4.488915	0.09641826	0.07524466	0.0211736	0.07524466
3830	-239.2883	-244.1181	4.829826	0.08462901	0.05703225	0.02759676	0.05703225
3840	-212.3501	-218.7274	6.37736	0.02727569	0.007504323	0.01977137	0.007504323
3850	-258.3612	-263.1627	4.801574	0.06817765	0.007088771	0.06108888	0.007088771
3860	-301.4762	-302.5086	1.032448	0.2583866	0.1989535	0.05943301	0.1989535
3870	-224.5255	-230.5726	6.047094	0.0447716	0.01138923	0.03338237	0.01138923
3880	-213.771	-220.1065	6.335503	0.0298617	0.01048103	0.01938067	0.01048103
3890	-235.3118	-240.4339	5.122088	0.07373193	0.04637677	0.02735516	0.04637677
3900	-233.1144	-238.3819	5.267535	0.06860368	0.0418386	0.02676508	0.0418386
3910	-248.138	-252.5492	4.411156	0.09808391	0.06227673	0.03580718	0.06227673
3920	-252.1566	-256.8897	4.733159	0.07807773	0.02782781	0.05024992	0.02782781
3930	-231.4423	-235.1472	3.704947	0.06587603	0.05726501	0.008611018	0.05726501
3940	-275.5178	-279.1327	3.61492	0.1060072	0.04250921	0.063498	0.04250921
3950	-217.2069	-223.0163	5.809364	0.03443976	0.02011302	0.01432674	0.02011302
3960	-218.9972	-225.2412	6.243973	0.03873396	0.01181719	0.02691677	0.01181719
3970	-220.8785	-226.981	6.102512	0.03874064	0.005907837	0.03283281	0.005907837
3980	-310.3577	-312.4296	2.071927	0.1485221	0.06589977	0.0826223	0.06589977
3990	-214.5511	-220.7681	6.216939	0.03070121	0.013212	0.01748921	0.013212
4000	-252.0776	-256.5525	4.474859	0.08908257	0.04384549	0.04523708	0.04384549
4010	-263.6315	-267.0471	3.415583	0.1372429	0.09485382	0.04238903	0.09485382
4020	-223.2068	-229.2599	6.05317	0.04516828	0.01581228	0.029356	0.01581228
4030	-219.0708	-224.6944	5.623678	0.03823697	0.02435133	0.01388563	0.02435133
4040	-221.2901	-227.3128	6.022635	0.04406687	0.02041709	0.02364978	0.02041709
4050	-219.4285	-225.0502	5.621667	0.03919614	0.02505763	0.01413851	0.02505763
4060	-214.7053	-220.6595	5.954227	0.02869152	0.01479174	0.01389978	0.01479174
4070	-210.2663	-216.4692	6.202931	0.0218534	0.004202563	0.01765084	0.004202563
4080	-283.6115	-284.7817	1.170178	0.3593613	0.3337847	0.02557654	0.3337847
4090	-297.559	-297.6913	0.132248	0.4831819	0.4513984	0.03178353	0.4513984
4100	-251.5552	-254.6809	3.125639	0.1485758	0.1346868	0.01388894	0.1346868
4110	-218.5089	-224.6021	6.093136	0.03904416	0.01866759	0.02037656	0.01866759
4120	-297.13	-299.4052	2.275222	0.1522676	0.08083433	0.0714333	0.08083433
4130	-288.3311	-291.7076	3.376434	0.1074122	0.03326813	0.07414407	0.03326813
4140	-258.2039	-262.5245	4.320641	0.09007446	0.03824215	0.05183231	0.03824215
4150	-244.2731	-249.0309	4.757788	0.08404183	0.0469338	0.03710804	0.0469338
4160	-227.7893	-233.5261	5.736812	0.0542907	0.02509783	0.02919287	0.02509783
4170	-221.5913	-226.3256	4.734309	0.03990418	0.03039138	0.009512799	0.03039138
4180	-211.1579	-217.3588	6.200918	0.02184076	0.006762248	0.01507851	0.006762248
4190	-222.7776	-228.644	5.866317	0.04746371	0.02525766	0.02220605	0.02525766
4200	-260.7665	-264.0214	3.254934	0.1628859	0.1322047	0.03068125	0.1322047
4210	-351.6735	-352.2431	0.5695876	0.1921353	0.08634826	0.105787	0.08634826
4220	-236.65	-241.8197	5.169751	0.07173716	0.03971823	0.03201893	0.03971823
4230	-217.936	-224.2195	6.283543	0.037111	0.01093589	0.02617511	0.01093589
4240	-213.1572	-219.3116	6.154447	0.02642026	0.01128453	0.01513573	0.01128453
4250	-231.4333	-236.7146	5.281286	0.06689537	0.04335167	0.0235437	0.04335167
4260	-274.1282	-277.4955	3.367281	0.1195009	0.0610544	0.05844653	0.0610544
4270	-220.5558	-226.402	5.846177	0.04307529	0.02479663	0.01827867	0.02479663
4280	-225.7362	-231.1488	5.412649	0.05479087	0.03731522	0.01747565	0.03731522
4290	-230.1125	-235.4372	5.324683	0.06437774	0.04223941	0.02213833	0.04223941
4300	-251.1499	-255.635	4.48515	0.08964162	0.04580054	0.04384109	0.04580054
4310	-220.0542	-226.1179	6.063778	0.04192699	0.01955573	0.02237127	0.01955573
4320	-255.4432	-259.1485	3.705287	0.1352286	0.1036433	0.03158522	0.1036433
4330	-228.9556	-234.635	5.679377	0.05603742	0.02597113	0.03006629	0.02597113
4340	-234.3206	-238.5702	4.249577	0.07811348	0.06584704	0.01226644	0.06584704
4350	-302.4071	-304.992	2.584878	0.1305895	0.0506259	0.07996361	0.0506259
4360	-214.7745	-221.1335	6.359014	0.03191084	0.007265629	0.02464522	0.007265629
4370	-247.2822	-251.3741	4.091937	0.117551	0.09371176	0.02383922	0.09371176
4380	-215.7232	-221.4192	5.695942	0.02926992	0.01702829	0.01224163	0.01702829
4390	-273.6753	-277.2784	3.603121	0.1080911	0.0468891	0.06120198	0.0468891
4400	-290.7263	-293.6063	2.879992	0.1264163	0.05495764	0.07145871	0.05495764
4410	-230.0492	-235.8181	5.768877	0.05305499	0.01746659	0.0355884	0.01746659
4420	-271.5148	-273.9388	2.423909	0.2207023	0.1885497	0.03215263	0.1885497
4430	-221.6943	-227.8373	6.143011	0.04234027	0.01286008	0.02948019	0.01286008
4440	-246.9852	-251.4158	4.43061	0.09869076	0.06502264	0.03366813	0.06502264
4450	-223.8683	-229.8941	6.025846	0.04203475	0.006773094	0.03526166	0.006773094
4460	-225.2121	-230.7451	5.533024	0.05347083	0.03463451	0.01883632	0.03463451
4470	-260.52	-263.8656	3.34559	0.1543843	0.1213765	0.03300776	0.1213765
4480	-262.0208	-265.6707	3.649872	0.1224862	0.07759175	0.04489441	0.07759175
4490	-214.0234	-220.3757	6.352232	0.0306184	0.006314627	0.02430377	0.006314627
4500	-230.7229	-236.3971	5.674255	0.05601733	0.02201131	0.03400602	0.02201131
4510	-217.6993	-223.7752	6.075899	0.03728347	0.01851928	0.01876418	0.01851928
4520	-285.5917	-289.1629	3.571106	0.1018316	0.02842435	0.07340728	0.02842435
4530	-234.5475	-239.4834	4.935908	0.07722559	0.05639758	0.02082801	0.05639758
4540	-218.0778	-224.3609	6.283117	0.03708565	0.01008845	0.0269972	0.01008845
4550	-252.5546	-256.426	3.871358	0.1278794	0.0982914	0.02958797	0.0982914
4560	-214.4308	-220.5935	6.162753	0.02992087	0.01352782	0.01639305	0.01352782
4570	-235.2509	-240.577	5.326137	0.0664063	0.03284053	0.03356578	0.03284053
4580	-232.7454	-238.1744	5.428974	0.06356166	0.03259818	0.03096348	0.03259818
4590	-214.0464	-220.403	6.356629	0.03067455	0.006465152	0.0242094	0.006465152
4600	-218.4086	-224.6011	6.192582	0.03868645	0.01566971	0.02301674	0.01566971
4610	-296.3631	-296.807	0.4439539	0.4125934	0.3752122	0.03738118	0.3752122
4620	-328.9734	-330.8732	1.899809	0.1437	0.04649627	0.09720375	0.04649627
4630	-222.6329	-227.9901	5.357209	0.04648071	0.03251693	0.01396378	0.03251693
4640	-260.9071	-263.6548	2.747682	0.196743	0.1784992	0.01824381	0.1784992
4650	-213.1139	-218.661	5.547092	0.01759404	0.007565856	0.01002818	0.007565856
4660	-239.29	-244.7768	5.486812	0.05628547	0.00936291	0.04692256	0.00936291
4670	-232.8808	-238.3921	5.511348	0.06076683	0.02694832	0.03381852	0.02694832
4680	-213.1186	-219.2021	6.083425	0.02547526	0.01128124	0.01419403	0.01128124
4690	-326.033	-328.7276	2.694636	0.1178466	0.01766316	0.1001834	0.01766316
4700	-238.7709	-244.1138	5.342932	0.06385163	0.0226523	0.04119933	0.0226523
4710	-253.117	-257.7966	4.679592	0.07946874	0.0287753	0.05069343	0.0287753
4720	-226.9808	-232.919	5.938163	0.04811579	0.01341829	0.0346975	0.01341829
4730	-229.9582	-235.5721	5.613819	0.05797643	0.0276725	0.03030393	0.0276725
4740	-282.815	-285.3171	2.502109	0.1633215	0.1066516	0.0566699	0.1066516
4750	-253.3435	-257.289	3.945418	0.120467	0.08645234	0.03401468	0.08645234
4760	-218.0331	-224.317	6.283875	0.03679749	0.009239068	0.02755842	0.009239068
4770	-215.3951	-221.7316	6.336483	0.0332229	0.01103014	0.02219276	0.01103014
4780	-220.8724	-226.7384	5.866013	0.04380725	0.0247258	0.01908145	0.0247258
4790	-241.5477	-245.8897	4.341932	0.1010036	0.08147415	0.01952949	0.08147415
4800	-227.024	-232.3728	5.348836	0.05793774	0.03994455	0.01799319	0.03994455
4810	-279.3087	-283.3176	4.008842	0.0898253	0.01806818	0.07175712	0.01806818
4820	-227.6913	-233.4879	5.796583	0.0526827	0.02172053	0.03096216	0.02172053
4830	-226.6943	-232.6127	5.918311	0.04908537	0.01612216	0.0329632	0.01612216
4840	-250.3792	-254.2471	3.867904	0.1296434	0.1053718	0.02427153	0.1053718
4850	-234.9738	-240.4908	5.51706	0.05965503	0.02122011	0.03843492	0.02122011
4860	-250.0901	-252.079	1.988899	0.1384505	0.1306213	0.007829126	0.1306213
4870	-263.5123	-268.1536	4.641266	0.07442711	0.01108623	0.06334088	0.01108623
4880	-238.4053	-243.2571	4.851792	0.0837001	0.05748492	0.02621517	0.05748492
4890	-225.7945	-231.629	5.834475	0.05121088	0.02349575	0.02771513	0.02349575
4900	-323.1563	-321.3944	-1.761978	0.7344898	0.6893386	0.0451512	0.6893386
4910	-232.362	-236.918	4.555948	0.07238607	0.05893253	0.01345354	0.05893253
4920	-238.6033	-243.5062	4.902967	0.08177833	0.0535123	0.02826603	0.0535123
4930	-223.3911	-229.1937	5.802603	0.04888179	0.02716744	0.02171435	0.02716744
4940	-265.5672	-270.1518	4.584594	0.07488032	0.00984598	0.06503434	0.00984598
4950	-249.9843	-254.3753	4.390959	0.09635534	0.05704616	0.03930918	0.05704616
4960	-368.9498	-368.3843	-0.5654255	0.2489691	0.1377585	0.1112106	0.1377585
4970	-290.6332	-292.5312	1.898059	0.1975698	0.1396364	0.05793336	0.1396364
4980	-236.4314	-241.3047	4.873218	0.08141885	0.05874766	0.02267119	0.05874766
4990	-213.1385	-219.3584	6.219956	0.02712188	0.01099629	0.01612559	0.01099629
5000	-235.7189	-241.1047	5.385739	0.06398763	0.02767167	0.03631596	0.02767167
5010	-228.5114	-234.1013	5.589909	0.05804816	0.03185704	0.02619112	0.03185704
5020	-266.2564	-268.9818	2.725325	0.2033764	0.1754412	0.02793515	0.1754412
5030	-214.3311	-220.6885	6.357339	0.03122682	0.01014681	0.02108001	0.01014681
5040	-223.4803	-229.2011	5.720758	0.04939276	0.02939239	0.02000037	0.02939239
5050	-275.4733	-278.0973	2.623976	0.1748683	0.1280264	0.04684196	0.1280264
5060	-240.7025	-246.1381	5.435613	0.05751622	0.009627297	0.04788892	0.009627297
5070	-291.4399	-294.6436	3.203628	0.1121959	0.03674732	0.07544859	0.03674732
5080	-218.8271	-224.5365	5.709452	0.03812284	0.02354662	0.01457622	0.02354662
5090	-246.6461	-251.1824	4.536293	0.09290916	0.05684368	0.03606548	0.05684368
5100	-308.7283	-309.1154	0.3871243	0.3177367	0.2582096	0.05952714	0.2582096
5110	-238.1993	-243.4475	5.248244	0.0677263	0.0300411	0.03768519	0.0300411
5120	-257.4704	-261.3054	3.834945	0.1191571	0.0787943	0.04036277	0.0787943
5130	-228.0949	-233.8058	5.710935	0.05503079	0.02596509	0.0290657	0.02596509
5140	-251.6698	-256.0517	4.381826	0.09437882	0.05194396	0.04243486	0.05194396
5150	-233.9752	-239.4804	5.505245	0.06055169	0.02452343	0.03602826	0.02452343
5160	-221.8625	-227.9125	6.050034	0.04442781	0.018605	0.02582281	0.018605
5170	-272.7138	-275.3525	2.638785	0.184907	0.1433708	0.04153621	0.1433708
5180	-222.69	-228.3011	5.61111	0.04759646	0.03056943	0.01702703	0.03056943
5190	-258.5479	-263.2392	4.691235	0.07598523	0.01805039	0.05793484	0.01805039
5200	-231.0664	-236.8632	5.796867	0.05006644	0.009989581	0.04007686	0.009989581
5210	-223.7801	-229.5632	5.783086	0.04034848	0.003696252	0.03665223	0.003696252
5220	-214.0314	-219.2351	5.203608	0.01418715	0.005332469	0.008854677	0.005332469
5230	-278.3512	-280.9263	2.575029	0.1696794	0.1187079	0.05097151	0.1187079
5240	-212.9949	-218.3954	5.400579	0.01417737	0.00425151	0.009925856	0.00425151
5250	-220.2801	-225.8041	5.523922	0.040926	0.02710154	0.01382446	0.02710154
5260	-212.3295	-218.2312	5.901688	0.02052221	0.008457812	0.0120644	0.008457812
5270	-224.5809	-230.5495	5.96864	0.04766043	0.01815434	0.02950609	0.01815434
5280	-234.4908	-239.6879	5.197106	0.0711448	0.04337263	0.02777217	0.04337263
5290	-265.5466	-269.5975	4.050952	0.0954339	0.0380121	0.0574218	0.0380121
5300	-245.0751	-249.4333	4.358184	0.1048058	0.07816378	0.02664203	0.07816378
5310	-222.9739	-229.0537	6.079892	0.04437483	0.01441892	0.0299559	0.01441892
5320	-248.4958	-252.8783	4.382522	0.09927651	0.06349007	0.03578644	0.06349007
5330	-239.0988	-244.4694	5.370578	0.06264771	0.02017375	0.04247396	0.02017375
5340	-260.4386	-263.5304	3.091752	0.1783595	0.1535601	0.02479943	0.1535601
5350	-284.8608	-285.3017	0.4408835	0.4266904	0.4116473	0.01504316	0.4116473
5360	-223.7603	-229.6137	5.853337	0.04902268	0.02524503	0.02377764	0.02524503
5370	-217.2044	-223.3465	6.142139	0.03642298	0.01695688	0.01946609	0.01695688
5380	-214.0513	-219.6213	5.569908	0.02230851	0.01183695	0.01047156	0.01183695
5390	-363.1476	-364.5543	1.406658	0.1504826	0.03102356	0.119459	0.03102356
5400	-214.8889	-220.5098	5.620868	0.03016197	0.00197902	0.02818295	0.00197902
5410	-232.3405	-238.0829	5.742374	0.05216095	0.01185224	0.04030871	0.01185224
5420	-212.6862	-218.3945	5.708329	0.01869313	0.007861152	0.01083198	0.007861152
5430	-290.2755	-292.9574	2.681968	0.1372052	0.06850196	0.06870329	0.06850196
5440	-264.2557	-267.7492	3.493506	0.1291037	0.08360281	0.04550088	0.08360281
5450	-256.1483	-260.5412	4.392863	0.08876274	0.03865783	0.05010491	0.03865783
5460	-214.837	-221.2056	6.368565	0.0321945	0.009064245	0.02313026	0.009064245
5470	-219.0196	-223.6371	4.61752	0.03113337	0.02290045	0.008232925	0.02290045
5480	-240.2192	-245.1775	4.958251	0.07841926	0.04456369	0.03385557	0.04456369
5490	-265.1465	-269.3517	4.205199	0.08965407	0.03059443	0.05905964	0.03059443
5500	-236.3053	-241.7228	5.417571	0.06252604	0.02413622	0.03838982	0.02413622
5510	-231.5256	-236.2919	4.766257	0.07014073	0.05531543	0.0148253	0.05531543
5520	-222.877	-228.246	5.369007	0.04720515	0.03294463	0.01426052	0.03294463
5530	-220.8987	-226.8897	5.990938	0.04366421	0.02168839	0.02197582	0.02168839
5540	-214.688	-220.7714	6.08332	0.03079972	0.00349608	0.02730364	0.00349608
5550	-291.5103	-292.1242	0.613892	0.4213315	0.3915762	0.0297553	0.3915762
5560	-229.2009	-234.4623	5.261451	0.06321344	0.04389805	0.01931539	0.04389805
5570	-220.0449	-225.5373	5.492452	0.04009103	0.02672177	0.01336926	0.02672177
5580	-237.6046	-243.002	5.397352	0.06254065	0.02215507	0.04038558	0.02215507
5590	-215.7345	-221.7098	5.975299	0.03174639	0.01676007	0.01498633	0.01676007
5600	-231.2219	-236.5061	5.28419	0.04583604	0.002677126	0.04315892	0.002677126
5610	-238.7615	-244.2684	5.506952	0.05611593	0.009747486	0.04636845	0.009747486
5620	-216.3369	-222.5048	6.167884	0.03460741	0.01583403	0.01877338	0.01583403
5630	-214.9571	-221.1995	6.242461	0.03187249	0.01334401	0.01852848	0.01334401
5640	-234.5597	-239.5517	4.991976	0.07636996	0.05423865	0.02213131	0.05423865
5650	-229.1901	-234.7594	5.56934	0.05893284	0.03183799	0.02709485	0.03183799
5660	-244.9616	-249.1565	4.194929	0.1111817	0.08924872	0.02193297	0.08924872
5670	-236.8193	-240.9891	4.169812	0.08667095	0.07359004	0.01308092	0.07359004
5680	-251.4612	-256.489	5.027804	0.06742743	0.01283806	0.05458937	0.01283806
5690	-212.8374	-219.1551	6.31771	0.02852377	0.005099808	0.02342397	0.005099808
5700	-227.3863	-233.1896	5.803294	0.05247399	0.02201409	0.0304599	0.02201409
5710	-220.9388	-226.7241	5.785219	0.0438198	0.02610533	0.01771447	0.02610533
5720	-212.5765	-218.9584	6.381872	0.02800844	0.006756739	0.0212517	0.006756739
5730	-221.5073	-226.923	5.415734	0.04368262	0.0299828	0.01369982	0.0299828
5740	-268.533	-270.6982	2.165183	0.248705	0.2297086	0.01899632	0.2297086
5750	-252.6397	-256.983	4.343281	0.09513606	0.05178623	0.04334982	0.05178623
5760	-223.9379	-229.486	5.548112	0.03981192	0.002654437	0.03715748	0.002654437
5770	-289.2594	-290.0177	0.7582797	0.4068318	0.3787448	0.02808695	0.3787448
5780	-288.0512	-289.278	1.226787	0.3144539	0.2759072	0.03854663	0.2759072
5790	-236.8258	-242.3944	5.568617	0.05604634	0.01217725	0.04386909	0.01217725
5800	-226.3443	-229.2179	2.873521	0.04490119	0.03919211	0.005709078	0.03919211
5810	-234.5592	-240.0929	5.533688	0.05927375	0.02121468	0.03805907	0.02121468
5820	-267.4687	-271.8877	4.418936	0.08103912	0.01662654	0.06441258	0.01662654
5830	-287.757	-290.9648	3.207831	0.1142071	0.04229776	0.07190937	0.04229776
5840	-246.1408	-250.3413	4.200578	0.1122236	0.08781461	0.02440899	0.08781461
5850	-213.6105	-219.5376	5.927057	0.02512211	0.01224573	0.01287638	0.01224573
5860	-215.5832	-221.7866	6.203328	0.03307419	0.01457269	0.01850151	0.01457269
5870	-229.69	-235.3721	5.682104	0.05596631	0.02408673	0.03187958	0.02408673
5880	-224.1717	-230.2156	6.043955	0.04537457	0.01364423	0.03173034	0.01364423
5890	-224.924	-230.9243	6.000278	0.04674467	0.01500178	0.0317429	0.01500178
5900	-239.4062	-244.372	4.965849	0.07869877	0.04651213	0.03218665	0.04651213
5910	-219.924	-226.1447	6.220766	0.03935362	0.01014455	0.02920908	0.01014455
5920	-225.1049	-229.9063	4.801416	0.05082109	0.03956257	0.01125852	0.03956257
5930	-293.6449	-295.7279	2.082987	0.1722064	0.1073254	0.06488101	0.1073254
5940	-216.9686	-223.1662	6.197568	0.03607457	0.01562514	0.02044944	0.01562514
5950	-236.1758	-241.4209	5.245076	0.05003626	0.003250425	0.04678583	0.003250425
5960	-219.0417	-224.4379	5.396199	0.03663582	0.02464932	0.0119865	0.02464932
5970	-215.5297	-221.7662	6.236481	0.03242261	0.005004162	0.02741845	0.005004162
5980	-297.0487	-299.9084	2.859749	0.1224791	0.04497583	0.07750328	0.04497583
5990	-230.2155	-235.6481	5.432622	0.06267997	0.03743089	0.02524908	0.03743089
6000	-213.0912	-219.3783	6.287037	0.02775922	0.01039819	0.01736103	0.01039819
6010	-217.5475	-223.8476	6.300139	0.0362716	0.009603728	0.02666787	0.009603728
6020	-237.2231	-242.4183	5.195214	0.07041602	0.03631009	0.03410593	0.03631009
6030	-231.934	-237.6977	5.763694	0.05080454	0.01000152	0.04080302	0.01000152
6040	-222.6443	-228.3821	5.737812	0.04762021	0.02851028	0.01910992	0.02851028
6050	-393.3466	-394.2812	0.934629	0.1609608	0.02355496	0.1374059	0.02355496
6060	-221.7977	-227.8095	6.011715	0.03924029	0.005043796	0.0341965	0.005043796
6070	-313.2846	-312.1824	-1.102159	0.6567533	0.6183184	0.03843488	0.6183184
6080	-212.9693	-219.0994	6.130045	0.0256061	0.01093454	0.01467156	0.01093454
6090	-303.7375	-305.9787	2.241225	0.1461453	0.06822812	0.07791714	0.06822812
6100	-329.4843	-332.2709	2.786648	0.1122688	0.008486785	0.103782	0.008486785
6110	-238.3332	-243.7694	5.436191	0.06067335	0.01793925	0.0427341	0.01793925
6120	-240.5136	-242.8572	2.343679	0.09416183	0.08730968	0.006852144	0.08730968
6130	-265.1522	-269.4188	4.2666	0.08741284	0.0275349	0.05987794	0.0275349
6140	-240.4733	-245.839	5.365645	0.06196357	0.01717515	0.04478842	0.01717515
6150	-309.259	-309.0185	-0.2405562	0.4437333	0.3947459	0.0489874	0.3947459
6160	-405.1982	-405.8022	0.6039703	0.1697856	0.02616234	0.1436233	0.02616234
6170	-273.6963	-276.2277	2.531458	0.1938137	0.1529768	0.0408369	0.1529768
6180	-261.8616	-261.8565	-0.00509524	0.2020496	0.1963798	0.005669792	0.1963798
6190	-264.5863	-268.2188	3.632582	0.1184433	0.06939705	0.04904624	0.06939705
6200	-242.8682	-247.5701	4.701853	0.08849948	0.05628729	0.03221219	0.05628729
6210	-224.0989	-230.1584	6.059418	0.04324702	0.008911662	0.03433536	0.008911662
6220	-234.0282	-238.103	4.07484	0.07651346	0.06545611	0.01105735	0.06545611
6230	-278.1322	-281.0132	2.880985	0.1440521	0.08780356	0.05624852	0.08780356
6240	-209.834	-215.451	5.616985	0.0180113	0.002008494	0.01600281	0.002008494
6250	-240.1537	-244.9126	4.758812	0.08744969	0.06002163	0.02742805	0.06002163
6260	-236.06	-241.179	5.11901	0.07386813	0.04484405	0.02902408	0.04484405
6270	-220.5759	-226.7096	6.133732	0.04199344	0.01615352	0.02583993	0.01615352
6280	-216.9598	-222.6664	5.706655	0.03296893	0.0198315	0.01313743	0.0198315
6290	-260.2513	-265.0103	4.759043	0.0708517	0.009091103	0.0617606	0.009091103
6300	-226.6172	-232.5779	5.960713	0.04550568	0.008709082	0.0367966	0.008709082
6310	-225.306	-230.6404	5.334323	0.04064028	0.002196014	0.03844427	0.002196014
6320	-233.4228	-238.5401	5.117266	0.07244978	0.04931325	0.02313653	0.04931325
6330	-244.0944	-249.2733	5.178894	0.06666711	0.0200895	0.0465776	0.0200895
6340	-252.2785	-256.3083	4.029775	0.1163576	0.08231822	0.03403942	0.08231822
6350	-212.0954	-218.3905	6.295115	0.02713392	0.004644469	0.02248945	0.004644469
6360	-230.6922	-236.2655	5.573236	0.05918641	0.02846128	0.03072513	0.02846128
6370	-280.5319	-282.4009	1.86902	0.2526296	0.2142654	0.03836419	0.2142654
6380	-251.7945	-256.8045	5.00997	0.06349353	0.006689644	0.05680389	0.006689644
6390	-305.2234	-306.9924	1.768947	0.1735313	0.09919697	0.07433437	0.09919697
6400	-223.6734	-228.8732	5.19979	0.04862647	0.03535347	0.013273	0.03535347
6410	-278.8652	-281.4483	2.58311	0.1672497	0.1152566	0.05199308	0.1152566
6420	-238.2699	-243.5173	5.247477	0.06771156	0.02990362	0.03780794	0.02990362
6430	-260.9216	-265.4917	4.570156	0.07900135	0.01997942	0.05902193	0.01997942
6440	-266.2469	-268.6438	2.396833	0.2295567	0.2098316	0.01972509	0.2098316
6450	-317.4621	-318.5038	1.041627	0.2070937	0.1279676	0.07912612	0.1279676
6460	-218.3828	-223.4226	5.039762	0.03212784	0.02246765	0.009660184	0.02246765
6470	-265.6356	-268.9875	3.351919	0.1370325	0.09219308	0.04483942	0.09219308
6480	-235.5353	-240.8028	5.267526	0.06846804	0.03603011	0.03243793	0.03603011
6490	-242.2171	-247.574	5.356929	0.06085285	0.0131567	0.04769615	0.0131567
6500	-215.8847	-222.0471	6.162409	0.03352794	0.01547431	0.01805363	0.01547431
6510	-239.7259	-244.5328	4.806888	0.08551226	0.0575938	0.02791846	0.0575938
6520	-264.4662	-268.8222	4.356012	0.08462682	0.02437323	0.06025359	0.02437323
6530	-296.4037	-297.9585	1.554782	0.2146306	0.1540092	0.06062134	0.1540092
6540	-218.1477	-224.4283	6.280671	0.03698962	0.009412018	0.0275776	0.009412018
6550	-216.2228	-222.5124	6.289629	0.03473089	0.01279939	0.0219315	0.01279939
6560	-231.2609	-236.3938	5.132908	0.06850049	0.04869316	0.01980732	0.04869316
6570	-218.8687	-224.7211	5.852431	0.03905601	0.0226587	0.0163973	0.0226587
6580	-266.717	-270.5815	3.864471	0.1026323	0.04644352	0.05618878	0.04644352
6590	-252.271	-255.3059	3.034885	0.1524195	0.1388227	0.0135968	0.1388227
6600	-234.3069	-237.6443	3.337436	0.07433476	0.0661803	0.008154459	0.0661803
6610	-221.3728	-226.0501	4.677325	0.03889659	0.02969471	0.009201881	0.02969471
6620	-220.1383	-226.0273	5.889022	0.04222045	0.02371621	0.01850424	0.02371621
6630	-290.2881	-291.1509	0.8628284	0.3741557	0.3403565	0.03379918	0.3403565
6640	-210.0171	-216.122	6.104867	0.02045898	0.00366205	0.01679692	0.00366205
6650	-251.8519	-256.342	4.490166	0.08859511	0.04342144	0.04517366	0.04342144
6660	-276.336	-278.5781	2.24204	0.2199648	0.1810652	0.03889953	0.1810652
6670	-214.4029	-220.7411	6.338145	0.03126523	0.01086626	0.02039897	0.01086626
6680	-216.8919	-223.1593	6.267396	0.03453563	0.006337331	0.0281983	0.006337331
6690	-214.7537	-221.0915	6.337808	0.03199122	0.01100809	0.02098313	0.01100809
6700	-249.0979	-254.1569	5.058997	0.06801025	0.0162781	0.05173215	0.0162781
6710	-322.3615	-324.9462	2.5847	0.122029	0.02535782	0.09667119	0.02535782
6720	-244.1791	-248.8418	4.66268	0.08911841	0.05499002	0.03412839	0.05499002
6730	-223.0312	-229.0534	6.022221	0.04580641	0.01816345	0.02764296	0.01816345
6740	-239.899	-244.67	4.770986	0.08696671	0.05976177	0.02720494	0.05976177
6750	-221.7355	-227.7288	5.993251	0.0449348	0.02124398	0.02369082	0.02124398
6760	-249.2419	-253.2883	4.046378	0.1199787	0.09304803	0.02693065	0.09304803
6770	-223.9079	-229.3007	5.392751	0.05007845	0.03471626	0.01536219	0.03471626
6780	-219.7791	-225.91	6.130877	0.04109538	0.01721816	0.02387722	0.01721816
6790	-210.2566	-216.0027	5.746078	0.01686223	0.002702817	0.01415941	0.002702817
6800	-244.2131	-248.8379	4.624848	0.09113857	0.05809662	0.03304195	0.05809662
6810	-370.8043	-370.5716	-0.2326578	0.2225332	0.1074092	0.1151239	0.1074092
6820	-304.0222	-305.0236	1.001465	0.2512016	0.1886247	0.06257694	0.1886247
6830	-247.445	-252.6373	5.192238	0.06290719	0.01033154	0.05257565	0.01033154
6840	-234.1768	-238.9846	4.807789	0.07758265	0.05964962	0.01793303	0.05964962
6850	-210.4767	-216.5046	6.027939	0.01858149	0.004361129	0.01422036	0.004361129
6860	-214.64	-220.8358	6.195758	0.03074372	0.01355491	0.0171888	0.01355491
6870	-237.5618	-243.0874	5.525618	0.05370116	0.007283709	0.04641745	0.007283709
6880	-259.4805	-263.5125	4.031975	0.1026665	0.05410376	0.04856274	0.05410376
6890	-253.5969	-257.6422	4.04524	0.1123156	0.07466827	0.03764731	0.07466827
6900	-216.7672	-222.7888	6.021599	0.03478046	0.01813458	0.01664588	0.01813458
6910	-264.8615	-269.4011	4.539581	0.07802058	0.01485214	0.06316844	0.01485214
6920	-230.7791	-235.8897	5.110633	0.06757783	0.04885563	0.0187222	0.04885563
6930	-223.2929	-229.354	6.061022	0.04495825	0.01500047	0.02995778	0.01500047
6940	-300.3572	-303.9001	3.54294	0.09677369	0.01030175	0.08647193	0.01030175
6950	-318.0425	-321.1103	3.067764	0.1070416	0.01013923	0.09690242	0.01013923
6960	-218.2392	-224.5096	6.270335	0.03764391	0.01145993	0.02618397	0.01145993
6970	-320.458	-321.1844	0.7264278	0.2286919	0.1499335	0.07875848	0.1499335
6980	-245.6844	-250.4249	4.740478	0.08332149	0.04374207	0.03957942	0.04374207
6990	-253.2804	-257.4791	4.198718	0.1025775	0.06146751	0.04111	0.06146751
7000	-212.8257	-219.085	6.259359	0.02839961	0.004395739	0.02400387	0.004395739
7010	-245.709	-250.7985	5.089519	0.06895608	0.02167352	0.04728255	0.02167352
7020	-248.8042	-253.1771	4.372938	0.09936461	0.06314933	0.03621528	0.06314933
7030	-278.656	-282.708	4.051982	0.08864223	0.01705546	0.07158677	0.01705546
7040	-234.6616	-239.2348	4.573203	0.07967546	0.06436843	0.01530702	0.06436843
7050	-236.3166	-241.2474	4.93083	0.07992968	0.05597533	0.02395435	0.05597533
7060	-214.6651	-221.0365	6.371416	0.03189805	0.00900847	0.02288958	0.00900847
7070	-244.2157	-248.6598	4.444148	0.1008172	0.07354944	0.0272678	0.07354944
7080	-269.0444	-271.3139	2.269511	0.2439298	0.2220729	0.02185682	0.2220729
7090	-229.1011	-233.9359	4.834808	0.06299594	0.04928148	0.01371447	0.04928148
7100	-211.0632	-217.2563	6.19307	0.02153385	0.0065152	0.01501865	0.0065152
7110	-224.6605	-230.523	5.862469	0.04988196	0.02387721	0.02600475	0.02387721
7120	-253.9056	-258.7364	4.830752	0.07354383	0.01929003	0.0542538	0.01929003
7130	-210.0069	-216.091	6.084098	0.02005587	0.003635569	0.0164203	0.003635569
7140	-232.4663	-238.0599	5.593601	0.05812521	0.02273892	0.03538629	0.02273892
7150	-234.3	-239.5049	5.204911	0.07085871	0.04328897	0.02756973	0.04328897
7160	-261.1619	-265.7448	4.582971	0.07843689	0.01895019	0.0594867	0.01895019
7170	-263.3795	-265.8078	2.428315	0.216285	0.1997037	0.01658133	0.1997037
7180	-210.651	-216.1599	5.508883	0.01557446	0.00222122	0.01335324	0.00222122
7190	-259.6481	-263.2371	3.588997	0.1336612	0.09528638	0.03837481	0.09528638
7200	-265.8768	-269.8039	3.92702	0.1005519	0.04452249	0.05602945	0.04452249
7210	-217.6267	-223.8815	6.254861	0.03715571	0.01354401	0.0236117	0.01354401
7220	-317.9346	-318.8367	0.9020417	0.2183359	0.140279	0.07805689	0.140279
7230	-232.7079	-237.8476	5.139683	0.07105697	0.04870675	0.02235022	0.04870675
7240	-278.3091	-282.3969	4.087768	0.08755914	0.01591272	0.07164642	0.01591272
7250	-287.6431	-291.0678	3.42467	0.1060137	0.03206212	0.07395159	0.03206212
7260	-215.6481	-221.8109	6.162843	0.03296608	0.01520266	0.01776343	0.01520266
7270	-234.1965	-238.495	4.298497	0.07782219	0.0652795	0.01254269	0.0652795
7280	-316.8792	-318.8917	2.012447	0.1460539	0.05806767	0.08798627	0.05806767
7290	-243.9738	-249.0667	5.092891	0.06989586	0.0253193	0.04457656	0.0253193
7300	-309.2231	-310.3086	1.085497	0.2233713	0.1529194	0.07045193	0.1529194
7310	-247.8619	-253.0386	5.176707	0.06208158	0.008627583	0.053454	0.008627583
7320	-294.4353	-296.4061	1.970891	0.1797134	0.1154227	0.06429071	0.1154227
7330	-245.9304	-250.0778	4.147403	0.1140761	0.09149438	0.02258172	0.09149438
7340	-264.4644	-268.8967	4.43232	0.0820114	0.02076495	0.06124644	0.02076495
7350	-269.4081	-271.6046	2.196546	0.2496828	0.2287354	0.02094739	0.2287354
7360	-218.3568	-224.3265	5.969714	0.03837017	0.02072129	0.01764888	0.02072129
7370	-236.5904	-242.1686	5.578186	0.05354386	0.008253917	0.04528994	0.008253917
7380	-278.4891	-280.3049	1.815811	0.2763342	0.2448476	0.0314866	0.2448476
7390	-215.5709	-221.4696	5.898765	0.0306398	0.01666364	0.01397616	0.01666364
7400	-245.6829	-249.6985	4.015624	0.1170585	0.09770445	0.01935409	0.09770445
7410	-238.3538	-243.6243	5.270472	0.06678278	0.02820293	0.03857985	0.02820293
7420	-368.4149	-369.6401	1.225218	0.1553258	0.03316321	0.1221626	0.03316321
7430	-251.4773	-256.4109	4.933556	0.07122365	0.01847726	0.05274639	0.01847726
7440	-263.3416	-265.472	2.130411	0.2203953	0.2068811	0.01351412	0.2068811
7450	-253.2585	-255.6125	2.354042	0.1576134	0.1476414	0.009971995	0.1476414
7460	-250.2481	-255.194	4.945856	0.07148698	0.02022748	0.05125949	0.02022748
7470	-213.7897	-220.0555	6.265802	0.02996841	0.004718626	0.02524978	0.004718626
7480	-260.4249	-264.0576	3.632701	0.1277352	0.08644284	0.04129236	0.08644284
7490	-222.065	-228.1742	6.109255	0.04341246	0.01466203	0.02875043	0.01466203
7500	-255.1355	-259.1903	4.054752	0.1084724	0.06725215	0.04122022	0.06725215
7510	-249.8446	-254.1846	4.340072	0.09966842	0.06205097	0.03761745	0.06205097
7520	-236.6317	-241.716	5.084329	0.0750675	0.04577706	0.02929043	0.04577706
7530	-247.727	-252.9051	5.178035	0.06171235	0.008214211	0.05349814	0.008214211
7540	-223.8038	-229.6724	5.868656	0.04890269	0.02458702	0.02431567	0.02458702
7550	-235.8416	-241.4461	5.604526	0.05289798	0.008146338	0.04475164	0.008146338
7560	-235.7601	-240.5528	4.792644	0.08151966	0.06175799	0.01976167	0.06175799
7570	-233.2389	-238.2141	4.975158	0.07410535	0.05448167	0.01962368	0.05448167
7580	-258.1045	-261.7793	3.674862	0.1305807	0.09330119	0.03727951	0.09330119
7590	-215.2909	-221.5356	6.244691	0.03265465	0.01361583	0.01903882	0.01361583
7600	-254.131	-258.4145	4.283593	0.0963249	0.05161461	0.04471029	0.05161461
7610	-238.7492	-243.6328	4.883594	0.08253186	0.05452842	0.02800343	0.05452842
7620	-217.8055	-221.9564	4.15082	0.02265529	0.01608923	0.006566054	0.01608923
7630	-261.6632	-264.8042	3.140929	0.1718953	0.1425883	0.029307	0.1425883
7640	-218.7673	-224.844	6.076735	0.03955212	0.01914542	0.0204067	0.01914542
7650	-260.631	-265.1679	4.536938	0.08029426	0.02208369	0.05821057	0.02208369
7660	-235.3563	-240.7125	5.356246	0.06524748	0.03055606	0.03469142	0.03055606
7670	-223.639	-229.1069	5.467822	0.04960909	0.03357652	0.01603257	0.03357652
7680	-271.5039	-274.1785	2.674586	0.1861613	0.1463891	0.0397722	0.1463891
7690	-221.7628	-227.2728	5.509926	0.0448511	0.03000875	0.01484235	0.03000875
7700	-216.5694	-221.669	5.099595	0.03140911	0.001311771	0.03009734	0.001311771
7710	-227.8042	-232.3151	4.510961	0.05768782	0.04687402	0.0108138	0.04687402
7720	-225.7388	-231.6683	5.929504	0.04886812	0.01792296	0.03094515	0.01792296
7730	-222.8092	-228.2872	5.478056	0.04748339	0.03209831	0.01538508	0.03209831
7740	-330.9397	-332.8197	1.879982	0.1435714	0.04494733	0.09862407	0.04494733
7750	-218.3886	-224.3119	5.923277	0.03822789	0.02129971	0.01692818	0.02129971
7760	-238.3812	-242.8056	4.424461	0.09150101	0.07453423	0.01696679	0.07453423
7770	-251.3372	-255.4732	4.135955	0.1105416	0.0754907	0.03505094	0.0754907
7780	-230.7484	-235.732	4.983631	0.06790321	0.05118453	0.01671868	0.05118453
7790	-249.3908	-254.4305	5.039698	0.06855928	0.01678239	0.05177689	0.01678239
7800	-331.6801	-334.4014	2.721306	0.1147109	0.009914334	0.1047966	0.009914334
7810	-237.0013	-242.3705	5.369288	0.0639003	0.02541116	0.03848914	0.02541116
7820	-215.3616	-221.5463	6.184695	0.03242722	0.01459554	0.01783168	0.01459554
7830	-245.1104	-250.1661	5.055708	0.07055903	0.02490152	0.04565751	0.02490152
7840	-259.832	-264.5753	4.743293	0.06884806	0.006674539	0.06217352	0.006674539
7850	-230.4999	-235.7027	5.202833	0.06635451	0.04628758	0.02006692	0.04628758
7860	-270.3085	-274.3914	4.082893	0.09121388	0.02783297	0.06338091	0.02783297
7870	-236.3277	-240.1227	3.794963	0.08380761	0.07328671	0.0105209	0.07328671
7880	-286.0655	-287.925	1.859558	0.2208214	0.171064	0.0497574	0.171064
7890	-251.7698	-256.6028	4.832993	0.07465748	0.02323995	0.05141753	0.02323995
7900	-213.9357	-220.0534	6.117656	0.02816284	0.01290753	0.01525531	0.01290753
7910	-239.0071	-244.5012	5.494141	0.05714237	0.01113092	0.04601145	0.01113092
7920	-226.0394	-231.8166	5.777248	0.05250997	0.02608501	0.02642495	0.02608501
7930	-232.4124	-237.7895	5.377141	0.06520246	0.03665678	0.02854568	0.03665678
7940	-275.2185	-279.4981	4.279595	0.08124911	0.01010792	0.07114119	0.01010792
7950	-225.741	-230.5948	4.853807	0.05298551	0.04109298	0.01189253	0.04109298
7960	-239.0411	-244.248	5.206844	0.06878829	0.03049852	0.03828977	0.03049852
7970	-251.4252	-256.1274	4.702185	0.07977289	0.03114175	0.04863114	0.03114175
7980	-299.6046	-302.1387	2.53412	0.1351551	0.05835323	0.07680188	0.05835323
7990	-222.7232	-227.863	5.139783	0.04560655	0.03337005	0.0122365	0.03337005
8000	-295.6211	-298.4264	2.805298	0.1258077	0.05019916	0.07560855	0.05019916
8010	-230.8185	-234.9072	4.088713	0.06553305	0.05563068	0.009902371	0.05563068
8020	-221.3451	-227.4938	6.148676	0.04002232	0.007803527	0.0322188	0.007803527
8030	-297.8374	-300.9124	3.074933	0.1138198	0.03366165	0.08015817	0.03366165
8040	-268.3841	-272.8708	4.48668	0.07743619	0.01084999	0.0665862	0.01084999
8050	-293.5579	-297.2069	3.648991	0.08844328	0.004961854	0.08348143	0.004961854
8060	-260.1573	-264.5789	4.421581	0.08465328	0.02865918	0.0559941	0.02865918
8070	-250.332	-254.5837	4.251674	0.1045086	0.0683413	0.03616728	0.0683413
8080	-215.0127	-221.2272	6.214571	0.03180414	0.01380659	0.01799756	0.01380659
8090	-248.2471	-252.3806	4.133476	0.1154958	0.08824869	0.02724712	0.08824869
8100	-215.5717	-221.926	6.354276	0.03337094	0.009028081	0.02434286	0.009028081
8110	-231.1538	-236.2983	5.14446	0.06818154	0.04830432	0.01987723	0.04830432
8120	-259.1004	-262.6241	3.523631	0.1413926	0.1063105	0.03508212	0.1063105
8130	-283.2715	-287.1703	3.89875	0.09193689	0.01753251	0.07440438	0.01753251
8140	-212.4201	-218.6384	6.218318	0.02520081	0.009624641	0.01557617	0.009624641
8150	-241.6168	-246.7344	5.117596	0.07052123	0.02950788	0.04101335	0.02950788
8160	-259.0547	-263.7366	4.681911	0.07604582	0.01763323	0.0584126	0.01763323
8170	-324.708	-327.2684	2.560382	0.1222362	0.0239286	0.09830756	0.0239286
8180	-232.6889	-238.2109	5.522011	0.06046809	0.02675555	0.03371254	0.02675555
8190	-222.4457	-228.3155	5.869826	0.0468868	0.02519871	0.02168809	0.02519871
8200	-211.3154	-217.6484	6.333074	0.02450064	0.006489143	0.0180115	0.006489143
8210	-226.8534	-231.9256	5.072173	0.05713915	0.04280964	0.01432951	0.04280964
8220	-247.5739	-251.6135	4.039551	0.1199378	0.09688353	0.02305424	0.09688353
8230	-332.3997	-334.7278	2.328088	0.1277159	0.02508933	0.1026266	0.02508933
8240	-249.8956	-254.3091	4.413491	0.0951792	0.05546253	0.03971666	0.05546253
8250	-227.3297	-231.9326	4.60285	0.05663758	0.04552166	0.01111591	0.04552166
8260	-217.4449	-222.7917	5.346836	0.0327763	0.001661728	0.03111457	0.001661728
8270	-242.88	-247.5132	4.633152	0.09205116	0.06200681	0.03004435	0.06200681
8280	-265.1286	-269.6682	4.539609	0.07785206	0.01437055	0.06348151	0.01437055
8290	-361.381	-362.8113	1.43027	0.1500656	0.03171015	0.1183554	0.03171015
8300	-218.6989	-224.8984	6.199561	0.03906997	0.01516624	0.02390373	0.01516624
8310	-274.3321	-275.7428	1.410669	0.3082389	0.2927783	0.01546057	0.2927783
8320	-231.7101	-237.4819	5.771773	0.05099272	0.01069117	0.04030156	0.01069117
8330	-254.1378	-258.9187	4.780956	0.07518036	0.02143159	0.05374877	0.02143159
8340	-242.9549	-247.3591	4.404259	0.102015	0.07869594	0.02331905	0.07869594
8350	-260.9735	-263.9624	2.98884	0.1857047	0.1624963	0.02320845	0.1624963
8360	-222.259	-228.3331	6.074133	0.04033673	0.006423948	0.03391278	0.006423948
8370	-256.7657	-261.573	4.807289	0.07272705	0.01515462	0.05757243	0.01515462
8380	-221.6519	-227.457	5.805127	0.04546461	0.02646098	0.01900364	0.02646098
8390	-256.1296	-260.767	4.637404	0.07917201	0.02508404	0.05408797	0.02508404
8400	-246.3601	-250.3683	4.008165	0.1188596	0.09864822	0.02021136	0.09864822
8410	-262.8964	-265.5537	2.657306	0.2070665	0.1876162	0.01945034	0.1876162
8420	-222.3043	-226.1187	3.814431	0.0367504	0.02990987	0.006840531	0.02990987
8430	-216.787	-223.0485	6.261566	0.03576578	0.01371665	0.02204913	0.01371665
8440	-280.1909	-284.0405	3.84958	0.09471227	0.02374384	0.07096843	0.02374384
8450	-245.551	-250.3457	4.794687	0.08090003	0.04023446	0.04066557	0.04023446
8460	-212.996	-219.114	6.118007	0.02553671	0.01100146	0.01453524	0.01100146
8470	-228.957	-234.7294	5.772468	0.05329495	0.02014418	0.03315076	0.02014418
8480	-221.8567	-227.6527	5.79605	0.04590633	0.02678861	0.01911772	0.02678861
8490	-241.0082	-245.6883	4.680164	0.09066927	0.0636697	0.02699958	0.0636697
8500	-210.3395	-216.5613	6.221732	0.02200769	0.004419887	0.0175878	0.004419887
8510	-238.5852	-243.7205	5.135304	0.07197234	0.03659093	0.03538141	0.03659093
8520	-244.7418	-249.9632	5.221428	0.05805447	0.005886875	0.0521676	0.005886875
8530	-326.3496	-327.6567	1.307066	0.1745635	0.08424475	0.09031872	0.08424475
8540	-254.4126	-258.437	4.024328	0.1120638	0.0731821	0.03888165	0.0731821
8550	-232.1352	-237.3444	5.209177	0.06907392	0.04604985	0.02302407	0.04604985
8560	-246.2115	-251.372	5.160497	0.06601819	0.01652156	0.04949663	0.01652156
8570	-283.6435	-285.0328	1.389263	0.3188741	0.2868369	0.03203718	0.2868369
8580	-296.2446	-297.8057	1.561093	0.2144953	0.153998	0.06049734	0.153998
8590	-317.1298	-319.3349	2.205144	0.137473	0.04771125	0.08976177	0.04771125
8600	-301.3966	-304.712	3.315407	0.104721	0.01953504	0.08518595	0.01953504
8610	-218.0322	-222.5243	4.492004	0.02675095	0.01920817	0.007542782	0.01920817
8620	-251.2908	-254.985	3.694251	0.1382194	0.1165344	0.02168497	0.1165344
8630	-248.3398	-252.0322	3.69241	0.1304072	0.1129727	0.01743444	0.1129727
8640	-218.6073	-223.1114	4.504061	0.02891873	0.02117017	0.007748559	0.02117017
8650	-283.7071	-287.0941	3.386989	0.1096039	0.03991371	0.06969015	0.03991371
8660	-390.0691	-390.3524	0.2832754	0.1835599	0.05136358	0.1321963	0.05136358
8670	-254.1533	-259.0417	4.888432	0.07127748	0.01571185	0.05556563	0.01571185
8680	-219.6142	-225.701	6.086844	0.04109838	0.01892003	0.02217835	0.01892003
8690	-290.9113	-294.7154	3.80406	0.09152022	0.01085011	0.0806701	0.01085011
8700	-217.2366	-223.2292	5.992576	0.03381519	0.003486195	0.030329	0.003486195
8710	-214.4199	-220.2716	5.851737	0.02681	0.01410151	0.01270849	0.01410151
8720	-245.5291	-250.7048	5.175742	0.06588786	0.01712358	0.04876429	0.01712358
8730	-234.0846	-239.7537	5.669073	0.05147738	0.008083763	0.04339361	0.008083763
8740	-220.3542	-226.5131	6.158919	0.04140413	0.01508321	0.02632091	0.01508321
8750	-225.9023	-231.6864	5.784104	0.0522773	0.02594689	0.0263304	0.02594689
8760	-268.7812	-273.2358	4.454639	0.07879822	0.01236441	0.06643381	0.01236441
8770	-251.8424	-256.3259	4.483528	0.08892539	0.04390788	0.04501751	0.04390788
8780	-254.333	-256.4502	2.117218	0.1631292	0.1537776	0.009351518	0.1537776
8790	-225.1959	-230.9853	5.789405	0.04184543	0.004116984	0.03772844	0.004116984
8800	-333.9162	-332.5504	-1.365829	0.4866521	0.4182674	0.06838471	0.4182674
8810	-223.8722	-229.9461	6.073924	0.04352678	0.01003823	0.03348855	0.01003823
8820	-259.9493	-263.5464	3.597066	0.1320688	0.09277846	0.03929031	0.09277846
8830	-226.6646	-232.5907	5.926057	0.04882096	0.01560945	0.03321151	0.01560945
8840	-250.8712	-255.8498	4.978602	0.06992917	0.01720881	0.05272036	0.01720881
8850	-261.2549	-264.9548	3.699827	0.1205359	0.07593072	0.04460517	0.07593072
8860	-221.9594	-228.1058	6.146445	0.04159391	0.01010929	0.03148462	0.01010929
8870	-225.9167	-231.3788	5.462051	0.05517806	0.03667102	0.01850704	0.03667102
8880	-222.7094	-228.5388	5.829362	0.03940099	0.003733104	0.03566789	0.003733104
8890	-225.2273	-230.0223	4.795039	0.0511564	0.03987892	0.01127748	0.03987892
8900	-222.1863	-228.2959	6.109627	0.04072907	0.007463641	0.03326543	0.007463641
8910	-239.9721	-245.3878	5.415646	0.05501534	0.006501604	0.04851373	0.006501604
8920	-258.7869	-259.2021	0.4151675	0.1828493	0.1769063	0.005943007	0.1769063
8930	-213.1271	-219.1127	5.985597	0.02835949	0.002821644	0.02553785	0.002821644
8940	-233.2147	-237.963	4.748338	0.07513453	0.05905646	0.01607807	0.05905646
8950	-233.9557	-239.3947	5.438986	0.06288003	0.02884029	0.03403973	0.02884029
8960	-223.9423	-229.0805	5.138284	0.04909433	0.0361548	0.01293953	0.0361548
8970	-231.3474	-237.1336	5.786178	0.05034711	0.01006807	0.04027904	0.01006807
8980	-244.0343	-249.2984	5.264027	0.06343466	0.0150625	0.04837216	0.0150625
8990	-297.8957	-295.758	-2.137764	0.6431714	0.6352473	0.007924012	0.6352473
9000	-248.8571	-252.7147	3.857562	0.1282323	0.107132	0.0211003	0.107132
9010	-212.75	-218.9027	6.15273	0.02526641	0.01044053	0.01482588	0.01044053
9020	-250.2703	-254.5603	4.290008	0.1021058	0.06496068	0.03714512	0.06496068
9030	-225.1961	-230.7513	5.555145	0.05338885	0.03416316	0.01922569	0.03416316
9040	-218.7915	-224.2008	5.40937	0.03600657	0.02406864	0.01193793	0.02406864
9050	-263.5176	-266.6553	3.1377	0.165824	0.1317517	0.03407228	0.1317517
9060	-229.3161	-235.1801	5.863978	0.04891942	0.01068576	0.03823366	0.01068576
9070	-212.4808	-218.5231	6.042283	0.02304279	0.009666492	0.0133763	0.009666492
9080	-228.5921	-234.0628	5.470686	0.06018756	0.03721477	0.02297279	0.03721477
9090	-304.8986	-307.1148	2.216145	0.1462874	0.06748331	0.07880407	0.06748331
9100	-217.4401	-223.5683	6.128209	0.03452071	0.004537548	0.02998316	0.004537548
9110	-304.7951	-308.0946	3.299567	0.1042239	0.01633593	0.08788798	0.01633593
9120	-236.5674	-241.3458	4.778473	0.08338147	0.06266981	0.02071166	0.06266981
9130	-251.9395	-256.0406	4.101072	0.1118075	0.07637777	0.03542977	0.07637777
9140	-247.4504	-251.8631	4.412625	0.09908533	0.06485433	0.034231	0.06485433
9150	-275.0204	-277.0028	1.982408	0.2681305	0.2405956	0.02753493	0.2405956
9160	-210.9927	-217.2788	6.286147	0.02459254	0.004583425	0.02000911	0.004583425
9170	-249.6306	-253.8734	4.242758	0.1064035	0.07217733	0.03422622	0.07217733
9180	-251.6873	-255.9059	4.218637	0.1041732	0.06588966	0.03828351	0.06588966
9190	-222.867	-228.847	5.979972	0.0403094	0.00515763	0.03515177	0.00515763
9200	-285.1143	-287.2042	2.089875	0.1967001	0.1439324	0.05276779	0.1439324
9210	-324.3444	-326.6667	2.322341	0.1300034	0.03354097	0.0964624	0.03354097
9220	-279.0703	-281.7119	2.641563	0.1612493	0.107812	0.05343732	0.107812
9230	-236.8555	-241.871	5.01553	0.07759286	0.04993863	0.02765422	0.04993863
9240	-265.3647	-268.7178	3.353088	0.1376892	0.09334958	0.04433961	0.09334958
9250	-239.2703	-244.5121	5.241814	0.06729774	0.02766484	0.0396329	0.02766484
9260	-255.9053	-260.6784	4.773042	0.07450122	0.01859504	0.05590618	0.01859504
9270	-225.533	-231.5057	5.972695	0.04373092	0.007109212	0.03662171	0.007109212
9280	-210.2306	-215.9658	5.73524	0.02217741	0.002005562	0.02017185	0.002005562
9290	-214.4217	-220.7538	6.332135	0.0311803	0.006050885	0.02512942	0.006050885
9300	-300.1898	-303.6536	3.463747	0.1002783	0.01485614	0.0854222	0.01485614
9310	-255.1738	-259.9172	4.743395	0.07594183	0.02144058	0.05450126	0.02144058
9320	-235.4529	-240.4163	4.963333	0.07818587	0.05509342	0.02309245	0.05509342
9330	-233.5629	-238.3011	4.738217	0.07615796	0.05987538	0.01628258	0.05987538
9340	-229.6736	-234.8806	5.206959	0.06454769	0.04558517	0.01896252	0.04558517
9350	-249.4449	-253.715	4.270094	0.1049025	0.07027775	0.03462478	0.07027775
9360	-220.7798	-226.9698	6.190023	0.04032134	0.01013277	0.03018857	0.01013277
9370	-213.8536	-219.7088	5.855278	0.02506599	0.01267774	0.01238825	0.01267774
9380	-249.0696	-253.1598	4.090216	0.117456	0.08956362	0.02789235	0.08956362
9390	-225.1761	-231.1477	5.971618	0.04763672	0.01646818	0.03116854	0.01646818
9400	-211.4806	-217.5933	6.112686	0.02120215	0.007299805	0.01390235	0.007299805
9410	-246.921	-251.1296	4.208577	0.1119493	0.08554563	0.02640364	0.08554563
9420	-266.022	-269.4358	3.413791	0.1310203	0.08405652	0.04696379	0.08405652
9430	-247.5138	-251.7676	4.253853	0.1089499	0.07965902	0.02929087	0.07965902
9440	-257.265	-262.0359	4.770927	0.06621082	0.00536706	0.06084376	0.00536706
9450	-274.1363	-278.042	3.905677	0.09553746	0.03010527	0.06543219	0.03010527
9460	-258.3237	-262.4888	4.165121	0.09716733	0.04790029	0.04926704	0.04790029
9470	-243.5473	-248.3972	4.849895	0.08034463	0.04227075	0.03807388	0.04227075
9480	-211.6295	-217.8104	6.180993	0.02611666	0.00360708	0.02250958	0.00360708
9490	-220.6826	-225.6467	4.964036	0.03859633	0.02837243	0.0102239	0.02837243
9500	-314.2566	-316.259	2.002353	0.14859	0.06302035	0.08556963	0.06302035
9510	-243.9839	-248.4708	4.486866	0.09878605	0.07072864	0.02805741	0.07072864
9520	-255.7985	-259.5348	3.736227	0.1316469	0.09813841	0.0335085	0.09813841
9530	-260.2909	-263.4633	3.172429	0.1719124	0.1450948	0.02681754	0.1450948
9540	-321.3025	-319.8877	-1.414744	0.6376637	0.5892847	0.04837898	0.5892847
9550	-249.6672	-254.5176	4.850424	0.07529497	0.0265776	0.04871737	0.0265776
9560	-211.7229	-217.6059	5.883016	0.02586233	0.002376224	0.0234861	0.002376224
9570	-225.3338	-231.115	5.781214	0.05180643	0.02682672	0.02497971	0.02682672
9580	-214.9863	-221.3526	6.366284	0.03238456	0.008402591	0.02398197	0.008402591
9590	-278.4935	-282.2797	3.786238	0.07758273	0.002861682	0.07472105	0.002861682
9600	-219.5345	-225.7644	6.229943	0.0392844	0.01137825	0.02790615	0.01137825
9610	-216.3846	-222.7046	6.320035	0.03424961	0.007610017	0.02663959	0.007610017
9620	-241.9529	-247.2468	5.293905	0.06373029	0.01812094	0.04560936	0.01812094
9630	-211.4658	-217.5336	6.067763	0.02047762	0.007026777	0.01345084	0.007026777
9640	-227.8772	-233.3094	5.432255	0.05941525	0.03863322	0.02078203	0.03863322
9650	-250.112	-254.8069	4.694871	0.08109552	0.03463498	0.04646054	0.03463498
9660	-260.6871	-263.8116	3.124572	0.1754851	0.1491544	0.02633065	0.1491544
9670	-217.1222	-223.4347	6.312504	0.03576708	0.009889655	0.02587742	0.009889655
9680	-269.6749	-272.434	2.75911	0.1842393	0.1463755	0.03786383	0.1463755
9690	-220.7143	-226.6828	5.968512	0.04341332	0.02233868	0.02107464	0.02233868
9700	-223.7962	-229.6343	5.838124	0.04922893	0.0258098	0.02341914	0.0258098
9710	-234.5063	-239.6361	5.12983	0.07317469	0.04742113	0.02575356	0.04742113
9720	-224.779	-230.6602	5.881202	0.04964536	0.02275764	0.02688772	0.02275764
9730	-220.0429	-225.7277	5.684848	0.04118696	0.02583572	0.01535125	0.02583572
9740	-255.7471	-259.9021	4.154976	0.1011763	0.05640929	0.04476701	0.05640929
9750	-257.6137	-262.2323	4.618566	0.0790193	0.02332195	0.05569735	0.02332195
9760	-252.4477	-256.9019	4.454155	0.08967162	0.04423833	0.04543329	0.04423833
9770	-221.0394	-226.1894	5.150063	0.04080597	0.02938776	0.01141821	0.02938776
9780	-284.2336	-287.4942	3.26053	0.1144972	0.0456399	0.06885731	0.0456399
9790	-222.7593	-228.4783	5.718925	0.04787786	0.02896537	0.0189125	0.02896537
9800	-287.2012	-290.08	2.878798	0.1300571	0.0624089	0.06764817	0.0624089
9810	-271.4703	-275.4091	3.938827	0.09581402	0.03288973	0.06292429	0.03288973
9820	-213.0536	-218.8691	5.815475	0.02794769	0.002286182	0.02566151	0.002286182
9830	-237.9708	-241.7022	3.731461	0.08981373	0.07897104	0.0108427	0.07897104
9840	-219.9931	-224.296	4.302905	0.03220137	0.02465708	0.007544296	0.02465708
9850	-241.6892	-246.5957	4.906471	0.0795095	0.04385496	0.03565454	0.04385496
9860	-215.0169	-221.3442	6.327252	0.03209591	0.006344152	0.02575176	0.006344152
9870	-269.1013	-272.1892	3.08791	0.1503066	0.1049753	0.04533134	0.1049753
9880	-249.2539	-253.2259	3.971997	0.1240521	0.09931294	0.02473917	0.09931294
9890	-220.3944	-226.4955	6.101109	0.0421724	0.01794369	0.02422871	0.01794369
9900	-243.891	-247.4159	3.524905	0.1133577	0.1010148	0.01234288	0.1010148
9910	-243.4581	-248.2864	4.828304	0.08146226	0.04415833	0.03730393	0.04415833
9920	-244.1881	-249.1221	4.933943	0.07601073	0.03458585	0.04142488	0.03458585
9930	-217.9384	-224.2252	6.286792	0.0369656	0.01032612	0.02663948	0.01032612
9940	-235.6395	-240.9825	5.342911	0.06560126	0.0306778	0.03492346	0.0306778
9950	-215.4529	-221.7318	6.278864	0.03318687	0.0129986	0.02018827	0.0129986
9960	-261.0839	-264.4531	3.369166	0.1500378	0.1148279	0.03520994	0.1148279
9970	-223.8529	-229.7681	5.915245	0.04831069	0.02243902	0.02587167	0.02243902
9980	-247.8323	-252.1261	4.293796	0.1060243	0.07462946	0.03139484	0.07462946
9990	-234.6182	-240.2765	5.658268	0.0524108	0.008961565	0.04344924	0.008961565
10000	-253.4687	-257.0929	3.624198	0.1436794	0.1194693	0.02421015	0.1194693
