Iteration	Posterior	Likelihood	Prior	birth_rate	death_rate	diversification	turnover
0	-209.8354	-215.3336	5.498219	0.01807211	0.001759014	0.0163131	0.001759014
10	-213.3153	-219.2012	5.885899	0.02846136	0.002504252	0.02595711	0.002504252
20	-209.8477	-215.7615	5.913824	0.01896778	0.002834303	0.01613348	0.002834303
30	-212.3269	-218.6936	6.36667	0.02701233	0.007926201	0.01908612	0.007926201
40	-211.2401	-217.4854	6.245315	0.02272317	0.006969799	0.01575337	0.006969799
50	-212.2656	-214.7604	2.494764	0.01694554	0.000299275	0.01664626	0.000299275
60	-214.8014	-219.7576	4.956189	0.01212074	0.003528483	0.008592262	0.003528483
70	-210.0623	-216.1949	6.132692	0.02099294	0.003727802	0.01726513	0.003727802
80	-210.5648	-216.5988	6.034039	0.02355222	0.002848786	0.02070343	0.002848786
90	-214.7532	-221.1037	6.350502	0.03181402	0.006856528	0.02495749	0.006856528
100	-214.5577	-220.4843	5.926542	0.02798945	0.01448501	0.01350444	0.01448501
110	-209.9915	-215.957	5.965513	0.0186978	0.003242551	0.01545525	0.003242551
120	-211.1423	-217.1954	6.053134	0.01953082	0.006058712	0.01347211	0.006058712
130	-216.8254	-223.1044	6.278968	0.03579438	0.01301028	0.0227841	0.01301028
140	-209.9183	-215.9268	6.008491	0.02098136	0.002913051	0.01806831	0.002913051
150	-212.1438	-218.5182	6.374448	0.02709188	0.006416975	0.0206749	0.006416975
160	-210.2973	-216.3063	6.009042	0.01848736	0.003930055	0.01455731	0.003930055
170	-213.2906	-218.9944	5.703868	0.02113554	0.01016441	0.01097113	0.01016441
180	-211.9064	-217.4784	5.571978	0.01481906	0.003617952	0.0112011	0.003617952
190	-215.425	-221.6293	6.204258	0.03271068	0.01439959	0.01831109	0.01439959
200	-209.9798	-215.7864	5.806549	0.02133954	0.002195872	0.01914367	0.002195872
210	-210.0689	-216.1723	6.103401	0.02007286	0.003841725	0.01623113	0.003841725
220	-211.1157	-217.2312	6.115466	0.02042098	0.006361015	0.01405997	0.006361015
230	-209.7869	-215.6775	5.890632	0.01986355	0.002569737	0.01729381	0.002569737
240	-213.8973	-219.5551	5.65784	0.022848	0.01190053	0.01094746	0.01190053
250	-214.0281	-219.8191	5.790971	0.02490014	0.01293272	0.01196742	0.01293272
260	-213.9572	-220.3282	6.370998	0.03054855	0.009410571	0.02113798	0.009410571
270	-209.8429	-215.6245	5.781559	0.02054858	0.002174426	0.01837416	0.002174426
280	-211.7944	-218.1316	6.337202	0.02648934	0.005261386	0.02122795	0.005261386
290	-214.5553	-220.1789	5.623574	0.0297319	0.001961735	0.02777017	0.001961735
300	-210.3223	-216.5367	6.214385	0.02222215	0.004206909	0.01801524	0.004206909
310	-211.9139	-218.2826	6.368691	0.02656764	0.006260219	0.02030742	0.006260219
320	-212.5252	-218.8136	6.288396	0.02637371	0.009452308	0.0169214	0.009452308
330	-212.6091	-218.2906	5.681518	0.01787057	0.007177285	0.01069328	0.007177285
340	-212.7145	-218.7784	6.063916	0.02403808	0.01031377	0.01372431	0.01031377
350	-215.6885	-221.9154	6.226901	0.03344908	0.01426534	0.01918374	0.01426534
360	-211.2182	-217.4942	6.275909	0.02319945	0.00683677	0.01636268	0.00683677
370	-210.8143	-217.113	6.298698	0.02372394	0.005083895	0.01864005	0.005083895
380	-213.373	-219.7537	6.380699	0.02957	0.006974507	0.02259549	0.006974507
390	-214.1733	-219.4257	5.252377	0.01758009	0.008695699	0.008884389	0.008695699
400	-211.4627	-217.1621	5.699344	0.01565543	0.003847026	0.01180841	0.003847026
410	-214.8793	-220.0817	5.202329	0.02094177	0.01199448	0.008947288	0.01199448
420	-211.1028	-216.9966	5.89374	0.01732752	0.004702398	0.01262512	0.004702398
430	-210.459	-216.1499	5.690904	0.0163188	0.002671858	0.01364694	0.002671858
440	-214.3769	-219.6593	5.282379	0.01956135	0.01046324	0.009098103	0.01046324
450	-210.9368	-216.5482	5.61137	0.02382977	0.001766823	0.02206295	0.001766823
460	-210.398	-216.5336	6.13556	0.02305032	0.00337584	0.01967448	0.00337584
470	-212.3485	-218.728	6.379476	0.02751712	0.00666202	0.0208551	0.00666202
480	-210.5373	-216.4252	5.887904	0.01724444	0.00365515	0.01358929	0.00365515
490	-209.7675	-215.4086	5.641074	0.01872181	0.001985453	0.01673635	0.001985453
500	-210.6095	-216.4633	5.853857	0.02345326	0.002267133	0.02118613	0.002267133
510	-214.5452	-220.809	6.263713	0.0310633	0.01258628	0.01847702	0.01258628
520	-210.8788	-217.1031	6.224259	0.02175072	0.00609938	0.01565134	0.00609938
530	-216.9481	-222.0181	5.06996	0.02770042	0.01847299	0.00922743	0.01847299
540	-214.394	-220.7557	6.361731	0.03137502	0.009950539	0.02142448	0.009950539
550	-217.3946	-223.6062	6.211597	0.03690839	0.01530463	0.02160377	0.01530463
560	-209.8743	-215.5957	5.721437	0.01793216	0.002302673	0.01562949	0.002302673
570	-211.233	-217.2526	6.019641	0.02511318	0.002793295	0.02231988	0.002793295
580	-209.8111	-215.5088	5.697723	0.0201485	0.002001168	0.01814734	0.002001168
590	-212.8391	-218.9762	6.137123	0.02532379	0.01064712	0.01467666	0.01064712
600	-210.1992	-215.4378	5.238602	0.01650233	0.001494133	0.0150082	0.001494133
610	-211.7548	-218.088	6.333222	0.02524896	0.007547072	0.01770189	0.007547072
620	-213.441	-217.2507	3.809633	0.02533706	0.0005378591	0.0247992	0.0005378591
630	-210.1906	-216.292	6.101402	0.02229584	0.003241695	0.01905415	0.003241695
640	-214.0158	-219.2749	5.25911	0.01636996	0.007483346	0.00888661	0.007483346
650	-210.0988	-215.1514	5.052619	0.01734226	0.001221345	0.01612092	0.001221345
660	-210.4689	-215.0124	4.543488	0.01706136	0.0008582667	0.01620309	0.0008582667
670	-210.5619	-214.9636	4.401655	0.01920026	0.0007484712	0.01845179	0.0007484712
680	-212.9123	-219.2344	6.322033	0.02772707	0.009700155	0.01802691	0.009700155
690	-211.5353	-217.3548	5.81943	0.02540967	0.002201926	0.02320775	0.002201926
700	-213.1011	-219.4882	6.387082	0.02898619	0.007748618	0.02123758	0.007748618
710	-211.7712	-217.9255	6.154379	0.02258088	0.008178056	0.01440283	0.008178056
720	-210.5448	-216.6399	6.095056	0.01942302	0.004871749	0.01455127	0.004871749
730	-210.0517	-216.072	6.020276	0.0217736	0.002881443	0.01889215	0.002881443
740	-210.0097	-216.0385	6.028767	0.01925426	0.00350272	0.01575154	0.00350272
750	-210.8762	-216.5501	5.673934	0.02380221	0.001875812	0.0219264	0.001875812
760	-211.6778	-216.4689	4.791046	0.01378093	0.001259991	0.01252094	0.001259991
770	-210.4758	-216.4666	5.990845	0.01818378	0.004146055	0.01403773	0.004146055
780	-211.5604	-217.7566	6.196136	0.02599297	0.00370269	0.02229028	0.00370269
790	-209.8563	-215.3634	5.507081	0.01991093	0.001660759	0.01825017	0.001660759
800	-211.2895	-217.6212	6.331754	0.02519649	0.00532234	0.01987415	0.00532234
810	-212.5099	-218.2616	5.751675	0.01873542	0.00766198	0.01107344	0.00766198
820	-212.4051	-218.523	6.11798	0.02383806	0.009653866	0.0141842	0.009653866
830	-210.156	-215.9728	5.816784	0.02205656	0.002195748	0.01986081	0.002195748
840	-210.9681	-217.0033	6.035145	0.01898138	0.005489199	0.01349218	0.005489199
850	-212.566	-218.9474	6.381436	0.02778568	0.007640076	0.02014561	0.007640076
860	-216.0386	-222.2147	6.176143	0.03396852	0.01543078	0.01853774	0.01543078
870	-209.8111	-215.6429	5.831809	0.01870699	0.002537189	0.0161698	0.002537189
880	-214.5714	-218.6998	4.1284	0.02753861	0.0006540318	0.02688458	0.0006540318
890	-211.4871	-217.5462	6.059151	0.02039925	0.007033546	0.0133657	0.007033546
900	-211.5396	-216.8681	5.328506	0.0141759	0.00218271	0.01199319	0.00218271
910	-215.1715	-221.5029	6.331398	0.03279791	0.01129919	0.02149872	0.01129919
920	-213.9649	-219.9456	5.980696	0.02680221	0.01316465	0.01363756	0.01316465
930	-209.8354	-215.4773	5.641877	0.01801923	0.002067354	0.01595188	0.002067354
940	-214.3026	-220.6583	6.355652	0.03115926	0.01020996	0.0209493	0.01020996
950	-218.4674	-224.6568	6.189439	0.03879372	0.01575938	0.02303434	0.01575938
960	-210.6172	-216.7142	6.097021	0.01948238	0.005044523	0.01443786	0.005044523
970	-210.1312	-216.2851	6.153856	0.02087456	0.004021918	0.01685264	0.004021918
980	-211.5738	-217.748	6.174154	0.02236725	0.007733025	0.01463423	0.007733025
990	-212.3508	-218.0461	5.695271	0.01710373	0.006268728	0.010835	0.006268728
1000	-210.4712	-216.6944	6.223228	0.0215187	0.005016326	0.01650238	0.005016326
1010	-209.9315	-215.558	5.626557	0.02075826	0.001830787	0.01892747	0.001830787
1020	-210.3743	-216.603	6.228668	0.02230522	0.004381226	0.017924	0.004381226
1030	-210.3591	-216.2289	5.869766	0.01729714	0.003323229	0.01397391	0.003323229
1040	-211.3345	-215.1947	3.860172	0.01559093	0.0006006579	0.01499027	0.0006006579
1050	-209.8518	-215.2305	5.378763	0.01834173	0.001548532	0.0167932	0.001548532
1060	-210.3397	-216.5558	6.216189	0.02164836	0.004568069	0.01708029	0.004568069
1070	-210.1462	-216.0073	5.861064	0.01760113	0.003032902	0.01456823	0.003032902
1080	-210.5837	-216.8301	6.246418	0.02337338	0.004280272	0.01909311	0.004280272
1090	-213.8558	-219.5328	5.677003	0.02293648	0.01188298	0.0110535	0.01188298
1100	-210.4927	-216.5465	6.053746	0.01888253	0.004538585	0.01434395	0.004538585
1110	-212.8703	-218.3851	5.514741	0.01566692	0.005634976	0.01003195	0.005634976
1120	-210.1247	-215.4038	5.27907	0.01673546	0.001529053	0.01520641	0.001529053
1130	-211.0475	-217.3668	6.319285	0.02447139	0.005258051	0.01921334	0.005258051
1140	-209.8052	-215.5828	5.777551	0.01851781	0.002379545	0.01613826	0.002379545
1150	-211.0653	-216.9807	5.915473	0.0246104	0.002440549	0.02216985	0.002440549
1160	-209.8028	-215.7227	5.919899	0.02000831	0.002662095	0.01734622	0.002662095
1170	-209.9343	-215.8763	5.942057	0.01872147	0.003068221	0.01565325	0.003068221
1180	-212.6262	-218.7524	6.126255	0.02458154	0.01017592	0.01440562	0.01017592
1190	-214.3536	-220.627	6.273352	0.0306881	0.01223068	0.01845741	0.01223068
1200	-210.0277	-215.9234	5.895712	0.01808798	0.003027964	0.01506002	0.003027964
1210	-211.0231	-216.9393	5.916218	0.01751823	0.004708916	0.01280932	0.004708916
1220	-212.0654	-218.1342	6.068859	0.02216314	0.008666699	0.01349644	0.008666699
1230	-210.9683	-217.2847	6.316388	0.02404746	0.005447723	0.01859974	0.005447723
1240	-213.3649	-219.0533	5.688403	0.021206	0.01030498	0.01090102	0.01030498
1250	-211.3857	-217.4762	6.090551	0.02063024	0.006938656	0.01369158	0.006938656
1260	-210.5061	-216.61	6.103932	0.01953504	0.004829823	0.01470522	0.004829823
1270	-210.9326	-217.1579	6.225324	0.02184573	0.006233056	0.01561267	0.006233056
1280	-210.4808	-216.4695	5.988696	0.01816008	0.004142687	0.01401739	0.004142687
1290	-210.1098	-216.155	6.045143	0.01915214	0.003756429	0.01539571	0.003756429
1300	-211.6021	-217.4298	5.827682	0.01717893	0.005337835	0.0118411	0.005337835
1310	-210.1799	-216.3468	6.166889	0.02092799	0.004182069	0.01674592	0.004182069
1320	-213.3099	-219.6761	6.366121	0.0291324	0.009217502	0.0199149	0.009217502
1330	-209.9407	-215.4654	5.524703	0.01738643	0.00188317	0.01550326	0.00188317
1340	-210.0539	-216.1685	6.114609	0.02141918	0.003459486	0.0179597	0.003459486
1350	-213.8437	-220.2182	6.37451	0.03034282	0.009185574	0.02115725	0.009185574
1360	-213.757	-220.0845	6.327457	0.02975856	0.01064446	0.0191141	0.01064446
1370	-210.6644	-216.9173	6.252954	0.02210843	0.005487985	0.01662045	0.005487985
1380	-209.7763	-215.3488	5.572518	0.0191664	0.001810746	0.01735566	0.001810746
1390	-212.6349	-219.0186	6.383741	0.02798105	0.007546055	0.02043499	0.007546055
1400	-211.2886	-217.5507	6.262104	0.02542243	0.004239253	0.02118317	0.004239253
1410	-210.099	-216.161	6.061967	0.02194715	0.003063531	0.01888362	0.003063531
1420	-210.6176	-214.8875	4.26988	0.01777914	0.0007104309	0.01706871	0.0007104309
1430	-211.1748	-217.4895	6.314631	0.02498736	0.004987294	0.02000006	0.004987294
1440	-209.9717	-216.0549	6.083179	0.02039613	0.003491481	0.01690465	0.003491481
1450	-209.9792	-215.541	5.561739	0.01723827	0.001985946	0.01525232	0.001985946
1460	-210.5287	-216.7557	6.22704	0.02327431	0.004077366	0.01919694	0.004077366
1470	-210.7205	-216.3524	5.631891	0.01576413	0.002660504	0.01310363	0.002660504
1480	-210.2533	-216.4425	6.189223	0.02213633	0.003936912	0.01819942	0.003936912
1490	-211.4551	-217.6657	6.210626	0.02263704	0.007490612	0.01514643	0.007490612
1500	-212.9346	-219.1174	6.182789	0.02614273	0.01076438	0.01537836	0.01076438
1510	-212.3742	-218.5133	6.139137	0.02742366	0.00343545	0.02398821	0.00343545
1520	-216.6471	-222.92	6.272975	0.03421532	0.006271144	0.02794418	0.006271144
1530	-212.2426	-218.3105	6.067879	0.02267548	0.009130345	0.01354513	0.009130345
1540	-211.0045	-216.9713	5.966747	0.02455052	0.002599002	0.02195152	0.002599002
1550	-221.7443	-227.626	5.881682	0.04556963	0.02480995	0.02075968	0.02480995
1560	-212.3277	-215.9853	3.657645	0.01380225	0.0005851521	0.01321709	0.0005851521
1570	-212.984	-219.1198	6.135883	0.02571777	0.01095971	0.01475806	0.01095971
1580	-214.8547	-220.3632	5.508525	0.0299333	0.001771173	0.02816212	0.001771173
1590	-211.5709	-217.9155	6.34456	0.02590783	0.005491826	0.020416	0.005491826
1600	-210.5894	-216.3069	5.717526	0.02318161	0.001958497	0.02122311	0.001958497
1610	-210.6611	-216.9417	6.28053	0.02303867	0.005057922	0.01798074	0.005057922
1620	-215.4168	-221.6129	6.196125	0.03263752	0.01450654	0.01813098	0.01450654
1630	-211.5958	-217.8541	6.258324	0.02369673	0.007760429	0.0159363	0.007760429
1640	-212.2011	-218.5639	6.362796	0.02668455	0.007819805	0.01886475	0.007819805
1650	-209.9444	-215.9267	5.982273	0.01902757	0.003222556	0.01580502	0.003222556
1660	-212.3646	-218.3301	5.965535	0.02159623	0.008996284	0.01259995	0.008996284
1670	-209.9096	-215.586	5.676379	0.02075709	0.001926482	0.01883061	0.001926482
1680	-216.0465	-222.0917	6.045203	0.03311937	0.01688457	0.0162348	0.01688457
1690	-214.7558	-219.9719	5.216107	0.02052075	0.01156532	0.008955431	0.01156532
1700	-210.4124	-216.2054	5.792978	0.022828	0.002123207	0.02070479	0.002123207
1710	-210.8094	-216.9269	6.117526	0.01995515	0.005604248	0.0143509	0.005604248
1720	-211.4774	-217.4441	5.966697	0.01895492	0.006321755	0.01263317	0.006321755
1730	-214.4224	-220.5732	6.150839	0.0297894	0.01359614	0.01619327	0.01359614
1740	-212.4716	-218.141	5.669413	0.01707956	0.006398211	0.01068134	0.006398211
1750	-211.0183	-217.3292	6.310889	0.02365507	0.006005499	0.01764958	0.006005499
1760	-212.924	-218.6265	5.702508	0.02756023	0.002016442	0.02554379	0.002016442
1770	-209.8141	-215.7548	5.940671	0.01968501	0.002804152	0.01688086	0.002804152
1780	-210.0372	-215.9151	5.877968	0.01795705	0.002972229	0.01498482	0.002972229
1790	-214.4735	-220.5502	6.076649	0.02922595	0.01405885	0.0151671	0.01405885
1800	-210.9192	-216.9533	6.034087	0.01890197	0.005362283	0.01353969	0.005362283
1810	-210.4464	-216.6854	6.239037	0.02200461	0.004818921	0.01718569	0.004818921
1820	-214.0684	-220.0016	5.933232	0.02660098	0.01337074	0.01323024	0.01337074
1830	-209.8163	-215.721	5.904678	0.01916147	0.002745965	0.0164155	0.002745965
1840	-212.5796	-215.7586	3.178978	0.02244399	0.0003891725	0.02205482	0.0003891725
1850	-209.8679	-215.3883	5.520437	0.02005434	0.001676108	0.01837824	0.001676108
1860	-211.0799	-217.406	6.326159	0.02438604	0.005565874	0.01882017	0.005565874
1870	-210.3256	-216.4336	6.108032	0.01963309	0.004451519	0.01518157	0.004451519
1880	-210.371	-216.476	6.105042	0.01956603	0.004538201	0.01502783	0.004538201
1890	-212.5603	-218.6989	6.138648	0.02455341	0.01002873	0.01452468	0.01002873
1900	-211.3109	-217.6485	6.337625	0.02518797	0.005498101	0.01968987	0.005498101
1910	-210.7488	-217.03	6.281153	0.02280192	0.005528506	0.01727341	0.005528506
1920	-210.0816	-216.0869	6.005301	0.02192176	0.002805268	0.01911649	0.002805268
1930	-211.0306	-217.3139	6.283302	0.02471688	0.004527754	0.02018913	0.004527754
1940	-213.0203	-218.964	5.943669	0.02344076	0.01075068	0.01269008	0.01075068
1950	-213.7932	-219.1974	5.40423	0.01847802	0.009014519	0.009463504	0.009014519
1960	-210.4896	-216.734	6.244416	0.0229121	0.004379956	0.01853215	0.004379956
1970	-210.5267	-215.8106	5.283914	0.02213663	0.001333287	0.02080334	0.001333287
1980	-211.8984	-217.6827	5.784317	0.01720475	0.005764298	0.01144045	0.005764298
1990	-214.2259	-220.6007	6.374726	0.03110374	0.009142722	0.02196102	0.009142722
2000	-209.867	-215.5299	5.662843	0.02047497	0.001911513	0.01856346	0.001911513
2010	-210.6406	-216.8458	6.205243	0.02117555	0.005486456	0.0156891	0.005486456
2020	-214.1824	-219.3823	5.199944	0.01589564	0.007206289	0.008689354	0.007206289
2030	-212.7064	-218.4713	5.764857	0.0197451	0.008566242	0.01117886	0.008566242
2040	-210.8202	-217.0069	6.186719	0.0210444	0.005900062	0.01514433	0.005900062
2050	-213.6384	-219.939	6.300549	0.02982534	0.005109246	0.0247161	0.005109246
2060	-210.7485	-215.3861	4.637593	0.01565197	0.0009702599	0.01468171	0.0009702599
2070	-209.8979	-215.8765	5.978591	0.02091414	0.002787199	0.01812694	0.002787199
2080	-212.6811	-218.9138	6.232617	0.02607039	0.01008768	0.0159827	0.01008768
2090	-216.2986	-221.8782	5.579571	0.02998311	0.01826409	0.01171902	0.01826409
2100	-212.332	-218.5268	6.194752	0.0246557	0.009489755	0.01516594	0.009489755
2110	-209.8766	-215.4948	5.618138	0.01775194	0.002045654	0.01570628	0.002045654
2120	-211.8602	-218.1529	6.292712	0.02483031	0.008161138	0.01666917	0.008161138
2130	-212.1128	-218.4206	6.307811	0.02717492	0.004808067	0.02236685	0.004808067
2140	-211.7664	-218.0784	6.312022	0.02491903	0.007816914	0.01710211	0.007816914
2150	-215.013	-221.3777	6.364716	0.03250104	0.009250358	0.02325068	0.009250358
2160	-210.4756	-216.7198	6.244167	0.02208413	0.004890674	0.01719346	0.004890674
2170	-210.8039	-215.2501	4.446138	0.02071206	0.0007569661	0.01995509	0.0007569661
2180	-211.7719	-217.3524	5.580474	0.01486328	0.003477944	0.01138534	0.003477944
2190	-210.6525	-216.2141	5.561565	0.02305918	0.001685355	0.02137383	0.001685355
2200	-210.651	-216.3709	5.719951	0.0161697	0.002954678	0.01321502	0.002954678
2210	-213.7154	-219.118	5.40261	0.01796244	0.008527629	0.009434807	0.008527629
2220	-210.2156	-216.2547	6.039108	0.01889685	0.003928615	0.01496824	0.003928615
2230	-210.5388	-216.7149	6.176071	0.02063095	0.005180117	0.01545083	0.005180117
2240	-212.347	-218.4942	6.147186	0.02406341	0.009543848	0.01451956	0.009543848
2250	-214.9968	-220.839	5.842241	0.02845942	0.01545413	0.01300529	0.01545413
2260	-212.5485	-218.6674	6.118853	0.02426283	0.009992838	0.01426999	0.009992838
2270	-211.4542	-217.4051	5.950905	0.01866095	0.006116499	0.01254445	0.006116499
2280	-213.5371	-218.912	5.374886	0.01596482	0.006628183	0.009336633	0.006628183
2290	-211.2387	-217.5761	6.337407	0.02487515	0.005669591	0.01920556	0.005669591
2300	-209.7536	-215.5146	5.761011	0.01938502	0.002215145	0.01716987	0.002215145
2310	-210.1452	-216.2907	6.145507	0.02056757	0.004098074	0.0164695	0.004098074
2320	-210.1111	-216.0509	5.939811	0.01817955	0.00331617	0.01486338	0.00331617
2330	-212.758	-218.3915	5.633508	0.02719005	0.00187253	0.02531752	0.00187253
2340	-210.4479	-216.6039	6.156027	0.02319582	0.003495533	0.01970029	0.003495533
2350	-214.6103	-219.682	5.071726	0.01575969	0.00747769	0.008281997	0.00747769
2360	-218.5622	-222.3928	3.83058	0.02315569	0.01709778	0.006057912	0.01709778
2370	-209.7933	-215.6989	5.905609	0.01988878	0.002622927	0.01726585	0.002622927
2380	-212.5872	-218.813	6.225834	0.02573873	0.009934527	0.0158042	0.009934527
2390	-214.0493	-219.4902	5.4409	0.02047959	0.01073266	0.009746926	0.01073266
2400	-211.4801	-217.4635	5.983407	0.01921729	0.006469584	0.0127477	0.006469584
2410	-209.9607	-215.8496	5.88892	0.01825746	0.002918273	0.01533919	0.002918273
2420	-210.1731	-216.2114	6.038301	0.01895296	0.003846755	0.0151062	0.003846755
2430	-210.0969	-215.9654	5.868459	0.01775185	0.003005747	0.01474611	0.003005747
2440	-209.9396	-215.1886	5.249035	0.0178706	0.001405814	0.01646478	0.001405814
2450	-210.2042	-215.1169	4.912669	0.0196337	0.001035365	0.01859834	0.001035365
2460	-211.9541	-218.1607	6.206625	0.02381529	0.008645334	0.01516996	0.008645334
2470	-217.8759	-222.9789	5.103064	0.03100831	0.02125905	0.009749259	0.02125905
2480	-213.8199	-220.1903	6.370498	0.0302618	0.009390937	0.02087087	0.009390937
2490	-211.6495	-217.9921	6.342603	0.0261249	0.005406936	0.02071796	0.005406936
2500	-210.2327	-215.9266	5.693944	0.01674366	0.002506672	0.01423698	0.002506672
2510	-214.6965	-220.7939	6.097438	0.03002228	0.01436597	0.01565631	0.01436597
2520	-210.7273	-216.9961	6.268884	0.02378599	0.004487598	0.01929839	0.004487598
2530	-213.8747	-220.0524	6.177706	0.02987172	0.003939783	0.02593194	0.003939783
2540	-214.6372	-221.0042	6.367036	0.03173982	0.00756758	0.02417224	0.00756758
2550	-213.194	-219.3935	6.199487	0.02888058	0.003959192	0.02492139	0.003959192
2560	-210.5742	-216.7959	6.22171	0.02347566	0.003991362	0.0194843	0.003991362
2570	-213.5568	-219.7494	6.192516	0.02792455	0.01188712	0.01603743	0.01188712
2580	-215.9296	-222.1758	6.246166	0.03406206	0.0140207	0.02004136	0.0140207
2590	-211.4783	-217.6208	6.142465	0.02165031	0.007410591	0.01423972	0.007410591
2600	-211.7671	-218.1304	6.363244	0.02623799	0.006097966	0.02014002	0.006097966
2610	-210.4429	-216.5425	6.099609	0.01947324	0.00467016	0.01480308	0.00467016
2620	-209.9929	-215.2727	5.279832	0.01735483	0.00147835	0.01587648	0.00147835
2630	-210.3997	-216.4226	6.022839	0.02306761	0.002816612	0.020251	0.002816612
2640	-210.7666	-216.769	6.002395	0.018348	0.004792467	0.01355553	0.004792467
2650	-210.0269	-215.6767	5.649813	0.02126004	0.001857826	0.01940221	0.001857826
2660	-212.5413	-218.6947	6.153339	0.02773116	0.003540051	0.02419111	0.003540051
2670	-214.428	-220.2462	5.818266	0.026484	0.01405759	0.01242641	0.01405759
2680	-213.8707	-220.2469	6.37626	0.03045235	0.007155464	0.02329689	0.007155464
2690	-211.3268	-216.8623	5.535482	0.0245247	0.001654449	0.02287025	0.001654449
2700	-210.2131	-216.3542	6.141182	0.0222802	0.00349789	0.01878231	0.00349789
2710	-216.7464	-221.1018	4.355387	0.01862965	0.01191748	0.006712168	0.01191748
2720	-210.5845	-216.7571	6.172521	0.02362043	0.003575459	0.02004497	0.003575459
2730	-214.5254	-220.3361	5.810624	0.02670871	0.01428559	0.01242312	0.01428559
2740	-212.9873	-216.1529	3.165628	0.01339944	0.0004616666	0.01293777	0.0004616666
2750	-217.5982	-223.8004	6.202191	0.03728818	0.01558549	0.02170269	0.01558549
2760	-209.7858	-215.4613	5.675524	0.01845925	0.00209525	0.01636401	0.00209525
2770	-210.1411	-216.0328	5.891669	0.02209982	0.002398341	0.01970147	0.002398341
2780	-212.3408	-218.2286	5.887788	0.02034595	0.008385144	0.01196081	0.008385144
2790	-212.0973	-217.8699	5.772586	0.01758991	0.006317216	0.01127269	0.006317216
2800	-212.1827	-218.3939	6.211237	0.02720068	0.003874467	0.02332622	0.003874467
2810	-209.8715	-215.4936	5.622129	0.02039883	0.001836559	0.01856227	0.001836559
2820	-211.3205	-217.306	5.985593	0.02524577	0.002673474	0.0225723	0.002673474
2830	-215.1378	-221.4879	6.350047	0.03245328	0.007283393	0.02516988	0.007283393
2840	-212.019	-217.8159	5.796902	0.01775076	0.006330621	0.01142014	0.006330621
2850	-210.0438	-216.151	6.107172	0.02140795	0.003408566	0.01799938	0.003408566
2860	-215.8643	-221.6865	5.822256	0.0308041	0.01737641	0.01342769	0.01737641
2870	-209.9549	-215.8875	5.932611	0.02132317	0.002572003	0.01875117	0.002572003
2880	-211.5641	-217.2483	5.684223	0.01556295	0.003904736	0.01165821	0.003904736
2890	-211.8476	-217.1062	5.258636	0.02503918	0.001320281	0.0237189	0.001320281
2900	-210.1897	-216.2362	6.0465	0.01901657	0.003913236	0.01510334	0.003913236
2910	-212.5263	-218.7456	6.219318	0.02781882	0.003988022	0.0238308	0.003988022
2920	-211.1482	-217.4702	6.322026	0.02404444	0.006213733	0.01783071	0.006213733
2930	-211.579	-217.564	5.985042	0.01949469	0.006772792	0.0127219	0.006772792
2940	-211.8617	-217.9273	6.065619	0.02152149	0.008102814	0.01341867	0.008102814
2950	-210.9117	-216.894	5.982347	0.01821383	0.004970319	0.01324351	0.004970319
2960	-212.9213	-218.5066	5.585343	0.01740484	0.007193492	0.01021134	0.007193492
2970	-212.4618	-218.2739	5.812025	0.01957265	0.008127448	0.0114452	0.008127448
2980	-212.1145	-218.3504	6.235871	0.02463879	0.008941683	0.01569711	0.008941683
2990	-211.3205	-217.6554	6.334873	0.02526115	0.005387673	0.01987347	0.005387673
3000	-210.3683	-216.0773	5.708975	0.01652807	0.002663657	0.01386442	0.002663657
3010	-210.4059	-216.5111	6.105153	0.02310057	0.003197371	0.0199032	0.003197371
3020	-211.0413	-217.3305	6.289212	0.02316986	0.006324829	0.01684503	0.006324829
3030	-221.2413	-227.41	6.168769	0.04041124	0.009042391	0.03136885	0.009042391
3040	-212.5197	-218.8283	6.308668	0.02662136	0.00925095	0.01737041	0.00925095
3050	-211.0903	-216.6955	5.605204	0.01528932	0.002857608	0.01243171	0.002857608
3060	-212.3314	-218.7036	6.372193	0.02712468	0.007733322	0.01939136	0.007733322
3070	-212.9387	-218.4712	5.532446	0.01635054	0.006331978	0.01001856	0.006331978
3080	-212.5919	-218.7367	6.144789	0.02472198	0.01009935	0.01462263	0.01009935
3090	-213.7796	-220.04	6.26043	0.02918639	0.01169074	0.01749565	0.01169074
3100	-210.0146	-216.1191	6.104589	0.02110601	0.003456049	0.01764996	0.003456049
3110	-210.3342	-215.8939	5.55967	0.01623628	0.002182499	0.01405378	0.002182499
3120	-210.0212	-215.8899	5.868679	0.01795019	0.002918768	0.01503142	0.002918768
3130	-210.5066	-216.6713	6.164625	0.02043674	0.005071257	0.01536549	0.005071257
3140	-211.6968	-217.5709	5.874153	0.0180786	0.006111445	0.01196715	0.006111445
3150	-213.6806	-220.0385	6.357938	0.03006229	0.006262059	0.02380023	0.006262059
3160	-211.3136	-217.6566	6.342987	0.02488296	0.006056457	0.01882651	0.006056457
3170	-211.9064	-218.277	6.370563	0.02642257	0.006620373	0.0198022	0.006620373
3180	-210.2668	-216.3098	6.043056	0.01887744	0.00404203	0.01483541	0.00404203
3190	-210.0648	-215.3991	5.334314	0.01692326	0.001593196	0.01533007	0.001593196
3200	-211.4663	-215.9855	4.5192	0.0142635	0.0009740325	0.01328947	0.0009740325
3210	-209.7939	-215.451	5.657059	0.01987453	0.001931195	0.01794333	0.001931195
3220	-210.4399	-216.683	6.243078	0.0222787	0.004669936	0.01760877	0.004669936
3230	-210.4056	-216.0737	5.668117	0.01633677	0.002551089	0.01378568	0.002551089
3240	-218.1066	-222.7623	4.655717	0.02832706	0.02025173	0.008075336	0.02025173
3250	-212.0025	-218.0914	6.088878	0.02226882	0.008576529	0.01369229	0.008576529
3260	-212.579	-218.9484	6.369416	0.02758757	0.008240342	0.01934723	0.008240342
3270	-213.3414	-219.7205	6.379085	0.02951179	0.006856371	0.02265542	0.006856371
3280	-219.9258	-225.7903	5.864407	0.0416688	0.02387503	0.01779377	0.02387503
3290	-210.7737	-217.0084	6.234684	0.02409763	0.004043738	0.0200539	0.004043738
3300	-211.7048	-217.7222	6.017422	0.02603962	0.002810887	0.02322873	0.002810887
3310	-211.9842	-218.3276	6.343365	0.02589791	0.007846532	0.01805137	0.007846532
3320	-211.121	-217.4327	6.311734	0.02375494	0.006310649	0.01744429	0.006310649
3330	-209.942	-215.1289	5.186933	0.01861141	0.001301092	0.01731031	0.001301092
3340	-210.315	-216.4379	6.122832	0.02276598	0.00332231	0.01944367	0.00332231
3350	-211.1337	-216.9032	5.769434	0.01616076	0.003814113	0.01234665	0.003814113
3360	-212.2454	-218.2527	6.007379	0.02182227	0.008880256	0.01294202	0.008880256
3370	-215.1819	-221.3993	6.217349	0.03222626	0.01395465	0.01827161	0.01395465
3380	-211.0229	-217.1476	6.124668	0.02038825	0.006170184	0.01421807	0.006170184
3390	-210.5315	-216.7117	6.180205	0.02069758	0.005171544	0.01552604	0.005171544
3400	-211.716	-217.5893	5.873284	0.01811481	0.006163133	0.01195168	0.006163133
3410	-212.2067	-218.4195	6.212787	0.02724621	0.003889283	0.02335692	0.003889283
3420	-209.8949	-215.8085	5.913594	0.02097539	0.002533099	0.01844229	0.002533099
3430	-210.3084	-216.299	5.990582	0.01829676	0.00385521	0.01444155	0.00385521
3440	-213.9363	-220.3053	6.368986	0.03053846	0.006840258	0.0236982	0.006840258
3450	-213.3988	-219.7794	6.380594	0.02948312	0.008628666	0.02085446	0.008628666
3460	-214.0138	-220.1449	6.131095	0.02851236	0.01299974	0.01551261	0.01299974
3470	-212.0554	-217.6589	5.603535	0.01514798	0.004160732	0.01098725	0.004160732
3480	-210.9067	-216.6732	5.766535	0.01620058	0.003471219	0.01272936	0.003471219
3490	-211.1018	-217.3845	6.282682	0.02491952	0.004498382	0.02042114	0.004498382
3500	-210.6901	-216.8919	6.201791	0.02390594	0.003772602	0.02013334	0.003772602
3510	-215.0752	-220.9756	5.900421	0.02924255	0.01562461	0.01361795	0.01562461
3520	-215.5987	-220.3479	4.749198	0.0155256	0.008106413	0.007419188	0.008106413
3530	-213.3316	-219.6203	6.288683	0.0283687	0.01073645	0.01763225	0.01073645
3540	-211.5582	-217.8587	6.300504	0.02428704	0.007471958	0.01681508	0.007471958
3550	-211.1279	-216.1488	5.020836	0.02312051	0.001094412	0.0220261	0.001094412
3560	-212.7488	-218.8015	6.052668	0.02399638	0.01037578	0.0136206	0.01037578
3570	-211.3899	-217.7371	6.347212	0.02525629	0.005862596	0.01939369	0.005862596
3580	-210.8225	-217.0647	6.242203	0.02422676	0.00410534	0.02012142	0.00410534
3590	-210.3198	-216.2443	5.924485	0.02273603	0.002477936	0.02025809	0.002477936
3600	-210.9634	-214.8694	3.906025	0.01891684	0.0005675552	0.01834929	0.0005675552
3610	-209.7703	-215.5459	5.775591	0.01887257	0.002318789	0.01655378	0.002318789
3620	-212.4795	-214.8928	2.413237	0.01610676	0.0002942574	0.01581251	0.0002942574
3630	-210.2316	-215.9958	5.764219	0.0169795	0.002746305	0.01423319	0.002746305
3640	-212.2942	-218.6733	6.379088	0.02723455	0.007217403	0.02001715	0.007217403
3650	-211.6665	-218.0283	6.361745	0.02583971	0.006382185	0.01945752	0.006382185
3660	-212.1635	-218.5188	6.355322	0.02647636	0.00794271	0.01853365	0.00794271
3670	-210.3564	-216.3542	5.997757	0.02291758	0.002723811	0.02019376	0.002723811
3680	-209.9621	-216.0157	6.053587	0.01981539	0.003460453	0.01635494	0.003460453
3690	-210.8173	-216.4058	5.588435	0.01551632	0.002574626	0.01294169	0.002574626
3700	-210.5467	-216.6242	6.077548	0.01918967	0.004783436	0.01440623	0.004783436
3710	-210.0716	-216.1694	6.097836	0.02168542	0.003298305	0.01838712	0.003298305
3720	-210.8789	-217.186	6.307136	0.02382778	0.005276508	0.01855127	0.005276508
3730	-209.8152	-215.2923	5.47706	0.01927948	0.001642566	0.01763692	0.001642566
3740	-212.735	-218.5116	5.776614	0.02004835	0.008785311	0.01126304	0.008785311
3750	-211.9709	-217.5292	5.558363	0.01473899	0.00361837	0.01112062	0.00361837
3760	-209.9886	-215.11	5.121414	0.01887516	0.001226352	0.01764881	0.001226352
3770	-210.2335	-216.3797	6.146183	0.02236027	0.003521973	0.0188383	0.003521973
3780	-211.5875	-217.5844	5.99685	0.0197005	0.006890218	0.01281028	0.006890218
3790	-211.7685	-217.5027	5.734215	0.01623801	0.004804725	0.01143329	0.004804725
3800	-210.4134	-215.2219	4.808486	0.02036138	0.0009549906	0.01940639	0.0009549906
3810	-211.0359	-216.0368	5.000952	0.01468533	0.00138577	0.01329956	0.00138577
3820	-217.473	-223.361	5.888071	0.03570297	0.02021862	0.01548435	0.02021862
3830	-210.3381	-216.4663	6.128171	0.02284463	0.003347695	0.01949693	0.003347695
3840	-210.2344	-216.1006	5.866278	0.01746254	0.003156536	0.01430601	0.003156536
3850	-216.2225	-221.0462	4.823749	0.02249253	0.01449626	0.007996276	0.01449626
3860	-210.0146	-216.0868	6.072173	0.02143173	0.003182376	0.01824935	0.003182376
3870	-210.3851	-216.6153	6.230109	0.02239181	0.004364809	0.018027	0.004364809
3880	-210.46	-215.7148	5.254868	0.0218662	0.001304482	0.02056172	0.001304482
3890	-215.0634	-221.0022	5.93884	0.0295678	0.01555863	0.01400918	0.01555863
3900	-214.4491	-220.1992	5.750149	0.0258272	0.01393218	0.01189502	0.01393218
3910	-215.1682	-221.406	6.237799	0.03233111	0.01362514	0.01870597	0.01362514
3920	-211.8094	-217.6733	5.863865	0.01822024	0.006366331	0.01185391	0.006366331
3930	-211.2339	-217.5504	6.316471	0.02400129	0.00655642	0.01744487	0.00655642
3940	-209.8913	-215.3352	5.443945	0.01770774	0.001696582	0.01601116	0.001696582
3950	-213.0359	-219.3724	6.336423	0.02890333	0.005472825	0.0234305	0.005472825
3960	-210.3231	-215.8207	5.497599	0.01617902	0.002022964	0.01415605	0.002022964
3970	-209.895	-215.9186	6.023636	0.01991358	0.00320416	0.01670942	0.00320416
3980	-211.0636	-217.2662	6.202624	0.02168848	0.006533714	0.01515477	0.006533714
3990	-213.7715	-219.783	6.011502	0.02656595	0.0127363	0.01382964	0.0127363
4000	-213.9828	-219.6356	5.652792	0.02310201	0.01214522	0.01095679	0.01214522
4010	-209.839	-215.8096	5.970619	0.02025878	0.002841571	0.01741721	0.002841571
4020	-210.128	-215.1167	4.988742	0.01947856	0.001095967	0.01838259	0.001095967
4030	-216.0954	-222.4347	6.339341	0.03428658	0.009883769	0.02440281	0.009883769
4040	-213.6574	-219.2679	5.61051	0.02126987	0.01073294	0.01053693	0.01073294
4050	-212.8545	-218.3436	5.489097	0.01513123	0.005100001	0.01003123	0.005100001
4060	-215.4184	-221.6862	6.267783	0.03239807	0.005393778	0.02700429	0.005393778
4070	-210.497	-216.3666	5.869582	0.01714561	0.003500252	0.01364536	0.003500252
4080	-210.5565	-215.6759	5.119416	0.02183072	0.001176498	0.02065422	0.001176498
4090	-209.8499	-215.2672	5.417315	0.01939233	0.00154943	0.0178429	0.00154943
4100	-211.0185	-216.8878	5.869287	0.01701335	0.004334885	0.01267846	0.004334885
4110	-210.7274	-216.9478	6.220404	0.02151009	0.00571691	0.01579318	0.00571691
4120	-216.7785	-223.0491	6.270602	0.03439225	0.006321395	0.02807086	0.006321395
4130	-212.7871	-218.957	6.169862	0.02558167	0.01049452	0.01508715	0.01049452
4140	-212.3864	-218.7476	6.361179	0.02770398	0.00584349	0.02186049	0.00584349
4150	-211.2393	-217.1487	5.909414	0.01767239	0.005157434	0.01251496	0.005157434
4160	-214.4521	-220.2209	5.768792	0.02603619	0.01399547	0.01204072	0.01399547
4170	-210.4767	-216.7093	6.232595	0.0229956	0.004199252	0.01879635	0.004199252
4180	-210.0533	-216.1215	6.068239	0.0195927	0.003720629	0.01587207	0.003720629
4190	-210.2743	-216.4626	6.188293	0.02107959	0.00447022	0.01660937	0.00447022
4200	-210.791	-216.9399	6.148882	0.02040749	0.005703211	0.01470428	0.005703211
4210	-210.1046	-216.1931	6.088478	0.01971426	0.003896639	0.01581762	0.003896639
4220	-212.6763	-218.9919	6.315559	0.02708535	0.009428199	0.01765715	0.009428199
4230	-210.0192	-216.0713	6.052166	0.02154075	0.003058296	0.01848245	0.003058296
4240	-210.8669	-217.0255	6.158609	0.02441032	0.003450806	0.02095951	0.003450806
4250	-215.1864	-220.2447	5.058265	0.02039162	0.01192912	0.008462499	0.01192912
4260	-211.8765	-217.2515	5.375028	0.01398462	0.002537682	0.01144694	0.002537682
4270	-212.2931	-217.9597	5.666613	0.01641533	0.005630423	0.01078491	0.005630423
4280	-210.6481	-216.9073	6.259161	0.02225564	0.00540159	0.01685405	0.00540159
4290	-210.5468	-216.1252	5.57843	0.02281513	0.001712324	0.0211028	0.001712324
4300	-210.121	-216.273	6.151982	0.02152473	0.003741155	0.01778357	0.003741155
4310	-211.1961	-217.2766	6.080535	0.02005079	0.006376321	0.01367446	0.006376321
4320	-213.4858	-219.8596	6.373768	0.02976509	0.006695793	0.0230693	0.006695793
4330	-211.8337	-217.8218	5.988096	0.02026211	0.007557197	0.01270491	0.007557197
4340	-212.2106	-218.2181	6.007492	0.02171498	0.008782342	0.01293264	0.008782342
4350	-210.0794	-216.1403	6.060948	0.0194169	0.003753632	0.01566327	0.003753632
4360	-210.6389	-215.0329	4.394077	0.01669729	0.0007898997	0.01590739	0.0007898997
4370	-213.4839	-219.8392	6.355301	0.0294034	0.009712308	0.01969109	0.009712308
4380	-212.2709	-218.6145	6.343646	0.02652461	0.008361502	0.0181631	0.008361502
4390	-211.4322	-217.6031	6.170886	0.02197285	0.007377061	0.01459579	0.007377061
4400	-210.3194	-216.2686	5.949154	0.02276072	0.002556685	0.02020403	0.002556685
4410	-211.3999	-216.9908	5.590869	0.02476642	0.001742872	0.02302355	0.001742872
4420	-211.3227	-217.0941	5.771371	0.02491737	0.002082501	0.02283487	0.002082501
4430	-212.2387	-218.6139	6.375149	0.02731768	0.006396873	0.02092081	0.006396873
4440	-215.3873	-220.2802	4.892953	0.01870235	0.01080596	0.007896388	0.01080596
4450	-210.5096	-215.716	5.206435	0.01566047	0.001541722	0.01411875	0.001541722
4460	-210.5552	-216.5333	5.978136	0.01803203	0.004214313	0.01381772	0.004214313
4470	-214.3599	-220.7287	6.368831	0.03126856	0.007281533	0.02398703	0.007281533
4480	-212.1259	-218.4316	6.30565	0.02564065	0.008579232	0.01706142	0.008579232
4490	-210.6796	-216.9039	6.224265	0.02154234	0.005593694	0.01594864	0.005593694
4500	-211.8543	-216.526	4.671688	0.02398986	0.0008698381	0.02312002	0.0008698381
4510	-214.3855	-219.8929	5.507322	0.02282777	0.01256407	0.0102637	0.01256407
4520	-210.3215	-215.9039	5.582482	0.02217459	0.001723564	0.02045102	0.001723564
4530	-210.5027	-216.7565	6.253825	0.02276087	0.004596526	0.01816434	0.004596526
4540	-209.916	-215.914	5.998028	0.01934038	0.003214853	0.01612552	0.003214853
4550	-210.8417	-217.0297	6.187987	0.02109375	0.005956401	0.01513735	0.005956401
4560	-211.2246	-217.513	6.288346	0.02343288	0.006788837	0.01664404	0.006788837
4570	-210.2914	-215.8675	5.576063	0.0163554	0.002201227	0.01415418	0.002201227
4580	-210.572	-216.784	6.212048	0.02126739	0.005313075	0.01595432	0.005313075
4590	-215.7301	-222.0688	6.338719	0.03379044	0.01066284	0.0231276	0.01066284
4600	-211.7677	-218.1283	6.360602	0.02584306	0.006934188	0.01890888	0.006934188
4610	-210.7495	-216.6732	5.923655	0.01748039	0.00421856	0.01326183	0.00421856
4620	-211.2904	-215.205	3.914645	0.01559157	0.0006192251	0.01497234	0.0006192251
4630	-212.2567	-218.6342	6.377511	0.02711683	0.007270322	0.01984651	0.007270322
4640	-215.4265	-221.5493	6.122799	0.03212961	0.01533883	0.01679077	0.01533883
4650	-211.3283	-216.9336	5.6053	0.024649	0.001764706	0.0228843	0.001764706
4660	-213.1428	-218.8775	5.734658	0.02794441	0.002099338	0.02584507	0.002099338
4670	-211.7387	-217.9766	6.237946	0.0263892	0.004033363	0.02235584	0.004033363
4680	-213.7634	-219.9919	6.228516	0.02883203	0.01197768	0.01685435	0.01197768
4690	-210.4985	-216.7145	6.216013	0.02321051	0.003975966	0.01923455	0.003975966
4700	-210.9536	-217.2108	6.257142	0.02243657	0.006251448	0.01618512	0.006251448
4710	-212.0817	-218.2954	6.213703	0.02424731	0.008919581	0.01532773	0.008919581
4720	-209.9681	-216.0511	6.082979	0.02077123	0.003380304	0.01739092	0.003380304
4730	-210.241	-216.4098	6.168851	0.02227237	0.003713784	0.01855859	0.003713784
4740	-211.0667	-217.0762	6.009442	0.01876676	0.005548259	0.0132185	0.005548259
4750	-215.5346	-221.2944	5.759805	0.02928594	0.01664493	0.01264101	0.01664493
4760	-211.4227	-216.6144	5.191712	0.02409764	0.001245206	0.02285243	0.001245206
4770	-210.0043	-216.1089	6.104652	0.02075206	0.003554291	0.01719777	0.003554291
4780	-213.5067	-219.8632	6.356465	0.02946502	0.009699309	0.01976571	0.009699309
4790	-212.3618	-218.2857	5.923829	0.02096997	0.008722819	0.01224715	0.008722819
4800	-210.4544	-216.6949	6.240548	0.02202946	0.004837521	0.01719194	0.004837521
4810	-210.1434	-216.2948	6.151362	0.02071673	0.004083465	0.01663326	0.004083465
4820	-210.0558	-216.1204	6.064531	0.02171818	0.003101908	0.01861627	0.003101908
4830	-213.5214	-219.7232	6.201789	0.02792962	0.01177274	0.01615688	0.01177274
4840	-210.9733	-217.2902	6.316834	0.0239847	0.005542274	0.01844243	0.005542274
4850	-210.041	-216.1615	6.120513	0.0207031	0.003717167	0.01698593	0.003717167
4860	-218.6044	-223.9791	5.374635	0.03521933	0.02362059	0.01159874	0.02362059
4870	-217.4869	-222.7012	5.214344	0.03064642	0.02051731	0.01012912	0.02051731
4880	-210.2232	-216.2785	6.055299	0.01906829	0.004015555	0.01505273	0.004015555
4890	-216.0089	-221.7824	5.773555	0.03183564	0.002439052	0.02939659	0.002439052
4900	-209.7992	-215.4987	5.699561	0.01836441	0.002170079	0.01619433	0.002170079
4910	-214.4429	-220.4117	5.968781	0.0302128	0.002915086	0.02729772	0.002915086
4920	-210.0693	-215.9651	5.89584	0.01797876	0.003080462	0.0148983	0.003080462
4930	-213.6487	-219.3501	5.701367	0.02248146	0.01136561	0.01111585	0.01136561
4940	-211.5981	-216.9064	5.308362	0.01408684	0.002155691	0.01193115	0.002155691
4950	-211.5967	-217.7011	6.104367	0.02595856	0.003176738	0.02278182	0.003176738
4960	-213.883	-219.9227	6.039747	0.02719684	0.01296852	0.01422833	0.01296852
4970	-212.4071	-218.1051	5.69798	0.0173602	0.006539696	0.0108205	0.006539696
4980	-210.7043	-216.6153	5.911003	0.0173634	0.004055624	0.01330778	0.004055624
4990	-210.1531	-216.2074	6.054263	0.02220033	0.00300244	0.01919789	0.00300244
5000	-209.78	-215.4994	5.719435	0.01988434	0.002067363	0.01781697	0.002067363
5010	-212.831	-218.153	5.321989	0.01345213	0.003186339	0.01026579	0.003186339
5020	-215.0405	-221.4021	6.361643	0.03240641	0.007901082	0.02450533	0.007901082
5030	-212.5044	-218.8729	6.368521	0.0279283	0.006087711	0.02184059	0.006087711
5040	-209.8313	-215.7818	5.950464	0.02032084	0.002743439	0.0175774	0.002743439
5050	-217.8805	-221.8308	3.950321	0.0136856	0.007814186	0.005871418	0.007814186
5060	-210.7747	-216.8621	6.08743	0.0194776	0.005357141	0.01412046	0.005357141
5070	-211.4645	-217.5938	6.129239	0.02141476	0.007327016	0.01408774	0.007327016
5080	-210.6153	-216.886	6.270691	0.02318678	0.00471556	0.01847122	0.00471556
5090	-212.8457	-219.231	6.385257	0.02853863	0.00706892	0.02146971	0.00706892
5100	-210.5376	-216.7168	6.179208	0.02068258	0.00518447	0.01549811	0.00518447
5110	-217.5387	-223.8162	6.277518	0.03684624	0.01239523	0.02445101	0.01239523
5120	-209.8608	-215.3389	5.478165	0.01982913	0.001619735	0.01820939	0.001619735
5130	-211.7144	-217.8297	6.115372	0.0218521	0.007921982	0.01393012	0.007921982
5140	-210.2234	-216.2502	6.026821	0.0224844	0.002859186	0.01962521	0.002859186
5150	-210.603	-216.8208	6.217789	0.02138308	0.005394573	0.01598851	0.005394573
5160	-211.7455	-217.9678	6.222327	0.02638895	0.003908106	0.02248085	0.003908106
5170	-211.5132	-217.7067	6.193523	0.02251203	0.007615318	0.01489671	0.007615318
5180	-210.8383	-214.9531	4.114745	0.01681288	0.0006655614	0.01614732	0.0006655614
5190	-213.728	-219.3907	5.662666	0.02227049	0.01137339	0.01089711	0.01137339
5200	-212.2113	-217.2667	5.055373	0.01322416	0.001801379	0.01142278	0.001801379
5210	-213.2851	-218.911	5.625862	0.01990539	0.009422895	0.0104825	0.009422895
5220	-210.9614	-217.2506	6.289222	0.02447834	0.004647068	0.01983127	0.004647068
5230	-211.5652	-217.7607	6.195532	0.0226684	0.007742216	0.01492619	0.007742216
5240	-214.4347	-219.5629	5.128241	0.01598426	0.007529368	0.008454891	0.007529368
5250	-210.6817	-216.8913	6.209613	0.02386782	0.003839382	0.02002844	0.003839382
5260	-210.2774	-216.4493	6.17185	0.02245077	0.003706139	0.01874463	0.003706139
5270	-211.612	-217.9487	6.336761	0.02605895	0.005279812	0.02077914	0.005279812
5280	-211.0418	-217.3304	6.28867	0.02315948	0.006330055	0.01682942	0.006330055
5290	-210.0507	-215.7791	5.728405	0.01729362	0.002472655	0.01482097	0.002472655
5300	-210.2283	-215.6349	5.406553	0.02146685	0.001480851	0.019986	0.001480851
5310	-211.0808	-216.6456	5.564774	0.01516099	0.002682956	0.01247803	0.002682956
5320	-213.2046	-219.3108	6.106126	0.02870679	0.003370617	0.02533617	0.003370617
5330	-210.0643	-215.4136	5.349308	0.01691318	0.001617659	0.01529553	0.001617659
5340	-209.8245	-215.7608	5.936278	0.02030778	0.002686795	0.01762098	0.002686795
5350	-209.8654	-215.8704	6.004963	0.02026642	0.003010557	0.01725587	0.003010557
5360	-210.3004	-216.1771	5.876625	0.01742045	0.003282512	0.01413794	0.003282512
5370	-210.5356	-216.4293	5.893684	0.01728945	0.003684851	0.01360459	0.003684851
5380	-211.7905	-218.1571	6.366568	0.02618518	0.006412513	0.01977267	0.006412513
5390	-210.1562	-216.2563	6.100014	0.02214095	0.003250682	0.01889027	0.003250682
5400	-212.7934	-219.1796	6.38619	0.02839481	0.007298827	0.02109599	0.007298827
5410	-212.8403	-219.0247	6.184456	0.02590586	0.01057083	0.01533503	0.01057083
5420	-218.5065	-224.7212	6.214673	0.03645063	0.006440179	0.03001045	0.006440179
5430	-209.945	-216.0107	6.065712	0.02075856	0.003265553	0.017493	0.003265553
5440	-218.0966	-224.3514	6.254836	0.03626147	0.007237242	0.02902423	0.007237242
5450	-215.6782	-221.9568	6.278673	0.03365492	0.01309778	0.02055714	0.01309778
5460	-211.6698	-216.3685	4.69872	0.02366432	0.0008833641	0.02278096	0.0008833641
5470	-210.8844	-217.1319	6.247468	0.02216872	0.006097296	0.01607142	0.006097296
5480	-211.7184	-218.0822	6.363843	0.02600815	0.006347432	0.01966072	0.006347432
5490	-212.102	-218.4338	6.331807	0.02715471	0.005170628	0.02198408	0.005170628
5500	-210.7392	-216.8773	6.138155	0.02407504	0.003337778	0.02073726	0.003337778
5510	-212.2283	-217.921	5.692651	0.01665412	0.005751326	0.0109028	0.005751326
5520	-211.1045	-217.1332	6.028755	0.01910388	0.005788536	0.01331534	0.005788536
5530	-210.3767	-215.2217	4.845	0.01649147	0.001081149	0.01541032	0.001081149
5540	-211.5354	-217.8896	6.354227	0.02565444	0.005946813	0.01970762	0.005946813
5550	-210.9212	-216.9241	6.002963	0.01848705	0.005144472	0.01334258	0.005144472
5560	-211.1845	-217.4775	6.292986	0.02511387	0.004617999	0.02049587	0.004617999
5570	-210.2666	-216.1978	5.931218	0.01784448	0.003495343	0.01434914	0.003495343
5580	-210.4384	-216.6434	6.205043	0.02116016	0.004951524	0.01620864	0.004951524
5590	-211.8478	-218.0306	6.182799	0.02319675	0.008401831	0.01479492	0.008401831
5600	-210.7728	-216.5333	5.760503	0.02370809	0.002047117	0.02166097	0.002047117
5610	-211.2687	-217.2969	6.028233	0.01941336	0.006221773	0.01319159	0.006221773
5620	-213.2426	-219.442	6.199369	0.02716492	0.01128983	0.01587509	0.01128983
5630	-210.4963	-216.2872	5.790916	0.01668015	0.00311378	0.01356637	0.00311378
5640	-213.1722	-219.4306	6.258326	0.02897145	0.004466188	0.02450526	0.004466188
5650	-213.6962	-220.0809	6.384701	0.03014001	0.008222578	0.02191743	0.008222578
5660	-211.6598	-217.9626	6.302833	0.02623925	0.004705612	0.02153363	0.004705612
5670	-211.682	-217.9589	6.276898	0.02418022	0.007878643	0.01630158	0.007878643
5680	-212.3209	-218.0827	5.761801	0.01818169	0.007035653	0.01114604	0.007035653
5690	-210.4607	-216.6577	6.196967	0.0231428	0.00381129	0.01933151	0.00381129
5700	-211.036	-217.3342	6.298155	0.02466344	0.004755115	0.01990833	0.004755115
5710	-211.7964	-217.759	5.962547	0.01975288	0.00724909	0.01250379	0.00724909
5720	-212.8238	-219.0534	6.229604	0.02834056	0.004125306	0.02421525	0.004125306
5730	-216.6957	-223.0162	6.32043	0.03528347	0.01052735	0.02475611	0.01052735
5740	-211.9016	-218.1382	6.236595	0.02670813	0.004038238	0.02266989	0.004038238
5750	-210.3309	-216.0342	5.703269	0.01657623	0.00261363	0.0139626	0.00261363
5760	-211.8208	-218.1432	6.322478	0.02520541	0.007819628	0.01738578	0.007819628
5770	-211.5295	-217.4576	5.928058	0.0184913	0.006129699	0.0123616	0.006129699
5780	-211.8951	-216.8445	4.949393	0.01350175	0.001516772	0.01198498	0.001516772
5790	-212.8852	-218.3683	5.483159	0.01512565	0.005128673	0.009996981	0.005128673
5800	-211.4144	-216.6396	5.225146	0.014192	0.001872115	0.01231988	0.001872115
5810	-213.494	-219.641	6.147049	0.02923234	0.003655262	0.02557708	0.003655262
5820	-215.7722	-222.0471	6.274899	0.03383519	0.0132325	0.02060269	0.0132325
5830	-211.5111	-217.8596	6.348485	0.02515419	0.006642526	0.01851166	0.006642526
5840	-209.9601	-215.7012	5.741077	0.01762289	0.002434507	0.01518838	0.002434507
5850	-210.2396	-216.3981	6.158499	0.02233124	0.003618861	0.01871238	0.003618861
5860	-210.0936	-215.8039	5.710309	0.0216497	0.001965606	0.01968409	0.001965606
5870	-211.6098	-217.6295	6.019665	0.02011358	0.007121816	0.01299176	0.007121816
5880	-211.2774	-217.2317	5.954303	0.0183457	0.005651192	0.01269451	0.005651192
5890	-210.8166	-215.7242	4.907548	0.0151518	0.001228609	0.0139232	0.001228609
5900	-212.7278	-218.8969	6.169097	0.02540828	0.01037154	0.01503674	0.01037154
5910	-209.916	-215.618	5.702004	0.01769509	0.00228682	0.01540827	0.00228682
5920	-211.9739	-218.2538	6.279834	0.02490848	0.008470797	0.01643769	0.008470797
5930	-211.0568	-217.3026	6.245749	0.02239329	0.006528506	0.01586479	0.006528506
5940	-211.8611	-217.612	5.750965	0.01662257	0.005252824	0.01136975	0.005252824
5950	-210.9094	-216.2747	5.365276	0.02330625	0.001422606	0.02188364	0.001422606
5960	-213.072	-219.2443	6.172288	0.02639367	0.0110673	0.01532636	0.0110673
5970	-211.9302	-218.2034	6.273153	0.02470662	0.008417386	0.01628924	0.008417386
5980	-212.4172	-218.5358	6.118651	0.02388198	0.009683606	0.01419837	0.009683606
5990	-212.1203	-217.611	5.490683	0.01433346	0.003359086	0.01097437	0.003359086
6000	-210.3127	-216.5245	6.211775	0.02164482	0.00447409	0.01717073	0.00447409
6010	-213.04	-218.5486	5.508681	0.02741839	0.001677182	0.0257412	0.001677182
6020	-211.6224	-217.7459	6.123438	0.02172868	0.007713417	0.01401527	0.007713417
6030	-223.4033	-229.3216	5.918366	0.04781498	0.02284909	0.02496589	0.02284909
6040	-211.1882	-215.995	4.806801	0.01451542	0.001189767	0.01332565	0.001189767
6050	-210.4302	-216.4615	6.031285	0.01863237	0.004290264	0.01434211	0.004290264
6060	-212.0901	-218.4004	6.310297	0.0256237	0.008468711	0.01715499	0.008468711
6070	-211.4213	-217.6368	6.215451	0.02263429	0.007412227	0.01522206	0.007412227
6080	-212.8335	-218.4503	5.616812	0.01762193	0.007260595	0.01036133	0.007260595
6090	-213.0673	-219.3673	6.300013	0.02888638	0.004916944	0.02396943	0.004916944
6100	-213.0437	-219.3666	6.322986	0.02804956	0.009871924	0.01817764	0.009871924
6110	-211.4642	-217.554	6.0898	0.02081139	0.007145464	0.01366593	0.007145464
6120	-214.8764	-219.862	4.985624	0.01343079	0.005255275	0.008175516	0.005255275
6130	-210.9912	-216.731	5.739841	0.01599698	0.003427109	0.01256987	0.003427109
6140	-210.108	-215.6049	5.496888	0.0212362	0.001606837	0.01962936	0.001606837
6150	-211.3146	-217.4795	6.164891	0.02160807	0.007067941	0.01454013	0.007067941
6160	-211.1594	-216.7852	5.625848	0.01531837	0.003016574	0.01230179	0.003016574
6170	-210.8975	-215.1614	4.26396	0.02043411	0.0006814708	0.01975264	0.0006814708
6180	-211.1023	-216.4409	5.338579	0.023694	0.001393676	0.02230032	0.001393676
6190	-210.6916	-216.8438	6.152212	0.02035083	0.005475042	0.01487579	0.005475042
6200	-213.3106	-219.6977	6.387143	0.02941744	0.007748009	0.02166943	0.007748009
6210	-210.5084	-216.2878	5.779371	0.01660787	0.003074529	0.01353334	0.003074529
6220	-212.7447	-218.2978	5.553107	0.01592362	0.005730537	0.01019308	0.005730537
6230	-209.9177	-215.5156	5.597911	0.02061064	0.001784629	0.01882601	0.001784629
6240	-211.2275	-217.5621	6.334642	0.02449727	0.006125511	0.01837175	0.006125511
6250	-210.5326	-216.6153	6.08268	0.01925376	0.004780474	0.01447328	0.004780474
6260	-211.2433	-217.3903	6.14702	0.02117293	0.00682789	0.01434504	0.00682789
6270	-211.4396	-217.3887	5.949077	0.01860044	0.006058076	0.01254236	0.006058076
6280	-211.4193	-217.5936	6.174367	0.02199569	0.007353159	0.01464253	0.007353159
6290	-210.1435	-215.1633	5.019788	0.01977087	0.001115504	0.01865537	0.001115504
6300	-209.9541	-216.0148	6.060791	0.02001371	0.003443102	0.0165706	0.003443102
6310	-210.1255	-216.2193	6.093764	0.02200654	0.003230036	0.0187765	0.003230036
6320	-212.9817	-218.5284	5.546666	0.01688266	0.006836773	0.01004588	0.006836773
6330	-213.2717	-218.4929	5.221109	0.01298312	0.003092949	0.009890169	0.003092949
6340	-212.6333	-218.8567	6.223383	0.02582963	0.01003433	0.0157953	0.01003433
6350	-209.8238	-215.7812	5.957358	0.0198416	0.002852498	0.0169891	0.002852498
6360	-215.0556	-220.1295	5.073944	0.01989596	0.01142597	0.008469991	0.01142597
6370	-211.6482	-217.9878	6.339589	0.02516116	0.007213115	0.01794804	0.007213115
6380	-210.1529	-215.8033	5.650383	0.02175186	0.001846978	0.01990488	0.001846978
6390	-209.9036	-215.6365	5.732905	0.02084025	0.002042793	0.01879746	0.002042793
6400	-210.0738	-216.1789	6.10512	0.02165877	0.00334917	0.0183096	0.00334917
6410	-209.9684	-216.0075	6.039143	0.02124886	0.003028507	0.01822035	0.003028507
6420	-211.9947	-218.1616	6.166877	0.02679529	0.003553117	0.02324217	0.003553117
6430	-210.198	-216.3267	6.128687	0.02225495	0.003415556	0.0188394	0.003415556
6440	-211.0792	-217.4019	6.322655	0.02454104	0.005324141	0.0192169	0.005324141
6450	-210.5633	-216.6878	6.124424	0.0235837	0.00327788	0.02030582	0.00327788
6460	-212.4479	-218.2572	5.809365	0.01947627	0.008050273	0.011426	0.008050273
6470	-210.5141	-216.7714	6.257384	0.02264988	0.004734409	0.01791547	0.004734409
6480	-210.1141	-215.9578	5.843712	0.01758087	0.00292894	0.01465193	0.00292894
6490	-211.3133	-217.5971	6.283794	0.02351338	0.007023573	0.01648981	0.007023573
6500	-211.0381	-216.8753	5.837165	0.01671475	0.0041326	0.01258215	0.0041326
6510	-213.4394	-219.8015	6.362075	0.02937262	0.009467759	0.01990486	0.009467759
6520	-210.7766	-216.9483	6.171684	0.02074772	0.005750521	0.0149972	0.005750521
6530	-210.5071	-216.1061	5.598994	0.02274715	0.001745835	0.02100132	0.001745835
6540	-214.0138	-220.3916	6.377815	0.03071234	0.007444407	0.02326794	0.007444407
6550	-210.7976	-217.093	6.295481	0.02325533	0.005445379	0.01780995	0.005445379
6560	-212.0767	-217.0015	4.924839	0.01329687	0.001524864	0.01177201	0.001524864
6570	-210.1056	-216.2453	6.139675	0.02064832	0.003961597	0.01668672	0.003961597
6580	-210.1469	-216.1408	5.993856	0.01855447	0.003605774	0.0149487	0.003605774
6590	-211.4845	-217.5121	6.027561	0.01990726	0.006818585	0.01308867	0.006818585
6600	-214.1918	-220.3605	6.168742	0.02935522	0.01310338	0.01625184	0.01310338
6610	-214.0265	-219.2306	5.204066	0.01416205	0.00530034	0.008861712	0.00530034
6620	-211.4537	-217.7268	6.273055	0.02579748	0.004349452	0.02144803	0.004349452
6630	-211.3501	-217.5231	6.172948	0.02181331	0.007178314	0.014635	0.007178314
6640	-210.5894	-216.8372	6.247835	0.02200515	0.005284257	0.01672089	0.005284257
6650	-210.3066	-215.9877	5.681096	0.0223214	0.001894728	0.02042667	0.001894728
6660	-210.1814	-216.2607	6.079356	0.02229253	0.003120604	0.01917192	0.003120604
6670	-213.0018	-219.2399	6.238105	0.02865108	0.004235331	0.02441575	0.004235331
6680	-211.125	-217.0214	5.896462	0.01737879	0.004774099	0.01260469	0.004774099
6690	-209.792	-215.3493	5.557232	0.01846495	0.001834845	0.01663011	0.001834845
6700	-210.1833	-216.3261	6.142853	0.02211304	0.003536251	0.01857679	0.003536251
6710	-210.8684	-217.0403	6.17191	0.02087268	0.005977092	0.01489558	0.005977092
6720	-209.9927	-216.0434	6.050631	0.01959688	0.003532609	0.01606428	0.003532609
6730	-217.8022	-222.7712	4.968947	0.02973582	0.02060748	0.009128337	0.02060748
6740	-210.2892	-216.066	5.77678	0.02243497	0.002091809	0.02034316	0.002091809
6750	-211.4573	-217.7441	6.286789	0.02384962	0.007336499	0.01651312	0.007336499
6760	-210.9827	-217.2974	6.314715	0.02379753	0.005761494	0.01803603	0.005761494
6770	-212.4104	-218.6896	6.279215	0.02597001	0.009315904	0.01665411	0.009315904
6780	-212.6556	-218.8475	6.191961	0.02549598	0.01017614	0.01531984	0.01017614
6790	-211.1825	-215.8038	4.621294	0.02237256	0.0008384626	0.0215341	0.0008384626
6800	-211.9813	-218.0886	6.107339	0.02247459	0.008583204	0.01389139	0.008583204
6810	-210.9378	-216.9041	5.966322	0.02440017	0.002596374	0.02180379	0.002596374
6820	-211.4393	-217.614	6.174654	0.02572375	0.003554275	0.02216947	0.003554275
6830	-214.6353	-219.7902	5.154899	0.01873074	0.01009949	0.008631248	0.01009949
6840	-209.8459	-215.2299	5.384049	0.01843398	0.001550557	0.01688342	0.001550557
6850	-210.1865	-216.316	6.12949	0.02219488	0.003429182	0.0187657	0.003429182
6860	-210.075	-215.3418	5.266775	0.02040484	0.001335232	0.01906961	0.001335232
6870	-210.6074	-216.6657	6.058298	0.01896065	0.004806018	0.01415463	0.004806018
6880	-209.7655	-215.5543	5.788811	0.01901377	0.002340068	0.0166737	0.002340068
6890	-213.8438	-220.0669	6.223085	0.02898321	0.01214717	0.01683604	0.01214717
6900	-213.631	-219.8154	6.184433	0.0280355	0.01206087	0.01597463	0.01206087
6910	-211.2966	-217.3079	6.011307	0.02523355	0.002764707	0.02246884	0.002764707
6920	-211.6127	-217.8805	6.267839	0.02614534	0.004299069	0.02184627	0.004299069
6930	-211.2044	-217.535	6.330554	0.0243394	0.006186015	0.01815338	0.006186015
6940	-209.7928	-215.3147	5.521938	0.01861332	0.001757699	0.01685563	0.001757699
6950	-212.0881	-217.6738	5.585637	0.01500836	0.004060233	0.01094813	0.004060233
6960	-210.0553	-216.1793	6.124031	0.02128125	0.00356401	0.01771724	0.00356401
6970	-212.8833	-219.2017	6.318461	0.02860534	0.005124043	0.02348129	0.005124043
6980	-209.8936	-215.8214	5.927791	0.02096095	0.002584122	0.01837682	0.002584122
6990	-213.6191	-219.6576	6.038428	0.02641709	0.01239711	0.01401999	0.01239711
7000	-210.1683	-215.8476	5.679342	0.01685129	0.002413718	0.01443757	0.002413718
7010	-212.3539	-218.1953	5.841452	0.02688897	0.002303386	0.02458559	0.002303386
7020	-212.7162	-218.8553	6.139109	0.02500102	0.01037703	0.01462399	0.01037703
7030	-211.1309	-217.4609	6.330041	0.02438025	0.005820822	0.01855943	0.005820822
7040	-214.3539	-220.7308	6.37691	0.03134572	0.00871901	0.02262671	0.00871901
7050	-212.5845	-218.5377	5.953212	0.02745379	0.002652768	0.02480102	0.002652768
7060	-211.913	-217.9194	6.006328	0.02078018	0.007916207	0.01286397	0.007916207
7070	-213.1303	-219.3206	6.190295	0.02676077	0.01111948	0.01564129	0.01111948
7080	-209.7581	-215.506	5.747843	0.01899816	0.002221686	0.01677648	0.002221686
7090	-216.7371	-222.2822	5.545087	0.03101465	0.01928821	0.01172644	0.01928821
7100	-212.3112	-218.2751	5.963909	0.02139818	0.008828685	0.01256949	0.008828685
7110	-215.2706	-221.5972	6.32664	0.03297857	0.01148567	0.0214929	0.01148567
7120	-210.1983	-215.828	5.629627	0.02186917	0.001807461	0.02006171	0.001807461
7130	-214.3103	-220.4768	6.166501	0.02964279	0.01330992	0.01633287	0.01330992
7140	-214.4369	-220.3649	5.92807	0.02764863	0.01421486	0.01343378	0.01421486
7150	-215.2661	-221.4969	6.230762	0.0320291	0.004829552	0.02719955	0.004829552
7160	-209.9355	-215.9977	6.062274	0.02035781	0.003342573	0.01701523	0.003342573
7170	-213.0467	-219.1729	6.126283	0.02578003	0.01110399	0.01467604	0.01110399
7180	-213.759	-219.5284	5.769404	0.02373696	0.01208243	0.01165453	0.01208243
7190	-210.7856	-217.0809	6.295227	0.02364415	0.005037344	0.01860681	0.005037344
7200	-213.1461	-219.1504	6.004282	0.02460021	0.01125731	0.0133429	0.01125731
7210	-212.4906	-218.8342	6.343597	0.02701799	0.008723479	0.01829451	0.008723479
7220	-210.918	-217.2293	6.311381	0.02391512	0.005362257	0.01855286	0.005362257
7230	-211.3716	-217.6466	6.275069	0.02347948	0.007198125	0.01628135	0.007198125
7240	-211.1605	-217.3649	6.204397	0.02513122	0.003747696	0.02138352	0.003747696
7250	-211.1705	-217.2704	6.099907	0.02029287	0.006420536	0.01387233	0.006420536
7260	-209.9019	-215.9394	6.037563	0.02022568	0.00321035	0.01701533	0.00321035
7270	-211.3969	-217.7211	6.324198	0.02441211	0.006865837	0.01754627	0.006865837
7280	-212.7904	-219.1364	6.346001	0.02773341	0.009124103	0.01860931	0.009124103
7290	-209.8099	-215.4171	5.607247	0.01987182	0.001833725	0.0180381	0.001833725
7300	-211.7627	-217.6833	5.920673	0.02599543	0.002487463	0.02350797	0.002487463
7310	-211.8656	-217.7261	5.860471	0.01832788	0.006516808	0.01181107	0.006516808
7320	-210.0326	-215.4386	5.405949	0.01700779	0.001701672	0.01530612	0.001701672
7330	-211.7252	-218.0872	6.361998	0.02583962	0.00671767	0.01912195	0.00671767
7340	-212.5306	-217.7068	5.176197	0.01311555	0.002256331	0.01085922	0.002256331
7350	-209.8046	-215.5129	5.708327	0.02011541	0.002026623	0.01808879	0.002026623
7360	-213.4999	-219.8289	6.328965	0.02967654	0.005512293	0.02416425	0.005512293
7370	-215.887	-221.1496	5.262657	0.02575314	0.01608551	0.00966763	0.01608551
7380	-210.7633	-216.8262	6.062965	0.01912614	0.005183663	0.01394248	0.005183663
7390	-218.6285	-224.5383	5.909759	0.03874777	0.02175798	0.01698979	0.02175798
7400	-212.67	-219.039	6.368983	0.02825596	0.006137704	0.02211826	0.006137704
7410	-210.9824	-217.2754	6.293018	0.02318404	0.006133853	0.01705019	0.006133853
7420	-209.847	-215.6626	5.815574	0.02061797	0.002259605	0.01835836	0.002259605
7430	-210.8205	-217.1192	6.298745	0.02335583	0.005462453	0.01789338	0.005462453
7440	-211.405	-217.7264	6.321427	0.02436966	0.006922884	0.01744678	0.006922884
7450	-214.6062	-219.638	5.031824	0.01273074	0.004159203	0.008571537	0.004159203
7460	-211.3409	-217.6842	6.343228	0.02517635	0.005719678	0.01945667	0.005719678
7470	-211.9618	-218.1513	6.189475	0.02359252	0.008669163	0.01492336	0.008669163
7480	-209.8666	-215.7326	5.865954	0.01853022	0.002718343	0.01581188	0.002718343
7490	-214.9651	-220.9199	5.954841	0.03088194	0.002929222	0.02795272	0.002929222
7500	-212.5151	-218.8182	6.303101	0.02792772	0.004818033	0.02310969	0.004818033
7510	-209.8948	-215.9168	6.021996	0.02062907	0.003034211	0.01759486	0.003034211
7520	-211.2617	-217.5396	6.277929	0.02331436	0.006930732	0.01638362	0.006930732
7530	-211.0488	-217.3564	6.307551	0.02463683	0.004927779	0.01970905	0.004927779
7540	-218.3888	-223.7604	5.371528	0.03456646	0.02310265	0.01146381	0.02310265
7550	-212.5922	-218.9245	6.332269	0.0270999	0.009067936	0.01803197	0.009067936
7560	-211.0876	-216.708	5.620396	0.02417695	0.001784486	0.02239246	0.001784486
7570	-209.857	-215.4132	5.556286	0.02009792	0.001732889	0.01836503	0.001732889
7580	-210.6478	-215.4287	4.78094	0.01570328	0.001073429	0.01462985	0.001073429
7590	-213.5644	-219.5716	6.007193	0.02590313	0.01226287	0.01364025	0.01226287
7600	-211.4496	-217.7078	6.258216	0.02336875	0.007431932	0.01593681	0.007431932
7610	-210.7357	-216.9619	6.226179	0.02162117	0.005738128	0.01588305	0.005738128
7620	-213.1467	-219.2066	6.059867	0.02527568	0.01133604	0.01393964	0.01133604
7630	-210.0168	-216.0565	6.039676	0.01935635	0.003553123	0.01580323	0.003553123
7640	-215.1247	-220.7145	5.589824	0.02637497	0.01523449	0.01114048	0.01523449
7650	-213.6866	-219.9156	6.228954	0.0286406	0.01185493	0.01678566	0.01185493
7660	-212.4926	-218.8444	6.351839	0.02713814	0.008568387	0.01856975	0.008568387
7670	-214.1704	-220.4552	6.284707	0.03034963	0.01185192	0.01849772	0.01185192
7680	-211.0506	-216.7769	5.726273	0.01588927	0.003424701	0.01246456	0.003424701
7690	-211.451	-217.7655	6.314497	0.02431933	0.007110778	0.01720855	0.007110778
7700	-210.7735	-217.0455	6.272018	0.02256516	0.005700038	0.01686513	0.005700038
7710	-212.4813	-218.8611	6.379771	0.0278228	0.006614451	0.02120835	0.006614451
7720	-210.4364	-216.6431	6.206682	0.02299959	0.003921048	0.01907854	0.003921048
7730	-211.7232	-217.8516	6.128443	0.02207021	0.007989395	0.01408082	0.007989395
7740	-210.232	-215.2335	5.001475	0.01674785	0.001204127	0.01554372	0.001204127
7750	-212.0644	-218.0299	5.965448	0.02062447	0.008094714	0.01252976	0.008094714
7760	-210.3006	-216.3541	6.05351	0.01896288	0.004156291	0.01480659	0.004156291
7770	-210.6537	-216.8503	6.196607	0.02103562	0.00550793	0.01552769	0.00550793
7780	-211.2141	-217.5105	6.296319	0.02356343	0.006709943	0.01685349	0.006709943
7790	-212.559	-218.0821	5.523074	0.02669472	0.001678068	0.02501665	0.001678068
7800	-213.5783	-219.8117	6.233372	0.02840884	0.01164853	0.01676031	0.01164853
7810	-210.9257	-217.1367	6.211014	0.02159436	0.006205819	0.01538854	0.006205819
7820	-209.8281	-215.2934	5.46529	0.019406	0.001618475	0.01778752	0.001618475
7830	-210.6351	-216.4059	5.770804	0.01642549	0.00317025	0.01325524	0.00317025
7840	-211.6418	-217.4333	5.791507	0.01676313	0.005069757	0.01169337	0.005069757
7850	-217.1639	-222.998	5.834183	0.03450529	0.01994177	0.01456352	0.01994177
7860	-217.1031	-219.0886	1.985447	0.0103525	0.0003318566	0.01002065	0.0003318566
7870	-212.0816	-218.3761	6.294499	0.02537644	0.008586717	0.01678973	0.008586717
7880	-213.2768	-219.2822	6.005347	0.02501323	0.01157932	0.01343391	0.01157932
7890	-211.4255	-217.28	5.854534	0.01723553	0.005126336	0.01210919	0.005126336
7900	-214.7949	-220.9403	6.145421	0.03070651	0.01422145	0.01648505	0.01422145
7910	-211.8218	-218.1756	6.35387	0.02648827	0.00566327	0.020825	0.00566327
7920	-215.7464	-221.5944	5.847995	0.0306918	0.01710039	0.01359141	0.01710039
7930	-210.2942	-216.3949	6.100755	0.0195589	0.004354114	0.01520478	0.004354114
7940	-212.4706	-218.6106	6.140025	0.02758905	0.003452881	0.02413617	0.003452881
7950	-211.49	-217.7452	6.25525	0.02341032	0.007531166	0.01587915	0.007531166
7960	-212.0899	-216.865	4.77513	0.01327452	0.001319575	0.01195495	0.001319575
7970	-212.226	-218.498	6.271954	0.02541445	0.009013887	0.01640057	0.009013887
7980	-212.5987	-218.7698	6.171185	0.02507785	0.01009431	0.01498354	0.01009431
7990	-216.9095	-223.1409	6.231404	0.03600033	0.01469696	0.02130337	0.01469696
8000	-209.985	-216.0783	6.093285	0.02057674	0.003515253	0.01706148	0.003515253
8010	-210.0913	-216.2005	6.109249	0.02175045	0.003361311	0.01838914	0.003361311
8020	-211.3004	-216.0282	4.727822	0.01437642	0.0011297	0.01324672	0.0011297
8030	-211.3589	-216.3839	5.025061	0.01418424	0.001496305	0.01268794	0.001496305
8040	-210.3211	-215.1004	4.779251	0.01972442	0.0009436338	0.01878079	0.0009436338
8050	-214.5169	-215.2942	0.7772699	0.02133459	0.0001490648	0.02118552	0.0001490648
8060	-210.8445	-216.4515	5.606945	0.01553846	0.002662613	0.01287585	0.002662613
8070	-213.12	-219.452	6.331993	0.02904101	0.005421358	0.02361966	0.005421358
8080	-210.618	-216.6073	5.989265	0.01814562	0.004401739	0.01374388	0.004401739
8090	-213.9343	-220.2384	6.304118	0.03030613	0.005275914	0.02503021	0.005275914
8100	-212.2408	-218.5928	6.351983	0.02658674	0.008152162	0.01843457	0.008152162
8110	-210.9475	-217.2575	6.310056	0.02363881	0.005748454	0.01789036	0.005748454
8120	-210.9941	-217.2717	6.277533	0.0228762	0.006275621	0.01660057	0.006275621
8130	-210.6508	-216.526	5.875145	0.01707954	0.003748745	0.0133308	0.003748745
8140	-211.3193	-217.6115	6.292176	0.02367165	0.006989532	0.01668212	0.006989532
8150	-214.0548	-220.0029	5.948117	0.02671991	0.01335246	0.01336745	0.01335246
8160	-211.5927	-217.5997	6.006992	0.01987147	0.006981439	0.01289003	0.006981439
8170	-212.7105	-218.9844	6.273974	0.02822906	0.004519985	0.02370908	0.004519985
8180	-212.394	-218.5253	6.13137	0.02744447	0.003394765	0.0240497	0.003394765
8190	-211.3749	-217.6984	6.323523	0.02550801	0.00507275	0.02043526	0.00507275
8200	-211.571	-217.3112	5.74023	0.01607625	0.004391539	0.01168471	0.004391539
8210	-216.071	-222.3904	6.319467	0.03441987	0.01153688	0.02288299	0.01153688
8220	-214.2087	-220.4869	6.278186	0.03038554	0.01199644	0.0183891	0.01199644
8230	-210.6618	-216.7493	6.087526	0.0238504	0.003078474	0.02077193	0.003078474
8240	-210.4446	-216.6889	6.24425	0.02232697	0.004661089	0.01766588	0.004661089
8250	-214.4462	-220.3476	5.901457	0.02740426	0.01422324	0.01318102	0.01422324
8260	-210.1902	-216.3413	6.151165	0.02051884	0.004238153	0.01628069	0.004238153
8270	-211.3222	-217.2897	5.967572	0.02522308	0.00261232	0.02261076	0.00261232
8280	-213.471	-218.8807	5.40972	0.01648017	0.007025326	0.009454841	0.007025326
8290	-211.3633	-217.608	6.244713	0.02296718	0.00726028	0.0157069	0.00726028
8300	-211.3619	-216.8322	5.47029	0.01463395	0.002532434	0.01210152	0.002532434
8310	-211.7294	-218.0934	6.36401	0.02595329	0.006532487	0.01942081	0.006532487
8320	-212.1252	-218.1271	6.001896	0.02136549	0.008506875	0.01285862	0.008506875
8330	-212.3383	-217.3091	4.97082	0.0130523	0.001676513	0.01137578	0.001676513
8340	-211.3521	-217.5966	6.2445	0.02557394	0.004070612	0.02150333	0.004070612
8350	-210.4442	-216.5811	6.136833	0.02000211	0.004831166	0.01517094	0.004831166
8360	-221.1173	-227.2332	6.115957	0.04274806	0.01626102	0.02648704	0.01626102
8370	-210.6715	-216.9513	6.279828	0.02289283	0.005200702	0.01769212	0.005200702
8380	-211.232	-217.3382	6.106188	0.02051897	0.006614958	0.01390401	0.006614958
8390	-213.8519	-219.4367	5.584788	0.0287162	0.001844978	0.02687123	0.001844978
8400	-210.3314	-216.0502	5.718805	0.01662642	0.002668442	0.01395797	0.002668442
8410	-210.9972	-217.2697	6.272542	0.0227838	0.006307899	0.01647591	0.006307899
8420	-209.8268	-215.244	5.41717	0.01868307	0.001584059	0.01709901	0.001584059
8430	-211.4682	-216.5061	5.037817	0.01403727	0.001544017	0.01249325	0.001544017
8440	-213.4303	-218.8294	5.399054	0.01589842	0.006455649	0.009442774	0.006455649
8450	-211.2849	-216.2558	4.970948	0.0233763	0.001057518	0.02231879	0.001057518
8460	-209.7854	-215.5526	5.767212	0.02003174	0.002173721	0.01785802	0.002173721
8470	-214.2135	-220.4184	6.204956	0.02975102	0.0128601	0.01689093	0.0128601
8480	-210.0234	-216.1354	6.112001	0.02063505	0.003660784	0.01697427	0.003660784
8490	-210.9148	-216.7243	5.809526	0.01648985	0.003741668	0.01274819	0.003741668
8500	-210.7539	-216.9657	6.21181	0.02138533	0.005779149	0.01560618	0.005779149
8510	-210.4095	-216.4299	6.020443	0.0185221	0.004191664	0.01433044	0.004191664
8520	-211.4743	-217.767	6.292663	0.02583096	0.004576373	0.02125458	0.004576373
8530	-210.4531	-215.2513	4.798213	0.02050471	0.0009471324	0.01955758	0.0009471324
8540	-213.4873	-219.8725	6.385246	0.02977487	0.007490461	0.02228441	0.007490461
8550	-210.4984	-216.4724	5.973977	0.02331354	0.00262783	0.02068571	0.00262783
8560	-210.6851	-216.6603	5.975211	0.01800226	0.004441195	0.01356107	0.004441195
8570	-214.547	-220.6089	6.061965	0.02928635	0.01424801	0.01503834	0.01424801
8580	-214.0876	-219.7948	5.707132	0.02924535	0.002104313	0.02714104	0.002104313
8590	-211.373	-216.9242	5.551138	0.01487526	0.002869302	0.01200596	0.002869302
8600	-215.5159	-221.7116	6.19575	0.03286895	0.01461731	0.01825164	0.01461731
8610	-210.9086	-216.9792	6.070611	0.01940102	0.005578873	0.01382215	0.005578873
8620	-210.331	-216.4235	6.09256	0.01942113	0.004398162	0.01502296	0.004398162
8630	-211.4828	-217.3248	5.842011	0.0253455	0.00225561	0.02308989	0.00225561
8640	-212.4794	-218.4504	5.970941	0.02204805	0.009359869	0.01268818	0.009359869
8650	-213.4916	-219.8403	6.348606	0.02935515	0.009899152	0.019456	0.009899152
8660	-210.8667	-216.8447	5.978029	0.01812248	0.004837859	0.01328462	0.004837859
8670	-209.7617	-215.5551	5.793409	0.01912315	0.002339653	0.01678349	0.002339653
8680	-209.8429	-215.824	5.981083	0.02013562	0.002912648	0.01722297	0.002912648
8690	-210.7789	-216.9204	6.141461	0.02027882	0.005642739	0.01463608	0.005642739
8700	-211.4949	-217.7337	6.238845	0.02316484	0.007572796	0.01559205	0.007572796
8710	-212.9859	-219.1667	6.18078	0.02625858	0.01087208	0.0153865	0.01087208
8720	-211.1452	-217.4	6.254799	0.02270239	0.006727672	0.01597472	0.006727672
8730	-210.7367	-216.5944	5.857775	0.01690866	0.003773686	0.01313497	0.003773686
8740	-213.6108	-219.3663	5.755522	0.02304308	0.01156726	0.01147582	0.01156726
8750	-212.2671	-218.6336	6.366435	0.0268854	0.007828385	0.01905702	0.007828385
8760	-216.774	-222.4696	5.695539	0.03235093	0.01943712	0.01291381	0.01943712
8770	-210.8465	-216.8238	5.97732	0.01809914	0.004788679	0.01331046	0.004788679
8780	-210.7047	-216.8924	6.187716	0.0239653	0.003661669	0.02030363	0.003661669
8790	-209.9668	-216.0502	6.083369	0.02057974	0.003435219	0.01714452	0.003435219
8800	-210.7004	-216.9865	6.286071	0.02324514	0.005053433	0.0181917	0.005053433
8810	-210.1858	-216.3607	6.17489	0.02176475	0.003895935	0.01786882	0.003895935
8820	-211.7176	-217.9534	6.235797	0.02364318	0.008082122	0.01556106	0.008082122
8830	-210.9672	-217.17	6.202878	0.02152553	0.006296669	0.01522886	0.006296669
8840	-211.7806	-218.1416	6.360978	0.02631791	0.005951183	0.02036673	0.005951183
8850	-212.8727	-219.2522	6.379535	0.02836768	0.00821314	0.02015454	0.00821314
8860	-212.966	-219.1709	6.204892	0.02649003	0.01074928	0.01574075	0.01074928
8870	-211.4313	-217.5837	6.152359	0.02168701	0.007323586	0.01436342	0.007323586
8880	-215.2554	-221.1696	5.914149	0.02988565	0.01599101	0.01389465	0.01599101
8890	-215.6985	-222.0434	6.344958	0.03370163	0.01019984	0.02350179	0.01019984
8900	-210.6057	-216.7812	6.175582	0.02065361	0.005343163	0.01531045	0.005343163
8910	-209.8873	-215.2981	5.410844	0.01975657	0.001526458	0.01823011	0.001526458
8920	-214.3932	-220.7005	6.307271	0.03103792	0.01164861	0.01938931	0.01164861
8930	-210.8754	-217.1773	6.301903	0.02401125	0.005015866	0.01899539	0.005015866
8940	-214.4433	-219.5273	5.083994	0.01321346	0.004605988	0.008607472	0.004605988
8950	-210.0311	-215.8382	5.807091	0.02156431	0.002187939	0.01937637	0.002187939
8960	-216.1185	-221.4023	5.283763	0.02676432	0.01688972	0.009874599	0.01688972
8970	-211.075	-217.2532	6.178218	0.02131882	0.006508067	0.01481075	0.006508067
8980	-210.2706	-216.1145	5.843996	0.02247921	0.00225452	0.02022469	0.00225452
8990	-212.4373	-218.201	5.763671	0.01865907	0.007515454	0.01114361	0.007515454
9000	-210.1612	-216.2692	6.108012	0.01985686	0.004084059	0.0157728	0.004084059
9010	-210.1404	-216.2006	6.060252	0.01926309	0.003874821	0.01538827	0.003874821
9020	-212.4075	-218.5175	6.110033	0.02373875	0.009648408	0.01409034	0.009648408
9030	-213.6666	-220.0258	6.35913	0.02983953	0.009747846	0.02009169	0.009747846
9040	-210.699	-216.9683	6.269266	0.02249518	0.005487169	0.01700801	0.005487169
9050	-209.8924	-215.9214	6.028944	0.02043209	0.003110391	0.0173217	0.003110391
9060	-210.1275	-216.1789	6.051418	0.01918559	0.003815005	0.01537059	0.003815005
9070	-211.7814	-217.5438	5.762431	0.01662384	0.005147343	0.0114765	0.005147343
9080	-214.0802	-220.3539	6.273654	0.0300407	0.01191432	0.01812638	0.01191432
9090	-210.341	-215.1144	4.773412	0.01686906	0.00101003	0.01585903	0.00101003
9100	-211.8375	-217.8336	5.996138	0.02039764	0.007625303	0.01277234	0.007625303
9110	-213.6617	-219.8702	6.208466	0.02836676	0.01196781	0.01639895	0.01196781
9120	-209.8227	-215.6593	5.836536	0.01864274	0.002568201	0.01607454	0.002568201
9130	-210.0407	-216.162	6.121335	0.02075367	0.003705462	0.01704821	0.003705462
9140	-213.9856	-219.7416	5.756026	0.02435434	0.01267694	0.0116774	0.01267694
9150	-212.0172	-218.3078	6.290623	0.02516757	0.008489181	0.01667839	0.008489181
9160	-211.0836	-217.3097	6.226095	0.02494661	0.003919209	0.0210274	0.003919209
9170	-210.1869	-216.1769	5.990038	0.01845015	0.003653383	0.01479677	0.003653383
9180	-210.0713	-215.9045	5.833138	0.01763333	0.002843618	0.01478971	0.002843618
9190	-212.3224	-218.4166	6.094237	0.02726035	0.003194926	0.02406542	0.003194926
9200	-210.6965	-216.6837	5.98717	0.02385128	0.002667309	0.02118397	0.002667309
9210	-210.9302	-216.8074	5.877136	0.01706077	0.004225854	0.01283491	0.004225854
9220	-210.2286	-216.378	6.149444	0.02232114	0.00355163	0.01876951	0.00355163
9230	-212.836	-219.2176	6.381584	0.02832736	0.008045753	0.02028161	0.008045753
9240	-213.1329	-219.3202	6.187291	0.02875854	0.003857914	0.02490063	0.003857914
9250	-212.1324	-217.9069	5.774505	0.01773661	0.006470882	0.01126573	0.006470882
9260	-210.432	-216.6408	6.208815	0.02124262	0.004929253	0.01631337	0.004929253
9270	-212.108	-217.083	4.97494	0.01327951	0.001615762	0.01166375	0.001615762
9280	-210.9122	-216.8969	5.98465	0.01824319	0.004988639	0.01325455	0.004988639
9290	-210.1151	-216.1321	6.017044	0.01884034	0.003652032	0.0151883	0.003652032
9300	-211.4098	-217.2095	5.799737	0.02513564	0.002149922	0.02298572	0.002149922
9310	-214.5624	-220.6533	6.09086	0.03064516	0.003515667	0.02712949	0.003515667
9320	-218.8616	-225.102	6.240402	0.03734299	0.00782313	0.02951986	0.00782313
9330	-212.0896	-218.4233	6.333719	0.02597134	0.008195035	0.01777631	0.008195035
9340	-210.6238	-216.899	6.275234	0.02298857	0.00494027	0.0180483	0.00494027
9350	-211.4529	-217.7843	6.331407	0.02465419	0.006892972	0.01776121	0.006892972
9360	-210.1541	-216.2599	6.105834	0.02211433	0.003288549	0.01882578	0.003288549
9370	-211.2763	-217.6172	6.340946	0.02484045	0.005928008	0.01891244	0.005928008
9380	-210.1056	-215.5901	5.484451	0.01674752	0.001887585	0.01485993	0.001887585
9390	-213.9495	-219.5932	5.643735	0.02286437	0.01198292	0.01088144	0.01198292
9400	-219.9165	-226.1158	6.199293	0.04031548	0.01324655	0.02706893	0.01324655
9410	-213.4477	-219.5672	6.119416	0.02910404	0.003481978	0.02562206	0.003481978
9420	-209.8666	-215.4372	5.57068	0.01778527	0.001931807	0.01585347	0.001931807
9430	-212.1305	-218.0841	5.953594	0.02065505	0.008213848	0.01244121	0.008213848
9440	-212.0746	-218.3212	6.246674	0.02468685	0.008824589	0.01586226	0.008824589
9450	-210.6645	-216.9407	6.276193	0.02274818	0.005258345	0.01748984	0.005258345
9460	-212.1577	-218.3417	6.184008	0.02404017	0.009115367	0.0149248	0.009115367
9470	-210.1082	-215.7629	5.654671	0.02159605	0.001858263	0.01973779	0.001858263
9480	-210.6214	-216.8871	6.265709	0.0224606	0.00524263	0.01721797	0.00524263
9490	-210.2368	-216.351	6.114197	0.02246943	0.003298926	0.0191705	0.003298926
9500	-210.308	-216.122	5.813927	0.02255207	0.002177158	0.02037491	0.002177158
9510	-214.9523	-221.1124	6.160103	0.03123072	0.01433069	0.01690004	0.01433069
9520	-215.2992	-220.979	5.679784	0.02781877	0.01595508	0.01186369	0.01595508
9530	-210.9489	-217.1957	6.24688	0.02224459	0.00626051	0.01598408	0.00626051
9540	-212.4965	-218.8062	6.309685	0.02657887	0.009200853	0.01737801	0.009200853
9550	-213.199	-218.6483	5.449274	0.01578382	0.006104101	0.009679716	0.006104101
9560	-212.9905	-218.8909	5.900409	0.02277419	0.01047733	0.01229686	0.01047733
9570	-210.3188	-215.5884	5.269588	0.0214368	0.001323244	0.02011355	0.001323244
9580	-211.9306	-217.7979	5.867323	0.01863617	0.006807586	0.01182859	0.006807586
9590	-212.6651	-218.913	6.247876	0.02621776	0.009980901	0.01623686	0.009980901
9600	-209.8761	-215.512	5.635917	0.02046501	0.001859618	0.01860539	0.001859618
9610	-211.8815	-218.1948	6.313298	0.0251927	0.008037031	0.01715567	0.008037031
9620	-219.1427	-224.789	5.646335	0.03857591	0.02440992	0.01416599	0.02440992
9630	-209.9993	-215.8667	5.867328	0.01800801	0.00288823	0.01511978	0.00288823
9640	-211.6236	-217.6511	6.027524	0.02027229	0.007215154	0.01305713	0.007215154
9650	-216.5166	-222.7903	6.273682	0.03527048	0.01333323	0.02193725	0.01333323
9660	-211.7768	-217.5899	5.813115	0.01734264	0.005703534	0.01163911	0.005703534
9670	-210.8457	-217.0696	6.223918	0.02170113	0.00601645	0.01568468	0.00601645
9680	-210.623	-216.695	6.072033	0.02373724	0.00300859	0.02072865	0.00300859
9690	-210.1382	-215.0214	4.883194	0.01853076	0.001036406	0.01749435	0.001036406
9700	-211.6186	-217.4604	5.841744	0.02560279	0.002261198	0.02334159	0.002261198
9710	-210.5402	-216.7498	6.209643	0.02121805	0.00522871	0.01598934	0.00522871
9720	-210.4532	-216.183	5.729771	0.02283773	0.001985245	0.02085249	0.001985245
9730	-213.0955	-218.5445	5.448967	0.01525852	0.005490462	0.009768057	0.005490462
9740	-214.0188	-220.3065	6.287724	0.03001729	0.01163489	0.01838241	0.01163489
9750	-210.6939	-216.9455	6.251618	0.02208592	0.005579404	0.01650652	0.005579404
9760	-212.9695	-218.611	5.641544	0.0187391	0.008247977	0.01049112	0.008247977
9770	-209.9518	-215.3377	5.385895	0.01740971	0.00162814	0.01578157	0.00162814
9780	-211.2101	-216.5515	5.341321	0.0239328	0.001398263	0.02253454	0.001398263
9790	-215.6287	-221.5741	5.945383	0.0312056	0.01666812	0.01453748	0.01666812
9800	-211.2501	-217.5888	6.338727	0.02487217	0.005739077	0.0191331	0.005739077
9810	-210.9375	-216.8003	5.862789	0.01692829	0.004136628	0.01279167	0.004136628
9820	-218.2456	-221.8895	3.643932	0.01685842	0.01135487	0.005503545	0.01135487
9830	-214.7524	-221.12	6.367593	0.03195252	0.007837274	0.02411524	0.007837274
9840	-218.0888	-224.3574	6.268572	0.03646047	0.007880557	0.02857991	0.007880557
9850	-217.1832	-223.3581	6.174869	0.03646623	0.01624883	0.02021739	0.01624883
9860	-210.0351	-216.1307	6.09552	0.02009914	0.003733695	0.01636545	0.003733695
9870	-214.0132	-219.537	5.523865	0.0215325	0.01134739	0.01018512	0.01134739
9880	-212.3634	-218.4824	6.118947	0.02373126	0.009555779	0.01417548	0.009555779
9890	-210.2466	-216.042	5.795415	0.02232982	0.002137024	0.0201928	0.002137024
9900	-215.9337	-222.2129	6.279228	0.03320663	0.005889734	0.02731689	0.005889734
9910	-210.7032	-216.958	6.254825	0.02379007	0.004301133	0.01948894	0.004301133
9920	-211.8412	-218.0539	6.212697	0.02361184	0.008386556	0.01522528	0.008386556
9930	-210.3221	-215.6235	5.301347	0.0215307	0.001356414	0.02017428	0.001356414
9940	-211.4872	-217.5085	6.021313	0.01981788	0.00678177	0.01303611	0.00678177
9950	-210.4678	-216.4971	6.029257	0.01859832	0.004351455	0.01424687	0.004351455
9960	-209.8772	-215.4512	5.574018	0.01772328	0.001946762	0.01577652	0.001946762
9970	-210.7394	-217.0005	6.261107	0.02388559	0.00436234	0.01952325	0.00436234
9980	-209.9182	-215.8476	5.929346	0.0211162	0.002576514	0.01853969	0.002576514
9990	-210.3306	-216.3919	6.061364	0.02285949	0.002992123	0.01986737	0.002992123
10000	-210.2842	-216.3698	6.085601	0.02268978	0.003121188	0.01956859	0.003121188
