Iteration	Posterior	Likelihood	Prior	birth_rate	death_rate	diversification	turnover
0	-220.3905	-226.1241	5.733573	0.03667874	0.002838123	0.03384062	0.002838123
10	-243.1843	-248.2902	5.105874	0.06991671	0.026389	0.04352771	0.026389
20	-231.5776	-237.1552	5.577546	0.04726134	0.004342089	0.04291925	0.004342089
30	-244.5573	-248.9551	4.397802	0.1029816	0.0763413	0.02664026	0.0763413
40	-271.0734	-274.3465	3.273093	0.1303233	0.07775848	0.05256486	0.07775848
50	-255.1104	-258.5557	3.445242	0.1543541	0.1314437	0.02291034	0.1314437
60	-222.3452	-228.1896	5.844385	0.04681462	0.02591399	0.02090063	0.02591399
70	-245.91	-249.9291	4.019095	0.1175562	0.0978098	0.01974641	0.0978098
80	-216.4349	-222.0584	5.623507	0.03076736	0.01864843	0.01211893	0.01864843
90	-222.4752	-228.5521	6.076837	0.04435464	0.01595029	0.02840434	0.01595029
100	-230.8597	-236.3027	5.443	0.06287261	0.03587256	0.02700005	0.03587256
110	-222.3421	-228.4655	6.12345	0.04138297	0.008623945	0.03275903	0.008623945
120	-255.3832	-259.0205	3.637246	0.1410978	0.1119047	0.02919306	0.1119047
130	-244.9991	-248.4368	3.437724	0.05377022	0.0008362965	0.05293393	0.0008362965
140	-240.2231	-245.1428	4.919645	0.08018967	0.04750241	0.03268726	0.04750241
150	-239.9644	-245.418	5.453573	0.05831964	0.01185107	0.04646857	0.01185107
160	-237.8358	-242.7225	4.886683	0.08229878	0.05632797	0.02597081	0.05632797
170	-266.6123	-269.1798	2.567556	0.2186314	0.1944276	0.02420381	0.1944276
180	-226.4942	-231.9462	5.452043	0.05649153	0.03738918	0.01910235	0.03738918
190	-210.807	-216.9845	6.17754	0.02425456	0.00357685	0.02067771	0.00357685
200	-243.9095	-249.2261	5.316538	0.06060883	0.01074988	0.04985895	0.01074988
210	-217.2173	-222.0833	4.866018	0.02689493	0.01838311	0.008511829	0.01838311
220	-228.3572	-231.8652	3.508052	0.05455967	0.04723122	0.007328459	0.04723122
230	-209.801	-215.6467	5.845657	0.01887295	0.002558478	0.01631447	0.002558478
240	-244.4121	-248.2417	3.829571	0.1149784	0.09965501	0.01532339	0.09965501
250	-245.9397	-250.3733	4.433596	0.09996304	0.06877526	0.03118778	0.06877526
260	-243.9802	-248.0724	4.092277	0.1111511	0.09274117	0.01840997	0.09274117
270	-227.025	-232.5789	5.553905	0.05686366	0.03471817	0.02214549	0.03471817
280	-218.0529	-223.6197	5.566815	0.03501421	0.02233517	0.01267904	0.02233517
290	-211.6812	-218.0157	6.334491	0.02512595	0.007371419	0.01775453	0.007371419
300	-220.4735	-226.5597	6.086249	0.04240989	0.01849888	0.02391101	0.01849888
310	-227.4054	-232.7343	5.328871	0.05887737	0.04074296	0.01813442	0.04074296
320	-217.2515	-223.5364	6.284909	0.0352621	0.007276073	0.02798603	0.007276073
330	-243.8814	-248.9587	5.077325	0.07053849	0.02644835	0.04409014	0.02644835
340	-271.9866	-273.9313	1.944716	0.272834	0.2525724	0.02026158	0.2525724
350	-213.4734	-219.7761	6.302722	0.0288577	0.01074652	0.01811118	0.01074652
360	-260.2433	-264.3417	4.098457	0.09826636	0.04729435	0.05097202	0.04729435
370	-218.5864	-224.5046	5.918237	0.03868562	0.02161099	0.01707463	0.02161099
380	-214.7354	-220.8172	6.081858	0.02998365	0.01451023	0.01547342	0.01451023
390	-292.2059	-292.2743	0.06836943	0.5115406	0.4927077	0.01883296	0.4927077
400	-262.862	-265.2801	2.418111	0.2138117	0.1978741	0.01593761	0.1978741
410	-211.9984	-218.3708	6.372397	0.02672515	0.006451524	0.02027363	0.006451524
420	-228.6476	-234.5182	5.870656	0.04983086	0.01368291	0.03614795	0.01368291
430	-227.862	-233.6513	5.789265	0.05289466	0.02177356	0.0311211	0.02177356
440	-232.5214	-237.7933	5.271917	0.06814782	0.04258197	0.02556584	0.04258197
450	-222.3087	-227.8567	5.54795	0.03821431	0.002462907	0.0357514	0.002462907
460	-294.8534	-297.7166	2.86315	0.1238315	0.04839815	0.07543336	0.04839815
470	-269.7925	-272.6501	2.857606	0.1717773	0.1308394	0.04093786	0.1308394
480	-224.5563	-229.9183	5.361943	0.0517002	0.03612117	0.01557902	0.03612117
490	-234.3444	-239.9664	5.621992	0.05609435	0.0158614	0.04023296	0.0158614
500	-278.0241	-280.8863	2.8622	0.1456928	0.08991954	0.05577321	0.08991954
510	-236.1783	-241.526	5.347699	0.06514527	0.02892783	0.03621744	0.02892783
520	-248.9949	-253.1379	4.143031	0.1141809	0.08476858	0.02941229	0.08476858
530	-274.6464	-277.3478	2.701404	0.1697087	0.1226779	0.04703083	0.1226779
540	-264.5723	-267.9931	3.420815	0.1341472	0.08973749	0.04440969	0.08973749
550	-225.9807	-231.6446	5.663922	0.05412674	0.03113151	0.02299524	0.03113151
560	-233.0452	-238.6076	5.562476	0.05896133	0.02325019	0.03571113	0.02325019
570	-223.0783	-228.9501	5.871797	0.04789179	0.02496512	0.02292667	0.02496512
580	-227.1819	-232.6027	5.420742	0.05809042	0.03861029	0.01948013	0.03861029
590	-242.4555	-246.7899	4.334346	0.103141	0.08237901	0.02076203	0.08237901
600	-234.7111	-239.8063	5.095112	0.07425787	0.04907241	0.02518546	0.04907241
610	-230.1338	-235.9635	5.829732	0.05004978	0.01147313	0.03857665	0.01147313
620	-221.7791	-227.8294	6.050301	0.03948248	0.005585972	0.03389651	0.005585972
630	-243.8575	-248.9836	5.126134	0.06873883	0.02365086	0.04508797	0.02365086
640	-264.4636	-269.0539	4.590349	0.0761623	0.0126318	0.0635305	0.0126318
650	-245.0118	-250.0979	5.086032	0.06950343	0.02338449	0.04611894	0.02338449
660	-225.9689	-231.9046	5.935715	0.04867129	0.01689174	0.03177956	0.01689174
670	-248.9661	-252.8167	3.850537	0.1286612	0.1075295	0.02113163	0.1075295
680	-217.571	-223.5005	5.929537	0.03622274	0.02008386	0.01613889	0.02008386
690	-237.0305	-241.6615	4.630956	0.08621343	0.06764684	0.01856659	0.06764684
700	-228.3904	-233.7638	5.37331	0.06083446	0.04049768	0.02033678	0.04049768
710	-235.154	-240.341	5.186998	0.04896592	0.00284058	0.04612534	0.00284058
720	-244.2178	-248.2461	4.028222	0.1126918	0.09500466	0.01768711	0.09500466
730	-227.8147	-233.7364	5.921719	0.04765821	0.01085653	0.03680168	0.01085653
740	-269.8172	-273.0097	3.192492	0.139172	0.09022264	0.04894941	0.09022264
750	-260.9012	-264.4005	3.499328	0.1379797	0.09929358	0.03868608	0.09929358
760	-223.3896	-228.5295	5.139906	0.04752002	0.03490089	0.01261913	0.03490089
770	-240.7176	-245.1844	4.466846	0.09695322	0.07618815	0.02076507	0.07618815
780	-252.054	-255.7452	3.691159	0.1393465	0.1162968	0.02304973	0.1162968
790	-213.0608	-218.6767	5.615857	0.01869372	0.008327673	0.01036605	0.008327673
800	-215.7597	-222.0368	6.27712	0.03381653	0.01316745	0.02064908	0.01316745
810	-217.3	-223.4822	6.182194	0.03671546	0.01611383	0.02060163	0.01611383
820	-244.3727	-249.4124	5.039715	0.07163906	0.02752846	0.04411061	0.02752846
830	-232.2071	-237.6896	5.482458	0.06189469	0.03050715	0.03138754	0.03050715
840	-238.6815	-243.1414	4.459937	0.0921127	0.07429072	0.01782198	0.07429072
850	-218.7191	-224.9731	6.254005	0.03737113	0.008397704	0.02897343	0.008397704
860	-216.0092	-221.6211	5.611892	0.02938479	0.01760217	0.01178263	0.01760217
870	-266.3524	-269.3849	3.032519	0.166222	0.1283031	0.03791884	0.1283031
880	-296.443	-299.7953	3.35226	0.105046	0.02377469	0.08127129	0.02377469
890	-221.2204	-226.7991	5.578744	0.04373965	0.02858729	0.01515236	0.02858729
900	-230.1795	-235.5453	5.365754	0.06387735	0.04056853	0.02330882	0.04056853
910	-287.5495	-290.7349	3.185393	0.1152752	0.04380794	0.07146722	0.04380794
920	-264.1257	-267.3198	3.194068	0.1572403	0.1198881	0.03735222	0.1198881
930	-349.0341	-350.7841	1.750012	0.1423396	0.03096808	0.1113715	0.03096808
940	-257.1933	-260.4308	3.237482	0.1673921	0.1454994	0.02189272	0.1454994
950	-226.3312	-231.8979	5.566702	0.05558032	0.03435151	0.02122881	0.03435151
960	-222.1505	-228.1824	6.031904	0.04496497	0.01910282	0.02586216	0.01910282
970	-221.8179	-227.8263	6.008336	0.04489608	0.02056601	0.02433007	0.02056601
980	-247.5334	-251.6306	4.097201	0.117463	0.09294548	0.0245175	0.09294548
990	-211.328	-217.5673	6.23931	0.02280582	0.007184351	0.01562147	0.007184351
1000	-224.725	-230.6977	5.972747	0.04758298	0.01754822	0.03003477	0.01754822
1010	-256.6396	-260.5183	3.878701	0.1177935	0.07804148	0.03975203	0.07804148
1020	-279.04	-282.1276	3.087533	0.1287706	0.06808321	0.06068743	0.06808321
1030	-260.7454	-263.7238	2.978424	0.1861719	0.1636724	0.0224995	0.1636724
1040	-253.803	-257.8472	4.044204	0.1119455	0.07386179	0.0380837	0.07386179
1050	-267.0501	-269.4328	2.382718	0.2325676	0.2118309	0.02073671	0.2118309
1060	-223.1945	-229.2898	6.095306	0.04360992	0.01187276	0.03173717	0.01187276
1070	-232.1089	-236.5899	4.481025	0.07137178	0.0586618	0.01270999	0.0586618
1080	-247.9842	-252.0332	4.04904	0.1198708	0.09572417	0.02414664	0.09572417
1090	-251.67	-255.8704	4.200419	0.1054146	0.06768145	0.03773313	0.06768145
1100	-233.4817	-238.6681	5.186355	0.04753592	0.002625041	0.04491088	0.002625041
1110	-227.226	-232.8425	5.616464	0.05635869	0.03216369	0.02419499	0.03216369
1120	-327.7532	-327.1336	-0.6196228	0.3787946	0.3082555	0.07053914	0.3082555
1130	-220.0859	-226.0603	5.974383	0.04219037	0.02202147	0.0201689	0.02202147
1140	-225.6208	-231.3924	5.771582	0.0522453	0.02693128	0.02531402	0.02693128
1150	-234.8516	-240.3649	5.51325	0.0598537	0.02177329	0.03808041	0.02177329
1160	-234.3773	-239.5019	5.124556	0.07323456	0.04792052	0.02531404	0.04792052
1170	-242.7508	-247.2142	4.463378	0.09977463	0.07527335	0.02450128	0.07527335
1180	-213.0246	-219.3707	6.346112	0.02827017	0.009433022	0.01883714	0.009433022
1190	-218.3188	-224.589	6.270126	0.03696264	0.008608186	0.02835445	0.008608186
1200	-219.6794	-225.7691	6.089688	0.04119545	0.01880962	0.02238582	0.01880962
1210	-226.6513	-232.6021	5.950806	0.0478025	0.01343456	0.03436793	0.01343456
1220	-215.6292	-221.3549	5.725768	0.02925783	0.01683742	0.01242041	0.01683742
1230	-252.3804	-257.1091	4.728633	0.07810269	0.02761239	0.05049031	0.02761239
1240	-226.2279	-231.6151	5.387178	0.0559895	0.03833694	0.01765256	0.03833694
1250	-232.0559	-237.4881	5.432171	0.06349261	0.03404651	0.0294461	0.03404651
1260	-227.5017	-232.954	5.452248	0.0585596	0.03794929	0.02061031	0.03794929
1270	-217.1816	-222.5079	5.326379	0.03058546	0.01999648	0.01058898	0.01999648
1280	-251.8922	-255.3837	3.49148	0.1457037	0.1270711	0.01863261	0.1270711
1290	-256.6295	-260.3439	3.71436	0.1312926	0.09638752	0.03490508	0.09638752
1300	-248.6317	-252.2806	3.648928	0.1320128	0.1148746	0.01713819	0.1148746
1310	-251.1204	-256.1738	5.0534	0.06366892	0.007614675	0.05605425	0.007614675
1320	-235.2226	-239.0396	3.816968	0.07980607	0.06958924	0.01021682	0.06958924
1330	-218.9252	-225.094	6.168847	0.03960542	0.01629447	0.02331095	0.01629447
1340	-238.2875	-243.3129	5.025369	0.07680653	0.04541909	0.03138744	0.04541909
1350	-210.9108	-216.9584	6.047664	0.01907915	0.005434705	0.01364445	0.005434705
1360	-271.4988	-274.4541	2.955246	0.1551682	0.1083238	0.04684441	0.1083238
1370	-226.2076	-231.881	5.67336	0.05432143	0.03062102	0.02370041	0.03062102
1380	-229.6776	-235.3935	5.715913	0.05493039	0.02197876	0.03295163	0.02197876
1390	-210.7151	-216.8477	6.132598	0.02007485	0.005449457	0.01462539	0.005449457
1400	-228.9933	-234.4172	5.423844	0.06138515	0.0388505	0.02253464	0.0388505
1410	-221.6644	-227.8114	6.147047	0.0421877	0.01253163	0.02965607	0.01253163
1420	-213.2015	-219.4701	6.268606	0.02782886	0.01075115	0.01707771	0.01075115
1430	-218.6604	-224.8366	6.176195	0.03916081	0.01616439	0.02299642	0.01616439
1440	-214.2069	-220.5866	6.379714	0.03107846	0.008264933	0.02281353	0.008264933
1450	-278.5285	-280.9795	2.451008	0.1819901	0.1332924	0.04869765	0.1332924
1460	-212.1954	-218.3048	6.109396	0.02311651	0.009128313	0.0139882	0.009128313
1470	-246.7378	-251.7424	5.004571	0.07143249	0.02423384	0.04719864	0.02423384
1480	-228.0692	-233.5841	5.514828	0.04364353	0.003125098	0.04051843	0.003125098
1490	-213.6496	-220.0336	6.383924	0.03003596	0.008396173	0.02163979	0.008396173
1500	-235.1452	-240.3577	5.212523	0.07061683	0.04081295	0.02980387	0.04081295
1510	-215.7303	-221.9867	6.256344	0.03367987	0.01368079	0.01999908	0.01368079
1520	-212.1523	-218.3996	6.247307	0.02489261	0.008982648	0.01590996	0.008982648
1530	-249.0679	-253.943	4.875066	0.07475987	0.02648145	0.04827842	0.02648145
1540	-209.8868	-215.2496	5.362815	0.01949551	0.001472503	0.01802301	0.001472503
1550	-236.6567	-242.2185	5.561801	0.05309218	0.007418218	0.04567396	0.007418218
1560	-211.5094	-217.4452	5.935722	0.02554449	0.002519198	0.0230253	0.002519198
1570	-226.6065	-230.9399	4.333421	0.05305161	0.04351707	0.009534539	0.04351707
1580	-234.3649	-239.7369	5.371978	0.06509963	0.0321579	0.03294173	0.0321579
1590	-223.0708	-227.2094	4.138596	0.04099562	0.03314371	0.007851904	0.03314371
1600	-225.3724	-231.3775	6.005106	0.04422129	0.008415538	0.03580575	0.008415538
1610	-222.4145	-228.5316	6.117057	0.04133256	0.008333372	0.03299919	0.008333372
1620	-269.3178	-272.4538	3.13603	0.1452769	0.09843316	0.04684374	0.09843316
1630	-223.1192	-228.599	5.479834	0.04830071	0.03261127	0.01568944	0.03261127
1640	-278.4576	-280.7674	2.309813	0.1990709	0.1537234	0.04534748	0.1537234
1650	-221.2959	-227.4456	6.149739	0.0421155	0.01355353	0.02856197	0.01355353
1660	-228.8005	-232.4577	3.657266	0.05674922	0.04892884	0.007820383	0.04892884
1670	-238.9353	-242.6752	3.73987	0.09357962	0.08228404	0.01129558	0.08228404
1680	-244.4412	-249.4996	5.058466	0.07088375	0.02626085	0.0446229	0.02626085
1690	-215.7452	-222.0934	6.348275	0.03372188	0.009684491	0.02403739	0.009684491
1700	-211.3878	-217.367	5.979166	0.01893602	0.006169339	0.01276668	0.006169339
1710	-211.5099	-217.5708	6.060844	0.02048371	0.007107088	0.01337662	0.007107088
1720	-242.3505	-247.6975	5.347019	0.05710143	0.007041128	0.0500603	0.007041128
1730	-221.8048	-227.7319	5.927141	0.04550065	0.02352042	0.02198024	0.02352042
1740	-222.7109	-228.3945	5.683619	0.03894407	0.002985749	0.03595833	0.002985749
1750	-224.1109	-230.1733	6.062412	0.04440842	0.01151517	0.03289324	0.01151517
1760	-302.1532	-305.0867	2.933428	0.1169849	0.03421574	0.08276916	0.03421574
1770	-241.9776	-246.6817	4.704128	0.08916885	0.05906033	0.03010852	0.05906033
1780	-225.1652	-230.7222	5.557053	0.05331759	0.03409928	0.01921831	0.03409928
1790	-228.2581	-233.2289	4.970867	0.06088353	0.04649882	0.01438471	0.04649882
1800	-251.6506	-256.539	4.888398	0.06183605	0.004496092	0.05733996	0.004496092
1810	-232.5814	-238.2299	5.648541	0.05616274	0.01885509	0.03730764	0.01885509
1820	-213.6453	-219.9717	6.3264	0.02990926	0.005526995	0.02438226	0.005526995
1830	-268.6334	-271.687	3.053589	0.15519	0.1116236	0.04356641	0.1116236
1840	-221.9315	-228.0623	6.130803	0.04274832	0.01323642	0.0295119	0.01323642
1850	-267.9274	-271.0415	3.114134	0.1516417	0.108011	0.04363072	0.108011
1860	-243.1887	-248.4201	5.231326	0.06529038	0.01904581	0.04624457	0.01904581
1870	-219.2723	-225.4813	6.208946	0.03964271	0.0139273	0.02571541	0.0139273
1880	-214.0097	-219.6197	5.609947	0.02266335	0.01196698	0.01069638	0.01196698
1890	-215.0431	-221.2829	6.239773	0.03205442	0.01347233	0.0185821	0.01347233
1900	-223.0638	-229.0721	6.008306	0.0460959	0.01888952	0.02720639	0.01888952
1910	-234.7696	-239.7143	4.944713	0.0775002	0.05610724	0.02139296	0.05610724
1920	-235.8288	-241.2844	5.455591	0.06141033	0.02294685	0.03846348	0.02294685
1930	-227.9558	-233.3388	5.38295	0.0598983	0.04002752	0.01987078	0.04002752
1940	-217.4022	-223.6833	6.281139	0.03546334	0.007332089	0.02813125	0.007332089
1950	-226.9066	-232.415	5.508411	0.05704682	0.03617337	0.02087346	0.03617337
1960	-215.6213	-220.9515	5.330179	0.02547251	0.01558688	0.009885629	0.01558688
1970	-245.2751	-250.5174	5.242219	0.05916096	0.00697993	0.05218103	0.00697993
1980	-228.2365	-233.9088	5.672303	0.05603637	0.02789037	0.028146	0.02789037
1990	-215.6387	-221.84	6.201248	0.03243806	0.004639226	0.02779884	0.004639226
2000	-230.7543	-236.4598	5.705442	0.05497288	0.01989555	0.03507734	0.01989555
2010	-220.3261	-226.4636	6.13757	0.04169044	0.01631287	0.02537758	0.01631287
2020	-221.9545	-227.7406	5.786045	0.04611756	0.02705456	0.019063	0.02705456
2030	-211.7797	-218.0773	6.297604	0.0264986	0.004642508	0.02185609	0.004642508
2040	-241.3071	-246.3839	5.076836	0.07237226	0.03294025	0.03943201	0.03294025
2050	-272.7582	-276.8237	4.065506	0.09063822	0.02484235	0.06579587	0.02484235
2060	-227.9769	-232.8249	4.848003	0.05966393	0.04656176	0.01310216	0.04656176
2070	-215.6372	-221.5312	5.893984	0.03078441	0.01680713	0.01397728	0.01680713
2080	-222.272	-228.3228	6.050807	0.04476356	0.01792557	0.02683799	0.01792557
2090	-245.7896	-250.0695	4.279891	0.1085289	0.08260123	0.0259277	0.08260123
2100	-222.7687	-228.5354	5.766721	0.04784699	0.02797663	0.01987036	0.02797663
2110	-226.789	-232.5859	5.796898	0.05250139	0.02368588	0.02881551	0.02368588
2120	-232.3749	-237.9099	5.535073	0.0601251	0.02671994	0.03340516	0.02671994
2130	-233.6912	-239.384	5.69278	0.05308751	0.01147589	0.04161162	0.01147589
2140	-218.6535	-224.7673	6.113796	0.03598024	0.004854838	0.0311254	0.004854838
2150	-227.2241	-232.303	5.078893	0.0582095	0.04352781	0.01468169	0.04352781
2160	-239.1698	-243.8924	4.722503	0.08838367	0.0642393	0.02414437	0.0642393
2170	-214.3139	-220.6756	6.361726	0.03114787	0.006875933	0.02427193	0.006875933
2180	-232.4485	-237.2093	4.760834	0.04583026	0.001618158	0.04421211	0.001618158
2190	-217.5734	-223.8536	6.280208	0.03685689	0.0121607	0.02469619	0.0121607
2200	-215.4385	-221.6599	6.22135	0.03285033	0.01414852	0.01870181	0.01414852
2210	-278.3799	-281.2783	2.898459	0.1422628	0.08536912	0.05689372	0.08536912
2220	-235.0837	-240.3506	5.266924	0.04915921	0.0031669	0.04599231	0.0031669
2230	-230.0218	-235.6308	5.609	0.05811922	0.02782083	0.0302984	0.02782083
2240	-222.2926	-228.2786	5.986024	0.0457167	0.0210582	0.0246585	0.0210582
2250	-227.2729	-232.8981	5.625216	0.0562758	0.03173358	0.02454221	0.03173358
2260	-311.6538	-311.5636	-0.09010742	0.3867724	0.3308185	0.05595398	0.3308185
2270	-213.8751	-219.2836	5.408508	0.0190361	0.009524369	0.009511736	0.009524369
2280	-227.061	-232.4995	5.438514	0.05775619	0.03810509	0.0196511	0.03810509
2290	-220.3194	-225.7525	5.433109	0.04049151	0.02744774	0.01304377	0.02744774
2300	-219.3929	-225.2618	5.868891	0.04041947	0.02319295	0.01722653	0.02319295
2310	-214.6897	-220.6861	5.996393	0.0290547	0.01469915	0.01435555	0.01469915
2320	-224.9025	-229.9722	5.06974	0.05153048	0.03854549	0.01298499	0.03854549
2330	-250.983	-254.4288	3.445808	0.1433619	0.126488	0.01687381	0.126488
2340	-228.2976	-234.2012	5.903568	0.0477447	0.01015961	0.03758509	0.01015961
2350	-229.1447	-233.8746	4.729879	0.06279007	0.04991318	0.01287689	0.04991318
2360	-229.1199	-234.3689	5.249063	0.0630967	0.04412204	0.01897467	0.04412204
2370	-266.4332	-270.4006	3.967423	0.09825355	0.04091212	0.05734143	0.04091212
2380	-242.8682	-247.6582	4.789945	0.08397688	0.04906658	0.0349103	0.04906658
2390	-268.6239	-272.0799	3.455971	0.1226359	0.07051289	0.05212304	0.07051289
2400	-214.1392	-220.3458	6.206615	0.0295776	0.01273501	0.01684259	0.01273501
2410	-215.3374	-221.4751	6.137705	0.03202067	0.01507764	0.01694303	0.01507764
2420	-236.1914	-241.2038	5.012413	0.07752596	0.0515004	0.02602556	0.0515004
2430	-236.8727	-242.3855	5.512843	0.05867834	0.01662093	0.04205741	0.01662093
2440	-219.7127	-225.8949	6.182289	0.04046063	0.01479288	0.02566774	0.01479288
2450	-244.8956	-249.1052	4.209592	0.1106378	0.08847699	0.02216082	0.08847699
2460	-268.1916	-269.5666	1.374968	0.2594201	0.2482456	0.01117445	0.2482456
2470	-237.976	-242.9945	5.018517	0.07724835	0.04682238	0.03042597	0.04682238
2480	-227.008	-232.8064	5.79846	0.05252989	0.02313994	0.02938995	0.02313994
2490	-212.3993	-218.7343	6.335034	0.02774063	0.005273156	0.02246748	0.005273156
2500	-223.7602	-229.4258	5.665601	0.05008978	0.03078548	0.0193043	0.03078548
2510	-253.7013	-257.0271	3.325775	0.1553393	0.1370842	0.01825504	0.1370842
2520	-213.9261	-219.708	5.781936	0.02445609	0.01261604	0.01184005	0.01261604
2530	-213.252	-218.8353	5.583274	0.01901615	0.008786109	0.01023004	0.008786109
2540	-239.2797	-243.6593	4.379611	0.09445783	0.07715804	0.01729979	0.07715804
2550	-228.0341	-233.2314	5.197373	0.06057453	0.04372647	0.01684806	0.04372647
2560	-214.8956	-221.1084	6.212822	0.0314436	0.004508477	0.02693513	0.004508477
2570	-254.3303	-258.2168	3.886529	0.1228117	0.08820478	0.03460695	0.08820478
2580	-214.4627	-220.2991	5.836411	0.02678235	0.01417993	0.01260242	0.01417993
2590	-239.5809	-244.523	4.942146	0.07964014	0.04777766	0.03186248	0.04777766
2600	-246.9165	-251.7149	4.798469	0.0794442	0.03618475	0.04325945	0.03618475
2610	-213.4338	-216.305	2.871162	0.02364526	0.0003397997	0.02330546	0.0003397997
2620	-252.2296	-256.8727	4.643041	0.08152985	0.03277097	0.04875888	0.03277097
2630	-211.4565	-217.4995	6.043035	0.02007474	0.006845535	0.0132292	0.006845535
2640	-273.4852	-277.0907	3.60552	0.1081561	0.04714986	0.06100627	0.04714986
2650	-277.4927	-281.6818	4.189045	0.07998325	0.006560148	0.0734231	0.006560148
2660	-306.9371	-309.9566	3.019426	0.0945744	0.002983144	0.09159126	0.002983144
2670	-235.8351	-240.8892	5.054147	0.07606862	0.04959229	0.02647632	0.04959229
2680	-218.4916	-224.4993	6.00771	0.03882909	0.02031666	0.01851243	0.02031666
2690	-228.0342	-233.1097	5.075467	0.06047524	0.04516493	0.01531032	0.04516493
2700	-218.1976	-222.5817	4.384087	0.02649343	0.01920996	0.00728347	0.01920996
2710	-278.102	-280.0781	1.976105	0.2512499	0.215818	0.03543188	0.215818
2720	-242.3548	-247.7261	5.371296	0.0596404	0.011047	0.0485934	0.011047
2730	-246.2399	-251.4578	5.217891	0.0634252	0.01247092	0.05095428	0.01247092
2740	-300.0103	-302.929	2.918726	0.1184976	0.03774402	0.08075362	0.03774402
2750	-213.1882	-219.4788	6.290634	0.02803804	0.01050511	0.01753294	0.01050511
2760	-225.852	-231.5242	5.672162	0.05385221	0.03088819	0.02296402	0.03088819
2770	-238.352	-242.6236	4.271593	0.0919854	0.07690708	0.01507833	0.07690708
2780	-231.5746	-236.2332	4.658528	0.07012018	0.05629793	0.01382225	0.05629793
2790	-228.1177	-233.7597	5.641993	0.05667349	0.02976397	0.02690952	0.02976397
2800	-219.1023	-225.1011	5.998789	0.04015695	0.02096286	0.01919409	0.02096286
2810	-229.2494	-235.1144	5.865022	0.04821869	0.00945018	0.03876851	0.00945018
2820	-231.8282	-237.5733	5.745168	0.05277786	0.01381017	0.03896769	0.01381017
2830	-230.7545	-236.4068	5.652375	0.05671628	0.02333329	0.03338299	0.02333329
2840	-238.5069	-242.6259	4.118989	0.09264074	0.07891578	0.01372496	0.07891578
2850	-237.4372	-242.521	5.083738	0.07481482	0.04361926	0.03119555	0.04361926
2860	-223.8195	-229.3467	5.527132	0.05020009	0.03316386	0.01703623	0.03316386
2870	-228.3955	-233.8323	5.436834	0.06029151	0.0385253	0.02176621	0.0385253
2880	-228.0349	-233.4402	5.40523	0.04330235	0.002689194	0.04061316	0.002689194
2890	-234.3042	-239.5927	5.288538	0.06807296	0.03786299	0.03020997	0.03786299
2900	-247.9593	-252.5335	4.574196	0.08902293	0.0491114	0.03991153	0.0491114
2910	-228.7202	-234.3809	5.660679	0.04484045	0.004146351	0.0406941	0.004146351
2920	-214.0089	-220.1719	6.163008	0.02881842	0.01283307	0.01598535	0.01283307
2930	-214.8203	-221.1465	6.3262	0.03207533	0.01141801	0.02065733	0.01141801
2940	-218.5603	-224.827	6.266719	0.03748266	0.009356527	0.02812614	0.009356527
2950	-237.2059	-242.316	5.110027	0.07385796	0.04238768	0.03147028	0.04238768
2960	-218.946	-224.2649	5.31897	0.03582431	0.02440673	0.01141758	0.02440673
2970	-237.2481	-241.5413	4.293142	0.08823649	0.07379569	0.0144408	0.07379569
2980	-303.2581	-306.7281	3.470007	0.09629457	0.007551664	0.08874291	0.007551664
2990	-217.1802	-223.0337	5.85358	0.03468991	0.01989146	0.01479845	0.01989146
3000	-241.2199	-245.4701	4.250208	0.1012697	0.08369817	0.01757152	0.08369817
3010	-219.5666	-225.7819	6.21533	0.03814206	0.007842574	0.03029949	0.007842574
3020	-217.0223	-222.2179	5.195648	0.02900846	0.0191741	0.00983436	0.0191741
3030	-255.4986	-259.2618	3.763208	0.1301139	0.09649919	0.03361467	0.09649919
3040	-215.4716	-220.7667	5.295079	0.02456418	0.01492208	0.009642105	0.01492208
3050	-210.5854	-216.525	5.93961	0.01765102	0.004032261	0.01361876	0.004032261
3060	-224.8093	-230.6168	5.807555	0.04152314	0.004145188	0.03737795	0.004145188
3070	-261.5172	-265.4269	3.909683	0.1065905	0.05712327	0.04946721	0.05712327
3080	-236.7802	-241.7691	4.988934	0.07850369	0.05184729	0.0266564	0.05184729
3090	-213.1706	-219.5268	6.356231	0.02871584	0.009369626	0.01934622	0.009369626
3100	-245.8841	-250.0621	4.178	0.1129304	0.08966276	0.02326763	0.08966276
3110	-288.5052	-291.7519	3.246698	0.1121857	0.03914108	0.07304462	0.03914108
3120	-282.2503	-284.9815	2.731273	0.1465972	0.08700922	0.05958798	0.08700922
3130	-242.5484	-247.2968	4.748415	0.08642123	0.05351963	0.0329016	0.05351963
3140	-254.6878	-258.5283	3.840545	0.125684	0.09164078	0.03404317	0.09164078
3150	-228.2187	-233.8059	5.587188	0.05786785	0.03240705	0.0254608	0.03240705
3160	-232.8034	-237.7773	4.973946	0.07313555	0.05414283	0.01899272	0.05414283
3170	-220.5905	-226.1556	5.565075	0.04199812	0.02752501	0.01447311	0.02752501
3180	-237.5446	-243.0698	5.525159	0.05756123	0.01377061	0.04379062	0.01377061
3190	-249.2301	-253.4064	4.176287	0.1116286	0.08053247	0.03109611	0.08053247
3200	-212.9145	-219.1506	6.23611	0.02672273	0.01050344	0.01621929	0.01050344
3210	-225.5377	-231.4851	5.947437	0.04834699	0.01721598	0.03113101	0.01721598
3220	-227.0917	-232.7988	5.707008	0.05463986	0.02803327	0.02660659	0.02803327
3230	-249.1518	-253.9074	4.755503	0.07936686	0.03324803	0.04611883	0.03324803
3240	-267.1706	-269.9052	2.734621	0.1990936	0.1684725	0.03062106	0.1684725
3250	-308.474	-310.2226	1.748585	0.1697434	0.09221058	0.07753283	0.09221058
3260	-305.4663	-308.7574	3.29111	0.10429	0.01591497	0.08837507	0.01591497
3270	-258.4965	-262.4234	3.926879	0.1105141	0.06585109	0.04466298	0.06585109
3280	-210.5723	-216.8214	6.249166	0.02204952	0.005220315	0.01682921	0.005220315
3290	-270.7949	-272.2702	1.475375	0.2799339	0.2666615	0.01327238	0.2666615
3300	-256.7751	-260.1892	3.41411	0.1565485	0.1308929	0.02565559	0.1308929
3310	-212.2786	-218.1987	5.920107	0.02689531	0.002521042	0.02437427	0.002521042
3320	-296.2301	-299.537	3.30689	0.1065777	0.0258712	0.08070649	0.0258712
3330	-211.307	-217.5257	6.218677	0.02243229	0.007140897	0.01529139	0.007140897
3340	-224.1998	-230.1909	5.991102	0.04699974	0.01759396	0.02940578	0.01759396
3350	-223.3829	-229.2339	5.850942	0.04851919	0.02556582	0.02295337	0.02556582
3360	-230.8615	-236.5957	5.734154	0.04774885	0.006109932	0.04163892	0.006109932
3370	-288.1061	-289.5287	1.422555	0.2761744	0.2323821	0.04379231	0.2323821
3380	-246.1978	-248.5407	2.342895	0.1200865	0.1121261	0.007960357	0.1121261
3390	-267.3421	-269.6033	2.261136	0.2397345	0.2207964	0.01893803	0.2207964
3400	-242.1021	-247.4402	5.338094	0.06185948	0.01491779	0.04694169	0.01491779
3410	-212.2041	-218.5297	6.325555	0.02610831	0.008510646	0.01759766	0.008510646
3420	-245.9709	-251.1398	5.168923	0.06585434	0.01654947	0.04930487	0.01654947
3430	-228.7913	-234.5291	5.737722	0.0543715	0.0227756	0.0315959	0.0227756
3440	-216.6431	-222.8807	6.237683	0.03549273	0.01448335	0.02100938	0.01448335
3450	-234.16	-239.8385	5.678493	0.05241576	0.009610081	0.04280568	0.009610081
3460	-232.3505	-237.5772	5.226693	0.06900641	0.04508944	0.02391697	0.04508944
3470	-237.9727	-243.2885	5.315839	0.06531286	0.0263076	0.03900526	0.0263076
3480	-220.6904	-226.5145	5.824146	0.03723907	0.003276172	0.0339629	0.003276172
3490	-219.9072	-224.7355	4.828239	0.03537666	0.02606585	0.009310813	0.02606585
3500	-212.956	-219.2921	6.336078	0.0287624	0.005439595	0.02332281	0.005439595
3510	-213.8913	-220.1698	6.278447	0.02962935	0.01161671	0.01801264	0.01161671
3520	-243.1127	-247.895	4.782267	0.08409979	0.04885963	0.03524017	0.04885963
3530	-257.137	-260.8247	3.68768	0.1322139	0.0968847	0.0353292	0.0968847
3540	-246.3658	-251.3676	5.001776	0.07176718	0.0252018	0.04656538	0.0252018
3550	-218.2178	-224.2192	6.001388	0.03817789	0.02014549	0.0180324	0.02014549
3560	-214.3804	-220.7479	6.367465	0.03129515	0.007227333	0.02406782	0.007227333
3570	-213.1764	-219.0013	5.824891	0.02240439	0.01062548	0.01177891	0.01062548
3580	-223.0329	-228.8926	5.859673	0.04791704	0.0254045	0.02251255	0.0254045
3590	-245.8266	-250.315	4.488461	0.09686198	0.06419495	0.03266702	0.06419495
3600	-307.2591	-308.5358	1.276703	0.2099569	0.1393515	0.0706054	0.1393515
3610	-269.0089	-271.5471	2.538137	0.2165871	0.1874222	0.0291649	0.1874222
3620	-240.3851	-245.2219	4.836802	0.08391471	0.05344689	0.03046782	0.05344689
3630	-288.5173	-290.7285	2.211219	0.1737406	0.1137071	0.06003348	0.1137071
3640	-261.7774	-266.4774	4.700001	0.07314166	0.01089276	0.0622489	0.01089276
3650	-266.2125	-270.3365	4.124007	0.09205318	0.03281329	0.05923989	0.03281329
3660	-257.641	-262.1127	4.471716	0.08437391	0.0308731	0.05350081	0.0308731
3670	-252.8376	-256.1697	3.332153	0.1521223	0.1348003	0.01732198	0.1348003
3680	-214.4123	-219.6161	5.203871	0.01821704	0.009462236	0.008754803	0.009462236
3690	-273.4099	-275.428	2.018011	0.2677761	0.2430957	0.02468032	0.2430957
3700	-234.5416	-239.6975	5.155933	0.07243738	0.04581873	0.02661865	0.04581873
3710	-221.1059	-227.1058	5.999924	0.043957	0.02134209	0.02261491	0.02134209
3720	-219.4097	-225.6005	6.190723	0.04003526	0.01477839	0.02525687	0.01477839
3730	-231.9767	-237.3081	5.331405	0.06630668	0.0401782	0.02612847	0.0401782
3740	-219.3022	-225.4034	6.101212	0.04051671	0.01852645	0.02199027	0.01852645
3750	-229.4332	-234.6281	5.194881	0.06404602	0.04561137	0.01843466	0.04561137
3760	-223.6856	-229.5266	5.841001	0.04904655	0.02576856	0.02327799	0.02576856
3770	-241.8825	-245.607	3.724522	0.1052357	0.09258077	0.01265492	0.09258077
3780	-217.525	-223.7392	6.214274	0.03714089	0.01520502	0.02193587	0.01520502
3790	-265.1979	-268.6326	3.434728	0.1313973	0.08547519	0.04592211	0.08547519
3800	-236.6824	-241.6351	4.952777	0.0796136	0.05425985	0.02535375	0.05425985
3810	-229.9361	-235.5322	5.596152	0.0584784	0.02879392	0.02968449	0.02879392
3820	-221.7956	-227.5408	5.745222	0.04573027	0.02762301	0.01810725	0.02762301
3830	-253.5319	-257.9849	4.452957	0.08857087	0.04137289	0.04719798	0.04137289
3840	-212.0589	-217.4647	5.405759	0.01397065	0.002813806	0.01115684	0.002813806
3850	-221.0038	-227.1177	6.113929	0.0390141	0.006242955	0.03277114	0.006242955
3860	-240.2495	-245.5292	5.279738	0.06529009	0.02293471	0.04235538	0.02293471
3870	-287.4595	-288.2099	0.7503525	0.4158015	0.3921537	0.02364786	0.3921537
3880	-266.6084	-271.0644	4.456044	0.08015118	0.01619165	0.06395952	0.01619165
3890	-309.4568	-312.1056	2.648838	0.1240874	0.03733741	0.08675	0.03733741
3900	-222.9426	-229.0133	6.070704	0.04464361	0.01522645	0.02941715	0.01522645
3910	-225.6978	-231.2618	5.564036	0.05439849	0.03425474	0.02014374	0.03425474
3920	-224.1804	-230.2101	6.029702	0.04589644	0.01488458	0.03101186	0.01488458
3930	-248.8497	-252.7748	3.925129	0.1258468	0.1031885	0.0226583	0.1031885
3940	-223.5606	-228.8706	5.310021	0.04881691	0.03462155	0.01419537	0.03462155
3950	-342.6078	-344.857	2.249186	0.1282123	0.01862008	0.1095922	0.01862008
3960	-263.3428	-267.0823	3.739522	0.1138161	0.06470015	0.04911593	0.06470015
3970	-221.286	-227.3439	6.05783	0.04371544	0.0189511	0.02476434	0.0189511
3980	-261.8375	-265.4491	3.611591	0.1258189	0.08218065	0.04363822	0.08218065
3990	-220.1723	-225.9579	5.785566	0.04198003	0.02515016	0.01682987	0.02515016
4000	-266.6685	-270.3367	3.668178	0.1128591	0.05991037	0.05294875	0.05991037
4010	-248.7906	-253.3889	4.59826	0.08678329	0.04467281	0.04211048	0.04467281
4020	-227.4687	-233.287	5.81822	0.0520662	0.02089473	0.03117147	0.02089473
4030	-216.6014	-222.8162	6.214793	0.03536358	0.01506825	0.02029534	0.01506825
4040	-237.5405	-242.5117	4.97126	0.07922953	0.0513433	0.02788623	0.0513433
4050	-267.9333	-270.8654	2.932076	0.1711085	0.1323571	0.03875139	0.1323571
4060	-236.3664	-241.9605	5.594109	0.05492505	0.01088917	0.04403587	0.01088917
4070	-275.1242	-277.2302	2.105975	0.2488751	0.2172365	0.03163854	0.2172365
4080	-236.2846	-241.7561	5.471501	0.06059116	0.02080071	0.03979045	0.02080071
4090	-218.6245	-224.626	6.001509	0.03910906	0.02053475	0.01857432	0.02053475
4100	-218.4636	-224.4481	5.984427	0.03868132	0.02063892	0.0180424	0.02063892
4110	-265.3377	-267.6688	2.33115	0.2284723	0.2110252	0.01744704	0.2110252
4120	-224.0039	-229.1367	5.132783	0.04924407	0.03631031	0.01293376	0.03631031
4130	-226.5013	-232.0869	5.585669	0.05571418	0.03373747	0.02197672	0.03373747
4140	-239.2946	-244.2819	4.9873	0.0778225	0.04523475	0.03258776	0.04523475
4150	-274.2676	-276.9698	2.702246	0.1710315	0.1247041	0.0463274	0.1247041
4160	-223.6333	-229.6314	5.99814	0.04662772	0.01838969	0.02823803	0.01838969
4170	-238.469	-243.5992	5.130257	0.0722613	0.03728056	0.03498074	0.03728056
4180	-241.5055	-246.1597	4.654236	0.09172984	0.06435979	0.02737005	0.06435979
4190	-240.1195	-244.3887	4.269257	0.09775911	0.08110312	0.01665599	0.08110312
4200	-225.2742	-231.2945	6.020311	0.04515929	0.01061514	0.03454415	0.01061514
4210	-221.9329	-227.3468	5.413828	0.04484075	0.03085054	0.01399021	0.03085054
4220	-220.8659	-227.0513	6.185464	0.04072812	0.01099404	0.02973408	0.01099404
4230	-239.234	-243.9974	4.763397	0.08710401	0.06165586	0.02544814	0.06165586
4240	-211.1232	-217.403	6.279775	0.02498475	0.004456254	0.0205285	0.004456254
4250	-218.7708	-224.8093	6.038511	0.0395195	0.01997921	0.01954029	0.01997921
4260	-293.6789	-295.5326	1.853634	0.1924403	0.1309	0.06154033	0.1309
4270	-234.9763	-239.8356	4.859332	0.07905202	0.05914042	0.01991159	0.05914042
4280	-232.2414	-236.6761	4.434738	0.07166511	0.05921738	0.01244774	0.05921738
4290	-213.466	-219.2109	5.744901	0.0223794	0.01105057	0.01132883	0.01105057
4300	-228.2212	-233.7016	5.48041	0.05952597	0.03700768	0.02251829	0.03700768
4310	-256.7102	-259.7182	3.007979	0.1733773	0.1562838	0.0170935	0.1562838
4320	-222.4099	-228.0998	5.689852	0.04707247	0.02913285	0.01793962	0.02913285
4330	-233.0794	-237.2677	4.188325	0.07363622	0.06235097	0.01128526	0.06235097
4340	-237.7208	-243.2544	5.533619	0.05684221	0.01231547	0.04452674	0.01231547
4350	-225.6111	-231.5636	5.952519	0.04818863	0.01666126	0.03152736	0.01666126
4360	-334.4957	-337.1224	2.626753	0.1129893	0.005960907	0.1070284	0.005960907
4370	-223.0731	-228.9737	5.900593	0.04762051	0.02389285	0.02372765	0.02389285
4380	-285.9839	-286.9164	0.9325832	0.3902558	0.3653833	0.02487254	0.3653833
4390	-273.0293	-277.191	4.161739	0.0873015	0.02013508	0.06716642	0.02013508
4400	-225.9307	-231.8616	5.930861	0.04369864	0.006342312	0.03735632	0.006342312
4410	-247.4479	-251.8848	4.436836	0.09760088	0.06263551	0.03496537	0.06263551
4420	-295.5095	-299.0738	3.564214	0.09856722	0.01628848	0.08227874	0.01628848
4430	-210.4726	-216.4294	5.956802	0.01785722	0.003944632	0.01391259	0.003944632
4440	-220.3335	-226.2368	5.903361	0.03709788	0.003635566	0.03346231	0.003635566
4450	-224.2484	-228.2867	4.038297	0.04412506	0.03627641	0.007848647	0.03627641
4460	-316.5598	-319.6741	3.114304	0.1055482	0.009364545	0.09618362	0.009364545
4470	-269.0189	-271.4934	2.47448	0.2243484	0.1971336	0.02721475	0.1971336
4480	-308.0731	-307.5629	-0.5102068	0.5355317	0.4948777	0.04065403	0.4948777
4490	-263.4006	-268.0357	4.635014	0.07495593	0.01192919	0.06302674	0.01192919
4500	-220.2263	-226.4073	6.18106	0.04089733	0.01388535	0.02701198	0.01388535
4510	-237.4973	-242.4461	4.948809	0.0800493	0.0529642	0.0270851	0.0529642
4520	-216.4666	-222.7982	6.331593	0.03471045	0.009190381	0.02552007	0.009190381
4530	-289.7317	-293.0505	3.318748	0.1088165	0.03389378	0.07492275	0.03389378
4540	-235.6692	-240.862	5.19281	0.07122116	0.04079519	0.03042597	0.04079519
4550	-237.8274	-242.9672	5.139725	0.07229393	0.03847186	0.03382207	0.03847186
4560	-228.4655	-233.9652	5.499694	0.05960815	0.03611544	0.02349271	0.03611544
4570	-229.2345	-234.9291	5.69464	0.05561836	0.02439733	0.03122103	0.02439733
4580	-212.0341	-217.7114	5.677307	0.01595584	0.004903515	0.01105232	0.004903515
4590	-235.6004	-241.1313	5.530902	0.05880621	0.01873254	0.04007366	0.01873254
4600	-226.3615	-232.3144	5.952933	0.04792842	0.01432737	0.03360106	0.01432737
4610	-219.2839	-223.2447	3.960834	0.009610026	0.003296425	0.006313601	0.003296425
4620	-234.1652	-238.5995	4.434234	0.07801176	0.06442534	0.01358642	0.06442534
4630	-283.8296	-287.7129	3.883364	0.09223422	0.01746097	0.07477325	0.01746097
4640	-215.4293	-221.782	6.352758	0.0329992	0.007977705	0.0250215	0.007977705
4650	-233.4808	-239.0304	5.549559	0.04901642	0.004764162	0.04425225	0.004764162
4660	-265.2655	-268.4239	3.158387	0.1567014	0.1176887	0.03901268	0.1176887
4670	-216.1562	-222.4953	6.339024	0.03434388	0.009655835	0.02468804	0.009655835
4680	-223.604	-229.6683	6.064292	0.04480574	0.01374043	0.03106531	0.01374043
4690	-224.2362	-229.7745	5.53831	0.05122132	0.03353535	0.01768597	0.03353535
4700	-218.9344	-225.189	6.25466	0.03823566	0.01034345	0.02789221	0.01034345
4710	-240.5549	-245.3186	4.763744	0.08714775	0.05860179	0.02854596	0.05860179
4720	-337.6383	-337.652	0.01361146	0.2563869	0.1677293	0.08865754	0.1677293
4730	-257.86	-260.8051	2.94518	0.1794186	0.1619098	0.01750877	0.1619098
4740	-230.6529	-235.3623	4.709353	0.06737826	0.05372669	0.01365157	0.05372669
4750	-268.2781	-270.9071	2.628952	0.2079117	0.1777687	0.03014302	0.1777687
4760	-234.1526	-239.7734	5.620821	0.05627989	0.01649205	0.03978785	0.01649205
4770	-214.3398	-219.5007	5.160816	0.01619671	0.007638765	0.008557945	0.007638765
4780	-282.3902	-284.5206	2.130418	0.2033301	0.1544944	0.0488357	0.1544944
4790	-222.8541	-228.4557	5.601599	0.04797629	0.03090811	0.01706818	0.03090811
4800	-229.5077	-235.1031	5.595408	0.05841202	0.02975656	0.02865547	0.02975656
4810	-237.7052	-242.4794	4.774233	0.08536399	0.06276752	0.02259647	0.06276752
4820	-212.5244	-218.8574	6.333068	0.02797621	0.005265519	0.02271069	0.005265519
4830	-292.017	-292.1753	0.1583117	0.5011196	0.4810808	0.0200388	0.4810808
4840	-241.9838	-247.3691	5.385285	0.05931571	0.01097294	0.04834277	0.01097294
4850	-211.7286	-217.945	6.216455	0.02338355	0.00812819	0.01525536	0.00812819
4860	-240.7389	-245.5017	4.762798	0.08711663	0.05815443	0.0289622	0.05815443
4870	-238.7749	-244.2103	5.43543	0.06040627	0.01687888	0.04352739	0.01687888
4880	-235.514	-240.1446	4.630626	0.08209325	0.06528152	0.01681173	0.06528152
4890	-257.2618	-261.3835	4.12169	0.1008287	0.05413282	0.04669589	0.05413282
4900	-243.3262	-247.0575	3.731318	0.1110306	0.09745438	0.01357617	0.09745438
4910	-218.8358	-225.0817	6.24593	0.03860402	0.0121231	0.02648091	0.0121231
4920	-254.5105	-259.4477	4.937238	0.06869255	0.01155932	0.05713322	0.01155932
4930	-216.9214	-222.7852	5.863842	0.03407048	0.01937639	0.01469409	0.01937639
4940	-246.3788	-251.4744	5.095565	0.06833758	0.01991001	0.04842758	0.01991001
4950	-219.4637	-225.6063	6.142588	0.03718684	0.005675267	0.03151157	0.005675267
4960	-279.3244	-281.381	2.056555	0.2300356	0.1892935	0.0407421	0.1892935
4970	-216.5469	-222.7849	6.237996	0.03385175	0.005517213	0.02833454	0.005517213
4980	-213.4793	-219.8606	6.381329	0.02976408	0.007103503	0.02266057	0.007103503
4990	-215.679	-221.9766	6.29756	0.03293713	0.006106038	0.02683109	0.006106038
5000	-211.1821	-217.2761	6.094083	0.02022789	0.006418442	0.01380945	0.006418442
5010	-345.9657	-347.2079	1.242202	0.1624435	0.05643754	0.1060059	0.05643754
5020	-239.5915	-244.8288	5.237294	0.06726666	0.02713496	0.0401317	0.02713496
5030	-245.2753	-249.8074	4.532041	0.09504584	0.06234642	0.03269942	0.06234642
5040	-265.5203	-269.1682	3.647897	0.115836	0.06499185	0.05084414	0.06499185
5050	-235.8063	-237.8536	2.047314	0.07387817	0.06825256	0.005625611	0.06825256
5060	-213.9655	-220.2593	6.293778	0.02994435	0.01147913	0.01846522	0.01147913
5070	-243.3974	-247.2937	3.8963	0.1108969	0.09569853	0.01519835	0.09569853
5080	-226.0584	-231.615	5.556602	0.05514133	0.03458821	0.02055312	0.03458821
5090	-212.5223	-218.6911	6.168854	0.02772592	0.003632778	0.02409315	0.003632778
5100	-252.3832	-255.1029	2.719674	0.1534221	0.1419575	0.01146463	0.1419575
5110	-226.7631	-232.4537	5.690595	0.05467853	0.02930956	0.02536897	0.02930956
5120	-257.6215	-262.3251	4.703614	0.07603874	0.01905724	0.0569815	0.01905724
5130	-243.1821	-248.51	5.327939	0.06121906	0.01257301	0.04864605	0.01257301
5140	-263.639	-268.2664	4.627404	0.07510278	0.01191397	0.06318881	0.01191397
5150	-235.7471	-240.8196	5.072496	0.07545272	0.04861824	0.02683448	0.04861824
5160	-269.8337	-272.4836	2.649899	0.197784	0.1628592	0.03492485	0.1628592
5170	-222.4231	-227.465	5.041909	0.04419008	0.03275801	0.01143208	0.03275801
5180	-228.296	-233.4926	5.196538	0.06124694	0.0441293	0.01711764	0.0441293
5190	-249.9689	-254.91	4.941052	0.07181925	0.02103872	0.05078053	0.02103872
5200	-216.3753	-222.624	6.248695	0.0336693	0.005597881	0.02807142	0.005597881
5210	-303.0365	-304.9879	1.951364	0.164453	0.09037586	0.07407716	0.09037586
5220	-219.2731	-225.4644	6.191307	0.03987625	0.01493551	0.02494074	0.01493551
5230	-233.0015	-237.3938	4.392373	0.07405385	0.06149323	0.01256063	0.06149323
5240	-246.8228	-250.6596	3.836789	0.1233579	0.1055257	0.01783219	0.1055257
5250	-229.069	-234.6504	5.581426	0.05858508	0.03139074	0.02719434	0.03139074
5260	-319.2007	-322.25	3.049331	0.1061384	0.00821853	0.09791987	0.00821853
5270	-268.6445	-271.6847	3.040124	0.1565052	0.1132538	0.04325144	0.1132538
5280	-230.5286	-235.2351	4.706455	0.04415836	0.001452924	0.04270544	0.001452924
5290	-235.7873	-240.3587	4.571315	0.08310555	0.06680424	0.01630131	0.06680424
5300	-227.8297	-233.5739	5.744243	0.05411018	0.02457615	0.02953403	0.02457615
5310	-216.9747	-223.2175	6.242802	0.03612024	0.01433573	0.02178452	0.01433573
5320	-223.0169	-228.9171	5.900207	0.04754864	0.02394745	0.02360118	0.02394745
5330	-226.0248	-231.7917	5.766895	0.05268827	0.02662146	0.02606681	0.02662146
5340	-210.558	-216.7647	6.206712	0.0234691	0.003854503	0.0196146	0.003854503
5350	-227.577	-233.2245	5.647486	0.05617528	0.03031511	0.02586017	0.03031511
5360	-262.2937	-266.1555	3.861823	0.1081775	0.05838911	0.04978838	0.05838911
5370	-225.9573	-231.7452	5.7879	0.05224808	0.02567193	0.02657615	0.02567193
5380	-240.8685	-245.5463	4.677809	0.09076461	0.06416476	0.02659985	0.06416476
5390	-266.515	-269.2575	2.742452	0.2005986	0.1714541	0.02914449	0.1714541
5400	-229.3153	-234.4941	5.178786	0.06381801	0.04579771	0.0180203	0.04579771
5410	-245.4241	-250.3106	4.886536	0.07697574	0.0343979	0.04257784	0.0343979
5420	-228.229	-233.8878	5.658762	0.05635472	0.02865932	0.0276954	0.02865932
5430	-264.0694	-267.6237	3.554316	0.1249323	0.07841304	0.04651931	0.07841304
5440	-217.7678	-224.0475	6.279711	0.03607663	0.00788871	0.02818792	0.00788871
5450	-229.7017	-234.7323	5.030586	0.06503386	0.04874057	0.0162933	0.04874057
5460	-244.7518	-249.6249	4.873176	0.07813364	0.03709574	0.0410379	0.03709574
5470	-217.4281	-223.7299	6.3018	0.03593526	0.008893008	0.02704225	0.008893008
5480	-222.9067	-228.9408	6.034122	0.04549435	0.01770869	0.02778565	0.01770869
5490	-249.0564	-254.0032	4.946768	0.07214266	0.02256612	0.04957654	0.02256612
5500	-237.2284	-240.9844	3.755916	0.08705817	0.0763848	0.01067337	0.0763848
5510	-251.4722	-256.1785	4.706278	0.07957767	0.03080183	0.04877584	0.03080183
5520	-210.1476	-215.9036	5.75593	0.01713004	0.00264301	0.01448703	0.00264301
5530	-231.6359	-237.3142	5.678357	0.04807251	0.005595035	0.04247748	0.005595035
5540	-218.402	-224.6684	6.266359	0.03783553	0.01135632	0.02647921	0.01135632
5550	-214.8931	-220.9915	6.098471	0.03055262	0.01469338	0.01585924	0.01469338
5560	-233.454	-238.9939	5.539894	0.04892213	0.004648075	0.04427405	0.004648075
5570	-241.6296	-246.5955	4.96589	0.07684496	0.03965778	0.03718718	0.03965778
5580	-261.705	-264.9995	3.294508	0.1555718	0.1211493	0.03442251	0.1211493
5590	-233.481	-239.0405	5.55954	0.05887709	0.02231993	0.03655716	0.02231993
5600	-216.4108	-222.2562	5.845357	0.032534	0.01846211	0.01407189	0.01846211
5610	-217.3348	-223.4965	6.161645	0.03453081	0.004853325	0.02967749	0.004853325
5620	-228.1512	-233.7674	5.616196	0.05724136	0.03105428	0.02618708	0.03105428
5630	-236.3446	-241.8427	5.498106	0.05958253	0.01895785	0.04062468	0.01895785
5640	-283.2686	-285.1537	1.885103	0.2322738	0.1873427	0.04493103	0.1873427
5650	-233.7388	-238.4669	4.728169	0.07668567	0.06036135	0.01632431	0.06036135
5660	-221.0796	-226.6513	5.571713	0.04333477	0.02838447	0.0149503	0.02838447
5670	-231.1437	-235.9402	4.796545	0.06903162	0.05419251	0.01483911	0.05419251
5680	-238.5684	-243.6534	5.084999	0.07409054	0.04021755	0.03387299	0.04021755
5690	-262.36	-265.8322	3.47216	0.1359955	0.09481626	0.0411792	0.09481626
5700	-270.5664	-274.964	4.397577	0.07559623	0.006477762	0.06911847	0.006477762
5710	-285.1987	-286.0084	0.8096639	0.4061251	0.3855409	0.02058421	0.3855409
5720	-216.116	-222.0127	5.896723	0.03213781	0.01774783	0.01438998	0.01774783
5730	-261.1443	-265.4683	4.324055	0.0876988	0.03188221	0.0558166	0.03188221
5740	-225.7311	-231.6057	5.87466	0.04292176	0.005204013	0.03771774	0.005204013
5750	-246.3512	-251.0074	4.656219	0.08676414	0.04800989	0.03875425	0.04800989
5760	-224.5686	-230.4892	5.920581	0.04874265	0.02101598	0.02772667	0.02101598
5770	-270.3043	-274.7309	4.426614	0.07861668	0.01077302	0.06784366	0.01077302
5780	-221.8021	-227.9397	6.137628	0.04063777	0.008157399	0.03248037	0.008157399
5790	-254.074	-258.4915	4.41748	0.08966092	0.04228605	0.04737487	0.04228605
5800	-227.3708	-233.3087	5.937874	0.04742774	0.01121727	0.03621047	0.01121727
5810	-246.7643	-251.3091	4.544791	0.09225661	0.05567903	0.03657758	0.05567903
5820	-209.8588	-215.8512	5.992345	0.0203791	0.002925248	0.01745386	0.002925248
5830	-241.4695	-246.6725	5.203004	0.06737554	0.02464345	0.04273209	0.02464345
5840	-222.7588	-228.8391	6.08027	0.04116009	0.007167013	0.03399308	0.007167013
5850	-263.0802	-267.4986	4.41836	0.08316308	0.02368793	0.05947516	0.02368793
5860	-213.3976	-219.6291	6.231468	0.02792451	0.0113703	0.01655421	0.0113703
5870	-260.6342	-264.9985	4.364256	0.06654754	0.002992699	0.06355484	0.002992699
5880	-238.6881	-243.7236	5.035466	0.07612999	0.0434819	0.03264809	0.0434819
5890	-270.7893	-273.5112	2.721851	0.1836208	0.1441784	0.03944235	0.1441784
5900	-212.4842	-218.8611	6.37687	0.02785356	0.006434832	0.02141872	0.006434832
5910	-219.2711	-225.0452	5.774116	0.03557563	0.00283279	0.03274284	0.00283279
5920	-226.3371	-231.9498	5.612699	0.05519463	0.032847	0.02234763	0.032847
5930	-236.2498	-241.5939	5.344112	0.0652399	0.02897198	0.03626792	0.02897198
5940	-215.9437	-222.277	6.333312	0.03365552	0.007606638	0.02604888	0.007606638
5950	-299.1126	-302.4077	3.295098	0.1060303	0.02293616	0.08309415	0.02293616
5960	-298.4794	-298.3574	-0.1219749	0.5422398	0.5150512	0.02718861	0.5150512
5970	-228.1911	-233.8551	5.663955	0.05621536	0.02844231	0.02777305	0.02844231
5980	-228.5096	-234.0333	5.523749	0.05928542	0.03504133	0.02424409	0.03504133
5990	-231.7849	-236.6001	4.815167	0.07092978	0.05534917	0.01558062	0.05534917
6000	-225.2306	-230.9763	5.745697	0.05216376	0.02843136	0.0237324	0.02843136
6010	-227.9045	-233.5005	5.596003	0.05741607	0.03237666	0.0250394	0.03237666
6020	-234.2143	-239.5842	5.369931	0.06522575	0.03269101	0.03253474	0.03269101
6030	-222.9922	-227.9135	4.92129	0.04517784	0.0341904	0.01098744	0.0341904
6040	-210.6653	-216.7256	6.060312	0.01901575	0.004944983	0.01407076	0.004944983
6050	-247.3752	-250.932	3.556776	0.1279914	0.1131246	0.01486686	0.1131246
6060	-247.0438	-250.9741	3.930309	0.1222823	0.1025603	0.01972196	0.1025603
6070	-228.4414	-233.937	5.49566	0.05963529	0.03629841	0.02333688	0.03629841
6080	-234.1058	-239.263	5.15725	0.04799165	0.002603653	0.04538799	0.002603653
6090	-230.3046	-235.7525	5.447842	0.06242083	0.03652539	0.02589544	0.03652539
6100	-217.6176	-223.7907	6.17307	0.037332	0.01642719	0.0209048	0.01642719
6110	-215.4284	-221.7055	6.277115	0.03312728	0.0130294	0.02009789	0.0130294
6120	-214.9631	-220.9183	5.955132	0.02943565	0.01532751	0.01410814	0.01532751
6130	-258.6191	-262.1877	3.568631	0.1386485	0.1033578	0.03529062	0.1033578
6140	-233.5351	-239.0578	5.522776	0.06012977	0.02453347	0.03559631	0.02453347
6150	-274.4057	-276.7684	2.362714	0.2134024	0.175686	0.03771649	0.175686
6160	-218.4932	-224.4912	5.997998	0.03532207	0.003799897	0.03152217	0.003799897
6170	-216.9675	-222.6034	5.635863	0.03243021	0.01988594	0.01254427	0.01988594
6180	-223.9038	-229.7885	5.884655	0.04881065	0.02379462	0.02501603	0.02379462
6190	-260.9921	-265.3006	4.308449	0.08840804	0.03301585	0.05539219	0.03301585
6200	-221.1142	-226.659	5.544777	0.04329243	0.02860934	0.01468309	0.02860934
6210	-239.2894	-244.6517	5.362342	0.06283643	0.02022124	0.04261519	0.02022124
6220	-251.4195	-255.3259	3.906421	0.1269836	0.09913039	0.02785324	0.09913039
6230	-234.6646	-240.3225	5.657888	0.05363293	0.01102497	0.04260795	0.01102497
6240	-257.4772	-262.1167	4.639489	0.07835765	0.02251925	0.0558384	0.02251925
6250	-250.3634	-254.1885	3.825048	0.1316502	0.108551	0.02309919	0.108551
6260	-244.0085	-248.7673	4.758736	0.08429268	0.04773309	0.03655959	0.04773309
6270	-252.5108	-256.7194	4.208633	0.1033129	0.06353069	0.03978224	0.06353069
6280	-241.7699	-247.1302	5.360285	0.06116418	0.01421144	0.04695274	0.01421144
6290	-238.9486	-244.1697	5.221051	0.06829731	0.02982198	0.03847533	0.02982198
6300	-212.1365	-218.3326	6.196139	0.02414962	0.009060598	0.01508902	0.009060598
6310	-220.3313	-224.3317	4.000316	0.03136745	0.02451978	0.006847671	0.02451978
6320	-221.1186	-226.9237	5.805181	0.04427781	0.02599464	0.01828317	0.02599464
6330	-253.5804	-258.5604	4.980005	0.06602712	0.008598866	0.05742826	0.008598866
6340	-230.3469	-236.1391	5.792214	0.05196001	0.01478053	0.03717948	0.01478053
6350	-254.8579	-258.4369	3.578943	0.1462414	0.1201911	0.02605034	0.1201911
6360	-289.5762	-290.9413	1.365133	0.2757221	0.2302387	0.04548341	0.2302387
6370	-214.1471	-219.4474	5.300334	0.0185178	0.009426974	0.009090821	0.009426974
6380	-219.3463	-225.5668	6.220452	0.03784297	0.007691989	0.03015098	0.007691989
6390	-222.0901	-228.2248	6.134638	0.04252222	0.01214245	0.03037977	0.01214245
6400	-222.5155	-227.9732	5.457615	0.04662243	0.03172442	0.014898	0.03172442
6410	-256.1649	-260.3816	4.216719	0.09718475	0.05038637	0.04679838	0.05038637
6420	-268.0977	-270.7483	2.650596	0.2058928	0.1755301	0.03036262	0.1755301
6430	-229.5285	-235.3471	5.818576	0.05144554	0.01525911	0.03618643	0.01525911
6440	-220.975	-227.0593	6.084333	0.04305261	0.01808959	0.02496303	0.01808959
6450	-235.9054	-241.5172	5.6118	0.05450791	0.0108049	0.04370301	0.0108049
6460	-215.5149	-221.849	6.334079	0.03343853	0.01110084	0.02233769	0.01110084
6470	-241.0076	-245.4107	4.403178	0.09873569	0.07882078	0.01991492	0.07882078
6480	-228.1521	-233.8315	5.679383	0.05583161	0.02765515	0.02817646	0.02765515
6490	-249.6557	-254.5486	4.892892	0.07373848	0.02426778	0.0494707	0.02426778
6500	-248.1884	-253.2236	5.035233	0.06945789	0.019506	0.0499519	0.019506
6510	-241.9342	-245.2849	3.350716	0.1046154	0.09414932	0.01046608	0.09414932
6520	-220.1618	-226.3075	6.145738	0.04141179	0.01611693	0.02529486	0.01611693
6530	-228.818	-234.302	5.484057	0.06028649	0.03651098	0.02377551	0.03651098
6540	-222.474	-228.5397	6.065687	0.04460309	0.01667134	0.02793175	0.01667134
6550	-218.8999	-225.1466	6.24666	0.03861796	0.01185504	0.02676292	0.01185504
6560	-245.7027	-250.1978	4.495112	0.09663578	0.06406116	0.03257462	0.06406116
6570	-285.7635	-289.2821	3.518547	0.1035718	0.03050837	0.07306343	0.03050837
6580	-232.828	-238.2467	5.41865	0.06388995	0.03305762	0.03083233	0.03305762
6590	-258.9826	-262.2587	3.276094	0.1649949	0.1382084	0.02678653	0.1382084
6600	-217.3459	-223.6201	6.274211	0.03661831	0.01282939	0.02378892	0.01282939
6610	-221.1592	-227.3058	6.146634	0.03966006	0.007390109	0.03226995	0.007390109
6620	-232.1766	-237.5528	5.376267	0.06517836	0.03721155	0.02796681	0.03721155
6630	-238.0892	-242.5013	4.412079	0.09068585	0.07418489	0.01650096	0.07418489
6640	-219.3828	-225.5614	6.178653	0.04014457	0.01544441	0.02470015	0.01544441
6650	-212.5888	-218.6625	6.073692	0.0276702	0.003127991	0.0245422	0.003127991
6660	-277.3062	-278.9086	1.602458	0.3110769	0.2884427	0.0226342	0.2884427
6670	-251.3597	-256.0721	4.71238	0.07941943	0.03070055	0.04871889	0.03070055
6680	-242.5616	-246.5441	3.982461	0.1074827	0.09204416	0.01543858	0.09204416
6690	-254.971	-259.9047	4.933743	0.06785557	0.009878749	0.05797682	0.009878749
6700	-230.3888	-236.1658	5.77695	0.05256639	0.01588151	0.03668488	0.01588151
6710	-240.1284	-245.5845	5.456105	0.05749354	0.01029454	0.047199	0.01029454
6720	-233.395	-239.0977	5.702667	0.05297848	0.01172222	0.04125626	0.01172222
6730	-217.9853	-224.2698	6.284544	0.03668171	0.009040794	0.02764092	0.009040794
6740	-242.2913	-247.008	4.71675	0.0882828	0.0570014	0.03128139	0.0570014
6750	-246.9318	-252.1257	5.193892	0.06387999	0.0123922	0.05148779	0.0123922
6760	-300.3316	-303.6695	3.337864	0.1043235	0.01985061	0.08447284	0.01985061
6770	-265.9477	-268.5891	2.641367	0.2124525	0.1877323	0.02472019	0.1877323
6780	-225.9708	-231.93	5.959128	0.04788045	0.01509806	0.03278239	0.01509806
6790	-254.4353	-258.112	3.676704	0.1395939	0.1115381	0.02805571	0.1115381
6800	-272.9723	-276.7948	3.8225	0.09933962	0.03615684	0.06318277	0.03615684
6810	-276.3167	-279.6121	3.29541	0.1206306	0.06041988	0.06021076	0.06041988
6820	-211.0188	-216.5888	5.570006	0.02393839	0.001701151	0.02223724	0.001701151
6830	-219.7323	-225.742	6.009665	0.04147146	0.02106612	0.02040534	0.02106612
6840	-219.6344	-225.8651	6.230639	0.03910398	0.01041655	0.02868743	0.01041655
6850	-215.0023	-221.2395	6.237127	0.03194113	0.01347283	0.0184683	0.01347283
6860	-229.3932	-235.2373	5.844133	0.05038751	0.01341684	0.03697067	0.01341684
6870	-240.101	-244.1405	4.039513	0.09842746	0.08432293	0.01410453	0.08432293
6880	-244.266	-247.7689	3.502941	0.1149392	0.1025475	0.01239164	0.1025475
6890	-225.7482	-231.3178	5.569639	0.05447112	0.03413082	0.02034029	0.03413082
6900	-257.1279	-260.2632	3.135262	0.1714909	0.151824	0.01966689	0.151824
6910	-228.607	-234.4797	5.872674	0.04683304	0.007869415	0.03896362	0.007869415
6920	-228.377	-233.9782	5.601195	0.05771565	0.03148116	0.02623448	0.03148116
6930	-222.7432	-228.7778	6.03462	0.0453871	0.01799245	0.02739465	0.01799245
6940	-309.6754	-312.2875	2.61209	0.1253422	0.03869589	0.08664626	0.03869589
6950	-266.6019	-270.2362	3.634331	0.1149278	0.06267144	0.05225639	0.06267144
6960	-272.6838	-275.8373	3.153498	0.135544	0.08267241	0.05287164	0.08267241
6970	-245.2152	-249.6241	4.408883	0.1021078	0.07352582	0.02858199	0.07352582
6980	-233.2671	-238.7505	5.483317	0.061593	0.0277581	0.0338349	0.0277581
6990	-268.3268	-271.0174	2.690585	0.1997073	0.1674407	0.03226665	0.1674407
7000	-217.1617	-221.427	4.265358	0.02036679	0.01372768	0.006639107	0.01372768
7010	-226.8065	-232.3284	5.521945	0.05676563	0.03575539	0.02101024	0.03575539
7020	-225.7706	-231.3683	5.597718	0.05435392	0.03336164	0.02099227	0.03336164
7030	-215.5956	-221.947	6.351377	0.03348599	0.009680695	0.0238053	0.009680695
7040	-210.6489	-216.8218	6.172909	0.02381446	0.003565833	0.02024862	0.003565833
7050	-250.615	-255.2448	4.629774	0.08344094	0.03746238	0.04597856	0.03746238
7060	-242.7473	-247.775	5.027722	0.07327809	0.03230752	0.04097057	0.03230752
7070	-244.4893	-248.8543	4.364981	0.1044908	0.07899787	0.0254929	0.07899787
7080	-210.0069	-215.7793	5.772412	0.02140803	0.002109642	0.01929839	0.002109642
7090	-221.3925	-227.3269	5.93441	0.04475333	0.02333331	0.02142002	0.02333331
7100	-271.5071	-275.8886	4.381507	0.07985167	0.01140278	0.06844889	0.01140278
7110	-219.273	-225.491	6.217969	0.03767451	0.007452707	0.0302218	0.007452707
7120	-253.9532	-258.2002	4.247056	0.09860785	0.05503692	0.04357093	0.05503692
7130	-214.6169	-220.8196	6.202733	0.03074482	0.01345228	0.01729254	0.01345228
7140	-213.1117	-219.4889	6.377201	0.02883678	0.008590451	0.02024632	0.008590451
7150	-235.2508	-240.8656	5.614748	0.05203495	0.007468764	0.04456619	0.007468764
7160	-223.9288	-229.947	6.018261	0.04201952	0.006623588	0.03539593	0.006623588
7170	-223.8048	-229.5747	5.769913	0.0497884	0.02813859	0.02164981	0.02813859
7180	-252.1766	-256.0466	3.87004	0.128565	0.09998254	0.02858247	0.09998254
7190	-251.0633	-254.9801	3.916748	0.1266547	0.09935346	0.02730128	0.09935346
7200	-253.6527	-257.9867	4.333993	0.09427768	0.04931607	0.04496161	0.04931607
7210	-211.2622	-217.3838	6.121582	0.02082177	0.006769433	0.01405234	0.006769433
7220	-214.1729	-220.4921	6.319219	0.03063196	0.01120468	0.01942727	0.01120468
7230	-221.9155	-226.896	4.980431	0.04234511	0.03150902	0.0108361	0.03150902
7240	-231.976	-236.8287	4.852712	0.07145412	0.0552406	0.01621352	0.0552406
7250	-228.6639	-234.2481	5.584118	0.0582785	0.03192201	0.0263565	0.03192201
7260	-239.6451	-244.9222	5.277009	0.06575283	0.02455283	0.0412	0.02455283
7270	-260.6452	-264.6031	3.957897	0.105133	0.05613266	0.04900032	0.05613266
7280	-234.3843	-239.4844	5.1001	0.07386812	0.0492419	0.02462622	0.0492419
7290	-228.1686	-229.5426	1.374056	0.04399672	0.03993659	0.004060132	0.03993659
7300	-258.2608	-261.8385	3.577754	0.1388914	0.104211	0.03468035	0.104211
7310	-213.9408	-220.2351	6.29431	0.02989081	0.01144267	0.01844813	0.01144267
7320	-222.046	-228.0252	5.979163	0.04548265	0.02156642	0.02391623	0.02156642
7330	-221.8933	-227.833	5.939753	0.04557313	0.02309232	0.0224808	0.02309232
7340	-231.3943	-237.0489	5.654567	0.05645778	0.02156264	0.03489513	0.02156264
7350	-230.8028	-236.2531	5.450339	0.06265859	0.03556215	0.02709644	0.03556215
7360	-217.9596	-224.0449	6.085247	0.03788636	0.01855047	0.01933588	0.01855047
7370	-239.3932	-244.3942	5.000969	0.07714479	0.0439075	0.03323729	0.0439075
7380	-290.7692	-291.6301	0.8608461	0.3698066	0.334823	0.03498359	0.334823
7390	-231.0647	-234.8347	3.769966	0.06488805	0.05615628	0.008731767	0.05615628
7400	-224.8719	-229.6843	4.812388	0.0501788	0.03896311	0.01121569	0.03896311
7410	-230.3941	-235.6014	5.207339	0.06610181	0.04610362	0.01999819	0.04610362
7420	-221.8424	-227.9502	6.107871	0.0433673	0.0153106	0.0280567	0.0153106
7430	-219.4066	-225.635	6.228401	0.03933467	0.01209184	0.02724283	0.01209184
7440	-222.3145	-228.3602	6.0457	0.04488473	0.01813304	0.02675169	0.01813304
7450	-227.6508	-233.0465	5.395688	0.0591969	0.0395243	0.01967259	0.0395243
7460	-242.3685	-247.6945	5.325973	0.06215891	0.01506748	0.04709143	0.01506748
7470	-277.9383	-282.1403	4.201984	0.0817908	0.008565083	0.07322572	0.008565083
7480	-217.4181	-223.2774	5.859319	0.03536348	0.02028729	0.01507619	0.02028729
7490	-224.8064	-230.5571	5.750642	0.05152918	0.02850638	0.0230228	0.02850638
7500	-210.8563	-217.0535	6.197185	0.02437886	0.003710903	0.02066796	0.003710903
7510	-235.6757	-241.2001	5.524326	0.05900572	0.01896711	0.04003861	0.01896711
7520	-239.6968	-244.5119	4.815095	0.08517545	0.05706771	0.02810774	0.05706771
7530	-210.2819	-216.1583	5.876416	0.0174466	0.003258723	0.01418788	0.003258723
7540	-220.7003	-226.7181	6.017829	0.04320664	0.02087749	0.02232915	0.02087749
7550	-284.8436	-288.7863	3.942625	0.08966463	0.0132745	0.07639013	0.0132745
7560	-256.4637	-259.1794	2.715715	0.1755984	0.1618733	0.01372515	0.1618733
7570	-237.3142	-242.3912	5.077051	0.07514023	0.04444821	0.03069202	0.04444821
7580	-215.8884	-221.2515	5.363152	0.02672321	0.01654172	0.01018149	0.01654172
7590	-241.2091	-245.9863	4.777244	0.08616438	0.05559249	0.03057189	0.05559249
7600	-263.1097	-267.3791	4.269403	0.08850556	0.0310217	0.05748386	0.0310217
7610	-225.927	-231.9221	5.995133	0.0455757	0.01017227	0.03540344	0.01017227
7620	-265.8453	-268.2674	2.422072	0.2270486	0.2074692	0.0195794	0.2074692
7630	-239.1597	-244.652	5.492294	0.05645048	0.009796249	0.04665423	0.009796249
7640	-215.9902	-221.8768	5.886632	0.0317071	0.01752982	0.01417728	0.01752982
7650	-217.3481	-223.6478	6.299647	0.03631171	0.01099406	0.02531765	0.01099406
7660	-240.3718	-245.4312	5.059332	0.07382737	0.03674089	0.03708648	0.03674089
7670	-248.9836	-252.9032	3.919608	0.1262224	0.1034429	0.02277944	0.1034429
7680	-215.3436	-221.0898	5.746149	0.0309598	0.00230041	0.02865939	0.00230041
7690	-213.287	-219.4495	6.162477	0.02686918	0.01151851	0.01535067	0.01151851
7700	-268.5764	-270.9854	2.408959	0.2320577	0.2077528	0.02430489	0.2077528
7710	-239.1599	-244.5337	5.373753	0.06249408	0.01983226	0.04266182	0.01983226
7720	-211.8453	-218.1957	6.350395	0.02656259	0.005559112	0.02100348	0.005559112
7730	-232.5221	-237.822	5.29995	0.06743165	0.04102573	0.02640593	0.04102573
7740	-221.2179	-225.4144	4.19651	0.03550018	0.02794194	0.007558238	0.02794194
7750	-255.7075	-259.3063	3.598823	0.1436342	0.1148593	0.02877491	0.1148593
7760	-223.3574	-229.2745	5.917102	0.04778074	0.02295458	0.02482617	0.02295458
7770	-216.9556	-223.2267	6.271051	0.03603456	0.01328198	0.02275257	0.01328198
7780	-215.4517	-221.2195	5.767731	0.03113556	0.00236776	0.0287678	0.00236776
7790	-221.6091	-227.7679	6.158709	0.04107035	0.00972562	0.03134473	0.00972562
7800	-216.5324	-222.4483	5.915932	0.03277054	0.002994704	0.02977584	0.002994704
7810	-218.3574	-222.0208	3.663369	0.01973008	0.01408623	0.005643849	0.01408623
7820	-230.1607	-235.688	5.527298	0.06040609	0.03238825	0.02801784	0.03238825
7830	-244.8159	-247.6385	2.822525	0.1155604	0.1063887	0.00917174	0.1063887
7840	-247.6494	-251.6401	3.99061	0.1218205	0.09982523	0.0219953	0.09982523
7850	-237.6267	-242.0704	4.443651	0.08912933	0.07267493	0.0164544	0.07267493
7860	-254.6675	-259.6067	4.93918	0.06824508	0.01074803	0.05749705	0.01074803
7870	-284.5321	-287.8207	3.28859	0.1130789	0.04360049	0.0694784	0.04360049
7880	-287.1248	-289.6978	2.573062	0.148639	0.08505516	0.06358388	0.08505516
7890	-249.5072	-253.1249	3.617669	0.1354955	0.1178216	0.01767391	0.1178216
7900	-232.0407	-237.4414	5.400784	0.06443319	0.03601413	0.02841905	0.03601413
7910	-214.5656	-220.9038	6.338166	0.0314387	0.00630052	0.02513818	0.00630052
7920	-223.587	-229.6715	6.084571	0.0431908	0.009920104	0.0332707	0.009920104
7930	-255.8712	-259.3837	3.512543	0.1501306	0.1236703	0.02646027	0.1236703
7940	-230.6689	-236.4593	5.790414	0.05174664	0.01380801	0.03793864	0.01380801
7950	-231.7898	-236.6149	4.82504	0.07094208	0.05524112	0.01570096	0.05524112
7960	-226.8696	-232.8266	5.957031	0.04699573	0.01129045	0.03570528	0.01129045
7970	-214.2656	-220.5019	6.236308	0.03016377	0.01261931	0.01754446	0.01261931
7980	-248.1272	-253.101	4.973854	0.07171224	0.02299918	0.04871306	0.02299918
7990	-252.1969	-256.8502	4.6533	0.08114247	0.03224629	0.04889618	0.03224629
8000	-215.1142	-221.3951	6.280896	0.03201209	0.0054497	0.02656239	0.0054497
8010	-242.644	-247.6971	5.053108	0.07233291	0.0309537	0.04137921	0.0309537
8020	-265.1094	-268.2392	3.129783	0.1603922	0.1225824	0.03780979	0.1225824
8030	-214.8382	-220.1998	5.361638	0.02284907	0.01316024	0.009688829	0.01316024
8040	-238.0054	-243.1306	5.12515	0.072782	0.03899068	0.03379133	0.03899068
8050	-215.3985	-221.7555	6.356973	0.033022	0.008413302	0.02460869	0.008413302
8060	-210.2643	-216.4662	6.20196	0.02164923	0.004292586	0.01735665	0.004292586
8070	-227.6692	-233.4361	5.766972	0.05348455	0.02357555	0.029909	0.02357555
8080	-240.1737	-243.6644	3.490635	0.09773871	0.08725482	0.01048389	0.08725482
8090	-215.1113	-221.2116	6.100336	0.0314159	0.003681643	0.02773426	0.003681643
8100	-234.3259	-239.3684	5.042555	0.04790075	0.002294419	0.04560633	0.002294419
8110	-287.5866	-289.1025	1.51592	0.2636492	0.2186812	0.04496799	0.2186812
8120	-215.8527	-221.8921	6.039368	0.03222761	0.003471607	0.028756	0.003471607
8130	-237.0226	-242.1984	5.175738	0.07130848	0.0382415	0.03306699	0.0382415
8140	-247.8135	-250.5533	2.739781	0.1297216	0.1199453	0.009776276	0.1199453
8150	-220.7487	-226.3386	5.589961	0.04255071	0.02767818	0.01487253	0.02767818
8160	-248.254	-252.5365	4.28243	0.1061174	0.07403262	0.03208479	0.07403262
8170	-219.2322	-224.1178	4.885622	0.03367883	0.02437122	0.009307605	0.02437122
8180	-225.7764	-231.5823	5.805888	0.05177485	0.0250376	0.02673726	0.0250376
8190	-223.1621	-228.6551	5.493028	0.04845561	0.03256104	0.01589458	0.03256104
8200	-232.0649	-237.7665	5.701619	0.04889011	0.006403283	0.04248683	0.006403283
8210	-231.6108	-236.646	5.035224	0.06994033	0.05144282	0.01849751	0.05144282
8220	-232.554	-238.1175	5.5635	0.0591133	0.02444339	0.03466991	0.02444339
8230	-265.5365	-269.0853	3.548779	0.122244	0.07329367	0.04895033	0.07329367
8240	-223.6247	-229.3436	5.718902	0.04968666	0.02950158	0.02018508	0.02950158
8250	-214.7608	-221.0705	6.309635	0.03186269	0.01185507	0.02000762	0.01185507
8260	-248.4394	-253.3362	4.896832	0.07435129	0.02661377	0.04773752	0.02661377
8270	-285.266	-288.3696	3.103622	0.1207381	0.05255893	0.06817921	0.05255893
8280	-254.4008	-258.5847	4.183922	0.1015976	0.05865599	0.04294162	0.05865599
8290	-213.4986	-219.654	6.155458	0.02736883	0.01194807	0.01542076	0.01194807
8300	-225.0059	-230.9378	5.931823	0.04868439	0.01949059	0.0291938	0.01949059
8310	-248.1469	-252.0044	3.857513	0.1266939	0.1067292	0.01996471	0.1067292
8320	-234.2665	-239.6244	5.357978	0.06563322	0.03334549	0.03228773	0.03334549
8330	-242.0114	-247.003	4.991578	0.07538579	0.03673186	0.03865393	0.03673186
8340	-247.7215	-252.0575	4.33606	0.1034853	0.07100339	0.03248193	0.07100339
8350	-257.4231	-261.7042	4.281073	0.0925686	0.04255625	0.05001234	0.04255625
8360	-279.8199	-280.9423	1.12241	0.3567844	0.3389481	0.01783632	0.3389481
8370	-393.6744	-394.7047	1.03028	0.1581413	0.02010578	0.1380355	0.02010578
8380	-245.9683	-250.0751	4.106733	0.1154381	0.09375737	0.02168076	0.09375737
8390	-234.3853	-239.6742	5.288964	0.06804399	0.03762919	0.0304148	0.03762919
8400	-225.7063	-231.695	5.988653	0.04440628	0.008160824	0.03624546	0.008160824
8410	-270.0014	-273.3787	3.377346	0.1252975	0.07248958	0.05280794	0.07248958
8420	-265.9044	-270.4725	4.568104	0.07351001	0.007663099	0.06584691	0.007663099
8430	-210.1518	-215.5345	5.382625	0.01658426	0.001711162	0.0148731	0.001711162
8440	-224.005	-229.7158	5.710773	0.050456	0.02984121	0.02061479	0.02984121
8450	-219.717	-225.8211	6.104145	0.04118474	0.01829529	0.02288945	0.01829529
8460	-229.6519	-234.3276	4.675789	0.0641711	0.05141035	0.01276075	0.05141035
8470	-225.4774	-231.1979	5.720475	0.04184365	0.003705187	0.03813847	0.003705187
8480	-225.173	-231.0526	5.879592	0.0499248	0.02216322	0.02776158	0.02216322
8490	-218.3782	-224.6449	6.266759	0.03781357	0.01139492	0.02641866	0.01139492
8500	-307.1224	-310.024	2.901591	0.1162	0.02945567	0.08674437	0.02945567
8510	-222.8098	-228.8828	6.073068	0.04112739	0.006986249	0.03414114	0.006986249
8520	-270.5949	-272.7271	2.132208	0.2565269	0.2348337	0.02169319	0.2348337
8530	-234.7045	-240.3369	5.632469	0.05530377	0.01391042	0.04139335	0.01391042
8540	-252.7818	-256.4733	3.691496	0.139731	0.1151492	0.02458179	0.1151492
8550	-266.2385	-269.235	2.996579	0.1708598	0.1343009	0.03655886	0.1343009
8560	-213.8838	-220.079	6.195197	0.02881007	0.01242317	0.0163869	0.01242317
8570	-220.5753	-225.9872	5.411885	0.04107749	0.02804384	0.01303365	0.02804384
8580	-258.9769	-263.4869	4.510016	0.08212484	0.02632068	0.05580416	0.02632068
8590	-213.3709	-219.4727	6.101811	0.02895185	0.003372835	0.02557902	0.003372835
8600	-235.3505	-240.1633	4.812834	0.08038642	0.06082992	0.0195565	0.06082992
8610	-234.2111	-239.8747	5.663628	0.05422092	0.01272321	0.04149771	0.01272321
8620	-219.7375	-225.2176	5.480096	0.03547056	0.002053245	0.03341731	0.002053245
8630	-231.1088	-236.8323	5.723552	0.05418654	0.01771265	0.03647389	0.01771265
8640	-210.2147	-216.2704	6.055642	0.01908378	0.004000755	0.01508302	0.004000755
8650	-238.8965	-244.3793	5.482817	0.05817054	0.01298184	0.0451887	0.01298184
8660	-255.3573	-258.9526	3.595216	0.1445038	0.1167317	0.02777212	0.1167317
8670	-253.6783	-258.4732	4.794874	0.07494047	0.02157298	0.05336748	0.02157298
8680	-229.5941	-235.3072	5.713121	0.05503148	0.02236539	0.03266609	0.02236539
8690	-211.0375	-216.0733	5.035833	0.01467401	0.001433041	0.01324097	0.001433041
8700	-213.9134	-218.966	5.052566	0.01227125	0.002811733	0.009459512	0.002811733
8710	-223.1787	-228.9858	5.807106	0.04848807	0.02703978	0.0214483	0.02703978
8720	-247.4859	-251.5015	4.015566	0.1207203	0.09843114	0.02228919	0.09843114
8730	-213.4973	-219.0054	5.508146	0.01886507	0.008968731	0.009896334	0.008968731
8740	-212.1514	-217.6053	5.453867	0.02590726	0.001562426	0.02434483	0.001562426
8750	-212.1798	-218.4992	6.319444	0.02731044	0.00498216	0.02232828	0.00498216
8760	-210.3071	-215.318	5.010925	0.02061541	0.001096254	0.01951915	0.001096254
8770	-225.2964	-230.927	5.630604	0.05328119	0.03233576	0.02094543	0.03233576
8780	-244.3653	-248.596	4.230689	0.1091936	0.08749266	0.02170096	0.08749266
8790	-226.7241	-232.4448	5.720709	0.05410096	0.02789866	0.0262023	0.02789866
8800	-212.2857	-218.5001	6.214446	0.0247941	0.009355363	0.01543873	0.009355363
8810	-219.4584	-225.6419	6.183504	0.03752852	0.006532801	0.03099572	0.006532801
8820	-255.3019	-259.5213	4.219388	0.09820345	0.05282252	0.04538093	0.05282252
8830	-210.6593	-216.9374	6.278183	0.02285879	0.005175134	0.01768366	0.005175134
8840	-241.664	-246.7482	5.08422	0.071808	0.03150916	0.04029884	0.03150916
8850	-226.3071	-232.1696	5.862484	0.05074336	0.02084054	0.02990283	0.02084054
8860	-249.2469	-253.2984	4.051516	0.11967	0.09256694	0.02710308	0.09256694
8870	-232.9469	-236.2829	3.336027	0.06941287	0.06157259	0.007840281	0.06157259
8880	-237.4015	-242.5858	5.184261	0.07074781	0.03656501	0.0341828	0.03656501
8890	-240.2941	-245.4393	5.14519	0.07035992	0.03117975	0.03918016	0.03117975
8900	-226.9925	-232.7345	5.742057	0.04348641	0.004285264	0.03920115	0.004285264
8910	-244.5472	-249.322	4.774796	0.08289519	0.0447435	0.03815169	0.0447435
8920	-227.5617	-233.3044	5.742651	0.05407755	0.02523049	0.02884706	0.02523049
8930	-212.3156	-218.6912	6.37555	0.02749281	0.006389521	0.02110329	0.006389521
8940	-298.6826	-301.0756	2.39298	0.1433805	0.06897168	0.07440881	0.06897168
8950	-215.9254	-221.114	5.188679	0.02516318	0.01582764	0.009335539	0.01582764
8960	-258.0402	-261.3873	3.347079	0.1604391	0.133779	0.0266601	0.133779
8970	-256.0408	-259.8671	3.826322	0.1233949	0.08649056	0.03690435	0.08649056
8980	-215.6245	-221.7145	6.08997	0.03237884	0.01590364	0.0164752	0.01590364
8990	-227.488	-233.1211	5.633137	0.05636098	0.03112722	0.02523376	0.03112722
9000	-221.0889	-226.6024	5.513501	0.03692121	0.002246781	0.03467443	0.002246781
9010	-226.3713	-231.9686	5.597328	0.05539562	0.03336789	0.02202772	0.03336789
9020	-230.9449	-236.3749	5.429943	0.06324529	0.03645273	0.02679256	0.03645273
9030	-247.7563	-252.1888	4.432414	0.09738873	0.0618346	0.03555413	0.0618346
9040	-249.8029	-253.2818	3.478917	0.1383912	0.1222786	0.01611256	0.1222786
9050	-216.2225	-222.4154	6.192906	0.03319779	0.00476386	0.02843393	0.00476386
9060	-228.9539	-234.7751	5.82126	0.05166131	0.01679504	0.03486627	0.01679504
9070	-216.5223	-222.437	5.914763	0.03338263	0.01843702	0.01494561	0.01843702
9080	-239.0141	-244.0009	4.986735	0.07803769	0.04613062	0.03190708	0.04613062
9090	-222.2316	-228.365	6.133474	0.04241968	0.01147061	0.03094907	0.01147061
9100	-298.3469	-297.2064	-1.140467	0.6491676	0.6367551	0.0124125	0.6367551
9110	-235.1672	-239.5912	4.42405	0.08130252	0.06712487	0.01417765	0.06712487
9120	-217.3041	-223.6107	6.306569	0.03606396	0.01010655	0.02595741	0.01010655
9130	-216.5745	-222.902	6.327416	0.03500069	0.009915202	0.02508549	0.009915202
9140	-248.9032	-253.1015	4.198252	0.1106644	0.07967936	0.03098508	0.07967936
9150	-250.3176	-255.1353	4.81769	0.07609952	0.02701725	0.04908227	0.02701725
9160	-218.7463	-225.0039	6.257636	0.03821048	0.01108061	0.02712987	0.01108061
9170	-234.9213	-240.5299	5.608598	0.05136211	0.006771178	0.04459093	0.006771178
9180	-217.8092	-223.922	6.112766	0.03763351	0.01791262	0.0197209	0.01791262
9190	-220.9352	-227.0462	6.111006	0.04266428	0.01682459	0.0258397	0.01682459
9200	-220.8892	-226.9552	6.065971	0.04314211	0.01898702	0.02415509	0.01898702
9210	-245.0417	-250.2779	5.23614	0.06379377	0.01442903	0.04936474	0.01442903
9220	-211.9651	-218.2029	6.237813	0.02428604	0.008619808	0.01566624	0.008619808
9230	-277.6364	-281.1817	3.545219	0.1073387	0.0423163	0.06502241	0.0423163
9240	-237.2227	-242.1353	4.912576	0.08116259	0.05579413	0.02536845	0.05579413
9250	-222.2822	-228.0829	5.800719	0.04679722	0.02695958	0.01983764	0.02695958
9260	-224.3022	-229.9167	5.614425	0.05133736	0.03224471	0.01909265	0.03224471
9270	-264.5675	-269.1333	4.565737	0.07716798	0.01393755	0.06323043	0.01393755
9280	-222.8071	-228.3939	5.586743	0.04782651	0.03102744	0.01679907	0.03102744
9290	-266.5256	-270.5461	4.020541	0.09593882	0.03773067	0.05820816	0.03773067
9300	-241.2039	-244.3163	3.112423	0.1006151	0.09141155	0.009203568	0.09141155
9310	-239.6051	-244.606	5.000895	0.07698808	0.04326332	0.03372477	0.04326332
9320	-265.9885	-269.7203	3.731799	0.1102411	0.05719249	0.05304856	0.05719249
9330	-212.597	-218.9689	6.371857	0.02766486	0.008181003	0.01948386	0.008181003
9340	-248.7948	-253.4486	4.653825	0.08412253	0.04073904	0.04338349	0.04073904
9350	-225.1189	-230.6679	5.54905	0.05323489	0.03423145	0.01900344	0.03423145
9360	-234.6068	-239.766	5.159223	0.0723622	0.04549349	0.02686871	0.04549349
9370	-263.7306	-266.8246	3.093999	0.169928	0.1367109	0.03321713	0.1367109
9380	-210.5905	-216.4324	5.841855	0.02338663	0.00223674	0.02114989	0.00223674
9390	-254.4824	-258.0869	3.604445	0.1447464	0.1188179	0.02592852	0.1188179
9400	-272.4746	-275.4384	2.963798	0.1513883	0.1025855	0.04880284	0.1025855
9410	-223.3005	-229.2201	5.919587	0.04768502	0.02290588	0.02477914	0.02290588
9420	-227.3073	-232.9053	5.598061	0.05672608	0.03287876	0.02384733	0.03287876
9430	-232.7386	-238.26	5.521314	0.06047576	0.02667291	0.03380286	0.02667291
9440	-210.5979	-216.8619	6.264037	0.02323018	0.004575611	0.01865457	0.004575611
9450	-279.7703	-283.8517	4.081321	0.08058812	0.005537486	0.07505063	0.005537486
9460	-237.1575	-242.0274	4.869919	0.08234649	0.05832653	0.02401996	0.05832653
9470	-241.7882	-246.7814	4.993157	0.07550675	0.03726274	0.03824401	0.03726274
9480	-236.6573	-240.8383	4.180941	0.08611536	0.07304425	0.01307112	0.07304425
9490	-265.2353	-266.7186	1.483252	0.2358719	0.2254139	0.01045807	0.2254139
9500	-292.347	-292.8856	0.5385388	0.4317253	0.4019559	0.02976946	0.4019559
9510	-233.6581	-239.3043	5.646164	0.05560746	0.01605893	0.03954853	0.01605893
9520	-269.1225	-271.9453	2.822758	0.1788973	0.1404944	0.03840285	0.1404944
9530	-251.8128	-255.5707	3.757922	0.1358525	0.1115319	0.02432055	0.1115319
9540	-213.0737	-219.4597	6.386032	0.0288996	0.007922603	0.020977	0.007922603
9550	-217.8303	-222.6669	4.836595	0.02879255	0.02017468	0.008617869	0.02017468
9560	-253.727	-258.2036	4.47664	0.08730521	0.03934292	0.04796229	0.03934292
9570	-227.1648	-232.666	5.501227	0.05757195	0.03643024	0.02114171	0.03643024
9580	-232.9394	-238.3395	5.400013	0.06448943	0.03398235	0.03050708	0.03398235
9590	-260.45	-263.2556	2.805582	0.1932151	0.174637	0.01857815	0.174637
9600	-232.6991	-237.923	5.223973	0.06942103	0.04485682	0.0245642	0.04485682
9610	-267.8509	-270.3244	2.47344	0.2264829	0.2020621	0.02442079	0.2020621
9620	-218.21	-224.4126	6.202592	0.03832709	0.01538792	0.02293918	0.01538792
9630	-217.6352	-223.8961	6.260915	0.03712483	0.0132313	0.02389353	0.0132313
9640	-243.4988	-248.5936	5.094736	0.07013179	0.02631169	0.0438201	0.02631169
9650	-294.8555	-296.494	1.638521	0.2108662	0.1510974	0.05976881	0.1510974
9660	-211.3563	-217.5878	6.23146	0.02274113	0.00725687	0.01548426	0.00725687
9670	-238.8303	-244.3086	5.478275	0.05462805	0.007234821	0.04739323	0.007234821
9680	-218.8565	-224.9302	6.073702	0.03972854	0.01924738	0.02048116	0.01924738
9690	-228.1773	-232.7818	4.604545	0.05928389	0.04777217	0.01151172	0.04777217
9700	-231.6591	-237.2714	5.612317	0.05777597	0.02360273	0.03417324	0.02360273
9710	-237.0307	-242.6011	5.57035	0.05456513	0.009392704	0.04517243	0.009392704
9720	-217.309	-223.6077	6.29864	0.03629684	0.01120512	0.02509172	0.01120512
9730	-275.9105	-279.6276	3.717097	0.0755523	0.002377581	0.07317472	0.002377581
9740	-242.7152	-248.0413	5.326092	0.06184498	0.01413672	0.04770826	0.01413672
9750	-250.084	-254.9209	4.836864	0.07553405	0.02644858	0.04908547	0.02644858
9760	-219.0049	-224.5684	5.563445	0.03766293	0.02438226	0.01328067	0.02438226
9770	-222.7944	-228.1994	5.404948	0.03840002	0.002140874	0.03625915	0.002140874
9780	-213.2748	-219.2833	6.008562	0.02504547	0.0115796	0.01346587	0.0115796
9790	-245.2745	-249.5944	4.319881	0.1066281	0.08068657	0.02594151	0.08068657
9800	-213.6299	-219.9985	6.36855	0.03000634	0.006582533	0.02342381	0.006582533
9810	-263.4088	-266.8529	3.444063	0.1354034	0.09275041	0.04265304	0.09275041
9820	-225.1775	-231.1618	5.984312	0.04723158	0.01551145	0.03172013	0.01551145
9830	-300.6174	-302.4624	1.844997	0.1763705	0.1062614	0.0701091	0.1062614
9840	-242.794	-247.0461	4.252134	0.1055	0.08586977	0.01963027	0.08586977
9850	-230.0272	-235.2077	5.180497	0.06548337	0.04652069	0.01896268	0.04652069
9860	-242.2604	-247.2605	5.000045	0.07481521	0.03545093	0.03936428	0.03545093
9870	-227.7557	-233.2084	5.452659	0.0590299	0.0379954	0.0210345	0.0379954
9880	-292.5714	-296.3027	3.731339	0.09375912	0.01242948	0.08132964	0.01242948
9890	-229.5174	-235.3534	5.835979	0.04755261	0.007761179	0.03979143	0.007761179
9900	-223.0635	-229.166	6.102558	0.04328915	0.01142554	0.03186361	0.01142554
9910	-212.2266	-217.766	5.539372	0.01470252	0.003914559	0.01078796	0.003914559
9920	-217.3203	-223.3176	5.997331	0.036005	0.01912372	0.01688128	0.01912372
9930	-270.6672	-272.5158	1.84857	0.2715064	0.2545576	0.0169488	0.2545576
9940	-279.4178	-282.9052	3.487362	0.1084466	0.04215579	0.06629077	0.04215579
9950	-282.7032	-285.6054	2.90215	0.13455	0.07188145	0.06266857	0.07188145
9960	-238.9466	-243.1774	4.230799	0.0940749	0.07894769	0.0151272	0.07894769
9970	-281.7959	-285.535	3.739063	0.09773978	0.02632676	0.07141302	0.02632676
9980	-316.6294	-317.2571	0.6276318	0.2497857	0.1764762	0.0733095	0.1764762
9990	-311.102	-310.6485	-0.4534198	0.4790859	0.430935	0.04815086	0.430935
10000	-234.2611	-239.4614	5.200339	0.07099166	0.04365439	0.02733727	0.04365439
