Iteration	Posterior	Likelihood	Prior	birth_rate	death_rate	diversification	turnover
0	-279.9752	-283.6137	3.638411	0.1021501	0.03358858	0.06856149	0.03358858
10	-210.4219	-216.6618	6.239885	0.02233952	0.00456127	0.01777825	0.00456127
20	-228.7819	-232.8591	4.077195	0.05874061	0.04954288	0.009197727	0.04954288
30	-303.818	-306.3805	2.562543	0.1305881	0.04952458	0.08106349	0.04952458
40	-226.0371	-231.3933	5.35621	0.05551711	0.03854583	0.01697128	0.03854583
50	-266.4681	-271.0052	4.537102	0.07687127	0.01178657	0.06508471	0.01178657
60	-265.9986	-269.1559	3.157336	0.1540824	0.1134322	0.04065019	0.1134322
70	-254.1624	-257.9619	3.799497	0.1303317	0.09896312	0.03136856	0.09896312
80	-466.8547	-466.3554	-0.4992914	0.199953	0.02243638	0.1775166	0.02243638
90	-224.0688	-229.836	5.767287	0.05024904	0.02818831	0.02206073	0.02818831
100	-254.2762	-258.7538	4.477627	0.06211604	0.002645473	0.05947056	0.002645473
110	-235.1251	-240.6742	5.549092	0.05079785	0.005586742	0.0452111	0.005586742
120	-238.5656	-244.0627	5.497054	0.05470324	0.007677782	0.04702546	0.007677782
130	-258.7735	-261.9292	3.155716	0.1736837	0.1507256	0.02295813	0.1507256
140	-215.8188	-219.9173	4.09843	0.01034821	0.001206308	0.009141905	0.001206308
150	-230.2311	-235.6227	5.391606	0.06349652	0.03938367	0.02411285	0.03938367
160	-224.3019	-229.8627	5.560797	0.05138123	0.03324571	0.01813552	0.03324571
170	-256.752	-261.6245	4.872489	0.06804681	0.00841917	0.05962764	0.00841917
180	-237.9329	-242.6372	4.704265	0.0871783	0.06583425	0.02134405	0.06583425
190	-236.2416	-241.3213	5.079683	0.0752787	0.04706366	0.02821504	0.04706366
200	-213.3221	-219.4481	6.125999	0.02655278	0.0116803	0.01487248	0.0116803
210	-309.8749	-309.7268	-0.148066	0.4150678	0.3631551	0.05191265	0.3631551
220	-218.7197	-224.566	5.846233	0.03864888	0.02249363	0.01615526	0.02249363
230	-251.6494	-255.8387	4.18933	0.1062013	0.06883123	0.03737008	0.06883123
240	-241.9349	-246.8967	4.961856	0.07675374	0.03903726	0.03771648	0.03903726
250	-228.6542	-233.3342	4.680042	0.06108673	0.04884767	0.01223906	0.04884767
260	-248.372	-252.6208	4.248852	0.1081316	0.07683931	0.03129225	0.07683931
270	-230.9009	-236.3815	5.480584	0.06189236	0.03362327	0.02826909	0.03362327
280	-211.5232	-217.4335	5.910282	0.01820857	0.005942601	0.01226597	0.005942601
290	-294.6345	-295.8148	1.180299	0.2732645	0.2221748	0.0510897	0.2221748
300	-213.2458	-219.3294	6.083567	0.02584628	0.01156399	0.0142823	0.01156399
310	-213.8296	-219.2891	5.459521	0.01970709	0.009951676	0.009755413	0.009951676
320	-248.7227	-253.1194	4.396797	0.09802096	0.06129664	0.03672432	0.06129664
330	-210.2833	-215.5887	5.305452	0.02140484	0.001362237	0.02004261	0.001362237
340	-223.3354	-229.1744	5.838992	0.0485442	0.0260033	0.02254091	0.0260033
350	-229.5917	-234.9457	5.354087	0.06318041	0.04126821	0.0219122	0.04126821
360	-331.9376	-329.4368	-2.50081	0.8754377	0.8275804	0.04785735	0.8275804
370	-231.9612	-237.405	5.443738	0.06313324	0.03354371	0.02958953	0.03354371
380	-240.9058	-245.7475	4.841624	0.08330966	0.05142882	0.03188084	0.05142882
390	-225.2109	-230.5109	5.300017	0.05326881	0.03783584	0.01543297	0.03783584
400	-280.8189	-281.9605	1.141541	0.3606902	0.3411534	0.0195368	0.3411534
410	-261.4419	-264.7444	3.302569	0.1556639	0.1216591	0.03400473	0.1216591
420	-255.9395	-259.5958	3.656344	0.1382425	0.1069796	0.03126287	0.1069796
430	-223.1771	-228.4102	5.233132	0.04738796	0.03415735	0.01323061	0.03415735
440	-243.4912	-248.2598	4.76863	0.08437245	0.04867665	0.0356958	0.04867665
450	-258.148	-262.7435	4.595532	0.07954275	0.02351858	0.05602416	0.02351858
460	-247.4346	-252.3231	4.888535	0.075347	0.02933593	0.04601107	0.02933593
470	-227.4202	-232.9316	5.511452	0.05792389	0.0361013	0.02182259	0.0361013
480	-241.2515	-246.1682	4.916704	0.07943798	0.04446408	0.03497391	0.04446408
490	-261.0734	-265.3114	4.23805	0.09118317	0.03674969	0.05443348	0.03674969
500	-277.8367	-279.4182	1.581441	0.3134396	0.2902232	0.0232164	0.2902232
510	-224.2177	-229.7783	5.560573	0.05118577	0.03315915	0.01802662	0.03315915
520	-300.8307	-303.0903	2.259592	0.1483726	0.0731905	0.07518213	0.0731905
530	-236.9526	-240.4808	3.528145	0.08511805	0.07557708	0.00954097	0.07557708
540	-223.9386	-229.8374	5.898797	0.04864341	0.02310676	0.02553665	0.02310676
550	-242.1338	-246.9186	4.784805	0.08499223	0.05194922	0.03304301	0.05194922
560	-232.7179	-238.0609	5.342958	0.06628435	0.03809738	0.02818696	0.03809738
570	-228.2294	-233.5618	5.332379	0.06073952	0.04145498	0.01928454	0.04145498
580	-230.359	-236.1751	5.816141	0.050669	0.01227638	0.03839262	0.01227638
590	-216.7693	-223.0917	6.322478	0.03526776	0.009854336	0.02541343	0.009854336
600	-240.1941	-245.1503	4.956177	0.07853455	0.04479939	0.03373515	0.04479939
610	-219.8175	-226.0143	6.196848	0.03825151	0.007401483	0.03085003	0.007401483
620	-217.1052	-223.4159	6.310782	0.03546753	0.008703454	0.02676407	0.008703454
630	-330.1474	-332.8232	2.675763	0.1174362	0.01427182	0.1031644	0.01427182
640	-268.14	-270.7073	2.567324	0.2159926	0.1881595	0.02783306	0.1881595
650	-280.4444	-284.4638	4.019325	0.08900033	0.01602407	0.07297626	0.01602407
660	-238.4622	-243.7322	5.270068	0.0667316	0.02794859	0.03878301	0.02794859
670	-259.7784	-264.2006	4.422125	0.08486554	0.02934139	0.05552415	0.02934139
680	-274.0502	-274.7978	0.7476375	0.3125174	0.301994	0.01052341	0.301994
690	-258.5552	-261.9018	3.346668	0.159666	0.1317398	0.02792624	0.1317398
700	-254.7385	-259.1115	4.37305	0.0910523	0.04347815	0.04757415	0.04347815
710	-214.0953	-220.3804	6.285124	0.03017587	0.01176199	0.01841387	0.01176199
720	-216.7967	-221.6572	4.860485	0.02528266	0.01694219	0.008340467	0.01694219
730	-220.113	-225.9523	5.839257	0.0420296	0.02442713	0.01760247	0.02442713
740	-273.4393	-276.4117	2.972393	0.1479528	0.09731732	0.05063544	0.09731732
750	-229.5611	-235.4152	5.854077	0.04863199	0.009722168	0.03890982	0.009722168
760	-282.789	-284.2899	1.5009	0.3035652	0.2703883	0.0331769	0.2703883
770	-219.83	-225.9472	6.117185	0.03748639	0.005482618	0.03200377	0.005482618
780	-216.7951	-222.8729	6.077865	0.03519367	0.01757945	0.01761422	0.01757945
790	-215.9152	-221.9941	6.078962	0.03241483	0.003720695	0.02869414	0.003720695
800	-218.8196	-224.937	6.117435	0.03620689	0.004970301	0.03123659	0.004970301
810	-214.618	-220.4959	5.877974	0.03026804	0.002610091	0.02765795	0.002610091
820	-266.4581	-269.5478	3.089706	0.1594658	0.1196515	0.03981422	0.1196515
830	-288.9735	-290.5409	1.567401	0.2467309	0.197864	0.04886697	0.197864
840	-237.5748	-241.9255	4.35068	0.08925614	0.0739621	0.01529404	0.0739621
850	-282.649	-285.5409	2.891912	0.1352556	0.07279668	0.06245895	0.07279668
860	-325.351	-324.9362	-0.4148394	0.3570657	0.2867985	0.07026718	0.2867985
870	-218.6625	-224.9177	6.255211	0.03827246	0.01172284	0.02654962	0.01172284
880	-251.8652	-256.0794	4.214182	0.104135	0.06558525	0.03854975	0.06558525
890	-228.8739	-234.0043	5.130364	0.06278506	0.04599002	0.01679504	0.04599002
900	-223.2993	-228.7156	5.416332	0.04854473	0.03344217	0.01510256	0.03344217
910	-231.936	-237.1954	5.259486	0.06789202	0.04392403	0.02396799	0.04392403
920	-217.5234	-223.8218	6.29833	0.03645332	0.01050936	0.02594397	0.01050936
930	-223.9585	-229.3724	5.413841	0.0502797	0.03462049	0.01565921	0.03462049
940	-238.0453	-243.2429	5.197593	0.06980819	0.03382966	0.03597853	0.03382966
950	-232.7527	-237.754	5.001264	0.07280741	0.05338173	0.01942568	0.05338173
960	-234.4118	-239.3494	4.937591	0.07694306	0.05629744	0.02064562	0.05629744
970	-218.925	-223.466	4.540962	0.03027524	0.02231932	0.007955921	0.02231932
980	-249.5403	-254.4343	4.893975	0.05999049	0.003931011	0.05605948	0.003931011
990	-232.3982	-236.6389	4.240661	0.07150948	0.06022453	0.01128495	0.06022453
1000	-258.7277	-262.1181	3.390458	0.1553119	0.1255262	0.02978574	0.1255262
1010	-217.0911	-223.1625	6.071428	0.03586284	0.01799529	0.01786755	0.01799529
1020	-236.1589	-241.3833	5.224382	0.0698356	0.03727792	0.03255768	0.03727792
1030	-222.7575	-227.499	4.74156	0.04345619	0.03348537	0.009970819	0.03348537
1040	-213.5038	-219.887	6.383228	0.02980886	0.007279331	0.02252953	0.007279331
1050	-223.0372	-228.0233	4.986127	0.045672	0.03428333	0.01138866	0.03428333
1060	-265.7751	-270.1196	4.344502	0.08438375	0.02279448	0.06158927	0.02279448
1070	-232.2774	-237.9353	5.657821	0.05598022	0.01904158	0.03693864	0.01904158
1080	-240.838	-245.6497	4.811686	0.0847862	0.05401851	0.03076769	0.05401851
1090	-238.2313	-243.4625	5.231206	0.06836498	0.03107126	0.03729372	0.03107126
1100	-216.487	-222.526	6.03904	0.03419353	0.01758325	0.01661028	0.01758325
1110	-219.6488	-225.476	5.827265	0.04086806	0.0239943	0.01687376	0.0239943
1120	-302.5244	-305.1029	2.578486	0.1307875	0.05077371	0.0800138	0.05077371
1130	-337.6389	-337.5066	-0.1323004	0.2715233	0.1843481	0.0871752	0.1843481
1140	-223.5965	-229.3405	5.743961	0.04954304	0.02885555	0.02068749	0.02885555
1150	-226.2911	-232.2133	5.922208	0.04408233	0.006467602	0.03761472	0.006467602
1160	-223.7476	-229.8196	6.071994	0.04434654	0.01225028	0.03209626	0.01225028
1170	-233.3167	-239.0227	5.705926	0.05126823	0.008793279	0.04247495	0.008793279
1180	-239.108	-244.5501	5.442116	0.05988655	0.01555948	0.04432708	0.01555948
1190	-214.0596	-220.4406	6.381012	0.03081194	0.007941079	0.02287086	0.007941079
1200	-223.6767	-229.6762	5.999513	0.04661757	0.01821835	0.02839922	0.01821835
1210	-226.0102	-231.8158	5.805573	0.05193589	0.02466795	0.02726793	0.02466795
1220	-219.897	-223.7186	3.821617	0.02864349	0.0222897	0.006353791	0.0222897
1230	-249.0375	-253.2928	4.255255	0.1066174	0.07345318	0.03316425	0.07345318
1240	-254.5822	-258.1817	3.59947	0.1450205	0.1190058	0.02601474	0.1190058
1250	-257.3239	-262.0816	4.757727	0.07426294	0.01680804	0.0574549	0.01680804
1260	-318.101	-316.0027	-2.098286	0.9760666	0.9500984	0.02596819	0.9500984
1270	-232.7699	-237.8706	5.100653	0.07174624	0.05021613	0.0215301	0.05021613
1280	-272.1774	-276.4143	4.236927	0.07509136	0.004519704	0.07057166	0.004519704
1290	-212.543	-218.6019	6.05891	0.02345635	0.009875689	0.01358066	0.009875689
1300	-266.4909	-270.8715	4.380592	0.08282424	0.01998213	0.06284211	0.01998213
1310	-252.2072	-256.3095	4.10235	0.1111539	0.07504899	0.03610493	0.07504899
1320	-274.0644	-276.783	2.718593	0.1700538	0.1237401	0.04631372	0.1237401
1330	-326.2514	-328.892	2.64058	0.1194587	0.01946579	0.09999291	0.01946579
1340	-339.7552	-341.7383	1.983066	0.1369499	0.0309669	0.105983	0.0309669
1350	-219.1885	-225.2189	6.03033	0.04037975	0.02037457	0.02000517	0.02037457
1360	-228.2989	-233.7187	5.419813	0.06029006	0.03908664	0.02120341	0.03908664
1370	-220.7601	-223.9073	3.147191	0.02730894	0.02200458	0.00530436	0.02200458
1380	-291.2433	-295.0396	3.796289	0.09161072	0.01070726	0.08090346	0.01070726
1390	-212.188	-218.5076	6.319547	0.02732668	0.004984926	0.02234175	0.004984926
1400	-257.8804	-259.6811	1.80079	0.1841512	0.174915	0.009236196	0.174915
1410	-214.8265	-220.5676	5.741117	0.02693991	0.01489183	0.01204808	0.01489183
1420	-225.1541	-231.0281	5.874053	0.05002791	0.02249856	0.02752934	0.02249856
1430	-250.3146	-254.7785	4.463917	0.09178728	0.04997818	0.0418091	0.04997818
1440	-280.268	-282.3311	2.063078	0.2233732	0.1803547	0.04301849	0.1803547
1450	-261.6094	-266.2974	4.688059	0.07006914	0.006757383	0.06331176	0.006757383
1460	-232.0378	-237.786	5.748218	0.05232923	0.0126386	0.03969063	0.0126386
1470	-272.6895	-275.2896	2.600153	0.1898996	0.1494695	0.04043019	0.1494695
1480	-220.8059	-226.4995	5.693553	0.0431832	0.02698738	0.01619582	0.02698738
1490	-263.3016	-267.4444	4.142783	0.09337702	0.03747107	0.05590595	0.03747107
1500	-263.4414	-266.1321	2.690688	0.2069617	0.1860015	0.0209602	0.1860015
1510	-232.4977	-238.0893	5.591588	0.05818173	0.0227878	0.03539392	0.0227878
1520	-209.9897	-216.0733	6.083643	0.02017969	0.0035765	0.01660319	0.0035765
1530	-210.184	-215.4742	5.290264	0.01651482	0.001567681	0.01494714	0.001567681
1540	-212.308	-218.0745	5.766525	0.01821675	0.007043293	0.01117345	0.007043293
1550	-250.0634	-254.7566	4.693218	0.08120556	0.03485572	0.04634984	0.03485572
1560	-291.9343	-292.2302	0.2958999	0.4825058	0.459918	0.0225878	0.459918
1570	-216.1863	-222.5234	6.337147	0.03442564	0.009896599	0.02452904	0.009896599
1580	-253.9003	-258.8377	4.937372	0.06940748	0.01322857	0.05617891	0.01322857
1590	-215.4724	-221.7899	6.317539	0.03274789	0.006446676	0.02630121	0.006446676
1600	-229.8528	-235.6957	5.842939	0.04889717	0.009746072	0.0391511	0.009746072
1610	-252.1324	-256.018	3.885659	0.1275045	0.09852723	0.02897728	0.09852723
1620	-265.0351	-267.8503	2.815236	0.1968388	0.1692097	0.02762906	0.1692097
1630	-235.4891	-238.879	3.389894	0.07895784	0.07034438	0.008613462	0.07034438
1640	-236.2353	-241.2945	5.059226	0.07599762	0.04843782	0.02755981	0.04843782
1650	-216.763	-223.0096	6.246649	0.03572876	0.01422407	0.02150469	0.01422407
1660	-318.3155	-317.8602	-0.4553623	0.4104342	0.3502932	0.06014102	0.3502932
1670	-263.1993	-267.0232	3.82386	0.1090151	0.05851904	0.05049602	0.05851904
1680	-240.9518	-246.1308	5.179047	0.0686018	0.02735158	0.04125022	0.02735158
1690	-213.0269	-219.2949	6.267939	0.02738175	0.01047606	0.0169057	0.01047606
1700	-226.0489	-231.7656	5.716674	0.05353337	0.02893076	0.02460262	0.02893076
1710	-248.3234	-253.0291	4.705781	0.08222314	0.03852838	0.04369476	0.03852838
1720	-267.8498	-271.1447	3.294893	0.1358935	0.08823228	0.04766124	0.08823228
1730	-234.6999	-238.8486	4.148672	0.07913073	0.06733558	0.01179515	0.06733558
1740	-293.8701	-294.0127	0.1426282	0.5065481	0.4833961	0.02315208	0.4833961
1750	-239.5864	-244.9601	5.373683	0.06223503	0.01881288	0.04342215	0.01881288
1760	-230.5356	-236.1799	5.644325	0.05701663	0.02439102	0.03262562	0.02439102
1770	-233.6595	-239.3223	5.662831	0.05052098	0.007021359	0.04349962	0.007021359
1780	-226.106	-231.3087	5.202726	0.05543005	0.04033173	0.01509832	0.04033173
1790	-224.1137	-225.9132	1.799434	0.03205587	0.02795869	0.00409718	0.02795869
1800	-219.0594	-225.3025	6.243053	0.03878151	0.01169884	0.02708267	0.01169884
1810	-210.7609	-216.6158	5.854937	0.01687816	0.003793122	0.01308504	0.003793122
1820	-326.8235	-329.672	2.848445	0.1115601	0.009469112	0.102091	0.009469112
1830	-286.2111	-289.5184	3.307343	0.1111906	0.03980148	0.07138917	0.03980148
1840	-231.3918	-235.8059	4.414169	0.0688018	0.05693223	0.01186957	0.05693223
1850	-362.8707	-363.9036	1.032863	0.1635893	0.04634545	0.1172439	0.04634545
1860	-241.1464	-246.4402	5.293804	0.06423664	0.01999408	0.04424256	0.01999408
1870	-266.2898	-269.2126	2.922811	0.1794837	0.1450998	0.03438385	0.1450998
1880	-239.1181	-243.9663	4.848163	0.08390822	0.05614064	0.02776758	0.05614064
1890	-215.7569	-222.0708	6.313944	0.03387929	0.01193924	0.02194004	0.01193924
1900	-217.0332	-223.2353	6.202102	0.03621205	0.01553115	0.0206809	0.01553115
1910	-215.1251	-220.3416	5.216468	0.0222739	0.01315554	0.009118363	0.01315554
1920	-209.8877	-215.8036	5.915972	0.01874168	0.002908169	0.01583351	0.002908169
1930	-246.3517	-250.2455	3.893811	0.1210471	0.1028933	0.01815382	0.1028933
1940	-218.4507	-224.4136	5.962843	0.03856268	0.02091595	0.01764673	0.02091595
1950	-222.6991	-228.6976	5.998537	0.04597248	0.01998199	0.0259905	0.01998199
1960	-253.3673	-256.8962	3.528864	0.1481844	0.1265571	0.02162737	0.1265571
1970	-232.0079	-237.6784	5.670522	0.05565685	0.01890715	0.0367497	0.01890715
1980	-227.2763	-233.1997	5.923395	0.04856264	0.01375703	0.03480561	0.01375703
1990	-226.3174	-231.9758	5.658425	0.05465403	0.03114341	0.02351063	0.03114341
2000	-281.0934	-283.0169	1.923471	0.2397823	0.1985865	0.04119578	0.1985865
2010	-403.2225	-404.0834	0.8608862	0.1624037	0.01896786	0.1434358	0.01896786
2020	-255.6681	-259.1773	3.509207	0.1505366	0.12466	0.0258766	0.12466
2030	-250.0615	-254.1217	4.06023	0.1182608	0.08885025	0.0294105	0.08885025
2040	-231.4546	-235.8458	4.391199	0.06892368	0.05716939	0.01175428	0.05716939
2050	-381.6785	-381.8741	0.1955834	0.1907285	0.06483267	0.1258958	0.06483267
2060	-256.144	-258.9952	2.851281	0.172918	0.158184	0.01473398	0.158184
2070	-289.9851	-293.338	3.352871	0.1074766	0.03199605	0.07548053	0.03199605
2080	-250.6329	-255.6552	5.022333	0.06219243	0.005957666	0.05623476	0.005957666
2090	-239.0835	-244.1025	5.018993	0.07657522	0.0435088	0.03306642	0.0435088
2100	-273.9753	-277.0936	3.118317	0.1354101	0.08120328	0.05420681	0.08120328
2110	-261.3953	-265.027	3.631673	0.1253391	0.0820858	0.04325328	0.0820858
2120	-256.9511	-261.7743	4.823204	0.06663641	0.006239109	0.0603973	0.006239109
2130	-228.047	-233.6528	5.605795	0.05736483	0.03172459	0.02564024	0.03172459
2140	-240.2247	-245.25	5.025314	0.0754137	0.03958636	0.03582734	0.03958636
2150	-266.8069	-269.4594	2.652491	0.2099707	0.182888	0.02708267	0.182888
2160	-244.5404	-249.2921	4.751672	0.08404624	0.04653343	0.03751282	0.04653343
2170	-257.3601	-260.0594	2.699235	0.1805383	0.1663223	0.01421607	0.1663223
2180	-226.1885	-232.1309	5.942366	0.04422978	0.006931454	0.03729832	0.006931454
2190	-223.2812	-227.9799	4.69873	0.04478757	0.03481866	0.009968907	0.03481866
2200	-233.8305	-239.0782	5.24773	0.06941924	0.04161101	0.02780823	0.04161101
2210	-269.2333	-273.2913	4.058016	0.09269272	0.03080801	0.06188472	0.03080801
2220	-261.9223	-264.3879	2.465554	0.2079379	0.1923385	0.01559943	0.1923385
2230	-221.7318	-227.7521	6.020335	0.04466182	0.02013769	0.02452414	0.02013769
2240	-228.2469	-234.0167	5.76978	0.04499978	0.005073247	0.03992654	0.005073247
2250	-275.0247	-278.0611	3.036384	0.1391578	0.08481719	0.05434065	0.08481719
2260	-251.7614	-256.4673	4.705853	0.07938784	0.03019125	0.04919659	0.03019125
2270	-256.0611	-259.2633	3.202227	0.1661893	0.1468543	0.01933502	0.1468543
2280	-277.9947	-281.963	3.968353	0.09167235	0.02162638	0.07004597	0.02162638
2290	-274.5023	-278.4086	3.906299	0.09532586	0.02949928	0.06582658	0.02949928
2300	-255.1863	-259.1274	3.94115	0.1164608	0.07818875	0.03827205	0.07818875
2310	-225.1357	-229.3625	4.226824	0.04789934	0.03921976	0.008679575	0.03921976
2320	-234.8936	-240.5377	5.644102	0.05432476	0.01190956	0.0424152	0.01190956
2330	-226.8316	-232.0421	5.210513	0.05741552	0.04158557	0.01582995	0.04158557
2340	-301.7456	-304.4462	2.700569	0.1261007	0.04569591	0.0804048	0.04569591
2350	-225.348	-230.4627	5.114723	0.05300332	0.03935111	0.01365221	0.03935111
2360	-212.511	-218.832	6.321003	0.02794083	0.005067363	0.02287347	0.005067363
2370	-266.9291	-270.542	3.612843	0.115699	0.0633324	0.05236664	0.0633324
2380	-235.7186	-240.8382	5.119577	0.07386453	0.04563274	0.02823179	0.04563274
2390	-279.1722	-282.436	3.263863	0.1189546	0.05568994	0.06326461	0.05568994
2400	-271.3942	-272.3135	0.9192721	0.2873946	0.2771406	0.01025394	0.2771406
2410	-276.3278	-278.601	2.27318	0.2153921	0.17563	0.03976212	0.17563
2420	-306.2869	-306.5653	0.2783188	0.3541926	0.3004308	0.05376178	0.3004308
2430	-303.2586	-303.549	0.2903995	0.377242	0.3286465	0.04859544	0.3286465
2440	-331.2661	-330.2056	-1.060593	0.440501	0.3714166	0.06908438	0.3714166
2450	-222.5401	-228.4552	5.915028	0.03957405	0.004326152	0.03524789	0.004326152
2460	-236.924	-240.5416	3.617637	0.08537329	0.0754639	0.009909393	0.0754639
2470	-219.4112	-225.6262	6.215036	0.0378616	0.007545929	0.03031567	0.007545929
2480	-216.4468	-222.2543	5.807444	0.03232809	0.01861498	0.01371311	0.01861498
2490	-236.5633	-241.8915	5.328224	0.06566031	0.02917619	0.03648412	0.02917619
2500	-282.1924	-283.6992	1.50677	0.306984	0.2752068	0.03177719	0.2752068
2510	-262.945	-265.2147	2.269664	0.2165352	0.2020854	0.01444983	0.2020854
2520	-223.0024	-228.4004	5.397998	0.04767379	0.03301804	0.01465575	0.03301804
2530	-278.4078	-280.4978	2.089956	0.2305728	0.1910461	0.03952676	0.1910461
2540	-237.6158	-242.9529	5.337037	0.06473646	0.02588044	0.03885602	0.02588044
2550	-224.2563	-230.2227	5.966363	0.04760734	0.01900294	0.0286044	0.01900294
2560	-309.6426	-311.6243	1.981737	0.1540548	0.07296852	0.0810863	0.07296852
2570	-229.5185	-234.1227	4.604256	0.06349093	0.05131586	0.01217506	0.05131586
2580	-255.9269	-260.0348	4.107894	0.1036701	0.05963306	0.04403708	0.05963306
2590	-243.9818	-249.2646	5.282799	0.05812294	0.00680388	0.05131906	0.00680388
2600	-254.0761	-258.1099	4.033849	0.1121035	0.0737012	0.03840231	0.0737012
2610	-229.7656	-235.5357	5.770069	0.05313369	0.01816762	0.03496606	0.01816762
2620	-239.3967	-243.921	4.524267	0.09317119	0.07328184	0.01988935	0.07328184
2630	-237.5852	-242.9483	5.363027	0.06380072	0.02433187	0.03946885	0.02433187
2640	-215.4454	-221.7999	6.354451	0.0332428	0.00965514	0.02358766	0.00965514
2650	-210.1595	-216.3216	6.16211	0.02175389	0.003772297	0.01798159	0.003772297
2660	-241.0218	-246.128	5.106261	0.07139303	0.03177826	0.03961478	0.03177826
2670	-212.0707	-218.1504	6.079777	0.02233587	0.008722273	0.01361359	0.008722273
2680	-256.4751	-260.1992	3.724076	0.1308713	0.09604515	0.03482612	0.09604515
2690	-247.7355	-251.7127	3.977123	0.1224079	0.1005725	0.02183537	0.1005725
2700	-244.3734	-249.4335	5.060166	0.0708639	0.02631749	0.04454641	0.02631749
2710	-241.1803	-245.0947	3.914395	0.1025302	0.08880226	0.01372791	0.08880226
2720	-210.509	-216.7628	6.253796	0.02283073	0.004562459	0.01826827	0.004562459
2730	-354.9462	-353.6059	-1.340271	0.3674816	0.2754934	0.09198819	0.2754934
2740	-225.7098	-231.3617	5.651928	0.05383623	0.03166077	0.02217547	0.03166077
2750	-244.0433	-247.7406	3.697334	0.1139543	0.1001955	0.01375877	0.1001955
2760	-251.8262	-255.6431	3.816876	0.132459	0.106403	0.02605597	0.106403
2770	-217.5658	-223.4068	5.84106	0.03562884	0.02063931	0.01498952	0.02063931
2780	-235.1691	-240.6502	5.481066	0.06083932	0.02300868	0.03783064	0.02300868
2790	-256.0515	-259.3014	3.249841	0.164556	0.1443384	0.02021765	0.1443384
2800	-273.0333	-275.1939	2.16058	0.2509666	0.2231172	0.02784946	0.2231172
2810	-241.8636	-247.1946	5.330994	0.06234685	0.01600326	0.04634359	0.01600326
2820	-225.2882	-230.48	5.191788	0.05313198	0.0388	0.01433199	0.0388
2830	-259.9335	-263.4227	3.489134	0.1420295	0.1059516	0.03607787	0.1059516
2840	-234.379	-239.5036	5.124621	0.07323402	0.04791441	0.02531961	0.04791441
2850	-215.598	-221.9504	6.352413	0.03333066	0.008483245	0.02484741	0.008483245
2860	-248.0737	-252.8783	4.804575	0.07821507	0.03286066	0.04535441	0.03286066
2870	-214.0028	-220.2844	6.281587	0.0299252	0.0117084	0.0182168	0.0117084
2880	-250.2317	-253.8456	3.613873	0.1379161	0.1194119	0.0185042	0.1194119
2890	-244.1783	-247.6567	3.478404	0.1145411	0.1023616	0.01217949	0.1023616
2900	-224.9303	-230.9631	6.032723	0.04444827	0.009788355	0.03465992	0.009788355
2910	-237.7419	-242.3367	4.594783	0.08835659	0.06948506	0.01887154	0.06948506
2920	-224.931	-229.8804	4.949443	0.05104389	0.03893226	0.01211164	0.03893226
2930	-273.552	-276.1842	2.632162	0.1818955	0.1387154	0.04318013	0.1387154
2940	-236.7917	-241.4774	4.685738	0.08507543	0.06586162	0.01921381	0.06586162
2950	-240.8584	-246.1484	5.290016	0.06454973	0.0208892	0.04366053	0.0208892
2960	-231.474	-237.2324	5.758391	0.05249479	0.01386524	0.03862955	0.01386524
2970	-244.9136	-250.1511	5.237457	0.06384678	0.01466302	0.04918376	0.01466302
2980	-255.7953	-259.9121	4.116802	0.1033496	0.05935253	0.04399709	0.05935253
2990	-249.3516	-254.2761	4.924503	0.07277299	0.02317265	0.04960034	0.02317265
3000	-314.794	-317.2866	2.492691	0.1275053	0.03749263	0.09001271	0.03749263
3010	-222.244	-226.5464	4.302445	0.0393519	0.03121707	0.008134823	0.03121707
3020	-245.4184	-249.7148	4.296353	0.1077337	0.08216467	0.02556905	0.08216467
3030	-247.8835	-251.534	3.650458	0.1292839	0.1129011	0.01638279	0.1129011
3040	-212.6507	-219.0073	6.356613	0.02822505	0.005778931	0.02244611	0.005778931
3050	-249.6987	-253.6848	3.9861	0.1232693	0.09710267	0.02616662	0.09710267
3060	-259.2332	-262.1191	2.885913	0.1862884	0.1680016	0.01828679	0.1680016
3070	-224.534	-229.4409	4.906945	0.04965813	0.03802983	0.01162831	0.03802983
3080	-230.6053	-235.0864	4.481061	0.06648913	0.05457774	0.01191139	0.05457774
3090	-231.1998	-236.7086	5.508769	0.06112805	0.03126488	0.02986317	0.03126488
3100	-245.2064	-250.3874	5.180996	0.0658988	0.01752572	0.04837307	0.01752572
3110	-271.1493	-273.2138	2.064519	0.2625387	0.2412953	0.02124338	0.2412953
3120	-253.707	-257.1383	3.431297	0.15247	0.1323369	0.0201331	0.1323369
3130	-285.641	-289.3919	3.750866	0.09589387	0.02073252	0.07516135	0.02073252
3140	-227.1639	-233.109	5.945018	0.04734406	0.01144094	0.03590313	0.01144094
3150	-211.0915	-217.1469	6.055433	0.01947087	0.005941624	0.01352924	0.005941624
3160	-241.3018	-245.8706	4.568737	0.09503264	0.0706695	0.02436314	0.0706695
3170	-245.8065	-250.9479	5.141406	0.06700218	0.01852599	0.04847618	0.01852599
3180	-247.0204	-251.6848	4.664418	0.08555198	0.04523676	0.04031521	0.04523676
3190	-278.0015	-280.4977	2.496263	0.1790628	0.1303471	0.04871572	0.1303471
3200	-216.1706	-222.503	6.332385	0.03405209	0.007997879	0.02605421	0.007997879
3210	-243.4894	-247.9386	4.449113	0.1006444	0.07492393	0.02572047	0.07492393
3220	-219.0756	-225.2756	6.199975	0.03954878	0.01473641	0.02481237	0.01473641
3230	-217.1615	-222.9058	5.744247	0.03382669	0.02019755	0.01362915	0.02019755
3240	-231.8276	-237.1679	5.34026	0.0659927	0.03993174	0.02606096	0.03993174
3250	-247.383	-252.5265	5.143473	0.06584866	0.01491051	0.05093816	0.01491051
3260	-221.3777	-227.5389	6.161113	0.0416906	0.01205898	0.02963162	0.01205898
3270	-243.4546	-248.066	4.611326	0.09269025	0.06193153	0.03075872	0.06193153
3280	-237.0012	-242.1276	5.126381	0.07329644	0.04179941	0.03149703	0.04179941
3290	-221.5564	-227.4862	5.929791	0.04506167	0.02346535	0.02159632	0.02346535
3300	-211.4844	-217.7844	6.300012	0.02584553	0.004671785	0.02117375	0.004671785
3310	-262.0457	-266.7032	4.657492	0.07512974	0.01344164	0.0616881	0.01344164
3320	-241.5992	-246.2766	4.67744	0.09065975	0.06233156	0.02832819	0.06233156
3330	-230.6809	-235.8901	5.209181	0.06666053	0.04618272	0.02047781	0.04618272
3340	-250.8896	-254.7176	3.827984	0.1318679	0.1076014	0.02426648	0.1076014
3350	-253.5213	-257.8167	4.295386	0.09652793	0.05265115	0.04387678	0.05265115
3360	-289.7304	-293.3683	3.637862	0.09811854	0.02028257	0.07783596	0.02028257
3370	-225.3556	-231.1249	5.769285	0.05200395	0.02733251	0.02467144	0.02733251
3380	-279.3881	-281.6987	2.31056	0.1946837	0.1474914	0.04719233	0.1474914
3390	-280.1648	-284.2802	4.115402	0.08527137	0.01132956	0.07394181	0.01132956
3400	-213.0535	-218.6021	5.548549	0.01730242	0.007263787	0.01003863	0.007263787
3410	-247.3943	-251.696	4.301734	0.1061313	0.07558063	0.03055063	0.07558063
3420	-219.2226	-225.307	6.084359	0.04041724	0.019034	0.02138324	0.019034
3430	-247.5629	-251.749	4.186091	0.1129028	0.08566222	0.02724058	0.08566222
3440	-292.411	-295.2665	2.855547	0.1260925	0.05316471	0.07292776	0.05316471
3450	-211.453	-217.6526	6.199573	0.02246206	0.007477355	0.0149847	0.007477355
3460	-215.3731	-221.6197	6.246585	0.03285098	0.01364803	0.01920294	0.01364803
3470	-249.9116	-254.6736	4.761975	0.07852165	0.03107959	0.04744206	0.03107959
3480	-262.1347	-264.4853	2.350578	0.2107564	0.1961697	0.01458667	0.1961697
3490	-223.2069	-228.8085	5.601537	0.03922697	0.00274343	0.03648354	0.00274343
3500	-213.8631	-219.376	5.512885	0.02071991	0.01066244	0.01005747	0.01066244
3510	-265.5684	-269.3624	3.794051	0.1074307	0.05393473	0.05349592	0.05393473
3520	-224.8507	-230.7559	5.905243	0.04921496	0.02134343	0.02787153	0.02134343
3530	-278.0692	-282.1705	4.101279	0.07914387	0.005032613	0.07411126	0.005032613
3540	-218.9942	-224.9922	5.997942	0.03992016	0.02089927	0.01902089	0.02089927
3550	-232.6982	-237.6653	4.967144	0.07293635	0.05420418	0.01873217	0.05420418
3560	-279.3247	-280.7503	1.425567	0.3309298	0.3083375	0.0225923	0.3083375
3570	-262.4365	-267.0955	4.658951	0.07053927	0.006664988	0.06387428	0.006664988
3580	-215.6923	-221.9916	6.299238	0.03373929	0.01248442	0.02125486	0.01248442
3590	-269.6762	-273.9332	4.256962	0.08556153	0.02079199	0.06476955	0.02079199
3600	-303.577	-306.9858	3.408807	0.1008477	0.0130131	0.08783457	0.0130131
3610	-298.7589	-301.0399	2.281071	0.1496939	0.07643857	0.07325536	0.07643857
3620	-218.6804	-223.2974	4.616968	0.03310867	0.0009736884	0.03213498	0.0009736884
3630	-272.427	-276.4408	4.013721	0.09257855	0.02772493	0.06485362	0.02772493
3640	-263.4833	-265.4628	1.979477	0.222278	0.2098078	0.01247021	0.2098078
3650	-267.2696	-270.1404	2.870797	0.1814961	0.1462323	0.03526381	0.1462323
3660	-246.1948	-250.2806	4.08579	0.1164459	0.09484561	0.02160026	0.09484561
3670	-257.017	-261.7513	4.734342	0.0752748	0.01857365	0.05670115	0.01857365
3680	-213.4641	-218.7015	5.237399	0.01315136	0.003539484	0.009611878	0.003539484
3690	-309.7041	-310.8648	1.16069	0.214581	0.1425938	0.07198729	0.1425938
3700	-226.0205	-230.6717	4.651218	0.05283862	0.04202053	0.01081808	0.04202053
3710	-216.5987	-222.497	5.898308	0.03346206	0.0186455	0.01481657	0.0186455
3720	-246.3312	-250.8363	4.50504	0.09517909	0.0607781	0.03440099	0.0607781
3730	-227.0088	-232.3659	5.357119	0.05788856	0.03977791	0.01811065	0.03977791
3740	-237.8308	-242.6087	4.777968	0.08544261	0.0625126	0.02293001	0.0625126
3750	-292.0106	-294.9337	2.923108	0.1233305	0.05010069	0.07322984	0.05010069
3760	-224.4739	-230.3223	5.848394	0.04992315	0.02477602	0.02514712	0.02477602
3770	-232.9149	-237.9499	5.034992	0.07282814	0.05249595	0.0203322	0.05249595
3780	-290.3836	-294.0796	3.695931	0.09601728	0.01705868	0.0789586	0.01705868
3790	-312.648	-311.9443	-0.7037802	0.5317023	0.4857169	0.0459854	0.4857169
3800	-267.8679	-272.1795	4.311593	0.08453037	0.02104365	0.06348672	0.02104365
3810	-239.342	-243.7282	4.386166	0.0945899	0.0771247	0.0174652	0.0771247
3820	-225.0361	-231.0341	5.997982	0.0467938	0.01483904	0.03195477	0.01483904
3830	-229.2652	-234.9078	5.642596	0.05709149	0.02748931	0.02960218	0.02748931
3840	-249.7065	-254.6204	4.913974	0.07294434	0.02302163	0.04992271	0.02302163
3850	-279.1141	-282.4968	3.382714	0.1132827	0.04857908	0.06470366	0.04857908
3860	-236.2346	-241.832	5.597371	0.05502997	0.01124889	0.04378107	0.01124889
3870	-243.9993	-247.3557	3.356388	0.1135641	0.1022229	0.01134125	0.1022229
3880	-257.8039	-261.2418	3.437949	0.1531488	0.1242096	0.02893915	0.1242096
3890	-212.0337	-217.7134	5.679755	0.01598745	0.004931437	0.01105601	0.004931437
3900	-261.8924	-266.3054	4.413032	0.06771811	0.003426932	0.06429118	0.003426932
3910	-265.3292	-268.8374	3.508182	0.1255312	0.07777061	0.04776059	0.07777061
3920	-234.8543	-240.1602	5.305866	0.06731035	0.03526931	0.03204103	0.03526931
3930	-287.2096	-289.6651	2.455462	0.1569087	0.09490359	0.06200509	0.09490359
3940	-226.9041	-232.2496	5.345496	0.05765494	0.0398604	0.01779455	0.0398604
3950	-249.0195	-253.6249	4.605414	0.08617487	0.04347614	0.04269873	0.04347614
3960	-224.2254	-230.2849	6.05948	0.04436284	0.01114325	0.03321959	0.01114325
3970	-221.6443	-227.7406	6.096263	0.03972098	0.006395467	0.03332552	0.006395467
3980	-241.6241	-246.9298	5.305695	0.06349669	0.01816787	0.04532882	0.01816787
3990	-221.1034	-227.1889	6.085562	0.04317877	0.0178753	0.02530347	0.0178753
4000	-248.2189	-252.0382	3.819287	0.1277721	0.1084229	0.0193492	0.1084229
4010	-279.4219	-280.4979	1.075994	0.3564403	0.3397073	0.01673297	0.3397073
4020	-219.1338	-225.2694	6.135623	0.0401042	0.0174301	0.0226741	0.0174301
4030	-254.5758	-258.2572	3.681368	0.1390145	0.1104532	0.02856131	0.1104532
4040	-271.5003	-275.648	4.147797	0.07394011	0.00362296	0.07031716	0.00362296
4050	-265.8875	-268.7787	2.891235	0.1850762	0.1527667	0.03230952	0.1527667
4060	-227.7202	-233.1965	5.476341	0.04320419	0.002907516	0.04029667	0.002907516
4070	-266.592	-269.4819	2.889896	0.1821883	0.1480697	0.03411863	0.1480697
4080	-249.6657	-254.611	4.945291	0.06042366	0.00440009	0.05602357	0.00440009
4090	-242.4793	-247.1358	4.656451	0.09117522	0.06136729	0.02980793	0.06136729
4100	-243.2987	-248.4163	5.117612	0.06940309	0.02542533	0.04397776	0.02542533
4110	-253.0019	-257.8806	4.878677	0.07233298	0.01847414	0.05385884	0.01847414
4120	-234.6166	-239.9925	5.375979	0.06485817	0.0312261	0.03363207	0.0312261
4130	-249.7637	-254.8349	5.071172	0.06700718	0.01402791	0.05297927	0.01402791
4140	-246.799	-251.7447	4.945745	0.07358673	0.02744937	0.04613737	0.02744937
4150	-243.2354	-247.2159	3.980418	0.1098734	0.09385558	0.01601784	0.09385558
4160	-210.8874	-216.6713	5.783847	0.01632024	0.003546107	0.01277413	0.003546107
4170	-255.3416	-259.9231	4.581446	0.0817192	0.02956827	0.05215092	0.02956827
4180	-221.3859	-227.4985	6.112634	0.04300827	0.01596688	0.02704139	0.01596688
4190	-214.9338	-220.7666	5.832768	0.0281797	0.01530219	0.01287751	0.01530219
4200	-241.7829	-246.4552	4.672331	0.0908193	0.06220763	0.02861166	0.06220763
4210	-415.5993	-416.3798	0.7804863	0.1637166	0.01274949	0.1509671	0.01274949
4220	-223.2232	-229.0725	5.849293	0.04829106	0.02569117	0.02259989	0.02569117
4230	-314.8144	-314.5866	-0.2278191	0.39037	0.3318055	0.05856448	0.3318055
4240	-214.165	-220.0575	5.892512	0.0296831	0.002608614	0.02707448	0.002608614
4250	-240.1231	-245.3519	5.22879	0.06725296	0.02633607	0.04091689	0.02633607
4260	-310.6565	-312.2559	1.599439	0.1765614	0.09839436	0.07816703	0.09839436
4270	-235.1191	-239.6405	4.521401	0.08114524	0.06602538	0.01511986	0.06602538
4280	-213.3709	-219.2112	5.840336	0.02328412	0.01128813	0.01199599	0.01128813
4290	-217.4155	-223.516	6.100515	0.03674046	0.01787042	0.01887004	0.01787042
4300	-246.885	-251.9575	5.072447	0.0688773	0.02013984	0.04873745	0.02013984
4310	-211.3497	-217.4684	6.118711	0.02097696	0.006983819	0.01399314	0.006983819
4320	-234.8748	-240.418	5.543177	0.05876731	0.01979839	0.03896892	0.01979839
4330	-247.2688	-252.354	5.085207	0.06818166	0.01862224	0.04955942	0.01862224
4340	-273.2611	-276.4198	3.158702	0.1339859	0.08013998	0.05384594	0.08013998
4350	-219.7881	-225.9142	6.126046	0.04114599	0.01741101	0.02373497	0.01741101
4360	-216.1479	-222.4252	6.277316	0.03458474	0.01323332	0.02135142	0.01323332
4370	-388.3285	-389.5628	1.234308	0.1409292	0.003823857	0.1371053	0.003823857
4380	-358.4928	-359.962	1.469252	0.1493963	0.03285417	0.1165421	0.03285417
4390	-240.5601	-245.0513	4.491225	0.09615745	0.07512462	0.02103283	0.07512462
4400	-235.1369	-240.1604	5.023477	0.07644954	0.05238582	0.02406372	0.05238582
4410	-232.4713	-238.0366	5.565344	0.05907991	0.02453703	0.03454287	0.02453703
4420	-223.0595	-228.7089	5.649458	0.04853622	0.03046479	0.01807143	0.03046479
4430	-222.6484	-227.5651	4.916722	0.04413598	0.03332672	0.01080926	0.03332672
4440	-252.7786	-256.4722	3.693532	0.139615	0.1149831	0.0246319	0.1149831
4450	-215.9296	-222.081	6.151425	0.03356572	0.01566928	0.01789644	0.01566928
4460	-239.823	-245.0547	5.231677	0.05321284	0.003951093	0.04926174	0.003951093
4470	-240.502	-245.6936	5.191591	0.06841708	0.02769558	0.0407215	0.02769558
4480	-247.7755	-252.7843	5.008773	0.07065675	0.02181006	0.0488467	0.02181006
4490	-239.3865	-244.5978	5.21133	0.0683879	0.02930036	0.03908754	0.02930036
4500	-213.1565	-219.5276	6.37115	0.0288567	0.008890794	0.01996591	0.008890794
4510	-253.6872	-257.6141	3.926921	0.1211245	0.0868401	0.03428438	0.0868401
4520	-226.688	-232.2199	5.531853	0.0564778	0.03544182	0.02103598	0.03544182
4530	-260.0424	-264.7826	4.740187	0.07303146	0.01237803	0.06065343	0.01237803
4540	-224.7254	-230.7564	6.030954	0.04557315	0.01275899	0.03281416	0.01275899
4550	-244.3557	-249.2738	4.918037	0.07654344	0.03518221	0.04136124	0.03518221
4560	-273.2722	-276.9152	3.642941	0.1066466	0.04539733	0.06124925	0.04539733
4570	-253.2453	-256.647	3.4017	0.1520446	0.1331275	0.01891715	0.1331275
4580	-246.2154	-250.2593	4.043902	0.1176564	0.09694016	0.02071627	0.09694016
4590	-229.7958	-235.614	5.818201	0.05125666	0.01439704	0.03685962	0.01439704
4600	-268.9828	-271.7848	2.802034	0.1821177	0.1446665	0.03745121	0.1446665
4610	-243.6167	-247.1556	3.538847	0.1122079	0.09991484	0.01229309	0.09991484
4620	-245.1339	-249.5376	4.403702	0.1024433	0.07422769	0.0282156	0.07422769
4630	-224.9311	-230.9286	5.997534	0.04321417	0.00717432	0.03603985	0.00717432
4640	-239.4503	-243.5699	4.119543	0.0960079	0.08161968	0.01438822	0.08161968
4650	-247.913	-252.8545	4.941536	0.07302428	0.02524009	0.04778419	0.02524009
4660	-301.2613	-303.0549	1.793686	0.1790812	0.1088758	0.07020535	0.1088758
4670	-259.6574	-263.6076	3.950256	0.1070659	0.05984517	0.04722076	0.05984517
4680	-316.7963	-317.3085	0.5122091	0.2626406	0.1906075	0.07203304	0.1906075
4690	-226.1311	-232.113	5.981859	0.04665044	0.01204857	0.03460187	0.01204857
4700	-249.4454	-253.7637	4.318347	0.1017354	0.0656505	0.03608488	0.0656505
4710	-257.3936	-261.6444	4.250744	0.09402484	0.04460713	0.04941771	0.04460713
4720	-236.4571	-240.2182	3.761148	0.08416461	0.07376037	0.01040424	0.07376037
4730	-252.5347	-256.9603	4.425592	0.09097684	0.04599708	0.04497976	0.04599708
4740	-241.8652	-246.5639	4.698729	0.08951058	0.0598512	0.02965938	0.0598512
4750	-218.0865	-224.3126	6.226115	0.03594407	0.006349511	0.02959456	0.006349511
4760	-217.8223	-222.0973	4.274923	0.02399394	0.01711075	0.006883192	0.01711075
4770	-236.4894	-242.0344	5.545047	0.05246116	0.006592455	0.0458687	0.006592455
4780	-227.0902	-232.0848	4.994593	0.05756579	0.04379523	0.01377056	0.04379523
4790	-268.4164	-269.94	1.523667	0.06796996	0.0004371894	0.06753277	0.0004371894
4800	-233.8312	-239.5194	5.688155	0.05180661	0.009008478	0.04279813	0.009008478
4810	-245.0434	-250.152	5.108634	0.06865924	0.02203067	0.04662857	0.02203067
4820	-224.4811	-230.4753	5.994205	0.04696658	0.01670153	0.03026505	0.01670153
4830	-243.7245	-247.4171	3.69257	0.1126711	0.09916162	0.01350946	0.09916162
4840	-269.0106	-271.3383	2.327669	0.2392898	0.2161385	0.02315126	0.2161385
4850	-246.4099	-250.0714	3.661511	0.1235432	0.1083656	0.01517761	0.1083656
4860	-213.4162	-219.7725	6.356327	0.02926373	0.009619972	0.01964376	0.009619972
4870	-284.0369	-285.5195	1.48257	0.2970736	0.2612029	0.03587071	0.2612029
4880	-237.372	-242.5683	5.196353	0.07028163	0.03580922	0.03447241	0.03580922
4890	-218.2301	-224.3917	6.161555	0.03569344	0.00526474	0.0304287	0.00526474
4900	-248.2859	-253.4313	5.14544	0.06486502	0.01239682	0.0524682	0.01239682
4910	-292.8285	-294.2474	1.418958	0.247267	0.1945732	0.0526938	0.1945732
4920	-305.6013	-306.9564	1.35506	0.2069076	0.137253	0.06965462	0.137253
4930	-220.7543	-226.9221	6.167875	0.03934927	0.007658035	0.03169124	0.007658035
4940	-240.2595	-244.8677	4.608139	0.09283099	0.06954151	0.02328949	0.06954151
4950	-224.6515	-229.996	5.344483	0.05190174	0.03644451	0.01545723	0.03644451
4960	-291.8707	-294.7413	2.870662	0.125848	0.05331051	0.0725375	0.05331051
4970	-270.7212	-272.2795	1.558295	0.2783495	0.2644479	0.01390153	0.2644479
4980	-231.4657	-237.0476	5.581867	0.05882068	0.0260315	0.03278918	0.0260315
4990	-327.6584	-330.4494	2.791039	0.1089748	0.005808849	0.1031659	0.005808849
5000	-233.6303	-238.1697	4.539316	0.0764187	0.06225657	0.01416213	0.06225657
5010	-232.7731	-237.4929	4.719714	0.07385694	0.0585123	0.01534464	0.0585123
5020	-245.4716	-250.4286	4.957086	0.05683746	0.003448199	0.05338926	0.003448199
5030	-219.3255	-225.5668	6.241279	0.03849218	0.009654473	0.02883771	0.009654473
5040	-267.5639	-270.3889	2.824968	0.1858938	0.1513177	0.03457611	0.1513177
5050	-222.1821	-228.1825	6.000322	0.03962731	0.005084047	0.03454326	0.005084047
5060	-219.3905	-225.6211	6.230562	0.03926315	0.01191333	0.02734982	0.01191333
5070	-232.4512	-238.1884	5.737115	0.05233689	0.01200161	0.04033527	0.01200161
5080	-260.8931	-265.594	4.700919	0.07413015	0.01312396	0.06100619	0.01312396
5090	-247.6464	-252.4685	4.822119	0.0778364	0.0328269	0.0450095	0.0328269
5100	-227.0058	-232.7777	5.771962	0.05317348	0.02467347	0.02850001	0.02467347
5110	-244.7649	-249.4349	4.670035	0.0880052	0.05230533	0.03569987	0.05230533
5120	-228.8562	-234.2003	5.344087	0.06196116	0.04150935	0.02045181	0.04150935
5130	-229.6198	-235.308	5.688282	0.05578639	0.02387015	0.03191625	0.02387015
5140	-218.8066	-224.9492	6.14258	0.03953712	0.01730088	0.02223625	0.01730088
5150	-295.4637	-298.8277	3.363982	0.1049889	0.0244712	0.08051765	0.0244712
5160	-229.7041	-235.2223	5.518188	0.06041803	0.03373475	0.02668328	0.03373475
5170	-216.6792	-223.0046	6.325349	0.03498082	0.009066255	0.02591457	0.009066255
5180	-222.8013	-227.3994	4.598184	0.04276597	0.03340446	0.00936151	0.03340446
5190	-266.3253	-270.6135	4.288139	0.08605162	0.02455911	0.06149251	0.02455911
5200	-247.6763	-249.6812	2.004918	0.1258498	0.1184782	0.007371587	0.1184782
5210	-217.4568	-223.0016	5.544736	0.03313586	0.02099442	0.01214144	0.02099442
5220	-214.7074	-220.3433	5.635807	0.0254585	0.01423703	0.01122147	0.01423703
5230	-234.1071	-239.7882	5.681089	0.05261954	0.01004252	0.04257702	0.01004252
5240	-237.4959	-239.4823	1.986414	0.08011077	0.07437001	0.005740758	0.07437001
5250	-293.844	-295.0248	1.18085	0.2781924	0.2285228	0.04966956	0.2285228
5260	-261.7024	-265.5028	3.800336	0.1128361	0.06523101	0.04760512	0.06523101
5270	-214.854	-221.077	6.223065	0.03148693	0.01351141	0.01797553	0.01351141
5280	-216.274	-220.7481	4.474052	0.03020708	0.0008357683	0.02937131	0.0008357683
5290	-218.6196	-224.4635	5.843909	0.03838247	0.02236084	0.01602163	0.02236084
5300	-263.9501	-266.2241	2.274001	0.2224164	0.2070895	0.01532694	0.2070895
5310	-221.8741	-227.6635	5.789439	0.04594352	0.02692857	0.01901495	0.02692857
5320	-244.5543	-249.0286	4.474297	0.09907206	0.07001613	0.02905592	0.07001613
5330	-235.5322	-240.0467	4.514487	0.08244969	0.06706053	0.01538917	0.06706053
5340	-215.7796	-222.1224	6.342858	0.03383814	0.01025851	0.02357963	0.01025851
5350	-252.9356	-256.7763	3.840663	0.1295365	0.09997762	0.02955884	0.09997762
5360	-225.8807	-231.2599	5.379265	0.04126548	0.002365415	0.03890007	0.002365415
5370	-222.5529	-228.3006	5.747619	0.04741818	0.02824882	0.01916936	0.02824882
5380	-265.5485	-268.6198	3.071238	0.1651471	0.1280229	0.03712423	0.1280229
5390	-322.2584	-322.5886	0.3301883	0.2655231	0.1894363	0.0760868	0.1894363
5400	-239.4801	-244.9599	5.479753	0.05641218	0.009334036	0.04707815	0.009334036
5410	-251.4732	-255.9599	4.486653	0.08919045	0.04474543	0.04444502	0.04474543
5420	-218.483	-224.6845	6.20144	0.03630227	0.006112267	0.03019	0.006112267
5430	-231.5825	-237.328	5.745497	0.0489605	0.007206349	0.04175415	0.007206349
5440	-229.1432	-234.1575	5.014311	0.06348661	0.04791385	0.01557277	0.04791385
5450	-257.0606	-260.486	3.4254	0.1554452	0.1287702	0.02667495	0.1287702
5460	-230.7611	-236.3619	5.600795	0.05834021	0.02657751	0.03176269	0.02657751
5470	-245.6732	-250.3057	4.632493	0.08887336	0.052221	0.03665236	0.052221
5480	-259.3335	-262.1481	2.814642	0.1885432	0.171203	0.01734014	0.171203
5490	-212.9422	-219.3239	6.38172	0.02854828	0.008165563	0.02038272	0.008165563
5500	-221.9599	-227.4319	5.472014	0.04519976	0.03060343	0.01459634	0.03060343
5510	-235.3808	-239.8881	4.507361	0.04781335	0.001423987	0.04638936	0.001423987
5520	-257.3233	-259.6516	2.328285	0.1816283	0.1701378	0.01149052	0.1701378
5530	-258.6501	-262.2074	3.557318	0.1396116	0.1045983	0.03501327	0.1045983
5540	-296.0562	-296.1221	0.06595181	0.5140622	0.4878701	0.02619208	0.4878701
5550	-289.9501	-291.593	1.642848	0.230781	0.1786058	0.05217514	0.1786058
5560	-234.1316	-239.7322	5.600583	0.05707399	0.01795304	0.03912094	0.01795304
5570	-255.0898	-259.2092	4.119434	0.1043785	0.06165172	0.04272683	0.06165172
5580	-259.6847	-264.3341	4.649459	0.07686431	0.01817461	0.0586897	0.01817461
5590	-212.2798	-217.9283	5.648501	0.01608617	0.005327282	0.01075889	0.005327282
5600	-259.7575	-263.011	3.253404	0.1656377	0.1376261	0.02801165	0.1376261
5610	-235.6531	-241.2753	5.62224	0.05358395	0.009564167	0.04401979	0.009564167
5620	-250.8808	-255.5836	4.702828	0.08015461	0.03233666	0.04781795	0.03233666
5630	-244.9305	-249.3157	4.385192	0.1035046	0.07636826	0.02713637	0.07636826
5640	-275.7749	-277.9649	2.190081	0.231441	0.1954677	0.03597326	0.1954677
5650	-221.4271	-227.4688	6.041757	0.03898409	0.005255858	0.03372823	0.005255858
5660	-223.6423	-229.7233	6.080998	0.04306781	0.009511967	0.03355585	0.009511967
5670	-225.7315	-231.6507	5.919134	0.04915766	0.01862438	0.03053328	0.01862438
5680	-241.1224	-246.4902	5.367855	0.06139684	0.01540689	0.04598996	0.01540689
5690	-238.7043	-243.3361	4.631829	0.0899317	0.06890111	0.02103059	0.06890111
5700	-267.5214	-272.0131	4.491738	0.07813897	0.01258608	0.06555288	0.01258608
5710	-212.1758	-218.2288	6.053	0.02226443	0.008898033	0.0133664	0.008898033
5720	-295.2489	-298.5652	3.31629	0.1066112	0.02668595	0.07992522	0.02668595
5730	-235.8907	-240.8518	4.961172	0.0787369	0.05482861	0.02390829	0.05482861
5740	-219.6324	-225.8605	6.228098	0.03866664	0.009112659	0.02955398	0.009112659
5750	-243.0047	-242.3252	-0.6794518	0.09020204	0.08680314	0.003398907	0.08680314
5760	-247.019	-252.1516	5.13255	0.06655599	0.01641428	0.05014172	0.01641428
5770	-232.1518	-237.6397	5.487933	0.06172578	0.03029514	0.03143064	0.03029514
5780	-212.752	-218.9669	6.214843	0.0260387	0.01029853	0.01574017	0.01029853
5790	-241.2219	-246.6386	5.416724	0.05804689	0.009853972	0.04819291	0.009853972
5800	-250.6569	-255.2968	4.639968	0.08296001	0.03670914	0.04625087	0.03670914
5810	-218.8304	-225.089	6.258529	0.03793891	0.009778514	0.02816039	0.009778514
5820	-237.8095	-243.2568	5.44727	0.06058703	0.01853476	0.04205226	0.01853476
5830	-212.3917	-218.0154	5.623729	0.01599798	0.005384398	0.01061358	0.005384398
5840	-222.179	-228.3089	6.129887	0.04269658	0.01234277	0.03035381	0.01234277
5850	-225.304	-231.3148	6.010827	0.04428143	0.008674769	0.03560666	0.008674769
5860	-243.911	-247.4819	3.57085	0.1134716	0.1007944	0.01267718	0.1007944
5870	-213.3134	-219.683	6.369561	0.02917745	0.009097546	0.02007991	0.009097546
5880	-226.371	-231.0553	4.684329	0.05407389	0.04291966	0.01115423	0.04291966
5890	-270.4993	-273.2225	2.723151	0.1848401	0.1460449	0.0387952	0.1460449
5900	-288.5924	-290.6197	2.027303	0.1909772	0.1338712	0.05710602	0.1338712
5910	-225.9387	-231.7701	5.831386	0.05135253	0.02339993	0.0279526	0.02339993
5920	-247.7603	-251.5434	3.783062	0.1271352	0.1090079	0.01812739	0.1090079
5930	-227.1341	-231.6778	4.543662	0.05574766	0.04503758	0.01071007	0.04503758
5940	-221.7021	-227.7778	6.075627	0.03959488	0.005990158	0.03360472	0.005990158
5950	-294.2813	-298.0052	3.723882	0.09203432	0.008905123	0.08312919	0.008905123
5960	-273.5915	-277.9201	4.328606	0.08033368	0.01025944	0.07007424	0.01025944
5970	-248.8743	-253.1326	4.258372	0.106689	0.07383014	0.03285888	0.07383014
5980	-215.5369	-220.3111	4.774141	0.01499458	0.007517934	0.007476642	0.007517934
5990	-254.2458	-258.0395	3.793693	0.1306199	0.09922674	0.03139316	0.09922674
6000	-214.7477	-221.0238	6.276164	0.03162205	0.01257022	0.01905183	0.01257022
6010	-271.9501	-276.1275	4.177434	0.08723566	0.0210058	0.06622986	0.0210058
6020	-228.7551	-234.2968	5.54177	0.05921063	0.03392621	0.02528441	0.03392621
6030	-213.6803	-219.9915	6.311186	0.02943139	0.01086781	0.01856358	0.01086781
6040	-213.4666	-219.2082	5.741545	0.0223369	0.01103137	0.01130553	0.01103137
6050	-221.5695	-227.365	5.795505	0.04527831	0.0265701	0.0187082	0.0265701
6060	-308.9276	-311.5113	2.58374	0.1267649	0.04098441	0.08578045	0.04098441
6070	-277.2492	-279.8689	2.619648	0.1689215	0.1189377	0.04998376	0.1189377
6080	-250.842	-255.7785	4.936403	0.0614561	0.004722243	0.05673386	0.004722243
6090	-237.3283	-242.6155	5.287203	0.06676747	0.0298183	0.03694917	0.0298183
6100	-236.0984	-241.0701	4.971759	0.0786534	0.05401769	0.02463571	0.05401769
6110	-236.6823	-241.7196	5.037346	0.07680175	0.04887341	0.02792834	0.04887341
6120	-220.3518	-226.5408	6.188907	0.04076541	0.01292337	0.02784204	0.01292337
6130	-219.6274	-225.7463	6.118895	0.04096201	0.0177993	0.02316271	0.0177993
6140	-259.2949	-263.0796	3.784698	0.1187002	0.07586608	0.0428341	0.07586608
6150	-211.3646	-217.7054	6.340868	0.02477519	0.006424921	0.01835026	0.006424921
6160	-211.5353	-217.7192	6.18386	0.02593014	0.003618912	0.02231122	0.003618912
6170	-230.9275	-236.338	5.410532	0.06370971	0.03754759	0.02616213	0.03754759
6180	-312.4049	-313.7708	1.365874	0.1907693	0.11335	0.07741924	0.11335
6190	-213.5452	-219.6151	6.069895	0.02914791	0.003235942	0.02591197	0.003235942
6200	-245.5644	-250.5922	5.027785	0.07130879	0.02549182	0.04581696	0.02549182
6210	-219.9249	-224.1943	4.269365	0.03175459	0.02432101	0.00743358	0.02432101
6220	-269.8488	-272.0666	2.217783	0.2489089	0.2267025	0.02220641	0.2267025
6230	-251.491	-255.8745	4.383469	0.09453972	0.05240578	0.04213394	0.05240578
6240	-222.9808	-228.982	6.001171	0.04616501	0.01941658	0.02674842	0.01941658
6250	-236.2341	-241.2614	5.027323	0.07706829	0.05049502	0.02657327	0.05049502
6260	-210.8741	-217.1554	6.281282	0.02283011	0.005926226	0.01690389	0.005926226
6270	-287.7619	-289.8026	2.040754	0.1923757	0.1362932	0.05608251	0.1362932
6280	-231.1733	-236.758	5.584709	0.05878593	0.02657892	0.03220701	0.02657892
6290	-255.3559	-258.6804	3.324479	0.1601336	0.1395259	0.02060763	0.1395259
6300	-352.27	-354.0511	1.781047	0.1407245	0.02688338	0.1138411	0.02688338
6310	-226.7885	-232.7411	5.952621	0.04754169	0.01259675	0.03494494	0.01259675
6320	-284.458	-288.3608	3.902773	0.09132535	0.01575812	0.07556723	0.01575812
6330	-215.8771	-222.1651	6.287941	0.03317494	0.006032979	0.02714196	0.006032979
6340	-315.1199	-317.379	2.25916	0.1363803	0.04789795	0.08848238	0.04789795
6350	-259.8793	-264.5952	4.715931	0.07426723	0.01429297	0.05997426	0.01429297
6360	-212.2614	-218.586	6.324555	0.02622596	0.008624641	0.01760132	0.008624641
6370	-236.2193	-240.4506	4.231315	0.08465697	0.07145229	0.01320468	0.07145229
6380	-354.6276	-354.3353	-0.2923582	0.2495586	0.148151	0.1014077	0.148151
6390	-216.5883	-222.7817	6.193388	0.03527076	0.01554179	0.01972897	0.01554179
6400	-236.5721	-241.7936	5.221453	0.06974372	0.03632693	0.03341678	0.03632693
6410	-210.7048	-216.7294	6.024631	0.01858407	0.004807611	0.01377645	0.004807611
6420	-278.255	-280.9892	2.734196	0.155404	0.1015405	0.05386346	0.1015405
6430	-259.7543	-261.9299	2.175548	0.1969586	0.185202	0.01175657	0.185202
6440	-238.6474	-243.8083	5.160888	0.07088225	0.03464448	0.03623777	0.03464448
6450	-291.5158	-295.2194	3.703607	0.09533083	0.01527761	0.08005322	0.01527761
6460	-225.8368	-231.53	5.693122	0.05359119	0.03009249	0.0234987	0.03009249
6470	-271.4826	-275.6424	4.159829	0.08802569	0.02248749	0.0655382	0.02248749
6480	-280.5816	-283.8011	3.219562	0.1196847	0.0553425	0.06434223	0.0553425
6490	-238.0828	-243.6077	5.524925	0.0547822	0.008405404	0.0463768	0.008405404
6500	-214.242	-220.0943	5.852362	0.02626507	0.01366424	0.01260082	0.01366424
6510	-220.6166	-226.4655	5.848922	0.04321853	0.02481048	0.01840805	0.02481048
6520	-265.7919	-267.3747	1.582766	0.2401408	0.228932	0.01120881	0.228932
6530	-219.3772	-225.6008	6.223685	0.03796159	0.007925704	0.03003588	0.007925704
6540	-242.1053	-246.5802	4.474971	0.09884428	0.07536857	0.02347571	0.07536857
6550	-229.7996	-235.125	5.325325	0.06385935	0.04226165	0.0215977	0.04226165
6560	-240.5104	-245.3589	4.848529	0.08328455	0.05213966	0.03114489	0.05213966
6570	-231.7293	-237.4995	5.770215	0.05116717	0.01098224	0.04018493	0.01098224
6580	-425.2194	-425.8289	0.6095043	0.1680904	0.01179834	0.1562921	0.01179834
6590	-224.2743	-230.3241	6.049845	0.04328707	0.008629665	0.03465741	0.008629665
6600	-236.4138	-240.6548	4.241009	0.085347	0.07194287	0.01340413	0.07194287
6610	-218.5998	-222.6095	4.009724	0.01090859	0.004818282	0.006090307	0.004818282
6620	-229.9404	-235.7552	5.814846	0.04777473	0.007513918	0.04026081	0.007513918
6630	-290.0498	-292.4562	2.406479	0.15498	0.09007867	0.06490129	0.09007867
6640	-229.01	-234.5557	5.545689	0.05934213	0.03338028	0.02596185	0.03338028
6650	-254.1395	-258.2852	4.145683	0.1044019	0.06289893	0.04150301	0.06289893
6660	-244.5561	-248.4306	3.874424	0.1152405	0.09927449	0.01596598	0.09927449
6670	-211.9957	-218.1538	6.158029	0.02323818	0.008728488	0.01450969	0.008728488
6680	-221.446	-227.502	6.056039	0.03910659	0.005476477	0.03363011	0.005476477
6690	-271.2512	-275.4953	4.244118	0.08530507	0.01902588	0.0662792	0.01902588
6700	-223.4542	-229.5443	6.09014	0.04330486	0.010497	0.03280786	0.010497
6710	-264.6455	-267.3576	2.712138	0.2069297	0.1831679	0.02376182	0.1831679
6720	-213.5536	-219.5304	5.976777	0.02552198	0.01220237	0.01331961	0.01220237
6730	-217.0948	-222.8198	5.725001	0.03349278	0.02009385	0.01339893	0.02009385
6740	-257.2399	-261.9867	4.746828	0.07470692	0.01753126	0.05717566	0.01753126
6750	-258.7552	-262.527	3.771807	0.1209174	0.07950455	0.04141285	0.07950455
6760	-216.725	-223.0493	6.324296	0.03515863	0.009617304	0.02554132	0.009617304
6770	-217.5078	-223.6102	6.102374	0.03695221	0.01791111	0.0190411	0.01791111
6780	-211.7274	-216.8037	5.076307	0.0137328	0.001683113	0.01204969	0.001683113
6790	-215.4642	-221.7208	6.256623	0.03310673	0.01351431	0.01959242	0.01351431
6800	-222.4815	-228.5172	6.035709	0.04025666	0.005793327	0.03446333	0.005793327
6810	-275.9394	-279.7673	3.827911	0.0973899	0.03093346	0.06645644	0.03093346
6820	-228.2832	-234.0929	5.809723	0.05225317	0.01941935	0.03283382	0.01941935
6830	-257.5459	-262.1481	4.602126	0.07963662	0.0242702	0.05536642	0.0242702
6840	-277.1599	-279.3129	2.153072	0.2285493	0.1902196	0.0383297	0.1902196
6850	-229.1774	-234.958	5.780583	0.0461742	0.00577452	0.04039968	0.00577452
6860	-214.0053	-218.6259	4.620532	0.01157967	0.001536734	0.01004293	0.001536734
6870	-300.8443	-303.6879	2.843527	0.1209212	0.04007125	0.08084996	0.04007125
6880	-234.3597	-239.4694	5.109666	0.07360769	0.04876174	0.02484596	0.04876174
6890	-269.0852	-271.9356	2.850385	0.1757159	0.1366019	0.03911397	0.1366019
6900	-263.3418	-266.1093	2.767496	0.2022129	0.1797214	0.02249157	0.1797214
6910	-214.7931	-220.2572	5.464064	0.023874	0.01366025	0.01021375	0.01366025
6920	-246.7895	-251.3162	4.52671	0.09325463	0.05714263	0.036112	0.05714263
6930	-221.292	-226.9056	5.613569	0.04408424	0.02844994	0.0156343	0.02844994
6940	-243.6683	-247.5747	3.906414	0.1118402	0.09629947	0.01554076	0.09629947
6950	-221.974	-228.1175	6.143483	0.04210057	0.01137003	0.03073054	0.01137003
6960	-237.3336	-242.7897	5.456069	0.06055014	0.01915957	0.04139056	0.01915957
6970	-364.5192	-366.4642	1.945051	0.1309295	0.007264029	0.1236655	0.007264029
6980	-265.5164	-268.3263	2.809927	0.1960714	0.1673761	0.02869536	0.1673761
6990	-226.2761	-232.074	5.797879	0.0522506	0.02461359	0.02763701	0.02461359
7000	-294.0669	-297.5935	3.526559	0.1002587	0.01957229	0.08068637	0.01957229
7010	-247.3544	-251.5321	4.177684	0.1134564	0.08697603	0.02648034	0.08697603
7020	-239.3374	-244.1666	4.82919	0.0846504	0.05695678	0.02769362	0.05695678
7030	-220.8505	-227.0377	6.187182	0.04055605	0.01056204	0.02999401	0.01056204
7040	-228.476	-234.2892	5.813137	0.05210308	0.01868651	0.03341657	0.01868651
7050	-221.8708	-228.0016	6.13084	0.04275127	0.01343881	0.02931246	0.01343881
7060	-240.3938	-245.8119	5.418076	0.05569592	0.007083138	0.04861278	0.007083138
7070	-279.9048	-280.5712	0.6664027	0.3717317	0.3585941	0.01313763	0.3585941
7080	-241.2	-246.3126	5.112566	0.07101285	0.03090096	0.04011189	0.03090096
7090	-212.8195	-218.9188	6.099384	0.02808975	0.003281124	0.02480863	0.003281124
7100	-281.6567	-283.0896	1.432873	0.324068	0.2959264	0.02814158	0.2959264
7110	-290.6094	-289.5908	-1.018615	0.5193387	0.5100096	0.009329037	0.5100096
7120	-223.1578	-229.119	5.961196	0.04696187	0.02116932	0.02579255	0.02116932
7130	-232.127	-236.596	4.469088	0.07139508	0.05876291	0.01263216	0.05876291
7140	-251.1561	-255.3243	4.168175	0.1086291	0.07302795	0.03560115	0.07302795
7150	-212.8733	-219.1616	6.288314	0.02723451	0.01004131	0.0171932	0.01004131
7160	-230.1337	-235.694	5.560306	0.05951057	0.03050858	0.02900199	0.03050858
7170	-238.9786	-244.3575	5.378946	0.06241182	0.01994892	0.0424629	0.01994892
7180	-261.743	-264.9432	3.200166	0.1654656	0.1340102	0.03145536	0.1340102
7190	-218.1411	-224.3382	6.197107	0.03579674	0.00578198	0.03001476	0.00578198
7200	-261.4015	-265.1719	3.770426	0.1153273	0.06887513	0.04645222	0.06887513
7210	-225.4021	-231.0824	5.680343	0.05309405	0.03077122	0.02232283	0.03077122
7220	-248.067	-252.89	4.823034	0.07747147	0.03175405	0.04571742	0.03175405
7230	-210.3312	-216.2683	5.937021	0.01780796	0.00361722	0.01419074	0.00361722
7240	-237.5917	-243.094	5.502249	0.05856739	0.01541349	0.0431539	0.01541349
7250	-228.3492	-234.1492	5.799975	0.0453671	0.005569261	0.03979784	0.005569261
7260	-237.0279	-242.1107	5.08281	0.07501886	0.04482887	0.03018999	0.04482887
7270	-217.9588	-223.9206	5.961819	0.03458481	0.00346215	0.03112266	0.00346215
7280	-225.6992	-231.3268	5.627586	0.05401918	0.0324562	0.02156298	0.0324562
7290	-261.0872	-265.7014	4.614196	0.07737856	0.0175312	0.05984736	0.0175312
7300	-239.299	-244.3688	5.06988	0.07420841	0.0391387	0.0350697	0.0391387
7310	-215.118	-221.3407	6.22268	0.03179103	0.004684724	0.02710631	0.004684724
7320	-233.9389	-239.1474	5.208518	0.07063962	0.04379382	0.0268458	0.04379382
7330	-227.7829	-233.4624	5.679502	0.05565324	0.02833075	0.02732249	0.02833075
7340	-298.4445	-302.0519	3.607339	0.09417198	0.008460925	0.08571106	0.008460925
7350	-364.6348	-365.6884	1.05364	0.1622253	0.04360886	0.1186164	0.04360886
7360	-245.7791	-249.8588	4.079751	0.1158404	0.09507667	0.02076376	0.09507667
7370	-254.6456	-259.591	4.94547	0.06702198	0.008990492	0.05803149	0.008990492
7380	-300.7519	-303.853	3.101071	0.1117731	0.02884649	0.08292659	0.02884649
7390	-231.9642	-237.6573	5.693045	0.04863974	0.006112229	0.04252751	0.006112229
7400	-210.5718	-216.4973	5.925451	0.02345534	0.002468246	0.0209871	0.002468246
7410	-214.9156	-220.5962	5.680594	0.02661045	0.01496246	0.011648	0.01496246
7420	-224.3238	-230.3705	6.046687	0.04328499	0.008522293	0.0347627	0.008522293
7430	-291.456	-294.5981	3.142119	0.1145412	0.03966477	0.07487641	0.03966477
7440	-224.148	-229.9962	5.848149	0.04956603	0.02512974	0.02443629	0.02512974
7450	-275.8804	-278.2167	2.336329	0.2088389	0.1683626	0.04047636	0.1683626
7460	-275.5926	-279.7714	4.178738	0.08560524	0.01562529	0.06997995	0.01562529
7470	-230.8061	-236.6129	5.806741	0.04980777	0.00992026	0.03988751	0.00992026
7480	-258.6823	-262.0157	3.333373	0.1605905	0.1327646	0.02782587	0.1327646
7490	-227.8105	-233.732	5.921483	0.0470878	0.00972318	0.03736462	0.00972318
7500	-256.9094	-260.2462	3.336754	0.1616653	0.1378761	0.02378919	0.1378761
7510	-292.2012	-294.4447	2.243496	0.1627458	0.09743161	0.06531418	0.09743161
7520	-227.1733	-232.3026	5.129248	0.05819035	0.04300884	0.01518152	0.04300884
7530	-309.8738	-311.1133	1.239533	0.2067993	0.133633	0.07316624	0.133633
7540	-214.786	-219.674	4.888001	0.01166478	0.002833259	0.008831521	0.002833259
7550	-228.5057	-234.3567	5.851056	0.05077189	0.01586918	0.03490271	0.01586918
7560	-263.4325	-265.8314	2.398928	0.217208	0.2009392	0.01626885	0.2009392
7570	-211.8799	-218.2029	6.322994	0.02669891	0.005006497	0.02169242	0.005006497
7580	-283.6614	-287.5432	3.881813	0.09234972	0.01775041	0.07459931	0.01775041
7590	-238.8595	-243.7463	4.886769	0.08238617	0.05401879	0.02836738	0.05401879
7600	-235.4342	-240.8539	5.41963	0.06290381	0.02623492	0.03666889	0.02623492
7610	-224.0683	-229.6145	5.546222	0.05082678	0.03321443	0.01761235	0.03321443
7620	-251.1237	-254.863	3.739305	0.1361803	0.1137412	0.02243909	0.1137412
7630	-214.6021	-220.3772	5.775103	0.02658021	0.0143999	0.01218031	0.0143999
7640	-241.8434	-247.1755	5.332105	0.05610818	0.006077611	0.05003057	0.006077611
7650	-289.5061	-292.4668	2.96073	0.1236789	0.05260766	0.07107127	0.05260766
7660	-209.89	-215.7588	5.868848	0.0184289	0.002758982	0.01566992	0.002758982
7670	-216.8145	-222.819	6.004507	0.0347873	0.01835113	0.01643617	0.01835113
7680	-325.5985	-328.4486	2.850169	0.1125847	0.01156724	0.1010174	0.01156724
7690	-231.3405	-236.7213	5.380797	0.06468916	0.03849854	0.02619062	0.03849854
7700	-212.4891	-218.0771	5.588021	0.01569552	0.005223725	0.01047179	0.005223725
7710	-218.6477	-222.7387	4.091055	0.01012736	0.003695118	0.00643224	0.003695118
7720	-215.5367	-221.8365	6.299793	0.03343387	0.01244391	0.02098996	0.01244391
7730	-264.3846	-268.734	4.349382	0.08489824	0.02482506	0.06007317	0.02482506
7740	-240.6952	-245.52	4.824818	0.08426672	0.05342753	0.03083919	0.05342753
7750	-229.1344	-234.6333	5.498875	0.06037801	0.03552837	0.02484964	0.03552837
7760	-254.0735	-257.45	3.376434	0.155154	0.1355169	0.01963715	0.1355169
7770	-268.0832	-270.2352	2.152011	0.247388	0.2292119	0.01817603	0.2292119
7780	-231.9272	-237.1953	5.268105	0.06770926	0.04352167	0.0241876	0.04352167
7790	-300.3687	-303.7462	3.377523	0.1030592	0.01823006	0.08482916	0.01823006
7800	-253.8974	-257.7119	3.814489	0.1296973	0.09852017	0.03117712	0.09852017
7810	-247.6373	-252.1989	4.561573	0.09011942	0.05119457	0.03892485	0.05119457
7820	-253.3382	-257.2227	3.884576	0.1253004	0.09326315	0.03203721	0.09326315
7830	-238.8612	-244.1728	5.311575	0.06494692	0.02435309	0.04059383	0.02435309
7840	-215.7215	-221.9992	6.277659	0.03288726	0.005727026	0.02716023	0.005727026
7850	-215.0444	-221.2677	6.223305	0.03194291	0.0137218	0.01822112	0.0137218
7860	-228.691	-234.575	5.883962	0.04751672	0.009037042	0.03847967	0.009037042
7870	-223.3955	-229.0586	5.663085	0.04929961	0.03055042	0.01874919	0.03055042
7880	-293.3094	-295.9278	2.618381	0.1371326	0.06586458	0.07126801	0.06586458
7890	-222.8522	-228.8426	5.990474	0.04623465	0.02016317	0.02607147	0.02016317
7900	-224.0861	-229.6608	5.574791	0.05088116	0.0327808	0.01810036	0.0327808
7910	-242.5723	-246.9377	4.365401	0.102623	0.08097661	0.02164642	0.08097661
7920	-227.7134	-233.4731	5.759722	0.05368312	0.023911	0.02977212	0.023911
7930	-240.9209	-244.9033	3.982382	0.1014982	0.08734076	0.01415739	0.08734076
7940	-247.9419	-252.189	4.247121	0.1088524	0.07870275	0.0301497	0.07870275
7950	-242.7495	-247.7644	5.014941	0.07379926	0.03313009	0.04066918	0.03313009
7960	-221.9861	-228.118	6.131852	0.04085764	0.008234571	0.03262307	0.008234571
7970	-257.4309	-261.5192	4.088322	0.1024587	0.05616884	0.04628986	0.05616884
7980	-261.8759	-266.4159	4.540016	0.07956915	0.01984679	0.05972236	0.01984679
7990	-224.9571	-230.7438	5.786787	0.05130904	0.0269684	0.02434063	0.0269684
8000	-226.2276	-231.6694	5.441777	0.05592293	0.03736481	0.01855812	0.03736481
8010	-257.7704	-261.6588	3.888376	0.1145623	0.07220588	0.04235642	0.07220588
8020	-272.4196	-276.4897	4.070124	0.09063533	0.02514218	0.06549314	0.02514218
8030	-222.6901	-227.8317	5.14158	0.04552133	0.03329049	0.01223085	0.03329049
8040	-231.4693	-237.0777	5.608444	0.05795771	0.02433165	0.03362606	0.02433165
8050	-242.5023	-247.3705	4.868236	0.08052591	0.04417217	0.03635374	0.04417217
8060	-213.4202	-219.7135	6.293277	0.02863291	0.01080394	0.01782896	0.01080394
8070	-230.3592	-234.234	3.874806	0.06299314	0.05408688	0.008906268	0.05408688
8080	-227.7205	-233.6443	5.92383	0.04781421	0.01134627	0.03646793	0.01134627
8090	-212.9212	-219.2879	6.366642	0.02828854	0.008786679	0.01950186	0.008786679
8100	-217.3787	-223.1971	5.818377	0.03355334	0.002738881	0.03081446	0.002738881
8110	-212.8992	-218.722	5.822849	0.02137557	0.009732215	0.01164335	0.009732215
8120	-302.2289	-305.7067	3.477765	0.0986573	0.01126918	0.08738813	0.01126918
8130	-265.6771	-269.065	3.387912	0.133934	0.08818089	0.04575315	0.08818089
8140	-256.7082	-260.2319	3.523702	0.1479794	0.1190761	0.02890327	0.1190761
8150	-235.311	-240.817	5.506011	0.05987439	0.02106768	0.03880671	0.02106768
8160	-231.6622	-237.4238	5.761559	0.05208067	0.01278144	0.03929923	0.01278144
8170	-237.4414	-242.2023	4.760819	0.08525352	0.0634626	0.02179092	0.0634626
8180	-235.7921	-240.4521	4.660003	0.08272891	0.06519432	0.01753459	0.06519432
8190	-223.8526	-229.9264	6.073851	0.04396756	0.01110024	0.03286732	0.01110024
8200	-248.2414	-252.87	4.628636	0.08591841	0.04412273	0.04179568	0.04412273
8210	-268.2508	-272.348	4.097258	0.09181474	0.03055135	0.06126339	0.03055135
8220	-251.9802	-255.9692	3.989033	0.1200706	0.08809445	0.03197616	0.08809445
8230	-217.6769	-223.6799	6.003026	0.03690579	0.01951679	0.017389	0.01951679
8240	-213.0658	-219.383	6.317192	0.0280366	0.009988952	0.01804765	0.009988952
8250	-255.4423	-258.9037	3.461367	0.153671	0.1296594	0.02401154	0.1296594
8260	-222.4046	-227.7195	5.314917	0.04563704	0.03221825	0.01341879	0.03221825
8270	-279.8189	-281.7929	1.974066	0.2399578	0.2003355	0.03962227	0.2003355
8280	-253.9691	-258.9062	4.937096	0.06935435	0.01307993	0.05627443	0.01307993
8290	-258.5804	-261.9757	3.395236	0.155233	0.1256745	0.02955857	0.1256745
8300	-257.3773	-261.0378	3.660473	0.1339474	0.09887234	0.03507503	0.09887234
8310	-218.7415	-224.9943	6.252747	0.03837749	0.01172729	0.0266502	0.01172729
8320	-249.4887	-252.3694	2.880721	0.1385192	0.1274367	0.01108249	0.1274367
8330	-260.9973	-264.4975	3.500165	0.1376038	0.09867341	0.03893043	0.09867341
8340	-263.7187	-266.8001	3.081341	0.1714132	0.1386386	0.03277458	0.1386386
8350	-329.4713	-331.999	2.527743	0.1222284	0.02054402	0.1016843	0.02054402
8360	-267.071	-271.6043	4.53329	0.07439353	0.007845965	0.06654757	0.007845965
8370	-226.1405	-231.9191	5.778683	0.05255677	0.02585546	0.02670131	0.02585546
8380	-291.095	-294.9054	3.810392	0.09077162	0.00974584	0.08102578	0.00974584
8390	-221.6541	-227.7835	6.129375	0.04276678	0.01421023	0.02855655	0.01421023
8400	-214.7661	-220.9336	6.167412	0.03082127	0.01399844	0.01682282	0.01399844
8410	-242.8499	-247.0978	4.247902	0.1057086	0.0860776	0.01963103	0.0860776
8420	-243.0372	-247.603	4.565768	0.09533464	0.06706956	0.02826508	0.06706956
8430	-250.9094	-254.5469	3.637577	0.1392641	0.119393	0.01987112	0.119393
8440	-233.8143	-239.4697	5.655338	0.05060751	0.006960376	0.04364713	0.006960376
8450	-243.8689	-248.3566	4.487778	0.09879543	0.07098884	0.02780659	0.07098884
8460	-351.82	-352.246	0.4260652	0.2005636	0.09572831	0.1048352	0.09572831
8470	-261.9544	-266.5268	4.572405	0.07840578	0.0181388	0.06026698	0.0181388
8480	-239.6001	-244.8197	5.219607	0.06793214	0.02822317	0.03970897	0.02822317
8490	-221.13	-227.0304	5.900343	0.04433785	0.02415562	0.02018223	0.02415562
8500	-287.5995	-289.1103	1.510804	0.2644257	0.2195537	0.04487197	0.2195537
8510	-285.3834	-285.2733	-0.1100261	0.4426592	0.4313659	0.01129325	0.4313659
8520	-222.0073	-226.8541	4.846817	0.04182558	0.03164435	0.01018124	0.03164435
8530	-228.5166	-234.3255	5.808942	0.05222895	0.01886329	0.03336566	0.01886329
8540	-250.9792	-255.7759	4.7967	0.07645897	0.02678777	0.04967119	0.02678777
8550	-283.8572	-287.5036	3.646407	0.1000042	0.0275211	0.07248315	0.0275211
8560	-212.2452	-218.5153	6.27012	0.02543722	0.009061476	0.01637575	0.009061476
8570	-236.8045	-241.9139	5.109458	0.07404858	0.04355022	0.03049836	0.04355022
8580	-236.0583	-240.964	4.905779	0.04903086	0.002113876	0.04691698	0.002113876
8590	-212.9649	-218.9697	6.004896	0.02404766	0.01080391	0.01324375	0.01080391
8600	-271.7615	-274.9978	3.236283	0.131527	0.07857214	0.05295489	0.07857214
8610	-226.1355	-232.0513	5.915853	0.04926144	0.01783424	0.0314272	0.01783424
8620	-267.257	-269.1942	1.937184	0.248261	0.2335667	0.01469433	0.2335667
8630	-242.3111	-247.1172	4.806161	0.08374712	0.04963516	0.03411197	0.04963516
8640	-259.9168	-264.6862	4.769426	0.07098619	0.009594493	0.0613917	0.009594493
8650	-281.2213	-284.0482	2.826844	0.1418427	0.08217125	0.05967148	0.08217125
8660	-239.05	-244.0347	4.984763	0.078101	0.04617028	0.03193072	0.04617028
8670	-227.3626	-233.2987	5.936102	0.04765411	0.0116974	0.03595672	0.0116974
8680	-221.1849	-227.3159	6.13094	0.04252066	0.01521988	0.02730078	0.01521988
8690	-235.6864	-240.956	5.269607	0.06832443	0.03547505	0.03284938	0.03547505
8700	-233.2296	-238.6629	5.433307	0.06331667	0.03109433	0.03222234	0.03109433
8710	-249.1934	-253.184	3.990567	0.1230948	0.09795751	0.02513725	0.09795751
8720	-288.374	-291.1191	2.745068	0.1360159	0.06868226	0.0673336	0.06868226
8730	-218.1892	-224.4592	6.270045	0.03761961	0.01164334	0.02597627	0.01164334
8740	-224.6226	-230.0625	5.439868	0.05205334	0.0354031	0.01665024	0.0354031
8750	-217.9676	-224.0435	6.075838	0.03787732	0.01873104	0.01914628	0.01873104
8760	-292.4428	-296.0868	3.643928	0.09700309	0.01669232	0.08031076	0.01669232
8770	-270.8603	-273.6245	2.764149	0.1781068	0.1373217	0.04078509	0.1373217
8780	-237.0571	-242.4353	5.378129	0.06354657	0.02471417	0.0388324	0.02471417
8790	-306.9635	-309.1975	2.234008	0.1433978	0.06244015	0.08095766	0.06244015
8800	-212.4826	-218.8582	6.375602	0.02749454	0.00784697	0.01964757	0.00784697
8810	-237.2389	-242.0081	4.769187	0.08475698	0.06312683	0.02163015	0.06312683
8820	-235.7229	-240.7285	5.005535	0.07743446	0.05264096	0.02479351	0.05264096
8830	-269.903	-272.9336	3.030522	0.1531594	0.1076217	0.04553771	0.1076217
8840	-224.0876	-230.0075	5.919922	0.04134091	0.004982788	0.03635812	0.004982788
8850	-261.2683	-264.432	3.163706	0.1706694	0.1416525	0.02901689	0.1416525
8860	-215.9188	-222.2327	6.313901	0.03417136	0.01189334	0.02227802	0.01189334
8870	-241.3401	-245.885	4.544851	0.09585794	0.07207043	0.02378751	0.07207043
8880	-243.4274	-248.0839	4.65648	0.09031073	0.05817561	0.03213512	0.05817561
8890	-253.9643	-258.3202	4.355959	0.09276439	0.04680422	0.04596017	0.04680422
8900	-238.5962	-244.0995	5.503326	0.05735127	0.01201018	0.04534109	0.01201018
8910	-218.086	-224.363	6.276946	0.03737995	0.01121824	0.02616171	0.01121824
8920	-259.3582	-262.9692	3.61102	0.1325616	0.09422092	0.03834067	0.09422092
8930	-210.9036	-217.1294	6.225825	0.02181208	0.006161316	0.01565076	0.006161316
8940	-242.7145	-245.1468	2.432281	0.1041931	0.09672722	0.007465877	0.09672722
8950	-253.5674	-258.1816	4.614275	0.0620246	0.003088536	0.05893606	0.003088536
8960	-294.0196	-295.1058	1.08624	0.2933745	0.2454031	0.04797141	0.2454031
8970	-316.8547	-319.1297	2.274993	0.1348026	0.04472957	0.09007306	0.04472957
8980	-336.0478	-335.8409	-0.2069436	0.2844422	0.1996571	0.08478507	0.1996571
8990	-411.3452	-412.149	0.8038166	0.163501	0.01514271	0.1483582	0.01514271
9000	-291.497	-295.2791	3.782046	0.0921656	0.0112221	0.0809435	0.0112221
9010	-242.3636	-247.5986	5.235034	0.0656573	0.02068723	0.04497007	0.02068723
9020	-275.0231	-279.2342	4.21118	0.08471036	0.0149162	0.06979416	0.0149162
9030	-252.2822	-256.9663	4.684089	0.07986649	0.03029383	0.04957266	0.03029383
9040	-262.6296	-267.0836	4.453952	0.08215875	0.02273079	0.05942796	0.02273079
9050	-231.4122	-236.9848	5.572593	0.05912924	0.02675315	0.03237609	0.02675315
9060	-212.9815	-219.2044	6.222894	0.02674277	0.01069627	0.0160465	0.01069627
9070	-259.3871	-264.0263	4.639205	0.07737836	0.01919857	0.0581798	0.01919857
9080	-243.6539	-248.3303	4.6764	0.0889964	0.05569084	0.03330557	0.05569084
9090	-379.7169	-380.0199	0.3029343	0.186832	0.06171884	0.1251132	0.06171884
9100	-220.8772	-226.8023	5.925109	0.04380563	0.02347619	0.02032944	0.02347619
9110	-233.2175	-238.8235	5.606083	0.05736544	0.01999223	0.03737321	0.01999223
9120	-247.5428	-251.8214	4.278586	0.1073857	0.07721592	0.03016979	0.07721592
9130	-228.4273	-234.2218	5.794514	0.05270177	0.02005182	0.03264995	0.02005182
9140	-215.4018	-221.6592	6.25745	0.03232849	0.005231069	0.02709742	0.005231069
9150	-295.0939	-298.7938	3.699925	0.09181943	0.008016688	0.08380274	0.008016688
9160	-228.1069	-233.222	5.115037	0.06073136	0.04489042	0.01584094	0.04489042
9170	-231.8117	-237.1988	5.387152	0.06475672	0.03729732	0.02745939	0.03729732
9180	-230.6885	-236.4581	5.769625	0.0526632	0.01553288	0.03713032	0.01553288
9190	-229.2947	-235.1302	5.835438	0.05089866	0.01460833	0.03629033	0.01460833
9200	-252.138	-256.9184	4.780411	0.07634175	0.02530726	0.05103449	0.02530726
9210	-243.2478	-247.994	4.746276	0.08578497	0.05130293	0.03448203	0.05130293
9220	-217.5434	-222.6957	5.15234	0.03033597	0.02049018	0.009845792	0.02049018
9230	-225.128	-230.8837	5.75564	0.0519119	0.02810938	0.02380252	0.02810938
9240	-217.3762	-223.1779	5.801679	0.03484301	0.0204612	0.01438181	0.0204612
9250	-389.0467	-386.4755	-2.571207	0.4265705	0.3147525	0.111818	0.3147525
9260	-211.2373	-217.5512	6.313939	0.02395125	0.006597918	0.01735333	0.006597918
9270	-220.1707	-225.0489	4.878205	0.03650761	0.02688624	0.009621368	0.02688624
9280	-227.0708	-232.7248	5.653984	0.05559657	0.03064812	0.02494846	0.03064812
9290	-212.7228	-218.7268	6.003984	0.02776371	0.002848799	0.02491491	0.002848799
9300	-252.2938	-256.4405	4.146712	0.1078475	0.07024261	0.03760493	0.07024261
9310	-231.5829	-236.4035	4.82056	0.07034187	0.0548755	0.01546637	0.0548755
9320	-211.7054	-217.8261	6.120618	0.02190635	0.007917726	0.01398862	0.007917726
9330	-235.7643	-241.3198	5.555555	0.05165288	0.006178511	0.04547437	0.006178511
9340	-232.9169	-237.6975	4.780586	0.07422698	0.05802663	0.01620034	0.05802663
9350	-256.715	-260.3868	3.671752	0.1348211	0.1010552	0.03376591	0.1010552
9360	-237.4099	-241.7345	4.324527	0.0887543	0.0738745	0.0148798	0.0738745
9370	-250.1131	-254.4964	4.383309	0.09660484	0.05722861	0.03937623	0.05722861
9380	-213.5904	-219.8591	6.268717	0.02880011	0.0113331	0.01746701	0.0113331
9390	-225.8088	-231.6899	5.881125	0.05015461	0.02080836	0.02934625	0.02080836
9400	-222.5463	-228.5054	5.959101	0.04632716	0.02195945	0.0243677	0.02195945
9410	-218.0819	-224.365	6.283156	0.03706421	0.009987624	0.02707659	0.009987624
9420	-236.6663	-242.0311	5.364862	0.06424772	0.02654868	0.03769904	0.02654868
9430	-239.5092	-244.5459	5.036744	0.07548178	0.04090906	0.03457272	0.04090906
9440	-227.0779	-232.9808	5.902897	0.04949643	0.01616549	0.03333094	0.01616549
9450	-247.2226	-252.4178	5.195252	0.06133248	0.00817798	0.0531545	0.00817798
9460	-218.9142	-225.1315	6.217311	0.03916026	0.01400474	0.02515552	0.01400474
9470	-265.1541	-269.1281	3.973958	0.0990989	0.04330946	0.05578944	0.04330946
9480	-222.7331	-228.8435	6.110421	0.04184974	0.008794013	0.03305573	0.008794013
9490	-308.6961	-309.1162	0.4201057	0.3124645	0.2524447	0.0600198	0.2524447
9500	-227.3553	-233.2701	5.91478	0.04889182	0.01428798	0.03460384	0.01428798
9510	-331.9529	-333.318	1.365089	0.1660127	0.07035937	0.09565336	0.07035937
9520	-339.9682	-342.4657	2.497501	0.1161945	0.006092267	0.1101022	0.006092267
9530	-212.2471	-218.5498	6.30264	0.02588606	0.008830863	0.0170552	0.008830863
9540	-284.4407	-287.7323	3.291533	0.1130206	0.04360501	0.06941563	0.04360501
9550	-229.5823	-235.3404	5.758051	0.05360285	0.01947489	0.03412797	0.01947489
9560	-231.1323	-236.5967	5.464377	0.06240389	0.03410558	0.02829831	0.03410558
9570	-274.2708	-275.6847	1.413891	0.3077078	0.2922695	0.01543834	0.2922695
9580	-324.4403	-322.7834	-1.65688	0.6739261	0.6243394	0.0495867	0.6243394
9590	-215.2666	-220.1526	4.886047	0.01730184	0.009495594	0.007806247	0.009495594
9600	-232.9988	-238.5321	5.53327	0.04842112	0.004415885	0.04400523	0.004415885
9610	-210.8038	-216.7103	5.906485	0.01731928	0.004200738	0.01311854	0.004200738
9620	-224.5429	-230.539	5.996083	0.046917	0.01640924	0.03050775	0.01640924
9630	-258.3672	-262.6836	4.31644	0.09011377	0.03812117	0.05199261	0.03812117
9640	-257.3702	-260.961	3.59081	0.1403086	0.1074827	0.03282588	0.1074827
9650	-309.4382	-312.4663	3.028078	0.1114849	0.02190194	0.08958292	0.02190194
9660	-237.4075	-242.7389	5.331345	0.06506651	0.02677149	0.03829502	0.02677149
9670	-220.9048	-226.3513	5.446462	0.04219355	0.02863852	0.01355502	0.02863852
9680	-287.1101	-288.5818	1.471692	0.2747207	0.2318554	0.04286535	0.2318554
9690	-228.7073	-234.2426	5.535375	0.05928693	0.03429305	0.02499388	0.03429305
9700	-215.1173	-221.4668	6.34951	0.03241372	0.007229223	0.02518449	0.007229223
9710	-243.55	-248.6659	5.115858	0.06930948	0.02494797	0.04436151	0.02494797
9720	-218.1077	-224.3368	6.229177	0.03802246	0.01433533	0.02368713	0.01433533
9730	-254.2248	-257.13	2.905228	0.1627948	0.148981	0.01381384	0.148981
9740	-234.5534	-239.968	5.414638	0.06349738	0.02885805	0.03463933	0.02885805
9750	-238.6285	-243.5352	4.906756	0.08162133	0.0531751	0.02844622	0.0531751
9760	-223.3376	-228.8814	5.543814	0.04904063	0.0322865	0.01675413	0.0322865
9770	-264.941	-267.4182	2.4772	0.2215129	0.2022807	0.0192322	0.2022807
9780	-228.247	-233.06	4.812988	0.06034948	0.04736109	0.01298839	0.04736109
9790	-265.8214	-269.5908	3.769418	0.1084179	0.05497305	0.0534449	0.05497305
9800	-215.9122	-221.8726	5.960402	0.03210319	0.01714302	0.01496017	0.01714302
9810	-268.8704	-271.5262	2.655802	0.201756	0.1691705	0.03258547	0.1691705
9820	-217.6343	-223.8797	6.245394	0.03545089	0.006430469	0.02902042	0.006430469
9830	-232.8903	-238.0973	5.207014	0.06998154	0.04549276	0.02448878	0.04549276
9840	-284.1286	-287.5111	3.382577	0.1095106	0.03943696	0.07007368	0.03943696
9850	-281.8067	-285.8927	4.086043	0.08417322	0.008548718	0.0756245	0.008548718
9860	-295.8669	-296.5294	0.6625606	0.3641972	0.3222995	0.04189777	0.3222995
9870	-237.4071	-242.8952	5.48802	0.05928707	0.0168979	0.04238917	0.0168979
9880	-222.0597	-227.2601	5.200479	0.03733329	0.001701565	0.03563173	0.001701565
9890	-222.2753	-228.3821	6.106771	0.0435215	0.0142757	0.0292458	0.0142757
9900	-299.1331	-302.4158	3.282786	0.1064142	0.02340257	0.08301166	0.02340257
9910	-227.9564	-233.3665	5.410105	0.05972806	0.0392965	0.02043157	0.0392965
9920	-248.9955	-253.1251	4.129598	0.115049	0.08607254	0.02897644	0.08607254
9930	-215.3816	-221.6868	6.305179	0.03253238	0.006068654	0.02646373	0.006068654
9940	-245.0517	-248.8598	3.808137	0.1174819	0.101845	0.0156369	0.101845
9950	-239.3438	-244.6934	5.349655	0.06326949	0.02086492	0.04240457	0.02086492
9960	-324.2188	-324.9207	0.7018634	0.2222127	0.1397996	0.08241312	0.1397996
9970	-224.369	-230.4071	6.038052	0.04551613	0.01348588	0.03203026	0.01348588
9980	-232.8019	-238.0779	5.27599	0.06821933	0.04190658	0.02631276	0.04190658
9990	-218.4678	-224.1773	5.70954	0.03715846	0.02287383	0.01428463	0.02287383
10000	-246.5358	-251.6126	5.076828	0.06892529	0.02062852	0.04829677	0.02062852
