Iteration	Posterior	Likelihood	Prior	birth_rate	death_rate	diversification	turnover
0	-219.1821	-225.292	6.109983	0.04028222	0.01827164	0.02201058	0.01827164
10	-236.7498	-240.582	3.832258	0.08552082	0.07464249	0.01087833	0.07464249
20	-218.7813	-224.9795	6.198203	0.03919332	0.01515174	0.02404158	0.01515174
30	-211.3038	-216.8367	5.532954	0.01486419	0.002731666	0.01213252	0.002731666
40	-220.4138	-226.5614	6.147615	0.04163618	0.01564144	0.02599474	0.01564144
50	-211.711	-217.3348	5.623787	0.01514356	0.003691638	0.01145192	0.003691638
60	-234.2702	-239.0298	4.759555	0.07807402	0.06076806	0.01730597	0.06076806
70	-214.6364	-220.9865	6.350163	0.03180709	0.01050372	0.02130337	0.01050372
80	-225.2793	-231.2067	5.927356	0.04281721	0.005758999	0.03705821	0.005758999
90	-241.2199	-246.4969	5.277036	0.06480807	0.02082423	0.04398384	0.02082423
100	-236.7098	-241.7478	5.037967	0.07677974	0.04876689	0.02801285	0.04876689
110	-234.0844	-239.5398	5.455401	0.06225143	0.02744102	0.03481041	0.02744102
120	-230.4602	-235.9832	5.523025	0.06061003	0.03202879	0.02858124	0.03202879
130	-282.0149	-284.0224	2.00754	0.221538	0.1762283	0.04530977	0.1762283
140	-263.388	-265.981	2.592976	0.2113174	0.1922901	0.01902726	0.1922901
150	-245.3109	-250.0285	4.717685	0.08486973	0.04664873	0.03822099	0.04664873
160	-221.7796	-227.4377	5.658129	0.04548565	0.02876693	0.01671873	0.02876693
170	-222.3528	-228.253	5.90023	0.04655859	0.02426113	0.02229746	0.02426113
180	-211.6011	-217.6082	6.007089	0.02582855	0.002765435	0.02306312	0.002765435
190	-273.3638	-277.1906	3.826845	0.09891762	0.03524633	0.06367129	0.03524633
200	-212.3198	-218.6118	6.292001	0.02755659	0.004643076	0.02291352	0.004643076
210	-238.4838	-243.3803	4.896483	0.08204791	0.05427081	0.0277771	0.05427081
220	-261.1519	-264.2974	3.145573	0.1727291	0.144593	0.02813615	0.144593
230	-215.8266	-222.1612	6.334641	0.03396358	0.01084116	0.02312242	0.01084116
240	-259.3817	-263.7059	4.324191	0.08896064	0.03544568	0.05351496	0.03544568
250	-225.0329	-230.8462	5.813234	0.05101498	0.02572022	0.02529476	0.02572022
260	-256.0122	-259.5639	3.55173	0.1469262	0.118893	0.02803318	0.118893
270	-245.9745	-251.2023	5.227779	0.06321198	0.01244234	0.05076964	0.01244234
280	-219.6667	-224.2442	4.577526	0.03295852	0.02466272	0.008295792	0.02466272
290	-217.391	-223.3444	5.953389	0.0359153	0.01962228	0.01629303	0.01962228
300	-232.835	-238.1588	5.323763	0.06688331	0.03902377	0.02785954	0.03902377
310	-214.249	-219.6609	5.411978	0.02097713	0.01129502	0.009682111	0.01129502
320	-265.46	-269.8749	4.414879	0.08213704	0.01999891	0.06213813	0.01999891
330	-220.3702	-226.161	5.790748	0.04248123	0.02535045	0.01713079	0.02535045
340	-289.686	-291.7342	2.048216	0.1854732	0.1264166	0.05905663	0.1264166
350	-247.5204	-252.1424	4.621969	0.08709621	0.04685407	0.04024214	0.04685407
360	-224.9261	-230.6148	5.68867	0.05224663	0.0305806	0.02166603	0.0305806
370	-233.6691	-239.2514	5.582234	0.05799128	0.02037419	0.03761709	0.02037419
380	-246.9094	-250.7218	3.812391	0.1239781	0.1064125	0.01756559	0.1064125
390	-219.9958	-225.7413	5.745527	0.04136633	0.02528814	0.0160782	0.02528814
400	-252.1753	-256.4484	4.273083	0.09987685	0.05911558	0.04076126	0.05911558
410	-216.9019	-222.7064	5.804434	0.03356817	0.01953664	0.01403153	0.01953664
420	-266.9206	-270.1215	3.200892	0.1466656	0.1029303	0.04373531	0.1029303
430	-213.6681	-219.2297	5.561694	0.0205915	0.01033905	0.01025244	0.01033905
440	-232.0547	-237.7552	5.700458	0.04885936	0.006364442	0.04249492	0.006364442
450	-210.5499	-216.3824	5.832489	0.02326622	0.002213972	0.02105225	0.002213972
460	-241.0726	-245.4243	4.351757	0.09968653	0.08063995	0.01904658	0.08063995
470	-216.0237	-221.9295	5.905762	0.03195844	0.01754354	0.0144149	0.01754354
480	-221.8949	-226.2186	4.323741	0.03600586	0.0008673753	0.03513849	0.0008673753
490	-220.9139	-225.7963	4.882346	0.0387745	0.02885191	0.00992259	0.02885191
500	-216.1946	-222.2921	6.09747	0.03385831	0.01662204	0.01723627	0.01662204
510	-253.8347	-257.9268	4.092197	0.1085075	0.06902582	0.03948165	0.06902582
520	-244.1464	-248.6142	4.467779	0.05450112	0.001805891	0.05269523	0.001805891
530	-251.3499	-255.6329	4.282985	0.1006583	0.06134711	0.03931122	0.06134711
540	-226.1747	-230.2792	4.104498	0.05051954	0.04197086	0.008548682	0.04197086
550	-215.507	-221.6602	6.153177	0.03255619	0.01514449	0.0174117	0.01514449
560	-269.1655	-271.7447	2.579199	0.2105929	0.1796983	0.03089458	0.1796983
570	-310.0005	-312.3525	2.35195	0.1355846	0.0507905	0.08479411	0.0507905
580	-256.9701	-261.4793	4.509273	0.06428078	0.003115341	0.06116544	0.003115341
590	-218.7845	-225.0416	6.257044	0.03763347	0.008972594	0.02866088	0.008972594
600	-229.6425	-235.1539	5.511478	0.0605331	0.03419453	0.02633858	0.03419453
610	-216.4507	-221.3559	4.905262	0.02435551	0.01597794	0.008377569	0.01597794
620	-215.2621	-221.0783	5.816113	0.02899844	0.01604904	0.01294941	0.01604904
630	-217.9942	-223.9658	5.97159	0.03465477	0.003524161	0.03113061	0.003524161
640	-218.7047	-224.7026	5.997916	0.03927823	0.0206635	0.01861473	0.0206635
650	-219.1769	-225.3497	6.172773	0.03703244	0.006043018	0.03098942	0.006043018
660	-211.702	-217.881	6.179046	0.02276398	0.008051523	0.01471246	0.008051523
670	-226.73	-232.6711	5.941043	0.04819251	0.01410531	0.0340872	0.01410531
680	-265.7321	-269.3515	3.619459	0.1172484	0.06660418	0.05064418	0.06660418
690	-240.7327	-246.1672	5.434571	0.05759191	0.00971288	0.04787903	0.00971288
700	-224.7645	-230.037	5.272558	0.05197358	0.03722346	0.01475012	0.03722346
710	-216.3099	-221.4175	5.10758	0.02578806	0.01665359	0.009134465	0.01665359
720	-247.331	-250.7264	3.395348	0.1283464	0.114978	0.01336844	0.114978
730	-214.426	-220.7991	6.373029	0.0314164	0.007699865	0.02371653	0.007699865
740	-245.9188	-249.8042	3.885427	0.1198065	0.102294	0.01751251	0.102294
750	-224.2186	-229.5455	5.326874	0.05068159	0.03579476	0.01488682	0.03579476
760	-217.5529	-223.5573	6.004349	0.0366134	0.01934977	0.01726363	0.01934977
770	-231.4539	-236.5011	5.04717	0.06950209	0.0510018	0.01850029	0.0510018
780	-224.3459	-229.1942	4.848257	0.0487943	0.03761078	0.01118352	0.03761078
790	-250.841	-254.3513	3.510311	0.1418493	0.1242204	0.01762886	0.1242204
800	-242.4162	-247.4359	5.019679	0.07386581	0.03371275	0.04015307	0.03371275
810	-219.133	-222.3322	3.199271	0.01770815	0.012726	0.004982148	0.012726
820	-223.3981	-229.4836	6.085513	0.04252932	0.008836095	0.03369323	0.008836095
830	-225.1162	-230.6901	5.573878	0.05316877	0.0336963	0.01947247	0.0336963
840	-226.2124	-232.0004	5.788061	0.04290927	0.004434596	0.03847468	0.004434596
850	-212.5848	-218.5411	5.95625	0.02218541	0.009587181	0.01259823	0.009587181
860	-215.9343	-222.0065	6.072216	0.03303285	0.01650412	0.01652873	0.01650412
870	-254.1789	-258.4982	4.31934	0.09436907	0.04880797	0.0455611	0.04880797
880	-294.72	-298.4037	3.683759	0.09441484	0.01160128	0.08281355	0.01160128
890	-244.4358	-249.2776	4.841834	0.07983586	0.04017354	0.03966232	0.04017354
900	-243.5866	-247.0769	3.490277	0.1120196	0.1000619	0.01195771	0.1000619
910	-218.4873	-224.6217	6.134354	0.03587597	0.00502819	0.03084778	0.00502819
920	-211.3594	-217.5386	6.179207	0.02555938	0.003579324	0.02198005	0.003579324
930	-224.9488	-230.564	5.615263	0.05268591	0.03262915	0.02005676	0.03262915
940	-235.2712	-240.8996	5.628327	0.05473994	0.01209487	0.04264507	0.01209487
950	-228.5588	-233.6324	5.073627	0.0619248	0.04617208	0.01575272	0.04617208
960	-284.5661	-287.4017	2.835656	0.07959839	0.001307363	0.07829103	0.001307363
970	-234.9459	-240.4212	5.475309	0.04999998	0.004543825	0.04545615	0.004543825
980	-225.6277	-231.1569	5.529178	0.05438459	0.03504262	0.01934197	0.03504262
990	-273.6559	-276.2681	2.612241	0.1838268	0.1409361	0.04289069	0.1409361
1000	-217.0525	-221.8565	4.804001	0.02573995	0.01751056	0.00822939	0.01751056
1010	-222.9891	-229.0288	6.039708	0.04541809	0.01720274	0.02821535	0.01720274
1020	-275.028	-278.9303	3.902293	0.09520297	0.02886958	0.06633338	0.02886958
1030	-216.6473	-222.7661	6.118805	0.03506932	0.0168797	0.01818962	0.0168797
1040	-210.7685	-217.0136	6.245068	0.02405287	0.004152985	0.01989989	0.004152985
1050	-246.929	-251.0698	4.14083	0.1152227	0.0907882	0.02443446	0.0907882
1060	-213.6686	-219.1014	5.432843	0.01832829	0.00876208	0.009566211	0.00876208
1070	-239.0675	-244.3823	5.314878	0.06470401	0.02364625	0.04105776	0.02364625
1080	-216.1671	-222.5031	6.336029	0.03443034	0.01013105	0.02429929	0.01013105
1090	-277.084	-281.0929	4.008898	0.09070042	0.02112516	0.06957526	0.02112516
1100	-233.7953	-239.3062	5.510886	0.06043296	0.02462514	0.03580782	0.02462514
1110	-216.9941	-223.3064	6.312272	0.03526024	0.00845553	0.02680471	0.00845553
1120	-217.9355	-224.2053	6.269735	0.03620585	0.007652904	0.02855294	0.007652904
1130	-221.372	-227.236	5.864001	0.04486247	0.02508616	0.01977631	0.02508616
1140	-216.9304	-222.7675	5.837088	0.03389467	0.01949299	0.01440168	0.01949299
1150	-242.2997	-246.5068	4.207093	0.1048674	0.08668475	0.01818269	0.08668475
1160	-292.1041	-294.2215	2.117427	0.1728962	0.1094876	0.0634086	0.1094876
1170	-242.4133	-247.6592	5.245874	0.06522945	0.01993732	0.04529213	0.01993732
1180	-218.1692	-224.3358	6.166547	0.03836668	0.01664488	0.0217218	0.01664488
1190	-228.3399	-233.6578	5.317938	0.06104755	0.04187875	0.0191688	0.04187875
1200	-245.8617	-250.8445	4.982772	0.05728493	0.003682385	0.05360254	0.003682385
1210	-232.223	-237.8515	5.62851	0.04828283	0.005168229	0.0431146	0.005168229
1220	-237.0703	-241.335	4.264673	0.08763296	0.07358816	0.0140448	0.07358816
1230	-215.9074	-221.5817	5.674368	0.02963095	0.01744404	0.01218691	0.01744404
1240	-280.4892	-281.3372	0.847974	0.3732189	0.3580156	0.01520332	0.3580156
1250	-221.4048	-227.0514	5.646532	0.04450773	0.02833948	0.01616826	0.02833948
1260	-265.9371	-269.8132	3.876127	0.1028772	0.04754736	0.05532981	0.04754736
1270	-224.5697	-230.5223	5.952677	0.04216437	0.005729095	0.03643527	0.005729095
1280	-227.7432	-233.667	5.92381	0.04698893	0.009646651	0.03734228	0.009646651
1290	-216.5525	-222.8615	6.308985	0.03522577	0.01169929	0.02352648	0.01169929
1300	-224.9663	-230.8703	5.903978	0.0493014	0.0211959	0.0281055	0.0211959
1310	-229.7687	-235.5861	5.817372	0.05131702	0.01456435	0.03675267	0.01456435
1320	-235.1861	-239.6134	4.427351	0.04754719	0.001326434	0.04622076	0.001326434
1330	-209.901	-215.6274	5.726386	0.02081364	0.002029505	0.01878414	0.002029505
1340	-227.0739	-232.1962	5.122313	0.05789847	0.04287663	0.01502184	0.04287663
1350	-214.3438	-220.4889	6.145039	0.02952923	0.01350328	0.01602595	0.01350328
1360	-240.1317	-245.3679	5.236185	0.06697085	0.02586041	0.04111043	0.02586041
1370	-248.3936	-252.9384	4.544852	0.09001321	0.04997467	0.04003855	0.04997467
1380	-257.6276	-262.252	4.624447	0.07880517	0.02300279	0.05580238	0.02300279
1390	-210.5917	-216.2883	5.696603	0.02315094	0.001917618	0.02123332	0.001917618
1400	-261.331	-265.81	4.479002	0.08194777	0.02370843	0.05823934	0.02370843
1410	-232.187	-237.9172	5.73016	0.0531443	0.01390635	0.03923795	0.01390635
1420	-225.5607	-231.336	5.775268	0.05212793	0.02683362	0.0252943	0.02683362
1430	-239.4025	-244.2513	4.84881	0.083831	0.05536222	0.02846878	0.05536222
1440	-226.8138	-232.7421	5.928266	0.04867023	0.01495508	0.03371514	0.01495508
1450	-213.23	-219.5767	6.346746	0.02874555	0.009666375	0.01907917	0.009666375
1460	-221.0102	-226.6405	5.630307	0.04343028	0.02785241	0.01557787	0.02785241
1470	-262.5393	-266.2597	3.720423	0.1164817	0.0691027	0.04737901	0.0691027
1480	-228.7352	-234.1068	5.371643	0.06150719	0.04065538	0.0208518	0.04065538
1490	-230.2039	-234.6373	4.433442	0.06500208	0.05357787	0.01142421	0.05357787
1500	-227.1835	-233.1173	5.933829	0.04580308	0.00828709	0.03751599	0.00828709
1510	-221.5042	-227.6344	6.130218	0.03995521	0.007255416	0.0326998	0.007255416
1520	-229.5748	-235.2119	5.637095	0.05728348	0.02713063	0.03015285	0.02713063
1530	-267.2313	-269.8024	2.571143	0.2176782	0.191967	0.02571115	0.191967
1540	-224.6349	-230.6071	5.972168	0.04758245	0.01780183	0.02978061	0.01780183
1550	-226.6144	-232.2512	5.63683	0.05531879	0.03180368	0.02351511	0.03180368
1560	-255.2387	-259.491	4.252309	0.0965146	0.05054579	0.04596881	0.05054579
1570	-224.8617	-230.0465	5.1848	0.05191076	0.03795967	0.01395108	0.03795967
1580	-305.7353	-307.7099	1.974595	0.1591147	0.08196298	0.07715169	0.08196298
1590	-265.1071	-268.975	3.867887	0.1041877	0.05012505	0.05406266	0.05012505
1600	-279.6457	-281.0843	1.438585	0.3294058	0.3058497	0.02355607	0.3058497
1610	-259.1926	-262.886	3.693399	0.1260216	0.08575185	0.0402698	0.08575185
1620	-219.5335	-224.8341	5.300591	0.03740718	0.02580126	0.01160592	0.02580126
1630	-220.3508	-226.5547	6.203991	0.04012309	0.01095485	0.02916824	0.01095485
1640	-210.6972	-216.3144	5.6172	0.02327506	0.001774812	0.02150025	0.001774812
1650	-221.309	-226.9087	5.599722	0.04406724	0.02858703	0.01548021	0.02858703
1660	-219.1266	-225.2292	6.102579	0.0402056	0.01850604	0.02169956	0.01850604
1670	-233.1185	-238.8192	5.700664	0.05359834	0.01326259	0.04033575	0.01326259
1680	-289.4925	-292.4793	2.986804	0.1224841	0.05114387	0.07134021	0.05114387
1690	-272.1898	-276.3163	4.126526	0.08883316	0.0229371	0.06589606	0.0229371
1700	-218.0697	-224.2852	6.215516	0.03804577	0.01495374	0.02309203	0.01495374
1710	-221.7785	-227.7779	5.999404	0.04493549	0.02096754	0.02396795	0.02096754
1720	-222.2089	-227.0024	4.793552	0.04211369	0.03210853	0.01000515	0.03210853
1730	-227.5457	-232.8328	5.287057	0.04258539	0.002285636	0.04029975	0.002285636
1740	-227.3735	-233.0344	5.660936	0.05575216	0.02993504	0.02581712	0.02993504
1750	-232.1484	-237.198	5.049561	0.07108032	0.05159873	0.0194816	0.05159873
1760	-222.1441	-227.8762	5.732156	0.0465104	0.02818246	0.01832794	0.02818246
1770	-225.1361	-230.8906	5.754473	0.05193636	0.02815018	0.02378618	0.02815018
1780	-240.6128	-244.5514	3.938678	0.1003745	0.08681129	0.01356325	0.08681129
1790	-257.4537	-261.0001	3.546376	0.1441682	0.1125819	0.03158635	0.1125819
1800	-261.8403	-263.7654	1.925074	0.2110973	0.1998066	0.01129068	0.1998066
1810	-218.178	-224.061	5.883043	0.03748414	0.02137325	0.01611089	0.02137325
1820	-253.9999	-258.7624	4.76241	0.075913	0.02264528	0.05326772	0.02264528
1830	-219.8034	-225.7552	5.951773	0.03667141	0.003817267	0.03285414	0.003817267
1840	-276.8478	-279.2666	2.418795	0.1929365	0.1482217	0.04471475	0.1482217
1850	-319.7681	-321.2842	1.516165	0.1695613	0.08334728	0.08621402	0.08334728
1860	-253.0547	-257.0462	3.991519	0.117548	0.08279655	0.03475141	0.08279655
1870	-215.3934	-221.3906	5.997192	0.03153395	0.003175709	0.02835824	0.003175709
1880	-223.0879	-229.1894	6.10149	0.04246118	0.009388778	0.0330724	0.009388778
1890	-222.2975	-228.4227	6.125218	0.04284345	0.01238393	0.03045953	0.01238393
1900	-249.8382	-253.722	3.883734	0.1285702	0.1050073	0.02356297	0.1050073
1910	-243.1451	-247.675	4.529916	0.0970173	0.0696265	0.0273908	0.0696265
1920	-226.8075	-232.3655	5.557988	0.05647147	0.03461849	0.02185298	0.03461849
1930	-214.1273	-220.5064	6.379093	0.03093369	0.008735426	0.02219826	0.008735426
1940	-217.8368	-223.47	5.633258	0.03488781	0.02179462	0.01309319	0.02179462
1950	-239.8117	-245.0385	5.226781	0.06752477	0.02723691	0.04028786	0.02723691
1960	-218.5852	-224.7972	6.21201	0.03881502	0.01469463	0.02412039	0.01469463
1970	-240.6637	-245.5085	4.844803	0.0833474	0.05194979	0.0313976	0.05194979
1980	-243.8982	-248.2372	4.339018	0.1051731	0.08167482	0.02349825	0.08167482
1990	-215.124	-221.2844	6.160407	0.03159993	0.004109467	0.02749046	0.004109467
2000	-220.1958	-226.1704	5.974535	0.04240949	0.02206023	0.02034926	0.02206023
2010	-215.642	-221.8916	6.249679	0.03346036	0.01377772	0.01968264	0.01377772
2020	-218.4338	-224.3453	5.911568	0.03827942	0.02148082	0.0167986	0.02148082
2030	-227.9684	-233.7367	5.76825	0.05348787	0.02282334	0.03066453	0.02282334
2040	-214.1476	-220.1437	5.996123	0.02750152	0.01356711	0.01393441	0.01356711
2050	-242.4087	-247.6332	5.224499	0.06601569	0.02120262	0.04481307	0.02120262
2060	-238.3058	-243.4297	5.123896	0.07263633	0.03820425	0.03443209	0.03820425
2070	-246.7817	-250.3166	3.53492	0.1256216	0.1114162	0.01420543	0.1114162
2080	-231.8205	-236.126	4.305546	0.06981386	0.05840981	0.01140405	0.05840981
2090	-275.7239	-277.5784	1.854444	0.2832547	0.2576787	0.02557598	0.2576787
2100	-295.1863	-295.6873	0.500954	0.4112901	0.3752654	0.03602466	0.3752654
2110	-263.8068	-267.45	3.643111	0.1192203	0.07127154	0.04794874	0.07127154
2120	-241.2277	-245.6939	4.466253	0.09789776	0.07628735	0.0216104	0.07628735
2130	-217.9127	-223.8148	5.902082	0.03692335	0.02081887	0.01610448	0.02081887
2140	-225.0566	-230.921	5.864345	0.05015671	0.02318016	0.02697655	0.02318016
2150	-217.3099	-223.4513	6.141316	0.03440957	0.004622202	0.02978737	0.004622202
2160	-211.6525	-217.4855	5.832937	0.01735469	0.005539988	0.0118147	0.005539988
2170	-216.6565	-222.6558	5.999274	0.03312857	0.003408355	0.02972021	0.003408355
2180	-223.8762	-229.5047	5.628459	0.0503866	0.03161933	0.01876727	0.03161933
2190	-257.8975	-261.7712	3.873653	0.1153359	0.0730907	0.04224517	0.0730907
2200	-214.862	-220.983	6.121073	0.03066912	0.01450102	0.0161681	0.01450102
2210	-257.358	-260.4675	3.109555	0.1730351	0.1535033	0.01953183	0.1535033
2220	-228.738	-233.991	5.252971	0.06220848	0.04367047	0.01853801	0.04367047
2230	-232.3589	-238.0845	5.725556	0.05318854	0.013711	0.03947754	0.013711
2240	-258.9292	-262.0018	3.072594	0.178363	0.1570523	0.02131069	0.1570523
2250	-227.7189	-232.7372	5.018336	0.04223888	0.001748227	0.04049065	0.001748227
2260	-229.4412	-235.0979	5.656648	0.05671825	0.02624701	0.03047124	0.02624701
2270	-212.8649	-219.2434	6.378435	0.02833381	0.008261287	0.02007252	0.008261287
2280	-222.4354	-228.4899	6.054528	0.04480761	0.01742006	0.02738755	0.01742006
2290	-325.7497	-328.5831	2.833338	0.1132273	0.01224279	0.1009845	0.01224279
2300	-240.8867	-246.1629	5.276296	0.05449321	0.004690342	0.04980287	0.004690342
2310	-244.2451	-248.7841	4.53904	0.09582943	0.06544683	0.03038259	0.06544683
2320	-277.291	-281.3441	4.053128	0.08916016	0.01890543	0.07025473	0.01890543
2330	-214.7604	-221.027	6.266561	0.03158488	0.01275459	0.01883028	0.01275459
2340	-213.9431	-220.3221	6.379052	0.03059183	0.00745028	0.02314155	0.00745028
2350	-235.7053	-241.1162	5.410891	0.0630819	0.02609301	0.03698889	0.02609301
2360	-211.3557	-217.7016	6.34593	0.02510025	0.005945218	0.01915504	0.005945218
2370	-212.9667	-218.8495	5.882781	0.02793171	0.002464342	0.02546737	0.002464342
2380	-234.414	-239.8208	5.406726	0.06383889	0.02974128	0.0340976	0.02974128
2390	-239.2366	-243.7041	4.467511	0.09353199	0.07490192	0.01863008	0.07490192
2400	-224.5864	-230.3109	5.724478	0.05141533	0.02948146	0.02193388	0.02948146
2410	-227.0801	-233.0084	5.928231	0.04542401	0.007721905	0.03770211	0.007721905
2420	-258.254	-262.0179	3.763887	0.1227647	0.08262432	0.04014037	0.08262432
2430	-217.8726	-222.108	4.235406	0.01100902	0.00446913	0.006539891	0.00446913
2440	-214.2832	-220.599	6.315819	0.03085359	0.01137174	0.01948185	0.01137174
2450	-235.7602	-241.2391	5.4789	0.06060986	0.02165063	0.03895923	0.02165063
2460	-211.6224	-217.9759	6.353446	0.02543647	0.006801361	0.01863511	0.006801361
2470	-213.8228	-220.1981	6.375346	0.0303067	0.009130399	0.0211763	0.009130399
2480	-310.7019	-309.7596	-0.9423065	0.6419432	0.6057079	0.03623531	0.6057079
2490	-223.7059	-229.3585	5.65265	0.0499898	0.03100873	0.01898107	0.03100873
2500	-289.8916	-290.9853	1.093687	0.3258532	0.2865309	0.03932231	0.2865309
2510	-236.9949	-240.0118	3.016945	0.08301067	0.07517726	0.007833409	0.07517726
2520	-223.4046	-229.4103	6.005752	0.04635107	0.01839784	0.02795322	0.01839784
2530	-215.1173	-221.4495	6.332242	0.03269481	0.01126544	0.02142936	0.01126544
2540	-269.3288	-272.4373	3.108553	0.1476981	0.1014535	0.04624452	0.1014535
2550	-246.4028	-251.3086	4.905779	0.0754175	0.03073768	0.04467983	0.03073768
2560	-239.7181	-244.3986	4.6805	0.09013838	0.06600785	0.02413053	0.06600785
2570	-219.5616	-224.797	5.235353	0.03705232	0.02584325	0.01120907	0.02584325
2580	-228.5038	-233.8754	5.371532	0.06106871	0.04059135	0.02047736	0.04059135
2590	-212.5334	-218.3112	5.777811	0.01927741	0.008044461	0.01123295	0.008044461
2600	-216.5815	-222.6732	6.091674	0.03476132	0.01716252	0.0175988	0.01716252
2610	-221.6026	-225.2156	3.613074	0.03328361	0.02701145	0.00627216	0.02701145
2620	-232.1238	-237.5026	5.378809	0.06509098	0.03716751	0.02792348	0.03716751
2630	-258.2775	-262.9475	4.670003	0.07687471	0.01959053	0.05728418	0.01959053
2640	-271.3545	-274.793	3.438474	0.1193056	0.06349465	0.0558109	0.06349465
2650	-217.4777	-222.7425	5.26482	0.03101562	0.0206264	0.01038923	0.0206264
2660	-239.8659	-244.3816	4.515713	0.09431969	0.07388646	0.02043323	0.07388646
2670	-266.9331	-269.3983	2.465207	0.2269471	0.2046298	0.02231731	0.2046298
2680	-212.106	-218.4102	6.304283	0.02715991	0.004760576	0.02239933	0.004760576
2690	-259.1456	-260.965	1.81942	0.1925932	0.1828762	0.009717041	0.1828762
2700	-227.2704	-232.5789	5.308444	0.05858384	0.04094057	0.01764328	0.04094057
2710	-218.7209	-224.6105	5.889605	0.03887616	0.02209223	0.01678394	0.02209223
2720	-228.8375	-233.6458	4.808225	0.06211923	0.0488044	0.01331484	0.0488044
2730	-226.143	-231.9063	5.763227	0.04270949	0.00419403	0.03851546	0.00419403
2740	-225.966	-231.7324	5.766361	0.05264844	0.0267302	0.02591824	0.0267302
2750	-243.0554	-248.3846	5.329228	0.05781423	0.007353701	0.05046053	0.007353701
2760	-249.6575	-253.6384	3.980912	0.1235765	0.09766262	0.02591383	0.09766262
2770	-312.1897	-313.655	1.465306	0.1836343	0.1053411	0.07829328	0.1053411
2780	-217.0986	-223.3861	6.287465	0.03616931	0.01236199	0.02380733	0.01236199
2790	-224.0165	-229.8683	5.851734	0.04936452	0.02510036	0.02426416	0.02510036
2800	-212.8321	-218.6767	5.844551	0.02144666	0.009666522	0.01178014	0.009666522
2810	-248.4271	-252.5689	4.141747	0.1148721	0.08692193	0.02795019	0.08692193
2820	-245.7264	-250.0651	4.338666	0.1055629	0.0779691	0.0275938	0.0779691
2830	-241.298	-246.7082	5.410186	0.05882249	0.01101127	0.04781122	0.01101127
2840	-222.0193	-227.6814	5.662105	0.04608539	0.02904553	0.01703987	0.02904553
2850	-230.6703	-236.3829	5.712561	0.05476227	0.01964368	0.03511859	0.01964368
2860	-222.2172	-228.0404	5.82316	0.04662668	0.0264118	0.02021489	0.0264118
2870	-232.796	-238.4564	5.660337	0.05561235	0.01747019	0.03814216	0.01747019
2880	-279.3868	-283.0034	3.616556	0.1033055	0.03558887	0.06771667	0.03558887
2890	-216.2595	-222.4047	6.145255	0.03306807	0.004306277	0.02876179	0.004306277
2900	-228.1491	-232.8112	4.662132	0.04208231	0.001304903	0.04077741	0.001304903
2910	-234.969	-239.8797	4.910764	0.07837103	0.05740108	0.02096995	0.05740108
2920	-211.8243	-217.1339	5.309582	0.01388212	0.002279106	0.01160301	0.002279106
2930	-252.7002	-256.3279	3.627686	0.1429585	0.1202311	0.02272736	0.1202311
2940	-225.2519	-230.8143	5.562347	0.05348857	0.03404471	0.01944386	0.03404471
2950	-236.2978	-241.4227	5.12494	0.07360424	0.04382537	0.02977888	0.04382537
2960	-215.3391	-221.69	6.350951	0.03281075	0.007648263	0.02516248	0.007648263
2970	-218.6028	-224.8064	6.203637	0.03648985	0.006257778	0.03023207	0.006257778
2980	-228.6507	-234.315	5.664258	0.05637927	0.02752208	0.02885719	0.02752208
2990	-231.0164	-236.6111	5.594797	0.05849279	0.02632938	0.03216341	0.02632938
3000	-230.9695	-236.75	5.78055	0.05192019	0.0136264	0.03829379	0.0136264
3010	-214.9285	-220.399	5.470546	0.02444594	0.01413053	0.01031541	0.01413053
3020	-222.7011	-227.54	4.838958	0.04384667	0.03342514	0.01042152	0.03342514
3030	-215.8711	-220.9672	5.096136	0.02400403	0.01509728	0.008906747	0.01509728
3040	-220.0762	-225.7718	5.695634	0.03625735	0.00266177	0.03359558	0.00266177
3050	-220.8264	-226.8996	6.073117	0.04299303	0.01874208	0.02425095	0.01874208
3060	-211.1659	-217.4809	6.314984	0.02388138	0.006391664	0.01748971	0.006391664
3070	-215.3585	-221.6603	6.301813	0.03308092	0.01233798	0.02074294	0.01233798
3080	-231.8572	-236.9401	5.082901	0.07017737	0.05047452	0.01970284	0.05047452
3090	-249.0512	-254.1889	5.137667	0.06361728	0.009678161	0.05393912	0.009678161
3100	-231.6562	-236.9039	5.247673	0.06777106	0.04467567	0.02309539	0.04467567
3110	-241.5352	-246.9017	5.366562	0.05629265	0.006706662	0.04958599	0.006706662
3120	-245.2598	-249.329	4.06917	0.1149289	0.09518215	0.01974677	0.09518215
3130	-215.1859	-220.9078	5.721899	0.02787196	0.0157565	0.01211546	0.0157565
3140	-223.568	-229.634	6.066082	0.04474954	0.01369801	0.03105153	0.01369801
3150	-296.2337	-299.8224	3.588659	0.09744543	0.01429768	0.08314775	0.01429768
3160	-231.2715	-236.5749	5.303457	0.06629613	0.04247957	0.02381656	0.04247957
3170	-270.5407	-274.1427	3.601949	0.1114072	0.05414924	0.057258	0.05414924
3180	-216.0391	-222.2976	6.258494	0.03324457	0.005572477	0.0276721	0.005572477
3190	-218.926	-225.1802	6.25417	0.03830185	0.01060331	0.02769854	0.01060331
3200	-232.9542	-237.6765	4.722302	0.07439562	0.05886561	0.01553001	0.05886561
3210	-210.4544	-216.6148	6.160413	0.02321135	0.00352393	0.01968742	0.00352393
3220	-217.7128	-223.8686	6.155893	0.03499283	0.004945995	0.03004683	0.004945995
3230	-254.2712	-258.0523	3.781018	0.1316019	0.1005601	0.0310418	0.1005601
3240	-225.508	-231.0317	5.523711	0.05414094	0.03507076	0.01907018	0.03507076
3250	-227.2484	-231.3788	4.130492	0.05405867	0.04511655	0.008942121	0.04511655
3260	-274.9019	-279.0411	4.139193	0.08727075	0.01845142	0.06881934	0.01845142
3270	-222.3206	-228.4029	6.082261	0.04052243	0.006700246	0.03382219	0.006700246
3280	-274.7834	-278.6281	3.844648	0.09740491	0.03198164	0.06542327	0.03198164
3290	-221.2268	-226.6312	5.404365	0.04284579	0.02944313	0.01340266	0.02944313
3300	-222.5764	-228.6998	6.123382	0.04239121	0.01047608	0.03191513	0.01047608
3310	-274.7637	-276.546	1.782266	0.2913794	0.2696097	0.02176969	0.2696097
3320	-219.5631	-225.4535	5.890468	0.04090395	0.02311743	0.01778652	0.02311743
3330	-214.2979	-220.5679	6.270015	0.03052909	0.01222002	0.01830907	0.01222002
3340	-219.7839	-225.881	6.097092	0.04132765	0.01851645	0.02281119	0.01851645
3350	-220.4884	-226.6798	6.191383	0.04069843	0.01219425	0.02850419	0.01219425
3360	-224.3827	-228.9288	4.546065	0.04728516	0.03760204	0.009683126	0.03760204
3370	-222.751	-228.8591	6.108124	0.04335703	0.01242676	0.03093028	0.01242676
3380	-221.3921	-227.5532	6.161084	0.04168268	0.01199141	0.02969126	0.01199141
3390	-276.1151	-279.5091	3.393984	0.1157002	0.05436727	0.06133296	0.05436727
3400	-231.8374	-236.8311	4.993746	0.0706983	0.05260756	0.01809074	0.05260756
3410	-215.1837	-221.2309	6.047167	0.03087591	0.0154614	0.01541451	0.0154614
3420	-267.4036	-271.7624	4.358776	0.08314589	0.01957825	0.06356765	0.01957825
3430	-228.9227	-234.0663	5.143554	0.06290125	0.04586815	0.0170331	0.04586815
3440	-216.2277	-222.3702	6.142522	0.03421794	0.01611264	0.01810529	0.01611264
3450	-246.2893	-251.1586	4.869302	0.07698325	0.03326947	0.04371378	0.03326947
3460	-225.3105	-230.8461	5.535604	0.05368231	0.03466411	0.0190182	0.03466411
3470	-236.8342	-242.0586	5.224342	0.06948753	0.03539251	0.03409502	0.03539251
3480	-237.1264	-241.9112	4.784819	0.08427054	0.06247405	0.02179649	0.06247405
3490	-248.9158	-253.8491	4.93329	0.07271356	0.02358826	0.0491253	0.02358826
3500	-214.9143	-220.3567	5.44244	0.02408248	0.01393089	0.01015159	0.01393089
3510	-221.8825	-227.7795	5.896976	0.03877315	0.00398206	0.03479109	0.00398206
3520	-268.1013	-270.7974	2.696112	0.2000138	0.1681676	0.03184617	0.1681676
3530	-257.8657	-262.5845	4.718805	0.06625628	0.004895524	0.06136075	0.004895524
3540	-218.5431	-223.8474	5.304325	0.0339151	0.001658867	0.03225623	0.001658867
3550	-244.8676	-249.9408	5.073173	0.07006504	0.02443998	0.04562506	0.02443998
3560	-247.1487	-252.237	5.088299	0.06814085	0.01869965	0.0494412	0.01869965
3570	-240.21	-245.6053	5.395314	0.06097011	0.0158907	0.04507941	0.0158907
3580	-211.6149	-217.9615	6.346613	0.02601027	0.005529304	0.02048097	0.005529304
3590	-248.8969	-253.827	4.930076	0.05963601	0.004041537	0.05559448	0.004041537
3600	-273.8185	-275.1216	1.303125	0.3065221	0.2925332	0.01398887	0.2925332
3610	-246.1825	-250.051	3.868456	0.1208746	0.1033117	0.0175629	0.1033117
3620	-211.7488	-217.7727	6.023946	0.0205669	0.007551767	0.01301514	0.007551767
3630	-242.4476	-246.57	4.122376	0.1061912	0.0891109	0.01708034	0.0891109
3640	-246.8025	-250.8239	4.021439	0.1194214	0.09821398	0.02120742	0.09821398
3650	-231.4824	-236.303	4.820566	0.07004844	0.05466869	0.01537976	0.05466869
3660	-255.9103	-260.5956	4.685281	0.07759063	0.02304574	0.05454489	0.02304574
3670	-211.1971	-217.4862	6.289116	0.02340027	0.006717716	0.01668256	0.006717716
3680	-227.1069	-232.4744	5.367444	0.05809751	0.03968938	0.01840813	0.03968938
3690	-216.5268	-222.7072	6.180407	0.03508809	0.01576132	0.01932676	0.01576132
3700	-228.9065	-234.2655	5.359077	0.06193392	0.04107816	0.02085575	0.04107816
3710	-221.8535	-227.7942	5.940665	0.04550397	0.02307463	0.02242935	0.02307463
3720	-237.3318	-242.4446	5.112811	0.07368309	0.04182896	0.03185413	0.04182896
3730	-266.4034	-269.3523	2.948853	0.1758226	0.1403248	0.03549781	0.1403248
3740	-214.7094	-221.0656	6.35618	0.03197031	0.01021562	0.02175469	0.01021562
3750	-235.2164	-239.8573	4.640866	0.08119741	0.06455197	0.01664544	0.06455197
3760	-213.3899	-219.7768	6.386837	0.02957749	0.007713877	0.02186362	0.007713877
3770	-243.6971	-248.4917	4.794588	0.08284965	0.04596356	0.0368861	0.04596356
3780	-253.52	-257.7357	4.215636	0.1011329	0.05912764	0.04200522	0.05912764
3790	-288.6451	-291.051	2.405858	0.1577094	0.09457509	0.0631343	0.09457509
3800	-236.015	-241.4493	5.434309	0.06207691	0.02381692	0.03825999	0.02381692
3810	-213.5455	-219.8942	6.348772	0.02980631	0.005945254	0.02386105	0.005945254
3820	-225.7228	-229.9567	4.233871	0.04976942	0.04089584	0.008873579	0.04089584
3830	-246.5952	-250.4326	3.837424	0.1226185	0.1050424	0.01757608	0.1050424
3840	-238.9517	-244.0722	5.12047	0.07232844	0.03657179	0.03575666	0.03657179
3850	-233.5113	-239.0195	5.508156	0.06064544	0.0255309	0.03511455	0.0255309
3860	-246.3065	-250.8225	4.516018	0.09457004	0.05989326	0.03467678	0.05989326
3870	-228.5539	-234.2082	5.654302	0.05659868	0.02828918	0.0283095	0.02828918
3880	-274.2829	-277.3393	3.056451	0.1392632	0.08568979	0.05357341	0.08568979
3890	-231.847	-236.7903	4.943312	0.07091499	0.05359349	0.0173215	0.05359349
3900	-236.3246	-241.9187	5.594079	0.0550908	0.01122984	0.04386097	0.01122984
3910	-310.248	-312.7912	2.543245	0.1276653	0.04107749	0.08658785	0.04107749
3920	-215.1082	-220.814	5.705812	0.02747359	0.01552786	0.01194573	0.01552786
3930	-232.563	-237.5676	5.004596	0.07235616	0.05313391	0.01922225	0.05313391
3940	-237.1952	-242.1334	4.938257	0.08032913	0.05426069	0.02606844	0.05426069
3950	-226.6252	-231.9635	5.338288	0.05697946	0.03962104	0.01735842	0.03962104
3960	-241.3767	-245.8661	4.489327	0.09754324	0.07511505	0.02242819	0.07511505
3970	-223.7455	-229.2009	5.455327	0.04984811	0.0338726	0.0159755	0.0338726
3980	-228.4323	-234.1375	5.705167	0.05525858	0.02558484	0.02967373	0.02558484
3990	-256.7417	-260.2388	3.497034	0.1501573	0.1220282	0.02812911	0.1220282
4000	-259.8017	-262.9582	3.156486	0.1737522	0.1485688	0.02518342	0.1485688
4010	-233.0319	-237.833	4.801168	0.07451291	0.05793202	0.01658088	0.05793202
4020	-244.2082	-249.4047	5.196451	0.05717424	0.005145514	0.05202873	0.005145514
4030	-225.6667	-231.5916	5.924926	0.04328315	0.005992437	0.03729072	0.005992437
4040	-248.4462	-252.911	4.464817	0.09439385	0.05636313	0.03803072	0.05636313
4050	-212.1245	-218.5009	6.376365	0.02689859	0.006914244	0.01998434	0.006914244
4060	-234.2017	-239.3051	5.103377	0.07362166	0.0492876	0.02433406	0.0492876
4070	-223.7694	-229.5122	5.74282	0.04987145	0.02892346	0.02094798	0.02892346
4080	-286.3749	-287.8644	1.489471	0.2770141	0.2353247	0.04168938	0.2353247
4090	-230.7835	-235.7324	4.948893	0.06803612	0.05174375	0.01629236	0.05174375
4100	-232.6012	-238.1237	5.522575	0.06047631	0.0269436	0.0335327	0.0269436
4110	-282.1873	-286.1187	3.931464	0.09126807	0.01755473	0.07371334	0.01755473
4120	-265.6961	-267.8945	2.198445	0.2338152	0.217708	0.01610719	0.217708
4130	-216.8134	-223.1354	6.321941	0.03526226	0.009520488	0.02574177	0.009520488
4140	-232.2046	-237.954	5.749443	0.05187644	0.01154294	0.0403335	0.01154294
4150	-257.6613	-261.2629	3.601638	0.1384686	0.1045453	0.03392325	0.1045453
4160	-224.6325	-229.4762	4.843682	0.04962487	0.03833583	0.01128905	0.03833583
4170	-212.3938	-217.8074	5.413525	0.01391379	0.003215639	0.01069815	0.003215639
4180	-219.7248	-225.9476	6.222781	0.03955304	0.01149416	0.02805887	0.01149416
4190	-215.7345	-220.9597	5.225216	0.02482198	0.01539933	0.009422651	0.01539933
4200	-238.3099	-243.36	5.050038	0.07574594	0.0435361	0.03220984	0.0435361
4210	-211.2551	-217.5566	6.301462	0.02372887	0.00676914	0.01695973	0.00676914
4220	-227.4388	-232.3256	4.886755	0.05819934	0.04511723	0.01308211	0.04511723
4230	-225.6136	-229.9291	4.315427	0.04985427	0.04070879	0.009145478	0.04070879
4240	-212.3909	-218.737	6.346047	0.02772563	0.005482119	0.02224351	0.005482119
4250	-303.37	-304.5394	1.169375	0.2333016	0.1690628	0.06423877	0.1690628
4260	-214.862	-221.1512	6.289293	0.03196329	0.01239795	0.01956534	0.01239795
4270	-223.4966	-229.4442	5.947607	0.04747997	0.02135986	0.02612012	0.02135986
4280	-225.0976	-231.1111	6.013439	0.0461206	0.01314281	0.03297779	0.01314281
4290	-218.2886	-224.5303	6.241764	0.03640547	0.007005999	0.02939947	0.007005999
4300	-234.0004	-239.5151	5.514664	0.06021114	0.02385702	0.03635411	0.02385702
4310	-245.0009	-249.1477	4.146745	0.1125798	0.09166301	0.02091679	0.09166301
4320	-240.7051	-246.0942	5.38911	0.06083287	0.01502269	0.04581019	0.01502269
4330	-224.2089	-229.8577	5.648828	0.05106847	0.03144183	0.01962664	0.03144183
4340	-215.0939	-220.2765	5.182586	0.02169769	0.0127451	0.008952588	0.0127451
4350	-223.8956	-229.8765	5.980953	0.04712463	0.01887585	0.02824878	0.01887585
4360	-222.214	-225.3735	3.159492	0.00767878	0.001414998	0.006263782	0.001414998
4370	-213.4669	-219.1644	5.697527	0.02173761	0.0107323	0.01100531	0.0107323
4380	-224.7126	-230.5857	5.873145	0.04175913	0.004718431	0.0370407	0.004718431
4390	-225.2074	-231.1826	5.975198	0.04752295	0.01611959	0.03140336	0.01611959
4400	-218.4435	-224.5323	6.088736	0.03890864	0.01874392	0.02016472	0.01874392
4410	-235.4625	-240.7839	5.321369	0.06648653	0.03258766	0.03389887	0.03258766
4420	-248.5272	-253.061	4.533845	0.09042527	0.05039794	0.04002733	0.05039794
4430	-254.6912	-258.0787	3.38746	0.1562861	0.1354641	0.020822	0.1354641
4440	-219.5737	-225.7228	6.149088	0.04066694	0.01661733	0.02404962	0.01661733
4450	-220.1981	-226.2948	6.096752	0.04194539	0.01828646	0.02365893	0.01828646
4460	-288.1018	-289.4242	1.322429	0.2948241	0.2535838	0.04124031	0.2535838
4470	-228.4262	-234.0953	5.669069	0.05618677	0.02770106	0.02848571	0.02770106
4480	-215.05	-221.3728	6.322893	0.03253125	0.01159405	0.0209372	0.01159405
4490	-228.9183	-233.6904	4.77218	0.06224325	0.04917099	0.01307226	0.04917099
4500	-254.0616	-258.8764	4.814884	0.07402195	0.01982354	0.05419841	0.01982354
4510	-212.0234	-218.0636	6.040141	0.02161933	0.008423531	0.0131958	0.008423531
4520	-240.7866	-245.799	5.012388	0.07551525	0.03883891	0.03667635	0.03883891
4530	-229.0921	-234.6717	5.579569	0.04484214	0.003670063	0.04117207	0.003670063
4540	-234.2033	-239.7328	5.529567	0.05959438	0.0223868	0.03720758	0.0223868
4550	-216.1183	-222.3113	6.193021	0.03423878	0.01522083	0.01901795	0.01522083
4560	-216.9908	-221.2929	4.302113	0.01369692	0.007224221	0.006472702	0.007224221
4570	-247.6075	-251.7274	4.119868	0.1164026	0.09107105	0.02533155	0.09107105
4580	-238.9004	-242.9663	4.065884	0.09404539	0.08051646	0.01352893	0.08051646
4590	-240.2963	-245.4475	5.15127	0.07011783	0.03077993	0.03933791	0.03077993
4600	-252.8776	-255.3961	2.5185	0.1558587	0.1452623	0.01059641	0.1452623
4610	-258.2752	-262.9699	4.694706	0.07600737	0.01835457	0.05765279	0.01835457
4620	-221.6588	-227.8089	6.150014	0.04205671	0.01218861	0.0298681	0.01218861
4630	-255.8729	-260.0354	4.162441	0.1005592	0.0554041	0.04515508	0.0554041
4640	-291.691	-293.8705	2.179563	0.1687675	0.1049918	0.06377566	0.1049918
4650	-211.0168	-217.2925	6.275731	0.02287151	0.006342882	0.01652863	0.006342882
4660	-234.5828	-239.3971	4.814335	0.07856511	0.06002238	0.01854273	0.06002238
4670	-282.4922	-284.3863	1.894111	0.2355654	0.1920437	0.04352174	0.1920437
4680	-219.3772	-224.9386	5.561422	0.03867892	0.0251565	0.01352242	0.0251565
4690	-240.8464	-245.4808	4.634352	0.09243853	0.06719014	0.02524839	0.06719014
4700	-221.8205	-227.3199	5.49943	0.0449557	0.03017989	0.0147758	0.03017989
4710	-292.8464	-295.5863	2.739908	0.1312857	0.05915199	0.07213375	0.05915199
4720	-235.4355	-240.9324	5.496901	0.05065796	0.004987738	0.04567022	0.004987738
4730	-266.708	-269.4751	2.767145	0.1969187	0.1664702	0.03044855	0.1664702
4740	-245.2441	-250.455	5.210948	0.06470002	0.01560806	0.04909196	0.01560806
4750	-238.2389	-242.456	4.217114	0.09167255	0.0772361	0.01443645	0.0772361
4760	-236.4969	-241.9776	5.480693	0.06013563	0.01968737	0.04044827	0.01968737
4770	-235.4169	-240.8196	5.40269	0.06352396	0.0273677	0.03615627	0.0273677
4780	-216.3867	-222.6943	6.307558	0.03497716	0.01193361	0.02304355	0.01193361
4790	-218.8226	-224.0273	5.204634	0.03406166	0.001532757	0.0325289	0.001532757
4800	-300.768	-303.3336	2.565615	0.1326858	0.05444899	0.07823679	0.05444899
4810	-224.1646	-230.1364	5.97179	0.04744691	0.01886925	0.02857766	0.01886925
4820	-348.9666	-350.2753	1.308695	0.1582088	0.04949692	0.1087119	0.04949692
4830	-225.7212	-231.3763	5.655151	0.05382508	0.03154787	0.02227722	0.03154787
4840	-252.1236	-256.1959	4.072345	0.1135171	0.07852623	0.03499092	0.07852623
4850	-214.9493	-220.4399	5.490621	0.03002613	0.001746975	0.02827915	0.001746975
4860	-270.9674	-275.2679	4.300507	0.08350625	0.01684169	0.06666456	0.01684169
4870	-212.5023	-218.8836	6.381354	0.02784932	0.006737364	0.02111196	0.006737364
4880	-239.2686	-244.7483	5.479665	0.05776644	0.01182769	0.04593876	0.01182769
4890	-211.8317	-218.0559	6.224183	0.02375433	0.008353715	0.01540062	0.008353715
4900	-221.4687	-226.8856	5.416901	0.03712008	0.00205706	0.03506302	0.00205706
4910	-250.2662	-255.3378	5.071619	0.06648558	0.01269943	0.05378616	0.01269943
4920	-230.5536	-236.3418	5.788223	0.05196391	0.01442432	0.03753959	0.01442432
4930	-228.3966	-233.7053	5.308718	0.0433957	0.002429566	0.04096613	0.002429566
4940	-284.2855	-287.6268	3.341288	0.1110689	0.04127513	0.06979381	0.04127513
4950	-220.5436	-225.268	4.724373	0.03665745	0.02754757	0.009109875	0.02754757
4960	-213.2212	-219.0442	5.823043	0.02253813	0.01075211	0.01178601	0.01075211
4970	-232.5972	-237.9973	5.400093	0.06450683	0.0348019	0.02970493	0.0348019
4980	-250.9459	-254.9711	4.02511	0.1193435	0.08882956	0.03051391	0.08882956
4990	-228.7308	-233.9819	5.251043	0.06219846	0.04370299	0.01849547	0.04370299
5000	-213.4125	-219.0901	5.677629	0.02124017	0.01038872	0.01085145	0.01038872
5010	-241.7561	-246.9898	5.233701	0.06607186	0.02215272	0.04391914	0.02215272
5020	-238.5541	-242.9412	4.387154	0.0922329	0.0755946	0.0166383	0.0755946
5030	-226.9806	-232.7404	5.759774	0.05344476	0.02540452	0.02804024	0.02540452
5040	-230.6155	-236.1811	5.56556	0.05941521	0.02911463	0.03030057	0.02911463
5050	-233.3862	-238.7649	5.378684	0.06513714	0.03425272	0.03088442	0.03425272
5060	-223.5475	-229.5488	6.001262	0.04651896	0.01837779	0.02814117	0.01837779
5070	-251.1254	-256.1419	5.016472	0.06826101	0.01443999	0.05382102	0.01443999
5080	-229.7329	-235.4604	5.727502	0.05455307	0.02109289	0.03346018	0.02109289
5090	-217.5711	-222.9739	5.40279	0.0323771	0.02114126	0.01123584	0.02114126
5100	-227.7959	-233.3028	5.506892	0.0585709	0.03617804	0.02239286	0.03617804
5110	-229.557	-235.1544	5.597459	0.0583708	0.02953443	0.02883637	0.02953443
5120	-223.8795	-229.9496	6.070133	0.04426699	0.01173731	0.03252968	0.01173731
5130	-214.2751	-220.6535	6.378445	0.03119171	0.00811166	0.02308005	0.00811166
5140	-217.412	-222.2617	4.849767	0.02745089	0.0189303	0.008520586	0.0189303
5150	-246.9004	-250.796	3.895609	0.1226179	0.1037282	0.01888967	0.1037282
5160	-242.2284	-245.9388	3.710444	0.1066166	0.09386985	0.01274672	0.09386985
5170	-216.9016	-223.13	6.22841	0.03598352	0.0147848	0.02119873	0.0147848
5180	-216.0424	-222.2299	6.187434	0.03403873	0.01525271	0.01878603	0.01525271
5190	-233.5141	-238.3084	4.794344	0.07587161	0.05888547	0.01698613	0.05888547
5200	-236.0076	-241.6122	5.604645	0.05498057	0.01147712	0.04350345	0.01147712
5210	-244.6585	-247.6981	3.039527	0.1156346	0.10563	0.01000459	0.10563
5220	-213.3528	-219.3093	5.956463	0.02466142	0.01166525	0.01299617	0.01166525
5230	-232.021	-237.778	5.75693	0.05167682	0.0114631	0.04021372	0.0114631
5240	-253.2017	-257.1759	3.974208	0.1185476	0.08397607	0.0345715	0.08397607
5250	-238.4628	-243.9175	5.454722	0.05986112	0.01639331	0.04346781	0.01639331
5260	-219.2869	-225.5262	6.239269	0.03821426	0.008949357	0.0292649	0.008949357
5270	-243.7993	-249.0871	5.287754	0.06258765	0.01400519	0.04858246	0.01400519
5280	-235.9593	-240.5068	4.547497	0.08369391	0.06752894	0.01616497	0.06752894
5290	-226.6242	-232.172	5.547865	0.05624316	0.03494948	0.02129369	0.03494948
5300	-214.7388	-220.896	6.157178	0.03066421	0.0140442	0.01662001	0.0140442
5310	-229.1834	-234.313	5.12957	0.06358895	0.04647477	0.01711418	0.04647477
5320	-236.8367	-241.939	5.102313	0.0743175	0.04396782	0.03034969	0.04396782
5330	-222.2432	-228.3044	6.061198	0.04455494	0.01739205	0.02716289	0.01739205
5340	-220.7024	-226.8922	6.189856	0.03989356	0.009205864	0.0306877	0.009205864
5350	-293.6113	-293.7128	0.1015793	0.513088	0.4913212	0.02176674	0.4913212
5360	-225.4395	-230.4362	4.996712	0.0527593	0.04002048	0.01273882	0.04002048
5370	-242.8915	-247.8774	4.98591	0.07489346	0.03465854	0.04023492	0.03465854
5380	-272.9147	-276.9226	4.007879	0.09254358	0.02723916	0.06530441	0.02723916
5390	-224.9582	-230.5544	5.596163	0.05277175	0.03309015	0.0196816	0.03309015
5400	-226.9412	-232.8412	5.899946	0.04963942	0.01677992	0.03285949	0.01677992
5410	-217.5103	-223.7149	6.204588	0.03712566	0.01551643	0.02160922	0.01551643
5420	-216.0171	-222.344	6.326909	0.03430287	0.01115037	0.0231525	0.01115037
5430	-222.3987	-228.4389	6.040235	0.0450436	0.01828861	0.02675499	0.01828861
5440	-219.8287	-223.0887	3.259938	0.02410134	0.01879599	0.00530535	0.01879599
5450	-250.8961	-255.1218	4.225756	0.1051863	0.06847851	0.0367078	0.06847851
5460	-216.0858	-222.0684	5.982609	0.03274436	0.01734468	0.01539967	0.01734468
5470	-247.7663	-252.3941	4.627769	0.0865097	0.0456419	0.0408678	0.0456419
5480	-228.6818	-233.2051	4.523309	0.06051137	0.04924983	0.01126154	0.04924983
5490	-232.7092	-238.2813	5.572076	0.05876521	0.02349663	0.03526858	0.02349663
5500	-224.0957	-229.8951	5.799355	0.05002763	0.02708046	0.02294717	0.02708046
5510	-231.728	-237.1893	5.461281	0.06258651	0.0329894	0.02959711	0.0329894
5520	-262.6617	-265.7516	3.089842	0.1742466	0.1439853	0.03026137	0.1439853
5530	-210.8632	-217.1415	6.278252	0.02421787	0.004532509	0.01968536	0.004532509
5540	-214.288	-219.5382	5.250172	0.02878636	0.001388614	0.02739774	0.001388614
5550	-242.6086	-247.7922	5.183601	0.06739181	0.02314017	0.04425164	0.02314017
5560	-377.1722	-378.5129	1.34066	0.1505373	0.02190363	0.1286337	0.02190363
5570	-254.7823	-258.1882	3.405915	0.1557296	0.1343553	0.02137425	0.1343553
5580	-228.2572	-232.8362	4.579019	0.05942087	0.04802539	0.01139548	0.04802539
5590	-220.584	-226.7664	6.182438	0.04100905	0.01279641	0.02821264	0.01279641
5600	-233.7517	-238.5766	4.824901	0.07638464	0.05868493	0.01769971	0.05868493
5610	-224.8079	-230.6102	5.80231	0.05092969	0.02644927	0.02448042	0.02644927
5620	-224.0643	-229.9846	5.920306	0.04840687	0.02188205	0.02652481	0.02188205
5630	-273.6094	-275.6863	2.076928	0.2601517	0.2333502	0.02680146	0.2333502
5640	-221.0955	-227.2689	6.173408	0.04021786	0.008944735	0.03127313	0.008944735
5650	-255.1082	-259.212	4.103813	0.1053273	0.06294149	0.04238582	0.06294149
5660	-216.8429	-221.1978	4.354891	0.01373546	0.007162385	0.006573077	0.007162385
5670	-225.4721	-231.479	6.006948	0.04456403	0.008939024	0.03562501	0.008939024
5680	-252.9749	-256.4926	3.517719	0.0595136	0.001055939	0.05845766	0.001055939
5690	-232.5801	-238.3089	5.72877	0.05269386	0.01245315	0.04024072	0.01245315
5700	-238.0407	-242.5622	4.521441	0.0898342	0.07181005	0.01802415	0.07181005
5710	-219.3571	-225.5492	6.192038	0.0374703	0.006663609	0.03080669	0.006663609
5720	-238.0483	-242.9679	4.919651	0.0811676	0.053696	0.02747161	0.053696
5730	-226.4883	-232.4424	5.954146	0.04778534	0.01374241	0.03404293	0.01374241
5740	-214.6236	-220.9723	6.348764	0.03177575	0.0105612	0.02121454	0.0105612
5750	-272.4887	-276.3763	3.88762	0.09713338	0.03369874	0.06343464	0.03369874
5760	-272.3148	-275.5188	3.204012	0.1326873	0.07946802	0.05321933	0.07946802
5770	-229.6973	-235.3693	5.672051	0.05626745	0.02469676	0.03157069	0.02469676
5780	-258.1378	-261.4693	3.331561	0.1615598	0.1351357	0.02642413	0.1351357
5790	-224.5633	-230.6109	6.047674	0.04428205	0.01020505	0.034077	0.01020505
5800	-239.7915	-245.2594	5.467934	0.05657303	0.009211958	0.04736107	0.009211958
5810	-242.629	-246.9612	4.332182	0.1035268	0.08252673	0.0210001	0.08252673
5820	-294.3989	-297.8653	3.466409	0.1020634	0.02160591	0.08045752	0.02160591
5830	-237.3236	-242.8088	5.485178	0.05265384	0.005886052	0.04676778	0.005886052
5840	-224.1949	-230.1416	5.946702	0.04799874	0.02025682	0.02774192	0.02025682
5850	-223.0171	-229.0922	6.075056	0.0445249	0.01468452	0.02984038	0.01468452
5860	-221.6183	-227.3193	5.701	0.03787676	0.002890286	0.03498647	0.002890286
5870	-211.0343	-217.356	6.321738	0.0240821	0.005712844	0.01836925	0.005712844
5880	-230.0398	-235.7952	5.755379	0.05353505	0.0184349	0.03510015	0.0184349
5890	-268.0834	-270.9123	2.828897	0.1829715	0.1469425	0.03602897	0.1469425
5900	-237.3046	-242.3407	5.036049	0.07677542	0.04740465	0.02937077	0.04740465
5910	-211.0156	-216.9983	5.982749	0.01833208	0.005216813	0.01311527	0.005216813
5920	-218.1962	-224.4463	6.250071	0.03636113	0.007188492	0.02917264	0.007188492
5930	-322.0784	-320.1341	-1.944302	0.8321349	0.7930893	0.03904556	0.7930893
5940	-244.6678	-249.0068	4.338983	0.1056678	0.08053573	0.02513205	0.08053573
5950	-362.4901	-364.4788	1.988725	0.1316369	0.009394876	0.122242	0.009394876
5960	-312.314	-312.857	0.5430546	0.2761762	0.20929	0.06688618	0.20929
5970	-235.6884	-240.2847	4.596345	0.08272927	0.06620056	0.0165287	0.06620056
5980	-219.4329	-225.5225	6.08963	0.04077888	0.01886629	0.0219126	0.01886629
5990	-238.1725	-243.1096	4.937057	0.08049078	0.05217746	0.02831332	0.05217746
6000	-252.6253	-257.3991	4.773768	0.07629252	0.02469457	0.05159795	0.02469457
6010	-211.0627	-217.3354	6.272671	0.02288079	0.006472271	0.01640852	0.006472271
6020	-224.3656	-230.1391	5.773497	0.05066377	0.02788527	0.0227785	0.02788527
6030	-299.6887	-299.4882	-0.2004517	0.5523346	0.5242208	0.02811383	0.5242208
6040	-217.7166	-223.9995	6.282984	0.03604339	0.007985933	0.02805746	0.007985933
6050	-230.3404	-236.1482	5.8078	0.05121307	0.01335076	0.03786231	0.01335076
6060	-276.2658	-278.5117	2.245916	0.2198026	0.1809607	0.03884187	0.1809607
6070	-220.2263	-226.2641	6.03777	0.0423253	0.02034778	0.02197752	0.02034778
6080	-225.0022	-230.9958	5.99368	0.04695303	0.0152961	0.03165693	0.0152961
6090	-241.4022	-245.875	4.472736	0.09801722	0.07594389	0.02207334	0.07594389
6100	-223.1882	-229.0356	5.847376	0.04825108	0.02576853	0.02248255	0.02576853
6110	-245.1564	-250.0412	4.88477	0.07727687	0.03522066	0.04205621	0.03522066
6120	-238.1375	-243.3045	5.167075	0.07097519	0.03566277	0.03531242	0.03566277
6130	-215.3678	-221.6772	6.309427	0.03312451	0.01210414	0.02102037	0.01210414
6140	-249.037	-252.7191	3.68214	0.1328701	0.114769	0.01810113	0.114769
6150	-260.2133	-264.1846	3.971362	0.1049984	0.05643275	0.04856569	0.05643275
6160	-233.4671	-238.9502	5.483116	0.06152814	0.02725443	0.0342737	0.02725443
6170	-226.7286	-231.754	5.025386	0.05662533	0.0428264	0.01379894	0.0428264
6180	-234.7167	-240.3004	5.583656	0.05735784	0.01753796	0.03981988	0.01753796
6190	-233.4627	-237.5525	4.089803	0.07458934	0.06368696	0.01090238	0.06368696
6200	-216.8948	-223.0541	6.159368	0.03581085	0.0164179	0.01939295	0.0164179
6210	-211.9938	-218.2813	6.287501	0.0250669	0.008463925	0.01660297	0.008463925
6220	-212.7514	-218.979	6.22763	0.02821591	0.004094936	0.02412098	0.004094936
6230	-249.827	-251.3732	1.546262	0.1347884	0.1280734	0.006715019	0.1280734
6240	-217.6458	-223.3683	5.722503	0.03500642	0.02122738	0.01377905	0.02122738
6250	-296.4975	-298.2623	1.764839	0.1928821	0.1289148	0.06396725	0.1289148
6260	-235.1885	-240.8007	5.612261	0.05186065	0.007257555	0.04460309	0.007257555
6270	-219.3512	-224.9088	5.55754	0.0385827	0.02511388	0.01346882	0.02511388
6280	-216.1132	-222.3638	6.250537	0.03330865	0.005482009	0.02782664	0.005482009
6290	-214.0591	-220.3347	6.275559	0.03000683	0.01186216	0.01814466	0.01186216
6300	-252.1291	-256.9272	4.798115	0.07570428	0.02438156	0.05132272	0.02438156
6310	-243.1899	-247.4303	4.240418	0.1066413	0.08665265	0.01998866	0.08665265
6320	-266.8028	-270.885	4.082283	0.09327562	0.03389115	0.05938447	0.03389115
6330	-243.0144	-246.0403	3.02593	0.1081546	0.09874183	0.009412818	0.09874183
6340	-233.8532	-238.3548	4.50151	0.07709028	0.06312053	0.01396975	0.06312053
6350	-231.6755	-236.1126	4.437137	0.06981416	0.05764989	0.01216427	0.05764989
6360	-219.0737	-225.0234	5.949703	0.03996503	0.02175956	0.01820547	0.02175956
6370	-274.6805	-277.1096	2.429091	0.2024412	0.1621686	0.04027261	0.1621686
6380	-238.9403	-244.1346	5.194241	0.06934915	0.03159442	0.03775473	0.03159442
6390	-237.8132	-242.4694	4.656183	0.08774713	0.06761987	0.02012725	0.06761987
6400	-263.6199	-267.9268	4.306884	0.08681565	0.02820168	0.05861397	0.02820168
6410	-226.8216	-232.2914	5.469767	0.05711253	0.03719285	0.01991968	0.03719285
6420	-236.9086	-241.7113	4.802726	0.08357044	0.06173915	0.02183129	0.06173915
6430	-227.8792	-233.6096	5.730371	0.05447821	0.02528459	0.02919361	0.02528459
6440	-225.1356	-231.1516	6.015988	0.04594686	0.01266262	0.03328424	0.01266262
6450	-241.8311	-247.1785	5.347408	0.0563421	0.006450232	0.04989187	0.006450232
6460	-215.4355	-221.7449	6.309446	0.03263953	0.006207128	0.02643241	0.006207128
6470	-229.7004	-235.1766	5.476291	0.06133583	0.03592441	0.02541142	0.03592441
6480	-211.1703	-217.4238	6.253493	0.02272592	0.006790477	0.01593544	0.006790477
6490	-217.4659	-223.7308	6.264918	0.0368556	0.01319403	0.02366157	0.01319403
6500	-212.9402	-219.2835	6.343354	0.02804432	0.009379765	0.01866456	0.009379765
6510	-229.76	-235.3135	5.553516	0.05958203	0.03166837	0.02791366	0.03166837
6520	-219.9895	-226.1538	6.164324	0.04098771	0.01537524	0.02561247	0.01537524
6530	-211.9949	-218.3577	6.362867	0.02628118	0.007408757	0.01887242	0.007408757
6540	-245.2589	-249.7137	4.454793	0.09950896	0.06933279	0.03017616	0.06933279
6550	-257.2861	-260.6171	3.330955	0.1621017	0.1376595	0.0244422	0.1376595
6560	-249.6423	-254.6558	5.013483	0.06938531	0.0177486	0.05163671	0.0177486
6570	-217.4163	-223.7132	6.296974	0.0357566	0.008284846	0.02747176	0.008284846
6580	-213.019	-218.8972	5.878198	0.02257326	0.01044712	0.01212614	0.01044712
6590	-212.9229	-219.1259	6.203028	0.02635242	0.01067398	0.01567844	0.01067398
6600	-236.8308	-241.65	4.819186	0.08312348	0.06104043	0.02208304	0.06104043
6610	-223.6667	-229.5134	5.846735	0.04896432	0.02556436	0.02339996	0.02556436
6620	-266.9933	-269.7131	2.719821	0.2016017	0.1719276	0.02967411	0.1719276
6630	-220.0397	-225.7858	5.746149	0.04148022	0.02534939	0.01613083	0.02534939
6640	-245.4073	-250.2583	4.85092	0.0785161	0.03678338	0.04173272	0.03678338
6650	-220.4661	-226.6642	6.1981	0.04039021	0.01134646	0.02904375	0.01134646
6660	-217.0501	-223.3507	6.300649	0.03598009	0.01157133	0.02440876	0.01157133
6670	-214.8409	-221.204	6.363081	0.03206276	0.007621225	0.02444153	0.007621225
6680	-229.1913	-234.8613	5.670011	0.05632227	0.02600559	0.03031669	0.02600559
6690	-217.8493	-224.0808	6.231489	0.03762463	0.01442976	0.02319487	0.01442976
6700	-261.1052	-265.8187	4.713548	0.07326512	0.01169847	0.06156665	0.01169847
6710	-280.4203	-284.3914	3.971166	0.09063827	0.01820345	0.07243483	0.01820345
6720	-223.3859	-228.0174	4.631509	0.04472636	0.03502177	0.009704594	0.03502177
6730	-281.1902	-282.7251	1.534882	0.3086999	0.2787162	0.02998369	0.2787162
6740	-236.9169	-241.1138	4.196912	0.08705174	0.07369425	0.01335749	0.07369425
6750	-262.1763	-266.8681	4.691817	0.07297782	0.01029122	0.0626866	0.01029122
6760	-263.8091	-266.6208	2.811756	0.1990444	0.1744466	0.02459774	0.1744466
6770	-219.9139	-226.1071	6.193198	0.04044468	0.01371367	0.02673101	0.01371367
6780	-244.4764	-249.618	5.141553	0.0678004	0.02139361	0.04640679	0.02139361
6790	-270.1046	-272.0852	1.980696	0.2636238	0.2454716	0.01815214	0.2454716
6800	-221.7559	-227.7406	5.98472	0.04503702	0.02155812	0.02347889	0.02155812
6810	-245.3872	-250.3743	4.987114	0.07296383	0.02827194	0.0446919	0.02827194
6820	-222.2191	-227.8714	5.652341	0.04654662	0.02942923	0.0171174	0.02942923
6830	-222.1298	-228.2557	6.125973	0.04288849	0.01300242	0.02988607	0.01300242
6840	-222.3765	-228.5071	6.130608	0.04227662	0.01071376	0.03156286	0.01071376
6850	-217.5109	-223.383	5.872032	0.03569474	0.02037784	0.0153169	0.02037784
6860	-253.8029	-258.7237	4.92076	0.07022474	0.01452997	0.05569478	0.01452997
6870	-217.0611	-223.3107	6.24963	0.03626624	0.01408151	0.02218473	0.01408151
6880	-229.2842	-235.1267	5.842521	0.05058284	0.01400105	0.03658179	0.01400105
6890	-239.042	-244.3353	5.293252	0.06551486	0.02503551	0.04047936	0.02503551
6900	-248.2123	-252.6022	4.389899	0.09928088	0.06393533	0.03534556	0.06393533
6910	-284.9124	-287.7211	2.808691	0.1369906	0.07289464	0.06409596	0.07289464
6920	-274.7386	-276.4054	1.666756	0.2998648	0.2803943	0.01947057	0.2803943
6930	-210.8632	-216.9435	6.080316	0.02435601	0.003038127	0.02131788	0.003038127
6940	-231.0702	-236.3686	5.298328	0.06614185	0.04286373	0.02327812	0.04286373
6950	-217.7762	-223.9842	6.207989	0.03759251	0.01536315	0.02222937	0.01536315
6960	-270.3823	-272.4752	2.092896	0.2588009	0.2382929	0.020508	0.2382929
6970	-248.3757	-253.3047	4.928989	0.0731989	0.02495344	0.04824546	0.02495344
6980	-211.9792	-217.7129	5.733619	0.01663285	0.005416465	0.01121639	0.005416465
6990	-234.8519	-239.7149	4.863019	0.07874298	0.05894283	0.01980015	0.05894283
7000	-210.0067	-215.7544	5.747654	0.02136556	0.002054404	0.01931115	0.002054404
7010	-231.9059	-237.0959	5.190017	0.06905065	0.04693525	0.0221154	0.04693525
7020	-255.7377	-260.5999	4.86224	0.06581275	0.006213949	0.0595988	0.006213949
7030	-244.7568	-249.6824	4.925564	0.07589365	0.03362722	0.04226643	0.03362722
7040	-217.8931	-223.9102	6.017074	0.03748729	0.01958716	0.01790014	0.01958716
7050	-227.4701	-232.2365	4.766396	0.0578056	0.04560015	0.01220545	0.04560015
7060	-253.5246	-257.2566	3.731979	0.1367184	0.109179	0.02753946	0.109179
7070	-218.6291	-224.8909	6.261801	0.0374208	0.008885347	0.02853545	0.008885347
7080	-225.4379	-231.4377	5.999813	0.04418654	0.00821713	0.03596941	0.00821713
7090	-210.6005	-216.3745	5.773992	0.01647699	0.003147724	0.01332927	0.003147724
7100	-220.5438	-226.6039	6.060024	0.04271213	0.0194741	0.02323803	0.0194741
7110	-237.2645	-242.4489	5.184429	0.07082275	0.0369434	0.03387935	0.0369434
7120	-251.9251	-256.4176	4.492438	0.06038735	0.002449271	0.05793807	0.002449271
7130	-227.8104	-233.4106	5.600181	0.05725058	0.03229103	0.02495955	0.03229103
7140	-211.1756	-217.2637	6.088083	0.02012315	0.00636701	0.01375614	0.00636701
7150	-245.6009	-248.0301	2.429238	0.117589	0.1095145	0.008074483	0.1095145
7160	-224.456	-230.3536	5.89759	0.04910947	0.02243002	0.02667946	0.02243002
7170	-216.072	-222.3837	6.311723	0.03444158	0.01192598	0.0225156	0.01192598
7180	-242.2131	-246.9355	4.722449	0.08806337	0.05679107	0.0312723	0.05679107
7190	-209.9647	-215.9909	6.026247	0.01941337	0.003401424	0.01601194	0.003401424
7200	-221.5837	-227.6997	6.115995	0.03987047	0.006872242	0.03299823	0.006872242
7210	-249.1415	-253.2353	4.093742	0.1171684	0.08898475	0.02818367	0.08898475
7220	-316.7881	-318.9407	2.152595	0.1398724	0.05081731	0.08905509	0.05081731
7230	-232.2942	-236.6335	4.339344	0.07152232	0.05968828	0.01183405	0.05968828
7240	-243.9761	-246.7898	2.813681	0.1116402	0.1027388	0.008901415	0.1027388
7250	-231.8624	-237.277	5.4146	0.04680463	0.003316575	0.04348805	0.003316575
7260	-216.5902	-222.9069	6.31671	0.0352138	0.01111591	0.02409789	0.01111591
7270	-250.0571	-254.3663	4.30925	0.1012476	0.06403125	0.03721638	0.06403125
7280	-231.6076	-237.3448	5.737144	0.05334788	0.01524562	0.03810226	0.01524562
7290	-256.0462	-260.0875	4.0413	0.1076291	0.06492946	0.04269961	0.06492946
7300	-213.137	-219.0348	5.897764	0.02323105	0.01088347	0.01234758	0.01088347
7310	-221.8295	-227.5582	5.728669	0.04578166	0.02791243	0.01786923	0.02791243
7320	-224.797	-230.5333	5.736385	0.05165157	0.02902434	0.02262723	0.02902434
7330	-214.9475	-220.8817	5.934135	0.02919347	0.01532333	0.01387014	0.01532333
7340	-217.1992	-223.4163	6.217051	0.03463564	0.005545674	0.02908996	0.005545674
7350	-225.102	-231.0222	5.920261	0.04899144	0.01998016	0.02901128	0.01998016
7360	-246.0822	-250.337	4.254762	0.1097374	0.08388908	0.0258483	0.08388908
7370	-213.9016	-220.1078	6.206186	0.02896493	0.01237239	0.01659254	0.01237239
7380	-240.2849	-245.2833	4.998409	0.07655278	0.04136366	0.03518912	0.04136366
7390	-231.9542	-237.7168	5.762654	0.05071797	0.00981321	0.04090476	0.00981321
7400	-236.5589	-242.1348	5.575886	0.05336589	0.007997549	0.04536835	0.007997549
7410	-235.8872	-241.0909	5.203681	0.07074269	0.03946008	0.03128261	0.03946008
7420	-231.7985	-236.2919	4.493315	0.07039899	0.05777334	0.01262565	0.05777334
7430	-239.6488	-244.5271	4.878332	0.08245792	0.05245265	0.03000527	0.05245265
7440	-238.8585	-243.7287	4.87016	0.08305488	0.05521388	0.027841	0.05521388
7450	-228.8018	-234.6394	5.837522	0.05113218	0.0160191	0.03511308	0.0160191
7460	-222.6322	-227.3786	4.746373	0.04310792	0.03316195	0.009945976	0.03316195
7470	-250.42	-254.6075	4.187512	0.1087193	0.0742943	0.03442498	0.0742943
7480	-225.4368	-231.1956	5.758768	0.0522435	0.02770856	0.02453495	0.02770856
7490	-222.6306	-228.6214	5.99083	0.04602065	0.02044878	0.02557187	0.02044878
7500	-221.3801	-226.971	5.590958	0.04421312	0.02877376	0.01543936	0.02877376
7510	-480.8074	-480.2019	-0.6054579	0.2031722	0.01770887	0.1854633	0.01770887
7520	-226.4397	-232.1466	5.70692	0.05409358	0.02894045	0.02515313	0.02894045
7530	-239.7958	-244.8158	5.020054	0.07599018	0.04126317	0.03472701	0.04126317
7540	-222.2767	-228.0709	5.794186	0.04679481	0.02710074	0.01969407	0.02710074
7550	-238.8743	-244.1119	5.237593	0.06770879	0.02895256	0.03875623	0.02895256
7560	-268.4735	-272.9544	4.480874	0.07769482	0.01112521	0.0665696	0.01112521
7570	-257.2102	-260.0693	2.859134	0.1780768	0.1623475	0.01572923	0.1623475
7580	-219.3987	-225.0182	5.619473	0.03537698	0.002356918	0.03302007	0.002356918
7590	-265.5212	-269.3198	3.79855	0.1072526	0.05374867	0.05350388	0.05374867
7600	-234.4399	-239.0778	4.637972	0.07891869	0.06305672	0.01586197	0.06305672
7610	-220.0297	-225.7916	5.761864	0.04152678	0.02519056	0.01633621	0.02519056
7620	-238.3298	-243.4068	5.077013	0.07458862	0.04150418	0.03308444	0.04150418
7630	-237.065	-242.3211	5.256126	0.06811469	0.0325893	0.03552539	0.0325893
7640	-210.1876	-216.3656	6.17796	0.02128065	0.004132805	0.01714784	0.004132805
7650	-222.2679	-228.2984	6.030489	0.04509411	0.01900515	0.02608896	0.01900515
7660	-214.9193	-221.2608	6.341425	0.03202684	0.006688226	0.02533862	0.006688226
7670	-238.7779	-244.1973	5.419392	0.05357802	0.005634569	0.04794345	0.005634569
7680	-232.6392	-237.8089	5.169706	0.07044612	0.04746917	0.02297695	0.04746917
7690	-221.4886	-226.9637	5.475181	0.04394412	0.02968691	0.0142572	0.02968691
7700	-227.8668	-233.504	5.637206	0.05660388	0.03041076	0.02619312	0.03041076
7710	-253.3721	-257.2023	3.830246	0.1295305	0.09919107	0.0303394	0.09919107
7720	-259.8797	-263.584	3.704384	0.1233971	0.08138981	0.04200729	0.08138981
7730	-225.7754	-231.7659	5.990559	0.04663052	0.01276246	0.03386806	0.01276246
7740	-244.5166	-249.5277	5.011089	0.07264187	0.02890253	0.04373934	0.02890253
7750	-238.523	-242.8557	4.332665	0.09237841	0.07645975	0.01591866	0.07645975
7760	-220.07	-225.9782	5.908162	0.0421054	0.0233341	0.0187713	0.0233341
7770	-210.5117	-216.5184	6.006676	0.01833965	0.004304945	0.0140347	0.004304945
7780	-233.9527	-239.2894	5.33667	0.06646718	0.03557199	0.03089519	0.03557199
7790	-238.246	-242.8059	4.559941	0.08998721	0.07105697	0.01893025	0.07105697
7800	-237.114	-242.2837	5.169674	0.07150092	0.03840781	0.03309311	0.03840781
7810	-210.1496	-216.261	6.111422	0.02207373	0.003328143	0.01874558	0.003328143
7820	-244.5078	-249.7986	5.290734	0.06145654	0.01138818	0.05006836	0.01138818
7830	-222.2615	-225.5818	3.320359	0.008062064	0.002422057	0.005640007	0.002422057
7840	-213.6588	-219.6637	6.004928	0.02615915	0.01247878	0.01368037	0.01247878
7850	-239.2029	-243.9672	4.764315	0.0870575	0.06165159	0.02540591	0.06165159
7860	-240.4996	-245.1407	4.64116	0.09200546	0.06731851	0.02468695	0.06731851
7870	-253.6291	-257.2655	3.636428	0.1429877	0.1180841	0.02490365	0.1180841
7880	-267.133	-270.6538	3.520838	0.1210939	0.07009344	0.05100049	0.07009344
7890	-217.6959	-223.9214	6.225508	0.03740586	0.01475459	0.02265126	0.01475459
7900	-243.3864	-248.1032	4.71686	0.0871583	0.0532427	0.03391561	0.0532427
7910	-230.2102	-235.5719	5.361739	0.0639816	0.04071868	0.02326291	0.04071868
7920	-240.952	-246.3698	5.417869	0.05901082	0.01174176	0.04726905	0.01174176
7930	-238.9701	-244.0937	5.123585	0.07218595	0.0363015	0.03588445	0.0363015
7940	-253.4225	-258.3969	4.974344	0.06519587	0.007549444	0.05764642	0.007549444
7950	-215.2743	-220.93	5.655726	0.02750864	0.0158346	0.01167404	0.0158346
7960	-245.0785	-249.1137	4.035248	0.1150986	0.09622486	0.01887379	0.09622486
7970	-249.7521	-253.873	4.120834	0.1145806	0.08397278	0.03060786	0.08397278
7980	-223.6998	-229.5478	5.848032	0.04899693	0.02549377	0.02350316	0.02549377
7990	-251.6187	-256.3572	4.738531	0.07822962	0.02866031	0.04956932	0.02866031
8000	-225.5579	-231.5443	5.986388	0.04701239	0.01409888	0.03291351	0.01409888
8010	-220.586	-226.2068	5.620818	0.04227869	0.02719695	0.01508173	0.02719695
8020	-232.9715	-237.6659	4.694454	0.07445563	0.05922487	0.01523075	0.05922487
8030	-223.5656	-229.0458	5.48016	0.04945533	0.03333471	0.01612062	0.03333471
8040	-219.4209	-225.1346	5.713664	0.03971936	0.02458519	0.01513417	0.02458519
8050	-211.6606	-217.4846	5.824056	0.01724399	0.005468863	0.01177513	0.005468863
8060	-239.1447	-243.4019	4.257266	0.09466547	0.07907644	0.01558902	0.07907644
8070	-254.1122	-258.6031	4.490861	0.08632748	0.03750702	0.04882047	0.03750702
8080	-216.783	-223.0894	6.306402	0.03475371	0.007554912	0.0271988	0.007554912
8090	-239.1298	-241.0068	1.876973	0.08614306	0.08037095	0.00577211	0.08037095
8100	-278.2198	-282.0052	3.785431	0.07738427	0.00282695	0.07455732	0.00282695
8110	-215.0512	-221.1345	6.083277	0.03083708	0.01504503	0.01579205	0.01504503
8120	-229.3607	-235.1415	5.78085	0.05291238	0.01852346	0.03438891	0.01852346
8130	-238.2453	-243.1358	4.890551	0.08226655	0.05523619	0.02703035	0.05523619
8140	-254.7383	-258.8809	4.142569	0.1035494	0.06094579	0.04260361	0.06094579
8150	-266.5751	-269.8774	3.302301	0.138647	0.09316547	0.04548155	0.09316547
8160	-232.4263	-237.5472	5.120886	0.07087867	0.0494744	0.02140427	0.0494744
8170	-218.2888	-224.4672	6.17845	0.03854756	0.01623625	0.0223113	0.01623625
8180	-228.1217	-233.5411	5.419377	0.04341838	0.002749846	0.04066853	0.002749846
8190	-234.2205	-238.4669	4.246368	0.07775928	0.06556677	0.01219251	0.06556677
8200	-212.2975	-218.6762	6.378735	0.02740397	0.00663871	0.02076526	0.00663871
8210	-216.0013	-221.2387	5.237472	0.02591668	0.0163206	0.009596072	0.0163206
8220	-223.5343	-228.1503	4.615981	0.04508907	0.03539976	0.009689314	0.03539976
8230	-216.1673	-220.5364	4.369107	0.01028494	0.001751935	0.008533002	0.001751935
8240	-228.3822	-233.8265	5.444251	0.06019105	0.03827068	0.02192036	0.03827068
8250	-229.3662	-234.9104	5.544162	0.05961653	0.03290048	0.02671605	0.03290048
8260	-243.1031	-247.8537	4.750668	0.08571835	0.0514399	0.03427845	0.0514399
8270	-264.1894	-267.3537	3.164308	0.1602248	0.1236174	0.03660748	0.1236174
8280	-222.9055	-226.8873	3.981803	0.03960384	0.0322242	0.007379632	0.0322242
8290	-243.3397	-247.4886	4.148866	0.1085502	0.09001615	0.01853403	0.09001615
8300	-246.6654	-250.6052	3.93976	0.1211181	0.1017653	0.01935284	0.1017653
8310	-254.3081	-257.5033	3.195223	0.1601692	0.143134	0.01703528	0.143134
8320	-225.0809	-230.9296	5.848637	0.05046584	0.023947	0.02651884	0.023947
8330	-240.9264	-244.712	3.785556	0.1014965	0.08893227	0.0125642	0.08893227
8340	-226.7472	-232.2935	5.546295	0.05647113	0.03500251	0.02146862	0.03500251
8350	-210.956	-217.046	6.090001	0.01975351	0.005814699	0.01393881	0.005814699
8360	-216.2894	-222.1884	5.898918	0.03243628	0.002891123	0.02954515	0.002891123
8370	-219.5225	-225.6816	6.159152	0.04051074	0.01621788	0.02429286	0.01621788
8380	-249.6536	-254.0088	4.355198	0.09904968	0.06142913	0.03762055	0.06142913
8390	-233.3621	-237.7386	4.376537	0.07521308	0.06256714	0.01264594	0.06256714
8400	-246.2939	-251.0674	4.773515	0.08113417	0.03957015	0.04156402	0.03957015
8410	-213.1035	-219.1144	6.010858	0.02837006	0.002917233	0.02545283	0.002917233
8420	-212.2732	-218.3703	6.097114	0.0231724	0.009293473	0.01387893	0.009293473
8430	-235.9324	-241.3217	5.389359	0.06374556	0.02688251	0.03686305	0.02688251
8440	-242.1624	-246.8086	4.646252	0.09187236	0.06316936	0.02870299	0.06316936
8450	-210.7159	-216.8168	6.100864	0.0196108	0.005293415	0.01431738	0.005293415
8460	-213.581	-219.3576	5.776631	0.02320499	0.01158988	0.01161511	0.01158988
8470	-219.1982	-225.4228	6.224652	0.03765709	0.007634604	0.03002248	0.007634604
8480	-288.677	-292.0058	3.328786	0.1089767	0.03496055	0.07401617	0.03496055
8490	-215.8056	-222.1542	6.34868	0.03374755	0.009183114	0.02456444	0.009183114
8500	-271.0571	-275.4706	4.413421	0.07766805	0.008835222	0.06883282	0.008835222
8510	-217.35	-222.6818	5.331807	0.03114988	0.02044964	0.01070023	0.02044964
8520	-247.1626	-251.5893	4.426764	0.09865782	0.06468102	0.0339768	0.06468102
8530	-254.5659	-258.6975	4.131561	0.1045369	0.06253698	0.04199989	0.06253698
8540	-223.2289	-229.042	5.813122	0.04854246	0.02685854	0.02168392	0.02685854
8550	-225.5391	-231.5493	6.010198	0.0452744	0.01031422	0.03496018	0.01031422
8560	-222.6391	-228.5682	5.929137	0.04675659	0.02309203	0.02366457	0.02309203
8570	-217.5648	-223.5294	5.964617	0.03641925	0.01977312	0.01664613	0.01977312
8580	-221.8965	-227.8671	5.970544	0.04535454	0.02200346	0.02335109	0.02200346
8590	-214.9187	-221.0213	6.102601	0.0306563	0.01471114	0.01594516	0.01471114
8600	-216.9522	-223.2595	6.307359	0.03507057	0.007930544	0.02714003	0.007930544
8610	-251.6198	-256.5943	4.974495	0.06265364	0.005659394	0.05699425	0.005659394
8620	-258.4695	-261.3411	2.871526	0.183587	0.1664264	0.01716053	0.1664264
8630	-243.1842	-247.5124	4.328254	0.104595	0.08272649	0.02186847	0.08272649
8640	-230.5644	-236.0683	5.503918	0.04593944	0.003542986	0.04239645	0.003542986
8650	-249.5242	-253.1117	3.587525	0.1360122	0.1187583	0.01725391	0.1187583
8660	-239.9748	-244.7144	4.739567	0.08821213	0.06179756	0.02641457	0.06179756
8670	-239.7728	-244.7461	4.973298	0.07809395	0.04481639	0.03327756	0.04481639
8680	-223.5016	-229.4815	5.979888	0.04692187	0.01967747	0.0272444	0.01967747
8690	-247.3268	-251.3358	4.008921	0.1207099	0.09886946	0.02184046	0.09886946
8700	-243.6173	-248.5969	4.979534	0.07457395	0.03313239	0.04144156	0.03313239
8710	-250.1852	-255.2617	5.076525	0.06270917	0.007151483	0.05555768	0.007151483
8720	-228.3825	-234.2785	5.895943	0.0472557	0.009055133	0.03820057	0.009055133
8730	-229.8113	-235.4666	5.655397	0.05675763	0.02545892	0.03129871	0.02545892
8740	-293.3588	-296.8567	3.497878	0.1013952	0.02157784	0.07981732	0.02157784
8750	-221.1238	-227.0332	5.909443	0.04431307	0.02393822	0.02037485	0.02393822
8760	-211.0207	-217.3344	6.313654	0.02446105	0.005113224	0.01934783	0.005113224
8770	-234.4495	-240.0116	5.562111	0.05831094	0.01966555	0.03864539	0.01966555
8780	-224.1112	-230.0826	5.971376	0.04175842	0.005751219	0.0360072	0.005751219
8790	-222.8207	-228.3687	5.548024	0.04775372	0.03147816	0.01627556	0.03147816
8800	-233.8699	-239.3708	5.500874	0.06074994	0.02507371	0.03567623	0.02507371
8810	-235.423	-240.9964	5.573377	0.05728675	0.01633334	0.04095341	0.01633334
8820	-220.2773	-225.4605	5.18316	0.03879851	0.02755382	0.01124469	0.02755382
8830	-242.3444	-247.1105	4.766158	0.08572363	0.05275749	0.03296613	0.05275749
8840	-219.2325	-225.4459	6.213377	0.03953664	0.01371569	0.02582095	0.01371569
8850	-213.9854	-218.8218	4.836399	0.01176027	0.001996949	0.00976332	0.001996949
8860	-315.9357	-315.8343	-0.1013982	0.3581023	0.2958653	0.06223703	0.2958653
8870	-290.0744	-291.0646	0.9902238	0.3468555	0.3099443	0.03691117	0.3099443
8880	-239.4927	-244.4656	4.972948	0.07831988	0.04570878	0.0326111	0.04570878
8890	-263.0657	-265.6694	2.603713	0.2097455	0.1909829	0.01876259	0.1909829
8900	-248.5434	-253.6975	5.154093	0.06270147	0.008838035	0.05386344	0.008838035
8910	-217.5057	-221.4992	3.993471	0.01604621	0.01006239	0.005983823	0.01006239
8920	-268.6969	-272.7602	4.063234	0.09281258	0.03147051	0.06134207	0.03147051
8930	-233.7783	-239.4657	5.687455	0.05334379	0.01180391	0.04153987	0.01180391
8940	-213.105	-219.4885	6.383554	0.02891519	0.008201692	0.0207135	0.008201692
8950	-258.9402	-262.8081	3.86794	0.1135758	0.06943868	0.04413708	0.06943868
8960	-217.5513	-223.8477	6.29634	0.03653392	0.01070056	0.02583337	0.01070056
8970	-222.8448	-227.9266	5.081806	0.04563991	0.03373743	0.01190248	0.03373743
8980	-227.2025	-232.4118	5.209251	0.05840292	0.04223696	0.01616595	0.04223696
8990	-272.186	-274.5721	2.386029	0.2226393	0.189914	0.03272536	0.189914
9000	-268.5937	-272.1432	3.549487	0.1169023	0.06317709	0.05372522	0.06317709
9010	-225.1139	-231.0774	5.963578	0.04298686	0.006380218	0.03660664	0.006380218
9020	-212.3151	-218.5401	6.224952	0.02745826	0.003998705	0.02345956	0.003998705
9030	-274.6248	-276.8433	2.218528	0.2340679	0.200199	0.03386892	0.200199
9040	-245.673	-250.796	5.122967	0.06776075	0.01986366	0.04789709	0.01986366
9050	-234.1083	-239.4195	5.31125	0.06731792	0.03685517	0.03046275	0.03685517
9060	-221.3525	-227.2729	5.920409	0.04472639	0.02371716	0.02100923	0.02371716
9070	-242.2257	-247.3348	5.109178	0.07042903	0.02850513	0.04192391	0.02850513
9080	-297.2159	-297.9626	0.7466458	0.3334492	0.2867304	0.04671876	0.2867304
9090	-245.7414	-250.3338	4.592442	0.09098404	0.05533558	0.03564846	0.05533558
9100	-226.8	-232.5715	5.7715	0.05309541	0.02509531	0.0280001	0.02509531
9110	-224.91	-230.5066	5.596615	0.05267007	0.03305073	0.01961934	0.03305073
9120	-247.341	-251.6933	4.352246	0.103033	0.07097747	0.03205552	0.07097747
9130	-253.7653	-258.6869	4.921577	0.07021905	0.01456062	0.05565843	0.01456062
9140	-218.4775	-224.6557	6.178236	0.03612355	0.005664112	0.03045944	0.005664112
9150	-241.6781	-246.8298	5.151699	0.0691666	0.02724229	0.0419243	0.02724229
9160	-220.7959	-226.8373	6.041449	0.03821672	0.004944274	0.03327245	0.004944274
9170	-212.2054	-218.5808	6.375339	0.02723402	0.006430721	0.02080329	0.006430721
9180	-236.0198	-240.803	4.783172	0.08219692	0.06223707	0.01995985	0.06223707
9190	-238.4787	-243.259	4.780282	0.08606649	0.06176921	0.02429728	0.06176921
9200	-226.15	-231.8478	5.697801	0.0539209	0.02965093	0.02426998	0.02965093
9210	-223.5653	-229.6041	6.03888	0.04561845	0.01591137	0.02970707	0.01591137
9220	-247.8442	-252.4502	4.606038	0.08751543	0.04703153	0.0404839	0.04703153
9230	-217.6841	-222.79	5.105873	0.03042059	0.02073663	0.009683958	0.02073663
9240	-216.2724	-222.5664	6.294038	0.03481704	0.01261464	0.0222024	0.01261464
9250	-218.9045	-224.3907	5.486208	0.03686099	0.02428726	0.01257373	0.02428726
9260	-227.7786	-233.6269	5.848268	0.05113131	0.01814125	0.03299006	0.01814125
9270	-252.1478	-256.9787	4.83098	0.07451319	0.02260955	0.05190364	0.02260955
9280	-214.9645	-221.1301	6.165538	0.03130584	0.01429748	0.01700836	0.01429748
9290	-235.3528	-240.9569	5.604164	0.05193956	0.007175669	0.04476389	0.007175669
9300	-233.8118	-238.7979	4.986157	0.0751609	0.05444043	0.02072047	0.05444043
9310	-212.4482	-218.4112	5.962987	0.02183266	0.009226909	0.01260575	0.009226909
9320	-257.1469	-260.3679	3.220933	0.1681024	0.146666	0.02143645	0.146666
9330	-227.3597	-232.9803	5.62058	0.05644378	0.03185178	0.02459201	0.03185178
9340	-244.3247	-249.3575	5.032769	0.07193745	0.02805677	0.04388068	0.02805677
9350	-223.3208	-229.1923	5.871446	0.04824421	0.02484557	0.02339863	0.02484557
9360	-216.4243	-222.2769	5.852543	0.03262904	0.0184704	0.01415864	0.0184704
9370	-250.7772	-255.1808	4.403587	0.09444104	0.05320152	0.04123952	0.05320152
9380	-255.0542	-258.7134	3.659161	0.1399377	0.1108752	0.02906252	0.1108752
9390	-226.9801	-232.6321	5.651956	0.05553561	0.03084006	0.02469555	0.03084006
9400	-222.4952	-228.5703	6.075099	0.04440325	0.01602023	0.02838302	0.01602023
9410	-224.3345	-229.3944	5.059862	0.04984139	0.03727164	0.01256975	0.03727164
9420	-248.7193	-252.6107	3.891377	0.1268865	0.1052715	0.02161505	0.1052715
9430	-211.7196	-217.9442	6.224592	0.02348166	0.008101338	0.01538032	0.008101338
9440	-278.5513	-280.3233	1.772063	0.2834677	0.2531754	0.03029228	0.2531754
9450	-211.2819	-216.7548	5.472887	0.01471474	0.002487447	0.01222729	0.002487447
9460	-209.7622	-215.581	5.818811	0.01958062	0.002361878	0.01721875	0.002361878
9470	-215.9615	-221.6959	5.734395	0.03032097	0.01761535	0.01270563	0.01761535
9480	-211.5333	-217.8335	6.300221	0.02423064	0.007419354	0.01681129	0.007419354
9490	-210.8622	-216.8097	5.94748	0.01776362	0.004604981	0.01315864	0.004604981
9500	-218.7754	-224.9709	6.19548	0.03920711	0.0152817	0.02392541	0.0152817
9510	-271.589	-274.8157	3.226735	0.1325488	0.08003381	0.05251495	0.08003381
9520	-234.4823	-239.9975	5.515144	0.05996946	0.02259346	0.03737601	0.02259346
9530	-213.8565	-220.1594	6.302987	0.03017969	0.005227349	0.02495234	0.005227349
9540	-215.6093	-221.9621	6.35283	0.03346786	0.009333028	0.02413483	0.009333028
9550	-245.9457	-250.5688	4.623191	0.08902299	0.05203325	0.03698973	0.05203325
9560	-210.9951	-217.2266	6.231512	0.0247205	0.003972867	0.02074764	0.003972867
9570	-225.0893	-230.0233	4.934049	0.03976672	0.001486173	0.03828054	0.001486173
9580	-241.8247	-246.5541	4.729391	0.08803681	0.05749228	0.03054452	0.05749228
9590	-217.2837	-223.414	6.130309	0.03655609	0.01723716	0.01931893	0.01723716
9600	-226.1667	-231.9741	5.807374	0.05198842	0.02429566	0.02769276	0.02429566
9610	-258.9415	-263.2965	4.355001	0.08804419	0.03463617	0.05340802	0.03463617
9620	-246.0607	-250.1171	4.056436	0.1170146	0.0962853	0.0207293	0.0962853
9630	-228.4727	-234.1437	5.670905	0.05615631	0.02750219	0.02865413	0.02750219
9640	-225.995	-231.6951	5.700098	0.05370409	0.02969017	0.02401393	0.02969017
9650	-216.7909	-222.1974	5.406526	0.03002831	0.01916648	0.01086183	0.01916648
9660	-238.0802	-243.1217	5.041546	0.07623664	0.04483543	0.03140121	0.04483543
9670	-235.3836	-239.7631	4.37949	0.08198621	0.06806611	0.0139201	0.06806611
9680	-217.0248	-223.0877	6.062874	0.03565983	0.01802935	0.01763048	0.01802935
9690	-231.8066	-236.5336	4.72707	0.07094659	0.05630503	0.01464155	0.05630503
9700	-220.8203	-226.5795	5.759188	0.04346228	0.02630372	0.01715856	0.02630372
9710	-236.292	-241.6652	5.373143	0.06414743	0.02698776	0.03715967	0.02698776
9720	-288.776	-290.6774	1.901369	0.2038971	0.1487412	0.05515585	0.1487412
9730	-240.972	-245.4541	4.482156	0.09709371	0.07556437	0.02152934	0.07556437
9740	-244.5327	-248.9186	4.385886	0.1035476	0.07732937	0.02621819	0.07732937
9750	-272.235	-275.4968	3.261835	0.1288788	0.0747585	0.05412026	0.0747585
9760	-212.9623	-219.3473	6.384954	0.02877912	0.007055073	0.02172405	0.007055073
9770	-285.8952	-288.4218	2.526559	0.1542777	0.09293917	0.06133848	0.09293917
9780	-233.8573	-238.3108	4.453568	0.07703058	0.0634794	0.01355119	0.0634794
9790	-273.2991	-276.6771	3.37795	0.1200238	0.06251276	0.05751101	0.06251276
9800	-211.1579	-217.0704	5.912536	0.01760698	0.004985632	0.01262135	0.004985632
9810	-219.4365	-225.4526	6.016048	0.04087827	0.02080327	0.02007501	0.02080327
9820	-258.9187	-262.3767	3.458038	0.1482924	0.1157852	0.0325072	0.1157852
9830	-222.8396	-228.7981	5.958562	0.04667409	0.0216836	0.0249905	0.0216836
9840	-245.268	-249.405	4.136995	0.1133448	0.09219407	0.0211507	0.09219407
9850	-223.1368	-229.1983	6.061497	0.04492951	0.01539217	0.02953734	0.01539217
9860	-245.3763	-248.8599	3.48355	0.1197093	0.1068383	0.012871	0.1068383
9870	-216.2717	-222.579	6.307362	0.03392213	0.006904667	0.02701746	0.006904667
9880	-214.584	-220.8357	6.251736	0.03106232	0.01280859	0.01825372	0.01280859
9890	-215.2813	-220.5786	5.297282	0.02386295	0.01429501	0.009567942	0.01429501
9900	-220.5946	-226.3401	5.745458	0.04286278	0.02616099	0.01670179	0.02616099
9910	-260.4217	-263.7372	3.315522	0.1577813	0.1260151	0.03176621	0.1260151
9920	-241.3047	-245.8581	4.553386	0.09554919	0.07160332	0.02394587	0.07160332
9930	-234.5732	-239.7841	5.210862	0.0707056	0.0423089	0.0283967	0.0423089
9940	-220.2366	-225.7482	5.511608	0.04073441	0.02705707	0.01367735	0.02705707
9950	-218.4973	-224.7623	6.26499	0.03721061	0.008717026	0.02849359	0.008717026
9960	-210.2925	-216.5024	6.209943	0.02193817	0.00426509	0.01767308	0.00426509
9970	-242.061	-245.0294	2.968315	0.1037174	0.09479713	0.008920284	0.09479713
9980	-223.1995	-229.0794	5.879953	0.04799433	0.02460011	0.02339421	0.02460011
9990	-222.663	-225.1803	2.517277	0.03066853	0.0259493	0.004719233	0.0259493
10000	-217.6389	-223.9311	6.292213	0.036104	0.008527924	0.02757608	0.008527924
