Iteration	Posterior	Likelihood	Prior	birth_rate	death_rate	diversification	turnover
0	-277.0244	-278.7391	1.714732	0.298365	0.2735557	0.02480932	0.2735557
10	-317.8699	-320.9539	3.084	0.1055682	0.008461013	0.09710717	0.008461013
20	-214.1698	-220.367	6.197182	0.02956746	0.01286007	0.01670739	0.01286007
30	-238.5009	-242.9081	4.407162	0.09196086	0.07510716	0.0168537	0.07510716
40	-247.2655	-252.4658	5.200327	0.06228344	0.009575578	0.05270786	0.009575578
50	-246.0864	-250.581	4.494584	0.09614367	0.06265187	0.0334918	0.06265187
60	-249.9762	-254.8102	4.83401	0.07570931	0.02683419	0.04887512	0.02683419
70	-278.9492	-281.0386	2.08942	0.2272901	0.1865162	0.04077389	0.1865162
80	-304.3793	-307.8003	3.42099	0.09980074	0.01109977	0.08870097	0.01109977
90	-220.8554	-226.8991	6.043704	0.04328439	0.01989855	0.02338585	0.01989855
100	-228.4545	-233.548	5.093537	0.06165752	0.04575822	0.01589929	0.04575822
110	-234.5668	-238.869	4.302272	0.07909531	0.06631777	0.01277754	0.06631777
120	-275.6608	-279.0453	3.384447	0.1166939	0.05604997	0.06064396	0.05604997
130	-270.3544	-273.8726	3.518236	0.1161571	0.06045143	0.05570563	0.06045143
140	-276.54	-278.7868	2.246789	0.2180441	0.1785241	0.03952002	0.1785241
150	-231.6074	-237.2283	5.620979	0.05750542	0.02317987	0.03432554	0.02317987
160	-210.6623	-216.9428	6.280494	0.023181	0.004942394	0.01823861	0.004942394
170	-224.8862	-230.8523	5.966081	0.04778503	0.01759765	0.03018738	0.01759765
180	-231.9594	-237.312	5.352656	0.06574969	0.03901553	0.02673416	0.03901553
190	-215.3902	-221.6793	6.289066	0.03245881	0.005742906	0.0267159	0.005742906
200	-239.5937	-244.9625	5.368878	0.06240978	0.01909246	0.04331732	0.01909246
210	-253.8363	-258.4718	4.635507	0.08066628	0.02970691	0.05095936	0.02970691
220	-234.6008	-240.078	5.477148	0.06125525	0.02470964	0.03654561	0.02470964
230	-214.9074	-220.8663	5.958871	0.02931293	0.01520733	0.01410561	0.01520733
240	-245.2171	-249.4787	4.261572	0.1091492	0.08501552	0.02413372	0.08501552
250	-226.7807	-232.4895	5.708781	0.05436946	0.02840892	0.02596054	0.02840892
260	-241.3352	-246.4726	5.137486	0.0699412	0.0289743	0.04096691	0.0289743
270	-252.4103	-256.6622	4.251897	0.100776	0.06007748	0.04069854	0.06007748
280	-211.8605	-218.1813	6.320768	0.02665952	0.00497034	0.02168918	0.00497034
290	-280.7345	-284.7405	4.006058	0.08059867	0.004811912	0.07578676	0.004811912
300	-251.5166	-255.584	4.067371	0.1151592	0.08182129	0.0333379	0.08182129
310	-240.9163	-245.4792	4.562883	0.09487673	0.0714669	0.02340983	0.0714669
320	-275.199	-279.2333	4.034305	0.09062751	0.02266687	0.06796064	0.02266687
330	-246.5344	-251.0354	4.500997	0.09512424	0.06036643	0.03475781	0.06036643
340	-251.0284	-255.6468	4.618444	0.0835594	0.03713517	0.04642423	0.03713517
350	-227.6553	-233.2223	5.567003	0.05760341	0.0339062	0.02369721	0.0339062
360	-219.0658	-224.4372	5.371477	0.03653535	0.02470719	0.01182816	0.02470719
370	-274.8382	-277.0649	2.226707	0.2314875	0.1968038	0.03468369	0.1968038
380	-216.1116	-221.0763	4.964756	0.02358279	0.01510985	0.008472937	0.01510985
390	-299.4236	-300.1502	0.7265716	0.3198195	0.2693406	0.05047896	0.2693406
400	-225.5597	-230.9673	5.407574	0.05435681	0.03715827	0.01719854	0.03715827
410	-213.2208	-219.6073	6.386458	0.02920717	0.007972427	0.02123474	0.007972427
420	-302.3837	-305.4471	3.063479	0.1124499	0.02843016	0.08401971	0.02843016
430	-277.1251	-278.9433	1.818189	0.2835494	0.2555699	0.0279795	0.2555699
440	-230.8239	-236.374	5.550097	0.05987998	0.02958381	0.03029617	0.02958381
450	-243.3965	-248.2268	4.830232	0.08143363	0.04420811	0.03722552	0.04420811
460	-373.0034	-374.3308	1.327412	0.1514055	0.02562027	0.1257853	0.02562027
470	-278.5297	-280.5917	2.062021	0.2342097	0.1951813	0.03902838	0.1951813
480	-272.5276	-275.0666	2.538958	0.1988432	0.1605341	0.03830916	0.1605341
490	-261.9141	-265.4543	3.540216	0.131396	0.08938193	0.04201407	0.08938193
500	-269.7154	-274.0765	4.361054	0.07403191	0.005131737	0.06890018	0.005131737
510	-222.0887	-228.2303	6.141578	0.04172107	0.01008499	0.03163608	0.01008499
520	-232.8088	-238.5374	5.728588	0.05115757	0.00933072	0.04182685	0.00933072
530	-242.0072	-247.0847	5.07755	0.07182383	0.03104187	0.04078196	0.03104187
540	-214.1662	-220.3077	6.141535	0.03020929	0.003749585	0.0264597	0.003749585
550	-352.1382	-352.4038	0.2655467	0.2105703	0.1067103	0.1038601	0.1067103
560	-249.9117	-254.8931	4.981383	0.07040034	0.01897485	0.05142548	0.01897485
570	-255.5877	-259.2479	3.660219	0.1387426	0.1082667	0.03047585	0.1082667
580	-232.8309	-238.5596	5.728638	0.05198076	0.01077466	0.0412061	0.01077466
590	-258.2467	-262.3864	4.139698	0.0985544	0.04988808	0.04866633	0.04988808
600	-242.268	-246.6475	4.379569	0.1017522	0.08031209	0.02144011	0.08031209
610	-211.6004	-217.5978	5.997465	0.01974447	0.006932676	0.01281179	0.006932676
620	-221.1692	-227.084	5.914766	0.03806011	0.003916193	0.03414392	0.003916193
630	-314.4248	-316.9385	2.513744	0.1268957	0.03703004	0.0898657	0.03703004
640	-248.1993	-251.5362	3.336945	0.1323375	0.1188923	0.01344513	0.1188923
650	-223.166	-229.1064	5.94042	0.04041044	0.00481309	0.03559735	0.00481309
660	-256.7692	-260.0273	3.258089	0.1657274	0.1441338	0.02159356	0.1441338
670	-217.8257	-224.079	6.253314	0.03744756	0.01342594	0.02402162	0.01342594
680	-223.6702	-229.4648	5.79465	0.04940142	0.02738067	0.02202076	0.02738067
690	-237.4372	-242.2866	4.849414	0.08316814	0.05913219	0.02403595	0.05913219
700	-230.741	-235.1931	4.452079	0.06681862	0.05502618	0.01179244	0.05502618
710	-238.2038	-243.6196	5.415764	0.06151893	0.01954764	0.04197129	0.01954764
720	-240.8062	-244.9745	4.168242	0.1005457	0.08450844	0.01603726	0.08450844
730	-291.9701	-295.0034	3.033349	0.1186013	0.04429276	0.07430855	0.04429276
740	-327.23	-329.2694	2.039353	0.139078	0.0422825	0.09679549	0.0422825
750	-230.8939	-236.4593	5.565451	0.05941543	0.02846683	0.0309486	0.02846683
760	-211.6683	-217.9759	6.3076	0.02463613	0.007652001	0.01698413	0.007652001
770	-234.685	-240.2476	5.562596	0.05816387	0.01902476	0.03913912	0.01902476
780	-237.7549	-243.0031	5.248191	0.06800514	0.03123663	0.03676851	0.03123663
790	-217.261	-222.6923	5.43133	0.0316684	0.02041384	0.01125456	0.02041384
800	-291.7434	-295.0055	3.262095	0.109898	0.03361971	0.07627829	0.03361971
810	-221.5376	-227.6789	6.141389	0.04240068	0.01354874	0.02885194	0.01354874
820	-216.6927	-223.0066	6.313958	0.03537679	0.01115872	0.02421807	0.01115872
830	-251.1832	-255.567	4.383823	0.09496056	0.05341188	0.04154868	0.05341188
840	-241.2165	-246.367	5.150504	0.06951853	0.02846037	0.04105816	0.02846037
850	-224.727	-230.4379	5.710975	0.05174897	0.02989472	0.02185425	0.02989472
860	-230.5829	-235.8035	5.220585	0.06636369	0.04579942	0.02056427	0.04579942
870	-306.6867	-309.744	3.057238	0.111319	0.02375667	0.08756238	0.02375667
880	-217.0132	-223.2359	6.222698	0.0344127	0.005531213	0.02888148	0.005531213
890	-256.9333	-260.6742	3.740908	0.1281556	0.09168866	0.03646692	0.09168866
900	-212.2793	-218.6253	6.346022	0.02750491	0.005463139	0.02204177	0.005463139
910	-293.4617	-294.6396	1.177909	0.2812201	0.2323243	0.0488958	0.2323243
920	-221.0129	-226.0584	5.045491	0.0400839	0.02929141	0.01079249	0.02929141
930	-213.0612	-219.183	6.121762	0.02576741	0.01113959	0.01462782	0.01113959
940	-275.2375	-278.024	2.786543	0.1592996	0.1093663	0.04993332	0.1093663
950	-291.7023	-293.1725	1.470174	0.2458851	0.1941185	0.05176662	0.1941185
960	-230.268	-235.8257	5.557749	0.05960687	0.03037149	0.02923539	0.03037149
970	-237.7862	-243.0737	5.287584	0.0664804	0.02858474	0.03789566	0.02858474
980	-225.2718	-230.5003	5.228555	0.05321525	0.03852167	0.01469358	0.03852167
990	-219.1508	-225.2973	6.146539	0.04007596	0.017024	0.02305196	0.017024
1000	-234.9985	-239.4524	4.453832	0.08076645	0.06642809	0.01433835	0.06642809
1010	-274.6079	-278.8995	4.291527	0.0787193	0.007252687	0.07146662	0.007252687
1020	-211.7542	-218.0726	6.318384	0.02499599	0.00772875	0.01726724	0.00772875
1030	-218.8076	-224.9315	6.123927	0.03958922	0.01788938	0.02169984	0.01788938
1040	-424.6842	-425.1038	0.4196111	0.1741259	0.01897671	0.1551492	0.01897671
1050	-295.9943	-297.5545	1.560142	0.2154993	0.1553736	0.06012572	0.1553736
1060	-301.0781	-301.0092	-0.06891869	0.4972481	0.4620217	0.03522643	0.4620217
1070	-260.5645	-263.9651	3.400616	0.1486403	0.1137502	0.03489012	0.1137502
1080	-308.9469	-311.6454	2.698548	0.122508	0.03580034	0.08670769	0.03580034
1090	-246.2288	-251.4584	5.229607	0.06060183	0.008138224	0.05246361	0.008138224
1100	-299.1059	-298.4668	-0.6390178	0.6329685	0.6149688	0.01799972	0.6149688
1110	-211.872	-217.9966	6.124579	0.02650889	0.003301338	0.02320755	0.003301338
1120	-275.0137	-276.7844	1.770704	0.2927476	0.270763	0.02198455	0.270763
1130	-477.1656	-476.52	-0.6456643	0.2042609	0.02108635	0.1831746	0.02108635
1140	-228.941	-234.8179	5.876937	0.04886937	0.01123846	0.03763091	0.01123846
1150	-248.0996	-252.6121	4.512469	0.09218482	0.05359924	0.03858558	0.05359924
1160	-246.1715	-250.8343	4.662841	0.08664199	0.04808579	0.0385562	0.04808579
1170	-285.0908	-286.2419	1.151152	0.3553871	0.3266827	0.02870447	0.3266827
1180	-219.1471	-225.2421	6.094952	0.0402593	0.01872993	0.02152937	0.01872993
1190	-228.1084	-233.5028	5.394419	0.06013324	0.03979406	0.02033918	0.03979406
1200	-212.6403	-218.8875	6.247194	0.02614519	0.009938394	0.0162068	0.009938394
1210	-220.8884	-227.0682	6.179764	0.04106865	0.01189253	0.02917612	0.01189253
1220	-230.5247	-236.0757	5.550958	0.05983563	0.03021421	0.02962142	0.03021421
1230	-275.0833	-277.743	2.659616	0.1725108	0.1255998	0.046911	0.1255998
1240	-246.6573	-251.6331	4.975754	0.07254967	0.02604116	0.04650851	0.02604116
1250	-219.871	-226.0218	6.150805	0.04102486	0.01623128	0.02479359	0.01623128
1260	-214.3028	-220.4937	6.190804	0.0305314	0.004142383	0.02638902	0.004142383
1270	-225.7645	-231.7586	5.994042	0.04643294	0.0123527	0.03408024	0.0123527
1280	-212.2747	-218.4476	6.172817	0.02420667	0.009382028	0.01482464	0.009382028
1290	-236.211	-241.1992	4.988159	0.07827063	0.05291942	0.02535121	0.05291942
1300	-246.0576	-250.8494	4.791807	0.08053437	0.0389803	0.04155407	0.0389803
1310	-255.9405	-259.3205	3.38003	0.1585584	0.1356355	0.02292295	0.1356355
1320	-269.5068	-272.441	2.934148	0.1643886	0.1220379	0.04235065	0.1220379
1330	-288.9992	-291.1137	2.114419	0.1811984	0.1220407	0.05915766	0.1220407
1340	-216.6664	-222.3214	5.655013	0.03240037	0.002191271	0.0302091	0.002191271
1350	-235.1381	-240.1799	5.041741	0.07599542	0.05142069	0.02457473	0.05142069
1360	-289.9332	-293.3529	3.419717	0.1051804	0.02913174	0.07604869	0.02913174
1370	-244.3324	-248.504	4.171578	0.1106112	0.09024866	0.02036258	0.09024866
1380	-245.383	-250.3179	4.934892	0.07501996	0.03144613	0.04357384	0.03144613
1390	-242.9588	-248.3041	5.345217	0.0604476	0.01161255	0.04883505	0.01161255
1400	-370.011	-371.6135	1.602551	0.1306824	0.003601135	0.1270813	0.003601135
1410	-246.4249	-250.6731	4.248262	0.1100193	0.08356985	0.02644947	0.08356985
1420	-251.1929	-255.0891	3.896267	0.1278652	0.1008893	0.02697591	0.1008893
1430	-237.0411	-241.4975	4.456364	0.08728196	0.07122926	0.01605269	0.07122926
1440	-212.1981	-217.8491	5.650955	0.01592545	0.005082622	0.01084283	0.005082622
1450	-214.6151	-220.9082	6.293031	0.03131725	0.005401816	0.02591544	0.005401816
1460	-225.7064	-231.6386	5.932185	0.0487906	0.01782449	0.03096611	0.01782449
1470	-241.8448	-246.609	4.764125	0.08629691	0.05459572	0.03170119	0.05459572
1480	-236.2904	-240.6392	4.348861	0.08500213	0.07072707	0.01427506	0.07072707
1490	-213.4034	-219.214	5.810607	0.02301553	0.01123499	0.01178054	0.01123499
1500	-234.8737	-239.6103	4.736599	0.07981455	0.06217081	0.01764374	0.06217081
1510	-249.463	-254.1829	4.719954	0.0805873	0.03467525	0.04591205	0.03467525
1520	-214.0927	-220.4638	6.37106	0.030818	0.007093622	0.02372438	0.007093622
1530	-226.6689	-232.627	5.95813	0.04737151	0.01247991	0.0348916	0.01247991
1540	-242.9115	-248.0423	5.130805	0.06915685	0.02554817	0.04360868	0.02554817
1550	-223.9304	-229.5262	5.595801	0.05052266	0.03226212	0.01826054	0.03226212
1560	-387.2407	-385.6075	-1.633166	0.3140835	0.1962556	0.1178279	0.1962556
1570	-233.9511	-239.433	5.481865	0.06137932	0.02608283	0.03529649	0.02608283
1580	-232.4851	-237.8258	5.340669	0.06629168	0.03871867	0.02757301	0.03871867
1590	-218.0389	-224.3224	6.283497	0.03711004	0.0103769	0.02673314	0.0103769
1600	-252.4311	-256.4856	4.054528	0.1141734	0.07898736	0.03518604	0.07898736
1610	-231.6641	-235.0365	3.372414	0.06506899	0.05740675	0.007662241	0.05740675
1620	-212.1597	-218.52	6.36024	0.02723237	0.005802015	0.02143035	0.005802015
1630	-283.2189	-286.6878	3.468888	0.1066982	0.03663693	0.07006128	0.03663693
1640	-227.3648	-233.1957	5.830949	0.05170258	0.02033868	0.03136391	0.02033868
1650	-241.6658	-245.3513	3.685477	0.1043166	0.09205174	0.01226491	0.09205174
1660	-220.3201	-226.5184	6.198325	0.03923604	0.008563309	0.03067273	0.008563309
1670	-265.2962	-268.8629	3.566778	0.1214884	0.07257788	0.04891048	0.07257788
1680	-243.6818	-248.5746	4.892799	0.07824551	0.0387875	0.039458	0.0387875
1690	-221.8949	-227.3721	5.477116	0.04504954	0.03045177	0.01459777	0.03045177
1700	-236.6588	-241.681	5.022231	0.07733666	0.04993562	0.02740104	0.04993562
1710	-218.6634	-224.9142	6.250725	0.03718069	0.008017369	0.02916332	0.008017369
1720	-256.8984	-260.0311	3.132733	0.1709002	0.1516138	0.01928646	0.1516138
1730	-226.9915	-232.7152	5.723714	0.05423225	0.0273281	0.02690415	0.0273281
1740	-235.5081	-239.9366	4.428477	0.08242237	0.06795402	0.01446835	0.06795402
1750	-211.1753	-217.0381	5.862723	0.01704109	0.004604337	0.01243675	0.004604337
1760	-232.5319	-238.0072	5.475312	0.06207057	0.03015362	0.03191695	0.03015362
1770	-212.9025	-219.1043	6.201739	0.02628245	0.0106395	0.01564295	0.0106395
1780	-222.1882	-228.0403	5.852108	0.04649491	0.02567838	0.02081652	0.02567838
1790	-213.0579	-219.4443	6.386391	0.02887726	0.007853141	0.02102412	0.007853141
1800	-278.0986	-279.8099	1.711247	0.2956659	0.268382	0.02728396	0.268382
1810	-229.9106	-235.6258	5.715202	0.05490442	0.02143675	0.03346767	0.02143675
1820	-214.9361	-220.9104	5.974374	0.02953931	0.01523797	0.01430134	0.01523797
1830	-218.957	-225.1734	6.21645	0.03921764	0.01399002	0.02522761	0.01399002
1840	-229.462	-235.04	5.577992	0.05884673	0.03085188	0.02799485	0.03085188
1850	-223.9071	-229.9185	6.011364	0.0419024	0.006423143	0.03547926	0.006423143
1860	-242.0545	-247.3247	5.270151	0.0645536	0.01931572	0.04523787	0.01931572
1870	-260.7532	-264.5007	3.747558	0.1181983	0.07343519	0.04476315	0.07343519
1880	-230.8694	-236.3763	5.506892	0.06114721	0.03211926	0.02902795	0.03211926
1890	-212.0717	-217.5359	5.46412	0.01420209	0.003132454	0.01106964	0.003132454
1900	-229.6787	-234.5193	4.840585	0.06474003	0.05057009	0.01416994	0.05057009
1910	-282.9327	-285.9093	2.976629	0.07875439	0.001411169	0.07734322	0.001411169
1920	-215.0546	-221.2617	6.207099	0.03184979	0.01395262	0.01789717	0.01395262
1930	-229.3962	-234.9685	5.572298	0.05896212	0.03129984	0.02766228	0.03129984
1940	-221.8344	-227.8063	5.971889	0.0452544	0.0219903	0.0232641	0.0219903
1950	-257.4835	-262.1501	4.66661	0.07740609	0.02115406	0.05625203	0.02115406
1960	-238.9037	-244.3985	5.494877	0.05735489	0.01161638	0.04573852	0.01161638
1970	-251.8557	-255.084	3.22831	0.1493313	0.1342293	0.01510205	0.1342293
1980	-271.5224	-275.5156	3.993279	0.09377552	0.0301381	0.06363742	0.0301381
1990	-218.2644	-224.5416	6.277105	0.03733262	0.01011748	0.02721515	0.01011748
2000	-234.1244	-239.7914	5.667038	0.05414365	0.0127147	0.04142895	0.0127147
2010	-246.4755	-251.3582	4.882722	0.07628736	0.03196983	0.04431752	0.03196983
2020	-230.0443	-235.8786	5.834306	0.04888016	0.009403123	0.03947704	0.009403123
2030	-222.9156	-229.0239	6.108311	0.04311636	0.01138359	0.03173277	0.01138359
2040	-243.6676	-248.351	4.683387	0.08860798	0.05505401	0.03355397	0.05505401
2050	-234.1953	-238.4442	4.248887	0.07767996	0.06548345	0.0121965	0.06548345
2060	-242.9851	-247.1887	4.203621	0.1067833	0.08777398	0.01900927	0.08777398
2070	-247.9244	-252.4788	4.554372	0.09012465	0.05079509	0.03932956	0.05079509
2080	-256.5163	-260.374	3.85771	0.1196984	0.08079625	0.0389021	0.08079625
2090	-265.2716	-269.3596	4.08795	0.09412377	0.03652057	0.0576032	0.03652057
2100	-275.4281	-279.706	4.27789	0.08074266	0.009255735	0.07148693	0.009255735
2110	-342.4478	-343.6417	1.193886	0.1667321	0.06380173	0.1029304	0.06380173
2120	-288.8863	-292.6459	3.759619	0.09444483	0.01622715	0.07821768	0.01622715
2130	-257.365	-261.9788	4.613829	0.07932136	0.02400836	0.055313	0.02400836
2140	-219.7234	-225.5273	5.803906	0.04095075	0.02434089	0.01660986	0.02434089
2150	-239.7093	-245.1431	5.433795	0.05973218	0.01450638	0.0452258	0.01450638
2160	-257.2688	-260.7276	3.4588	0.1524128	0.1241707	0.02824214	0.1241707
2170	-230.8992	-236.085	5.185778	0.06730539	0.04697592	0.02032947	0.04697592
2180	-222.4956	-228.6081	6.112436	0.04330711	0.01302384	0.03028326	0.01302384
2190	-218.8801	-225.0116	6.131527	0.03969699	0.01764387	0.02205312	0.01764387
2200	-258.4147	-262.9919	4.577198	0.08004481	0.02395804	0.05608677	0.02395804
2210	-227.8197	-233.6247	5.805001	0.05244383	0.02088542	0.03155841	0.02088542
2220	-220.7904	-226.5213	5.730928	0.04329114	0.02658845	0.01670269	0.02658845
2230	-270.5402	-274.7319	4.191703	0.08737065	0.02245576	0.0649149	0.02245576
2240	-258.2895	-262.1562	3.866719	0.1149926	0.07213925	0.04285338	0.07213925
2250	-256.132	-260.4211	4.289074	0.09356239	0.04538986	0.04817252	0.04538986
2260	-213.6699	-220.0492	6.379255	0.03010489	0.007140474	0.02296441	0.007140474
2270	-246.4776	-251.0509	4.573379	0.09104749	0.05429254	0.03675496	0.05429254
2280	-259.1537	-263.1863	4.032648	0.1030867	0.05504156	0.04804517	0.05504156
2290	-259.355	-260.7057	1.350657	0.1921752	0.1840401	0.008135069	0.1840401
2300	-268.8374	-273.2276	4.390245	0.08136973	0.01583788	0.06553185	0.01583788
2310	-300.7838	-302.0632	1.279378	0.2300321	0.1676307	0.06240148	0.1676307
2320	-219.4131	-225.6475	6.234374	0.03834135	0.008895727	0.02944562	0.008895727
2330	-240.605	-244.7751	4.170065	0.09986629	0.08399269	0.01587361	0.08399269
2340	-315.54	-318.2501	2.710059	0.119849	0.02766056	0.09218848	0.02766056
2350	-239.3416	-243.0818	3.740157	0.09516902	0.08369017	0.01147884	0.08369017
2360	-240.4261	-245.8619	5.435804	0.05872162	0.01192687	0.04679475	0.01192687
2370	-226.7904	-232.6702	5.879818	0.04424369	0.00594492	0.03829877	0.00594492
2380	-223.9746	-229.5761	5.60157	0.03998159	0.00284938	0.03713221	0.00284938
2390	-240.7262	-246.0899	5.363683	0.06186473	0.01668166	0.04518307	0.01668166
2400	-218.8983	-224.3785	5.480261	0.0368025	0.024279	0.0125235	0.024279
2410	-427.9074	-428.4567	0.5493185	0.1698068	0.01209741	0.1577094	0.01209741
2420	-235.6275	-241.143	5.51547	0.05935889	0.01966132	0.03969757	0.01966132
2430	-243.9848	-249.1231	5.138291	0.06821557	0.02266481	0.04555076	0.02266481
2440	-259.7606	-262.8277	3.067057	0.1798475	0.1571228	0.02272475	0.1571228
2450	-253.3672	-256.6726	3.305451	0.1545739	0.1370333	0.01754062	0.1370333
2460	-257.0422	-261.112	4.069818	0.1041382	0.05892682	0.04521134	0.05892682
2470	-213.5727	-219.8141	6.241339	0.02847693	0.01157356	0.01690337	0.01157356
2480	-259.2709	-262.723	3.452151	0.1477717	0.1145418	0.03322994	0.1145418
2490	-287.6659	-290.4071	2.74118	0.1371672	0.07069507	0.06647209	0.07069507
2500	-235.1506	-240.4104	5.259782	0.06889799	0.03759591	0.03130208	0.03759591
2510	-234.5854	-238.4056	3.820154	0.07749842	0.06749228	0.01000614	0.06749228
2520	-216.2511	-222.1432	5.892102	0.03247062	0.01802069	0.01444993	0.01802069
2530	-274.925	-278.8999	3.974901	0.09273964	0.02570863	0.06703102	0.02570863
2540	-223.0029	-229.1045	6.101621	0.04218748	0.008950933	0.03323655	0.008950933
2550	-225.2441	-231.1275	5.883423	0.0424238	0.005075379	0.03734843	0.005075379
2560	-258.0596	-261.2794	3.219802	0.1693284	0.1461947	0.02313371	0.1461947
2570	-221.7939	-227.289	5.495025	0.04486401	0.03015768	0.01470633	0.03015768
2580	-210.8485	-217.1476	6.299115	0.02331601	0.005598855	0.01771715	0.005598855
2590	-227.7608	-233.3213	5.560536	0.05782855	0.03409568	0.02373287	0.03409568
2600	-237.0598	-240.7853	3.725567	0.08630702	0.07584982	0.0104572	0.07584982
2610	-266.5234	-269.6135	3.09008	0.1591733	0.1191998	0.03997346	0.1191998
2620	-280.1721	-284.3001	4.128038	0.08441998	0.01019991	0.07422007	0.01019991
2630	-214.5908	-220.7822	6.191387	0.03058331	0.01352914	0.01705417	0.01352914
2640	-244.3101	-245.4091	1.098978	0.1048412	0.09961806	0.005223177	0.09961806
2650	-224.6471	-229.7753	5.128267	0.05106144	0.03775818	0.01330327	0.03775818
2660	-211.7315	-218.0893	6.357817	0.02571192	0.00694782	0.0187641	0.00694782
2670	-221.4024	-226.7007	5.298249	0.04273209	0.03008943	0.01264266	0.03008943
2680	-250.7558	-254.9893	4.233554	0.104928	0.06831443	0.03661353	0.06831443
2690	-219.1881	-225.1253	5.93719	0.04018738	0.02205911	0.01812826	0.02205911
2700	-250.4553	-254.9605	4.505246	0.08946286	0.04642487	0.04303799	0.04642487
2710	-222.8381	-228.8946	6.056546	0.04497247	0.01646343	0.02850904	0.01646343
2720	-210.0488	-216.1183	6.069494	0.01962585	0.003713996	0.01591185	0.003713996
2730	-243.403	-248.3928	4.989824	0.0743195	0.03303111	0.04128839	0.03303111
2740	-289.0133	-289.5852	0.5718857	0.4412422	0.4184625	0.02277969	0.4184625
2750	-261.0956	-264.7188	3.623103	0.1267669	0.08432943	0.04243746	0.08432943
2760	-217.2316	-222.8097	5.578086	0.0329167	0.002063873	0.03085283	0.002063873
2770	-220.2247	-225.9569	5.732209	0.04188379	0.02575419	0.0161296	0.02575419
2780	-251.2746	-255.3339	4.059275	0.1162437	0.08377552	0.03246814	0.08377552
2790	-260.8818	-264.8081	3.926276	0.1065797	0.05781128	0.04876847	0.05781128
2800	-228.3823	-233.3204	4.938057	0.06115792	0.04699917	0.01415875	0.04699917
2810	-256.6646	-260.519	3.854358	0.1195983	0.08045994	0.03913833	0.08045994
2820	-234.5121	-239.4461	4.934043	0.07718335	0.05645273	0.02073062	0.05645273
2830	-406.7387	-407.0642	0.3255336	0.1782788	0.03484343	0.1434354	0.03484343
2840	-221.3199	-226.1525	4.832645	0.0396847	0.02983659	0.009848104	0.02983659
2850	-229.1746	-233.916	4.74134	0.06292181	0.04993814	0.01298367	0.04993814
2860	-250.9712	-254.8665	3.895324	0.1280716	0.1016577	0.02641385	0.1016577
2870	-246.9502	-250.966	4.015806	0.119857	0.09852188	0.02133509	0.09852188
2880	-255.0297	-258.9673	3.937579	0.1170973	0.07928265	0.03781461	0.07928265
2890	-294.3465	-297.7194	3.372873	0.1050784	0.02546591	0.07961244	0.02546591
2900	-241.3524	-245.4792	4.126869	0.102584	0.08654173	0.01604223	0.08654173
2910	-219.5871	-225.6427	6.055633	0.04113972	0.01985531	0.02128441	0.01985531
2920	-334.9749	-337.4983	2.523335	0.1212252	0.01549226	0.105733	0.01549226
2930	-246.7765	-251.989	5.212573	0.06282649	0.01094454	0.05188195	0.01094454
2940	-214.5805	-219.9736	5.393011	0.02217494	0.01244243	0.00973251	0.01244243
2950	-241.5168	-245.387	3.870192	0.1038369	0.09026533	0.01357157	0.09026533
2960	-256.1228	-260.1015	3.978708	0.1116798	0.07038221	0.04129759	0.07038221
2970	-224.9218	-229.1621	4.240273	0.04730474	0.03863893	0.008665805	0.03863893
2980	-222.3379	-228.3544	6.016471	0.0453682	0.01960311	0.02576509	0.01960311
2990	-302.3689	-305.8556	3.486639	0.09531726	0.006991455	0.08832581	0.006991455
3000	-216.8262	-223.1186	6.292468	0.03573658	0.01236149	0.02337509	0.01236149
3010	-247.8545	-252.4031	4.548582	0.09053199	0.05149865	0.03903335	0.05149865
3020	-231.0092	-236.7965	5.787313	0.05148397	0.01273418	0.03874978	0.01273418
3030	-251.5655	-256.1567	4.591191	0.08425952	0.03750846	0.04675107	0.03750846
3040	-227.6588	-233.4701	5.811257	0.05226605	0.020878	0.03138805	0.020878
3050	-279.5204	-283.4853	3.964906	0.09119232	0.01969246	0.07149986	0.01969246
3060	-244.0578	-248.4869	4.429098	0.1015675	0.07513992	0.02642757	0.07513992
3070	-234.9189	-239.5791	4.660257	0.08027242	0.06366869	0.01660373	0.06366869
3080	-260.9239	-265.2222	4.298342	0.08885391	0.03370046	0.05515345	0.03370046
3090	-220.0723	-226.0552	5.982902	0.03709375	0.004116308	0.03297744	0.004116308
3100	-220.7716	-226.9427	6.171081	0.03944526	0.007852805	0.03159245	0.007852805
3110	-214.7749	-220.0363	5.261357	0.02127636	0.01210436	0.009172001	0.01210436
3120	-244.021	-249.3219	5.30088	0.05871414	0.007666784	0.05104736	0.007666784
3130	-211.6904	-217.8915	6.201106	0.02306136	0.008041943	0.01501941	0.008041943
3140	-218.6548	-224.9079	6.25303	0.03832436	0.01196689	0.02635747	0.01196689
3150	-224.6581	-230.6955	6.037375	0.04527836	0.01223993	0.03303843	0.01223993
3160	-221.3671	-227.4417	6.074641	0.04359625	0.01806428	0.02553197	0.01806428
3170	-248.283	-252.3843	4.101335	0.1172916	0.09095418	0.02633741	0.09095418
3180	-223.0798	-228.8758	5.795962	0.04836256	0.02734873	0.02101383	0.02734873
3190	-219.5112	-225.7333	6.222117	0.03955146	0.01238588	0.02716558	0.01238588
3200	-232.9634	-238.4774	5.514036	0.06064777	0.02656365	0.03408412	0.02656365
3210	-235.9099	-241.0277	5.117795	0.07392505	0.0452962	0.02862885	0.0452962
3220	-223.186	-229.0645	5.878479	0.0479892	0.02466366	0.02332554	0.02466366
3230	-224.765	-230.4397	5.674752	0.0520515	0.03099115	0.02106034	0.03099115
3240	-255.9044	-260.7759	4.871502	0.07064514	0.01300279	0.05764234	0.01300279
3250	-235.6473	-241.0035	5.35615	0.06510835	0.02978567	0.03532268	0.02978567
3260	-229.4251	-235.2642	5.839092	0.04746326	0.007740476	0.03972279	0.007740476
3270	-252.4782	-257.2057	4.72749	0.07808269	0.02747353	0.05060915	0.02747353
3280	-211.2961	-217.6332	6.33717	0.0246067	0.006307608	0.01829909	0.006307608
3290	-277.573	-280.084	2.510939	0.1791028	0.1308521	0.04825076	0.1308521
3300	-268.3227	-271.5987	3.276	0.1362203	0.08812556	0.04809473	0.08812556
3310	-257.4229	-262.1973	4.774431	0.06642369	0.005515741	0.06090795	0.005515741
3320	-224.3286	-230.1903	5.861746	0.04957951	0.02433959	0.02523992	0.02433959
3330	-272.3963	-275.5334	3.137098	0.1373785	0.08525984	0.05211866	0.08525984
3340	-222.534	-228.6465	6.112534	0.04145276	0.008334139	0.03311862	0.008334139
3350	-253.0813	-257.0694	3.988168	0.117745	0.08303294	0.03471208	0.08303294
3360	-327.0458	-326.8069	-0.2388642	0.3214258	0.2468375	0.07458825	0.2468375
3370	-217.0504	-223.1812	6.130776	0.03403566	0.004428157	0.0296075	0.004428157
3380	-230.6148	-236.3914	5.776579	0.05242633	0.01520692	0.03721941	0.01520692
3390	-297.849	-298.2622	0.413193	0.4035437	0.3634327	0.04011102	0.3634327
3400	-339.9166	-341.6028	1.686111	0.1472548	0.04297915	0.1042757	0.04297915
3410	-228.9538	-234.7723	5.818581	0.05175779	0.01699153	0.03476627	0.01699153
3420	-261.6132	-265.8826	4.269463	0.08950555	0.03389444	0.0556111	0.03389444
3430	-211.391	-216.8624	5.471371	0.01461107	0.002556735	0.01205434	0.002556735
3440	-216.4145	-222.7475	6.332967	0.03462689	0.009138766	0.02548812	0.009138766
3450	-221.9603	-228.0151	6.054779	0.0444455	0.01821915	0.02622636	0.01821915
3460	-263.2375	-267.648	4.410426	0.0833587	0.02380648	0.05955222	0.02380648
3470	-212.6271	-218.8735	6.246352	0.02610048	0.009918097	0.01618238	0.009918097
3480	-232.5072	-236.9905	4.483313	0.0726767	0.05971896	0.01295774	0.05971896
3490	-287.9188	-291.338	3.419226	0.1060782	0.03191692	0.07416127	0.03191692
3500	-217.4037	-223.1374	5.733721	0.03441988	0.02071271	0.01370717	0.02071271
3510	-234.357	-239.9181	5.561085	0.05839711	0.01997038	0.03842673	0.01997038
3520	-275.5103	-278.959	3.448752	0.1136207	0.05227981	0.06134084	0.05227981
3530	-249.4626	-253.3801	3.917532	0.1267568	0.1030711	0.02368569	0.1030711
3540	-269.6206	-273.9567	4.336142	0.07368096	0.004757911	0.06892305	0.004757911
3550	-279.5584	-283.6348	4.076412	0.08737103	0.01461176	0.07275926	0.01461176
3560	-282.2531	-282.9585	0.7054439	0.3933132	0.3779595	0.01535367	0.3779595
3570	-210.8252	-217.0656	6.24041	0.02423893	0.004086416	0.02015252	0.004086416
3580	-222.3406	-228.0089	5.66836	0.04687404	0.02936864	0.01750541	0.02936864
3590	-241.2696	-246.3842	5.114593	0.07088299	0.03058986	0.04029312	0.03058986
3600	-252.5922	-256.5634	3.971175	0.1201481	0.08719638	0.03295171	0.08719638
3610	-239.5372	-242.8678	3.330523	0.09454448	0.0849934	0.00955108	0.0849934
3620	-233.0841	-238.317	5.232951	0.06951611	0.04386039	0.02565572	0.04386039
3630	-245.0147	-250.2305	5.215743	0.06467584	0.01584205	0.04883378	0.01584205
3640	-228.9482	-234.8167	5.868456	0.04957466	0.01261597	0.03695868	0.01261597
3650	-233.5304	-238.7463	5.215936	0.07023905	0.04409597	0.02614308	0.04409597
3660	-213.9566	-219.77	5.813395	0.02492096	0.01281713	0.01210383	0.01281713
3670	-210.503	-216.7111	6.208093	0.02326341	0.00389318	0.01937023	0.00389318
3680	-281.9251	-284.8267	2.901639	0.1357596	0.07407196	0.06168768	0.07407196
3690	-275.5537	-279.6347	4.080987	0.08893802	0.02010989	0.06882813	0.02010989
3700	-218.1338	-224.3443	6.210565	0.03816979	0.01511556	0.02305423	0.01511556
3710	-232.1167	-236.8714	4.754697	0.04554771	0.00159219	0.04395552	0.00159219
3720	-232.1138	-237.185	5.071202	0.07082308	0.05097263	0.01985044	0.05097263
3730	-227.3861	-233.1039	5.717754	0.05458937	0.02696418	0.02762519	0.02696418
3740	-260.2575	-264.4395	4.182028	0.09431512	0.0418924	0.05242273	0.0418924
3750	-325.5529	-328.3617	2.80877	0.114241	0.01361521	0.1006257	0.01361521
3760	-232.5579	-237.7204	5.162452	0.07046037	0.04782264	0.02263773	0.04782264
3770	-234.9384	-240.5863	5.647848	0.05282611	0.009237865	0.04358825	0.009237865
3780	-224.8628	-230.7884	5.925594	0.04877814	0.02016183	0.02861631	0.02016183
3790	-237.6084	-242.4731	4.864773	0.08287038	0.05804333	0.02482704	0.05804333
3800	-224.3777	-229.2548	4.877113	0.04904012	0.03767113	0.01136899	0.03767113
3810	-263.0167	-266.5609	3.544143	0.1281895	0.08386736	0.04432209	0.08386736
3820	-255.9258	-258.815	2.889252	0.1714699	0.1565295	0.01494046	0.1565295
3830	-223.6518	-229.7034	6.051572	0.04524333	0.01470311	0.03054022	0.01470311
3840	-234.6663	-240.2391	5.572869	0.05779497	0.01839612	0.03939885	0.01839612
3850	-231.1233	-236.7006	5.577242	0.05902881	0.02717271	0.0318561	0.02717271
3860	-264.8935	-268.0786	3.185116	0.1552806	0.1163669	0.03891378	0.1163669
3870	-223.9	-229.7336	5.833565	0.04067829	0.004079285	0.03659901	0.004079285
3880	-230.4535	-235.6817	5.228244	0.06604207	0.04552035	0.02052172	0.04552035
3890	-235.3652	-240.9828	5.617621	0.05528375	0.01290945	0.0423743	0.01290945
3900	-234.5167	-237.8667	3.34995	0.07516312	0.06692061	0.00824251	0.06692061
3910	-215.4632	-221.7034	6.240182	0.03234389	0.005023614	0.02732028	0.005023614
3920	-211.1342	-217.4246	6.290398	0.02332394	0.006554411	0.01676953	0.006554411
3930	-217.0639	-222.5307	5.466759	0.03135764	0.01997961	0.01137804	0.01997961
3940	-233.412	-238.8603	5.448268	0.06275013	0.02965167	0.03309846	0.02965167
3950	-256.71	-259.919	3.209068	0.1676926	0.1472424	0.02045019	0.1472424
3960	-299.6105	-301.2569	1.646378	0.1955113	0.1292536	0.0662577	0.1292536
3970	-302.138	-301.3718	-0.7661921	0.6691715	0.6485323	0.02063923	0.6485323
3980	-238.4986	-243.7845	5.285921	0.06611384	0.02685307	0.03926077	0.02685307
3990	-252.0374	-256.1432	4.105727	0.1112662	0.07546139	0.03580484	0.07546139
4000	-214.6969	-219.7333	5.036405	0.01455808	0.006345047	0.008213036	0.006345047
4010	-241.8122	-244.6599	2.847686	0.10211	0.09366134	0.008448657	0.09366134
4020	-225.6631	-231.3531	5.690038	0.05338798	0.03031608	0.02307191	0.03031608
4030	-227.4135	-233.1244	5.71092	0.05475568	0.02728618	0.0274695	0.02728618
4040	-230.7667	-236.417	5.650249	0.05678155	0.02343799	0.03334356	0.02343799
4050	-216.367	-222.1811	5.814082	0.03215853	0.01843961	0.01371892	0.01843961
4060	-243.397	-248.3171	4.920076	0.07729401	0.03771019	0.03958383	0.03771019
4070	-215.9083	-221.6329	5.724601	0.0300782	0.0174891	0.0125891	0.0174891
4080	-247.9932	-252.0143	4.021128	0.1210836	0.09766768	0.02341594	0.09766768
4090	-224.754	-230.7421	5.988068	0.04715557	0.01642153	0.03073405	0.01642153
4100	-232.6526	-238.3573	5.704746	0.05389906	0.01454749	0.03935157	0.01454749
4110	-353.7398	-354.8896	1.149838	0.1625543	0.05127009	0.1112842	0.05127009
4120	-232.6834	-238.1867	5.503267	0.06110055	0.0279727	0.03312784	0.0279727
4130	-279.0244	-283.1895	4.16503	0.08348639	0.009910817	0.07357557	0.009910817
4140	-242.596	-247.7384	5.142466	0.0689218	0.02559607	0.04332573	0.02559607
4150	-288.5826	-292.3485	3.765915	0.08521814	0.004655828	0.08056231	0.004655828
4160	-228.1852	-233.8429	5.657726	0.05635746	0.02879662	0.02756083	0.02879662
4170	-247.693	-250.7644	3.071356	0.1299857	0.1186269	0.01135882	0.1186269
4180	-211.8932	-217.9883	6.095167	0.02650464	0.003156262	0.02334838	0.003156262
4190	-239.3494	-244.7935	5.444089	0.05959688	0.01475614	0.04484074	0.01475614
4200	-265.2958	-268.4395	3.143744	0.1581494	0.1194877	0.03866174	0.1194877
4210	-221.5242	-227.4732	5.948951	0.04491808	0.02288802	0.02203007	0.02288802
4220	-227.9993	-233.7514	5.752097	0.05393242	0.02373468	0.03019774	0.02373468
4230	-266.2793	-270.484	4.204743	0.08901473	0.02863737	0.06037736	0.02863737
4240	-228.179	-233.5803	5.40131	0.06022076	0.03962345	0.02059731	0.03962345
4250	-224.6214	-230.6669	6.045483	0.044362	0.01025646	0.03410554	0.01025646
4260	-218.9732	-222.3691	3.395855	0.01443619	0.009314191	0.005122002	0.009314191
4270	-225.6511	-231.622	5.970865	0.04756937	0.01514192	0.03242744	0.01514192
4280	-227.1642	-232.5162	5.351955	0.05826373	0.04004547	0.01821826	0.04004547
4290	-287.8624	-288.9281	1.065659	0.3510373	0.3176047	0.03343256	0.3176047
4300	-221.4777	-227.5742	6.096443	0.04336538	0.01674742	0.02661796	0.01674742
4310	-270.8798	-272.1709	1.291101	0.2820738	0.2700485	0.0120253	0.2700485
4320	-250.9665	-255.0967	4.13021	0.1116992	0.07773155	0.03396767	0.07773155
4330	-248.1386	-252.5236	4.385	0.09970762	0.06468347	0.03502415	0.06468347
4340	-221.1192	-227.28	6.160844	0.04175314	0.01310405	0.02864909	0.01310405
4350	-216.2097	-221.9622	5.752521	0.03119885	0.01817013	0.01302871	0.01817013
4360	-292.9774	-296.7237	3.746297	0.09267003	0.01071788	0.08195215	0.01071788
4370	-219.4466	-225.6784	6.231837	0.03832617	0.008739825	0.02958634	0.008739825
4380	-237.9558	-243.11	5.154228	0.0716175	0.03707811	0.03453939	0.03707811
4390	-223.7096	-229.1937	5.484095	0.04983378	0.03351782	0.01631597	0.03351782
4400	-217.2159	-223.4266	6.210683	0.03657488	0.01532887	0.02124601	0.01532887
4410	-225.2494	-230.7625	5.513146	0.05358518	0.03505465	0.01853053	0.03505465
4420	-254.1258	-257.403	3.277155	0.1578879	0.1398691	0.0180188	0.1398691
4430	-250.3266	-254.5627	4.236092	0.1055638	0.06987464	0.03568915	0.06987464
4440	-362.4116	-362.7279	0.3162532	0.1971401	0.0847079	0.1124322	0.0847079
4450	-266.6867	-269.8937	3.206971	0.1468432	0.103432	0.04341117	0.103432
4460	-212.3598	-218.7115	6.351747	0.02766159	0.005600762	0.02206082	0.005600762
4470	-219.6829	-225.8149	6.132066	0.04095281	0.0172453	0.02370751	0.0172453
4480	-226.9734	-232.0306	5.057191	0.05743462	0.04316224	0.01427238	0.04316224
4490	-219.4757	-225.486	6.010278	0.04095597	0.02094895	0.02000702	0.02094895
4500	-258.6762	-262.1407	3.464443	0.1484033	0.1163187	0.03208467	0.1163187
4510	-290.5623	-294.3615	3.799228	0.09209544	0.011864	0.08023144	0.011864
4520	-220.0272	-225.7707	5.74353	0.0414366	0.0253536	0.016083	0.0253536
4530	-224.4407	-230.4792	6.038465	0.04326721	0.008244358	0.03502286	0.008244358
4540	-234.4293	-239.9023	5.473003	0.06148095	0.02541599	0.03606496	0.02541599
4550	-287.049	-290.9459	3.896915	0.0901824	0.01217359	0.07800881	0.01217359
4560	-224.5798	-230.4991	5.919274	0.04877566	0.02106756	0.0277081	0.02106756
4570	-228.9946	-234.2793	5.284723	0.06263835	0.04317379	0.01946456	0.04317379
4580	-266.3918	-270.9387	4.546871	0.07354041	0.007278721	0.06626169	0.007278721
4590	-247.4338	-252.0508	4.61704	0.08745415	0.0475087	0.03994545	0.0475087
4600	-246.2081	-251.3918	5.183693	0.06508591	0.0150808	0.05000511	0.0150808
4610	-264.1782	-268.6147	4.436546	0.08200323	0.02102571	0.06097751	0.02102571
4620	-212.2799	-218.541	6.261062	0.0254024	0.009177764	0.01622464	0.009177764
4630	-222.2099	-227.3238	5.113927	0.04398178	0.03219864	0.01178314	0.03219864
4640	-286.4092	-287.6679	1.258691	0.3224272	0.2870691	0.03535812	0.2870691
4650	-250.8295	-255.1423	4.312766	0.09969708	0.06069168	0.0390054	0.06069168
4660	-249.7916	-254.2845	4.492842	0.09094019	0.04943901	0.04150118	0.04943901
4670	-228.0204	-233.7186	5.698272	0.05532286	0.02684483	0.02847803	0.02684483
4680	-214.6451	-220.9986	6.353568	0.03183715	0.01035125	0.0214859	0.01035125
4690	-270.0207	-272.2402	2.219547	0.2489334	0.226353	0.02258042	0.226353
4700	-223.2144	-227.5363	4.321842	0.04246518	0.03400132	0.008463862	0.03400132
4710	-213.6061	-219.8658	6.259643	0.02966624	0.004595775	0.02507047	0.004595775
4720	-218.1583	-224.3156	6.157272	0.0383592	0.01692276	0.02143644	0.01692276
4730	-289.44	-293.2565	3.8165	0.09209648	0.01275077	0.0793457	0.01275077
4740	-235.242	-240.6645	5.422541	0.06289423	0.02654653	0.03634771	0.02654653
4750	-222.4084	-227.7157	5.307298	0.04560818	0.03225289	0.01335529	0.03225289
4760	-224.8712	-230.7444	5.873259	0.04985891	0.02301964	0.02683927	0.02301964
4770	-215.884	-221.9679	6.0839	0.03299115	0.01633216	0.01665899	0.01633216
4780	-252.0826	-257.1154	5.032739	0.06573894	0.009684663	0.05605427	0.009684663
4790	-278.815	-282.1608	3.345876	0.115287	0.05138528	0.06390174	0.05138528
4800	-220.3319	-225.6196	5.287673	0.03962237	0.02767346	0.01194892	0.02767346
4810	-220.1435	-225.2404	5.096881	0.03784837	0.02716328	0.0106851	0.02716328
4820	-394.5559	-393.8829	-0.67307	0.2280148	0.09801575	0.1299991	0.09801575
4830	-220.0956	-226.0452	5.949591	0.03699343	0.003877052	0.03311637	0.003877052
4840	-361.9786	-363.7577	1.779086	0.1393634	0.01880513	0.1205583	0.01880513
4850	-215.1012	-220.2554	5.154114	0.02134849	0.01251784	0.008830649	0.01251784
4860	-289.6481	-293.2678	3.61972	0.09872663	0.02112924	0.07759739	0.02112924
4870	-228.0061	-233.5451	5.538995	0.0584491	0.03481071	0.0236384	0.03481071
4880	-244.3455	-249.2277	4.882233	0.07810388	0.03761785	0.04048603	0.03761785
4890	-228.5845	-234.2161	5.631598	0.05716146	0.02950501	0.02765645	0.02950501
4900	-247.562	-251.8535	4.291467	0.1065526	0.07591419	0.03063839	0.07591419
4910	-220.5672	-226.7649	6.197749	0.04009572	0.01016689	0.02992884	0.01016689
4920	-215.2844	-220.2153	4.930928	0.01872058	0.01072467	0.007995915	0.01072467
4930	-249.7069	-254.7928	5.085899	0.06636846	0.0131257	0.05324276	0.0131257
4940	-220.5328	-226.2538	5.720953	0.04261053	0.02632021	0.01629032	0.02632021
4950	-235.3105	-238.1193	2.808863	0.07558721	0.06860772	0.00697949	0.06860772
4960	-395.5528	-396.8214	1.268583	0.1486071	0.007965558	0.1406415	0.007965558
4970	-265.1487	-267.7742	2.625454	0.213669	0.1910401	0.0226289	0.1910401
4980	-241.7898	-245.9888	4.19898	0.1034589	0.08600137	0.01745751	0.08600137
4990	-259.0267	-261.3073	2.280605	0.1921792	0.1801359	0.01204333	0.1801359
5000	-254.4982	-259.3063	4.808122	0.07402272	0.01936404	0.05465868	0.01936404
5010	-275.4367	-277.5707	2.133993	0.242519	0.2091649	0.03335416	0.2091649
5020	-214.0027	-219.7431	5.740408	0.02422991	0.01265814	0.01157177	0.01265814
5030	-232.8952	-237.9859	5.090674	0.07210026	0.05058388	0.02151638	0.05058388
5040	-224.6771	-230.6162	5.939013	0.04839841	0.01975464	0.02864378	0.01975464
5050	-257.4506	-261.7617	4.311099	0.09117528	0.04059067	0.05058461	0.04059067
5060	-224.2626	-229.3731	5.110478	0.04987836	0.03696267	0.01291568	0.03696267
5070	-246.0505	-250.6321	4.581552	0.09117472	0.05514186	0.03603286	0.05514186
5080	-273.5719	-277.9073	4.335462	0.07936135	0.008971309	0.07039004	0.008971309
5090	-265.766	-269.0108	3.244887	0.1462409	0.1037739	0.04246703	0.1037739
5100	-225.3724	-231.0617	5.689344	0.05296533	0.03046838	0.02249695	0.03046838
5110	-226.8065	-232.5519	5.745369	0.05366638	0.02649794	0.02716844	0.02649794
5120	-220.9481	-227.1203	6.172173	0.0398205	0.008329915	0.03149059	0.008329915
5130	-232.0287	-237.7735	5.74482	0.05255073	0.01306277	0.03948796	0.01306277
5140	-259.7472	-263.2522	3.504965	0.1411141	0.1050073	0.0361068	0.1050073
5150	-228.3721	-234.2097	5.837672	0.05131407	0.01725969	0.03405437	0.01725969
5160	-239.3329	-244.5422	5.209276	0.06850218	0.02957179	0.03893039	0.02957179
5170	-221.353	-227.4594	6.106444	0.0430963	0.01639455	0.02670175	0.01639455
5180	-214.6788	-220.6851	6.006324	0.02911942	0.01465708	0.01446234	0.01465708
5190	-298.6985	-298.4163	-0.2822138	0.5780372	0.5542623	0.02377493	0.5542623
5200	-254.2519	-257.9858	3.7339	0.1354479	0.1060054	0.02944254	0.1060054
5210	-232.8416	-238.5015	5.659891	0.05560236	0.01737564	0.03822671	0.01737564
5220	-297.5349	-298.8837	1.348785	0.2345131	0.1756307	0.05888242	0.1756307
5230	-265.9985	-269.6949	3.696413	0.1122151	0.0597647	0.05245043	0.0597647
5240	-220.9505	-226.8305	5.880078	0.04398013	0.02450373	0.0194764	0.02450373
5250	-249.868	-253.2891	3.421141	0.1391934	0.1236954	0.01549798	0.1236954
5260	-270.1344	-273.473	3.33856	0.1276457	0.07533596	0.05230979	0.07533596
5270	-215.0168	-221.0761	6.059263	0.03053509	0.01511149	0.0154236	0.01511149
5280	-235.2693	-240.1321	4.862716	0.07961793	0.05919089	0.02042704	0.05919089
5290	-222.7213	-228.7703	6.049061	0.04508389	0.01718421	0.02789968	0.01718421
5300	-234.4749	-239.5993	5.124443	0.07330367	0.04777873	0.02552494	0.04777873
5310	-288.4582	-291.8446	3.38639	0.1069939	0.03263411	0.07435976	0.03263411
5320	-234.96	-240.0826	5.122614	0.07360924	0.04704969	0.02655955	0.04704969
5330	-232.3277	-237.4999	5.1722	0.06996593	0.04751449	0.02245143	0.04751449
5340	-236.1583	-240.7359	4.577596	0.08417598	0.06742211	0.01675387	0.06742211
5350	-285.6393	-287.7252	2.085895	0.1951374	0.1415819	0.0535555	0.1415819
5360	-280.0913	-284.2191	4.127786	0.08219176	0.007344693	0.07484706	0.007344693
5370	-220.8329	-226.7807	5.947762	0.04368287	0.02290415	0.02077872	0.02290415
5380	-216.4962	-222.5197	6.02356	0.03411081	0.01772746	0.01638336	0.01772746
5390	-219.2955	-225.5303	6.2348	0.03807202	0.008502223	0.02956979	0.008502223
5400	-263.2535	-267.1844	3.93087	0.1031677	0.05068909	0.05247859	0.05068909
5410	-268.1695	-269.9833	1.813772	0.2562658	0.2420128	0.01425292	0.2420128
5420	-222.7995	-228.8927	6.093274	0.04394657	0.01381078	0.03013579	0.01381078
5430	-213.214	-219.4707	6.256653	0.02903559	0.004459752	0.02457584	0.004459752
5440	-299.8817	-301.2308	1.349073	0.2253019	0.1630648	0.06223711	0.1630648
5450	-241.6207	-246.0441	4.423348	0.09957801	0.07826239	0.02131562	0.07826239
5460	-223.3609	-229.3668	6.005844	0.04632565	0.01847777	0.02784788	0.01847777
5470	-258.6444	-262.2109	3.566478	0.1387715	0.1034851	0.03528642	0.1034851
5480	-318.4064	-317.8239	-0.5824602	0.4374439	0.3792207	0.05822321	0.3792207
5490	-234.6426	-240.2494	5.606869	0.05649441	0.01611607	0.04037834	0.01611607
5500	-267.0301	-269.6814	2.651255	0.20953	0.1819248	0.02760523	0.1819248
5510	-236.6488	-242.1261	5.477326	0.06017106	0.01952057	0.04065049	0.01952057
5520	-237.3645	-242.8543	5.489748	0.05924857	0.01689289	0.04235568	0.01689289
5530	-247.0112	-252.2203	5.209075	0.06191088	0.009283989	0.05262689	0.009283989
5540	-261.2923	-265.9927	4.700352	0.06992088	0.006837563	0.06308332	0.006837563
5550	-242.4512	-247.5632	5.112017	0.07016742	0.02777689	0.04239053	0.02777689
5560	-219.7534	-225.8534	6.100037	0.04126389	0.01842549	0.02283839	0.01842549
5570	-242.8219	-247.1232	4.301289	0.1045955	0.08394088	0.02065463	0.08394088
5580	-253.9805	-258.8397	4.859267	0.07247576	0.01764802	0.05482774	0.01764802
5590	-214.7663	-221.1373	6.370937	0.0320445	0.008566234	0.02347827	0.008566234
5600	-267.6533	-271.5971	3.943778	0.09826136	0.03973301	0.05852835	0.03973301
5610	-240.7045	-245.5801	4.875635	0.08185765	0.0493941	0.03246354	0.0493941
5620	-254.5834	-258.7564	4.172922	0.1019595	0.05893045	0.04302906	0.05893045
5630	-259.4038	-262.5722	3.168381	0.1730375	0.1484167	0.02462086	0.1484167
5640	-248.6584	-253.3747	4.716311	0.08144553	0.03694651	0.04449902	0.03694651
5650	-220.4633	-226.3105	5.847133	0.04286627	0.02469081	0.01817546	0.02469081
5660	-278.7405	-282.2981	3.557539	0.1060355	0.03966534	0.06637013	0.03966534
5670	-284.9301	-286.3506	1.42051	0.3019652	0.2656437	0.0363215	0.2656437
5680	-225.9773	-231.8829	5.905594	0.04955114	0.01890743	0.03064371	0.01890743
5690	-212.1849	-217.5282	5.343315	0.01370925	0.002641224	0.01106802	0.002641224
5700	-219.6217	-225.8374	6.215662	0.03976971	0.01265703	0.02711269	0.01265703
5710	-232.6936	-238.409	5.715322	0.05015909	0.007729933	0.04242916	0.007729933
5720	-214.5673	-220.849	6.281627	0.03124831	0.01230632	0.01894199	0.01230632
5730	-248.0161	-252.152	4.135967	0.05681341	0.00150474	0.05530867	0.00150474
5740	-220.8216	-226.1703	5.348686	0.04138988	0.02870955	0.01268032	0.02870955
5750	-291.7416	-293.9271	2.185491	0.1681821	0.1042568	0.06392529	0.1042568
5760	-268.4358	-272.6926	4.256739	0.08612488	0.02269162	0.06343325	0.02269162
5770	-272.6785	-275.8645	3.186001	0.1332273	0.07977703	0.05345025	0.07977703
5780	-224.3087	-230.3177	6.008999	0.04653297	0.01610438	0.0304286	0.01610438
5790	-227.4404	-233.2562	5.815807	0.05213332	0.02111362	0.03101969	0.02111362
5800	-220.9084	-227.0516	6.143266	0.04209957	0.01499341	0.02710616	0.01499341
5810	-257.8821	-262.5997	4.717694	0.07540063	0.01788056	0.05752007	0.01788056
5820	-259.4194	-263.4626	4.043216	0.1021377	0.05345555	0.04868215	0.05345555
5830	-232.0175	-237.5911	5.573515	0.05895208	0.02517128	0.0337808	0.02517128
5840	-222.8039	-228.8952	6.091309	0.04401311	0.01397238	0.03004073	0.01397238
5850	-227.847	-233.6582	5.811177	0.05226187	0.02042427	0.03183759	0.02042427
5860	-240.0879	-245.3663	5.278336	0.05373211	0.004421666	0.04931044	0.004421666
5870	-243.9291	-248.493	4.563977	0.09477751	0.06437253	0.03040497	0.06437253
5880	-245.4604	-249.8886	4.4282	0.1008169	0.07100113	0.02981574	0.07100113
5890	-274.7808	-276.1627	1.381933	0.3122802	0.2967111	0.01556915	0.2967111
5900	-231.1456	-236.3948	5.24923	0.06701232	0.04483697	0.02217534	0.04483697
5910	-275.3009	-278.4873	3.186475	0.128461	0.07122137	0.05723958	0.07122137
5920	-229.4477	-234.9609	5.513214	0.06035857	0.03440299	0.02595558	0.03440299
5930	-233.1358	-238.5265	5.390741	0.0647717	0.03409573	0.03067597	0.03409573
5940	-253.7897	-257.6976	3.907879	0.122398	0.08846176	0.03393621	0.08846176
5950	-216.4282	-222.273	5.844799	0.03257776	0.01849797	0.01407979	0.01849797
5960	-215.0814	-221.4356	6.354174	0.03239531	0.007427316	0.024968	0.007427316
5970	-211.2193	-217.5534	6.334041	0.02447347	0.006115219	0.01835825	0.006115219
5980	-223.0332	-228.6816	5.648378	0.04847453	0.03045423	0.0180203	0.03045423
5990	-223.5324	-229.0997	5.567248	0.04956275	0.03224685	0.0173159	0.03224685
6000	-235.3454	-239.77	4.424583	0.08188827	0.06757732	0.01431095	0.06757732
6010	-383.2325	-375.9898	-7.242655	2.511909	2.451345	0.06056435	2.451345
6020	-266.0118	-268.7152	2.703393	0.2063422	0.1796905	0.02665174	0.1796905
6030	-278.6557	-280.2867	1.63098	0.3055576	0.2792005	0.0263571	0.2792005
6040	-232.7733	-238.3159	5.542589	0.05974392	0.02522072	0.03452319	0.02522072
6050	-210.7998	-216.6653	5.865569	0.01695391	0.003921309	0.0130326	0.003921309
6060	-301.678	-303.4355	1.757495	0.1810947	0.1108648	0.07022991	0.1108648
6070	-228.8197	-234.6487	5.828951	0.05144233	0.01661536	0.03482698	0.01661536
6080	-263.4263	-268.0458	4.619539	0.07570339	0.01295195	0.06275145	0.01295195
6090	-240.9835	-246.0717	5.088166	0.07215341	0.03306811	0.0390853	0.03306811
6100	-265.5076	-268.8173	3.309646	0.1410834	0.09751661	0.04356675	0.09751661
6110	-256.186	-259.942	3.755977	0.1289032	0.09379466	0.03510853	0.09379466
6120	-245.4061	-249.4929	4.08686	0.1148782	0.09456159	0.0203166	0.09456159
6130	-267.5979	-272.1096	4.511752	0.07692775	0.0108507	0.06607705	0.0108507
6140	-211.0327	-217.2208	6.188122	0.02139906	0.006428803	0.01497026	0.006428803
6150	-249.233	-251.6553	2.422275	0.1358031	0.126826	0.008977137	0.126826
6160	-224.6773	-228.8967	4.219391	0.04643322	0.0379074	0.008525811	0.0379074
6170	-220.2198	-225.7562	5.536391	0.04083429	0.02693523	0.01389907	0.02693523
6180	-284.7106	-288.2777	3.567136	0.1023537	0.02982705	0.07252665	0.02982705
6190	-210.9847	-217.2237	6.238985	0.02215986	0.006358469	0.01580139	0.006358469
6200	-260.2366	-263.9833	3.746667	0.1193797	0.07562037	0.04375936	0.07562037
6210	-262.421	-266.5257	4.104666	0.09576325	0.04160203	0.05416122	0.04160203
6220	-238.3177	-243.8338	5.516166	0.05694798	0.01170166	0.04524632	0.01170166
6230	-219.2147	-225.3835	6.168737	0.0400201	0.01607864	0.02394146	0.01607864
6240	-235.8454	-241.0642	5.218705	0.07018764	0.03853499	0.03165265	0.03853499
6250	-209.8343	-215.6798	5.845501	0.01861	0.002611063	0.01599894	0.002611063
6260	-237.9368	-243.4387	5.501852	0.05374574	0.006895628	0.04685011	0.006895628
6270	-245.7931	-249.9693	4.17621	0.1129011	0.08986005	0.02304106	0.08986005
6280	-220.9828	-226.9025	5.919691	0.04402098	0.02364306	0.02037792	0.02364306
6290	-315.8294	-314.1796	-1.649755	0.829523	0.798354	0.03116904	0.798354
6300	-225.3331	-231.3512	6.018109	0.0450529	0.01026146	0.03479144	0.01026146
6310	-260.7022	-265.327	4.624804	0.07720391	0.01765862	0.05954529	0.01765862
6320	-220.4794	-226.3627	5.88329	0.04296869	0.02410565	0.01886304	0.02410565
6330	-242.0836	-246.9494	4.865755	0.08105978	0.04570225	0.03535753	0.04570225
6340	-224.5724	-230.1917	5.619296	0.05190214	0.03232842	0.01957373	0.03232842
6350	-214.7938	-220.5283	5.734522	0.02676961	0.01479179	0.01197782	0.01479179
6360	-221.3602	-227.2641	5.903978	0.04478229	0.02414556	0.02063673	0.02414556
6370	-231.926	-237.3329	5.406979	0.06422843	0.03588285	0.02834558	0.03588285
6380	-261.2291	-264.8122	3.583054	0.1296817	0.08799173	0.04169001	0.08799173
6390	-298.5564	-301.4185	2.862148	0.08859351	0.001894197	0.08669932	0.001894197
6400	-222.6874	-228.8056	6.118176	0.04273377	0.01103327	0.0317005	0.01103327
6410	-224.8135	-230.8124	5.998936	0.04305276	0.007065029	0.03598773	0.007065029
6420	-237.2565	-241.808	4.551518	0.08745073	0.06988076	0.01756997	0.06988076
6430	-265.0533	-269.6026	4.549289	0.07751036	0.01396489	0.06354546	0.01396489
6440	-255.6932	-258.7588	3.065627	0.1680694	0.1512947	0.01677476	0.1512947
6450	-213.0428	-219.4203	6.377498	0.0289597	0.006604416	0.02235529	0.006604416
6460	-241.3059	-246.6916	5.385706	0.06041478	0.01357901	0.04683577	0.01357901
6470	-303.7839	-304.4135	0.6295605	0.307274	0.251227	0.05604696	0.251227
6480	-226.7226	-232.5818	5.859264	0.0508847	0.02008269	0.03080201	0.02008269
6490	-273.7093	-277.8899	4.180635	0.08638281	0.0183029	0.06807991	0.0183029
6500	-227.7276	-232.2329	4.505283	0.05742048	0.04666852	0.01075196	0.04666852
6510	-224.2506	-230.0121	5.761496	0.05058703	0.02833788	0.02224914	0.02833788
6520	-293.9245	-294.734	0.8094823	0.3499392	0.3087089	0.04123032	0.3087089
6530	-227.6051	-232.9289	5.323773	0.0593584	0.04105926	0.01829913	0.04105926
6540	-245.0874	-249.1698	4.082393	0.114241	0.09449496	0.019746	0.09449496
6550	-224.3297	-229.4117	5.081994	0.049935	0.0372007	0.0127343	0.0372007
6560	-285.6974	-285.7814	0.08395208	0.4444543	0.4317707	0.01268362	0.4317707
6570	-259.4025	-262.5238	3.121361	0.1762272	0.1528635	0.0233637	0.1528635
6580	-243.4357	-248.4467	5.011016	0.07343132	0.03158992	0.0418414	0.03158992
6590	-258.1942	-261.5038	3.309586	0.1632164	0.1373162	0.02590018	0.1373162
6600	-401.1176	-401.9296	0.8120336	0.1639612	0.02207649	0.1418847	0.02207649
6610	-219.8015	-226.0262	6.224655	0.03906712	0.009716317	0.0293508	0.009716317
6620	-223.8987	-229.1183	5.21959	0.0493545	0.03575994	0.01359456	0.03575994
6630	-260.8329	-263.5025	2.66957	0.1985097	0.1814947	0.01701503	0.1814947
6640	-217.5939	-223.8271	6.233231	0.03721134	0.01450273	0.02270861	0.01450273
6650	-235.0255	-240.2333	5.207808	0.07080055	0.04142979	0.02937077	0.04142979
6660	-213.1322	-218.6476	5.515358	0.01699246	0.007097985	0.009894476	0.007097985
6670	-304.3115	-304.734	0.4225393	0.3410682	0.287953	0.05311524	0.287953
6680	-213.3019	-219.4658	6.16384	0.02692532	0.01154299	0.01538233	0.01154299
6690	-229.4975	-235.3479	5.850355	0.04984477	0.01216841	0.03767636	0.01216841
6700	-224.3325	-227.5346	3.202177	0.04000587	0.03403604	0.005969832	0.03403604
6710	-246.915	-252.1212	5.206181	0.06112641	0.008195308	0.0529311	0.008195308
6720	-258.8657	-262.3685	3.502736	0.144132	0.1103101	0.03382192	0.1103101
6730	-250.3815	-254.4204	4.03886	0.1192673	0.08974252	0.02952483	0.08974252
6740	-280.0503	-282.4918	2.44148	0.1773923	0.1262116	0.05118071	0.1262116
6750	-290.0909	-290.7743	0.6834203	0.4169462	0.3888573	0.02808886	0.3888573
6760	-247.4833	-251.1332	3.649949	0.1277834	0.1117911	0.01599232	0.1117911
6770	-245.2811	-248.0691	2.788059	0.1176065	0.1084276	0.009178862	0.1084276
6780	-212.4448	-218.8034	6.35854	0.0271312	0.008343557	0.01878764	0.008343557
6790	-274.1965	-276.9683	2.771787	0.1640981	0.1163352	0.04776298	0.1163352
6800	-215.4153	-220.7916	5.376277	0.02520345	0.01517287	0.01003058	0.01517287
6810	-226.205	-232.0772	5.872251	0.05047143	0.02047268	0.02999875	0.02047268
6820	-260.8242	-264.4902	3.666004	0.1240685	0.08110947	0.04295905	0.08110947
6830	-254.2148	-258.3559	4.141033	0.1045625	0.06302507	0.04153747	0.06302507
6840	-214.0304	-220.2794	6.249004	0.02969818	0.01216197	0.01753621	0.01216197
6850	-262.6358	-263.4438	0.8079601	0.2131023	0.2057072	0.007395035	0.2057072
6860	-224.9528	-230.947	5.994216	0.0469451	0.01540157	0.03154352	0.01540157
6870	-263.5991	-265.6585	2.059418	0.2226138	0.2094932	0.01312058	0.2094932
6880	-233.5677	-239.2509	5.683209	0.05088073	0.007764806	0.04311593	0.007764806
6890	-228.2459	-233.7551	5.509228	0.05918479	0.03587132	0.02331346	0.03587132
6900	-243.0034	-248.2226	5.219204	0.06585044	0.020172	0.04567844	0.020172
6910	-304.6119	-305.6766	1.064657	0.2410294	0.1766907	0.06433869	0.1766907
6920	-225.3414	-231.2822	5.940853	0.04852458	0.01815306	0.03037152	0.01815306
6930	-283.8167	-287.23	3.413398	0.1084893	0.03840668	0.07008262	0.03840668
6940	-214.6054	-220.8109	6.205494	0.03100797	0.004351122	0.02665685	0.004351122
6950	-242.9283	-247.0466	4.11836	0.1077242	0.09016988	0.01755428	0.09016988
6960	-251.6538	-255.8442	4.190375	0.106122	0.06871188	0.03741008	0.06871188
6970	-257.7459	-259.104	1.35814	0.181307	0.1735232	0.007783832	0.1735232
6980	-219.9484	-225.9662	6.017815	0.04188009	0.02091695	0.02096314	0.02091695
6990	-240.3405	-243.627	3.286433	0.09767741	0.08805199	0.009625412	0.08805199
7000	-229.7407	-232.3694	2.628638	0.0549679	0.04919368	0.005774216	0.04919368
7010	-214.5158	-220.6426	6.126844	0.02981295	0.01389806	0.01591489	0.01389806
7020	-230.4922	-236.1371	5.644868	0.05700705	0.02446415	0.0325429	0.02446415
7030	-244.5224	-248.9271	4.404713	0.1026554	0.0758843	0.02677113	0.0758843
7040	-245.9899	-250.6426	4.652707	0.08739356	0.04949198	0.03790158	0.04949198
7050	-218.2191	-222.3581	4.139095	0.02447873	0.01782098	0.006657744	0.01782098
7060	-214.3177	-219.4961	5.178477	0.01664646	0.008028342	0.008618117	0.008028342
7070	-239.1686	-243.9723	4.803721	0.08563366	0.0591254	0.02650826	0.0591254
7080	-235.1428	-240.5432	5.40032	0.06374323	0.02823898	0.03550425	0.02823898
7090	-258.6273	-263.0266	4.399307	0.0865062	0.03282366	0.05368253	0.03282366
7100	-244.9863	-249.6395	4.653278	0.08862847	0.05291625	0.03571221	0.05291625
7110	-239.1571	-243.571	4.413961	0.09383412	0.07616309	0.01767104	0.07616309
7120	-244.4619	-248.481	4.019172	0.1135504	0.09571523	0.01783518	0.09571523
7130	-230.5111	-236.1484	5.637312	0.04653176	0.004533342	0.04199841	0.004533342
7140	-219.1928	-225.3383	6.145449	0.04014653	0.01704198	0.02310455	0.01704198
7150	-264.65	-267.3078	2.657745	0.2109356	0.188511	0.0224246	0.188511
7160	-284.3491	-284.507	0.1578714	0.4273382	0.4149863	0.01235191	0.4149863
7170	-224.3085	-230.1495	5.841007	0.04114834	0.004265125	0.03688322	0.004265125
7180	-228.1409	-233.9109	5.770033	0.05344612	0.02231094	0.03113518	0.02231094
7190	-231.1693	-236.6511	5.481803	0.04641841	0.003544039	0.04287437	0.003544039
7200	-223.6064	-229.5973	5.990915	0.04676706	0.01886594	0.02790112	0.01886594
7210	-237.8825	-243.2284	5.345913	0.06425696	0.02465433	0.03960263	0.02465433
7220	-223.3496	-229.3592	6.009647	0.04624071	0.01827787	0.02796284	0.01827787
7230	-319.1261	-321.6201	2.49396	0.1258725	0.03234452	0.09352798	0.03234452
7240	-245.7431	-249.8395	4.09641	0.1153313	0.09426936	0.02106192	0.09426936
7250	-278.4826	-282.6212	4.138688	0.08554336	0.01308896	0.0724544	0.01308896
7260	-245.7503	-250.9752	5.224894	0.05947971	0.006952687	0.05252702	0.006952687
7270	-227.3216	-232.7465	5.424934	0.05836385	0.03859772	0.01976613	0.03859772
7280	-236.026	-241.4018	5.375743	0.06419354	0.02751322	0.03668032	0.02751322
7290	-231.8395	-237.5938	5.754296	0.04969619	0.008140975	0.04155522	0.008140975
7300	-281.4167	-284.8487	3.432063	0.1093124	0.04151278	0.06779957	0.04151278
7310	-227.2436	-232.9331	5.68951	0.05509804	0.02869329	0.02640475	0.02869329
7320	-339.6587	-339.6411	-0.01754309	0.2547022	0.1644036	0.09029857	0.1644036
7330	-247.6628	-251.6668	4.004046	0.1213715	0.0990304	0.02234106	0.0990304
7340	-267.6108	-271.9189	4.308081	0.08476569	0.02160232	0.06316336	0.02160232
7350	-223.0146	-229.1171	6.102443	0.04339359	0.01180888	0.03158471	0.01180888
7360	-304.4544	-307.5724	3.118041	0.1100406	0.02385649	0.08618411	0.02385649
7370	-354.8698	-357.0382	2.168341	0.1270977	0.009059395	0.1180383	0.009059395
7380	-243.2593	-248.5821	5.322872	0.06140547	0.01277695	0.04862852	0.01277695
7390	-259.0284	-263.7258	4.697442	0.07550038	0.01688189	0.05861849	0.01688189
7400	-263.904	-268.0595	4.155535	0.09239894	0.03554141	0.05685753	0.03554141
7410	-236.4695	-241.3234	4.85386	0.08187747	0.05961407	0.0222634	0.05961407
7420	-244.5473	-249.3039	4.75659	0.08379309	0.04613151	0.03766157	0.04613151
7430	-219.2198	-225.4306	6.210755	0.03956514	0.01390558	0.02565956	0.01390558
7440	-264.3044	-267.1986	2.894184	0.1903488	0.1621092	0.02823956	0.1621092
7450	-239.0229	-243.7844	4.761454	0.08705243	0.0621246	0.02492783	0.0621246
7460	-257.0273	-259.5014	2.474101	0.1796976	0.1674476	0.01224994	0.1674476
7470	-395.8359	-394.1459	-1.689937	0.3037124	0.1795177	0.1241948	0.1795177
7480	-247.8297	-253.0027	5.172978	0.06377899	0.01124138	0.05253761	0.01124138
7490	-233.1831	-238.7297	5.54659	0.05945175	0.02391332	0.03553843	0.02391332
7500	-320.4879	-318.9219	-1.566058	0.7059314	0.662155	0.04377642	0.662155
7510	-269.3576	-273.6585	4.30083	0.0842264	0.019267	0.0649594	0.019267
7520	-211.5436	-217.3051	5.761518	0.0162748	0.004526761	0.01174804	0.004526761
7530	-333.9317	-333.1192	-0.8125025	0.3781618	0.3026393	0.07552246	0.3026393
7540	-224.7847	-230.8204	6.035617	0.0440526	0.009232238	0.03482036	0.009232238
7550	-213.737	-220.1013	6.36422	0.03003543	0.009616222	0.02041921	0.009616222
7560	-214.3324	-220.678	6.345593	0.03116191	0.01059245	0.02056946	0.01059245
7570	-264.208	-267.0418	2.833723	0.1966687	0.1705208	0.02614788	0.1705208
7580	-275.8138	-280.0805	4.266731	0.08070811	0.008887725	0.07182038	0.008887725
7590	-294.4598	-297.7123	3.252505	0.1090478	0.03037434	0.07867349	0.03037434
7600	-242.33	-246.3647	4.034653	0.1064111	0.09057671	0.01583443	0.09057671
7610	-271.471	-274.1619	2.690888	0.184267	0.1441143	0.04015263	0.1441143
7620	-221.2699	-226.6759	5.405984	0.0429741	0.02952775	0.01344635	0.02952775
7630	-232.4644	-237.7859	5.321463	0.06682326	0.03989186	0.02693141	0.03989186
7640	-213.2895	-219.6331	6.343632	0.02884775	0.009803271	0.01904448	0.009803271
7650	-251.7728	-255.7293	3.956482	0.1229055	0.09252813	0.03037742	0.09252813
7660	-245.5896	-250.1873	4.597774	0.09088974	0.05543167	0.03545807	0.05543167
7670	-259.4933	-264.2418	4.748559	0.07315132	0.01307699	0.06007433	0.01307699
7680	-218.3449	-222.7406	4.395727	0.02714325	0.01978536	0.00735789	0.01978536
7690	-227.354	-233.2038	5.849795	0.05115004	0.01914387	0.03200617	0.01914387
7700	-248.2925	-251.8664	3.573857	0.1315558	0.1157189	0.01583684	0.1157189
7710	-245.9584	-250.8328	4.87444	0.07703955	0.03378767	0.04325188	0.03378767
7720	-236.8039	-241.8139	5.009943	0.07778612	0.05042696	0.02735916	0.05042696
7730	-223.6947	-229.6457	5.950954	0.04758585	0.02089064	0.02669521	0.02089064
7740	-262.2013	-266.1534	3.952164	0.06657603	0.001945869	0.06463016	0.001945869
7750	-241.6272	-246.4936	4.866471	0.08146868	0.04712564	0.03434304	0.04712564
7760	-221.3007	-226.8241	5.52342	0.04368292	0.02907596	0.01460696	0.02907596
7770	-277.5499	-279.628	2.078047	0.2380033	0.2009095	0.03709379	0.2009095
7780	-251.6215	-254.8483	3.226769	0.148295	0.1334005	0.01489451	0.1334005
7790	-237.7854	-243.3126	5.527197	0.05714554	0.01274054	0.04440501	0.01274054
7800	-247.0889	-251.3601	4.271135	0.1083467	0.07955823	0.02878846	0.07955823
7810	-226.268	-231.9896	5.72163	0.05368406	0.02846406	0.02522	0.02846406
7820	-212.8566	-219.2277	6.371059	0.02820746	0.008560522	0.01964694	0.008560522
7830	-217.5006	-223.6163	6.115767	0.03698067	0.0176608	0.01931987	0.0176608
7840	-227.7671	-233.5044	5.737241	0.05427384	0.02511922	0.02915462	0.02511922
7850	-220.0268	-226.0495	6.022736	0.0420165	0.02079444	0.02122206	0.02079444
7860	-238.7937	-243.4296	4.635894	0.09001741	0.06874715	0.02127026	0.06874715
7870	-265.8697	-270.4466	4.57688	0.07467001	0.009284761	0.06538525	0.009284761
7880	-307.0094	-306.5169	-0.4924933	0.5454517	0.5068042	0.03864744	0.5068042
7890	-239.2553	-244.5191	5.263805	0.06647992	0.02632751	0.04015241	0.02632751
7900	-241.5094	-246.0844	4.574985	0.09493921	0.06995148	0.02498773	0.06995148
7910	-212.1831	-217.8254	5.642312	0.01577296	0.004924611	0.01084835	0.004924611
7920	-230.8896	-234.8541	3.964534	0.06520312	0.05579951	0.00940361	0.05579951
7930	-216.017	-221.9259	5.908847	0.03196563	0.01752157	0.01444406	0.01752157
7940	-219.6704	-225.1051	5.43472	0.0386818	0.02603734	0.01264446	0.02603734
7950	-212.1906	-218.4859	6.295252	0.02731711	0.004660185	0.02265693	0.004660185
7960	-251.0724	-255.2705	4.198032	0.05913131	0.001743317	0.057388	0.001743317
7970	-233.0514	-238.5375	5.486121	0.06156893	0.02813319	0.03343574	0.02813319
7980	-215.7215	-222.0456	6.324139	0.0331909	0.006892783	0.02629812	0.006892783
7990	-260.4747	-264.974	4.499287	0.08168529	0.024191	0.05749429	0.024191
8000	-249.6418	-253.9754	4.33358	0.1004223	0.06344342	0.03697888	0.06344342
8010	-263.7565	-266.9035	3.147031	0.1638425	0.128859	0.03498353	0.128859
8020	-234.2458	-238.2785	4.032712	0.07712437	0.06620488	0.01091948	0.06620488
8030	-296.2962	-298.1102	1.813975	0.1888818	0.1244603	0.06442144	0.1244603
8040	-235.2372	-240.6261	5.388916	0.06411127	0.02873185	0.03537942	0.02873185
8050	-225.2079	-231.2301	6.022221	0.04526131	0.01097867	0.03428264	0.01097867
8060	-254.3359	-258.3213	3.985338	0.11509	0.07748373	0.03760627	0.07748373
8070	-239.1939	-244.2695	5.075582	0.07404296	0.03904097	0.035002	0.03904097
8080	-235.0958	-239.7173	4.621503	0.0809058	0.06463251	0.0162733	0.06463251
8090	-280.7325	-284.7351	4.002564	0.08945556	0.01638366	0.0730719	0.01638366
8100	-261.8234	-265.2838	3.460426	0.1386862	0.09900309	0.03968312	0.09900309
8110	-296.0432	-297.2616	1.218427	0.2592749	0.2050301	0.05424476	0.2050301
8120	-233.7711	-239.237	5.465831	0.06201234	0.02758178	0.03443056	0.02758178
8130	-210.8501	-216.87	6.019832	0.01863409	0.005099715	0.01353438	0.005099715
8140	-238.0547	-243.056	5.001346	0.07792496	0.04785447	0.03007048	0.04785447
8150	-242.9284	-247.6596	4.731171	0.08691355	0.05364106	0.03327249	0.05364106
8160	-258.3344	-263.0288	4.694358	0.07598818	0.01826784	0.05772034	0.01826784
8170	-269.6211	-271.5299	1.908809	0.2636282	0.2470437	0.01658456	0.2470437
8180	-229.166	-234.9804	5.814484	0.0518106	0.01668028	0.03513032	0.01668028
8190	-236.8293	-242.0906	5.261287	0.0680518	0.03289008	0.03516172	0.03289008
8200	-337.766	-338.1366	0.3706757	0.2238544	0.1316293	0.09222507	0.1316293
8210	-282.1373	-285.6289	3.491657	0.1064627	0.03726054	0.06920218	0.03726054
8220	-239.8579	-244.3505	4.492597	0.09469224	0.07473748	0.01995475	0.07473748
8230	-212.6307	-218.889	6.258323	0.02625919	0.009856865	0.01640233	0.009856865
8240	-347.4114	-349.5032	2.09189	0.1321426	0.02002893	0.1121137	0.02002893
8250	-328.7459	-331.3164	2.570549	0.1210756	0.01966177	0.1014139	0.01966177
8260	-239.8613	-245.1596	5.298361	0.06483926	0.02273668	0.04210258	0.02273668
8270	-229.6152	-235.2591	5.643922	0.05709174	0.0266234	0.03046834	0.0266234
8280	-298.6471	-297.4196	-1.227518	0.6561376	0.644101	0.01203656	0.644101
8290	-225.9102	-231.6141	5.703913	0.05354923	0.02960201	0.02394722	0.02960201
8300	-221.0532	-227.2105	6.157266	0.03967222	0.007685457	0.03198676	0.007685457
8310	-254.6961	-258.7209	4.02484	0.1114238	0.07191085	0.03951294	0.07191085
8320	-224.8834	-229.0825	4.199126	0.04696647	0.03845216	0.008514312	0.03845216
8330	-265.8561	-267.8706	2.014421	0.2379737	0.2236565	0.01431719	0.2236565
8340	-262.5355	-266.0918	3.556282	0.1284373	0.08476396	0.04367331	0.08476396
8350	-248.7006	-253.1084	4.407774	0.05778955	0.001982112	0.05580744	0.001982112
8360	-213.8726	-219.9528	6.080185	0.02964787	0.003337907	0.02630996	0.003337907
8370	-260.7026	-263.5526	2.849938	0.1924584	0.1727496	0.01970877	0.1727496
8380	-261.232	-264.523	3.290997	0.06490337	0.001085333	0.06381803	0.001085333
8390	-252.9037	-257.5335	4.629742	0.08155345	0.03203374	0.0495197	0.03203374
8400	-244.587	-249.2981	4.711131	0.08605735	0.04957281	0.03648454	0.04957281
8410	-249.4642	-254.2957	4.831538	0.07613867	0.02807297	0.04806569	0.02807297
8420	-220.8429	-226.6223	5.779336	0.04357752	0.02607491	0.01750261	0.02607491
8430	-234.8853	-240.3103	5.424998	0.06297688	0.02731663	0.03566025	0.02731663
8440	-260.6855	-261.9563	1.270763	0.2011511	0.1929291	0.008221909	0.1929291
8450	-255.7915	-259.1433	3.351759	0.1597983	0.1378408	0.02195753	0.1378408
8460	-278.7979	-280.5179	1.719982	0.2908349	0.2614937	0.02934117	0.2614937
8470	-258.7203	-261.0618	2.341463	0.1901508	0.1778718	0.012279	0.1778718
8480	-224.2401	-229.0153	4.775235	0.04808982	0.03735976	0.01073007	0.03735976
8490	-232.0345	-237.4379	5.403424	0.0643544	0.03586679	0.02848761	0.03586679
8500	-230.5186	-235.6694	5.150791	0.04491297	0.002218997	0.04269397	0.002218997
8510	-262.8244	-266.4266	3.60225	0.124194	0.07888609	0.04530793	0.07888609
8520	-238.3402	-243.1265	4.786232	0.08577281	0.06160039	0.02417242	0.06160039
8530	-216.263	-222.0478	5.78488	0.03162336	0.01826237	0.01336099	0.01826237
8540	-231.6309	-236.3252	4.694351	0.07036268	0.05617205	0.01419063	0.05617205
8550	-286.3091	-287.4617	1.152544	0.3458843	0.3139459	0.03193838	0.3139459
8560	-246.6514	-250.4205	3.76911	0.1236112	0.1069309	0.01668024	0.1069309
8570	-226.4821	-231.8116	5.329458	0.0566234	0.03955525	0.01706814	0.03955525
8580	-220.6442	-226.4773	5.833081	0.03721578	0.003312035	0.03390375	0.003312035
8590	-223.7289	-229.7069	5.977911	0.04133808	0.005613404	0.03572468	0.005613404
8600	-219.8126	-226.0127	6.200102	0.03829688	0.007534657	0.03076222	0.007534657
8610	-219.7874	-226.0121	6.224697	0.03899519	0.009553193	0.029442	0.009553193
8620	-271.1622	-274.3086	3.146411	0.1395257	0.08923052	0.05029518	0.08923052
8630	-248.4841	-252.7741	4.29002	0.1052476	0.07234609	0.03290149	0.07234609
8640	-287.6086	-290.6927	3.084081	0.1196202	0.04917551	0.07044468	0.04917551
8650	-238.3511	-243.7626	5.411521	0.06158706	0.01945259	0.04213447	0.01945259
8660	-247.4111	-252.5257	5.11458	0.0597319	0.00560551	0.05412639	0.00560551
8670	-226.2657	-232.2474	5.981721	0.04579049	0.009956871	0.03583362	0.009956871
8680	-218.4051	-224.6691	6.264048	0.03790221	0.01160821	0.026294	0.01160821
8690	-263.0037	-266.9	3.89632	0.1052816	0.05377091	0.0515107	0.05377091
8700	-301.1801	-302.1773	0.9971228	0.2647449	0.2063467	0.0583982	0.2063467
8710	-211.4352	-217.4469	6.011658	0.01954078	0.006562562	0.01297822	0.006562562
8720	-444.344	-440.8628	-3.481145	0.402917	0.254641	0.148276	0.254641
8730	-292.1318	-295.4601	3.328315	0.1074004	0.03016335	0.07723709	0.03016335
8740	-237.6564	-242.7847	5.128333	0.07286715	0.0397793	0.03308785	0.0397793
8750	-213.1529	-219.5166	6.363658	0.02876087	0.009140896	0.01961998	0.009140896
8760	-221.7908	-227.6355	5.844785	0.04573586	0.02572295	0.02001292	0.02572295
8770	-240.2152	-245.4567	5.241437	0.06672352	0.02533492	0.0413886	0.02533492
8780	-232.7013	-237.873	5.171774	0.07048997	0.04733929	0.02315068	0.04733929
8790	-255.2739	-258.7247	3.450767	0.154192	0.1308123	0.02337974	0.1308123
8800	-260.4472	-265.0289	4.5817	0.07883928	0.02021713	0.05862215	0.02021713
8810	-251.0851	-255.1432	4.058154	0.116694	0.08474298	0.03195099	0.08474298
8820	-213.7665	-220.1511	6.384547	0.03028054	0.008077633	0.0222029	0.008077633
8830	-222.8068	-228.5159	5.709087	0.04798439	0.02918971	0.01879468	0.02918971
8840	-246.4071	-250.8741	4.467077	0.09732826	0.06392043	0.03340783	0.06392043
8850	-260.9954	-265.0905	4.095149	0.09760532	0.04559057	0.05201475	0.04559057
8860	-224.3573	-229.8253	5.468082	0.05143471	0.03466845	0.01676626	0.03466845
8870	-218.7433	-224.7054	5.962081	0.03924565	0.02124486	0.01800079	0.02124486
8880	-219.7489	-225.9758	6.226912	0.03916852	0.01020107	0.02896746	0.01020107
8890	-227.944	-233.7585	5.81445	0.05215616	0.01997157	0.03218459	0.01997157
8900	-216.0546	-222.3722	6.317659	0.03439825	0.01164392	0.02275433	0.01164392
8910	-227.4445	-233.0396	5.595151	0.05693428	0.03288743	0.02404685	0.03288743
8920	-215.6939	-222.0424	6.348548	0.03343547	0.00827177	0.0251637	0.00827177
8930	-325.8816	-327.7848	1.903178	0.1451484	0.05041652	0.09473189	0.05041652
8940	-246.0658	-248.9221	2.856266	0.1215915	0.1119016	0.009689926	0.1119016
8950	-233.1589	-238.322	5.163028	0.07121239	0.04738436	0.02382803	0.04738436
8960	-264.4669	-266.7693	2.302408	0.2247741	0.2086413	0.01613286	0.2086413
8970	-216.3969	-222.6775	6.280575	0.03389894	0.006252844	0.0276461	0.006252844
8980	-216.3134	-222.6176	6.304177	0.03486872	0.01215218	0.02271654	0.01215218
8990	-214.6681	-220.928	6.259909	0.03132256	0.01277429	0.01854828	0.01277429
9000	-224.1172	-230.1628	6.045597	0.04533377	0.01368501	0.03164875	0.01368501
9010	-213.1747	-219.5502	6.375523	0.02894925	0.008728227	0.02022102	0.008728227
9020	-248.3678	-252.9034	4.535547	0.09054658	0.05079809	0.03974849	0.05079809
9030	-211.185	-216.9779	5.792823	0.02467242	0.002126303	0.02254611	0.002126303
9040	-224.3256	-229.5927	5.267125	0.05074721	0.03639719	0.01435002	0.03639719
9050	-216.181	-222.1516	5.970569	0.03290299	0.01757088	0.0153321	0.01757088
9060	-241.342	-245.9067	4.564625	0.0952028	0.07086911	0.02433369	0.07086911
9070	-237.0041	-241.8808	4.876754	0.08201485	0.05812365	0.0238912	0.05812365
9080	-274.3681	-278.6501	4.281962	0.08221006	0.01211954	0.07009052	0.01211954
9090	-258.0847	-261.5175	3.432742	0.152982	0.123486	0.02949606	0.123486
9100	-247.7613	-252.3487	4.587371	0.08858409	0.04873533	0.03984876	0.04873533
9110	-216.6339	-222.4688	5.834923	0.03306676	0.01892818	0.01413858	0.01892818
9120	-259.3535	-262.7095	3.356035	0.1569363	0.1266439	0.03029236	0.1266439
9130	-278.0985	-277.9631	-0.135441	0.3533599	0.3449072	0.008452653	0.3449072
9140	-219.5271	-225.7105	6.1834	0.04025455	0.01501089	0.02524366	0.01501089
9150	-222.4752	-228.4978	6.022591	0.04014076	0.00556451	0.03457625	0.00556451
9160	-215.7541	-222.1038	6.349695	0.03368544	0.009293891	0.02439155	0.009293891
9170	-230.5596	-236.0392	5.479684	0.0617973	0.03434878	0.02744851	0.03434878
9180	-247.8027	-252.4242	4.621435	0.08678459	0.04600135	0.04078324	0.04600135
9190	-289.696	-290.2384	0.542452	0.4452333	0.4217117	0.02352158	0.4217117
9200	-223.5298	-228.4669	4.937134	0.0468513	0.03552323	0.01132807	0.03552323
9210	-215.4431	-221.7481	6.305	0.03326194	0.01226099	0.02100095	0.01226099
9220	-243.0594	-248.2717	5.21235	0.06606778	0.02044651	0.04562127	0.02044651
9230	-251.5103	-256.3868	4.876464	0.06162199	0.004334243	0.05728775	0.004334243
9240	-270.6934	-274.2567	3.563233	0.1132505	0.05637882	0.05687168	0.05637882
9250	-292.7941	-296.2959	3.501803	0.1014527	0.02209864	0.07935404	0.02209864
9260	-323.1375	-325.754	2.616506	0.1208632	0.02338795	0.09747522	0.02338795
9270	-232.5806	-237.7564	5.175782	0.07025888	0.04723811	0.02302077	0.04723811
9280	-277.8253	-279.9219	2.096604	0.2332311	0.1949143	0.03831682	0.1949143
9290	-271.965	-274.8244	2.85944	0.1630493	0.1175218	0.04552744	0.1175218
9300	-244.8664	-249.7478	4.88136	0.07767512	0.03622976	0.04144535	0.03622976
9310	-275.3845	-278.1601	2.775534	0.1598751	0.109914	0.04996112	0.109914
9320	-248.1644	-253.2925	5.128087	0.06087448	0.006510311	0.05436417	0.006510311
9330	-215.5122	-220.8447	5.33244	0.0251026	0.0152551	0.009847494	0.0152551
9340	-282.5326	-283.9399	1.407294	0.3234289	0.2937789	0.02965	0.2937789
9350	-232.13	-237.715	5.58506	0.05853294	0.02414711	0.03438583	0.02414711
9360	-287.2721	-288.2817	1.009598	0.3683896	0.3381721	0.03021747	0.3381721
9370	-210.394	-216.2375	5.84354	0.0170934	0.003241696	0.0138517	0.003241696
9380	-250.5574	-253.6927	3.135287	0.1437733	0.1304622	0.01331114	0.1304622
9390	-217.8882	-224.1542	6.266023	0.03739877	0.01260259	0.02479618	0.01260259
9400	-234.3494	-239.8194	5.470075	0.06162028	0.02580975	0.03581053	0.02580975
9410	-251.2122	-255.3455	4.133287	0.1109855	0.07631981	0.03466568	0.07631981
9420	-317.275	-319.7505	2.475536	0.1271484	0.03523546	0.09191291	0.03523546
9430	-229.2501	-234.3176	5.067474	0.06380539	0.04747538	0.01633001	0.04747538
9440	-216.2114	-222.5477	6.336284	0.03422152	0.008534439	0.02568708	0.008534439
9450	-223.0379	-228.8143	5.776432	0.04835652	0.0278551	0.02050142	0.0278551
9460	-221.1597	-227.3219	6.162181	0.04170968	0.01283489	0.02887479	0.01283489
9470	-247.7207	-251.2384	3.517695	0.1296206	0.1148768	0.01474375	0.1148768
9480	-335.7709	-335.4362	-0.3346101	0.3007224	0.2176092	0.08311316	0.2176092
9490	-233.3322	-238.0674	4.735135	0.07549555	0.05947099	0.01602456	0.05947099
9500	-254.9884	-259.667	4.678564	0.07834859	0.02511271	0.05323589	0.02511271
9510	-237.4737	-242.9528	5.479044	0.0595925	0.01732359	0.04226892	0.01732359
9520	-212.81	-219.1892	6.379211	0.02850849	0.006601171	0.02190732	0.006601171
9530	-209.9843	-215.9796	5.995293	0.01899274	0.003338972	0.01565377	0.003338972
9540	-231.2247	-236.8117	5.586992	0.05870458	0.02630721	0.03239736	0.02630721
9550	-237.1777	-242.1977	5.019974	0.07741952	0.04886148	0.02855804	0.04886148
9560	-220.7785	-226.9169	6.138381	0.04209644	0.01555071	0.02654573	0.01555071
9570	-242.0297	-247.0364	5.006744	0.07472106	0.03564182	0.03907924	0.03564182
9580	-259.8041	-263.7064	3.902283	0.1097416	0.06327264	0.04646899	0.06327264
9590	-253.907	-257.8778	3.970758	0.1171826	0.08100841	0.03617422	0.08100841
9600	-234.6325	-239.8538	5.221303	0.07035667	0.0414912	0.02886547	0.0414912
9610	-211.4621	-217.703	6.240886	0.02312274	0.007494655	0.01562809	0.007494655
9620	-225.7278	-231.5822	5.854455	0.05074527	0.02251655	0.02822872	0.02251655
9630	-211.0446	-217.3679	6.323224	0.02417505	0.005658356	0.0185167	0.005658356
9640	-251.8391	-256.8769	5.037805	0.06468909	0.008386185	0.05630291	0.008386185
9650	-282.1302	-284.8248	2.694504	0.1495231	0.09067171	0.05885137	0.09067171
9660	-228.4718	-234.1857	5.713967	0.04487403	0.004538944	0.04033508	0.004538944
9670	-217.4691	-223.615	6.145917	0.03699488	0.01702995	0.01996493	0.01702995
9680	-226.3917	-231.5989	5.207187	0.05622115	0.04082724	0.0153939	0.04082724
9690	-227.8895	-233.2554	5.36582	0.05984878	0.04041066	0.01943812	0.04041066
9700	-219.018	-224.7757	5.757713	0.03891803	0.02362087	0.01529716	0.02362087
9710	-222.1465	-228.1698	6.023305	0.03973916	0.005382236	0.03435692	0.005382236
9720	-267.5899	-270.7592	3.169281	0.1474922	0.1031876	0.04430462	0.1031876
9730	-230.9897	-235.9837	4.994056	0.06852674	0.05140657	0.01712017	0.05140657
9740	-230.5632	-235.9647	5.401473	0.06363426	0.03854127	0.02509299	0.03854127
9750	-231.0733	-236.4563	5.383046	0.06445306	0.03878929	0.02566377	0.03878929
9760	-242.1269	-246.9511	4.824211	0.08303866	0.04880996	0.03422869	0.04880996
9770	-304.4845	-307.877	3.3925	0.1010349	0.01256911	0.08846581	0.01256911
9780	-340.5065	-338.5707	-1.935778	0.5686176	0.4993222	0.06929541	0.4993222
9790	-211.8712	-217.7485	5.877389	0.01861802	0.006711326	0.0119067	0.006711326
9800	-255.1706	-258.3494	3.178826	0.1638056	0.1460218	0.01778383	0.1460218
9810	-218.6867	-224.9311	6.244361	0.03710136	0.00770243	0.02939893	0.00770243
9820	-227.2481	-232.4652	5.217162	0.04217716	0.002093094	0.04008407	0.002093094
9830	-499.4418	-498.6411	-0.8007039	0.2090039	0.01319297	0.195811	0.01319297
9840	-212.9898	-219.1019	6.112024	0.02544685	0.01099096	0.01445589	0.01099096
9850	-248.2968	-251.5012	3.204385	0.1329473	0.1204475	0.01249981	0.1204475
9860	-218.0019	-224.2369	6.235024	0.03783072	0.01415601	0.02367472	0.01415601
9870	-212.0609	-218.4026	6.341753	0.02603476	0.00801884	0.01801592	0.00801884
9880	-265.3344	-268.8232	3.488867	0.126933	0.07957346	0.04735954	0.07957346
9890	-232.262	-235.8735	3.611434	0.06828397	0.05977032	0.008513648	0.05977032
9900	-278.3662	-281.1766	2.810318	0.1489232	0.09353688	0.05538633	0.09353688
9910	-258.0926	-260.7662	2.673612	0.1846825	0.1701526	0.01452989	0.1701526
9920	-258.1132	-261.8715	3.758326	0.1235655	0.08388366	0.03968187	0.08388366
9930	-306.9958	-308.5132	1.517378	0.1893967	0.1160859	0.07331076	0.1160859
9940	-217.0581	-223.3121	6.254022	0.03467826	0.006156658	0.0285216	0.006156658
9950	-321.4098	-322.8732	1.463442	0.1708174	0.0835741	0.08724329	0.0835741
9960	-214.247	-220.4923	6.245373	0.0301974	0.01248909	0.01770831	0.01248909
9970	-290.4746	-291.9912	1.516588	0.2458075	0.1952661	0.05054135	0.1952661
9980	-248.1053	-251.9606	3.855289	0.1266477	0.1067886	0.01985909	0.1067886
9990	-288.6801	-289.1968	0.5167019	0.4481117	0.4271106	0.02100106	0.4271106
10000	-277.4225	-280.0752	2.65269	0.1651334	0.1141792	0.0509542	0.1141792
