Iteration	Posterior	Likelihood	Prior	birth_rate	death_rate	diversification	turnover
0	-211.1427	-217.2622	6.119459	0.02503659	0.003229595	0.02180699	0.003229595
10	-210.9023	-215.3301	4.427813	0.02101785	0.0007474188	0.02027043	0.0007474188
20	-211.6357	-217.6545	6.018783	0.02591167	0.002811446	0.02310022	0.002811446
30	-210.3719	-215.835	5.463136	0.0160367	0.001967592	0.0140691	0.001967592
40	-210.5927	-216.6816	6.088868	0.02366241	0.003089786	0.02057262	0.003089786
50	-210.3843	-216.6128	6.228492	0.02244277	0.004319234	0.01812354	0.004319234
60	-211.4647	-215.4538	3.989092	0.02153899	0.0005823132	0.02095667	0.0005823132
70	-212.2599	-218.5514	6.291431	0.02576307	0.008947772	0.0168153	0.008947772
80	-211.3572	-216.5	5.14276	0.01421271	0.001689337	0.01252337	0.001689337
90	-210.4702	-216.6911	6.22085	0.02146661	0.005019995	0.01644662	0.005019995
100	-213.2372	-218.6238	5.386672	0.01456927	0.004940691	0.009628581	0.004940691
110	-209.8181	-215.7328	5.914738	0.02031766	0.002602172	0.01771549	0.002602172
120	-210.6079	-216.8289	6.221049	0.02144596	0.005406238	0.01603973	0.005406238
130	-210.4648	-216.6871	6.222359	0.02150541	0.004998986	0.01650643	0.004998986
140	-212.8104	-218.8452	6.03478	0.02395302	0.01048879	0.01346423	0.01048879
150	-212.4976	-218.7341	6.236536	0.02563991	0.009715999	0.01592391	0.009715999
160	-210.0976	-216.2384	6.140788	0.02148008	0.003652936	0.01782714	0.003652936
170	-212.8012	-219.181	6.379763	0.02822319	0.008110537	0.02011265	0.008110537
180	-210.3668	-216.5903	6.223539	0.02241505	0.004259385	0.01815566	0.004259385
190	-210.5905	-216.8029	6.212408	0.02127923	0.005361773	0.01591746	0.005361773
200	-210.3025	-216.1965	5.893994	0.02264642	0.002388341	0.02025807	0.002388341
210	-210.0427	-215.4209	5.378249	0.02061493	0.001460083	0.01915484	0.001460083
220	-210.5946	-216.8594	6.264753	0.02319472	0.00460147	0.01859325	0.00460147
230	-210.135	-216.2565	6.121479	0.02014035	0.004050518	0.01608983	0.004050518
240	-209.8975	-215.2816	5.384112	0.01777679	0.001594898	0.01618189	0.001594898
250	-210.2084	-216.2439	6.035491	0.02242865	0.00289995	0.0195287	0.00289995
260	-211.1731	-217.3836	6.21048	0.0220242	0.006811829	0.01521237	0.006811829
270	-210.9736	-216.8658	5.892192	0.01722547	0.004419936	0.01280554	0.004419936
280	-210.0158	-216.0653	6.049507	0.02152806	0.003046125	0.01848194	0.003046125
290	-211.8359	-217.0431	5.207151	0.01372117	0.002000471	0.0117207	0.002000471
300	-210.4713	-216.4007	5.929368	0.01761883	0.003787608	0.01383122	0.003787608
310	-212.0196	-218.3391	6.319469	0.0255977	0.008241848	0.01735585	0.008241848
320	-209.8654	-215.2332	5.367732	0.01817675	0.001543054	0.0166337	0.001543054
330	-212.2446	-218.5788	6.334202	0.02632621	0.008465711	0.0178605	0.008465711
340	-211.9919	-217.9332	5.941357	0.02001969	0.007688784	0.01233091	0.007688784
350	-211.3653	-217.3192	5.953871	0.01851125	0.005889306	0.01262194	0.005889306
360	-211.9486	-218.3175	6.368916	0.02666425	0.006228385	0.02043586	0.006228385
370	-210.0832	-215.5533	5.470048	0.01681537	0.001847159	0.01496821	0.001847159
380	-211.4644	-217.6787	6.214355	0.02271603	0.007513938	0.01520209	0.007513938
390	-209.8002	-215.4291	5.628951	0.01828959	0.002003187	0.01628641	0.002003187
400	-212.0314	-218.4055	6.374142	0.02674984	0.006640027	0.02010982	0.006640027
410	-211.3934	-217.7374	6.344049	0.02490385	0.006407691	0.01849616	0.006407691
420	-211.5154	-217.4668	5.951392	0.01881299	0.006300025	0.01251297	0.006300025
430	-210.227	-216.4182	6.191253	0.0215057	0.004205611	0.01730009	0.004205611
440	-210.0911	-215.8706	5.779534	0.01735458	0.002673126	0.01468145	0.002673126
450	-213.5102	-219.8568	6.346648	0.02937761	0.009966277	0.01941134	0.009966277
460	-209.9346	-215.3395	5.404944	0.02009204	0.001507659	0.01858438	0.001507659
470	-211.4061	-217.7513	6.345209	0.02495372	0.006406026	0.0185477	0.006406026
480	-212.4809	-218.8143	6.333365	0.02685593	0.008874631	0.0179813	0.008874631
490	-209.9681	-215.9126	5.944494	0.01860926	0.003128973	0.01548029	0.003128973
500	-211.6127	-217.7383	6.12555	0.02601747	0.003284781	0.02273269	0.003284781
510	-209.8759	-215.6807	5.804786	0.01818982	0.002542035	0.01564779	0.002542035
520	-213.6743	-219.51	5.835662	0.02424975	0.01212719	0.01212256	0.01212719
530	-211.6772	-217.4401	5.762915	0.01645551	0.004866118	0.01158939	0.004866118
540	-212.8628	-219.0263	6.163455	0.02571254	0.01066376	0.01504878	0.01066376
550	-212.1684	-218.0579	5.889421	0.01977708	0.007825983	0.0119511	0.007825983
560	-209.8002	-215.654	5.85383	0.01893282	0.002578855	0.01635396	0.002578855
570	-214.9294	-221.283	6.353632	0.03213097	0.007189705	0.02494127	0.007189705
580	-213.1079	-219.2497	6.141786	0.02613568	0.01121077	0.01492491	0.01121077
590	-209.811	-215.7371	5.926144	0.01948064	0.002777383	0.01670326	0.002777383
600	-210.116	-216.2478	6.131787	0.0204046	0.004006584	0.01639801	0.004006584
610	-210.5039	-216.7539	6.250009	0.02289722	0.004470591	0.01842663	0.004470591
620	-210.2226	-215.6225	5.399859	0.02142918	0.00147293	0.01995626	0.00147293
630	-212.4097	-218.1983	5.788602	0.01898301	0.00769112	0.01129189	0.00769112
640	-210.0207	-215.9407	5.920038	0.01826504	0.003111969	0.01515307	0.003111969
650	-212.399	-218.78	6.381007	0.02747469	0.007299327	0.02017537	0.007299327
660	-210.382	-215.9932	5.611136	0.01623657	0.002354883	0.01388168	0.002354883
670	-210.1341	-215.4174	5.283353	0.01669606	0.001539023	0.01515703	0.001539023
680	-210.3082	-216.4904	6.182164	0.02085903	0.004587547	0.01627148	0.004587547
690	-210.7544	-216.4571	5.702742	0.01598577	0.00297814	0.01300763	0.00297814
700	-210.799	-215.6498	4.850855	0.02187942	0.0009733605	0.02090606	0.0009733605
710	-210.2726	-215.2527	4.980095	0.02034217	0.001075511	0.01926666	0.001075511
720	-209.993	-215.8577	5.864626	0.02147065	0.002346956	0.0191237	0.002346956
730	-210.1692	-216.3086	6.139422	0.02035643	0.004169305	0.01618712	0.004169305
740	-210.6017	-216.858	6.256311	0.02336158	0.004414704	0.01894688	0.004414704
750	-209.8432	-215.7164	5.87321	0.01871125	0.00270643	0.01600482	0.00270643
760	-210.2201	-216.404	6.183884	0.02121236	0.004267987	0.01694437	0.004267987
770	-212.3693	-218.2081	5.838811	0.0196681	0.008054056	0.01161404	0.008054056
780	-212.3661	-218.6096	6.243554	0.02757678	0.004161747	0.02341504	0.004161747
790	-213.3496	-219.4091	6.059499	0.02586811	0.01179681	0.0140713	0.01179681
800	-212.2931	-218.5999	6.306858	0.02605379	0.008874808	0.01717899	0.008874808
810	-210.2207	-216.0818	5.861111	0.01745671	0.00311846	0.01433825	0.00311846
820	-211.6738	-217.1892	5.515346	0.01456305	0.002982813	0.01158024	0.002982813
830	-212.0004	-217.7195	5.719078	0.0164675	0.00530607	0.01116143	0.00530607
840	-209.7835	-215.4889	5.705373	0.0198933	0.002034334	0.01785896	0.002034334
850	-211.594	-217.9503	6.356305	0.02550346	0.006568258	0.0189352	0.006568258
860	-210.3512	-215.7558	5.404646	0.01604395	0.001834543	0.01420941	0.001834543
870	-210.3716	-216.2966	5.924975	0.01766988	0.003614531	0.01405535	0.003614531
880	-209.9664	-216.0299	6.063559	0.01996044	0.003486955	0.01647349	0.003486955
890	-212.428	-217.8654	5.437412	0.01404909	0.00342694	0.01062215	0.00342694
900	-215.3309	-220.192	4.861104	0.01721176	0.009472362	0.0077394	0.009472362
910	-210.4369	-216.4111	5.97413	0.0180389	0.003982923	0.01405598	0.003982923
920	-211.7308	-217.7176	5.98681	0.02604105	0.002700752	0.0233403	0.002700752
930	-213.1664	-219.334	6.167653	0.02659814	0.01126701	0.01533113	0.01126701
940	-211.9482	-218.2657	6.317416	0.02540569	0.008126787	0.01727891	0.008126787
950	-211.2929	-217.6206	6.327718	0.02433792	0.006537233	0.01780069	0.006537233
960	-209.7704	-215.6238	5.85337	0.01960289	0.002471719	0.01713117	0.002471719
970	-211.9932	-217.724	5.730863	0.01662479	0.005427883	0.01119691	0.005427883
980	-210.8341	-214.9658	4.131632	0.01949551	0.0006376229	0.01885789	0.0006376229
990	-211.4571	-217.639	6.181829	0.02219969	0.007461699	0.01473799	0.007461699
1000	-214.9301	-221.2902	6.360164	0.03238217	0.009861424	0.02252074	0.009861424
1010	-210.6984	-216.9641	6.265775	0.02240713	0.005514163	0.01689297	0.005514163
1020	-210.775	-216.5835	5.808575	0.02379124	0.002155132	0.02163611	0.002155132
1030	-210.3481	-216.5681	6.219967	0.02233076	0.00424168	0.01808908	0.00424168
1040	-211.1317	-217.4554	6.323716	0.02408698	0.006115295	0.01797168	0.006115295
1050	-210.9417	-217.1747	6.233058	0.02199193	0.006255243	0.01573668	0.006255243
1060	-210.361	-216.5832	6.222253	0.02176682	0.004604284	0.01716253	0.004604284
1070	-213.6584	-220.0392	6.380782	0.03008725	0.007238378	0.02284887	0.007238378
1080	-212.3642	-218.7281	6.363883	0.02765319	0.005920068	0.02173312	0.005920068
1090	-211.9331	-217.3078	5.374678	0.02539308	0.001453529	0.02393956	0.001453529
1100	-211.2467	-216.4201	5.173419	0.02369254	0.001225593	0.02246695	0.001225593
1110	-210.5895	-216.4924	5.902878	0.02347173	0.002401118	0.02107061	0.002401118
1120	-212.0936	-218.3649	6.271352	0.02507866	0.008756945	0.01632171	0.008756945
1130	-210.0102	-215.5694	5.55918	0.02097526	0.001708152	0.01926711	0.001708152
1140	-211.003	-217.0311	6.028095	0.01893247	0.005525723	0.01340675	0.005525723
1150	-211.0817	-217.39	6.308248	0.02363177	0.00624543	0.01738634	0.00624543
1160	-209.9049	-215.4881	5.583192	0.02049777	0.001763095	0.01873468	0.001763095
1170	-211.9823	-217.4429	5.4606	0.01421143	0.003014386	0.01119704	0.003014386
1180	-209.7792	-215.4907	5.71156	0.0185815	0.002173753	0.01640775	0.002173753
1190	-211.5408	-217.8437	6.302821	0.02597242	0.004707184	0.02126524	0.004707184
1200	-210.0348	-216.0809	6.046119	0.01937109	0.003611367	0.01575973	0.003611367
1210	-212.2411	-218.4899	6.248826	0.02513936	0.009156801	0.01598256	0.009156801
1220	-212.0565	-218.4122	6.355689	0.02702209	0.005676586	0.02134551	0.005676586
1230	-210.5063	-216.4029	5.896652	0.01733319	0.003658677	0.01367452	0.003658677
1240	-216.0778	-221.3345	5.256729	0.02637005	0.01664747	0.009722586	0.01664747
1250	-210.2683	-216.3488	6.080505	0.01931942	0.004215357	0.01510406	0.004215357
1260	-210.7021	-216.8663	6.164201	0.02054812	0.005543761	0.01500436	0.005543761
1270	-209.8319	-215.2361	5.404182	0.0187319	0.001562495	0.0171694	0.001562495
1280	-210.075	-215.9518	5.876867	0.01785218	0.003012912	0.01483927	0.003012912
1290	-212.0688	-217.9719	5.903139	0.01966281	0.007615842	0.01204697	0.007615842
1300	-210.2941	-216.2165	5.922405	0.02265316	0.002473681	0.02017948	0.002473681
1310	-209.8683	-215.8442	5.975876	0.01942511	0.003046431	0.01637868	0.003046431
1320	-209.8823	-215.2075	5.325204	0.01915709	0.001437882	0.01771921	0.001437882
1330	-212.0625	-215.9298	3.867326	0.01397594	0.000652551	0.01332339	0.000652551
1340	-212.4169	-218.0961	5.679221	0.01705355	0.006310357	0.01074319	0.006310357
1350	-209.7864	-215.6782	5.891794	0.01953949	0.002621788	0.0169177	0.002621788
1360	-211.2776	-217.4094	6.131758	0.02101285	0.006854544	0.01415831	0.006854544
1370	-213.5755	-219.7217	6.146143	0.02747771	0.01212701	0.0153507	0.01212701
1380	-211.3041	-217.1356	5.831507	0.01680909	0.004620462	0.01218863	0.004620462
1390	-211.2041	-217.407	6.202979	0.0219668	0.006878234	0.01508856	0.006878234
1400	-211.0186	-217.3378	6.319237	0.02396383	0.005761749	0.01820208	0.005761749
1410	-209.8091	-215.6722	5.863131	0.01890809	0.002620672	0.01628742	0.002620672
1420	-210.2703	-215.3414	5.07101	0.01645668	0.001293219	0.01516346	0.001293219
1430	-210.8502	-217.1535	6.303306	0.02380079	0.005169303	0.01863149	0.005169303
1440	-210.7745	-216.9388	6.164317	0.02417019	0.00349299	0.0206772	0.00349299
1450	-212.0857	-218.1969	6.111162	0.02282655	0.008858687	0.01396786	0.008858687
1460	-211.6177	-217.0199	5.402167	0.02486007	0.00147913	0.02338094	0.00147913
1470	-212.0732	-218.3749	6.30174	0.02546045	0.008513299	0.01694715	0.008513299
1480	-211.7283	-217.2511	5.522854	0.0145717	0.003078078	0.01149362	0.003078078
1490	-211.513	-217.6638	6.150715	0.02186168	0.007524978	0.0143367	0.007524978
1500	-210.8348	-215.508	4.67323	0.02151703	0.0008675581	0.02064947	0.0008675581
1510	-213.2357	-218.8677	5.632011	0.01978673	0.009284221	0.01050251	0.009284221
1520	-210.2067	-215.7629	5.556166	0.01652557	0.002102391	0.01442318	0.002102391
1530	-210.5888	-216.7347	6.145921	0.02017671	0.005204595	0.01497211	0.005204595
1540	-214.1616	-219.6222	5.460621	0.02128398	0.01138305	0.009900935	0.01138305
1550	-209.9197	-215.9718	6.052026	0.02038114	0.003265327	0.01711581	0.003265327
1560	-211.7757	-214.7682	2.992476	0.01861341	0.0003634408	0.01824997	0.0003634408
1570	-211.8113	-217.3311	5.51982	0.02542066	0.001644944	0.02377571	0.001644944
1580	-210.2262	-216.4162	6.189988	0.02142798	0.004230194	0.01719778	0.004230194
1590	-209.923	-215.7949	5.871867	0.02112941	0.002387761	0.01874165	0.002387761
1600	-210.328	-216.1201	5.792097	0.01692272	0.002945092	0.01397763	0.002945092
1610	-211.0051	-214.8151	3.809932	0.01801875	0.0005469021	0.01747185	0.0005469021
1620	-212.4755	-215.7923	3.31687	0.0225153	0.000415202	0.0221001	0.000415202
1630	-211.5735	-217.9297	6.356171	0.02548915	0.006484318	0.01900483	0.006484318
1640	-210.5903	-216.8575	6.267258	0.02260616	0.005062507	0.01754365	0.005062507
1650	-209.954	-215.6037	5.649714	0.02092709	0.001868062	0.01905903	0.001868062
1660	-212.7104	-218.8272	6.116705	0.02470169	0.01036499	0.0143367	0.01036499
1670	-211.6691	-217.3288	5.659709	0.02539652	0.001870669	0.02352585	0.001870669
1680	-213.2624	-219.1838	5.921336	0.02844639	0.002610476	0.02583591	0.002610476
1690	-209.9344	-215.9125	5.978081	0.01903313	0.003190368	0.01584276	0.003190368
1700	-211.695	-217.7861	6.091103	0.02143612	0.007771374	0.01366474	0.007771374
1710	-210.2185	-215.4921	5.273587	0.01641255	0.001553541	0.01485901	0.001553541
1720	-211.9768	-217.316	5.339238	0.01382675	0.002473238	0.01135352	0.002473238
1730	-211.452	-215.1167	3.66462	0.02045908	0.0004936803	0.0199654	0.0004936803
1740	-211.1337	-217.4525	6.318797	0.02394435	0.006233029	0.01771132	0.006233029
1750	-212.7862	-218.9424	6.156182	0.02814114	0.003593204	0.02454794	0.003593204
1760	-210.6127	-216.4788	5.86613	0.02347969	0.002299224	0.02118046	0.002299224
1770	-210.0043	-216.0077	6.003371	0.02155042	0.00282755	0.01872287	0.00282755
1780	-211.4528	-217.6858	6.232964	0.02579319	0.003973717	0.02181947	0.003973717
1790	-210.5653	-216.2184	5.653121	0.01603899	0.002618945	0.01342004	0.002618945
1800	-211.0802	-217.1195	6.039302	0.01921501	0.005801422	0.01341359	0.005801422
1810	-211.2781	-217.5921	6.314033	0.02528992	0.004926316	0.0203636	0.004926316
1820	-211.8574	-217.9183	6.060872	0.02143854	0.008068125	0.01337041	0.008068125
1830	-214.6758	-219.8206	5.144746	0.01879866	0.0101942	0.008604468	0.0101942
1840	-210.5373	-216.3893	5.852071	0.01699226	0.003461568	0.01353069	0.003461568
1850	-213.9531	-219.2138	5.260752	0.01577543	0.006869751	0.00890568	0.006869751
1860	-209.948	-215.8941	5.946116	0.0186976	0.003103854	0.01559374	0.003103854
1870	-210.981	-217.2313	6.250271	0.02235187	0.006334958	0.01601691	0.006334958
1880	-210.4011	-216.6319	6.230824	0.02189325	0.004701141	0.01719211	0.004701141
1890	-211.4339	-217.579	6.145154	0.02158293	0.007306496	0.01427644	0.007306496
1900	-212.8739	-219.243	6.369091	0.02864605	0.006204289	0.02244176	0.006204289
1910	-212.4805	-218.5663	6.085873	0.02751254	0.003172628	0.02433991	0.003172628
1920	-212.0681	-217.3892	5.321063	0.01372147	0.002468111	0.01125336	0.002468111
1930	-211.6631	-214.7471	3.083986	0.01790346	0.000382742	0.01752072	0.000382742
1940	-210.9349	-217.2481	6.313202	0.02393193	0.00542318	0.01850875	0.00542318
1950	-209.845	-215.5097	5.664759	0.02033131	0.001922125	0.01840918	0.001922125
1960	-210.5872	-216.8029	6.215717	0.0213395	0.005353196	0.0159863	0.005353196
1970	-210.8714	-217.1037	6.232282	0.0218803	0.006080399	0.0157999	0.006080399
1980	-211.4148	-215.2638	3.849021	0.01537989	0.0006019674	0.01477792	0.0006019674
1990	-209.7795	-215.5629	5.783354	0.01878397	0.00235587	0.0164281	0.00235587
2000	-210.0508	-216.0804	6.029621	0.02175885	0.002925028	0.01883382	0.002925028
2010	-210.7642	-217.0534	6.289118	0.0230513	0.005451782	0.01759952	0.005451782
2020	-209.7796	-215.4662	5.686627	0.01979564	0.001999062	0.01779657	0.001999062
2030	-212.0294	-217.6624	5.633003	0.01542012	0.004396926	0.01102319	0.004396926
2040	-210.3158	-215.5987	5.282852	0.01612243	0.001601307	0.01452112	0.001601307
2050	-210.5633	-216.7223	6.158978	0.02356776	0.003487552	0.02008021	0.003487552
2060	-212.3482	-218.7071	6.358914	0.02692792	0.008177972	0.01874995	0.008177972
2070	-211.1617	-216.2723	5.110604	0.01447605	0.001576647	0.01289941	0.001576647
2080	-210.6364	-216.8832	6.246835	0.02358604	0.00424206	0.01934398	0.00424206
2090	-211.3865	-217.4236	6.037127	0.01981361	0.006609968	0.01320365	0.006609968
2100	-210.8293	-217.1224	6.293185	0.02394673	0.004851051	0.01909568	0.004851051
2110	-213.7618	-220.1288	6.367005	0.03011157	0.009519652	0.02059192	0.009519652
2120	-211.1474	-217.4562	6.308847	0.02371966	0.006421416	0.01729824	0.006421416
2130	-211.8276	-217.9978	6.170249	0.02296178	0.008341628	0.01462015	0.008341628
2140	-211.9627	-218.2932	6.330477	0.02564148	0.008000811	0.01764067	0.008000811
2150	-214.1483	-220.1885	6.040154	0.02795893	0.0135215	0.01443744	0.0135215
2160	-212.7608	-217.6659	4.905071	0.0126438	0.001683949	0.01095985	0.001683949
2170	-210.2103	-216.3262	6.115828	0.01987678	0.004221554	0.01565522	0.004221554
2180	-211.122	-214.8717	3.749695	0.01697488	0.0005417364	0.01643314	0.0005417364
2190	-211.7494	-217.104	5.354581	0.01403295	0.002380651	0.0116523	0.002380651
2200	-211.3622	-217.6098	6.247584	0.02301095	0.007253367	0.01575759	0.007253367
2210	-209.9948	-215.1318	5.137017	0.01788235	0.001279729	0.01660262	0.001279729
2220	-209.7844	-215.6347	5.850333	0.01909809	0.002536072	0.01656202	0.002536072
2230	-212.938	-219.321	6.382942	0.02874476	0.006873498	0.02187126	0.006873498
2240	-209.8761	-215.3959	5.519833	0.02011291	0.001672904	0.01844	0.001672904
2250	-210.2414	-215.6013	5.359827	0.0213954	0.001424562	0.01997084	0.001424562
2260	-210.1947	-216.3036	6.108872	0.01980197	0.004164151	0.01563782	0.004164151
2270	-211.2161	-216.8326	5.61649	0.0152403	0.003027696	0.0122126	0.003027696
2280	-213.373	-219.2065	5.833551	0.02320475	0.01126144	0.01194332	0.01126144
2290	-212.0029	-218.3661	6.363199	0.02686431	0.005920588	0.02094373	0.005920588
2300	-211.803	-218.1658	6.362789	0.02635497	0.006021713	0.02033325	0.006021713
2310	-209.8331	-215.2835	5.450436	0.01823363	0.001664448	0.01656919	0.001664448
2320	-209.9627	-216.0085	6.045772	0.01968795	0.003447108	0.01624084	0.003447108
2330	-210.6504	-216.058	5.407658	0.01544332	0.001967653	0.01347567	0.001967653
2340	-211.1048	-217.2608	6.156014	0.02102673	0.006511072	0.01451566	0.006511072
2350	-211.4741	-217.494	6.019866	0.01976269	0.00673403	0.01302866	0.00673403
2360	-211.4481	-216.4457	4.997562	0.02378223	0.001079229	0.022703	0.001079229
2370	-210.2024	-216.3478	6.145462	0.02220416	0.003540593	0.01866357	0.003540593
2380	-216.1627	-216.9612	0.7984319	0.02486371	0.0001516795	0.02471203	0.0001516795
2390	-210.8421	-217.1455	6.303411	0.02361593	0.005331287	0.01828464	0.005331287
2400	-212.066	-217.8536	5.787602	0.01774292	0.006387725	0.0113552	0.006387725
2410	-210.6082	-216.8465	6.238288	0.02352622	0.004154999	0.01937122	0.004154999
2420	-212.1601	-218.265	6.104901	0.02295217	0.009029532	0.01392264	0.009029532
2430	-211.6052	-217.5524	5.947285	0.018977	0.006532671	0.01244433	0.006532671
2440	-211.0361	-216.8553	5.81917	0.0165568	0.003999789	0.01255701	0.003999789
2450	-213.2316	-218.5142	5.282664	0.01333364	0.003511971	0.009821668	0.003511971
2460	-211.6017	-217.7546	6.1529	0.02211778	0.007753849	0.01436393	0.007753849
2470	-209.8947	-215.9117	6.016978	0.02068366	0.002998613	0.01768505	0.002998613
2480	-211.6401	-217.5837	5.943651	0.01901308	0.006606784	0.01240629	0.006606784
2490	-209.7955	-215.508	5.712519	0.02003845	0.002040945	0.01799751	0.002040945
2500	-211.0801	-217.3462	6.266013	0.02278707	0.006540139	0.01624693	0.006540139
2510	-209.9464	-215.5646	5.61816	0.01742515	0.002095852	0.0153293	0.002095852
2520	-211.8586	-216.414	4.555369	0.01364165	0.0010544	0.01258725	0.0010544
2530	-211.1208	-217.3849	6.264106	0.02500783	0.004274719	0.02073311	0.004274719
2540	-210.6719	-216.9539	6.281982	0.02306049	0.005085823	0.01797466	0.005085823
2550	-213.8768	-220.0081	6.131252	0.02976639	0.003627385	0.02613901	0.003627385
2560	-210.2208	-215.081	4.860259	0.01728282	0.001058291	0.01622453	0.001058291
2570	-210.3061	-215.2484	4.94227	0.02036152	0.001046852	0.01931467	0.001046852
2580	-209.9932	-215.9013	5.90807	0.02150653	0.002477445	0.01902909	0.002477445
2590	-210.7767	-216.7351	5.958416	0.02401348	0.002569253	0.02144423	0.002569253
2600	-209.8283	-215.2418	5.413496	0.01868649	0.001578482	0.01710801	0.001578482
2610	-210.123	-215.275	5.152008	0.02023234	0.001222986	0.01900936	0.001222986
2620	-211.8238	-218.1906	6.366779	0.02613441	0.006733812	0.01940059	0.006733812
2630	-210.6162	-216.7507	6.134455	0.02002073	0.005222694	0.01479804	0.005222694
2640	-212.198	-217.7368	5.538872	0.01468078	0.003854454	0.01082633	0.003854454
2650	-209.7584	-215.4643	5.705864	0.01948953	0.002065667	0.01742386	0.002065667
2660	-212.3512	-218.7323	6.381156	0.02743313	0.007039735	0.0203934	0.007039735
2670	-209.7912	-215.6851	5.893833	0.01942154	0.00264962	0.01677192	0.00264962
2680	-211.1721	-217.4807	6.308646	0.02374744	0.006489791	0.01725765	0.006489791
2690	-209.7848	-215.6202	5.83547	0.01898907	0.002499972	0.0164891	0.002499972
2700	-209.8479	-215.4353	5.58736	0.01790655	0.001953862	0.01595269	0.001953862
2710	-210.2933	-216.383	6.089724	0.02272032	0.003140442	0.01957988	0.003140442
2720	-210.1392	-215.0389	4.899688	0.01787407	0.00106767	0.0168064	0.00106767
2730	-209.8662	-215.868	6.001785	0.01989706	0.003073823	0.01682324	0.003073823
2740	-211.6417	-217.9308	6.289094	0.02620645	0.004532499	0.02167395	0.004532499
2750	-212.212	-218.1534	5.941422	0.02073545	0.008379564	0.01235588	0.008379564
2760	-210.4687	-216.5832	6.114425	0.01967701	0.004795133	0.01488187	0.004795133
2770	-212.7591	-219.024	6.264942	0.02666779	0.01004354	0.01662425	0.01004354
2780	-215.7914	-222.0789	6.287447	0.03390827	0.01287432	0.02103395	0.01287432
2790	-210.7297	-216.418	5.688293	0.01595208	0.002892286	0.0130598	0.002892286
2800	-211.9919	-218.1877	6.195842	0.0237619	0.008736675	0.01502523	0.008736675
2810	-210.1917	-216.1167	5.924955	0.02231486	0.002492718	0.01982214	0.002492718
2820	-210.9535	-217.2679	6.314401	0.02407046	0.005346683	0.01872378	0.005346683
2830	-210.7715	-216.7046	5.933049	0.02396739	0.002489043	0.02147835	0.002489043
2840	-212.1773	-218.2167	6.039373	0.02692104	0.002935681	0.02398536	0.002935681
2850	-212.4989	-218.6694	6.170446	0.02479291	0.009879643	0.01491327	0.009879643
2860	-209.9098	-215.7939	5.884183	0.02106216	0.002430106	0.01863205	0.002430106
2870	-211.0561	-217.2891	6.232968	0.02217489	0.006536654	0.01563823	0.006536654
2880	-212.3584	-218.1971	5.838717	0.02689194	0.002296558	0.02459539	0.002296558
2890	-210.1819	-215.0228	4.840825	0.01885818	0.0009987484	0.01785943	0.0009987484
2900	-210.7475	-216.8773	6.129763	0.02409519	0.003290005	0.02080519	0.003290005
2910	-210.3048	-216.5014	6.196592	0.02240433	0.003943749	0.01846059	0.003943749
2920	-209.8312	-215.6905	5.859232	0.02052201	0.002393724	0.01812829	0.002393724
2930	-210.9048	-217.0686	6.163764	0.02079805	0.006039925	0.01475812	0.006039925
2940	-209.9087	-215.9091	6.000425	0.01941615	0.003204761	0.01621139	0.003204761
2950	-211.7385	-218.029	6.290561	0.02641262	0.004554252	0.02185837	0.004554252
2960	-211.9679	-217.506	5.538111	0.02573029	0.00167789	0.0240524	0.00167789
2970	-209.7923	-215.699	5.906741	0.01967327	0.002659916	0.01701335	0.002659916
2980	-209.9801	-215.141	5.160823	0.01790713	0.001303585	0.01660355	0.001303585
2990	-209.7782	-215.545	5.766785	0.01873691	0.002311112	0.0164258	0.002311112
3000	-210.9239	-217.196	6.272107	0.0244417	0.004416313	0.02002539	0.004416313
3010	-210.7617	-214.8587	4.096944	0.01777269	0.000642935	0.01712976	0.000642935
3020	-213.4851	-219.7792	6.294091	0.02879861	0.01088126	0.01791735	0.01088126
3030	-210.0398	-216.1504	6.11059	0.02039221	0.003750259	0.01664195	0.003750259
3040	-210.348	-216.2966	5.948644	0.01788448	0.003701907	0.01418258	0.003701907
3050	-210.1765	-215.6067	5.430164	0.02133463	0.001513118	0.01982151	0.001513118
3060	-210.452	-216.0112	5.559211	0.01600252	0.002248565	0.01375395	0.002248565
3070	-210.3968	-216.2995	5.902639	0.01747586	0.003535382	0.01394048	0.003535382
3080	-210.5274	-216.0461	5.518636	0.02264499	0.001622202	0.02102279	0.001622202
3090	-213.0638	-218.7854	5.721573	0.02049218	0.009491866	0.01100031	0.009491866
3100	-210.9083	-217.102	6.19376	0.02128366	0.006134015	0.01514964	0.006134015
3110	-210.4228	-215.0029	4.58009	0.01720708	0.0008748812	0.01633219	0.0008748812
3120	-212.3493	-218.5464	6.197036	0.02473258	0.009523518	0.01520906	0.009523518
3130	-211.2578	-216.6918	5.434014	0.02420318	0.001511769	0.02269141	0.001511769
3140	-210.7848	-216.4325	5.647773	0.01574017	0.002773309	0.01296686	0.002773309
3150	-212.7357	-219.0826	6.346868	0.02761963	0.00902997	0.01858966	0.00902997
3160	-210.2847	-216.4765	6.191771	0.02113312	0.004496613	0.0166365	0.004496613
3170	-216.1922	-222.1345	5.942353	0.03271179	0.01772417	0.01498762	0.01772417
3180	-213.7987	-220.0772	6.278551	0.02940628	0.01149762	0.01790866	0.01149762
3190	-209.9534	-215.5605	5.607185	0.02082331	0.001793721	0.01902959	0.001793721
3200	-209.7733	-215.3688	5.595437	0.01871339	0.00188915	0.01682424	0.00188915
3210	-210.3487	-216.0701	5.721391	0.01660458	0.00269204	0.01391254	0.00269204
3220	-214.8744	-221.0966	6.22219	0.03152933	0.01354661	0.01798272	0.01354661
3230	-210.9314	-216.7043	5.772881	0.01622974	0.003540909	0.01268883	0.003540909
3240	-210.2999	-216.4896	6.189719	0.02104006	0.004553752	0.01648631	0.004553752
3250	-210.3076	-216.2458	5.938256	0.0178454	0.003588704	0.0142567	0.003588704
3260	-210.003	-215.9601	5.957095	0.0185916	0.003228755	0.01536284	0.003228755
3270	-211.1466	-217.436	6.289473	0.0250219	0.004578401	0.0204435	0.004578401
3280	-210.6319	-216.3095	5.677627	0.01602823	0.002763479	0.01326475	0.002763479
3290	-209.8942	-215.9262	6.032019	0.02027499	0.003163478	0.01711151	0.003163478
3300	-210.4691	-216.6417	6.172558	0.0205636	0.004999818	0.01556378	0.004999818
3310	-210.7023	-215.5753	4.872963	0.02164464	0.0009887124	0.02065593	0.0009887124
3320	-212.5274	-218.8383	6.310907	0.02666906	0.009239615	0.01742944	0.009239615
3330	-212.157	-218.5204	6.363356	0.02660556	0.00772119	0.01888437	0.00772119
3340	-213.4918	-218.4405	4.948644	0.02721071	0.001081045	0.02612966	0.001081045
3350	-211.6727	-217.911	6.238273	0.02357178	0.007977388	0.01559439	0.007977388
3360	-210.4427	-216.4545	6.011779	0.01841445	0.004205256	0.0142092	0.004205256
3370	-213.1279	-219.4709	6.34298	0.02847105	0.00962667	0.01884438	0.00962667
3380	-210.9335	-216.9554	6.021811	0.01875233	0.005310343	0.01344198	0.005310343
3390	-210.5666	-215.8033	5.236759	0.0155304	0.001607201	0.01392319	0.001607201
3400	-210.2084	-216.3704	6.16195	0.02213087	0.003683393	0.01844748	0.003683393
3410	-214.0938	-220.3338	6.240007	0.03035972	0.00453392	0.0258258	0.00453392
3420	-209.9092	-215.8254	5.916187	0.01863855	0.002941809	0.01569674	0.002941809
3430	-213.6879	-220.0731	6.385195	0.0301352	0.008003632	0.02213157	0.008003632
3440	-210.1321	-215.7376	5.605492	0.02158201	0.001770973	0.01981104	0.001770973
3450	-210.0697	-216.1957	6.126004	0.02055038	0.003845192	0.01670519	0.003845192
3460	-210.7612	-217.0005	6.239326	0.02188574	0.005792957	0.01609278	0.005792957
3470	-209.8896	-215.9139	6.024367	0.02048343	0.00307407	0.01740936	0.00307407
3480	-210.0612	-216.1769	6.115759	0.0214738	0.003456505	0.0180173	0.003456505
3490	-210.1375	-216.1997	6.06225	0.02212456	0.003048069	0.01907649	0.003048069
3500	-209.8132	-215.4627	5.649483	0.02003933	0.001906466	0.01813287	0.001906466
3510	-211.1772	-217.4949	6.317649	0.0239575	0.006383226	0.01757428	0.006383226
3520	-210.0121	-216.0843	6.072177	0.01982006	0.003631781	0.01618828	0.003631781
3530	-210.3893	-215.6621	5.272794	0.02168431	0.001324403	0.02035991	0.001324403
3540	-211.2778	-217.6188	6.341042	0.02484337	0.005931504	0.01891186	0.005931504
3550	-210.704	-216.8437	6.139772	0.02017214	0.005454308	0.01471783	0.005454308
3560	-211.3231	-217.5839	6.260772	0.02314438	0.0071344	0.01600998	0.0071344
3570	-210.668	-216.6253	5.957385	0.02374373	0.002566809	0.02117692	0.002566809
3580	-210.4482	-215.6829	5.234685	0.0217797	0.001284577	0.02049512	0.001284577
3590	-210.0266	-215.2372	5.210608	0.01989045	0.001287188	0.01860326	0.001287188
3600	-210.1217	-215.8945	5.772817	0.02186451	0.002095648	0.01976886	0.002095648
3610	-209.9622	-215.9841	6.021987	0.02126466	0.002941626	0.01832303	0.002941626
3620	-214.7321	-220.4263	5.694224	0.02615596	0.01451385	0.01164211	0.01451385
3630	-212.022	-216.6013	4.579308	0.02414683	0.0008218812	0.02332495	0.0008218812
3640	-210.4025	-216.5246	6.122113	0.02307898	0.003293357	0.01978562	0.003293357
3650	-209.9937	-216.0288	6.035078	0.01939088	0.003490187	0.0159007	0.003490187
3660	-212.0241	-218.263	6.238823	0.02444946	0.008742911	0.01570655	0.008742911
3670	-210.3201	-216.4174	6.097242	0.01949063	0.00439526	0.01509537	0.00439526
3680	-212.024	-217.7743	5.750216	0.01700347	0.005773765	0.01122971	0.005773765
3690	-210.4553	-216.6826	6.227347	0.0229378	0.004150935	0.01878687	0.004150935
3700	-209.7818	-215.6582	5.876367	0.019416	0.002581822	0.01683418	0.002581822
3710	-213.4629	-218.9155	5.452546	0.01750819	0.007887991	0.0096202	0.007887991
3720	-210.7333	-216.5046	5.771268	0.01634027	0.003283613	0.01305666	0.003283613
3730	-212.0015	-218.3565	6.354954	0.02613696	0.007644697	0.01849227	0.007644697
3740	-209.8938	-215.2257	5.331884	0.01937739	0.001437904	0.01793948	0.001437904
3750	-211.4687	-217.8191	6.350313	0.02518783	0.006399601	0.01878823	0.006399601
3760	-211.2815	-217.6203	6.338773	0.02504493	0.005611597	0.01943334	0.005611597
3770	-214.1752	-220.1698	5.994623	0.02756619	0.0136277	0.01393849	0.0136277
3780	-210.9464	-214.8981	3.951637	0.01913978	0.0005799817	0.01855979	0.0005799817
3790	-209.9041	-215.923	6.018953	0.0197156	0.003232481	0.01648312	0.003232481
3800	-212.6926	-219.041	6.348417	0.02754162	0.008937386	0.01860423	0.008937386
3810	-209.7965	-215.6195	5.822983	0.02019404	0.002312991	0.01788105	0.002312991
3820	-211.0291	-217.1093	6.080155	0.01972737	0.005940274	0.0137871	0.005940274
3830	-213.1811	-218.8378	5.656738	0.01995333	0.009320768	0.01063256	0.009320768
3840	-209.8376	-215.8049	5.967332	0.0196892	0.002933367	0.01675583	0.002933367
3850	-209.8836	-215.4196	5.536064	0.01768421	0.001870638	0.01581357	0.001870638
3860	-209.9698	-216.0484	6.078545	0.02026985	0.003496913	0.01677293	0.003496913
3870	-215.1224	-220.8673	5.744903	0.03067697	0.002277457	0.02839952	0.002277457
3880	-212.3244	-218.3	5.975584	0.02161196	0.008935861	0.0126761	0.008935861
3890	-209.888	-215.8927	6.004643	0.02070352	0.002933625	0.01776989	0.002933625
3900	-211.6073	-217.6715	6.064156	0.02079033	0.007395654	0.01339468	0.007395654
3910	-213.6013	-219.9284	6.327129	0.02983912	0.005521408	0.02431771	0.005521408
3920	-211.5539	-217.6523	6.098331	0.02586691	0.003144674	0.02272223	0.003144674
3930	-211.8616	-218.2261	6.364503	0.02649388	0.006054986	0.02043889	0.006054986
3940	-210.205	-216.0673	5.862283	0.01749184	0.003105301	0.01438654	0.003105301
3950	-212.8991	-219.2582	6.359145	0.02814385	0.008972381	0.01917147	0.008972381
3960	-210.299	-216.1384	5.839497	0.01720587	0.003114342	0.01409152	0.003114342
3970	-209.9984	-216.0131	6.014643	0.01913907	0.003432708	0.01570636	0.003432708
3980	-212.0378	-217.9332	5.895424	0.01943697	0.007443601	0.01199337	0.007443601
3990	-210.2453	-215.9097	5.664366	0.01663763	0.002423335	0.0142143	0.002423335
4000	-211.4732	-216.7455	5.272219	0.01417008	0.002003792	0.01216629	0.002003792
4010	-212.9474	-219.0496	6.102228	0.02520548	0.01089826	0.01430722	0.01089826
4020	-210.7015	-216.9399	6.238374	0.02385733	0.004107026	0.0197503	0.004107026
4030	-210.8781	-215.8436	4.96551	0.02237815	0.001051983	0.02132617	0.001051983
4040	-211.3024	-216.5581	5.255663	0.02396764	0.001306779	0.02266086	0.001306779
4050	-210.0041	-215.9739	5.969795	0.01869292	0.003278698	0.01541422	0.003278698
4060	-210.3042	-214.9627	4.658451	0.01850064	0.0008900166	0.01761062	0.0008900166
4070	-210.3438	-216.475	6.131143	0.02286153	0.003364454	0.01949708	0.003364454
4080	-210.1544	-215.5591	5.404625	0.02118253	0.001482567	0.01969997	0.001482567
4090	-211.0114	-217.3244	6.312999	0.02371821	0.005935726	0.01778248	0.005935726
4100	-212.5568	-218.1295	5.57267	0.01563859	0.00525014	0.01038845	0.00525014
4110	-210.5337	-215.9475	5.413816	0.02244505	0.001481632	0.02096342	0.001481632
4120	-210.6221	-216.5943	5.972208	0.02364397	0.002617131	0.02102684	0.002617131
4130	-220.3638	-226.493	6.129138	0.04183647	0.01668747	0.025149	0.01668747
4140	-211.3379	-216.6406	5.30272	0.01435906	0.002019393	0.01233967	0.002019393
4150	-210.742	-216.9662	6.224179	0.02159088	0.005754489	0.01583639	0.005754489
4160	-211.289	-217.6308	6.341773	0.02491923	0.005875721	0.01904351	0.005875721
4170	-212.3116	-218.5855	6.273943	0.02565426	0.009166156	0.01648811	0.009166156
4180	-211.2829	-217.1695	5.886663	0.0250215	0.002365543	0.02265596	0.002365543
4190	-209.9435	-215.4235	5.479953	0.02041182	0.001602307	0.01880951	0.001602307
4200	-210.3347	-216.173	5.838325	0.02266955	0.002236013	0.02043354	0.002236013
4210	-210.154	-216.32	6.166065	0.02112321	0.004051505	0.0170717	0.004051505
4220	-210.1953	-216.2949	6.099555	0.01966855	0.004134926	0.01553363	0.004134926
4230	-212.9039	-219.0088	6.10489	0.02511229	0.01080064	0.01431165	0.01080064
4240	-210.2784	-215.6696	5.391208	0.0216055	0.001460007	0.0201455	0.001460007
4250	-212.3282	-218.6813	6.353134	0.02759718	0.005628247	0.02196893	0.005628247
4260	-212.1883	-218.0949	5.90657	0.02672066	0.002473458	0.02424721	0.002473458
4270	-210.3565	-216.5665	6.209994	0.02139285	0.004684394	0.01670845	0.004684394
4280	-210.2612	-216.1599	5.898702	0.01762148	0.003334729	0.01428675	0.003334729
4290	-210.0988	-216.2466	6.147745	0.0210761	0.003851502	0.0172246	0.003851502
4300	-210.2636	-216.3853	6.121731	0.01988678	0.004362934	0.01552384	0.004362934
4310	-210.3612	-215.9986	5.637383	0.0163364	0.002420553	0.01391585	0.002420553
4320	-210.3034	-216.5044	6.200956	0.0213151	0.004527753	0.01678735	0.004527753
4330	-211.5174	-217.5873	6.069897	0.02064175	0.007180807	0.01346094	0.007180807
4340	-210.2142	-215.8943	5.680093	0.02202251	0.0018975	0.02012501	0.0018975
4350	-211.0017	-217.3129	6.311208	0.02366066	0.005939967	0.0177207	0.005939967
4360	-212.4492	-218.1117	5.662499	0.01686654	0.00619843	0.01066811	0.00619843
4370	-209.9222	-215.955	6.03282	0.02087804	0.003050079	0.01782796	0.003050079
4380	-210.8372	-215.5218	4.684609	0.02155613	0.0008737603	0.02068237	0.0008737603
4390	-213.5805	-219.5653	5.984791	0.02903222	0.002870121	0.0261621	0.002870121
4400	-211.4167	-217.752	6.335346	0.02468666	0.006726558	0.0179601	0.006726558
4410	-210.6659	-216.8281	6.162271	0.02387023	0.003492125	0.0203781	0.003492125
4420	-210.3281	-216.5441	6.215982	0.02171897	0.004503776	0.0172152	0.004503776
4430	-212.5658	-218.8841	6.318306	0.02803854	0.00503938	0.02299916	0.00503938
4440	-210.0292	-215.499	5.469766	0.01700897	0.001820024	0.01518895	0.001820024
4450	-213.5329	-218.5911	5.058186	0.01236452	0.002484748	0.009879776	0.002484748
4460	-210.0726	-215.4602	5.387638	0.01685861	0.001686835	0.01517177	0.001686835
4470	-212.7738	-218.9544	6.180634	0.02567758	0.01044494	0.01523264	0.01044494
4480	-210.1645	-215.9324	5.767897	0.02200945	0.002080613	0.01992884	0.002080613
4490	-210.3563	-216.5558	6.199536	0.02266901	0.003914108	0.01875491	0.003914108
4500	-210.208	-216.1008	5.892723	0.02233703	0.002393252	0.01994377	0.002393252
4510	-210.1549	-216.0756	5.920704	0.01795308	0.003293955	0.01465912	0.003293955
4520	-213.0303	-219.3032	6.272913	0.02744711	0.01043853	0.01700858	0.01043853
4530	-213.8416	-220.2046	6.362992	0.03024738	0.009724707	0.02052268	0.009724707
4540	-213.5771	-219.8588	6.281731	0.02967715	0.004839829	0.02483732	0.004839829
4550	-212.9215	-219.1705	6.249017	0.026893	0.01043745	0.01645556	0.01043745
4560	-210.6293	-216.5301	5.900809	0.0235715	0.002394514	0.02117698	0.002394514
4570	-211.329	-217.6657	6.336703	0.02526563	0.00543937	0.01982626	0.00543937
4580	-209.941	-215.8382	5.897193	0.0212405	0.002459223	0.01878128	0.002459223
4590	-213.6798	-219.1018	5.42193	0.01816503	0.008648189	0.009516838	0.008648189
4600	-212.1466	-217.956	5.809376	0.01837908	0.006939361	0.01143972	0.006939361
4610	-209.9648	-215.8111	5.846301	0.01801225	0.002774536	0.01523772	0.002774536
4620	-212.2315	-218.4826	6.251044	0.02734431	0.004207	0.02313731	0.004207
4630	-210.263	-215.8228	5.559812	0.02194038	0.001690312	0.02025007	0.001690312
4640	-211.0102	-217.2541	6.243866	0.02228457	0.00641665	0.01586792	0.00641665
4650	-210.6784	-216.9023	6.223901	0.02153479	0.005590499	0.01594429	0.005590499
4660	-209.9276	-215.151	5.223408	0.01824998	0.001356223	0.01689376	0.001356223
4670	-209.8418	-215.4228	5.581027	0.02006395	0.001776891	0.01828706	0.001776891
4680	-214.21	-220.3784	6.168312	0.03033864	0.003945495	0.02639314	0.003945495
4690	-211.7284	-218.0615	6.333102	0.02634867	0.005185513	0.02116316	0.005185513
4700	-210.449	-216.0553	5.606346	0.02259974	0.001758878	0.02084086	0.001758878
4710	-217.321	-223.0456	5.724603	0.03412207	0.02056333	0.01355874	0.02056333
4720	-215.9583	-221.5382	5.57989	0.02894268	0.01741337	0.01152931	0.01741337
4730	-210.5776	-216.759	6.181356	0.02073343	0.005288488	0.01544494	0.005288488
4740	-213.21	-218.7946	5.584541	0.01883458	0.008607789	0.01022679	0.008607789
4750	-211.0942	-217.3828	6.28864	0.02323045	0.006465273	0.01676518	0.006465273
4760	-209.8087	-215.7313	5.922599	0.02012659	0.002656408	0.01747019	0.002656408
4770	-209.9313	-215.9913	6.06	0.02054879	0.0032766	0.01727219	0.0032766
4780	-210.3182	-216.0869	5.768632	0.02251105	0.00207222	0.02043883	0.00207222
4790	-211.0033	-217.2775	6.274165	0.02282315	0.006316118	0.01650703	0.006316118
4800	-214.1397	-220.4615	6.321722	0.03069058	0.005671359	0.02501923	0.005671359
4810	-210.1495	-216.3121	6.162662	0.02162625	0.003813849	0.0178124	0.003813849
4820	-213.4812	-218.6382	5.156965	0.01269991	0.002941669	0.009758239	0.002941669
4830	-209.944	-215.9832	6.039146	0.01970966	0.003383615	0.01632604	0.003383615
4840	-210.8767	-217.0889	6.212197	0.0215426	0.006085991	0.01545661	0.006085991
4850	-211.3368	-217.2469	5.910068	0.02516615	0.002434108	0.02273204	0.002434108
4860	-210.4161	-216.6496	6.23348	0.02259996	0.004331476	0.01826848	0.004331476
4870	-210.9173	-217.2201	6.302761	0.0233985	0.005800797	0.01759771	0.005800797
4880	-210.6497	-215.5211	4.871397	0.02147251	0.0009883622	0.02048415	0.0009883622
4890	-209.9513	-216.0236	6.072337	0.02070374	0.003322337	0.0173814	0.003322337
4900	-211.3156	-217.537	6.221392	0.02249362	0.007161985	0.01533164	0.007161985
4910	-211.2751	-217.5498	6.274685	0.02328369	0.006976157	0.01630753	0.006976157
4920	-209.908	-215.9368	6.028767	0.02074331	0.003050739	0.01769257	0.003050739
4930	-210.2367	-215.9864	5.74974	0.02222252	0.002035723	0.0201868	0.002035723
4940	-210.7273	-217.0119	6.284555	0.02294046	0.005381053	0.01755941	0.005381053
4950	-210.3142	-216.4993	6.185142	0.02090948	0.004603718	0.01630576	0.004603718
4960	-211.386	-217.4714	6.085434	0.02551445	0.003074303	0.02244015	0.003074303
4970	-211.5989	-217.1503	5.55142	0.01475114	0.003091997	0.01165914	0.003091997
4980	-213.5399	-219.7578	6.217858	0.02946148	0.00418115	0.02528033	0.00418115
4990	-210.2946	-215.6539	5.359251	0.02158228	0.001421712	0.02016057	0.001421712
5000	-210.3651	-216.5676	6.202581	0.02119514	0.00473685	0.01645829	0.00473685
5010	-209.8958	-215.8905	5.994638	0.01943545	0.003159545	0.01627591	0.003159545
5020	-211.6908	-214.9926	3.301828	0.02001833	0.0004143761	0.01960396	0.0004143761
5030	-210.0228	-216.0768	6.05403	0.02155689	0.003066011	0.01849088	0.003066011
5040	-211.2099	-217.5188	6.30891	0.02380605	0.006585579	0.01722047	0.006585579
5050	-213.2177	-219.053	5.835292	0.02268865	0.01080958	0.01187907	0.01080958
5060	-213.2902	-219.0526	5.762443	0.02196613	0.01059507	0.01137106	0.01059507
5070	-210.0942	-215.7349	5.640659	0.01695986	0.002252085	0.01470777	0.002252085
5080	-214.5871	-220.9288	6.341679	0.0316692	0.01082413	0.02084507	0.01082413
5090	-213.4513	-219.3954	5.944091	0.02482242	0.01188413	0.0129383	0.01188413
5100	-212.0773	-217.9626	5.885315	0.01940395	0.00748239	0.01192156	0.00748239
5110	-212.5212	-218.1828	5.661614	0.01712778	0.006497163	0.01063062	0.006497163
5120	-211.4497	-217.7142	6.264423	0.02346845	0.007414479	0.01605397	0.007414479
5130	-210.0416	-216.0468	6.00522	0.0217373	0.002819249	0.01891805	0.002819249
5140	-210.981	-217.2979	6.316957	0.02415277	0.005377821	0.01877494	0.005377821
5150	-209.9085	-215.5477	5.639282	0.01761712	0.00211995	0.01549717	0.00211995
5160	-210.8035	-217.0817	6.278214	0.02400503	0.004575204	0.01942983	0.004575204
5170	-210.9374	-216.9443	6.006853	0.01855653	0.005211421	0.01334511	0.005211421
5180	-210.0205	-216.1245	6.103982	0.02120132	0.003429466	0.01777185	0.003429466
5190	-211.6151	-217.7989	6.183813	0.02261527	0.007848735	0.01476654	0.007848735
5200	-209.9859	-216.08	6.094126	0.02060716	0.003512429	0.01709473	0.003512429
5210	-213.0203	-219.3381	6.317797	0.02793491	0.009916037	0.01801888	0.009916037
5220	-210.4293	-216.6258	6.196457	0.02099835	0.004928457	0.0160699	0.004928457
5230	-210.1112	-216.1847	6.073432	0.02198483	0.0031194	0.01886543	0.0031194
5240	-210.5082	-216.3918	5.883567	0.01723459	0.003590067	0.01364452	0.003590067
5250	-209.8966	-215.8775	5.980846	0.02089743	0.002798813	0.01809862	0.002798813
5260	-210.8805	-216.3692	5.488697	0.02347607	0.001579681	0.02189639	0.001579681
5270	-210.5807	-215.6	5.019322	0.01559722	0.001306599	0.01429062	0.001306599
5280	-209.8465	-215.7876	5.94108	0.02055782	0.002674985	0.01788284	0.002674985
5290	-210.9151	-217.2191	6.30404	0.02344055	0.005765667	0.01767488	0.005765667
5300	-209.7691	-215.4646	5.69547	0.01868879	0.002118548	0.01657025	0.002118548
5310	-210.5721	-216.6392	6.06709	0.01906103	0.00478052	0.01428051	0.00478052
5320	-210.1043	-216.0814	5.977029	0.01849111	0.003464815	0.01502629	0.003464815
5330	-210.7685	-216.9543	6.18584	0.02096643	0.005770346	0.01519608	0.005770346
5340	-210.0466	-216.1569	6.110246	0.02033126	0.003776584	0.01655468	0.003776584
5350	-214.3747	-219.8598	5.485145	0.02250667	0.01237349	0.01013319	0.01237349
5360	-210.137	-215.9872	5.850169	0.01756256	0.002979151	0.01458341	0.002979151
5370	-211.1389	-217.3223	6.183388	0.02507411	0.003601662	0.02147245	0.003601662
5380	-212.2705	-217.6946	5.424065	0.01397751	0.003129033	0.01084848	0.003129033
5390	-212.3076	-218.5439	6.236323	0.02746167	0.004090424	0.02337125	0.004090424
5400	-210.9247	-217.2323	6.307639	0.02413619	0.005100731	0.01903546	0.005100731
5410	-209.9306	-215.935	6.004441	0.01932994	0.003264681	0.01606526	0.003264681
5420	-210.6645	-216.7555	6.090967	0.01942915	0.005120122	0.01430903	0.005120122
5430	-210.5909	-216.7263	6.135405	0.02001939	0.005167174	0.01485221	0.005167174
5440	-211.2515	-217.1956	5.944053	0.02504459	0.002533418	0.02251117	0.002533418
5450	-210.4646	-216.0852	5.620642	0.0161095	0.002438141	0.01367136	0.002438141
5460	-211.7776	-216.4831	4.705541	0.02389989	0.0008882998	0.02301159	0.0008882998
5470	-215.7527	-221.8722	6.119427	0.03291985	0.01581882	0.01710103	0.01581882
5480	-211.7609	-218.0158	6.254973	0.02403268	0.008132504	0.01590018	0.008132504
5490	-211.3938	-217.3301	5.936323	0.01831315	0.005812709	0.01250044	0.005812709
5500	-210.6684	-216.6959	6.027511	0.01860129	0.004748114	0.01385318	0.004748114
5510	-211.426	-215.6973	4.271268	0.02216721	0.0006803758	0.02148683	0.0006803758
5520	-212.6084	-218.7749	6.166539	0.02504566	0.01012076	0.0149249	0.01012076
5530	-210.6815	-216.5506	5.86905	0.01701818	0.00375861	0.01325957	0.00375861
5540	-212.9039	-219.0009	6.09691	0.02501419	0.01079898	0.01421521	0.01079898
5550	-211.021	-217.2986	6.277566	0.02291256	0.006344444	0.01656812	0.006344444
5560	-211.6174	-217.4036	5.786168	0.01665574	0.004949063	0.01170667	0.004949063
5570	-214.4866	-220.4328	5.946218	0.02797852	0.0143252	0.01365332	0.0143252
5580	-213.0438	-218.5346	5.490786	0.01594163	0.006081683	0.009859947	0.006081683
5590	-215.8958	-222.13	6.234165	0.0339404	0.01426707	0.01967333	0.01426707
5600	-209.8076	-215.3456	5.537975	0.01829348	0.001812951	0.01648053	0.001812951
5610	-210.7096	-216.4353	5.725686	0.02349752	0.001974446	0.02152307	0.001974446
5620	-211.3016	-217.3993	6.097707	0.02054334	0.006753228	0.01379011	0.006753228
5630	-212.5912	-218.7326	6.14148	0.02779358	0.003477434	0.02431615	0.003477434
5640	-210.8749	-216.7906	5.915747	0.02418648	0.002437701	0.02174878	0.002437701
5650	-210.2227	-216.3641	6.14135	0.02025952	0.00431559	0.01594393	0.00431559
5660	-209.8417	-215.5478	5.706154	0.0180757	0.002231575	0.01584413	0.002231575
5670	-209.8885	-215.8353	5.946845	0.01898391	0.0030075	0.01597641	0.0030075
5680	-209.7773	-215.6426	5.86524	0.01980415	0.002486825	0.01731733	0.002486825
5690	-210.4839	-215.9763	5.492422	0.01584025	0.002090602	0.01374965	0.002090602
5700	-209.9275	-215.1611	5.233626	0.01903659	0.001335795	0.01770079	0.001335795
5710	-210.6751	-216.0509	5.375766	0.01537222	0.001907583	0.01346464	0.001907583
5720	-210.7061	-215.4093	4.703179	0.02117785	0.0008856605	0.02029219	0.0008856605
5730	-212.802	-219.1799	6.377831	0.02819244	0.008212406	0.01998003	0.008212406
5740	-210.0364	-215.9001	5.863684	0.02165923	0.002335232	0.019324	0.002335232
5750	-210.7136	-216.6784	5.964827	0.01789624	0.004427707	0.01346853	0.004427707
5760	-210.357	-216.5731	6.216132	0.02156639	0.004649659	0.01691673	0.004649659
5770	-210.1863	-216.3646	6.17831	0.02164041	0.00397587	0.01766454	0.00397587
5780	-211.4998	-217.6487	6.148895	0.0258213	0.003404128	0.02241717	0.003404128
5790	-211.047	-217.1836	6.136596	0.02061543	0.006286652	0.01432878	0.006286652
5800	-209.9928	-216.0687	6.075829	0.02123365	0.003236024	0.01799763	0.003236024
5810	-213.1768	-218.9894	5.812542	0.02223851	0.01055316	0.01168535	0.01055316
5820	-215.2173	-221.5792	6.361984	0.03281128	0.00897557	0.02383571	0.00897557
5830	-210.3542	-216.092	5.737816	0.01665415	0.002757198	0.01389695	0.002757198
5840	-209.9908	-216.0881	6.097316	0.02069082	0.003512411	0.01717841	0.003512411
5850	-210.8803	-217.1725	6.292148	0.02309417	0.0058379	0.01725627	0.0058379
5860	-210.4295	-216.668	6.238462	0.02257916	0.004415243	0.01816391	0.004415243
5870	-210.1559	-215.4694	5.313493	0.01659598	0.00159465	0.01500133	0.00159465
5880	-210.2113	-215.9762	5.764922	0.0221645	0.002070346	0.02009415	0.002070346
5890	-212.9011	-215.9205	3.019437	0.02282951	0.0003620533	0.02246746	0.0003620533
5900	-211.4826	-217.8233	6.340716	0.02569378	0.00543201	0.02026177	0.00543201
5910	-210.6674	-216.3729	5.705598	0.01609133	0.002908514	0.01318281	0.002908514
5920	-213.646	-219.9676	6.321647	0.02989681	0.005442942	0.02445387	0.005442942
5930	-213.0906	-219.4452	6.354605	0.02903011	0.005878962	0.02315114	0.005878962
5940	-209.9865	-216.041	6.054477	0.02131489	0.003100322	0.01821456	0.003100322
5950	-214.6735	-220.963	6.289586	0.03154488	0.01224643	0.01929845	0.01224643
5960	-209.8063	-215.6876	5.881344	0.02025983	0.002489824	0.01777	0.002489824
5970	-210.7216	-216.8928	6.17126	0.02067965	0.005614226	0.01506543	0.005614226
5980	-212.3165	-218.5074	6.190895	0.02456262	0.009461285	0.01510133	0.009461285
5990	-210.2663	-215.944	5.677781	0.02218829	0.001890342	0.02029795	0.001890342
6000	-211.0115	-217.1497	6.138185	0.02057587	0.006204051	0.01437182	0.006204051
6010	-211.2178	-217.2449	6.027082	0.01929123	0.006075646	0.01321558	0.006075646
6020	-210.667	-216.4058	5.738865	0.01623653	0.003054587	0.01318195	0.003054587
6030	-210.7234	-216.8568	6.13344	0.02009574	0.005472985	0.01462275	0.005472985
6040	-211.8359	-217.7477	5.911838	0.01906632	0.00693215	0.01213417	0.00693215
6050	-211.1397	-216.8954	5.755656	0.01605817	0.00373059	0.01232758	0.00373059
6060	-210.1617	-216.2787	6.116973	0.02211623	0.003357666	0.01875857	0.003357666
6070	-213.2635	-214.8461	1.582567	0.01611988	0.0002100626	0.01590981	0.0002100626
6080	-213.8468	-219.6194	5.772614	0.02407732	0.01235162	0.0117257	0.01235162
6090	-209.8337	-215.5233	5.689572	0.01809334	0.002181727	0.01591161	0.002181727
6100	-213.0834	-219.3638	6.280475	0.02766577	0.01045265	0.01721311	0.01045265
6110	-212.7341	-219.1195	6.385363	0.0282215	0.00751104	0.02071046	0.00751104
6120	-211.6738	-217.5614	5.887569	0.01822759	0.00617665	0.01205094	0.00617665
6130	-212.149	-216.9413	4.792248	0.01320675	0.001353104	0.01185365	0.001353104
6140	-209.7927	-215.6663	5.873589	0.01917086	0.002612714	0.01655815	0.002612714
6150	-210.6257	-215.8338	5.208059	0.02224693	0.001256181	0.02099075	0.001256181
6160	-210.7237	-217.0122	6.288496	0.02316622	0.005217165	0.01794905	0.005217165
6170	-210.9532	-217.0361	6.082875	0.01964409	0.005765126	0.01387896	0.005765126
6180	-211.7014	-217.7098	6.008415	0.02019288	0.007309445	0.01288344	0.007309445
6190	-210.1402	-215.1629	5.022612	0.0171745	0.001201138	0.01597336	0.001201138
6200	-211.3692	-217.4173	6.04814	0.01994122	0.006637192	0.01330403	0.006637192
6210	-210.1434	-216.2493	6.105947	0.02206032	0.003295992	0.01876433	0.003295992
6220	-213.4433	-219.7445	6.301207	0.02877015	0.01072869	0.01804146	0.01072869
6230	-210.4807	-216.6592	6.178442	0.02066189	0.005041244	0.01562065	0.005041244
6240	-210.0376	-215.9929	5.955246	0.02172895	0.002624634	0.01910431	0.002624634
6250	-210.4319	-215.8435	5.411585	0.0221452	0.001480471	0.02066473	0.001480471
6260	-210.7621	-217.0082	6.24609	0.02201523	0.005782845	0.01623239	0.005782845
6270	-210.4828	-215.5125	5.02971	0.02135406	0.001104551	0.02024951	0.001104551
6280	-211.0528	-217.2194	6.166555	0.02109329	0.006417555	0.01467574	0.006417555
6290	-210.3247	-216.5314	6.206718	0.0224071	0.004052112	0.01835498	0.004052112
6300	-210.9491	-216.5814	5.63227	0.01551521	0.0028499	0.01266531	0.0028499
6310	-209.9892	-215.0962	5.106986	0.01853061	0.001223814	0.01730679	0.001223814
6320	-210.6025	-215.9642	5.361778	0.01549387	0.001848899	0.01364497	0.001848899
6330	-211.3664	-217.4103	6.043926	0.01987012	0.00660096	0.01326916	0.00660096
6340	-209.8272	-215.667	5.839766	0.0204854	0.002337992	0.0181474	0.002337992
6350	-210.0176	-215.7156	5.698007	0.02131982	0.001949977	0.01936984	0.001949977
6360	-211.0965	-217.1468	6.050288	0.01940417	0.005919935	0.01348423	0.005919935
6370	-209.9206	-215.8868	5.966285	0.01898848	0.003126873	0.01586161	0.003126873
6380	-209.7587	-215.4066	5.647947	0.01903017	0.001972623	0.01705754	0.001972623
6390	-210.8879	-217.1286	6.2407	0.02205085	0.006115581	0.01593527	0.006115581
6400	-209.8616	-215.5972	5.73562	0.02059712	0.002060909	0.01853621	0.002060909
6410	-210.4995	-216.4736	5.974153	0.0233167	0.002628383	0.02068832	0.002628383
6420	-212.2152	-218.4394	6.224194	0.02474003	0.009184263	0.01555577	0.009184263
6430	-210.4708	-215.3227	4.851917	0.02076741	0.0009797319	0.01978767	0.0009797319
6440	-210.8279	-217.0215	6.193555	0.02430465	0.003687275	0.02061737	0.003687275
6450	-212.0861	-216.0111	3.925005	0.02297268	0.0005632861	0.02240939	0.0005632861
6460	-212.0193	-217.8843	5.86505	0.01888165	0.007087159	0.01179449	0.007087159
6470	-211.514	-217.4362	5.922241	0.01836694	0.00602922	0.01233772	0.00602922
6480	-209.9326	-215.7277	5.795102	0.02109589	0.002178264	0.01891763	0.002178264
6490	-211.965	-218.3232	6.358196	0.02680504	0.005760038	0.02104501	0.005760038
6500	-210.347	-216.2728	5.92583	0.02282101	0.002480005	0.02034101	0.002480005
6510	-209.8004	-215.5393	5.738875	0.02014009	0.002095699	0.01804439	0.002095699
6520	-210.6841	-216.9664	6.282303	0.02333361	0.004892177	0.01844143	0.004892177
6530	-210.1004	-216.1506	6.050247	0.01923305	0.0037576	0.01547545	0.0037576
6540	-210.7858	-216.7317	5.945977	0.02401894	0.002529313	0.02148963	0.002529313
6550	-210.9536	-216.8963	5.942719	0.01776999	0.004763849	0.01300614	0.004763849
6560	-211.1189	-216.3094	5.190502	0.01456055	0.001700735	0.01285981	0.001700735
6570	-210.4277	-216.2174	5.789671	0.01676223	0.003036097	0.01372614	0.003036097
6580	-212.4269	-218.5311	6.104256	0.0237177	0.009685909	0.01403179	0.009685909
6590	-211.2979	-217.2793	5.981464	0.01877833	0.005937063	0.01284126	0.005937063
6600	-210.8609	-216.832	5.971155	0.01803588	0.004775102	0.01326078	0.004775102
6610	-211.801	-218.0928	6.291788	0.0265432	0.004572975	0.02197022	0.004572975
6620	-209.78	-215.6283	5.848289	0.01915073	0.002519818	0.01663091	0.002519818
6630	-210.1032	-215.2421	5.138913	0.01705479	0.001327081	0.01572771	0.001327081
6640	-210.5237	-215.9595	5.435854	0.02246372	0.001509592	0.02095412	0.001509592
6650	-210.1736	-215.511	5.337392	0.01652563	0.001640859	0.01488477	0.001640859
6660	-209.7654	-215.5666	5.801286	0.01974628	0.002291655	0.01745462	0.002291655
6670	-212.2986	-218.2091	5.910567	0.02055312	0.008426174	0.01212695	0.008426174
6680	-211.0533	-217.1434	6.090126	0.02480835	0.003084057	0.02172429	0.003084057
6690	-210.7412	-216.8457	6.104513	0.0196876	0.00537275	0.01431485	0.00537275
6700	-210.8457	-216.3707	5.52502	0.02346268	0.001631098	0.02183158	0.001631098
6710	-209.9505	-216.0124	6.061936	0.02091829	0.003208921	0.01770937	0.003208921
6720	-211.4839	-217.837	6.353176	0.02538735	0.006168232	0.01921912	0.006168232
6730	-210.8906	-217.1978	6.307177	0.02394213	0.005194738	0.01874739	0.005194738
6740	-210.3123	-216.4751	6.162799	0.02265828	0.003602337	0.01905594	0.003602337
6750	-210.9376	-217.2451	6.30749	0.02420355	0.005066769	0.01913678	0.005066769
6760	-211.1708	-217.4986	6.327772	0.02483012	0.00534266	0.01948746	0.00534266
6770	-210.686	-214.9086	4.222599	0.01733253	0.0006985337	0.016634	0.0006985337
6780	-212.7334	-219.1051	6.371692	0.027952	0.008379039	0.01957296	0.008379039
6790	-211.0157	-215.8985	4.882842	0.0147757	0.001239705	0.01353599	0.001239705
6800	-210.3239	-216.0354	5.711502	0.01661572	0.002636587	0.01397913	0.002636587
6810	-210.4735	-216.5504	6.076888	0.01917233	0.004623056	0.01454927	0.004623056
6820	-209.7808	-215.6576	5.876801	0.019458	0.002576826	0.01688117	0.002576826
6830	-210.8223	-216.6959	5.873562	0.01701915	0.004010913	0.01300824	0.004010913
6840	-214.3534	-220.7252	6.371827	0.03133641	0.009325762	0.02201065	0.009325762
6850	-210.4734	-216.699	6.225618	0.02157108	0.005015403	0.01655568	0.005015403
6860	-212.1833	-218.1695	5.986232	0.02131621	0.008584732	0.01273147	0.008584732
6870	-210.8896	-217.1181	6.228477	0.02444261	0.003960217	0.02048239	0.003960217
6880	-216.277	-222.613	6.336	0.03437374	0.008836292	0.02553744	0.008836292
6890	-211.4575	-217.4348	5.977301	0.01906897	0.00635342	0.01271555	0.00635342
6900	-209.8054	-215.7361	5.930719	0.01983586	0.002733231	0.01710263	0.002733231
6910	-211.0499	-216.6066	5.556631	0.01516703	0.002628241	0.01253879	0.002628241
6920	-213.1302	-219.499	6.368741	0.02911956	0.00629932	0.02282024	0.00629932
6930	-214.7016	-220.6949	5.993285	0.02905845	0.01472912	0.01432933	0.01472912
6940	-211.0856	-217.4002	6.314631	0.02469501	0.005058017	0.01963699	0.005058017
6950	-211.3684	-217.7056	6.337189	0.02538758	0.005414128	0.01997346	0.005414128
6960	-210.029	-216.0208	5.991824	0.01881277	0.003403415	0.01540936	0.003403415
6970	-212.6645	-218.1883	5.523745	0.01515668	0.00490988	0.0102468	0.00490988
6980	-210.4788	-216.4051	5.926285	0.02320468	0.002473906	0.02073077	0.002473906
6990	-212.3425	-218.0721	5.729577	0.0176897	0.006708361	0.01098133	0.006708361
7000	-210.5286	-216.7367	6.208067	0.0233596	0.003879939	0.01947966	0.003879939
7010	-211.5956	-217.7916	6.195982	0.02274948	0.007815039	0.01493444	0.007815039
7020	-211.7013	-217.596	5.894759	0.01841167	0.006335086	0.01207658	0.006335086
7030	-211.7648	-217.9048	6.14007	0.02632934	0.003374918	0.02295442	0.003374918
7040	-210.0365	-215.1186	5.082085	0.01922143	0.001180377	0.01804105	0.001180377
7050	-209.9779	-215.3925	5.414694	0.01724505	0.001691346	0.0155537	0.001691346
7060	-209.9619	-215.2151	5.253195	0.01960023	0.001339541	0.01826069	0.001339541
7070	-211.8498	-217.5002	5.650417	0.01542257	0.004163633	0.01125893	0.004163633
7080	-209.8923	-215.6245	5.732152	0.01787279	0.002348634	0.01552416	0.002348634
7090	-209.7889	-215.5487	5.759731	0.01860007	0.002309717	0.01629035	0.002309717
7100	-210.3497	-216.1364	5.786727	0.01686344	0.002944708	0.01391873	0.002944708
7110	-209.8415	-215.5519	5.710462	0.01808592	0.00224252	0.0158434	0.00224252
7120	-213.6221	-219.9073	6.285186	0.02904177	0.0111804	0.01786137	0.0111804
7130	-209.8823	-215.5655	5.683201	0.01781104	0.002209147	0.01560189	0.002209147
7140	-211.4947	-217.4152	5.92051	0.01829702	0.005956257	0.01234077	0.005956257
7150	-213.8684	-218.3375	4.469117	0.02703544	0.000791269	0.02624417	0.000791269
7160	-213.0002	-219.3513	6.351134	0.02827356	0.009292908	0.01898065	0.009292908
7170	-209.908	-215.9508	6.042883	0.0204284	0.003194864	0.01723354	0.003194864
7180	-212.9985	-218.6793	5.680832	0.01956004	0.008835893	0.01072415	0.008835893
7190	-209.841	-215.7657	5.924677	0.02054662	0.00261338	0.01793324	0.00261338
7200	-209.9546	-215.1902	5.235608	0.01942336	0.001325562	0.0180978	0.001325562
7210	-210.7135	-216.9839	6.270466	0.02371532	0.004528032	0.01918729	0.004528032
7220	-212.0862	-218.1872	6.100977	0.02686092	0.00320269	0.02365823	0.00320269
7230	-211.8074	-217.9132	6.105834	0.02636188	0.00320042	0.02316146	0.00320042
7240	-210.7187	-216.7915	6.072794	0.0239901	0.00300738	0.02098272	0.00300738
7250	-210.5655	-215.4884	4.922986	0.01573552	0.001195627	0.0145399	0.001195627
7260	-209.812	-215.7244	5.912437	0.01929077	0.002753765	0.01653701	0.002753765
7270	-210.0915	-216.0827	5.991181	0.01864469	0.003504028	0.01514067	0.003504028
7280	-214.7975	-220.678	5.880495	0.02824019	0.01501613	0.01322406	0.01501613
7290	-209.9022	-215.92	6.017727	0.02077196	0.002988296	0.01778367	0.002988296
7300	-211.7762	-215.5941	3.817862	0.01457521	0.0006135951	0.01396162	0.0006135951
7310	-209.8913	-215.2385	5.347118	0.01795023	0.001528672	0.01642156	0.001528672
7320	-210.1479	-216.0879	5.939961	0.02216962	0.002547719	0.0196219	0.002547719
7330	-210.491	-215.59	5.099015	0.02157021	0.001160294	0.02040991	0.001160294
7340	-211.2607	-217.5721	6.311402	0.02393348	0.006687498	0.01724598	0.006687498
7350	-210.1979	-216.3801	6.182237	0.02166888	0.004011194	0.01765768	0.004011194
7360	-209.9726	-215.3841	5.411545	0.01727314	0.001683134	0.01559001	0.001683134
7370	-209.8456	-215.8299	5.984365	0.0199672	0.002962187	0.01700501	0.002962187
7380	-213.4235	-219.7968	6.373322	0.02965328	0.006634649	0.02301863	0.006634649
7390	-210.6017	-216.8406	6.238878	0.02349821	0.004166412	0.01933179	0.004166412
7400	-213.0922	-218.6275	5.535323	0.0172206	0.007241288	0.009979312	0.007241288
7410	-212.3175	-218.627	6.309451	0.02614752	0.0088928	0.01725472	0.0088928
7420	-211.7558	-218.0571	6.301287	0.02472541	0.007885771	0.01683964	0.007885771
7430	-209.7661	-215.5206	5.754486	0.01975002	0.002163749	0.01758627	0.002163749
7440	-209.8857	-215.8988	6.01315	0.02059323	0.002993925	0.01759931	0.002993925
7450	-213.0471	-219.4341	6.386995	0.02891823	0.007394365	0.02152386	0.007394365
7460	-211.6693	-217.439	5.769722	0.02557943	0.002092533	0.0234869	0.002092533
7470	-210.3603	-216.5857	6.225464	0.02225977	0.004351617	0.01790815	0.004351617
7480	-211.3113	-217.5927	6.281375	0.02346774	0.007030989	0.01643675	0.007030989
7490	-211.1752	-217.4434	6.268181	0.02514063	0.004312242	0.02082839	0.004312242
7500	-213.0649	-219.4107	6.345853	0.02897052	0.005670223	0.02330029	0.005670223
7510	-211.479	-217.8024	6.323385	0.02577941	0.005039698	0.02073971	0.005039698
7520	-210.9674	-217.2808	6.313415	0.02421313	0.005220476	0.01899265	0.005220476
7530	-210.4785	-216.5131	6.034654	0.01865778	0.004402799	0.01425498	0.004402799
7540	-210.2343	-216.3093	6.075001	0.0192899	0.00412257	0.01516733	0.00412257
7550	-210.2472	-216.3012	6.054047	0.01902378	0.004056008	0.01496777	0.004056008
7560	-213.3815	-219.6652	6.28363	0.02843798	0.01086699	0.01757098	0.01086699
7570	-210.2781	-215.0355	4.757368	0.01925546	0.0009366238	0.01831884	0.0009366238
7580	-211.404	-217.6996	6.295515	0.02389131	0.007163197	0.01672812	0.007163197
7590	-210.3286	-216.3718	6.043214	0.01882264	0.004159267	0.01466337	0.004159267
7600	-210.9982	-216.8266	5.828388	0.01663188	0.004000056	0.01263182	0.004000056
7610	-210.9146	-216.8637	5.949064	0.01781472	0.004727449	0.01308727	0.004727449
7620	-210.0432	-215.1176	5.074403	0.01923923	0.001173095	0.01806614	0.001173095
7630	-210.0722	-215.0662	4.993979	0.01798507	0.00114072	0.01684435	0.00114072
7640	-209.8092	-215.2868	5.477613	0.01851531	0.001688792	0.01682651	0.001688792
7650	-213.1602	-218.6919	5.531705	0.02763587	0.001718779	0.02591709	0.001718779
7660	-212.2343	-217.9513	5.717065	0.01708718	0.006109501	0.01097768	0.006109501
7670	-210.0403	-216.0657	6.02539	0.02171118	0.002910087	0.0188011	0.002910087
7680	-211.2295	-217.454	6.224528	0.02236365	0.00695635	0.0154073	0.00695635
7690	-209.9697	-215.9247	5.955051	0.01868719	0.003169703	0.01551749	0.003169703
7700	-211.4803	-217.8155	6.335159	0.02477917	0.006894829	0.01788435	0.006894829
7710	-210.0001	-215.6278	5.627626	0.01723413	0.002155466	0.01507867	0.002155466
7720	-210.244	-215.5731	5.329048	0.02132422	0.001389645	0.01993457	0.001389645
7730	-211.8514	-218.1436	6.292192	0.0248021	0.008146643	0.01665546	0.008146643
7740	-209.9726	-215.7825	5.809899	0.01782091	0.002660873	0.01516003	0.002660873
7750	-212.0246	-217.0065	4.981971	0.0133689	0.001604178	0.01176472	0.001604178
7760	-209.9953	-216.0417	6.046481	0.01952907	0.003527219	0.01600185	0.003527219
7770	-211.2945	-216.9379	5.643486	0.02464649	0.001829299	0.02281719	0.001829299
7780	-210.393	-216.3697	5.976654	0.01809202	0.003922926	0.01416909	0.003922926
7790	-210.6605	-216.6898	6.029262	0.01861929	0.00474258	0.01387671	0.00474258
7800	-211.6461	-216.9204	5.274391	0.02468933	0.001332491	0.02335684	0.001332491
7810	-209.9354	-215.6769	5.741485	0.01771671	0.002413956	0.01530275	0.002413956
7820	-211.0599	-215.367	4.307135	0.02118663	0.0006957924	0.02049084	0.0006957924
7830	-210.388	-216.3235	5.935498	0.02295519	0.002507353	0.02044783	0.002507353
7840	-213.6802	-219.9767	6.296465	0.02929132	0.0110998	0.01819152	0.0110998
7850	-212.2682	-218.6455	6.377343	0.02713024	0.007315402	0.01981483	0.007315402
7860	-211.9771	-218.3405	6.363453	0.02626141	0.007349388	0.01891202	0.007349388
7870	-210.4043	-216.3904	5.986185	0.01817481	0.003994082	0.01418073	0.003994082
7880	-211.9402	-218.0835	6.143298	0.02666148	0.003409343	0.02325213	0.003409343
7890	-211.1895	-217.4569	6.267408	0.02517726	0.004302211	0.02087505	0.004302211
7900	-210.0924	-216.2363	6.143902	0.02094929	0.003862233	0.01708706	0.003862233
7910	-210.1146	-216.0509	5.936273	0.01814589	0.003306087	0.0148398	0.003306087
7920	-210.6196	-216.7647	6.145089	0.02018323	0.005274551	0.01490868	0.005274551
7930	-210.669	-214.9094	4.240393	0.01736049	0.0007053792	0.01665511	0.0007053792
7940	-210.7247	-214.8629	4.138159	0.01834082	0.0006507615	0.01769006	0.0006507615
7950	-210.0811	-215.673	5.591896	0.01691942	0.002117871	0.01480155	0.002117871
7960	-209.8208	-215.4014	5.580599	0.0198809	0.001784689	0.01809621	0.001784689
7970	-210.286	-215.5695	5.283473	0.02135644	0.001338845	0.02001759	0.001338845
7980	-211.5095	-217.7095	6.200057	0.02589168	0.00372662	0.02216506	0.00372662
7990	-211.7218	-217.1738	5.452031	0.01430761	0.002731524	0.01157608	0.002731524
8000	-211.1918	-217.5215	6.329763	0.02430819	0.006162906	0.01814529	0.006162906
8010	-210.912	-217.2062	6.294239	0.02427198	0.004772804	0.01949917	0.004772804
8020	-212.1136	-217.7846	5.671043	0.01602722	0.005068353	0.01095887	0.005068353
8030	-210.0623	-216.1933	6.131056	0.02118584	0.003649815	0.01753602	0.003649815
8040	-214.1251	-220.3522	6.227067	0.0297318	0.01252538	0.01720642	0.01252538
8050	-210.7555	-216.4531	5.697612	0.01596287	0.002956484	0.01300639	0.002956484
8060	-210.8653	-217.136	6.270703	0.02259576	0.005969913	0.01662585	0.005969913
8070	-212.0484	-218.3658	6.317431	0.02563255	0.00831828	0.01731427	0.00831828
8080	-210.2576	-215.3946	5.136921	0.02082018	0.001200435	0.01961974	0.001200435
8090	-211.9845	-217.1252	5.14077	0.02508404	0.001207916	0.02387613	0.001207916
8100	-212.5973	-218.8915	6.29423	0.02662545	0.009526128	0.01709932	0.009526128
8110	-212.5757	-218.1827	5.606997	0.016307	0.005876777	0.01043022	0.005876777
8120	-210.0117	-215.282	5.270258	0.01726518	0.001472258	0.01579293	0.001472258
8130	-210.2186	-216.3478	6.12923	0.02235108	0.003406656	0.01894443	0.003406656
8140	-210.6366	-216.9136	6.277042	0.02297488	0.005004805	0.01797008	0.005004805
8150	-210.7849	-216.6062	5.821293	0.02383487	0.002185473	0.0216494	0.002185473
8160	-209.8164	-215.4606	5.644204	0.01815776	0.002055067	0.01610269	0.002055067
8170	-210.015	-216.1185	6.103485	0.02113627	0.003440692	0.01769557	0.003440692
8180	-211.3418	-217.6371	6.295282	0.02376868	0.007021568	0.01674711	0.007021568
8190	-212.3098	-218.6321	6.322252	0.02630596	0.008737539	0.01756842	0.008737539
8200	-211.1304	-217.4587	6.328361	0.02426915	0.005941019	0.01832813	0.005941019
8210	-210.5536	-216.7966	6.242944	0.02326888	0.004260688	0.01900819	0.004260688
8220	-210.2699	-216.3831	6.113124	0.02260624	0.003279219	0.01932702	0.003279219
8230	-210.5502	-215.7641	5.213937	0.02204196	0.001262642	0.02077932	0.001262642
8240	-211.1779	-216.7182	5.540246	0.01499515	0.00266202	0.01233313	0.00266202
8250	-209.9706	-215.7844	5.813773	0.01784387	0.002671585	0.01517229	0.002671585
8260	-210.2885	-216.4813	6.192793	0.02114693	0.004506716	0.01664021	0.004506716
8270	-210.2206	-216.25	6.029334	0.0224743	0.002870492	0.01960381	0.002870492
8280	-211.3509	-217.5506	6.199642	0.0222295	0.007231021	0.01499848	0.007231021
8290	-211.7965	-217.0469	5.25046	0.02493063	0.001310619	0.02362001	0.001310619
8300	-210.3387	-216.5357	6.196934	0.02111732	0.004664787	0.01645253	0.004664787
8310	-211.2026	-217.4963	6.293719	0.02349528	0.006700512	0.01679477	0.006700512
8320	-217.1456	-222.2976	5.152018	0.02904987	0.0193722	0.009677675	0.0193722
8330	-211.5078	-217.8041	6.296222	0.02411122	0.007391499	0.01671973	0.007391499
8340	-210.613	-216.6011	5.98812	0.01813289	0.004384768	0.01374812	0.004384768
8350	-209.7675	-215.3755	5.608003	0.01884208	0.00190393	0.01693815	0.00190393
8360	-210.6105	-216.6505	6.039964	0.02368093	0.002870578	0.02081035	0.002870578
8370	-210.163	-216.332	6.169022	0.02162459	0.003879159	0.01774543	0.003879159
8380	-210.5701	-216.5388	5.96872	0.02350306	0.002606866	0.0208962	0.002606866
8390	-209.9233	-215.3723	5.449038	0.01750177	0.001724938	0.01577683	0.001724938
8400	-212.7138	-218.3041	5.590221	0.01653278	0.006233389	0.0102994	0.006233389
8410	-211.1057	-217.0441	5.938444	0.01786969	0.005078232	0.01279146	0.005078232
8420	-210.0092	-216.112	6.102785	0.02106053	0.003453596	0.01760693	0.003453596
8430	-210.0037	-215.103	5.099327	0.01807695	0.00123345	0.0168435	0.00123345
8440	-209.799	-215.7136	5.914609	0.01956883	0.002710148	0.01685869	0.002710148
8450	-212.0608	-218.4348	6.373955	0.02669965	0.006984022	0.01971563	0.006984022
8460	-209.908	-215.2213	5.313232	0.01791274	0.001484843	0.01642789	0.001484843
8470	-211.9854	-218.3295	6.344089	0.02591252	0.007836019	0.0180765	0.007836019
8480	-210.4823	-214.9225	4.440195	0.01861197	0.0007735592	0.01783841	0.0007735592
8490	-209.9444	-215.9368	5.992438	0.02121618	0.002813257	0.01840292	0.002813257
8500	-210.1366	-216.0625	5.925885	0.01802545	0.003291847	0.0147336	0.003291847
8510	-210.1456	-216.2485	6.102912	0.01981729	0.004033012	0.01578427	0.004033012
8520	-209.8549	-215.8337	5.978771	0.02046446	0.002847182	0.01761728	0.002847182
8530	-212.5176	-218.0855	5.567927	0.01545709	0.005031995	0.0104251	0.005031995
8540	-210.3399	-216.4206	6.0807	0.01926252	0.004363373	0.01489914	0.004363373
8550	-213.1055	-219.4379	6.332405	0.02830102	0.009799909	0.01850111	0.009799909
8560	-210.5614	-216.6748	6.113316	0.01968313	0.00499948	0.01468365	0.00499948
8570	-209.8503	-215.7842	5.933842	0.02061526	0.002640468	0.01797479	0.002640468
8580	-209.8494	-215.4021	5.552709	0.01789994	0.001880648	0.01601929	0.001880648
8590	-214.3738	-220.7275	6.353675	0.03120545	0.006623606	0.02458185	0.006623606
8600	-210.211	-216.1123	5.901314	0.01771992	0.003281873	0.01443805	0.003281873
8610	-209.7928	-215.3067	5.513924	0.01906749	0.001713637	0.01735385	0.001713637
8620	-210.997	-217.2483	6.251211	0.02239273	0.006373039	0.01601969	0.006373039
8630	-210.7942	-217.0627	6.268472	0.02249495	0.005784123	0.01671082	0.005784123
8640	-214.5718	-220.0016	5.429792	0.02944041	0.001632799	0.02780761	0.001632799
8650	-209.9524	-216.0256	6.073205	0.0206999	0.003329232	0.01737066	0.003329232
8660	-210.3848	-216.4815	6.09672	0.01944815	0.004531226	0.01491692	0.004531226
8670	-211.1032	-217.0607	5.957481	0.02475279	0.002571154	0.02218164	0.002571154
8680	-210.8725	-217.173	6.300531	0.02334442	0.00566998	0.01767444	0.00566998
8690	-211.4345	-217.6925	6.257969	0.02333229	0.007398326	0.01593396	0.007398326
8700	-210.0498	-216.1016	6.05174	0.02171656	0.003035835	0.01868073	0.003035835
8710	-213.4236	-219.7832	6.359617	0.02962482	0.006165202	0.02345962	0.006165202
8720	-210.9624	-216.467	5.504547	0.01513309	0.002388772	0.01274432	0.002388772
8730	-213.2979	-218.1239	4.826004	0.01217921	0.001702087	0.01047713	0.001702087
8740	-211.747	-218.0914	6.34441	0.02635515	0.005426681	0.02092847	0.005426681
8750	-210.2245	-215.4447	5.220189	0.02094042	0.001278243	0.01966217	0.001278243
8760	-212.0177	-218.0266	6.008897	0.02113721	0.008236644	0.01290057	0.008236644
8770	-210.5271	-216.4191	5.89198	0.02329183	0.002371557	0.02092027	0.002371557
8780	-213.3686	-219.6209	6.252314	0.02807379	0.01115947	0.01691432	0.01115947
8790	-214.2024	-220.4051	6.202619	0.02970139	0.01286398	0.01683741	0.01286398
8800	-210.4978	-215.9452	5.447376	0.01576212	0.001989941	0.01377218	0.001989941
8810	-210.0225	-215.2075	5.184999	0.01741318	0.001356977	0.0160562	0.001356977
8820	-210.6034	-216.8572	6.253759	0.02214286	0.005292965	0.01684989	0.005292965
8830	-210.2855	-215.9105	5.625005	0.02214751	0.001795127	0.02035238	0.001795127
8840	-212.7385	-219.0407	6.302187	0.02707019	0.00968178	0.01738841	0.00968178
8850	-209.9144	-215.8953	5.980847	0.02103485	0.00278322	0.01825163	0.00278322
8860	-210.5445	-216.6403	6.095774	0.01943271	0.004874774	0.01455793	0.004874774
8870	-211.2719	-217.5311	6.259145	0.02301499	0.007018918	0.01599607	0.007018918
8880	-210.8323	-217.1337	6.301396	0.02374318	0.005150086	0.01859309	0.005150086
8890	-211.4284	-217.7644	6.335967	0.02557842	0.005333853	0.02024457	0.005333853
8900	-211.6732	-217.7634	6.090138	0.02136257	0.007708777	0.0136538	0.007708777
8910	-211.2383	-216.9203	5.681942	0.01555713	0.00340453	0.0121526	0.00340453
8920	-210.0763	-215.9301	5.853809	0.01772332	0.002925968	0.01479736	0.002925968
8930	-211.6865	-217.9412	6.254651	0.02385127	0.007971261	0.01588001	0.007971261
8940	-212.0859	-216.7937	4.70786	0.02450549	0.0008931344	0.02361235	0.0008931344
8950	-210.2331	-216.3012	6.068101	0.01920684	0.004090833	0.015116	0.004090833
8960	-210.6085	-215.7569	5.148432	0.02205754	0.001201263	0.02085628	0.001201263
8970	-210.3705	-216.5724	6.20184	0.02272428	0.003925427	0.01879885	0.003925427
8980	-209.8043	-215.6877	5.883408	0.01910776	0.002664663	0.0164431	0.002664663
8990	-212.9783	-218.5889	5.610548	0.02749105	0.001842549	0.0256485	0.001842549
9000	-210.2789	-216.4304	6.151565	0.02033857	0.004478986	0.01585958	0.004478986
9010	-213.6027	-219.0975	5.494756	0.02822012	0.001682432	0.02653769	0.001682432
9020	-210.578	-216.8462	6.268152	0.02282647	0.004872845	0.01795363	0.004872845
9030	-209.7584	-215.5334	5.774995	0.01959123	0.002232761	0.01735847	0.002232761
9040	-211.2737	-217.6012	6.32754	0.02518924	0.005218712	0.01997053	0.005218712
9050	-210.6862	-216.9703	6.284167	0.02315953	0.005066038	0.01809349	0.005066038
9060	-210.9483	-217.2044	6.256049	0.02240928	0.006240873	0.01616841	0.006240873
9070	-210.9428	-217.136	6.193203	0.02132849	0.006218241	0.01511025	0.006218241
9080	-212.8185	-219.2019	6.3834	0.02850296	0.006877488	0.02162547	0.006877488
9090	-210.594	-216.1421	5.548083	0.02288194	0.001665064	0.02121688	0.001665064
9100	-210.1225	-216.2766	6.154028	0.02148695	0.003771689	0.01771526	0.003771689
9110	-211.5254	-217.007	5.48163	0.01453313	0.00269739	0.01183574	0.00269739
9120	-210.459	-216.4995	6.040557	0.02325581	0.002883558	0.02037225	0.002883558
9130	-210.8697	-217	6.130288	0.02022763	0.005814459	0.01441317	0.005814459
9140	-210.1369	-215.2541	5.117161	0.02016999	0.001192013	0.01897798	0.001192013
9150	-209.9334	-215.8102	5.876821	0.01828808	0.002841417	0.01544666	0.002841417
9160	-212.8633	-218.7604	5.897114	0.02229774	0.01008751	0.01221023	0.01008751
9170	-211.8407	-217.8196	5.978852	0.02013949	0.007510651	0.01262883	0.007510651
9180	-210.8454	-216.5233	5.677864	0.01579196	0.002954153	0.01283781	0.002954153
9190	-210.7054	-216.8397	6.134222	0.02008976	0.00543351	0.01465625	0.00543351
9200	-211.3913	-217.593	6.201654	0.0256441	0.003731911	0.02191219	0.003731911
9210	-209.8504	-215.4292	5.578775	0.01788908	0.001937061	0.01595202	0.001937061
9220	-211.94	-218.2775	6.337496	0.02570644	0.007856882	0.01784956	0.007856882
9230	-210.6361	-216.9131	6.277048	0.02299955	0.004983658	0.01801589	0.004983658
9240	-210.3596	-215.7343	5.374763	0.01601232	0.001779378	0.01423294	0.001779378
9250	-210.616	-215.2138	4.597806	0.02048066	0.0008321788	0.01964848	0.0008321788
9260	-210.7497	-215.7236	4.973914	0.02204358	0.001058688	0.02098489	0.001058688
9270	-210.9333	-217.2447	6.311412	0.02372826	0.005618105	0.01811016	0.005618105
9280	-212.8312	-219.143	6.311827	0.02741153	0.009716236	0.0176953	0.009716236
9290	-210.2361	-215.7343	5.498263	0.01638791	0.001981515	0.0144064	0.001981515
9300	-211.9643	-218.3366	6.372302	0.02655183	0.006694162	0.01985767	0.006694162
9310	-210.3846	-216.5305	6.145926	0.02015527	0.00472248	0.01543279	0.00472248
9320	-210.2954	-216.4439	6.148554	0.02263257	0.003502457	0.01913011	0.003502457
9330	-211.3823	-217.7069	6.324618	0.02552256	0.005092288	0.02043027	0.005092288
9340	-210.7788	-216.4557	5.676941	0.02357997	0.001880504	0.02169947	0.001880504
9350	-210.7893	-217.0655	6.27625	0.02266997	0.005714718	0.01695525	0.005714718
9360	-210.8908	-217.1741	6.283232	0.02428114	0.004593126	0.01968801	0.004593126
9370	-209.8255	-215.7703	5.944774	0.01950836	0.002859505	0.01664885	0.002859505
9380	-210.6314	-216.8732	6.241778	0.02359562	0.004182094	0.01941353	0.004182094
9390	-210.606	-216.8222	6.216258	0.02135569	0.005402657	0.01595304	0.005402657
9400	-211.9044	-218.127	6.222556	0.02391469	0.008517449	0.01539724	0.008517449
9410	-211.8194	-217.6122	5.792835	0.01713928	0.005607752	0.01153153	0.005607752
9420	-209.7813	-215.3502	5.568958	0.01928569	0.001796585	0.01748911	0.001796585
9430	-209.8792	-215.8851	6.005944	0.01976799	0.003132247	0.01663574	0.003132247
9440	-209.9603	-215.3166	5.356254	0.01740419	0.001582814	0.01582138	0.001582814
9450	-210.0843	-216.2066	6.122315	0.02036383	0.003903349	0.01646048	0.003903349
9460	-210.4038	-216.6281	6.22426	0.02268245	0.004181283	0.01850117	0.004181283
9470	-211.9746	-218.1509	6.176336	0.02344031	0.00869489	0.01474542	0.00869489
9480	-213.835	-219.8068	5.971751	0.02631734	0.01286187	0.01345548	0.01286187
9490	-211.365	-216.6727	5.307701	0.01433366	0.00204375	0.01228991	0.00204375
9500	-211.0812	-217.1244	6.043185	0.01927318	0.005831193	0.01344198	0.005831193
9510	-210.0176	-215.2836	5.266032	0.01724061	0.001468499	0.01577211	0.001468499
9520	-210.2555	-215.0503	4.79474	0.01931584	0.0009594869	0.01835636	0.0009594869
9530	-210.9363	-217.2497	6.313355	0.02392017	0.005442815	0.01847735	0.005442815
9540	-210.0647	-216.1977	6.133057	0.02114003	0.003681874	0.01745815	0.003681874
9550	-210.4089	-216.6403	6.231387	0.02187666	0.00473421	0.01714245	0.00473421
9560	-210.2108	-216.2957	6.084935	0.01944804	0.004114441	0.0153336	0.004114441
9570	-210.6251	-216.5891	5.963947	0.01787949	0.004254322	0.01362517	0.004254322
9580	-213.4694	-219.0002	5.530795	0.01914035	0.009132859	0.01000749	0.009132859
9590	-209.9553	-216.0255	6.070222	0.02085598	0.003273651	0.01758233	0.003273651
9600	-212.5303	-218.1931	5.662814	0.01718714	0.006555532	0.01063161	0.006555532
9610	-210.1767	-215.4131	5.236376	0.01658374	0.00148341	0.01510033	0.00148341
9620	-213.463	-219.4875	6.024502	0.02579861	0.01204111	0.0137575	0.01204111
9630	-211.3687	-216.6302	5.261539	0.02411627	0.001313866	0.02280241	0.001313866
9640	-213.8582	-220.2161	6.35791	0.03024199	0.009920281	0.02032171	0.009920281
9650	-211.4107	-217.7586	6.347944	0.02507724	0.006267558	0.01880968	0.006267558
9660	-210.0637	-216.084	6.020218	0.01899453	0.003573676	0.01542085	0.003573676
9670	-214.0845	-220.3932	6.308745	0.03034841	0.01134135	0.01900706	0.01134135
9680	-210.0035	-216.1017	6.098158	0.02041828	0.003614605	0.01680367	0.003614605
9690	-213.9993	-219.7679	5.768531	0.02454642	0.01276767	0.01177875	0.01276767
9700	-210.613	-216.7729	6.159905	0.0204078	0.00531326	0.01509454	0.00531326
9710	-211.9182	-217.581	5.662809	0.02585123	0.001886367	0.02396486	0.001886367
9720	-210.5003	-216.4026	5.902268	0.0232332	0.002401712	0.02083149	0.002401712
9730	-212.0884	-217.1449	5.05644	0.01334169	0.001761256	0.01158043	0.001761256
9740	-209.9423	-215.9742	6.031864	0.01961293	0.003363587	0.01624934	0.003363587
9750	-210.64	-216.9173	6.277379	0.0230997	0.004916496	0.0181832	0.004916496
9760	-210.9518	-217.2667	6.314866	0.02395332	0.005477924	0.01847539	0.005477924
9770	-211.098	-217.2794	6.181438	0.02141359	0.006573838	0.01483975	0.006573838
9780	-213.1786	-218.8547	5.676161	0.02025471	0.009503747	0.01075097	0.009503747
9790	-209.9359	-215.8386	5.902694	0.01843492	0.002933859	0.01550106	0.002933859
9800	-210.4388	-216.0474	5.608652	0.01612644	0.002384005	0.01374244	0.002384005
9810	-212.8936	-219.0913	6.197671	0.02620976	0.01063658	0.01557318	0.01063658
9820	-210.8647	-215.8967	5.031974	0.01498177	0.001387175	0.01359459	0.001387175
9830	-213.2876	-219.5622	6.274519	0.0281088	0.01082705	0.01728175	0.01082705
9840	-212	-217.8479	5.847875	0.01853641	0.006841621	0.01169478	0.006841621
9850	-211.9068	-218.2768	6.370014	0.02636255	0.00676343	0.01959912	0.00676343
9860	-216.1501	-220.7077	4.55763	0.01511074	0.008126673	0.006984064	0.008126673
9870	-210.3071	-216.5177	6.210641	0.02163854	0.004455862	0.01718268	0.004455862
9880	-210.4312	-216.6673	6.236101	0.02266177	0.004346752	0.01831502	0.004346752
9890	-210.3278	-216.5312	6.203357	0.02247208	0.003997827	0.01847426	0.003997827
9900	-210.0186	-215.0853	5.066666	0.01819	0.001198069	0.01699193	0.001198069
9910	-209.8823	-215.9003	6.017974	0.02044772	0.003045697	0.01740202	0.003045697
9920	-210.5384	-216.3357	5.797343	0.01666526	0.003189747	0.01347552	0.003189747
9930	-210.7866	-216.6655	5.878844	0.01706827	0.003985948	0.01308232	0.003985948
9940	-212.3799	-218.6771	6.297224	0.02613277	0.009119044	0.01701373	0.009119044
9950	-210.3559	-215.7932	5.43731	0.01605193	0.001904034	0.01414789	0.001904034
9960	-211.1404	-217.2345	6.094079	0.02014341	0.006309742	0.01383367	0.006309742
9970	-210.1212	-215.9257	5.804515	0.01738162	0.002789752	0.01459187	0.002789752
9980	-210.4292	-216.6572	6.228	0.02278725	0.004197863	0.01858939	0.004197863
9990	-209.8801	-215.7865	5.906415	0.01871352	0.002865711	0.01584781	0.002865711
10000	-211.865	-217.3839	5.518821	0.01451127	0.003210036	0.01130123	0.003210036
