Iteration	Posterior	Likelihood	Prior	birth_rate	death_rate	diversification	turnover
0	-213.1001	-219.4528	6.352762	0.02895129	0.005815977	0.02313531	0.005815977
10	-210.4356	-215.8982	5.462584	0.01596396	0.001981505	0.01398245	0.001981505
20	-214.4279	-220.1602	5.732249	0.02546834	0.01373769	0.01173066	0.01373769
30	-210.4479	-216.6036	6.155683	0.0202962	0.004819211	0.01547698	0.004819211
40	-216.8701	-223.1906	6.32048	0.03510384	0.008810338	0.0262935	0.008810338
50	-223.2804	-228.8098	5.529483	0.04878116	0.03232222	0.01645893	0.03232222
60	-229.7888	-235.1738	5.38505	0.06300244	0.04002968	0.02297276	0.04002968
70	-233.0458	-238.1681	5.122299	0.07178868	0.0493148	0.02247388	0.0493148
80	-212.781	-219.114	6.332985	0.02835235	0.005314376	0.02303798	0.005314376
90	-210.6681	-216.8432	6.175121	0.02066242	0.005410099	0.01525232	0.005410099
100	-210.4898	-216.7041	6.214325	0.02133747	0.004982831	0.01635464	0.004982831
110	-214.9093	-221.222	6.312663	0.03210162	0.01183462	0.020267	0.01183462
120	-209.9139	-215.805	5.891042	0.02083355	0.002468703	0.01836485	0.002468703
130	-218.7506	-224.6997	5.949086	0.03912529	0.02139122	0.01773407	0.02139122
140	-241.8122	-246.6348	4.822591	0.08348373	0.05017886	0.03330486	0.05017886
150	-217.322	-223.6302	6.308167	0.03578341	0.009142915	0.02664049	0.009142915
160	-216.5441	-222.873	6.328885	0.03490223	0.010063	0.02483924	0.010063
170	-213.1917	-219.4795	6.287823	0.0279189	0.0104846	0.0174343	0.0104846
180	-216.3851	-222.7047	6.319672	0.03483004	0.01127542	0.02355462	0.01127542
190	-214.0708	-219.9258	5.854968	0.02565923	0.01316191	0.01249733	0.01316191
200	-218.548	-224.7926	6.244542	0.03834664	0.01300299	0.02534365	0.01300299
210	-218.5224	-224.5212	5.998791	0.03878109	0.02044928	0.0183318	0.02044928
220	-221.286	-227.357	6.070956	0.0389175	0.005570628	0.03334687	0.005570628
230	-211.5198	-217.8455	6.325626	0.02575707	0.005081731	0.02067534	0.005081731
240	-230.8278	-236.3061	5.47826	0.0459934	0.003432198	0.04256121	0.003432198
250	-229.4705	-235.0605	5.589972	0.05852503	0.03025829	0.02826674	0.03025829
260	-212.3795	-218.7393	6.359876	0.02691897	0.008138795	0.01878017	0.008138795
270	-224.4146	-230.2048	5.790193	0.05050909	0.02727478	0.02323431	0.02727478
280	-230.7183	-236.3462	5.627891	0.05751188	0.02513943	0.03237245	0.02513943
290	-210.3988	-216.5637	6.164962	0.02283358	0.003594862	0.01923872	0.003594862
300	-226.5517	-232.4493	5.897619	0.0497854	0.01817095	0.03161445	0.01817095
310	-212.9807	-219.311	6.330306	0.02870327	0.005326674	0.02337659	0.005326674
320	-242.8272	-248.0189	5.191682	0.06701989	0.02238622	0.04463367	0.02238622
330	-214.7905	-220.9783	6.18773	0.03113083	0.004228087	0.02690275	0.004228087
340	-224.47	-230.2296	5.759677	0.05087798	0.02834805	0.02252994	0.02834805
350	-216.412	-221.0178	4.605743	0.0119512	0.004668598	0.007282601	0.004668598
360	-212.9657	-219.3484	6.382686	0.02851849	0.008080385	0.0204381	0.008080385
370	-213.4663	-219.5621	6.095842	0.02899451	0.003346382	0.02564813	0.003346382
380	-212.2698	-215.7766	3.506855	0.02234072	0.0004548094	0.02188591	0.0004548094
390	-222.6359	-228.1822	5.546254	0.04719564	0.0311599	0.01603574	0.0311599
400	-216.8668	-222.5183	5.651508	0.03217748	0.01959091	0.01258657	0.01959091
410	-229.0022	-233.8234	4.821196	0.06258261	0.04906932	0.0135133	0.04906932
420	-211.1179	-216.7571	5.639164	0.01542346	0.003011397	0.01241206	0.003011397
430	-218.4346	-224.6911	6.256524	0.03674932	0.00774956	0.02899976	0.00774956
440	-217.0221	-223.0767	6.054619	0.03551666	0.0180813	0.01743537	0.0180813
450	-214.2667	-220.4261	6.159445	0.02936717	0.01322757	0.0161396	0.01322757
460	-216.296	-222.4218	6.125799	0.03418902	0.0163681	0.01782092	0.0163681
470	-215.516	-221.5262	6.010141	0.03163758	0.003246443	0.02839113	0.003246443
480	-218.1887	-223.036	4.847286	0.02999093	0.02121721	0.008773712	0.02121721
490	-220.4074	-226.5849	6.177434	0.04104899	0.01386822	0.02718076	0.01386822
500	-211.1319	-216.8855	5.753576	0.02438924	0.002036792	0.02235245	0.002036792
510	-222.9748	-228.4719	5.497129	0.04790298	0.03216517	0.01573781	0.03216517
520	-216.3661	-222.6308	6.26468	0.03490054	0.01364588	0.02125465	0.01364588
530	-216.3825	-222.3614	5.978927	0.03340625	0.01780741	0.01559884	0.01780741
540	-214.434	-220.8022	6.368134	0.03138567	0.009588455	0.02179722	0.009588455
550	-211.7563	-217.9998	6.243524	0.02376399	0.008074601	0.01568939	0.008074601
560	-218.3373	-224.5572	6.219872	0.03615363	0.006355934	0.0297977	0.006355934
570	-214.0431	-220.4226	6.379485	0.03068013	0.007558735	0.02312139	0.007558735
580	-215.1293	-220.8671	5.737799	0.02775867	0.01557226	0.01218641	0.01557226
590	-212.7369	-217.6394	4.902514	0.01268189	0.001664149	0.01101774	0.001664149
600	-214.7198	-220.1583	5.43851	0.02319313	0.01316829	0.01002484	0.01316829
610	-212.466	-218.7235	6.257471	0.02768067	0.004295375	0.02338529	0.004295375
620	-212.9949	-219.3796	6.384769	0.02874962	0.007022926	0.0217267	0.007022926
630	-211.1153	-217.1546	6.039301	0.01922029	0.005811571	0.01340872	0.005811571
640	-212.7842	-219.0476	6.263483	0.02661779	0.01003306	0.01658473	0.01003306
650	-209.8183	-215.6668	5.848415	0.0191242	0.002524086	0.01660012	0.002524086
660	-218.1974	-223.8365	5.639097	0.03585258	0.02247998	0.0133726	0.02247998
670	-227.8872	-232.8705	4.983331	0.05976646	0.04555532	0.01421114	0.04555532
680	-218.6525	-224.913	6.260505	0.03727234	0.008569428	0.02870291	0.008569428
690	-215.4618	-221.4047	5.942966	0.0306315	0.01628757	0.01434393	0.01628757
700	-213.7237	-219.9683	6.24457	0.02879474	0.01171788	0.01707686	0.01171788
710	-209.8774	-215.7708	5.893376	0.01885353	0.002763623	0.01608991	0.002763623
720	-222.6896	-228.5565	5.866965	0.04724266	0.02526478	0.02197788	0.02526478
730	-214.4278	-220.7058	6.277958	0.0308902	0.005072151	0.02581805	0.005072151
740	-214.0557	-220.2651	6.209461	0.03013134	0.004220538	0.0259108	0.004220538
750	-213.8281	-219.1309	5.302745	0.01585533	0.006798078	0.009057247	0.006798078
760	-212.9342	-217.9429	5.00876	0.01261431	0.001966318	0.01064799	0.001966318
770	-210.548	-216.6937	6.145679	0.02014006	0.005026406	0.01511365	0.005026406
780	-210.4394	-216.3817	5.942289	0.01777407	0.003759968	0.01401411	0.003759968
790	-211.7262	-217.6354	5.909166	0.01862547	0.006463377	0.0121621	0.006463377
800	-221.4788	-226.963	5.484179	0.04388219	0.02956585	0.01431634	0.02956585
810	-217.2822	-223.4555	6.173362	0.03657749	0.01630843	0.02026905	0.01630843
820	-229.2207	-234.4514	5.230761	0.06333197	0.0445949	0.01873707	0.0445949
830	-242.5544	-247.8918	5.33747	0.06157092	0.01402597	0.04754495	0.01402597
840	-238.5044	-243.3745	4.870096	0.08305009	0.05615211	0.02689798	0.05615211
850	-212.1648	-218.4634	6.29864	0.02554151	0.008641773	0.01689973	0.008641773
860	-218.3366	-224.5369	6.200305	0.03846023	0.01543692	0.02302331	0.01543692
870	-216.8399	-222.87	6.030186	0.03335421	0.003605924	0.02974829	0.003605924
880	-213.0963	-218.6677	5.571379	0.01787137	0.007732008	0.01013936	0.007732008
890	-220.9114	-227.0831	6.171759	0.04138099	0.01295402	0.02842698	0.01295402
900	-218.2299	-224.1519	5.922035	0.03774267	0.02105135	0.01669131	0.02105135
910	-209.84	-215.7153	5.875345	0.01904794	0.002642341	0.0164056	0.002642341
920	-217.2549	-223.3805	6.12562	0.03638736	0.01727503	0.01911233	0.01727503
930	-217.5801	-223.2375	5.657377	0.03425834	0.02115112	0.01310722	0.02115112
940	-219.6586	-225.8386	6.180039	0.04038116	0.01508496	0.0252962	0.01508496
950	-218.1845	-223.2601	5.075672	0.03169067	0.02195517	0.009735505	0.02195517
960	-220.8416	-226.4547	5.613032	0.04282731	0.02763966	0.01518765	0.02763966
970	-215.6987	-221.987	6.288247	0.0328208	0.005877805	0.02694299	0.005877805
980	-219.5581	-225.6757	6.117538	0.04079037	0.01791221	0.02287816	0.01791221
990	-223.3962	-229.4811	6.084894	0.04406562	0.01264593	0.03141969	0.01264593
1000	-211.985	-218.3529	6.367979	0.02631569	0.007068193	0.01924749	0.007068193
1010	-211.2372	-217.5465	6.309277	0.02507076	0.004872741	0.02019802	0.004872741
1020	-215.7072	-221.8551	6.147908	0.03291418	0.01540684	0.01750734	0.01540684
1030	-217.261	-223.5525	6.291428	0.03628194	0.01197668	0.02430525	0.01197668
1040	-215.9687	-222.183	6.214241	0.03391612	0.01468659	0.01922953	0.01468659
1050	-216.0249	-222.3114	6.286443	0.03427175	0.01292986	0.02134188	0.01292986
1060	-214.6714	-220.9304	6.258954	0.03118662	0.004919556	0.02626706	0.004919556
1070	-213.0427	-219.4295	6.386825	0.02876613	0.007712053	0.02105408	0.007712053
1080	-217.63	-223.8736	6.243611	0.03714814	0.01409026	0.02305788	0.01409026
1090	-213.6556	-220.0377	6.382071	0.02993034	0.008606802	0.02132354	0.008606802
1100	-211.9802	-217.706	5.725787	0.01645892	0.005238423	0.01122049	0.005238423
1110	-214.6807	-220.4022	5.72147	0.02617841	0.01438326	0.01179515	0.01438326
1120	-227.1404	-231.6972	4.556805	0.05575957	0.04498745	0.01077211	0.04498745
1130	-216.5693	-222.7308	6.161521	0.03500974	0.01610501	0.01890473	0.01610501
1140	-216.396	-222.5935	6.197443	0.03336173	0.00485741	0.02850432	0.00485741
1150	-223.1101	-228.829	5.718918	0.0485521	0.02919866	0.01935345	0.02919866
1160	-222.0904	-228.2337	6.143269	0.04148816	0.009686096	0.03180206	0.009686096
1170	-214.1943	-220.5748	6.380502	0.03096858	0.008384808	0.02258377	0.008384808
1180	-213.3894	-219.6522	6.262851	0.0292413	0.004553402	0.02468789	0.004553402
1190	-225.501	-231.4818	5.980766	0.04369174	0.007241596	0.03645015	0.007241596
1200	-212.478	-218.852	6.373962	0.02736397	0.007844111	0.01951986	0.007844111
1210	-219.5416	-225.7774	6.23584	0.03894909	0.010513	0.02843609	0.010513
1220	-211.095	-217.4186	6.323581	0.02434754	0.005479892	0.01886765	0.005479892
1230	-216.4654	-222.7904	6.324974	0.0343638	0.007965397	0.0263984	0.007965397
1240	-214.8068	-221.1774	6.370682	0.03204709	0.008887061	0.02316003	0.008887061
1250	-209.8559	-215.4301	5.574228	0.0181176	0.001901629	0.01621597	0.001901629
1260	-218.3089	-224.4009	6.092075	0.03536519	0.004468523	0.03089667	0.004468523
1270	-221.1712	-227.2983	6.127099	0.04254944	0.01560855	0.02694088	0.01560855
1280	-214.273	-217.2957	3.022776	0.02531888	0.0003674934	0.02495138	0.0003674934
1290	-211.4388	-217.7477	6.308889	0.02412072	0.007050122	0.0170706	0.007050122
1300	-214.5126	-220.8499	6.337328	0.03139675	0.01092546	0.02047129	0.01092546
1310	-223.5329	-229.1263	5.593436	0.04951412	0.0318283	0.01768582	0.0318283
1320	-219.9831	-226.1227	6.139619	0.0377575	0.005922704	0.03183479	0.005922704
1330	-214.5886	-220.9022	6.313534	0.03141727	0.01162277	0.0197945	0.01162277
1340	-214.6631	-220.7519	6.088855	0.02975968	0.01428913	0.01547055	0.01428913
1350	-215.1137	-221.4555	6.341717	0.0322514	0.006828949	0.02542245	0.006828949
1360	-226.1962	-229.3388	3.142575	0.04566802	0.03951626	0.006151768	0.03951626
1370	-214.7124	-221.001	6.288577	0.03135708	0.005347957	0.02600912	0.005347957
1380	-212.4572	-218.7895	6.3323	0.02669281	0.008787713	0.01790509	0.008787713
1390	-219.863	-225.0098	5.146748	0.03726928	0.02644777	0.01082151	0.02644777
1400	-214.8794	-221.2493	6.369894	0.03215225	0.008664124	0.02348812	0.008664124
1410	-210.7345	-216.7819	6.047464	0.01887021	0.004948756	0.01392145	0.004948756
1420	-217.3191	-223.5761	6.256968	0.03659724	0.01370959	0.02288765	0.01370959
1430	-210.8771	-216.9057	6.028569	0.01874299	0.005149901	0.01359309	0.005149901
1440	-214.4049	-220.6995	6.294556	0.03087533	0.01187864	0.01899669	0.01187864
1450	-223.5626	-229.1353	5.572602	0.04956146	0.03216839	0.01739308	0.03216839
1460	-227.4712	-232.137	4.665838	0.05729372	0.04575344	0.01154028	0.04575344
1470	-220.2363	-226.3752	6.138882	0.04151987	0.01643633	0.02508355	0.01643633
1480	-212.1358	-216.3826	4.246749	0.01351413	0.0008543415	0.01265979	0.0008543415
1490	-219.3156	-225.53	6.214446	0.03954435	0.01359684	0.02594751	0.01359684
1500	-222.2709	-228.3837	6.112799	0.04080519	0.007617821	0.03318737	0.007617821
1510	-211.2187	-216.6252	5.406557	0.01467466	0.002223395	0.01245127	0.002223395
1520	-214.6872	-220.9661	6.278822	0.03128186	0.005190798	0.02609106	0.005190798
1530	-214.2904	-220.6686	6.378155	0.03111964	0.007903654	0.02321598	0.007903654
1540	-213.6407	-219.6772	6.036475	0.0263622	0.01237329	0.01398891	0.01237329
1550	-210.1567	-216.1746	6.017878	0.0220559	0.002848006	0.0192079	0.002848006
1560	-214.4844	-220.7835	6.299133	0.03108913	0.01186071	0.01922842	0.01186071
1570	-211.8266	-217.7555	5.928814	0.01922111	0.006964145	0.01225696	0.006964145
1580	-229.5671	-235.4152	5.848052	0.05003236	0.01255835	0.03747401	0.01255835
1590	-220.1256	-226.3214	6.195825	0.04047527	0.01314098	0.02733429	0.01314098
1600	-210.7419	-217.028	6.286015	0.02313172	0.005153309	0.01797842	0.005153309
1610	-214.9261	-221.26	6.333933	0.03189939	0.006410886	0.02548851	0.006410886
1620	-216.5873	-222.832	6.244708	0.03385487	0.00561454	0.02824033	0.00561454
1630	-215.2482	-221.4654	6.217177	0.03228675	0.01398625	0.01830049	0.01398625
1640	-212.079	-218.4375	6.358469	0.02627239	0.00762984	0.01864255	0.00762984
1650	-210.8334	-216.9868	6.153344	0.02048571	0.005742419	0.01474329	0.005742419
1660	-211.6316	-217.9559	6.324331	0.02476582	0.007318763	0.01744706	0.007318763
1670	-216.1525	-222.2875	6.135009	0.03390265	0.01608865	0.01781401	0.01608865
1680	-212.8546	-217.6946	4.840011	0.01255225	0.001586894	0.01096535	0.001586894
1690	-212.1434	-218.5151	6.371703	0.02701495	0.006264528	0.02075042	0.006264528
1700	-209.8039	-215.4095	5.605576	0.01901917	0.001884565	0.01713461	0.001884565
1710	-213.0041	-219.3561	6.352081	0.02819707	0.009225407	0.01897166	0.009225407
1720	-228.8438	-234.4315	5.587626	0.05828601	0.03153087	0.02675514	0.03153087
1730	-210.4128	-216.6314	6.218604	0.02255546	0.004147493	0.01840797	0.004147493
1740	-210.9447	-217.2533	6.308624	0.02397256	0.005216414	0.01875615	0.005216414
1750	-224.3013	-230.0244	5.723057	0.05086468	0.02954285	0.02132183	0.02954285
1760	-215.9914	-222.3345	6.343043	0.03404382	0.009866623	0.02417719	0.009866623
1770	-213.9482	-220.3314	6.383216	0.03052446	0.007960365	0.0225641	0.007960365
1780	-223.0614	-229.1643	6.102818	0.04219971	0.009016789	0.03318292	0.009016789
1790	-210.0965	-216.2067	6.11013	0.02148831	0.003412606	0.01807571	0.003412606
1800	-220.6204	-226.7965	6.176086	0.03914349	0.007683642	0.03145985	0.007683642
1810	-225.2522	-230.8273	5.575129	0.05337199	0.03373158	0.01964041	0.03373158
1820	-210.4679	-216.6865	6.21863	0.02286873	0.004067173	0.01880156	0.004067173
1830	-218.7184	-224.9584	6.240016	0.03696964	0.007435996	0.02953365	0.007435996
1840	-218.2303	-224.2639	6.03355	0.03823815	0.01963679	0.01860136	0.01963679
1850	-216.0586	-221.8081	5.749479	0.03064654	0.01776848	0.01287806	0.01776848
1860	-215.5878	-221.591	6.003193	0.03149194	0.01631743	0.01517451	0.01631743
1870	-216.2037	-221.341	5.137349	0.02558913	0.01637913	0.009210002	0.01637913
1880	-210.5339	-215.9692	5.435289	0.0223578	0.001509201	0.0208486	0.001509201
1890	-218.7013	-224.9628	6.261505	0.0380547	0.01099942	0.02705528	0.01099942
1900	-211.9448	-218.1213	6.176499	0.02327136	0.008546098	0.01472526	0.008546098
1910	-213.3971	-219.6098	6.212662	0.02762335	0.01143079	0.01619256	0.01143079
1920	-211.9631	-218.3338	6.370696	0.0265127	0.006465154	0.02004755	0.006465154
1930	-212.9767	-219.3597	6.383024	0.0287247	0.006869726	0.02185498	0.006869726
1940	-210.2559	-216.3885	6.132547	0.02231711	0.003432255	0.01888485	0.003432255
1950	-227.0249	-232.6181	5.59318	0.05636283	0.0332963	0.02306653	0.0332963
1960	-211.1687	-217.3965	6.227795	0.02222685	0.006725445	0.0155014	0.006725445
1970	-216.5165	-222.8243	6.307734	0.03422118	0.007136192	0.02708498	0.007136192
1980	-214.4393	-220.7169	6.277609	0.03082618	0.01221119	0.018615	0.01221119
1990	-212.36	-218.712	6.352047	0.02675569	0.0082857	0.01846999	0.0082857
2000	-211.7538	-217.5768	5.822949	0.01736909	0.005653609	0.01171548	0.005653609
2010	-211.0302	-217.3411	6.310867	0.02436605	0.005079778	0.01928627	0.005079778
2020	-214.3895	-220.6854	6.295989	0.03085068	0.01183713	0.01901355	0.01183713
2030	-243.0304	-248.1909	5.160577	0.06803658	0.02373678	0.0442998	0.02373678
2040	-217.5747	-223.4255	5.85074	0.03563064	0.02054804	0.0150826	0.02054804
2050	-214.8497	-220.9278	6.078127	0.03092099	0.003484617	0.02743637	0.003484617
2060	-213.5046	-219.8766	6.371999	0.02970276	0.006595655	0.02310711	0.006595655
2070	-217.2585	-221.3658	4.107259	0.01626745	0.01009388	0.006173563	0.01009388
2080	-210.5696	-216.8281	6.25856	0.02247058	0.004911272	0.0175593	0.004911272
2090	-209.8523	-215.7952	5.942923	0.01972419	0.002806452	0.01691774	0.002806452
2100	-211.8858	-217.8899	6.004141	0.02057246	0.007732372	0.01284009	0.007732372
2110	-224.0868	-230.1417	6.054845	0.04499229	0.0131195	0.03187279	0.0131195
2120	-220.8964	-226.9399	6.04342	0.04327661	0.01991534	0.02336127	0.01991534
2130	-216.3252	-222.6329	6.307632	0.03391233	0.006903831	0.0270085	0.006903831
2140	-210.8399	-217.0581	6.218187	0.02154941	0.005911199	0.01563821	0.005911199
2150	-212.363	-218.5869	6.223814	0.02744681	0.003988141	0.02345867	0.003988141
2160	-216.4124	-222.7469	6.334552	0.03453363	0.009085089	0.02544855	0.009085089
2170	-211.3517	-217.4123	6.060634	0.02001724	0.006585097	0.01343215	0.006585097
2180	-210.7611	-216.5821	5.821042	0.02366016	0.002184345	0.02147581	0.002184345
2190	-218.3168	-224.0205	5.703682	0.03662521	0.02254561	0.0140796	0.02254561
2200	-212.5729	-217.6652	5.092251	0.02591936	0.001176153	0.02474321	0.001176153
2210	-211.3273	-217.6258	6.298559	0.02535119	0.004674893	0.02067629	0.004674893
2220	-212.8398	-219.0856	6.245776	0.02830585	0.00425804	0.02404781	0.00425804
2230	-243.1869	-248.5179	5.331014	0.06118325	0.01264172	0.04854153	0.01264172
2240	-215.6736	-220.4418	4.768199	0.01149335	0.003416823	0.008076529	0.003416823
2250	-214.4385	-220.6839	6.245436	0.03056722	0.01267992	0.01788731	0.01267992
2260	-216.5407	-222.7708	6.230146	0.03371119	0.00535538	0.02835581	0.00535538
2270	-214.7747	-220.9694	6.194679	0.03097454	0.01369806	0.01727649	0.01369806
2280	-218.3605	-224.577	6.216442	0.0384002	0.01474493	0.02365527	0.01474493
2290	-216.8319	-223.0457	6.213773	0.03574079	0.01516214	0.02057864	0.01516214
2300	-215.0161	-221.3817	6.365577	0.03231765	0.008147248	0.0241704	0.008147248
2310	-212.1543	-218.2955	6.141224	0.02334692	0.009006295	0.01434063	0.009006295
2320	-221.518	-227.5401	6.022012	0.04431352	0.02030695	0.02400657	0.02030695
2330	-213.5277	-218.9953	5.467561	0.0180781	0.008384215	0.009693881	0.008384215
2340	-227.2821	-232.0849	4.802764	0.05731585	0.04497143	0.01234442	0.04497143
2350	-220.0249	-226.2419	6.216985	0.03906701	0.009201388	0.02986562	0.009201388
2360	-222.0463	-228.0374	5.991101	0.03931632	0.00487179	0.03444453	0.00487179
2370	-219.737	-225.861	6.124019	0.04101836	0.01756653	0.02345183	0.01756653
2380	-210.6326	-216.8661	6.233506	0.02168577	0.005357029	0.01632874	0.005357029
2390	-218.9464	-223.5651	4.618649	0.03331183	0.0009794544	0.03233238	0.0009794544
2400	-216.5575	-221.4651	4.907628	0.02470448	0.01628797	0.008416516	0.01628797
2410	-211.3873	-217.3849	5.997592	0.01914304	0.006232058	0.01291098	0.006232058
2420	-211.1759	-217.4722	6.296307	0.02495359	0.00468117	0.02027242	0.00468117
2430	-209.804	-215.6207	5.816697	0.01915731	0.002408818	0.01674849	0.002408818
2440	-219.0555	-224.9696	5.914051	0.03970685	0.02219147	0.01751539	0.02219147
2450	-230.2622	-235.6105	5.348339	0.06420548	0.04127153	0.02293395	0.04127153
2460	-213.0943	-218.6841	5.589793	0.01822952	0.007999846	0.01022968	0.007999846
2470	-214.7647	-220.5434	5.778676	0.0270328	0.01474365	0.01228915	0.01474365
2480	-209.9471	-215.3767	5.429592	0.01998902	0.001543947	0.01844507	0.001543947
2490	-212.8838	-219.2608	6.37694	0.0285627	0.006492028	0.02207068	0.006492028
2500	-212.2904	-218.6658	6.37542	0.02732697	0.006405814	0.02092115	0.006405814
2510	-219.0102	-225.2456	6.235368	0.03739626	0.007708727	0.02968753	0.007708727
2520	-214.4476	-220.7764	6.328873	0.03111645	0.005955433	0.02516102	0.005955433
2530	-214.4253	-220.7266	6.301386	0.03097173	0.0117639	0.01920783	0.0117639
2540	-215.1386	-220.7645	5.625894	0.02668805	0.01531549	0.01137256	0.01531549
2550	-213.8777	-219.7168	5.839039	0.02485957	0.01261127	0.0122483	0.01261127
2560	-215.2327	-221.5705	6.337869	0.03283598	0.01102621	0.02180976	0.01102621
2570	-213.5912	-219.9416	6.350459	0.02949761	0.009906626	0.01959099	0.009906626
2580	-215.494	-221.7623	6.268284	0.03313454	0.01325185	0.01988269	0.01325185
2590	-210.8019	-217.0958	6.293922	0.02344559	0.005134438	0.01831116	0.005134438
2600	-219.565	-225.7885	6.223493	0.0395121	0.01227229	0.02723982	0.01227229
2610	-215.0097	-220.883	5.873306	0.02870303	0.01542181	0.01328121	0.01542181
2620	-212.6075	-218.9435	6.335966	0.02803787	0.005322435	0.02271543	0.005322435
2630	-218.4725	-224.7172	6.244643	0.03826666	0.01312564	0.02514102	0.01312564
2640	-219.0934	-225.3224	6.229044	0.03910065	0.01302431	0.02607634	0.01302431
2650	-219.8938	-226.1159	6.222149	0.03951448	0.0109652	0.02854927	0.0109652
2660	-218.3125	-224.5729	6.260385	0.03786707	0.01232304	0.02554403	0.01232304
2670	-210.903	-216.0435	5.140534	0.01494129	0.001543901	0.01339739	0.001543901
2680	-210.0754	-216.104	6.028575	0.01914758	0.003561784	0.0155858	0.003561784
2690	-212.2736	-218.1864	5.912812	0.02040182	0.008268558	0.01213326	0.008268558
2700	-213.8878	-220.2054	6.317527	0.03018494	0.005449673	0.02473527	0.005449673
2710	-210.974	-216.8623	5.888286	0.0242588	0.002359717	0.02189908	0.002359717
2720	-227.4179	-232.8738	5.455935	0.05830182	0.03780701	0.02049481	0.03780701
2730	-221.2013	-226.9649	5.763628	0.04429916	0.02666532	0.01763384	0.02666532
2740	-241.2683	-246.6482	5.379948	0.06083038	0.01443195	0.04639843	0.01443195
2750	-218.7199	-224.9584	6.238588	0.03860663	0.01309257	0.02551406	0.01309257
2760	-217.0412	-222.4933	5.452138	0.03108541	0.0198293	0.01125611	0.0198293
2770	-210.4095	-216.5211	6.111551	0.01965176	0.004575402	0.01507636	0.004575402
2780	-215.0629	-220.9772	5.914317	0.02924516	0.01551966	0.0137255	0.01551966
2790	-219.8391	-223.9369	4.097814	0.03023892	0.02327726	0.006961661	0.02327726
2800	-213.2553	-219.642	6.386658	0.02923962	0.00739399	0.02184563	0.00739399
2810	-219.2733	-225.3407	6.067388	0.04045495	0.01949861	0.02095634	0.01949861
2820	-226.0368	-231.9733	5.936462	0.04864824	0.01683878	0.03180946	0.01683878
2830	-215.4737	-221.6007	6.127049	0.03218705	0.0153155	0.01687155	0.0153155
2840	-217.6859	-223.5932	5.907362	0.03628889	0.02037707	0.01591182	0.02037707
2850	-211.369	-217.0768	5.707857	0.01570487	0.003713746	0.01199113	0.003713746
2860	-235.592	-240.3425	4.750426	0.08148695	0.06277368	0.01871327	0.06277368
2870	-227.939	-233.3588	5.419832	0.05955389	0.03900267	0.02055122	0.03900267
2880	-217.2296	-222.2825	5.052962	0.0284235	0.01916938	0.009254118	0.01916938
2890	-222.893	-228.9697	6.076713	0.04119148	0.007115686	0.03407579	0.007115686
2900	-216.7821	-223.1046	6.32251	0.034961	0.008704149	0.02625685	0.008704149
2910	-228.0332	-233.9089	5.875729	0.04577003	0.006940067	0.03882996	0.006940067
2920	-222.427	-228.4774	6.050415	0.04484218	0.01777692	0.02706526	0.01777692
2930	-221.538	-227.6204	6.082381	0.03933633	0.005942851	0.03339348	0.005942851
2940	-214.0898	-220.2103	6.120457	0.02851573	0.01311941	0.01539632	0.01311941
2950	-218.8651	-224.219	5.353839	0.03575079	0.02416538	0.01158541	0.02416538
2960	-214.9747	-221.3358	6.361075	0.03237223	0.009798751	0.02257348	0.009798751
2970	-216.9206	-221.2721	4.35153	0.01344851	0.006877623	0.006570884	0.006877623
2980	-213.4127	-219.508	6.095361	0.02636458	0.0118446	0.01451998	0.0118446
2990	-220.323	-226.5042	6.181206	0.04091794	0.01378843	0.02712951	0.01378843
3000	-219.5474	-225.5284	5.981001	0.04099693	0.02157711	0.01941982	0.02157711
3010	-233.6765	-234.6963	1.019862	0.06133011	0.0571649	0.004165202	0.0571649
3020	-219.4361	-225.6684	6.232322	0.03920294	0.01176752	0.02743542	0.01176752
3030	-218.793	-223.5854	4.792413	0.03337391	0.001102976	0.03227093	0.001102976
3040	-218.5135	-224.7089	6.195327	0.03875801	0.0155297	0.0232283	0.0155297
3050	-220.0175	-226.0637	6.046243	0.04185644	0.02012304	0.0217334	0.02012304
3060	-213.7383	-219.5271	5.788854	0.02380092	0.01202768	0.01177324	0.01202768
3070	-220.6089	-226.6154	6.006502	0.04302664	0.02125864	0.021768	0.02125864
3080	-210.6828	-216.2172	5.53434	0.01561548	0.002294454	0.01332103	0.002294454
3090	-229.5999	-234.912	5.312156	0.06357546	0.04267738	0.02089808	0.04267738
3100	-212.7358	-219.0129	6.277113	0.02666121	0.009846606	0.0168146	0.009846606
3110	-218.9243	-224.8616	5.937351	0.03948758	0.02173965	0.01774793	0.02173965
3120	-215.8335	-221.766	5.932536	0.03156815	0.01703601	0.01453214	0.01703601
3130	-214.3547	-220.6382	6.28351	0.0306749	0.01202547	0.01864942	0.01202547
3140	-214.9416	-221.2832	6.341541	0.0319709	0.006658038	0.02531286	0.006658038
3150	-216.5589	-222.8897	6.330732	0.03478468	0.009310813	0.02547386	0.009310813
3160	-214.9532	-220.4399	5.486673	0.02461191	0.01420638	0.01040554	0.01420638
3170	-238.6027	-243.0682	4.465427	0.05018166	0.001508196	0.04867346	0.001508196
3180	-232.6901	-237.8521	5.162024	0.0705984	0.04779632	0.02280209	0.04779632
3190	-214.1223	-220.0126	5.890247	0.02953346	0.002590023	0.02694344	0.002590023
3200	-213.7216	-219.7327	6.011072	0.02631779	0.01255164	0.01376615	0.01255164
3210	-218.6488	-224.8143	6.16553	0.03911329	0.0165839	0.02252939	0.0165839
3220	-211.351	-215.8859	4.534909	0.02247525	0.0007948846	0.02168037	0.0007948846
3230	-225.9697	-231.6322	5.662447	0.0540643	0.03121416	0.02285014	0.03121416
3240	-224.2243	-230.1245	5.900287	0.04883391	0.02272322	0.02611069	0.02272322
3250	-211.2731	-217.5718	6.298634	0.02521048	0.004687777	0.0205227	0.004687777
3260	-214.7951	-220.4025	5.607328	0.02535549	0.01429158	0.01106391	0.01429158
3270	-217.0317	-223.1764	6.144605	0.03596598	0.01676448	0.0192015	0.01676448
3280	-213.2386	-219.546	6.30745	0.02824623	0.01031233	0.0179339	0.01031233
3290	-210.8718	-217.0481	6.176321	0.02430274	0.003566269	0.02073647	0.003566269
3300	-217.8552	-224.0052	6.149991	0.03769687	0.01706923	0.02062764	0.01706923
3310	-211.4734	-217.3577	5.884282	0.01766758	0.005465226	0.01220236	0.005465226
3320	-232.2385	-236.6821	4.443557	0.07161088	0.05911444	0.01249644	0.05911444
3330	-210.2825	-216.2532	5.970728	0.01818476	0.003661496	0.01452326	0.003661496
3340	-233.8887	-237.1675	3.278825	0.07247348	0.0645903	0.007883176	0.0645903
3350	-210.3898	-216.6142	6.224342	0.02202607	0.004453755	0.01757231	0.004453755
3360	-213.2476	-219.1359	5.888316	0.02337778	0.01106943	0.01230835	0.01106943
3370	-220.112	-223.1741	3.062112	0.02365396	0.01860549	0.00504847	0.01860549
3380	-215.014	-221.3573	6.343295	0.03243092	0.01081013	0.02162079	0.01081013
3390	-209.9903	-216.0249	6.034641	0.0211268	0.003021464	0.01810533	0.003021464
3400	-212.279	-217.8848	5.605759	0.01542348	0.004682563	0.01074092	0.004682563
3410	-215.4622	-221.0053	5.543055	0.02693045	0.01592771	0.01100274	0.01592771
3420	-212.7276	-219.0878	6.360199	0.0276819	0.008663117	0.01901878	0.008663117
3430	-209.9501	-215.5798	5.629673	0.01756905	0.002101969	0.01546708	0.002101969
3440	-229.5605	-235.224	5.663472	0.05652437	0.02569758	0.03082679	0.02569758
3450	-209.9273	-215.8963	5.969033	0.01917322	0.003080116	0.0160931	0.003080116
3460	-216.5312	-222.1884	5.657248	0.03124674	0.01882674	0.01242	0.01882674
3470	-227.349	-233.2329	5.883959	0.05008418	0.01699445	0.03308973	0.01699445
3480	-215.582	-221.3971	5.815035	0.02983616	0.0166992	0.01313695	0.0166992
3490	-209.8012	-215.5752	5.774004	0.01896274	0.002301259	0.01666148	0.002301259
3500	-218.5562	-224.7908	6.234605	0.03848707	0.01360786	0.02487921	0.01360786
3510	-210.4523	-216.6901	6.23776	0.02219337	0.004610978	0.01758239	0.004610978
3520	-210.7395	-217.0068	6.267298	0.02367476	0.004489627	0.01918513	0.004489627
3530	-215.2314	-221.5944	6.363005	0.03272777	0.008769404	0.02395837	0.008769404
3540	-210.7405	-216.3144	5.573901	0.02318113	0.001704288	0.02147684	0.001704288
3550	-214.2523	-219.5637	5.311392	0.0192257	0.01005291	0.009172789	0.01005291
3560	-220.2717	-226.1919	5.920235	0.04247595	0.02323855	0.0192374	0.02323855
3570	-216.1616	-220.789	4.627429	0.01913426	0.01184117	0.007293091	0.01184117
3580	-212.1402	-218.229	6.088774	0.02684131	0.003143622	0.02369769	0.003143622
3590	-220.3906	-226.548	6.157392	0.04141343	0.01521129	0.02620214	0.01521129
3600	-218.8913	-225.1461	6.254757	0.03764633	0.00885551	0.02879082	0.00885551
3610	-211.0869	-216.8479	5.760963	0.02430521	0.002051578	0.02225363	0.002051578
3620	-213.3923	-219.6613	6.26898	0.02926052	0.004620081	0.02464044	0.004620081
3630	-220.6056	-224.6556	4.04992	0.032529	0.02550493	0.007024068	0.02550493
3640	-210.023	-215.4864	5.463442	0.02056387	0.001574106	0.01898976	0.001574106
3650	-210.7458	-216.9948	6.249003	0.02381565	0.004226941	0.01958871	0.004226941
3660	-220.7759	-226.8817	6.105858	0.04251508	0.01737429	0.02514079	0.01737429
3670	-216.9738	-223.1899	6.216083	0.03602534	0.01513795	0.02088739	0.01513795
3680	-214.4984	-220.8744	6.376013	0.03150971	0.008654857	0.02285485	0.008654857
3690	-216.7521	-222.637	5.88484	0.03368332	0.01892125	0.01476207	0.01892125
3700	-214.0823	-220.1647	6.082345	0.02986587	0.003373007	0.02649286	0.003373007
3710	-211.6839	-217.9805	6.29661	0.02440855	0.007690169	0.01671838	0.007690169
3720	-210.1696	-216.1179	5.948265	0.01818907	0.003388401	0.01480067	0.003388401
3730	-228.2944	-234.1535	5.859083	0.04588151	0.006730951	0.03915055	0.006730951
3740	-217.2598	-222.4232	5.163338	0.02942859	0.01966098	0.009767605	0.01966098
3750	-232.4174	-237.7293	5.311924	0.06703394	0.04061044	0.0264235	0.04061044
3760	-212.6046	-218.8121	6.207435	0.02545733	0.009960509	0.01549682	0.009960509
3770	-213.5863	-218.9483	5.362063	0.01576355	0.006466493	0.009297059	0.006466493
3780	-213.9195	-220.2195	6.299989	0.02979389	0.01128191	0.01851198	0.01128191
3790	-212.9443	-219.2787	6.334439	0.02864603	0.005387821	0.0232582	0.005387821
3800	-217.7736	-224.0143	6.240699	0.03738431	0.01412087	0.02326344	0.01412087
3810	-213.3997	-219.5389	6.13919	0.02898346	0.003579515	0.02540395	0.003579515
3820	-212.4661	-218.6322	6.166131	0.0245502	0.009735959	0.01481424	0.009735959
3830	-215.306	-221.6579	6.351899	0.03266364	0.007551636	0.02511201	0.007551636
3840	-209.8242	-215.617	5.7928	0.02004739	0.002239954	0.01780744	0.002239954
3850	-236.098	-241.2255	5.127537	0.07355714	0.04429863	0.02925851	0.04429863
3860	-216.9668	-223.2795	6.312737	0.03564785	0.01079948	0.02484837	0.01079948
3870	-241.8617	-246.7754	4.913685	0.07907343	0.04298363	0.0360898	0.04298363
3880	-221.5673	-227.6719	6.104674	0.0432433	0.01621235	0.02703096	0.01621235
3890	-216.7127	-222.7157	6.002988	0.03442883	0.01816176	0.01626706	0.01816176
3900	-243.3191	-247.954	4.634921	0.09161835	0.06056515	0.0310532	0.06056515
3910	-211.9345	-218.1443	6.209758	0.02371799	0.008521227	0.01519677	0.008521227
3920	-214.3336	-220.706	6.372386	0.03120786	0.009316939	0.02189092	0.009316939
3930	-212.0844	-218.219	6.13462	0.02681385	0.003370189	0.02344366	0.003370189
3940	-214.6588	-220.6999	6.041115	0.02930144	0.0144632	0.01483824	0.0144632
3950	-221.1748	-225.1307	3.955948	0.03383235	0.02690699	0.006925354	0.02690699
3960	-213.5812	-219.7579	6.176653	0.02772422	0.01194839	0.01577583	0.01194839
3970	-214.5422	-220.7276	6.185384	0.03031334	0.01346139	0.01685195	0.01346139
3980	-213.2937	-219.5614	6.267618	0.02795267	0.01084594	0.01710673	0.01084594
3990	-211.1218	-217.1237	6.001978	0.0247454	0.002722175	0.02202322	0.002722175
4000	-214.4659	-220.6425	6.176669	0.0300418	0.01342062	0.01662118	0.01342062
4010	-212.5222	-218.1039	5.581726	0.01561501	0.005158018	0.01045699	0.005158018
4020	-211.7589	-215.8237	4.064868	0.01430542	0.0007196596	0.01358576	0.0007196596
4030	-212.0944	-218.2025	6.108092	0.02271376	0.008790656	0.0139231	0.008790656
4040	-210.1889	-216.3528	6.163923	0.02105531	0.004056983	0.01699832	0.004056983
4050	-213.8802	-220.2565	6.376298	0.03033474	0.009077869	0.02125687	0.009077869
4060	-218.152	-224.3266	6.174589	0.03823969	0.01640301	0.02183668	0.01640301
4070	-214.7411	-219.8414	5.100239	0.01809977	0.009669415	0.008430353	0.009669415
4080	-211.884	-218.0228	6.138802	0.02256643	0.008340989	0.01422544	0.008340989
4090	-214.2911	-220.6702	6.379053	0.0311426	0.008521335	0.02262126	0.008521335
4100	-210.6971	-216.8452	6.14812	0.02383278	0.003404431	0.02042835	0.003404431
4110	-216.8835	-222.545	5.66157	0.03230621	0.0196267	0.0126795	0.0196267
4120	-216.1487	-222.4834	6.334682	0.03436249	0.0104566	0.02390589	0.0104566
4130	-210.6295	-216.8982	6.268708	0.02268621	0.005014784	0.01767143	0.005014784
4140	-231.9939	-237.1846	5.190661	0.06911818	0.0468976	0.02222058	0.0468976
4150	-218.0864	-224.1405	6.054119	0.03798399	0.01917453	0.01880946	0.01917453
4160	-238.0103	-243.5449	5.534583	0.05485493	0.008750409	0.04610452	0.008750409
4170	-210.5312	-216.7817	6.25051	0.0227709	0.00452962	0.01824128	0.00452962
4180	-219.2969	-225.5215	6.224631	0.0393403	0.01290282	0.02643749	0.01290282
4190	-218.149	-223.2948	5.145884	0.03210356	0.02204481	0.01005876	0.02204481
4200	-219.8685	-223.9517	4.083189	0.03024241	0.02330944	0.006932968	0.02330944
4210	-210.0446	-216.1385	6.093941	0.02025714	0.00363991	0.01661723	0.00363991
4220	-214.4789	-220.6528	6.17389	0.030651	0.004035711	0.02661529	0.004035711
4230	-216.1381	-222.3338	6.195655	0.03420372	0.01515836	0.01904536	0.01515836
4240	-220.3638	-226.47	6.10614	0.04202102	0.01780417	0.02421685	0.01780417
4250	-214.616	-220.9589	6.342982	0.03164052	0.01077511	0.02086541	0.01077511
4260	-219.8522	-225.491	5.638733	0.04035034	0.02572021	0.01463013	0.02572021
4270	-211.0385	-217.31	6.271537	0.02276823	0.006323689	0.01644454	0.006323689
4280	-223.7649	-229.6954	5.930486	0.04094057	0.004923702	0.03601687	0.004923702
4290	-214.7877	-221.1038	6.316074	0.03186144	0.01167938	0.02018207	0.01167938
4300	-212.2239	-218.5925	6.368608	0.02675468	0.007593885	0.0191608	0.007593885
4310	-210.0434	-215.795	5.751572	0.01748472	0.002509664	0.01497505	0.002509664
4320	-212.693	-219.0693	6.376356	0.02818808	0.006417299	0.02177078	0.006417299
4330	-214.2864	-219.7939	5.507548	0.02232851	0.01212376	0.01020475	0.01212376
4340	-235.3088	-240.6108	5.302022	0.06730113	0.03447628	0.03282485	0.03447628
4350	-217.6276	-223.6689	6.041318	0.03688628	0.01893581	0.01795047	0.01893581
4360	-228.3928	-234.1006	5.707733	0.05517153	0.02564716	0.02952437	0.02564716
4370	-209.983	-216.0409	6.057868	0.02088114	0.003190591	0.01769055	0.003190591
4380	-215.1281	-221.3981	6.269975	0.03189667	0.005257687	0.02663898	0.005257687
4390	-210.9303	-216.3933	5.462958	0.01512934	0.002229035	0.0129003	0.002229035
4400	-222.4556	-228.5856	6.129992	0.04192495	0.00982496	0.03209999	0.00982496
4410	-212.4452	-218.049	5.603877	0.01575663	0.005198362	0.01055827	0.005198362
4420	-211.4394	-217.7345	6.295118	0.02563433	0.004612103	0.02102223	0.004612103
4430	-221.3247	-227.3355	6.010845	0.04414325	0.02087485	0.0232684	0.02087485
4440	-229.6307	-234.0539	4.42318	0.06303546	0.05193611	0.01109935	0.05193611
4450	-213.2201	-219.6025	6.382362	0.02903837	0.008356805	0.02068157	0.008356805
4460	-221.4212	-227.434	6.012782	0.04426511	0.02074206	0.02352305	0.02074206
4470	-212.1855	-218.5556	6.370132	0.0267147	0.007451886	0.01926281	0.007451886
4480	-233.3076	-238.7973	5.489742	0.06138194	0.02741577	0.03396617	0.02741577
4490	-210.9299	-217.0276	6.097729	0.02441502	0.00311926	0.02129576	0.00311926
4500	-222.4539	-228.3371	5.883203	0.04675465	0.02479426	0.02196038	0.02479426
4510	-223.3559	-229.0624	5.706545	0.04908826	0.02962198	0.01946627	0.02962198
4520	-214.7388	-221.082	6.343237	0.03165325	0.006536871	0.02511638	0.006536871
4530	-212.7961	-219.1611	6.365018	0.02840488	0.00603091	0.02237397	0.00603091
4540	-212.4121	-217.9717	5.559607	0.01507789	0.00450435	0.01057354	0.00450435
4550	-212.5886	-218.8929	6.30433	0.02663699	0.009348428	0.01728856	0.009348428
4560	-215.7893	-222.0684	6.279071	0.03290332	0.005755768	0.02714755	0.005755768
4570	-213.5371	-218.8806	5.343549	0.014878	0.005549167	0.009328835	0.005549167
4580	-230.6144	-235.9026	5.288239	0.06558538	0.04349571	0.02208966	0.04349571
4590	-260.9398	-263.0607	2.120952	0.2046874	0.1926723	0.01201516	0.1926723
4600	-220.366	-226.5238	6.157823	0.04138526	0.01522836	0.0261569	0.01522836
4610	-214.0035	-220.3809	6.377387	0.03059942	0.007320776	0.02327865	0.007320776
4620	-230.1268	-235.7328	5.605988	0.05820889	0.02790199	0.0303069	0.02790199
4630	-210.8657	-217.0594	6.193705	0.02428125	0.003688556	0.02059269	0.003688556
4640	-218.8435	-225.1031	6.259571	0.03777637	0.009444635	0.02833174	0.009444635
4650	-214.9701	-221.2221	6.251969	0.03187293	0.01316441	0.01870852	0.01316441
4660	-224.0501	-229.6367	5.586599	0.05071731	0.03250758	0.01820972	0.03250758
4670	-210.0049	-215.2928	5.287912	0.01979742	0.00137256	0.01842486	0.00137256
4680	-227.3589	-233.2863	5.927424	0.04835717	0.01331483	0.03504235	0.01331483
4690	-215.9404	-222.1341	6.193731	0.03374733	0.01502351	0.01872382	0.01502351
4700	-216.4373	-222.6556	6.218205	0.03494266	0.01489705	0.02004561	0.01489705
4710	-222.2838	-227.9419	5.658117	0.0383612	0.002810605	0.0355506	0.002810605
4720	-212.6322	-218.9456	6.313448	0.02685767	0.009320399	0.01753728	0.009320399
4730	-217.2052	-223.5174	6.312175	0.03567624	0.009338163	0.02633808	0.009338163
4740	-227.015	-232.5587	5.543747	0.05687952	0.03507369	0.02180583	0.03507369
4750	-215.0561	-221.3357	6.27961	0.03224005	0.01271687	0.01952318	0.01271687
4760	-213.5171	-219.1019	5.584787	0.02015764	0.009842723	0.01031491	0.009842723
4770	-224.5967	-230.2817	5.685013	0.05161303	0.03066905	0.02094399	0.03066905
4780	-220.3641	-224.9962	4.632075	0.03543919	0.02674624	0.008692952	0.02674624
4790	-216.009	-222.2791	6.270071	0.03317323	0.005721212	0.02745201	0.005721212
4800	-213.7331	-220.0887	6.355599	0.03005279	0.006192118	0.02386067	0.006192118
4810	-220.6912	-226.8446	6.153337	0.03890067	0.006903268	0.03199741	0.006903268
4820	-217.0843	-223.3522	6.267903	0.03473016	0.006460647	0.02826951	0.006460647
4830	-214.4215	-220.5601	6.138653	0.03047838	0.003770276	0.0267081	0.003770276
4840	-227.0809	-233.0229	5.942002	0.04567095	0.008357006	0.03731395	0.008357006
4850	-218.5643	-224.5003	5.935964	0.0351263	0.003427941	0.03169836	0.003427941
4860	-212.3269	-218.314	5.987103	0.02168853	0.008918838	0.0127697	0.008918838
4870	-212.044	-218.417	6.373005	0.02659105	0.006839907	0.01975115	0.006839907
4880	-213.1665	-219.361	6.194471	0.02680954	0.01110467	0.01570487	0.01110467
4890	-215.1318	-220.9422	5.810431	0.02846506	0.01567462	0.01279044	0.01567462
4900	-214.524	-217.2433	2.719301	0.02523334	0.0003209581	0.02491238	0.0003209581
4910	-210.3495	-216.5612	6.211704	0.02164925	0.004466641	0.01718261	0.004466641
4920	-220.3085	-226.5176	6.209161	0.03983595	0.01047707	0.02935888	0.01047707
4930	-210.5027	-216.608	6.105331	0.01954845	0.004754401	0.01479405	0.004754401
4940	-224.8588	-230.2702	5.411364	0.05252173	0.03605253	0.0164692	0.03605253
4950	-216.4332	-222.48	6.046815	0.03401984	0.01738787	0.01663197	0.01738787
4960	-217.1207	-222.461	5.340307	0.03042375	0.019799	0.01062475	0.019799
4970	-212.65	-218.9622	6.312131	0.02688385	0.009364935	0.01751892	0.009364935
4980	-213.3613	-219.6969	6.335629	0.02883182	0.01000617	0.01882564	0.01000617
4990	-210.9769	-217.2851	6.308165	0.02417461	0.005093539	0.01908107	0.005093539
5000	-214.6298	-220.9579	6.328107	0.03159211	0.01126074	0.02033137	0.01126074
5010	-220.1937	-226.4042	6.21052	0.03923407	0.009140549	0.03009352	0.009140549
5020	-235.8145	-240.9528	5.138313	0.07319969	0.04427379	0.0289259	0.04427379
5030	-221.7813	-227.7749	5.993628	0.04492824	0.02123276	0.02369548	0.02123276
5040	-216.1553	-222.3608	6.20554	0.03307088	0.004855634	0.02821525	0.004855634
5050	-227.4117	-233.2552	5.843529	0.0513375	0.01957729	0.03176021	0.01957729
5060	-211.2458	-216.4444	5.198569	0.0144238	0.001748125	0.01267567	0.001748125
5070	-219.5672	-225.8001	6.23286	0.03914912	0.01105171	0.02809742	0.01105171
5080	-223.6034	-229.3037	5.70023	0.04961522	0.02991052	0.01970471	0.02991052
5090	-214.4544	-220.3992	5.944718	0.02777518	0.0141847	0.01359048	0.0141847
5100	-211.177	-216.4767	5.299757	0.01458917	0.001932755	0.01265642	0.001932755
5110	-209.9001	-215.6396	5.739498	0.0180218	0.002343202	0.0156786	0.002343202
5120	-213.2357	-217.5216	4.285895	0.01223151	0.00100193	0.01122958	0.00100193
5130	-216.2268	-220.7636	4.536725	0.01515092	0.00821081	0.006940107	0.00821081
5140	-214.5465	-220.736	6.189467	0.03035981	0.01343116	0.01692865	0.01343116
5150	-212.1923	-218.1332	5.940893	0.02056345	0.008221746	0.0123417	0.008221746
5160	-211.5229	-217.8752	6.352298	0.02528751	0.006313318	0.0189742	0.006313318
5170	-215.8528	-221.4031	5.550242	0.02825434	0.01699795	0.01125638	0.01699795
5180	-210.1611	-215.1057	4.944581	0.01907936	0.001069571	0.01800979	0.001069571
5190	-217.5135	-223.7575	6.243946	0.03696176	0.01414262	0.02281914	0.01414262
5200	-213.0458	-219.306	6.260208	0.02867721	0.004440557	0.02423666	0.004440557
5210	-215.4814	-221.7635	6.282148	0.03316762	0.01291031	0.02025731	0.01291031
5220	-219.7778	-225.7436	5.965836	0.04146825	0.0220226	0.01944565	0.0220226
5230	-234.2109	-239.3931	5.182172	0.07150442	0.04494894	0.02655547	0.04494894
5240	-218.5321	-224.7842	6.252169	0.03820811	0.01248873	0.02571938	0.01248873
5250	-236.5659	-241.3589	4.792924	0.08308896	0.06212232	0.02096664	0.06212232
5260	-216.1406	-222.1146	5.973966	0.03234203	0.003177821	0.02916421	0.003177821
5270	-219.3546	-225.194	5.839379	0.04011241	0.02342191	0.01669049	0.02342191
5280	-211.1856	-217.3525	6.166931	0.02128967	0.006666782	0.01462289	0.006666782
5290	-215.9733	-221.024	5.050715	0.02382916	0.0150805	0.008748658	0.0150805
5300	-224.9824	-230.9682	5.985719	0.04722187	0.01615367	0.0310682	0.01615367
5310	-212.1498	-217.1373	4.987543	0.01326726	0.001642465	0.01162479	0.001642465
5320	-232.267	-237.4121	5.145147	0.0702155	0.04859106	0.02162443	0.04859106
5330	-222.9395	-229.0111	6.071608	0.04460768	0.01533475	0.02927293	0.01533475
5340	-218.4707	-224.625	6.154269	0.035873	0.0052489	0.0306241	0.0052489
5350	-216.4756	-222.7988	6.323218	0.03435248	0.007861814	0.02649067	0.007861814
5360	-210.2192	-215.8989	5.679688	0.02188489	0.001899076	0.01998582	0.001899076
5370	-216.3208	-221.2432	4.922331	0.02389864	0.01551645	0.008382184	0.01551645
5380	-214.277	-220.2519	5.974863	0.02991168	0.002909264	0.02700242	0.002909264
5390	-213.4244	-219.6391	6.21466	0.02771645	0.01146597	0.01625048	0.01146597
5400	-215.5121	-221.5469	6.034816	0.0315526	0.01603141	0.01552119	0.01603141
5410	-213.6253	-216.5695	2.944271	0.01282128	0.0004280368	0.01239324	0.0004280368
5420	-213.7405	-220.1241	6.383524	0.03014793	0.007537067	0.02261086	0.007537067
5430	-215.1359	-220.0578	4.921935	0.0135789	0.005632947	0.007945957	0.005632947
5440	-229.8469	-234.7585	4.911651	0.06529116	0.05029603	0.01499513	0.05029603
5450	-220.0204	-226.1036	6.083131	0.04170033	0.01892809	0.02277224	0.01892809
5460	-213.8446	-219.9171	6.07246	0.02950335	0.003284104	0.02621925	0.003284104
5470	-212.427	-218.5991	6.172095	0.02747539	0.003631661	0.02384373	0.003631661
5480	-212.6327	-218.934	6.301256	0.02804242	0.004807366	0.02323505	0.004807366
5490	-214.7931	-221.1282	6.335163	0.03196632	0.0111023	0.02086402	0.0111023
5500	-214.6396	-221.0104	6.370824	0.03168458	0.007798018	0.02388656	0.007798018
5510	-210.8385	-216.9618	6.123223	0.02003365	0.005623336	0.01441031	0.005623336
5520	-228.3137	-233.8357	5.522048	0.04380525	0.003183651	0.0406216	0.003183651
5530	-218.0682	-224.3346	6.266413	0.03753197	0.01235977	0.02517219	0.01235977
5540	-214.4462	-220.6357	6.189573	0.03010671	0.01328377	0.01682293	0.01328377
5550	-223.7274	-229.6673	5.939873	0.04775801	0.02148728	0.02627073	0.02148728
5560	-213.0607	-218.9969	5.936232	0.02337571	0.01074862	0.01262709	0.01074862
5570	-232.4677	-238.2114	5.743703	0.05192981	0.01137413	0.04055568	0.01137413
5580	-230.4797	-235.2925	4.812819	0.06699882	0.05252735	0.01447148	0.05252735
5590	-218.2573	-224.5265	6.269167	0.03667026	0.008151231	0.02851902	0.008151231
5600	-214.565	-220.9351	6.370118	0.03163636	0.009375844	0.02226051	0.009375844
5610	-215.0544	-221.2659	6.211419	0.0317863	0.01385206	0.01793424	0.01385206
5620	-218.5561	-224.8257	6.269594	0.03746609	0.009572918	0.02789317	0.009572918
5630	-216.1186	-221.7242	5.605539	0.0295735	0.01779077	0.01178273	0.01779077
5640	-210.5721	-216.5812	6.009095	0.01836075	0.004373759	0.01398699	0.004373759
5650	-221.8472	-227.7963	5.949151	0.04536848	0.02280965	0.02255883	0.02280965
5660	-228.0931	-233.6533	5.560226	0.04372448	0.003330648	0.04039383	0.003330648
5670	-211.1029	-217.172	6.069072	0.01963504	0.005978854	0.01365618	0.005978854
5680	-227.6389	-233.273	5.634141	0.05643673	0.03095108	0.02548565	0.03095108
5690	-210.1158	-216.2519	6.136065	0.02129361	0.00366159	0.01763202	0.00366159
5700	-212.8766	-219.177	6.300356	0.02728882	0.009861338	0.01742748	0.009861338
5710	-217.0989	-222.4926	5.39368	0.03078869	0.01986403	0.01092466	0.01986403
5720	-210.4724	-216.3046	5.832154	0.0229263	0.00221613	0.02071018	0.00221613
5730	-210.4643	-216.7038	6.239473	0.02216086	0.004674688	0.01748618	0.004674688
5740	-216.8671	-221.9254	5.058357	0.02723106	0.01809615	0.009134903	0.01809615
5750	-218.3836	-224.6251	6.241539	0.03820543	0.01345021	0.02475522	0.01345021
5760	-210.0322	-216.1312	6.098973	0.02078559	0.0034964	0.01728919	0.0034964
5770	-214.9693	-221.1261	6.156798	0.03129029	0.004024938	0.02726535	0.004024938
5780	-211.5317	-216.7996	5.267911	0.02435103	0.001322262	0.02302877	0.001322262
5790	-215.6366	-221.99	6.353395	0.03342963	0.009349414	0.02408022	0.009349414
5800	-222.8489	-228.4386	5.589661	0.04785431	0.03100499	0.01684931	0.03100499
5810	-214.4467	-220.1584	5.711705	0.02530706	0.01371617	0.01159089	0.01371617
5820	-215.4403	-221.6905	6.250191	0.03292684	0.01359955	0.01932728	0.01359955
5830	-220.826	-226.9077	6.081688	0.0428441	0.01842373	0.02442037	0.01842373
5840	-217.5559	-223.8184	6.262495	0.03539373	0.00676779	0.02862594	0.00676779
5850	-214.9092	-221.2254	6.316238	0.03211899	0.01173521	0.02038378	0.01173521
5860	-221.8487	-224.7058	2.857178	0.02956614	0.02451659	0.005049555	0.02451659
5870	-219.7371	-225.7525	6.015387	0.04139469	0.02091827	0.02047642	0.02091827
5880	-214.5705	-220.5212	5.95075	0.03026272	0.002852739	0.02740998	0.002852739
5890	-211.29	-216.9984	5.708427	0.0157145	0.003600483	0.01211402	0.003600483
5900	-213.1881	-219.4677	6.279657	0.02782024	0.0105649	0.01725534	0.0105649
5910	-212.2701	-218.6005	6.330372	0.02739133	0.00515994	0.02223139	0.00515994
5920	-215.8786	-221.6478	5.769199	0.03029352	0.01736456	0.01292895	0.01736456
5930	-212.0581	-218.3932	6.335072	0.02696072	0.005219079	0.02174164	0.005219079
5940	-212.5733	-218.1946	5.621278	0.01646685	0.005982178	0.01048468	0.005982178
5950	-211.3282	-217.6631	6.334905	0.02513765	0.005428837	0.01970881	0.005428837
5960	-220.6428	-226.8138	6.171	0.03908869	0.00748773	0.03160096	0.00748773
5970	-216.7097	-222.4222	5.712449	0.03221575	0.01922026	0.01299549	0.01922026
5980	-221.2754	-226.7912	5.51583	0.04349488	0.0290136	0.01448128	0.0290136
5990	-209.8456	-215.5082	5.662612	0.02000671	0.001934612	0.0180721	0.001934612
6000	-220.8846	-227.0553	6.170697	0.0414093	0.01313702	0.02827228	0.01313702
6010	-244.0108	-248.4409	4.430087	0.1015255	0.07527158	0.02625393	0.07527158
6020	-212.7005	-219.0598	6.359268	0.02822392	0.005843922	0.02238	0.005843922
6030	-239.678	-244.0312	4.353176	0.09575701	0.07842901	0.017328	0.07842901
6040	-214.188	-220.1109	5.922847	0.0267561	0.01356787	0.01318823	0.01356787
6050	-221.0777	-225.8511	4.773359	0.03851558	0.02902809	0.009487486	0.02902809
6060	-218.2925	-224.0211	5.728547	0.03672581	0.02240839	0.01431742	0.02240839
6070	-215.0203	-220.7554	5.735134	0.02739436	0.01529497	0.01209939	0.01529497
6080	-216.2138	-222.2645	6.050724	0.03349371	0.01703831	0.0164554	0.01703831
6090	-212.6731	-218.6209	5.947808	0.02225749	0.009711081	0.01254641	0.009711081
6100	-218.2244	-223.9707	5.746339	0.03666062	0.02220893	0.01445169	0.02220893
6110	-209.861	-215.7582	5.897238	0.01901334	0.0027441	0.01626924	0.0027441
6120	-210.3523	-216.352	5.999656	0.01837102	0.003920719	0.0144503	0.003920719
6130	-221.2177	-227.1905	5.97281	0.04421113	0.02220677	0.02200436	0.02220677
6140	-218.6066	-224.8391	6.232444	0.03668648	0.006991815	0.02969467	0.006991815
6150	-219.0292	-223.6609	4.631712	0.03118432	0.02290875	0.008275567	0.02290875
6160	-216.0167	-222.2418	6.225056	0.03407087	0.01450819	0.01956268	0.01450819
6170	-218.9325	-225.1803	6.247811	0.03857572	0.01182235	0.02675337	0.01182235
6180	-224.1037	-230.0147	5.911028	0.04120655	0.004846379	0.03636017	0.004846379
6190	-219.1275	-224.9719	5.844394	0.03957406	0.02305544	0.01651861	0.02305544
6200	-216.3147	-222.6365	6.32183	0.03404819	0.00748826	0.02655993	0.00748826
6210	-211.7825	-217.7693	5.986807	0.02000194	0.007303593	0.01269835	0.007303593
6220	-212.2281	-218.5634	6.335236	0.0273078	0.005238679	0.02206912	0.005238679
6230	-209.966	-216.0122	6.046195	0.01996457	0.003345162	0.01661941	0.003345162
6240	-212.7885	-218.4572	5.668731	0.01829581	0.007677449	0.01061836	0.007677449
6250	-211.5468	-217.2897	5.74296	0.01606118	0.004305756	0.01175542	0.004305756
6260	-210.4591	-216.6973	6.238199	0.02212777	0.004671301	0.01745647	0.004671301
6270	-217.2857	-221.3909	4.105184	0.01777462	0.01154633	0.006228286	0.01154633
6280	-228.4828	-232.0922	3.609448	0.05540441	0.04779073	0.007613671	0.04779073
6290	-217.53	-223.8146	6.284647	0.03668839	0.01201581	0.02467259	0.01201581
6300	-231.5	-237.0534	5.553428	0.05973532	0.02790525	0.03183007	0.02790525
6310	-211.5052	-217.7595	6.254286	0.02580601	0.004160587	0.02164542	0.004160587
6320	-211.5747	-217.6114	6.036678	0.02019872	0.007048726	0.01314999	0.007048726
6330	-215.066	-221.1593	6.09327	0.03086816	0.01495233	0.01591582	0.01495233
6340	-230.2562	-236.0453	5.789118	0.05221525	0.01558221	0.03663304	0.01558221
6350	-211.9433	-218.2716	6.328356	0.02672512	0.005094333	0.02163079	0.005094333
6360	-213.4806	-219.8592	6.37854	0.02967157	0.006885215	0.02278635	0.006885215
6370	-213.7048	-219.561	5.856198	0.02449532	0.01220461	0.01229071	0.01220461
6380	-221.3189	-226.5658	5.246977	0.04211663	0.02991981	0.01219682	0.02991981
6390	-215.4144	-221.7077	6.293291	0.03307209	0.01258711	0.02048498	0.01258711
6400	-218.4645	-224.5016	6.037161	0.03876909	0.01976807	0.01900102	0.01976807
6410	-222.0197	-228.0473	6.02758	0.04484245	0.01955343	0.02528903	0.01955343
6420	-213.2373	-218.6885	5.451152	0.01590604	0.006232671	0.009673371	0.006232671
6430	-214.6626	-220.7848	6.122191	0.03077404	0.003712913	0.02706112	0.003712913
6440	-212.0459	-218.4117	6.365802	0.02636046	0.007324359	0.0190361	0.007324359
6450	-210.5362	-216.79	6.253863	0.02265655	0.004651364	0.01800519	0.004651364
6460	-220.8241	-226.9342	6.110124	0.04251248	0.01710373	0.02540876	0.01710373
6470	-210.9771	-217.0948	6.11771	0.02014805	0.005937994	0.01421006	0.005937994
6480	-216.0757	-222.3922	6.316438	0.0343541	0.01172616	0.02262794	0.01172616
6490	-214.1492	-220.432	6.282776	0.03018684	0.01181484	0.018372	0.01181484
6500	-213.2239	-219.6104	6.386462	0.02918169	0.007336563	0.02184513	0.007336563
6510	-210.2485	-216.4209	6.172437	0.02201989	0.003799688	0.0182202	0.003799688
6520	-226.2341	-231.3298	5.095728	0.05537739	0.04129712	0.01408027	0.04129712
6530	-212.4459	-218.3902	5.944254	0.02145339	0.009022054	0.01243134	0.009022054
6540	-219.866	-226.0312	6.165185	0.04079212	0.0155857	0.02520642	0.0155857
6550	-214.9459	-220.9938	6.047806	0.03014822	0.01497439	0.01517383	0.01497439
6560	-215.7001	-222.0493	6.349154	0.03358703	0.009854268	0.02373276	0.009854268
6570	-224.1073	-228.1458	4.038486	0.04361575	0.03580631	0.007809436	0.03580631
6580	-211.2927	-215.0387	3.746017	0.01988465	0.0005165215	0.01936813	0.0005165215
6590	-232.7591	-237.8197	5.06058	0.07216965	0.05160118	0.02056847	0.05160118
6600	-213.3197	-219.2901	5.970355	0.02462709	0.01153703	0.01309006	0.01153703
6610	-215.604	-221.9201	6.316066	0.0328496	0.006464865	0.02638474	0.006464865
6620	-212.129	-218.5037	6.374643	0.02675483	0.007011057	0.01974377	0.007011057
6630	-213.63	-218.9833	5.353282	0.01583145	0.006575093	0.009256357	0.006575093
6640	-212.3954	-218.7635	6.368127	0.02760529	0.006055382	0.0215499	0.006055382
6650	-214.3825	-220.4134	6.030931	0.03017447	0.003164905	0.02700956	0.003164905
6660	-210.2734	-216.2324	5.959079	0.01809898	0.003591259	0.01450772	0.003591259
6670	-227.4288	-233.3206	5.891822	0.04513613	0.006727734	0.03840839	0.006727734
6680	-214.7291	-220.5188	5.789715	0.02703371	0.01467664	0.01235707	0.01467664
6690	-227.7155	-233.6311	5.915635	0.0485865	0.01308626	0.03550025	0.01308626
6700	-212.8034	-218.2387	5.435262	0.01424865	0.004086456	0.01016219	0.004086456
6710	-228.6567	-234.4629	5.806238	0.05229956	0.01886303	0.03343653	0.01886303
6720	-212.0915	-217.755	5.663503	0.0158308	0.004830341	0.01100046	0.004830341
6730	-212.5569	-218.9183	6.361418	0.02732511	0.008382204	0.0189429	0.008382204
6740	-242.0331	-246.538	4.504813	0.09775457	0.07369816	0.02405641	0.07369816
6750	-212.5063	-218.8885	6.38216	0.02761786	0.007336142	0.02028172	0.007336142
6760	-212.7792	-219.0697	6.290537	0.02828342	0.004708619	0.0235748	0.004708619
6770	-222.2304	-227.6054	5.374934	0.04538054	0.03156329	0.01381725	0.03156329
6780	-211.0064	-217.2806	6.27422	0.02454612	0.004428707	0.02011742	0.004428707
6790	-222.2677	-228.2077	5.939953	0.04607257	0.02294631	0.02312626	0.02294631
6800	-210.8576	-217.0535	6.195895	0.0242583	0.003705695	0.0205526	0.003705695
6810	-212.7108	-218.1687	5.457855	0.01436694	0.004109906	0.01025703	0.004109906
6820	-212.1174	-218.2929	6.175511	0.02693464	0.003614174	0.02332047	0.003614174
6830	-211.0078	-217.3201	6.312253	0.023704	0.005777097	0.01792691	0.005777097
6840	-213.4561	-219.8422	6.386197	0.02958108	0.008085758	0.02149532	0.008085758
6850	-211.9451	-217.5561	5.611001	0.01511692	0.003950766	0.01116616	0.003950766
6860	-224.3318	-230.02	5.688169	0.05110132	0.03052105	0.02058027	0.03052105
6870	-223.1187	-229.2243	6.105559	0.0427338	0.01013071	0.03260308	0.01013071
6880	-214.2678	-219.0482	4.780489	0.02797446	0.0009762374	0.02699822	0.0009762374
6890	-219.9086	-226.0423	6.133724	0.04117715	0.01702993	0.02414722	0.01702993
6900	-213.2019	-219.5027	6.300765	0.02902212	0.004949258	0.02407286	0.004949258
6910	-225.3409	-231.3514	6.01054	0.04610179	0.01271288	0.03338891	0.01271288
6920	-221.0591	-226.0834	5.024308	0.04001242	0.02932745	0.01068496	0.02932745
6930	-217.8312	-224.1224	6.291233	0.03678234	0.01047143	0.0263109	0.01047143
6940	-211.6246	-217.971	6.3464	0.02591534	0.005539626	0.02037571	0.005539626
6950	-210.3363	-216.5476	6.211359	0.02191508	0.004296169	0.01761891	0.004296169
6960	-213.6796	-219.8615	6.181924	0.02804183	0.01209714	0.01594469	0.01209714
6970	-214.8928	-221.1559	6.263011	0.0315257	0.005058563	0.02646714	0.005058563
6980	-235.5136	-241.0825	5.56892	0.05746354	0.01664178	0.04082176	0.01664178
6990	-210.6508	-216.8436	6.192851	0.02094441	0.005406373	0.01553804	0.005406373
7000	-212.6894	-218.9996	6.310127	0.02695345	0.009452125	0.01750133	0.009452125
7010	-210.1057	-215.2634	5.157753	0.01718446	0.001339808	0.01584466	0.001339808
7020	-218.5688	-224.8241	6.255299	0.03817742	0.01214842	0.02602901	0.01214842
7030	-214.0427	-220.4123	6.369665	0.03061791	0.009494441	0.02112347	0.009494441
7040	-217.6187	-223.9039	6.285211	0.03578726	0.007786662	0.0280006	0.007786662
7050	-210.4415	-216.5884	6.146857	0.02015929	0.004777947	0.01538134	0.004777947
7060	-214.9043	-220.9992	6.094902	0.03045666	0.01467411	0.01578255	0.01467411
7070	-212.947	-218.3468	5.399855	0.02701097	0.001516922	0.02549405	0.001516922
7080	-213.6769	-219.8136	6.136627	0.02755688	0.01228683	0.01527005	0.01228683
7090	-215.3428	-221.4062	6.063479	0.03134353	0.01558713	0.0157564	0.01558713
7100	-224.7085	-230.5433	5.834815	0.05031232	0.0251785	0.02513383	0.0251785
7110	-211.7259	-218.056	6.330118	0.02505485	0.007447726	0.01760712	0.007447726
7120	-212.4853	-218.802	6.316709	0.02779341	0.004985868	0.02280755	0.004985868
7130	-215.7577	-221.4895	5.731783	0.02960609	0.01707477	0.01253132	0.01707477
7140	-222.3343	-228.3797	6.045431	0.04486215	0.01820912	0.02665303	0.01820912
7150	-220.3534	-226.3611	6.007708	0.04257014	0.02123019	0.02133995	0.02123019
7160	-218.0369	-224.3227	6.285768	0.0370067	0.01028359	0.0267231	0.01028359
7170	-214.4214	-220.086	5.66463	0.02953778	0.002031584	0.0275062	0.002031584
7180	-239.755	-244.2821	4.527096	0.09382784	0.07338136	0.02044648	0.07338136
7190	-216.8903	-223.2101	6.319801	0.03512751	0.008796226	0.02633128	0.008796226
7200	-214.6246	-220.4269	5.802379	0.02683796	0.0144414	0.01239656	0.0144414
7210	-222.7247	-227.7011	4.976371	0.04462532	0.03345581	0.01116951	0.03345581
7220	-225.3909	-230.3689	4.977971	0.05245608	0.03990186	0.01255422	0.03990186
7230	-217.5846	-223.5769	5.992296	0.03414597	0.003541408	0.03060456	0.003541408
7240	-217.7901	-222.5277	4.737581	0.02777706	0.01953675	0.008240308	0.01953675
7250	-212.2995	-218.3448	6.045276	0.02704577	0.002966067	0.0240797	0.002966067
7260	-222.934	-228.8685	5.934543	0.04701707	0.02267688	0.02434018	0.02267688
7270	-212.2235	-218.365	6.141486	0.02354442	0.009172061	0.01437236	0.009172061
7280	-226.1343	-231.8893	5.755	0.05294917	0.02712093	0.02582825	0.02712093
7290	-212.7297	-218.205	5.475261	0.01458451	0.004368304	0.01021621	0.004368304
7300	-212.3367	-218.6985	6.361753	0.02685885	0.00801733	0.01884152	0.00801733
7310	-217.0891	-222.7247	5.635529	0.03269258	0.02009331	0.01259928	0.02009331
7320	-216.9755	-222.8851	5.909603	0.03445908	0.01919908	0.01526	0.01919908
7330	-234.4668	-238.696	4.229201	0.07848938	0.06629655	0.01219284	0.06629655
7340	-214.4497	-220.611	6.16136	0.02986179	0.01351073	0.01635106	0.01351073
7350	-211.9449	-218.3082	6.363264	0.02612361	0.007185711	0.0189379	0.007185711
7360	-218.3199	-224.5277	6.207796	0.03602769	0.006068261	0.02995943	0.006068261
7370	-222.3299	-228.4363	6.106374	0.04353291	0.01433381	0.02919909	0.01433381
7380	-217.9768	-224.264	6.287248	0.03695272	0.01038093	0.02657179	0.01038093
7390	-215.2963	-221.6578	6.361502	0.03285387	0.008985656	0.02386822	0.008985656
7400	-214.7716	-219.986	5.214425	0.02044487	0.01150181	0.008943054	0.01150181
7410	-220.2468	-225.3393	5.09248	0.03804725	0.02735227	0.01069497	0.02735227
7420	-217.7429	-223.6851	5.94224	0.03664372	0.02017934	0.01646439	0.02017934
7430	-214.2576	-220.6305	6.372865	0.0310224	0.007330741	0.02369166	0.007330741
7440	-213.2656	-219.611	6.345412	0.02922772	0.005716598	0.02351112	0.005716598
7450	-216.709	-223.0229	6.313908	0.03533105	0.01122923	0.02410182	0.01122923
7460	-211.4023	-217.6313	6.228956	0.02272333	0.007283857	0.01543948	0.007283857
7470	-215.3011	-221.6514	6.350334	0.03295698	0.01031591	0.02264107	0.01031591
7480	-223.2417	-228.4055	5.16379	0.0471428	0.03444607	0.01269673	0.03444607
7490	-211.8238	-218.1901	6.366347	0.02613401	0.006461033	0.01967297	0.006461033
7500	-228.036	-233.7073	5.671283	0.05594431	0.02842302	0.02752129	0.02842302
7510	-234.3323	-238.4606	4.12834	0.0777038	0.06621557	0.01148823	0.06621557
7520	-215.0393	-221.2061	6.166724	0.03140793	0.01433852	0.01706941	0.01433852
7530	-218.2075	-224.4667	6.259206	0.03778258	0.01261407	0.0251685	0.01261407
7540	-212.5149	-218.4671	5.952218	0.02179708	0.009273843	0.01252324	0.009273843
7550	-220.5081	-226.2142	5.706144	0.04239971	0.02636886	0.01603085	0.02636886
7560	-214.5723	-219.9288	5.356506	0.02154052	0.01201008	0.009530441	0.01201008
7570	-229.3635	-235.2288	5.865373	0.04845049	0.009849737	0.03860076	0.009849737
7580	-220.4315	-226.3996	5.968189	0.04279622	0.022278	0.02051823	0.022278
7590	-220.7223	-226.3236	5.601312	0.04245566	0.02750619	0.01494947	0.02750619
7600	-214.0465	-220.4283	6.381821	0.03069868	0.007906934	0.02279175	0.007906934
7610	-213.1854	-219.5549	6.369452	0.02880248	0.008941108	0.01986138	0.008941108
7620	-219.7546	-225.8978	6.143179	0.04089102	0.0167589	0.02413212	0.0167589
7630	-211.1944	-217.3237	6.129318	0.02072465	0.006545632	0.01417902	0.006545632
7640	-220.3487	-226.547	6.198332	0.03914388	0.008435212	0.03070866	0.008435212
7650	-210.3124	-216.5159	6.203538	0.0215981	0.004348394	0.01724971	0.004348394
7660	-211.6481	-217.9762	6.328159	0.02606331	0.005104476	0.02095883	0.005104476
7670	-210.6223	-216.8209	6.198556	0.02355775	0.003775467	0.01978228	0.003775467
7680	-221.5336	-227.4154	5.88178	0.04508374	0.02473493	0.02034881	0.02473493
7690	-225.2468	-231.1969	5.950019	0.04825764	0.01793712	0.03032052	0.01793712
7700	-213.9913	-219.7549	5.763613	0.02436276	0.01264251	0.01172025	0.01264251
7710	-210.6866	-216.5729	5.886348	0.0235744	0.002353367	0.02122103	0.002353367
7720	-212.5344	-217.5822	5.047806	0.01295759	0.001895792	0.0110618	0.001895792
7730	-219.0114	-224.8007	5.789307	0.03899387	0.02334138	0.01565249	0.02334138
7740	-216.7954	-223.0795	6.284127	0.035647	0.01282904	0.02281796	0.01282904
7750	-228.4547	-234.3418	5.887106	0.04679244	0.008188633	0.03860381	0.008188633
7760	-229.4833	-235.3135	5.830236	0.04718719	0.007282592	0.0399046	0.007282592
7770	-214.8423	-221.206	6.363624	0.03213628	0.009706617	0.02242966	0.009706617
7780	-240.5069	-245.142	4.635102	0.09218812	0.06773848	0.02444964	0.06773848
7790	-213.9927	-219.3612	5.36845	0.02847941	0.00151817	0.02696124	0.00151817
7800	-221.8887	-226.2455	4.356828	0.03849278	0.03028875	0.008204035	0.03028875
7810	-212.6015	-218.9831	6.381609	0.02776991	0.007615316	0.0201546	0.007615316
7820	-209.797	-215.4501	5.653066	0.01922415	0.001967432	0.01725672	0.001967432
7830	-237.62	-242.5584	4.938369	0.08043406	0.05349222	0.02694184	0.05349222
7840	-212.1589	-218.2515	6.092559	0.02268015	0.008910297	0.01376985	0.008910297
7850	-210.3656	-216.5463	6.180761	0.02079407	0.004648487	0.01614558	0.004648487
7860	-219.3426	-223.2976	3.954954	0.009231214	0.002654246	0.006576968	0.002654246
7870	-211.0657	-216.924	5.858274	0.01691097	0.004286231	0.01262474	0.004286231
7880	-216.744	-222.9662	6.222234	0.0339498	0.005341656	0.02860814	0.005341656
7890	-214.3514	-219.9192	5.567763	0.02928337	0.001839985	0.02744339	0.001839985
7900	-227.8981	-233.4407	5.542609	0.05820335	0.03477066	0.02343269	0.03477066
7910	-213.4827	-218.8909	5.408175	0.01634543	0.006892419	0.009453007	0.006892419
7920	-211.6045	-217.9613	6.356756	0.02552663	0.006359119	0.01916751	0.006359119
7930	-217.0393	-222.9292	5.889902	0.03448695	0.01941186	0.01507508	0.01941186
7940	-211.1452	-217.4736	6.32838	0.02441115	0.005649083	0.01876207	0.005649083
7950	-214.2861	-219.8761	5.589979	0.02335317	0.01265997	0.0106932	0.01265997
7960	-212.4424	-218.817	6.374603	0.02767583	0.006320663	0.02135517	0.006320663
7970	-210.9056	-217.1926	6.286964	0.02415214	0.004676983	0.01947516	0.004676983
7980	-220.8518	-226.4704	5.618589	0.04288063	0.02761884	0.01526179	0.02761884
7990	-210.029	-215.4678	5.438866	0.02051932	0.001541146	0.01897817	0.001541146
8000	-220.2244	-224.1865	3.962159	0.03067253	0.02394336	0.006729167	0.02394336
8010	-214.8502	-220.4157	5.56554	0.02509849	0.01427218	0.01082631	0.01427218
8020	-216.0149	-221.9884	5.973524	0.03239333	0.01720879	0.01518453	0.01720879
8030	-214.3401	-220.5852	6.245134	0.03032616	0.01256172	0.01776444	0.01256172
8040	-214.0455	-220.3808	6.335317	0.0304993	0.005869193	0.0246301	0.005869193
8050	-214.3389	-220.53	6.191155	0.029848	0.01311043	0.01673757	0.01311043
8060	-214.9322	-220.8965	5.964363	0.02934173	0.01518282	0.01415891	0.01518282
8070	-212.4619	-218.8377	6.375823	0.02736848	0.007728672	0.01963981	0.007728672
8080	-213.124	-219.4588	6.334805	0.02896121	0.005453523	0.02350768	0.005453523
8090	-212.0404	-218.3664	6.325963	0.02693019	0.005060158	0.02187003	0.005060158
8100	-215.7721	-221.6335	5.861403	0.0307909	0.01707143	0.01371946	0.01707143
8110	-235.1741	-240.124	4.949933	0.07801404	0.05585047	0.02216357	0.05585047
8120	-215.1163	-221.4796	6.363249	0.03259477	0.009359161	0.02323561	0.009359161
8130	-210.5863	-216.5826	5.996327	0.01822067	0.004323982	0.01389668	0.004323982
8140	-211.7641	-218.0448	6.280644	0.02636207	0.004438623	0.02192344	0.004438623
8150	-231.1503	-236.8453	5.694959	0.05520847	0.01974665	0.03546182	0.01974665
8160	-213.8855	-220.2589	6.373444	0.03037574	0.00695539	0.02342035	0.00695539
8170	-213.2023	-219.3952	6.192907	0.02688767	0.0111784	0.01570926	0.0111784
8180	-213.6566	-218.7037	5.047108	0.01230254	0.002516877	0.009785659	0.002516877
8190	-219.8515	-226.0261	6.174638	0.04065256	0.01509795	0.02555462	0.01509795
8200	-216.1143	-221.8901	5.77579	0.03103269	0.01788325	0.01314944	0.01788325
8210	-209.9437	-215.6415	5.697809	0.01771217	0.002270002	0.01544217	0.002270002
8220	-230.6066	-236.4173	5.810668	0.05075229	0.01216312	0.03858917	0.01216312
8230	-213.7006	-219.823	6.122349	0.02746969	0.0123769	0.01509278	0.0123769
8240	-235.993	-240.6614	4.668432	0.08314377	0.0652799	0.01786387	0.0652799
8250	-214.7353	-220.8364	6.101124	0.03006449	0.01435339	0.0157111	0.01435339
8260	-212.3983	-218.1575	5.759246	0.01832387	0.007200532	0.01112334	0.007200532
8270	-209.9237	-215.8314	5.907774	0.01867695	0.002882843	0.01579411	0.002882843
8280	-211.4676	-217.8166	6.348935	0.02535857	0.005868503	0.01949006	0.005868503
8290	-223.4254	-229.3859	5.960501	0.04716445	0.02090235	0.0262621	0.02090235
8300	-217.5738	-223.7986	6.224841	0.03712272	0.01484364	0.02227908	0.01484364
8310	-212.9176	-219.1891	6.271455	0.02705032	0.01020288	0.01684744	0.01020288
8320	-211.916	-217.2842	5.36822	0.01395672	0.002521398	0.01143532	0.002521398
8330	-218.7922	-224.7113	5.919092	0.03909917	0.02181487	0.0172843	0.02181487
8340	-215.1379	-220.57	5.43211	0.02469081	0.0145032	0.01018762	0.0145032
8350	-228.0626	-233.4108	5.348221	0.0602289	0.04093018	0.01929872	0.04093018
8360	-210.8804	-217.183	6.302661	0.02352323	0.005406204	0.01811703	0.005406204
8370	-215.5031	-221.7964	6.293271	0.03325423	0.0126196	0.02063462	0.0126196
8380	-221.337	-226.7975	5.460491	0.04337455	0.02939968	0.01397487	0.02939968
8390	-218.8408	-224.9312	6.090466	0.03961092	0.01881765	0.02079327	0.01881765
8400	-212.3072	-218.5647	6.25754	0.02533031	0.009177576	0.01615274	0.009177576
8410	-211.7598	-217.7115	5.951711	0.02594097	0.002580556	0.02336042	0.002580556
8420	-211.4234	-217.2404	5.816925	0.01673527	0.004697318	0.01203795	0.004697318
8430	-217.058	-223.203	6.144978	0.03602477	0.01677644	0.01924832	0.01677644
8440	-220.8498	-226.2971	5.447329	0.04196582	0.02846259	0.01350323	0.02846259
8450	-226.8669	-232.1663	5.299402	0.04191315	0.002244139	0.03966901	0.002244139
8460	-214.2905	-220.6168	6.326331	0.03084908	0.01109819	0.01975089	0.01109819
8470	-219.0883	-225.0955	6.007117	0.04005613	0.02077001	0.01928611	0.02077001
8480	-210.3823	-216.5848	6.202539	0.02255902	0.003966931	0.01859209	0.003966931
8490	-217.7795	-223.6942	5.914658	0.03657245	0.02046536	0.01610709	0.02046536
8500	-212.0378	-218.3852	6.347435	0.02599227	0.007798836	0.01819343	0.007798836
8510	-212.6958	-218.1163	5.420521	0.01402361	0.003700949	0.01032266	0.003700949
8520	-227.8158	-233.0439	5.228088	0.04261929	0.00215731	0.04046198	0.00215731
8530	-212.5819	-218.9365	6.354683	0.02799726	0.005700649	0.02229661	0.005700649
8540	-222.3364	-228.4638	6.127446	0.04275337	0.01222888	0.03052448	0.01222888
8550	-219.5127	-225.7433	6.230648	0.0382818	0.008613069	0.02966873	0.008613069
8560	-210.4602	-216.3897	5.929529	0.02302387	0.002486728	0.02053714	0.002486728
8570	-221.3687	-227.2726	5.903956	0.044719	0.02413838	0.02058063	0.02413838
8580	-216.2809	-222.3555	6.07457	0.03382682	0.01692013	0.01690669	0.01692013
8590	-225.0574	-230.8511	5.793635	0.0512764	0.02662549	0.02465091	0.02662549
8600	-213.8601	-219.3959	5.535832	0.0285609	0.001757686	0.02680321	0.001757686
8610	-213.5437	-219.9061	6.362344	0.02950561	0.009513028	0.01999258	0.009513028
8620	-217.4603	-221.7354	4.275052	0.02213536	0.01537254	0.006762821	0.01537254
8630	-254.6224	-257.5231	2.90073	0.1647725	0.1507296	0.01404287	0.1507296
8640	-218.0924	-223.596	5.503637	0.03366848	0.001969632	0.03169884	0.001969632
8650	-213.5517	-219.9083	6.356567	0.02946806	0.009700003	0.01976805	0.009700003
8660	-216.5371	-222.8397	6.302635	0.03515838	0.01211555	0.02304282	0.01211555
8670	-235.703	-240.3617	4.658669	0.08241787	0.06503442	0.01738345	0.06503442
8680	-211.4929	-217.3394	5.84653	0.02527046	0.002264989	0.02300547	0.002264989
8690	-219.1132	-224.5103	5.397086	0.03676608	0.02474952	0.01201655	0.02474952
8700	-222.642	-228.0986	5.456582	0.04687391	0.03190736	0.01496655	0.03190736
8710	-222.1987	-228.2304	6.031635	0.04496432	0.01912531	0.02583901	0.01912531
8720	-211.7956	-218.123	6.327347	0.0251485	0.007631063	0.01751744	0.007631063
8730	-217.5159	-223.7491	6.233153	0.03700225	0.0145602	0.02244204	0.0145602
8740	-226.4367	-232.3937	5.95699	0.04775302	0.01394194	0.03381108	0.01394194
8750	-212.9405	-218.5945	5.65403	0.0187102	0.008159303	0.0105509	0.008159303
8760	-212.6372	-219.0217	6.384429	0.02793625	0.007312349	0.0206239	0.007312349
8770	-214.416	-220.6827	6.266649	0.03068558	0.01235873	0.01832685	0.01235873
8780	-212.5956	-218.9797	6.384085	0.02788081	0.007127647	0.02075316	0.007127647
8790	-210.7201	-216.6622	5.942124	0.01765784	0.004231199	0.01342664	0.004231199
8800	-210.3258	-216.5161	6.190338	0.02108203	0.004515044	0.01656699	0.004515044
8810	-210.9711	-217.2731	6.302046	0.02337364	0.005868036	0.01750561	0.005868036
8820	-211.1878	-217.4596	6.271865	0.02504824	0.004356989	0.02069125	0.004356989
8830	-211.8373	-218.0376	6.200318	0.02644473	0.003749347	0.02269538	0.003749347
8840	-219.3416	-225.2796	5.937999	0.04045443	0.02216168	0.01829275	0.02216168
8850	-211.7475	-217.957	6.209518	0.02324044	0.00809501	0.01514543	0.00809501
8860	-214.3424	-220.7034	6.360984	0.03117413	0.009980414	0.02119371	0.009980414
8870	-218.8896	-224.7772	5.887632	0.039193	0.02229176	0.01690125	0.02229176
8880	-211.292	-217.6309	6.338879	0.02486055	0.005752908	0.01910764	0.005752908
8890	-213.2454	-219.3277	6.082277	0.02573318	0.01149071	0.01424247	0.01149071
8900	-225.8252	-230.9041	5.078898	0.05414771	0.04050766	0.01364005	0.04050766
8910	-210.4143	-216.6005	6.186186	0.02084051	0.00478569	0.01605482	0.00478569
8920	-222.0735	-227.8391	5.765659	0.04629164	0.02750223	0.0187894	0.02750223
8930	-211.3483	-217.4628	6.114523	0.02083278	0.006876082	0.0139567	0.006876082
8940	-219.7371	-225.8219	6.084752	0.04123541	0.01897055	0.02226486	0.01897055
8950	-216.6795	-222.0437	5.364264	0.02923578	0.01868733	0.01054845	0.01868733
8960	-214.9183	-220.7837	5.86538	0.02835765	0.01521489	0.01314276	0.01521489
8970	-210.2842	-216.1421	5.857938	0.01738253	0.003141079	0.01424145	0.003141079
8980	-211.4079	-217.7538	6.345945	0.02518417	0.005847795	0.01933638	0.005847795
8990	-210.2043	-216.3509	6.14652	0.02049619	0.004169803	0.01632638	0.004169803
9000	-213.1791	-219.0165	5.8374	0.022478	0.01061608	0.01186192	0.01061608
9010	-226.6645	-232.2036	5.539118	0.05631111	0.03521689	0.02109422	0.03521689
9020	-213.1349	-219.503	6.368098	0.02867682	0.008935537	0.01974128	0.008935537
9030	-213.3836	-219.4368	6.053246	0.02579856	0.01179914	0.01399943	0.01179914
9040	-216.0343	-222.0401	6.005805	0.03269771	0.01707176	0.01562595	0.01707176
9050	-215.8802	-221.935	6.05479	0.03221811	0.003551186	0.02866693	0.003551186
9060	-211.7637	-218.1103	6.346607	0.02627238	0.005486956	0.02078543	0.005486956
9070	-222.8541	-228.235	5.380826	0.04711625	0.03277837	0.01433788	0.03277837
9080	-214.784	-219.9176	5.133662	0.02918217	0.001279683	0.02790249	0.001279683
9090	-213.8149	-219.5518	5.736947	0.0288317	0.002147082	0.02668462	0.002147082
9100	-227.1448	-232.9821	5.837321	0.0515155	0.02061695	0.03089854	0.02061695
9110	-213.551	-219.5322	5.98112	0.02546702	0.01212696	0.01334005	0.01212696
9120	-212.4082	-218.7685	6.360348	0.02765012	0.005814244	0.02183588	0.005814244
9130	-215.2468	-221.5176	6.270814	0.03261079	0.01303857	0.01957223	0.01303857
9140	-216.3978	-222.7004	6.302642	0.03398103	0.006812806	0.02716822	0.006812806
9150	-211.6298	-217.9654	6.335539	0.0249726	0.007152407	0.01782019	0.007152407
9160	-210.5709	-216.8296	6.258703	0.02285206	0.004641458	0.0182106	0.004641458
9170	-219.3781	-225.3605	5.982383	0.03620827	0.003898314	0.03230996	0.003898314
9180	-211.2783	-216.8155	5.537107	0.02432268	0.001654445	0.02266823	0.001654445
9190	-217.6325	-223.9069	6.274438	0.0356508	0.007286365	0.02836444	0.007286365
9200	-227.926	-232.8252	4.899241	0.05961748	0.04614024	0.01347724	0.04614024
9210	-222.4192	-227.938	5.518771	0.04653725	0.03104865	0.0154886	0.03104865
9220	-213.3585	-219.6188	6.260304	0.02803672	0.01101443	0.01702229	0.01101443
9230	-221.883	-227.7799	5.896883	0.04569804	0.02441537	0.02128267	0.02441537
9240	-211.1247	-217.4043	6.279689	0.02486473	0.004464064	0.02040066	0.004464064
9250	-217.1854	-223.4703	6.284904	0.03623894	0.01247152	0.02376741	0.01247152
9260	-220.6756	-226.8025	6.126877	0.03858462	0.006193402	0.03239122	0.006193402
9270	-221.6434	-226.5053	4.861847	0.04075537	0.03065557	0.0100998	0.03065557
9280	-212.1773	-218.5042	6.326816	0.0259742	0.008376879	0.01759732	0.008376879
9290	-224.3105	-229.4937	5.18314	0.05027271	0.0367395	0.0135332	0.0367395
9300	-213.5803	-219.9643	6.383944	0.02979875	0.008410774	0.02138797	0.008410774
9310	-224.1638	-230.2283	6.064547	0.04356247	0.009638113	0.03392435	0.009638113
9320	-222.1152	-226.9874	4.872244	0.04222261	0.03188291	0.0103397	0.03188291
9330	-223.6278	-229.2277	5.599932	0.04974212	0.0318359	0.01790622	0.0318359
9340	-220.1556	-226.3668	6.211222	0.03994681	0.01133713	0.02860968	0.01133713
9350	-216.4307	-222.7005	6.269835	0.03502652	0.01348271	0.02154381	0.01348271
9360	-214.7253	-220.9884	6.263057	0.03138334	0.01274138	0.01864196	0.01274138
9370	-212.4789	-218.4626	5.983729	0.02212733	0.009335851	0.01279148	0.009335851
9380	-216.5186	-221.0181	4.499425	0.01947144	0.01242999	0.007041447	0.01242999
9390	-225.3086	-231.2113	5.902685	0.04945521	0.02071078	0.02874444	0.02071078
9400	-220.3446	-226.4288	6.084201	0.04217904	0.01871288	0.02346617	0.01871288
9410	-222.1328	-228.2636	6.130797	0.04271608	0.01272734	0.02998874	0.01272734
9420	-211.9298	-218.2994	6.369591	0.02643879	0.006424436	0.02001436	0.006424436
9430	-232.272	-237.6641	5.392058	0.06472399	0.03616354	0.02856046	0.03616354
9440	-213.1195	-219.4709	6.351344	0.02844928	0.0093844	0.01906488	0.0093844
9450	-219.448	-225.3119	5.863932	0.04044545	0.02327621	0.01716924	0.02327621
9460	-214.8358	-220.9678	6.132007	0.0306015	0.0143278	0.0162737	0.0143278
9470	-212.2637	-218.5749	6.311174	0.02737111	0.004867388	0.02250372	0.004867388
9480	-210.3642	-216.5659	6.201699	0.0212551	0.00461311	0.01664199	0.00461311
9490	-226.6313	-232.6022	5.97091	0.04609465	0.01003938	0.03605527	0.01003938
9500	-223.2924	-227.9731	4.680649	0.04464751	0.03476669	0.009880815	0.03476669
9510	-218.5736	-224.8358	6.26216	0.03800937	0.01145094	0.02655842	0.01145094
9520	-215.4155	-221.0393	5.623808	0.027557	0.01604516	0.01151184	0.01604516
9530	-211.7383	-218.0905	6.352265	0.02617168	0.005663291	0.02050839	0.005663291
9540	-221.9558	-227.6517	5.695885	0.04593083	0.02848515	0.01744568	0.02848515
9550	-213.4857	-218.8989	5.413205	0.01650336	0.00703573	0.009467634	0.00703573
9560	-228.7987	-233.4717	4.673005	0.06143438	0.04918018	0.0122542	0.04918018
9570	-222.653	-228.7288	6.075879	0.04442122	0.01574383	0.02867739	0.01574383
9580	-214.0429	-220.4061	6.363187	0.0306047	0.006645865	0.02395884	0.006645865
9590	-215.8892	-221.4945	5.605289	0.02886769	0.01721802	0.01164966	0.01721802
9600	-219.6521	-225.7846	6.132435	0.03726616	0.005576281	0.03168988	0.005576281
9610	-216.7349	-223.0442	6.309336	0.03541058	0.01152028	0.0238903	0.01152028
9620	-216.9207	-223.0808	6.160152	0.03577973	0.01639372	0.01938601	0.01639372
9630	-212.2141	-218.4971	6.282969	0.02725289	0.004513448	0.02273944	0.004513448
9640	-212.9691	-219.264	6.294903	0.02745151	0.01006616	0.01738535	0.01006616
9650	-213.136	-219.4775	6.341541	0.02899498	0.005586667	0.02340831	0.005586667
9660	-220.3509	-225.1992	4.84836	0.03678527	0.02723795	0.009547323	0.02723795
9670	-215.735	-221.8639	6.12894	0.03285039	0.01564971	0.01720067	0.01564971
9680	-210.875	-216.054	5.179003	0.01499142	0.001597082	0.01339434	0.001597082
9690	-219.1074	-225.3065	6.199082	0.03953413	0.01481166	0.02472247	0.01481166
9700	-213.5937	-219.5922	5.998454	0.02579473	0.01224928	0.01354545	0.01224928
9710	-213.6821	-219.8351	6.153023	0.02943966	0.003716926	0.02572273	0.003716926
9720	-221.6176	-226.6264	5.008874	0.04156233	0.03071374	0.01084859	0.03071374
9730	-214.3783	-220.5081	6.129753	0.0293808	0.01358852	0.01579229	0.01358852
9740	-213.0164	-219.4019	6.385511	0.02878575	0.007108651	0.0216771	0.007108651
9750	-223.3971	-229.3987	6.001698	0.0463979	0.01875863	0.02763927	0.01875863
9760	-214.6301	-220.8959	6.265872	0.03118231	0.01259923	0.01858308	0.01259923
9770	-210.618	-216.3684	5.750481	0.0231873	0.002025952	0.02116135	0.002025952
9780	-221.0445	-227.1939	6.149374	0.04201553	0.01440766	0.02760786	0.01440766
9790	-215.3536	-221.7074	6.353758	0.03303221	0.009997981	0.02303423	0.009997981
9800	-232.0251	-236.1103	4.085209	0.06953788	0.05922843	0.01030944	0.05922843
9810	-211.0733	-217.0332	5.959903	0.01806721	0.005103096	0.01296411	0.005103096
9820	-221.5837	-227.6554	6.071722	0.04379786	0.01798736	0.0258105	0.01798736
9830	-214.1692	-219.6796	5.510389	0.02188758	0.01172096	0.01016662	0.01172096
9840	-211.181	-217.5091	6.328084	0.0246822	0.005421373	0.01926082	0.005421373
9850	-227.1258	-232.5972	5.47146	0.05763604	0.03727219	0.02036385	0.03727219
9860	-213.5542	-219.8316	6.27745	0.02953982	0.00476284	0.02477698	0.00476284
9870	-235.2566	-240.5625	5.30587	0.06718029	0.03435788	0.03282241	0.03435788
9880	-213.4104	-219.7414	6.331062	0.02889849	0.0101523	0.01874619	0.0101523
9890	-216.3283	-222.5849	6.256671	0.03481585	0.01387866	0.02093718	0.01387866
9900	-218.441	-222.8652	4.424264	0.0276327	0.02017411	0.007458595	0.02017411
9910	-221.836	-227.6624	5.826427	0.04576823	0.02613248	0.01963574	0.02613248
9920	-211.6358	-217.9903	6.354497	0.02543157	0.00667143	0.01876014	0.00667143
9930	-227.1398	-233.0887	5.948956	0.0472579	0.01146382	0.03579407	0.01146382
9940	-212.2716	-218.5552	6.283605	0.02736137	0.00452937	0.022832	0.00452937
9950	-251.2229	-255.6103	4.387434	0.09481219	0.05325055	0.04156164	0.05325055
9960	-225.6472	-231.332	5.684794	0.0533578	0.03054104	0.02281676	0.03054104
9970	-219.9291	-226.0208	6.091694	0.04151004	0.01866599	0.02284405	0.01866599
9980	-221.0501	-227.1752	6.125108	0.04249503	0.01595057	0.02654446	0.01595057
9990	-214.0596	-220.4238	6.36415	0.03061597	0.00976089	0.02085508	0.00976089
10000	-211.2022	-217.5316	6.32941	0.02429037	0.006052585	0.01823779	0.006052585
