Iteration	Posterior	Likelihood	Prior	birth_rate	death_rate	diversification	turnover
0	-268.395	-272.1538	3.758818	0.1060714	0.04942438	0.05664705	0.04942438
10	-237.1358	-241.8523	4.716508	0.08538179	0.06511789	0.02026391	0.06511789
20	-213.0775	-219.3766	6.299077	0.02880988	0.004891091	0.02391879	0.004891091
30	-211.168	-217.3632	6.19516	0.02503389	0.003681276	0.02135262	0.003681276
40	-322.0761	-323.3968	1.320638	0.1790642	0.09270039	0.08636382	0.09270039
50	-229.3723	-234.0765	4.704235	0.06332875	0.05052921	0.01279954	0.05052921
60	-267.7302	-271.3565	3.626228	0.1138761	0.0602531	0.05362305	0.0602531
70	-266.3202	-269.4722	3.152001	0.1537045	0.1126384	0.0410661	0.1126384
80	-243.9123	-248.5008	4.588503	0.09351212	0.06247377	0.03103835	0.06247377
90	-223.8863	-228.8356	4.949329	0.04790106	0.03633747	0.01156359	0.03633747
100	-216.8946	-222.3768	5.482196	0.03089377	0.01952023	0.01137354	0.01952023
110	-233.697	-238.4584	4.761358	0.07640703	0.05971413	0.0166929	0.05971413
120	-277.0202	-281.1749	4.154747	0.0858454	0.01486279	0.07098261	0.01486279
130	-219.462	-225.6704	6.208451	0.0397721	0.01371566	0.02605644	0.01371566
140	-331.542	-329.3732	-2.168801	0.7494453	0.6966526	0.05279264	0.6966526
150	-214.5746	-220.7187	6.144134	0.03070761	0.003840417	0.0268672	0.003840417
160	-255.1504	-259.0232	3.872784	0.1220337	0.08599433	0.03603939	0.08599433
170	-292.6042	-293.2884	0.6842825	0.3938047	0.3592826	0.0345221	0.3592826
180	-235.3093	-240.6077	5.298447	0.06743336	0.0347156	0.03271776	0.0347156
190	-238.7735	-244.1071	5.333625	0.06423948	0.02342396	0.04081552	0.02342396
200	-292.3906	-295.0976	2.706968	0.1335852	0.0624543	0.07113088	0.0624543
210	-214.0287	-220.2546	6.2259	0.03013491	0.004360545	0.02577436	0.004360545
220	-217.5907	-223.3936	5.802935	0.03534351	0.02079835	0.01454516	0.02079835
230	-234.8194	-240.2135	5.394097	0.06414774	0.02967857	0.03446916	0.02967857
240	-232.86	-236.8583	3.998306	0.07204947	0.06184547	0.010204	0.06184547
250	-223.9874	-230.0219	6.034537	0.04222509	0.007097009	0.03512808	0.007097009
260	-217.7657	-223.696	5.930291	0.03663103	0.02031646	0.01631457	0.02031646
270	-238.7902	-244.203	5.412787	0.06132118	0.01850869	0.04281249	0.01850869
280	-228.7741	-234.2999	5.525853	0.0594857	0.0347148	0.0247709	0.0347148
290	-330.1188	-331.2429	1.12405	0.1815737	0.08967151	0.09190217	0.08967151
300	-253.5814	-257.3279	3.746497	0.1356381	0.1075936	0.02804451	0.1075936
310	-266.5276	-268.6172	2.089618	0.2408706	0.2252328	0.01563782	0.2252328
320	-232.326	-237.2018	4.875775	0.07230734	0.0554659	0.01684144	0.0554659
330	-252.5387	-256.2791	3.740407	0.1368841	0.1115238	0.02536028	0.1115238
340	-225.2994	-231.3152	6.015783	0.04583706	0.01221532	0.03362174	0.01221532
350	-268.1025	-272.421	4.318571	0.08425064	0.02057678	0.06367386	0.02057678
360	-210.6047	-216.5601	5.95543	0.01780102	0.00411238	0.01368864	0.00411238
370	-214.3025	-220.6335	6.330985	0.03090178	0.005919699	0.02498208	0.005919699
380	-246.4574	-250.7675	4.310188	0.1066721	0.07830235	0.02836979	0.07830235
390	-242.3384	-247.2349	4.896476	0.07942236	0.0427837	0.03663866	0.0427837
400	-225.4049	-228.0182	2.613295	0.006832337	0.001619169	0.005213168	0.001619169
410	-218.5146	-224.6404	6.125798	0.03577613	0.004903968	0.03087216	0.004903968
420	-219.7349	-225.6481	5.913183	0.03637957	0.00354354	0.03283603	0.00354354
430	-221.6636	-227.7688	6.105259	0.04329536	0.01599066	0.02730471	0.01599066
440	-269.4925	-273.1709	3.678455	0.108847	0.05196856	0.05687849	0.05196856
450	-224.4452	-230.4983	6.053114	0.04376826	0.009487312	0.03428095	0.009487312
460	-221.5966	-227.7532	6.156623	0.0418127	0.0119157	0.029897	0.0119157
470	-215.0078	-221.3223	6.31443	0.03231665	0.01182988	0.02048678	0.01182988
480	-303.7827	-307.21	3.427327	0.09522632	0.006008134	0.08921819	0.006008134
490	-272.259	-276.0529	3.793912	0.1010744	0.03920893	0.06186545	0.03920893
500	-236.3946	-241.4493	5.054696	0.07616673	0.04848804	0.02767869	0.04848804
510	-235.5204	-239.7914	4.271031	0.08222937	0.06914619	0.01308319	0.06914619
520	-256.0638	-260.6162	4.552377	0.08241785	0.02990585	0.05251201	0.02990585
530	-265.037	-267.8351	2.79804	0.1987037	0.1716798	0.02702395	0.1716798
540	-244.5701	-249.8483	5.278131	0.05876623	0.00727329	0.05149294	0.00727329
550	-212.945	-219.1503	6.205338	0.02634262	0.0106397	0.01570292	0.0106397
560	-254.2505	-258.3067	4.056156	0.1102937	0.07104228	0.03925142	0.07104228
570	-218.184	-223.3269	5.142986	0.03219029	0.02213103	0.01005926	0.02213103
580	-225.8404	-231.8395	5.999039	0.04504364	0.009381722	0.03566192	0.009381722
590	-226.6868	-232.4217	5.734855	0.05376289	0.02732154	0.02644135	0.02732154
600	-284.7828	-287.4625	2.679711	0.1457077	0.08372578	0.06198195	0.08372578
610	-211.1426	-217.4666	6.323973	0.0246208	0.005321189	0.01929962	0.005321189
620	-226.191	-232.17	5.978942	0.04686724	0.01253719	0.03433006	0.01253719
630	-220.6803	-225.1185	4.438226	0.03487416	0.0009058705	0.03396829	0.0009058705
640	-214.058	-220.2583	6.200316	0.02921425	0.01260589	0.01660835	0.01260589
650	-266.1278	-270.6784	4.550539	0.07667546	0.0119576	0.06471785	0.0119576
660	-243.9012	-248.1603	4.259026	0.107588	0.08610507	0.02148296	0.08610507
670	-248.3141	-252.3256	4.011488	0.1217245	0.09797328	0.02375122	0.09797328
680	-214.6715	-220.9051	6.233644	0.03103438	0.01311328	0.0179211	0.01311328
690	-233.5484	-238.5745	5.026097	0.07408063	0.05297813	0.0211025	0.05297813
700	-262.4112	-264.8005	2.389248	0.2117561	0.1965617	0.01519442	0.1965617
710	-310.2458	-313.0009	2.755154	0.1200988	0.03202328	0.08807556	0.03202328
720	-209.8396	-215.764	5.924434	0.01997884	0.002684069	0.01729477	0.002684069
730	-291.5229	-293.4531	1.930206	0.1917361	0.1321308	0.05960525	0.1321308
740	-219.5983	-224.5293	4.931028	0.03503704	0.02540669	0.009630355	0.02540669
750	-344.9055	-346.599	1.693465	0.145361	0.0374908	0.1078702	0.0374908
760	-250.0815	-254.9131	4.831641	0.07578998	0.02694345	0.04884653	0.02694345
770	-227.849	-233.3721	5.523103	0.05840067	0.03556743	0.02283324	0.03556743
780	-210.9515	-217.2433	6.291772	0.02429029	0.004724164	0.01956612	0.004724164
790	-269.5756	-274.0303	4.454654	0.07562786	0.007479609	0.06814825	0.007479609
800	-222.7316	-228.8494	6.11781	0.0420473	0.009425074	0.03262222	0.009425074
810	-249.0583	-254.1444	5.086121	0.06702663	0.01495121	0.05207542	0.01495121
820	-292.9087	-294.8581	1.949369	0.1858689	0.1240504	0.06181845	0.1240504
830	-228.5973	-234.3115	5.714181	0.05503148	0.02480399	0.03022749	0.02480399
840	-295.7433	-298.0344	2.291113	0.1535108	0.08358591	0.06992489	0.08358591
850	-243.0094	-247.4338	4.424432	0.1013464	0.07745157	0.02389485	0.07745157
860	-291.5205	-293.5995	2.079061	0.1778643	0.1159388	0.06192547	0.1159388
870	-224.8255	-230.6547	5.829171	0.05052001	0.02529314	0.02522686	0.02529314
880	-293.1341	-293.2898	0.1556973	0.5044422	0.4824965	0.02194562	0.4824965
890	-228.2491	-233.7411	5.492046	0.05936728	0.03657182	0.02279546	0.03657182
900	-267.3382	-271.8396	4.501379	0.07795983	0.0126285	0.06533133	0.0126285
910	-233.9807	-239.1335	5.152842	0.07217891	0.04699219	0.02518672	0.04699219
920	-238.9641	-244.1235	5.159373	0.07076975	0.03404342	0.03672633	0.03404342
930	-238.836	-243.8805	5.04441	0.07568504	0.0425621	0.03312294	0.0425621
940	-276.7105	-278.3392	1.628602	0.3079472	0.2859188	0.02202841	0.2859188
950	-241.6925	-246.9571	5.264568	0.06503677	0.02069389	0.04434288	0.02069389
960	-214.5526	-219.6768	5.124233	0.01703084	0.008573773	0.008457071	0.008573773
970	-217.0091	-221.6194	4.610272	0.02360723	0.01604132	0.00756592	0.01604132
980	-226.7263	-232.5707	5.844332	0.0512804	0.0211465	0.0301339	0.0211465
990	-252.2095	-256.8905	4.680912	0.08011392	0.03085569	0.04925823	0.03085569
1000	-233.2135	-238.5951	5.381599	0.06507267	0.03463826	0.03043441	0.03463826
1010	-222.3918	-228.0727	5.680865	0.04693438	0.02920968	0.0177247	0.02920968
1020	-284.9923	-288.7124	3.720042	0.09718088	0.02306971	0.07411117	0.02306971
1030	-216.1743	-222.1378	5.96351	0.03273939	0.01753624	0.01520315	0.01753624
1040	-317.6857	-320.7801	3.094366	0.1051238	0.008205295	0.09691846	0.008205295
1050	-235.0761	-239.3747	4.298515	0.08075606	0.06772333	0.01303273	0.06772333
1060	-227.1679	-232.9769	5.809047	0.05228061	0.02229626	0.02998436	0.02229626
1070	-224.6238	-230.6714	6.047678	0.04459493	0.01093694	0.03365799	0.01093694
1080	-244.5125	-249.7888	5.276348	0.05861585	0.007106818	0.05150903	0.007106818
1090	-228.1915	-234.0993	5.907856	0.04710582	0.009239438	0.03786638	0.009239438
1100	-221.0289	-227.0333	6.004377	0.03820234	0.004600852	0.03360149	0.004600852
1110	-250.233	-254.4418	4.208858	0.1076944	0.07318596	0.03450841	0.07318596
1120	-239.2241	-244.4807	5.256554	0.06681646	0.02704652	0.03976993	0.02704652
1130	-223.6941	-229.1531	5.459054	0.04965351	0.03370783	0.01594568	0.03370783
1140	-215.6257	-221.9395	6.31384	0.03354594	0.01196887	0.02157707	0.01196887
1150	-275.7388	-279.5635	3.824745	0.09768586	0.03162741	0.06605845	0.03162741
1160	-388.5215	-386.2076	-2.313972	0.3922434	0.2789561	0.1132873	0.2789561
1170	-236.3614	-241.3772	5.015832	0.0774704	0.05104834	0.02642206	0.05104834
1180	-223.7911	-228.742	4.950827	0.04762897	0.03610272	0.01152625	0.03610272
1190	-279.1488	-283.2906	4.141841	0.08501123	0.0119551	0.07305613	0.0119551
1200	-226.9028	-232.5783	5.675573	0.05502574	0.02989776	0.02512798	0.02989776
1210	-255.0587	-259.0756	4.016869	0.1113551	0.07141623	0.03993888	0.07141623
1220	-278.4748	-282.6328	4.158005	0.08032844	0.006348407	0.07398003	0.006348407
1230	-286.2806	-287.7152	1.43459	0.2884017	0.2485048	0.03989693	0.2485048
1240	-272.918	-275.6806	2.762618	0.1699559	0.1249875	0.04496839	0.1249875
1250	-321.5088	-324.2583	2.749449	0.1171993	0.0202454	0.09695386	0.0202454
1260	-227.6278	-233.4376	5.809841	0.05230556	0.02119605	0.03110951	0.02119605
1270	-226.0104	-231.9169	5.906435	0.04952572	0.01892884	0.03059688	0.01892884
1280	-248.6656	-252.558	3.892401	0.1267129	0.1052183	0.02149455	0.1052183
1290	-231.2933	-236.842	5.548693	0.05990833	0.0287039	0.03120443	0.0287039
1300	-273.7429	-276.6501	2.907184	0.1529913	0.1032989	0.04969243	0.1032989
1310	-272.3005	-274.8202	2.519783	0.2029927	0.1659428	0.03704992	0.1659428
1320	-217.5403	-223.142	5.601637	0.03372676	0.02111322	0.01261354	0.02111322
1330	-221.4804	-226.9945	5.514107	0.04404419	0.02941324	0.01463096	0.02941324
1340	-247.1183	-250.9098	3.791475	0.1248885	0.1074132	0.01747532	0.1074132
1350	-247.9459	-252.7403	4.794468	0.07880231	0.03400715	0.04479516	0.03400715
1360	-261.8432	-265.2692	3.42601	0.1420244	0.1033991	0.03862529	0.1033991
1370	-299.2184	-300.9855	1.767156	0.1860508	0.1187834	0.06726732	0.1187834
1380	-253.9057	-257.4732	3.567485	0.1469671	0.1234191	0.02354804	0.1234191
1390	-276.9182	-280.2318	3.313637	0.1190682	0.05800758	0.06106061	0.05800758
1400	-294.5693	-295.3061	0.7367835	0.3606586	0.3199481	0.04071046	0.3199481
1410	-231.8919	-236.9501	5.058158	0.0703743	0.05113862	0.01923568	0.05113862
1420	-293.7501	-294.8697	1.119579	0.2898971	0.2418638	0.04803325	0.2418638
1430	-218.1005	-223.792	5.691556	0.03595142	0.02215724	0.01379418	0.02215724
1440	-243.7756	-248.7855	5.009911	0.07328443	0.03101297	0.04227146	0.03101297
1450	-229.888	-235.0321	5.144091	0.06524021	0.04712452	0.01811568	0.04712452
1460	-215.5457	-221.7392	6.193529	0.03283092	0.01463977	0.01819115	0.01463977
1470	-249.9177	-254.6135	4.695769	0.08129936	0.0352859	0.04601346	0.0352859
1480	-221.9724	-228.0329	6.060503	0.04431842	0.01798706	0.02633137	0.01798706
1490	-242.92	-247.2545	4.334492	0.1039438	0.0824514	0.02149236	0.0824514
1500	-259.0498	-262.2629	3.213115	0.169912	0.1448999	0.0250121	0.1448999
1510	-211.2035	-217.3992	6.195749	0.02177927	0.006781508	0.01499776	0.006781508
1520	-221.3355	-226.9319	5.596401	0.04403848	0.02860419	0.0154343	0.02860419
1530	-271.7193	-274.3735	2.654205	0.1879721	0.1484	0.0395721	0.1484
1540	-238.1105	-243.2225	5.111996	0.07329718	0.03979162	0.03350556	0.03979162
1550	-225.6294	-229.8557	4.226221	0.04937785	0.04056498	0.008812877	0.04056498
1560	-229.5528	-235.411	5.858221	0.04894519	0.01046967	0.03847552	0.01046967
1570	-233.3228	-237.3046	3.981878	0.07360997	0.06331345	0.01029652	0.06331345
1580	-214.2012	-220.4665	6.265305	0.03016222	0.01212871	0.01803351	0.01212871
1590	-226.6125	-232.2887	5.676176	0.05470982	0.03019142	0.0245184	0.03019142
1600	-303.365	-305.2774	1.912355	0.166812	0.09299473	0.07381725	0.09299473
1610	-253.1986	-255.5229	2.324342	0.157147	0.1473265	0.009820507	0.1473265
1620	-226.2445	-231.2016	4.957107	0.05488043	0.04198214	0.01289829	0.04198214
1630	-210.8012	-217.0819	6.280631	0.02381371	0.004661247	0.01915247	0.004661247
1640	-219.184	-222.717	3.532931	0.0125108	0.007232729	0.005278075	0.007232729
1650	-227.1349	-232.8392	5.704326	0.05469113	0.02817815	0.02651298	0.02817815
1660	-212.1686	-218.5366	6.368072	0.02664371	0.007509089	0.01913462	0.007509089
1670	-226.3747	-232.0604	5.685705	0.05430551	0.03000203	0.02430348	0.03000203
1680	-222.8063	-228.9233	6.117037	0.04238074	0.01003846	0.03234228	0.01003846
1690	-229.8834	-235.6628	5.779403	0.04694136	0.006226362	0.040715	0.006226362
1700	-246.6951	-250.5248	3.829683	0.1229883	0.1054334	0.01755485	0.1054334
1710	-211.2558	-217.0673	5.81145	0.01654417	0.004291185	0.01225299	0.004291185
1720	-249.6218	-252.6485	3.026653	0.1392671	0.1272682	0.01199888	0.1272682
1730	-219.3882	-225.5489	6.160705	0.04025265	0.0163231	0.02392955	0.0163231
1740	-238.7537	-243.4123	4.658648	0.0894321	0.06777078	0.02166132	0.06777078
1750	-224.4031	-230.0975	5.694382	0.05120616	0.0303717	0.02083446	0.0303717
1760	-248.2886	-251.8627	3.574132	0.1314653	0.1156463	0.01581894	0.1156463
1770	-212.2256	-218.6035	6.377917	0.02707906	0.006800677	0.02027839	0.006800677
1780	-227.4134	-232.9576	5.544207	0.05750387	0.03496155	0.02254232	0.03496155
1790	-294.7659	-298.4818	3.715886	0.09201051	0.008651196	0.08335931	0.008651196
1800	-229.2897	-235.0402	5.750487	0.05393417	0.02090429	0.03302988	0.02090429
1810	-229.4692	-234.7365	5.267258	0.06368616	0.04391789	0.01976828	0.04391789
1820	-257.011	-261.2849	4.273827	0.09343861	0.04433463	0.04910397	0.04433463
1830	-268.3812	-270.2921	1.910845	0.255945	0.2405648	0.01538021	0.2405648
1840	-213.4698	-219.5077	6.037923	0.0258761	0.01198987	0.01388624	0.01198987
1850	-226.4319	-232.2272	5.79531	0.05235947	0.02457306	0.02778641	0.02457306
1860	-251.7007	-256.0255	4.324739	0.09766997	0.05669826	0.04097171	0.05669826
1870	-233.4236	-238.7889	5.365259	0.06559061	0.03516395	0.03042666	0.03516395
1880	-222.8742	-228.8464	5.972212	0.04647886	0.02107759	0.02540126	0.02107759
1890	-248.6373	-253.7299	5.0926	0.06707487	0.01549179	0.05158308	0.01549179
1900	-247.1458	-251.7671	4.621351	0.08766993	0.04833247	0.03933746	0.04833247
1910	-274.3451	-277.078	2.73286	0.1677896	0.1207559	0.04703378	0.1207559
1920	-242.5743	-247.6369	5.062545	0.07206334	0.03073198	0.04133136	0.03073198
1930	-237.9107	-243.0251	5.114393	0.07332568	0.04021785	0.03310783	0.04021785
1940	-237.4111	-242.3477	4.936587	0.08044581	0.05403805	0.02640776	0.05403805
1950	-275.787	-278.8217	3.034695	0.1379258	0.08264354	0.05528225	0.08264354
1960	-212.8519	-219.2306	6.378745	0.02821698	0.008177863	0.02003912	0.008177863
1970	-224.5779	-230.35	5.772108	0.05092255	0.02785742	0.02306513	0.02785742
1980	-300.8483	-302.77	1.921694	0.170433	0.09927348	0.0711595	0.09927348
1990	-232.4678	-237.9388	5.471005	0.04749109	0.003748115	0.04374297	0.003748115
2000	-251.2204	-255.7608	4.540427	0.08698247	0.04198147	0.045001	0.04198147
2010	-227.3976	-232.8101	5.412582	0.05851608	0.03892956	0.01958652	0.03892956
2020	-264.071	-267.8575	3.786472	0.1100183	0.0590189	0.05099937	0.0590189
2030	-294.914	-293.1739	-1.740044	0.5893497	0.5810969	0.008252731	0.5810969
2040	-226.4611	-231.8987	5.437545	0.05638179	0.03763695	0.01874484	0.03763695
2050	-215.8377	-221.9574	6.119699	0.03303886	0.01587975	0.01715911	0.01587975
2060	-253.2417	-258.0452	4.80355	0.07493714	0.02216352	0.05277362	0.02216352
2070	-214.8136	-220.8421	6.028535	0.02961009	0.01479691	0.01481318	0.01479691
2080	-238.9097	-243.7249	4.815217	0.0851393	0.05897585	0.02616345	0.05897585
2090	-307.6755	-307.7854	0.1098773	0.3782061	0.3253821	0.052824	0.3253821
2100	-317.6558	-319.5439	1.88806	0.1515638	0.06411643	0.08744734	0.06411643
2110	-213.3971	-219.734	6.336901	0.02892714	0.01002195	0.01890519	0.01002195
2120	-219.4054	-225.2164	5.811004	0.040106	0.02376949	0.01633652	0.02376949
2130	-259.8478	-264.0999	4.252143	0.09169132	0.03884269	0.05284863	0.03884269
2140	-232.0265	-237.7246	5.698103	0.05467975	0.01717508	0.03750467	0.01717508
2150	-221.6057	-227.6219	6.016235	0.04448335	0.02046942	0.02401394	0.02046942
2160	-219.307	-225.5281	6.221091	0.03941829	0.01314872	0.02626958	0.01314872
2170	-218.3464	-224.5725	6.226145	0.03830737	0.01430715	0.02400023	0.01430715
2180	-217.2624	-223.5329	6.270478	0.03644488	0.01314282	0.02330206	0.01314282
2190	-320.9289	-322.3135	1.384645	0.1764557	0.09056187	0.08589381	0.09056187
2200	-234.3717	-239.4424	5.070711	0.07450433	0.05079934	0.02370499	0.05079934
2210	-246.2926	-250.5947	4.30214	0.1072319	0.07950803	0.02772388	0.07950803
2220	-340.0925	-341.5456	1.453113	0.1565926	0.05388059	0.102712	0.05388059
2230	-245.9327	-250.1544	4.221673	0.111197	0.0867212	0.02447576	0.0867212
2240	-224.3797	-230.2235	5.843847	0.04983227	0.02513558	0.02469669	0.02513558
2250	-324.4566	-326.9517	2.495124	0.1243759	0.02685085	0.09752508	0.02685085
2260	-216.9468	-222.8327	5.885818	0.03311433	0.002922439	0.03019189	0.002922439
2270	-226.5434	-232.2963	5.752856	0.05330807	0.02662721	0.02668086	0.02662721
2280	-254.1441	-258.2446	4.100449	0.1074774	0.06727261	0.0402048	0.06727261
2290	-240.0672	-245.5289	5.461776	0.0566918	0.009200388	0.04749141	0.009200388
2300	-221.0109	-226.7834	5.772459	0.03735442	0.003078802	0.03427561	0.003078802
2310	-237.6374	-242.9809	5.343539	0.05170514	0.004190989	0.04751415	0.004190989
2320	-220.2175	-226.4085	6.191025	0.0406383	0.01327916	0.02735914	0.01327916
2330	-233.2804	-238.9877	5.707314	0.05305418	0.01215952	0.04089466	0.01215952
2340	-217.5014	-223.6381	6.13676	0.03696024	0.01722312	0.01973712	0.01722312
2350	-212.4306	-218.7677	6.337046	0.02670435	0.008677374	0.01802697	0.008677374
2360	-212.653	-218.8254	6.172386	0.02786563	0.003666486	0.02419914	0.003666486
2370	-304.2595	-305.6369	1.37741	0.2087353	0.1405604	0.06817485	0.1405604
2380	-216.9282	-223.1823	6.254089	0.03440414	0.00601537	0.02838877	0.00601537
2390	-259.3267	-264.1198	4.793027	0.06989534	0.008728821	0.06116652	0.008728821
2400	-310.2037	-312.9527	2.748913	0.09571768	0.002334691	0.09338298	0.002334691
2410	-302.0352	-302.2052	0.1700569	0.4190437	0.3756842	0.04335957	0.3756842
2420	-237.1953	-242.2818	5.086482	0.07483188	0.04425872	0.03057316	0.04425872
2430	-243.844	-248.9369	5.092907	0.07003631	0.02583066	0.04420565	0.02583066
2440	-244.685	-249.2423	4.557243	0.0944018	0.06247985	0.03192195	0.06247985
2450	-295.7075	-298.059	2.351431	0.1497472	0.07913819	0.07060902	0.07913819
2460	-219.272	-225.3259	6.053932	0.04046373	0.019841	0.02062273	0.019841
2470	-215.4557	-221.6659	6.210279	0.03273492	0.01430515	0.01842978	0.01430515
2480	-271.9299	-276.2254	4.295528	0.08328759	0.01582748	0.06746011	0.01582748
2490	-294.4385	-297.0461	2.607582	0.1366276	0.06444627	0.07218129	0.06444627
2500	-230.8569	-235.9381	5.08116	0.06782999	0.04955242	0.01827757	0.04955242
2510	-255.0765	-258.7983	3.721863	0.1347978	0.1037376	0.03106019	0.1037376
2520	-228.2551	-234.1039	5.848893	0.05099306	0.01698534	0.03400772	0.01698534
2530	-246.1042	-249.5619	3.457705	0.1228102	0.1097152	0.013095	0.1097152
2540	-228.9559	-233.4928	4.536934	0.06136699	0.04991096	0.01145603	0.04991096
2550	-213.3922	-219.7746	6.382351	0.02939411	0.008480096	0.02091401	0.008480096
2560	-226.0646	-232.049	5.984324	0.0448895	0.008633585	0.03625592	0.008633585
2570	-230.6389	-235.3043	4.665359	0.06714242	0.05388654	0.01325588	0.05388654
2580	-236.6116	-241.6333	5.021706	0.07734023	0.05017559	0.02716464	0.05017559
2590	-269.5027	-271.5511	2.048399	0.2579227	0.2395263	0.01839644	0.2395263
2600	-219.8493	-225.2878	5.438426	0.03912793	0.02636113	0.0127668	0.02636113
2610	-214.5206	-220.6717	6.151053	0.02995223	0.01369543	0.0162568	0.01369543
2620	-230.5188	-236.3383	5.81959	0.04920624	0.009399454	0.03980679	0.009399454
2630	-285.4596	-287.4953	2.035711	0.2019177	0.1497856	0.05213206	0.1497856
2640	-253.9865	-258.9573	4.970816	0.0672296	0.01007922	0.05715039	0.01007922
2650	-260.442	-265.0716	4.629552	0.06773873	0.004762142	0.06297659	0.004762142
2660	-233.2097	-237.9165	4.706805	0.07508927	0.05953771	0.01555156	0.05953771
2670	-313.1217	-314.8606	1.738863	0.1643082	0.08241921	0.08188902	0.08241921
2680	-223.4048	-229.4734	6.068587	0.0418897	0.007564272	0.03432543	0.007564272
2690	-226.8431	-232.7335	5.890451	0.04997509	0.01788988	0.03208521	0.01788988
2700	-234.0945	-238.9133	4.818809	0.07724243	0.0592637	0.01797873	0.0592637
2710	-247.3345	-252.4981	5.163549	0.06510573	0.01395439	0.05115134	0.01395439
2720	-220.7839	-226.8746	6.090607	0.04269945	0.01807274	0.0246267	0.01807274
2730	-232.2233	-237.7089	5.485619	0.06179899	0.03041786	0.03138114	0.03041786
2740	-222.4111	-227.93	5.518896	0.04651648	0.03103379	0.01548269	0.03103379
2750	-262.5321	-266.4616	3.929455	0.1042575	0.05301755	0.05123997	0.05301755
2760	-222.1455	-227.9956	5.850102	0.04634193	0.02571142	0.02063052	0.02571142
2770	-268.5199	-271.238	2.718187	0.1953876	0.1618432	0.0335444	0.1618432
2780	-233.085	-238.2982	5.21322	0.06997237	0.04498697	0.0249854	0.04498697
2790	-216.0902	-222.3936	6.303359	0.03439918	0.01230573	0.02209345	0.01230573
2800	-239.7452	-244.7613	5.01617	0.07625142	0.04189828	0.03435314	0.04189828
2810	-230.6899	-236.1284	5.438438	0.06286408	0.03650086	0.02636323	0.03650086
2820	-221.4688	-227.4198	5.950995	0.04473986	0.02284193	0.02189794	0.02284193
2830	-215.2027	-221.0956	5.892953	0.0294483	0.01583591	0.01361239	0.01583591
2840	-227.7428	-233.1324	5.389629	0.0593457	0.03971062	0.01963508	0.03971062
2850	-253.8539	-257.6602	3.806373	0.1305388	0.09985964	0.03067916	0.09985964
2860	-220.1646	-225.2152	5.050608	0.03753275	0.02709733	0.01043543	0.02709733
2870	-368.081	-365.635	-2.44597	0.4947692	0.4010662	0.09370301	0.4010662
2880	-224.0458	-229.7472	5.70141	0.05049621	0.03008568	0.02041053	0.03008568
2890	-253.4566	-257.5125	4.055856	0.1119862	0.07449955	0.03748666	0.07449955
2900	-225.4196	-231.1574	5.73779	0.05244913	0.02863988	0.02380926	0.02863988
2910	-222.7624	-228.8627	6.100211	0.04371802	0.01349795	0.03022006	0.01349795
2920	-218.9597	-225.2159	6.256215	0.03805303	0.009868105	0.02818493	0.009868105
2930	-218.2203	-223.7479	5.527611	0.03512371	0.02266881	0.0124549	0.02266881
2940	-273.5371	-276.9382	3.401108	0.1185561	0.06053324	0.05802289	0.06053324
2950	-218.7504	-224.9595	6.209114	0.03899017	0.01471913	0.02427105	0.01471913
2960	-210.4898	-216.4135	5.923755	0.02310125	0.002467428	0.02063382	0.002467428
2970	-242.0655	-247.13	5.064507	0.07236338	0.03193931	0.04042407	0.03193931
2980	-253.8964	-257.4116	3.515208	0.1495323	0.1273048	0.02222747	0.1273048
2990	-274.1262	-278.059	3.932734	0.09464887	0.02907119	0.06557768	0.02907119
3000	-261.7762	-265.9747	4.198459	0.09236073	0.0377565	0.05460423	0.0377565
3010	-229.4722	-235.1086	5.636349	0.05728605	0.02753748	0.02974857	0.02753748
3020	-258.8197	-263.3398	4.520033	0.08192055	0.02631778	0.05560277	0.02631778
3030	-310.8891	-313.0545	2.165421	0.1435668	0.05976818	0.0837986	0.05976818
3040	-252.7872	-257.3094	4.522229	0.08625276	0.03904902	0.04720374	0.03904902
3050	-301.8451	-305.3398	3.494756	0.09826236	0.01120872	0.08705364	0.01120872
3060	-217.2932	-223.2207	5.927508	0.0336251	0.003154046	0.03047106	0.003154046
3070	-259.3657	-263.4251	4.059492	0.1014581	0.05270188	0.04875619	0.05270188
3080	-216.3264	-222.5971	6.270705	0.03363674	0.005935764	0.02770097	0.005935764
3090	-298.3584	-301.7525	3.394123	0.1031864	0.02008261	0.08310378	0.02008261
3100	-314.048	-316.1487	2.100749	0.14417	0.05809847	0.08607156	0.05809847
3110	-245.9432	-250.2304	4.287113	0.1081621	0.08175006	0.02641206	0.08175006
3120	-210.8118	-217.1064	6.294631	0.02353197	0.005090439	0.01844153	0.005090439
3130	-276.1703	-280.3002	4.129934	0.08711054	0.01727611	0.06983443	0.01727611
3140	-262.4337	-265.5229	3.089201	0.1751381	0.1455993	0.02953882	0.1455993
3150	-217.8952	-224.1774	6.282226	0.03625066	0.008206592	0.02804407	0.008206592
3160	-251.5199	-256.0947	4.574859	0.08510809	0.03890598	0.04620211	0.03890598
3170	-213.8592	-220.0962	6.236986	0.02906148	0.01199061	0.01707087	0.01199061
3180	-233.6813	-238.4051	4.723761	0.07645315	0.0602663	0.01618685	0.0602663
3190	-280.8612	-284.7237	3.862553	0.09408354	0.02248923	0.07159431	0.02248923
3200	-225.4229	-229.8467	4.42378	0.04976874	0.04025766	0.009511077	0.04025766
3210	-210.96	-217.2278	6.267756	0.02443046	0.004362806	0.02006765	0.004362806
3220	-269.7701	-274.1611	4.391005	0.08090622	0.01450249	0.06640374	0.01450249
3230	-259.4398	-263.3633	3.923482	0.1091971	0.06306649	0.04613061	0.06306649
3240	-218.2529	-224.5326	6.279753	0.03717612	0.009879431	0.02729669	0.009879431
3250	-262.545	-263.9668	1.421795	0.2152873	0.2060422	0.009245147	0.2060422
3260	-220.2728	-226.3384	6.065611	0.03762839	0.004963592	0.0326648	0.004963592
3270	-277.2749	-281.4802	4.205296	0.08352627	0.01155609	0.07197018	0.01155609
3280	-220.8476	-226.939	6.091391	0.04276595	0.01796888	0.02479707	0.01796888
3290	-264.8069	-268.5608	3.753889	0.1108072	0.0592773	0.05152991	0.0592773
3300	-225.3472	-231.293	5.945807	0.0429802	0.006104848	0.03687535	0.006104848
3310	-238.9691	-244.4716	5.502496	0.05595629	0.009357491	0.0465988	0.009357491
3320	-228.227	-234.0508	5.823799	0.05183347	0.01880614	0.03302733	0.01880614
3330	-212.3713	-218.7324	6.361074	0.02757361	0.005830509	0.02174311	0.005830509
3340	-220.798	-226.7011	5.903111	0.04357837	0.02391395	0.01966443	0.02391395
3350	-251.3379	-255.3278	3.989897	0.1212935	0.0910506	0.03024287	0.0910506
3360	-230.7641	-236.3161	5.552009	0.05981925	0.02974087	0.03007838	0.02974087
3370	-222.7697	-227.5824	4.812627	0.04382682	0.03352022	0.01030659	0.03352022
3380	-229.0683	-234.1368	5.068529	0.06323582	0.04709747	0.01613835	0.04709747
3390	-287.766	-289.1872	1.421149	0.2794244	0.2365423	0.0428821	0.2365423
3400	-218.6683	-224.9344	6.266149	0.03768557	0.00984848	0.02783709	0.00984848
3410	-215.9814	-220.0912	4.109749	0.01026922	0.001247017	0.009022206	0.001247017
3420	-212.655	-218.9306	6.275647	0.02644055	0.009716406	0.01672414	0.009716406
3430	-311.6899	-314.935	3.24512	0.1029272	0.009785588	0.09314165	0.009785588
3440	-233.5095	-239.0916	5.582062	0.05811149	0.02099879	0.0371127	0.02099879
3450	-210.6077	-216.8625	6.254808	0.02220278	0.005165336	0.01703744	0.005165336
3460	-265.1828	-269.4711	4.288261	0.08669408	0.02664934	0.06004474	0.02664934
3470	-214.3883	-220.7662	6.377953	0.03130596	0.008294973	0.02301098	0.008294973
3480	-236.9292	-242.2951	5.365847	0.0641091	0.02601151	0.03809759	0.02601151
3490	-237.3846	-242.0756	4.691034	0.08626904	0.06613999	0.02012905	0.06613999
3500	-243.4702	-247.7605	4.290339	0.1060229	0.08457774	0.02144514	0.08457774
3510	-210.473	-216.2161	5.743108	0.02278422	0.002013199	0.02077102	0.002013199
3520	-222.798	-228.0091	5.211025	0.04612467	0.0333298	0.01279487	0.0333298
3530	-251.3706	-254.7246	3.353996	0.1459722	0.1298997	0.01607243	0.1298997
3540	-307.8928	-308.8858	0.9929963	0.2379967	0.170596	0.06740076	0.170596
3550	-288.5626	-292.4047	3.842162	0.09166534	0.01303223	0.07863311	0.01303223
3560	-214.1722	-220.5178	6.345518	0.03074518	0.006188233	0.02455695	0.006188233
3570	-246.6134	-251.1459	4.532583	0.09325842	0.05752153	0.03573689	0.05752153
3580	-228.969	-233.659	4.689954	0.0620281	0.0495622	0.0124659	0.0495622
3590	-228.9563	-234.8269	5.870669	0.04954912	0.01269911	0.03685001	0.01269911
3600	-254.6004	-258.196	3.595573	0.1452929	0.1194322	0.0258607	0.1194322
3610	-300.8218	-303.9034	3.08156	0.1124635	0.02979352	0.08266998	0.02979352
3620	-258.9008	-263.4389	4.53811	0.08122819	0.02525982	0.05596837	0.02525982
3630	-213.7676	-220.1079	6.340302	0.03006187	0.005833769	0.0242281	0.005833769
3640	-235.3357	-240.7582	5.422495	0.06288581	0.02649848	0.03638733	0.02649848
3650	-230.0363	-234.2459	4.209669	0.0634115	0.05324341	0.0101681	0.05324341
3660	-237.2051	-242.7265	5.52139	0.05289794	0.006550962	0.04634698	0.006550962
3670	-365.8373	-365.8715	0.03425239	0.2108449	0.09790466	0.1129403	0.09790466
3680	-282.9861	-286.1793	3.193249	0.1187215	0.05213959	0.06658193	0.05213959
3690	-231.9167	-237.3004	5.383674	0.06487236	0.03739641	0.02747595	0.03739641
3700	-266.8881	-271.3343	4.446134	0.08043475	0.01645858	0.06397618	0.01645858
3710	-237.8017	-242.7869	4.985203	0.07866923	0.04984047	0.02882876	0.04984047
3720	-235.8226	-241.0207	5.198084	0.07099535	0.04017566	0.03081968	0.04017566
3730	-218.5232	-224.7941	6.270874	0.03755305	0.01001136	0.02754168	0.01001136
3740	-228.4115	-233.8765	5.464997	0.05993694	0.03752919	0.02240775	0.03752919
3750	-212.8512	-219.2375	6.386282	0.02842174	0.007274129	0.02114761	0.007274129
3760	-226.187	-232.1343	5.947284	0.04417838	0.006982855	0.03719552	0.006982855
3770	-230.9089	-236.5018	5.592924	0.0585744	0.0268662	0.03170819	0.0268662
3780	-227.8701	-233.1388	5.268731	0.06002178	0.04233463	0.01768714	0.04233463
3790	-275.1745	-279.4278	4.253358	0.08301678	0.01265089	0.07036589	0.01265089
3800	-224.7164	-230.1235	5.407101	0.05214941	0.03588064	0.01626877	0.03588064
3810	-260.3525	-264.54	4.187539	0.09407674	0.04158106	0.05249567	0.04158106
3820	-226.9564	-232.8436	5.8872	0.05006131	0.01782969	0.03223162	0.01782969
3830	-265.1401	-268.0315	2.891417	0.188128	0.1578993	0.03022872	0.1578993
3840	-239.9417	-244.4589	4.517276	0.09438475	0.07384819	0.02053656	0.07384819
3850	-214.71	-220.9952	6.285193	0.03150238	0.01233075	0.01917163	0.01233075
3860	-258.3737	-260.3872	2.013558	0.1879046	0.1776134	0.01029116	0.1776134
3870	-224.4279	-230.4652	6.037306	0.04555497	0.01360454	0.03195043	0.01360454
3880	-248.7445	-252.5137	3.769201	0.1302299	0.1110813	0.01914862	0.1110813
3890	-226.1903	-230.2519	4.061565	0.05028042	0.04187605	0.008404364	0.04187605
3900	-213.5575	-219.4836	5.926054	0.02484546	0.01203038	0.01281507	0.01203038
3910	-256.5934	-260.9623	4.368882	0.08950105	0.03931448	0.05018656	0.03931448
3920	-239.9415	-245.2785	5.337062	0.05390919	0.004964395	0.0489448	0.004964395
3930	-235.4282	-239.9161	4.487824	0.08207338	0.06708131	0.01499207	0.06708131
3940	-254.8175	-258.2373	3.419745	0.1551556	0.1334548	0.02170073	0.1334548
3950	-216.7657	-221.0848	4.319177	0.0157119	0.009186094	0.006525804	0.009186094
3960	-249.9646	-254.937	4.972376	0.07075917	0.01958086	0.05117831	0.01958086
3970	-236.1634	-240.7938	4.630447	0.08384715	0.06636575	0.0174814	0.06636575
3980	-241.8284	-246.9672	5.13878	0.06961596	0.02787627	0.04173969	0.02787627
3990	-226.0029	-230.5756	4.572739	0.05231835	0.04192283	0.01039553	0.04192283
4000	-225.5843	-231.1656	5.581321	0.05401798	0.03374804	0.02026994	0.03374804
4010	-214.4022	-220.3737	5.971487	0.03007664	0.002911989	0.02716465	0.002911989
4020	-213.5353	-219.6945	6.159172	0.02923876	0.003730349	0.02550841	0.003730349
4030	-222.0417	-228.0406	5.998852	0.04521754	0.02080138	0.02441616	0.02080138
4040	-233.4887	-237.9825	4.493793	0.07582308	0.0621833	0.01363977	0.0621833
4050	-216.4055	-222.5288	6.123222	0.03309573	0.004143865	0.02895186	0.004143865
4060	-226.7702	-232.3992	5.62904	0.0555654	0.03204122	0.02352419	0.03204122
4070	-215.689	-220.4919	4.802858	0.01897616	0.01128815	0.007688005	0.01128815
4080	-214.5985	-220.8007	6.202166	0.03090079	0.004301186	0.0265996	0.004301186
4090	-252.0805	-255.2228	3.142308	0.1508984	0.1364907	0.01440772	0.1364907
4100	-229.2024	-235.0087	5.806281	0.0463835	0.00624933	0.04013417	0.00624933
4110	-293.6205	-297.2484	3.627865	0.09717768	0.01613391	0.08104377	0.01613391
4120	-254.6069	-258.1314	3.524505	0.1496958	0.1258238	0.02387196	0.1258238
4130	-369.3669	-366.0617	-3.305182	0.6827376	0.5963307	0.08640686	0.5963307
4140	-225.1528	-230.2526	5.099757	0.05230613	0.03893287	0.01337326	0.03893287
4150	-215.8805	-221.8534	5.972876	0.03202832	0.01697324	0.01505509	0.01697324
4160	-240.0395	-245.5032	5.463664	0.05687236	0.009526932	0.04734543	0.009526932
4170	-347.3627	-348.0291	0.6663351	0.1907974	0.0879617	0.1028357	0.0879617
4180	-244.2952	-248.145	3.849823	0.114365	0.09893488	0.01543014	0.09893488
4190	-230.6212	-235.9342	5.312982	0.0652435	0.04252957	0.02271394	0.04252957
4200	-241.5843	-246.2724	4.688097	0.09019241	0.06167553	0.02851688	0.06167553
4210	-214.5716	-220.8431	6.271579	0.03108842	0.01244621	0.01864221	0.01244621
4220	-212.9675	-219.2881	6.320629	0.0277453	0.009743662	0.01800164	0.009743662
4230	-256.7622	-261.4777	4.715499	0.07613778	0.02020163	0.05593615	0.02020163
4240	-214.0339	-219.1056	5.071757	0.01236587	0.003066927	0.009298948	0.003066927
4250	-218.8113	-223.6564	4.84509	0.03199182	0.02300904	0.008982781	0.02300904
4260	-233.6053	-239.045	5.439659	0.06300566	0.02988	0.03312566	0.02988
4270	-224.369	-230.3486	5.979538	0.04206732	0.006037406	0.03602991	0.006037406
4280	-233.0636	-238.3039	5.240329	0.06928605	0.04354858	0.02573747	0.04354858
4290	-226.3969	-232.3629	5.965927	0.04498994	0.008212297	0.03677765	0.008212297
4300	-225.6683	-230.1187	4.45041	0.0506668	0.04095958	0.009707217	0.04095958
4310	-210.6628	-216.6199	5.957081	0.01780815	0.004226942	0.0135812	0.004226942
4320	-374.4428	-375.3385	0.8957042	0.1652215	0.04077383	0.1244476	0.04077383
4330	-223.1053	-228.8663	5.760995	0.04846452	0.02825055	0.02021397	0.02825055
4340	-347.8993	-350.2417	2.342415	0.1223319	0.008222091	0.1141098	0.008222091
4350	-228.4112	-234.2785	5.867277	0.05023159	0.01509998	0.03513162	0.01509998
4360	-285.3109	-286.5646	1.253695	0.3333034	0.3010615	0.03224185	0.3010615
4370	-235.5068	-240.9416	5.434752	0.06235856	0.02526313	0.03709543	0.02526313
4380	-262.8186	-264.986	2.167463	0.2166921	0.2032323	0.01345982	0.2032323
4390	-246.0874	-251.0426	4.955198	0.0737681	0.02872701	0.04504109	0.02872701
4400	-220.7432	-226.1672	5.424073	0.04154493	0.02831579	0.01322914	0.02831579
4410	-266.3013	-269.5834	3.282142	0.1413778	0.09703831	0.04433946	0.09703831
4420	-243.8118	-249.0968	5.284963	0.06279552	0.01443979	0.04835573	0.01443979
4430	-216.9823	-223.2996	6.317331	0.03553616	0.01006136	0.0254748	0.01006136
4440	-254.3211	-259.2756	4.954482	0.06604197	0.008013247	0.05802872	0.008013247
4450	-221.4642	-227.0353	5.571128	0.04426968	0.02901642	0.01525326	0.02901642
4460	-256.3979	-261.2792	4.881225	0.06963437	0.01117903	0.05845533	0.01117903
4470	-235.6482	-241.2749	5.626697	0.05371947	0.009939296	0.04378017	0.009939296
4480	-227.7759	-233.6581	5.882136	0.04999564	0.01589427	0.03410136	0.01589427
4490	-241.217	-245.8035	4.586467	0.09433466	0.0697364	0.02459826	0.0697364
4500	-243.8125	-249.0577	5.245211	0.06443147	0.01703681	0.04739466	0.01703681
4510	-216.6109	-222.8334	6.222495	0.03531238	0.01486855	0.02044383	0.01486855
4520	-225.912	-231.8651	5.953073	0.04813175	0.01595202	0.03217973	0.01595202
4530	-271.75	-274.0381	2.288069	0.2387889	0.2104131	0.02837574	0.2104131
4540	-253.014	-256.7521	3.738144	0.1368117	0.1104127	0.02639898	0.1104127
4550	-240.5202	-245.5976	5.077389	0.07300723	0.03528144	0.03772578	0.03528144
4560	-263.04	-267.6608	4.620803	0.07605538	0.01393887	0.06211651	0.01393887
4570	-396.3616	-397.6025	1.240948	0.1507132	0.01006261	0.1406506	0.01006261
4580	-216.6065	-222.7551	6.148598	0.03503379	0.01635223	0.01868156	0.01635223
4590	-210.2993	-216.4416	6.142272	0.02020286	0.004421256	0.01578161	0.004421256
4600	-215.7911	-221.344	5.552856	0.02808298	0.01684271	0.01124028	0.01684271
4610	-254.0036	-258.2092	4.205679	0.1010677	0.05852017	0.04254751	0.05852017
4620	-232.3528	-237.7631	5.410304	0.06417913	0.03485752	0.02932161	0.03485752
4630	-239.4247	-243.5565	4.131748	0.09582956	0.08135821	0.01447135	0.08135821
4640	-222.3984	-228.4062	6.007818	0.04550326	0.02000469	0.02549857	0.02000469
4650	-213.0529	-218.4548	5.401977	0.0142544	0.004375733	0.009878669	0.004375733
4660	-217.1783	-223.4558	6.277505	0.03496105	0.00683402	0.02812703	0.00683402
4670	-242.1858	-246.7403	4.554457	0.09597078	0.07015453	0.02581625	0.07015453
4680	-266.1008	-268.4712	2.37043	0.2302066	0.211188	0.0190186	0.211188
4690	-213.9935	-220.3043	6.310817	0.03005963	0.01117132	0.01888831	0.01117132
4700	-238.2965	-243.7825	5.485964	0.05875728	0.01489757	0.04385971	0.01489757
4710	-277.7504	-280.6382	2.88781	0.1445844	0.08893301	0.05565143	0.08893301
4720	-212.0011	-218.1875	6.186384	0.0235609	0.008680983	0.01487991	0.008680983
4730	-214.8835	-220.5048	5.621264	0.02580032	0.01459759	0.01120273	0.01459759
4740	-229.4824	-235.3179	5.83545	0.05080795	0.01423009	0.03657785	0.01423009
4750	-214.804	-220.9198	6.115798	0.03038504	0.01438896	0.01599608	0.01438896
4760	-237.012	-241.8548	4.842819	0.08282367	0.05987739	0.02294628	0.05987739
4770	-260.5958	-264.037	3.441245	0.1446641	0.1085536	0.03611055	0.1085536
4780	-245.2685	-250.0778	4.809266	0.08058025	0.04024114	0.04033911	0.04024114
4790	-259.7569	-264.4832	4.726338	0.06821807	0.005996222	0.06222185	0.005996222
4800	-217.7539	-223.2714	5.517452	0.03371534	0.02161561	0.01209972	0.02161561
4810	-238.0388	-243.4109	5.372177	0.06325279	0.02283475	0.04041804	0.02283475
4820	-221.0534	-226.8124	5.759045	0.04393673	0.02655233	0.0173844	0.02655233
4830	-246.2957	-249.3403	3.044646	0.1232108	0.1125858	0.01062501	0.1125858
4840	-269.923	-274.3399	4.416893	0.07972595	0.01275553	0.06697042	0.01275553
4850	-248.6731	-253.6909	5.017787	0.06986865	0.01969938	0.05016927	0.01969938
4860	-295.5661	-297.8897	2.323636	0.1516755	0.08154223	0.07013331	0.08154223
4870	-222.7916	-228.6385	5.846929	0.04753598	0.02586863	0.02166735	0.02586863
4880	-250.2397	-254.3476	4.107831	0.1147476	0.08343577	0.03131182	0.08343577
4890	-248.9105	-253.1465	4.236009	0.1082095	0.07610964	0.03209983	0.07610964
4900	-242.9161	-247.3009	4.384807	0.1025437	0.07986288	0.0226808	0.07986288
4910	-595.7854	-592.8293	-2.956094	0.2772735	0.03276186	0.2445117	0.03276186
4920	-210.9484	-217.0386	6.090207	0.01969475	0.005716718	0.01397803	0.005716718
4930	-255.178	-258.9041	3.726164	0.1341989	0.1027364	0.0314625	0.1027364
4940	-254.5754	-259.4874	4.911986	0.07008381	0.01365958	0.05642423	0.01365958
4950	-227.5443	-232.9927	5.448383	0.05859608	0.0380618	0.02053428	0.0380618
4960	-223.5763	-229.5281	5.951764	0.04085974	0.005099053	0.03576068	0.005099053
4970	-299.1651	-300.4027	1.237574	0.2420946	0.1828242	0.05927046	0.1828242
4980	-265.5171	-269.5887	4.071543	0.09469773	0.03717237	0.05752537	0.03717237
4990	-211.4346	-217.6026	6.167954	0.02560282	0.003509306	0.02209351	0.003509306
5000	-264.3366	-267.4729	3.136265	0.1629572	0.1269815	0.0359757	0.1269815
5010	-246.8381	-250.8086	3.970541	0.1207915	0.1006358	0.02015567	0.1006358
5020	-218.4699	-224.728	6.258156	0.03684418	0.007912134	0.02893205	0.007912134
5030	-234.2867	-239.3701	5.083385	0.07412848	0.05025385	0.02387463	0.05025385
5040	-328.2389	-330.2995	2.060541	0.1379565	0.04038928	0.09756719	0.04038928
5050	-322.9678	-319.365	-3.602786	1.321734	1.309029	0.01270445	1.309029
5060	-221.4233	-226.5192	5.095846	0.04151609	0.03025482	0.01126127	0.03025482
5070	-232.3322	-237.7643	5.432093	0.06349932	0.03354118	0.02995814	0.03354118
5080	-302.8225	-306.1715	3.349043	0.09329092	0.004367846	0.08892307	0.004367846
5090	-239.3355	-244.3334	4.997984	0.07736248	0.04449207	0.0328704	0.04449207
5100	-236.6965	-241.3023	4.605764	0.08546491	0.0677468	0.01771811	0.0677468
5110	-265.4665	-269.3616	3.895156	0.1025731	0.04773386	0.05483929	0.04773386
5120	-279.07	-282.9265	3.856431	0.07815406	0.003227365	0.0749267	0.003227365
5130	-228.4224	-234.2056	5.783171	0.05305531	0.02096443	0.03209088	0.02096443
5140	-317.1238	-319.5452	2.4214	0.1292141	0.03798334	0.09123076	0.03798334
5150	-274.9542	-276.8893	1.935078	0.2748327	0.2489004	0.02593222	0.2489004
5160	-261.8063	-264.8435	3.03725	0.1816074	0.1552715	0.02633591	0.1552715
5170	-241.3132	-242.2494	0.9362456	0.09066811	0.08594802	0.004720088	0.08594802
5180	-240.8404	-245.7013	4.860886	0.08249124	0.05030075	0.03219049	0.05030075
5190	-215.4977	-221.7935	6.295805	0.03325165	0.01254503	0.02070662	0.01254503
5200	-225.5353	-231.4102	5.874901	0.0501783	0.02185077	0.02832753	0.02185077
5210	-221.8447	-227.5685	5.72377	0.04572476	0.02796296	0.0177618	0.02796296
5220	-289.6553	-290.2326	0.5772814	0.4396132	0.4153981	0.02421516	0.4153981
5230	-252.1865	-255.3119	3.125384	0.1514988	0.1371715	0.01432733	0.1371715
5240	-230.6008	-236.2935	5.692761	0.05546808	0.02130951	0.03415857	0.02130951
5250	-245.2485	-249.2173	3.968806	0.1165372	0.09857221	0.01796502	0.09857221
5260	-226.6448	-232.5928	5.947998	0.04800115	0.01403271	0.03396845	0.01403271
5270	-272.4021	-274.492	2.089835	0.2610735	0.2367986	0.0242749	0.2367986
5280	-255.3563	-259.9321	4.575844	0.08199498	0.03006667	0.05192832	0.03006667
5290	-265.6607	-268.6386	2.977931	0.1757675	0.1413857	0.0343818	0.1413857
5300	-264.2497	-268.8149	4.565213	0.07748728	0.01481054	0.06267673	0.01481054
5310	-223.198	-229.0455	5.847499	0.04819582	0.02577678	0.02241904	0.02577678
5320	-224.57	-229.381	4.810983	0.04919458	0.03813532	0.01105926	0.03813532
5330	-212.6015	-218.8805	6.279067	0.02634947	0.009595603	0.01675387	0.009595603
5340	-267.3692	-271.404	4.034786	0.09483112	0.03554581	0.05928531	0.03554581
5350	-247.1484	-252.0806	4.932201	0.07392567	0.02764498	0.04628069	0.02764498
5360	-228.832	-233.5195	4.687458	0.06160402	0.04922911	0.01237491	0.04922911
5370	-230.4305	-236.2304	5.799936	0.05159894	0.01406985	0.03752909	0.01406985
5380	-223.4505	-229.2831	5.832693	0.04870908	0.02619349	0.02251559	0.02619349
5390	-221.9875	-227.6662	5.678759	0.04597582	0.02875554	0.01722028	0.02875554
5400	-215.9251	-221.5243	5.599207	0.02892405	0.0172966	0.01162745	0.0172966
5410	-218.6309	-223.1964	4.565496	0.02937229	0.02143436	0.007937938	0.02143436
5420	-354.9509	-353.3843	-1.566605	0.4027626	0.3132416	0.08952096	0.3132416
5430	-220.1832	-226.294	6.110788	0.04174238	0.01776606	0.02397633	0.01776606
5440	-239.0547	-244.3388	5.284164	0.06589312	0.02577172	0.0401214	0.02577172
5450	-229.14	-234.371	5.231078	0.06314524	0.04450851	0.01863673	0.04450851
5460	-212.2179	-218.4816	6.263703	0.02723864	0.004314912	0.02292372	0.004314912
5470	-213.4442	-219.1033	5.659067	0.02098442	0.01025022	0.01073421	0.01025022
5480	-217.8969	-223.6523	5.755425	0.03583926	0.02155639	0.01428287	0.02155639
5490	-255.256	-259.6819	4.425839	0.08821956	0.03900636	0.0492132	0.03900636
5500	-212.2363	-218.1496	5.913295	0.02028366	0.008152396	0.01213126	0.008152396
5510	-264.266	-266.7089	2.442908	0.2200296	0.2022645	0.01776501	0.2022645
5520	-218.4116	-224.5083	6.096715	0.03876552	0.01853313	0.02023239	0.01853313
5530	-265.2605	-269.6772	4.416697	0.08223071	0.02044559	0.06178512	0.02044559
5540	-221.5494	-224.8943	3.344922	0.03143	0.02566961	0.005760388	0.02566961
5550	-284.3832	-286.7756	2.392353	0.1690287	0.1120791	0.05694955	0.1120791
5560	-219.065	-225.298	6.23306	0.03900159	0.0127836	0.02621799	0.0127836
5570	-278.4549	-281.3018	2.846942	0.1461375	0.09015181	0.05598565	0.09015181
5580	-223.2131	-228.9811	5.768079	0.04864448	0.02811091	0.02053357	0.02811091
5590	-215.6595	-222.005	6.345452	0.03356245	0.01030023	0.02326222	0.01030023
5600	-211.1667	-216.5975	5.430816	0.02389575	0.00150509	0.02239066	0.00150509
5610	-221.2784	-227.1862	5.907774	0.03807186	0.003876164	0.03419569	0.003876164
5620	-255.4912	-258.9244	3.433251	0.1552877	0.1319655	0.02332219	0.1319655
5630	-224.9691	-230.8775	5.908428	0.04219102	0.005228721	0.0369623	0.005228721
5640	-223.1604	-228.5753	5.414909	0.0480965	0.0331512	0.0149453	0.0331512
5650	-214.5268	-220.899	6.372192	0.03156823	0.009209535	0.02235869	0.009209535
5660	-245.5191	-250.5327	5.013626	0.05703369	0.003780304	0.05325338	0.003780304
5670	-276.8298	-279.1858	2.355981	0.2014415	0.1584815	0.04295992	0.1584815
5680	-260.3177	-263.8173	3.499624	0.139982	0.1027981	0.03718384	0.1027981
5690	-235.3715	-240.2576	4.886079	0.07941903	0.05838313	0.0210359	0.05838313
5700	-225.0566	-231.0554	5.998825	0.04677879	0.01492303	0.03185576	0.01492303
5710	-233.5228	-239.2295	5.7067	0.05224591	0.01036395	0.04188197	0.01036395
5720	-217.1717	-223.464	6.292283	0.03511867	0.007386961	0.02773171	0.007386961
5730	-215.6252	-220.4006	4.77543	0.01375609	0.006241188	0.007514902	0.006241188
5740	-218.1787	-224.2896	6.110887	0.03830826	0.01811453	0.02019372	0.01811453
5750	-214.5875	-220.8485	6.260979	0.03104597	0.01263188	0.01841409	0.01263188
5760	-244.7634	-248.9267	4.163248	0.111642	0.09080947	0.02083251	0.09080947
5770	-216.3674	-221.3377	4.970319	0.02457556	0.01599216	0.008583396	0.01599216
5780	-253.8682	-257.9064	4.038179	0.1123792	0.07446762	0.03791158	0.07446762
5790	-319.2727	-319.8811	0.6084391	0.2442309	0.1683177	0.07591313	0.1683177
5800	-280.0762	-282.9906	2.914395	0.1381818	0.07886264	0.05931914	0.07886264
5810	-242.1161	-246.9419	4.825798	0.0830262	0.04890475	0.03412145	0.04890475
5820	-221.1459	-227.2446	6.098723	0.04299521	0.01723015	0.02576506	0.01723015
5830	-230.0245	-235.8413	5.816708	0.05118541	0.01398333	0.03720208	0.01398333
5840	-312.9356	-311.435	-1.500618	0.8162937	0.7886207	0.027673	0.7886207
5850	-242.8893	-246.7926	3.903338	0.1089272	0.09407956	0.01484765	0.09407956
5860	-214.3385	-219.568	5.22956	0.01809026	0.009259716	0.008830548	0.009259716
5870	-222.1543	-228.197	6.042692	0.0447569	0.01863395	0.02612295	0.01863395
5880	-304.0554	-306.8308	2.775407	0.09180637	0.002007043	0.08979932	0.002007043
5890	-213.7127	-218.6255	4.912739	0.02738874	0.001057341	0.0263314	0.001057341
5900	-223.8297	-229.9004	6.070766	0.04440646	0.0123646	0.03204186	0.0123646
5910	-276.3165	-277.9294	1.612912	0.3086337	0.2876496	0.02098408	0.2876496
5920	-242.2855	-247.0426	4.757031	0.08629838	0.05389455	0.03240383	0.05389455
5930	-213.1722	-218.9718	5.799613	0.0219385	0.01036555	0.01157295	0.01036555
5940	-260.4305	-264.4736	4.043121	0.1009548	0.05084608	0.05010869	0.05084608
5950	-263.8724	-266.9577	3.085295	0.1705465	0.1373644	0.03318205	0.1373644
5960	-224.2116	-230.2448	6.033169	0.04578634	0.0147107	0.03107564	0.0147107
5970	-248.0466	-252.5036	4.456938	0.09556204	0.05877796	0.03678408	0.05877796
5980	-233.9276	-239.5905	5.66292	0.05079506	0.007263021	0.04353204	0.007263021
5990	-217.6941	-223.8755	6.18138	0.03739424	0.01620623	0.02118801	0.01620623
6000	-216.6304	-222.9549	6.324468	0.03508514	0.01039587	0.02468926	0.01039587
6010	-277.2583	-280.9055	3.647195	0.1035269	0.03787218	0.06565476	0.03787218
6020	-328.4095	-331.0285	2.618958	0.1197115	0.01840895	0.1013026	0.01840895
6030	-240.6729	-245.3962	4.72325	0.08888542	0.06144404	0.02744138	0.06144404
6040	-294.5663	-296.7707	2.204406	0.1613712	0.09388875	0.06748244	0.09388875
6050	-210.0368	-215.9831	5.94627	0.01850607	0.003186815	0.01531925	0.003186815
6060	-308.3241	-310.7488	2.424777	0.133652	0.04988895	0.08376305	0.04988895
6070	-283.0186	-287.0585	4.039875	0.08359455	0.006975425	0.07661913	0.006975425
6080	-244.501	-249.0741	4.573132	0.09372659	0.06175029	0.03197631	0.06175029
6090	-213.3978	-219.7841	6.386305	0.02951185	0.00747301	0.02203884	0.00747301
6100	-296.5537	-298.9325	2.378789	0.1469463	0.07509768	0.07184865	0.07509768
6110	-275.819	-280.0288	4.209746	0.08441092	0.01396912	0.07044179	0.01396912
6120	-279.613	-281.56	1.947024	0.2461622	0.2079333	0.03822896	0.2079333
6130	-211.0313	-217.3291	6.297742	0.02329844	0.006116819	0.01718162	0.006116819
6140	-265.4758	-269.0731	3.597263	0.1192905	0.06963563	0.04965484	0.06963563
6150	-274.645	-278.8401	4.195158	0.08554092	0.01649273	0.06904818	0.01649273
6160	-267.7738	-271.5167	3.742915	0.1075493	0.05197181	0.05557751	0.05197181
6170	-242.0595	-246.3529	4.293401	0.1029572	0.08364275	0.01931447	0.08364275
6180	-337.8414	-340.3354	2.494012	0.1215232	0.01404184	0.1074814	0.01404184
6190	-238.6178	-243.8455	5.22774	0.06830015	0.03046563	0.03783451	0.03046563
6200	-290.6387	-291.4526	0.813843	0.3826087	0.3494266	0.03318216	0.3494266
6210	-356.1	-350.6683	-5.431736	2.005639	1.963533	0.04210609	1.963533
6220	-283.3153	-287.1653	3.849991	0.09357356	0.01976182	0.07381174	0.01976182
6230	-259.6335	-263.958	4.324565	0.08882927	0.03510962	0.05371965	0.03510962
6240	-225.3547	-231.3435	5.988858	0.04360671	0.007338935	0.03626778	0.007338935
6250	-222.1794	-227.9076	5.728221	0.04650405	0.0282475	0.01825655	0.0282475
6260	-235.1077	-240.6262	5.518506	0.05037471	0.005062313	0.04531239	0.005062313
6270	-254.9681	-258.8901	3.921995	0.1185898	0.08151586	0.03707395	0.08151586
6280	-230.0569	-235.7811	5.724207	0.05459551	0.02065961	0.0339359	0.02065961
6290	-246.778	-251.1697	4.391797	0.1014522	0.06965617	0.03179605	0.06965617
6300	-216.8715	-222.2829	5.411404	0.03023267	0.01931582	0.01091684	0.01931582
6310	-215.748	-221.7309	5.982887	0.03176207	0.01669782	0.01506425	0.01669782
6320	-239.8436	-244.5986	4.755027	0.08758837	0.06110616	0.02648221	0.06110616
6330	-232.3024	-237.9571	5.6547	0.04849741	0.005551103	0.04294631	0.005551103
6340	-216.9373	-220.2102	3.272962	0.02938217	0.0004322038	0.02894996	0.0004322038
6350	-240.9218	-245.8518	4.929998	0.07917256	0.04469851	0.03447405	0.04469851
6360	-231.6103	-235.4068	3.796546	0.0668179	0.05784612	0.008971783	0.05784612
6370	-277.2206	-281.0695	3.848889	0.09607435	0.02820562	0.06786873	0.02820562
6380	-282.6487	-285.2434	2.594708	0.1562987	0.0984699	0.05782883	0.0984699
6390	-271.3335	-274.533	3.1995	0.1352583	0.08379528	0.05146299	0.08379528
6400	-254.5332	-258.4472	3.914044	0.1202562	0.08444472	0.03581149	0.08444472
6410	-234.7058	-240.3348	5.628946	0.05556319	0.01450368	0.04105951	0.01450368
6420	-249.5561	-253.8692	4.313116	0.1019868	0.06594541	0.0360414	0.06594541
6430	-258.592	-261.04	2.448013	0.1889496	0.1759972	0.01295241	0.1759972
6440	-269.3902	-273.061	3.670876	0.1093463	0.05271732	0.05662896	0.05271732
6450	-250.615	-255.3766	4.761552	0.07810278	0.0297517	0.04835108	0.0297517
6460	-222.2603	-227.731	5.470681	0.03792266	0.002241811	0.03568085	0.002241811
6470	-230.2053	-235.759	5.553684	0.05969601	0.03086843	0.02882758	0.03086843
6480	-230.4944	-236.0383	5.543845	0.06002643	0.03083607	0.02919036	0.03083607
6490	-264.6526	-268.5461	3.89345	0.103549	0.04985718	0.05369185	0.04985718
6500	-230.8047	-236.0813	5.276663	0.06604003	0.04388714	0.02215289	0.04388714
6510	-243.0231	-247.362	4.338911	0.104001	0.08222698	0.02177401	0.08222698
6520	-225.4652	-231.1766	5.71136	0.05281357	0.02964569	0.02316789	0.02964569
6530	-264.7235	-267.5093	2.785789	0.2004822	0.1745806	0.0259016	0.1745806
6540	-261.1789	-265.8161	4.637199	0.07657125	0.01643373	0.06013752	0.01643373
6550	-283.6414	-284.9308	1.289392	0.3385245	0.3095834	0.02894115	0.3095834
6560	-222.787	-227.9221	5.135074	0.04568755	0.03346448	0.01222307	0.03346448
6570	-233.4375	-238.9307	5.493241	0.06121307	0.02684305	0.03437003	0.02684305
6580	-219.0326	-223.9545	4.921882	0.03323885	0.02385986	0.009378984	0.02385986
6590	-213.6022	-219.7869	6.18471	0.02787357	0.01195127	0.0159223	0.01195127
6600	-213.2272	-219.6069	6.379668	0.02902369	0.008534268	0.02048943	0.008534268
6610	-219.2267	-225.326	6.099334	0.04031785	0.01860035	0.0217175	0.01860035
6620	-209.9886	-216.0238	6.035173	0.01957772	0.003403466	0.01617426	0.003403466
6630	-272.9543	-276.4674	3.513051	0.1133025	0.05437495	0.05892754	0.05437495
6640	-245.5506	-250.4621	4.911439	0.07590908	0.03270951	0.04319958	0.03270951
6650	-219.498	-224.4671	4.969089	0.03498808	0.02522395	0.009764131	0.02522395
6660	-225.6502	-231.3416	5.691462	0.05329158	0.03029376	0.02299782	0.03029376
6670	-219.6662	-225.7921	6.125968	0.04090208	0.01753673	0.02336535	0.01753673
6680	-277.0788	-279.4469	2.368135	0.1986057	0.1548127	0.04379303	0.1548127
6690	-247.5589	-251.8531	4.294135	0.106453	0.0758587	0.03059431	0.0758587
6700	-272.7397	-273.689	0.9493249	0.2997383	0.2887705	0.01096778	0.2887705
6710	-254.7367	-259.3867	4.650052	0.07960535	0.02731517	0.05229017	0.02731517
6720	-232.1178	-237.8233	5.705554	0.05433759	0.01637962	0.03795797	0.01637962
6730	-275.9397	-278.0717	2.131993	0.2399711	0.205478	0.03449307	0.205478
6740	-232.4501	-238.0681	5.618014	0.05732688	0.02140077	0.03592611	0.02140077
6750	-218.5663	-224.4535	5.887188	0.03839415	0.02185463	0.01653952	0.02185463
6760	-217.0377	-223.2447	6.206927	0.03614	0.01539693	0.02074307	0.01539693
6770	-229.7966	-235.1348	5.33813	0.06364149	0.0418161	0.02182539	0.0418161
6780	-255.8226	-260.6163	4.793745	0.07387239	0.01789829	0.0559741	0.01789829
6790	-275.3964	-278.6577	3.261269	0.1239569	0.06558959	0.05836728	0.06558959
6800	-229.6035	-234.9026	5.299144	0.06370086	0.04307871	0.02062214	0.04307871
6810	-260.7953	-263.5663	2.77096	0.1955257	0.1770791	0.01844664	0.1770791
6820	-242.2821	-247.5453	5.263168	0.0556749	0.005079065	0.05059584	0.005079065
6830	-229.3751	-234.2274	4.852282	0.06378735	0.04974338	0.01404398	0.04974338
6840	-443.515	-443.5543	0.03928504	0.1846013	0.01952195	0.1650794	0.01952195
6850	-241.3538	-246.3279	4.974111	0.07678196	0.04010369	0.03667828	0.04010369
6860	-229.5884	-234.3579	4.769505	0.06420335	0.05074891	0.01345445	0.05074891
6870	-234.4712	-240.1397	5.668512	0.05230956	0.009126665	0.04318289	0.009126665
6880	-218.4687	-223.0663	4.597538	0.02905373	0.02106297	0.007990766	0.02106297
6890	-221.1439	-226.5073	5.363383	0.04230161	0.02932065	0.01298096	0.02932065
6900	-214.4425	-220.756	6.313539	0.03104441	0.00564085	0.02540356	0.00564085
6910	-209.9141	-215.7876	5.873524	0.02085109	0.002411575	0.01843952	0.002411575
6920	-237.7964	-242.6796	4.883238	0.08237961	0.05668561	0.025694	0.05668561
6930	-230.0998	-235.546	5.446121	0.06226378	0.0369623	0.02530148	0.0369623
6940	-242.854	-247.9181	5.064115	0.0718007	0.02992768	0.04187302	0.02992768
6950	-270.2165	-273.8377	3.621177	0.1109301	0.0539628	0.05696732	0.0539628
6960	-220.5804	-226.4218	5.84148	0.0430365	0.02485868	0.01817782	0.02485868
6970	-237.0844	-241.5407	4.456336	0.08734119	0.07127162	0.01606956	0.07127162
6980	-277.9087	-280.3181	2.40945	0.1896376	0.1431857	0.04645194	0.1431857
6990	-284.8353	-286.4109	1.575567	0.2734404	0.2331275	0.04031293	0.2331275
7000	-219.4956	-223.956	4.460364	0.03153286	0.02366938	0.007863481	0.02366938
7010	-225.0316	-231.0185	5.986879	0.04718167	0.01593188	0.03124978	0.01593188
7020	-240.495	-244.788	4.293021	0.0986627	0.08130386	0.01735884	0.08130386
7030	-268.1159	-272.6232	4.507298	0.07513753	0.008081986	0.06705554	0.008081986
7040	-249.8596	-254.7021	4.842438	0.07553433	0.02683095	0.04870339	0.02683095
7050	-243.6448	-248.3749	4.7301	0.08624518	0.05147548	0.0347697	0.05147548
7060	-247.8589	-252.1365	4.27756	0.1070936	0.07628457	0.03080905	0.07628457
7070	-284.9981	-287.2326	2.234451	0.1820952	0.1269743	0.05512088	0.1269743
7080	-214.1583	-220.5182	6.359888	0.03078487	0.006617265	0.0241676	0.006617265
7090	-274.3855	-277.5604	3.174906	0.130952	0.07533702	0.05561495	0.07533702
7100	-232.5893	-237.7367	5.147408	0.07069685	0.04844538	0.02225147	0.04844538
7110	-263.1984	-266.2271	3.02876	0.1792467	0.1496665	0.02958013	0.1496665
7120	-284.4922	-288.421	3.928828	0.09045943	0.01473916	0.07572027	0.01473916
7130	-221.6421	-227.686	6.043815	0.04422813	0.01924922	0.0249789	0.01924922
7140	-281.6264	-284.4996	2.873152	0.1382497	0.0775131	0.06073661	0.0775131
7150	-244.2874	-248.7365	4.449131	0.10056	0.07306697	0.02749305	0.07306697
7160	-278.0469	-280.6926	2.645674	0.1641471	0.1124439	0.05170325	0.1124439
7170	-239.4927	-243.7423	4.249651	0.09576686	0.07997796	0.0157889	0.07997796
7180	-216.5598	-222.7542	6.194374	0.03512249	0.01548061	0.01964188	0.01548061
7190	-257.8208	-262.3227	4.501958	0.06480121	0.003188574	0.06161264	0.003188574
7200	-226.5344	-232.276	5.741642	0.05351849	0.02720914	0.02630935	0.02720914
7210	-229.8875	-235.7306	5.843057	0.049704	0.01137151	0.03833249	0.01137151
7220	-230.9402	-236.6202	5.680044	0.05578379	0.02126501	0.03451878	0.02126501
7230	-223.6267	-228.9446	5.317883	0.04895305	0.0346527	0.01430035	0.0346527
7240	-234.7375	-239.7739	5.036342	0.07567871	0.05215814	0.02352057	0.05215814
7250	-230.6503	-236.0946	5.444274	0.06270028	0.0362494	0.02645088	0.0362494
7260	-224.1265	-228.7939	4.667335	0.04709275	0.0369618	0.01013095	0.0369618
7270	-220.7437	-226.1434	5.399702	0.04139483	0.02837242	0.01302241	0.02837242
7280	-243.8907	-247.9068	4.016083	0.1117319	0.09460969	0.01712222	0.09460969
7290	-267.9075	-272.1895	4.281933	0.085576	0.02256251	0.06301349	0.02256251
7300	-231.6051	-236.6565	5.05147	0.06976138	0.0510325	0.01872887	0.0510325
7310	-247.7079	-252.2398	4.531856	0.09174174	0.05359982	0.03814192	0.05359982
7320	-213.0249	-219.2723	6.247371	0.0270436	0.01056522	0.01647838	0.01056522
7330	-220.4585	-226.4193	5.96081	0.04285789	0.02246497	0.02039292	0.02246497
7340	-222.7912	-228.5962	5.80504	0.04771172	0.02704017	0.02067154	0.02704017
7350	-253.0861	-257.051	3.964905	0.1196417	0.08577133	0.03387032	0.08577133
7360	-291.4407	-295.1	3.659243	0.09690563	0.01749211	0.07941352	0.01749211
7370	-233.0466	-238.3409	5.294333	0.06779533	0.0404647	0.02733063	0.0404647
7380	-254.0378	-257.9791	3.941279	0.1192827	0.08381759	0.03546512	0.08381759
7390	-230.718	-236.3512	5.633194	0.05734485	0.0247929	0.03255195	0.0247929
7400	-323.7316	-325.0996	1.367957	0.1740852	0.08575981	0.0883254	0.08575981
7410	-251.0856	-255.0429	3.95722	0.123974	0.09542915	0.0285448	0.09542915
7420	-240.6509	-246.0614	5.410582	0.05999674	0.01385753	0.04613921	0.01385753
7430	-248.0516	-252.2959	4.244264	0.1089511	0.07873802	0.03021306	0.07873802
7440	-213.565	-219.4474	5.882373	0.02435058	0.01191854	0.01243204	0.01191854
7450	-238.0928	-243.2813	5.188575	0.07018239	0.03450621	0.03567618	0.03450621
7460	-243.4346	-246.3221	2.887434	0.1094228	0.100413	0.009009842	0.100413
7470	-276.7325	-280.7104	3.97795	0.0919233	0.02318034	0.06874296	0.02318034
7480	-233.7171	-238.9254	5.208353	0.07052317	0.04429329	0.02622988	0.04429329
7490	-227.3649	-232.1838	4.818918	0.05763335	0.04512743	0.01250592	0.04512743
7500	-218.3865	-224.2612	5.874666	0.03787626	0.02170469	0.01617157	0.02170469
7510	-242.2639	-247.0543	4.790434	0.08463968	0.05125697	0.03338271	0.05125697
7520	-220.2334	-226.2631	6.029692	0.03739548	0.004555447	0.03284004	0.004555447
7530	-260.3579	-264.5649	4.207017	0.09320597	0.04038408	0.05282188	0.04038408
7540	-232.9707	-238.6594	5.688716	0.05441354	0.01511918	0.03929437	0.01511918
7550	-248.9574	-252.9725	4.015038	0.1218069	0.09656967	0.02523725	0.09656967
7560	-272.0522	-274.506	2.453798	0.2136988	0.1792841	0.03441471	0.1792841
7570	-227.1824	-233.0321	5.849696	0.05116574	0.01972949	0.03143624	0.01972949
7580	-251.896	-256.88	4.984055	0.06911667	0.01502278	0.05409389	0.01502278
7590	-217.4261	-223.7245	6.2984	0.03568423	0.008258186	0.02742604	0.008258186
7600	-223.7013	-229.4523	5.751063	0.04963218	0.02867881	0.02095337	0.02867881
7610	-237.908	-242.747	4.838923	0.08383481	0.05918654	0.02464827	0.05918654
7620	-216.6163	-222.815	6.19861	0.03525742	0.0154242	0.01983322	0.0154242
7630	-218.6309	-224.5533	5.922437	0.03872535	0.02157565	0.0171497	0.02157565
7640	-211.3548	-217.6313	6.276465	0.02339454	0.00706922	0.01632532	0.00706922
7650	-249.2914	-252.338	3.0466	0.1376488	0.1256887	0.01196017	0.1256887
7660	-216.7844	-223.1025	6.318127	0.03536302	0.01069968	0.02466333	0.01069968
7670	-217.1162	-223.3345	6.218329	0.03630151	0.01509633	0.02120518	0.01509633
7680	-281.3574	-281.9441	0.5866259	0.3877046	0.3741853	0.01351927	0.3741853
7690	-230.8744	-236.4387	5.564301	0.05945328	0.02872872	0.03072456	0.02872872
7700	-216.4757	-222.5527	6.077035	0.03432321	0.01715227	0.01717094	0.01715227
7710	-226.6634	-232.3903	5.726985	0.05389513	0.02775059	0.02614454	0.02775059
7720	-309.9749	-313.0274	3.052536	0.1106365	0.020604	0.09003252	0.020604
7730	-240.1246	-244.7031	4.578478	0.09340209	0.07118135	0.02222075	0.07118135
7740	-293.0081	-295.0189	2.010858	0.1800908	0.1172306	0.06286021	0.1172306
7750	-290.8383	-292.1088	1.27051	0.2838957	0.2381998	0.04569595	0.2381998
7760	-224.2613	-230.3205	6.059178	0.04350986	0.009310309	0.03419955	0.009310309
7770	-306.1621	-306.1911	0.02908021	0.4102383	0.361716	0.04852226	0.361716
7780	-234.0051	-238.4437	4.438615	0.07741784	0.06391277	0.01350507	0.06391277
7790	-231.3211	-237.0799	5.758799	0.05270191	0.01465389	0.03804802	0.01465389
7800	-249.2705	-254.2072	4.936649	0.05989923	0.004164986	0.05573424	0.004164986
7810	-230.9045	-235.2195	4.314979	0.06673721	0.05569201	0.0110452	0.05569201
7820	-261.0273	-264.4285	3.40121	0.1471897	0.1112617	0.03592799	0.1112617
7830	-320.435	-323.4571	3.022054	0.1071596	0.008738508	0.09842113	0.008738508
7840	-248.1703	-253.2858	5.115543	0.06049065	0.006071119	0.05441953	0.006071119
7850	-223.579	-228.9396	5.36055	0.04899801	0.03429757	0.01470044	0.03429757
7860	-276.3284	-280.1361	3.807722	0.09798884	0.03150202	0.06648682	0.03150202
7870	-264.3215	-267.2971	2.975561	0.1813907	0.1505892	0.03080154	0.1505892
7880	-268.6895	-272.025	3.335527	0.1310137	0.08122804	0.04978569	0.08122804
7890	-376.8198	-376.0883	-0.7314441	0.2511897	0.1351295	0.1160602	0.1351295
7900	-211.7056	-217.8475	6.14193	0.02213557	0.007902001	0.01423356	0.007902001
7910	-216.6244	-222.5829	5.958479	0.03388888	0.01832988	0.015559	0.01832988
7920	-218.7918	-224.985	6.193155	0.03917761	0.01541719	0.02376042	0.01541719
7930	-219.5899	-225.8222	6.232225	0.03916864	0.01102564	0.028143	0.01102564
7940	-227.7946	-233.3773	5.582725	0.05747684	0.03315097	0.02432587	0.03315097
7950	-340.8448	-343.2448	2.399986	0.1239026	0.0148403	0.1090623	0.0148403
7960	-266.9127	-271.0325	4.119825	0.09184882	0.03198975	0.05985907	0.03198975
7970	-218.806	-225.0592	6.253171	0.03836913	0.01166464	0.02670449	0.01166464
7980	-251.8406	-254.4825	2.641923	0.1503365	0.1395384	0.01079816	0.1395384
7990	-259.3652	-262.4794	3.114187	0.1766331	0.1535807	0.02305233	0.1535807
8000	-288.1411	-291.6302	3.489049	0.1036243	0.0287508	0.07487351	0.0287508
8010	-274.9467	-277.4346	2.487864	0.1935961	0.151293	0.04230305	0.151293
8020	-214.3421	-219.8827	5.540537	0.02296309	0.01254113	0.01042196	0.01254113
8030	-243.1682	-247.5329	4.364747	0.1034748	0.08081411	0.02266073	0.08081411
8040	-236.0037	-239.9906	3.986872	0.08321358	0.07180232	0.01141126	0.07180232
8050	-283.179	-286.449	3.269968	0.1150274	0.04733993	0.06768746	0.04733993
8060	-260.7364	-264.4067	3.670315	0.12413	0.08139251	0.04273747	0.08139251
8070	-242.4492	-245.897	3.447796	0.1070359	0.09586294	0.011173	0.09586294
8080	-281.1228	-284.3293	3.206565	0.1198949	0.05523596	0.06465897	0.05523596
8090	-216.3557	-222.6849	6.329162	0.03469803	0.01057135	0.02412668	0.01057135
8100	-274.198	-277.0907	2.892699	0.1529984	0.102838	0.05016043	0.102838
8110	-255.4964	-260.3812	4.88477	0.07051639	0.01335673	0.05715966	0.01335673
8120	-220.116	-226.2524	6.136362	0.04141012	0.01670018	0.02470994	0.01670018
8130	-251.4447	-255.1262	3.681495	0.1389131	0.1172927	0.02162038	0.1172927
8140	-285.5804	-286.6324	1.052008	0.371359	0.3443182	0.0270408	0.3443182
8150	-226.9742	-232.8038	5.829629	0.05170701	0.02148422	0.03022279	0.02148422
8160	-313.4608	-313.7573	0.2964779	0.306671	0.2420112	0.06465978	0.2420112
8170	-255.1265	-257.3718	2.245302	0.1681892	0.1580388	0.01015036	0.1580388
8180	-241.8792	-246.5967	4.717477	0.0886197	0.05844948	0.03017022	0.05844948
8190	-254.1702	-258.4965	4.326292	0.0941305	0.04859087	0.04553964	0.04859087
8200	-233.0767	-238.7783	5.701627	0.05370607	0.0136621	0.04004397	0.0136621
8210	-229.6317	-235.3176	5.685885	0.05586269	0.02414746	0.03171523	0.02414746
8220	-381.089	-381.61	0.5210322	0.1772565	0.0501905	0.127066	0.0501905
8230	-252.3316	-257.3576	5.026032	0.06499538	0.008470531	0.05652485	0.008470531
8240	-221.396	-227.3187	5.922688	0.04472168	0.0236574	0.02106428	0.0236574
8250	-211.5129	-217.7445	6.231656	0.02301226	0.007540694	0.01547157	0.007540694
8260	-240.8096	-246.2236	5.414021	0.05610589	0.007377686	0.04872821	0.007377686
8270	-274.1569	-277.7154	3.558493	0.109817	0.04877441	0.06104263	0.04877441
8280	-280.5034	-282.1296	1.626219	0.2968521	0.265969	0.03088309	0.265969
8290	-226.6402	-232.5162	5.875995	0.04390761	0.005705014	0.0382026	0.005705014
8300	-237.5413	-242.8981	5.356792	0.06409888	0.02503396	0.03906492	0.02503396
8310	-213.7445	-220.1251	6.380573	0.03009571	0.008747892	0.02134782	0.008747892
8320	-211.6831	-218.0339	6.350802	0.02539198	0.006945428	0.01844656	0.006945428
8330	-222.7824	-228.7041	5.92178	0.04695718	0.02331123	0.02364595	0.02331123
8340	-241.3093	-245.2893	3.979998	0.102864	0.08846305	0.01440091	0.08846305
8350	-219.5153	-225.7487	6.233447	0.03839721	0.008937516	0.0294597	0.008937516
8360	-249.0851	-253.7966	4.71148	0.08135161	0.03638691	0.0449647	0.03638691
8370	-244.3949	-249.2497	4.854759	0.0793595	0.03960609	0.03975341	0.03960609
8380	-324.3287	-325.5673	1.23865	0.1814256	0.09373409	0.08769153	0.09373409
8390	-225.8905	-231.4643	5.573765	0.05464965	0.03405661	0.02059304	0.03405661
8400	-238.8317	-244.3346	5.502878	0.05708823	0.01140041	0.04568782	0.01140041
8410	-241.5135	-244.9249	3.411402	0.1029648	0.09236653	0.01059826	0.09236653
8420	-310.9785	-313.7536	2.775082	0.119181	0.03036663	0.08881436	0.03036663
8430	-234.2888	-239.4378	5.148964	0.07248743	0.04675003	0.0257374	0.04675003
8440	-342.4565	-344.917	2.460524	0.1207457	0.009960838	0.1107849	0.009960838
8450	-219.0371	-224.5398	5.502724	0.03727313	0.02450195	0.01277118	0.02450195
8460	-285.1034	-288.9759	3.872566	0.09215876	0.01644809	0.07571067	0.01644809
8470	-265.6221	-268.9617	3.339625	0.1383158	0.09393246	0.04438333	0.09393246
8480	-387.2768	-388.6618	1.385051	0.1414484	0.005175185	0.1362732	0.005175185
8490	-283.4685	-287.5042	4.035655	0.08625883	0.01007518	0.07618365	0.01007518
8500	-274.5117	-278.7869	4.275273	0.08253654	0.01257238	0.06996416	0.01257238
8510	-221.3718	-227.151	5.779198	0.04472783	0.02662159	0.01810624	0.02662159
8520	-224.6038	-230.1084	5.504642	0.05200008	0.03445262	0.01754746	0.03445262
8530	-224.1533	-230.1752	6.021927	0.04228095	0.00688937	0.03539158	0.00688937
8540	-222.0031	-228.1469	6.143823	0.04118215	0.00915684	0.03202531	0.00915684
8550	-211.4578	-217.7741	6.316244	0.02563301	0.00492534	0.02070767	0.00492534
8560	-259.644	-262.7215	3.07752	0.1790859	0.1563852	0.02270071	0.1563852
8570	-239.7255	-244.1927	4.46728	0.09470167	0.07545328	0.01924839	0.07545328
8580	-251.8797	-256.7857	4.905938	0.07204893	0.01938101	0.05266792	0.01938101
8590	-247.1113	-251.5967	4.485369	0.09528896	0.0597996	0.03548936	0.0597996
8600	-241.3372	-246.337	4.999746	0.07566395	0.03832383	0.03734012	0.03832383
8610	-223.9885	-229.9181	5.929574	0.04814444	0.02161273	0.02653171	0.02161273
8620	-247.6256	-251.9841	4.358567	0.1022854	0.06945771	0.03282768	0.06945771
8630	-249.3974	-254.5202	5.12278	0.06473999	0.01113252	0.05360747	0.01113252
8640	-291.0906	-291.8402	0.7496869	0.3933922	0.3608961	0.03249607	0.3608961
8650	-268.8114	-270.873	2.061581	0.2541764	0.2364599	0.01771652	0.2364599
8660	-278.0044	-282.094	4.089508	0.07879881	0.004782331	0.07401648	0.004782331
8670	-264.3689	-267.3264	2.957545	0.1832713	0.1529297	0.03034162	0.1529297
8680	-223.1848	-229.0725	5.887657	0.04784174	0.02434609	0.02349564	0.02434609
8690	-238.3518	-243.2885	4.936709	0.08048169	0.05186907	0.02861262	0.05186907
8700	-256.1607	-260.9131	4.752365	0.06481035	0.004584005	0.06022635	0.004584005
8710	-226.9219	-232.4317	5.509805	0.05700145	0.03612972	0.02087173	0.03612972
8720	-230.9167	-236.2914	5.374676	0.04572894	0.00295882	0.04277012	0.00295882
8730	-221.4148	-226.8116	5.396791	0.04324395	0.02980014	0.01344381	0.02980014
8740	-214.9839	-221.3479	6.364014	0.03223233	0.007871579	0.02436075	0.007871579
8750	-260.52	-265.1742	4.654233	0.07631518	0.01670907	0.05960611	0.01670907
8760	-259.2943	-262.8845	3.590108	0.1347968	0.09735918	0.03743765	0.09735918
8770	-240.0245	-244.9936	4.96904	0.0781364	0.04454808	0.03358832	0.04454808
8780	-227.6924	-232.965	5.272627	0.05958058	0.04203969	0.01754089	0.04203969
8790	-385.1466	-382.4252	-2.721408	0.4658346	0.3588832	0.1069514	0.3588832
8800	-285.5147	-289.3423	3.827601	0.0829857	0.004320566	0.07866514	0.004320566
8810	-220.7032	-226.4448	5.74157	0.04303097	0.02630631	0.01672466	0.02630631
8820	-230.9881	-236.6429	5.654717	0.05659924	0.02276986	0.03382938	0.02276986
8830	-294.6098	-297.3014	2.691522	0.1321442	0.05887423	0.07327	0.05887423
8840	-319.6351	-321.8565	2.221353	0.1356243	0.04381757	0.0918067	0.04381757
8850	-220.5012	-226.6739	6.172715	0.04120565	0.01399417	0.02721148	0.01399417
8860	-264.3041	-267.1748	2.87071	0.1928871	0.1654674	0.02741973	0.1654674
8870	-239.3376	-241.6465	2.308886	0.08901538	0.08243292	0.00658246	0.08243292
8880	-213.2758	-219.3175	6.041767	0.02534571	0.01154642	0.01379928	0.01154642
8890	-221.9018	-227.8956	5.993793	0.0450875	0.02113518	0.02395232	0.02113518
8900	-254.1349	-259.0903	4.95539	0.0656102	0.007582219	0.05802798	0.007582219
8910	-231.6394	-237.3644	5.724948	0.05388011	0.01633539	0.03754472	0.01633539
8920	-259.6993	-262.9496	3.250251	0.1660961	0.1384094	0.02768672	0.1384094
8930	-242.9802	-246.1236	3.143334	0.1083958	0.09851307	0.009882683	0.09851307
8940	-261.0137	-265.0332	4.019486	0.1014457	0.05086642	0.05057933	0.05086642
8950	-230.8219	-235.1793	4.357357	0.06663877	0.05539077	0.011248	0.05539077
8960	-225.814	-230.9834	5.16947	0.05444357	0.03995571	0.01448786	0.03995571
8970	-217.563	-223.6845	6.121542	0.03704358	0.01756507	0.01947851	0.01756507
8980	-213.8083	-219.1275	5.319223	0.01623479	0.007128992	0.009105798	0.007128992
8990	-249.5591	-253.47	3.910867	0.1271057	0.1034637	0.02364198	0.1034637
9000	-226.2708	-232.1377	5.866872	0.05061106	0.02079256	0.0298185	0.02079256
9010	-259.7433	-262.9666	3.223295	0.1683984	0.1414504	0.02694801	0.1414504
9020	-256.5103	-261.1694	4.659127	0.07825028	0.02349054	0.05475974	0.02349054
9030	-223.1209	-229.2099	6.089029	0.04403919	0.0133211	0.03071809	0.0133211
9040	-250.5471	-255.6163	5.069144	0.06642747	0.01244283	0.05398464	0.01244283
9050	-214.308	-220.5747	6.266694	0.03067265	0.004881912	0.02579074	0.004881912
9060	-214.0857	-219.7496	5.663949	0.02351089	0.0124437	0.01106719	0.0124437
9070	-216.2444	-222.5732	6.32875	0.03402034	0.007765046	0.02625529	0.007765046
9080	-228.8411	-234.4698	5.628723	0.05731875	0.02928506	0.02803369	0.02928506
9090	-228.2121	-233.3583	5.146252	0.06095924	0.04465251	0.01630673	0.04465251
9100	-245.9967	-251.2338	5.237024	0.06277357	0.01186843	0.05090514	0.01186843
9110	-222.4188	-227.4755	5.05668	0.04418575	0.03267755	0.0115082	0.03267755
9120	-216.3509	-222.5225	6.171562	0.03456527	0.01575123	0.01881403	0.01575123
9130	-240.7667	-246.0718	5.305147	0.06410552	0.02041537	0.04369015	0.02041537
9140	-218.1941	-224.4012	6.207067	0.0382047	0.01524992	0.02295478	0.01524992
9150	-217.357	-223.6598	6.302826	0.03620113	0.01077311	0.02542802	0.01077311
9160	-264.4795	-268.6512	4.171613	0.09143916	0.03379181	0.05764735	0.03379181
9170	-237.0843	-242.5171	5.432723	0.06159765	0.021452	0.04014565	0.021452
9180	-234.8791	-239.9762	5.097142	0.07429001	0.04876393	0.02552607	0.04876393
9190	-212.001	-218.0699	6.06889	0.02188048	0.008409664	0.01347082	0.008409664
9200	-244.0501	-248.9046	4.854502	0.07970442	0.04063851	0.03906591	0.04063851
9210	-215.8091	-222.0186	6.209503	0.03353436	0.01464325	0.01889111	0.01464325
9220	-222.5752	-228.4734	5.898122	0.046861	0.02427605	0.02258494	0.02427605
9230	-237.3803	-242.0893	4.709015	0.08600086	0.06550485	0.02049601	0.06550485
9240	-265.8689	-270.4468	4.577926	0.07518879	0.01013526	0.06505353	0.01013526
9250	-211.7374	-217.6095	5.872076	0.01807608	0.00612768	0.0119484	0.00612768
9260	-267.5585	-270.8903	3.331743	0.1339063	0.08612825	0.04777807	0.08612825
9270	-230.4444	-235.9371	5.492678	0.06139266	0.03392472	0.02746794	0.03392472
9280	-226.5396	-232.1112	5.571663	0.05583401	0.03420004	0.02163397	0.03420004
9290	-276.0732	-280.3056	4.232429	0.07888597	0.006412204	0.07247377	0.006412204
9300	-217.2232	-223.533	6.309793	0.03557472	0.008826004	0.02674871	0.008826004
9310	-224.6638	-230.3543	5.690419	0.05170439	0.03052387	0.02118051	0.03052387
9320	-225.0651	-230.8396	5.774481	0.05154131	0.02743048	0.02411083	0.02743048
9330	-219.8245	-225.8815	6.056969	0.03704179	0.004677494	0.0323643	0.004677494
9340	-268.4755	-272.5354	4.059866	0.09314838	0.03225315	0.06089523	0.03225315
9350	-269.5198	-273.6495	4.129659	0.09003765	0.02710867	0.06292898	0.02710867
9360	-212.5123	-218.581	6.068712	0.0233974	0.009742506	0.0136549	0.009742506
9370	-214.8808	-220.0216	5.140783	0.01985579	0.01119049	0.008665307	0.01119049
9380	-269.0481	-270.5584	1.510256	0.2657474	0.2533082	0.0124392	0.2533082
9390	-307.0725	-309.9178	2.845248	0.1181743	0.03205338	0.08612089	0.03205338
9400	-211.062	-217.3759	6.313875	0.02374365	0.005969799	0.01777385	0.005969799
9410	-212.2297	-218.6054	6.375765	0.02694626	0.007239478	0.01970678	0.007239478
9420	-222.5695	-228.4515	5.881941	0.04696008	0.02481178	0.02214831	0.02481178
9430	-242.2709	-247.6205	5.349696	0.06126472	0.01387349	0.04739124	0.01387349
9440	-234.7072	-240.3488	5.641617	0.05492399	0.0133615	0.04156249	0.0133615
9450	-270.7556	-274.8885	4.132917	0.08932553	0.02502149	0.06430404	0.02502149
9460	-229.782	-234.9045	5.122532	0.06504456	0.04739772	0.01764684	0.04739772
9470	-248.5912	-251.597	3.00584	0.1341805	0.1227996	0.01138091	0.1227996
9480	-247.2973	-251.4711	4.173833	0.1136819	0.08754339	0.02613855	0.08754339
9490	-243.2922	-248.6365	5.344303	0.0589949	0.009048158	0.04994675	0.009048158
9500	-293.2184	-296.5241	3.305708	0.1077914	0.02991316	0.07787823	0.02991316
9510	-252.1479	-256.498	4.350047	0.09555872	0.05310795	0.04245077	0.05310795
9520	-254.6454	-258.6068	3.961342	0.1163163	0.07882661	0.03748969	0.07882661
9530	-222.222	-228.3413	6.119359	0.04312303	0.01353702	0.02958601	0.01353702
9540	-213.7551	-219.5745	5.819468	0.02889729	0.002348257	0.02654903	0.002348257
9550	-253.3185	-257.3068	3.988359	0.1173058	0.08213476	0.03517107	0.08213476
9560	-282.9864	-284.8128	1.82638	0.2434684	0.2007234	0.04274497	0.2007234
9570	-268.3517	-271.5686	3.216852	0.141215	0.09449087	0.04672417	0.09449087
9580	-212.4115	-218.7225	6.311016	0.02630609	0.008980249	0.01732584	0.008980249
9590	-262.827	-265.591	2.763981	0.2016547	0.1802396	0.02141508	0.1802396
9600	-227.1258	-232.9898	5.863959	0.05075035	0.01895556	0.03179478	0.01895556
9610	-214.902	-221.2572	6.355204	0.03224102	0.01023628	0.02200475	0.01023628
9620	-286.409	-286.7327	0.3237064	0.4461231	0.4308498	0.01527328	0.4308498
9630	-248.139	-252.3632	4.224252	0.1101082	0.08032517	0.02978304	0.08032517
9640	-232.1416	-237.8785	5.736953	0.04955376	0.007589592	0.04196417	0.007589592
9650	-212.4132	-218.739	6.325775	0.02650207	0.008804277	0.01769779	0.008804277
9660	-241.756	-246.4787	4.722618	0.08845527	0.05842125	0.03003402	0.05842125
9670	-212.708	-219.0824	6.374432	0.02823113	0.006336187	0.02189495	0.006336187
9680	-223.2253	-229.1485	5.923165	0.04750284	0.02287584	0.024627	0.02287584
9690	-261.2323	-264.4083	3.175963	0.1696276	0.1403945	0.02923308	0.1403945
9700	-243.3121	-248.6273	5.315186	0.06186387	0.01356332	0.04830055	0.01356332
9710	-249.2799	-254.2358	4.955832	0.07174252	0.0218223	0.04992021	0.0218223
9720	-216.7155	-222.9084	6.192903	0.03545683	0.01560335	0.01985348	0.01560335
9730	-243.0557	-246.8121	3.756406	0.1098714	0.09626961	0.0136018	0.09626961
9740	-243.7378	-248.9377	5.199913	0.05659969	0.004918092	0.05168159	0.004918092
9750	-268.5882	-270.5499	1.961625	0.2560537	0.2399018	0.01615194	0.2399018
9760	-266.5698	-270.6381	4.068345	0.09406348	0.03529616	0.05876732	0.03529616
9770	-282.7935	-285.0865	2.292961	0.1835408	0.1308459	0.05269485	0.1308459
9780	-242.9065	-247.4218	4.515335	0.09771324	0.07143335	0.02627989	0.07143335
9790	-323.737	-323.3923	-0.3446424	0.3548354	0.2858226	0.06901288	0.2858226
9800	-229.559	-235.0388	5.479785	0.06110107	0.03599529	0.02510577	0.03599529
9810	-249.8391	-253.8714	4.032376	0.1204023	0.09255328	0.02784897	0.09255328
9820	-214.794	-220.5594	5.765367	0.03020502	0.002295078	0.02790994	0.002295078
9830	-219.5382	-225.7127	6.174489	0.04031741	0.01552542	0.02479198	0.01552542
9840	-210.7607	-216.9171	6.156377	0.02401726	0.003447739	0.02056953	0.003447739
9850	-218.6484	-224.8615	6.213122	0.03882116	0.01463144	0.02418972	0.01463144
9860	-212.8959	-218.4698	5.573904	0.01691008	0.006732831	0.01017725	0.006732831
9870	-232.0737	-236.368	4.294323	0.07054904	0.0591062	0.01144284	0.0591062
9880	-211.6468	-217.8717	6.224931	0.02322325	0.007855396	0.01536785	0.007855396
9890	-212.1472	-218.4959	6.34867	0.02624309	0.007980601	0.01826249	0.007980601
9900	-263.9297	-266.8942	2.964559	0.1839412	0.1545223	0.02941886	0.1545223
9910	-233.9377	-239.5178	5.580126	0.05797181	0.02002472	0.0379471	0.02002472
9920	-220.0588	-226.1886	6.129786	0.04140694	0.01706053	0.02434641	0.01706053
9930	-225.4401	-231.1908	5.750684	0.05230305	0.02809587	0.02420718	0.02809587
9940	-231.7326	-237.4978	5.765154	0.05186278	0.01239373	0.03946904	0.01239373
9950	-234.8572	-240.3943	5.537071	0.0590372	0.02042924	0.03860796	0.02042924
9960	-220.3364	-225.8465	5.510115	0.04091718	0.02720419	0.013713	0.02720419
9970	-227.6885	-233.6185	5.930003	0.04701211	0.009941691	0.03707042	0.009941691
9980	-216.5938	-222.8853	6.291523	0.03529085	0.01260966	0.02268119	0.01260966
9990	-256.2664	-259.6339	3.367545	0.1594878	0.1362837	0.02320412	0.1362837
10000	-236.3703	-240.7974	4.427141	0.08514946	0.07004056	0.0151089	0.07004056
