Iteration	Posterior	Likelihood	Prior	birth_rate	death_rate	diversification	turnover
0	-226.3806	-232.1294	5.748781	0.05326873	0.02707257	0.02619616	0.02707257
10	-218.0412	-224.2609	6.219631	0.03791131	0.01483275	0.02307855	0.01483275
20	-223.417	-229.336	5.919028	0.04777138	0.02285649	0.02491489	0.02285649
30	-219.3552	-225.5876	6.2324	0.03799858	0.00829715	0.02970143	0.00829715
40	-212.186	-218.3633	6.177358	0.02706768	0.003634564	0.02343312	0.003634564
50	-218.3817	-224.4784	6.096755	0.03871255	0.01852161	0.02019094	0.01852161
60	-235.0733	-240.0933	5.019987	0.07642919	0.05266337	0.02376581	0.05266337
70	-244.8831	-249.7324	4.849303	0.0791363	0.0385623	0.040574	0.0385623
80	-212.0977	-218.449	6.351275	0.02702755	0.005560925	0.02146662	0.005560925
90	-215.8753	-222.1096	6.234301	0.0338118	0.01422783	0.01958397	0.01422783
100	-226.1687	-232.0888	5.920125	0.0491359	0.0176162	0.03151969	0.0176162
110	-232.9766	-237.7334	4.756846	0.07436652	0.0584274	0.01593912	0.0584274
120	-257.128	-261.4245	4.296508	0.09224404	0.04253667	0.04970737	0.04253667
130	-227.1916	-233.0916	5.899999	0.04491755	0.006703478	0.03821407	0.006703478
140	-226.3556	-232.2621	5.90646	0.04953315	0.01807644	0.03145671	0.01807644
150	-271.4178	-272.6483	1.230484	0.2869269	0.2749979	0.01192899	0.2749979
160	-229.7654	-235.5667	5.801378	0.05203167	0.01612356	0.03590811	0.01612356
170	-220.8129	-226.6786	5.865763	0.04359413	0.02465702	0.01893711	0.02465702
180	-244.1121	-248.8973	4.78526	0.08292576	0.04554349	0.03738227	0.04554349
190	-226.6942	-232.5693	5.875039	0.04396476	0.005724215	0.03824055	0.005724215
200	-239.6289	-244.6033	4.974405	0.07819804	0.0453633	0.03283474	0.0453633
210	-214.4116	-220.2869	5.875334	0.02693575	0.01404273	0.01289303	0.01404273
220	-241.0145	-246.1581	5.143598	0.0699783	0.02961528	0.04036303	0.02961528
230	-245.9169	-250.709	4.792139	0.0807336	0.03958737	0.04114623	0.03958737
240	-222.3381	-228.366	6.027928	0.04514831	0.01911256	0.02603575	0.01911256
250	-233.1772	-238.1971	5.019826	0.07345212	0.05307981	0.0203723	0.05307981
260	-221.8302	-227.7031	5.872837	0.04567788	0.02504876	0.02062912	0.02504876
270	-211.5041	-217.8475	6.343353	0.02494789	0.006664813	0.01828308	0.006664813
280	-245.6738	-250.3917	4.717906	0.08452387	0.04569751	0.03882636	0.04569751
290	-213.9732	-219.6707	5.697544	0.02351387	0.01227709	0.01123678	0.01227709
300	-233.3542	-238.6397	5.285465	0.06814463	0.04038893	0.0277557	0.04038893
310	-214.7255	-219.7562	5.030634	0.01361295	0.005313189	0.008299762	0.005313189
320	-240.0447	-244.6117	4.566951	0.09355322	0.07174933	0.02180389	0.07174933
330	-221.5611	-226.2872	4.72609	0.03968948	0.03023131	0.00945817	0.03023131
340	-216.798	-223.0311	6.233118	0.03570077	0.01463245	0.02106832	0.01463245
350	-226.41	-232.23	5.820026	0.05179384	0.02324205	0.02855179	0.02324205
360	-250.1988	-254.0512	3.852408	0.1302526	0.1068398	0.02341275	0.1068398
370	-254.7428	-259.4065	4.663698	0.06305685	0.003519071	0.05953777	0.003519071
380	-224.7705	-230.43	5.659523	0.0520688	0.03140867	0.02066013	0.03140867
390	-218.7939	-222.6355	3.841544	0.008978292	0.001571293	0.007406999	0.001571293
400	-233.1251	-235.3289	2.203818	0.06468591	0.05915103	0.005534874	0.05915103
410	-221.241	-226.4927	5.251776	0.04192269	0.02973557	0.01218712	0.02973557
420	-216.125	-222.4267	6.301643	0.03446265	0.01236606	0.02209659	0.01236606
430	-213.5748	-219.9494	6.374644	0.02983292	0.006758299	0.02307462	0.006758299
440	-211.2506	-217.5352	6.284583	0.02334791	0.006790741	0.01655717	0.006790741
450	-220.4818	-226.2685	5.786652	0.04265127	0.0254975	0.01715377	0.0254975
460	-213.514	-218.6933	5.179289	0.01280302	0.003102152	0.009700871	0.003102152
470	-238.2947	-243.7444	5.449743	0.06023929	0.01739298	0.0428463	0.01739298
480	-225.586	-228.016	2.429938	0.007411996	0.003016034	0.004395963	0.003016034
490	-245.7788	-250.9568	5.178009	0.06570463	0.01667152	0.04903312	0.01667152
500	-220.7302	-226.9148	6.184572	0.04093712	0.01226989	0.02866723	0.01226989
510	-219.768	-225.9862	6.218211	0.03846902	0.008334681	0.03013434	0.008334681
520	-218.6875	-224.78	6.09244	0.03932017	0.01873042	0.02058975	0.01873042
530	-220.5323	-226.4497	5.917427	0.03727898	0.003751649	0.03352733	0.003751649
540	-215.043	-221.3874	6.344408	0.03216224	0.006861627	0.02530062	0.006861627
550	-215.8614	-222.21	6.348582	0.03375917	0.009204425	0.02455474	0.009204425
560	-212.3869	-218.3162	5.929262	0.02103479	0.008745724	0.01228906	0.008745724
570	-273.4786	-276.1352	2.656604	0.1796318	0.136137	0.04349478	0.136137
580	-216.4563	-222.5755	6.119234	0.03314763	0.004126154	0.02902148	0.004126154
590	-222.0048	-228.0782	6.073377	0.04412876	0.01722275	0.02690601	0.01722275
600	-227.5402	-233.4356	5.895441	0.04960497	0.01555112	0.03405385	0.01555112
610	-220.9215	-226.2521	5.33059	0.04149254	0.02890744	0.01258511	0.02890744
620	-212.1322	-217.9731	5.84088	0.01876933	0.007139494	0.01162984	0.007139494
630	-217.1702	-223.4432	6.272967	0.03629036	0.01309496	0.0231954	0.01309496
640	-210.6312	-216.8768	6.245537	0.02194642	0.005310659	0.01663576	0.005310659
650	-215.5672	-221.0726	5.505392	0.02691203	0.01608874	0.01082329	0.01608874
660	-222.3496	-228.4041	6.054541	0.04471252	0.01768253	0.02703	0.01768253
670	-210.8838	-217.0859	6.202146	0.0243343	0.003749193	0.02058511	0.003749193
680	-223.082	-228.2209	5.138961	0.04656474	0.03414559	0.01241915	0.03414559
690	-227.7617	-233.2573	5.495587	0.05857592	0.03659928	0.02197663	0.03659928
700	-237.8538	-243.1427	5.288863	0.066437	0.02852635	0.03791066	0.02852635
710	-224.7155	-230.7531	6.037606	0.04528666	0.01229436	0.0329923	0.01229436
720	-232.1918	-237.6551	5.46331	0.04720054	0.003635315	0.04356522	0.003635315
730	-213.9883	-220.3563	6.368049	0.03049566	0.009558344	0.02093732	0.009558344
740	-242.382	-247.0879	4.705904	0.08879894	0.05777238	0.03102655	0.05777238
750	-244.1377	-248.9877	4.849979	0.07982696	0.04070149	0.03912547	0.04070149
760	-211.913	-218.0326	6.119618	0.0223679	0.008363102	0.01400479	0.008363102
770	-215.5283	-221.6232	6.094854	0.03207809	0.01566816	0.01640993	0.01566816
780	-267.1858	-270.9393	3.753476	0.06952393	0.001853775	0.06767016	0.001853775
790	-310.8852	-310.2177	-0.6674957	0.5457206	0.5026911	0.0430295	0.5026911
800	-250.2302	-254.9897	4.759536	0.07845567	0.03072306	0.0477326	0.03072306
810	-211.1689	-217.2135	6.044591	0.02490229	0.002886824	0.02201547	0.002886824
820	-210.725	-216.9094	6.184408	0.02086248	0.005580556	0.01528192	0.005580556
830	-219.0157	-225.1297	6.113982	0.03990793	0.01817732	0.02173061	0.01817732
840	-231.2208	-236.763	5.542244	0.06011256	0.02927936	0.0308332	0.02927936
850	-226.3726	-232.2376	5.864959	0.05068041	0.02068246	0.02999795	0.02068246
860	-220.5966	-223.1177	2.521109	0.01490222	0.01067284	0.004229383	0.01067284
870	-231.948	-237.696	5.748007	0.04950683	0.007785004	0.04172183	0.007785004
880	-229.2688	-235.102	5.833234	0.05106936	0.01514389	0.03592546	0.01514389
890	-221.6363	-227.2017	5.565397	0.04468589	0.02934929	0.0153366	0.02934929
900	-219.9953	-225.517	5.521737	0.04005039	0.02647415	0.01357623	0.02647415
910	-218.5617	-224.7461	6.184337	0.03618506	0.005780403	0.03040465	0.005780403
920	-219.6347	-225.738	6.103309	0.03705792	0.005139183	0.03191873	0.005139183
930	-217.3983	-223.1842	5.785917	0.03470148	0.0204968	0.01420468	0.0204968
940	-213.2595	-219.5715	6.311952	0.0283447	0.0102779	0.0180668	0.0102779
950	-228.8159	-234.3715	5.55561	0.0443934	0.00344863	0.04094477	0.00344863
960	-211.3626	-217.3924	6.02978	0.01957359	0.006406253	0.01316734	0.006406253
970	-212.7452	-218.7076	5.962374	0.02269364	0.009985399	0.01270824	0.009985399
980	-242.6735	-248.0314	5.357914	0.06028025	0.01181873	0.04846152	0.01181873
990	-215.8248	-221.8421	6.017252	0.03223662	0.0166564	0.01558022	0.0166564
1000	-215.1866	-221.1223	5.935768	0.02979605	0.0157505	0.01404555	0.0157505
1010	-228.486	-234.3694	5.88343	0.04943208	0.01333343	0.03609865	0.01333343
1020	-243.9459	-248.8202	4.874248	0.07890381	0.03954404	0.03935976	0.03954404
1030	-228.3434	-234.094	5.750635	0.05399882	0.02318249	0.03081633	0.02318249
1040	-224.7873	-230.6214	5.834116	0.05040256	0.02511794	0.02528462	0.02511794
1050	-239.9797	-244.9653	4.985633	0.07742501	0.04344346	0.03398155	0.04344346
1060	-229.9448	-235.7254	5.780674	0.05271255	0.01713208	0.03558047	0.01713208
1070	-260.0231	-263.8917	3.868679	0.1116303	0.06565061	0.04597971	0.06565061
1080	-235.0701	-240.5801	5.510003	0.05989868	0.021629	0.03826968	0.021629
1090	-241.2477	-245.8436	4.595818	0.09402311	0.06908328	0.02493982	0.06908328
1100	-296.1477	-299.034	2.886297	0.122064	0.04532081	0.07674323	0.04532081
1110	-219.7316	-225.9138	6.182218	0.04042689	0.01485571	0.02557118	0.01485571
1120	-213.9218	-220.2279	6.306121	0.0298532	0.01118072	0.01867248	0.01118072
1130	-224.9427	-230.6751	5.732407	0.05184241	0.02912621	0.0227162	0.02912621
1140	-214.5407	-220.4115	5.870791	0.027281	0.01434406	0.01293694	0.01434406
1150	-225.135	-229.7411	4.606023	0.04983876	0.03961515	0.01022361	0.03961515
1160	-216.7194	-222.7202	6.00082	0.03443119	0.01818888	0.01624231	0.01818888
1170	-229.899	-234.7824	4.883335	0.06540052	0.05066192	0.01473859	0.05066192
1180	-269.1045	-273.5241	4.419544	0.08019173	0.01411943	0.0660723	0.01411943
1190	-221.3337	-226.9011	5.567361	0.04390139	0.02880921	0.01509218	0.02880921
1200	-218.7352	-224.4644	5.729151	0.03792406	0.02323306	0.014691	0.02323306
1210	-257.4439	-261.8569	4.413061	0.0869148	0.03476938	0.05214542	0.03476938
1220	-213.4694	-219.6946	6.225244	0.02794668	0.01147279	0.0164739	0.01147279
1230	-222.9082	-228.2764	5.368138	0.04720655	0.03295394	0.01425261	0.03295394
1240	-219.3113	-225.4954	6.184081	0.03993847	0.01532334	0.02461513	0.01532334
1250	-254.5877	-258.6631	4.07535	0.06133744	0.001723638	0.0596138	0.001723638
1260	-236.6319	-242.1709	5.539032	0.05785721	0.01568786	0.04216935	0.01568786
1270	-211.3271	-217.6077	6.280559	0.02341129	0.006986003	0.01642529	0.006986003
1280	-224.6145	-229.4773	4.862762	0.0496052	0.03822141	0.0113838	0.03822141
1290	-225.3837	-230.1044	4.720723	0.05118778	0.04027321	0.01091458	0.04027321
1300	-253.6538	-257.6386	3.984876	0.1168218	0.08096716	0.03585468	0.08096716
1310	-245.1729	-249.5781	4.405147	0.1023687	0.07412019	0.02824854	0.07412019
1320	-221.2651	-227.4138	6.148707	0.04212197	0.01390308	0.02821889	0.01390308
1330	-228.1618	-233.528	5.366166	0.06034586	0.04055762	0.01978825	0.04055762
1340	-238.8408	-243.06	4.219131	0.0936653	0.07876466	0.01490064	0.07876466
1350	-250.2134	-255.2201	5.006744	0.06935429	0.01719715	0.05215714	0.01719715
1360	-224.6425	-230.4181	5.775612	0.05097763	0.02769074	0.02328689	0.02769074
1370	-222.7072	-228.8281	6.120902	0.04254328	0.01069524	0.03184804	0.01069524
1380	-230.9172	-236.4691	5.551942	0.05982516	0.02939199	0.03043316	0.02939199
1390	-216.8727	-222.5546	5.681933	0.03243786	0.01959534	0.01284251	0.01959534
1400	-213.4515	-219.7551	6.303586	0.02944062	0.005066853	0.02437377	0.005066853
1410	-220.3205	-226.2787	5.958239	0.04258581	0.02247174	0.02011407	0.02247174
1420	-230.0684	-235.1969	5.12846	0.06573268	0.04765093	0.01808176	0.04765093
1430	-225.59	-231.5974	6.007432	0.04473707	0.00921749	0.03551958	0.00921749
1440	-211.0879	-217.3769	6.289019	0.02474006	0.004602338	0.02013772	0.004602338
1450	-214.3584	-220.7316	6.373207	0.03120915	0.007506379	0.02370278	0.007506379
1460	-226.4926	-231.3344	4.841732	0.05511633	0.04292421	0.01219212	0.04292421
1470	-224.3631	-230.2395	5.876411	0.04934641	0.02367545	0.02567096	0.02367545
1480	-223.3843	-229.0261	5.641814	0.04920465	0.03089265	0.018312	0.03089265
1490	-218.4756	-224.3598	5.884248	0.0381607	0.02175713	0.01640358	0.02175713
1500	-250.2655	-255.0662	4.800695	0.07683506	0.02827807	0.04855699	0.02827807
1510	-250.6075	-255.624	5.016479	0.06872061	0.01580635	0.05291425	0.01580635
1520	-274.0321	-276.4936	2.4615	0.2017693	0.1622407	0.03952865	0.1622407
1530	-211.4864	-217.2394	5.752974	0.01611665	0.004268264	0.01184838	0.004268264
1540	-222.71	-227.3045	4.594526	0.04239556	0.03308798	0.009307573	0.03308798
1550	-216.463	-222.7062	6.24325	0.03367227	0.005519294	0.02815297	0.005519294
1560	-214.8911	-221.1961	6.305062	0.03202299	0.01202316	0.01999984	0.01202316
1570	-235.8338	-237.94	2.10615	0.07420021	0.06848056	0.005719646	0.06848056
1580	-211.9137	-218.126	6.212274	0.02370065	0.008472401	0.01522824	0.008472401
1590	-221.6408	-227.7779	6.137089	0.04018232	0.007642269	0.03254006	0.007642269
1600	-218.4912	-224.2629	5.771704	0.03753477	0.02257315	0.01496162	0.02257315
1610	-218.9703	-224.668	5.697701	0.03499377	0.002526929	0.03246684	0.002526929
1620	-280.0401	-281.8748	1.834704	0.2624769	0.2264681	0.03600883	0.2264681
1630	-220.8846	-226.3693	5.484763	0.04227166	0.02839845	0.01387322	0.02839845
1640	-234.1463	-239.4337	5.287431	0.0681372	0.03846622	0.02967098	0.03846622
1650	-246.2708	-249.4904	3.219669	0.1234613	0.1118928	0.01156848	0.1118928
1660	-212.6935	-219.0229	6.329455	0.02720505	0.009206133	0.01799892	0.009206133
1670	-281.7947	-282.9653	1.17055	0.3608573	0.3391434	0.02171386	0.3391434
1680	-235.5028	-238.2661	2.763308	0.07603756	0.06912943	0.006908124	0.06912943
1690	-238.7648	-244.1752	5.410423	0.06143004	0.01873615	0.04269389	0.01873615
1700	-229.7815	-235.1996	5.418105	0.06246701	0.03863239	0.02383462	0.03863239
1710	-244.0322	-248.9087	4.87657	0.07871773	0.03913008	0.03958764	0.03913008
1720	-216.1223	-222.3973	6.275045	0.03444329	0.01330066	0.02114263	0.01330066
1730	-251.7332	-256.0402	4.306985	0.0986784	0.05810166	0.04057674	0.05810166
1740	-250.7119	-253.9964	3.28458	0.143758	0.1290166	0.01474141	0.1290166
1750	-268.7906	-273.0691	4.278494	0.08529202	0.02136428	0.06392774	0.02136428
1760	-227.5387	-232.6684	5.12977	0.05912973	0.04364918	0.01548054	0.04364918
1770	-219.1266	-224.9474	5.820881	0.03945505	0.02326934	0.01618571	0.02326934
1780	-235.0117	-240.5496	5.537908	0.05892849	0.01999966	0.03892883	0.01999966
1790	-217.5885	-223.8207	6.232192	0.03519043	0.006037314	0.02915312	0.006037314
1800	-247.9438	-251.4526	3.50878	0.130523	0.115708	0.01481506	0.115708
1810	-216.3467	-222.6749	6.328197	0.03469852	0.01067958	0.02401894	0.01067958
1820	-243.7792	-248.9311	5.151907	0.06789527	0.02253714	0.04535813	0.02253714
1830	-226.5918	-231.8088	5.217005	0.05670404	0.04104307	0.01566097	0.04104307
1840	-245.9837	-250.9715	4.987794	0.07259813	0.02707331	0.04552482	0.02707331
1850	-211.9485	-218.3164	6.367927	0.02655413	0.006211724	0.02034241	0.006211724
1860	-230.2649	-234.5594	4.294558	0.06455269	0.05387937	0.01067333	0.05387937
1870	-219.4385	-225.675	6.236531	0.0390274	0.01116785	0.02785955	0.01116785
1880	-241.7247	-246.7858	5.061118	0.07275705	0.03306248	0.03969457	0.03306248
1890	-247.6173	-251.9651	4.347812	0.1029784	0.07051216	0.03246621	0.07051216
1900	-269.7632	-272.8525	3.089332	0.1483737	0.1019044	0.04646927	0.1019044
1910	-229.1717	-234.7895	5.617776	0.05771285	0.02925906	0.02845379	0.02925906
1920	-243.1807	-247.7672	4.586563	0.09424099	0.0650752	0.02916579	0.0650752
1930	-252.3065	-256.4401	4.133557	0.108863	0.07175411	0.03710884	0.07175411
1940	-226.0241	-232.0134	5.989215	0.04645303	0.01200636	0.03444667	0.01200636
1950	-241.9528	-247.3226	5.369878	0.06060969	0.01322193	0.04738776	0.01322193
1960	-214.4821	-220.711	6.228919	0.03053612	0.01293691	0.01759922	0.01293691
1970	-241.4709	-246.8821	5.411161	0.05782624	0.009334707	0.04849154	0.009334707
1980	-215.5932	-221.9432	6.349913	0.03342848	0.009992895	0.02343559	0.009992895
1990	-247.7023	-252.8869	5.184627	0.06171206	0.008371005	0.05334106	0.008371005
2000	-212.0587	-218.3527	6.294038	0.02696255	0.004619082	0.02234347	0.004619082
2010	-247.5372	-252.726	5.188782	0.06148323	0.008201382	0.05328185	0.008201382
2020	-229.3628	-234.3913	5.028543	0.04359752	0.001864174	0.04173335	0.001864174
2030	-214.7834	-221.1277	6.344312	0.0319837	0.01076075	0.02122294	0.01076075
2040	-255.1914	-259.3566	4.165291	0.1015656	0.05773015	0.04383547	0.05773015
2050	-223.1163	-229.1565	6.040157	0.04103367	0.006317061	0.03471661	0.006317061
2060	-219.4516	-225.5269	6.075339	0.04077074	0.01929528	0.02147546	0.01929528
2070	-219.079	-224.7906	5.71157	0.03872103	0.02393751	0.01478352	0.02393751
2080	-213.0516	-219.2408	6.189258	0.02643996	0.01090497	0.01553499	0.01090497
2090	-217.2596	-222.5173	5.257665	0.03019923	0.01995865	0.01024058	0.01995865
2100	-218.6808	-224.9047	6.223919	0.03876017	0.01403293	0.02472724	0.01403293
2110	-215.6731	-219.5782	3.905148	0.01045561	0.0009902424	0.009465372	0.0009902424
2120	-224.5465	-228.8667	4.320206	0.04649871	0.03766476	0.008833949	0.03766476
2130	-239.6925	-245.0544	5.361948	0.06266272	0.01950411	0.04315861	0.01950411
2140	-215.4623	-221.8047	6.342403	0.03325004	0.01070258	0.02254746	0.01070258
2150	-223.5953	-228.8068	5.211432	0.04838368	0.03508201	0.01330167	0.03508201
2160	-263.8546	-267.5439	3.689319	0.1162566	0.06744584	0.04881077	0.06744584
2170	-236.8155	-242.1925	5.376959	0.06376563	0.02559991	0.03816572	0.02559991
2180	-214.4434	-220.7922	6.348713	0.03131559	0.01051111	0.02080448	0.01051111
2190	-216.5284	-222.8188	6.290352	0.03407726	0.006566084	0.02751118	0.006566084
2200	-225.7961	-231.7556	5.959504	0.0437942	0.006903415	0.03689078	0.006903415
2210	-229.9472	-235.1225	5.175311	0.06526062	0.04653629	0.01872433	0.04653629
2220	-218.5224	-224.6886	6.166186	0.03890113	0.01660218	0.02229896	0.01660218
2230	-224.5752	-229.5079	4.932681	0.04983649	0.038036	0.01180049	0.038036
2240	-218.5597	-224.8116	6.251933	0.0382362	0.01244697	0.02578923	0.01244697
2250	-229.0651	-234.9193	5.85421	0.05030481	0.01400044	0.03630437	0.01400044
2260	-213.8649	-219.5282	5.663303	0.02269986	0.0117459	0.01095396	0.0117459
2270	-218.6497	-224.8701	6.220372	0.03875978	0.01426103	0.02449875	0.01426103
2280	-301.5002	-304.9382	3.438028	0.09307208	0.00501441	0.08805767	0.00501441
2290	-244.8174	-247.9447	3.127307	0.1165931	0.1061281	0.01046495	0.1061281
2300	-236.8803	-241.8862	5.005912	0.07793147	0.05062945	0.02730201	0.05062945
2310	-225.8924	-230.1332	4.240806	0.05027688	0.04133411	0.008942771	0.04133411
2320	-223.8488	-229.7425	5.893711	0.0485739	0.02350945	0.02506445	0.02350945
2330	-254.6555	-257.9418	3.286332	0.1593753	0.1405522	0.01882311	0.1405522
2340	-253.018	-256.805	3.787031	0.1334387	0.1055095	0.02792922	0.1055095
2350	-216.807	-223.1176	6.310625	0.03549372	0.01131946	0.02417426	0.01131946
2360	-257.6513	-261.0379	3.386589	0.1578147	0.1309766	0.02683817	0.1309766
2370	-212.8448	-219.2072	6.362415	0.02849627	0.005970989	0.02252528	0.005970989
2380	-221.7976	-227.5865	5.788932	0.03822107	0.003292884	0.03492818	0.003292884
2390	-217.9957	-224.2004	6.204749	0.03555624	0.005780127	0.02977611	0.005780127
2400	-229.6816	-234.8955	5.213898	0.06445543	0.04540212	0.01905331	0.04540212
2410	-262.0063	-266.3777	4.371418	0.08546768	0.02805739	0.05741029	0.02805739
2420	-215.1866	-221.2269	6.040265	0.03073047	0.01543852	0.01529195	0.01543852
2430	-240.5629	-245.5441	4.981184	0.07714574	0.04198435	0.03516139	0.04198435
2440	-214.959	-220.8422	5.883214	0.0306422	0.002657821	0.02798438	0.002657821
2450	-218.3908	-224.1751	5.784341	0.0373491	0.02232835	0.01502075	0.02232835
2460	-244.5095	-249.5854	5.075887	0.070248	0.02530298	0.04494502	0.02530298
2470	-211.347	-217.5466	6.199639	0.02214297	0.007138329	0.01500464	0.007138329
2480	-251.6322	-256.1148	4.482559	0.08929888	0.04480435	0.04449454	0.04480435
2490	-226.6439	-232.0879	5.444014	0.04204076	0.002634564	0.0394062	0.002634564
2500	-215.0714	-221.4375	6.366099	0.03248509	0.008826987	0.0236581	0.008826987
2510	-213.2846	-219.0595	5.774942	0.02201948	0.01057445	0.01144503	0.01057445
2520	-214.1285	-220.3809	6.252404	0.02988128	0.01220623	0.01767504	0.01220623
2530	-265.1997	-269.5893	4.389596	0.08317647	0.02179687	0.0613796	0.02179687
2540	-225.3955	-230.7364	5.340831	0.05378269	0.03770535	0.01607734	0.03770535
2550	-214.7018	-220.9588	6.25703	0.03129246	0.01281739	0.01847507	0.01281739
2560	-222.5991	-223.7384	1.139305	0.01859227	0.01528615	0.003306124	0.01528615
2570	-222.8814	-228.9958	6.114405	0.04271186	0.01066335	0.03204851	0.01066335
2580	-221.8528	-225.8778	4.024998	0.03644634	0.02919881	0.00724753	0.02919881
2590	-213.6091	-219.9929	6.383827	0.02986294	0.008426749	0.02143619	0.008426749
2600	-230.7123	-235.5326	4.820311	0.06771313	0.05298512	0.01472801	0.05298512
2610	-221.3014	-226.7896	5.488218	0.04342319	0.02920338	0.01421981	0.02920338
2620	-217.3961	-223.6815	6.285357	0.03541079	0.007419862	0.02799093	0.007419862
2630	-232.9811	-238.5087	5.527601	0.06020202	0.02581212	0.0343899	0.02581212
2640	-237.9669	-243.1022	5.13525	0.07242617	0.03855398	0.03387218	0.03855398
2650	-231.7889	-236.8119	5.023035	0.07036729	0.05188525	0.01848204	0.05188525
2660	-226.3398	-232.2673	5.927411	0.0488869	0.01664367	0.03224323	0.01664367
2670	-224.6478	-229.6443	4.996438	0.05037653	0.03810392	0.0122726	0.03810392
2680	-219.3504	-225.5389	6.188545	0.03994118	0.01504511	0.02489607	0.01504511
2690	-253.6975	-257.614	3.91647	0.1220415	0.08818307	0.03385839	0.08818307
2700	-210.8644	-216.8731	6.008724	0.02417721	0.002743586	0.02143363	0.002743586
2710	-226.4734	-231.6925	5.219061	0.05639857	0.04081678	0.01558179	0.04081678
2720	-238.9758	-244.2693	5.293526	0.06558944	0.02537204	0.04021741	0.02537204
2730	-231.8767	-237.4429	5.566134	0.04740108	0.004307626	0.04309345	0.004307626
2740	-210.5682	-216.5193	5.951096	0.0177716	0.004022974	0.01374863	0.004022974
2750	-236.8291	-242.2018	5.372765	0.06391124	0.02582987	0.03808137	0.02582987
2760	-225.5136	-230.7156	5.202085	0.05371622	0.03912938	0.01458684	0.03912938
2770	-211.6038	-217.9549	6.35104	0.02529099	0.006722717	0.01856827	0.006722717
2780	-236.2063	-241.7979	5.591571	0.05573607	0.01262706	0.04310901	0.01262706
2790	-222.8626	-228.9576	6.095039	0.04388458	0.01364092	0.03024366	0.01364092
2800	-219.0788	-224.8256	5.746813	0.03892801	0.02373749	0.01519052	0.02373749
2810	-253.4185	-257.742	4.323514	0.09525391	0.05108772	0.04416619	0.05108772
2820	-237.6015	-243.1348	5.533297	0.05717307	0.01315934	0.04401372	0.01315934
2830	-229.0589	-234.6178	5.558907	0.05906202	0.03269122	0.0263708	0.03269122
2840	-212.4326	-218.3413	5.9087	0.0208896	0.008753408	0.01213619	0.008753408
2850	-213.1055	-219.3656	6.260161	0.02740317	0.01061318	0.01678999	0.01061318
2860	-229.5689	-235.0453	5.476361	0.06117748	0.03614972	0.02502776	0.03614972
2870	-225.082	-231.0949	6.012846	0.04368165	0.007997651	0.03568399	0.007997651
2880	-247.6567	-252.6445	4.987766	0.05877619	0.004135781	0.05464041	0.004135781
2890	-216.7798	-222.1396	5.359884	0.02952466	0.01895153	0.01057313	0.01895153
2900	-218.7157	-224.7537	6.038093	0.03931499	0.01992855	0.01938644	0.01992855
2910	-331.5062	-332.0089	0.5027177	0.2248689	0.1374592	0.08740973	0.1374592
2920	-244.7849	-249.8026	5.017675	0.05642091	0.00364233	0.05277858	0.00364233
2930	-218.5339	-224.3656	5.83172	0.0380075	0.0222677	0.0157398	0.0222677
2940	-232.2595	-237.1633	4.903852	0.07205077	0.0548838	0.01716697	0.0548838
2950	-216.5668	-222.7455	6.17868	0.03508547	0.01579698	0.01928849	0.01579698
2960	-239.7638	-244.874	5.110238	0.07220738	0.03514823	0.03705915	0.03514823
2970	-212.5449	-218.9008	6.355853	0.02793279	0.005721688	0.0222111	0.005721688
2980	-224.2867	-230.2783	5.991604	0.04699493	0.01749355	0.02950138	0.01749355
2990	-250.4422	-253.9663	3.524048	0.140164	0.1228097	0.01735435	0.1228097
3000	-224.8138	-228.5784	3.764624	0.04439772	0.03716115	0.007236568	0.03716115
3010	-219.6326	-225.4696	5.836928	0.04079108	0.02382561	0.01696547	0.02382561
3020	-232.1003	-237.1839	5.083617	0.07061978	0.05058737	0.02003241	0.05058737
3030	-241.0505	-245.0868	4.036294	0.1018148	0.08705211	0.0147627	0.08705211
3040	-228.4486	-234.3462	5.897569	0.04732367	0.009211241	0.03811243	0.009211241
3050	-236.4222	-241.2807	4.85852	0.08166622	0.05943422	0.02223201	0.05943422
3060	-210.7427	-216.8305	6.087844	0.01942209	0.005213779	0.01420831	0.005213779
3070	-235.7332	-241.2209	5.487729	0.06034677	0.02135144	0.03899532	0.02135144
3080	-229.5618	-234.5932	5.031404	0.06458468	0.04844113	0.01614355	0.04844113
3090	-220.0714	-224.9249	4.853581	0.03597661	0.02650806	0.009468548	0.02650806
3100	-211.5763	-217.7723	6.196033	0.02262469	0.007693973	0.01493072	0.007693973
3110	-218.2582	-224.4041	6.145923	0.03847848	0.01725082	0.02122767	0.01725082
3120	-226.317	-231.6503	5.333297	0.05613892	0.03922552	0.0169134	0.03922552
3130	-292.507	-295.3737	2.866732	0.1256091	0.05261259	0.07299649	0.05261259
3140	-212.4613	-218.6112	6.149843	0.02433158	0.009735657	0.01459592	0.009735657
3150	-224.0003	-229.7766	5.776275	0.05000844	0.02791922	0.02208921	0.02791922
3160	-229.5258	-235.291	5.765223	0.05340266	0.01931824	0.03408442	0.01931824
3170	-270.0927	-273.9392	3.846506	0.1005235	0.04050191	0.0600216	0.04050191
3180	-222.3689	-228.3568	5.987939	0.04572429	0.02094961	0.02477468	0.02094961
3190	-219.181	-225.4175	6.236529	0.03899543	0.01218299	0.02681244	0.01218299
3200	-214.2314	-220.0634	5.831983	0.02591621	0.01351542	0.01240079	0.01351542
3210	-226.5013	-232.3236	5.822248	0.05177575	0.02293297	0.02884278	0.02293297
3220	-225.911	-231.5741	5.663152	0.0539771	0.03121267	0.02276443	0.03121267
3230	-214.4163	-220.5784	6.162062	0.02978971	0.01345768	0.01633203	0.01345768
3240	-232.8252	-238.3671	5.54192	0.0597728	0.02531046	0.03446233	0.02531046
3250	-214.6188	-219.7071	5.088236	0.01643073	0.008096018	0.008334708	0.008096018
3260	-224.1506	-230.2158	6.065173	0.04356349	0.009669264	0.03389423	0.009669264
3270	-244.5388	-249.4334	4.894598	0.0774612	0.0364657	0.0409955	0.0364657
3280	-216.4034	-222.738	6.334535	0.03449682	0.008962577	0.02553424	0.008962577
3290	-239.5877	-244.3806	4.792871	0.08609183	0.0590457	0.02704613	0.0590457
3300	-238.8485	-243.978	5.129472	0.07207679	0.03643857	0.03563822	0.03643857
3310	-216.1791	-222.3567	6.177577	0.03299222	0.0045615	0.02843072	0.0045615
3320	-232.3678	-237.7549	5.38709	0.06488806	0.03625989	0.02862817	0.03625989
3330	-215.4237	-221.7812	6.357485	0.03297028	0.008364566	0.02460572	0.008364566
3340	-280.7814	-284.6613	3.879853	0.09354407	0.02184063	0.07170344	0.02184063
3350	-226.548	-232.3303	5.782327	0.05270457	0.02505935	0.02764522	0.02505935
3360	-267.7935	-272.1441	4.350607	0.0833077	0.01957228	0.06373542	0.01957228
3370	-244.1105	-249.4031	5.292563	0.06213308	0.01304765	0.04908544	0.01304765
3380	-247.2965	-252.1482	4.851758	0.07697519	0.03208644	0.04488875	0.03208644
3390	-225.5194	-231.3455	5.826021	0.05117064	0.02449882	0.02667182	0.02449882
3400	-228.1728	-233.8956	5.722826	0.05472934	0.02522998	0.02949936	0.02522998
3410	-237.3537	-242.9084	5.554668	0.05409091	0.008319495	0.04577142	0.008319495
3420	-210.2146	-216.0147	5.800095	0.01722491	0.002833125	0.01439179	0.002833125
3430	-211.2143	-217.4723	6.258015	0.02513217	0.004204784	0.02092738	0.004204784
3440	-219.218	-225.0996	5.881584	0.03996351	0.0227819	0.01718161	0.0227819
3450	-224.697	-230.518	5.821024	0.05049635	0.02580213	0.02469422	0.02580213
3460	-218.8231	-225.0105	6.187449	0.03926293	0.01563852	0.02362441	0.01563852
3470	-220.2492	-226.2642	6.015006	0.04236871	0.02102149	0.02134721	0.02102149
3480	-232.3452	-237.5752	5.230011	0.0688874	0.04497675	0.02391065	0.04497675
3490	-214.508	-220.5787	6.070699	0.02916861	0.01408123	0.01508738	0.01408123
3500	-218.4992	-224.3681	5.868895	0.03812852	0.02192145	0.01620707	0.02192145
3510	-232.335	-236.9703	4.63525	0.07238794	0.05826492	0.01412301	0.05826492
3520	-259.4779	-263.4631	3.985158	0.1054252	0.05793408	0.04749111	0.05793408
3530	-211.9628	-217.3997	5.436866	0.02546016	0.001531698	0.02392846	0.001531698
3540	-226.7952	-227.1746	0.3793566	0.0346984	0.03151423	0.003184164	0.03151423
3550	-212.3714	-218.5834	6.212021	0.02489454	0.009467535	0.015427	0.009467535
3560	-244.4396	-248.8741	4.434526	0.1012285	0.07382751	0.02740094	0.07382751
3570	-218.0539	-223.9745	5.920635	0.03729777	0.02081806	0.01647971	0.02081806
3580	-213.0204	-219.3616	6.341141	0.02879144	0.005538093	0.02325335	0.005538093
3590	-217.4483	-223.5646	6.116317	0.03677948	0.01758646	0.01919302	0.01758646
3600	-213.3319	-219.1332	5.801349	0.02253834	0.01087851	0.01165983	0.01087851
3610	-234.0114	-239.6962	5.684813	0.05320412	0.01135051	0.04185361	0.01135051
3620	-216.3533	-222.0535	5.700185	0.03108558	0.01843094	0.01265464	0.01843094
3630	-221.5381	-227.7029	6.164771	0.04115327	0.01032881	0.03082446	0.01032881
3640	-213.057	-219.4356	6.378675	0.02864529	0.00842094	0.02022435	0.00842094
3650	-213.6403	-219.8883	6.24801	0.02861908	0.0115603	0.01705877	0.0115603
3660	-219.7666	-225.988	6.221457	0.038565	0.008605824	0.02995917	0.008605824
3670	-232.8866	-238.616	5.729386	0.05206339	0.01097944	0.04108395	0.01097944
3680	-239.5032	-244.3028	4.79961	0.08582397	0.05876768	0.02705629	0.05876768
3690	-216.538	-221.6358	5.097809	0.02642536	0.01725202	0.009173334	0.01725202
3700	-233.6019	-238.8446	5.242713	0.06949149	0.04248183	0.02700965	0.04248183
3710	-260.908	-264.3584	3.450454	0.1427612	0.1056324	0.03712877	0.1056324
3720	-258.7328	-263.0393	4.306507	0.09031582	0.03812656	0.05218926	0.03812656
3730	-218.4019	-224.6114	6.209422	0.03850691	0.01501984	0.02348706	0.01501984
3740	-221.1231	-226.449	5.325889	0.04202534	0.0293561	0.01266924	0.0293561
3750	-221.0254	-227.2071	6.181657	0.0402458	0.009406993	0.0308388	0.009406993
3760	-221.4821	-227.5933	6.111151	0.04306328	0.0159844	0.02707888	0.0159844
3770	-219.4113	-225.3883	5.977005	0.04069956	0.02156099	0.01913857	0.02156099
3780	-231.3128	-237.0614	5.748589	0.05314773	0.01551178	0.03763595	0.01551178
3790	-229.7944	-235.6413	5.846914	0.04854773	0.009325674	0.03922205	0.009325674
3800	-284.7026	-287.1938	2.491194	0.1598555	0.1008301	0.0590254	0.1008301
3810	-240.9433	-245.6956	4.752244	0.0875261	0.05852294	0.02900316	0.05852294
3820	-220.6883	-226.6276	5.939297	0.04333425	0.02305724	0.02027701	0.02305724
3830	-226.9942	-232.8162	5.822031	0.0519103	0.02189967	0.03001063	0.02189967
3840	-236.4925	-240.4982	4.005669	0.08505375	0.0733025	0.01175125	0.0733025
3850	-223.5757	-229.6113	6.035631	0.04569664	0.01627252	0.02942412	0.01627252
3860	-227.941	-233.4164	5.475351	0.05907667	0.03726702	0.02180964	0.03726702
3870	-213.7533	-220.0422	6.288889	0.02929737	0.01125059	0.01804678	0.01125059
3880	-221.8159	-227.6318	5.815977	0.04573298	0.02633836	0.01939461	0.02633836
3890	-220.3763	-226.235	5.858704	0.04260869	0.02439025	0.01821843	0.02439025
3900	-249.8573	-254.5573	4.699991	0.08117239	0.03517263	0.04599977	0.03517263
3910	-224.1958	-229.438	5.242225	0.05020656	0.03621649	0.01399007	0.03621649
3920	-286.8808	-286.3099	-0.5708531	0.4641383	0.4544004	0.00973792	0.4544004
3930	-218.5969	-224.6022	6.005256	0.0389711	0.02041663	0.01855446	0.02041663
3940	-217.3667	-222.5989	5.232215	0.03032492	0.02016975	0.01015516	0.02016975
3950	-213.3524	-219.3226	5.970208	0.02472701	0.01161877	0.01310824	0.01161877
3960	-222.523	-228.6501	6.127084	0.04247202	0.01099896	0.03147306	0.01099896
3970	-249.3935	-252.8561	3.462542	0.136823	0.1212935	0.01552955	0.1212935
3980	-217.7279	-223.2772	5.549305	0.033871	0.02155056	0.01232045	0.02155056
3990	-212.5544	-218.8573	6.302875	0.02653566	0.009305186	0.01723048	0.009305186
4000	-223.3077	-228.2974	4.989724	0.04640962	0.03488006	0.01152956	0.03488006
4010	-248.2428	-249.9544	1.71164	0.1272291	0.1204317	0.006797408	0.1204317
4020	-214.2143	-220.587	6.372768	0.03097854	0.009320029	0.02165851	0.009320029
4030	-233.8602	-239.3291	5.468908	0.06189713	0.02733288	0.03456425	0.02733288
4040	-230.0236	-235.6612	5.637597	0.05728091	0.02620526	0.03107565	0.02620526
4050	-222.0661	-227.2634	5.197305	0.03725208	0.001691926	0.03556015	0.001691926
4060	-226.2226	-231.6848	5.462208	0.05578735	0.03691904	0.01886831	0.03691904
4070	-209.9507	-215.6387	5.687942	0.01766071	0.002249658	0.01541105	0.002249658
4080	-225.9237	-231.7078	5.78407	0.05225424	0.02599502	0.02625921	0.02599502
4090	-258.3364	-262.5938	4.25741	0.09284742	0.04205351	0.05079392	0.04205351
4100	-214.5625	-220.9375	6.375038	0.03162131	0.008681197	0.02294012	0.008681197
4110	-217.2495	-223.2459	5.996355	0.0357343	0.0189892	0.0167451	0.0189892
4120	-216.1413	-222.4823	6.341027	0.03422969	0.009586063	0.02464363	0.009586063
4130	-217.7213	-224.0041	6.282819	0.03692277	0.01179151	0.02513126	0.01179151
4140	-210.11	-216.0915	5.981463	0.0218621	0.002713407	0.0191487	0.002713407
4150	-241.2334	-245.658	4.424687	0.09875707	0.0781029	0.02065417	0.0781029
4160	-226.7961	-231.9203	5.124243	0.05705065	0.04225786	0.01479279	0.04225786
4170	-223.4937	-229.0575	5.563791	0.04938181	0.03220149	0.01718031	0.03220149
4180	-225.7957	-231.3689	5.573174	0.05447101	0.03404181	0.0204292	0.03404181
4190	-228.8299	-234.2489	5.418999	0.06113706	0.03908904	0.02204801	0.03908904
4200	-226.8568	-232.0861	5.229297	0.0574409	0.04137832	0.01606258	0.04137832
4210	-226.1409	-231.2774	5.13657	0.05526055	0.04085018	0.01441037	0.04085018
4220	-223.2469	-228.9481	5.701154	0.04887296	0.0296631	0.01920986	0.0296631
4230	-257.813	-259.7582	1.945204	0.184138	0.1743501	0.009787904	0.1743501
4240	-249.8732	-253.6	3.726712	0.1341994	0.1142063	0.01999308	0.1142063
4250	-212.4842	-218.6763	6.192117	0.02760719	0.00377234	0.02383485	0.00377234
4260	-222.8896	-228.7357	5.846057	0.04770126	0.02588706	0.02181421	0.02588706
4270	-215.6741	-222.0161	6.342034	0.0336045	0.01054682	0.02305767	0.01054682
4280	-213.2449	-219.3133	6.068387	0.0255685	0.01148942	0.01407907	0.01148942
4290	-226.7178	-232.1155	5.397705	0.0570557	0.0386717	0.01838399	0.0386717
4300	-230.5422	-236.1506	5.608381	0.05813344	0.02678424	0.0313492	0.02678424
4310	-217.5111	-223.7947	6.283678	0.03557422	0.007515224	0.028059	0.007515224
4320	-244.2467	-248.8627	4.616059	0.09164749	0.05893685	0.03271064	0.05893685
4330	-217.8428	-224.0157	6.172844	0.03767705	0.0164604	0.02121665	0.0164604
4340	-221.9164	-228.0657	6.149281	0.04185718	0.01109229	0.03076489	0.01109229
4350	-215.8987	-222.2401	6.341452	0.03358742	0.007959568	0.02562785	0.007959568
4360	-225.9209	-231.5518	5.63088	0.05429528	0.03233373	0.02196155	0.03233373
4370	-210.7907	-216.807	6.016273	0.02399867	0.002772544	0.02122613	0.002772544
4380	-219.6913	-225.9219	6.230587	0.03882305	0.009593209	0.02922984	0.009593209
4390	-216.568	-222.8956	6.327613	0.03495583	0.01017219	0.02478364	0.01017219
4400	-250.3348	-254.3706	4.035795	0.1196033	0.09040863	0.02919469	0.09040863
4410	-222.0502	-227.8842	5.834011	0.03863207	0.003589038	0.03504303	0.003589038
4420	-237.9126	-243.3021	5.389506	0.06269875	0.02209392	0.04060482	0.02209392
4430	-232.6952	-236.4002	3.705015	0.07017385	0.06122677	0.008947085	0.06122677
4440	-240.5623	-245.4651	4.902806	0.08074569	0.04791827	0.03282742	0.04791827
4450	-214.3537	-220.3897	6.03591	0.02840127	0.01387878	0.01452249	0.01387878
4460	-220.4204	-226.4686	6.048223	0.04252245	0.01997324	0.02254921	0.01997324
4470	-253.9982	-258.66	4.661859	0.07963137	0.02815682	0.05147455	0.02815682
4480	-214.8892	-221.2518	6.362612	0.03204601	0.007570902	0.02447511	0.007570902
4490	-214.1804	-220.531	6.350613	0.03077805	0.01033042	0.02044763	0.01033042
4500	-243.4993	-247.6616	4.162307	0.1087123	0.08977229	0.01894005	0.08977229
4510	-234.8561	-239.9898	5.133745	0.07321194	0.04665766	0.02655427	0.04665766
4520	-234.5538	-239.3043	4.750554	0.07881881	0.06135701	0.01746181	0.06135701
4530	-216.0363	-222.3732	6.33695	0.03377713	0.007921899	0.02585523	0.007921899
4540	-232.2886	-238.0369	5.74831	0.05199952	0.0117782	0.04022132	0.0117782
4550	-230.5374	-236.3202	5.78281	0.05228017	0.01520544	0.03707473	0.01520544
4560	-220.4238	-225.6276	5.203749	0.03928573	0.0278537	0.01143202	0.0278537
4570	-210.1047	-216.16	6.055346	0.02179348	0.00304513	0.01874835	0.00304513
4580	-212.6283	-218.7064	6.078116	0.0238758	0.0100574	0.0138184	0.0100574
4590	-219.8219	-225.9618	6.139882	0.04101405	0.01683721	0.02417684	0.01683721
4600	-233.7108	-238.8446	5.133804	0.07239223	0.04831991	0.02407233	0.04831991
4610	-218.1218	-224.403	6.281259	0.03673278	0.008896746	0.02783603	0.008896746
4620	-223.6993	-229.6828	5.983497	0.04693868	0.01922401	0.02771467	0.01922401
4630	-225.0292	-230.6089	5.579673	0.05289908	0.03348814	0.01941094	0.03348814
4640	-233.038	-238.4191	5.381107	0.06510392	0.03508322	0.03002071	0.03508322
4650	-213.2919	-219.5658	6.273948	0.02802405	0.01078645	0.01723761	0.01078645
4660	-235.3916	-240.4451	5.05348	0.07584246	0.0504675	0.02537496	0.0504675
4670	-236.0009	-241.5998	5.598901	0.05559925	0.012679	0.04292025	0.012679
4680	-221.1739	-226.8794	5.705519	0.04407044	0.0273554	0.01671504	0.0273554
4690	-256.9114	-261.6426	4.731261	0.07550527	0.01914059	0.05636468	0.01914059
4700	-231.0522	-236.8408	5.78854	0.04901914	0.008222267	0.04079688	0.008222267
4710	-217.7453	-223.8674	6.122117	0.03743946	0.0176632	0.01977627	0.0176632
4720	-213.8263	-219.484	5.657704	0.02247278	0.01157519	0.0108976	0.01157519
4730	-246.4123	-250.3062	3.893839	0.1211606	0.1029604	0.01820016	0.1029604
4740	-216.7209	-222.9166	6.195649	0.03546898	0.01554454	0.01992444	0.01554454
4750	-213.4516	-219.7224	6.270857	0.02935985	0.004657288	0.02470257	0.004657288
4760	-214.2001	-220.5355	6.335466	0.03074927	0.005958729	0.02479054	0.005958729
4770	-256.8809	-260.9427	4.061819	0.1050179	0.06042698	0.04459089	0.06042698
4780	-219.6039	-225.8266	6.222675	0.03824713	0.008226282	0.03002085	0.008226282
4790	-219.7367	-225.306	5.569306	0.0396306	0.02579696	0.01383365	0.02579696
4800	-222.7212	-228.8347	6.113426	0.04316358	0.01220417	0.03095941	0.01220417
4810	-234.1713	-239.5548	5.383463	0.064782	0.03207775	0.03270424	0.03207775
4820	-222.5528	-227.9778	5.424999	0.04649811	0.03194422	0.01455389	0.03194422
4830	-212.0008	-218.0879	6.087144	0.02215259	0.008488614	0.01366398	0.008488614
4840	-219.2491	-225.3515	6.1024	0.04034872	0.01850519	0.02184352	0.01850519
4850	-248.2185	-252.4426	4.224126	0.110008	0.08001592	0.02999208	0.08001592
4860	-278.0192	-282.2092	4.190049	0.08354434	0.01094839	0.07259595	0.01094839
4870	-227.621	-233.3578	5.736762	0.05422425	0.02555449	0.02866977	0.02555449
4880	-254.454	-258.8511	4.39707	0.0903179	0.04288442	0.04743347	0.04288442
4890	-216.6857	-223.0112	6.325557	0.03484979	0.008761329	0.02608846	0.008761329
4900	-225.1038	-231.0253	5.921424	0.04894593	0.02002385	0.02892208	0.02002385
4910	-219.214	-225.1595	5.945535	0.04019395	0.02192687	0.01826708	0.02192687
4920	-218.2734	-224.2838	6.010359	0.03826132	0.02003847	0.01822285	0.02003847
4930	-227.9285	-233.8468	5.918332	0.04797907	0.01143286	0.0365462	0.01143286
4940	-209.9575	-215.9982	6.040711	0.0199471	0.003310564	0.01663654	0.003310564
4950	-268.8574	-271.9395	3.082084	0.1518944	0.1073318	0.04456259	0.1073318
4960	-213.3103	-219.2553	5.944974	0.02428919	0.01144526	0.01284392	0.01144526
4970	-221.9019	-227.3673	5.465476	0.04493111	0.03047426	0.01445685	0.03047426
4980	-226.8989	-232.701	5.802083	0.05239275	0.02328272	0.02911003	0.02328272
4990	-216.8666	-223.1777	6.311109	0.03486539	0.00786613	0.02699926	0.00786613
5000	-216.38	-222.6189	6.238925	0.03353346	0.005405749	0.02812771	0.005405749
5010	-224.1071	-230.0226	5.915496	0.04848098	0.02214196	0.02633903	0.02214196
5020	-253.4962	-257.3112	3.815049	0.1305644	0.1005193	0.03004505	0.1005193
5030	-210.4998	-216.7199	6.220099	0.02300957	0.004052988	0.01895659	0.004052988
5040	-227.4214	-232.707	5.28565	0.05889839	0.04146924	0.01742916	0.04146924
5050	-224.153	-228.5869	4.433881	0.04590159	0.03676222	0.009139373	0.03676222
5060	-243.3311	-247.7146	4.383491	0.1030597	0.0795922	0.02346748	0.0795922
5070	-222.4568	-228.577	6.12027	0.04302031	0.01257857	0.03044174	0.01257857
5080	-214.6532	-220.2943	5.641068	0.02523461	0.01402297	0.01121164	0.01402297
5090	-234.9723	-239.9699	4.997574	0.07680182	0.05382319	0.02297863	0.05382319
5100	-226.1675	-231.8221	5.65462	0.05444032	0.03140678	0.02303354	0.03140678
5110	-229.1341	-233.8641	4.729925	0.06269378	0.04983561	0.01285817	0.04983561
5120	-223.353	-228.8499	5.496877	0.04888537	0.03278475	0.01610062	0.03278475
5130	-230.1462	-235.5652	5.419037	0.06285102	0.03822968	0.02462134	0.03822968
5140	-232.8353	-238.4243	5.588998	0.04852854	0.004906006	0.04362253	0.004906006
5150	-213.3022	-219.5985	6.296313	0.02828091	0.01054698	0.01773393	0.01054698
5160	-258.2488	-262.1895	3.940638	0.06368424	0.001696857	0.06198738	0.001696857
5170	-226.3801	-232.3473	5.967212	0.04499645	0.008256087	0.03674037	0.008256087
5180	-275.1675	-279.2884	4.120886	0.08783309	0.01910651	0.06872658	0.01910651
5190	-244.9581	-249.8984	4.940252	0.07519643	0.03239646	0.04279997	0.03239646
5200	-232.2481	-237.6139	5.365798	0.06548577	0.03778796	0.02769781	0.03778796
5210	-223.2555	-229.1491	5.893622	0.04016834	0.00434805	0.03582029	0.00434805
5220	-216.8585	-222.9379	6.079435	0.03526295	0.01759067	0.01767228	0.01759067
5230	-217.8325	-224.0918	6.259361	0.03578936	0.00697788	0.02881148	0.00697788
5240	-238.2453	-243.6302	5.3849	0.06267602	0.02156788	0.04110814	0.02156788
5250	-224.4018	-229.8841	5.482344	0.04001959	0.002491486	0.03752811	0.002491486
5260	-259.3316	-262.6594	3.327786	0.159787	0.130579	0.02920799	0.130579
5270	-226.6819	-232.603	5.921085	0.04901367	0.01613925	0.03287442	0.01613925
5280	-238.506	-243.4113	4.905272	0.08170522	0.05370109	0.02800413	0.05370109
5290	-252.923	-257.0834	4.160403	0.1058106	0.06657786	0.03923272	0.06657786
5300	-276.3099	-279.7156	3.405675	0.1150393	0.05346703	0.06157225	0.05346703
5310	-213.3677	-219.1254	5.757631	0.02208126	0.01072286	0.0113584	0.01072286
5320	-237.9962	-242.1481	4.151976	0.09075744	0.07709882	0.01365862	0.07709882
5330	-248.0066	-251.4305	3.42381	0.1311681	0.1171175	0.0140506	0.1171175
5340	-225.8808	-231.8775	5.99671	0.04501876	0.009251277	0.03576748	0.009251277
5350	-222.1197	-228.1851	6.065394	0.04435182	0.0174782	0.02687362	0.0174782
5360	-212.7908	-218.9618	6.170984	0.0280911	0.003678616	0.02441248	0.003678616
5370	-264.1778	-267.3022	3.124414	0.1648877	0.1296624	0.03522534	0.1296624
5380	-257.8747	-261.0998	3.225089	0.1688463	0.146003	0.02284337	0.146003
5390	-234.2934	-239.2493	4.955986	0.07640781	0.05561434	0.02079347	0.05561434
5400	-234.6665	-239.9112	5.244613	0.06955755	0.04000508	0.02955247	0.04000508
5410	-213.5075	-219.7557	6.248165	0.02828541	0.01135511	0.0169303	0.01135511
5420	-218.8608	-224.1412	5.280368	0.03522399	0.02410317	0.01112082	0.02410317
5430	-233.5226	-238.9676	5.44498	0.0483612	0.003831738	0.04452947	0.003831738
5440	-217.2416	-223.5506	6.308999	0.03594684	0.01032561	0.02562123	0.01032561
5450	-244.9583	-249.9907	5.0324	0.07158803	0.02681336	0.04477467	0.02681336
5460	-213.1141	-219.4401	6.325973	0.02892674	0.005296182	0.02363056	0.005296182
5470	-228.27	-233.9728	5.702762	0.05527137	0.02619673	0.02907464	0.02619673
5480	-221.0657	-227.2266	6.160911	0.04173277	0.01345574	0.02827703	0.01345574
5490	-245.258	-250.5015	5.243457	0.0633547	0.01361989	0.04973481	0.01361989
5500	-226.4831	-232.1451	5.661976	0.05476219	0.03091187	0.02385032	0.03091187
5510	-219.8387	-226.053	6.214326	0.03851168	0.008237043	0.03027464	0.008237043
5520	-224.277	-229.8742	5.597231	0.05122486	0.03253381	0.01869104	0.03253381
5530	-218.0271	-223.9817	5.954585	0.03741514	0.0204495	0.01696564	0.0204495
5540	-231.504	-237.2772	5.773289	0.04945407	0.008342315	0.04111175	0.008342315
5550	-233.8349	-239.2944	5.459525	0.06223388	0.02800225	0.03423162	0.02800225
5560	-246.9549	-251.2288	4.273879	0.1083454	0.07991088	0.02843453	0.07991088
5570	-256.9155	-261.6051	4.689545	0.06502413	0.004212401	0.06081173	0.004212401
5580	-228.8312	-234.3622	5.531041	0.05944542	0.03440333	0.02504209	0.03440333
5590	-219.8236	-224.74	4.916392	0.03563458	0.02598303	0.009651554	0.02598303
5600	-222.4866	-228.6098	6.123234	0.0428401	0.01201401	0.03082609	0.01201401
5610	-227.8187	-233.3006	5.481874	0.05881539	0.03705904	0.02175635	0.03705904
5620	-211.8088	-218.0489	6.240054	0.02384702	0.008204249	0.01564277	0.008204249
5630	-217.5598	-223.3587	5.798922	0.03524036	0.02076249	0.01447788	0.02076249
5640	-235.0618	-240.4545	5.392719	0.06408591	0.02911548	0.03497042	0.02911548
5650	-219.4541	-225.5084	6.054231	0.04081995	0.01987456	0.02094538	0.01987456
5660	-219.0391	-225.2732	6.234094	0.03743348	0.007705607	0.02972787	0.007705607
5670	-242.8565	-247.9933	5.136795	0.06902042	0.02551752	0.04350289	0.02551752
5680	-214.4019	-220.4018	5.999887	0.02818644	0.01404195	0.01414449	0.01404195
5690	-212.6215	-218.8903	6.268856	0.02627919	0.009710584	0.0165686	0.009710584
5700	-225.4994	-230.1524	4.653056	0.05118473	0.04058365	0.01060109	0.04058365
5710	-226.5467	-232.217	5.670305	0.042627	0.003621953	0.03900505	0.003621953
5720	-217.753	-223.4611	5.708081	0.03511198	0.02141685	0.01369514	0.02141685
5730	-221.1472	-226.9808	5.833677	0.04430391	0.02550827	0.01879564	0.02550827
5740	-224.6987	-230.5761	5.877398	0.04961461	0.02316293	0.02645167	0.02316293
5750	-261.178	-264.6767	3.49868	0.1373781	0.09822583	0.03915228	0.09822583
5760	-265.25	-269.5003	4.250271	0.08801456	0.02838739	0.05962716	0.02838739
5770	-223.1112	-228.8646	5.753368	0.03946966	0.003363706	0.03610596	0.003363706
5780	-213.3369	-219.176	5.839143	0.02305841	0.01110419	0.01195422	0.01110419
5790	-225.3823	-230.9781	5.59586	0.05356051	0.03329305	0.02026746	0.03329305
5800	-269.5694	-273.7488	4.179382	0.08828749	0.02469713	0.06359036	0.02469713
5810	-214.4761	-220.7176	6.241518	0.03063384	0.01278005	0.01785379	0.01278005
5820	-222.2232	-226.6992	4.476008	0.03642226	0.0009658211	0.03545644	0.0009658211
5830	-239.2775	-244.7093	5.431812	0.06025649	0.01607871	0.04417779	0.01607871
5840	-258.4087	-263.1594	4.750705	0.07395186	0.01541117	0.05854069	0.01541117
5850	-212.2155	-218.474	6.258526	0.0272279	0.004265022	0.02296288	0.004265022
5860	-210.1995	-216.3691	6.169589	0.02154797	0.003909935	0.01763803	0.003909935
5870	-241.1718	-246.2038	5.031984	0.07440379	0.03653356	0.03787023	0.03653356
5880	-237.8975	-242.9093	5.01181	0.07757618	0.04767937	0.0298968	0.04767937
5890	-222.5409	-228.298	5.757101	0.04730494	0.02802385	0.01928109	0.02802385
5900	-246.0098	-250.032	4.022243	0.1176643	0.09774841	0.01991586	0.09774841
5910	-232.7787	-238.4548	5.676069	0.04934126	0.006336307	0.04300495	0.006336307
5920	-216.7829	-222.9324	6.149448	0.03543464	0.01648718	0.01894747	0.01648718
5930	-214.6746	-220.9746	6.299944	0.03152007	0.01199745	0.01952262	0.01199745
5940	-240.1628	-240.1736	0.01072513	0.0814908	0.07774889	0.003741908	0.07774889
5950	-231.5696	-237.1249	5.555375	0.0596625	0.02761189	0.03205061	0.02761189
5960	-212.6912	-218.9026	6.211376	0.02573794	0.01012211	0.01561583	0.01012211
5970	-211.3762	-217.3145	5.938331	0.01824681	0.005699344	0.01254747	0.005699344
5980	-230.3694	-234.7477	4.378272	0.06524211	0.05407404	0.01116807	0.05407404
5990	-212.3157	-218.6245	6.308838	0.02746846	0.004844106	0.02262436	0.004844106
6000	-216.648	-222.1772	5.529188	0.03052731	0.018977	0.01155032	0.018977
6010	-213.7377	-220.0342	6.296532	0.0298826	0.005067004	0.02481559	0.005067004
6020	-245.7469	-250.2576	4.510636	0.09574153	0.06270651	0.03303502	0.06270651
6030	-220.4426	-226.3071	5.864469	0.04277106	0.02436222	0.01840884	0.02436222
6040	-212.9239	-219.1227	6.19874	0.02620772	0.01062348	0.01558424	0.01062348
6050	-215.7534	-221.8043	6.050929	0.03204496	0.00350375	0.02854121	0.00350375
6060	-217.6686	-223.2472	5.578622	0.03392893	0.02141597	0.01251296	0.02141597
6070	-220.0525	-225.7942	5.741692	0.04140682	0.02535777	0.01604905	0.02535777
6080	-219.3895	-225.4849	6.095346	0.04060706	0.01870414	0.02190292	0.01870414
6090	-218.0238	-224.0969	6.073065	0.0379116	0.01879693	0.01911467	0.01879693
6100	-232.1328	-237.8577	5.724898	0.05352324	0.01483772	0.03868552	0.01483772
6110	-229.231	-235.1017	5.870733	0.04871776	0.01058791	0.03812985	0.01058791
6120	-227.4882	-233.1507	5.662426	0.05577664	0.02977118	0.02600546	0.02977118
6130	-261.3593	-265.4053	4.046031	0.09970499	0.04815698	0.05154801	0.04815698
6140	-223.799	-227.1479	3.348907	0.03896991	0.03282223	0.006147679	0.03282223
6150	-214.3422	-220.0689	5.726742	0.02512389	0.01348198	0.01164191	0.01348198
6160	-232.4707	-237.5289	5.05827	0.07161758	0.05154252	0.02007507	0.05154252
6170	-211.3081	-217.6465	6.338412	0.02465031	0.006129048	0.01852126	0.006129048
6180	-216.0985	-222.3583	6.259813	0.03436421	0.01373301	0.0206312	0.01373301
6190	-215.0546	-221.0898	6.035255	0.03109342	0.003292999	0.02780042	0.003292999
6200	-228.0521	-233.736	5.683895	0.04418547	0.004103956	0.04008151	0.004103956
6210	-242.9107	-247.9431	5.032356	0.07302851	0.03180073	0.04122778	0.03180073
6220	-219.758	-225.7496	5.991639	0.04144215	0.02147296	0.0199692	0.02147296
6230	-277.4464	-280.4994	3.053035	0.1336008	0.07568384	0.05791694	0.07568384
6240	-229.5633	-234.7949	5.231634	0.06409699	0.04488053	0.01921645	0.04488053
6250	-256.3623	-259.8421	3.47981	0.1521015	0.1255393	0.02656225	0.1255393
6260	-222.1493	-228.1961	6.046759	0.04468875	0.01843229	0.02625645	0.01843229
6270	-263.9054	-264.9243	1.018935	0.2239738	0.2157107	0.008263032	0.2157107
6280	-255.2413	-259.5614	4.32014	0.09315653	0.04596003	0.0471965	0.04596003
6290	-228.8696	-234.1499	5.280311	0.06231528	0.04315837	0.01915691	0.04315837
6300	-221.7304	-227.8871	6.156729	0.04158442	0.01090941	0.03067501	0.01090941
6310	-215.7028	-221.6246	5.921802	0.03111709	0.01681369	0.01430339	0.01681369
6320	-262.552	-266.8275	4.27543	0.08871119	0.03198036	0.05673083	0.03198036
6330	-216.1786	-222.5162	6.337546	0.03435677	0.01006175	0.02429502	0.01006175
6340	-240.3436	-245.762	5.418427	0.05544665	0.006879718	0.04856693	0.006879718
6350	-288.7276	-290.8787	2.151118	0.1788488	0.1196276	0.05922121	0.1196276
6360	-216.179	-222.1513	5.972301	0.03282825	0.0175057	0.01532255	0.0175057
6370	-230.3724	-235.7567	5.384286	0.06374341	0.03962393	0.02411948	0.03962393
6380	-217.6164	-223.8144	6.197999	0.03724848	0.01571788	0.02153059	0.01571788
6390	-238.4463	-243.4311	4.98477	0.07846763	0.04809849	0.03036914	0.04809849
6400	-227.2533	-233.0691	5.815849	0.04412323	0.005141	0.03898223	0.005141
6410	-240.9379	-245.3671	4.429185	0.09806092	0.07777802	0.0202829	0.07777802
6420	-252.2262	-257.0582	4.831981	0.07449526	0.02262156	0.0518737	0.02262156
6430	-229.2866	-234.9225	5.635909	0.05726732	0.02795496	0.02931236	0.02795496
6440	-240.2265	-244.6965	4.469945	0.09582	0.07579807	0.02002192	0.07579807
6450	-216.5305	-222.4023	5.87179	0.03299127	0.01856214	0.01442913	0.01856214
6460	-217.3416	-223.6468	6.305192	0.03570446	0.008710424	0.02699404	0.008710424
6470	-216.414	-222.6798	6.265777	0.03373983	0.005898449	0.02784138	0.005898449
6480	-283.8786	-284.4545	0.5759076	0.4125306	0.3970092	0.01552138	0.3970092
6490	-219.4713	-225.6036	6.132288	0.03703744	0.005470118	0.03156733	0.005470118
6500	-298.9896	-300.5873	1.597677	0.2022232	0.1376148	0.06460839	0.1376148
6510	-212.7411	-219.1149	6.373873	0.02790742	0.008250533	0.01965689	0.008250533
6520	-215.4213	-220.5308	5.109402	0.02214211	0.0133776	0.008764508	0.0133776
6530	-252.736	-256.7874	4.051375	0.1138579	0.07816363	0.03569427	0.07816363
6540	-217.1096	-223.3794	6.269772	0.03620956	0.01328058	0.02292898	0.01328058
6550	-222.9772	-227.5372	4.559977	0.0372401	0.001044174	0.03619592	0.001044174
6560	-215.0104	-221.376	6.365668	0.03241066	0.009248849	0.02316181	0.009248849
6570	-215.5194	-221.3465	5.827059	0.02976227	0.01655809	0.01320418	0.01655809
6580	-230.9209	-235.9961	5.07517	0.06801104	0.04975311	0.01825792	0.04975311
6590	-273.6041	-275.9731	2.368984	0.2174133	0.1816472	0.03576604	0.1816472
6600	-233.0409	-237.2811	4.240207	0.07362346	0.0620593	0.01156415	0.0620593
6610	-224.7501	-230.6826	5.932491	0.04855111	0.02010817	0.02844294	0.02010817
6620	-235.447	-239.339	3.891957	0.08085111	0.07019155	0.01065956	0.07019155
6630	-217.4753	-223.766	6.290738	0.03562369	0.007829871	0.02779382	0.007829871
6640	-227.8816	-233.5709	5.68926	0.05545561	0.02772023	0.02773538	0.02772023
6650	-225.948	-231.8061	5.858072	0.05073151	0.02199328	0.02873823	0.02199328
6660	-260.575	-265.0817	4.506643	0.08143905	0.02387207	0.05756699	0.02387207
6670	-217.6136	-223.5647	5.95116	0.03406488	0.003324592	0.03074029	0.003324592
6680	-218.8123	-224.8775	6.065263	0.03586414	0.004391516	0.03147262	0.004391516
6690	-235.4787	-240.9847	5.505999	0.05066546	0.005075443	0.04559002	0.005075443
6700	-212.5438	-218.9157	6.371891	0.02746173	0.008035835	0.0194259	0.008035835
6710	-255.2467	-259.7919	4.545155	0.08326265	0.0319927	0.05126995	0.0319927
6720	-216.3997	-222.41	6.010238	0.03275546	0.003404534	0.02935093	0.003404534
6730	-210.4103	-216.6346	6.22424	0.02177908	0.004638669	0.01714041	0.004638669
6740	-241.3589	-246.3513	4.992384	0.07596816	0.0387812	0.03718696	0.0387812
6750	-216.6404	-222.1882	5.547832	0.03209915	0.001952084	0.03014706	0.001952084
6760	-233.6064	-239.157	5.550667	0.05916363	0.02276071	0.03640292	0.02276071
6770	-210.6548	-216.8948	6.239949	0.02182095	0.00540296	0.01641799	0.00540296
6780	-227.7221	-233.2156	5.493539	0.05853226	0.03667572	0.02185654	0.03667572
6790	-211.8138	-218.1349	6.32116	0.02508383	0.007742339	0.01734149	0.007742339
6800	-219.2574	-225.1125	5.855011	0.03994423	0.02312768	0.01681655	0.02312768
6810	-221.8412	-227.9916	6.150361	0.04104271	0.009228264	0.03181445	0.009228264
6820	-249.1308	-253.5454	4.414623	0.09639686	0.0584154	0.03798147	0.0584154
6830	-209.9005	-215.6175	5.716979	0.02054557	0.002021363	0.01852421	0.002021363
6840	-218.1419	-223.7718	5.629879	0.03395057	0.002255083	0.03169548	0.002255083
6850	-214.7744	-221.1315	6.357119	0.03200487	0.01016542	0.02183945	0.01016542
6860	-221.9114	-227.9458	6.034473	0.04463807	0.01936356	0.02527451	0.01936356
6870	-220.2944	-226.3576	6.063223	0.04224066	0.01950786	0.0227328	0.01950786
6880	-233.7384	-239.4256	5.6872	0.05362779	0.01250901	0.04111879	0.01250901
6890	-217.3717	-223.6461	6.274446	0.03658071	0.01284613	0.02373458	0.01284613
6900	-229.7601	-235.4284	5.668287	0.05637973	0.02493311	0.03144662	0.02493311
6910	-237.9409	-243.0223	5.081396	0.07467835	0.04250563	0.03217272	0.04250563
6920	-240.3381	-245.522	5.183836	0.05333261	0.003716529	0.04961608	0.003716529
6930	-323.6052	-326.4632	2.857938	0.1132262	0.01391434	0.09931187	0.01391434
6940	-231.0909	-236.8074	5.71657	0.04770631	0.005851391	0.04185492	0.005851391
6950	-210.3049	-216.3959	6.090986	0.01944957	0.00426425	0.01518532	0.00426425
6960	-223.3249	-228.2231	4.898135	0.04595819	0.03496383	0.01099437	0.03496383
6970	-227.6867	-233.0467	5.35998	0.05935632	0.04035997	0.01899635	0.04035997
6980	-227.6691	-233.2636	5.594472	0.05714972	0.03275269	0.02439703	0.03275269
6990	-215.5872	-221.9243	6.337038	0.03299051	0.007178543	0.02581197	0.007178543
7000	-213.5219	-219.4501	5.928178	0.02875256	0.002652619	0.02609995	0.002652619
7010	-237.0371	-242.0536	5.016435	0.07756364	0.04956764	0.02799599	0.04956764
7020	-218.4625	-224.6644	6.201928	0.03618062	0.006053012	0.03012761	0.006053012
7030	-244.8853	-250.1731	5.287788	0.0601466	0.009048392	0.05109821	0.009048392
7040	-226.2203	-231.9475	5.727228	0.0534982	0.0283218	0.0251764	0.0283218
7050	-212.0656	-218.2827	6.217019	0.02415901	0.0088034	0.01535561	0.0088034
7060	-250.7523	-254.9806	4.228306	0.1053913	0.06907088	0.03632043	0.06907088
7070	-220.2499	-225.936	5.686132	0.04165403	0.02612419	0.01552985	0.02612419
7080	-220.2892	-225.8387	5.5495	0.03609614	0.002254498	0.03384164	0.002254498
7090	-221.4593	-227.6197	6.160424	0.04171245	0.01205127	0.02966118	0.01205127
7100	-227.0944	-232.9095	5.815171	0.05210736	0.02209069	0.03001666	0.02209069
7110	-219.3587	-225.5676	6.208938	0.03967254	0.01387569	0.02579685	0.01387569
7120	-236.2385	-241.2059	4.96737	0.07885331	0.05413187	0.02472144	0.05413187
7130	-224.0756	-229.8128	5.737214	0.05038195	0.02911549	0.02126646	0.02911549
7140	-239.2671	-244.3124	5.045253	0.07534188	0.04120993	0.03413195	0.04120993
7150	-211.9948	-218.2531	6.258338	0.02681047	0.004234231	0.02257624	0.004234231
7160	-244.6805	-249.1427	4.462272	0.09965564	0.07079003	0.02886561	0.07079003
7170	-248.881	-252.8573	3.976339	0.1236704	0.09968417	0.02398621	0.09968417
7180	-226.6519	-232.6221	5.970178	0.04641136	0.01065494	0.03575642	0.01065494
7190	-213.2438	-219.4783	6.23452	0.02746348	0.01102873	0.01643475	0.01102873
7200	-223.4024	-229.3631	5.960623	0.04714295	0.02093002	0.02621293	0.02093002
7210	-231.1466	-235.9432	4.796518	0.06896444	0.05414418	0.01482026	0.05414418
7220	-228.3125	-234.1687	5.856191	0.05070973	0.01627992	0.03442981	0.01627992
7230	-225.7045	-231.5048	5.800342	0.05178847	0.02550203	0.02628645	0.02550203
7240	-248.55	-252.8369	4.286958	0.1054186	0.07257181	0.03284675	0.07257181
7250	-245.6718	-250.5581	4.886344	0.07684285	0.03397096	0.0428719	0.03397096
7260	-281.8219	-284.9689	3.146962	0.1221634	0.05745108	0.06471235	0.05745108
7270	-229.4838	-235.1578	5.673923	0.05622041	0.02523569	0.03098472	0.02523569
7280	-242.865	-247.9694	5.104384	0.07024077	0.02745152	0.04278925	0.02745152
7290	-214.9506	-219.9287	4.978075	0.0161785	0.008164265	0.008014233	0.008164265
7300	-210.8114	-217.0845	6.273122	0.02258816	0.005692334	0.01689582	0.005692334
7310	-216.4293	-222.7587	6.329398	0.03439065	0.008266398	0.02612425	0.008266398
7320	-218.51	-224.7787	6.268694	0.03724265	0.008998771	0.02824388	0.008998771
7330	-233.1677	-238.5752	5.407529	0.06421444	0.03306514	0.0311493	0.03306514
7340	-226.463	-232.3647	5.901693	0.04966895	0.01810973	0.03155922	0.01810973
7350	-250.972	-256.0069	5.034844	0.06767559	0.01384908	0.05382651	0.01384908
7360	-232.4752	-237.9705	5.495282	0.06143509	0.02916228	0.03227281	0.02916228
7370	-216.7598	-222.4186	5.658726	0.03243914	0.002202332	0.03023681	0.002202332
7380	-222.4786	-228.1076	5.628959	0.04704777	0.03002515	0.01702262	0.03002515
7390	-237.3193	-242.2434	4.924069	0.08082843	0.05499177	0.02583666	0.05499177
7400	-216.5462	-222.6406	6.094444	0.03460922	0.01704787	0.01756135	0.01704787
7410	-223.4407	-229.5027	6.061966	0.04183179	0.007351343	0.03448045	0.007351343
7420	-222.1967	-228.1101	5.913476	0.03910353	0.004178611	0.03492492	0.004178611
7430	-220.723	-226.758	6.035058	0.043074	0.02030738	0.02276662	0.02030738
7440	-221.1103	-227.2512	6.14087	0.04223695	0.01484895	0.02738801	0.01484895
7450	-224.4032	-230.1304	5.727223	0.05101621	0.02941823	0.02159799	0.02941823
7460	-249.9593	-254.1021	4.142708	0.1128027	0.0810818	0.03172093	0.0810818
7470	-262.2756	-266.5795	4.303907	0.08780614	0.03101361	0.05679253	0.03101361
7480	-269.1438	-273.6145	4.47074	0.07756898	0.01049666	0.06707232	0.01049666
7490	-233.2129	-238.7303	5.517406	0.06046644	0.02587156	0.03459487	0.02587156
7500	-224.6347	-230.0297	5.394945	0.05192069	0.0358863	0.01603439	0.0358863
7510	-225.1784	-230.7328	5.554456	0.05327413	0.03413824	0.01913589	0.03413824
7520	-215.5354	-221.8492	6.31383	0.03337335	0.01196988	0.02140347	0.01196988
7530	-219.4964	-225.4852	5.988726	0.04089791	0.02139201	0.0195059	0.02139201
7540	-232.0557	-237.7474	5.691684	0.04861279	0.006076415	0.04253637	0.006076415
7550	-268.7711	-272.3922	3.621108	0.1127329	0.05772189	0.055011	0.05772189
7560	-219.4493	-225.2869	5.837641	0.04033757	0.02356915	0.01676842	0.02356915
7570	-224.7895	-230.1754	5.38599	0.04017886	0.002267066	0.03791179	0.002267066
7580	-244.054	-249.232	5.178023	0.06677808	0.02043107	0.046347	0.02043107
7590	-217.926	-223.8128	5.886779	0.03677646	0.0209041	0.01587236	0.0209041
7600	-246.4877	-250.6969	4.209214	0.1119407	0.08660237	0.02533832	0.08660237
7610	-210.1356	-215.521	5.385473	0.01674858	0.00169562	0.01505296	0.00169562
7620	-216.3572	-222.5028	6.145612	0.03444576	0.0161627	0.01828306	0.0161627
7630	-215.7308	-220.9147	5.183834	0.02427843	0.015059	0.009219429	0.015059
7640	-223.0193	-228.6228	5.603481	0.04829928	0.03105571	0.01724357	0.03105571
7650	-250.1293	-254.5201	4.390883	0.09624517	0.0567867	0.03945848	0.0567867
7660	-247.8597	-251.8468	3.987108	0.1222052	0.09996137	0.0222438	0.09996137
7670	-217.3666	-223.5214	6.154748	0.03671289	0.01676706	0.01994582	0.01676706
7680	-228.1713	-234.0607	5.889398	0.04944846	0.01396777	0.03548069	0.01396777
7690	-234.8515	-240.4091	5.55757	0.05830131	0.01913904	0.03916227	0.01913904
7700	-233.0384	-238.5588	5.520363	0.06043019	0.02614338	0.03428681	0.02614338
7710	-211.9588	-218.3283	6.369544	0.02633783	0.00686896	0.01946887	0.00686896
7720	-279.4509	-283.2606	3.809642	0.09641751	0.02673619	0.06968132	0.02673619
7730	-225.0907	-231.0644	5.973744	0.04757825	0.01672196	0.03085629	0.01672196
7740	-211.3385	-217.6789	6.340343	0.02506152	0.005662613	0.0193989	0.005662613
7750	-226.1287	-231.6924	5.563646	0.05515944	0.03440242	0.02075702	0.03440242
7760	-219.2909	-225.5037	6.212823	0.03751461	0.007171045	0.03034357	0.007171045
7770	-215.5453	-221.8728	6.327477	0.03284054	0.006761715	0.02607882	0.006761715
7780	-224.5058	-230.0924	5.586632	0.05175293	0.03294106	0.01881187	0.03294106
7790	-216.6992	-223.0182	6.318957	0.03526018	0.01080877	0.02445142	0.01080877
7800	-210.5474	-216.5568	6.009432	0.01836725	0.004328153	0.0140391	0.004328153
7810	-228.7935	-234.2089	5.415418	0.06111236	0.03922312	0.02188924	0.03922312
7820	-221.4706	-227.5717	6.10109	0.04323687	0.01659571	0.02664116	0.01659571
7830	-229.2899	-235.0082	5.718336	0.05491835	0.02294502	0.03197333	0.02294502
7840	-225.3542	-230.6198	5.265557	0.05348718	0.0383473	0.01513988	0.0383473
7850	-231.5821	-236.9293	5.347219	0.06562861	0.03999834	0.02563027	0.03999834
7860	-226.1867	-232.1426	5.95595	0.0479393	0.01489983	0.03303947	0.01489983
7870	-215.7805	-219.3933	3.612804	0.02836485	0.0005034156	0.02786144	0.0005034156
7880	-216.8502	-222.5529	5.70275	0.03253935	0.01953307	0.01300628	0.01953307
7890	-229.5924	-235.2923	5.699857	0.05544597	0.02337023	0.03207575	0.02337023
7900	-214.958	-220.5785	5.620458	0.02604018	0.0148027	0.01123748	0.0148027
7910	-213.6779	-219.0126	5.334767	0.01562564	0.006429279	0.00919636	0.006429279
7920	-228.229	-234.1359	5.906864	0.04717785	0.009315387	0.03786246	0.009315387
7930	-264.8151	-266.2018	1.386704	0.232419	0.222559	0.009859927	0.222559
7940	-221.4003	-227.5478	6.14748	0.04219016	0.01362358	0.02856658	0.01362358
7950	-223.9203	-229.9264	6.006094	0.04653323	0.01741388	0.02911935	0.01741388
7960	-271.4491	-275.0452	3.596048	0.1108014	0.05260483	0.05819656	0.05260483
7970	-247.7036	-251.7569	4.053315	0.1194708	0.09586242	0.0236084	0.09586242
7980	-220.1318	-226.1417	6.009884	0.04215759	0.0211496	0.02100799	0.0211496
7990	-262.6738	-267.2437	4.569891	0.07819333	0.01728186	0.06091148	0.01728186
8000	-232.2087	-236.4757	4.267	0.07089971	0.05955638	0.01134333	0.05955638
8010	-220.2422	-226.1916	5.949466	0.04242852	0.02262787	0.01980066	0.02262787
8020	-230.8525	-236.3018	5.449232	0.0626888	0.03561805	0.02707075	0.03561805
8030	-226.7408	-230.943	4.202257	0.05274061	0.0436893	0.009051315	0.0436893
8040	-220.7315	-226.4919	5.760473	0.03702204	0.002982387	0.03403965	0.002982387
8050	-220.645	-226.3911	5.746111	0.03689397	0.002911402	0.03398257	0.002911402
8060	-227.9816	-233.8939	5.912347	0.04668672	0.008783072	0.03790365	0.008783072
8070	-232.7387	-238.2694	5.530667	0.06018202	0.02624878	0.03393324	0.02624878
8080	-234.8967	-238.7437	3.846961	0.07867119	0.06843876	0.01023243	0.06843876
8090	-223.2535	-228.8529	5.599369	0.04886471	0.03141073	0.01745398	0.03141073
8100	-210.6634	-216.9388	6.275457	0.02291026	0.005010398	0.01789986	0.005010398
8110	-247.2001	-251.2302	4.030092	0.1197738	0.09771203	0.02206179	0.09771203
8120	-239.9994	-243.9011	3.901678	0.09797119	0.0850874	0.01288379	0.0850874
8130	-228.2552	-233.7297	5.474485	0.05959241	0.03722899	0.02236341	0.03722899
8140	-272.4115	-275.4579	3.046414	0.1446833	0.09443445	0.05024885	0.09443445
8150	-212.2691	-218.6439	6.374739	0.02698457	0.007407075	0.0195775	0.007407075
8160	-217.3476	-222.9305	5.58287	0.03303649	0.02068937	0.01234712	0.02068937
8170	-216.3332	-222.4488	6.115618	0.03421669	0.01653807	0.01767862	0.01653807
8180	-245.6716	-250.4303	4.75872	0.08253941	0.04267758	0.03986183	0.04267758
8190	-238.8577	-244.0295	5.171814	0.07034598	0.03351608	0.03682991	0.03351608
8200	-212.1109	-218.4266	6.315617	0.02565864	0.008383254	0.01727539	0.008383254
8210	-220.8491	-226.9445	6.095445	0.03854535	0.005706124	0.03283922	0.005706124
8220	-262.2524	-265.3228	3.070381	0.1775546	0.1490733	0.02848131	0.1490733
8230	-257.3902	-262.0883	4.698167	0.0764103	0.01994211	0.05646819	0.01994211
8240	-244.7481	-248.7826	4.034532	0.114128	0.09572321	0.0184048	0.09572321
8250	-230.144	-235.4216	5.277661	0.06491937	0.04388029	0.02103908	0.04388029
8260	-270.7309	-273.2782	2.547329	0.2074746	0.1735593	0.03391524	0.1735593
8270	-226.5597	-232.5154	5.955662	0.04771227	0.01357944	0.03413282	0.01357944
8280	-228.6781	-234.0102	5.332129	0.06161643	0.04173928	0.01987715	0.04173928
8290	-214.9381	-221.2095	6.271458	0.03192751	0.01278855	0.01913896	0.01278855
8300	-215.6791	-221.5739	5.894821	0.03081858	0.01682593	0.01399265	0.01682593
8310	-224.7192	-230.6021	5.882845	0.0495327	0.02285619	0.0266765	0.02285619
8320	-234.4404	-239.4056	4.965195	0.07654762	0.05531013	0.02123749	0.05531013
8330	-218.938	-224.5451	5.607146	0.03768251	0.0240752	0.01360731	0.0240752
8340	-243.5724	-248.1774	4.605043	0.09296107	0.06224161	0.03071946	0.06224161
8350	-244.6701	-249.0596	4.38953	0.103365	0.07679797	0.02656707	0.07679797
8360	-248.8696	-253.8638	4.994157	0.07060689	0.0205908	0.0500161	0.0205908
8370	-249.6844	-253.531	3.846618	0.1299316	0.1076634	0.02226823	0.1076634
8380	-213.6605	-220.0463	6.38575	0.0299963	0.007846481	0.02214982	0.007846481
8390	-234.8948	-240.4042	5.509402	0.06000848	0.02211009	0.03789839	0.02211009
8400	-278.2706	-279.8377	1.567148	0.314901	0.2911665	0.02373451	0.2911665
8410	-219.1353	-225.3846	6.24932	0.03810386	0.009381355	0.02872251	0.009381355
8420	-216.9244	-222.9365	6.012189	0.0334067	0.003518534	0.02988817	0.003518534
8430	-217.6682	-223.8769	6.208699	0.03732107	0.0153751	0.02194597	0.0153751
8440	-253.3345	-258.3262	4.991701	0.06696787	0.01035229	0.05661559	0.01035229
8450	-220.417	-226.4173	6.000272	0.04271307	0.02144099	0.02127209	0.02144099
8460	-213.933	-220.3033	6.370296	0.03045299	0.006849874	0.02360311	0.006849874
8470	-251.134	-255.6519	4.517972	0.08813655	0.04374709	0.04438946	0.04374709
8480	-235.7348	-241.0047	5.269856	0.06831854	0.03548213	0.03283642	0.03548213
8490	-226.0415	-232.0002	5.958762	0.04416331	0.007198886	0.03696442	0.007198886
8500	-254.659	-257.8816	3.222555	0.160927	0.1431153	0.01781178	0.1431153
8510	-215.7003	-221.7906	6.090277	0.03208219	0.00373051	0.02835168	0.00373051
8520	-212.0634	-218.2553	6.191898	0.02685955	0.003715298	0.02314425	0.003715298
8530	-214.951	-220.7012	5.75013	0.02732696	0.01515201	0.01217494	0.01515201
8540	-213.4356	-219.014	5.578478	0.02802709	0.001807112	0.02621998	0.001807112
8550	-226.9994	-232.3837	5.384392	0.05773241	0.03921523	0.01851717	0.03921523
8560	-224.2361	-229.9338	5.697721	0.05087654	0.03024095	0.02063559	0.03024095
8570	-229.2452	-234.6004	5.355217	0.06251572	0.04124661	0.02126911	0.04124661
8580	-246.1607	-250.2335	4.07288	0.1167102	0.09550819	0.02120201	0.09550819
8590	-224.107	-230.1744	6.067337	0.04358744	0.009818684	0.03376876	0.009818684
8600	-267.0323	-269.6162	2.583885	0.2167399	0.1912004	0.02553944	0.1912004
8610	-216.1482	-222.4625	6.314354	0.03448151	0.01178713	0.02269439	0.01178713
8620	-216.007	-222.338	6.331063	0.03418626	0.01094808	0.02323818	0.01094808
8630	-241.0801	-245.8168	4.73672	0.08817394	0.05933302	0.02884093	0.05933302
8640	-238.0016	-243.4116	5.410007	0.06190158	0.02061434	0.04128724	0.02061434
8650	-213.5895	-219.427	5.837512	0.02388881	0.01181563	0.01207318	0.01181563
8660	-231.6499	-236.3527	4.702879	0.07036005	0.0560929	0.01426715	0.0560929
8670	-234.5655	-240.1311	5.565601	0.05816579	0.0193522	0.0388136	0.0193522
8680	-273.4103	-276.1127	2.702427	0.1746668	0.1301796	0.0444872	0.1301796
8690	-236.0698	-241.1545	5.084744	0.0750921	0.04724012	0.02785197	0.04724012
8700	-236.132	-241.5637	5.431731	0.06214942	0.02388438	0.03826504	0.02388438
8710	-215.4804	-221.5317	6.051385	0.03160545	0.01588614	0.0157193	0.01588614
8720	-221.2591	-226.5271	5.268087	0.0420707	0.0297557	0.012315	0.0297557
8730	-227.1922	-232.4938	5.301644	0.05831917	0.04090847	0.0174107	0.04090847
8740	-215.15	-221.5144	6.364383	0.03261992	0.008983314	0.02363661	0.008983314
8750	-222.6443	-228.4097	5.765444	0.04751327	0.02791561	0.01959767	0.02791561
8760	-213.7636	-219.3634	5.599767	0.02853	0.001863079	0.02666692	0.001863079
8770	-216.4979	-220.9997	4.501781	0.01043349	0.00244019	0.007993302	0.00244019
8780	-218.037	-222.6254	4.588348	0.02746805	0.0196384	0.007829652	0.0196384
8790	-215.2633	-221.0455	5.782232	0.02860009	0.01596454	0.01263554	0.01596454
8800	-220.375	-225.0878	4.712803	0.03599797	0.02699782	0.009000148	0.02699782
8810	-234.726	-240.0059	5.279836	0.0683047	0.03749739	0.03080731	0.03749739
8820	-237.0114	-242.2893	5.277908	0.05081008	0.00356996	0.04724012	0.00356996
8830	-217.4262	-223.7317	6.305559	0.03603243	0.009573198	0.02645923	0.009573198
8840	-227.3351	-232.5845	5.249379	0.05870339	0.04189307	0.01681032	0.04189307
8850	-238.5711	-243.6352	5.064113	0.07501459	0.0418935	0.03312109	0.0418935
8860	-277.6644	-280.1767	2.512268	0.1788923	0.1305843	0.04830808	0.1305843
8870	-255.3005	-259.9141	4.613547	0.08060212	0.0281271	0.05247502	0.0281271
8880	-211.2624	-217.3865	6.124143	0.02079409	0.006703867	0.01409022	0.006703867
8890	-220.8701	-227.0591	6.188999	0.04033562	0.01008584	0.03024978	0.01008584
8900	-228.8377	-234.098	5.260223	0.06234284	0.04358685	0.01875599	0.04358685
8910	-228.5012	-234.2726	5.771328	0.05340101	0.02151001	0.031891	0.02151001
8920	-219.3369	-224.0459	4.709015	0.03272441	0.02407944	0.008644972	0.02407944
8930	-219.6009	-225.7823	6.181398	0.04030678	0.01508683	0.02521995	0.01508683
8940	-210.5315	-215.6132	5.081721	0.02151667	0.001145845	0.02037082	0.001145845
8950	-240.9144	-245.9772	5.062853	0.07330462	0.03514763	0.03815699	0.03514763
8960	-259.2124	-262.9838	3.771412	0.1200258	0.07782346	0.04220229	0.07782346
8970	-217.8497	-224.039	6.189282	0.03768222	0.01597378	0.02170844	0.01597378
8980	-226.843	-232.2254	5.382392	0.05738481	0.03909706	0.01828775	0.03909706
8990	-223.6559	-229.6625	6.006607	0.04642692	0.01794775	0.02847917	0.01794775
9000	-213.5844	-219.9249	6.340544	0.02976457	0.005752915	0.02401166	0.005752915
9010	-231.1389	-236.7704	5.631505	0.05731018	0.02385395	0.03345624	0.02385395
9020	-217.3864	-223.6169	6.230449	0.03489344	0.005860117	0.02903332	0.005860117
9030	-246.5228	-250.6583	4.135481	0.1151359	0.09175244	0.02338342	0.09175244
9040	-222.3659	-227.943	5.577083	0.04661009	0.03043724	0.01617284	0.03043724
9050	-229.7095	-235.562	5.85249	0.04890224	0.01013682	0.03876542	0.01013682
9060	-225.1758	-231.1128	5.937032	0.04858576	0.01893215	0.02965361	0.01893215
9070	-223.5848	-228.8284	5.243546	0.04850582	0.03493304	0.01357277	0.03493304
9080	-239.1902	-244.0256	4.835457	0.08441196	0.05698076	0.02743121	0.05698076
9090	-230.66	-235.8587	5.198713	0.06664299	0.04647021	0.02017278	0.04647021
9100	-226.635	-232.5597	5.924681	0.04890536	0.01601983	0.03288554	0.01601983
9110	-238.6286	-243.9777	5.349099	0.06375878	0.02283013	0.04092865	0.02283013
9120	-225.7814	-231.7853	6.003903	0.04548783	0.01043676	0.03505107	0.01043676
9130	-229.8815	-235.6669	5.785412	0.04701032	0.006361616	0.0406487	0.006361616
9140	-250.0182	-254.9274	4.909168	0.0603832	0.004142669	0.05624053	0.004142669
9150	-247.0081	-251.5253	4.517136	0.09358353	0.05740108	0.03618245	0.05740108
9160	-254.5077	-259.4483	4.940602	0.06866068	0.01163731	0.05702337	0.01163731
9170	-242.5255	-247.4897	4.96429	0.05432545	0.002972923	0.05135252	0.002972923
9180	-210.3109	-216.495	6.184047	0.02097526	0.004479515	0.01649574	0.004479515
9190	-211.3373	-217.6796	6.342276	0.02489225	0.005947867	0.01894439	0.005947867
9200	-239.093	-243.9676	4.874518	0.0828483	0.05442519	0.02842311	0.05442519
9210	-243.139	-247.9041	4.765042	0.08501112	0.050364	0.03464712	0.050364
9220	-225.6917	-231.6928	6.001075	0.04619845	0.01215793	0.03404052	0.01215793
9230	-212.2449	-218.6206	6.375721	0.02721176	0.006458	0.02075376	0.006458
9240	-228.2827	-234.1114	5.828699	0.05166314	0.01832779	0.03333535	0.01832779
9250	-220.6521	-226.66	6.007942	0.04309533	0.02121018	0.02188516	0.02121018
9260	-232.2688	-237.3853	5.116533	0.07058848	0.04960659	0.02098189	0.04960659
9270	-218.8323	-224.5086	5.676343	0.03784238	0.02363844	0.01420394	0.02363844
9280	-211.0168	-217.334	6.317211	0.02401513	0.00551773	0.0184974	0.00551773
9290	-223.6595	-229.3308	5.671371	0.04978625	0.03056851	0.01921774	0.03056851
9300	-218.3484	-222.8673	4.518919	0.02803232	0.02032273	0.00770959	0.02032273
9310	-238.5047	-242.1525	3.647792	0.09153692	0.08091975	0.01061718	0.08091975
9320	-268.977	-273.431	4.454022	0.07878472	0.01230667	0.06647806	0.01230667
9330	-225.6155	-231.5152	5.899625	0.04963113	0.02023741	0.02939372	0.02023741
9340	-293.6444	-296.9758	3.331476	0.1067577	0.02828238	0.0784753	0.02828238
9350	-273.5401	-277.793	4.252871	0.08402036	0.01540793	0.06861243	0.01540793
9360	-222.8779	-228.8948	6.01692	0.0457696	0.01883966	0.02692994	0.01883966
9370	-212.6224	-218.3583	5.735931	0.01880127	0.007817461	0.01098381	0.007817461
9380	-218.3753	-224.5836	6.208343	0.03847441	0.01508518	0.02338924	0.01508518
9390	-220.9961	-227.1465	6.150324	0.04196943	0.01445258	0.02751685	0.01445258
9400	-211.23	-217.5613	6.331323	0.02436212	0.006099421	0.0182627	0.006099421
9410	-235.5308	-240.1669	4.636111	0.08204371	0.06516712	0.01687659	0.06516712
9420	-231.7015	-236.7893	5.087802	0.06973091	0.05020712	0.01952379	0.05020712
9430	-223.0029	-228.2688	5.265965	0.04698289	0.03360677	0.01337612	0.03360677
9440	-227.426	-233.3596	5.933623	0.04619271	0.008780562	0.03741215	0.008780562
9450	-220.926	-226.7986	5.872574	0.03755728	0.00356697	0.03399031	0.00356697
9460	-213.9184	-220.1752	6.256856	0.03005273	0.004640037	0.02541269	0.004640037
9470	-217.4992	-223.717	6.217735	0.03700696	0.01510413	0.02190283	0.01510413
9480	-212.82	-219.2008	6.38082	0.02842494	0.006678877	0.02174607	0.006678877
9490	-209.8736	-215.8129	5.93933	0.01929151	0.002881232	0.01641028	0.002881232
9500	-221.9037	-227.1474	5.243755	0.04376311	0.03125304	0.01251007	0.03125304
9510	-248.1101	-252.2983	4.188132	0.1123868	0.08384192	0.02854492	0.08384192
9520	-215.4028	-221.5714	6.168604	0.03231865	0.01479352	0.01752513	0.01479352
9530	-212.4359	-218.8177	6.381829	0.02750891	0.007110758	0.02039815	0.007110758
9540	-218.3694	-224.3962	6.026743	0.03518783	0.003948148	0.03123968	0.003948148
9550	-247.4772	-252.0545	4.577327	0.08957746	0.05072008	0.03885739	0.05072008
9560	-259.8395	-264.005	4.165524	0.09559021	0.04419559	0.05139462	0.04419559
9570	-212.067	-218.4366	6.369613	0.02684864	0.006197233	0.02065141	0.006197233
9580	-224.6031	-230.5926	5.989572	0.04710174	0.01687588	0.03022587	0.01687588
9590	-216.5251	-222.8389	6.313738	0.03430488	0.007411345	0.02689354	0.007411345
9600	-237.5612	-241.9501	4.388919	0.08904583	0.07335001	0.01569582	0.07335001
9610	-257.1567	-261.188	4.031271	0.106426	0.06201768	0.04440834	0.06201768
9620	-216.052	-220.9203	4.868309	0.02210287	0.01402375	0.008079122	0.01402375
9630	-240.6409	-245.943	5.302024	0.06429516	0.02089448	0.04340068	0.02089448
9640	-218.5144	-224.5558	6.041421	0.03888872	0.01972807	0.01916065	0.01972807
9650	-232.8001	-238.368	5.567919	0.05889958	0.02371594	0.03518364	0.02371594
9660	-276.1649	-279.4241	3.259184	0.1230025	0.06366398	0.0593385	0.06366398
9670	-228.8625	-233.2971	4.434578	0.06061937	0.04978351	0.01083586	0.04978351
9680	-224.5344	-230.3701	5.83565	0.05011542	0.02533263	0.02478279	0.02533263
9690	-234.7441	-240.106	5.361835	0.06534313	0.03199616	0.03334697	0.03199616
9700	-255.6869	-260.159	4.472103	0.08587543	0.03521618	0.05065925	0.03521618
9710	-250.4844	-254.4624	3.977996	0.1232592	0.09553176	0.02772747	0.09553176
9720	-228.0428	-233.7108	5.668048	0.05602399	0.02857809	0.0274459	0.02857809
9730	-224.8317	-230.7251	5.893359	0.04941173	0.02212455	0.02728718	0.02212455
9740	-231.4841	-236.7766	5.292511	0.06669751	0.04283426	0.02386325	0.04283426
9750	-276.7559	-280.1225	3.366537	0.1165217	0.05493759	0.06158412	0.05493759
9760	-217.095	-223.3761	6.281024	0.03613836	0.01276015	0.02337821	0.01276015
9770	-220.2397	-226.0136	5.773884	0.04202209	0.02532587	0.01669623	0.02532587
9780	-222.4001	-228.4895	6.089437	0.04400391	0.01540047	0.02860344	0.01540047
9790	-215.115	-220.797	5.681924	0.02717602	0.01542008	0.01175594	0.01542008
9800	-222.795	-228.8083	6.013356	0.04577293	0.01915833	0.0266146	0.01915833
9810	-231.6301	-237.3578	5.727756	0.05377119	0.01613503	0.03763616	0.01613503
9820	-254.549	-258.5301	3.981078	0.1150546	0.07721783	0.03783673	0.07721783
9830	-215.9839	-222.2993	6.315481	0.03420512	0.01181617	0.02238895	0.01181617
9840	-236.473	-241.6273	5.154262	0.07244094	0.04144383	0.03099711	0.04144383
9850	-227.7439	-233.6641	5.920191	0.0464298	0.008680424	0.03774938	0.008680424
9860	-224.2919	-229.1532	4.861328	0.04863764	0.03741324	0.0112244	0.03741324
9870	-229.4099	-234.9765	5.566593	0.05908612	0.03168206	0.02740406	0.03168206
9880	-232.5128	-237.6856	5.172769	0.07016628	0.04742778	0.0227385	0.04742778
9890	-228.8332	-234.5437	5.710454	0.05515528	0.02449527	0.03066001	0.02449527
9900	-254.8485	-258.6528	3.804276	0.1284109	0.09524119	0.0331697	0.09524119
9910	-237.4482	-242.7241	5.275866	0.06716737	0.03041964	0.03674773	0.03041964
9920	-227.8616	-232.793	4.931416	0.05954369	0.04582716	0.01371654	0.04582716
9930	-217.5588	-223.7654	6.206651	0.03712821	0.01545399	0.02167422	0.01545399
9940	-266.4119	-270.5503	4.138352	0.09146003	0.03194473	0.0595153	0.03194473
9950	-240.6092	-246.0446	5.435374	0.05859477	0.01162393	0.04697084	0.01162393
9960	-213.4489	-219.7547	6.305769	0.0294419	0.005097072	0.02434483	0.005097072
9970	-214.6316	-221.0006	6.368991	0.0316516	0.007613511	0.02403809	0.007613511
9980	-224.4064	-230.2038	5.797376	0.05042902	0.02700524	0.02342377	0.02700524
9990	-221.0434	-227.1938	6.150385	0.04199412	0.0143263	0.02766782	0.0143263
10000	-269.8592	-272.7556	2.896387	0.1673954	0.1254235	0.04197192	0.1254235
