Iteration	Posterior	Likelihood	Prior	birth_rate
0	-207.2764	-210.1388	2.86242	0.01129047
10	-214.7251	-216.0134	1.288291	0.07799542
20	-198.9737	-201.7073	2.733629	0.01786688
30	-206.0279	-208.8821	2.854218	0.01199152
40	-226.4508	-227.4404	0.9896022	0.0941921
50	-199.9056	-202.6655	2.759823	0.01679781
60	-194.46	-196.7724	2.312385	0.03339591
70	-194.7299	-196.9714	2.241512	0.03604712
80	-207.1913	-208.7171	1.52583	0.066251
90	-200.178	-201.9949	1.816917	0.05310684
100	-195.1171	-197.2985	2.181408	0.03833265
110	-210.401	-213.2723	2.871363	0.009782355
120	-199.0887	-200.9634	1.874641	0.05065067
130	-194.6244	-196.8878	2.263389	0.03522395
140	-195.5183	-198.0843	2.566028	0.02415172
150	-197.5939	-199.5589	1.96496	0.04690004
160	-195.3794	-197.5288	2.149385	0.03956574
170	-212.5658	-215.4349	2.869113	0.008900313
180	-195.8934	-198.4879	2.59451	0.02311528
190	-196.5319	-199.1659	2.633977	0.02166718
200	-219.097	-221.9244	2.827431	0.006804956
210	-194.4484	-196.7661	2.317701	0.03319877
220	-194.5166	-196.8084	2.291838	0.03416003
230	-200.258	-203.0266	2.768597	0.01642794
240	-195.4073	-197.9638	2.556506	0.02449721
250	-196.8522	-199.503	2.650825	0.0210426
260	-204.3157	-207.1536	2.837918	0.01307059
270	-203.3813	-206.2075	2.826217	0.01372871
280	-196.8432	-199.4935	2.65037	0.02105951
290	-194.5616	-196.8405	2.278846	0.03464502
300	-203.0706	-205.8924	2.821835	0.01396021
310	-196.0188	-198.6218	2.603022	0.02280437
320	-195.7855	-197.8924	2.106872	0.04122029
330	-194.5874	-197.0373	2.449909	0.02835694
340	-194.8772	-197.0932	2.215995	0.03701301
350	-194.5537	-196.8347	2.280998	0.03456458
360	-208.456	-209.9382	1.482162	0.06833848
370	-202.1563	-203.8798	1.72348	0.05718482
380	-202.1012	-204.9077	2.806432	0.01472851
390	-207.1976	-208.7232	1.525604	0.06626169
400	-198.2371	-200.9463	2.709239	0.01882729
410	-199.3011	-202.0444	2.743366	0.01747484
420	-198.4094	-200.3232	1.913764	0.04901244
430	-198.2223	-200.1474	1.925057	0.04854347
440	-208.3116	-211.1787	2.867117	0.01075523
450	-197.3	-199.2848	1.984843	0.04608898
460	-206.8884	-208.425	1.536574	0.06574218
470	-196.6482	-199.2885	2.640286	0.02143384
480	-202.0831	-203.8098	1.726732	0.05704071
490	-197.999	-199.9379	1.938867	0.04797229
500	-195.2718	-197.4337	2.161974	0.03907966
510	-195.3758	-197.9295	2.553689	0.02459935
520	-194.5299	-196.9656	2.435673	0.02887383
530	-194.5205	-196.9535	2.433044	0.02896937
540	-195.4015	-197.5484	2.146885	0.03966249
550	-206.5045	-208.0549	1.550369	0.06509164
560	-194.4044	-196.7802	2.375795	0.03105821
570	-212.5622	-215.4313	2.869122	0.00890168
580	-200.8255	-203.6071	2.7816	0.01586576
590	-195.6807	-197.7979	2.117217	0.04081579
600	-195.7264	-198.3088	2.58245	0.02355478
610	-196.064	-198.145	2.081003	0.04223728
620	-205.0194	-207.8648	2.845376	0.01260882
630	-214.7658	-216.0529	1.28713	0.07805522
640	-195.3543	-197.906	2.55173	0.02467035
650	-202.391	-204.1042	1.713155	0.05764341
660	-195.3313	-197.8809	2.549613	0.02474707
670	-195.5091	-198.0744	2.565264	0.02417946
680	-194.4307	-196.7579	2.327207	0.03284683
690	-194.9066	-197.118	2.211372	0.03718869
700	-196.0344	-198.118	2.083654	0.04213266
710	-195.115	-197.2966	2.181693	0.03832175
720	-194.4271	-196.8235	2.396413	0.03030389
730	-200.6153	-203.3923	2.776938	0.01606945
740	-199.8599	-201.6932	1.833221	0.0524083
750	-194.7104	-196.9557	2.245267	0.03590551
760	-198.1648	-200.0933	1.928582	0.04839744
770	-207.5834	-210.4474	2.864004	0.01112766
780	-211.1728	-212.5669	1.394068	0.07264655
790	-198.6685	-200.567	1.898512	0.04964859
800	-203.0364	-205.8577	2.821338	0.01398607
810	-194.5715	-196.8478	2.276233	0.03474272
820	-198.6018	-201.3235	2.721775	0.01833716
830	-215.465	-216.7323	1.267369	0.07907665
840	-197.4066	-199.3842	1.977527	0.04638682
850	-205.2375	-208.0849	2.847467	0.01247112
860	-194.5649	-196.8429	2.277971	0.0346777
870	-198.6409	-201.3639	2.723064	0.01828637
880	-204.536	-206.1605	1.624475	0.06164938
890	-195.4304	-197.574	2.143654	0.0397876
900	-194.9911	-197.1898	2.198753	0.03766933
910	-196.5962	-199.2337	2.637495	0.02153713
920	-202.3175	-204.0339	1.716373	0.05750027
930	-196.1595	-198.7716	2.612086	0.02247252
940	-204.9581	-207.8029	2.84477	0.01264798
950	-194.4007	-196.7623	2.361562	0.03158045
960	-218.8959	-221.7254	2.82942	0.006859409
970	-198.7546	-200.6482	1.893537	0.0498568
980	-197.0542	-199.0563	2.002188	0.04538565
990	-196.5446	-198.5853	2.040654	0.04383948
1000	-199.6882	-202.4423	2.754117	0.0170348
1010	-194.7815	-197.0136	2.232049	0.03640456
1020	-199.1041	-201.8416	2.737581	0.01770845
1030	-199.6474	-202.4004	2.753021	0.01708003
1040	-197.8194	-200.513	2.693613	0.01942958
1050	-195.4467	-198.0067	2.559953	0.02437217
1060	-194.509	-196.8033	2.294241	0.03407047
1070	-199.3144	-201.1766	1.862221	0.05117516
1080	-197.7544	-199.7089	1.954451	0.04733082
1090	-196.5758	-199.2122	2.636385	0.02157817
1100	-194.4815	-196.9022	2.420785	0.02941528
1110	-200.3184	-203.0884	2.770045	0.01636623
1120	-231.8983	-234.5196	2.621384	0.004201235
1130	-195.6214	-197.7446	2.123249	0.04058047
1140	-216.4999	-219.3497	2.849817	0.007552549
1150	-194.6362	-197.0964	2.460234	0.02798249
1160	-195.1096	-197.292	2.182405	0.03829446
1170	-194.9924	-197.5065	2.514021	0.02603545
1180	-197.1862	-199.179	1.992785	0.04576647
1190	-206.7665	-209.6259	2.859419	0.01156897
1200	-207.3063	-210.1689	2.862581	0.01127445
1210	-196.03	-198.114	2.084049	0.04211711
1220	-198.2725	-200.983	2.7105	0.01877829
1230	-195.3985	-197.5457	2.147223	0.03964937
1240	-194.6924	-196.9412	2.248845	0.03577069
1250	-196.7707	-199.4174	2.646689	0.02119635
1260	-196.8505	-199.5012	2.650737	0.02104588
1270	-194.8354	-197.0582	2.2228	0.03675477
1280	-204.7113	-206.3289	1.617627	0.0619638
1290	-194.7892	-197.0199	2.230701	0.03645556
1300	-204.9795	-207.8245	2.844983	0.01263429
1310	-201.8372	-204.6389	2.801746	0.01495115
1320	-197.0578	-199.7187	2.660841	0.02066884
1330	-195.9348	-198.5322	2.597374	0.02301075
1340	-195.3203	-197.8689	2.548596	0.02478394
1350	-199.2069	-201.075	1.868106	0.05092637
1360	-194.4946	-196.9198	2.425205	0.02925443
1370	-194.4727	-196.7799	2.307143	0.03359053
1380	-195.0712	-197.5944	2.523166	0.02570459
1390	-217.3637	-220.2069	2.84318	0.007292851
1400	-194.4227	-196.8163	2.393584	0.03040723
1410	-194.61	-196.8767	2.266737	0.03509838
1420	-203.7321	-206.563	2.830863	0.01347518
1430	-209.8056	-212.6764	2.870828	0.01004627
1440	-194.4914	-196.7916	2.300178	0.03384944
1450	-194.5584	-197.0015	2.443082	0.02860473
1460	-196.886	-198.9005	2.014478	0.04488961
1470	-194.6836	-197.1528	2.469226	0.02765664
1480	-211.9593	-213.3291	1.369819	0.07385556
1490	-194.4678	-196.7769	2.309117	0.03351719
1500	-194.5329	-196.9694	2.436488	0.02884422
1510	-194.5352	-196.9723	2.437107	0.02882175
1520	-194.4612	-196.7731	2.311892	0.03341421
1530	-195.528	-197.661	2.133029	0.04019985
1540	-194.524	-196.8135	2.289557	0.03424506
1550	-204.2969	-205.9308	1.633907	0.06121749
1560	-203.683	-205.3416	1.65861	0.06009296
1570	-198.7013	-201.4264	2.725036	0.01820851
1580	-199.7631	-202.5192	2.756109	0.01695234
1590	-196.054	-198.6593	2.605334	0.0227198
1600	-195.5328	-198.1	2.567228	0.02410813
1610	-202.3132	-205.1233	2.810037	0.0145541
1620	-194.4112	-196.7955	2.384284	0.03074733
1630	-194.4032	-196.7768	2.373619	0.03113798
1640	-195.0245	-197.5423	2.517822	0.02589795
1650	-198.6961	-201.421	2.724867	0.01821517
1660	-206.5713	-208.1192	1.547956	0.06520523
1670	-194.4112	-196.7532	2.341916	0.0323036
1680	-196.8035	-198.8241	2.020648	0.04464132
1690	-200.8644	-203.6469	2.782445	0.01582856
1700	-197.4337	-199.4094	1.975687	0.04646181
1710	-195.9444	-198.0362	2.09185	0.04180987
1720	-194.4787	-196.8985	2.419816	0.02945055
1730	-195.4452	-197.5872	2.142015	0.03985113
1740	-195.4765	-197.6151	2.138573	0.03998459
1750	-196.2332	-198.2995	2.066254	0.04282065
1760	-194.4023	-196.7739	2.37162	0.03121127
1770	-195.1062	-197.2891	2.182844	0.03827764
1780	-194.4016	-196.7711	2.369549	0.03128723
1790	-198.3684	-200.2846	1.916222	0.0489102
1800	-202.4857	-205.2986	2.812869	0.01441494
1810	-196.4116	-199.0388	2.627205	0.02191696
1820	-195.071	-197.5942	2.523146	0.02570531
1830	-219.4056	-220.5669	1.161286	0.08468043
1840	-207.5393	-210.4031	2.863786	0.0111508
1850	-194.4468	-196.7653	2.318496	0.03316932
1860	-194.482	-196.7856	2.30361	0.0337218
1870	-205.9357	-208.7892	2.853496	0.01204593
1880	-194.4752	-196.8937	2.418535	0.0294972
1890	-201.5388	-204.335	2.796178	0.01521028
1900	-194.7609	-196.9967	2.235749	0.0362647
1910	-195.9754	-198.5755	2.600124	0.0229103
1920	-194.7213	-196.9645	2.243161	0.03598489
1930	-202.6587	-205.4743	2.815623	0.01427772
1940	-204.1114	-206.9469	2.835541	0.01320989
1950	-194.4033	-196.777	2.37375	0.03113317
1960	-194.4013	-196.7696	2.368352	0.03133114
1970	-201.4054	-204.199	2.793591	0.01532892
1980	-205.1942	-206.7932	1.599024	0.06282171
1990	-199.2933	-202.0364	2.743141	0.01748397
2000	-198.5818	-201.3029	2.721113	0.0183632
2010	-196.114	-198.1906	2.076574	0.04241217
2020	-194.4187	-196.7541	2.335331	0.03254658
2030	-195.6104	-198.1839	2.573504	0.02388016
2040	-204.0899	-205.732	1.642158	0.06084082
2050	-208.387	-209.8715	1.484497	0.06822604
2060	-194.8663	-197.0841	2.217731	0.03694707
2070	-199.9785	-202.7401	2.761683	0.01671996
2080	-210.6021	-213.4735	2.871427	0.009695421
2090	-196.7448	-199.3902	2.645356	0.02124586
2100	-195.2769	-197.4383	2.161354	0.03910358
2110	-204.4409	-206.0691	1.628217	0.06147786
2120	-209.4994	-210.9469	1.447478	0.07001903
2130	-213.0465	-215.9142	2.867768	0.008719342
2140	-199.2203	-201.9614	2.741022	0.01756975
2150	-203.4275	-205.0966	1.66911	0.05961788
2160	-212.486	-215.3553	2.869308	0.008930825
2170	-194.5386	-196.8239	2.285219	0.03440691
2180	-194.4968	-196.9228	2.425923	0.02922831
2190	-194.4488	-196.7663	2.317525	0.03320529
2200	-222.0414	-223.1361	1.094666	0.08830523
2210	-195.0648	-197.5873	2.522453	0.0257304
2220	-199.7696	-202.5259	2.756281	0.01694522
2230	-194.534	-196.9708	2.4368	0.02883288
2240	-214.211	-215.514	1.303036	0.07723805
2250	-194.4199	-196.7544	2.334412	0.03258052
2260	-194.4035	-196.7777	2.374219	0.03111599
2270	-195.0556	-197.2453	2.189675	0.03801609
2280	-200.7524	-203.5324	2.779998	0.01593605
2290	-203.9122	-206.7453	2.833127	0.01334814
2300	-195.0768	-197.2636	2.18679	0.03812649
2310	-194.8165	-197.3072	2.490743	0.02687765
2320	-194.4459	-196.8525	2.406511	0.02993535
2330	-208.5852	-210.063	1.477805	0.06854845
2340	-197.2198	-199.2103	1.990421	0.04586236
2350	-194.5042	-196.8	2.295819	0.03401169
2360	-194.4036	-196.778	2.374423	0.03110851
2370	-198.6681	-200.5666	1.898539	0.04964748
2380	-199.6868	-201.529	1.842279	0.05202185
2390	-194.5955	-196.8657	2.270202	0.03496849
2400	-194.4012	-196.7594	2.358152	0.03170577
2410	-196.9057	-198.9187	2.013018	0.04494846
2420	-196.6529	-198.6851	2.032159	0.04417934
2430	-194.9164	-197.4209	2.504511	0.02637951
2440	-194.4069	-196.7863	2.37943	0.03092505
2450	-195.5972	-198.1697	2.572458	0.02391818
2460	-197.6705	-200.3582	2.687677	0.01965623
2470	-195.239	-197.7798	2.540789	0.02506673
2480	-195.8486	-198.44	2.591363	0.02323007
2490	-203.6504	-206.4802	2.829808	0.01353354
2500	-194.6965	-197.168	2.471528	0.02757328
2510	-194.9801	-197.4926	2.512527	0.02608952
2520	-198.1975	-200.9054	2.70782	0.01888233
2530	-215.2374	-216.5111	1.273768	0.07874513
2540	-195.0071	-197.5229	2.515779	0.02597188
2550	-194.7621	-196.9977	2.235531	0.03627295
2560	-194.9248	-197.4305	2.505606	0.02633988
2570	-194.6332	-196.8946	2.26139	0.035299
2580	-196.6514	-199.2918	2.640453	0.02142766
2590	-200.8252	-203.6068	2.781594	0.01586603
2600	-201.3377	-203.0983	1.760658	0.05554676
2610	-208.4151	-209.8987	1.483545	0.06827186
2620	-195.5982	-197.7239	2.125638	0.04048741
2630	-196.7997	-199.4479	2.648171	0.02114131
2640	-195.0751	-197.5987	2.5236	0.0256889
2650	-206.1337	-207.6975	1.563885	0.06445728
2660	-197.1975	-199.1895	1.991988	0.04579878
2670	-196.9056	-198.9186	2.013025	0.04494817
2680	-194.5674	-196.8447	2.277326	0.03470185
2690	-200.5116	-202.3118	1.800251	0.05382485
2700	-196.2713	-198.8902	2.618953	0.02222055
2710	-227.1914	-228.164	0.9726472	0.09516199
2720	-199.0157	-200.8944	1.878721	0.05047884
2730	-200.8176	-203.599	2.781428	0.01587334
2740	-194.4307	-196.8293	2.398592	0.0302243
2750	-203.6472	-206.477	2.829767	0.01353581
2760	-197.3704	-199.3504	1.979997	0.0462862
2770	-211.6731	-214.5439	2.870812	0.009250168
2780	-203.0626	-205.8843	2.82172	0.01396623
2790	-199.404	-202.1503	2.746303	0.01735542
2800	-194.4651	-196.8798	2.414711	0.02963645
2810	-195.325	-197.4807	2.155666	0.03932302
2820	-204.1291	-205.7697	1.64059	0.06091232
2830	-196.4068	-199.0338	2.626931	0.02192706
2840	-196.2022	-198.2711	2.068911	0.04271535
2850	-194.5958	-197.0476	2.451783	0.02828896
2860	-200.305	-202.1155	1.810523	0.05338184
2870	-199.7237	-201.564	1.840336	0.05210467
2880	-198.1428	-200.8487	2.705837	0.01895916
2890	-195.078	-197.2647	2.186619	0.03813303
2900	-194.4009	-196.7678	2.366819	0.03138741
2910	-196.3642	-198.4194	2.055265	0.04325701
2920	-202.4381	-205.2502	2.812096	0.01445312
2930	-195.6796	-197.7969	2.117333	0.04081124
2940	-202.3729	-205.184	2.811027	0.01450565
2950	-194.6285	-196.8909	2.262463	0.03525871
2960	-194.6785	-197.1468	2.468302	0.02769013
2970	-194.4006	-196.7643	2.363627	0.0315046
2980	-201.4216	-204.2155	2.793907	0.01531446
2990	-199.8584	-201.6917	1.833302	0.05240484
3000	-197.2481	-199.2365	1.988448	0.04594249
3010	-195.442	-198.0015	2.559543	0.02438703
3020	-196.8686	-198.8843	2.015773	0.04483744
3030	-194.4106	-196.7532	2.342575	0.0322793
3040	-202.1825	-204.9903	2.80783	0.01466123
3050	-194.4296	-196.7575	2.327893	0.03282145
3060	-195.5034	-197.6391	2.135658	0.04009776
3070	-194.9713	-197.4827	2.511447	0.02612858
3080	-194.4008	-196.7612	2.360365	0.03162444
3090	-200.7938	-203.5747	2.780908	0.01589617
3100	-195.9911	-198.5923	2.601179	0.02287174
3110	-195.2943	-197.4536	2.159279	0.03918359
3120	-194.6634	-197.1289	2.465505	0.02779146
3130	-195.1814	-197.7164	2.534987	0.02527678
3140	-194.4466	-196.7652	2.318584	0.03316604
3150	-211.9008	-214.7713	2.870479	0.009159145
3160	-200.2384	-203.0065	2.768123	0.01644812
3170	-196.6246	-198.6589	2.034363	0.04409107
3180	-202.3393	-205.1498	2.810471	0.0145329
3190	-194.5621	-197.0061	2.443984	0.02857198
3200	-195.7342	-197.8461	2.111888	0.04102398
3210	-194.4025	-196.7568	2.354358	0.03184531
3220	-194.4187	-196.8093	2.390657	0.03051423
3230	-197.8722	-200.5679	2.695669	0.01935081
3240	-207.9762	-209.4747	1.498507	0.06755344
3250	-195.1651	-197.3403	2.175188	0.03857129
3260	-195.3379	-197.8882	2.550229	0.02472476
3270	-194.4792	-196.8992	2.419992	0.02944415
3280	-196.5047	-198.5485	2.04384	0.04371223
3290	-198.3621	-201.0758	2.713645	0.01865577
3300	-194.4038	-196.7554	2.351669	0.03194428
3310	-195.1708	-197.7047	2.5339	0.02531614
3320	-194.4441	-196.8497	2.40563	0.02996746
3330	-197.3859	-199.3648	1.97894	0.04632923
3340	-199.0601	-201.7964	2.73626	0.0177615
3350	-194.7466	-196.985	2.238374	0.03616553
3360	-194.8409	-197.3352	2.494263	0.02675028
3370	-245.8493	-246.4431	0.5938443	0.1183406
3380	-196.9169	-199.5709	2.654036	0.02092301
3390	-194.6725	-196.9254	2.252913	0.03561758
3400	-205.7531	-207.3311	1.577958	0.06379987
3410	-199.7978	-201.6343	1.836454	0.05227023
3420	-203.6545	-205.3143	1.659773	0.06004025
3430	-195.3227	-197.4786	2.155935	0.03931262
3440	-197.1011	-199.764	2.662879	0.02059255
3450	-194.4048	-196.7547	2.349867	0.03201062
3460	-195.98	-198.5804	2.600435	0.02289894
3470	-195.3221	-197.8708	2.548756	0.02477813
3480	-210.8977	-213.7692	2.871417	0.009569575
3490	-203.8873	-205.5376	1.650311	0.0604697
3500	-194.6803	-197.149	2.468633	0.02767815
3510	-196.8436	-199.494	2.650391	0.02105872
3520	-198.1551	-200.8614	2.706284	0.01894187
3530	-196.2879	-198.3495	2.061622	0.04300441
3540	-218.3443	-221.1789	2.834662	0.007011635
3550	-197.2049	-199.8726	2.667669	0.02041287
3560	-211.535	-212.9179	1.382837	0.07320528
3570	-194.8177	-197.3086	2.490917	0.02687135
3580	-208.0577	-210.9239	2.866132	0.01088294
3590	-194.4396	-196.7617	2.322177	0.03303296
3600	-197.865	-199.8123	1.947347	0.04762281
3610	-197.3314	-199.3141	1.982674	0.0461772
3620	-226.5921	-229.317	2.724889	0.005104692
3630	-203.559	-205.2227	1.663688	0.05986298
3640	-208.0396	-210.9057	2.866058	0.01089213
3650	-199.128	-201.8663	2.738296	0.01767967
3660	-196.6574	-198.6892	2.031811	0.04419329
3670	-195.9302	-198.5273	2.597057	0.0230223
3680	-194.5874	-196.8596	2.272193	0.03489394
3690	-197.4451	-199.4201	1.974913	0.04649339
3700	-196.4254	-199.0534	2.627993	0.02188795
3710	-194.7362	-197.2145	2.478292	0.02732832
3720	-194.4019	-196.7579	2.356046	0.03178324
3730	-195.8961	-197.9924	2.096336	0.04163354
3740	-216.0748	-218.9276	2.852778	0.007684717
3750	-195.3352	-197.8852	2.54998	0.02473376
3760	-195.6578	-198.235	2.577222	0.02374498
3770	-195.1488	-197.6804	2.531603	0.02539927
3780	-198.842	-201.5715	2.729532	0.01803026
3790	-202.3294	-205.1397	2.810306	0.01454094
3800	-195.2687	-197.431	2.162344	0.03906541
3810	-200.2519	-202.0651	1.81319	0.05326707
3820	-195.714	-197.8279	2.113889	0.04094577
3830	-207.5022	-209.0171	1.514919	0.06676963
3840	-199.9575	-201.7857	1.828177	0.05262403
3850	-210.8121	-212.2174	1.405368	0.07208662
3860	-209.9103	-212.7813	2.87096	0.009999101
3870	-196.5775	-199.214	2.636477	0.02157477
3880	-196.2961	-198.3571	2.06093	0.04303185
3890	-195.7835	-198.3702	2.586677	0.02340087
3900	-198.2776	-200.1993	1.921696	0.04868286
3910	-194.4584	-196.7715	2.313098	0.03336946
3920	-197.4728	-199.4458	1.973048	0.0465695
3930	-194.6338	-196.8951	2.261249	0.03530427
3940	-199.3041	-202.0476	2.743453	0.01747132
3950	-198.3865	-201.101	2.714492	0.01862274
3960	-222.9631	-224.0352	1.072084	0.08955281
3970	-194.8266	-197.0509	2.224274	0.03669891
3980	-199.1865	-201.9265	2.740028	0.01760987
3990	-195.1904	-197.3623	2.171984	0.03869441
4000	-195.3596	-197.9119	2.552221	0.02465256
4010	-194.9579	-197.1615	2.2036	0.03748453
4020	-199.9564	-202.7175	2.761123	0.01674344
4030	-205.0288	-207.8743	2.845468	0.01260286
4040	-196.7906	-198.8122	2.021619	0.04460226
4050	-194.7843	-197.2702	2.485916	0.02705235
4060	-217.9609	-219.1601	1.199202	0.08265401
4070	-203.2058	-204.8841	1.678329	0.05920215
4080	-199.3856	-202.1313	2.74578	0.01737672
4090	-203.2704	-204.946	1.675631	0.05932366
4100	-198.2327	-200.9417	2.70908	0.01883345
4110	-198.2539	-200.177	1.923134	0.04862319
4120	-200.4188	-203.1912	2.772417	0.01626469
4130	-196.7165	-199.3604	2.643884	0.02130047
4140	-194.9742	-197.486	2.511808	0.02611551
4150	-201.3971	-204.1905	2.793427	0.01533636
4160	-201.0206	-203.8064	2.785773	0.01568114
4170	-195.5048	-198.0697	2.564899	0.02419269
4180	-197.5483	-199.5163	1.967986	0.04677626
4190	-194.4167	-196.8058	2.389105	0.03057098
4200	-194.953	-197.1573	2.204327	0.03745681
4210	-221.147	-222.264	1.116922	0.08708507
4220	-197.373	-199.3528	1.979823	0.04629326
4230	-194.4163	-196.7536	2.337322	0.03247308
4240	-195.5691	-197.6977	2.128681	0.04036895
4250	-196.8724	-199.5243	2.651835	0.02100498
4260	-206.7829	-209.6424	2.859523	0.01155982
4270	-196.8862	-198.9006	2.014464	0.04489017
4280	-198.2626	-200.9728	2.710148	0.01879195
4290	-204.9683	-207.8132	2.844872	0.01264143
4300	-195.11	-197.6374	2.527444	0.02554979
4310	-194.4322	-196.8316	2.399428	0.03019378
4320	-198.4814	-200.3909	1.909483	0.0491907
4330	-201.4101	-204.2037	2.793682	0.01532475
4340	-195.9423	-198.0344	2.092039	0.04180243
4350	-196.2528	-198.3174	2.064591	0.04288658
4360	-213.9027	-215.2147	1.311963	0.07678139
4370	-196.9766	-199.6335	2.656951	0.02081423
4380	-214.2848	-217.1477	2.862968	0.008275338
4390	-194.4073	-196.7873	2.380002	0.03090408
4400	-195.4648	-197.6046	2.139858	0.03993474
4410	-194.8762	-197.0923	2.216155	0.03700693
4420	-205.9691	-207.539	1.569944	0.06417382
4430	-196.1154	-198.1918	2.076453	0.04241696
4440	-194.8733	-197.0899	2.21662	0.03698926
4450	-194.5338	-196.9706	2.436746	0.02883484
4460	-198.8962	-200.7816	1.885455	0.05019572
4470	-195.0124	-197.2081	2.195708	0.03778554
4480	-202.5316	-205.3452	2.813608	0.01437834
4490	-199.8739	-202.6329	2.759004	0.01683197
4500	-202.5381	-205.3518	2.813712	0.01437313
4510	-195.7079	-197.8224	2.114494	0.04092215
4520	-199.0131	-200.8919	1.878866	0.05047275
4530	-195.428	-197.9863	2.558323	0.0244313
4540	-194.4407	-196.8446	2.403958	0.03002847
4550	-205.6133	-207.1965	1.583182	0.06355665
4560	-205.698	-208.5496	2.851555	0.01218804
4570	-194.8565	-197.353	2.49646	0.02667078
4580	-195.5273	-197.6604	2.133096	0.04019728
4590	-198.9467	-200.8293	1.882598	0.05031579
4600	-198.3884	-201.103	2.714558	0.01862013
4610	-199.7588	-201.5973	1.838494	0.05218319
4620	-195.0099	-197.526	2.516108	0.02595995
4630	-203.0036	-205.8245	2.820857	0.01401096
4640	-194.595	-196.8654	2.270313	0.03496433
4650	-195.6347	-197.7566	2.121885	0.04063366
4660	-196.7231	-198.7498	2.026752	0.04439613
4670	-203.604	-206.4332	2.829202	0.01356684
4680	-197.2864	-199.2722	1.985783	0.04605079
4690	-200.8022	-202.5883	1.786059	0.05443942
4700	-197.052	-199.0543	2.002346	0.04537926
4710	-194.4006	-196.7637	2.363107	0.0315237
4720	-210.2984	-211.72	1.421655	0.07128333
4730	-194.511	-196.8046	2.293606	0.03409414
4740	-196.7705	-199.4172	2.646678	0.02119676
4750	-196.5272	-199.1609	2.633717	0.02167676
4760	-200.9902	-203.7753	2.785132	0.01570966
4770	-203.1974	-204.8761	1.678679	0.05918638
4780	-194.8131	-197.3033	2.490245	0.02689566
4790	-194.6636	-196.9183	2.254788	0.03554703
4800	-217.8732	-220.7121	2.838882	0.007144975
4810	-201.3955	-204.1889	2.793396	0.01533778
4820	-194.8321	-197.0554	2.223351	0.03673389
4830	-195.2515	-197.4159	2.164423	0.03898531
4840	-195.1079	-197.2905	2.182627	0.03828593
4850	-196.5939	-199.2312	2.637366	0.02154192
4860	-199.4703	-202.2184	2.748162	0.01727954
4870	-205.1215	-207.9679	2.846368	0.01254402
4880	-198.913	-201.6447	2.731754	0.01794176
4890	-194.5157	-196.8078	2.292102	0.03415016
4900	-196.0281	-198.6318	2.60364	0.02278177
4910	-194.4285	-196.757	2.328568	0.03279649
4920	-194.6575	-197.1219	2.464384	0.0278321
4930	-196.575	-199.2113	2.636339	0.02157987
4940	-197.5202	-200.2017	2.681468	0.01989219
4950	-217.7223	-220.5625	2.840185	0.007188384
4960	-194.5619	-197.0059	2.443941	0.02857355
4970	-195.5326	-197.6651	2.132536	0.04021905
4980	-195.0024	-197.5176	2.515212	0.02599237
4990	-198.0752	-200.0093	1.934117	0.04816845
5000	-194.8893	-197.1034	2.214072	0.03708605
5010	-197.2893	-199.2749	1.985579	0.04605907
5020	-195.6176	-197.7413	2.123634	0.04056549
5030	-200.2498	-203.0182	2.768399	0.01643637
5040	-194.4589	-196.8711	2.412221	0.02972719
5050	-194.4749	-196.7812	2.306311	0.03362144
5060	-204.4938	-206.12	1.626132	0.06157339
5070	-204.9755	-206.5829	1.607398	0.06243483
5080	-195.1288	-197.3087	2.179874	0.03839148
5090	-194.7635	-197.2462	2.482696	0.0271689
5100	-205.8588	-208.7117	2.85288	0.01209163
5110	-195.773	-198.3589	2.585907	0.02342892
5120	-196.5853	-199.2222	2.636903	0.02155902
5130	-200.6378	-202.4319	1.794049	0.05409305
5140	-197.044	-199.7042	2.660186	0.02069337
5150	-215.7043	-218.5595	2.855192	0.007802333
5160	-203.0508	-205.8723	2.821548	0.01397517
5170	-200.2681	-202.0805	1.812373	0.05330219
5180	-201.2137	-202.9802	1.766457	0.05529314
5190	-197.7342	-199.69	1.955763	0.04727695
5200	-195.615	-198.1889	2.573872	0.02386678
5210	-198.4544	-200.3655	1.911084	0.04912399
5220	-200.6932	-202.4846	1.791345	0.05421015
5230	-194.8287	-197.3213	2.492524	0.02681317
5240	-202.523	-204.2304	1.707408	0.05789934
5250	-203.8859	-205.5363	1.650365	0.06046723
5260	-195.4433	-197.5855	2.142221	0.03984312
5270	-197.9914	-200.6917	2.700225	0.01917577
5280	-205.8352	-208.6879	2.852689	0.01210568
5290	-194.4446	-196.8505	2.405882	0.02995829
5300	-214.3397	-217.2024	2.862711	0.008256342
5310	-201.1962	-202.9635	1.767281	0.05525714
5320	-203.3541	-206.1799	2.825844	0.01374871
5330	-213.6711	-216.5367	2.865584	0.008491521
5340	-201.5671	-204.3638	2.796719	0.01518537
5350	-199.4026	-201.26	1.857439	0.05137768
5360	-194.4605	-196.8733	2.412869	0.02970358
5370	-194.4279	-196.7568	2.328957	0.03278212
5380	-195.6515	-197.7717	2.120169	0.04070059
5390	-201.2174	-204.0072	2.789838	0.01549909
5400	-201.869	-203.6054	1.736315	0.05661697
5410	-194.5885	-196.8604	2.271932	0.03490371
5420	-194.4565	-196.7704	2.313947	0.03333796
5430	-198.0921	-200.7961	2.703979	0.01903101
5440	-200.0987	-202.8634	2.764701	0.01659303
5450	-202.9018	-205.7212	2.819347	0.01408876
5460	-200.7311	-202.5206	1.789504	0.05428995
5470	-196.1545	-198.7663	2.611772	0.02248405
5480	-194.7656	-197.2486	2.483018	0.02715722
5490	-206.272	-207.8308	1.55882	0.06469465
5500	-194.409	-196.7909	2.38192	0.03083385
5510	-200.3771	-202.184	1.80692	0.05353703
5520	-196.0545	-198.1363	2.081852	0.04220376
5530	-194.7418	-196.981	2.239282	0.03613128
5540	-212.4483	-213.8033	1.354994	0.07459974
5550	-206.9272	-209.7876	2.860415	0.01148008
5560	-197.0888	-199.7511	2.6623	0.02061425
5570	-197.2165	-199.2071	1.990657	0.04585279
5580	-196.4574	-199.0872	2.629816	0.02182073
5590	-203.2957	-204.9703	1.674579	0.05937111
5600	-197.5935	-200.2781	2.684524	0.01977621
5610	-196.0281	-198.1123	2.084223	0.04211026
5620	-200.0072	-202.7696	2.76241	0.01668944
5630	-196.8556	-198.8724	2.016737	0.04479864
5640	-196.5276	-198.5696	2.042006	0.04378547
5650	-195.9682	-198.0578	2.08966	0.04189605
5660	-211.2715	-214.1428	2.871229	0.009413709
5670	-195.782	-198.3685	2.586563	0.02340501
5680	-203.2791	-206.1039	2.824804	0.01380412
5690	-194.4129	-196.7532	2.340282	0.03236386
5700	-194.4723	-196.8898	2.417498	0.02953494
5710	-194.9085	-197.4119	2.503475	0.02641697
5720	-194.5913	-196.8626	2.271222	0.03493029
5730	-198.1751	-200.1031	1.927945	0.04842379
5740	-197.9202	-199.864	1.943839	0.04776729
5750	-194.405	-196.7819	2.376827	0.03102039
5760	-194.4849	-196.7875	2.302514	0.03376257
5770	-196.6321	-198.6659	2.033773	0.04411469
5780	-195.5288	-198.0957	2.566897	0.02412018
5790	-204.3342	-207.1723	2.838128	0.0130581
5800	-194.6483	-196.9064	2.258055	0.03542424
5810	-194.9444	-197.4525	2.508098	0.02624975
5820	-199.3608	-202.1059	2.745077	0.01740534
5830	-200.9556	-203.74	2.7844	0.01574214
5840	-196.6066	-199.2446	2.638054	0.02151645
5850	-201.0569	-202.8308	1.773863	0.05496993
5860	-205.1845	-206.7839	1.599392	0.0628047
5870	-213.7498	-215.0662	1.316417	0.07655406
5880	-194.5492	-196.99	2.440767	0.02868879
5890	-195.0255	-197.2193	2.19386	0.03785612
5900	-199.5952	-201.4423	1.847121	0.05181576
5910	-196.4607	-199.0907	2.629999	0.02181398
5920	-195.9465	-198.5446	2.598167	0.02298179
5930	-194.9965	-197.1944	2.197978	0.03769891
5940	-197.5292	-199.4985	1.969261	0.04672417
5950	-195.7874	-198.3743	2.586958	0.02339063
5960	-199.2694	-202.0119	2.742451	0.01751193
5970	-194.6558	-197.1199	2.464067	0.02784357
5980	-196.0946	-198.7026	2.607965	0.02262352
5990	-201.7859	-203.526	1.74007	0.05645133
6000	-198.4724	-200.3824	1.910019	0.04916834
6010	-194.4137	-196.7533	2.339582	0.03238969
6020	-196.4419	-199.0708	2.628934	0.02185327
6030	-206.358	-207.9137	1.555686	0.06484174
6040	-199.2627	-202.005	2.742257	0.01751979
6050	-195.7579	-197.8675	2.109557	0.04111517
6060	-204.155	-206.9911	2.836057	0.01317992
6070	-197.316	-199.9887	2.672657	0.02022521
6080	-203.2983	-206.1234	2.825071	0.01378991
6090	-196.3092	-198.3691	2.059832	0.04307549
6100	-194.4113	-196.7957	2.384363	0.03074443
6110	-195.4719	-198.034	2.56212	0.02429355
6120	-200.3052	-203.075	2.76973	0.01637966
6130	-224.778	-225.8066	1.028601	0.09198233
6140	-194.8371	-197.0596	2.222526	0.03676519
6150	-195.0354	-197.5545	2.519089	0.02585211
6160	-204.8949	-207.739	2.844137	0.01268857
6170	-194.8485	-197.3438	2.49533	0.02671166
6180	-195.2241	-197.3919	2.16778	0.03885607
6190	-197.984	-200.6839	2.699945	0.01918658
6200	-201.6303	-203.3775	1.74715	0.05613952
6210	-194.7728	-197.257	2.484153	0.02711613
6220	-196.322	-198.3808	2.058763	0.04311792
6230	-194.6979	-197.1697	2.471773	0.0275644
6240	-194.4758	-196.7818	2.305938	0.03363527
6250	-204.7669	-207.6098	2.842828	0.01277138
6260	-202.2567	-205.0658	2.809089	0.01460024
6270	-199.1435	-201.8823	2.738757	0.01766113
6280	-194.4137	-196.7533	2.339578	0.03238983
6290	-202.8382	-204.5321	1.69385	0.05850517
6300	-203.1935	-204.8723	1.678846	0.05917887
6310	-194.4515	-196.7677	2.316247	0.03325267
6320	-198.0771	-200.7805	2.703424	0.01905244
6330	-195.9573	-198.5562	2.598901	0.02295499
6340	-203.7264	-206.5572	2.83079	0.01347924
6350	-198.0712	-200.7744	2.703207	0.01906084
6360	-198.1732	-200.8801	2.70694	0.01891644
6370	-214.2563	-217.1194	2.8631	0.008285215
6380	-194.7717	-197.2556	2.48397	0.02712278
6390	-196.7641	-198.7877	2.023627	0.04452159
6400	-221.7195	-222.8221	1.102638	0.08786712
6410	-194.6088	-196.8758	2.267009	0.03508818
6420	-197.0108	-199.0161	2.005321	0.045259
6430	-194.9347	-197.4416	2.506875	0.02629396
6440	-195.3353	-197.4898	2.154461	0.03936952
6450	-196.9317	-199.5865	2.654767	0.02089575
6460	-194.4031	-196.7561	2.353088	0.03189203
6470	-195.5809	-197.7084	2.127438	0.04041733
6480	-195.6904	-198.2702	2.57973	0.02365375
6490	-208.2841	-211.1511	2.867015	0.01076897
6500	-195.7973	-197.9031	2.105726	0.04126518
6510	-215.3709	-218.2281	2.857231	0.007910203
6520	-206.3842	-207.9389	1.554733	0.0648865
6530	-194.6768	-196.9288	2.252017	0.03565127
6540	-194.8324	-197.3254	2.493049	0.0267942
6550	-200.8716	-202.6543	1.782714	0.05458472
6560	-194.6976	-197.1693	2.471722	0.02756626
6570	-225.63	-226.6386	1.008614	0.0931112
6580	-194.4748	-196.8933	2.418417	0.02950148
6590	-194.762	-196.9976	2.235548	0.0362723
6600	-209.692	-211.1332	1.441196	0.07032554
6610	-194.7368	-196.977	2.240209	0.03609627
6620	-194.727	-196.969	2.242078	0.03602576
6630	-194.4491	-196.8571	2.407967	0.02988223
6640	-194.418	-196.8081	2.390122	0.0305338
6650	-199.4483	-201.3032	1.854976	0.05148215
6660	-195.0273	-197.5455	2.518152	0.02588601
6670	-208.5774	-211.4455	2.868035	0.01062387
6680	-198.3261	-201.0385	2.712387	0.01870483
6690	-210.8602	-213.7316	2.871425	0.009585426
6700	-203.1713	-204.8511	1.679774	0.05913711
6710	-199.5494	-201.399	1.849559	0.05171213
6720	-195.1517	-197.3286	2.176906	0.03850536
6730	-201.0111	-203.7967	2.785573	0.01569006
6740	-195.4666	-198.0283	2.561664	0.02431009
6750	-195.4293	-197.5731	2.143774	0.03978293
6760	-196.2255	-198.8417	2.616175	0.02232254
6770	-198.3894	-200.3044	1.91496	0.0489627
6780	-194.7571	-196.9935	2.236451	0.03623817
6790	-196.5015	-199.1337	2.632288	0.02172952
6800	-216.8116	-218.0418	1.230149	0.08101957
6810	-201.7211	-203.4642	1.743009	0.05632179
6820	-198.1484	-200.078	1.929589	0.04835572
6830	-196.2056	-198.8206	2.614953	0.02236741
6840	-204.9907	-207.8358	2.845094	0.01262714
6850	-197.5182	-199.4882	1.969999	0.04669399
6860	-194.4412	-196.7625	2.321308	0.03306515
6870	-197.1283	-199.7924	2.664144	0.02054515
6880	-195.0439	-197.2352	2.191285	0.03795455
6890	-203.3985	-206.2249	2.826452	0.01371609
6900	-194.4008	-196.7616	2.360867	0.03160602
6910	-202.0355	-203.7644	1.728849	0.05694696
6920	-195.8332	-198.4235	2.590268	0.02326999
6930	-194.5477	-196.9881	2.440385	0.02870267
6940	-195.8488	-197.9496	2.100799	0.04145831
6950	-194.4902	-196.7908	2.300613	0.03383324
6960	-206.7398	-209.599	2.859249	0.01158384
6970	-202.1638	-203.887	1.723149	0.05719949
6980	-203.347	-206.1727	2.825745	0.01375396
6990	-195.1318	-197.6616	2.5298	0.02546453
7000	-206.3589	-209.2156	2.856678	0.01179921
7010	-194.414	-196.8009	2.38689	0.03065199
7020	-201.8306	-203.5686	1.73805	0.05654042
7030	-199.5693	-201.4178	1.8485	0.05175715
7040	-194.5597	-196.8391	2.27935	0.03462616
7050	-200.5865	-202.3831	1.796562	0.0539843
7060	-195.7551	-198.3397	2.584591	0.02347684
7070	-194.4898	-196.9134	2.423633	0.02931163
7080	-198.7191	-201.4448	2.725613	0.0181857
7090	-199.8122	-202.5696	2.757399	0.01689879
7100	-195.6723	-197.7903	2.118067	0.04078261
7110	-206.5188	-208.0686	1.549852	0.06511598
7120	-194.4756	-196.8944	2.418711	0.02949078
7130	-224.3644	-225.4028	1.038399	0.09143174
7140	-196.7075	-199.3509	2.643415	0.02131788
7150	-196.4305	-198.4803	2.049824	0.04347359
7160	-194.4963	-196.9221	2.425753	0.02923448
7170	-196.3731	-198.4276	2.054525	0.04328643
7180	-194.4775	-196.8969	2.419389	0.0294661
7190	-200.8117	-203.593	2.781298	0.01587901
7200	-197.9973	-200.6977	2.700445	0.01916731
7210	-204.766	-206.3815	1.615498	0.06206171
7220	-196.0372	-198.1206	2.083404	0.04214254
7230	-196.7554	-199.4013	2.645901	0.02122562
7240	-195.3272	-197.8765	2.549238	0.02476066
7250	-195.3924	-197.5403	2.147918	0.03962248
7260	-194.786	-197.0172	2.231267	0.03643414
7270	-194.5915	-196.8627	2.271191	0.03493147
7280	-216.7293	-219.5774	2.848135	0.007482455
7290	-196.6167	-198.6517	2.034977	0.0440665
7300	-202.0085	-203.7386	1.730055	0.05689359
7310	-197.8223	-199.7724	1.950075	0.04751062
7320	-194.4056	-196.7543	2.348732	0.03205241
7330	-194.589	-197.0393	2.450269	0.02834388
7340	-207.3425	-210.2053	2.862775	0.01125509
7350	-199.0013	-201.7357	2.734474	0.01783311
7360	-210.8637	-212.2675	1.403743	0.07216699
7370	-198.6194	-200.5208	1.901372	0.04952908
7380	-195.443	-197.5852	2.142254	0.03984185
7390	-203.0655	-204.7497	1.684219	0.0589372
7400	-194.5316	-196.9678	2.436146	0.02885665
7410	-196.2451	-198.8625	2.617372	0.02227863
7420	-204.4277	-206.0565	1.628735	0.06145414
7430	-194.5546	-196.8354	2.280731	0.03457455
7440	-195.5613	-198.1309	2.569564	0.0240233
7450	-208.662	-211.5303	2.868303	0.01058259
7460	-206.8131	-209.6728	2.859713	0.01154307
7470	-196.5113	-198.5546	2.043306	0.04373357
7480	-199.647	-202.4001	2.753011	0.01708044
7490	-194.8834	-197.3835	2.500143	0.02653753
7500	-194.4416	-196.7627	2.321113	0.03307239
7510	-196.2994	-198.92	2.620638	0.02215863
7520	-195.8146	-198.4035	2.588932	0.02331871
7530	-204.9486	-207.7933	2.844676	0.01265405
7540	-195.6265	-198.2013	2.574781	0.02383374
7550	-197.7613	-200.4527	2.691322	0.0195172
7560	-195.1375	-197.6679	2.530407	0.02544258
7570	-194.6996	-197.1717	2.472074	0.02755349
7580	-194.4627	-196.8764	2.413765	0.02967092
7590	-195.3433	-197.4968	2.153534	0.03940534
7600	-202.5069	-204.215	1.708104	0.0578683
7610	-195.3384	-197.8887	2.550275	0.02472307
7620	-195.703	-198.2837	2.580686	0.02361897
7630	-197.5986	-200.2833	2.684733	0.01976827
7640	-201.5567	-204.3532	2.79652	0.01519455
7650	-198.906	-201.6375	2.731535	0.01795049
7660	-201.8169	-204.6183	2.801377	0.01496848
7670	-194.4025	-196.7568	2.354352	0.03184555
7680	-194.6197	-197.0766	2.456889	0.02810378
7690	-197.2481	-199.2366	1.988443	0.04594267
7700	-200.2811	-203.0503	2.769154	0.01640426
7710	-195.4222	-197.5668	2.144565	0.03975229
7720	-196.2811	-198.3433	2.062191	0.04298182
7730	-194.8212	-197.3126	2.491432	0.0268527
7740	-194.4035	-196.7778	2.374251	0.0311148
7750	-195.2073	-197.7449	2.537625	0.02518127
7760	-196.0776	-198.1574	2.079791	0.0422851
7770	-196.9446	-198.9548	2.010152	0.04506401
7780	-212.5938	-213.9444	1.350619	0.07482007
7790	-195.4357	-197.9947	2.559001	0.0244067
7800	-195.7602	-198.3452	2.584966	0.02346318
7810	-194.4242	-196.8187	2.394532	0.03037261
7820	-201.8087	-204.6099	2.801227	0.01497555
7830	-195.5455	-198.1137	2.568272	0.02407023
7840	-197.449	-199.4236	1.974656	0.04650388
7850	-205.8853	-207.4583	1.573047	0.06402893
7860	-195.4032	-197.5499	2.146698	0.03966972
7870	-196.5539	-198.5938	2.039922	0.0438687
7880	-194.4045	-196.7549	2.350322	0.03199386
7890	-194.6384	-197.0991	2.460681	0.02796629
7900	-223.0227	-225.8031	2.78042	0.00584125
7910	-196.5852	-198.6226	2.037451	0.04396752
7920	-195.8599	-198.4521	2.592164	0.02320086
7930	-199.954	-202.7151	2.761061	0.01674602
7940	-205.1718	-206.7717	1.599877	0.06278227
7950	-194.9092	-197.1202	2.210966	0.03720412
7960	-196.7419	-199.3871	2.645202	0.02125157
7970	-194.5265	-196.8153	2.288791	0.03427362
7980	-199.5012	-201.3534	1.852133	0.0516028
7990	-194.4015	-196.7708	2.369314	0.03129586
8000	-204.7787	-206.3937	1.615007	0.06208429
8010	-194.5408	-196.8254	2.284592	0.03443032
8020	-200.9102	-203.6936	2.78343	0.01578508
8030	-195.3996	-197.5467	2.147096	0.03965432
8040	-206.5533	-208.1019	1.548604	0.06517473
8050	-198.3801	-201.0944	2.71427	0.01863141
8060	-209.7135	-212.5842	2.870699	0.010088
8070	-194.6561	-197.1202	2.464117	0.02784176
8080	-196.2384	-198.3042	2.065813	0.04283813
8090	-207.534	-209.0478	1.513807	0.06682261
8100	-201.2089	-203.9986	2.789666	0.01550687
8110	-197.2616	-199.9318	2.670231	0.02031656
8120	-197.4046	-200.0811	2.676534	0.02007894
8130	-203.2481	-206.0724	2.82437	0.01382714
8140	-197.3457	-200.0196	2.673966	0.02017588
8150	-194.4529	-196.8626	2.40969	0.02981941
8160	-204.7862	-207.6292	2.843027	0.01275885
8170	-195.603	-198.1759	2.572921	0.02390136
8180	-195.5017	-197.6376	2.13584	0.04009066
8190	-196.4897	-198.5348	2.045038	0.04366441
8200	-194.7613	-197.2436	2.482339	0.0271818
8210	-194.5341	-196.9709	2.436821	0.02883211
8220	-200.7228	-203.5021	2.779344	0.01596465
8230	-194.7461	-197.226	2.479912	0.02726968
8240	-194.6965	-196.9445	2.248024	0.03580162
8250	-195.5924	-198.1645	2.572078	0.02393199
8260	-199.2472	-201.989	2.741805	0.01753806
8270	-196.7951	-199.4431	2.647939	0.02114992
8280	-201.0488	-203.8351	2.786364	0.01565485
8290	-194.4757	-196.8945	2.418742	0.02948964
8300	-200.6606	-203.4385	2.777957	0.01602514
8310	-213.6206	-216.4864	2.865779	0.008509633
8320	-195.2475	-197.4124	2.164907	0.03896665
8330	-196.3285	-198.9509	2.622367	0.02209507
8340	-194.6641	-196.9188	2.254676	0.03555126
8350	-210.376	-213.2474	2.871351	0.009793208
8360	-194.4194	-196.7542	2.334839	0.03256476
8370	-194.4007	-196.7648	2.364114	0.03148672
8380	-194.4269	-196.8232	2.396288	0.03030846
8390	-194.9556	-197.4651	2.509506	0.02619879
8400	-197.0175	-199.6764	2.65892	0.02074071
8410	-196.1462	-198.7574	2.611246	0.02250331
8420	-195.9335	-198.0264	2.092854	0.04177041
8430	-194.5533	-196.8344	2.281093	0.034561
8440	-206.6459	-209.5045	2.85864	0.01163638
8450	-194.7908	-197.0212	2.230423	0.03646607
8460	-195.4016	-197.5484	2.146879	0.03966272
8470	-196.355	-198.411	2.056021	0.04322691
8480	-197.3753	-199.3549	1.979665	0.0462997
8490	-199.1473	-201.0187	1.871394	0.05078758
8500	-196.395	-199.0213	2.62625	0.02195214
8510	-195.212	-197.3813	2.169276	0.03879851
8520	-195.4021	-197.9581	2.556039	0.02451414
8530	-235.8287	-236.6157	0.7869956	0.1061542
8540	-194.698	-196.9457	2.24772	0.03581305
8550	-195.1006	-197.2842	2.18359	0.03824903
8560	-204.4522	-206.0799	1.627772	0.06149823
8570	-196.0971	-198.7052	2.608126	0.02261763
8580	-197.5721	-200.2557	2.683636	0.01980993
8590	-195.9331	-198.026	2.092887	0.04176908
8600	-197.679	-199.6383	1.959363	0.04712929
8610	-195.0343	-197.2269	2.192626	0.03790329
8620	-223.4974	-226.2712	2.773717	0.005736294
8630	-196.9127	-199.5665	2.65383	0.02093066
8640	-197.0875	-199.7498	2.662243	0.02061639
8650	-202.7448	-204.4426	1.697846	0.05832632
8660	-195.2249	-197.7643	2.539391	0.02511734
8670	-194.7186	-197.1939	2.475345	0.02743501
8680	-209.427	-210.8769	1.449846	0.06990364
8690	-210.1536	-213.0248	2.871204	0.00989081
8700	-195.8664	-197.9656	2.099124	0.04152406
8710	-195.5998	-198.1725	2.572669	0.02391051
8720	-196.1385	-198.2129	2.074432	0.04249685
8730	-198.46	-200.3707	1.910755	0.04913771
8740	-196.4967	-199.1287	2.632023	0.02173932
8750	-194.4646	-196.8792	2.414537	0.0296428
8760	-207.518	-210.3817	2.86368	0.01116201
8770	-198.2506	-200.9603	2.709721	0.01880855
8780	-205.1547	-208.0014	2.846685	0.01252309
8790	-200.0061	-202.7685	2.762384	0.01669056
8800	-215.9321	-218.7858	2.853727	0.007729751
8810	-194.8634	-197.3609	2.49742	0.02663605
8820	-199.1137	-201.8516	2.737869	0.01769688
8830	-198.7381	-201.4643	2.726222	0.01816156
8840	-210.2801	-213.1514	2.871296	0.009835147
8850	-218.3792	-219.5673	1.188115	0.08324385
8860	-195.2404	-197.4062	2.165778	0.03893313
8870	-195.1719	-197.7059	2.534006	0.0253123
8880	-201.9166	-204.7198	2.80318	0.0148835
8890	-196.7049	-199.3482	2.64328	0.02132287
8900	-196.3495	-198.9731	2.623599	0.02204974
8910	-197.5605	-199.5277	1.967176	0.04680937
8920	-194.4707	-196.7787	2.307936	0.03356107
8930	-203.8432	-205.4953	1.652093	0.06038872
8940	-195.3777	-197.5273	2.149579	0.03955822
8950	-207.8254	-209.3291	1.5037	0.06730492
8960	-195.2065	-197.744	2.537543	0.02518426
8970	-208.6727	-211.541	2.868336	0.01057736
8980	-195.4922	-198.056	2.56384	0.02423112
8990	-196.7674	-198.7907	2.023376	0.04453166
9000	-198.8469	-201.5765	2.729686	0.01802414
9010	-194.5835	-196.8567	2.273162	0.03485765
9020	-194.5503	-196.8322	2.281926	0.03452991
9030	-194.5002	-196.7973	2.297169	0.03396142
9040	-196.3247	-198.3833	2.058538	0.04312686
9050	-194.4132	-196.7993	2.386155	0.03067886
9060	-201.0926	-202.8648	1.772171	0.0550437
9070	-196.5868	-199.2238	2.636982	0.02155609
9080	-196.5832	-198.6208	2.037603	0.04396143
9090	-196.7975	-199.4455	2.648058	0.02114549
9100	-194.7977	-197.2856	2.487949	0.02697876
9110	-196.0947	-198.7026	2.607969	0.02262336
9120	-196.256	-198.8741	2.618034	0.02225432
9130	-196.5407	-199.1752	2.634465	0.02164915
9140	-195.8851	-197.9824	2.097368	0.04159298
9150	-194.4092	-196.7533	2.344052	0.03222485
9160	-198.0924	-200.7964	2.70399	0.0190306
9170	-199.9576	-201.7857	1.828173	0.05262418
9180	-195.5313	-198.0984	2.567104	0.02411264
9190	-197.5688	-200.2523	2.683498	0.01981518
9200	-201.7652	-204.5656	2.80043	0.01501291
9210	-195.8327	-198.4229	2.590231	0.02327136
9220	-205.6126	-207.1958	1.583209	0.06355539
9230	-199.0627	-200.9388	1.876091	0.05058959
9240	-197.0845	-199.0846	2.000005	0.04547396
9250	-206.0299	-208.8841	2.854234	0.01199031
9260	-194.4018	-196.7719	2.370129	0.03126595
9270	-201.2111	-202.9776	1.766582	0.05528766
9280	-197.9438	-200.6422	2.698419	0.01924525
9290	-194.923	-197.4283	2.505366	0.02634858
9300	-194.4396	-196.843	2.403404	0.03004869
9310	-198.0971	-200.8013	2.704162	0.01902394
9320	-194.5098	-196.8038	2.293978	0.03408028
9330	-194.6451	-197.1071	2.462002	0.02791841
9340	-197.4762	-200.1558	2.679605	0.01996276
9350	-207.3019	-208.8238	1.521933	0.06643601
9360	-194.9308	-197.1384	2.207665	0.03732972
9370	-194.4299	-196.7576	2.327667	0.03282979
9380	-198.9217	-200.8057	1.884009	0.05025648
9390	-210.9788	-212.379	1.40013	0.07234589
9400	-199.0798	-201.8167	2.736854	0.01773768
9410	-214.9931	-217.8525	2.859384	0.008034771
9420	-194.4753	-196.7814	2.306144	0.03362762
9430	-199.1082	-201.8459	2.737705	0.01770346
9440	-196.0549	-198.1367	2.081815	0.04220524
9450	-194.4659	-196.7758	2.309888	0.03348856
9460	-200.9644	-203.749	2.784586	0.0157339
9470	-197.6344	-200.3206	2.686206	0.01971226
9480	-219.1037	-220.2728	1.169123	0.0842594
9490	-195.3484	-197.5013	2.152948	0.03942797
9500	-197.0742	-199.7358	2.661616	0.02063985
9510	-199.0571	-200.9335	1.876402	0.05057649
9520	-199.92	-202.6802	2.760192	0.01678237
9530	-202.6226	-205.4377	2.815055	0.01430616
9540	-200.9769	-203.7617	2.78485	0.01572218
9550	-216.3547	-217.5974	1.242658	0.08036381
9560	-197.7681	-199.7217	1.953565	0.04736718
9570	-198.1162	-200.8211	2.704865	0.01899677
9580	-197.1696	-199.1635	1.993956	0.04571897
9590	-203.6474	-205.3074	1.660067	0.06002694
9600	-199.5563	-202.3069	2.750543	0.017182
9610	-194.6753	-197.143	2.467704	0.0277118
9620	-196.64	-199.2798	2.639844	0.02145019
9630	-198.3694	-200.2855	1.916162	0.04891272
9640	-194.8359	-197.0586	2.222722	0.03675773
9650	-194.5097	-196.8037	2.294029	0.03407838
9660	-199.2764	-201.1407	1.864292	0.05108756
9670	-200.9829	-203.7678	2.784978	0.01571652
9680	-206.8637	-208.4012	1.537455	0.06570052
9690	-195.7226	-198.3047	2.582162	0.02356527
9700	-200.1176	-201.9375	1.819984	0.05297514
9710	-205.6494	-208.5005	2.851144	0.01221747
9720	-194.4117	-196.7965	2.384769	0.03072957
9730	-194.7568	-197.2385	2.481632	0.0272074
9740	-194.8049	-197.2939	2.489025	0.0269398
9750	-195.8982	-198.493	2.594845	0.02310307
9760	-199.1589	-201.0297	1.870749	0.05081478
9770	-199.0255	-201.7607	2.735211	0.01780357
9780	-201.0249	-203.8108	2.785864	0.01567711
9790	-195.0649	-197.5873	2.522454	0.02573036
9800	-206.3029	-207.8606	1.557693	0.0647475
9810	-195.1297	-197.3095	2.179752	0.03839616
9820	-206.3042	-209.1605	2.856286	0.01183066
9830	-194.541	-196.9797	2.438657	0.02876542
9840	-201.4036	-204.1971	2.793554	0.01533058
9850	-199.7712	-201.6091	1.837846	0.05221085
9860	-195.1897	-197.3618	2.172064	0.03869131
9870	-194.4097	-196.7924	2.382726	0.03080434
9880	-194.7025	-196.9493	2.246823	0.03584685
9890	-195.5992	-198.1718	2.572618	0.02391234
9900	-194.4519	-196.8612	2.409249	0.02983549
9910	-194.5199	-196.8107	2.290813	0.03419823
9920	-201.1081	-202.8795	1.771438	0.05507566
9930	-195.5312	-197.6639	2.132681	0.0402134
9940	-198.2416	-200.951	2.709401	0.01882097
9950	-194.9427	-197.4505	2.507881	0.02625759
9960	-194.7928	-197.0228	2.230072	0.03647935
9970	-197.782	-199.7347	1.95267	0.04740393
9980	-194.9983	-197.196	2.197716	0.03770891
9990	-205.8518	-208.7046	2.852824	0.0120958
10000	-194.4533	-196.7687	2.31539	0.03328446
