Iteration	Posterior	Likelihood	Prior	birth_rate
0	-194.489	-196.7901	2.301032	0.03381767
10	-203.7188	-206.5495	2.830692	0.01348466
20	-194.4997	-196.797	2.297341	0.03395502
30	-196.3906	-199.0166	2.625992	0.02196164
40	-194.6162	-196.8815	2.265264	0.03515362
50	-194.9824	-197.1824	2.200006	0.03762154
60	-198.5167	-200.4241	1.907395	0.04927769
70	-197.1436	-199.1394	1.995793	0.04564451
80	-194.4043	-196.78	2.375656	0.03106331
90	-194.7917	-197.2787	2.487048	0.02701135
100	-194.817	-197.0429	2.2259	0.03663729
110	-194.796	-197.2837	2.487699	0.02698779
120	-195.5318	-198.0989	2.567145	0.02411115
130	-198.504	-201.2226	2.718509	0.0184655
140	-194.4224	-196.8157	2.393319	0.03041692
150	-194.4243	-196.7556	2.331325	0.03269456
160	-197.6947	-199.6531	1.958332	0.04717154
170	-195.2779	-197.4391	2.161239	0.03910798
180	-194.566	-196.8437	2.277692	0.03468817
190	-194.8573	-197.3538	2.496564	0.02666701
200	-202.2382	-203.958	1.719863	0.05734527
210	-194.5569	-196.9995	2.442691	0.02861892
220	-202.0021	-203.7324	1.730344	0.05688082
230	-194.6485	-197.1111	2.46265	0.02789493
240	-194.4008	-196.7662	2.365435	0.03143821
250	-195.3455	-197.8964	2.550926	0.0246995
260	-200.0514	-202.8149	2.763521	0.01664276
270	-200.2332	-202.0473	1.81413	0.05322662
280	-196.4964	-198.5409	2.044502	0.04368582
290	-195.3147	-197.4716	2.156873	0.03927642
300	-195.115	-197.2967	2.181684	0.03832207
310	-194.9895	-197.5031	2.513663	0.02604843
320	-197.467	-199.4404	1.973439	0.04655355
330	-198.0613	-200.7641	2.702838	0.01907508
340	-194.9028	-197.1148	2.211961	0.03716627
350	-198.0113	-199.9494	1.938098	0.04800401
360	-200.2772	-202.0891	1.811917	0.05332184
370	-196.328	-198.3863	2.058264	0.04313776
380	-194.7592	-197.2412	2.482013	0.0271936
390	-195.6793	-198.2582	2.578879	0.02368471
400	-195.8483	-197.9492	2.100839	0.04145675
410	-196.6371	-199.2767	2.639689	0.02145593
420	-196.618	-199.2567	2.638667	0.02149375
430	-194.9217	-197.4269	2.505205	0.02635441
440	-196.6501	-198.6825	2.032373	0.04417075
450	-194.7476	-197.2277	2.480148	0.02726113
460	-194.542	-196.9809	2.438913	0.02875614
470	-194.5049	-196.9333	2.428438	0.02913684
480	-201.4508	-203.2062	1.755407	0.05577688
490	-194.4652	-196.7754	2.310178	0.03347781
500	-194.4726	-196.8903	2.417611	0.02953083
510	-202.5534	-205.3674	2.813957	0.01436095
520	-194.6696	-196.9231	2.253519	0.03559477
530	-194.6752	-196.9276	2.252352	0.03563869
540	-194.4324	-196.8319	2.399532	0.03019001
550	-196.6658	-198.697	2.031159	0.0442194
560	-194.4509	-196.8596	2.408773	0.02985288
570	-196.3147	-198.374	2.059377	0.04309353
580	-195.1199	-197.3009	2.181048	0.03834648
590	-194.407	-196.7537	2.346691	0.03212757
600	-194.4223	-196.755	2.332681	0.03264447
610	-194.5818	-196.8554	2.273598	0.03484132
620	-202.6623	-204.3637	1.701387	0.05816805
630	-195.0285	-197.2219	2.193437	0.03787229
640	-195.1991	-197.7359	2.536799	0.0252112
650	-198.6788	-201.4031	2.724304	0.01823742
660	-194.6588	-197.1235	2.464639	0.02782286
670	-198.1773	-200.8844	2.707088	0.01891071
680	-195.6603	-197.7796	2.11928	0.04073526
690	-197.8529	-199.801	1.948116	0.04759119
700	-217.5108	-220.3527	2.841968	0.007249772
710	-199.2593	-201.1245	1.865231	0.05104785
720	-197.2229	-199.2131	1.990207	0.04587104
730	-196.188	-198.8019	2.613864	0.02240733
740	-195.6262	-198.201	2.574759	0.02383454
750	-194.4024	-196.7743	2.371911	0.03120059
760	-196.0651	-198.6712	2.606062	0.02269319
770	-194.6437	-196.9028	2.25906	0.03538648
780	-197.2329	-199.2224	1.989509	0.04589939
790	-195.6066	-198.1798	2.573207	0.02389096
800	-194.4191	-196.7542	2.335027	0.03255783
810	-195.5424	-197.6739	2.131488	0.04025978
820	-194.4028	-196.7564	2.353611	0.03187279
830	-194.4006	-196.7643	2.36368	0.03150268
840	-204.67	-206.2892	1.619235	0.0618899
850	-194.4308	-196.758	2.327112	0.03285033
860	-194.7567	-196.9932	2.236522	0.03623551
870	-194.4537	-196.8637	2.410025	0.02980721
880	-195.4809	-197.619	2.138096	0.04000309
890	-197.6467	-199.6082	1.961478	0.04704259
900	-198.5421	-201.2619	2.71979	0.01841521
910	-194.6675	-197.1338	2.466266	0.02776389
920	-195.3561	-197.5082	2.152057	0.03946244
930	-194.4394	-196.7617	2.322269	0.03302957
940	-195.2477	-197.4126	2.164891	0.0389673
950	-196.9013	-199.5546	2.653269	0.02095158
960	-194.6229	-196.8866	2.263739	0.03521082
970	-194.7162	-196.9603	2.244146	0.03594775
980	-194.4034	-196.7774	2.374024	0.03112311
990	-194.6531	-196.9101	2.257019	0.03546317
1000	-194.514	-196.8067	2.292649	0.03412978
1010	-198.2101	-200.9184	2.708272	0.01886483
1020	-196.9913	-198.998	2.006741	0.04520167
1030	-194.577	-196.8518	2.274835	0.03479504
1040	-194.4283	-196.8254	2.397138	0.0302774
1050	-194.4597	-196.8722	2.412548	0.02971525
1060	-194.959	-197.4689	2.50993	0.02618346
1070	-195.5082	-197.6434	2.135141	0.04011782
1080	-194.7044	-196.9508	2.246456	0.03586069
1090	-205.1618	-208.0085	2.846752	0.01251865
1100	-194.8761	-197.3753	2.499156	0.02657325
1110	-194.6483	-197.1109	2.462614	0.02789624
1120	-194.9556	-197.1595	2.203941	0.03747154
1130	-194.4661	-196.8813	2.415132	0.02962111
1140	-194.4119	-196.7532	2.341298	0.03232638
1150	-194.6217	-196.8857	2.264004	0.03520088
1160	-194.5272	-196.9621	2.434925	0.028901
1170	-194.5972	-196.867	2.269794	0.03498378
1180	-196.5891	-198.6262	2.037142	0.04397986
1190	-196.9159	-199.5699	2.653989	0.02092474
1200	-194.4334	-196.759	2.325626	0.03290531
1210	-194.5244	-196.9586	2.434156	0.02892897
1220	-195.6284	-198.2033	2.57493	0.02382834
1230	-196.2778	-198.3402	2.062477	0.04297045
1240	-203.5235	-205.1886	1.66515	0.05979684
1250	-200.6553	-202.4485	1.793193	0.05413009
1260	-195.1974	-197.7341	2.53663	0.02521732
1270	-194.4807	-196.7848	2.3041	0.0337036
1280	-194.7338	-197.2117	2.477895	0.0273427
1290	-194.4419	-196.8464	2.404553	0.03000677
1300	-196.5477	-198.5881	2.04041	0.04384923
1310	-195.9142	-198.5101	2.595952	0.02306265
1320	-195.4456	-197.5875	2.14197	0.03985287
1330	-195.0181	-197.213	2.194896	0.03781656
1340	-197.944	-200.6424	2.698428	0.01924491
1350	-205.2124	-206.8107	1.59833	0.06285381
1360	-195.2071	-197.7447	2.537606	0.02518196
1370	-198.2685	-200.1907	1.92225	0.04865986
1380	-196.2911	-198.3525	2.061352	0.04301511
1390	-194.4043	-196.755	2.350746	0.03197823
1400	-194.4908	-196.9148	2.423971	0.0292993
1410	-195.2993	-197.8459	2.546611	0.02485584
1420	-195.1886	-197.3608	2.172209	0.03868575
1430	-203.4083	-206.2348	2.826585	0.01370894
1440	-194.8226	-197.3142	2.491629	0.02684558
1450	-194.6828	-197.1518	2.469069	0.02766233
1460	-194.8824	-197.0976	2.215166	0.03704448
1470	-194.4234	-196.7553	2.331913	0.03267283
1480	-194.9563	-197.1602	2.203829	0.03747579
1490	-195.8091	-198.3976	2.588534	0.02333322
1500	-198.8396	-201.569	2.729456	0.01803328
1510	-196.9175	-199.5716	2.654068	0.02092178
1520	-194.5355	-196.9727	2.437187	0.02881882
1530	-195.0806	-197.6048	2.524218	0.02566654
1540	-194.4022	-196.7737	2.371472	0.03121669
1550	-197.4283	-199.4044	1.976053	0.04644691
1560	-194.6839	-196.9345	2.250556	0.03570626
1570	-197.3946	-199.3729	1.978347	0.04635339
1580	-197.5883	-199.5536	1.965331	0.04688486
1590	-194.5993	-197.0518	2.452545	0.02826133
1600	-194.6764	-197.1443	2.467917	0.02770408
1610	-195.8616	-197.9612	2.09958	0.04150616
1620	-194.4945	-196.9197	2.425167	0.0292558
1630	-198.3867	-201.1012	2.714498	0.01862249
1640	-194.4594	-196.7721	2.312658	0.03338578
1650	-196.4997	-199.1319	2.632192	0.02173307
1660	-195.3666	-197.9195	2.552857	0.02462948
1670	-194.4007	-196.766	2.365282	0.03144384
1680	-197.3285	-200.0017	2.673208	0.02020445
1690	-195.1017	-197.2852	2.183444	0.03825463
1700	-201.9713	-204.7754	2.804154	0.0148373
1710	-194.5359	-196.9732	2.437289	0.02881513
1720	-194.5521	-196.9935	2.44149	0.02866255
1730	-196.2379	-198.8548	2.61693	0.02229483
1740	-195.0091	-197.5252	2.516016	0.0259633
1750	-194.4059	-196.784	2.378095	0.03097394
1760	-197.9407	-199.8833	1.942537	0.04782094
1770	-196.3907	-199.0167	2.626002	0.0219613
1780	-194.9617	-197.1648	2.203035	0.03750605
1790	-198.2404	-200.9498	2.709358	0.01882267
1800	-194.8279	-197.052	2.224054	0.03670726
1810	-194.5693	-196.8461	2.276827	0.03472051
1820	-194.5033	-196.9313	2.427961	0.02915417
1830	-195.2146	-197.753	2.538363	0.02515455
1840	-195.5259	-197.6591	2.133252	0.04019122
1850	-194.4616	-196.7733	2.311733	0.0334201
1860	-194.4574	-196.7709	2.313566	0.03335209
1870	-199.5283	-202.2781	2.749771	0.01721365
1880	-194.4613	-196.7731	2.311844	0.03341597
1890	-194.4197	-196.8112	2.391458	0.03048494
1900	-195.9753	-198.0643	2.089012	0.04192155
1910	-207.4657	-208.9819	1.516191	0.06670907
1920	-196.537	-199.1713	2.634261	0.02165669
1930	-194.5753	-196.8506	2.275255	0.03477933
1940	-196.8763	-199.5283	2.652028	0.02099781
1950	-197.3219	-199.3052	1.983329	0.04615056
1960	-195.5033	-198.0681	2.564777	0.02419714
1970	-194.5143	-196.8069	2.292546	0.03413362
1980	-197.6693	-200.3569	2.687624	0.01965824
1990	-194.5428	-196.982	2.439133	0.02874816
2000	-222.1359	-224.9283	2.792365	0.006043551
2010	-197.5128	-200.194	2.681155	0.01990406
2020	-196.5033	-198.5472	2.043952	0.04370778
2030	-194.5529	-196.9946	2.441697	0.02865501
2040	-195.7432	-198.3269	2.583706	0.02350907
2050	-194.4817	-196.7854	2.303717	0.03371783
2060	-194.4344	-196.7594	2.324996	0.03292864
2070	-194.4222	-196.8154	2.393205	0.03042111
2080	-195.7943	-198.3818	2.587463	0.02337223
2090	-195.4599	-197.6003	2.140394	0.03991394
2100	-194.4153	-196.7534	2.338139	0.03244293
2110	-211.0409	-212.4391	1.398186	0.07244224
2120	-197.456	-200.1347	2.678743	0.0199954
2130	-194.6303	-197.0893	2.459047	0.02802552
2140	-194.4303	-196.7577	2.327447	0.03283795
2150	-194.8746	-197.3736	2.498955	0.0265805
2160	-194.8263	-197.0506	2.224322	0.03669709
2170	-194.4401	-196.8438	2.40367	0.03003899
2180	-196.2343	-198.3005	2.066158	0.04282446
2190	-194.6239	-197.0816	2.457743	0.02807281
2200	-196.6861	-198.7157	2.029587	0.0442824
2210	-197.8972	-199.8425	1.945295	0.04770729
2220	-195.6602	-197.7795	2.119292	0.0407348
2230	-194.6768	-197.1448	2.46798	0.02770178
2240	-196.712	-199.3557	2.643652	0.0213091
2250	-194.4077	-196.7536	2.345846	0.03215871
2260	-195.0609	-197.2499	2.18895	0.03804386
2270	-197.3361	-200.0096	2.673543	0.02019183
2280	-194.5496	-196.8317	2.282115	0.03452282
2290	-194.4008	-196.7613	2.360471	0.03162056
2300	-195.0531	-197.5742	2.521118	0.0257787
2310	-197.5505	-200.2332	2.682736	0.01984409
2320	-194.81	-197.2998	2.489784	0.02691234
2330	-196.6937	-199.3364	2.64269	0.02134476
2340	-195.532	-197.6646	2.132598	0.04021663
2350	-202.5213	-205.3347	2.813442	0.01438654
2360	-195.0918	-197.2765	2.184774	0.03820369
2370	-195.7159	-197.8296	2.113699	0.04095321
2380	-195.3887	-197.9436	2.55485	0.02455725
2390	-194.6438	-197.1056	2.461742	0.02792785
2400	-194.9587	-197.4686	2.50989	0.02618491
2410	-194.5622	-197.0062	2.443995	0.02857159
2420	-194.401	-196.7682	2.367182	0.03137409
2430	-194.4378	-196.7609	2.323107	0.03299854
2440	-196.3538	-198.9776	2.623851	0.02204048
2450	-200.2967	-202.1076	1.81094	0.05336388
2460	-197.499	-199.4703	1.971286	0.04664144
2470	-201.719	-203.4621	1.743106	0.05631753
2480	-194.5961	-197.048	2.451855	0.02828634
2490	-199.6094	-202.3614	2.751992	0.01712245
2500	-195.8482	-197.949	2.100853	0.04145622
2510	-196.6109	-199.2491	2.638284	0.02150796
2520	-197.3168	-199.3005	1.98368	0.04613628
2530	-197.7425	-199.6978	1.955221	0.04729918
2540	-194.4169	-196.8062	2.389307	0.03056358
2550	-200.8675	-203.65	2.782511	0.01582563
2560	-194.7914	-197.2784	2.487002	0.02701302
2570	-194.7012	-197.1735	2.472348	0.02754358
2580	-194.9971	-197.195	2.197888	0.03770233
2590	-194.7596	-196.9956	2.235982	0.03625589
2600	-194.6344	-196.8955	2.261126	0.03530888
2610	-197.0943	-199.0936	1.999309	0.0455021
2620	-194.4902	-196.9139	2.423752	0.02930728
2630	-197.4943	-199.4659	1.9716	0.04662861
2640	-194.8418	-197.0635	2.221739	0.036795
2650	-195.2645	-197.4273	2.162851	0.03904587
2660	-194.5834	-197.0325	2.449009	0.02838963
2670	-194.418	-196.8082	2.390169	0.03053208
2680	-196.7406	-198.766	2.025413	0.04444989
2690	-194.4279	-196.7568	2.328909	0.03278386
2700	-195.555	-197.6852	2.130157	0.04031155
2710	-197.9153	-200.6126	2.697331	0.01928705
2720	-196.1624	-198.2348	2.072344	0.04257945
2730	-195.4862	-198.0496	2.563335	0.02424945
2740	-194.4293	-196.7574	2.328031	0.03281636
2750	-195.9316	-198.0246	2.093028	0.04176354
2760	-196.7827	-199.43	2.647304	0.02117351
2770	-195.9822	-198.0706	2.088376	0.04194659
2780	-195.2747	-197.4363	2.161621	0.03909327
2790	-194.4251	-196.8202	2.395141	0.03035037
2800	-197.5985	-199.5632	1.964652	0.04691263
2810	-194.6715	-197.1385	2.467015	0.02773676
2820	-195.0399	-197.2318	2.191839	0.03793336
2830	-195.3593	-197.511	2.151683	0.03947687
2840	-196.7439	-199.3892	2.645306	0.02124773
2850	-194.7475	-197.2276	2.480127	0.02726189
2860	-195.0825	-197.2685	2.186022	0.03815591
2870	-194.6534	-196.9104	2.256957	0.03546549
2880	-195.1873	-197.3597	2.172364	0.03867978
2890	-194.4156	-196.8039	2.388267	0.03060161
2900	-195.6395	-197.7609	2.121393	0.04065285
2910	-200.1126	-202.8776	2.765044	0.01657855
2920	-194.7129	-197.1873	2.474374	0.02747019
2930	-197.1805	-199.1736	1.993189	0.04575008
2940	-195.2763	-197.4377	2.161436	0.03910041
2950	-196.6714	-198.7021	2.030725	0.04423681
2960	-194.484	-196.7868	2.302875	0.03374913
2970	-195.3219	-197.8707	2.548742	0.02477864
2980	-195.2032	-197.7404	2.537212	0.02519624
2990	-194.7097	-196.9551	2.245412	0.03590003
3000	-197.0532	-199.0555	2.002255	0.04538293
3010	-194.401	-196.7602	2.359137	0.03166957
3020	-194.4971	-196.9231	2.426015	0.02922497
3030	-194.4375	-196.8399	2.402336	0.03008766
3040	-195.178	-197.3515	2.173548	0.0386343
3050	-198.1962	-200.904	2.707771	0.01888423
3060	-196.3425	-198.9657	2.623192	0.02206473
3070	-195.4739	-198.0362	2.562289	0.02428743
3080	-195.0573	-197.2468	2.18944	0.03802511
3090	-195.5444	-198.1126	2.568186	0.02407337
3100	-194.448	-196.7659	2.317897	0.0331915
3110	-194.7187	-197.194	2.475359	0.0274345
3120	-196.7681	-199.4146	2.646554	0.02120139
3130	-195.0916	-197.617	2.525432	0.0256226
3140	-197.8726	-199.8194	1.946862	0.04764277
3150	-195.4527	-198.0131	2.560467	0.02435351
3160	-195.0353	-197.2278	2.192479	0.03790889
3170	-194.4438	-196.7637	2.319999	0.03311362
3180	-194.5967	-196.8666	2.269913	0.03497933
3190	-194.5393	-196.9775	2.438206	0.02878179
3200	-194.8689	-197.0862	2.217323	0.03696259
3210	-194.4061	-196.7541	2.347995	0.03207954
3220	-194.4299	-196.7576	2.327668	0.03282977
3230	-194.4081	-196.789	2.38092	0.03087047
3240	-206.2914	-207.8496	1.55811	0.06472794
3250	-199.0513	-201.7873	2.735994	0.01777218
3260	-194.8112	-197.0381	2.226891	0.03659979
3270	-200.687	-202.4786	1.791651	0.05419689
3280	-195.0738	-197.5973	2.523462	0.02569388
3290	-195.2899	-197.8356	2.545724	0.02488797
3300	-194.5594	-197.0027	2.443307	0.02859656
3310	-195.9657	-198.0556	2.08989	0.04188699
3320	-200.6825	-202.4744	1.791867	0.05418756
3330	-194.8329	-197.0561	2.223223	0.03673876
3340	-201.1511	-202.9205	1.769405	0.05516437
3350	-195.2617	-197.4249	2.163183	0.03903306
3360	-196.0023	-198.6042	2.601927	0.02284441
3370	-195.4699	-198.0318	2.561948	0.02429981
3380	-195.5823	-197.7096	2.127297	0.0404228
3390	-197.0495	-199.7099	2.660446	0.02068365
3400	-194.5642	-196.8423	2.278169	0.03467032
3410	-195.9241	-198.5208	2.596639	0.02303757
3420	-195.1345	-197.6645	2.53008	0.02545442
3430	-195.1606	-197.6935	2.532839	0.02535453
3440	-194.5626	-196.8412	2.278587	0.03465467
3450	-196.779	-199.4261	2.647114	0.02118058
3460	-196.1788	-198.7921	2.613293	0.02242828
3470	-195.6405	-197.7618	2.121288	0.04065695
3480	-194.7617	-196.9973	2.235616	0.03626974
3490	-195.5982	-198.1708	2.57254	0.02391519
3500	-194.5212	-196.9544	2.433247	0.02896201
3510	-196.5873	-198.6246	2.03728	0.04397435
3520	-194.4483	-196.7661	2.317729	0.03319772
3530	-198.1566	-200.8629	2.706337	0.01893981
3540	-194.4206	-196.8126	2.392058	0.03046301
3550	-195.1621	-197.3377	2.17557	0.03855662
3560	-195.8579	-198.4499	2.59202	0.02320612
3570	-194.4317	-196.7583	2.326602	0.0328692
3580	-194.5135	-196.9446	2.431031	0.02904254
3590	-198.8094	-200.6998	1.890397	0.04998837
3600	-195.0456	-197.5658	2.52026	0.02580973
3610	-194.446	-196.7648	2.318896	0.0331545
3620	-194.4009	-196.7671	2.36625	0.0314083
3630	-194.5454	-196.8287	2.283306	0.03447835
3640	-195.2424	-197.7836	2.541128	0.02505445
3650	-194.4032	-196.7559	2.352701	0.03190629
3660	-194.5148	-196.8072	2.292411	0.03413864
3670	-195.5815	-198.1527	2.571196	0.02396404
3680	-201.7816	-203.5219	1.740263	0.05644279
3690	-195.5008	-198.0654	2.564569	0.02420468
3700	-194.4811	-196.9018	2.42066	0.02941983
3710	-194.6626	-196.9176	2.254993	0.03553932
3720	-195.2486	-197.7903	2.541731	0.02503261
3730	-196.2389	-198.8559	2.616993	0.02229254
3740	-203.4462	-206.2733	2.827101	0.01368117
3750	-194.406	-196.7541	2.348145	0.03207401
3760	-194.9074	-197.1186	2.211248	0.03719341
3770	-198.2171	-200.9256	2.708524	0.01885505
3780	-200.9926	-203.7777	2.785182	0.01570743
3790	-194.7853	-197.0167	2.231376	0.03643
3800	-195.9043	-197.9999	2.095564	0.04166385
3810	-196.4427	-198.4915	2.048833	0.04351311
3820	-197.6939	-200.3825	2.68862	0.01962029
3830	-195.7029	-197.8179	2.114999	0.0409024
3840	-194.8526	-197.3486	2.495917	0.02669043
3850	-197.0938	-199.7563	2.662536	0.02060539
3860	-194.8241	-197.0488	2.224701	0.03668272
3870	-194.5543	-196.8351	2.280828	0.03457091
3880	-195.3656	-197.9184	2.552763	0.02463289
3890	-198.4983	-200.4068	1.908485	0.04923229
3900	-195.1942	-197.3657	2.171505	0.0387128
3910	-211.7252	-213.1021	1.376985	0.07349724
3920	-194.8183	-197.044	2.225678	0.03664573
3930	-201.4247	-203.1813	1.756615	0.05572389
3940	-195.6711	-198.2493	2.578248	0.02370769
3950	-195.8819	-197.9796	2.097668	0.04158121
3960	-197.1588	-199.1536	1.994715	0.04568818
3970	-205.6493	-207.2312	1.581832	0.06361944
3980	-194.629	-197.0878	2.458799	0.02803453
3990	-194.5024	-196.7988	2.29642	0.03398931
4000	-194.7118	-197.186	2.474188	0.02747694
4010	-198.4591	-201.176	2.716983	0.01852532
4020	-194.4359	-196.8374	2.401496	0.03011832
4030	-196.689	-198.7184	2.029364	0.04429135
4040	-194.4226	-196.8161	2.393488	0.03041077
4050	-197.1074	-199.1057	1.998373	0.04554001
4060	-194.6309	-196.8928	2.261916	0.03527923
4070	-194.4141	-196.7533	2.339186	0.03240429
4080	-194.4036	-196.7556	2.352076	0.0319293
4090	-198.774	-201.5014	2.727376	0.01811586
4100	-194.5053	-196.9338	2.428555	0.02913258
4110	-196.1012	-198.7096	2.608391	0.02260793
4120	-196.2919	-198.3532	2.061286	0.04301773
4130	-197.7309	-199.6868	1.95598	0.04726805
4140	-195.5535	-198.1224	2.568929	0.02404636
4150	-197.2103	-199.2014	1.99109	0.04583524
4160	-195.6302	-197.7525	2.122346	0.04061568
4170	-194.4396	-196.7618	2.322158	0.03303366
4180	-195.7283	-197.8407	2.112476	0.04100101
4190	-194.8483	-197.3436	2.495313	0.02671227
4200	-194.443	-196.848	2.405077	0.02998764
4210	-211.0062	-213.8776	2.871382	0.009523964
4220	-210.0067	-212.8778	2.871067	0.009955986
4230	-194.4064	-196.7539	2.347555	0.03209576
4240	-199.3101	-201.1726	1.862455	0.05116527
4250	-195.0427	-197.5626	2.519931	0.02582166
4260	-194.5637	-197.0081	2.444373	0.02855785
4270	-194.4051	-196.782	2.376909	0.03101741
4280	-195.9136	-198.5095	2.595911	0.02306416
4290	-194.6873	-197.1572	2.469883	0.02763285
4300	-194.6838	-197.153	2.469257	0.02765554
4310	-195.9361	-198.0287	2.09261	0.04177999
4320	-196.2283	-198.295	2.066672	0.04280407
4330	-194.4793	-196.8994	2.420034	0.02944262
4340	-194.4632	-196.8772	2.413991	0.02966269
4350	-194.4101	-196.7532	2.343089	0.03226032
4360	-194.503	-196.9309	2.427869	0.02915754
4370	-194.6135	-196.8794	2.2659	0.03512977
4380	-194.6667	-196.9208	2.254134	0.03557162
4390	-201.9031	-204.7061	2.802938	0.01489495
4400	-206.6886	-208.2323	1.543731	0.0654043
4410	-196.1515	-198.763	2.61158	0.02249109
4420	-196.8305	-198.8491	2.018616	0.04472303
4430	-195.8943	-198.4888	2.594572	0.02311303
4440	-200.7671	-202.5548	1.787759	0.05436565
4450	-194.4245	-196.7557	2.331182	0.03269984
4460	-195.5297	-198.0966	2.56697	0.02411751
4470	-195.5592	-198.1285	2.569391	0.02402961
4480	-197.5269	-200.2087	2.681749	0.01988152
4490	-195.037	-197.2293	2.192243	0.03791793
4500	-196.789	-198.8107	2.021739	0.04459745
4510	-194.418	-196.8081	2.39014	0.03053312
4520	-195.7892	-198.3763	2.587094	0.02338567
4530	-197.8514	-200.5463	2.694862	0.01938175
4540	-197.9731	-200.6726	2.699532	0.01920246
4550	-198.1159	-200.8208	2.704854	0.0189972
4560	-195.0571	-197.5786	2.521571	0.0257623
4570	-197.0017	-199.0077	2.005983	0.04523228
4580	-194.4967	-196.9226	2.425873	0.02923014
4590	-194.4032	-196.7768	2.373596	0.03113881
4600	-194.4021	-196.7574	2.355328	0.03180962
4610	-194.538	-196.9759	2.437859	0.02879442
4620	-195.4113	-197.9682	2.55686	0.02448436
4630	-194.8792	-197.3788	2.499581	0.02655787
4640	-198.163	-200.0917	1.928692	0.04839286
4650	-198.061	-199.996	1.934997	0.04813208
4660	-196.6723	-199.3139	2.641565	0.02138646
4670	-194.5571	-196.8371	2.280072	0.03459917
4680	-197.1474	-199.1429	1.995528	0.04565526
4690	-196.196	-198.8104	2.61436	0.02238916
4700	-194.4914	-196.9156	2.424161	0.0292924
4710	-194.4239	-196.7555	2.331559	0.03268591
4720	-195.1672	-197.3422	2.174911	0.03858194
4730	-194.4136	-196.7532	2.339658	0.03238689
4740	-194.6874	-196.9372	2.249855	0.03573265
4750	-194.4374	-196.8397	2.402268	0.03009013
4760	-194.4086	-196.7902	2.381563	0.03084694
4770	-195.845	-197.9462	2.101154	0.04144438
4780	-196.1068	-198.7155	2.608744	0.02259497
4790	-195.478	-198.0406	2.562639	0.02427473
4800	-196.0518	-198.657	2.605195	0.0227249
4810	-194.9556	-197.4651	2.509504	0.02619887
4820	-194.567	-196.8444	2.277424	0.03469816
4830	-194.6848	-196.9352	2.250375	0.03571307
4840	-194.8907	-197.3919	2.501128	0.0265019
4850	-195.5079	-198.0731	2.565162	0.02418316
4860	-195.5842	-197.7113	2.127094	0.04043071
4870	-202.9003	-204.5915	1.691207	0.05862359
4880	-195.2514	-197.7934	2.542003	0.02502276
4890	-203.3904	-205.061	1.670647	0.05954849
4900	-198.4069	-200.3208	1.913917	0.04900609
4910	-194.7003	-197.1725	2.472199	0.02754897
4920	-194.7993	-197.0282	2.228938	0.03652226
4930	-196.184	-198.7976	2.613611	0.02241664
4940	-194.4804	-196.7846	2.304204	0.03369974
4950	-194.4019	-196.7726	2.37063	0.03124759
4960	-196.8082	-198.8285	2.020288	0.04465577
4970	-194.4403	-196.844	2.403749	0.0300361
4980	-197.9803	-199.9204	1.940043	0.04792378
4990	-194.4644	-196.8789	2.414457	0.02964572
5000	-194.9575	-197.4672	2.509743	0.02619024
5010	-194.411	-196.795	2.384042	0.03075619
5020	-198.5975	-200.5002	1.902649	0.04947574
5030	-197.4696	-200.149	2.679326	0.01997335
5040	-194.9768	-197.4889	2.512122	0.02610416
5050	-200.8399	-202.6242	1.78424	0.05451841
5060	-201.7951	-204.5961	2.800979	0.01498718
5070	-198.8764	-200.763	1.886575	0.05014873
5080	-197.6323	-199.5947	1.962424	0.04700384
5090	-194.715	-196.9594	2.244371	0.03593928
5100	-194.7478	-197.2279	2.480176	0.02726011
5110	-194.4046	-196.7807	2.376095	0.03104722
5120	-195.2461	-197.7876	2.541488	0.0250414
5130	-196.5983	-199.2359	2.637606	0.02153304
5140	-194.4716	-196.7792	2.307581	0.03357424
5150	-194.5401	-196.9785	2.438407	0.02877452
5160	-194.4953	-196.9207	2.425418	0.02924667
5170	-202.9337	-204.6234	1.689792	0.05868704
5180	-198.791	-201.5189	2.727916	0.01809446
5190	-196.8906	-199.5433	2.652736	0.02097142
5200	-194.6868	-197.1566	2.469799	0.02763591
5210	-199.0998	-200.9738	1.874026	0.05067661
5220	-196.8857	-199.5382	2.652494	0.02098047
5230	-203.3683	-205.0399	1.671561	0.05950721
5240	-196.6137	-199.2521	2.638436	0.0215023
5250	-203.8621	-205.5134	1.65133	0.0604234
5260	-194.6631	-197.1285	2.465438	0.02779389
5270	-196.4444	-198.4931	2.048694	0.04351864
5280	-194.4509	-196.7674	2.316491	0.03324361
5290	-195.5573	-198.1265	2.569236	0.02403521
5300	-194.4015	-196.7588	2.357285	0.03173766
5310	-197.676	-200.3639	2.687899	0.01964779
5320	-198.0464	-199.9823	1.935906	0.04809452
5330	-194.472	-196.7794	2.307432	0.03357979
5340	-197.8182	-200.5117	2.693564	0.01943145
5350	-194.806	-197.0338	2.227779	0.03656616
5360	-198.7939	-200.6852	1.891283	0.04995122
5370	-195.1158	-197.2974	2.18158	0.03832605
5380	-194.4356	-196.7599	2.324342	0.03295283
5390	-194.8401	-197.0621	2.222017	0.03678446
5400	-195.2871	-197.4472	2.16014	0.03915035
5410	-197.5951	-199.56	1.964882	0.04690324
5420	-194.4007	-196.7625	2.361814	0.0315712
5430	-195.5925	-198.1645	2.572079	0.02393193
5440	-194.4366	-196.8385	2.401851	0.03010534
5450	-195.0305	-197.549	2.518517	0.02587279
5460	-194.4996	-196.797	2.29736	0.03395432
5470	-195.0582	-197.5799	2.521697	0.02575776
5480	-194.401	-196.7683	2.367304	0.03136961
5490	-197.1319	-199.7962	2.664312	0.02053888
5500	-196.0775	-198.1573	2.079805	0.04228456
5510	-198.1473	-200.8533	2.705999	0.01895289
5520	-195.6911	-198.2708	2.579779	0.02365199
5530	-197.3526	-200.0269	2.674269	0.02016444
5540	-194.4094	-196.7533	2.343872	0.03223148
5550	-197.5065	-199.4773	1.97078	0.0466621
5560	-198.0643	-199.9991	1.93479	0.04814066
5570	-196.1422	-198.7532	2.610998	0.02251241
5580	-194.6295	-197.0884	2.458886	0.02803138
5590	-194.531	-196.8184	2.287453	0.03432356
5600	-197.8559	-199.8038	1.947928	0.04759891
5610	-194.516	-196.8081	2.292007	0.03415373
5620	-194.6187	-196.8834	2.264693	0.03517503
5630	-194.4795	-196.784	2.304548	0.03368693
5640	-194.4228	-196.7551	2.332325	0.03265763
5650	-195.7394	-198.3228	2.583422	0.02351939
5660	-194.4178	-196.8078	2.390018	0.03053759
5670	-199.9547	-202.7158	2.761079	0.01674526
5680	-194.416	-196.7535	2.337546	0.03246481
5690	-197.4348	-199.4105	1.975611	0.04646494
5700	-197.4001	-200.0764	2.676339	0.02008628
5710	-199.7328	-202.4881	2.755307	0.01698559
5720	-196.6302	-199.2695	2.639324	0.02146945
5730	-194.4246	-196.7557	2.331087	0.03270336
5740	-194.6754	-196.9277	2.252305	0.03564045
5750	-197.3919	-200.0679	2.675982	0.02009976
5760	-198.7717	-201.499	2.727302	0.0181188
5770	-195.6056	-198.1788	2.573129	0.02389379
5780	-194.4935	-196.9184	2.424861	0.02926693
5790	-204.7879	-206.4025	1.61465	0.06210071
5800	-195.1608	-197.3365	2.175738	0.0385502
5810	-194.4377	-196.8401	2.402404	0.03008518
5820	-196.3862	-198.4397	2.053446	0.04332936
5830	-197.2342	-199.2236	1.989416	0.04590318
5840	-194.7758	-197.0089	2.233072	0.0363659
5850	-195.077	-197.6008	2.523815	0.02568113
5860	-194.4006	-196.7638	2.363185	0.03152083
5870	-198.1674	-200.8741	2.706731	0.01892455
5880	-197.3369	-200.0105	2.67358	0.02019043
5890	-194.4337	-196.8339	2.400253	0.03016369
5900	-194.4665	-196.8817	2.415259	0.02961651
5910	-195.5056	-198.0705	2.564964	0.02419034
5920	-198.3461	-201.0592	2.713087	0.01867756
5930	-200.0254	-202.7882	2.762868	0.01667024
5940	-194.4471	-196.7654	2.318328	0.03317553
5950	-194.4088	-196.7533	2.344531	0.03220718
5960	-199.3841	-202.1299	2.74574	0.01737836
5970	-195.3133	-197.4703	2.157042	0.03926987
5980	-194.6597	-197.1244	2.464794	0.02781725
5990	-195.0807	-197.6049	2.524226	0.02566623
6000	-194.7654	-197.0003	2.234936	0.0362954
6010	-195.0595	-197.5813	2.521847	0.02575234
6020	-202.5674	-205.3815	2.81418	0.01434988
6030	-195.2196	-197.3879	2.16834	0.03883451
6040	-195.3642	-197.5153	2.151127	0.03949839
6050	-194.8603	-197.3573	2.49699	0.02665159
6060	-199.8379	-201.6722	1.83437	0.05235925
6070	-201.6445	-204.4427	2.798184	0.01511754
6080	-196.0142	-198.6169	2.602719	0.02281544
6090	-194.4773	-196.8966	2.419314	0.02946883
6100	-194.8143	-197.0406	2.226356	0.03662003
6110	-198.6559	-201.3794	2.723555	0.018267
6120	-194.8117	-197.0385	2.226805	0.03660304
6130	-195.2816	-197.8266	2.544934	0.02491661
6140	-194.5019	-196.9295	2.427531	0.02916983
6150	-196.3591	-198.4148	2.055684	0.04324035
6160	-195.2272	-197.3946	2.167393	0.03887095
6170	-194.4088	-196.7906	2.381768	0.03083944
6180	-194.4193	-196.7542	2.334906	0.0325623
6190	-196.1517	-198.7633	2.611593	0.0224906
6200	-196.4437	-199.0727	2.629036	0.02184951
6210	-196.0955	-198.7036	2.608025	0.02262131
6220	-194.4302	-196.7577	2.327489	0.03283638
6230	-194.5127	-196.8058	2.293068	0.03411418
6240	-194.5035	-196.7995	2.296063	0.0340026
6250	-194.9738	-197.4856	2.511757	0.02611735
6260	-194.5176	-196.9498	2.432221	0.0289993
6270	-198.6789	-200.5768	1.897912	0.04967369
6280	-196.9822	-198.9896	2.007398	0.04517511
6290	-194.5445	-196.984	2.439558	0.02873271
6300	-197.1072	-199.1056	1.998382	0.04553963
6310	-196.8663	-199.5178	2.651529	0.02101638
6320	-194.815	-197.0412	2.226241	0.03662439
6330	-194.7223	-197.1983	2.475979	0.02741206
6340	-194.6493	-196.9071	2.257843	0.03543222
6350	-196.7856	-198.8076	2.021995	0.04458717
6360	-196.534	-199.1681	2.634092	0.02166291
6370	-194.9693	-197.4805	2.511198	0.02613758
6380	-194.4034	-196.7558	2.352448	0.0319156
6390	-195.3496	-197.5024	2.15281	0.03943331
6400	-194.5282	-196.9634	2.435216	0.02889045
6410	-199.6472	-202.4002	2.753015	0.01708028
6420	-194.7914	-197.0217	2.230306	0.03647049
6430	-198.2766	-200.1984	1.921753	0.04868048
6440	-194.6155	-196.8809	2.26544	0.03514701
6450	-194.4542	-196.7692	2.315001	0.03329886
6460	-194.585	-196.8578	2.272801	0.03487115
6470	-194.8079	-197.0354	2.227441	0.03657895
6480	-196.5838	-199.2207	2.636823	0.021562
6490	-195.3869	-197.5355	2.148533	0.03959869
6500	-194.7505	-197.2312	2.480623	0.02724392
6510	-197.2892	-199.2748	1.985591	0.04605856
6520	-203.2868	-204.9617	1.674951	0.05935434
6530	-197.3542	-200.0286	2.674341	0.02016172
6540	-201.4785	-203.2326	1.754129	0.05583297
6550	-196.0615	-198.6673	2.605824	0.02270188
6560	-194.5819	-197.0306	2.448664	0.02840213
6570	-194.7432	-197.2227	2.479439	0.02728681
6580	-195.899	-198.4939	2.594904	0.0231009
6590	-194.4156	-196.7535	2.337906	0.03245151
6600	-194.4033	-196.7773	2.373918	0.031127
6610	-195.7198	-198.3018	2.581955	0.02357279
6620	-196.3219	-198.3807	2.058774	0.0431175
6630	-194.4046	-196.7549	2.350296	0.03199481
6640	-195.3033	-197.8503	2.546995	0.02484192
6650	-194.409	-196.791	2.381975	0.03083184
6660	-194.4074	-196.7536	2.346187	0.03214617
6670	-198.6923	-201.417	2.724743	0.01822008
6680	-196.8758	-198.8911	2.015231	0.04485928
6690	-194.4186	-196.754	2.335431	0.03254289
6700	-194.4872	-196.7889	2.30169	0.0337932
6710	-194.4994	-196.9261	2.426736	0.02919872
6720	-195.6857	-197.8024	2.11672	0.04083519
6730	-194.4394	-196.8427	2.403289	0.03005289
6740	-194.4242	-196.8188	2.394564	0.03037145
6750	-195.6477	-198.2242	2.576441	0.02377339
6760	-194.4592	-196.772	2.312736	0.0333829
6770	-194.417	-196.7537	2.336713	0.03249557
6780	-199.0777	-200.9529	1.875258	0.05062468
6790	-197.6288	-199.5914	1.962657	0.04699431
6800	-194.4831	-196.9044	2.421348	0.02939478
6810	-198.1815	-200.109	1.927557	0.04843988
6820	-196.9852	-199.6426	2.657367	0.0207987
6830	-195.6073	-198.1806	2.573262	0.02388894
6840	-194.4006	-196.7641	2.363476	0.03151016
6850	-195.6516	-197.7718	2.120156	0.04070107
6860	-199.3387	-201.1996	1.8609	0.05123108
6870	-201.5676	-204.3643	2.796728	0.01518495
6880	-195.2815	-197.8264	2.544918	0.02491718
6890	-194.6071	-197.0613	2.454224	0.02820041
6900	-197.0707	-199.0717	2.000997	0.04543379
6910	-195.4663	-197.606	2.139685	0.03994147
6920	-194.4438	-196.7638	2.319996	0.03311374
6930	-197.1269	-199.1239	1.996982	0.04559635
6940	-195.222	-197.7611	2.539101	0.02512783
6950	-196.7453	-198.7704	2.025052	0.04446438
6960	-194.6402	-197.1012	2.46103	0.02795366
6970	-196.2803	-198.8998	2.619498	0.02220051
6980	-195.245	-197.4102	2.16522	0.03895462
6990	-195.7069	-198.2879	2.58098	0.02360827
7000	-198.0521	-200.7546	2.702496	0.01908828
7010	-200.6309	-202.4253	1.794389	0.05407831
7020	-195.4811	-198.044	2.562904	0.02426512
7030	-198.8348	-200.7238	1.888944	0.0500493
7040	-194.9996	-197.1972	2.197521	0.03771632
7050	-194.8825	-197.0977	2.215144	0.03704534
7060	-200.9437	-203.7278	2.784145	0.01575343
7070	-194.4658	-196.8808	2.414993	0.0296262
7080	-194.5211	-196.8116	2.290426	0.03421264
7090	-194.4431	-196.7634	2.320319	0.03310178
7100	-195.0965	-197.2806	2.184141	0.03822794
7110	-194.4743	-196.8925	2.418204	0.02950922
7120	-198.9718	-201.7054	2.733572	0.0178692
7130	-194.4062	-196.754	2.347751	0.03208853
7140	-199.9069	-202.6667	2.759855	0.01679646
7150	-196.1722	-198.7851	2.61288	0.02244342
7160	-196.1626	-198.2349	2.072332	0.04257992
7170	-195.5148	-198.0806	2.565738	0.02416225
7180	-196.5568	-199.1921	2.635347	0.02161655
7190	-194.4311	-196.8299	2.398818	0.03021606
7200	-195.2544	-197.4185	2.164071	0.03899887
7210	-195.7512	-197.8614	2.110214	0.04108949
7220	-194.5602	-197.0038	2.443523	0.02858872
7230	-199.3402	-201.201	1.860817	0.0512346
7240	-194.4051	-196.782	2.376941	0.03101622
7250	-196.2789	-198.3413	2.062381	0.04297428
7260	-194.4013	-196.7593	2.358057	0.03170929
7270	-195.842	-197.9434	2.101445	0.041433
7280	-198.7501	-200.6439	1.893801	0.04984576
7290	-195.3033	-197.8502	2.546989	0.02484213
7300	-194.4488	-196.7663	2.317497	0.03320632
7310	-194.4566	-196.7705	2.313904	0.03333955
7320	-195.6571	-198.2343	2.577169	0.02374691
7330	-202.8737	-205.6926	2.818925	0.01411041
7340	-205.2299	-208.0773	2.847396	0.01247583
7350	-195.8101	-198.3987	2.588606	0.02333057
7360	-195.0582	-197.2475	2.189321	0.03802967
7370	-194.8269	-197.0511	2.224224	0.03670082
7380	-198.6147	-200.5163	1.901647	0.04951758
7390	-194.4097	-196.7925	2.382767	0.03080285
7400	-198.7026	-201.4277	2.725077	0.0182069
7410	-194.6612	-196.9165	2.255284	0.03552839
7420	-195.4985	-198.0629	2.564371	0.02421187
7430	-194.4523	-196.8617	2.409394	0.02983023
7440	-197.2272	-199.8959	2.668681	0.02037485
7450	-195.0556	-197.5771	2.521412	0.02576806
7460	-194.4782	-196.8978	2.419632	0.02945726
7470	-195.5664	-197.6954	2.128958	0.04035819
7480	-197.7288	-200.4188	2.690025	0.01956672
7490	-194.5813	-196.855	2.273739	0.03483605
7500	-198.2481	-200.9577	2.70963	0.01881207
7510	-196.0968	-198.1749	2.078092	0.04235218
7520	-198.3288	-200.2474	1.9186	0.04881139
7530	-194.407	-196.7537	2.346716	0.03212667
7540	-202.5136	-204.2214	1.707817	0.0578811
7550	-201.9163	-204.7195	2.803174	0.01488376
7560	-194.4593	-196.772	2.312711	0.0333838
7570	-203.9345	-206.7679	2.833402	0.01333254
7580	-194.6045	-197.0582	2.453684	0.02822002
7590	-195.2347	-197.7751	2.540367	0.02508201
7600	-194.8126	-197.0393	2.226641	0.03660924
7610	-196.3423	-198.9654	2.623177	0.02206528
7620	-194.5046	-196.9329	2.428344	0.02914027
7630	-194.5033	-196.7994	2.296125	0.0340003
7640	-194.714	-197.1886	2.474566	0.02746324
7650	-194.4082	-196.7534	2.34523	0.03218142
7660	-194.7275	-197.2044	2.47685	0.02738053
7670	-194.4017	-196.7582	2.356435	0.03176893
7680	-198.094	-200.0269	1.932949	0.04821674
7690	-195.0435	-197.2348	2.191348	0.03795213
7700	-195.0776	-197.2643	2.186678	0.03813078
7710	-198.8066	-201.535	2.728411	0.01807477
7720	-196.6094	-199.2476	2.638207	0.02151079
7730	-194.6364	-197.0966	2.460268	0.02798128
7740	-195.3003	-197.847	2.546713	0.02485215
7750	-194.519	-196.8101	2.291095	0.0341877
7760	-194.7804	-197.0126	2.232252	0.03639687
7770	-195.2274	-197.3948	2.167375	0.03887167
7780	-194.4212	-196.7547	2.333448	0.03261615
7790	-203.4308	-206.2576	2.826891	0.01369248
7800	-195.9914	-198.5926	2.601202	0.02287089
7810	-195.2344	-197.7747	2.540334	0.02508319
7820	-197.2473	-199.9168	2.669588	0.02034075
7830	-197.4104	-199.3876	1.977273	0.04639716
7840	-195.5635	-197.6928	2.129261	0.04034639
7850	-194.985	-197.1846	2.199633	0.03763576
7860	-195.4179	-197.563	2.145043	0.0397338
7870	-198.5888	-201.3102	2.721346	0.01835402
7880	-197.2052	-199.1967	1.991447	0.04582072
7890	-194.9425	-197.4503	2.507858	0.02625842
7900	-197.0227	-199.0272	2.004458	0.04529386
7910	-195.2948	-197.454	2.159224	0.03918568
7920	-194.5911	-197.0419	2.450743	0.02832669
7930	-194.9846	-197.4976	2.513069	0.0260699
7940	-195.9569	-198.0476	2.090693	0.04185538
7950	-195.34	-197.494	2.153913	0.03939071
7960	-194.4138	-196.8005	2.386684	0.03065952
7970	-194.8815	-197.0968	2.215314	0.03703888
7980	-194.716	-197.1909	2.474897	0.02745125
7990	-195.4176	-197.5626	2.145082	0.03973228
8000	-195.9732	-198.5732	2.599979	0.0229156
8010	-194.6161	-196.8814	2.265286	0.03515278
8020	-194.4015	-196.7587	2.357236	0.03173945
8030	-194.4762	-196.8951	2.41892	0.02948316
8040	-194.9412	-197.4489	2.507694	0.02626436
8050	-196.531	-198.5728	2.041735	0.0437963
8060	-196.7676	-198.791	2.023358	0.04453239
8070	-194.8095	-197.2992	2.489709	0.02691506
8080	-198.5372	-201.2568	2.719625	0.01842169
8090	-198.6937	-200.5908	1.897052	0.04970966
8100	-196.3158	-198.3751	2.059283	0.04309728
8110	-197.3334	-199.316	1.982534	0.04618292
8120	-195.6377	-197.7593	2.121577	0.04064568
8130	-195.2172	-197.7558	2.538624	0.02514513
8140	-195.5162	-197.6505	2.134286	0.04015103
8150	-194.4152	-196.7534	2.338225	0.03243976
8160	-195.5052	-197.6407	2.135467	0.04010514
8170	-194.6551	-196.9117	2.25659	0.03547929
8180	-194.6505	-196.9081	2.257578	0.03544217
8190	-194.4715	-196.8887	2.417175	0.0295467
8200	-201.4292	-203.1856	1.756407	0.05573302
8210	-194.4009	-196.7678	2.366825	0.0313872
8220	-195.5004	-197.6364	2.135988	0.04008492
8230	-194.7282	-196.9701	2.24183	0.0360351
8240	-195.4984	-197.6346	2.136203	0.04007659
8250	-196.6864	-198.716	2.029568	0.04428318
8260	-194.4153	-196.7534	2.338116	0.03244376
8270	-194.7485	-196.9865	2.238032	0.03617846
8280	-195.7667	-198.3521	2.585444	0.02344576
8290	-196.1711	-198.2427	2.071596	0.04260904
8300	-196.1099	-198.7188	2.608944	0.02258766
8310	-199.0665	-201.803	2.736453	0.01775378
8320	-196.3874	-198.4407	2.053351	0.04333314
8330	-194.4143	-196.8014	2.387107	0.03064406
8340	-196.4029	-199.0296	2.626704	0.02193543
8350	-194.4397	-196.7618	2.322082	0.03303648
8360	-195.822	-198.4114	2.58946	0.02329944
8370	-195.0243	-197.2183	2.19403	0.03784966
8380	-201.9416	-204.7452	2.803626	0.01486237
8390	-194.4124	-196.7532	2.340798	0.03234481
8400	-195.6801	-197.7974	2.117281	0.04081328
8410	-196.341	-198.9641	2.623101	0.02206804
8420	-196.5843	-198.6218	2.037518	0.04396484
8430	-194.7638	-196.999	2.235227	0.03628442
8440	-194.7906	-197.2774	2.486878	0.02701751
8450	-196.5259	-199.1595	2.633645	0.02167943
8460	-195.7897	-198.3769	2.587132	0.02338431
8470	-199.6803	-202.4342	2.753905	0.01704357
8480	-195.3572	-197.9092	2.551996	0.02466071
8490	-199.6844	-202.4384	2.754015	0.01703903
8500	-199.1906	-201.0596	1.869004	0.05088846
8510	-195.9994	-198.0862	2.086811	0.04200827
8520	-194.5497	-196.8318	2.282085	0.03452396
8530	-198.2631	-200.1857	1.922576	0.04864636
8540	-195.1154	-197.6434	2.528034	0.02552845
8550	-195.6947	-197.8105	2.115811	0.0408707
8560	-194.7351	-197.2132	2.47811	0.0273349
8570	-203.2024	-204.8809	1.678471	0.05919573
8580	-196.7405	-199.3856	2.645132	0.02125418
8590	-194.4318	-196.7583	2.326566	0.03287052
8600	-197.5469	-199.515	1.968083	0.04677231
8610	-195.0427	-197.2341	2.191462	0.03794778
8620	-194.5192	-196.9519	2.432686	0.02898238
8630	-198.1139	-200.0456	1.931719	0.04826762
8640	-203.5388	-206.3671	2.828341	0.0136139
8650	-194.451	-196.8598	2.40883	0.02985077
8660	-199.2281	-201.095	1.866942	0.05097556
8670	-194.643	-196.9022	2.259215	0.03538065
8680	-194.723	-197.199	2.476082	0.02740835
8690	-194.587	-196.8593	2.272306	0.03488968
8700	-195.1507	-197.3277	2.177032	0.03850052
8710	-195.3046	-197.4627	2.15806	0.03923058
8720	-198.1985	-200.9063	2.707853	0.01888105
8730	-194.4254	-196.7559	2.330578	0.03272219
8740	-195.0743	-197.2614	2.187126	0.03811363
8750	-196.383	-199.0086	2.625557	0.02197766
8760	-202.9322	-205.752	2.8198	0.01406552
8770	-197.7096	-199.667	1.957363	0.0472113
8780	-196.5138	-199.1468	2.632977	0.02170409
8790	-194.5091	-196.8033	2.29421	0.03407163
8800	-194.4166	-196.8056	2.389038	0.03057343
8810	-195.1098	-197.6372	2.527427	0.02555043
8820	-194.5936	-197.0449	2.451299	0.02830652
8830	-196.1888	-198.8027	2.613914	0.02240551
8840	-198.5218	-201.2409	2.719107	0.01844205
8850	-194.4224	-196.755	2.332612	0.03264703
8860	-196.5125	-199.1454	2.632902	0.02170688
8870	-200.077	-201.899	1.822051	0.05288646
8880	-194.5002	-196.9272	2.426983	0.02918974
8890	-194.8225	-197.3141	2.49162	0.02684592
8900	-195.1564	-197.6888	2.532395	0.02537063
8910	-194.4011	-196.7598	2.358666	0.03168689
8920	-197.3721	-199.352	1.979883	0.04629084
8930	-195.15	-197.6817	2.531723	0.02539494
8940	-196.5284	-198.5703	2.041948	0.04378777
8950	-195.8589	-198.451	2.592092	0.0232035
8960	-196.0119	-198.6144	2.602562	0.02282117
8970	-194.7669	-197.0016	2.234659	0.03630588
8980	-194.9627	-197.1656	2.202888	0.03751166
8990	-197.7204	-200.4101	2.689688	0.01957959
9000	-194.7202	-196.9636	2.243376	0.0359768
9010	-194.6036	-197.057	2.453472	0.02822769
9020	-194.4537	-196.7689	2.315198	0.03329157
9030	-201.5377	-204.3339	2.796156	0.01521128
9040	-194.8283	-197.3208	2.492461	0.02681547
9050	-194.6708	-197.1376	2.466874	0.02774188
9060	-199.853	-202.6114	2.758462	0.01685456
9070	-196.9153	-198.9276	2.012308	0.04497706
9080	-195.6362	-198.2118	2.575543	0.02380604
9090	-194.9206	-197.1298	2.209216	0.03727069
9100	-199.7729	-201.6107	1.837755	0.05221472
9110	-202.9779	-204.6659	1.687916	0.05877121
9120	-194.4878	-196.9108	2.422968	0.02933582
9130	-203.6235	-205.2846	1.661042	0.05998277
9140	-194.5559	-196.8363	2.280394	0.03458714
9150	-197.2721	-199.2589	1.986777	0.04601037
9160	-198.2743	-200.1962	1.921898	0.04867449
9170	-195.2335	-197.7737	2.540242	0.02508652
9180	-194.5098	-196.8038	2.294003	0.03407934
9190	-194.663	-196.9179	2.254915	0.03554226
9200	-196.7158	-199.3597	2.643849	0.02130179
9210	-201.7321	-203.4746	1.742512	0.05634368
9220	-195.0872	-197.2726	2.185385	0.03818029
9230	-194.5404	-196.9788	2.43848	0.02877184
9240	-198.459	-201.1759	2.71698	0.01852545
9250	-201.4214	-204.2153	2.793903	0.01531465
9260	-196.5167	-198.5596	2.04288	0.04375058
9270	-196.4549	-198.5027	2.047847	0.04355238
9280	-194.4373	-196.7607	2.323394	0.03298791
9290	-194.4488	-196.7663	2.317503	0.03320612
9300	-199.371	-202.1164	2.745368	0.01739351
9310	-204.29	-205.9242	1.634183	0.06120489
9320	-194.4451	-196.8512	2.406119	0.02994965
9330	-198.4174	-200.3307	1.913289	0.0490322
9340	-194.5814	-197.03	2.448547	0.02840637
9350	-194.8106	-197.0376	2.226979	0.03659642
9360	-194.5115	-196.805	2.293434	0.03410053
9370	-195.9263	-198.5231	2.596786	0.02303221
9380	-196.0707	-198.1511	2.080405	0.04226085
9390	-195.254	-197.4182	2.164116	0.03899712
9400	-195.0538	-197.2437	2.189924	0.03800657
9410	-209.6614	-212.532	2.87062	0.01011169
9420	-194.4287	-196.7571	2.328452	0.03280078
9430	-194.5782	-197.026	2.447795	0.02843366
9440	-194.4134	-196.7997	2.386345	0.03067191
9450	-194.5137	-196.9448	2.431093	0.02904029
9460	-196.5068	-198.5505	2.043667	0.04371912
9470	-194.4102	-196.7935	2.383292	0.03078364
9480	-194.4149	-196.8026	2.387658	0.03062391
9490	-194.9493	-197.1542	2.204877	0.03743585
9500	-195.5579	-198.1272	2.569291	0.02403324
9510	-195.8712	-198.4641	2.592957	0.02317194
9520	-196.7486	-199.3941	2.645549	0.02123869
9530	-194.4058	-196.7542	2.348386	0.03206516
9540	-194.8839	-197.0988	2.214924	0.03705367
9550	-198.3746	-200.2905	1.915845	0.0489259
9560	-197.6783	-200.3663	2.687991	0.01964428
9570	-194.6859	-197.1555	2.469638	0.02764173
9580	-194.4897	-196.7905	2.300795	0.03382649
9590	-194.6068	-196.8743	2.267482	0.03507046
9600	-194.4098	-196.7532	2.343387	0.03224936
9610	-196.565	-199.2007	2.635793	0.02160006
9620	-196.8883	-198.9026	2.014304	0.04489661
9630	-194.4007	-196.7628	2.362185	0.03155756
9640	-194.5903	-196.8617	2.27149	0.03492027
9650	-197.6554	-199.6163	1.960905	0.04706608
9660	-194.4226	-196.7551	2.332496	0.03265131
9670	-194.4757	-196.7817	2.305989	0.03363341
9680	-194.4838	-196.9054	2.42159	0.02938595
9690	-199.871	-201.7037	1.832646	0.05243289
9700	-195.001	-197.516	2.515044	0.02599845
9710	-197.6581	-200.3453	2.687173	0.01967544
9720	-194.4032	-196.777	2.373727	0.03113401
9730	-198.0771	-200.7805	2.703423	0.01905249
9740	-194.5073	-196.9364	2.429167	0.02911031
9750	-194.4457	-196.7647	2.319033	0.03314941
9760	-195.1833	-197.3561	2.172877	0.03866006
9770	-195.0527	-197.5738	2.521078	0.02578013
9780	-203.3611	-206.187	2.82594	0.01374355
9790	-195.9695	-198.059	2.08954	0.04190077
9800	-198.3065	-200.2264	1.919946	0.04875549
9810	-195.5083	-197.6434	2.135136	0.04011801
9820	-194.5662	-197.0112	2.444976	0.02853598
9830	-194.4167	-196.7537	2.336979	0.03248576
9840	-208.5997	-210.0771	1.477316	0.06857207
9850	-194.6733	-197.1407	2.467347	0.02772473
9860	-194.6212	-196.8853	2.264121	0.03519649
9870	-196.5454	-198.586	2.040592	0.04384197
9880	-195.2756	-197.82	2.544357	0.0249375
9890	-194.4014	-196.7588	2.357364	0.03173476
9900	-199.2763	-201.1406	1.864298	0.05108732
9910	-194.4213	-196.8139	2.392571	0.03044426
9920	-194.4011	-196.76	2.358878	0.03167908
9930	-194.5423	-196.9813	2.438994	0.02875321
9940	-194.7143	-197.1889	2.474617	0.02746139
9950	-197.1498	-199.8149	2.665141	0.02050777
9960	-194.4008	-196.7666	2.365806	0.03142461
9970	-196.6945	-198.7235	2.028941	0.0443083
9980	-194.9573	-197.4671	2.509722	0.026191
9990	-218.2676	-219.4587	1.191062	0.08308683
10000	-205.287	-206.8824	1.595493	0.06298519
