Iteration	Posterior	Likelihood	Prior	birth_rate
0	-207.2903	-208.8126	1.522341	0.0664166
10	-221.0307	-223.8368	2.806185	0.006307741
20	-272.225	-272.3859	0.1608617	0.1486414
30	-194.7559	-197.2374	2.481481	0.02721285
40	-261.702	-262.0251	0.3230457	0.1367892
50	-341.3606	-340.6645	-0.6961149	0.2223585
60	-197.3763	-200.0516	2.675303	0.02012541
70	-197.1757	-199.1692	1.993526	0.04573641
80	-206.166	-209.0213	2.85527	0.01191068
90	-224.7769	-227.5315	2.754598	0.005464515
100	-215.1244	-217.983	2.858655	0.007991186
110	-210.3716	-211.7909	1.419319	0.07139829
120	-211.9701	-214.8405	2.870364	0.009131691
130	-212.8898	-215.758	2.868239	0.00877778
140	-224.4271	-225.464	1.036911	0.0915152
150	-389.4076	-388.2444	-1.163174	0.2713455
160	-194.6552	-197.1191	2.463937	0.0278483
170	-199.4585	-202.2063	2.747832	0.01729302
180	-212.2475	-215.1173	2.86984	0.00902295
190	-236.2076	-236.9869	0.779301	0.1066247
200	-211.9364	-214.8068	2.870421	0.009145048
210	-331.8653	-331.2714	-0.5939262	0.2125167
220	-239.6132	-240.3249	0.7116147	0.110817
230	-303.0584	-302.8008	-0.2575814	0.1821984
240	-306.166	-305.8699	-0.2960339	0.1855083
250	-213.0073	-215.8751	2.867889	0.008733922
260	-196.7712	-199.4179	2.646715	0.02119539
270	-202.7366	-204.4348	1.698194	0.05831074
280	-250.1115	-250.6289	0.5173626	0.1233861
290	-194.8283	-197.3207	2.492458	0.0268156
300	-211.7345	-214.6052	2.87073	0.00922551
310	-194.4067	-196.7858	2.379167	0.03093467
320	-284.3805	-284.3675	-0.01298272	0.1620476
330	-194.5345	-196.8209	2.286412	0.03436239
340	-342.5707	-341.8618	-0.70887	0.2236083
350	-214.9696	-217.8291	2.859513	0.008042602
360	-233.2482	-234.0885	0.8403263	0.1029257
370	-214.7114	-217.5722	2.860881	0.008129334
380	-218.8547	-220.0303	1.175621	0.08391121
390	-196.0609	-198.1422	2.081281	0.04222628
400	-210.2763	-213.1475	2.871293	0.009836815
410	-242.5853	-244.9278	2.342463	0.002880065
420	-194.4789	-196.7836	2.304773	0.03367859
430	-207.7772	-209.2826	1.505364	0.06722542
440	-231.1	-233.7385	2.638499	0.004324579
450	-194.4269	-196.7565	2.32958	0.03275908
460	-202.8888	-205.708	2.819152	0.01409877
470	-212.0975	-213.4631	1.36561	0.07406646
480	-213.7735	-215.0892	1.315724	0.0765894
490	-234.9668	-235.7714	0.804624	0.1050806
500	-200.8239	-202.609	1.78501	0.05448495
510	-213.3739	-216.2406	2.866684	0.008598894
520	-199.2881	-202.0311	2.742991	0.01749005
530	-214.5086	-217.3705	2.8619	0.008198298
540	-221.6834	-224.4816	2.798167	0.006150043
550	-219.0845	-221.912	2.827556	0.006808343
560	-194.4697	-196.7781	2.308336	0.03354622
570	-214.6037	-217.4651	2.861428	0.008165862
580	-195.1453	-197.6766	2.531235	0.02541261
590	-194.5158	-196.9476	2.43171	0.02901786
600	-200.194	-202.0101	1.816109	0.05314156
610	-195.3254	-197.8745	2.549067	0.02476685
620	-298.0372	-297.843	-0.1941806	0.1768266
630	-204.2382	-207.0753	2.837028	0.01312311
640	-258.1038	-258.4852	0.3814327	0.1326723
650	-248.7076	-249.2498	0.5422236	0.121732
660	-209.7412	-212.6119	2.870739	0.01007542
670	-216.5803	-219.4296	2.849234	0.007527875
680	-271.8545	-272.0209	0.1663736	0.1482284
690	-249.1015	-249.6368	0.5352156	0.1221969
700	-202.1706	-203.8935	1.722847	0.05721286
710	-199.4703	-201.3241	1.853793	0.05153233
720	-194.4062	-196.7848	2.378555	0.0309571
730	-198.7345	-201.4606	2.726108	0.01816608
740	-849.3577	-845.5081	-3.849606	0.7158299
750	-375.75	-374.7121	-1.037884	0.2575382
760	-211.9576	-213.3274	1.369872	0.07385292
770	-194.4106	-196.7532	2.342606	0.03227816
780	-235.6832	-236.4731	0.7899592	0.1059732
790	-196.743	-199.3883	2.645263	0.02124932
800	-198.0606	-200.7634	2.702812	0.01907607
810	-462.2579	-460.5015	-1.756435	0.3438955
820	-199.4992	-201.3514	1.852243	0.05159813
830	-236.3896	-237.1652	0.7756183	0.1068504
840	-200.7698	-202.5575	1.787625	0.05437145
850	-213.5805	-214.9019	1.321364	0.07630201
860	-204.539	-207.3794	2.840406	0.01292108
870	-238.7816	-239.5095	0.7279079	0.1097992
880	-199.1426	-201.8814	2.738731	0.01766218
890	-293.0022	-292.8733	-0.1289367	0.1714082
900	-194.9608	-197.164	2.203171	0.03750085
910	-196.7551	-198.7794	2.024305	0.04449436
920	-224.1793	-225.2221	1.042806	0.0911847
930	-245.9835	-248.2186	2.235115	0.002562188
940	-210.2985	-213.1698	2.871307	0.009827057
950	-205.0455	-207.8912	2.845632	0.01259219
960	-214.7158	-217.5766	2.860858	0.008127842
970	-197.1301	-199.7943	2.66423	0.02054193
980	-194.7006	-197.1729	2.472251	0.02754707
990	-197.6805	-200.3686	2.68808	0.01964088
1000	-197.3906	-200.0665	2.675927	0.02010185
1010	-195.5386	-198.1063	2.567706	0.02409078
1020	-195.4348	-197.9937	2.558918	0.02440972
1030	-210.6117	-213.4832	2.871428	0.009691278
1040	-209.1138	-211.9833	2.869542	0.01036587
1050	-221.6944	-224.4925	2.798029	0.006147425
1060	-221.9347	-224.7297	2.794969	0.006090616
1070	-194.5318	-196.968	2.436198	0.02885477
1080	-194.8148	-197.3053	2.490501	0.02688639
1090	-201.8005	-204.6015	2.801077	0.0149826
1100	-228.6844	-229.6234	0.9390122	0.09710265
1110	-204.4862	-207.326	2.839828	0.01295618
1120	-241.0069	-241.6915	0.6846363	0.1125145
1130	-316.9543	-316.5291	-0.4252214	0.1969198
1140	-195.9314	-198.0245	2.093044	0.0417629
1150	-199.2398	-201.1061	1.8663	0.0510027
1160	-211.9085	-213.2798	1.371371	0.07377791
1170	-224.7202	-227.4757	2.755476	0.005476211
1180	-195.4311	-197.5747	2.143573	0.03979073
1190	-204.9356	-207.7802	2.844546	0.0126624
1200	-195.8424	-198.4333	2.590924	0.0232461
1210	-225.0533	-227.8036	2.750268	0.005407826
1220	-213.0242	-214.362	1.33777	0.07546909
1230	-214.0544	-216.9184	2.864004	0.008355624
1240	-203.8802	-205.5308	1.650596	0.06045672
1250	-195.4192	-197.9767	2.557549	0.02445938
1260	-194.4015	-196.7706	2.369146	0.03130203
1270	-203.6897	-206.52	2.830317	0.01350543
1280	-209.631	-211.0742	1.443181	0.07022864
1290	-196.0977	-198.1757	2.078009	0.04235546
1300	-202.3032	-204.0202	1.717004	0.05747227
1310	-214.7355	-217.5963	2.860756	0.008121165
1320	-264.39	-264.6705	0.2804546	0.139842
1330	-232.7228	-233.5742	0.8513918	0.1022631
1340	-210.118	-211.5455	1.42743	0.07099962
1350	-195.0123	-197.5287	2.516389	0.0259498
1360	-238.3851	-239.1208	0.7357283	0.1093126
1370	-194.5658	-196.8436	2.277728	0.03468681
1380	-251.3371	-251.833	0.4959141	0.124824
1390	-195.0888	-197.274	2.18517	0.03818854
1400	-226.3758	-229.1044	2.728585	0.005146061
1410	-195.4217	-197.9795	2.557774	0.02445122
1420	-214.96	-216.2416	1.281611	0.07833979
1430	-247.1517	-249.3479	2.1962	0.00246191
1440	-197.6801	-199.6394	1.959289	0.04713233
1450	-208.3449	-211.2121	2.867238	0.01073865
1460	-228.1925	-229.1425	0.9500153	0.09646536
1470	-224.8678	-227.621	2.75318	0.005445779
1480	-213.7339	-216.5992	2.865337	0.008469051
1490	-198.7269	-200.622	1.895135	0.04978989
1500	-199.2849	-202.0278	2.742898	0.0174938
1510	-210.1772	-213.0484	2.871223	0.009880389
1520	-216.9038	-219.7506	2.846816	0.007429673
1530	-207.0659	-209.9272	2.861238	0.01140416
1540	-196.4884	-198.5335	2.045145	0.04366016
1550	-214.9814	-216.2624	1.281002	0.07837122
1560	-208.2312	-211.098	2.866817	0.01079545
1570	-465.5605	-463.7797	-1.780858	0.3471499
1580	-259.6308	-259.9873	0.3564561	0.1344238
1590	-330.8555	-330.2727	-0.5828306	0.2114662
1600	-231.028	-233.668	2.640016	0.004335901
1610	-195.7787	-198.365	2.586325	0.02341368
1620	-260.1941	-260.5414	0.347317	0.1350683
1630	-351.5928	-350.7906	-0.8021684	0.2328962
1640	-200.8563	-203.6386	2.782269	0.01583633
1650	-202.0993	-204.9057	2.806398	0.01473014
1660	-202.2731	-205.0825	2.809366	0.01458679
1670	-222.0848	-223.1784	1.093594	0.08836422
1680	-216.7715	-218.0028	1.231242	0.08096214
1690	-200.0738	-201.896	1.822214	0.05287946
1700	-221.5604	-222.667	1.106593	0.0876502
1710	-381.7629	-380.6692	-1.093698	0.263627
1720	-209.2223	-210.6789	1.456578	0.06957612
1730	-224.4189	-225.456	1.037105	0.09150435
1740	-227.3931	-230.104	2.710835	0.004954821
1750	-330.8536	-330.2708	-0.5828094	0.2114642
1760	-216.3236	-217.5671	1.243513	0.0803191
1770	-205.8338	-207.4088	1.574955	0.06393989
1780	-194.531	-196.967	2.435977	0.02886278
1790	-210.8418	-212.2462	1.404433	0.07213287
1800	-194.6803	-196.9316	2.251305	0.03567808
1810	-194.5191	-196.8101	2.291067	0.03418874
1820	-194.5318	-196.819	2.287211	0.03433256
1830	-210.8266	-212.2315	1.404909	0.07210929
1840	-196.5965	-198.6331	2.036557	0.04400326
1850	-203.8563	-205.5079	1.651563	0.0604128
1860	-197.5009	-199.4721	1.971157	0.04664668
1870	-200.8251	-202.6101	1.784953	0.05448745
1880	-204.6833	-207.5253	2.841953	0.01282597
1890	-195.3605	-197.9128	2.552296	0.02464982
1900	-194.8847	-197.385	2.500322	0.02653105
1910	-194.4094	-196.7533	2.343845	0.03223246
1920	-195.1632	-197.6963	2.533105	0.02534493
1930	-200.5674	-203.3432	2.77585	0.01611663
1940	-234.7538	-237.3096	2.55583	0.003791673
1950	-200.8453	-203.6274	2.782031	0.01584678
1960	-210.6872	-213.5586	2.871437	0.009658963
1970	-210.7186	-212.1269	1.408314	0.071941
1980	-218.9996	-221.828	2.8284	0.006831271
1990	-200.4987	-202.2996	1.800883	0.05379753
2000	-1032.783	-1028.241	-4.541811	0.8887463
2010	-262.3528	-262.6655	0.3126561	0.13753
2020	-197.8162	-200.5097	2.693486	0.01943445
2030	-201.321	-204.1129	2.791921	0.01540489
2040	-315.0216	-314.6191	-0.4025463	0.194884
2050	-196.0165	-198.1018	2.085266	0.04206911
2060	-202.3117	-204.0283	1.71663	0.05748886
2070	-269.0581	-269.2665	0.2084238	0.1451013
2080	-228.8984	-229.8327	0.9342472	0.09737937
2090	-204.6073	-207.4484	2.841143	0.01287596
2100	-200.0916	-201.9129	1.821307	0.05291838
2110	-217.3573	-220.2005	2.843232	0.007294739
2120	-213.0135	-214.3516	1.338087	0.07545304
2130	-194.5214	-196.8118	2.290339	0.03421589
2140	-202.1162	-203.8415	1.725259	0.05710595
2150	-309.3031	-308.9688	-0.3342722	0.1888389
2160	-205.7446	-207.3229	1.578275	0.06378508
2170	-603.4197	-600.7519	-2.667781	0.4812827
2180	-200.7547	-202.5431	1.788357	0.05433971
2190	-194.5257	-196.9602	2.434507	0.0289162
2200	-203.5253	-205.1904	1.665074	0.0598003
2210	-251.4344	-253.4793	2.044875	0.002129067
2220	-206.261	-207.8202	1.559222	0.0646758
2230	-199.936	-202.6966	2.7606	0.01676531
2240	-194.5716	-196.8478	2.276221	0.03474319
2250	-251.3531	-251.8488	0.4956345	0.1248428
2260	-194.8308	-197.3237	2.492825	0.02680231
2270	-236.6841	-239.1918	2.507747	0.003540358
2280	-195.0447	-197.5649	2.520162	0.02581329
2290	-197.7225	-200.4123	2.689772	0.01957637
2300	-217.7282	-218.9337	1.205409	0.08232482
2310	-239.7593	-240.468	0.7087693	0.1109953
2320	-195.562	-198.1316	2.56962	0.02402128
2330	-194.5421	-196.981	2.438936	0.02875531
2340	-430.9315	-429.4165	-1.515006	0.3128926
2350	-225.5479	-228.2903	2.742344	0.005308121
2360	-210.4854	-213.3568	2.871397	0.009745708
2370	-217.1611	-220.0059	2.84481	0.007352731
2380	-246.3639	-246.9483	0.5844479	0.1189536
2390	-242.5868	-243.2413	0.6545258	0.1144273
2400	-205.2562	-206.8529	1.596661	0.06293107
2410	-200.4074	-202.2128	1.805409	0.0536022
2420	-243.9498	-244.5787	0.6289351	0.116068
2430	-195.1519	-197.6838	2.53192	0.02538779
2440	-205.8229	-208.6754	2.852588	0.01211307
2450	-194.4141	-196.801	2.386934	0.03065037
2460	-212.2718	-215.1416	2.869789	0.009013512
2470	-197.1242	-199.1214	1.997175	0.04558854
2480	-194.4161	-196.7536	2.337428	0.03246916
2490	-200.2505	-203.0189	2.768417	0.01643563
2500	-198.0328	-200.7346	2.701778	0.01911597
2510	-291.746	-291.6336	-0.1123843	0.1700511
2520	-204.5706	-207.4114	2.840748	0.01290015
2530	-195.9653	-198.5647	2.599444	0.02293514
2540	-203.0286	-205.8498	2.821224	0.01399199
2550	-245.6059	-246.2042	0.5983037	0.1180503
2560	-207.9436	-210.8093	2.865655	0.01094107
2570	-206.073	-207.6391	1.566115	0.06435287
2580	-200.8763	-202.6588	1.782491	0.05459441
2590	-299.822	-299.6051	-0.2169001	0.1787394
2600	-199.5381	-201.3883	1.85016	0.05168658
2610	-202.2209	-203.9415	1.720625	0.05731144
2620	-194.5904	-197.0409	2.450573	0.02833284
2630	-194.4886	-196.7898	2.301187	0.03381191
2640	-314.0126	-313.6219	-0.3906292	0.1938197
2650	-246.1032	-246.6924	0.5892023	0.1186432
2660	-198.4279	-201.1438	2.715917	0.01856704
2670	-259.9276	-260.2792	0.3516366	0.1347635
2680	-195.5398	-197.6716	2.131767	0.04024893
2690	-194.7631	-196.9985	2.235353	0.03627966
2700	-206.402	-209.259	2.856982	0.01177453
2710	-195.6279	-198.2028	2.574887	0.02382987
2720	-217.7402	-220.5802	2.840032	0.007183225
2730	-389.7161	-388.5501	-1.165943	0.2716564
2740	-196.8683	-199.5199	2.651628	0.02101271
2750	-228.2346	-230.93	2.695461	0.004802897
2760	-203.3702	-205.0417	1.671483	0.05951072
2770	-217.9595	-220.7976	2.838127	0.007120313
2780	-229.3344	-232.0089	2.674432	0.004612414
2790	-244.2299	-246.5215	2.291603	0.00272115
2800	-415.0886	-413.7031	-1.38548	0.2971093
2810	-201.941	-204.7446	2.803616	0.01486285
2820	-231.1592	-233.7965	2.637247	0.00431528
2830	-202.94	-205.76	2.819917	0.01405949
2840	-200.3752	-203.1466	2.771392	0.01630861
2850	-194.9603	-197.1635	2.203244	0.0374981
2860	-204.8063	-207.6495	2.843234	0.01274581
2870	-236.1449	-236.9255	0.7805721	0.1065469
2880	-200.7166	-203.4958	2.779206	0.01597069
2890	-295.3941	-295.2339	-0.1601463	0.1739864
2900	-247.257	-247.8252	0.5682484	0.120015
2910	-201.5115	-204.3072	2.795653	0.01523445
2920	-194.4715	-196.8887	2.417201	0.02954575
2930	-197.1527	-199.1479	1.99515	0.04567058
2940	-282.2768	-282.293	0.0161865	0.1597462
2950	-212.5257	-215.3949	2.869212	0.008915616
2960	-194.4536	-196.7688	2.315265	0.03328907
2970	-240.603	-241.2954	0.692414	0.1120236
2980	-194.4379	-196.761	2.323076	0.03299968
2990	-198.5682	-201.2889	2.720662	0.01838096
3000	-197.6676	-200.3551	2.687557	0.01966081
3010	-217.2915	-218.5087	1.217138	0.0817046
3020	-260.4931	-260.8356	0.3424816	0.1354101
3030	-206.3565	-207.9122	1.55574	0.06483919
3040	-198.1526	-200.8588	2.706195	0.01894533
3050	-197.4188	-200.096	2.677149	0.02005567
3060	-241.3092	-241.988	0.6788365	0.1128815
3070	-195.1901	-197.3621	2.172021	0.03869298
3080	-251.1519	-251.651	0.4991407	0.124607
3090	-198.5185	-200.4258	1.907293	0.04928197
3100	-345.4455	-344.7066	-0.7389378	0.2265734
3110	-209.9973	-212.8684	2.871057	0.009960194
3120	-212.419	-215.2884	2.869465	0.008956599
3130	-194.4078	-196.7535	2.345704	0.03216395
3140	-198.6094	-201.3314	2.722027	0.01832724
3150	-194.7048	-197.1778	2.472975	0.02752085
3160	-233.9353	-236.5106	2.575305	0.003904241
3170	-349.7632	-348.9797	-0.7834976	0.2310168
3180	-263.5086	-263.8029	0.2943283	0.1388429
3190	-210.4785	-211.8944	1.415916	0.07156587
3200	-202.834	-205.6523	2.818325	0.01414103
3210	-194.7472	-197.2273	2.480086	0.02726336
3220	-328.9716	-328.4096	-0.5620076	0.2095042
3230	-223.3216	-226.0978	2.776224	0.0057749
3240	-207.9019	-209.403	1.501063	0.06743108
3250	-202.1624	-204.9698	2.807486	0.01467783
3260	-301.7608	-301.5194	-0.2413495	0.1808131
3270	-205.6709	-207.2519	1.581027	0.0636569
3280	-194.6768	-196.9288	2.252032	0.03565071
3290	-209.0968	-211.9663	2.869501	0.01037388
3300	-400.3068	-399.0473	-1.259518	0.2823093
3310	-195.5455	-198.1138	2.568276	0.02407009
3320	-211.1587	-214.03	2.871306	0.00946039
3330	-194.4647	-196.7751	2.310414	0.03346905
3340	-227.5286	-230.237	2.708402	0.004929985
3350	-194.6898	-197.1601	2.470334	0.02761653
3360	-196.1523	-198.2256	2.07322	0.04254476
3370	-218.2404	-219.4322	1.191784	0.0830484
3380	-195.6945	-198.2745	2.580038	0.02364256
3390	-194.6033	-197.0567	2.453414	0.0282298
3400	-199.4402	-202.1875	2.74732	0.01731391
3410	-197.1806	-199.8471	2.666558	0.02045461
3420	-195.1991	-197.37	2.170888	0.03873654
3430	-197.5423	-199.5107	1.968388	0.04675982
3440	-205.2497	-208.0973	2.847581	0.01246344
3450	-196.2387	-198.3045	2.065785	0.04283923
3460	-212.6885	-215.5573	2.868798	0.00885362
3470	-216.4331	-219.2834	2.850295	0.007573115
3480	-195.9616	-198.5608	2.599196	0.02294418
3490	-202.6902	-205.5063	2.816114	0.01425299
3500	-206.6748	-208.219	1.544228	0.06538088
3510	-276.92	-277.0122	0.09215096	0.1538517
3520	-194.4364	-196.7603	2.323916	0.03296859
3530	-209.4421	-212.3123	2.870243	0.0102124
3540	-211.7255	-214.5962	2.870742	0.009229124
3550	-209.9521	-212.8231	2.871008	0.009980373
3560	-253.264	-253.7267	0.4626503	0.1270742
3570	-194.5969	-197.049	2.452032	0.02827995
3580	-204.787	-206.4017	1.614682	0.06209925
3590	-525.9826	-523.7842	-2.198357	0.4063026
3600	-312.3143	-311.9439	-0.370448	0.1920261
3610	-217.6124	-220.4535	2.841117	0.007220193
3620	-341.7989	-341.0982	-0.7007419	0.2228113
3630	-196.2758	-198.3385	2.06264	0.04296397
3640	-194.4396	-196.7617	2.322166	0.03303339
3650	-208.0211	-210.8871	2.865982	0.01090153
3660	-194.619	-196.8836	2.264619	0.03517781
3670	-197.8992	-199.8443	1.945169	0.04771247
3680	-298.1244	-297.9291	-0.1952947	0.1769201
3690	-455.1469	-453.4437	-1.703211	0.3368797
3700	-209.5607	-212.4312	2.870456	0.01015774
3710	-198.344	-200.2617	1.917684	0.04884948
3720	-199.7872	-202.5439	2.756743	0.01692607
3730	-918.4641	-914.3393	-4.124778	0.7811222
3740	-746.6271	-743.2266	-3.400522	0.6183498
3750	-200.5616	-203.3373	2.775718	0.01612237
3760	-216.5777	-219.427	2.849252	0.007528668
3770	-195.7364	-197.8481	2.111672	0.04103243
3780	-310.7804	-310.4283	-0.3520837	0.1904037
3790	-201.9829	-204.7872	2.804359	0.01482754
3800	-203.0566	-204.7412	1.684594	0.05892038
3810	-201.2147	-202.9811	1.76641	0.05529519
3820	-196.2562	-198.8742	2.61804	0.02225408
3830	-210.4726	-213.344	2.871392	0.009751272
3840	-223.8494	-226.618	2.768609	0.005659943
3850	-195.3066	-197.8539	2.547305	0.0248307
3860	-195.7938	-198.3812	2.587427	0.02337354
3870	-235.4132	-237.9529	2.539743	0.003703638
3880	-194.4766	-196.7822	2.305642	0.0336463
3890	-196.483	-198.5285	2.045581	0.04364277
3900	-195.1404	-197.6712	2.530715	0.02543141
3910	-828.62	-824.8569	-3.763093	0.6961961
3920	-240.177	-242.5902	2.413198	0.003131473
3930	-228.9175	-231.6001	2.682527	0.004683568
3940	-198.1322	-200.8377	2.70545	0.01897413
3950	-208.8902	-210.3578	1.467589	0.06904213
3960	-270.2724	-270.4625	0.190066	0.1464613
3970	-277.0255	-277.1161	0.0906307	0.1539683
3980	-241.9421	-244.3038	2.361794	0.002944969
3990	-216.3713	-219.222	2.850734	0.007592233
4000	-198.9304	-201.6627	2.732296	0.01792016
4010	-204.879	-206.4902	1.611119	0.06226329
4020	-200.2538	-203.0223	2.768496	0.01643226
4030	-209.7367	-212.6075	2.870733	0.01007744
4040	-280.8331	-280.8695	0.03641701	0.1581625
4050	-208.0713	-209.5665	1.495249	0.06770955
4060	-216.8441	-218.0733	1.229265	0.081066
4070	-197.6357	-200.3219	2.686257	0.01971031
4080	-195.1853	-197.3579	2.172625	0.03866976
4090	-204.3372	-207.1753	2.838162	0.01305609
4100	-245.9713	-246.5629	0.5916122	0.118486
4110	-196.5773	-198.6154	2.03807	0.04394274
4120	-358.7136	-357.8399	-0.8736843	0.2401923
4130	-210.0342	-211.4643	1.430127	0.07086732
4140	-209.0051	-210.4689	1.463766	0.06922732
4150	-195.349	-197.5019	2.152875	0.03943083
4160	-197.883	-199.8292	1.946199	0.04767006
4170	-241.5656	-242.2395	0.6739318	0.1131923
4180	-200.864	-202.6471	1.783081	0.05456874
4190	-195.9962	-198.5977	2.601521	0.02285926
4200	-292.3559	-292.2355	-0.1204354	0.1707103
4210	-199.1486	-201.8875	2.738909	0.01765502
4220	-260.5162	-260.8583	0.3421087	0.1354365
4230	-209.7516	-212.6224	2.870754	0.01007067
4240	-221.4469	-222.5564	1.109421	0.08749528
4250	-209.9645	-212.8355	2.871022	0.009974833
4260	-199.5819	-202.3332	2.751244	0.01715319
4270	-198.0728	-200.0071	1.934263	0.04816243
4280	-225.7123	-226.719	1.006698	0.09321978
4290	-195.78	-198.3664	2.586422	0.02341016
4300	-195.9862	-198.5871	2.600853	0.02288367
4310	-197.807	-200.5001	2.693124	0.0194483
4320	-197.3175	-199.3011	1.983633	0.0461382
4330	-194.6731	-196.9259	2.25278	0.03562259
4340	-195.7124	-198.2938	2.581399	0.02359304
4350	-198.0465	-199.9824	1.935899	0.04809482
4360	-258.8692	-260.6197	1.750486	0.001660539
4370	-201.9619	-203.694	1.732142	0.05680131
4380	-194.4548	-196.7695	2.314691	0.03331037
4390	-212.5794	-215.4485	2.869079	0.008895115
4400	-196.3612	-198.9855	2.624285	0.0220245
4410	-285.3404	-285.3142	-0.02617342	0.1630953
4420	-196.3053	-198.3655	2.060158	0.04306253
4430	-196.372	-198.4266	2.054619	0.04328268
4440	-206.9335	-209.7939	2.860453	0.01147662
4450	-196.295	-198.356	2.061028	0.04302799
4460	-206.546	-209.404	2.857974	0.01169267
4470	-195.5546	-198.1236	2.56902	0.02404308
4480	-204.8908	-207.7349	2.844096	0.01269118
4490	-199.6552	-202.4084	2.753231	0.01707138
4500	-197.5123	-200.1934	2.681132	0.01990493
4510	-202.0363	-204.8416	2.8053	0.01478271
4520	-196.4719	-199.1025	2.630632	0.02179063
4530	-200.0353	-202.7984	2.763118	0.0166597
4540	-194.6191	-197.0759	2.456768	0.02810817
4550	-195.644	-197.765	2.120929	0.04067093
4560	-194.5906	-196.862	2.271399	0.03492368
4570	-230.761	-231.6544	0.8933714	0.09977163
4580	-194.4574	-196.8689	2.411582	0.02975045
4590	-240.0091	-240.713	0.7039114	0.1113001
4600	-198.8522	-201.582	2.729854	0.01801746
4610	-197.329	-200.0022	2.673232	0.02020356
4620	-194.6905	-196.9398	2.249217	0.03575668
4630	-200.257	-202.07	1.81293	0.05327824
4640	-197.0992	-199.762	2.662789	0.02059593
4650	-202.0316	-204.8369	2.805219	0.01478659
4660	-220.0888	-222.9058	2.817007	0.006544103
4670	-218.2965	-219.4868	1.190298	0.08312753
4680	-209.2672	-212.1371	2.86989	0.01029374
4690	-219.32	-222.1451	2.825176	0.006745211
4700	-207.4139	-208.9319	1.518005	0.06662275
4710	-196.9858	-199.6432	2.657398	0.02079754
4720	-312.6483	-312.2739	-0.374429	0.1923791
4730	-342.4258	-341.7185	-0.707346	0.2234587
4740	-594.9442	-592.3248	-2.619378	0.4731123
4750	-399.8751	-398.6193	-1.255759	0.2818758
4760	-194.6055	-197.0594	2.453893	0.02821244
4770	-201.0301	-202.8053	1.775135	0.05491448
4780	-207.2918	-210.1543	2.862503	0.01128221
4790	-211.7434	-214.6141	2.870717	0.009221923
4800	-205.9221	-207.4938	1.571682	0.06409263
4810	-201.6033	-204.4007	2.797406	0.01515362
4820	-210.3999	-211.8183	1.418418	0.07144266
4830	-213.6401	-216.5058	2.865704	0.008502629
4840	-199.4592	-201.3136	1.854386	0.05150717
4850	-227.1915	-229.9059	2.714427	0.004992061
4860	-225.1039	-227.8533	2.749467	0.005397528
4870	-521.9322	-519.7602	-2.171947	0.4023577
4880	-222.4862	-225.2739	2.787737	0.005962642
4890	-197.1111	-199.1092	1.99811	0.04555065
4900	-200.5826	-203.3588	2.776198	0.01610159
4910	-195.0172	-197.2122	2.195025	0.03781165
4920	-194.4397	-196.7618	2.322094	0.03303604
4930	-235.2409	-236.0399	0.7989973	0.1054226
4940	-209.1521	-212.0217	2.869633	0.01034778
4950	-249.6654	-250.1906	0.5252287	0.1228612
4960	-194.4012	-196.7694	2.368205	0.03133656
4970	-466.2106	-464.425	-1.785644	0.3477903
4980	-196.41	-199.0371	2.627113	0.02192036
4990	-207.4529	-210.3162	2.86335	0.01119642
5000	-212.1282	-214.9983	2.870078	0.009069499
5010	-199.3199	-201.1818	1.861923	0.05118777
5020	-195.109	-197.2915	2.182482	0.03829148
5030	-321.5004	-321.0226	-0.4777982	0.201695
5040	-206.6598	-208.2046	1.544765	0.06535554
5050	-227.0766	-228.0518	0.9752638	0.09501195
5060	-196.5511	-199.1861	2.635033	0.02162817
5070	-199.0019	-201.7364	2.734493	0.01783235
5080	-203.1053	-204.7878	1.682545	0.05901246
5090	-211.2098	-212.6027	1.392917	0.07270372
5100	-194.5929	-197.0441	2.45114	0.02831228
5110	-195.5934	-197.7196	2.126136	0.04046803
5120	-199.1202	-200.9931	1.872891	0.05072444
5130	-200.1842	-202.951	2.766805	0.01650405
5140	-268.2301	-268.4511	0.2210279	0.1441722
5150	-337.5226	-336.8673	-0.6552676	0.2183882
5160	-208.7732	-210.2446	1.471498	0.06885301
5170	-453.5158	-451.8249	-1.690877	0.3352687
5180	-207.1443	-208.6718	1.527487	0.06617241
5190	-617.8312	-615.0826	-2.748597	0.4951577
5200	-201.4638	-203.2186	1.754806	0.05580324
5210	-198.0952	-200.7992	2.70409	0.01902673
5220	-199.444	-202.1914	2.747428	0.01730953
5230	-208.8313	-211.7001	2.868805	0.01050059
5240	-194.6505	-197.1135	2.463041	0.02788077
5250	-204.2541	-205.8897	1.635606	0.06113983
5260	-285.0455	-285.0234	-0.02212892	0.1627736
5270	-586.8361	-584.2637	-2.572442	0.4652885
5280	-204.6995	-207.5416	2.842123	0.01281539
5290	-285.6555	-285.6251	-0.03048821	0.163439
5300	-242.3595	-244.7088	2.349286	0.002902671
5310	-217.7526	-218.9574	1.204757	0.08235935
5320	-220.864	-223.6722	2.808164	0.006348789
5330	-197.2586	-199.9287	2.6701	0.0203215
5340	-294.0586	-293.9159	-0.1427702	0.1725479
5350	-203.9374	-206.7709	2.833438	0.01333047
5360	-196.3167	-198.9384	2.621669	0.02212073
5370	-198.8333	-201.5626	2.729259	0.01804111
5380	-393.8362	-392.6335	-1.202693	0.2758059
5390	-199.5532	-201.4026	1.849356	0.05172076
5400	-194.9132	-197.4173	2.504095	0.02639455
5410	-201.0009	-203.7863	2.785359	0.01569959
5420	-194.6329	-196.8944	2.261451	0.03529668
5430	-194.4013	-196.7593	2.357986	0.03171188
5440	-217.3481	-220.1914	2.843307	0.007297452
5450	-194.4478	-196.7658	2.317977	0.03318856
5460	-230.7061	-233.3529	2.646745	0.004386951
5470	-267.4119	-267.6455	0.2335549	0.1432525
5480	-238.1989	-240.6669	2.467924	0.003356155
5490	-249.0769	-249.6126	0.5356529	0.1221678
5500	-198.6258	-200.5268	1.900999	0.04954464
5510	-197.3356	-199.318	1.982386	0.04618894
5520	-194.4027	-196.7566	2.353952	0.03186024
5530	-255.6122	-257.4965	1.884343	0.001850594
5540	-196.208	-198.2764	2.068415	0.04273501
5550	-488.4691	-486.5236	-1.945409	0.3696591
5560	-196.9863	-198.9934	2.007104	0.04518699
5570	-242.2197	-244.5732	2.353489	0.002916758
5580	-244.0448	-246.3422	2.297432	0.002738552
5590	-211.1871	-212.5807	1.393625	0.07266857
5600	-219.2483	-220.4137	1.165362	0.08446128
5610	-201.2043	-202.9712	1.766899	0.05527381
5620	-201.3976	-204.1911	2.793438	0.01533588
5630	-194.4041	-196.7795	2.375367	0.0310739
5640	-217.9635	-219.1627	1.199132	0.08265777
5650	-195.9907	-198.0783	2.087607	0.04197689
5660	-215.0444	-217.9035	2.859102	0.008017707
5670	-195.0939	-197.6196	2.525686	0.02561343
5680	-204.461	-206.0884	1.627424	0.06151417
5690	-196.6401	-199.28	2.639854	0.02144983
5700	-213.7131	-216.5785	2.86542	0.008476491
5710	-195.8846	-198.4785	2.593898	0.02313762
5720	-196.6537	-198.6858	2.032094	0.04418195
5730	-197.4758	-200.1554	2.679587	0.01996346
5740	-200.7058	-203.4847	2.778966	0.01598117
5750	-250.3802	-250.8929	0.5126396	0.1237018
5760	-234.5345	-237.0956	2.561102	0.003821475
5770	-197.631	-200.3171	2.686065	0.01971759
5780	-194.7606	-196.9964	2.235807	0.03626252
5790	-195.7012	-198.2818	2.580552	0.02362386
5800	-239.9989	-240.703	0.7041086	0.1112878
5810	-202.1978	-205.0058	2.808091	0.01464863
5820	-198.853	-201.5829	2.72988	0.01801641
5830	-327.5113	-326.9656	-0.5457551	0.2079815
5840	-207.6752	-209.1841	1.508898	0.06705664
5850	-208.1199	-210.9863	2.866384	0.01085143
5860	-205.0094	-206.6155	1.606096	0.06249494
5870	-195.0917	-197.6172	2.525448	0.02562202
5880	-202.136	-204.943	2.807033	0.01469964
5890	-1675.589	-1669.26	-6.328841	1.488662
5900	-194.4061	-196.7541	2.347942	0.0320815
5910	-212.4375	-213.7928	1.355318	0.07458342
5920	-197.888	-200.5843	2.696282	0.01932732
5930	-206.1622	-209.0175	2.855242	0.01191289
5940	-234.8824	-237.4351	2.55272	0.003774319
5950	-239.9582	-242.3776	2.419403	0.003155492
5960	-200.1625	-201.9802	1.817705	0.05307297
5970	-198.7088	-201.434	2.725277	0.01819897
5980	-207.6304	-209.1408	1.510453	0.06698246
5990	-203.9217	-205.5706	1.648919	0.06053298
6000	-258.5626	-260.326	1.763408	0.00167751
6010	-194.6615	-197.1266	2.465134	0.02780492
6020	-195.5443	-198.1124	2.568173	0.02407385
6030	-507.93	-505.851	-2.079017	0.3886995
6040	-205.5155	-208.3655	2.849987	0.012299
6050	-195.9545	-198.5533	2.598717	0.02296171
6060	-197.6691	-200.3567	2.687619	0.01965845
6070	-232.3517	-234.9632	2.611424	0.004132959
6080	-285.6806	-285.6498	-0.03083086	0.1634663
6090	-201.1664	-202.9351	1.768684	0.05519586
6100	-199.4442	-202.1916	2.747433	0.01730932
6110	-264.845	-265.1184	0.2733276	0.1403569
6120	-194.9321	-197.4386	2.506538	0.02630619
6130	-237.7266	-240.2071	2.480536	0.003412418
6140	-194.9999	-197.5148	2.514919	0.02600297
6150	-199.5085	-201.3602	1.851747	0.05161919
6160	-199.8486	-201.6824	1.833811	0.0523831
6170	-194.4616	-196.8749	2.413316	0.02968726
6180	-195.0006	-197.5156	2.515001	0.026
6190	-213.8725	-215.1854	1.312841	0.07673654
6200	-194.4684	-196.7773	2.308869	0.03352642
6210	-205.7197	-207.2989	1.579204	0.06374179
6220	-766.7643	-763.2715	-3.492825	0.6375036
6230	-194.8882	-197.1025	2.214243	0.03707955
6240	-215.3526	-216.6231	1.270525	0.07891305
6250	-209.9323	-211.3657	1.433409	0.07070646
6260	-200.4361	-202.2401	1.803983	0.05366369
6270	-219.5152	-220.6736	1.158452	0.08483292
6280	-225.389	-226.4033	1.014241	0.0927926
6290	-216.8697	-218.0983	1.228567	0.08110269
6300	-241.5952	-242.2685	0.6733665	0.1132282
6310	-196.8585	-198.875	2.016521	0.04480733
6320	-233.6605	-234.4922	0.8316923	0.1034445
6330	-1508.511	-1502.58	-5.930862	1.333326
6340	-213.0525	-215.9203	2.86775	0.008717093
6350	-194.4235	-196.7553	2.33184	0.03267553
6360	-212.5774	-213.9285	1.35111	0.07479531
6370	-255.5218	-255.9462	0.4243598	0.1296949
6380	-206.3557	-207.9115	1.555769	0.06483785
6390	-194.7408	-196.9803	2.239462	0.03612445
6400	-201.2962	-203.0588	1.762593	0.05546208
6410	-224.3391	-227.1005	2.76131	0.00555573
6420	-212.9397	-215.8078	2.868093	0.008759109
6430	-203.6946	-206.525	2.830381	0.0135019
6440	-197.982	-199.9219	1.93994	0.04792801
6450	-194.8846	-197.0994	2.21481	0.03705802
6460	-207.0962	-209.9576	2.861413	0.01138771
6470	-306.7949	-306.4912	-0.3037459	0.1861768
6480	-217.8613	-219.0632	1.201854	0.08251326
6490	-198.8835	-201.6143	2.730835	0.0179784
6500	-216.647	-217.8816	1.234642	0.0807837
6510	-197.721	-199.6776	1.956621	0.04724171
6520	-231.5877	-234.2158	2.628107	0.004248742
6530	-221.6109	-224.41	2.799079	0.006167331
6540	-244.1072	-244.7332	0.6260028	0.1162569
6550	-260.1486	-260.4967	0.3480532	0.1350163
6560	-197.7181	-200.4077	2.689597	0.01958305
6570	-199.3394	-202.0838	2.744465	0.01743022
6580	-211.2353	-214.1066	2.871255	0.009428655
6590	-225.3226	-226.3384	1.015795	0.09270469
6600	-196.2519	-198.8697	2.617781	0.02226361
6610	-254.1209	-254.5689	0.4480329	0.1280708
6620	-198.6228	-201.3453	2.722469	0.0183098
6630	-197.5652	-200.2485	2.683347	0.01982088
6640	-306.3506	-306.0523	-0.2982999	0.1857045
6650	-225.1517	-227.9004	2.748709	0.005387817
6660	-197.806	-199.7571	1.951126	0.04746739
6670	-213.5647	-216.4307	2.865991	0.008529765
6680	-196.7275	-199.372	2.644458	0.02127919
6690	-229.4609	-230.3827	0.9217939	0.0981047
6700	-207.8605	-209.363	1.50249	0.06736279
6710	-199.6146	-202.3668	2.752135	0.01711656
6720	-215.8819	-217.1377	1.255729	0.07968161
6730	-246.9234	-247.4977	0.5742828	0.1196189
6740	-209.7124	-211.153	1.440532	0.070358
6750	-200.6972	-202.4884	1.791152	0.05421853
6760	-195.0449	-197.2361	2.191148	0.03795979
6770	-197.2943	-199.2795	1.985238	0.04607293
6780	-214.1828	-217.0462	2.863434	0.008310752
6790	-255.6397	-256.062	0.4223812	0.1298312
6800	-196.2981	-198.3589	2.060764	0.04303845
6810	-243.5695	-244.2055	0.6360407	0.115611
6820	-228.8726	-231.556	2.68339	0.004691311
6830	-392.5063	-391.3154	-1.19088	0.2744673
6840	-294.9722	-294.8175	-0.1546697	0.1735321
6850	-344.892	-344.1589	-0.7331744	0.2260029
6860	-232.3925	-233.2509	0.8583854	0.1018456
6870	-217.6723	-218.8792	1.206905	0.08224555
6880	-346.5055	-345.7555	-0.7499431	0.2276653
6890	-194.7099	-197.1838	2.473867	0.02748856
6900	-272.2676	-272.4278	0.1602297	0.1486888
6910	-204.7302	-207.5726	2.842445	0.01279533
6920	-198.0545	-200.757	2.702584	0.01908486
6930	-680.4587	-677.3786	-3.08009	0.5552245
6940	-197.3927	-200.0687	2.676018	0.0200984
6950	-194.6108	-196.8773	2.266545	0.03510557
6960	-220.9442	-223.7514	2.807216	0.006329003
6970	-235.903	-236.6885	0.785484	0.1062465
6980	-200.9714	-203.7562	2.784735	0.01572727
6990	-218.9491	-220.1223	1.173152	0.08404339
7000	-196.2034	-198.8182	2.614816	0.02237243
7010	-207.8079	-210.673	2.865059	0.01101079
7020	-253.1268	-253.5918	0.4650006	0.1269144
7030	-333.3362	-332.7262	-0.6100083	0.2140456
7040	-196.7633	-199.4097	2.646311	0.02121042
7050	-368.948	-367.9745	-0.9734365	0.2506301
7060	-222.6576	-225.4431	2.785429	0.005923517
7070	-198.0633	-200.7663	2.702914	0.01907214
7080	-194.4391	-196.7615	2.322443	0.03302312
7090	-203.4225	-205.0918	1.669316	0.05960857
7100	-209.598	-212.4685	2.870518	0.01014068
7110	-199.0377	-201.7732	2.735581	0.01778877
7120	-207.0504	-209.9115	2.861148	0.01141262
7130	-215.9538	-217.2075	1.253734	0.07978553
7140	-194.4046	-196.7808	2.376189	0.03104378
7150	-244.1199	-244.7457	0.625766	0.1162721
7160	-200.8923	-202.6741	1.781719	0.05462797
7170	-203.4943	-206.3221	2.827748	0.01364613
7180	-199.4996	-202.2486	2.748978	0.01724616
7190	-196.3756	-199.0008	2.625127	0.02199351
7200	-599.7216	-597.0749	-2.646743	0.4777187
7210	-202.186	-203.9081	1.722168	0.05724299
7220	-201.7946	-204.5955	2.800969	0.01498765
7230	-206.6518	-208.1968	1.545054	0.06534192
7240	-198.4183	-201.1339	2.715589	0.01857988
7250	-217.2517	-218.4699	1.218214	0.08164787
7260	-203.2961	-204.9707	1.674561	0.05937188
7270	-217.2735	-220.1174	2.843911	0.007319429
7280	-240.3809	-241.0776	0.6967045	0.1117533
7290	-248.0378	-250.2038	2.166004	0.002388689
7300	-196.333	-198.3908	2.05785	0.0431542
7310	-475.2289	-473.3776	-1.851319	0.3566633
7320	-194.5063	-196.8014	2.295124	0.03403757
7330	-213.5954	-214.9164	1.320927	0.07632424
7340	-208.9298	-211.7988	2.869076	0.01045335
7350	-209.0627	-210.5245	1.461856	0.0693199
7360	-194.6465	-197.1087	2.462263	0.02790896
7370	-201.2666	-203.0305	1.763979	0.05540145
7380	-202.5721	-205.3864	2.814256	0.01434609
7390	-244.7348	-245.3492	0.614353	0.1170092
7400	-247.5462	-248.1092	0.5630323	0.1203579
7410	-196.6415	-199.2814	2.639925	0.02144721
7420	-214.1517	-215.4565	1.304747	0.07715038
7430	-194.415	-196.7534	2.338368	0.03243449
7440	-201.6019	-204.3993	2.797381	0.01515478
7450	-683.869	-680.7717	-3.097301	0.5584857
7460	-194.4265	-196.7563	2.329806	0.03275071
7470	-204.9833	-206.5904	1.6071	0.06244859
7480	-206.399	-207.9532	1.554195	0.06491175
7490	-208.8986	-211.7676	2.868992	0.01046825
7500	-207.5376	-210.4014	2.863778	0.01115169
7510	-209.5866	-211.0312	1.44463	0.07015791
7520	-194.6886	-197.1587	2.470115	0.02762444
7530	-207.175	-210.0368	2.86186	0.01134503
7540	-248.9342	-249.4724	0.5381893	0.1219995
7550	-195.3944	-197.5421	2.147682	0.03963161
7560	-194.5157	-196.9473	2.431662	0.0290196
7570	-197.6102	-200.2954	2.685212	0.01975005
7580	-467.4816	-465.6866	-1.794981	0.3490418
7590	-228.6091	-229.5498	0.9406899	0.09700533
7600	-1317.569	-1312.142	-5.426675	1.155374
7610	-201.2309	-204.021	2.790111	0.0154868
7620	-332.782	-332.178	-0.6039599	0.2134697
7630	-195.8116	-197.9159	2.104355	0.04131891
7640	-194.7212	-197.197	2.475781	0.02741922
7650	-228.4397	-229.3842	0.9444751	0.09678595
7660	-194.4711	-196.7789	2.30779	0.03356648
7670	-203.063	-204.7474	1.684322	0.05893259
7680	-194.9359	-197.443	2.507029	0.02628842
7690	-207.8337	-210.6989	2.865175	0.01099749
7700	-212.2258	-215.0956	2.869885	0.0090314
7710	-196.0631	-198.1442	2.081081	0.04223419
7720	-219.2155	-222.0418	2.826238	0.006773111
7730	-198.1222	-200.8273	2.705083	0.01898834
7740	-251.7798	-252.2681	0.4882214	0.1253422
7750	-307.9316	-307.614	-0.3176255	0.1873841
7760	-203.2549	-206.0794	2.824466	0.01382206
7770	-222.394	-225.183	2.788966	0.005983805
7780	-273.4728	-273.6152	0.1423959	0.1500304
7790	-670.8456	-667.8145	-3.031134	0.5460265
7800	-201.8967	-203.6318	1.73507	0.05667195
7810	-207.1059	-208.6347	1.528848	0.06610789
7820	-201.4961	-203.2494	1.753315	0.05586869
7830	-213.012	-214.3501	1.338133	0.07545071
7840	-217.0146	-218.2392	1.224631	0.08130973
7850	-197.0108	-199.0162	2.005319	0.0452591
7860	-291.227	-291.1215	-0.1055129	0.1694897
7870	-194.7638	-196.9991	2.235219	0.03628474
7880	-206.1968	-207.7584	1.561568	0.06456579
7890	-194.4174	-196.7538	2.336415	0.03250656
7900	-220.8402	-223.6487	2.808445	0.006354674
7910	-194.4501	-196.767	2.316888	0.0332289
7920	-292.0905	-291.9736	-0.1169355	0.1704235
7930	-241.0452	-243.4334	2.388214	0.003038156
7940	-195.5981	-198.1707	2.572531	0.02391551
7950	-197.0977	-199.7604	2.662718	0.02059861
7960	-200.914	-202.6947	1.780678	0.05467322
7970	-195.0231	-197.2173	2.194199	0.03784317
7980	-194.4527	-196.8623	2.409575	0.02982363
7990	-209.5555	-212.426	2.870447	0.01016013
8000	-210.8582	-212.2621	1.403916	0.07215842
8010	-217.3949	-218.6093	1.214352	0.08185169
8020	-210.4089	-213.2803	2.871366	0.009778903
8030	-218.922	-221.7512	2.829165	0.006852325
8040	-515.1335	-513.0064	-2.127146	0.3957301
8050	-199.2274	-201.0944	1.866979	0.05097399
8060	-211.6538	-213.033	1.379177	0.07338782
8070	-494.8465	-492.8567	-1.989788	0.3759065
8080	-194.4625	-196.7738	2.311351	0.03343428
8090	-214.0352	-216.8993	2.864087	0.008362342
8100	-204.28	-207.1175	2.837509	0.01309477
8110	-201.3139	-203.0757	1.761767	0.05549824
8120	-197.4192	-200.0964	2.677167	0.02005501
8130	-221.5018	-222.6099	1.108052	0.08757025
8140	-195.2932	-197.4526	2.159418	0.03917822
8150	-214.3606	-217.2232	2.862613	0.008249136
8160	-203.9464	-206.7799	2.833549	0.01332421
8170	-216.6194	-217.8548	1.235396	0.08074417
8180	-194.6708	-196.9241	2.253271	0.0356041
8190	-459.8076	-458.0694	-1.738194	0.3414793
8200	-201.1086	-203.8962	2.787609	0.01559923
8210	-269.1489	-269.356	0.2070445	0.1452032
8220	-287.3302	-287.2769	-0.05328649	0.1652626
8230	-195.4069	-197.9634	2.556467	0.02449861
8240	-376.921	-375.8722	-1.048837	0.2587252
8250	-209.2016	-212.0714	2.869746	0.01032447
8260	-195.0226	-197.2169	2.194264	0.0378407
8270	-422.6522	-421.2042	-1.44799	0.304654
8280	-195.5539	-197.6842	2.130277	0.04030688
8290	-194.4387	-196.8416	2.402932	0.0300659
8300	-194.7047	-197.1776	2.472954	0.0275216
8310	-566.3582	-563.9072	-2.451023	0.445494
8320	-201.7144	-204.5138	2.79949	0.01505682
8330	-316.0715	-315.6566	-0.4148882	0.1959903
8340	-202.5031	-205.3163	2.813151	0.01440101
8350	-202.6675	-205.4833	2.81576	0.01427082
8360	-234.1974	-235.0179	0.8205151	0.1041183
8370	-220.7657	-223.575	2.809319	0.006373153
8380	-197.8719	-199.8188	1.946903	0.04764111
8390	-211.7157	-214.5864	2.870755	0.00923305
8400	-196.3225	-198.3812	2.058724	0.04311949
8410	-204.7661	-206.3816	1.615494	0.06206191
8420	-194.4543	-196.7692	2.314952	0.03330069
8430	-202.1792	-204.987	2.807775	0.01466388
8440	-224.7387	-225.7682	1.029529	0.09193006
8450	-215.8515	-218.7057	2.854252	0.007755334
8460	-196.8115	-198.8316	2.020041	0.04466571
8470	-246.0318	-246.6223	0.5905053	0.1185582
8480	-269.8766	-270.0726	0.1960332	0.1460183
8490	-194.5106	-196.8043	2.293749	0.03408879
8500	-229.3134	-230.2384	0.925051	0.0979147
8510	-194.5453	-196.8286	2.283315	0.03447802
8520	-197.9917	-200.6919	2.700233	0.01917546
8530	-214.0203	-216.8844	2.864152	0.008367602
8540	-199.0399	-201.7755	2.735647	0.0177861
8550	-195.8303	-197.9329	2.102557	0.04138938
8560	-617.7144	-614.9665	-2.747949	0.4950453
8570	-270.09	-270.2828	0.1928146	0.1462571
8580	-198.7502	-201.4768	2.726612	0.01814614
8590	-199.8156	-202.5731	2.757487	0.01689513
8600	-196.3046	-198.3648	2.060218	0.04306015
8610	-196.4434	-199.0724	2.629018	0.02185016
8620	-239.9861	-240.6904	0.7043581	0.1112721
8630	-195.0835	-197.2694	2.185881	0.03816129
8640	-248.727	-249.2689	0.5418777	0.1217549
8650	-216.5749	-217.8115	1.236614	0.08068029
8660	-194.6082	-197.0627	2.454475	0.02819133
8670	-214.9321	-217.7918	2.859716	0.008055107
8680	-209.424	-212.2942	2.870209	0.01022076
8690	-195.2223	-197.7615	2.539137	0.02512654
8700	-195.762	-197.8711	2.10916	0.04113071
8710	-194.4208	-196.8131	2.392249	0.03045604
8720	-217.9736	-220.8116	2.838003	0.007116296
8730	-197.0117	-199.017	2.005255	0.04526166
8740	-200.8139	-203.5952	2.781347	0.01587687
8750	-354.9977	-354.1611	-0.8365894	0.2363886
8760	-196.418	-198.4688	2.050846	0.04343287
8770	-195.5136	-197.6482	2.134563	0.04014027
8780	-194.5168	-196.8086	2.291773	0.03416242
8790	-201.1362	-203.9244	2.788178	0.01557371
8800	-194.41	-196.7931	2.383058	0.03079219
8810	-241.1214	-241.8039	0.6824365	0.1126536
8820	-197.0227	-199.6818	2.659168	0.02073141
8830	-204.6972	-207.5393	2.842098	0.0128169
8840	-194.4802	-196.9005	2.420338	0.02943154
8850	-195.9789	-198.5793	2.600364	0.02290153
8860	-204.8844	-207.7284	2.844031	0.01269533
8870	-195.5083	-197.6434	2.135139	0.04011791
8880	-306.7284	-306.4254	-0.3029311	0.1861061
8890	-200.7861	-203.5669	2.780741	0.01590351
8900	-198.5493	-201.2694	2.720031	0.01840575
8910	-213.0822	-214.4182	1.33605	0.07555621
8920	-220.5325	-221.665	1.132417	0.08624106
8930	-213.9477	-216.8121	2.864462	0.008393172
8940	-194.964	-197.4745	2.510549	0.02616106
8950	-207.3843	-208.9034	1.51904	0.06657352
8960	-199.7143	-201.5552	1.840829	0.05208367
8970	-210.6877	-212.097	1.40929	0.07189277
8980	-220.6994	-221.8276	1.128193	0.0864707
8990	-231.2261	-232.1094	0.8833226	0.1003648
9000	-194.971	-197.1727	2.201668	0.03755814
9010	-218.3378	-219.527	1.189207	0.08318566
9020	-198.9194	-201.6514	2.731954	0.01793379
9030	-195.408	-197.5542	2.146151	0.03969087
9040	-198.2114	-200.9197	2.708319	0.018863
9050	-265.5373	-265.7999	0.2625288	0.1411394
9060	-194.4302	-196.8284	2.398267	0.0302362
9070	-236.9541	-237.7183	0.7642415	0.1075493
9080	-214.3428	-217.2055	2.862697	0.00825528
9090	-215.1824	-218.0408	2.858326	0.007972014
9100	-206.463	-209.3204	2.857407	0.01173974
9110	-223.7797	-224.8321	1.052361	0.09065029
9120	-205.525	-207.1115	1.586494	0.06340264
9130	-220.5585	-221.6903	1.131759	0.0862768
9140	-198.5998	-201.3215	2.721711	0.01833968
9150	-200.3223	-202.1319	1.809656	0.05341914
9160	-196.4635	-199.0936	2.630157	0.02180815
9170	-275.242	-275.3585	0.1164709	0.1519944
9180	-230.0188	-232.6796	2.660819	0.004498299
9190	-197.1482	-199.8133	2.665071	0.02051042
9200	-194.8116	-197.3016	2.490026	0.02690359
9210	-194.412	-196.7532	2.341115	0.03233312
9220	-194.8345	-197.0575	2.222942	0.0367494
9230	-202.9471	-204.6363	1.689223	0.05871255
9240	-781.4344	-777.8757	-3.558677	0.6514422
9250	-226.1841	-228.916	2.731826	0.00518306
9260	-196.0246	-198.1091	2.084536	0.04209789
9270	-194.4081	-196.7535	2.345318	0.03217816
9280	-195.7302	-197.8425	2.112285	0.04100847
9290	-201.771	-203.5117	1.740746	0.05642151
9300	-196.5916	-198.6285	2.036947	0.04398769
9310	-330.7657	-330.1839	-0.5818419	0.2113728
9320	-218.2768	-221.1121	2.835281	0.007030534
9330	-242.228	-244.5812	2.353241	0.002915924
9340	-263.8537	-264.1426	0.2888849	0.1392344
9350	-208.784	-211.6527	2.868669	0.01052338
9360	-207.2296	-210.0918	2.862164	0.01131558
9370	-229.0419	-229.973	0.9310616	0.09756463
9380	-199.747	-202.5027	2.755684	0.01696998
9390	-282.3525	-282.9197	0.5671656	0.000774264
9400	-197.1407	-199.1367	1.995999	0.04563616
9410	-284.2431	-284.232	-0.011088	0.1618975
9420	-226.7149	-229.4377	2.722771	0.005081362
9430	-199.8685	-201.7013	1.832775	0.05242736
9440	-195.5899	-198.1617	2.571871	0.02393951
9450	-200.8155	-203.5969	2.781383	0.01587531
9460	-197.675	-200.3629	2.687858	0.01964934
9470	-197.3961	-199.3743	1.978246	0.04635752
9480	-212.8748	-214.217	1.342214	0.07524428
9490	-194.6524	-196.9096	2.257176	0.03545728
9500	-297.9518	-297.7587	-0.1930882	0.176735
9510	-247.8241	-248.3821	0.5580326	0.1206872
9520	-213.137	-214.4715	1.334424	0.07563859
9530	-194.5317	-196.8189	2.287252	0.03433103
9540	-220.4906	-223.3031	2.812499	0.006441968
9550	-197.7176	-200.4072	2.689576	0.01958386
9560	-216.4697	-219.3198	2.850033	0.007561827
9570	-247.9839	-248.539	0.555164	0.1208764
9580	-194.4195	-196.7542	2.334755	0.03256786
9590	-194.8131	-197.0396	2.226563	0.03661219
9600	-302.7583	-302.5045	-0.253837	0.1818782
9610	-194.8765	-197.0926	2.216103	0.03700891
9620	-195.5385	-198.1062	2.567702	0.02409095
9630	-209.1796	-212.0493	2.869696	0.01033484
9640	-207.1559	-210.0176	2.861753	0.01135535
9650	-206.0693	-207.6355	1.566251	0.06434652
9660	-237.175	-239.67	2.495042	0.003479459
9670	-210.2346	-211.6583	1.423695	0.07118307
9680	-252.9951	-253.4624	0.4672583	0.126761
9690	-340.5761	-339.8883	-0.6878152	0.2215478
9700	-196.1917	-198.8057	2.614089	0.02239909
9710	-194.4423	-196.8471	2.404772	0.02999877
9720	-257.3988	-257.7919	0.3930648	0.1318614
9730	-194.9142	-197.1244	2.210191	0.03723358
9740	-218.0411	-220.8785	2.837405	0.007097088
9750	-198.8262	-201.5552	2.729033	0.01805007
9760	-211.6121	-214.483	2.87089	0.009274764
9770	-196.4699	-198.5165	2.046635	0.04360072
9780	-466.265	-464.479	-1.786045	0.3478438
9790	-195.5408	-197.6725	2.131659	0.04025313
9800	-196.8679	-199.5195	2.651609	0.02101339
9810	-204.6907	-207.5327	2.84203	0.01282116
9820	-354.0801	-353.2527	-0.8273539	0.235448
9830	-196.465	-198.5121	2.047025	0.04358516
9840	-196.3289	-198.9513	2.622392	0.02209413
9850	-206.3149	-209.1712	2.856363	0.01182452
9860	-195.5347	-198.1021	2.567385	0.02410246
9870	-229.9411	-230.8524	0.9112374	0.09872195
9880	-433.7443	-432.2069	-1.53745	0.315687
9890	-416.9949	-415.5935	-1.401354	0.2990125
9900	-196.2875	-198.3491	2.061657	0.04300299
9910	-196.9627	-199.6189	2.656276	0.02083943
9920	-197.8014	-199.7528	1.951422	0.04745524
9930	-336.3833	-335.7402	-0.6430243	0.2172076
9940	-196.324	-198.9461	2.622101	0.02210485
9950	-209.5764	-212.4469	2.870483	0.01015055
9960	-195.8227	-197.926	2.103283	0.04136091
9970	-194.4413	-196.8455	2.404249	0.03001786
9980	-194.5133	-196.9443	2.430968	0.02904484
9990	-204.9192	-207.7636	2.844381	0.01267294
10000	-203.3156	-206.1409	2.825312	0.01377709
