Iteration	Posterior	Likelihood	Prior	birth_rate
0	-196.0793	-198.6863	2.60698	0.02265957
10	-199.3804	-201.239	1.858638	0.05132688
20	-207.127	-208.6551	1.528101	0.0661433
30	-215.5359	-216.8013	1.265382	0.07917977
40	-196.8257	-198.8447	2.018976	0.04470856
50	-200.4486	-202.2519	1.803366	0.05369031
60	-208.7011	-211.5695	2.868423	0.01056355
70	-196.079	-198.1587	2.079669	0.04228992
80	-208.5003	-211.3681	2.86778	0.01066173
90	-209.1678	-210.6262	1.458377	0.06948876
100	-203.7354	-206.5663	2.830904	0.01347287
110	-195.4898	-198.0534	2.563636	0.02423853
120	-201.1483	-203.9367	2.788426	0.01556259
130	-195.886	-198.4799	2.593993	0.02313414
140	-197.5278	-199.4972	1.969353	0.04672039
150	-194.9031	-197.115	2.211921	0.0371678
160	-194.4053	-196.7544	2.349154	0.03203687
170	-248.1608	-248.7127	0.5519933	0.1210857
180	-205.0392	-207.8848	2.845571	0.01259621
190	-197.1893	-199.1819	1.992563	0.04577544
200	-202.6012	-204.3052	1.704023	0.05805033
210	-215.4747	-216.7418	1.267096	0.07909082
220	-195.413	-197.5586	2.145594	0.03971246
230	-198.6285	-200.5293	1.900842	0.0495512
240	-198.1553	-200.8616	2.706291	0.01894158
250	-195.4306	-197.5742	2.143627	0.03978863
260	-197.0246	-199.0289	2.004321	0.0452994
270	-205.9773	-208.8312	2.853824	0.0120213
280	-209.5999	-211.0441	1.444194	0.07017918
290	-194.4009	-196.761	2.360162	0.0316319
300	-194.5482	-196.8307	2.282497	0.03450857
310	-200.4815	-202.2832	1.801737	0.05376067
320	-196.5744	-198.6127	2.038295	0.04393375
330	-198.1974	-200.9052	2.707814	0.01888259
340	-196.9329	-198.944	2.011009	0.04502942
350	-200.5121	-202.3123	1.800223	0.05382606
360	-195.2802	-197.4412	2.160964	0.03911861
370	-195.4519	-197.5931	2.141273	0.03987986
380	-199.128	-201.8663	2.738296	0.01767969
390	-194.9044	-197.1161	2.211718	0.03717552
400	-197.0645	-199.7257	2.661159	0.02065696
410	-211.0078	-213.8792	2.871382	0.00952332
420	-196.7453	-198.7704	2.025054	0.0444643
430	-227.5289	-228.4939	0.9649804	0.0956024
440	-195.4085	-197.9651	2.556606	0.02449357
450	-199.8731	-201.7057	1.832537	0.05243755
460	-194.5021	-196.7986	2.296534	0.03398508
470	-194.8495	-197.0699	2.220477	0.03684288
480	-195.6717	-197.7899	2.11812	0.04078053
490	-198.8994	-200.7847	1.885272	0.0502034
500	-194.4034	-196.7774	2.374008	0.03112369
510	-196.8949	-199.5478	2.652951	0.02096343
520	-199.4898	-202.2386	2.748707	0.01725725
530	-205.4163	-207.0069	1.590592	0.0632124
540	-207.3207	-210.1834	2.862658	0.01126674
550	-195.1511	-197.3281	2.176977	0.03850262
560	-194.6867	-196.9367	2.249991	0.03572755
570	-194.551	-196.9922	2.441214	0.02867257
580	-199.2078	-201.9485	2.740655	0.01758455
590	-194.7362	-196.9765	2.240329	0.03609173
600	-194.7402	-197.2191	2.478944	0.02730472
610	-200.5594	-203.3351	2.775669	0.0161245
620	-211.4018	-214.2729	2.871118	0.009360219
630	-196.8793	-199.5315	2.652178	0.02099221
640	-195.0455	-197.5657	2.520249	0.02581014
650	-197.6269	-199.5897	1.962778	0.04698937
660	-210.2813	-213.1526	2.871297	0.009834615
670	-194.4532	-196.7687	2.315425	0.03328316
680	-194.9275	-197.1357	2.208158	0.03731094
690	-209.0543	-210.5164	1.462134	0.06930643
700	-198.8547	-200.7425	1.887811	0.05009685
710	-195.5149	-197.6493	2.134422	0.04014575
720	-196.5612	-199.1967	2.635586	0.02160774
730	-205.1239	-206.7256	1.601707	0.06269766
740	-212.8023	-215.6707	2.868489	0.008810658
750	-209.9242	-212.7952	2.870976	0.009992894
760	-194.4659	-196.7758	2.30992	0.03348738
770	-206.8362	-208.3746	1.538441	0.06565398
780	-209.5161	-212.3865	2.870378	0.01017826
790	-198.0385	-200.7405	2.701989	0.01910784
800	-207.8364	-209.3397	1.50332	0.06732309
810	-205.6772	-207.258	1.580792	0.06366788
820	-199.4329	-201.2887	1.855802	0.05144709
830	-207.8852	-210.7506	2.865402	0.01097101
840	-208.3358	-211.203	2.867205	0.01074318
850	-201.4358	-203.1919	1.756103	0.05574634
860	-205.4998	-208.3497	2.849849	0.01230858
870	-196.2867	-198.9065	2.619878	0.02218656
880	-197.1125	-199.7759	2.66341	0.02057266
890	-195.1325	-197.3119	2.17939	0.03841005
900	-198.3122	-201.0241	2.7119	0.01872379
910	-194.7208	-197.1965	2.475712	0.02742175
920	-200.5329	-202.3321	1.799197	0.05387036
930	-195.2015	-197.3721	2.170587	0.03874808
940	-194.4456	-196.852	2.406352	0.02994112
950	-196.0957	-198.1739	2.078191	0.04234829
960	-194.7579	-197.2397	2.481796	0.02720145
970	-205.8275	-207.4027	1.575189	0.06392894
980	-226.4835	-227.4723	0.988851	0.09423495
990	-198.5287	-200.4354	1.906691	0.04930705
1000	-194.4069	-196.7538	2.346878	0.03212068
1010	-204.6792	-206.2981	1.618875	0.06190645
1020	-211.3323	-212.7214	1.38911	0.07289296
1030	-200.2574	-203.026	2.768583	0.01642857
1040	-202.0343	-204.8395	2.805265	0.01478439
1050	-208.5911	-210.0687	1.477607	0.06855803
1060	-194.4018	-196.772	2.37022	0.03126261
1070	-194.4093	-196.7533	2.343959	0.03222826
1080	-196.5364	-199.1706	2.634225	0.02165801
1090	-194.9033	-197.4061	2.502796	0.02644155
1100	-203.4998	-205.1659	1.666126	0.05975274
1110	-196.2677	-198.3311	2.063323	0.04293689
1120	-194.4394	-196.7617	2.322236	0.03303078
1130	-204.5647	-206.1881	1.62335	0.06170098
1140	-197.2074	-199.1987	1.991296	0.04582687
1150	-194.6018	-196.8704	2.268687	0.03502527
1160	-207.4045	-208.9229	1.518333	0.06660715
1170	-197.1604	-199.8261	2.665633	0.02048932
1180	-215.2537	-218.1116	2.857916	0.007948558
1190	-195.1858	-197.7212	2.535443	0.0252603
1200	-205.4383	-208.2876	2.849304	0.01234638
1210	-240.2447	-242.656	2.411271	0.003124083
1220	-196.6177	-198.6526	2.034899	0.04406962
1230	-200.1948	-202.9618	2.767064	0.01649309
1240	-194.4023	-196.7741	2.371725	0.03120741
1250	-206.7201	-208.2627	1.542598	0.0654577
1260	-201.7398	-203.4819	1.742164	0.05635904
1270	-205.4981	-208.348	2.849834	0.01230962
1280	-242.5008	-243.157	0.6561506	0.1143236
1290	-194.8096	-197.0367	2.227162	0.03658952
1300	-194.434	-196.8344	2.400434	0.03015708
1310	-227.6306	-228.5933	0.9626781	0.09573488
1320	-194.4726	-196.8901	2.417578	0.02953203
1330	-201.2112	-204.0009	2.789712	0.0155048
1340	-206.384	-207.9387	1.554741	0.06488611
1350	-194.8345	-197.0574	2.222953	0.03674899
1360	-206.9575	-208.4916	1.534114	0.06585852
1370	-194.8296	-197.3223	2.492651	0.02680859
1380	-204.5695	-207.4103	2.840737	0.01290087
1390	-220.4507	-221.5852	1.134494	0.08612823
1400	-194.9569	-197.1607	2.203746	0.03747895
1410	-194.4018	-196.7722	2.370362	0.0312574
1420	-206.0006	-207.5694	1.56878	0.06422826
1430	-196.7125	-199.3562	2.643674	0.02130827
1440	-205.5115	-207.0985	1.587006	0.06337888
1450	-194.5609	-197.0046	2.44369	0.02858266
1460	-196.7852	-199.4326	2.64743	0.02116883
1470	-196.3364	-198.394	2.057562	0.04316567
1480	-203.6891	-206.5194	2.83031	0.01350585
1490	-197.9172	-200.6146	2.697402	0.01928432
1500	-218.925	-220.0988	1.173783	0.08400963
1510	-201.7717	-204.5722	2.800549	0.01500733
1520	-199.0844	-200.9593	1.874882	0.05064049
1530	-198.7028	-201.4279	2.725085	0.01820656
1540	-196.0107	-198.6131	2.602484	0.02282406
1550	-195.6869	-197.8035	2.116591	0.04084022
1560	-202.1265	-203.8513	1.724803	0.05712614
1570	-194.4274	-196.7566	2.329254	0.03277114
1580	-201.0803	-202.853	1.772755	0.05501823
1590	-194.4741	-196.7807	2.306611	0.03361027
1600	-195.3654	-197.5164	2.150993	0.03950357
1610	-207.9652	-210.8309	2.865747	0.01093005
1620	-209.7806	-212.6514	2.870794	0.01005756
1630	-194.4167	-196.7537	2.336997	0.03248509
1640	-194.4585	-196.7716	2.313057	0.03337098
1650	-195.2241	-197.3919	2.16778	0.03885606
1660	-200.0621	-201.8849	1.822813	0.0528538
1670	-194.5137	-196.8064	2.292758	0.03412571
1680	-195.9068	-198.5023	2.595446	0.02308112
1690	-200.6195	-203.3965	2.777033	0.01606535
1700	-194.4459	-196.8523	2.406475	0.02993665
1710	-194.7286	-197.2056	2.477024	0.02737424
1720	-195.249	-197.4138	2.164722	0.03897377
1730	-195.5231	-198.0895	2.566424	0.02413732
1740	-203.306	-206.1311	2.825178	0.01378422
1750	-194.475	-196.8935	2.418473	0.02949946
1760	-210.1421	-213.0133	2.871194	0.009895894
1770	-194.969	-197.4802	2.511173	0.02613849
1780	-195.2172	-197.3858	2.168633	0.03882325
1790	-194.818	-197.309	2.490963	0.02686967
1800	-194.5448	-196.9844	2.439636	0.02872989
1810	-200.1635	-202.9298	2.766299	0.01652551
1820	-197.6774	-199.6369	1.959465	0.04712511
1830	-210.2317	-213.103	2.871263	0.009856367
1840	-208.828	-211.6968	2.868795	0.0105022
1850	-194.8229	-197.0478	2.224894	0.03667543
1860	-196.3508	-198.9744	2.623676	0.02204691
1870	-218.9441	-220.1173	1.173285	0.08403631
1880	-197.7641	-200.4555	2.691431	0.01951302
1890	-200.6382	-203.4157	2.777454	0.01604702
1900	-194.4296	-196.7575	2.327842	0.03282335
1910	-196.8882	-199.5408	2.652621	0.02097573
1920	-204.6937	-207.5358	2.842062	0.01281916
1930	-194.4076	-196.7536	2.345959	0.03215455
1940	-213.2042	-214.5366	1.332439	0.07573925
1950	-201.9277	-203.6614	1.733674	0.0567336
1960	-204.742	-207.5845	2.842568	0.01278764
1970	-200.783	-203.5637	2.780672	0.01590651
1980	-198.8186	-201.5474	2.728794	0.01805956
1990	-196.7286	-198.755	2.026326	0.04441322
2000	-194.4989	-196.7965	2.297593	0.03394566
2010	-194.9963	-197.5107	2.51448	0.02601888
2020	-198.8093	-200.6997	1.890403	0.04998814
2030	-195.1607	-197.6936	2.532851	0.02535411
2040	-197.3486	-200.0227	2.674092	0.02017109
2050	-194.6363	-196.897	2.260692	0.0353252
2060	-202.5874	-204.292	1.704618	0.0580238
2070	-196.3905	-198.4436	2.053097	0.04334327
2080	-195.2536	-197.7958	2.542219	0.02501495
2090	-194.4264	-196.7563	2.329882	0.0327479
2100	-195.6828	-197.7998	2.117009	0.04082388
2110	-197.9959	-200.6962	2.700392	0.01916937
2120	-207.2663	-210.1287	2.862365	0.01129586
2130	-196.9285	-198.9399	2.011333	0.04501638
2140	-235.0539	-237.6025	2.54855	0.00375131
2150	-197.4856	-200.1656	2.680003	0.01994771
2160	-199.0491	-200.926	1.876849	0.05055765
2170	-200.2147	-202.0298	1.815061	0.0531866
2180	-194.4068	-196.7538	2.347065	0.03211379
2190	-198.2447	-200.1684	1.923695	0.04859993
2200	-202.9445	-205.7644	2.819983	0.0140561
2210	-194.4093	-196.7917	2.382334	0.0308187
2220	-197.591	-200.2754	2.68442	0.01978015
2230	-194.8577	-197.3543	2.496623	0.02666487
2240	-197.3544	-200.0288	2.674349	0.02016143
2250	-195.8686	-198.4614	2.592776	0.02317855
2260	-197.5618	-199.5289	1.96709	0.04681289
2270	-194.7806	-197.266	2.485358	0.02707252
2280	-195.0643	-197.5866	2.522386	0.02573281
2290	-220.7969	-221.9226	1.125731	0.08660469
2300	-195.7998	-197.9053	2.105483	0.04127469
2310	-194.9943	-197.1926	2.198286	0.03768716
2320	-205.7243	-207.3033	1.579032	0.06374983
2330	-196.1251	-198.735	2.60991	0.02255226
2340	-194.4044	-196.755	2.35059	0.03198399
2350	-197.4064	-199.3839	1.977545	0.04638607
2360	-199.7894	-201.6263	1.836897	0.05225135
2370	-198.504	-201.2225	2.718507	0.0184656
2380	-196.3926	-198.4455	2.052925	0.04335012
2390	-195.4406	-197.5831	2.142524	0.0398314
2400	-219.6865	-222.5079	2.821356	0.006648385
2410	-201.4972	-204.2925	2.795376	0.01524716
2420	-218.0675	-219.2639	1.196368	0.08280461
2430	-214.2638	-217.1269	2.863065	0.008282591
2440	-204.071	-205.7139	1.642916	0.06080628
2450	-202.6634	-204.3647	1.701342	0.05817006
2460	-195.3722	-197.5224	2.150212	0.03953374
2470	-195.4035	-197.9597	2.556167	0.0245095
2480	-197.1716	-199.8378	2.666148	0.02046999
2490	-195.479	-197.6173	2.138299	0.03999522
2500	-194.934	-197.4408	2.506777	0.02629752
2510	-194.4068	-196.786	2.379274	0.03093076
2520	-209.1596	-212.0292	2.86965	0.01034426
2530	-205.1401	-206.7412	1.601087	0.06272631
2540	-215.5237	-218.38	2.856312	0.007860521
2550	-206.1677	-209.023	2.855283	0.0119097
2560	-205.6791	-208.5305	2.851396	0.01219945
2570	-200.3616	-203.1326	2.77107	0.01632242
2580	-197.5525	-200.2353	2.682818	0.019841
2590	-197.1446	-199.1404	1.995722	0.0456474
2600	-202.783	-204.4792	1.696207	0.05839963
2610	-194.4111	-196.7532	2.3421	0.03229679
2620	-194.4158	-196.7535	2.337719	0.03245844
2630	-196.5744	-199.2108	2.636311	0.02158092
2640	-199.784	-202.5406	2.756658	0.01692956
2650	-194.4068	-196.7862	2.379342	0.03092828
2660	-194.4128	-196.7985	2.385752	0.03069361
2670	-195.8006	-198.3886	2.587922	0.0233555
2680	-194.5921	-196.8631	2.271036	0.03493726
2690	-195.324	-197.4798	2.155781	0.03931857
2700	-195.6186	-197.7421	2.12354	0.04056916
2710	-197.2634	-199.9337	2.670314	0.02031343
2720	-204.568	-206.1912	1.623223	0.0617068
2730	-198.9273	-200.811	1.883692	0.05026978
2740	-195.5574	-197.6873	2.129903	0.04032142
2750	-194.6079	-197.0623	2.454409	0.0281937
2760	-200.1667	-201.9842	1.817489	0.05308226
2770	-198.4508	-200.3621	1.911299	0.04911506
2780	-205.3134	-206.9079	1.594488	0.06303174
2790	-195.1868	-197.7224	2.535549	0.02525646
2800	-194.4151	-196.7534	2.338331	0.03243585
2810	-194.4613	-196.8746	2.413229	0.02969043
2820	-195.5844	-197.7115	2.127076	0.04043143
2830	-195.5274	-197.6605	2.133084	0.04019774
2840	-194.7243	-196.9669	2.242577	0.03600694
2850	-195.9581	-198.5571	2.59896	0.02295283
2860	-194.6318	-196.8935	2.261712	0.0352869
2870	-195.7923	-197.8985	2.10621	0.04124621
2880	-195.7772	-197.8849	2.10768	0.04118866
2890	-198.9715	-200.8527	1.881202	0.05037445
2900	-194.4097	-196.7532	2.343508	0.03224487
2910	-200.6045	-202.4002	1.79568	0.05402248
2920	-206.9996	-209.8604	2.860849	0.01144037
2930	-196.256	-198.874	2.618028	0.0222545
2940	-198.6497	-201.373	2.723353	0.01827496
2950	-194.8083	-197.0357	2.227376	0.03658143
2960	-202.0983	-203.8243	1.726057	0.05707061
2970	-197.4466	-200.1249	2.678343	0.02001055
2980	-196.6214	-199.2602	2.63885	0.02148701
2990	-203.169	-204.8489	1.679869	0.05913283
3000	-211.2515	-212.6432	1.391619	0.07276823
3010	-210.3755	-213.2468	2.87135	0.009793458
3020	-194.4317	-196.7583	2.326621	0.0328685
3030	-195.2605	-197.4238	2.163336	0.03902717
3040	-201.3054	-204.097	2.79161	0.015419
3050	-194.4472	-196.7655	2.318286	0.03317711
3060	-209.8368	-211.2733	1.436496	0.07055532
3070	-198.4735	-200.3834	1.909952	0.04917113
3080	-217.8293	-219.032	1.20271	0.08246786
3090	-202.3776	-204.0914	1.713739	0.05761739
3100	-233.9289	-234.755	0.8260963	0.1037815
3110	-194.4357	-196.837	2.401345	0.03012381
3120	-198.8932	-201.6243	2.731138	0.01796634
3130	-194.4015	-196.7709	2.369409	0.03129239
3140	-208.1407	-209.6335	1.492876	0.06782337
3150	-195.037	-197.2293	2.192243	0.03791794
3160	-194.7071	-196.9531	2.245912	0.0358812
3170	-198.1506	-200.08	1.929455	0.04836128
3180	-194.8294	-197.322	2.492618	0.02680979
3190	-194.5774	-196.8521	2.274722	0.03479925
3200	-194.4335	-196.7591	2.325514	0.03290944
3210	-195.1639	-197.3393	2.175336	0.03856562
3220	-196.8184	-198.8379	2.019527	0.04468638
3230	-194.5219	-196.9553	2.433445	0.0289548
3240	-210.0114	-211.4422	1.43086	0.07083137
3250	-194.4766	-196.8957	2.419065	0.0294779
3260	-202.3535	-204.0683	1.714796	0.05757038
3270	-208.6373	-211.5055	2.868226	0.01059462
3280	-194.769	-197.2525	2.483548	0.02713803
3290	-195.2135	-197.3825	2.169097	0.03880538
3300	-197.8359	-200.5302	2.694258	0.0194049
3310	-207.721	-209.2283	1.507308	0.06713254
3320	-203.1854	-204.8645	1.679185	0.05916362
3330	-204.9863	-206.5933	1.606985	0.06245393
3340	-194.4315	-196.8306	2.399049	0.03020764
3350	-194.4917	-196.7918	2.300085	0.03385289
3360	-195.1021	-197.2855	2.183395	0.03825651
3370	-196.2237	-198.2908	2.067064	0.04278853
3380	-195.5359	-198.1034	2.567484	0.02409886
3390	-195.1025	-197.6291	2.526631	0.02557922
3400	-195.9281	-198.0215	2.093351	0.04175086
3410	-194.5548	-196.8355	2.280693	0.03457598
3420	-195.3556	-197.9074	2.551848	0.02466605
3430	-201.801	-204.6021	2.801086	0.01498215
3440	-198.5997	-200.5022	1.902522	0.04948102
3450	-211.6641	-213.043	1.378861	0.07340357
3460	-222.1427	-224.935	2.792277	0.006041969
3470	-217.9741	-219.173	1.19885	0.08267274
3480	-197.2089	-199.8767	2.667852	0.02040602
3490	-198.6064	-201.3283	2.721928	0.01833114
3500	-199.5062	-201.3581	1.851868	0.05161405
3510	-195.8654	-198.458	2.592553	0.02318668
3520	-195.159	-197.6916	2.532667	0.02536077
3530	-200.435	-203.2078	2.772796	0.01624838
3540	-195.9068	-198.0022	2.095333	0.04167294
3550	-199.4387	-202.186	2.74728	0.01731558
3560	-199.6377	-201.4826	1.844869	0.0519116
3570	-195.5192	-197.6532	2.133965	0.04016349
3580	-194.6838	-196.9344	2.250582	0.03570529
3590	-194.905	-197.1166	2.211623	0.03717914
3600	-194.4796	-196.7841	2.304492	0.03368903
3610	-199.8937	-202.6532	2.759515	0.01681066
3620	-220.9931	-223.7997	2.806634	0.006316975
3630	-196.2902	-198.9103	2.620092	0.02217871
3640	-194.4393	-196.8425	2.403236	0.03005481
3650	-202.6569	-204.3585	1.701619	0.05815769
3660	-195.5056	-198.0706	2.564967	0.02419023
3670	-200.9779	-202.7555	1.777624	0.05480611
3680	-197.5726	-200.2563	2.683658	0.01980909
3690	-194.4127	-196.7984	2.385721	0.03069476
3700	-195.8018	-197.9071	2.105291	0.04128221
3710	-196.6339	-198.6675	2.033638	0.04412009
3720	-200.8124	-202.598	1.785566	0.05446081
3730	-196.9421	-198.9525	2.010333	0.04505667
3740	-199.2255	-201.9667	2.741173	0.01756363
3750	-194.8833	-197.0983	2.215027	0.03704975
3760	-204.9738	-206.5813	1.607464	0.06243182
3770	-204.2214	-205.8584	1.636906	0.06108046
3780	-194.4641	-196.8785	2.41434	0.02964997
3790	-197.3289	-200.0021	2.673226	0.02020376
3800	-194.4007	-196.7655	2.36481	0.03146117
3810	-205.1135	-206.7156	1.602106	0.06267923
3820	-194.426	-196.8217	2.395716	0.03032934
3830	-194.843	-197.0645	2.221546	0.03680233
3840	-194.6423	-196.9017	2.259376	0.03537462
3850	-196.0451	-198.1278	2.082695	0.04217049
3860	-195.5911	-197.7175	2.12638	0.04045851
3870	-197.9136	-199.8579	1.944252	0.04775026
3880	-196.8557	-199.5067	2.651	0.02103606
3890	-198.9889	-201.723	2.734096	0.01784822
3900	-197.2085	-199.1997	1.991218	0.04583003
3910	-202.0304	-204.8356	2.805198	0.01478759
3920	-203.9758	-206.8097	2.833908	0.01330373
3930	-194.4426	-196.7632	2.320584	0.03309195
3940	-194.4309	-196.8296	2.398703	0.03022027
3950	-198.4295	-200.342	1.912569	0.04906218
3960	-201.113	-203.9007	2.7877	0.01559513
3970	-195.0284	-197.5467	2.518275	0.02588155
3980	-195.5995	-197.725	2.125504	0.04049262
3990	-195.2513	-197.7933	2.541995	0.02502303
4000	-195.0098	-197.5259	2.516093	0.0259605
4010	-197.4498	-200.1283	2.678481	0.02000531
4020	-194.4864	-196.7884	2.301984	0.03378228
4030	-195.7637	-198.3489	2.585222	0.02345385
4040	-197.971	-200.6704	2.699451	0.01920557
4050	-202.2606	-203.9794	1.718877	0.05738905
4060	-197.4789	-200.1586	2.679721	0.01995837
4070	-200.471	-203.2446	2.773633	0.01621238
4080	-196.3755	-199.0006	2.62512	0.02199378
4090	-200.1727	-202.9392	2.766525	0.01651594
4100	-200.2424	-202.0561	1.813667	0.05324655
4110	-204.1469	-206.9829	2.835961	0.01318549
4120	-195.4194	-197.9769	2.557567	0.02445874
4130	-196.0258	-198.6293	2.603486	0.02278739
4140	-209.1765	-212.0461	2.869689	0.01033631
4150	-197.5406	-200.223	2.682323	0.01985974
4160	-194.6877	-197.1576	2.469957	0.02763018
4170	-197.9014	-200.5982	2.696797	0.01930755
4180	-194.8665	-197.3644	2.497844	0.02662068
4190	-197.3811	-199.3603	1.979268	0.04631587
4200	-195.7257	-197.8384	2.11273	0.04099108
4210	-195.9315	-198.5286	2.597144	0.02301914
4220	-195.9326	-198.5299	2.597223	0.02301627
4230	-197.5552	-199.5227	1.967531	0.04679486
4240	-195.7312	-197.8434	2.112188	0.04101229
4250	-201.8232	-204.6247	2.801491	0.01496312
4260	-198.7242	-201.45	2.725777	0.01817918
4270	-211.0194	-212.4182	1.398861	0.0724088
4280	-200.8184	-203.5998	2.781445	0.01587258
4290	-194.456	-196.867	2.410994	0.02977188
4300	-200.4115	-203.1837	2.772246	0.01627202
4310	-196.8814	-199.5337	2.652282	0.02098836
4320	-202.0255	-203.7548	1.729299	0.05692706
4330	-212.9593	-214.299	1.339699	0.07537145
4340	-197.5494	-200.2321	2.682689	0.01984587
4350	-195.0813	-197.6056	2.524295	0.02566377
4360	-194.8357	-197.0585	2.222747	0.03675681
4370	-197.2805	-199.9516	2.671079	0.02028466
4380	-202.3202	-205.1303	2.810153	0.01454843
4390	-195.4064	-197.5527	2.146337	0.03968368
4400	-194.444	-196.7639	2.319852	0.03311909
4410	-194.5351	-196.9721	2.437073	0.02882297
4420	-194.4048	-196.7547	2.349974	0.03200665
4430	-203.4627	-206.29	2.827323	0.01366915
4440	-195.203	-197.3734	2.170403	0.03875519
4450	-198.8278	-200.7171	1.889344	0.05003253
4460	-200.4034	-202.209	1.805608	0.05359362
4470	-195.241	-197.4067	2.165699	0.03893616
4480	-194.4078	-196.7535	2.345747	0.03216235
4490	-195.2551	-197.4191	2.163991	0.03900194
4500	-194.6603	-196.9158	2.255469	0.03552142
4510	-224.472	-225.5078	1.035845	0.09157504
4520	-197.805	-200.498	2.693046	0.01945127
4530	-211.6048	-212.9855	1.380685	0.07331258
4540	-195.5411	-197.6727	2.131629	0.04025429
4550	-202.3801	-204.0937	1.713632	0.05762217
4560	-199.258	-202.0001	2.74212	0.01752532
4570	-200.8967	-202.6782	1.781511	0.05463698
4580	-197.4382	-199.4136	1.975384	0.04647417
4590	-195.9387	-198.5363	2.597638	0.02300112
4600	-194.6611	-197.1262	2.465072	0.02780718
4610	-195.5152	-198.081	2.565771	0.02416105
4620	-194.8092	-197.2989	2.489669	0.02691651
4630	-210.305	-211.7265	1.421443	0.07129378
4640	-199.4616	-202.2095	2.74792	0.01728943
4650	-207.4849	-210.3484	2.863513	0.01117949
4660	-194.7796	-197.2648	2.485207	0.027078
4670	-205.1042	-207.9504	2.846202	0.01255497
4680	-201.3313	-204.1234	2.792127	0.01539557
4690	-209.4535	-212.3237	2.870265	0.01020713
4700	-195.8279	-198.4177	2.589884	0.023284
4710	-209.9086	-211.3428	1.434176	0.0706689
4720	-195.8999	-197.9958	2.095984	0.04164737
4730	-212.6385	-213.9878	1.349277	0.07488773
4740	-194.466	-196.7759	2.309852	0.03348991
4750	-194.4459	-196.7648	2.318905	0.03315416
4760	-194.4345	-196.7595	2.324952	0.03293023
4770	-204.9001	-206.5104	1.610306	0.06230078
4780	-196.2468	-198.8642	2.617471	0.02227499
4790	-194.527	-196.9619	2.434877	0.02890277
4800	-195.5076	-198.0728	2.565138	0.02418404
4810	-198.0151	-199.9529	1.937864	0.04801369
4820	-208.572	-210.0503	1.478248	0.06852707
4830	-194.4459	-196.8523	2.406471	0.02993679
4840	-194.429	-196.7572	2.328259	0.03280792
4850	-198.8607	-201.5908	2.73012	0.01800685
4860	-194.5039	-196.7998	2.295925	0.03400776
4870	-194.4927	-196.9173	2.424583	0.02927704
4880	-195.098	-197.6241	2.526136	0.02559712
4890	-198.3477	-201.0608	2.713144	0.01867534
4900	-196.0118	-198.6144	2.602561	0.02282122
4910	-206.8964	-209.7567	2.860228	0.01149699
4920	-197.6578	-200.345	2.68716	0.01967593
4930	-196.652	-198.6842	2.032229	0.04417652
4940	-207.4266	-210.2899	2.863215	0.01121033
4950	-194.4023	-196.7739	2.371621	0.03121122
4960	-201.9904	-203.7213	1.730865	0.05685777
4970	-210.3331	-213.2045	2.871328	0.009811917
4980	-194.9391	-197.1455	2.206413	0.03737737
4990	-197.6568	-200.3439	2.687119	0.01967749
5000	-198.7106	-200.6067	1.896074	0.0497506
5010	-211.3881	-214.2593	2.871131	0.009365812
5020	-209.752	-212.6227	2.870754	0.01007052
5030	-194.7744	-197.0077	2.233325	0.03635632
5040	-199.4925	-202.2413	2.748781	0.0172542
5050	-208.1905	-209.6816	1.491176	0.06790496
5060	-213.2664	-214.597	1.3306	0.07583252
5070	-194.5167	-196.8085	2.291805	0.03416126
5080	-194.754	-196.991	2.23702	0.03621669
5090	-196.3639	-198.4192	2.055282	0.04325631
5100	-197.7011	-200.39	2.688912	0.01960917
5110	-201.8549	-203.5918	1.736954	0.05658877
5120	-195.3689	-197.9219	2.553061	0.02462211
5130	-195.2005	-197.7375	2.536942	0.02520601
5140	-194.8121	-197.0388	2.226732	0.03660581
5150	-207.7281	-209.2351	1.507065	0.06714415
5160	-204.3014	-205.9352	1.633728	0.06122567
5170	-196.1971	-198.2665	2.069345	0.04269815
5180	-202.7219	-204.4207	1.698826	0.0582825
5190	-208.8626	-211.7315	2.868893	0.01048552
5200	-214.0274	-215.3357	1.308345	0.07696628
5210	-195.2217	-197.3898	2.168071	0.03884485
5220	-194.7308	-196.9722	2.241343	0.03605348
5230	-194.5904	-196.8619	2.271454	0.0349216
5240	-195.8863	-197.9835	2.097258	0.04159731
5250	-201.5802	-204.3772	2.796968	0.01517384
5260	-206.6325	-209.491	2.858552	0.01164391
5270	-194.466	-196.8811	2.415074	0.02962325
5280	-194.4481	-196.766	2.317836	0.03319378
5290	-194.4009	-196.761	2.360165	0.03163179
5300	-195.1348	-197.3139	2.179093	0.03842142
5310	-195.295	-197.8412	2.546209	0.02487039
5320	-195.9007	-197.9966	2.095901	0.04165062
5330	-194.5149	-196.8073	2.292355	0.03414075
5340	-195.1087	-197.2912	2.182519	0.0382901
5350	-197.9486	-199.8906	1.942043	0.04784128
5360	-241.9435	-242.6103	0.6667256	0.11365
5370	-220.3874	-223.201	2.813673	0.006468017
5380	-195.7889	-197.8954	2.106545	0.04123311
5390	-195.3286	-197.4838	2.155246	0.03933922
5400	-194.6339	-196.8951	2.261243	0.03530451
5410	-197.9599	-199.9012	1.94133	0.0478707
5420	-194.5549	-196.8355	2.280668	0.03457689
5430	-194.4202	-196.812	2.391808	0.03047214
5440	-207.1734	-210.0353	2.861851	0.01134588
5450	-194.7401	-196.9797	2.239588	0.03611972
5460	-196.053	-198.6583	2.605272	0.02272206
5470	-198.0481	-200.7505	2.702348	0.01909396
5480	-195.6748	-198.2533	2.578534	0.02369726
5490	-205.8812	-208.7342	2.853061	0.01207829
5500	-194.4075	-196.7878	2.380261	0.03089459
5510	-194.4755	-196.8942	2.418668	0.02949236
5520	-194.6621	-197.1274	2.465258	0.02780041
5530	-199.0766	-201.8133	2.736756	0.01774159
5540	-200.6889	-203.4675	2.778591	0.01599752
5550	-207.6689	-209.1781	1.509115	0.06704632
5560	-195.2004	-197.3711	2.170724	0.03874284
5570	-195.6127	-198.1864	2.573688	0.02387346
5580	-199.111	-201.8488	2.737789	0.01770007
5590	-204.1707	-207.0069	2.836241	0.01316919
5600	-196.0903	-198.169	2.078665	0.04232955
5610	-210.0043	-211.4354	1.431087	0.07082021
5620	-195.3111	-197.8588	2.547726	0.02481543
5630	-207.9383	-210.804	2.865632	0.01094377
5640	-226.2915	-227.2847	0.9932753	0.09398271
5650	-195.0393	-197.5589	2.519544	0.02583564
5660	-205.3013	-206.8963	1.594946	0.06301051
5670	-199.6388	-201.4836	1.844813	0.05191397
5680	-212.9609	-215.8289	2.86803	0.008751212
5690	-199.7952	-201.6317	1.836595	0.05226425
5700	-222.7245	-223.8023	1.077897	0.08923072
5710	-213.4487	-214.7739	1.325232	0.07610521
5720	-194.4152	-196.7534	2.338213	0.03244021
5730	-201.3227	-204.1147	2.791955	0.01540335
5740	-227.201	-229.9152	2.714259	0.004990298
5750	-205.5472	-208.3975	2.850264	0.0122796
5760	-194.8313	-197.0548	2.22348	0.03672899
5770	-195.7321	-197.8442	2.112096	0.04101585
5780	-196.49	-198.535	2.045019	0.04366517
5790	-195.3503	-197.5031	2.152721	0.03943677
5800	-194.5253	-196.8144	2.289158	0.03425995
5810	-196.0309	-198.1149	2.083964	0.04212046
5820	-197.2108	-199.8787	2.667938	0.02040279
5830	-217.9292	-219.1293	1.200046	0.08260924
5840	-195.1158	-197.2974	2.181577	0.03832617
5850	-194.6465	-196.9049	2.258463	0.03540889
5860	-194.8574	-197.0766	2.219173	0.03689237
5870	-195.4036	-197.5502	2.14665	0.03967157
5880	-195.7952	-198.3828	2.587532	0.02336972
5890	-205.6924	-208.5439	2.851508	0.01219143
5900	-203.3779	-206.2041	2.826171	0.0137312
5910	-203.1325	-204.8139	1.681401	0.05906389
5920	-213.1901	-216.0574	2.86731	0.008666246
5930	-202.1616	-204.9691	2.807473	0.01467844
5940	-194.522	-196.8121	2.290164	0.03422242
5950	-200.1919	-202.0081	1.816216	0.05313694
5960	-196.245	-198.3102	2.065251	0.0428604
5970	-208.7626	-211.6312	2.868607	0.01053375
5980	-198.1978	-200.9056	2.70783	0.01888196
5990	-200.7768	-202.5641	1.787287	0.05438611
6000	-195.6083	-198.1817	2.573343	0.02388601
6010	-194.6487	-196.9067	2.257972	0.03542736
6020	-209.714	-211.1545	1.440481	0.07036047
6030	-194.4072	-196.7869	2.37978	0.0309122
6040	-198.8673	-200.7544	1.887095	0.05012688
6050	-194.4137	-196.8004	2.386649	0.03066081
6060	-219.6817	-220.8358	1.154157	0.08506435
6070	-194.7184	-197.1937	2.475305	0.02743648
6080	-194.7747	-197.0079	2.233273	0.03635827
6090	-200.5877	-202.3842	1.796505	0.05398679
6100	-194.8	-197.2883	2.488296	0.0269662
6110	-194.42	-196.7544	2.334376	0.03258185
6120	-199.452	-201.3068	1.854774	0.05149068
6130	-194.6071	-197.0613	2.454232	0.02820013
6140	-196.6666	-198.6977	2.031097	0.0442219
6150	-196.1018	-198.1794	2.077654	0.04236949
6160	-208.0204	-209.5174	1.49699	0.06762612
6170	-207.141	-210.0026	2.861668	0.01136342
6180	-204.6494	-207.491	2.841593	0.01284821
6190	-215.7664	-218.6212	2.854799	0.00778247
6200	-198.6075	-200.5096	1.902063	0.0495002
6210	-195.0184	-197.2132	2.194859	0.03781798
6220	-194.7967	-197.2845	2.487803	0.02698404
6230	-217.895	-219.0959	1.200958	0.08256082
6240	-214.0153	-215.324	1.308696	0.07694832
6250	-197.0161	-199.675	2.658855	0.02074311
6260	-207.0108	-209.8717	2.860915	0.01143424
6270	-194.601	-197.0539	2.452922	0.02824765
6280	-196.5422	-199.1768	2.634546	0.02164615
6290	-212.6918	-215.5605	2.86879	0.008852395
6300	-196.5025	-198.5465	2.044016	0.0437052
6310	-198.0202	-199.9578	1.93754	0.04802707
6320	-194.74	-197.219	2.478918	0.02730566
6330	-194.9341	-197.1412	2.207167	0.03734867
6340	-194.91	-197.4137	2.50368	0.02640957
6350	-194.6692	-196.9228	2.253598	0.03559181
6360	-196.2465	-198.3116	2.065125	0.04286538
6370	-196.7783	-199.4254	2.647079	0.02118189
6380	-196.0461	-198.6509	2.604818	0.0227387
6390	-194.4076	-196.788	2.380347	0.03089145
6400	-194.4027	-196.7753	2.372564	0.03117665
6410	-204.2412	-207.0783	2.837063	0.01312108
6420	-196.4382	-198.4874	2.049199	0.04349851
6430	-197.1677	-199.8336	2.665966	0.02047682
6440	-196.7024	-198.7308	2.028335	0.04433264
6450	-198.0131	-200.7141	2.70104	0.01914441
6460	-195.3636	-197.9162	2.552583	0.02463944
6470	-194.4062	-196.754	2.347835	0.03208545
6480	-194.6182	-197.0748	2.456572	0.02811527
6490	-194.4336	-196.8338	2.40023	0.03016452
6500	-204.9523	-207.797	2.844712	0.0126517
6510	-206.4701	-209.3276	2.857456	0.0117357
6520	-203.2769	-206.1017	2.824774	0.01380571
6530	-200.6332	-202.4274	1.794277	0.0540832
6540	-199.2028	-201.9433	2.740507	0.01759053
6550	-203.1073	-204.7897	1.682461	0.05901624
6560	-221.1218	-223.9269	2.805091	0.006285425
6570	-216.8051	-219.6527	2.847565	0.007459447
6580	-194.7506	-196.9882	2.237648	0.03619296
6590	-201.3578	-204.1504	2.792652	0.0153717
6600	-202.0379	-203.7667	1.728742	0.05695169
6610	-212.4983	-213.8518	1.353487	0.07467559
6620	-195.3308	-197.8804	2.549573	0.02474851
6630	-198.5512	-201.2713	2.720092	0.01840334
6640	-195.2997	-197.4583	2.158643	0.03920813
6650	-199.6973	-201.539	1.841727	0.0520454
6660	-195.1265	-197.3067	2.180173	0.03838002
6670	-194.8834	-197.3835	2.500138	0.0265377
6680	-222.1072	-223.2002	1.093044	0.08839454
6690	-196.2938	-198.9141	2.620307	0.02217079
6700	-208.5785	-211.4466	2.868038	0.01062333
6710	-197.6922	-199.6507	1.958495	0.04716485
6720	-194.9332	-197.1405	2.207291	0.03734396
6730	-194.5096	-196.8037	2.294054	0.03407745
6740	-197.1738	-199.8401	2.66625	0.02046617
6750	-195.22	-197.7589	2.538904	0.02513497
6760	-197.6355	-200.3218	2.68625	0.01971056
6770	-194.4298	-196.7576	2.32773	0.03282747
6780	-206.9138	-209.7741	2.860334	0.01148745
6790	-196.1392	-198.2135	2.074369	0.04249932
6800	-198.975	-200.856	1.881004	0.0503828
6810	-213.0653	-215.933	2.86771	0.008712362
6820	-209.4755	-212.3458	2.870305	0.01019697
6830	-195.2304	-197.7703	2.539935	0.02509764
6840	-194.4021	-196.7575	2.355372	0.03180801
6850	-195.6177	-197.7413	2.123625	0.04056582
6860	-200.6937	-202.485	1.791323	0.05421112
6870	-240.8452	-241.533	0.6877448	0.1123182
6880	-194.8896	-197.1036	2.214029	0.03708767
6890	-211.0978	-213.9691	2.87134	0.009485722
6900	-197.6905	-200.379	2.688483	0.01962551
6910	-195.4652	-198.0267	2.561543	0.0243145
6920	-201.7981	-203.5376	1.739517	0.05647569
6930	-194.621	-196.8852	2.264159	0.03519506
6940	-194.4048	-196.7547	2.349878	0.0320102
6950	-197.3922	-200.0682	2.675995	0.0200993
6960	-199.3701	-201.2293	1.859193	0.05130335
6970	-194.4382	-196.7611	2.322928	0.03300518
6980	-201.4569	-204.2515	2.794596	0.01528294
6990	-194.4232	-196.7553	2.332051	0.03266773
7000	-194.6837	-196.9343	2.250614	0.03570409
7010	-220.6001	-223.4113	2.811243	0.006414468
7020	-195.6348	-197.7567	2.121869	0.04063426
7030	-195.2333	-197.3999	2.166648	0.03889965
7040	-197.4352	-200.113	2.677853	0.02002908
7050	-199.4439	-201.2991	1.85521	0.05147221
7060	-214.0538	-216.9178	2.864006	0.008355833
7070	-194.4338	-196.8342	2.400341	0.03016045
7080	-218.2836	-219.4742	1.190641	0.08310924
7090	-194.436	-196.8375	2.4015	0.03011816
7100	-205.996	-208.85	2.853971	0.01201027
7110	-194.7928	-197.28	2.487218	0.0270052
7120	-196.367	-198.4221	2.055027	0.04326648
7130	-194.5176	-196.9498	2.432216	0.02899947
7140	-212.0759	-213.4422	1.366266	0.07403356
7150	-195.9329	-198.5302	2.597242	0.02301555
7160	-202.252	-205.0611	2.809011	0.01460405
7170	-196.4939	-199.1258	2.631868	0.02174502
7180	-194.9136	-197.4177	2.504146	0.02639271
7190	-202.5911	-205.4056	2.814557	0.01433108
7200	-203.7473	-205.4033	1.65599	0.06021178
7210	-201.3032	-204.0947	2.791565	0.01542104
7220	-197.207	-199.1984	1.991319	0.04582593
7230	-198.5287	-200.4354	1.906688	0.04930718
7240	-204.7908	-206.4054	1.614535	0.062106
7250	-196.3021	-198.9229	2.620799	0.02215272
7260	-196.3017	-198.9225	2.620775	0.0221536
7270	-199.9577	-201.7858	1.828167	0.05262444
7280	-197.4108	-200.0877	2.676804	0.02006871
7290	-197.439	-200.117	2.678018	0.02002284
7300	-194.6945	-197.1657	2.471172	0.02758617
7310	-198.7582	-200.6515	1.893334	0.04986531
7320	-202.0867	-203.8132	1.726572	0.05704778
7330	-195.9423	-198.5402	2.597886	0.02299204
7340	-196.6014	-199.2392	2.637776	0.02152676
7350	-194.9393	-197.1457	2.206372	0.03737892
7360	-194.4018	-196.772	2.370176	0.03126423
7370	-194.6042	-197.0579	2.453616	0.02822246
7380	-201.7704	-203.5112	1.740772	0.05642036
7390	-194.4071	-196.7869	2.37977	0.03091257
7400	-195.0161	-197.2113	2.195176	0.03780587
7410	-200.1727	-201.9899	1.817185	0.05309532
7420	-195.1288	-197.3086	2.17988	0.03839124
7430	-201.5553	-204.3518	2.796492	0.0151958
7440	-195.5915	-198.1635	2.572002	0.02393475
7450	-200.426	-203.1986	2.772585	0.01625745
7460	-197.7304	-199.6864	1.95601	0.04726682
7470	-194.4918	-196.9161	2.424285	0.02928788
7480	-209.2841	-212.154	2.869927	0.01028584
7490	-194.4433	-196.7635	2.320245	0.0331045
7500	-199.9239	-202.6842	2.760292	0.0167782
7510	-194.7922	-197.2793	2.487128	0.02700846
7520	-194.8616	-197.3587	2.497159	0.02664548
7530	-194.9094	-197.4129	2.503593	0.02641271
7540	-195.3949	-197.5425	2.147631	0.03963361
7550	-194.4127	-196.7532	2.340448	0.03235774
7560	-195.3088	-197.4664	2.157569	0.03924955
7570	-202.2842	-205.0937	2.809551	0.01457777
7580	-197.5966	-200.2812	2.684649	0.01977146
7590	-206.1999	-209.0555	2.855523	0.01189096
7600	-194.7246	-196.9671	2.242522	0.03600901
7610	-194.8937	-197.1071	2.213381	0.0371123
7620	-216.8956	-219.7425	2.846879	0.007432146
7630	-194.4039	-196.7788	2.374892	0.03109129
7640	-194.6922	-197.1629	2.470761	0.02760107
7650	-195.0111	-197.207	2.195882	0.03777892
7660	-209.7769	-211.2153	1.43844	0.07046025
7670	-194.7981	-197.0272	2.229144	0.03651449
7680	-212.2198	-215.0897	2.869897	0.009033722
7690	-196.3678	-198.9925	2.624671	0.02201029
7700	-194.7743	-197.0077	2.233329	0.03635617
7710	-199.3178	-201.1798	1.862038	0.05118293
7720	-194.4129	-196.7988	2.385901	0.03068816
7730	-217.4517	-220.2941	2.842458	0.007267045
7740	-219.4775	-222.301	2.823552	0.006703398
7750	-199.1243	-201.8624	2.738184	0.01768419
7760	-195.8811	-198.4748	2.593657	0.02314641
7770	-227.6027	-230.3098	2.707065	0.004916466
7780	-209.3257	-212.1957	2.870014	0.01026644
7790	-213.9317	-216.7962	2.864529	0.008398798
7800	-198.6722	-200.5705	1.898297	0.04965761
7810	-198.4249	-200.3377	1.912842	0.0490508
7820	-216.9331	-218.1599	1.226845	0.08119326
7830	-197.3441	-200.018	2.673898	0.02017845
7840	-201.7431	-204.5431	2.800023	0.01503194
7850	-230.2562	-232.9122	2.656003	0.004459474
7860	-196.0118	-198.6144	2.60256	0.02282127
7870	-194.4045	-196.7804	2.37596	0.03105216
7880	-197.1452	-199.1409	1.995679	0.04564913
7890	-198.8077	-201.5362	2.728449	0.01807327
7900	-201.1219	-203.9098	2.787883	0.01558693
7910	-208.5133	-211.3811	2.867824	0.01065534
7920	-213.4588	-216.3251	2.866381	0.008568054
7930	-196.3082	-198.3681	2.059919	0.043072
7940	-197.5588	-199.5261	1.967286	0.0468049
7950	-195.1443	-197.3222	2.177861	0.0384687
7960	-202.4221	-205.2339	2.811835	0.01446597
7970	-194.8256	-197.3176	2.492063	0.02682988
7980	-200.0953	-201.9164	1.821117	0.05292654
7990	-203.2762	-206.101	2.824764	0.01380627
8000	-195.0566	-197.5782	2.521525	0.02576396
8010	-200.4819	-202.2836	1.801718	0.05376147
8020	-202.8849	-205.704	2.819093	0.01410181
8030	-196.9989	-199.6569	2.658026	0.0207741
8040	-200.3833	-202.1899	1.80661	0.05355043
8050	-199.1641	-201.9035	2.739367	0.01763654
8060	-200.63	-203.4072	2.777269	0.01605509
8070	-194.4061	-196.7541	2.347981	0.03208007
8080	-196.6246	-198.659	2.034358	0.04409127
8090	-212.7582	-215.6268	2.868611	0.008827274
8100	-196.0126	-198.6152	2.602612	0.02281935
8110	-201.2808	-204.0719	2.791118	0.01544129
8120	-196.5351	-199.1693	2.634154	0.02166062
8130	-197.0433	-199.7035	2.660152	0.02069462
8140	-199.1051	-200.9789	1.873729	0.05068909
8150	-196.1171	-198.1934	2.076302	0.0424229
8160	-201.5948	-204.3921	2.797246	0.015161
8170	-194.7733	-197.2575	2.484224	0.02711359
8180	-194.7074	-196.9533	2.245853	0.03588343
8190	-199.1085	-200.982	1.873543	0.05069694
8200	-201.6884	-204.4874	2.799006	0.01507937
8210	-231.07	-233.7091	2.639131	0.004329289
8220	-194.9696	-197.1715	2.201874	0.0375503
8230	-196.3654	-198.4206	2.055158	0.04326125
8240	-199.3093	-201.1718	1.8625	0.05116336
8250	-194.5737	-196.8494	2.275669	0.03476381
8260	-209.7202	-212.5909	2.870709	0.01008493
8270	-196.4778	-199.1088	2.630967	0.02177828
8280	-195.7278	-198.3104	2.582556	0.02355093
8290	-196.3163	-198.9379	2.621642	0.02212173
8300	-213.9124	-216.777	2.86461	0.008405625
8310	-194.7518	-197.2327	2.480834	0.0272363
8320	-195.5052	-198.0701	2.564931	0.02419152
8330	-194.4707	-196.7787	2.307934	0.03356113
8340	-194.5628	-197.0069	2.444142	0.02856625
8350	-211.7739	-214.6446	2.870674	0.009209727
8360	-210.2899	-211.7118	1.421927	0.07126997
8370	-195.0463	-197.5667	2.520349	0.02580651
8380	-194.6609	-196.9162	2.255359	0.03552558
8390	-198.6765	-201.4008	2.72423	0.01824034
8400	-204.8904	-206.5011	1.610679	0.06228357
8410	-197.5389	-200.2212	2.682252	0.01986245
8420	-198.179	-200.8862	2.707151	0.01890826
8430	-204.7736	-207.6165	2.842897	0.01276702
8440	-198.5817	-200.4853	1.903576	0.04943704
8450	-198.5595	-200.4644	1.904876	0.04938278
8460	-196.4852	-198.5306	2.045401	0.04364995
8470	-214.7275	-217.5883	2.860798	0.008123866
8480	-202.2242	-205.0327	2.808539	0.01462692
8490	-199.9008	-201.7319	1.831106	0.05249872
8500	-196.4763	-199.1072	2.63088	0.02178149
8510	-194.5632	-197.0074	2.444243	0.02856259
8520	-194.6106	-196.8772	2.266574	0.03510449
8530	-198.6517	-200.5512	1.899491	0.04960769
8540	-196.2759	-198.8951	2.619232	0.0222103
8550	-209.5718	-211.0169	1.445113	0.07013434
8560	-195.4889	-197.6261	2.137229	0.04003677
8570	-197.623	-199.586	1.963037	0.04697876
8580	-198.3365	-201.0492	2.712751	0.01869064
8590	-199.1622	-201.0327	1.87057	0.05082235
8600	-194.4013	-196.7696	2.368338	0.03133166
8610	-197.6773	-200.3653	2.687951	0.01964581
8620	-199.323	-201.1847	1.861756	0.05119486
8630	-198.2108	-200.9191	2.708298	0.01886382
8640	-201.2393	-204.0295	2.790281	0.01547914
8650	-212.0211	-214.8914	2.870275	0.009111562
8660	-196.5327	-198.5743	2.041601	0.04380163
8670	-219.2118	-220.3781	1.166311	0.08441036
8680	-200.4881	-202.2895	1.801408	0.05377485
8690	-197.4055	-199.3831	1.977601	0.0463838
8700	-204.9507	-207.7954	2.844697	0.0126527
8710	-194.8545	-197.3507	2.496178	0.02668097
8720	-194.4404	-196.7621	2.321733	0.0330494
8730	-195.4504	-197.5918	2.141438	0.03987346
8740	-194.493	-196.7927	2.299618	0.03387026
8750	-196.4596	-199.0895	2.629939	0.02181622
8760	-194.6603	-196.9158	2.255482	0.03552095
8770	-194.4799	-196.9001	2.420229	0.0294355
8780	-202.0216	-203.7511	1.72947	0.05691951
8790	-205.2219	-208.0692	2.847321	0.01248088
8800	-195.0353	-197.2278	2.192486	0.03790864
8810	-228.5985	-229.5394	0.9409274	0.09699156
8820	-199.3938	-202.1398	2.746013	0.01736724
8830	-194.5771	-197.0247	2.447552	0.02844248
8840	-201.8471	-204.6491	2.801927	0.01494263
8850	-195.1882	-197.3605	2.172253	0.03868404
8860	-216.746	-219.594	2.84801	0.007477374
8870	-195.4042	-197.5508	2.14658	0.03967429
8880	-195.3256	-197.8747	2.549087	0.02476615
8890	-203.8832	-206.7159	2.832768	0.01336846
8900	-196.0923	-198.7001	2.607814	0.02262903
8910	-195.0232	-197.5408	2.517667	0.02590356
8920	-196.0301	-198.1141	2.084038	0.04211752
8930	-195.0333	-197.5521	2.518846	0.0258609
8940	-244.5395	-245.1575	0.6179706	0.1167752
8950	-207.3808	-208.9	1.519162	0.06656769
8960	-201.8838	-203.6195	1.73565	0.05664634
8970	-208.004	-209.5016	1.497553	0.06759913
8980	-200.2702	-202.0824	1.812269	0.05330666
8990	-195.2492	-197.4139	2.164702	0.03897457
9000	-194.4348	-196.8357	2.400875	0.03014096
9010	-200.0942	-201.9154	1.821172	0.05292415
9020	-207.6304	-209.1408	1.510454	0.0669824
9030	-204.3802	-207.2189	2.838648	0.0130271
9040	-201.2581	-204.0488	2.790662	0.01546191
9050	-205.7561	-207.3339	1.577846	0.06380507
9060	-197.5925	-200.2769	2.684479	0.01977789
9070	-211.6598	-213.0388	1.378993	0.07339699
9080	-199.7959	-201.6325	1.836555	0.05226593
9090	-195.4068	-197.5531	2.14629	0.03968552
9100	-194.8312	-197.3241	2.492876	0.02680047
9110	-203.1632	-204.8433	1.680113	0.05912184
9120	-194.4598	-196.7723	2.312491	0.03339199
9130	-195.248	-197.7897	2.541677	0.02503454
9140	-195.0869	-197.2724	2.185419	0.03817897
9150	-196.6911	-199.3337	2.642554	0.02134981
9160	-204.3639	-207.2023	2.838464	0.0130381
9170	-210.9585	-212.3593	1.400767	0.07231434
9180	-197.3087	-199.9811	2.672335	0.02023735
9190	-205.6429	-207.225	1.582072	0.06360829
9200	-197.9839	-199.9237	1.939816	0.04793314
9210	-198.0189	-200.7202	2.701259	0.01913597
9220	-195.2569	-197.7995	2.542546	0.02500309
9230	-197.1003	-199.7632	2.662842	0.02059394
9240	-197.2398	-199.9091	2.669253	0.02035334
9250	-206.5785	-209.4367	2.858193	0.01167431
9260	-208.6126	-211.4808	2.868148	0.01060666
9270	-203.319	-206.1444	2.825359	0.01377459
9280	-216.3348	-217.578	1.243206	0.08033512
9290	-196.7935	-199.4414	2.647856	0.02115301
9300	-196.2344	-198.8511	2.616719	0.0223026
9310	-196.157	-198.2298	2.072817	0.04256075
9320	-200.2259	-202.9937	2.76782	0.01646101
9330	-195.6949	-197.8107	2.115794	0.04087137
9340	-195.1107	-197.293	2.18225	0.03830037
9350	-194.8464	-197.0674	2.220984	0.03682364
9360	-197.5136	-200.1947	2.681186	0.01990286
9370	-198.4975	-200.406	1.90853	0.04923038
9380	-195.3246	-197.4803	2.155714	0.03932115
9390	-219.8467	-220.9966	1.149914	0.08529335
9400	-202.0769	-204.8829	2.806009	0.01474878
9410	-200.8596	-202.6429	1.78329	0.05455967
9420	-198.8296	-201.5587	2.72914	0.01804583
9430	-194.722	-196.965	2.243035	0.03598966
9440	-194.7536	-196.9907	2.237095	0.03621385
9450	-196.0857	-198.1648	2.079076	0.04231335
9460	-195.5766	-198.1474	2.570803	0.02397829
9470	-195.3967	-197.9523	2.555561	0.02453145
9480	-194.9382	-197.1448	2.20654	0.03737252
9490	-194.4341	-196.8346	2.400492	0.03015496
9500	-195.6386	-198.2144	2.575732	0.02379918
9510	-199.1027	-201.8402	2.737539	0.01771014
9520	-195.5839	-197.711	2.127133	0.04042919
9530	-194.411	-196.7532	2.342154	0.03229483
9540	-202.4838	-205.2966	2.812838	0.01441646
9550	-220.7904	-221.9163	1.125893	0.08659585
9560	-204.1971	-207.0337	2.836551	0.01315112
9570	-223.6902	-226.4611	2.770934	0.005694327
9580	-224.7071	-227.4628	2.755679	0.005478922
9590	-194.7369	-197.2153	2.478407	0.02732414
9600	-195.1914	-197.3633	2.171851	0.03869952
9610	-194.4675	-196.8831	2.415648	0.02960233
9620	-194.5136	-196.9446	2.431042	0.02904217
9630	-194.6837	-197.153	2.469243	0.02765605
9640	-196.6631	-198.6945	2.031365	0.04421115
9650	-201.5255	-204.3214	2.795922	0.01522208
9660	-196.5645	-199.2002	2.635766	0.02160105
9670	-197.0871	-199.7493	2.66222	0.02061726
9680	-203.4097	-206.2364	2.826605	0.01370785
9690	-198.5556	-200.4608	1.905104	0.04937327
9700	-194.404	-196.7791	2.375126	0.03108271
9710	-205.0668	-207.9126	2.845839	0.0125787
9720	-194.4801	-196.7844	2.304308	0.03369586
9730	-194.4295	-196.7574	2.32794	0.0328197
9740	-194.5605	-197.004	2.443578	0.02858673
9750	-198.3375	-200.2556	1.918074	0.04883325
9760	-194.4022	-196.7572	2.354985	0.03182225
9770	-194.4173	-196.7538	2.33644	0.03250564
9780	-196.3017	-198.3621	2.060465	0.04305032
9790	-196.7704	-198.7935	2.02315	0.04454075
9800	-231.9888	-232.8557	0.8669755	0.1013341
9810	-198.1738	-200.1018	1.928027	0.04842039
9820	-197.6414	-199.6032	1.961828	0.04702828
9830	-195.1603	-197.6931	2.532803	0.02535584
9840	-197.1691	-199.8351	2.666032	0.02047435
9850	-200.8292	-203.6109	2.781681	0.01586219
9860	-196.1498	-198.7613	2.611476	0.0224949
9870	-194.6136	-197.0692	2.455604	0.02815037
9880	-196.1234	-198.7332	2.609803	0.02255618
9890	-194.4861	-196.9085	2.42238	0.02935723
9900	-206.554	-209.412	2.858028	0.01168814
9910	-201.5087	-204.3043	2.7956	0.01523691
9920	-195.4574	-198.0183	2.56088	0.02433854
9930	-194.4016	-196.7711	2.369551	0.03128715
9940	-195.9957	-198.0829	2.087149	0.04199495
9950	-223.1308	-224.1989	1.068011	0.08977885
9960	-201.728	-204.5277	2.799742	0.01504505
9970	-201.0548	-203.8413	2.786489	0.01564925
9980	-194.7583	-197.2402	2.481864	0.027199
9990	-196.5121	-199.145	2.632881	0.02170765
10000	-199.6586	-202.412	2.753324	0.01706755
