Iteration	Posterior	Likelihood	Prior	birth_rate	death_rate	diversification	turnover
0	-198.3893	-203.5318	5.142515	0.05971957	0.03829923	0.02142034	0.03829923
10	-197.0452	-202.5127	5.467518	0.05726283	0.02924412	0.02801871	0.02924412
20	-193.8275	-199.6083	5.780884	0.03524067	0.01384937	0.0213913	0.01384937
30	-271.0391	-272.4955	1.456432	0.1491068	0.003464083	0.1456427	0.003464083
40	-229.8079	-232.1164	2.308469	0.2549573	0.2262014	0.02875586	0.2262014
50	-195.0722	-200.6554	5.583238	0.02511924	0.008054171	0.01706507	0.008054171
60	-195.5747	-201.2168	5.642105	0.05109091	0.02286647	0.02822444	0.02286647
70	-192.9281	-198.729	5.800865	0.02922123	0.006247368	0.02297386	0.006247368
80	-257.5519	-257.4292	-0.12267	0.5691657	0.5283452	0.04082052	0.5283452
90	-194.4305	-200.1641	5.733651	0.04325097	0.01884185	0.02440913	0.01884185
100	-201.6246	-206.7575	5.132905	0.07353099	0.03102556	0.04250543	0.03102556
110	-200.6704	-205.8956	5.225253	0.07020615	0.02819099	0.04201516	0.02819099
120	-205.5387	-209.832	4.293248	0.09383692	0.07358698	0.02024994	0.07358698
130	-215.3945	-219.6573	4.262818	0.09518621	0.022942	0.07224421	0.022942
140	-192.7153	-198.573	5.857696	0.03989452	0.007842616	0.03205191	0.007842616
150	-196.0789	-201.7213	5.642433	0.05457238	0.01927759	0.03529479	0.01927759
160	-223.0988	-225.849	2.750295	0.2047669	0.1818629	0.02290396	0.1818629
170	-197.7547	-203.1931	5.438381	0.06095916	0.02899405	0.0319651	0.02899405
180	-196.603	-202.1928	5.589778	0.0565671	0.02126304	0.03530406	0.02126304
190	-257.663	-256.383	-1.27999	0.6729027	0.6595353	0.01336738	0.6595353
200	-192.2615	-198.007	5.74545	0.0319534	0.00491033	0.02704307	0.00491033
210	-197.956	-203.3798	5.423846	0.05761435	0.009003516	0.04861084	0.009003516
220	-196.7551	-202.0881	5.333003	0.05131791	0.03044904	0.02086887	0.03044904
230	-211.7756	-215.9909	4.215245	0.1072937	0.05607387	0.05121985	0.05607387
240	-196.7693	-201.9917	5.22243	0.04807535	0.02980425	0.0182711	0.02980425
250	-236.0798	-238.2055	2.125706	0.2072879	0.1394458	0.06784215	0.1394458
260	-211.4343	-215.6903	4.256006	0.1051895	0.05338738	0.0518021	0.05338738
270	-197.2865	-202.8274	5.540923	0.05874118	0.01975137	0.0389898	0.01975137
280	-194.5912	-200.3652	5.774039	0.04809337	0.01677143	0.03132194	0.01677143
290	-235.6464	-237.9568	2.310354	0.1825931	0.1070498	0.07554331	0.1070498
300	-196.3901	-202.0122	5.622081	0.05532187	0.01544387	0.039878	0.01544387
310	-229.9877	-232.8518	2.864049	0.1516367	0.07616465	0.07547208	0.07616465
320	-199.8468	-205.1905	5.343709	0.06421006	0.0156576	0.04855246	0.0156576
330	-212.2299	-216.1287	3.898787	0.1298076	0.1021661	0.02764154	0.1021661
340	-200.6138	-205.6121	4.998286	0.07184303	0.04689315	0.02494989	0.04689315
350	-201.8094	-206.2724	4.463003	0.07214873	0.05542939	0.01671934	0.05542939
360	-220.2935	-223.6393	3.345792	0.1590178	0.1142528	0.04476492	0.1142528
370	-222.7644	-225.8167	3.052305	0.1876307	0.1513015	0.03632915	0.1513015
380	-194.7726	-200.4819	5.709298	0.04614879	0.02029284	0.02585595	0.02029284
390	-199.4465	-203.2383	3.791787	0.03604836	0.02694462	0.00910374	0.02694462
400	-197.2283	-202.7607	5.532355	0.05887984	0.02252861	0.03635123	0.02252861
410	-328.0906	-326.3826	-1.708053	0.3016835	0.1128221	0.1888614	0.1128221
420	-193.2343	-198.9131	5.67876	0.04295234	0.005813659	0.03713868	0.005813659
430	-197.4571	-202.7729	5.315767	0.0566543	0.03348171	0.02317259	0.03348171
440	-196.5706	-201.707	5.136494	0.04254325	0.0265146	0.01602865	0.0265146
450	-238.8461	-240.6888	1.842785	0.2320971	0.165892	0.06620513	0.165892
460	-196.536	-202.0396	5.503684	0.05447652	0.02793453	0.02654199	0.02793453
470	-215.9544	-219.7392	3.784865	0.1298121	0.0811353	0.04867679	0.0811353
480	-200.7518	-205.2598	4.50802	0.06553752	0.04976305	0.01577447	0.04976305
490	-245.6085	-248.0658	2.457304	0.1472277	0.03971357	0.1075141	0.03971357
500	-209.6583	-214.0047	4.346402	0.1050971	0.06093203	0.04416505	0.06093203
510	-209.3899	-214.0793	4.689416	0.08005037	0.0123698	0.06768057	0.0123698
520	-205.8556	-210.3482	4.492599	0.09658829	0.06998467	0.02660362	0.06998467
530	-224.0721	-227.0335	2.961404	0.1914383	0.1517623	0.03967598	0.1517623
540	-202.8139	-207.7012	4.887262	0.08203931	0.05089472	0.03114459	0.05089472
550	-196.2535	-201.7902	5.536695	0.05321193	0.02672922	0.02648271	0.02672922
560	-200.6972	-204.8722	4.175004	0.0584114	0.00189183	0.05651957	0.00189183
570	-213.2428	-217.5503	4.30752	0.09654017	0.03136789	0.06517227	0.03136789
580	-198.0632	-203.4366	5.373419	0.05735816	0.007753721	0.04960444	0.007753721
590	-196.0219	-201.5314	5.509428	0.05029435	0.02668599	0.02360836	0.02668599
600	-197.3744	-202.7107	5.33627	0.05652434	0.0329818	0.02354254	0.0329818
610	-195.111	-200.726	5.614984	0.04996378	0.007730712	0.04223307	0.007730712
620	-195.3634	-200.8345	5.471146	0.02889526	0.01290395	0.01599131	0.01290395
630	-270.6853	-270.6971	0.01182699	0.2817108	0.1684764	0.1132344	0.1684764
640	-224.1829	-227.3375	3.154599	0.151215	0.08976669	0.06144833	0.08976669
650	-201.7114	-205.6234	3.912073	0.06401716	0.05202357	0.01199359	0.05202357
660	-238.9316	-241.227	2.295399	0.1692496	0.08212754	0.08712211	0.08212754
670	-217.876	-222.0446	4.168657	0.09601596	0.01808771	0.07792825	0.01808771
680	-210.1124	-214.3645	4.252112	0.1117494	0.07300121	0.03874817	0.07300121
690	-204.0204	-207.9534	3.933001	0.08028543	0.066257	0.01402843	0.066257
700	-194.4442	-198.9959	4.551654	0.02365968	0.001455081	0.02220459	0.001455081
710	-202.7561	-207.7941	5.038065	0.07672401	0.03220143	0.04452257	0.03220143
720	-193.4646	-199.2556	5.790986	0.04421607	0.008253783	0.03596229	0.008253783
730	-207.4625	-211.8295	4.367008	0.1043244	0.07621683	0.02810757	0.07621683
740	-209.1124	-213.4599	4.347427	0.1071085	0.0684846	0.03862389	0.0684846
750	-210.4009	-214.8355	4.434674	0.0953427	0.03835147	0.05699123	0.03835147
760	-203.0997	-207.6511	4.5514	0.08156157	0.06128178	0.0202798	0.06128178
770	-205.6092	-210.3593	4.750085	0.08775578	0.04325665	0.04449912	0.04325665
780	-193.2095	-197.6768	4.467313	0.02824629	0.001313233	0.02693305	0.001313233
790	-194.8256	-200.5732	5.747622	0.04889154	0.01813035	0.0307612	0.01813035
800	-237.0158	-239.1989	2.183158	0.19022	0.1144381	0.07578193	0.1144381
810	-198.4529	-203.1317	4.678884	0.0549837	0.002630466	0.05235324	0.002630466
820	-205.7542	-209.9371	4.182958	0.0941549	0.07539863	0.01875627	0.07539863
830	-211.7057	-215.692	3.98633	0.126013	0.09646729	0.02954573	0.09646729
840	-254.1193	-255.4097	1.290364	0.2083493	0.105736	0.1026133	0.105736
850	-209.601	-214.2789	4.677847	0.08143907	0.01434094	0.06709814	0.01434094
860	-195.3536	-201.061	5.707478	0.05166481	0.01796931	0.03369549	0.01796931
870	-193.1706	-199.0599	5.88929	0.03773149	0.01206488	0.02566661	0.01206488
880	-203.3373	-208.1582	4.820871	0.06607319	0.005088061	0.06098513	0.005088061
890	-226.8498	-230.1034	3.25361	0.1312113	0.05313953	0.07807176	0.05313953
900	-245.8337	-245.9288	0.0951402	0.4610335	0.445904	0.01512951	0.445904
910	-212.4406	-216.8115	4.37087	0.09455188	0.03017627	0.06437561	0.03017627
920	-217.3763	-220.9645	3.588165	0.1471747	0.1060012	0.04117347	0.1060012
930	-208.2244	-212.9873	4.762893	0.07956403	0.01500806	0.06455597	0.01500806
940	-195.8676	-201.1414	5.27388	0.03447681	0.01907738	0.01539943	0.01907738
950	-192.8187	-198.6267	5.808055	0.04089647	0.007063343	0.03383313	0.007063343
960	-200.9562	-205.773	4.816719	0.07151042	0.05063955	0.02087087	0.05063955
970	-201.7956	-206.8646	5.069003	0.07614803	0.03847093	0.0376771	0.03847093
980	-223.8994	-227.323	3.423655	0.1271088	0.05373545	0.07337336	0.05373545
990	-225.6822	-228.7759	3.093706	0.1489597	0.08246103	0.0664987	0.08246103
1000	-206.6775	-211.0419	4.364378	0.1007065	0.07582272	0.02488376	0.07582272
1010	-207.3864	-210.8627	3.476353	0.0977696	0.08441253	0.01335707	0.08441253
1020	-250.9882	-253.085	2.0968	0.1594189	0.0472099	0.112209	0.0472099
1030	-194.9002	-200.6512	5.750956	0.04995078	0.01570867	0.03424211	0.01570867
1040	-198.6705	-203.9117	5.241148	0.06353582	0.03759165	0.02594417	0.03759165
1050	-211.4443	-215.9426	4.498342	0.08935612	0.02362538	0.06573074	0.02362538
1060	-197.5954	-203.0902	5.49481	0.06025906	0.02387772	0.03638135	0.02387772
1070	-214.4327	-218.332	3.899259	0.1263086	0.08089666	0.04541193	0.08089666
1080	-208.1797	-212.9358	4.756136	0.07743523	0.01107629	0.06635894	0.01107629
1090	-197.4796	-202.2351	4.755471	0.03067744	0.01879422	0.01188322	0.01879422
1100	-206.9571	-211.3831	4.425976	0.1017181	0.07314856	0.02856954	0.07314856
1110	-201.6909	-206.1679	4.476938	0.01665991	0.006365725	0.01029418	0.006365725
1120	-211.6434	-215.4853	3.841907	0.1275444	0.1038818	0.02366254	0.1038818
1130	-200.5671	-205.8426	5.27556	0.06432268	0.01191734	0.05240534	0.01191734
1140	-237.0044	-238.7358	1.731358	0.3148656	0.2809876	0.03387791	0.2809876
1150	-202.4118	-206.7813	4.369505	0.06239504	0.00254883	0.05984621	0.00254883
1160	-217.9739	-221.6247	3.650867	0.1320606	0.07790401	0.0541566	0.07790401
1170	-194.7231	-200.3723	5.64929	0.04175064	0.01997105	0.02177959	0.01997105
1180	-232.1876	-234.2291	2.041483	0.2806443	0.2540832	0.02656112	0.2540832
1190	-207.8886	-212.5649	4.676341	0.07474299	0.007074737	0.06766825	0.007074737
1200	-203.2798	-208.3723	5.092507	0.07097187	0.01512933	0.05584254	0.01512933
1210	-193.0225	-198.9242	5.901711	0.03979154	0.01096329	0.02882825	0.01096329
1220	-204.1769	-208.9635	4.786545	0.08727603	0.05320478	0.03407125	0.05320478
1230	-232.3298	-234.5233	2.193561	0.2608128	0.2232957	0.03751708	0.2232957
1240	-200.6074	-205.8531	5.245699	0.0692821	0.02564618	0.04363593	0.02564618
1250	-229.8588	-232.2768	2.418053	0.2395012	0.2019837	0.03751754	0.2019837
1260	-203.4096	-208.2633	4.853632	0.06644079	0.005473645	0.06096714	0.005473645
1270	-193.812	-199.5956	5.783558	0.03521356	0.01377996	0.0214336	0.01377996
1280	-193.2203	-198.7308	5.510417	0.04231415	0.004285246	0.03802891	0.004285246
1290	-211.4993	-215.8623	4.362991	0.09709082	0.03787204	0.05921878	0.03787204
1300	-202.8476	-207.9154	5.067734	0.0748422	0.02660046	0.04824174	0.02660046
1310	-249.0961	-251.7382	2.642193	0.1368242	0.01938713	0.1174371	0.01938713
1320	-195.8874	-201.5529	5.665571	0.05376316	0.01600841	0.03775475	0.01600841
1330	-226.8617	-229.4931	2.631368	0.2247225	0.1926573	0.03206523	0.1926573
1340	-224.3536	-227.2313	2.877703	0.2031468	0.1696452	0.03350158	0.1696452
1350	-209.5125	-213.3334	3.820859	0.114717	0.09571965	0.01899734	0.09571965
1360	-207.0813	-210.7031	3.621826	0.01242537	0.004052384	0.008372991	0.004052384
1370	-210.3843	-214.7654	4.381143	0.09912839	0.04573766	0.05339074	0.04573766
1380	-194.0378	-199.7889	5.751102	0.03726477	0.01564447	0.0216203	0.01564447
1390	-203.6663	-208.6669	5.000639	0.0769559	0.02746796	0.04948794	0.02746796
1400	-227.0462	-229.2139	2.167761	0.2394954	0.2207244	0.01877094	0.2207244
1410	-215.0212	-218.7636	3.74241	0.1413078	0.107085	0.03422282	0.107085
1420	-197.5357	-203.0284	5.492665	0.06012227	0.0248547	0.03526757	0.0248547
1430	-197.9795	-203.4118	5.432276	0.06189579	0.0281355	0.03376029	0.0281355
1440	-238.0417	-240.0444	2.0027	0.2093863	0.1378146	0.07157167	0.1378146
1450	-257.2398	-257.2806	0.04087441	0.4603655	0.4020976	0.05826789	0.4020976
1460	-199.0865	-204.3843	5.297805	0.06631654	0.03395304	0.0323635	0.03395304
1470	-196.7183	-202.0399	5.321625	0.02086441	0.005502253	0.01536215	0.005502253
1480	-203.1851	-208.2086	5.023532	0.07668774	0.02943883	0.04724891	0.02943883
1490	-218.0977	-221.0739	2.976242	0.1686469	0.1500768	0.0185701	0.1500768
1500	-212.0308	-216.361	4.330154	0.09783525	0.03749885	0.0603364	0.03749885
1510	-210.3378	-214.5534	4.215551	0.1140318	0.07683649	0.03719527	0.07683649
1520	-193.1541	-199.0153	5.861235	0.03203483	0.009442741	0.02259209	0.009442741
1530	-217.8779	-220.7424	2.864559	0.1666182	0.1497074	0.01691084	0.1497074
1540	-199.2533	-204.3776	5.124291	0.0653037	0.0413349	0.0239688	0.0413349
1550	-196.4014	-201.9969	5.595416	0.05453361	0.01137409	0.04315952	0.01137409
1560	-212.9387	-216.8167	3.878043	0.1326176	0.1026145	0.03000309	0.1026145
1570	-200.461	-205.755	5.293976	0.06631401	0.01776344	0.04855057	0.01776344
1580	-215.943	-219.756	3.812998	0.1261978	0.07486748	0.05133033	0.07486748
1590	-192.2727	-197.7995	5.526841	0.03628021	0.003680012	0.0326002	0.003680012
1600	-216.9114	-220.2924	3.380937	0.08396562	0.002228164	0.08173745	0.002228164
1610	-223.8788	-227.1757	3.296882	0.1372806	0.06940179	0.06787882	0.06940179
1620	-207.1363	-211.6937	4.55738	0.09694638	0.0565571	0.04038928	0.0565571
1630	-203.7872	-208.6858	4.898655	0.0825969	0.04155558	0.04104132	0.04155558
1640	-253.4899	-253.9303	0.440384	0.3854158	0.3224709	0.06294497	0.3224709
1650	-198.1577	-202.9761	4.818449	0.05075881	0.03546218	0.01529663	0.03546218
1660	-210.9068	-215.2987	4.391894	0.09677777	0.03930976	0.05746801	0.03930976
1670	-209.1047	-213.5486	4.443995	0.09891719	0.05059313	0.04832406	0.05059313
1680	-200.9149	-206.0672	5.152258	0.07291681	0.03604687	0.03686995	0.03604687
1690	-220.8977	-224.904	4.006263	0.1000195	0.01765278	0.0823667	0.01765278
1700	-233.8319	-235.9449	2.113068	0.2541549	0.2086519	0.04550294	0.2086519
1710	-197.5152	-202.3425	4.827241	0.02807816	0.01615858	0.01191958	0.01615858
1720	-206.3089	-210.4535	4.144577	0.09724365	0.07819628	0.01904737	0.07819628
1730	-203.237	-208.2228	4.985758	0.07873616	0.0345715	0.04416466	0.0345715
1740	-210.8264	-212.3686	1.542166	0.01293518	0.00812787	0.004807308	0.00812787
1750	-196.8162	-202.1128	5.296527	0.05079414	0.030677	0.02011713	0.030677
1760	-193.4746	-199.1952	5.720589	0.0268968	0.005728103	0.0211687	0.005728103
1770	-222.5418	-225.7734	3.231612	0.1538843	0.09853116	0.05535318	0.09853116
1780	-239.3412	-241.1224	1.781148	0.2396677	0.1746179	0.06504975	0.1746179
1790	-215.6553	-219.1552	3.499873	0.151483	0.126776	0.02470707	0.126776
1800	-211.9372	-216.3224	4.385178	0.08028694	0.00615632	0.07413062	0.00615632
1810	-222.094	-225.6459	3.551853	0.1230694	0.05184933	0.07122004	0.05184933
1820	-205.0561	-210.018	4.96185	0.07547163	0.01781318	0.05765845	0.01781318
1830	-201.4474	-206.4945	5.047136	0.07600926	0.04357852	0.03243074	0.04357852
1840	-238.052	-239.9639	1.911828	0.2273425	0.1614984	0.06584408	0.1614984
1850	-227.1418	-229.921	2.779192	0.186281	0.1333754	0.05290562	0.1333754
1860	-198.6792	-204.0472	5.368078	0.06455755	0.02968315	0.0348744	0.02968315
1870	-215.4254	-219.0129	3.587408	0.1489301	0.121817	0.02711306	0.121817
1880	-205.3372	-210.1834	4.846107	0.08232697	0.03186782	0.05045915	0.03186782
1890	-209.1301	-213.1673	4.037168	0.07351818	0.002803559	0.07071463	0.002803559
1900	-199.9471	-205.0803	5.133275	0.06955725	0.04189872	0.02765852	0.04189872
1910	-354.1052	-353.1818	-0.9234362	0.2517873	0.0229175	0.2288698	0.0229175
1920	-223.6362	-226.9785	3.342361	0.1342199	0.0653261	0.06889382	0.0653261
1930	-209.1253	-213.1671	4.041808	0.1134508	0.09090671	0.02254408	0.09090671
1940	-231.9229	-235.0334	3.110564	0.1304386	0.04121768	0.08922094	0.04121768
1950	-211.85	-215.9288	4.078856	0.1209379	0.08296074	0.03797721	0.08296074
1960	-201.6893	-206.8283	5.138978	0.06506953	0.0086516	0.05641793	0.0086516
1970	-203.4546	-208.5096	5.054988	0.07405187	0.02150602	0.05254585	0.02150602
1980	-233.2763	-235.6694	2.393161	0.1885239	0.1204981	0.06802578	0.1204981
1990	-200.556	-205.2969	4.740868	0.01661956	0.004618245	0.01200131	0.004618245
2000	-243.3	-245.2155	1.915445	0.1881902	0.0990982	0.08909203	0.0990982
2010	-250.3483	-252.8776	2.529297	0.1408773	0.02295741	0.1179199	0.02295741
2020	-215.6042	-219.6503	4.046087	0.1069924	0.04283323	0.06415919	0.04283323
2030	-236.6067	-238.769	2.162329	0.1961858	0.1233553	0.07283051	0.1233553
2040	-197.039	-202.3769	5.337873	0.05390513	0.031763	0.02214212	0.031763
2050	-204.9458	-209.4687	4.522924	0.09204786	0.06768426	0.0243636	0.06768426
2060	-283.7863	-284.7511	0.9648129	0.1892451	0.03647263	0.1527725	0.03647263
2070	-209.5087	-212.7622	3.253486	0.1099059	0.09658068	0.01332527	0.09658068
2080	-233.1288	-235.4105	2.281667	0.2128886	0.1542455	0.05864311	0.1542455
2090	-202.03	-206.8114	4.781492	0.07767925	0.05473093	0.02294832	0.05473093
2100	-218.0291	-221.8207	3.791642	0.1178806	0.05425457	0.06362598	0.05425457
2110	-193.8734	-199.6415	5.768059	0.03355488	0.01295715	0.02059773	0.01295715
2120	-224.1749	-227.4195	3.244548	0.1409485	0.07423666	0.06671185	0.07423666
2130	-234.6506	-236.8869	2.236279	0.2021569	0.1358712	0.06628566	0.1358712
2140	-217.7244	-221.4225	3.698063	0.1280579	0.07204609	0.05601182	0.07204609
2150	-195.639	-201.2733	5.63433	0.0513569	0.02315434	0.02820256	0.02315434
2160	-204.9256	-209.6802	4.754668	0.08879873	0.05070297	0.03809576	0.05070297
2170	-193.5493	-199.4015	5.852175	0.04414191	0.01124588	0.03289603	0.01124588
2180	-198.6201	-203.5682	4.948149	0.05746797	0.03945845	0.01800952	0.03945845
2190	-218.5822	-222.548	3.965758	0.089091	0.005426289	0.08366471	0.005426289
2200	-205.8083	-210.5694	4.761091	0.08649263	0.03915716	0.04733547	0.03915716
2210	-208.364	-212.5966	4.232638	0.1092812	0.08316581	0.02611544	0.08316581
2220	-221.3724	-224.5918	3.219319	0.1711899	0.1300497	0.04114015	0.1300497
2230	-215.6522	-219.3808	3.728588	0.1403236	0.1015469	0.03877669	0.1015469
2240	-212.2613	-214.1711	1.90983	0.1170291	0.1083312	0.008697895	0.1083312
2250	-200.3517	-205.3627	5.01099	0.07044978	0.04609094	0.02435884	0.04609094
2260	-193.3211	-199.2008	5.879696	0.03942785	0.01297015	0.0264577	0.01297015
2270	-197.8862	-202.9216	5.035381	0.05340614	0.03559946	0.01780668	0.03559946
2280	-204.6773	-209.588	4.910647	0.07998942	0.02963457	0.05035485	0.02963457
2290	-193.8198	-199.6543	5.834503	0.04271157	0.01536401	0.02734756	0.01536401
2300	-225.5197	-228.3901	2.870413	0.190941	0.1455106	0.04543039	0.1455106
2310	-203.669	-208.5854	4.916356	0.08182012	0.04020008	0.04162004	0.04020008
2320	-211.9603	-216.3372	4.376869	0.09518432	0.03282918	0.06235514	0.03282918
2330	-204.6626	-209.2485	4.585863	0.09079398	0.06525835	0.02553563	0.06525835
2340	-194.8714	-200.441	5.569624	0.03800573	0.01887222	0.01913352	0.01887222
2350	-192.6646	-197.9701	5.305475	0.03846152	0.002970404	0.03549112	0.002970404
2360	-228.4564	-231.5259	3.069448	0.1399236	0.06251654	0.07740707	0.06251654
2370	-200.3323	-205.6368	5.304531	0.06464267	0.01397021	0.05067246	0.01397021
2380	-221.1382	-224.6578	3.519676	0.1287115	0.06321114	0.06550032	0.06321114
2390	-198.6231	-203.8939	5.270807	0.06371617	0.0365912	0.02712497	0.0365912
2400	-195.0346	-200.2822	5.247602	0.04796752	0.003755411	0.04421211	0.003755411
2410	-216.0414	-219.8865	3.845098	0.1218642	0.06704145	0.05482278	0.06704145
2420	-195.9737	-201.5245	5.550879	0.05130695	0.02597863	0.02532832	0.02597863
2430	-205.3033	-210.2573	4.954027	0.07448273	0.01476371	0.05971903	0.01476371
2440	-196.5899	-202.1902	5.600292	0.05561528	0.01383051	0.04178478	0.01383051
2450	-261.7657	-261.2296	-0.5360772	0.6526335	0.612648	0.03998551	0.612648
2460	-203.7216	-208.5896	4.868005	0.08411514	0.0468187	0.03729644	0.0468187
2470	-197.4273	-202.9616	5.534306	0.0588423	0.01796615	0.04087615	0.01796615
2480	-202.1895	-206.876	4.68649	0.06304344	0.003647602	0.05939584	0.003647602
2490	-192.7606	-198.5183	5.757725	0.04061336	0.006153561	0.0344598	0.006153561
2500	-196.8742	-202.4287	5.554508	0.05760393	0.02335685	0.03424708	0.02335685
2510	-224.3823	-227.3238	2.941562	0.1916716	0.150873	0.04079862	0.150873
2520	-193.1437	-199.0049	5.861247	0.04229198	0.009458463	0.03283352	0.009458463
2530	-196.9832	-202.4813	5.498136	0.05748765	0.02777059	0.02971706	0.02777059
2540	-232.7825	-236.1116	3.329071	0.1078681	0.00623244	0.1016357	0.00623244
2550	-211.6195	-215.9313	4.311765	0.1001739	0.04323096	0.05694298	0.04323096
2560	-199.4403	-204.4892	5.048844	0.06525457	0.04295845	0.02229611	0.04295845
2570	-193.6754	-199.2104	5.534998	0.04435125	0.004819094	0.03953216	0.004819094
2580	-200.3026	-205.5866	5.284086	0.06338058	0.01092292	0.05245765	0.01092292
2590	-226.3576	-228.4818	2.124176	0.2335061	0.2161201	0.01738595	0.2161201
2600	-229.0274	-231.9205	2.893096	0.1529838	0.08029822	0.07268562	0.08029822
2610	-320.7142	-320.3714	-0.3427126	0.2319498	0.04019865	0.1917512	0.04019865
2620	-210.9854	-215.3622	4.376845	0.09756067	0.04052141	0.05703926	0.04052141
2630	-215.0351	-218.8297	3.79466	0.1358728	0.09611554	0.03975723	0.09611554
2640	-193.4007	-199.2113	5.810602	0.0293191	0.008087205	0.02123189	0.008087205
2650	-216.4113	-220.0065	3.595266	0.1508137	0.1180785	0.03273516	0.1180785
2660	-205.7826	-210.3287	4.546121	0.09598782	0.0672287	0.02875912	0.0672287
2670	-193.9622	-199.643	5.680848	0.02578904	0.005936853	0.01985218	0.005936853
2680	-211.4415	-215.9328	4.491316	0.08975994	0.02438457	0.06537537	0.02438457
2690	-199.0594	-204.1256	5.06622	0.06298123	0.04142831	0.02155291	0.04142831
2700	-217.7619	-221.3214	3.559538	0.1481969	0.1061197	0.04207719	0.1061197
2710	-245.6303	-248.1222	2.491862	0.1456199	0.03745049	0.1081694	0.03745049
2720	-247.5451	-250.1702	2.625126	0.1385833	0.02440868	0.1141747	0.02440868
2730	-227.1075	-225.6025	-1.504952	0.208429	0.2033187	0.005110266	0.2033187
2740	-192.8182	-198.7025	5.884322	0.04005071	0.008948152	0.03110256	0.008948152
2750	-209.501	-213.6989	4.197837	0.1142358	0.08462474	0.02961107	0.08462474
2760	-212.9821	-216.9667	3.984545	0.125425	0.08602979	0.03939525	0.08602979
2770	-209.0483	-212.7351	3.68673	0.110704	0.09405669	0.01664731	0.09405669
2780	-196.6709	-201.6811	5.010235	0.03377359	0.02021537	0.01355822	0.02021537
2790	-238.1738	-239.1671	0.9932561	0.3564401	0.339564	0.01687608	0.339564
2800	-203.9722	-208.8335	4.861371	0.08429977	0.04513811	0.03916167	0.04513811
2810	-225.6499	-229.0863	3.436331	0.1225454	0.04265512	0.07989028	0.04265512
2820	-193.8505	-199.6294	5.778964	0.03580288	0.01423817	0.02156471	0.01423817
2830	-196.2077	-201.8457	5.637978	0.05479542	0.01575411	0.03904131	0.01575411
2840	-219.2326	-222.544	3.311347	0.1702413	0.1392148	0.0310265	0.1392148
2850	-245.4256	-247.2567	1.83114	0.1881908	0.09512317	0.09306763	0.09512317
2860	-193.4541	-199.3247	5.87066	0.04086688	0.01356417	0.02730271	0.01356417
2870	-193.5073	-198.9939	5.486614	0.0434776	0.004326136	0.03915147	0.004326136
2880	-214.2998	-218.3191	4.019276	0.1135607	0.05840206	0.05515868	0.05840206
2890	-206.8311	-211.5867	4.755658	0.07324649	0.007383977	0.06586251	0.007383977
2900	-238.1776	-240.4725	2.294878	0.1719779	0.087337	0.08464094	0.087337
2910	-244.7183	-245.7193	1.000952	0.4104322	0.3780674	0.03236478	0.3780674
2920	-221.4891	-224.8992	3.410013	0.1378242	0.07659452	0.06122967	0.07659452
2930	-195.3722	-200.8695	5.497288	0.04236381	0.022666	0.01969781	0.022666
2940	-214.3169	-217.9202	3.603334	0.1433538	0.1192969	0.0240569	0.1192969
2950	-198.9494	-204.3627	5.413322	0.06236973	0.01632787	0.04604186	0.01632787
2960	-194.7421	-200.4942	5.75206	0.04827763	0.01826421	0.03001342	0.01826421
2970	-196.6175	-201.6447	5.027205	0.03418239	0.02046394	0.01371845	0.02046394
2980	-199.6276	-204.8478	5.220182	0.06852184	0.03765657	0.03086527	0.03765657
2990	-218.8311	-222.5892	3.758023	0.08821756	0.00387842	0.08433914	0.00387842
3000	-194.2192	-199.8848	5.665662	0.02544711	0.006262814	0.0191843	0.006262814
3010	-208.3449	-212.9119	4.566995	0.09230116	0.04017964	0.05212152	0.04017964
3020	-193.1181	-199.0157	5.897586	0.04007721	0.0115472	0.02853001	0.0115472
3030	-196.9331	-201.8973	4.964266	0.04044148	0.02606711	0.01437437	0.02606711
3040	-210.7789	-215.1499	4.370949	0.09858119	0.04320688	0.0553743	0.04320688
3050	-195.831	-201.4719	5.640965	0.05308462	0.02208049	0.03100413	0.02208049
3060	-207.2929	-211.8237	4.530815	0.0984028	0.05917098	0.03923182	0.05917098
3070	-195.2729	-200.8322	5.559326	0.0443023	0.02289227	0.02141003	0.02289227
3080	-209.9365	-213.7774	3.840901	0.1174852	0.09747464	0.02001058	0.09747464
3090	-202.2367	-207.3404	5.103726	0.07406784	0.02821929	0.04584855	0.02821929
3100	-217.828	-221.3917	3.563766	0.1468146	0.1034194	0.04339523	0.1034194
3110	-215.398	-218.3664	2.968376	0.1489162	0.1333212	0.01559498	0.1333212
3120	-247.8027	-248.8755	1.072715	0.2890235	0.2182584	0.07076511	0.2182584
3130	-206.1828	-211.0242	4.841354	0.0805999	0.02438164	0.05621826	0.02438164
3140	-220.2729	-223.5167	3.243805	0.1750193	0.1420008	0.03301852	0.1420008
3150	-235.7613	-237.8007	2.039379	0.2320963	0.1733827	0.05871362	0.1733827
3160	-321.0505	-316.7896	-4.26084	0.8003845	0.6662379	0.1341467	0.6662379
3170	-195.0228	-200.7069	5.684032	0.04760664	0.02131898	0.02628766	0.02131898
3180	-201.1373	-204.7561	3.618813	0.02337367	0.0154603	0.007913376	0.0154603
3190	-255.5393	-257.3485	1.809146	0.1692952	0.05289916	0.1163961	0.05289916
3200	-197.962	-202.6092	4.647111	0.04405574	0.03094817	0.01310757	0.03094817
3210	-198.7589	-204.1527	5.393783	0.06417283	0.02529267	0.03888016	0.02529267
3220	-198.9428	-203.8848	4.941961	0.01958633	0.007441783	0.01214454	0.007441783
3230	-194.2527	-199.9452	5.6925	0.02633043	0.007460969	0.01886947	0.007460969
3240	-239.0168	-242.0409	3.024086	0.127525	0.0234896	0.1040354	0.0234896
3250	-253.9026	-254.9644	1.061766	0.234031	0.1384172	0.09561378	0.1384172
3260	-197.8599	-202.2122	4.352248	0.01831666	0.001544711	0.01677194	0.001544711
3270	-193.823	-199.6664	5.843446	0.04478056	0.01360953	0.03117103	0.01360953
3280	-197.5363	-202.9221	5.385788	0.05883975	0.03225573	0.02658403	0.03225573
3290	-224.9815	-227.9955	3.013992	0.1657637	0.1093988	0.05636496	0.1093988
3300	-220.3329	-223.7539	3.420925	0.144939	0.09130071	0.05363832	0.09130071
3310	-196.0442	-201.3874	5.34324	0.04418853	0.02576226	0.01842627	0.02576226
3320	-223.3719	-226.4298	3.057945	0.1790792	0.1349348	0.04414444	0.1349348
3330	-206.1936	-211.0325	4.838934	0.08072264	0.02460104	0.0561216	0.02460104
3340	-212.3571	-216.8487	4.49157	0.08318844	0.009890339	0.0732981	0.009890339
3350	-192.409	-198.2922	5.883204	0.03521979	0.00732428	0.02789551	0.00732428
3360	-212.2328	-216.5044	4.27164	0.1011355	0.04292108	0.05821445	0.04292108
3370	-196.1906	-201.8198	5.629225	0.05499077	0.02012758	0.03486319	0.02012758
3380	-213.0261	-217.0598	4.033699	0.1193674	0.07390147	0.04546594	0.07390147
3390	-204.5277	-208.9593	4.43159	0.08899546	0.06808141	0.02091405	0.06808141
3400	-202.9856	-207.1861	4.200545	0.07658657	0.06124745	0.01533911	0.06124745
3410	-202.9717	-208.0256	5.05392	0.06746863	0.008766317	0.05870231	0.008766317
3420	-224.3869	-227.4678	3.080904	0.1604068	0.1030665	0.05734028	0.1030665
3430	-216.8035	-220.4242	3.620638	0.1469433	0.1082724	0.03867096	0.1082724
3440	-200.0639	-205.391	5.3271	0.06477402	0.01589668	0.04887735	0.01589668
3450	-214.1093	-217.8019	3.692572	0.1412729	0.1148695	0.02640336	0.1148695
3460	-199.1961	-204.3538	5.157708	0.06548301	0.04052129	0.02496172	0.04052129
3470	-201.012	-206.165	5.152977	0.07297017	0.03499329	0.03797688	0.03499329
3480	-194.2494	-200.0377	5.78837	0.04483336	0.01734719	0.02748617	0.01734719
3490	-204.5055	-209.3034	4.797925	0.08697766	0.048779	0.03819867	0.048779
3500	-272.2288	-272.1165	-0.1122967	0.2903053	0.1762462	0.1140591	0.1762462
3510	-196.7515	-201.9923	5.240803	0.04847335	0.02987238	0.01860096	0.02987238
3520	-208.8083	-213.4634	4.655118	0.08575832	0.02524502	0.0605133	0.02524502
3530	-218.5703	-221.8665	3.296183	0.1691817	0.1420963	0.02708547	0.1420963
3540	-299.4599	-300.0851	0.6251832	0.1799932	0.004225518	0.1757677	0.004225518
3550	-202.7208	-207.469	4.748249	0.08133433	0.05715838	0.02417594	0.05715838
3560	-196.8858	-202.4033	5.517509	0.05519926	0.009321179	0.04587808	0.009321179
3570	-224.9976	-227.948	2.950408	0.1790674	0.1293153	0.0497521	0.1293153
3580	-211.8685	-216.3475	4.479028	0.08961954	0.02284106	0.06677848	0.02284106
3590	-228.8875	-231.6787	2.791205	0.1654292	0.09857559	0.06685362	0.09857559
3600	-194.6805	-200.4439	5.763404	0.04922902	0.01316303	0.03606599	0.01316303
3610	-212.2934	-216.4347	4.141313	0.1118404	0.06265606	0.04918436	0.06265606
3620	-214.1816	-217.1692	2.987608	0.1402476	0.1254967	0.0147509	0.1254967
3630	-221.9148	-225.1456	3.230729	0.1613119	0.1121228	0.04918909	0.1121228
3640	-195.4041	-201.0444	5.640267	0.04946371	0.02296193	0.02650178	0.02296193
3650	-247.9947	-248.7629	0.7681239	0.4291451	0.3898805	0.03926464	0.3898805
3660	-197.0222	-202.1822	5.159957	0.0195941	0.003731664	0.01586244	0.003731664
3670	-210.3531	-213.7299	3.376722	0.1167312	0.1018374	0.01489385	0.1018374
3680	-225.0823	-228.7882	3.705865	0.1097932	0.02406906	0.08572412	0.02406906
3690	-212.1947	-216.2918	4.097094	0.1172664	0.07357916	0.04368723	0.07357916
3700	-232.8201	-235.7021	2.882003	0.1420542	0.05630854	0.08574564	0.05630854
3710	-204.0792	-208.6277	4.548578	0.08738658	0.06485008	0.0225365	0.06485008
3720	-194.9268	-200.6406	5.713799	0.04810211	0.02024244	0.02785967	0.02024244
3730	-193.2863	-199.1725	5.886201	0.04042861	0.01259118	0.02783743	0.01259118
3740	-195.3491	-201.0612	5.712015	0.05180078	0.0159165	0.03588427	0.0159165
3750	-193.7536	-199.5481	5.794497	0.03537264	0.01366026	0.02171239	0.01366026
3760	-229.4192	-232.1815	2.762205	0.1655326	0.0974326	0.06809997	0.0974326
3770	-216.2022	-219.7427	3.54055	0.1530689	0.1248236	0.02824531	0.1248236
3780	-204.3456	-208.9447	4.599117	0.08919866	0.06434663	0.02485203	0.06434663
3790	-212.7104	-216.3682	3.657768	0.1339118	0.11228	0.02163176	0.11228
3800	-196.0633	-201.7124	5.649026	0.05448198	0.01764749	0.03683449	0.01764749
3810	-209.526	-213.7915	4.265474	0.1118389	0.07728471	0.03455417	0.07728471
3820	-233.7073	-235.856	2.148704	0.2431826	0.1939989	0.04918371	0.1939989
3830	-195.1271	-200.8532	5.726118	0.05061565	0.01790366	0.03271199	0.01790366
3840	-195.2411	-200.9552	5.714103	0.05104694	0.01846416	0.03258278	0.01846416
3850	-200.0379	-205.3663	5.328385	0.06429359	0.01472087	0.04957272	0.01472087
3860	-214.4364	-218.1813	3.744935	0.1409405	0.1105139	0.03042664	0.1105139
3870	-196.0022	-201.6537	5.651506	0.0539184	0.01409027	0.03982813	0.01409027
3880	-207.2809	-211.923	4.642117	0.09030284	0.04057767	0.04972517	0.04057767
3890	-221.6455	-225.5938	3.948301	0.1020975	0.01934423	0.0827533	0.01934423
3900	-195.3357	-200.9774	5.641715	0.04885833	0.02283779	0.02602054	0.02283779
3910	-241.2839	-244.2062	2.92225	0.130221	0.02333391	0.1068871	0.02333391
3920	-227.0599	-229.969	2.909092	0.1629685	0.09960603	0.06336243	0.09960603
3930	-195.7225	-201.3784	5.655906	0.05264315	0.01157253	0.04107062	0.01157253
3940	-193.9502	-198.6333	4.683091	0.02473284	0.001578317	0.02315452	0.001578317
3950	-206.7209	-211.3647	4.643728	0.09192031	0.04696721	0.0449531	0.04696721
3960	-195.8227	-201.4427	5.620033	0.05257357	0.009913393	0.04266018	0.009913393
3970	-200.0363	-205.1111	5.074866	0.06940258	0.04396592	0.02543667	0.04396592
3980	-198.2607	-203.5812	5.320428	0.05743892	0.006950711	0.05048821	0.006950711
3990	-193.6789	-199.5219	5.84291	0.04112411	0.01487938	0.02624473	0.01487938
4000	-193.9816	-199.7966	5.814948	0.04325846	0.01623105	0.02702741	0.01623105
4010	-231.2416	-234.6307	3.389081	0.1180243	0.02407611	0.0939482	0.02407611
4020	-220.3078	-223.3194	3.011589	0.1836888	0.1606403	0.02304848	0.1606403
4030	-199.3792	-203.1122	3.732979	0.05447606	0.001240512	0.05323555	0.001240512
4040	-192.358	-198.2024	5.844385	0.0368064	0.006615473	0.03019093	0.006615473
4050	-204.6241	-209.1074	4.483338	0.09000533	0.0676886	0.02231674	0.0676886
4060	-216.8979	-219.342	2.444073	0.1562089	0.1434524	0.01275648	0.1434524
4070	-245.706	-246.9102	1.204247	0.2890251	0.2228371	0.06618796	0.2228371
4080	-201.9249	-206.9151	4.99024	0.0780979	0.04619396	0.03190394	0.04619396
4090	-242.9052	-245.5911	2.685901	0.13918	0.03320152	0.1059785	0.03320152
4100	-224.3887	-227.3597	2.971068	0.1841447	0.1391193	0.0450254	0.1391193
4110	-231.6048	-233.5284	1.923603	0.2807624	0.2590089	0.02175345	0.2590089
4120	-225.3201	-228.8841	3.563966	0.1163167	0.03375867	0.08255808	0.03375867
4130	-200.9688	-205.8511	4.882302	0.07249906	0.04998696	0.0225121	0.04998696
4140	-205.4473	-210.2484	4.801081	0.0848595	0.03719921	0.04766028	0.03719921
4150	-234.7293	-236.3811	1.651827	0.3128617	0.290801	0.02206076	0.290801
4160	-199.4862	-204.7218	5.235609	0.06005344	0.007082792	0.05297065	0.007082792
4170	-205.4903	-210.2504	4.760042	0.08741011	0.04309919	0.04431092	0.04309919
4180	-197.4731	-202.1768	4.703744	0.03606602	0.02376584	0.01230018	0.02376584
4190	-200.0104	-204.9172	4.906817	0.05932208	0.004025477	0.0552966	0.004025477
4200	-220.3341	-223.6845	3.350381	0.1575698	0.111719	0.0458508	0.111719
4210	-220.6063	-223.7239	3.11764	0.1829367	0.1555054	0.02743133	0.1555054
4220	-195.0331	-200.5476	5.514556	0.03275217	0.01564927	0.01710291	0.01564927
4230	-193.1524	-198.5371	5.384664	0.0415073	0.003533997	0.03797331	0.003533997
4240	-192.7335	-198.6437	5.910202	0.03770284	0.009503258	0.02819958	0.009503258
4250	-199.9721	-205.0889	5.11679	0.0695293	0.04255883	0.02697047	0.04255883
4260	-218.9486	-222.2628	3.314231	0.1696707	0.1400401	0.02963061	0.1400401
4270	-197.6186	-203.1289	5.510335	0.05989485	0.0206079	0.03928695	0.0206079
4280	-207.0654	-211.5447	4.479283	0.1009787	0.06845265	0.03252606	0.06845265
4290	-296.5145	-296.8534	0.3388361	0.2106144	0.04570155	0.1649128	0.04570155
4300	-248.5385	-249.3143	0.7757931	0.3998253	0.3521192	0.04770601	0.3521192
4310	-218.5098	-221.9159	3.406092	0.1634768	0.1304067	0.03307009	0.1304067
4320	-234.0014	-235.8369	1.835527	0.301061	0.2759136	0.02514737	0.2759136
4330	-236.9823	-238.389	1.406667	0.3389748	0.3177028	0.02127197	0.3177028
4340	-204.8768	-209.4468	4.570033	0.09183916	0.06607947	0.02575969	0.06607947
4350	-224.5992	-226.4897	1.890475	0.2165868	0.2027722	0.01381464	0.2027722
4360	-236.9631	-238.6979	1.73484	0.3144942	0.2806418	0.03385236	0.2806418
4370	-220.2292	-223.5946	3.365455	0.1558933	0.1093618	0.04653151	0.1093618
4380	-216.3055	-220.5221	4.216643	0.09614907	0.02223146	0.07391761	0.02223146
4390	-217.3375	-221.0765	3.739008	0.1258249	0.06954545	0.05627948	0.06954545
4400	-197.6214	-202.8184	5.197008	0.01988547	0.005656054	0.01422942	0.005656054
4410	-192.4786	-198.3723	5.893714	0.03627163	0.007853467	0.02841816	0.007853467
4420	-201.619	-206.5244	4.905382	0.07657087	0.05099028	0.02558059	0.05099028
4430	-197.4996	-202.9969	5.497293	0.05717721	0.010808	0.04636921	0.010808
4440	-220.0747	-223.5509	3.476178	0.1392104	0.08292999	0.05628046	0.08292999
4450	-255.0568	-255.7359	0.6791529	0.2856759	0.1997861	0.08588979	0.1997861
4460	-203.9279	-208.7473	4.819411	0.06732533	0.005471188	0.06185414	0.005471188
4470	-197.5645	-202.7765	5.212048	0.05496402	0.0344381	0.02052592	0.0344381
4480	-221.8554	-225.1845	3.329097	0.1453401	0.08729774	0.05804234	0.08729774
4490	-198.8254	-203.0269	4.20151	0.03018803	0.02037358	0.009814453	0.02037358
4500	-199.3174	-204.3518	5.034493	0.06417787	0.04265002	0.02152786	0.04265002
4510	-207.0369	-210.6931	3.656138	0.09722624	0.08280519	0.01442104	0.08280519
4520	-221.0707	-224.3977	3.327014	0.1530626	0.1018743	0.05118833	0.1018743
4530	-224.4382	-227.5424	3.104209	0.1562583	0.09667362	0.0595847	0.09667362
4540	-198.0316	-203.517	5.485397	0.05971795	0.01494064	0.04477731	0.01494064
4550	-230.2473	-232.5761	2.328757	0.2527294	0.2203079	0.03242143	0.2203079
4560	-193.4	-199.2691	5.869137	0.03917512	0.01340257	0.02577254	0.01340257
4570	-235.5476	-237.6319	2.084286	0.2235509	0.1624996	0.06105136	0.1624996
4580	-217.5152	-221.2478	3.732608	0.1254962	0.06843396	0.05706226	0.06843396
4590	-192.5588	-198.4507	5.891871	0.03372202	0.007808643	0.02591338	0.007808643
4600	-239.2383	-240.6206	1.38232	0.3578311	0.331749	0.02608219	0.331749
4610	-198.909	-204.061	5.152005	0.05796707	0.005311064	0.05265601	0.005311064
4620	-193.8797	-199.3841	5.504371	0.04503166	0.004732004	0.04029965	0.004732004
4630	-228.0679	-230.746	2.678099	0.1965972	0.1455849	0.05101237	0.1455849
4640	-206.3835	-210.9575	4.574049	0.09682818	0.06206969	0.03475849	0.06206969
4650	-240.5781	-242.1517	1.573604	0.2800026	0.2236917	0.05631097	0.2236917
4660	-196.5381	-202.1463	5.608226	0.05613316	0.01803062	0.03810253	0.01803062
4670	-203.3517	-208.3514	4.999682	0.07771385	0.03112659	0.04658725	0.03112659
4680	-257.508	-259.5068	1.998755	0.1587659	0.03576764	0.1229982	0.03576764
4690	-194.3274	-200.0586	5.73128	0.0477125	0.009009025	0.03870348	0.009009025
4700	-214.3507	-218.1968	3.846097	0.1336877	0.09537516	0.03831257	0.09537516
4710	-222.2576	-225.2043	2.946685	0.1956251	0.1690216	0.0266035	0.1690216
4720	-206.9401	-211.0887	4.148647	0.0700905	0.002742431	0.06734807	0.002742431
4730	-197.1726	-202.7283	5.555686	0.0580714	0.01780763	0.04026376	0.01780763
4740	-202.5197	-207.5128	4.993097	0.07909601	0.04155894	0.03753707	0.04155894
4750	-200.0164	-205.3408	5.324385	0.06574296	0.01902587	0.04671708	0.01902587
4760	-194.6617	-200.2705	5.608793	0.03182515	0.01392432	0.01790084	0.01392432
4770	-202.0135	-207.0826	5.069076	0.06502398	0.007351453	0.05767252	0.007351453
4780	-226.2042	-229.2236	3.019491	0.1544871	0.08933999	0.0651471	0.08933999
4790	-205.8054	-210.3662	4.560805	0.09591121	0.06621694	0.02969426	0.06621694
4800	-205.4733	-210.1982	4.724882	0.0897012	0.04906853	0.04063267	0.04906853
4810	-194.7361	-200.3431	5.606958	0.02974007	0.01225785	0.01748222	0.01225785
4820	-192.8701	-198.663	5.792872	0.04123016	0.006896781	0.03433338	0.006896781
4830	-198.5636	-203.8485	5.284893	0.06357019	0.03605255	0.02751764	0.03605255
4840	-214.209	-218.5058	4.29679	0.08400746	0.006839971	0.07716749	0.006839971
4850	-255.6033	-255.6661	0.06281119	0.5364522	0.4957058	0.04074634	0.4957058
4860	-211.7331	-216.225	4.49189	0.0891487	0.02237466	0.06677404	0.02237466
4870	-193.4045	-199.2816	5.877163	0.04220697	0.01252538	0.02968159	0.01252538
4880	-212.3018	-216.1294	3.827555	0.1310677	0.1059292	0.02513855	0.1059292
4890	-205.0441	-208.7488	3.704664	0.08455748	0.07136055	0.01319693	0.07136055
4900	-208.233	-212.7906	4.557634	0.09330128	0.0427327	0.05056858	0.0427327
4910	-195.7878	-201.1587	5.370915	0.04184901	0.02382384	0.01802517	0.02382384
4920	-229.7351	-232.2588	2.523658	0.2086775	0.1578609	0.05081665	0.1578609
4930	-195.359	-200.864	5.504931	0.0229003	0.00567096	0.01722934	0.00567096
4940	-256.6401	-257.7531	1.113086	0.2165656	0.1118423	0.1047233	0.1118423
4950	-207.6979	-212.1401	4.442157	0.1030393	0.06852277	0.03451657	0.06852277
4960	-192.3524	-198.1515	5.799114	0.03184588	0.005559497	0.02628639	0.005559497
4970	-205.6138	-210.5117	4.897942	0.07245073	0.009581287	0.06286944	0.009581287
4980	-219.9898	-223.2624	3.272594	0.1728736	0.1396239	0.03324973	0.1396239
4990	-207.6906	-212.2936	4.603079	0.09177705	0.04189836	0.04987869	0.04189836
5000	-209.6562	-214.0142	4.358013	0.1040385	0.05870867	0.04532987	0.05870867
5010	-213.4087	-217.0599	3.65123	0.1380303	0.1149986	0.02303173	0.1149986
5020	-202.8482	-207.8748	5.02666	0.07718356	0.03286659	0.04431697	0.03286659
5030	-218.1429	-221.9643	3.821396	0.1152993	0.04966372	0.0656356	0.04966372
5040	-227.5379	-229.9083	2.370343	0.2411096	0.2175662	0.02354343	0.2175662
5050	-213.2036	-217.3633	4.159743	0.10617	0.04885843	0.0573116	0.04885843
5060	-199.0886	-204.4635	5.374929	0.06084135	0.01092854	0.04991281	0.01092854
5070	-259.3571	-259.0231	-0.3339596	0.625798	0.5891027	0.0366953	0.5891027
5080	-236.5056	-238.3802	1.874597	0.2754006	0.2290582	0.04634246	0.2290582
5090	-220.4413	-224.3896	3.948307	0.09238741	0.006560868	0.08582655	0.006560868
5100	-204.4165	-209.2386	4.822105	0.08583443	0.04610533	0.03972909	0.04610533
5110	-198.4226	-203.7973	5.374745	0.06365275	0.03084252	0.03281023	0.03084252
5120	-221.5917	-225.49	3.898287	0.1047633	0.02379121	0.08097213	0.02379121
5130	-194.6795	-200.2786	5.599138	0.03402223	0.01570323	0.018319	0.01570323
5140	-196.6118	-201.9739	5.362089	0.05089557	0.02974884	0.02114673	0.02974884
5150	-233.7069	-235.6046	1.897693	0.2961401	0.2697721	0.02636799	0.2697721
5160	-210.383	-214.6254	4.242382	0.07646447	0.004002588	0.07246188	0.004002588
5170	-199.3628	-204.4055	5.04271	0.06463006	0.04274893	0.02188114	0.04274893
5180	-199.0423	-203.2782	4.235955	0.04622583	0.03475519	0.01147064	0.03475519
5190	-212.3527	-216.2307	3.877968	0.13067	0.103435	0.02723501	0.103435
5200	-203.5343	-208.5361	5.00186	0.07718634	0.02874449	0.04844185	0.02874449
5210	-195.3011	-200.7774	5.476319	0.02956077	0.0134228	0.01613796	0.0134228
5220	-201.2434	-206.3056	5.062161	0.0630326	0.006266444	0.05676615	0.006266444
5230	-240.5981	-242.6501	2.052003	0.1858834	0.1012687	0.08461467	0.1012687
5240	-207.8592	-212.3407	4.481503	0.100482	0.06059762	0.03988439	0.06059762
5250	-198.1897	-203.5938	5.404113	0.06272832	0.02952349	0.03320484	0.02952349
5260	-195.6958	-201.0255	5.329736	0.03621494	0.02001268	0.01620226	0.02001268
5270	-193.1489	-199.0387	5.889841	0.0372974	0.01188093	0.02541647	0.01188093
5280	-193.4541	-197.3313	3.877187	0.03050383	0.0009095409	0.02959429	0.0009095409
5290	-266.1946	-268.2474	2.052747	0.1496898	0.01048147	0.1392084	0.01048147
5300	-203.7416	-208.7255	4.983896	0.07778	0.02910141	0.04867858	0.02910141
5310	-215.7185	-219.7387	4.020186	0.1084085	0.04493904	0.06346945	0.04493904
5320	-196.9718	-202.5419	5.570115	0.0567714	0.01425061	0.04252079	0.01425061
5330	-198.9212	-204.1726	5.251411	0.06519186	0.03729876	0.0278931	0.03729876
5340	-242.0881	-244.4144	2.326337	0.1590037	0.06216475	0.09683897	0.06216475
5350	-206.1414	-211.0309	4.889552	0.07434896	0.01155907	0.06278988	0.01155907
5360	-199.187	-204.3922	5.20519	0.06612441	0.03910135	0.02702306	0.03910135
5370	-219.8243	-223.7718	3.947432	0.1047087	0.02786219	0.07684648	0.02786219
5380	-245.2459	-246.3411	1.095268	0.3515161	0.3016506	0.04986553	0.3016506
5390	-249.644	-250.1606	0.5165614	0.4859516	0.4550959	0.0308557	0.4550959
5400	-210.8531	-215.0987	4.24561	0.1089701	0.06322486	0.04574522	0.06322486
5410	-193.1296	-198.9712	5.841612	0.03033764	0.008049128	0.02228851	0.008049128
5420	-211.5825	-216.1242	4.541698	0.08626621	0.0175032	0.06876301	0.0175032
5430	-206.056	-210.943	4.887	0.07786598	0.01907123	0.05879474	0.01907123
5440	-193.0267	-198.9208	5.894081	0.03551999	0.01079927	0.02472072	0.01079927
5450	-202.7271	-207.8259	5.098836	0.07321308	0.02310755	0.05010553	0.02310755
5460	-192.7295	-198.143	5.413434	0.03938402	0.003440704	0.03594332	0.003440704
5470	-238.145	-239.9142	1.769172	0.2699189	0.2170611	0.0528578	0.2170611
5480	-212.9956	-217.3774	4.381848	0.09291694	0.02555492	0.06736202	0.02555492
5490	-226.4585	-228.9999	2.541368	0.2296683	0.2039049	0.02576341	0.2039049
5500	-206.1188	-210.9155	4.796719	0.08345178	0.03082579	0.05262599	0.03082579
5510	-203.8128	-208.6679	4.855149	0.0846417	0.04769525	0.03694644	0.04769525
5520	-220.9411	-224.2568	3.315757	0.1567469	0.1082	0.04854693	0.1082
5530	-194.1634	-199.8026	5.63927	0.02506011	0.005561738	0.01949838	0.005561738
5540	-205.6063	-209.8255	4.219257	0.09357968	0.07449383	0.01908585	0.07449383
5550	-196.5462	-202.0473	5.501075	0.05448267	0.0280207	0.02646197	0.0280207
5560	-223.5895	-226.8281	3.238598	0.1447749	0.08158915	0.06318572	0.08158915
5570	-199.9656	-205.2044	5.238818	0.06948156	0.03389765	0.03558391	0.03389765
5580	-262.3221	-262.0481	-0.2739791	0.4422116	0.3700811	0.07213049	0.3700811
5590	-250.0106	-251.0683	1.057749	0.263376	0.1820628	0.08131316	0.1820628
5600	-212.4535	-216.6897	4.236143	0.1029736	0.04555923	0.05741441	0.04555923
5610	-212.224	-216.6783	4.454286	0.09033393	0.02310473	0.0672292	0.02310473
5620	-209.8755	-214.3764	4.50083	0.09249238	0.03470773	0.05778465	0.03470773
5630	-207.2651	-211.4229	4.157747	0.1031495	0.08212406	0.02102548	0.08212406
5640	-195.5715	-200.9348	5.363267	0.035242	0.01897046	0.01627153	0.01897046
5650	-209.6985	-214.2712	4.572647	0.08864389	0.02785111	0.06079278	0.02785111
5660	-237.3304	-239.3109	1.980459	0.2217782	0.1558401	0.06593808	0.1558401
5670	-219.5131	-222.8562	3.343074	0.1669215	0.1312576	0.0356639	0.1312576
5680	-198.4299	-203.7671	5.337235	0.06347908	0.03364076	0.02983832	0.03364076
5690	-252.1939	-254.7609	2.567012	0.1377205	0.0156218	0.1220987	0.0156218
5700	-210.3543	-214.7102	4.355872	0.1012168	0.04994178	0.05127497	0.04994178
5710	-193.5107	-199.3798	5.869067	0.0421967	0.01340225	0.02879445	0.01340225
5720	-199.9185	-205.032	5.113486	0.06919218	0.04265647	0.02653571	0.04265647
5730	-227.8959	-230.4931	2.597235	0.2233774	0.1857483	0.03762907	0.1857483
5740	-225.2034	-228.5613	3.357915	0.1282505	0.05241187	0.07583859	0.05241187
5750	-197.6464	-203.133	5.486598	0.0604903	0.02450573	0.03598457	0.02450573
5760	-205.3614	-210.1305	4.769069	0.08714956	0.04321616	0.0439334	0.04321616
5770	-196.6625	-201.9178	5.255293	0.04802531	0.02939866	0.01862666	0.02939866
5780	-206.6188	-211.1398	4.520966	0.0989377	0.06657918	0.03235852	0.06657918
5790	-196.9859	-202.5585	5.572569	0.05727119	0.01644078	0.04083041	0.01644078
5800	-195.175	-200.9012	5.726231	0.05114	0.01490425	0.03623575	0.01490425
5810	-193.7845	-199.5875	5.803024	0.03799972	0.01495109	0.02304863	0.01495109
5820	-325.1159	-316.315	-8.800863	4.789837	4.776745	0.01309167	4.776745
5830	-201.6526	-206.6848	5.032167	0.07679014	0.04384316	0.03294698	0.04384316
5840	-211.8077	-215.6387	3.831055	0.1284741	0.1046764	0.02379768	0.1046764
5850	-200.7126	-205.8718	5.159279	0.07245901	0.03697942	0.03547959	0.03697942
5860	-193.3918	-199.2705	5.8787	0.0417322	0.01276489	0.02896731	0.01276489
5870	-198.2172	-203.5561	5.3389	0.06231414	0.03393791	0.02837623	0.03393791
5880	-261.0415	-261.7692	0.7277036	0.2396627	0.1332136	0.1064491	0.1332136
5890	-241.9512	-243.2836	1.332381	0.3517615	0.3119485	0.03981299	0.3119485
5900	-207.0442	-211.7668	4.722581	0.08574029	0.03183269	0.05390761	0.03183269
5910	-206.8119	-211.4325	4.620595	0.09331818	0.04974145	0.04357673	0.04974145
5920	-304.5128	-300.1831	-4.329734	1.309873	1.22837	0.08150345	1.22837
5930	-209.3924	-213.7247	4.332328	0.107454	0.06755536	0.03989862	0.06755536
5940	-196.7193	-202.2414	5.522132	0.05627186	0.02703442	0.02923744	0.02703442
5950	-197.5928	-202.2654	4.672571	0.03264513	0.0208975	0.01174763	0.0208975
5960	-203.1623	-208.1613	4.998994	0.07813617	0.03342035	0.04471582	0.03342035
5970	-245.5381	-248.4132	2.875103	0.1276059	0.01237416	0.1152318	0.01237416
5980	-212.7789	-215.7296	2.950648	0.1299146	0.1164479	0.01346669	0.1164479
5990	-247.781	-249.3232	1.542233	0.2078643	0.1163439	0.09152034	0.1163439
6000	-220.4558	-224.3531	3.897252	0.1063321	0.02900649	0.07732564	0.02900649
6010	-204.8043	-209.4014	4.597101	0.09150861	0.06496685	0.02654176	0.06496685
6020	-220.466	-224.5224	4.056372	0.09541097	0.0111506	0.08426037	0.0111506
6030	-243.2626	-245.4059	2.143325	0.1689561	0.07351947	0.09543667	0.07351947
6040	-199.6042	-204.9592	5.354926	0.06492069	0.01949414	0.04542656	0.01949414
6050	-200.7783	-206.0354	5.257102	0.06461737	0.01159786	0.05301951	0.01159786
6060	-198.8344	-204.0788	5.244354	0.06459093	0.03759542	0.02699552	0.03759542
6070	-197.6494	-203.1663	5.516952	0.05882858	0.01526325	0.04356534	0.01526325
6080	-214.7877	-218.4979	3.71018	0.1430877	0.1127834	0.0303043	0.1127834
6090	-196.064	-201.5674	5.5034	0.05047358	0.02688936	0.02358422	0.02688936
6100	-209.4683	-214.1441	4.675775	0.08264922	0.01703921	0.06561001	0.01703921
6110	-206.8486	-211.4257	4.577106	0.09627931	0.05678801	0.0394913	0.05678801
6120	-228.8398	-231.7566	2.916779	0.1515134	0.07859926	0.07291412	0.07859926
6130	-218.6417	-221.2701	2.62843	0.1711378	0.1558633	0.01527455	0.1558633
6140	-199.1289	-204.3959	5.266965	0.06642786	0.036104	0.03032386	0.036104
6150	-201.6315	-206.3374	4.705843	0.07428807	0.05414154	0.02014653	0.05414154
6160	-229.3742	-232.9393	3.565169	0.1115397	0.01792201	0.09361765	0.01792201
6170	-193.1746	-198.9371	5.762515	0.02801934	0.005953377	0.02206597	0.005953377
6180	-197.0237	-202.328	5.304347	0.05285827	0.03178014	0.02107812	0.03178014
6190	-192.2149	-197.7046	5.489676	0.03521768	0.003437153	0.03178053	0.003437153
6200	-202.226	-205.6448	3.41883	0.0614312	0.05151709	0.009914113	0.05151709
6210	-219.4764	-222.866	3.38965	0.1602024	0.1195764	0.04062594	0.1195764
6220	-198.7066	-204.0783	5.371744	0.06458445	0.02900374	0.0355807	0.02900374
6230	-198.7599	-203.8192	5.059265	0.06073314	0.04023153	0.02050161	0.04023153
6240	-214.5536	-218.2123	3.658762	0.1438102	0.1171024	0.0267078	0.1171024
6250	-211.1463	-215.2906	4.144262	0.117544	0.07973095	0.03781301	0.07973095
6260	-312.4052	-308.6304	-3.774769	0.7589199	0.6344231	0.1244968	0.6344231
6270	-226.6868	-228.9882	2.301351	0.2357881	0.215415	0.02037311	0.215415
6280	-245.3948	-247.8642	2.469364	0.1206046	0.003559571	0.117045	0.003559571
6290	-234.6402	-236.4962	1.856037	0.3026194	0.2744429	0.02817644	0.2744429
6300	-207.1485	-211.8117	4.663234	0.08925433	0.03890671	0.05034762	0.03890671
6310	-232.6105	-235.3137	2.703174	0.1559881	0.07664085	0.07934728	0.07664085
6320	-194.5415	-200.2079	5.666349	0.03982036	0.0186106	0.02120976	0.0186106
6330	-194.9873	-200.6879	5.700582	0.04805987	0.02076816	0.02729171	0.02076816
6340	-204.4541	-209.3478	4.89374	0.08153458	0.03450334	0.04703123	0.03450334
6350	-223.504	-226.6791	3.175065	0.1537794	0.0955485	0.05823091	0.0955485
6360	-199.0147	-203.0546	4.039944	0.0327529	0.02321268	0.009540221	0.02321268
6370	-237.4565	-239.7369	2.280376	0.1763938	0.0948053	0.08158847	0.0948053
6380	-225.1869	-228.1084	2.921537	0.1831777	0.1348993	0.04827846	0.1348993
6390	-249.426	-250.2506	0.8246118	0.3377355	0.2743531	0.06338238	0.2743531
6400	-197.217	-202.4359	5.218907	0.05221156	0.03262846	0.0195831	0.03262846
6410	-217.7498	-220.993	3.243164	0.1658166	0.1428683	0.02294835	0.1428683
6420	-201.1491	-205.3923	4.243128	0.06449191	0.05072342	0.01376849	0.05072342
6430	-206.9575	-210.7823	3.824859	0.09836118	0.08249397	0.01586721	0.08249397
6440	-242.5968	-244.2885	1.691697	0.2203614	0.1424959	0.07786551	0.1424959
6450	-198.6794	-204.093	5.41361	0.0634453	0.02291014	0.04053517	0.02291014
6460	-211.5544	-215.7753	4.220877	0.1078202	0.05795627	0.04986396	0.05795627
6470	-197.2676	-202.7916	5.524036	0.05907453	0.02335587	0.03571867	0.02335587
6480	-198.1022	-202.9793	4.877124	0.05482639	0.003203635	0.05162275	0.003203635
6490	-196.3115	-201.8714	5.559978	0.05434018	0.02581237	0.02852781	0.02581237
6500	-196.1612	-201.8031	5.641931	0.05464413	0.01573546	0.03890867	0.01573546
6510	-195.5703	-201.2159	5.645578	0.05118202	0.02270013	0.02848189	0.02270013
6520	-223.618	-227.4899	3.871849	0.1030769	0.01658518	0.08649168	0.01658518
6530	-208.0451	-212.2514	4.206238	0.1077447	0.08359415	0.02415055	0.08359415
6540	-204.2586	-207.8003	3.541687	0.01639918	0.008812578	0.007586607	0.008812578
6550	-204.8822	-209.6291	4.746855	0.08919072	0.05228585	0.03690488	0.05228585
6560	-202.2908	-207.4521	5.161308	0.06959773	0.01637976	0.05321796	0.01637976
6570	-196.5955	-202.1672	5.571641	0.0564209	0.02376519	0.03265572	0.02376519
6580	-219.5244	-223.5804	4.056005	0.09959041	0.02012022	0.0794702	0.02012022
6590	-232.5657	-234.0118	1.446104	0.2930593	0.276852	0.01620736	0.276852
6600	-212.9622	-216.9631	4.000857	0.1237076	0.08266237	0.0410452	0.08266237
6610	-208.0237	-212.6781	4.654383	0.08754602	0.03169156	0.05585446	0.03169156
6620	-211.9373	-216.2095	4.272225	0.1020103	0.04555325	0.05645704	0.04555325
6630	-221.5466	-225.5152	3.968586	0.09527946	0.008677136	0.08660232	0.008677136
6640	-217.6216	-221.2486	3.627039	0.1383749	0.08972365	0.04865124	0.08972365
6650	-198.1628	-203.0245	4.8617	0.05180787	0.0359674	0.01584047	0.0359674
6660	-199.2054	-203.7499	4.544502	0.05627047	0.002423053	0.05384742	0.002423053
6670	-239.5691	-241.0937	1.524678	0.3351367	0.2985412	0.03659547	0.2985412
6680	-204.8627	-208.5194	3.656696	0.08282753	0.07007781	0.01274972	0.07007781
6690	-192.7376	-198.5361	5.798485	0.04042825	0.006726563	0.03370169	0.006726563
6700	-235.713	-237.9172	2.204213	0.1972012	0.1267147	0.07048657	0.1267147
6710	-238.6524	-240.1161	1.463756	0.3487853	0.3216609	0.02712436	0.3216609
6720	-225.3323	-228.3178	2.98547	0.1670273	0.1102763	0.05675106	0.1102763
6730	-196.8141	-202.0425	5.228385	0.04871796	0.0301828	0.01853516	0.0301828
6740	-243.1909	-245.3494	2.158447	0.1680317	0.07240474	0.09562696	0.07240474
6750	-203.9704	-208.9866	5.016169	0.07518533	0.02176435	0.05342098	0.02176435
6760	-299.3116	-294.2941	-5.01745	2.282352	2.262606	0.01974688	2.262606
6770	-215.4705	-219.4545	3.984029	0.1118038	0.05153846	0.06026531	0.05153846
6780	-198.467	-203.8156	5.34865	0.05830336	0.007909183	0.05039418	0.007909183
6790	-193.014	-198.8214	5.807406	0.04199509	0.00749356	0.03450153	0.00749356
6800	-193.1516	-198.9838	5.832245	0.0426155	0.008491737	0.03412377	0.008491737
6810	-207.6057	-212.4084	4.802681	0.07849122	0.01490993	0.06358129	0.01490993
6820	-202.4634	-207.6137	5.150314	0.06932779	0.01493135	0.05439644	0.01493135
6830	-192.7136	-198.3137	5.600079	0.02831066	0.003927998	0.02438266	0.003927998
6840	-221.7972	-224.9221	3.124894	0.183146	0.1483738	0.03477213	0.1483738
6850	-198.6914	-204.1138	5.4224	0.06298462	0.02082452	0.0421601	0.02082452
6860	-209.7031	-213.8436	4.140516	0.115965	0.08827821	0.02768675	0.08827821
6870	-200.223	-205.4709	5.247885	0.06949244	0.030081	0.03941144	0.030081
6880	-267.7973	-269.6863	1.889022	0.1583653	0.01954085	0.1388244	0.01954085
6890	-217.9432	-221.8373	3.894108	0.1109681	0.04301812	0.06794999	0.04301812
6900	-200.6737	-204.629	3.955277	0.02252633	0.01388466	0.008641666	0.01388466
6910	-194.8817	-200.446	5.564352	0.03768521	0.0187202	0.01896501	0.0187202
6920	-221.2936	-224.4422	3.1486	0.1821117	0.1492452	0.03286652	0.1492452
6930	-196.8992	-202.4674	5.568195	0.05760852	0.02082174	0.03678677	0.02082174
6940	-214.8354	-219.1726	4.337212	0.09194251	0.01875049	0.07319202	0.01875049
6950	-201.7037	-206.7721	5.068418	0.07610641	0.03943188	0.03667453	0.03943188
6960	-193.8551	-199.663	5.807859	0.0402424	0.0158012	0.0244412	0.0158012
6970	-200.6666	-205.0323	4.365686	0.01969378	0.009998721	0.009695058	0.009998721
6980	-245.7648	-246.7572	0.9924149	0.3910949	0.3495785	0.04151634	0.3495785
6990	-206.8673	-211.5664	4.699061	0.08767063	0.03673229	0.05093834	0.03673229
7000	-193.3601	-199.11	5.7499	0.02750404	0.006054916	0.02144912	0.006054916
7010	-206.8137	-211.4601	4.646358	0.09144135	0.04537165	0.0460697	0.04537165
7020	-198.2328	-203.7009	5.468085	0.06007229	0.01445154	0.04562075	0.01445154
7030	-225.5073	-229.2984	3.791099	0.101461	0.01016832	0.09129268	0.01016832
7040	-199.5717	-204.7394	5.167738	0.06785832	0.04055925	0.02729907	0.04055925
7050	-203.495	-208.4789	4.983896	0.07832443	0.03186554	0.04645889	0.03186554
7060	-212.1549	-216.2674	4.112519	0.1157649	0.07080336	0.0449615	0.07080336
7070	-219.7371	-223.1688	3.431704	0.1492474	0.100258	0.04898941	0.100258
7080	-202.1321	-207.2951	5.162996	0.07048381	0.01935937	0.05112443	0.01935937
7090	-212.6967	-216.9782	4.281519	0.09924857	0.03794938	0.06129919	0.03794938
7100	-198.007	-202.918	4.911004	0.05154452	0.03535897	0.01618554	0.03535897
7110	-204.0179	-209.0587	5.040781	0.07248983	0.01545176	0.05703807	0.01545176
7120	-207.1057	-211.9194	4.81365	0.07993335	0.01951366	0.0604197	0.01951366
7130	-220.4961	-223.4355	2.939375	0.18557	0.1638023	0.02176771	0.1638023
7140	-261.2266	-261.026	-0.2005862	0.4413342	0.3713027	0.07003144	0.3713027
7150	-200.5319	-205.6504	5.118562	0.07229776	0.04173188	0.03056589	0.04173188
7160	-199.4999	-204.5484	5.048515	0.06564363	0.04316041	0.02248323	0.04316041
7170	-231.116	-233.4437	2.327713	0.2433044	0.2026953	0.04060914	0.2026953
7180	-196.3139	-201.9428	5.628905	0.05512825	0.01573128	0.03939697	0.01573128
7190	-244.0464	-245.0026	0.9562504	0.4174765	0.3906708	0.02680574	0.3906708
7200	-221.6948	-225.6893	3.994438	0.09752238	0.01186777	0.08565461	0.01186777
7210	-211.0305	-215.6196	4.589158	0.08247844	0.01215176	0.07032668	0.01215176
7220	-194.8286	-200.4041	5.575542	0.03741807	0.01839842	0.01901965	0.01839842
7230	-213.0144	-215.9068	2.892444	0.1310994	0.1178673	0.01323215	0.1178673
7240	-219.0764	-222.609	3.532605	0.1394354	0.08645702	0.05297834	0.08645702
7250	-209.4382	-214.0836	4.645416	0.08493466	0.02152946	0.0634052	0.02152946
7260	-195.1673	-200.8696	5.70227	0.05087731	0.01137976	0.03949755	0.01137976
7270	-238.8265	-240.2766	1.450063	0.3506215	0.323402	0.02721944	0.323402
7280	-202.5457	-206.9779	4.432191	0.07659791	0.05919966	0.01739826	0.05919966
7290	-194.8084	-200.2221	5.413697	0.02280626	0.00384502	0.01896124	0.00384502
7300	-251.6392	-253.9181	2.278862	0.1505176	0.03408047	0.1164371	0.03408047
7310	-236.3147	-238.1252	1.810417	0.3040401	0.2686961	0.03534403	0.2686961
7320	-211.5152	-215.6955	4.180351	0.112106	0.06648236	0.04562359	0.06648236
7330	-195.7404	-201.1081	5.367671	0.04086149	0.02315242	0.01770907	0.02315242
7340	-209.1953	-213.4137	4.218343	0.1128391	0.08371986	0.02911922	0.08371986
7350	-221.9631	-225.9163	3.953217	0.1012224	0.01721926	0.08400316	0.01721926
7360	-221.309	-224.5763	3.267267	0.1618392	0.1150757	0.0467635	0.1150757
7370	-196.9951	-202.3818	5.386717	0.05486693	0.0311995	0.02366744	0.0311995
7380	-210.3821	-214.4985	4.116469	0.1187729	0.08898597	0.02978689	0.08898597
7390	-202.9117	-207.8284	4.916649	0.08181267	0.04763804	0.03417463	0.04763804
7400	-200.6433	-205.9197	5.276381	0.06714167	0.01895485	0.04818682	0.01895485
7410	-199.175	-204.3755	5.200512	0.05894854	0.006125141	0.0528234	0.006125141
7420	-192.8817	-198.424	5.54231	0.04076195	0.004248817	0.03651313	0.004248817
7430	-214.9707	-218.8275	3.856739	0.1278474	0.08148242	0.04636495	0.08148242
7440	-210.4499	-214.5692	4.119292	0.1188769	0.08854158	0.03033531	0.08854158
7450	-207.2581	-212.0492	4.791121	0.08106336	0.02127654	0.05978681	0.02127654
7460	-222.6047	-225.5457	2.941003	0.1972067	0.1695183	0.02768844	0.1695183
7470	-201.271	-205.894	4.622985	0.01589106	0.00420852	0.01168254	0.00420852
7480	-192.259	-198.0839	5.824915	0.03530275	0.006050623	0.02925212	0.006050623
7490	-196.2464	-201.7131	5.466723	0.05090099	0.02784858	0.0230524	0.02784858
7500	-198.4938	-203.9178	5.424018	0.06308364	0.02374252	0.03934112	0.02374252
7510	-193.9838	-199.6773	5.693562	0.02600338	0.006283725	0.01971965	0.006283725
7520	-194.7622	-200.4343	5.672064	0.04382413	0.02051817	0.02330596	0.02051817
7530	-205.5216	-210.1923	4.670686	0.0925047	0.05675157	0.03575312	0.05675157
7540	-216.1086	-220.2843	4.175749	0.09861941	0.02699995	0.07161947	0.02699995
7550	-199.0295	-203.8576	4.828059	0.05827905	0.0412737	0.01700536	0.0412737
7560	-198.8764	-204.1867	5.31035	0.06545731	0.03394253	0.03151478	0.03394253
7570	-211.1674	-215.5437	4.376249	0.09710056	0.03901724	0.05808332	0.03901724
7580	-211.9073	-216.4277	4.520444	0.08688729	0.01771126	0.06917603	0.01771126
7590	-205.1564	-209.5027	4.346263	0.09199672	0.07148633	0.02051039	0.07148633
7600	-195.1485	-200.7282	5.579706	0.04987072	0.007059771	0.04281095	0.007059771
7610	-199.5258	-203.7866	4.260759	0.05178067	0.03956948	0.01221119	0.03956948
7620	-215.1987	-219.5221	4.32348	0.08705535	0.009462102	0.07759325	0.009462102
7630	-231.4821	-233.7392	2.25707	0.256578	0.2205669	0.03601108	0.2205669
7640	-205.9536	-210.6191	4.66546	0.09243071	0.05297513	0.03945557	0.05297513
7650	-206.5607	-211.2823	4.721602	0.08703425	0.03672761	0.05030665	0.03672761
7660	-201.9203	-206.9576	5.037254	0.0772312	0.0413982	0.035833	0.0413982
7670	-210.5247	-215.0498	4.525108	0.07886906	0.007217375	0.07165169	0.007217375
7680	-201.8303	-206.8201	4.989802	0.07778216	0.04661942	0.03116274	0.04661942
7690	-225.2629	-226.9142	1.651254	0.2209893	0.2083111	0.01267826	0.2083111
7700	-192.6851	-198.1291	5.444071	0.03924485	0.003559122	0.03568572	0.003559122
7710	-195.8057	-200.0542	4.248504	0.02129366	0.001240863	0.0200528	0.001240863
7720	-194.1841	-199.9585	5.774359	0.04272121	0.0175549	0.02516631	0.0175549
7730	-221.647	-224.9305	3.28347	0.15442	0.1021471	0.05227289	0.1021471
7740	-198.6119	-203.7426	5.130711	0.06108061	0.03924677	0.02183385	0.03924677
7750	-195.7055	-201.3792	5.67368	0.05306804	0.01910065	0.03396739	0.01910065
7760	-211.317	-215.2692	3.952178	0.1251666	0.09890641	0.02626019	0.09890641
7770	-209.5253	-213.8162	4.290893	0.1102813	0.07336026	0.03692105	0.07336026
7780	-227.4854	-230.4367	2.951249	0.1547244	0.08649265	0.06823171	0.08649265
7790	-265.3871	-266.2126	0.8255216	0.2167912	0.09797128	0.1188199	0.09797128
7800	-204.9558	-209.0727	4.116822	0.08844181	0.07168589	0.01675591	0.07168589
7810	-209.1872	-213.5869	4.399723	0.1023612	0.05744891	0.04491226	0.05744891
7820	-199.5477	-204.4287	4.881078	0.05817898	0.003700619	0.05447837	0.003700619
7830	-196.0967	-201.7188	5.622111	0.05370475	0.0114435	0.04226125	0.0114435
7840	-195.7553	-201.065	5.309742	0.03571544	0.01978575	0.01592969	0.01978575
7850	-198.141	-203.6176	5.476586	0.06071322	0.01760204	0.04311118	0.01760204
7860	-197.4845	-202.5984	5.113973	0.02289696	0.009928853	0.01296811	0.009928853
7870	-225.604	-229.291	3.686997	0.09910558	0.00653171	0.09257386	0.00653171
7880	-221.8867	-225.3624	3.47568	0.129554	0.06256251	0.06699151	0.06256251
7890	-196.309	-201.8013	5.492244	0.05228355	0.02779166	0.02449189	0.02779166
7900	-228.9574	-232.5383	3.580882	0.1112733	0.01834239	0.09293092	0.01834239
7910	-197.2079	-202.6513	5.44332	0.05783841	0.030157	0.02768141	0.030157
7920	-254.513	-254.8586	0.3455951	0.3972015	0.3341555	0.06304597	0.3341555
7930	-227.5064	-230.2589	2.752558	0.1869266	0.1332376	0.05368897	0.1332376
7940	-200.6821	-205.9235	5.241401	0.06938623	0.02538453	0.04400169	0.02538453
7950	-203.803	-208.8248	5.021755	0.07529432	0.02279547	0.05249885	0.02279547
7960	-198.6796	-204.0482	5.368544	0.06455397	0.02962518	0.03492879	0.02962518
7970	-196.8201	-202.4049	5.584812	0.05702326	0.01793342	0.03908984	0.01793342
7980	-213.3063	-217.3414	4.035129	0.117374	0.06897686	0.04839714	0.06897686
7990	-213.9141	-217.8373	3.923184	0.127012	0.08451739	0.0424946	0.08451739
8000	-197.6984	-203.1409	5.442469	0.0607184	0.02894479	0.03177361	0.02894479
8010	-194.6009	-200.3277	5.726771	0.04877595	0.009836574	0.03893937	0.009836574
8020	-227.9511	-231.5649	3.61377	0.1108835	0.01976849	0.09111502	0.01976849
8030	-209.5205	-213.9657	4.445196	0.09728536	0.04549921	0.05178615	0.04549921
8040	-204.0177	-208.0616	4.043915	0.0815405	0.0665799	0.01496061	0.0665799
8050	-197.0866	-202.6118	5.525206	0.05840308	0.0249868	0.03341628	0.0249868
8060	-234.2065	-236.2322	2.025633	0.2771922	0.2393403	0.03785195	0.2393403
8070	-202.049	-206.996	4.946987	0.07882517	0.04896743	0.02985774	0.04896743
8080	-224.3682	-227.062	2.693884	0.213674	0.1891448	0.02452923	0.1891448
8090	-192.1554	-197.6984	5.542913	0.03412115	0.003617202	0.03050395	0.003617202
8100	-203.5915	-208.2951	4.703615	0.08572538	0.05990056	0.02582482	0.05990056
8110	-221.7927	-224.6299	2.83717	0.1951021	0.1729668	0.02213522	0.1729668
8120	-194.0988	-199.8348	5.73601	0.03677378	0.01562616	0.02114761	0.01562616
8130	-199.3524	-204.6249	5.272462	0.06738118	0.03473337	0.0326478	0.03473337
8140	-238.1901	-239.641	1.450907	0.3472515	0.3221134	0.02513815	0.3221134
8150	-196.4218	-202.0312	5.609479	0.0558751	0.02032835	0.03554675	0.02032835
8160	-193.002	-198.8812	5.879171	0.0412178	0.009557413	0.03166039	0.009557413
8170	-199.2284	-203.494	4.265627	0.02583035	0.01615222	0.00967813	0.01615222
8180	-234.5034	-236.2186	1.715177	0.3092435	0.2861914	0.0230521	0.2861914
8190	-193.9398	-199.7386	5.798736	0.04086549	0.01627952	0.02458597	0.01627952
8200	-193.9023	-198.7603	4.858037	0.04260506	0.002135515	0.04046955	0.002135515
8210	-206.7408	-211.5869	4.846048	0.07506029	0.01100201	0.06405828	0.01100201
8220	-215.0197	-218.9206	3.900912	0.12187	0.07059916	0.05127085	0.07059916
8230	-206.4549	-210.0547	3.599818	0.09281804	0.07928649	0.01353155	0.07928649
8240	-194.1575	-199.9591	5.801599	0.04709462	0.01193909	0.03515553	0.01193909
8250	-222.2466	-225.6976	3.450953	0.130276	0.06275833	0.06751767	0.06275833
8260	-238.0643	-240.0442	1.979916	0.2132245	0.1428474	0.07037714	0.1428474
8270	-321.937	-321.8888	-0.04822913	0.2206327	0.02496972	0.195663	0.02496972
8280	-200.4539	-205.3636	4.909737	0.069647	0.04793382	0.02171318	0.04793382
8290	-202.8296	-207.8813	5.051678	0.07581735	0.02926319	0.04655417	0.02926319
8300	-201.4829	-205.8188	4.335859	0.01797322	0.008350127	0.00962309	0.008350127
8310	-215.1284	-218.645	3.516633	0.1484772	0.1247304	0.02374682	0.1247304
8320	-194.4044	-200.1893	5.784909	0.04811234	0.01263072	0.03548162	0.01263072
8330	-224.0325	-226.6652	2.632663	0.2126067	0.1904642	0.02214255	0.1904642
8340	-202.1209	-206.7699	4.64904	0.06275711	0.003448649	0.05930846	0.003448649
8350	-218.6197	-222.326	3.706283	0.1227021	0.06050908	0.06219304	0.06050908
8360	-212.3382	-216.7639	4.425718	0.09171331	0.0252926	0.06642071	0.0252926
8370	-248.1745	-248.5975	0.4229554	0.4881588	0.4656294	0.02252933	0.4656294
8380	-223.6425	-226.6148	2.972238	0.1937942	0.1574716	0.03632264	0.1574716
8390	-210.1512	-214.7929	4.6417	0.08275857	0.01517789	0.06758069	0.01517789
8400	-196.3086	-201.933	5.624423	0.05481458	0.01389734	0.04091724	0.01389734
8410	-203.182	-206.1053	2.923367	0.0627245	0.05409767	0.008626833	0.05409767
8420	-252.9653	-253.4082	0.4428554	0.4036683	0.3453965	0.05827174	0.3453965
8430	-195.2091	-200.6278	5.418647	0.0223002	0.004208312	0.01809189	0.004208312
8440	-197.6436	-202.4921	4.848501	0.01851582	0.002527996	0.01598782	0.002527996
8450	-195.4851	-201.119	5.633933	0.0499686	0.02321649	0.02675211	0.02321649
8460	-202.5402	-207.465	4.924822	0.0807501	0.04895341	0.03179668	0.04895341
8470	-241.3203	-243.2587	1.938429	0.1949828	0.1119155	0.08306732	0.1119155
8480	-226.917	-229.701	2.784007	0.188856	0.1378274	0.05102854	0.1378274
8490	-295.5632	-296.5705	1.007297	0.1795559	0.008357799	0.1711981	0.008357799
8500	-211.2935	-215.8315	4.537978	0.08731754	0.02029011	0.06702744	0.02029011
8510	-198.5107	-203.9568	5.446061	0.06176983	0.01797963	0.0437902	0.01797963
8520	-227.3157	-230.5534	3.237631	0.131183	0.05205499	0.07912799	0.05205499
8530	-202.5533	-207.0894	4.536099	0.0779583	0.05901759	0.01894071	0.05901759
8540	-199.0687	-204.0524	4.983751	0.06151086	0.04181194	0.01969893	0.04181194
8550	-212.9134	-216.6619	3.748477	0.1348071	0.1103533	0.02445378	0.1103533
8560	-212.9354	-217.3391	4.403741	0.08269468	0.007655139	0.07503954	0.007655139
8570	-213.633	-217.579	3.946027	0.1260567	0.08400121	0.04205551	0.08400121
8580	-228.2298	-231.046	2.81624	0.1669341	0.1023767	0.06455733	0.1023767
8590	-193.5377	-199.4044	5.866696	0.04229098	0.01355254	0.02873844	0.01355254
8600	-205.6734	-210.5808	4.907352	0.07296742	0.01038914	0.06257828	0.01038914
8610	-198.1366	-203.4911	5.354506	0.05738917	0.007447061	0.04994211	0.007447061
8620	-197.6048	-202.3386	4.73374	0.04183456	0.02858868	0.01324587	0.02858868
8630	-193.5203	-199.3672	5.846962	0.04415436	0.01068875	0.03346561	0.01068875
8640	-230.4128	-231.9707	1.557926	0.2709418	0.2555405	0.01540124	0.2555405
8650	-220.9396	-224.3528	3.413199	0.1410473	0.08324964	0.05779771	0.08324964
8660	-230.7909	-234.3119	3.520936	0.1118052	0.01556125	0.09624394	0.01556125
8670	-195.7341	-201.3501	5.615997	0.05151029	0.0238776	0.02763269	0.0238776
8680	-208.0466	-212.4582	4.4116	0.1045282	0.06971276	0.03481541	0.06971276
8690	-193.0389	-198.7135	5.674628	0.02748412	0.004671503	0.02281262	0.004671503
8700	-210.1273	-214.319	4.191705	0.115657	0.08243739	0.03321965	0.08243739
8710	-217.5911	-221.1217	3.53062	0.1537549	0.1169921	0.03676287	0.1169921
8720	-216.2035	-220.0277	3.824116	0.1231932	0.06878271	0.05441051	0.06878271
8730	-259.6432	-261.9012	2.258049	0.1467221	0.01625711	0.130465	0.01625711
8740	-245.5525	-246.5868	1.034336	0.375341	0.3304965	0.04484454	0.3304965
8750	-266.334	-267.8503	1.516387	0.1743141	0.04262883	0.1316853	0.04262883
8760	-216.0914	-220.1602	4.068772	0.1044776	0.03712087	0.06735668	0.03712087
8770	-202.4559	-207.2893	4.833329	0.08051088	0.05424254	0.02626834	0.05424254
8780	-192.5261	-198.4276	5.90144	0.03600384	0.008192869	0.02781097	0.008192869
8790	-201.8016	-206.9933	5.191608	0.06708469	0.01267397	0.05441072	0.01267397
8800	-243.0425	-244.1243	1.081831	0.4006491	0.3725041	0.02814496	0.3725041
8810	-217.2313	-220.4571	3.22585	0.1626741	0.1412181	0.02145596	0.1412181
8820	-212.528	-216.7877	4.259644	0.1011056	0.04188445	0.0592212	0.04188445
8830	-231.1353	-233.5389	2.403634	0.2162166	0.1643347	0.05188191	0.1643347
8840	-194.0677	-199.874	5.806287	0.04376173	0.01660518	0.02715655	0.01660518
8850	-198.825	-204.2468	5.421743	0.06244257	0.01756916	0.04487341	0.01756916
8860	-212.3667	-216.8495	4.482727	0.08290821	0.009387967	0.07352025	0.009387967
8870	-213.8017	-218.0196	4.217918	0.1005672	0.03690884	0.06365834	0.03690884
8880	-206.4183	-211.0052	4.586947	0.0962549	0.06001213	0.03624277	0.06001213
8890	-192.2683	-198.0936	5.825221	0.03370307	0.005937404	0.02776567	0.005937404
8900	-200.6735	-205.8138	5.140334	0.07267588	0.03928794	0.03338794	0.03928794
8910	-226.4427	-229.226	2.78328	0.1980815	0.1530524	0.04502909	0.1530524
8920	-192.9393	-198.7535	5.814206	0.04157039	0.007460259	0.03411013	0.007460259
8930	-195.7013	-201.0846	5.383352	0.02888204	0.01362214	0.0152599	0.01362214
8940	-194.9628	-199.8494	4.886651	0.02221011	0.002006858	0.02020325	0.002006858
8950	-237.964	-239.6087	1.644711	0.3248416	0.290862	0.03397962	0.290862
8960	-217.5075	-220.8322	3.324688	0.1635394	0.1389429	0.02459643	0.1389429
8970	-207.0715	-211.6205	4.549057	0.09765605	0.05878995	0.03886611	0.05878995
8980	-220.0069	-223.2047	3.197769	0.1777393	0.1491346	0.02860467	0.1491346
8990	-200.0011	-205.3282	5.327041	0.06555533	0.01856807	0.04698727	0.01856807
9000	-197.9439	-202.5902	4.646366	0.04378085	0.0307167	0.01306414	0.0307167
9010	-195.7338	-201.3795	5.645654	0.05250798	0.0221915	0.03031648	0.0221915
9020	-193.6174	-199.4002	5.782827	0.02853147	0.008021226	0.02051024	0.008021226
9030	-202.5157	-207.5826	5.066933	0.07557795	0.03060135	0.04497659	0.03060135
9040	-237.9362	-239.4504	1.514202	0.3417118	0.3151903	0.02652152	0.3151903
9050	-235.7323	-238.4329	2.700589	0.1476325	0.05842484	0.08920764	0.05842484
9060	-203.613	-208.6513	5.038309	0.07472844	0.0223587	0.05236974	0.0223587
9070	-227.1418	-229.9009	2.759087	0.1914812	0.1409824	0.05049882	0.1409824
9080	-193.6429	-199.489	5.84617	0.04459909	0.01150619	0.0330929	0.01150619
9090	-233.2781	-236.1665	2.888386	0.1407315	0.05347195	0.08725957	0.05347195
9100	-257.6183	-257.5279	-0.09039758	0.5399019	0.4938765	0.04602548	0.4938765
9110	-211.7073	-216.2287	4.521335	0.08194037	0.009405441	0.07253493	0.009405441
9120	-215.522	-219.2144	3.692473	0.1444594	0.1105275	0.03393186	0.1105275
9130	-202.3899	-207.437	5.047077	0.07681164	0.03512472	0.04168692	0.03512472
9140	-217.6825	-221.6029	3.920473	0.1099281	0.04198695	0.06794112	0.04198695
9150	-197.4773	-202.4355	4.958212	0.04758173	0.03187278	0.01570895	0.03187278
9160	-195.6975	-201.367	5.669469	0.05292523	0.0199271	0.03299813	0.0199271
9170	-204.5284	-208.1177	3.589284	0.07984257	0.06772677	0.01211581	0.06772677
9180	-215.3598	-218.9293	3.569507	0.1490104	0.1228529	0.02615749	0.1228529
9190	-197.0698	-202.6169	5.547159	0.05829968	0.02216826	0.03613142	0.02216826
9200	-195.1882	-200.8988	5.710602	0.05045635	0.01947579	0.03098057	0.01947579
9210	-201.5882	-206.554	4.96579	0.07679147	0.04862666	0.02816482	0.04862666
9220	-197.9812	-202.528	4.546825	0.03096621	0.01990526	0.01106095	0.01990526
9230	-194.895	-200.568	5.672982	0.045578	0.02115638	0.02442162	0.02115638
9240	-193.5475	-199.3624	5.814811	0.03144998	0.01037999	0.02106999	0.01037999
9250	-226.5512	-229.7494	3.198226	0.1358959	0.06085688	0.07503898	0.06085688
9260	-198.6559	-204.0833	5.427382	0.06275583	0.02029198	0.04246386	0.02029198
9270	-256.4933	-258.7359	2.242672	0.149294	0.02461789	0.1246761	0.02461789
9280	-198.9637	-204.1388	5.175028	0.06429001	0.03969109	0.02459891	0.03969109
9290	-200.1329	-205.436	5.303116	0.06325276	0.01146365	0.05178911	0.01146365
9300	-210.7875	-214.6505	3.863056	0.1226896	0.100573	0.02211665	0.100573
9310	-221.1449	-225.0457	3.900765	0.1052283	0.02557939	0.07964895	0.02557939
9320	-192.6112	-198.3301	5.718908	0.03965222	0.005463458	0.03418876	0.005463458
9330	-246.6392	-248.324	1.684835	0.1977047	0.1053176	0.09238703	0.1053176
9340	-211.7145	-215.6873	3.972843	0.1263894	0.0975241	0.0288653	0.0975241
9350	-195.0444	-200.5633	5.518923	0.03720653	0.01892195	0.01828458	0.01892195
9360	-219.8142	-223.0675	3.253284	0.1744231	0.1437018	0.0307213	0.1437018
9370	-234.0768	-236.4974	2.420617	0.1785601	0.10496	0.07360016	0.10496
9380	-204.5925	-209.5939	5.001366	0.07269151	0.01363816	0.05905335	0.01363816
9390	-195.32	-200.7548	5.434793	0.03385405	0.01726082	0.01659323	0.01726082
9400	-213.8674	-217.7466	3.879137	0.1323594	0.09536662	0.03699275	0.09536662
9410	-196.0002	-201.6222	5.621944	0.05376152	0.02279922	0.0309623	0.02279922
9420	-192.9225	-197.3623	4.43976	0.03123408	0.001299906	0.02993418	0.001299906
9430	-195.917	-201.46	5.543019	0.05218565	0.007675125	0.04451053	0.007675125
9440	-212.297	-216.6691	4.372109	0.08088666	0.006270992	0.07461567	0.006270992
9450	-194.7227	-199.3377	4.615064	0.04470335	0.001838297	0.04286505	0.001838297
9460	-220.6637	-224.4363	3.772568	0.1125502	0.03861067	0.07393955	0.03861067
9470	-192.4154	-197.513	5.097615	0.03449507	0.002244724	0.03225035	0.002244724
9480	-215.4928	-219.3142	3.821404	0.1285096	0.08059903	0.04791058	0.08059903
9490	-208.989	-213.2787	4.289646	0.1104062	0.07805856	0.03234765	0.07805856
9500	-219.8301	-223.3137	3.48354	0.140122	0.08515311	0.05496886	0.08515311
9510	-216.1761	-220.1442	3.968036	0.1107094	0.0475416	0.06316776	0.0475416
9520	-203.4726	-208.0139	4.541311	0.08372839	0.06284474	0.02088364	0.06284474
9530	-285.8607	-287.2094	1.348743	0.170798	0.01020381	0.1605942	0.01020381
9540	-246.997	-247.9311	0.9341597	0.3710029	0.3210029	0.04999999	0.3210029
9550	-202.5289	-207.4612	4.932256	0.08062187	0.04836194	0.03225993	0.04836194
9560	-204.3842	-208.3447	3.960494	0.08300488	0.06841964	0.01458524	0.06841964
9570	-197.7963	-203.2956	5.499299	0.05872012	0.01350071	0.0452194	0.01350071
9580	-282.9896	-283.1248	0.1352289	0.2341425	0.09307972	0.1410628	0.09307972
9590	-195.5173	-201.2096	5.692348	0.0523339	0.01838128	0.03395262	0.01838128
9600	-213.2749	-217.3139	4.039014	0.1171295	0.06864798	0.04848155	0.06864798
9610	-197.6074	-202.4463	4.838897	0.04553798	0.03107041	0.01446757	0.03107041
9620	-237.1393	-239.0018	1.862542	0.2606734	0.2076579	0.05301554	0.2076579
9630	-196.6343	-201.6663	5.032014	0.03757693	0.02327234	0.01430459	0.02327234
9640	-272.727	-273.7974	1.070378	0.1907218	0.05416188	0.1365599	0.05416188
9650	-199.3745	-204.5476	5.173076	0.05926066	0.005952351	0.05330831	0.005952351
9660	-233.8866	-235.7019	1.8153	0.3012002	0.2769856	0.02421455	0.2769856
9670	-261.6847	-262.4838	0.7990662	0.2297337	0.1199174	0.1098163	0.1199174
9680	-202.8058	-207.9127	5.106916	0.07240207	0.02068841	0.05171366	0.02068841
9690	-196.7928	-202.3808	5.587978	0.0565057	0.01536902	0.04113668	0.01536902
9700	-259.4752	-259.6879	0.2127314	0.337304	0.2533492	0.08395481	0.2533492
9710	-210.485	-213.9517	3.466701	0.07420865	0.001751498	0.07245716	0.001751498
9720	-245.7394	-247.8118	2.072383	0.1684295	0.06833494	0.1000946	0.06833494
9730	-213.7497	-217.6139	3.864207	0.13393	0.09943791	0.03449211	0.09943791
9740	-225.1416	-228.0757	2.93405	0.1807529	0.1313905	0.04936239	0.1313905
9750	-201.6297	-206.8372	5.207515	0.06863103	0.01729551	0.05133553	0.01729551
9760	-195.6943	-201.2705	5.576183	0.04966665	0.0248728	0.02479384	0.0248728
9770	-242.9311	-243.9802	1.049144	0.403545	0.3771486	0.02639633	0.3771486
9780	-193.2888	-199.1587	5.869817	0.03638895	0.01228304	0.02410591	0.01228304
9790	-211.8359	-215.9755	4.139618	0.1146582	0.07007943	0.04457874	0.07007943
9800	-221.5643	-225.4434	3.879086	0.1057437	0.02544367	0.08030008	0.02544367
9810	-234.0473	-235.9058	1.858547	0.3001096	0.2740364	0.02607317	0.2740364
9820	-228.4626	-231.1772	2.714554	0.1818321	0.1231938	0.05863823	0.1231938
9830	-217.1848	-218.6433	1.458518	0.1499067	0.1411113	0.008795471	0.1411113
9840	-226.9409	-229.9654	3.024541	0.1496864	0.08042262	0.06926373	0.08042262
9850	-199.8085	-204.0144	4.205901	0.05333243	0.04119061	0.01214182	0.04119061
9860	-214.5687	-218.3399	3.771161	0.139676	0.1065666	0.03310942	0.1065666
9870	-235.3229	-237.2462	1.923273	0.2880233	0.2502502	0.03777303	0.2502502
9880	-225.2261	-228.1241	2.89806	0.1887458	0.1432038	0.04554198	0.1432038
9890	-205.5859	-210.3308	4.744898	0.08815912	0.04438735	0.04377178	0.04438735
9900	-250.0986	-251.2336	1.134937	0.2487559	0.1637299	0.08502598	0.1637299
9910	-201.5771	-206.5027	4.925588	0.07650807	0.05028905	0.02621901	0.05028905
9920	-194.3029	-200.0932	5.790391	0.04573328	0.01712452	0.02860876	0.01712452
9930	-195.7076	-201.1701	5.462518	0.02538555	0.009781137	0.01560441	0.009781137
9940	-199.6735	-204.9666	5.293078	0.06779334	0.02969017	0.03810317	0.02969017
9950	-197.8864	-202.4264	4.540039	0.0374391	0.02569921	0.0117399	0.02569921
9960	-193.0689	-198.9436	5.874724	0.0416622	0.00968429	0.03197791	0.00968429
9970	-197.165	-202.0982	4.933141	0.02862063	0.0161479	0.01247273	0.0161479
9980	-192.4044	-198.2859	5.881472	0.0356657	0.00731586	0.02834984	0.00731586
9990	-232.0737	-234.5044	2.430656	0.1942619	0.1313208	0.06294104	0.1313208
10000	-228.206	-230.4835	2.277502	0.2477496	0.2250141	0.02273551	0.2250141
