Iteration	Posterior	Likelihood	Prior	birth_rate	death_rate	diversification	turnover
0	-254.7998	-255.0568	0.2569728	0.4358477	0.3791343	0.05671337	0.3791343
10	-209.691	-213.8966	4.20559	0.114517	0.08331758	0.03119943	0.08331758
20	-352.7109	-350.1698	-2.541082	0.333446	0.1189434	0.2145025	0.1189434
30	-215.7307	-220.0485	4.317837	0.09007094	0.01324236	0.07682857	0.01324236
40	-193.1742	-199.0627	5.888432	0.04143379	0.01113647	0.03029732	0.01113647
50	-193.0125	-198.8373	5.824845	0.04192956	0.007887051	0.03404251	0.007887051
60	-193.2525	-198.3926	5.140146	0.04095589	0.002660664	0.03829523	0.002660664
70	-193.3566	-199.2119	5.855233	0.03512109	0.01203399	0.0230871	0.01203399
80	-215.0263	-218.7932	3.766845	0.1391121	0.1025249	0.03658723	0.1025249
90	-198.5666	-203.962	5.395359	0.06390582	0.02731157	0.03659424	0.02731157
100	-212.3234	-216.3761	4.052675	0.1214709	0.08142928	0.04004166	0.08142928
110	-226.3888	-229.2598	2.87099	0.1765018	0.1212558	0.05524608	0.1212558
120	-197.1878	-202.4336	5.245884	0.05268039	0.03255554	0.02012485	0.03255554
130	-207.0354	-211.7398	4.704401	0.0868885	0.03431381	0.05257469	0.03431381
140	-213.6154	-217.8129	4.197546	0.1022816	0.04053901	0.06174256	0.04053901
150	-243.8237	-246.2267	2.402987	0.151843	0.04920709	0.1026359	0.04920709
160	-195.8265	-201.4876	5.661175	0.05353275	0.0196264	0.03390636	0.0196264
170	-198.6388	-204.0691	5.430221	0.06060828	0.01310368	0.04750459	0.01310368
180	-199.967	-205.2113	5.244223	0.06937685	0.0332312	0.03614566	0.0332312
190	-254.8154	-253.8437	-0.9716692	0.615319	0.6017479	0.01357102	0.6017479
200	-204.5242	-209.3961	4.871885	0.08270161	0.0370105	0.04569111	0.0370105
210	-201.4702	-206.6923	5.222132	0.0675229	0.01532481	0.05219809	0.01532481
220	-254.7633	-254.9786	0.2152404	0.4673399	0.4163699	0.05097002	0.4163699
230	-192.4065	-198.2886	5.882083	0.03563875	0.007331776	0.02830698	0.007331776
240	-196.5464	-202.1461	5.599701	0.0563308	0.02025447	0.03607632	0.02025447
250	-215.1242	-218.6799	3.555728	0.1480731	0.1231613	0.02491176	0.1231613
260	-192.349	-198.2153	5.866311	0.03549673	0.006876433	0.0286203	0.006876433
270	-243.8907	-245.0958	1.205194	0.3455798	0.2980225	0.04755733	0.2980225
280	-234.1665	-237.5433	3.376792	0.1146231	0.01343412	0.101189	0.01343412
290	-196.7569	-202.2497	5.492799	0.05583849	0.02836134	0.02747714	0.02836134
300	-193.3771	-199.2231	5.846015	0.04357384	0.009863965	0.03370987	0.009863965
310	-262.0562	-262.0601	0.003870484	0.3545833	0.2689154	0.08566795	0.2689154
320	-229.1607	-232.7245	3.563832	0.111908	0.01890871	0.09299933	0.01890871
330	-239.0932	-241.2483	2.155067	0.1819493	0.09899835	0.08295096	0.09899835
340	-209.2429	-213.4149	4.172023	0.1136887	0.08657129	0.02711742	0.08657129
350	-197.0314	-202.5867	5.55537	0.05651435	0.01255928	0.04395507	0.01255928
360	-196.5899	-201.6476	5.057722	0.03849893	0.02386364	0.01463529	0.02386364
370	-240.3182	-241.7182	1.400003	0.3571471	0.3253462	0.0318009	0.3253462
380	-195.6517	-201.1123	5.460576	0.02602251	0.01041805	0.01560446	0.01041805
390	-219.5232	-222.7417	3.218513	0.175334	0.1478292	0.02750476	0.1478292
400	-201.7629	-206.6703	4.907377	0.07736025	0.05107031	0.02628993	0.05107031
410	-229.8187	-232.3107	2.492086	0.2170941	0.1695912	0.04750295	0.1695912
420	-196.2435	-201.5362	5.292725	0.02073187	0.004100883	0.01663099	0.004100883
430	-194.5412	-200.3185	5.777307	0.04774015	0.016867	0.03087315	0.016867
440	-208.9314	-213.4241	4.49271	0.09574502	0.04481086	0.05093416	0.04481086
450	-218.011	-221.9295	3.918446	0.1093278	0.04010339	0.06922443	0.04010339
460	-197.0396	-202.3027	5.263132	0.02216051	0.008134021	0.01402649	0.008134021
470	-204.0247	-208.8139	4.78918	0.08693159	0.0538984	0.03303318	0.0538984
480	-213.6034	-217.2398	3.63643	0.1391959	0.1160726	0.02312327	0.1160726
490	-196.8944	-202.4174	5.52302	0.05738634	0.02638418	0.03100216	0.02638418
500	-202.3573	-207.435	5.077681	0.07527658	0.03081916	0.04445742	0.03081916
510	-221.1592	-224.5177	3.358524	0.1469374	0.09188933	0.05504809	0.09188933
520	-205.682	-210.3432	4.66124	0.09292402	0.05656239	0.03636163	0.05656239
530	-192.9469	-198.8503	5.903384	0.03627007	0.01064395	0.02562612	0.01064395
540	-192.4902	-198.352	5.861787	0.03800636	0.007281672	0.03072469	0.007281672
550	-198.9289	-204.3043	5.375403	0.06483503	0.02608299	0.03875204	0.02608299
560	-224.663	-228.0986	3.435605	0.1244974	0.04790744	0.07659	0.04790744
570	-207.3042	-211.9435	4.639233	0.09043193	0.04075091	0.04968101	0.04075091
580	-333.6326	-328.2558	-5.376728	1.039462	0.9006876	0.1387741	0.9006876
590	-200.3822	-205.6363	5.254087	0.06916148	0.02718293	0.04197855	0.02718293
600	-313.1675	-309.6496	-3.517907	0.6621631	0.5297208	0.1324423	0.5297208
610	-233.5915	-236.1042	2.512617	0.1704501	0.09480583	0.07564424	0.09480583
620	-211.467	-215.9218	4.454709	0.09175835	0.0280254	0.06373295	0.0280254
630	-232.8813	-236.1027	3.221437	0.1240294	0.02984489	0.09418447	0.02984489
640	-202.5193	-206.111	3.591776	0.06582897	0.05497565	0.01085332	0.05497565
650	-226.6679	-229.4547	2.786722	0.1926911	0.1442676	0.0484235	0.1442676
660	-216.6912	-220.7001	4.008837	0.1067529	0.0393437	0.06740915	0.0393437
670	-207.2538	-211.6336	4.379851	0.1033554	0.07561174	0.02774364	0.07561174
680	-201.2805	-205.8248	4.544261	0.06067856	0.002835147	0.05784341	0.002835147
690	-233.3254	-235.7323	2.406907	0.1859442	0.1168331	0.06911112	0.1168331
700	-222.0455	-225.8714	3.825924	0.1077178	0.02752375	0.08019405	0.02752375
710	-211.6238	-215.7855	4.161708	0.1134826	0.06872235	0.04476028	0.06872235
720	-193.0274	-198.5997	5.572341	0.02706961	0.00388052	0.02318909	0.00388052
730	-199.1473	-204.5251	5.377764	0.06465114	0.0225911	0.04206004	0.0225911
740	-240.2284	-242.6927	2.464353	0.1538105	0.05845733	0.09535315	0.05845733
750	-213.7814	-217.7644	3.983045	0.120372	0.07262234	0.04774969	0.07262234
760	-192.6723	-198.2373	5.564944	0.02840331	0.003707179	0.02469614	0.003707179
770	-194.4434	-200.1245	5.6811	0.04791954	0.007868291	0.04005125	0.007868291
780	-200.6989	-205.978	5.279151	0.06587917	0.01519318	0.05068599	0.01519318
790	-214.2804	-218.5114	4.230994	0.09882204	0.03240029	0.06642175	0.03240029
800	-194.2338	-200.0424	5.80863	0.04672905	0.01498994	0.03173911	0.01498994
810	-261.252	-260.5598	-0.6922262	0.718095	0.6914707	0.0266243	0.6914707
820	-201.1882	-206.2713	5.083149	0.07482791	0.04169021	0.0331377	0.04169021
830	-194.7122	-200.3943	5.682067	0.04894088	0.008564884	0.040376	0.008564884
840	-194.9018	-200.5522	5.650314	0.04944496	0.008148493	0.04129646	0.008148493
850	-203.3081	-207.9282	4.620093	0.08354225	0.06124765	0.0222946	0.06124765
860	-240.4315	-243.0427	2.611165	0.1452035	0.04609708	0.09910639	0.04609708
870	-199.4315	-204.595	5.163455	0.06700103	0.04066332	0.0263377	0.04066332
880	-193.8842	-199.6837	5.799496	0.03985255	0.01587918	0.02397337	0.01587918
890	-200.5311	-205.6488	5.117707	0.07229472	0.04179306	0.03050166	0.04179306
900	-205.748	-210.4761	4.728131	0.08884911	0.04512953	0.04371959	0.04512953
910	-210.764	-215.3281	4.564152	0.08690485	0.02111488	0.06578997	0.02111488
920	-228.2697	-230.9308	2.66107	0.1975501	0.1463491	0.051201	0.1463491
930	-198.7	-203.5471	4.847152	0.05605843	0.03940191	0.01665652	0.03940191
940	-201.2446	-206.4664	5.221792	0.06921391	0.02101102	0.04820289	0.02101102
950	-205.4079	-210.233	4.825108	0.0834469	0.03410348	0.04934342	0.03410348
960	-207.9519	-212.6733	4.721333	0.08373431	0.02421195	0.05952237	0.02421195
970	-195.3392	-201.0243	5.685106	0.05071136	0.02090715	0.02980421	0.02090715
980	-222.1328	-225.3029	3.170016	0.1715624	0.1276427	0.04391973	0.1276427
990	-227.7692	-230.3413	2.572178	0.2290875	0.1951832	0.03390424	0.1951832
1000	-246.5317	-248.6009	2.069145	0.1671156	0.06517085	0.1019448	0.06517085
1010	-245.0641	-244.0947	-0.9694511	0.439616	0.4302885	0.009327492	0.4302885
1020	-236.2272	-238.5821	2.354889	0.1743355	0.09453722	0.07979832	0.09453722
1030	-216.0112	-219.7105	3.699284	0.1417893	0.1025328	0.03925644	0.1025328
1040	-262.6794	-262.4309	-0.2485848	0.4225993	0.3467675	0.07583185	0.3467675
1050	-203.8194	-208.4707	4.651323	0.0866662	0.06188584	0.02478036	0.06188584
1060	-237.5663	-239.7333	2.166989	0.1887683	0.1113136	0.0774547	0.1113136
1070	-195.0413	-200.7783	5.737031	0.05062654	0.01449045	0.0361361	0.01449045
1080	-202.6179	-207.5467	4.928873	0.08091693	0.04821276	0.03270416	0.04821276
1090	-197.1389	-202.2794	5.140504	0.04932244	0.03156258	0.01775985	0.03156258
1100	-204.4929	-209.288	4.795099	0.08711947	0.04932652	0.03779295	0.04932652
1110	-193.9844	-199.7315	5.747174	0.03305306	0.01295777	0.02009529	0.01295777
1120	-208.3445	-212.7923	4.447749	0.1015868	0.06025123	0.0413356	0.06025123
1130	-234.5426	-236.3002	1.757555	0.3080088	0.283728	0.02428084	0.283728
1140	-201.712	-204.6064	2.894406	0.04931877	0.04148448	0.007834291	0.04148448
1150	-196.7713	-201.7522	4.980916	0.03293066	0.01965952	0.01327114	0.01965952
1160	-204.6379	-209.5437	4.905756	0.08037682	0.03074257	0.04963425	0.03074257
1170	-194.9805	-200.5292	5.548661	0.03870558	0.01960781	0.01909777	0.01960781
1180	-207.0947	-211.5187	4.423975	0.1022489	0.07307035	0.02917852	0.07307035
1190	-226.8319	-229.7687	2.93673	0.1608627	0.0971135	0.06374921	0.0971135
1200	-251.8334	-252.1007	0.2672962	0.529061	0.5004069	0.02865401	0.5004069
1210	-201.4223	-206.6367	5.214353	0.06912243	0.01971152	0.04941091	0.01971152
1220	-277.7228	-278.7298	1.006977	0.1902551	0.04632402	0.1439311	0.04632402
1230	-202.9946	-208.0367	5.042152	0.07601747	0.02880651	0.04721096	0.02880651
1240	-195.3362	-200.7817	5.44558	0.03787367	0.02019082	0.01768285	0.02019082
1250	-197.8201	-202.4347	4.614638	0.03090872	0.01958935	0.01131938	0.01958935
1260	-209.4752	-213.7614	4.286186	0.1106691	0.07467404	0.03599511	0.07467404
1270	-218.7189	-221.3593	2.640358	0.171814	0.1563687	0.01544528	0.1563687
1280	-243.9235	-245.0393	1.115786	0.3888342	0.3530191	0.03581512	0.3530191
1290	-206.3372	-211.0884	4.751197	0.08572783	0.03486451	0.05086331	0.03486451
1300	-220.4501	-224.1627	3.712559	0.1165578	0.04561299	0.07094485	0.04561299
1310	-209.6746	-214.3485	4.673866	0.0812962	0.01385399	0.06744221	0.01385399
1320	-198.6588	-203.82	5.161218	0.06200354	0.03911288	0.02289067	0.03911288
1330	-200.2847	-205.2734	4.988668	0.06973313	0.0463575	0.02337564	0.0463575
1340	-306.6637	-307.2983	0.6346344	0.1904719	0.0075705	0.1829014	0.0075705
1350	-201.8686	-206.9916	5.123017	0.07368283	0.02962951	0.04405332	0.02962951
1360	-197.3952	-202.9037	5.508491	0.0595781	0.0241683	0.03540979	0.0241683
1370	-210.0658	-214.3035	4.237706	0.1129895	0.076189	0.03680045	0.076189
1380	-193.5557	-199.4136	5.857901	0.04394958	0.01180551	0.03214407	0.01180551
1390	-195.6016	-201.1744	5.572781	0.04862406	0.02462057	0.02400349	0.02462057
1400	-245.3136	-247.9784	2.664781	0.1383501	0.0278581	0.110492	0.0278581
1410	-197.3922	-202.6256	5.233449	0.05455117	0.004986367	0.0495648	0.004986367
1420	-296.8115	-292.7259	-4.085634	1.707384	1.661188	0.04619674	1.661188
1430	-217.6469	-221.7958	4.148989	0.09759032	0.02130615	0.07628418	0.02130615
1440	-238.4495	-240.1546	1.7051	0.2895684	0.241952	0.04761642	0.241952
1450	-220.2181	-224.0649	3.846776	0.1092744	0.03438637	0.07488807	0.03438637
1460	-239.7514	-241.9566	2.205216	0.1743448	0.08743847	0.08690631	0.08743847
1470	-213.937	-218.3493	4.412249	0.08884985	0.01567987	0.07316998	0.01567987
1480	-303.3194	-301.3136	-2.005714	0.4043896	0.26157	0.1428196	0.26157
1490	-211.9366	-216.4522	4.51569	0.08255146	0.009868712	0.07268275	0.009868712
1500	-211.2978	-215.8574	4.559604	0.08578111	0.01743258	0.06834852	0.01743258
1510	-198.1144	-202.8887	4.774273	0.04928547	0.0345767	0.01470877	0.0345767
1520	-198.8105	-204.1792	5.368652	0.06485606	0.02839607	0.03645999	0.02839607
1530	-195.3061	-200.7882	5.482042	0.04028628	0.021489	0.01879727	0.021489
1540	-192.9515	-198.6001	5.648538	0.04147906	0.005156369	0.0363227	0.005156369
1550	-198.0226	-203.0531	5.030503	0.05521903	0.003895221	0.05132381	0.003895221
1560	-193.2173	-199.0867	5.869366	0.03439895	0.01111886	0.02328009	0.01111886
1570	-197.6482	-203.0997	5.451543	0.06054347	0.02844136	0.03210212	0.02844136
1580	-201.95	-206.8643	4.914297	0.07835193	0.05084802	0.0275039	0.05084802
1590	-192.6971	-198.1346	5.437463	0.02816735	0.003117645	0.02504971	0.003117645
1600	-193.9666	-199.7971	5.830462	0.04494305	0.01490453	0.03003852	0.01490453
1610	-226.0701	-229.4618	3.391683	0.124337	0.04446057	0.07987643	0.04446057
1620	-238.8347	-240.3827	1.54808	0.3379167	0.3052826	0.03263401	0.3052826
1630	-230.1671	-233.3891	3.221994	0.1270842	0.03982624	0.08725793	0.03982624
1640	-197.494	-202.502	5.008084	0.04913506	0.03267288	0.01646218	0.03267288
1650	-243.107	-245.7034	2.596444	0.1181002	0.003716853	0.1143834	0.003716853
1660	-217.586	-220.9818	3.395755	0.1624093	0.1349404	0.02746892	0.1349404
1670	-225.0392	-228.1414	3.102212	0.151935	0.08856087	0.06337409	0.08856087
1680	-227.31	-230.1417	2.831659	0.1730298	0.1136038	0.05942602	0.1136038
1690	-206.562	-211.2197	4.657728	0.09140334	0.04662653	0.04477682	0.04662653
1700	-239.263	-240.9579	1.694859	0.2682055	0.211858	0.0563475	0.211858
1710	-193.7892	-199.5692	5.779967	0.03156289	0.01123494	0.02032795	0.01123494
1720	-200.5569	-205.777	5.220106	0.07050195	0.03035942	0.04014253	0.03035942
1730	-236.6179	-238.8403	2.222362	0.1876765	0.1118582	0.07581832	0.1118582
1740	-192.5662	-198.4685	5.902277	0.0348854	0.008258965	0.02662644	0.008258965
1750	-209.7877	-214.4547	4.666973	0.08124661	0.01342817	0.06781844	0.01342817
1760	-193.0971	-198.9602	5.863062	0.04203473	0.009329942	0.03270479	0.009329942
1770	-246.8072	-246.8538	0.04664182	0.4759596	0.4604537	0.01550592	0.4604537
1780	-215.5856	-219.3324	3.746726	0.1384012	0.09822554	0.04017562	0.09822554
1790	-208.5544	-213.2044	4.650022	0.0866051	0.0278202	0.0587849	0.0278202
1800	-247.6658	-250.355	2.689228	0.1357671	0.02027383	0.1154933	0.02027383
1810	-206.1373	-210.8761	4.738812	0.08706115	0.03880443	0.04825673	0.03880443
1820	-193.068	-198.9067	5.838687	0.04214681	0.008414101	0.03373271	0.008414101
1830	-208.3156	-212.6576	4.341999	0.1074836	0.07604072	0.03144285	0.07604072
1840	-197.1552	-202.6825	5.527356	0.05637917	0.01095798	0.04542119	0.01095798
1850	-319.2985	-318.6215	-0.6770078	0.2471861	0.06022042	0.1869657	0.06022042
1860	-197.7509	-203.1556	5.40471	0.06055508	0.03132119	0.02923389	0.03132119
1870	-228.3939	-230.842	2.448046	0.2416418	0.212316	0.0293258	0.212316
1880	-194.7169	-200.3099	5.593012	0.03252621	0.0146473	0.01787891	0.0146473
1890	-209.8296	-213.5754	3.745816	0.1162226	0.09787248	0.01835013	0.09787248
1900	-223.0917	-226.1896	3.097904	0.1738442	0.1277374	0.04610684	0.1277374
1910	-211.1361	-215.3528	4.216689	0.1104043	0.06481285	0.04559147	0.06481285
1920	-216.8121	-220.4825	3.670328	0.1392985	0.09443938	0.04485915	0.09443938
1930	-198.6217	-204.0461	5.424435	0.06024142	0.01213445	0.04810696	0.01213445
1940	-224.5603	-227.7121	3.151798	0.1489776	0.085381	0.06359658	0.085381
1950	-208.987	-213.6943	4.707352	0.08175552	0.01683001	0.06492552	0.01683001
1960	-201.412	-205.9468	4.534816	0.07047832	0.05344139	0.01703694	0.05344139
1970	-221.1272	-224.6144	3.487186	0.1317299	0.06800904	0.06372087	0.06800904
1980	-224.1142	-227.5204	3.406182	0.1277496	0.05420914	0.07354048	0.05420914
1990	-197.0375	-202.4951	5.457556	0.05698467	0.02964969	0.02733498	0.02964969
2000	-234.0331	-235.8805	1.847407	0.3006472	0.27501	0.02563715	0.27501
2010	-195.7432	-201.4145	5.671276	0.05323966	0.0189676	0.03427206	0.0189676
2020	-224.9973	-227.3945	2.397222	0.221629	0.2022299	0.01939906	0.2022299
2030	-216.0338	-220.319	4.28523	0.09247762	0.01660667	0.07587096	0.01660667
2040	-197.3955	-202.8721	5.47665	0.05951348	0.02765976	0.03185372	0.02765976
2050	-251.7977	-252.1631	0.3654037	0.504742	0.4701721	0.03456988	0.4701721
2060	-212.2726	-216.4842	4.211562	0.1055034	0.05086093	0.05464246	0.05086093
2070	-215.7404	-219.472	3.731687	0.139329	0.09922453	0.04010449	0.09922453
2080	-241.6973	-243.3654	1.66809	0.2334089	0.1612341	0.07217472	0.1612341
2090	-231.7644	-235.1461	3.381679	0.1178577	0.02280215	0.09505553	0.02280215
2100	-192.8108	-197.9138	5.103045	0.02808839	0.002177804	0.02591059	0.002177804
2110	-203.8324	-208.559	4.726633	0.08691697	0.05900622	0.02791074	0.05900622
2120	-274.0657	-273.0644	-1.001354	0.4554029	0.3633146	0.09208835	0.3633146
2130	-195.0336	-200.5832	5.549525	0.02893534	0.01219363	0.01674171	0.01219363
2140	-216.4564	-220.0461	3.589755	0.1511786	0.1185457	0.03263292	0.1185457
2150	-194.5411	-200.1736	5.632522	0.03285115	0.01443067	0.01842048	0.01443067
2160	-193.5689	-199.4161	5.847225	0.04432947	0.01102529	0.03330418	0.01102529
2170	-219.773	-222.5525	2.779466	0.1805796	0.162573	0.0180066	0.162573
2180	-198.9977	-203.0499	4.052196	0.03255239	0.02299254	0.009559847	0.02299254
2190	-216.5912	-220.307	3.715769	0.1343101	0.08658127	0.04772878	0.08658127
2200	-196.1004	-201.7471	5.646698	0.0544047	0.01537864	0.03902606	0.01537864
2210	-194.534	-200.2275	5.693565	0.04190072	0.01920395	0.02269677	0.01920395
2220	-233.8717	-235.9721	2.100424	0.2582215	0.2141223	0.04409922	0.2141223
2230	-241.4039	-242.8632	1.45929	0.3054557	0.2541004	0.05135524	0.2541004
2240	-192.8625	-197.5046	4.642146	0.02982231	0.001489976	0.02833234	0.001489976
2250	-205.9088	-210.3809	4.472136	0.09687096	0.07087243	0.02599853	0.07087243
2260	-231.5579	-233.6158	2.057844	0.276539	0.2514189	0.02512009	0.2514189
2270	-228.5153	-231.2896	2.774291	0.1707979	0.1072174	0.06358059	0.1072174
2280	-211.3693	-215.7363	4.367028	0.09716629	0.03845162	0.05871468	0.03845162
2290	-199.838	-203.8685	4.030491	0.02534951	0.01636291	0.0089866	0.01636291
2300	-203.3442	-206.7754	3.431214	0.06986537	0.05926589	0.01059947	0.05926589
2310	-226.3096	-229.8042	3.494655	0.1184593	0.03491263	0.08354669	0.03491263
2320	-211.6843	-215.8362	4.151903	0.1141968	0.06986543	0.04433139	0.06986543
2330	-216.2117	-219.7898	3.578071	0.1516482	0.1213398	0.03030847	0.1213398
2340	-209.925	-213.9999	4.074865	0.1176068	0.09174142	0.0258654	0.09174142
2350	-248.9916	-251.6126	2.621086	0.1378324	0.02096117	0.1168713	0.02096117
2360	-243.786	-246.5751	2.789131	0.1341368	0.02454704	0.1095898	0.02454704
2370	-197.8409	-203.3253	5.484453	0.06084987	0.02227557	0.0385743	0.02227557
2380	-197.3692	-202.4255	5.056305	0.04921881	0.03230634	0.01691247	0.03230634
2390	-199.2312	-204.4074	5.176128	0.065982	0.04008834	0.02589367	0.04008834
2400	-193.3996	-199.2735	5.873997	0.04019021	0.01335887	0.02683134	0.01335887
2410	-204.0967	-208.6693	4.572683	0.08767568	0.06444102	0.02323466	0.06444102
2420	-199.2816	-204.6248	5.34319	0.06601971	0.0267781	0.03924161	0.0267781
2430	-231.385	-233.303	1.918045	0.2790287	0.2577982	0.02123043	0.2577982
2440	-197.7088	-203.0964	5.387555	0.06000972	0.03219828	0.02781144	0.03219828
2450	-215.3167	-218.9224	3.605709	0.1480665	0.1206011	0.02746542	0.1206011
2460	-198.0223	-203.1643	5.14199	0.05695208	0.03668246	0.02026962	0.03668246
2470	-248.4384	-249.3295	0.891124	0.3381777	0.2771681	0.06100968	0.2771681
2480	-236.1352	-237.9208	1.785625	0.3104063	0.2784775	0.03192881	0.2784775
2490	-206.67	-210.9105	4.240493	0.1001684	0.07865315	0.02151522	0.07865315
2500	-202.8447	-207.3313	4.486588	0.07920066	0.0605388	0.01866186	0.0605388
2510	-219.4569	-223.0161	3.559273	0.1331857	0.07510673	0.05807892	0.07510673
2520	-231.0484	-233.5581	2.509724	0.1909369	0.1292853	0.06165153	0.1292853
2530	-194.386	-200.1412	5.755159	0.04417677	0.01848673	0.02569004	0.01848673
2540	-233.7758	-236.0089	2.233102	0.2146063	0.1549136	0.05969265	0.1549136
2550	-213.3456	-217.1404	3.794772	0.1361814	0.1084936	0.02768779	0.1084936
2560	-194.6185	-199.7685	5.149938	0.02278985	0.002578746	0.0202111	0.002578746
2570	-209.2462	-213.2044	3.958201	0.07346734	0.002591885	0.07087545	0.002591885
2580	-194.9629	-200.7024	5.739526	0.0497985	0.01781717	0.03198134	0.01781717
2590	-235.4476	-237.2627	1.815029	0.307762	0.2779223	0.02983964	0.2779223
2600	-209.671	-214.3444	4.673378	0.08159186	0.01441906	0.0671728	0.01441906
2610	-226.6207	-230.1016	3.480838	0.0989738	0.004645195	0.0943286	0.004645195
2620	-201.2215	-206.4595	5.237992	0.06775143	0.01722	0.05053143	0.01722
2630	-193.6734	-199.4996	5.826206	0.03866145	0.0146627	0.02399875	0.0146627
2640	-200.2406	-204.3831	4.142504	0.05595879	0.04380377	0.01215502	0.04380377
2650	-201.5749	-206.7171	5.142223	0.07313499	0.03017847	0.04295653	0.03017847
2660	-201.9748	-206.9476	4.97287	0.07841489	0.04737813	0.03103677	0.04737813
2670	-193.9723	-199.803	5.830731	0.04516718	0.01466718	0.0305	0.01466718
2680	-256.2706	-256.4576	0.1870793	0.4157625	0.3521172	0.06364535	0.3521172
2690	-196.4475	-202.0618	5.614273	0.05588439	0.01861538	0.03726901	0.01861538
2700	-234.9952	-237.0395	2.044307	0.2484724	0.1974031	0.05106931	0.1974031
2710	-193.5746	-199.4061	5.831471	0.03689374	0.01368265	0.02321109	0.01368265
2720	-202.1061	-207.2652	5.159127	0.07091067	0.02058194	0.05032873	0.02058194
2730	-224.6605	-228.3797	3.719268	0.1096465	0.02475086	0.08489566	0.02475086
2740	-263.1584	-263.6356	0.4772421	0.2596351	0.1541009	0.1055343	0.1541009
2750	-192.9433	-198.7214	5.778171	0.02878929	0.005860765	0.02292853	0.005860765
2760	-204.901	-209.8821	4.981054	0.07381111	0.01484979	0.05896132	0.01484979
2770	-199.3447	-204.7068	5.362034	0.06159095	0.01145198	0.05013897	0.01145198
2780	-221.8294	-225.0465	3.217132	0.1653972	0.1189003	0.0464969	0.1189003
2790	-211.5629	-214.8068	3.243855	0.1238644	0.1090873	0.01477709	0.1090873
2800	-198.0873	-203.5599	5.472615	0.05925624	0.0129265	0.04632974	0.0129265
2810	-205.8267	-210.5628	4.736119	0.08810116	0.0428595	0.04524166	0.0428595
2820	-258.8017	-259.3897	0.5880525	0.2700124	0.1740575	0.0959549	0.1740575
2830	-216.7777	-220.9548	4.177068	0.09749277	0.02332531	0.07416745	0.02332531
2840	-273.0904	-273.6408	0.5503843	0.2216355	0.09221741	0.1294181	0.09221741
2850	-258.3092	-258.2749	-0.03428963	0.459102	0.3981637	0.06093828	0.3981637
2860	-216.5143	-220.0853	3.570993	0.1523915	0.1207319	0.03165963	0.1207319
2870	-192.2263	-198.0116	5.785349	0.0331901	0.005362907	0.02782719	0.005362907
2880	-200.7895	-205.2835	4.493976	0.06559332	0.04992048	0.01567283	0.04992048
2890	-211.7017	-215.6917	3.989952	0.125899	0.0961703	0.02972874	0.0961703
2900	-196.5562	-201.8624	5.306202	0.04859531	0.02915751	0.01943779	0.02915751
2910	-202.7819	-207.3462	4.564285	0.07974184	0.05987187	0.01986997	0.05987187
2920	-209.0794	-213.3403	4.260848	0.1115107	0.08054611	0.03096456	0.08054611
2930	-210.6686	-215.259	4.590369	0.08064799	0.009874138	0.07077385	0.009874138
2940	-198.0087	-202.965	4.956378	0.05262091	0.03578951	0.0168314	0.03578951
2950	-199.1394	-204.5273	5.387845	0.0615494	0.01255748	0.04899192	0.01255748
2960	-198.181	-202.8963	4.71536	0.04850731	0.03431646	0.01419085	0.03431646
2970	-197.6714	-203.0391	5.367613	0.05937657	0.03291555	0.02646102	0.03291555
2980	-194.2372	-199.9388	5.701581	0.02682048	0.007987524	0.01883295	0.007987524
2990	-216.7443	-220.9756	4.231304	0.09446992	0.01824311	0.07622681	0.01824311
3000	-212.9364	-217.1125	4.176095	0.1058524	0.04918477	0.05666764	0.04918477
3010	-192.8324	-198.6196	5.787224	0.04102077	0.006725544	0.03429523	0.006725544
3020	-210.9796	-214.8091	3.829464	0.1237655	0.1019912	0.0217743	0.1019912
3030	-197.6802	-202.3129	4.63266	0.03796836	0.02575501	0.01221335	0.02575501
3040	-244.7605	-247.0871	2.326584	0.1547253	0.05150657	0.1032187	0.05150657
3050	-193.4138	-199.2185	5.804619	0.04397109	0.008492694	0.0354784	0.008492694
3060	-207.0717	-211.321	4.249272	0.1025243	0.07985161	0.02267272	0.07985161
3070	-235.5999	-236.6652	1.065272	0.3260496	0.3107821	0.01526749	0.3107821
3080	-222.8012	-225.2137	2.412507	0.2035806	0.1866316	0.01694894	0.1866316
3090	-195.7565	-201.3673	5.61079	0.05151767	0.02407546	0.02744221	0.02407546
3100	-200.1643	-204.6634	4.499022	0.020091	0.009944586	0.01014641	0.009944586
3110	-193.6263	-199.4769	5.850629	0.04440917	0.01176418	0.03264499	0.01176418
3120	-221.0806	-224.8923	3.811676	0.1097644	0.03309255	0.07667186	0.03309255
3130	-228.0989	-230.4978	2.398902	0.2434842	0.2174788	0.02600545	0.2174788
3140	-201.3225	-206.1578	4.835263	0.0740597	0.05175513	0.02230457	0.05175513
3150	-216.4122	-219.8869	3.474617	0.1555768	0.1293138	0.02626298	0.1293138
3160	-195.6006	-200.9854	5.384781	0.03921628	0.02178457	0.01743171	0.02178457
3170	-233.6259	-236.2238	2.597878	0.1616102	0.08239545	0.07921477	0.08239545
3180	-231.3054	-234.8217	3.516347	0.1098562	0.01166864	0.09818753	0.01166864
3190	-196.9919	-201.5901	4.598233	0.01925883	0.001795199	0.01746363	0.001795199
3200	-218.3707	-221.829	3.458302	0.1585219	0.1218047	0.03671717	0.1218047
3210	-194.0988	-199.9184	5.819615	0.04637526	0.01389258	0.03248269	0.01389258
3220	-193.2553	-198.9251	5.669727	0.02686283	0.004797903	0.02206493	0.004797903
3230	-199.2462	-204.4109	5.16474	0.06590346	0.04042508	0.02547838	0.04042508
3240	-214.7218	-218.2013	3.479486	0.1462652	0.1243862	0.02187906	0.1243862
3250	-193.8512	-199.692	5.840853	0.04439278	0.01443667	0.02995611	0.01443667
3260	-197.163	-202.7102	5.547181	0.05848023	0.02070804	0.0377722	0.02070804
3270	-214.4575	-218.0375	3.579983	0.1442943	0.1205293	0.02376507	0.1205293
3280	-195.2707	-200.9851	5.714449	0.05146862	0.01388595	0.03758267	0.01388595
3290	-248.839	-249.457	0.6180709	0.4676321	0.4351062	0.03252589	0.4351062
3300	-210.4244	-214.4198	3.995415	0.120525	0.09574824	0.02477672	0.09574824
3310	-198.3091	-202.6822	4.373106	0.03903349	0.02779498	0.01123852	0.02779498
3320	-280.0757	-277.8594	-2.216304	0.9394505	0.8836834	0.05576716	0.8836834
3330	-217.6488	-221.7697	4.12082	0.09907764	0.0238174	0.07526024	0.0238174
3340	-220.4365	-224.2146	3.778085	0.1126589	0.03934851	0.07331037	0.03934851
3350	-200.4554	-204.7225	4.267029	0.05966835	0.04642775	0.0132406	0.04642775
3360	-193.1543	-199.0282	5.873878	0.03393835	0.01062384	0.0233145	0.01062384
3370	-193.4418	-199.2923	5.850465	0.03667921	0.01304701	0.0236322	0.01304701
3380	-203.2312	-208.2643	5.033049	0.07602678	0.02748591	0.04854087	0.02748591
3390	-194.513	-200.2206	5.70753	0.04259565	0.01921846	0.02337719	0.01921846
3400	-209.6322	-214.2918	4.659584	0.08342074	0.01800362	0.06541712	0.01800362
3410	-207.8864	-211.0548	3.168477	0.09812791	0.08630231	0.0118256	0.08630231
3420	-212.987	-216.8232	3.836155	0.1339397	0.1058962	0.02804359	0.1058962
3430	-227.0942	-229.7364	2.642186	0.2223223	0.1876307	0.0346916	0.1876307
3440	-194.1047	-199.8326	5.727886	0.03524796	0.01479384	0.02045412	0.01479384
3450	-212.206	-216.3308	4.124779	0.1140943	0.06732916	0.04676518	0.06732916
3460	-271.203	-272.9619	1.758977	0.151611	0.006022971	0.145588	0.006022971
3470	-201.7688	-206.6586	4.889807	0.07725752	0.05165729	0.02560023	0.05165729
3480	-202.0045	-206.9993	4.994759	0.07827772	0.04538945	0.03288827	0.04538945
3490	-237.9517	-240.3966	2.444913	0.1601797	0.0716031	0.08857662	0.0716031
3500	-205.0258	-209.9056	4.879803	0.08102602	0.03036163	0.05066439	0.03036163
3510	-209.9564	-214.5236	4.567198	0.08842231	0.02656219	0.06186012	0.02656219
3520	-196.0727	-201.3037	5.231	0.03845821	0.02257109	0.01588712	0.02257109
3530	-204.5245	-209.0498	4.525337	0.08974693	0.06659784	0.02314909	0.06659784
3540	-217.0684	-220.4772	3.408817	0.1599039	0.1338324	0.02607151	0.1338324
3550	-194.9061	-200.6552	5.749097	0.04982372	0.01661297	0.03321075	0.01661297
3560	-225.4573	-228.3394	2.882096	0.188876	0.1425992	0.04627673	0.1425992
3570	-215.396	-219.2448	3.848818	0.1256269	0.07585889	0.04976804	0.07585889
3580	-197.7504	-203.1444	5.394043	0.05662541	0.007665979	0.04895944	0.007665979
3590	-211.0272	-214.398	3.370856	0.1212497	0.1058193	0.01543035	0.1058193
3600	-222.0492	-225.5532	3.503983	0.1266935	0.05765844	0.0690351	0.05765844
3610	-198.7983	-202.8595	4.061215	0.05401302	0.001535171	0.05247784	0.001535171
3620	-212.5144	-216.8372	4.322762	0.0971635	0.03472083	0.06244267	0.03472083
3630	-198.0197	-203.0968	5.077052	0.05547236	0.03658271	0.01888966	0.03658271
3640	-193.1626	-199.0578	5.895177	0.03973084	0.011963	0.02776783	0.011963
3650	-200.2815	-205.5197	5.238243	0.0698407	0.03083098	0.03900972	0.03083098
3660	-288.5537	-286.4658	-2.087869	0.5626864	0.4585732	0.1041132	0.4585732
3670	-199.2976	-204.6819	5.384276	0.06360724	0.01763652	0.04597072	0.01763652
3680	-196.6696	-201.9356	5.266013	0.05277506	0.004774036	0.04800102	0.004774036
3690	-216.2338	-219.9843	3.75049	0.1323404	0.08450669	0.04783375	0.08450669
3700	-250.8845	-252.9178	2.033334	0.1627832	0.0519001	0.1108831	0.0519001
3710	-193.4028	-199.2507	5.847921	0.03489165	0.01210074	0.02279091	0.01210074
3720	-193.614	-199.0102	5.396241	0.0435659	0.003839517	0.03972638	0.003839517
3730	-205.1607	-209.8361	4.675418	0.09196667	0.05888022	0.03308645	0.05888022
3740	-225.46	-229.2428	3.782818	0.1008347	0.009316201	0.09151854	0.009316201
3750	-202.2077	-207.3013	5.09362	0.06587734	0.008342471	0.05753487	0.008342471
3760	-218.452	-221.9021	3.450066	0.1591142	0.1224764	0.03663776	0.1224764
3770	-209.368	-213.7851	4.417067	0.1000971	0.05185539	0.04824168	0.05185539
3780	-211.2728	-215.4274	4.154558	0.1161047	0.075864	0.04024067	0.075864
3790	-200.0156	-205.101	5.085397	0.06941383	0.04363895	0.02577489	0.04363895
3800	-208.3885	-212.6755	4.287032	0.1088625	0.0802362	0.0286263	0.0802362
3810	-252.3261	-252.8375	0.511374	0.3909091	0.3316948	0.05921432	0.3316948
3820	-208.6441	-213.0653	4.421294	0.1026915	0.06105719	0.04163428	0.06105719
3830	-283.773	-284.361	0.5880328	0.206214	0.05773684	0.1484771	0.05773684
3840	-203.8511	-208.9039	5.05278	0.07166694	0.01431408	0.05735286	0.01431408
3850	-209.9355	-214.5424	4.606904	0.08615775	0.02228353	0.06387421	0.02228353
3860	-194.0161	-199.842	5.825832	0.04604645	0.01349785	0.0325486	0.01349785
3870	-218.1279	-221.9301	3.802142	0.116749	0.05210394	0.06464501	0.05210394
3880	-215.1272	-219.263	4.135726	0.1025707	0.03654582	0.0660249	0.03654582
3890	-201.8624	-206.4463	4.583899	0.07413615	0.05566805	0.0184681	0.05566805
3900	-236.735	-238.5603	1.825321	0.2903733	0.2484312	0.04194208	0.2484312
3910	-195.0746	-200.311	5.23643	0.04804825	0.003715644	0.0443326	0.003715644
3920	-203.2913	-208.2625	4.971153	0.0794482	0.03617794	0.04327027	0.03617794
3930	-226.6478	-229.4287	2.780878	0.1947469	0.1473811	0.0473658	0.1473811
3940	-204.2259	-209.1931	4.967219	0.07764492	0.02631617	0.05132875	0.02631617
3950	-192.6739	-198.5678	5.893857	0.03341527	0.008253782	0.02516149	0.008253782
3960	-194.6872	-200.2962	5.60897	0.04843467	0.00684404	0.04159063	0.00684404
3970	-218.4288	-221.8334	3.404603	0.1636676	0.1312857	0.03238192	0.1312857
3980	-192.1657	-197.8962	5.730455	0.03360307	0.004807404	0.02879567	0.004807404
3990	-218.1629	-222.1351	3.972274	0.1059873	0.0341307	0.0718566	0.0341307
4000	-201.7819	-206.8152	5.033346	0.07708791	0.04291349	0.03417442	0.04291349
4010	-219.4553	-222.5832	3.12792	0.1771066	0.153029	0.02407759	0.153029
4020	-201.2433	-206.4574	5.214098	0.06975415	0.02252505	0.0472291	0.02252505
4030	-217.5687	-219.3424	1.773685	0.1557243	0.145785	0.00993929	0.145785
4040	-192.7219	-198.5953	5.873381	0.03196688	0.00763595	0.02433093	0.00763595
4050	-213.2675	-217.4738	4.20628	0.08137315	0.004946141	0.07642701	0.004946141
4060	-228.4462	-231.1159	2.669655	0.1921256	0.1380136	0.05411207	0.1380136
4070	-193.7904	-199.4715	5.681066	0.04536881	0.00663863	0.03873018	0.00663863
4080	-232.4625	-235.8209	3.358421	0.1182501	0.02203874	0.09621136	0.02203874
4090	-193.3512	-199.1216	5.770342	0.04368759	0.007474321	0.03621327	0.007474321
4100	-193.2403	-199.1032	5.862862	0.0336123	0.01077663	0.02283567	0.01077663
4110	-227.4141	-230.4739	3.059768	0.1442229	0.07123799	0.07298496	0.07123799
4120	-194.8332	-200.4565	5.62332	0.04173232	0.02040969	0.02132263	0.02040969
4130	-214.3955	-218.0308	3.635246	0.1434444	0.1181513	0.02529306	0.1181513
4140	-205.947	-210.7246	4.777569	0.08506433	0.03519559	0.04986874	0.03519559
4150	-198.9575	-204.3688	5.411358	0.06185155	0.01464366	0.04720789	0.01464366
4160	-194.3213	-199.5906	5.269229	0.02341228	0.002897511	0.02051477	0.002897511
4170	-231.4623	-234.8528	3.39049	0.117747	0.02322529	0.09452167	0.02322529
4180	-220.0596	-222.0519	1.992247	0.1778365	0.1659359	0.01190051	0.1659359
4190	-209.4411	-213.4999	4.058792	0.1152117	0.09139573	0.02381597	0.09139573
4200	-244.9225	-246.0529	1.130365	0.3448044	0.2941663	0.05063812	0.2941663
4210	-240.7175	-242.3686	1.65116	0.2511039	0.1862174	0.06488653	0.1862174
4220	-204.9633	-209.8176	4.854267	0.06995056	0.00696306	0.0629875	0.00696306
4230	-215.4917	-219.2119	3.720197	0.1420681	0.1058173	0.03625073	0.1058173
4240	-213.054	-217.1299	4.075921	0.1144062	0.06445969	0.04994653	0.06445969
4250	-193.8108	-199.6305	5.819661	0.04075787	0.01561755	0.02514032	0.01561755
4260	-230.4481	-233.9372	3.489134	0.1057572	0.007284207	0.09847301	0.007284207
4270	-217.5562	-220.4382	2.881986	0.1643035	0.1475322	0.01677129	0.1475322
4280	-228.9483	-231.9835	3.035142	0.1410594	0.06309344	0.07796599	0.06309344
4290	-207.5783	-211.2599	3.681576	0.1010325	0.08591807	0.01511443	0.08591807
4300	-214.046	-217.3495	3.303485	0.1414075	0.1235475	0.01786004	0.1235475
4310	-233.5017	-236.8969	3.395178	0.1149467	0.01513783	0.09980888	0.01513783
4320	-196.1195	-201.7424	5.62291	0.05454498	0.02187372	0.03267126	0.02187372
4330	-193.7069	-199.5087	5.801853	0.03519194	0.01339372	0.02179822	0.01339372
4340	-212.4902	-216.1646	3.674385	0.1325917	0.111052	0.0215397	0.111052
4350	-223.8587	-226.8126	2.95388	0.1951141	0.15865	0.03646419	0.15865
4360	-199.7101	-204.4751	4.764962	0.06221637	0.04486278	0.01735359	0.04486278
4370	-212.2778	-216.5546	4.276844	0.1006496	0.04187517	0.05877441	0.04187517
4380	-238.8289	-240.0283	1.199485	0.3617282	0.341147	0.02058122	0.341147
4390	-250.3404	-252.3026	1.962207	0.1674155	0.05900374	0.1084117	0.05900374
4400	-208.9079	-213.0743	4.166397	0.1122029	0.08658386	0.02561901	0.08658386
4410	-211.2657	-215.1128	3.847149	0.1254329	0.1025915	0.02284141	0.1025915
4420	-206.1776	-210.9879	4.810289	0.08249235	0.02847947	0.05401288	0.02847947
4430	-200.0598	-204.9282	4.868401	0.0664007	0.0466127	0.019788	0.0466127
4440	-215.027	-219.3478	4.320769	0.09255986	0.01932776	0.0732321	0.01932776
4450	-231.7952	-234.0787	2.283566	0.2428784	0.1996797	0.04319864	0.1996797
4460	-219.2224	-223.2043	3.981869	0.1038352	0.02788469	0.07595054	0.02788469
4470	-327.7215	-325.6702	-2.05134	0.3300289	0.1457054	0.1843235	0.1457054
4480	-208.5993	-213.2318	4.632502	0.08753327	0.02951396	0.0580193	0.02951396
4490	-223.4116	-226.8316	3.420027	0.1287651	0.05747898	0.07128612	0.05747898
4500	-209.1982	-213.6592	4.460929	0.09722018	0.04669954	0.05052064	0.04669954
4510	-215.4072	-219.6028	4.195648	0.09872418	0.02906752	0.06965666	0.02906752
4520	-199.1681	-204.4301	5.26198	0.0665864	0.03631171	0.03027469	0.03631171
4530	-255.6819	-256.9066	1.224767	0.2092888	0.1042767	0.1050121	0.1042767
4540	-236.581	-239.3301	2.74912	0.1431663	0.05044438	0.09272197	0.05044438
4550	-194.9811	-200.5059	5.524809	0.03387591	0.0164107	0.01746522	0.0164107
4560	-201.8168	-207.0108	5.193984	0.06897728	0.01719966	0.05177761	0.01719966
4570	-215.4681	-219.3171	3.849008	0.1250823	0.07463279	0.0504495	0.07463279
4580	-193.1979	-199.0504	5.852527	0.03146714	0.009193471	0.02227367	0.009193471
4590	-229.5596	-231.6312	2.071628	0.2615646	0.2405909	0.02097373	0.2405909
4600	-214.1194	-218.0085	3.889167	0.1299287	0.08916344	0.04076529	0.08916344
4610	-215.0149	-219.077	4.06215	0.1075198	0.04549614	0.06202367	0.04549614
4620	-203.1845	-208.1591	4.97466	0.07943557	0.03689593	0.04253963	0.03689593
4630	-206.3229	-210.9285	4.605668	0.095357	0.05822332	0.03713368	0.05822332
4640	-195.4373	-200.6849	5.247535	0.04919416	0.003946939	0.04524722	0.003946939
4650	-194.71	-200.4334	5.723349	0.0462249	0.01985127	0.02637363	0.01985127
4660	-293.544	-294.3052	0.761148	0.194455	0.02963769	0.1648173	0.02963769
4670	-196.0219	-201.4034	5.381485	0.04550844	0.02619346	0.01931498	0.02619346
4680	-206.9478	-211.7931	4.845336	0.07655281	0.01324739	0.06330542	0.01324739
4690	-206.8702	-211.6374	4.767138	0.08346627	0.02772991	0.05573636	0.02772991
4700	-210.2848	-214.6671	4.382225	0.09939297	0.04663804	0.05275493	0.04663804
4710	-220.6744	-224.7064	4.032005	0.09875613	0.01609708	0.08265905	0.01609708
4720	-199.9378	-205.1407	5.202936	0.06978597	0.03768806	0.03209791	0.03768806
4730	-203.4485	-207.4846	4.036088	0.07767788	0.0633414	0.01433648	0.0633414
4740	-203.9687	-208.9869	5.018122	0.06998225	0.0102811	0.05970115	0.0102811
4750	-244.035	-245.1885	1.153504	0.3695051	0.3278444	0.04166068	0.3278444
4760	-216.7717	-221.0057	4.233958	0.08917179	0.009297529	0.07987426	0.009297529
4770	-197.0694	-202.1385	5.069138	0.04645046	0.03009013	0.01636033	0.03009013
4780	-218.086	-221.5104	3.424347	0.162303	0.1307619	0.03154111	0.1307619
4790	-245.0049	-246.0552	1.050286	0.3881936	0.348396	0.03979763	0.348396
4800	-209.3372	-213.6401	4.302857	0.1097866	0.07346872	0.03631784	0.07346872
4810	-200.508	-205.4413	4.933312	0.06055241	0.004428387	0.05612402	0.004428387
4820	-324.0879	-324.2076	0.1196991	0.2130425	0.01308276	0.1999597	0.01308276
4830	-212.8264	-216.7507	3.924322	0.1304864	0.0981381	0.03234834	0.0981381
4840	-195.1694	-200.8403	5.670852	0.05059277	0.00963658	0.04095619	0.00963658
4850	-229.3336	-232.7654	3.431796	0.1179589	0.02779396	0.0901649	0.02779396
4860	-220.0725	-223.3423	3.269723	0.1729704	0.1393318	0.03363858	0.1393318
4870	-203.4139	-208.1757	4.761814	0.06589557	0.004622409	0.06127316	0.004622409
4880	-249.1687	-249.9243	0.7555923	0.3821828	0.3289396	0.05324321	0.3289396
4890	-220.0484	-223.2354	3.186954	0.1783257	0.1500631	0.02826259	0.1500631
4900	-229.9324	-233.5007	3.568299	0.1102797	0.01491198	0.09536768	0.01491198
4910	-214.1377	-218.4029	4.265203	0.09720174	0.02994009	0.06726164	0.02994009
4920	-211.084	-215.5881	4.504051	0.08974111	0.02545087	0.06429025	0.02545087
4930	-198.5291	-202.8567	4.32757	0.04168212	0.03033671	0.01134541	0.03033671
4940	-207.3935	-211.534	4.140505	0.1038029	0.08286747	0.02093539	0.08286747
4950	-222.9296	-226.0809	3.151295	0.1642315	0.1133273	0.05090418	0.1133273
4960	-197.0931	-202.5599	5.466731	0.05531172	0.008194577	0.04711714	0.008194577
4970	-300.8081	-300.5811	-0.2269622	0.2357415	0.07053178	0.1652098	0.07053178
4980	-219.7128	-223.0722	3.359418	0.1631164	0.123558	0.03955843	0.123558
4990	-203.5201	-208.5572	5.037124	0.07506601	0.02361493	0.05145108	0.02361493
5000	-217.2555	-220.9087	3.653221	0.137753	0.09001959	0.04773336	0.09001959
5010	-252.328	-254.7743	2.446385	0.1431746	0.0229076	0.120267	0.0229076
5020	-194.0388	-199.7325	5.693733	0.04641293	0.007303744	0.03910918	0.007303744
5030	-197.9734	-202.9465	4.973117	0.05270226	0.03569599	0.01700627	0.03569599
5040	-192.6325	-198.5235	5.890942	0.03848078	0.008418472	0.03006231	0.008418472
5050	-206.5718	-211.0912	4.519338	0.09888488	0.06697855	0.03190633	0.06697855
5060	-201.2414	-206.246	5.004564	0.07527266	0.04701077	0.02826189	0.04701077
5070	-196.3316	-201.9443	5.612759	0.05458699	0.01243368	0.04215332	0.01243368
5080	-204.0436	-208.8576	4.814021	0.08627084	0.05098201	0.03528883	0.05098201
5090	-216.6887	-219.7587	3.069958	0.158814	0.140756	0.018058	0.140756
5100	-194.6757	-200.4115	5.735788	0.04912607	0.01065377	0.0384723	0.01065377
5110	-242.8468	-244.4818	1.634995	0.2276543	0.1513899	0.07626441	0.1513899
5120	-217.195	-220.4693	3.274208	0.1622264	0.139773	0.02245337	0.139773
5130	-211.3361	-215.8919	4.555795	0.08595909	0.01764979	0.0683093	0.01764979
5140	-194.1202	-199.9028	5.782601	0.04242272	0.01722809	0.02519462	0.01722809
5150	-214.5132	-218.2889	3.775652	0.1394033	0.106348	0.03305531	0.106348
5160	-238.3016	-240.0535	1.751874	0.2725805	0.220116	0.0524645	0.220116
5170	-245.2236	-245.6127	0.3890728	0.4509794	0.4334982	0.01748123	0.4334982
5180	-219.8146	-223.6652	3.850687	0.1097382	0.03614171	0.07359652	0.03614171
5190	-236.2965	-238.2255	1.928988	0.2578789	0.2062978	0.05158107	0.2062978
5200	-228.0225	-231.0968	3.074385	0.1408694	0.0648881	0.07598132	0.0648881
5210	-213.2027	-217.3766	4.173909	0.1051052	0.04693533	0.05816987	0.04693533
5220	-283.0444	-281.7524	-1.29202	0.4174603	0.305855	0.1116053	0.305855
5230	-224.5217	-228.3571	3.835479	0.1035101	0.01535484	0.08815522	0.01535484
5240	-205.1659	-209.1309	3.965033	0.06641694	0.002044929	0.06437201	0.002044929
5250	-201.7173	-206.601	4.883709	0.07692172	0.05176469	0.02515703	0.05176469
5260	-222.2394	-225.4344	3.195058	0.1644104	0.1159012	0.04850914	0.1159012
5270	-201.1553	-204.1488	2.993465	0.02995667	0.02291117	0.007045502	0.02291117
5280	-205.9776	-210.6357	4.658029	0.09283442	0.05389255	0.03894187	0.05389255
5290	-280.2045	-281.4367	1.232182	0.1798567	0.02956468	0.150292	0.02956468
5300	-197.8908	-202.4642	4.573338	0.03993655	0.02774662	0.01218993	0.02774662
5310	-201.2577	-206.393	5.135299	0.07365612	0.03487226	0.03878386	0.03487226
5320	-206.9418	-210.4802	3.538412	0.09542823	0.08196539	0.01346284	0.08196539
5330	-203.298	-208.2021	4.904129	0.0826247	0.0460003	0.03662439	0.0460003
5340	-205.938	-210.6319	4.693941	0.09064213	0.04843555	0.04220658	0.04843555
5350	-199.8658	-205.1834	5.317604	0.06668547	0.02320736	0.04347812	0.02320736
5360	-244.3402	-245.609	1.268756	0.2980419	0.2372501	0.06079173	0.2372501
5370	-282.479	-281.6475	-0.83157	0.3373124	0.2154003	0.1219121	0.2154003
5380	-199.9114	-205.2183	5.306893	0.06717809	0.02451495	0.04266314	0.02451495
5390	-216.6514	-220.5849	3.933493	0.1117459	0.04792361	0.06382226	0.04792361
5400	-201.9507	-207.0238	5.073181	0.07598103	0.03624005	0.03974098	0.03624005
5410	-230.7872	-233.554	2.766781	0.157472	0.08274244	0.07472952	0.08274244
5420	-228.0326	-230.819	2.786364	0.1733901	0.1121981	0.06119199	0.1121981
5430	-211.3553	-214.2934	2.938039	0.1197717	0.1072618	0.01250994	0.1072618
5440	-209.6245	-214.0062	4.381644	0.1020587	0.05474293	0.04731576	0.05474293
5450	-197.578	-202.9534	5.375346	0.05595269	0.006990875	0.04896182	0.006990875
5460	-236.4815	-238.3588	1.877319	0.2749393	0.2285151	0.04642417	0.2285151
5470	-208.6708	-212.7648	4.094014	0.1110029	0.08826342	0.0227395	0.08826342
5480	-228.3797	-232.0355	3.655771	0.1069792	0.01292248	0.09405668	0.01292248
5490	-206.6512	-211.4581	4.806846	0.08158862	0.02463455	0.05695407	0.02463455
5500	-280.649	-280.5926	-0.0563186	0.2539683	0.1203344	0.1336339	0.1203344
5510	-195.1718	-200.7401	5.568232	0.04342191	0.02225941	0.0211625	0.02225941
5520	-206.6909	-211.3151	4.624159	0.09342323	0.05069481	0.04272842	0.05069481
5530	-216.1112	-220.3412	4.230015	0.08726866	0.007740087	0.07952857	0.007740087
5540	-210.0566	-211.9066	1.850046	0.1009077	0.09297922	0.007928508	0.09297922
5550	-236.2847	-237.6998	1.415094	0.332031	0.3117864	0.02024464	0.3117864
5560	-199.6784	-204.8689	5.190494	0.06862988	0.03939064	0.02923923	0.03939064
5570	-255.6883	-257.069	1.380737	0.1962229	0.08763434	0.1085886	0.08763434
5580	-203.0538	-207.9672	4.91342	0.08211491	0.04694519	0.03516973	0.04694519
5590	-195.943	-201.4697	5.526675	0.05214683	0.007363178	0.04478365	0.007363178
5600	-195.2848	-200.8543	5.569441	0.05026879	0.007091401	0.04317739	0.007091401
5610	-215.9017	-219.314	3.412292	0.1536209	0.1307294	0.02289149	0.1307294
5620	-216.4667	-220.5039	4.0372	0.1055469	0.03791036	0.06763654	0.03791036
5630	-198.7537	-203.8926	5.138905	0.06223179	0.03967665	0.02255514	0.03967665
5640	-196.5141	-201.8763	5.362213	0.02246519	0.007573757	0.01489143	0.007573757
5650	-267.1352	-268.758	1.622835	0.1693075	0.03490417	0.1344033	0.03490417
5660	-204.4828	-209.356	4.873126	0.08272133	0.03730136	0.04541996	0.03730136
5670	-204.7427	-209.5778	4.835093	0.08445784	0.04015644	0.0443014	0.04015644
5680	-241.6228	-243.6285	2.005612	0.1861378	0.09960022	0.08653761	0.09960022
5690	-199.8398	-204.759	4.919154	0.06574609	0.04545503	0.02029106	0.04545503
5700	-193.4306	-199.2968	5.866148	0.04330223	0.01142627	0.03187596	0.01142627
5710	-203.19	-208.1133	4.923313	0.08187012	0.04445374	0.03741638	0.04445374
5720	-203.4124	-208.0653	4.65287	0.08443564	0.06094989	0.02348575	0.06094989
5730	-215.5784	-219.1452	3.566875	0.1500174	0.1231668	0.02685067	0.1231668
5740	-197.915	-202.441	4.526036	0.03379272	0.022519	0.01127371	0.022519
5750	-241.134	-242.7265	1.592484	0.2602696	0.197019	0.06325058	0.197019
5760	-209.2597	-213.8074	4.547641	0.07635688	0.006251787	0.07010509	0.006251787
5770	-196.5273	-201.6457	5.118421	0.02970241	0.01610682	0.01359559	0.01610682
5780	-199.2125	-204.3329	5.120381	0.06497364	0.04129973	0.02367391	0.04129973
5790	-221.0174	-224.7052	3.687813	0.1168202	0.04460674	0.07221341	0.04460674
5800	-196.0454	-201.6973	5.651857	0.05436262	0.01675617	0.03760645	0.01675617
5810	-206.0149	-210.8094	4.794494	0.08383947	0.03214153	0.05169795	0.03214153
5820	-210.0942	-213.7337	3.639453	0.1171596	0.09986003	0.01729956	0.09986003
5830	-213.4724	-217.8756	4.403169	0.09081404	0.02042176	0.07039228	0.02042176
5840	-209.9983	-214.6421	4.643831	0.08024304	0.01098252	0.06926051	0.01098252
5850	-193.2337	-199.0914	5.857642	0.04277175	0.009712421	0.03305932	0.009712421
5860	-210.947	-215.203	4.256082	0.1074567	0.05978287	0.0476738	0.05978287
5870	-201.3332	-206.5399	5.206669	0.06999376	0.02262701	0.04736675	0.02262701
5880	-216.1696	-219.9333	3.763775	0.1309859	0.08238027	0.04860564	0.08238027
5890	-212.6082	-216.4579	3.849678	0.1322006	0.1051437	0.02705691	0.1051437
5900	-205.4162	-210.2218	4.805686	0.08464637	0.0368588	0.04778757	0.0368588
5910	-194.6676	-200.3768	5.709266	0.04485783	0.01998871	0.02486912	0.01998871
5920	-248.4146	-249.7449	1.330244	0.2312166	0.1449135	0.08630316	0.1449135
5930	-195.6376	-201.3243	5.686721	0.0528992	0.01672647	0.03617273	0.01672647
5940	-209.2842	-213.8077	4.523519	0.09255857	0.03699678	0.05556179	0.03699678
5950	-214.324	-218.1636	3.839623	0.1345061	0.09716938	0.0373367	0.09716938
5960	-202.2179	-207.1762	4.958316	0.06452593	0.005766482	0.05875945	0.005766482
5970	-192.7528	-198.3886	5.635743	0.0403536	0.004835673	0.03551793	0.004835673
5980	-199.6892	-205.045	5.355809	0.06385315	0.01564241	0.04821074	0.01564241
5990	-223.5596	-226.368	2.808449	0.2061585	0.1802851	0.02587348	0.1802851
6000	-245.0284	-246.2527	1.224332	0.2972946	0.2346934	0.06260121	0.2346934
6010	-213.5198	-217.509	3.989143	0.1214304	0.07568029	0.04575012	0.07568029
6020	-204.1074	-209.0554	4.947923	0.07908287	0.03035931	0.04872355	0.03035931
6030	-202.7785	-207.8991	5.120641	0.07131849	0.01819463	0.05312386	0.01819463
6040	-219.5209	-223.156	3.635168	0.1252086	0.06203414	0.06317448	0.06203414
6050	-214.5677	-218.4585	3.890725	0.1264097	0.08051713	0.0458926	0.08051713
6060	-258.6274	-259.7506	1.123197	0.2094948	0.0996452	0.1098496	0.0996452
6070	-196.5225	-202.0762	5.553742	0.05436481	0.009584904	0.04477991	0.009584904
6080	-246.553	-247.4242	0.8711387	0.4231913	0.3874112	0.03578004	0.3874112
6090	-194.1638	-199.9441	5.780301	0.0429111	0.01742205	0.02548905	0.01742205
6100	-220.3954	-223.4296	3.034165	0.183915	0.1600499	0.02386506	0.1600499
6110	-370.4544	-368.1337	-2.320654	0.30792	0.06891242	0.2390076	0.06891242
6120	-307.5609	-307.7107	0.1498109	0.2150515	0.03655613	0.1784954	0.03655613
6130	-193.6406	-199.4936	5.853071	0.04186279	0.01448033	0.02738246	0.01448033
6140	-200.5211	-205.2617	4.740572	0.06749862	0.04901253	0.01848609	0.04901253
6150	-216.6716	-220.3876	3.716017	0.1335632	0.08498218	0.04858099	0.08498218
6160	-221.3126	-224.8665	3.553957	0.125253	0.05728169	0.06797133	0.05728169
6170	-200.3173	-205.3651	5.047851	0.07070892	0.04510357	0.02560536	0.04510357
6180	-202.2423	-207.0433	4.800988	0.07910766	0.05487318	0.02423448	0.05487318
6190	-226.1497	-229.0285	2.878756	0.1781447	0.1243782	0.05376652	0.1243782
6200	-206.3753	-210.7675	4.392177	0.09917994	0.0743744	0.02480554	0.0743744
6210	-219.3759	-222.8439	3.468065	0.1468086	0.09752795	0.0492807	0.09752795
6220	-194.3425	-200.0346	5.692097	0.02828719	0.009838645	0.01844855	0.009838645
6230	-205.201	-208.8308	3.629882	0.06565982	0.001543901	0.06411592	0.001543901
6240	-199.0552	-204.4306	5.375423	0.06484348	0.02440885	0.04043463	0.02440885
6250	-205.5917	-210.1931	4.60137	0.0946183	0.06374319	0.03087511	0.06374319
6260	-219.438	-222.7562	3.318278	0.1696811	0.1368188	0.03286232	0.1368188
6270	-203.2872	-208.1747	4.887468	0.08315852	0.04817695	0.03498157	0.04817695
6280	-222.1527	-225.0363	2.883634	0.196716	0.1725559	0.02416011	0.1725559
6290	-203.7879	-208.6651	4.877194	0.08368311	0.04480713	0.03887598	0.04480713
6300	-212.5494	-216.4096	3.860198	0.1317775	0.1045086	0.02726891	0.1045086
6310	-236.8297	-238.903	2.073265	0.2090006	0.1400172	0.0689834	0.1400172
6320	-205.6594	-210.4879	4.828501	0.08262297	0.03103766	0.05158531	0.03103766
6330	-197.8014	-202.9839	5.182538	0.05615132	0.03559387	0.02055745	0.03559387
6340	-193.5246	-199.3558	5.831231	0.04436094	0.00987785	0.03448309	0.00987785
6350	-204.951	-209.7302	4.779167	0.08742284	0.04659191	0.04083092	0.04659191
6360	-214.7507	-217.4787	2.727993	0.1423284	0.1290766	0.01325184	0.1290766
6370	-194.3902	-199.9759	5.585671	0.02428071	0.005104702	0.01917601	0.005104702
6380	-200.7931	-205.9081	5.114978	0.07329254	0.04094707	0.03234546	0.04094707
6390	-235.6701	-238.4728	2.80268	0.1415809	0.04994917	0.09163177	0.04994917
6400	-216.0399	-219.558	3.518148	0.1530296	0.1264162	0.02661339	0.1264162
6410	-287.5747	-288.8629	1.288192	0.1737636	0.01162526	0.1621384	0.01162526
6420	-216.2455	-219.9975	3.752087	0.1320099	0.08388365	0.04812624	0.08388365
6430	-226.5218	-229.0946	2.572745	0.2286143	0.2014307	0.02718363	0.2014307
6440	-223.4831	-226.9831	3.499976	0.1230641	0.04845927	0.07460484	0.04845927
6450	-194.1808	-199.9254	5.74465	0.0471783	0.008992945	0.03818535	0.008992945
6460	-247.7077	-248.8063	1.098585	0.2835482	0.2116891	0.07185909	0.2116891
6470	-198.523	-203.917	5.394012	0.06383781	0.02793336	0.03590445	0.02793336
6480	-203.7212	-208.5477	4.826425	0.08545895	0.0519121	0.03354685	0.0519121
6490	-193.6532	-199.5017	5.848476	0.04140333	0.01468195	0.02672139	0.01468195
6500	-229.3743	-232.0978	2.723438	0.1711808	0.1056105	0.06557026	0.1056105
6510	-210.7236	-215.0757	4.352048	0.1001519	0.04643135	0.05372055	0.04643135
6520	-252.2833	-253.3829	1.099616	0.2384115	0.1467794	0.09163212	0.1467794
6530	-196.3582	-201.5844	5.226171	0.02770636	0.01370769	0.01399866	0.01370769
6540	-211.2772	-215.5334	4.25616	0.1058691	0.05530949	0.05055957	0.05530949
6550	-244.2772	-245.4318	1.154628	0.3589135	0.3136905	0.045223	0.3136905
6560	-214.8652	-218.6109	3.745654	0.1412349	0.1079566	0.0332783	0.1079566
6570	-241.9582	-243.5127	1.554455	0.2561418	0.1898283	0.0663135	0.1898283
6580	-264.1651	-265.6815	1.516317	0.175863	0.04793405	0.127929	0.04793405
6590	-195.6057	-201.281	5.675258	0.05243281	0.0124398	0.03999301	0.0124398
6600	-210.367	-214.5711	4.204055	0.1148107	0.07848006	0.0363306	0.07848006
6610	-221.1227	-224.7855	3.662752	0.118152	0.04647488	0.07167715	0.04647488
6620	-203.4478	-208.0928	4.64503	0.08457193	0.0612062	0.02336573	0.0612062
6630	-196.5043	-201.8313	5.327039	0.05261816	0.005200765	0.0474174	0.005200765
6640	-206.3869	-211.2266	4.839646	0.08019726	0.02272468	0.05747258	0.02272468
6650	-198.9397	-203.8142	4.874455	0.05847693	0.04096799	0.01750895	0.04096799
6660	-199.3678	-204.252	4.884167	0.05778569	0.003650544	0.05413514	0.003650544
6670	-235.8425	-237.8341	1.991622	0.2459254	0.1916229	0.05430242	0.1916229
6680	-202.3916	-207.3235	4.931908	0.08019402	0.04898713	0.03120689	0.04898713
6690	-206.2371	-210.472	4.234902	0.09756127	0.07706253	0.02049874	0.07706253
6700	-197.7997	-203.0829	5.283151	0.05844797	0.03494073	0.02350724	0.03494073
6710	-197.1918	-202.7427	5.550969	0.05834609	0.01908601	0.03926008	0.01908601
6720	-229.4271	-232.7659	3.338781	0.1222107	0.03404187	0.08816883	0.03404187
6730	-193.8386	-199.3587	5.520075	0.04493583	0.004828455	0.04010737	0.004828455
6740	-232.7288	-235.0434	2.314527	0.2111168	0.1528664	0.0582504	0.1528664
6750	-200.2314	-205.4163	5.184903	0.07089854	0.03770238	0.03319616	0.03770238
6760	-202.1117	-207.2539	5.142179	0.07207029	0.02356921	0.04850108	0.02356921
6770	-212.7423	-216.8882	4.145889	0.1091601	0.05592945	0.05323063	0.05592945
6780	-207.0926	-211.8487	4.756149	0.0836111	0.02716026	0.05645085	0.02716026
6790	-193.3245	-199.2077	5.883194	0.04063424	0.01278333	0.02785091	0.01278333
6800	-225.985	-229.4146	3.429632	0.1223476	0.04160417	0.08074345	0.04160417
6810	-192.4071	-198.2253	5.818223	0.03177963	0.005872759	0.02590687	0.005872759
6820	-201.8681	-206.9339	5.065773	0.07628488	0.03817808	0.0381068	0.03817808
6830	-213.7233	-217.6964	3.973112	0.1219967	0.0758791	0.04611757	0.0758791
6840	-250.1152	-251.2159	1.100674	0.2544584	0.1707968	0.08366165	0.1707968
6850	-215.1566	-218.955	3.798437	0.1345093	0.09294285	0.04156645	0.09294285
6860	-197.7956	-203.0839	5.288354	0.05853393	0.03485748	0.02367645	0.03485748
6870	-216.2512	-219.5026	3.251418	0.156205	0.1360053	0.02019974	0.1360053
6880	-212.8505	-216.7554	3.904855	0.1314191	0.1002677	0.03115139	0.1002677
6890	-195.4794	-200.8964	5.417003	0.02201684	0.004487632	0.0175292	0.004487632
6900	-199.3318	-204.6884	5.356662	0.06546095	0.02381962	0.04164133	0.02381962
6910	-237.9658	-239.86	1.894105	0.2328966	0.1690047	0.06389188	0.1690047
6920	-221.8731	-225.8534	3.980313	0.09926582	0.01426673	0.08499909	0.01426673
6930	-208.585	-212.6848	4.099835	0.110534	0.08785974	0.02267425	0.08785974
6940	-211.5752	-215.6856	4.110327	0.1190673	0.08051668	0.0385506	0.08051668
6950	-196.5725	-202.1074	5.534879	0.05556614	0.02664712	0.02891902	0.02664712
6960	-309.8243	-310.3856	0.561256	0.1976316	0.01222908	0.1854026	0.01222908
6970	-202.1869	-207.3478	5.160945	0.06760149	0.01216024	0.05544125	0.01216024
6980	-193.7096	-199.1944	5.484806	0.02500588	0.003666098	0.02133978	0.003666098
6990	-273.0196	-271.3408	-1.678775	0.9381703	0.900856	0.03731434	0.900856
7000	-246.3651	-248.9755	2.61037	0.1227848	0.00473529	0.1180496	0.00473529
7010	-193.2089	-199.0743	5.865395	0.03343493	0.01055215	0.02288278	0.01055215
7020	-225.8653	-228.9973	3.132002	0.1440626	0.07470128	0.06936132	0.07470128
7030	-221.9038	-225.3101	3.406321	0.1359343	0.07249469	0.06343962	0.07249469
7040	-194.4794	-200.1254	5.646085	0.03295803	0.01434219	0.01861584	0.01434219
7050	-237.4291	-239.6047	2.175587	0.1885302	0.1112829	0.07724737	0.1112829
7060	-266.6027	-267.7418	1.139148	0.1932785	0.06656344	0.1267151	0.06656344
7070	-200.3573	-205.6542	5.29685	0.06663792	0.01935685	0.04728106	0.01935685
7080	-217.8494	-221.0063	3.156937	0.166916	0.1456982	0.02121785	0.1456982
7090	-210.4205	-214.5522	4.1317	0.1184272	0.08749153	0.03093567	0.08749153
7100	-360.1099	-358.7725	-1.337422	0.2670127	0.03370979	0.2333029	0.03370979
7110	-218.2439	-222.041	3.797109	0.1167543	0.05178911	0.06496521	0.05178911
7120	-202.4084	-207.1426	4.734162	0.07940274	0.05663396	0.02276878	0.05663396
7130	-199.6328	-204.985	5.352252	0.06502677	0.01961434	0.04541243	0.01961434
7140	-204.6084	-209.5998	4.991375	0.07478782	0.01811594	0.05667188	0.01811594
7150	-249.8345	-250.1204	0.2858737	0.5136344	0.4906348	0.02299956	0.4906348
7160	-218.5502	-222.0373	3.487117	0.1526052	0.1104435	0.04216175	0.1104435
7170	-207.1536	-211.5628	4.409199	0.102656	0.0739546	0.0287014	0.0739546
7180	-195.3207	-201.0302	5.709535	0.05149364	0.01811438	0.03337926	0.01811438
7190	-196.12	-201.7588	5.638792	0.05419247	0.01355698	0.04063549	0.01355698
7200	-254.7177	-254.8706	0.152959	0.5179524	0.4764357	0.04151661	0.4764357
7210	-271.4241	-272.3018	0.8777251	0.2025994	0.07105938	0.13154	0.07105938
7220	-231.9642	-234.4987	2.534552	0.1780213	0.1090265	0.06899473	0.1090265
7230	-192.6067	-197.6456	5.038923	0.0296246	0.002048472	0.02757613	0.002048472
7240	-194.1396	-199.9289	5.789327	0.04331943	0.01720724	0.02611219	0.01720724
7250	-211.6446	-213.1322	1.487546	0.01228417	0.007517301	0.004766873	0.007517301
7260	-212.7434	-215.9052	3.161796	0.07709425	0.001519909	0.07557434	0.001519909
7270	-221.8142	-224.83	3.015781	0.1912692	0.1634613	0.02780799	0.1634613
7280	-241.3173	-244.3405	3.02316	0.1254259	0.01640465	0.1090213	0.01640465
7290	-199.0376	-204.4233	5.385634	0.06440161	0.02276857	0.04163304	0.02276857
7300	-204.4294	-208.4513	4.021893	0.01329139	0.002620174	0.01067122	0.002620174
7310	-195.2508	-200.9421	5.691273	0.05018592	0.020805	0.02938092	0.020805
7320	-219.2079	-222.8064	3.598495	0.1302969	0.07117199	0.05912489	0.07117199
7330	-272.0651	-271.1998	-0.8652696	0.4467971	0.3570672	0.08972988	0.3570672
7340	-196.998	-202.5508	5.552813	0.05804538	0.02218063	0.03586475	0.02218063
7350	-217.4127	-220.9648	3.552152	0.1520695	0.1147625	0.03730697	0.1147625
7360	-215.1923	-218.6193	3.42705	0.1492653	0.1275695	0.02169578	0.1275695
7370	-192.8693	-198.6606	5.791312	0.04122781	0.006867804	0.03436001	0.006867804
7380	-193.7431	-199.5412	5.798165	0.035811	0.0138522	0.0219588	0.0138522
7390	-198.1145	-203.2526	5.138182	0.05757719	0.03712102	0.02045617	0.03712102
7400	-217.3722	-221.2668	3.894597	0.1123917	0.04696483	0.06542691	0.04696483
7410	-201.486	-206.1356	4.649629	0.07258198	0.05374623	0.01883575	0.05374623
7420	-227.4797	-230.0245	2.54478	0.2327658	0.2026768	0.03008893	0.2026768
7430	-220.2389	-221.6646	1.425649	0.1744106	0.1648054	0.009605285	0.1648054
7440	-196.8431	-201.7923	4.949251	0.03662163	0.02297381	0.01364782	0.02297381
7450	-242.3441	-243.3218	0.9776807	0.4034608	0.3807434	0.02271748	0.3807434
7460	-196.7015	-201.7686	5.067095	0.04142939	0.02616872	0.01526067	0.02616872
7470	-247.9701	-250.7419	2.77183	0.1288605	0.01018753	0.1186729	0.01018753
7480	-212.2556	-216.1273	3.871705	0.130358	0.1037632	0.0265948	0.1037632
7490	-218.3004	-221.672	3.371529	0.1655121	0.1360053	0.02950679	0.1360053
7500	-229.5841	-232.1429	2.55876	0.2014018	0.1479731	0.05342874	0.1479731
7510	-194.6167	-199.8777	5.261022	0.04667942	0.003633237	0.04304618	0.003633237
7520	-207.5407	-212.0157	4.475079	0.1014404	0.06533862	0.03610179	0.06533862
7530	-198.5005	-203.639	5.13846	0.06044118	0.03876517	0.02167601	0.03876517
7540	-239.5507	-241.1847	1.63395	0.2854842	0.2334857	0.05199848	0.2334857
7550	-204.7076	-209.4705	4.762908	0.0885076	0.05174499	0.03676262	0.05174499
7560	-208.3987	-212.6175	4.21877	0.1095125	0.08379057	0.02572191	0.08379057
7570	-230.6905	-233.2476	2.557079	0.1860212	0.123312	0.06270919	0.123312
7580	-193.5855	-199.2216	5.636114	0.04436196	0.005735022	0.03862694	0.005735022
7590	-227.2167	-229.8202	2.603464	0.2271002	0.1947164	0.03238375	0.1947164
7600	-208.7581	-213.0809	4.322892	0.1088405	0.07566321	0.03317724	0.07566321
7610	-213.5766	-217.7088	4.132253	0.1069778	0.04907425	0.05790359	0.04907425
7620	-206.3318	-210.9067	4.574916	0.09675993	0.06236717	0.03439276	0.06236717
7630	-257.4391	-258.204	0.7648195	0.2530669	0.1557605	0.09730632	0.1557605
7640	-216.0016	-218.9697	2.968145	0.1533188	0.1371743	0.01614446	0.1371743
7650	-249.2796	-251.6137	2.334044	0.1497836	0.03698683	0.1127968	0.03698683
7660	-206.5495	-211.3992	4.84964	0.07905308	0.01971546	0.05933762	0.01971546
7670	-204.9671	-209.9071	4.940063	0.07745789	0.02253772	0.05492018	0.02253772
7680	-203.2041	-208.1361	4.932063	0.08150768	0.04308004	0.03842764	0.04308004
7690	-233.3767	-236.5801	3.203352	0.1243773	0.0293984	0.09497894	0.0293984
7700	-203.3111	-208.2513	4.940192	0.08105153	0.04069783	0.0403537	0.04069783
7710	-222.2125	-225.1094	2.896893	0.1967815	0.1720582	0.02472329	0.1720582
7720	-226.7815	-230.4194	3.637867	0.111089	0.02249422	0.08859477	0.02249422
7730	-239.0015	-240.8311	1.829565	0.2329674	0.1666703	0.06629704	0.1666703
7740	-218.3837	-221.9384	3.554736	0.142518	0.0939424	0.04857559	0.0939424
7750	-224.7512	-227.0463	2.295089	0.2197048	0.2020327	0.01767205	0.2020327
7760	-193.7395	-199.5197	5.780235	0.02936131	0.009196356	0.02016496	0.009196356
7770	-211.6558	-215.8645	4.208654	0.07852939	0.004252083	0.0742773	0.004252083
7780	-236.3333	-238.3153	1.981965	0.2379338	0.1796891	0.05824472	0.1796891
7790	-197.9166	-203.4119	5.495212	0.06005175	0.01732987	0.04272188	0.01732987
7800	-202.3669	-206.8146	4.44777	0.07563125	0.0582939	0.01733735	0.0582939
7810	-200.6481	-205.3684	4.720293	0.06804773	0.04964547	0.01840227	0.04964547
7820	-200.7824	-205.8032	5.02077	0.06165143	0.005350037	0.05630139	0.005350037
7830	-222.5168	-225.8413	3.324464	0.1413862	0.0792909	0.06209533	0.0792909
7840	-211.3006	-215.4818	4.181212	0.1132128	0.0697097	0.04350312	0.0697097
7850	-266.4723	-268.512	2.039777	0.1495157	0.009860398	0.1396553	0.009860398
7860	-201.7028	-206.9011	5.19831	0.06924956	0.01848839	0.05076118	0.01848839
7870	-196.0436	-201.5762	5.532626	0.05129777	0.02646835	0.02482942	0.02646835
7880	-220.5713	-223.9628	3.391497	0.1473092	0.09432894	0.05298024	0.09432894
7890	-232.1894	-234.1172	1.927722	0.285268	0.2621962	0.0230718	0.2621962
7900	-201.7706	-206.8387	5.068077	0.07616684	0.03884088	0.03732596	0.03884088
7910	-218.0396	-221.4293	3.389783	0.1640708	0.1348752	0.02919567	0.1348752
7920	-193.2941	-198.9469	5.652845	0.04314945	0.005584021	0.03756543	0.005584021
7930	-206.609	-211.4019	4.792903	0.08252905	0.02678831	0.05574073	0.02678831
7940	-222.3989	-225.6191	3.220212	0.1573771	0.1043856	0.05299142	0.1043856
7950	-193.1202	-198.7621	5.641854	0.02705792	0.004434932	0.02262299	0.004434932
7960	-263.2892	-262.5066	-0.7825953	0.736086	0.7043491	0.03173685	0.7043491
7970	-192.5622	-198.4425	5.880323	0.0382295	0.007896209	0.03033329	0.007896209
7980	-249.1112	-251.729	2.617825	0.1378936	0.02084929	0.1170443	0.02084929
7990	-198.1847	-203.6358	5.451106	0.06208033	0.02332801	0.03875232	0.02332801
8000	-196.8444	-202.0512	5.206828	0.04835678	0.03017242	0.01818436	0.03017242
8010	-202.1282	-206.6623	4.534141	0.07520191	0.05703364	0.01816827	0.05703364
8020	-203.549	-208.4041	4.855169	0.08442967	0.049941	0.03448868	0.049941
8030	-206.1982	-211.0893	4.891074	0.07486656	0.01239632	0.06247024	0.01239632
8040	-196.479	-202.0197	5.540695	0.05505003	0.02651014	0.02853988	0.02651014
8050	-236.1715	-238.1713	1.999788	0.2357829	0.1772448	0.05853809	0.1772448
8060	-222.268	-226.104	3.836074	0.1069397	0.0257613	0.08117843	0.0257613
8070	-204.2859	-209.1579	4.872031	0.08321965	0.03980188	0.04341777	0.03980188
8080	-250.572	-251.3383	0.7663074	0.3308968	0.2635089	0.06738796	0.2635089
8090	-202.5573	-207.3335	4.776162	0.08065572	0.05612991	0.02452581	0.05612991
8100	-209.6582	-211.6605	2.002283	0.01078782	0.0007074117	0.01008041	0.0007074117
8110	-237.0497	-239.6797	2.629973	0.1494814	0.05845793	0.09102348	0.05845793
8120	-217.3188	-220.785	3.466117	0.1589997	0.129257	0.0297427	0.129257
8130	-217.381	-220.6899	3.308917	0.1630401	0.1392517	0.02378836	0.1392517
8140	-222.6448	-225.7944	3.149622	0.1686179	0.1211155	0.04750246	0.1211155
8150	-211.9331	-216.4696	4.536549	0.08404899	0.01250634	0.07154265	0.01250634
8160	-240.9371	-243.5995	2.662418	0.1420532	0.04075408	0.1012991	0.04075408
8170	-201.5112	-204.6507	3.139525	0.05132151	0.04283552	0.008485988	0.04283552
8180	-223.044	-226.4129	3.368899	0.134256	0.06688399	0.06737204	0.06688399
8190	-221.3976	-225.3932	3.995563	0.09579823	0.009783161	0.08601507	0.009783161
8200	-229.7473	-232.2479	2.500653	0.2158675	0.1680665	0.04780109	0.1680665
8210	-209.7178	-214.131	4.413138	0.09904999	0.04822994	0.05082005	0.04822994
8220	-206.4657	-211.2661	4.800408	0.08241217	0.02711633	0.05529584	0.02711633
8230	-213.6659	-217.6995	4.03362	0.1153939	0.06394969	0.05144425	0.06394969
8240	-203.8901	-208.7381	4.84804	0.08493597	0.04791934	0.03701663	0.04791934
8250	-194.9033	-200.559	5.655697	0.04471997	0.02124833	0.02347164	0.02124833
8260	-232.0622	-235.1477	3.085436	0.131558	0.04258294	0.08897505	0.04258294
8270	-205.7621	-209.3788	3.616748	0.08839773	0.07526214	0.01313559	0.07526214
8280	-198.1739	-203.6369	5.463042	0.06161848	0.02109693	0.04052155	0.02109693
8290	-260.3867	-261.06	0.6733575	0.2489804	0.1457312	0.1032492	0.1457312
8300	-202.9728	-207.9935	5.020701	0.07728266	0.03231876	0.04496389	0.03231876
8310	-194.0793	-199.8169	5.737651	0.03634914	0.01533614	0.021013	0.01533614
8320	-240.2707	-242.9671	2.696398	0.1411128	0.04063817	0.1004746	0.04063817
8330	-270.2635	-271.3355	1.071988	0.1928917	0.06055672	0.132335	0.06055672
8340	-192.247	-197.9641	5.717028	0.03645848	0.004935322	0.03152316	0.004935322
8350	-232.1523	-234.2696	2.117336	0.2747086	0.2447729	0.0299357	0.2447729
8360	-219.0628	-222.5364	3.473556	0.1493224	0.1028271	0.04649527	0.1028271
8370	-218.9722	-222.3492	3.376972	0.1652052	0.1310167	0.03418854	0.1310167
8380	-199.1908	-204.4446	5.253795	0.05941973	0.007012843	0.05240689	0.007012843
8390	-201.9737	-206.9587	4.985001	0.07830729	0.04641401	0.03189329	0.04641401
8400	-203.1987	-207.8176	4.618938	0.08288558	0.0609075	0.02197808	0.0609075
8410	-196.3371	-201.4623	5.125204	0.03619514	0.0215278	0.01466735	0.0215278
8420	-194.4532	-200.2419	5.788685	0.04766441	0.01585634	0.03180806	0.01585634
8430	-196.2626	-201.8418	5.579173	0.05373314	0.009750535	0.0439826	0.009750535
8440	-234.8919	-237.1502	2.258243	0.1958129	0.1267056	0.06910729	0.1267056
8450	-233.1147	-236.5445	3.429818	0.1116545	0.0109942	0.1006603	0.0109942
8460	-211.4761	-215.045	3.568928	0.1257215	0.1076021	0.01811936	0.1076021
8470	-201.3	-205.8053	4.505338	0.069301	0.05279497	0.01650603	0.05279497
8480	-202.5499	-207.5852	5.035302	0.07719847	0.03504906	0.04214941	0.03504906
8490	-213.4204	-217.1525	3.732149	0.1375161	0.1120334	0.02548264	0.1120334
8500	-207.7457	-212.5207	4.775034	0.08075502	0.01894113	0.06181388	0.01894113
8510	-207.8376	-212.3391	4.501439	0.09903696	0.05728093	0.04175604	0.05728093
8520	-218.4814	-221.9109	3.429521	0.1613503	0.1264862	0.03486403	0.1264862
8530	-208.7317	-213.21	4.478379	0.09756995	0.04946632	0.04810363	0.04946632
8540	-252.1051	-251.6391	-0.4659846	0.564753	0.5493174	0.01543553	0.5493174
8550	-203.7693	-208.1433	4.374017	0.08372897	0.06525033	0.01847864	0.06525033
8560	-222.1139	-225.3129	3.198957	0.1653326	0.1177899	0.04754277	0.1177899
8570	-242.4667	-244.3831	1.916401	0.1917096	0.1053436	0.08636598	0.1053436
8580	-193.9976	-199.8117	5.81404	0.04342433	0.01627338	0.02715095	0.01627338
8590	-195.3191	-200.7705	5.451397	0.03799045	0.02021545	0.017775	0.02021545
8600	-198.1476	-203.4073	5.259689	0.06041992	0.03623728	0.02418264	0.03623728
8610	-197.7059	-202.6272	4.921264	0.04893305	0.03322761	0.01570545	0.03322761
8620	-212.4653	-216.5983	4.132938	0.111763	0.06182476	0.04993819	0.06182476
8630	-202.0353	-207.0806	5.04532	0.07706512	0.03928512	0.03778	0.03928512
8640	-193.0342	-198.9194	5.88527	0.03397636	0.01015262	0.02382374	0.01015262
8650	-202.8301	-207.9542	5.124082	0.07021539	0.01535386	0.05486153	0.01535386
8660	-195.325	-200.7856	5.460581	0.03902186	0.0208562	0.01816566	0.0208562
8670	-193.3146	-199.1859	5.871328	0.04276416	0.01092035	0.03184382	0.01092035
8680	-211.6983	-215.9336	4.235328	0.1058508	0.05363262	0.05221815	0.05363262
8690	-221.8962	-225.4238	3.527629	0.1253846	0.05599106	0.06939352	0.05599106
8700	-197.3522	-202.2875	4.935315	0.02692942	0.01462514	0.01230427	0.01462514
8710	-203.8506	-208.7008	4.850188	0.08484498	0.04800739	0.03683759	0.04800739
8720	-209.127	-212.7485	3.62147	0.1106615	0.09462471	0.01603683	0.09462471
8730	-274.7293	-273.551	-1.178241	0.5026383	0.4152379	0.08740044	0.4152379
8740	-193.8115	-199.1531	5.341556	0.04413245	0.003655754	0.0404767	0.003655754
8750	-214.0199	-217.9493	3.92931	0.1254502	0.08107469	0.04437553	0.08107469
8760	-219.2132	-223.0501	3.836888	0.1116584	0.04081156	0.07084685	0.04081156
8770	-249.4299	-251.6799	2.250046	0.1534943	0.04179892	0.1116954	0.04179892
8780	-208.5578	-212.7165	4.158683	0.1104523	0.08622129	0.02423104	0.08622129
8790	-240.9766	-242.6662	1.68966	0.237725	0.16838	0.06934492	0.16838
8800	-195.9368	-201.5978	5.661046	0.0539907	0.01683567	0.03715503	0.01683567
8810	-209.298	-213.774	4.476011	0.09575587	0.04332668	0.05242919	0.04332668
8820	-198.706	-204.1335	5.427454	0.06257667	0.01910933	0.04346734	0.01910933
8830	-193.4666	-199.2607	5.794067	0.04422386	0.008344936	0.03587893	0.008344936
8840	-257.7251	-257.4049	-0.3202369	0.6398208	0.6121261	0.0276947	0.6121261
8850	-194.4051	-200.159	5.753909	0.04811692	0.01027119	0.03784573	0.01027119
8860	-276.9186	-275.8495	-1.069068	0.4327931	0.332973	0.09982005	0.332973
8870	-203.1134	-207.5406	4.427249	0.08019276	0.06198383	0.01820893	0.06198383
8880	-213.9148	-217.7954	3.880637	0.1320212	0.09440095	0.03762025	0.09440095
8890	-239.1171	-238.9435	-0.1735604	0.3613108	0.3511609	0.01014996	0.3511609
8900	-214.2285	-218.1223	3.893846	0.1285719	0.08603595	0.04253597	0.08603595
8910	-195.8572	-201.1585	5.301278	0.03109356	0.01610357	0.01498999	0.01610357
8920	-311.586	-307.3635	-4.222541	0.9701869	0.8597464	0.1104405	0.8597464
8930	-240.2295	-241.7045	1.475042	0.3387164	0.3008764	0.03784003	0.3008764
8940	-200.1532	-205.2827	5.129417	0.07059342	0.04191136	0.02868205	0.04191136
8950	-221.9866	-225.9416	3.95497	0.1010547	0.01689654	0.08415814	0.01689654
8960	-205.9044	-209.5374	3.633001	0.08951163	0.0761609	0.01335073	0.0761609
8970	-224.0514	-226.8813	2.829925	0.2071295	0.178467	0.02866253	0.178467
8980	-197.4982	-202.4563	4.958059	0.04779947	0.0320457	0.01575377	0.0320457
8990	-262.5203	-264.4408	1.920422	0.1593836	0.0288086	0.130575	0.0288086
9000	-229.1636	-231.6696	2.50599	0.2271716	0.1864423	0.04072926	0.1864423
9010	-204.7275	-209.1668	4.439217	0.06705805	0.003280299	0.06377775	0.003280299
9020	-201.1235	-206.3054	5.181838	0.07176159	0.02946523	0.04229636	0.02946523
9030	-193.7017	-199.0255	5.32387	0.04363455	0.003517074	0.04011747	0.003517074
9040	-198.2816	-203.5434	5.26175	0.06137624	0.03648891	0.02488733	0.03648891
9050	-290.5008	-290.5289	0.02808885	0.2309463	0.07869101	0.1522553	0.07869101
9060	-204.0735	-209.0926	5.019154	0.07462573	0.02001582	0.05460991	0.02001582
9070	-200.5635	-205.7617	5.198126	0.07127439	0.03344175	0.03783264	0.03344175
9080	-217.4117	-221.0394	3.627717	0.1403133	0.09382906	0.04648421	0.09382906
9090	-195.5815	-201.2722	5.690642	0.05262687	0.01491218	0.03771469	0.01491218
9100	-198.1606	-202.8358	4.675212	0.04726907	0.0335217	0.01374737	0.0335217
9110	-204.9853	-209.6992	4.71382	0.09054401	0.05572983	0.03481418	0.05572983
9120	-216.4015	-220.0963	3.694856	0.1392804	0.0961268	0.04315363	0.0961268
9130	-309.8615	-305.8418	-4.01976	0.9124096	0.8013075	0.1111021	0.8013075
9140	-195.0605	-200.7378	5.677261	0.0476734	0.0215455	0.0261279	0.0215455
9150	-210.7278	-215.3129	4.585102	0.080674	0.009762338	0.07091166	0.009762338
9160	-237.5564	-239.4972	1.940803	0.2277066	0.1631427	0.06456393	0.1631427
9170	-198.0759	-203.5203	5.444361	0.06208279	0.02576791	0.03631488	0.02576791
9180	-228.409	-231.0236	2.614564	0.2087707	0.1621686	0.04660216	0.1621686
9190	-199.9012	-205.1178	5.216529	0.06958634	0.03669192	0.03289442	0.03669192
9200	-193.2706	-198.9178	5.647122	0.02667983	0.004589172	0.02209065	0.004589172
9210	-231.9886	-234.0221	2.033464	0.2800707	0.2544562	0.02561451	0.2544562
9220	-199.0043	-204.068	5.063743	0.06255285	0.04123137	0.02132147	0.04123137
9230	-193.5363	-199.3548	5.818499	0.03202141	0.01077503	0.02124638	0.01077503
9240	-215.0962	-219.3952	4.298991	0.08609937	0.008148093	0.07795128	0.008148093
9250	-213.7956	-217.693	3.897416	0.1308003	0.09257294	0.03822735	0.09257294
9260	-193.5286	-199.3964	5.867884	0.04248814	0.01334827	0.02913987	0.01334827
9270	-229.5465	-232.1225	2.576001	0.1974818	0.1425179	0.05496386	0.1425179
9280	-237.788	-239.8737	2.0857	0.1983329	0.1236619	0.07467101	0.1236619
9290	-234.2743	-236.9056	2.631313	0.1563754	0.07368933	0.08268604	0.07368933
9300	-208.7969	-213.132	4.335126	0.1083062	0.07381027	0.03449595	0.07381027
9310	-199.443	-204.6154	5.172341	0.06718338	0.04036638	0.026817	0.04036638
9320	-219.3034	-222.7484	3.445046	0.1518177	0.1060864	0.0457313	0.1060864
9330	-219.6046	-223.6966	4.092043	0.09709585	0.01581122	0.08128463	0.01581122
9340	-197.2842	-202.5767	5.292503	0.05471234	0.03299323	0.02171912	0.03299323
9350	-211.2877	-215.4648	4.177175	0.113709	0.07078731	0.04292173	0.07078731
9360	-219.0662	-222.5461	3.479889	0.1481338	0.1008322	0.04730164	0.1008322
9370	-201.7116	-206.8501	5.138552	0.07312056	0.02909784	0.04402272	0.02909784
9380	-206.1164	-210.7287	4.612324	0.09511433	0.0592915	0.03582283	0.0592915
9390	-219.2272	-222.7316	3.504407	0.1423243	0.09068382	0.05164047	0.09068382
9400	-203.7481	-207.8399	4.091833	0.08032148	0.06519701	0.01512447	0.06519701
9410	-207.2869	-212.0566	4.769692	0.08234841	0.0238066	0.05854181	0.0238066
9420	-214.7361	-218.6815	3.945331	0.118645	0.06590509	0.05273991	0.06590509
9430	-210.0544	-214.2841	4.229691	0.1135581	0.07764243	0.03591563	0.07764243
9440	-194.7725	-198.1172	3.344719	0.03995017	0.000747427	0.03920274	0.000747427
9450	-195.447	-200.9563	5.50927	0.0440505	0.02353634	0.02051416	0.02353634
9460	-280.7636	-282.264	1.500409	0.1684644	0.0141668	0.1542976	0.0141668
9470	-202.7033	-207.357	4.653654	0.08028969	0.05874592	0.02154376	0.05874592
9480	-195.7224	-201.0486	5.326117	0.03695765	0.02061977	0.01633788	0.02061977
9490	-202.6932	-207.1792	4.485967	0.07822698	0.05983311	0.01839387	0.05983311
9500	-195.5652	-200.9914	5.426197	0.02200932	0.004716949	0.01729237	0.004716949
9510	-242.3286	-243.8156	1.487017	0.2687938	0.2051007	0.06369305	0.2051007
9520	-302.0044	-301.9401	-0.06434311	0.2264803	0.05776198	0.1687183	0.05776198
9530	-192.2655	-198.0075	5.741983	0.03664232	0.005193918	0.0314484	0.005193918
9540	-196.7975	-202.2112	5.41364	0.05401689	0.03026444	0.02375245	0.03026444
9550	-203.9718	-209.0068	5.035009	0.07072269	0.01180949	0.0589132	0.01180949
9560	-206.0587	-210.7293	4.670561	0.09189575	0.05084506	0.04105069	0.05084506
9570	-239.7016	-241.1212	1.41963	0.3556038	0.3260443	0.02955949	0.3260443
9580	-223.8866	-226.7812	2.894653	0.202328	0.1707609	0.03156708	0.1707609
9590	-209.9764	-214.29	4.313529	0.1067008	0.06273645	0.04396438	0.06273645
9600	-195.5329	-201.2287	5.695848	0.05248527	0.01549888	0.03698638	0.01549888
9610	-231.9231	-234.2909	2.367826	0.2110281	0.1549006	0.05612752	0.1549006
9620	-195.534	-200.9283	5.394395	0.03106042	0.01536452	0.0156959	0.01536452
9630	-193.0196	-198.9196	5.900009	0.03684558	0.01114003	0.02570555	0.01114003
9640	-196.5711	-200.8022	4.231107	0.04900682	0.001528415	0.04747841	0.001528415
9650	-266.8462	-265.8154	-1.030887	0.7582688	0.7179658	0.04030304	0.7179658
9660	-193.6139	-199.4308	5.816972	0.03511186	0.01301178	0.02210008	0.01301178
9670	-192.5213	-198.4221	5.900765	0.03606882	0.008162573	0.02790625	0.008162573
9680	-208.6361	-213.0432	4.407072	0.1038722	0.0638339	0.04003835	0.0638339
9690	-197.6004	-203.0339	5.433583	0.05657608	0.00840262	0.04817346	0.00840262
9700	-214.5949	-218.4422	3.847281	0.1320584	0.09095724	0.04110114	0.09095724
9710	-229.126	-232.2211	3.095055	0.1363585	0.05578354	0.08057496	0.05578354
9720	-200.4977	-205.785	5.287317	0.06454657	0.01283208	0.0517145	0.01283208
9730	-204.4316	-209.3316	4.899955	0.08121077	0.03382986	0.04738091	0.03382986
9740	-200.1905	-205.4826	5.292123	0.06749267	0.02319553	0.04429714	0.02319553
9750	-205.2657	-209.3982	4.132491	0.09058341	0.07323826	0.01734516	0.07323826
9760	-202.0855	-204.4233	2.33778	0.04275733	0.036208	0.006549335	0.036208
9770	-197.9896	-203.053	5.063346	0.0549169	0.03636317	0.01855373	0.03636317
9780	-207.0047	-211.5649	4.560232	0.09706086	0.05772185	0.03933901	0.05772185
9790	-237.8648	-238.9794	1.114551	0.3522549	0.3342905	0.01796444	0.3342905
9800	-218.4559	-221.7682	3.312334	0.1682467	0.1409227	0.02732403	0.1409227
9810	-195.4453	-200.9674	5.522121	0.02498843	0.008735498	0.01625294	0.008735498
9820	-204.6317	-209.5364	4.904725	0.08045355	0.03095563	0.04949792	0.03095563
9830	-198.7736	-203.5847	4.811095	0.02165707	0.01025997	0.01139709	0.01025997
9840	-261.5155	-261.6305	0.1150032	0.3344251	0.2462097	0.08821539	0.2462097
9850	-211.2126	-215.1767	3.964049	0.1245628	0.09822769	0.02633506	0.09822769
9860	-209.411	-213.9271	4.516151	0.09269868	0.03680025	0.05589843	0.03680025
9870	-194.4107	-200.1924	5.781697	0.04815879	0.01232275	0.03583604	0.01232275
9880	-235.1207	-237.0498	1.929059	0.2896527	0.2533136	0.0363391	0.2533136
9890	-200.7797	-205.9147	5.13499	0.06251586	0.006940477	0.05557539	0.006940477
9900	-233.5732	-236.3957	2.822492	0.1442953	0.05799263	0.08630269	0.05799263
9910	-197.4386	-202.7559	5.317233	0.05654881	0.03340525	0.02314357	0.03340525
9920	-197.8682	-203.2659	5.397737	0.06112957	0.03145192	0.02967765	0.03145192
9930	-200.2004	-205.4401	5.239735	0.06975859	0.03150709	0.0382515	0.03150709
9940	-254.3182	-256.7864	2.468139	0.1408203	0.01650663	0.1243136	0.01650663
9950	-240.1824	-242.5283	2.345899	0.1617634	0.06949231	0.09227105	0.06949231
9960	-219.1747	-223.1703	3.99562	0.1032119	0.02696759	0.07624433	0.02696759
9970	-211.8484	-216.0688	4.220361	0.1065082	0.05430591	0.05220232	0.05430591
9980	-228.4759	-231.0538	2.57788	0.2190059	0.1769352	0.04207071	0.1769352
9990	-211.7387	-216.0726	4.333942	0.09833774	0.03939623	0.05894151	0.03939623
10000	-195.4939	-200.8311	5.33721	0.04973767	0.004567847	0.04516982	0.004567847
