Iteration	Posterior	Likelihood	Prior	birth_rate	death_rate	diversification	turnover
0	-192.2483	-198.0521	5.803854	0.03575359	0.005795755	0.02995784	0.005795755
10	-192.7703	-198.3914	5.621146	0.04041136	0.004731846	0.03567951	0.004731846
20	-192.5075	-198.376	5.868476	0.03802671	0.007464413	0.0305623	0.007464413
30	-194.9134	-200.6628	5.749398	0.05008578	0.01497191	0.03511387	0.01497191
40	-195.0077	-200.6117	5.604	0.04953293	0.007291631	0.0422413	0.007291631
50	-195.2062	-200.6715	5.46539	0.03420532	0.01724992	0.0169554	0.01724992
60	-193.7709	-198.2769	4.506069	0.02565726	0.001367076	0.02429018	0.001367076
70	-192.4551	-198.1658	5.710679	0.03852104	0.005172568	0.03334847	0.005172568
80	-194.2624	-200.0041	5.741725	0.04121966	0.01785972	0.02335994	0.01785972
90	-194.0763	-199.8896	5.813223	0.04458646	0.01620223	0.02838423	0.01620223
100	-192.1897	-197.8429	5.653196	0.03217262	0.004161652	0.02801096	0.004161652
110	-193.3113	-199.1406	5.829273	0.03016741	0.008547299	0.02162011	0.008547299
120	-195.7261	-201.3907	5.664553	0.05299098	0.02031536	0.03267562	0.02031536
130	-194.6609	-200.3463	5.685446	0.04325895	0.01998691	0.02327204	0.01998691
140	-192.3314	-198.164	5.832618	0.03667334	0.006375035	0.0302983	0.006375035
150	-192.9213	-198.7914	5.870082	0.04098703	0.008875792	0.03211124	0.008875792
160	-192.753	-198.6453	5.892342	0.03321557	0.008525077	0.0246905	0.008525077
170	-194.7522	-200.3363	5.584089	0.03268764	0.01487111	0.01781652	0.01487111
180	-192.5513	-198.3954	5.844149	0.03150961	0.006496308	0.0250133	0.006496308
190	-193.9304	-199.7364	5.806044	0.04619784	0.01065935	0.03553849	0.01065935
200	-193.1381	-199.0347	5.896601	0.03932491	0.01188748	0.02743743	0.01188748
210	-197.3032	-202.8284	5.525247	0.05915386	0.02271813	0.03643572	0.02271813
220	-195.0597	-200.7681	5.708434	0.04917385	0.02028258	0.02889127	0.02028258
230	-193.8514	-199.6431	5.791685	0.03808112	0.01525533	0.02282578	0.01525533
240	-194.8807	-200.5158	5.63512	0.04321363	0.02098289	0.02223074	0.02098289
250	-193.7492	-199.5329	5.783674	0.045469	0.008898733	0.03657027	0.008898733
260	-199.6087	-204.7771	5.168453	0.06807137	0.0405243	0.02754706	0.0405243
270	-192.785	-198.113	5.328052	0.03933002	0.00311088	0.03621914	0.00311088
280	-198.0931	-203.2258	5.132716	0.05729289	0.03702783	0.02026506	0.03702783
290	-196.6766	-202.2749	5.59832	0.05625734	0.01586869	0.04038865	0.01586869
300	-195.0541	-200.7855	5.731388	0.05066471	0.01343629	0.03722842	0.01343629
310	-192.4171	-198.2188	5.80171	0.03802015	0.006146271	0.03187388	0.006146271
320	-192.9602	-198.3405	5.380253	0.04053391	0.003414319	0.03711959	0.003414319
330	-193.444	-199.2847	5.840677	0.03454375	0.01207353	0.02247023	0.01207353
340	-196.4544	-201.7731	5.318742	0.02434849	0.009983106	0.01436539	0.009983106
350	-194.5806	-200.3078	5.727181	0.0486973	0.009770933	0.03892637	0.009770933
360	-194.0741	-199.5684	5.494235	0.02427721	0.00392418	0.02035303	0.00392418
370	-198.6694	-204.0847	5.415373	0.06337527	0.02272328	0.04065199	0.02272328
380	-192.616	-198.3725	5.756532	0.03969709	0.005906891	0.03379019	0.005906891
390	-197.464	-202.7672	5.303263	0.0564024	0.03362851	0.02277389	0.03362851
400	-192.4059	-197.5479	5.142013	0.0349057	0.002353087	0.03255262	0.002353087
410	-192.7237	-198.6013	5.877617	0.03219254	0.007791432	0.0244011	0.007791432
420	-195.1778	-200.7413	5.563547	0.02423377	0.007154778	0.017079	0.007154778
430	-195.3381	-201.0177	5.679601	0.05048016	0.02129316	0.02918701	0.02129316
440	-195.0643	-200.6025	5.538167	0.03968397	0.02039354	0.01929043	0.02039354
450	-193.0315	-198.9317	5.900166	0.04005661	0.01090541	0.0291512	0.01090541
460	-195.4707	-200.8118	5.341061	0.04968475	0.004581978	0.04510277	0.004581978
470	-194.6679	-200.4388	5.770889	0.04884652	0.01575796	0.03308857	0.01575796
480	-192.4922	-198.3652	5.873013	0.03773935	0.007507727	0.03023163	0.007507727
490	-192.364	-198.0919	5.727962	0.03084751	0.004767295	0.02608021	0.004767295
500	-192.3859	-198.2494	5.863521	0.03352427	0.006717193	0.02680707	0.006717193
510	-193.8258	-199.6119	5.786055	0.0363589	0.01443041	0.02192849	0.01443041
520	-192.817	-198.7123	5.895278	0.03362378	0.009029231	0.02459454	0.009029231
530	-194.0241	-199.8501	5.825987	0.04598728	0.01377433	0.03221295	0.01377433
540	-192.1592	-197.8738	5.714566	0.03352163	0.004665168	0.02885646	0.004665168
550	-193.9345	-199.7469	5.812422	0.04220835	0.01620881	0.02599954	0.01620881
560	-195.5834	-201.264	5.680626	0.05245829	0.01957332	0.03288497	0.01957332
570	-193.9779	-199.7968	5.818907	0.04361746	0.01605341	0.02756405	0.01605341
580	-194.7063	-200.3006	5.594228	0.03519321	0.01661267	0.01858054	0.01661267
590	-193.3875	-199.2431	5.855593	0.03614234	0.01261209	0.02353025	0.01261209
600	-192.1937	-197.9716	5.777924	0.03418034	0.005322631	0.02885771	0.005322631
610	-193.9835	-199.756	5.772539	0.04644418	0.009320421	0.03712376	0.009320421
620	-192.5077	-198.0788	5.571118	0.03857324	0.004138046	0.03443519	0.004138046
630	-195.724	-201.3556	5.63161	0.05197078	0.02314832	0.02882246	0.02314832
640	-196.6858	-201.7597	5.073923	0.02939697	0.01609565	0.01330132	0.01609565
650	-193.362	-198.8663	5.504319	0.04292464	0.004345077	0.03857956	0.004345077
660	-194.4433	-200.1706	5.727307	0.04297899	0.0189064	0.02407259	0.0189064
670	-192.8064	-198.4829	5.676478	0.02826757	0.004532808	0.02373476	0.004532808
680	-193.4146	-199.2587	5.84409	0.03436129	0.01186284	0.02249845	0.01186284
690	-193.2127	-199.0911	5.878461	0.04214089	0.01069339	0.0314475	0.01069339
700	-192.9938	-198.8984	5.904553	0.03785736	0.01111887	0.02673849	0.01111887
710	-196.3212	-201.4626	5.141424	0.0377089	0.02264746	0.01506144	0.02264746
720	-199.9284	-205.2025	5.274026	0.06852867	0.02959456	0.03893412	0.02959456
730	-194.1877	-199.4138	5.22616	0.02366691	0.00271045	0.02095646	0.00271045
740	-196.0296	-201.2528	5.223169	0.03519487	0.02003122	0.01516365	0.02003122
750	-192.4461	-197.9366	5.490436	0.0295428	0.003297272	0.02624553	0.003297272
760	-192.246	-197.5878	5.341764	0.03217954	0.002784325	0.02939521	0.002784325
770	-192.9499	-198.4106	5.460655	0.02713793	0.003269884	0.02386804	0.003269884
780	-192.6323	-198.5414	5.909084	0.03585151	0.00884815	0.02700336	0.00884815
790	-204.8525	-208.1158	3.263315	0.06422407	0.001161845	0.06306222	0.001161845
800	-192.5417	-198.3323	5.79061	0.03045894	0.005581101	0.02487784	0.005581101
810	-192.689	-197.374	4.685019	0.0324258	0.001562125	0.03086367	0.001562125
820	-194.6535	-200.3879	5.73441	0.04621747	0.01946742	0.02675006	0.01946742
830	-199.8612	-205.1715	5.310252	0.06707785	0.02462185	0.042456	0.02462185
840	-192.2721	-198.1015	5.82937	0.03383188	0.006010387	0.02782149	0.006010387
850	-192.7897	-198.1333	5.343592	0.03942947	0.003174021	0.03625544	0.003174021
860	-196.0736	-201.7189	5.645328	0.05413789	0.01408085	0.04005704	0.01408085
870	-199.5822	-204.9453	5.363029	0.06409604	0.01708194	0.0470141	0.01708194
880	-194.0527	-199.6721	5.61932	0.04615813	0.006099732	0.04005839	0.006099732
890	-195.4508	-201.0121	5.561256	0.04653389	0.02399336	0.02254053	0.02399336
900	-193.8492	-199.6133	5.764096	0.04586833	0.008587739	0.03728059	0.008587739
910	-195.1074	-200.6161	5.508671	0.03090915	0.01423958	0.01666957	0.01423958
920	-196.2105	-201.7223	5.511738	0.05206263	0.02722846	0.02483417	0.02722846
930	-193.198	-198.7016	5.50364	0.02637698	0.003554287	0.02282269	0.003554287
940	-197.4209	-202.2609	4.840015	0.02864545	0.01660882	0.01203663	0.01660882
950	-192.1445	-197.7176	5.57316	0.03370909	0.00374777	0.02996132	0.00374777
960	-193.9562	-199.7063	5.750052	0.02881669	0.009311542	0.01950514	0.009311542
970	-194.2577	-199.9784	5.720664	0.04738989	0.008461246	0.03892864	0.008461246
980	-197.4337	-202.3686	4.934867	0.0464196	0.03112489	0.01529471	0.03112489
990	-194.5053	-200.1136	5.608322	0.0477815	0.006557302	0.04122419	0.006557302
1000	-192.7735	-198.1358	5.362296	0.02783953	0.002856607	0.02498292	0.002856607
1010	-193.2042	-199.0438	5.839623	0.03042315	0.008390225	0.02203293	0.008390225
1020	-192.7995	-198.6975	5.89799	0.03938023	0.009364131	0.0300161	0.009364131
1030	-196.6639	-201.9507	5.286788	0.02382211	0.009701658	0.01412046	0.009701658
1040	-192.4915	-197.4801	4.988642	0.03133886	0.001973756	0.0293651	0.001973756
1050	-192.9726	-198.8514	5.878849	0.03258337	0.00910258	0.02348079	0.00910258
1060	-192.7874	-198.6462	5.858721	0.03116601	0.0073558	0.02381021	0.0073558
1070	-192.6386	-198.5474	5.908808	0.03691097	0.008942097	0.02796887	0.008942097
1080	-196.9033	-201.9837	5.080415	0.04486364	0.02877177	0.01609188	0.02877177
1090	-192.1746	-197.8152	5.640527	0.03239019	0.004083894	0.02830629	0.004083894
1100	-193.2735	-198.908	5.634485	0.04299689	0.0053631	0.03763379	0.0053631
1110	-193.1865	-199.0759	5.889463	0.04132979	0.01134227	0.02998752	0.01134227
1120	-193.2017	-199.0157	5.814045	0.02918423	0.007271552	0.02191267	0.007271552
1130	-193.5891	-199.4522	5.863063	0.04317732	0.01328325	0.02989407	0.01328325
1140	-199.8783	-205.188	5.309635	0.06708576	0.0244912	0.04259457	0.0244912
1150	-193.0038	-198.903	5.899224	0.03628158	0.01092997	0.0253516	0.01092997
1160	-195.3793	-200.7974	5.418133	0.03509387	0.01837271	0.01672115	0.01837271
1170	-194.0349	-199.8484	5.813577	0.04652426	0.01197624	0.03454802	0.01197624
1180	-192.302	-198.1152	5.813248	0.03657338	0.006046987	0.03052639	0.006046987
1190	-194.2928	-199.9817	5.688919	0.03530685	0.0154362	0.01987065	0.0154362
1200	-195.9436	-201.5297	5.586154	0.05265378	0.008959883	0.04369389	0.008959883
1210	-196.0176	-201.5748	5.557162	0.05190441	0.02591281	0.0259916	0.02591281
1220	-192.8155	-198.5789	5.7634	0.04093717	0.006324707	0.03461247	0.006324707
1230	-196.7633	-202.2069	5.443525	0.05457709	0.02972076	0.02485633	0.02972076
1240	-193.358	-198.5012	5.143154	0.04145955	0.002704003	0.03875555	0.002704003
1250	-194.3622	-200.0751	5.712963	0.04049218	0.01812662	0.02236555	0.01812662
1260	-195.1334	-200.6865	5.553101	0.04197129	0.02164379	0.0203275	0.02164379
1270	-192.932	-197.8683	4.936299	0.02793811	0.001878679	0.02605943	0.001878679
1280	-194.4522	-200.1254	5.673188	0.02837612	0.01021287	0.01816325	0.01021287
1290	-194.2968	-200.068	5.771209	0.04413354	0.01795537	0.02617817	0.01795537
1300	-195.609	-200.9807	5.371732	0.03120103	0.0156613	0.01553973	0.0156613
1310	-193.3347	-199.0859	5.751215	0.02756317	0.006031441	0.02153173	0.006031441
1320	-194.8446	-200.0469	5.202365	0.04719519	0.003453132	0.04374206	0.003453132
1330	-193.7912	-199.6166	5.825381	0.04550119	0.01102962	0.03447157	0.01102962
1340	-192.1511	-197.828	5.676914	0.03326709	0.004360363	0.02890673	0.004360363
1350	-192.6175	-198.5262	5.908748	0.03623604	0.008799926	0.02743612	0.008799926
1360	-196.1544	-201.7543	5.599878	0.0535956	0.01032265	0.04327295	0.01032265
1370	-196.5137	-199.5418	3.028104	0.04523376	0.0006873272	0.04454643	0.0006873272
1380	-192.4263	-198.3103	5.883942	0.03612575	0.007464131	0.02866162	0.007464131
1390	-194.1896	-197.8896	3.699987	0.03877336	0.0008940692	0.03787929	0.0008940692
1400	-198.8757	-204.2949	5.419194	0.06206413	0.01590967	0.04615446	0.01590967
1410	-192.7432	-198.6422	5.898974	0.03388147	0.008810089	0.02507138	0.008810089
1420	-192.6482	-198.0303	5.382098	0.03872855	0.003258817	0.03546973	0.003258817
1430	-194.5878	-200.275	5.687195	0.04228976	0.0195168	0.02277296	0.0195168
1440	-194.5317	-200.3102	5.778502	0.04772098	0.01678629	0.03093469	0.01678629
1450	-192.6638	-198.1681	5.504272	0.02835351	0.003396995	0.02495651	0.003396995
1460	-193.6928	-199.5383	5.845498	0.04177175	0.01484198	0.02692977	0.01484198
1470	-192.3918	-198.107	5.715247	0.03799661	0.005130999	0.03286562	0.005130999
1480	-194.1377	-199.9492	5.811501	0.04536369	0.01604065	0.02932304	0.01604065
1490	-196.1925	-201.5913	5.398798	0.02370485	0.008645219	0.01505963	0.008645219
1500	-192.8369	-198.7478	5.910836	0.03781164	0.01017408	0.02763756	0.01017408
1510	-194.3727	-200.1027	5.730056	0.04209888	0.01849879	0.02360009	0.01849879
1520	-193.7444	-199.5805	5.836128	0.04516322	0.01149469	0.03366853	0.01149469
1530	-193.6795	-199.1756	5.496102	0.02510195	0.003718194	0.02138376	0.003718194
1540	-192.4047	-198.0955	5.690863	0.03808987	0.004925905	0.03316396	0.004925905
1550	-195.5651	-201.009	5.443898	0.02768388	0.01208622	0.01559766	0.01208622
1560	-194.9188	-200.5737	5.654902	0.04487176	0.02132722	0.02354454	0.02132722
1570	-196.3641	-201.5524	5.188292	0.04172808	0.02545764	0.01627044	0.02545764
1580	-193.2101	-199.0527	5.842616	0.04283327	0.009025856	0.03380741	0.009025856
1590	-193.9127	-199.7158	5.803015	0.04081785	0.01614076	0.02467709	0.01614076
1600	-202.8434	-207.3109	4.467555	0.07895932	0.06059282	0.0183665	0.06059282
1610	-193.9316	-199.7574	5.825862	0.04362904	0.01571652	0.02791252	0.01571652
1620	-193.2254	-198.9035	5.678165	0.02699773	0.004859606	0.02213813	0.004859606
1630	-192.1758	-197.6422	5.466456	0.03299078	0.003236525	0.02975425	0.003236525
1640	-197.6008	-203.0725	5.471706	0.05709445	0.009832158	0.04726229	0.009832158
1650	-192.7393	-198.6461	5.906797	0.03828676	0.009405802	0.02888095	0.009405802
1660	-192.7047	-198.2674	5.562788	0.0282553	0.003704904	0.0245504	0.003704904
1670	-192.8259	-198.6975	5.871663	0.04039583	0.008572734	0.03182309	0.008572734
1680	-193.4445	-199.2738	5.829247	0.03175029	0.01026653	0.02148376	0.01026653
1690	-195.6374	-201.2979	5.660491	0.05224448	0.02144842	0.03079606	0.02144842
1700	-192.9642	-198.5775	5.613315	0.02741455	0.004124265	0.02329028	0.004124265
1710	-194.7905	-200.4173	5.626757	0.04890039	0.007359994	0.04154039	0.007359994
1720	-193.6393	-199.4905	5.851202	0.04441348	0.0119502	0.03246327	0.0119502
1730	-193.2291	-198.6443	5.415257	0.04198695	0.003727704	0.03825924	0.003727704
1740	-192.7678	-198.6159	5.848101	0.04034944	0.007768393	0.03258104	0.007768393
1750	-193.8336	-199.5446	5.710935	0.04565089	0.007250776	0.03840012	0.007250776
1760	-193.7036	-199.4534	5.749759	0.02731772	0.006998833	0.02031889	0.006998833
1770	-194.9783	-200.717	5.738717	0.05038542	0.01353454	0.03685088	0.01353454
1780	-193.7197	-199.5205	5.800819	0.03548356	0.01359671	0.02188686	0.01359671
1790	-196.1673	-200.8636	4.696346	0.02033718	0.001838299	0.01849888	0.001838299
1800	-194.851	-200.1907	5.33969	0.04775261	0.004195122	0.04355749	0.004195122
1810	-196.1395	-201.7721	5.632653	0.05412408	0.01286802	0.04125606	0.01286802
1820	-192.316	-197.9877	5.671633	0.03724709	0.004655756	0.03259134	0.004655756
1830	-192.7076	-198.558	5.850407	0.03992902	0.007653209	0.03227581	0.007653209
1840	-193.2994	-199.1677	5.86831	0.03635139	0.01231572	0.02403567	0.01231572
1850	-193.1568	-198.9309	5.774053	0.04275769	0.0071348	0.03562289	0.0071348
1860	-192.9953	-198.7707	5.775394	0.04193142	0.006838672	0.03509275	0.006838672
1870	-192.3249	-198.1226	5.797683	0.03207725	0.005527737	0.02654952	0.005527737
1880	-193.5268	-199.2915	5.764636	0.04447893	0.007749245	0.03672969	0.007749245
1890	-195.1577	-200.7833	5.625591	0.0462142	0.02251277	0.02370143	0.02251277
1900	-192.8794	-198.4274	5.547991	0.04077036	0.004285039	0.03648532	0.004285039
1910	-192.8751	-198.5782	5.703027	0.02819758	0.004826469	0.02337111	0.004826469
1920	-194.0627	-199.6431	5.580367	0.02468406	0.004640336	0.02004373	0.004640336
1930	-198.1323	-202.9043	4.771947	0.02491108	0.01351359	0.01139749	0.01351359
1940	-196.1415	-201.7769	5.635379	0.05420942	0.01329093	0.04091849	0.01329093
1950	-194.1842	-199.7598	5.575571	0.04646482	0.005705759	0.04075906	0.005705759
1960	-193.4036	-199.2365	5.832921	0.04381361	0.009420873	0.03439274	0.009420873
1970	-198.9346	-204.2405	5.305819	0.06569856	0.03403728	0.03166127	0.03403728
1980	-192.799	-198.5416	5.742522	0.04083351	0.006010715	0.0348228	0.006010715
1990	-192.9708	-198.8574	5.88658	0.03347198	0.009618995	0.02385298	0.009618995
2000	-192.1531	-197.7853	5.632226	0.03467757	0.004140415	0.03053716	0.004140415
2010	-193.8396	-199.6686	5.828994	0.04561823	0.01167336	0.03394486	0.01167336
2020	-195.3354	-200.988	5.652621	0.05106353	0.009487111	0.04157642	0.009487111
2030	-193.4819	-199.3532	5.871317	0.04266328	0.01280585	0.02985743	0.01280585
2040	-195.2368	-200.7259	5.489096	0.02980235	0.01350983	0.01629252	0.01350983
2050	-193.4187	-199.2619	5.843283	0.03429967	0.0118435	0.02245616	0.0118435
2060	-192.5791	-198.4742	5.895184	0.03774199	0.008319323	0.02942267	0.008319323
2070	-194.1975	-200.0015	5.804008	0.04548594	0.01644972	0.02903622	0.01644972
2080	-195.5603	-201.1224	5.562147	0.04776101	0.02452152	0.02323949	0.02452152
2090	-192.6512	-198.5134	5.8622	0.03937435	0.007758284	0.03161607	0.007758284
2100	-194.4409	-200.1127	5.671865	0.03803371	0.01745778	0.02057593	0.01745778
2110	-193.4846	-199.3377	5.853152	0.03834497	0.0137188	0.02462618	0.0137188
2120	-194.1945	-199.9055	5.71102	0.03056574	0.01159001	0.01897573	0.01159001
2130	-194.2632	-199.9981	5.734888	0.0406225	0.01774012	0.02288239	0.01774012
2140	-194.2673	-200.0607	5.793313	0.04549669	0.01703156	0.02846513	0.01703156
2150	-192.3345	-198.0984	5.763967	0.03146041	0.005121775	0.02633863	0.005121775
2160	-194.7093	-200.3171	5.607818	0.03781492	0.01824633	0.01956859	0.01824633
2170	-196.4596	-201.5455	5.085987	0.03335956	0.01942035	0.01393921	0.01942035
2180	-192.444	-198.0707	5.626633	0.03827464	0.004457009	0.03381763	0.004457009
2190	-192.3154	-197.5462	5.230839	0.03185181	0.002475549	0.02937627	0.002475549
2200	-200.0469	-205.2333	5.186368	0.07025043	0.03853414	0.03171629	0.03853414
2210	-193.5583	-199.2928	5.734448	0.02700149	0.006153969	0.02084752	0.006153969
2220	-192.231	-197.6441	5.41304	0.03482691	0.003113901	0.03171301	0.003113901
2230	-193.6649	-199.3743	5.709366	0.04494402	0.006908685	0.03803533	0.006908685
2240	-192.7509	-198.5702	5.819262	0.04043932	0.007122635	0.03331668	0.007122635
2250	-193.8219	-199.5988	5.776964	0.03342028	0.012699	0.02072128	0.012699
2260	-195.1612	-200.8889	5.727749	0.05108405	0.0150715	0.03601255	0.0150715
2270	-192.249	-197.5963	5.347349	0.03442618	0.002874861	0.03155132	0.002874861
2280	-193.733	-199.5743	5.841247	0.0419675	0.01504326	0.02692425	0.01504326
2290	-196.2434	-201.8607	5.617307	0.05427	0.0121223	0.0421477	0.0121223
2300	-193.4901	-198.5156	5.025545	0.02555754	0.00208241	0.02347513	0.00208241
2310	-194.5956	-200.352	5.756359	0.04889487	0.01155681	0.03733806	0.01155681
2320	-192.2984	-198.0118	5.713351	0.03708618	0.00498189	0.03210429	0.00498189
2330	-192.5772	-198.3742	5.79698	0.03935467	0.006390274	0.03296439	0.006390274
2340	-192.3345	-198.194	5.859514	0.0342791	0.006617758	0.02766134	0.006617758
2350	-193.3456	-199.1818	5.836216	0.03111901	0.009446936	0.02167207	0.009446936
2360	-193.2327	-199.0961	5.863476	0.03356384	0.01071902	0.02284482	0.01071902
2370	-194.6454	-200.2911	5.645691	0.02713567	0.009392256	0.01774342	0.009392256
2380	-192.5422	-198.3171	5.774865	0.03024049	0.005373436	0.02486705	0.005373436
2390	-193.7265	-199.532	5.805434	0.03671647	0.01421805	0.02249841	0.01421805
2400	-193.0562	-198.9531	5.896888	0.04049366	0.01084459	0.02964907	0.01084459
2410	-195.3165	-200.9096	5.593125	0.04647333	0.023325	0.02314832	0.023325
2420	-192.5008	-198.3309	5.830101	0.03142134	0.006160391	0.02526095	0.006160391
2430	-196.5597	-201.7237	5.164055	0.04355775	0.02706456	0.01649319	0.02706456
2440	-196.7954	-202.2898	5.494421	0.05615296	0.02827801	0.02787495	0.02827801
2450	-196.5605	-202.1346	5.574026	0.05626453	0.02377428	0.03249025	0.02377428
2460	-195.2324	-200.9536	5.721204	0.05135932	0.01491333	0.03644599	0.01491333
2470	-195.0943	-200.8277	5.733462	0.05070893	0.0164991	0.03420983	0.0164991
2480	-193.7579	-199.5501	5.792205	0.03495802	0.01344482	0.0215132	0.01344482
2490	-195.0868	-200.693	5.606156	0.04435133	0.02208936	0.02226197	0.02208936
2500	-195.808	-201.1366	5.328611	0.03023199	0.01518245	0.01504954	0.01518245
2510	-192.2188	-198.018	5.799213	0.0349064	0.005641047	0.02926535	0.005641047
2520	-192.9425	-198.6441	5.701624	0.04156527	0.005707745	0.03585752	0.005707745
2530	-192.564	-197.421	4.857009	0.03188939	0.001776563	0.03011283	0.001776563
2540	-195.8002	-201.4711	5.670861	0.05351628	0.01779575	0.03572054	0.01779575
2550	-195.2703	-200.8995	5.629124	0.04762633	0.02290978	0.02471655	0.02290978
2560	-197.5115	-202.9398	5.428273	0.05950082	0.03051657	0.02898426	0.03051657
2570	-193.6396	-198.2258	4.586257	0.0403254	0.001632178	0.03869322	0.001632178
2580	-203.4712	-208.0967	4.625518	0.08453953	0.06165175	0.02288778	0.06165175
2590	-199.0548	-204.1556	5.100829	0.06358246	0.04109612	0.02248634	0.04109612
2600	-192.7545	-198.6664	5.911907	0.03660893	0.009660905	0.02694803	0.009660905
2610	-192.2603	-197.9413	5.680985	0.03141235	0.004352753	0.0270596	0.004352753
2620	-192.5907	-198.4821	5.891341	0.03807471	0.008267739	0.02980697	0.008267739
2630	-194.1209	-199.889	5.768083	0.04110898	0.01718506	0.02392392	0.01718506
2640	-195.8691	-201.2389	5.369802	0.05100376	0.00510882	0.04589494	0.00510882
2650	-193.7876	-197.5187	3.731053	0.02855136	0.0008319206	0.02771944	0.0008319206
2660	-199.8656	-205.1653	5.299665	0.0675626	0.026371	0.0411916	0.026371
2670	-198.0567	-203.297	5.240315	0.0593714	0.03626402	0.02310737	0.03626402
2680	-192.8313	-198.7391	5.907751	0.03575195	0.009924523	0.02582742	0.009924523
2690	-194.0079	-199.3491	5.341142	0.0448706	0.003751696	0.04111891	0.003751696
2700	-196.8529	-202.4288	5.57585	0.05737529	0.01995975	0.03741554	0.01995975
2710	-192.3677	-198.0582	5.690493	0.03054801	0.004445698	0.02610232	0.004445698
2720	-194.7875	-200.4493	5.661791	0.04353976	0.0206121	0.02292766	0.0206121
2730	-195.8647	-201.1453	5.280618	0.03665385	0.02075886	0.01589499	0.02075886
2740	-196.8033	-202.0548	5.251413	0.04931779	0.03031806	0.01899972	0.03031806
2750	-194.5686	-200.2275	5.658855	0.03969567	0.01866267	0.021033	0.01866267
2760	-192.6005	-198.5057	5.905221	0.0370452	0.008664862	0.02838034	0.008664862
2770	-193.5922	-199.4255	5.833227	0.04462902	0.01031537	0.03431365	0.01031537
2780	-193.4717	-199.3442	5.872485	0.04221735	0.01308042	0.02913693	0.01308042
2790	-199.5046	-202.8097	3.305116	0.05370651	0.0009376787	0.05276883	0.0009376787
2800	-192.7027	-198.1402	5.437497	0.03932548	0.003537969	0.03578751	0.003537969
2810	-192.833	-198.7368	5.903804	0.03492554	0.009671581	0.02525396	0.009671581
2820	-192.4065	-198.1277	5.721158	0.03812585	0.005208161	0.03291769	0.005208161
2830	-197.3086	-202.616	5.307307	0.05528774	0.03301879	0.02226895	0.03301879
2840	-194.7494	-200.3511	5.601689	0.03823169	0.01860323	0.01962846	0.01860323
2850	-194.3362	-200.0303	5.694134	0.03793838	0.01704271	0.02089566	0.01704271
2860	-193.9582	-199.763	5.804805	0.04183064	0.01638377	0.02544687	0.01638377
2870	-198.4226	-203.7878	5.365177	0.06363735	0.03168077	0.03195658	0.03168077
2880	-193.3635	-199.2442	5.880714	0.04122776	0.01282412	0.02840364	0.01282412
2890	-193.0129	-198.7864	5.77352	0.02854099	0.005885778	0.02265521	0.005885778
2900	-194.4645	-199.5228	5.058273	0.04541372	0.002781365	0.04263235	0.002781365
2910	-192.8994	-197.3367	4.437361	0.03206962	0.001305443	0.03076417	0.001305443
2920	-196.3482	-201.6827	5.334442	0.04739787	0.02801958	0.01937829	0.02801958
2930	-192.6358	-198.5443	5.908555	0.0355848	0.008822569	0.02676223	0.008822569
2940	-196.0424	-201.4285	5.386117	0.04593356	0.02640911	0.01952446	0.02640911
2950	-195.5214	-201.2059	5.684438	0.05219499	0.01264793	0.03954706	0.01264793
2960	-193.0747	-198.9294	5.8547	0.04203651	0.008937323	0.03309918	0.008937323
2970	-192.6144	-198.4641	5.849707	0.03138026	0.006720216	0.02466005	0.006720216
2980	-193.5713	-199.4022	5.830892	0.03668231	0.01358623	0.02309608	0.01358623
2990	-195.5264	-200.9759	5.449529	0.02787479	0.01220654	0.01566825	0.01220654
3000	-192.9825	-198.8857	5.90319	0.03696137	0.01096864	0.02599273	0.01096864
3010	-193.2847	-199.1714	5.886718	0.04086018	0.01242063	0.02843955	0.01242063
3020	-192.2549	-198.0136	5.75865	0.03641988	0.005337153	0.03108273	0.005337153
3030	-194.1947	-199.9031	5.708419	0.03489913	0.01486716	0.02003197	0.01486716
3040	-193.0992	-198.7498	5.650601	0.04222711	0.005337765	0.03688934	0.005337765
3050	-192.1832	-197.9336	5.750345	0.03341311	0.004986527	0.02842658	0.004986527
3060	-193.8101	-199.5208	5.710731	0.04555334	0.007201263	0.03835208	0.007201263
3070	-194.6071	-200.3807	5.773634	0.04826117	0.01659282	0.03166835	0.01659282
3080	-202.7477	-207.7564	5.008683	0.07828576	0.03679719	0.04148857	0.03679719
3090	-193.045	-198.7681	5.723096	0.04213758	0.006122038	0.03601554	0.006122038
3100	-199.4243	-203.83	4.405625	0.05360085	0.04043319	0.01316766	0.04043319
3110	-196.91	-202.3732	5.46318	0.05621009	0.02942996	0.02678013	0.02942996
3120	-192.8036	-198.6111	5.807498	0.0296892	0.006166128	0.02352307	0.006166128
3130	-197.8127	-203.2942	5.481447	0.06090442	0.023238	0.03766642	0.023238
3140	-199.1782	-204.549	5.370844	0.06495409	0.02345641	0.04149768	0.02345641
3150	-192.3213	-198.1577	5.836391	0.03641933	0.006397581	0.03002175	0.006397581
3160	-193.0097	-198.6776	5.667961	0.04183135	0.005416391	0.03641496	0.005416391
3170	-192.8921	-198.5854	5.693331	0.04127817	0.005548332	0.03572984	0.005548332
3180	-194.9812	-200.5127	5.53154	0.03662133	0.01836268	0.01825864	0.01836268
3190	-198.3268	-203.5668	5.239975	0.06125765	0.03701688	0.02424077	0.03701688
3200	-197.5267	-203.0538	5.527112	0.05899348	0.01734619	0.04164728	0.01734619
3210	-192.362	-197.6624	5.300468	0.03063134	0.002641124	0.02799022	0.002641124
3220	-199.8978	-204.1575	4.259754	0.05505295	0.04244735	0.0126056	0.04244735
3230	-193.5912	-199.4033	5.812052	0.03243905	0.01126012	0.02117893	0.01126012
3240	-195.8223	-201.4656	5.643388	0.05308997	0.0219114	0.03117856	0.0219114
3250	-193.1062	-199.0048	5.898677	0.03911456	0.01172003	0.02739453	0.01172003
3260	-192.1626	-197.7817	5.619102	0.03492212	0.004076546	0.03084558	0.004076546
3270	-192.3446	-198.1996	5.854942	0.03367965	0.006503179	0.02717647	0.006503179
3280	-192.7329	-198.4822	5.74934	0.04044421	0.005997688	0.03444653	0.005997688
3290	-194.0001	-199.8222	5.822106	0.04623557	0.01256942	0.03366614	0.01256942
3300	-197.6337	-203.0885	5.45475	0.0604966	0.02824047	0.03225613	0.02824047
3310	-195.1102	-200.8311	5.720935	0.05022821	0.01891641	0.03131179	0.01891641
3320	-193.9875	-199.6748	5.687353	0.04618433	0.007082981	0.03910135	0.007082981
3330	-197.1879	-202.325	5.137075	0.04970087	0.03187013	0.01783074	0.03187013
3340	-200.4411	-205.6434	5.202315	0.07104256	0.03410411	0.03693845	0.03410411
3350	-193.253	-198.9471	5.694057	0.02705557	0.005064149	0.02199142	0.005064149
3360	-193.9592	-199.7166	5.75744	0.03551337	0.01446066	0.02105271	0.01446066
3370	-196.1483	-201.4447	5.296393	0.02739562	0.01296503	0.01443059	0.01296503
3380	-195.3526	-200.7966	5.443938	0.03103777	0.01493152	0.01610625	0.01493152
3390	-193.565	-198.8149	5.249941	0.02516169	0.002643376	0.02251832	0.002643376
3400	-201.5577	-206.5984	5.040723	0.07641112	0.04357404	0.03283708	0.04357404
3410	-193.2217	-199.085	5.863296	0.03330194	0.01052111	0.02278084	0.01052111
3420	-192.5768	-198.4811	5.904323	0.03678239	0.008525409	0.02825698	0.008525409
3430	-205.541	-207.1162	1.575212	0.06619851	0.05993698	0.006261531	0.05993698
3440	-203.968	-208.889	4.921032	0.08099075	0.03594812	0.04504263	0.03594812
3450	-193.8822	-199.5874	5.705172	0.02625405	0.006287967	0.01996609	0.006287967
3460	-193.7197	-199.5582	5.838451	0.04132941	0.01508924	0.02624017	0.01508924
3470	-195.2845	-200.8267	5.542189	0.05010307	0.00661217	0.0434909	0.00661217
3480	-193.3712	-199.222	5.850832	0.03455244	0.01180189	0.02275055	0.01180189
3490	-192.2319	-197.7154	5.483456	0.03150566	0.003267634	0.02823802	0.003267634
3500	-193.2374	-197.8421	4.604698	0.0382594	0.001592311	0.03666709	0.001592311
3510	-195.3026	-200.8138	5.511218	0.04209708	0.02230949	0.01978759	0.02230949
3520	-193.1281	-198.5194	5.391209	0.02647867	0.003029108	0.02344956	0.003029108
3530	-192.9731	-198.8751	5.901999	0.03979899	0.01057962	0.02921938	0.01057962
3540	-201.3494	-206.432	5.082602	0.07523053	0.04068555	0.03454498	0.04068555
3550	-192.4189	-198.2885	5.869503	0.03344693	0.006891895	0.02655503	0.006891895
3560	-192.789	-198.4805	5.691486	0.02842452	0.004655754	0.02376877	0.004655754
3570	-192.603	-198.2285	5.625498	0.02889147	0.004052144	0.02483932	0.004052144
3580	-192.1568	-197.6735	5.516644	0.03345833	0.003464583	0.02999375	0.003464583
3590	-193.5949	-197.9065	4.311663	0.03874544	0.001305037	0.0374404	0.001305037
3600	-193.6428	-199.143	5.500286	0.02519736	0.003725289	0.02147207	0.003725289
3610	-194.053	-199.7549	5.701888	0.04650208	0.007502855	0.03899922	0.007502855
3620	-192.9812	-198.6483	5.667015	0.02761465	0.004560825	0.02305382	0.004560825
3630	-194.8324	-200.5773	5.744897	0.04981437	0.01253148	0.03728288	0.01253148
3640	-192.8385	-198.714	5.875474	0.04039685	0.008736928	0.03165992	0.008736928
3650	-193.7383	-199.3024	5.564074	0.04471482	0.005133154	0.03958167	0.005133154
3660	-195.412	-201.1088	5.696822	0.05173403	0.0191191	0.03261494	0.0191191
3670	-194.4957	-199.901	5.405261	0.02327876	0.003601115	0.01967764	0.003601115
3680	-194.0455	-199.3513	5.3058	0.02400839	0.002952025	0.02105637	0.002952025
3690	-198.5894	-203.9834	5.393988	0.0593298	0.009808539	0.04952126	0.009808539
3700	-192.7655	-198.6002	5.834628	0.04044515	0.007464313	0.03298084	0.007464313
3710	-193.9694	-199.7966	5.827179	0.04445941	0.01543043	0.02902898	0.01543043
3720	-197.498	-203.0083	5.510296	0.05980037	0.02260791	0.03719245	0.02260791
3730	-200.6203	-205.5358	4.915461	0.07078643	0.04843468	0.02235174	0.04843468
3740	-193.2208	-199.0793	5.858472	0.03248009	0.009994327	0.02248577	0.009994327
3750	-192.6123	-198.3817	5.769436	0.0298369	0.005362554	0.02447435	0.005362554
3760	-194.811	-200.4833	5.672292	0.04448711	0.02078206	0.02370505	0.02078206
3770	-194.4375	-200.1906	5.753156	0.04472967	0.01865225	0.02607742	0.01865225
3780	-193.3418	-197.6927	4.350918	0.03740429	0.001311706	0.03609259	0.001311706
3790	-193.5472	-199.3714	5.824222	0.0342274	0.01227303	0.02195437	0.01227303
3800	-197.5613	-202.2643	4.702988	0.01856288	0.00210765	0.01645523	0.00210765
3810	-193.0088	-198.9051	5.896333	0.03568352	0.01077318	0.02491034	0.01077318
3820	-194.544	-200.2667	5.72275	0.04852827	0.009442436	0.03908583	0.009442436
3830	-193.411	-199.2466	5.835591	0.03220488	0.01048301	0.02172187	0.01048301
3840	-193.4362	-199.3115	5.875275	0.04199784	0.01294494	0.0290529	0.01294494
3850	-196.6089	-202.1405	5.531581	0.05573918	0.02675159	0.02898759	0.02675159
3860	-192.6328	-198.5169	5.884148	0.03873534	0.008236796	0.03049855	0.008236796
3870	-193.5361	-198.8923	5.356181	0.04309035	0.003591612	0.03949874	0.003591612
3880	-193.9027	-199.6546	5.751847	0.02814039	0.008480816	0.01965958	0.008480816
3890	-192.7572	-198.5649	5.807759	0.04052342	0.006925873	0.03359754	0.006925873
3900	-194.208	-199.9146	5.706601	0.0269817	0.008090147	0.01889155	0.008090147
3910	-193.8612	-199.7008	5.839647	0.04512754	0.01344576	0.03168178	0.01344576
3920	-194.102	-199.8509	5.748845	0.03869806	0.01648649	0.02221157	0.01648649
3930	-192.501	-198.2989	5.797888	0.03079008	0.005647515	0.02514256	0.005647515
3940	-192.1592	-197.8846	5.725474	0.03397535	0.004783769	0.02919158	0.004783769
3950	-196.758	-201.7623	5.004306	0.03898642	0.02461217	0.01437425	0.02461217
3960	-192.5185	-198.418	5.899433	0.03510565	0.008028236	0.02707741	0.008028236
3970	-194.2985	-200.0154	5.716814	0.04753379	0.008460972	0.03907282	0.008460972
3980	-192.8616	-198.7719	5.910311	0.03790214	0.01032324	0.0275789	0.01032324
3990	-192.1972	-197.6852	5.487955	0.03484758	0.003408149	0.03143943	0.003408149
4000	-205.684	-210.1249	4.440939	0.09566685	0.07152522	0.02414163	0.07152522
4010	-193.3516	-199.2228	5.871241	0.03836636	0.01307462	0.02529174	0.01307462
4020	-195.2484	-200.9333	5.68484	0.04988925	0.02121309	0.02867616	0.02121309
4030	-194.8227	-200.5793	5.756557	0.04973892	0.01453474	0.03520418	0.01453474
4040	-196.3563	-201.9792	5.622843	0.05506956	0.0145312	0.04053836	0.0145312
4050	-193.1313	-197.931	4.799673	0.03869651	0.001866924	0.03682958	0.001866924
4060	-192.2397	-197.9994	5.75976	0.03242897	0.005058375	0.0273706	0.005058375
4070	-193.7461	-199.5958	5.849689	0.0443801	0.0133739	0.0310062	0.0133739
4080	-193.1059	-198.7737	5.667856	0.04230935	0.005528502	0.03678085	0.005528502
4090	-192.2311	-198.0267	5.795629	0.03339825	0.005498588	0.02789966	0.005498588
4100	-197.8035	-203.2919	5.488399	0.06070554	0.02209609	0.03860944	0.02209609
4110	-192.8313	-198.2106	5.379367	0.0398295	0.003343769	0.03648574	0.003343769
4120	-193.4341	-199.3041	5.869922	0.0401881	0.01356421	0.02662389	0.01356421
4130	-195.2436	-200.8558	5.612243	0.04654838	0.02294239	0.02360598	0.02294239
4140	-192.2652	-197.7806	5.5154	0.03612711	0.003613854	0.03251326	0.003613854
4150	-197.9708	-203.2059	5.2351	0.05863319	0.03603366	0.02259953	0.03603366
4160	-192.1922	-197.9687	5.776482	0.03443171	0.005324015	0.02910769	0.005324015
4170	-197.8356	-203.2428	5.407275	0.06107078	0.03095594	0.03011484	0.03095594
4180	-194.4348	-200.1081	5.673354	0.03804916	0.01744398	0.02060518	0.01744398
4190	-192.9761	-198.6094	5.633264	0.04156081	0.005039161	0.03652165	0.005039161
4200	-194.5116	-200.0634	5.551809	0.04753513	0.005784348	0.04175079	0.005784348
4210	-192.2141	-197.9991	5.785009	0.03528318	0.005500279	0.0297829	0.005500279
4220	-193.0276	-198.8752	5.847628	0.04186279	0.008545526	0.03331727	0.008545526
4230	-192.4557	-198.2539	5.798198	0.0383897	0.006174636	0.03221507	0.006174636
4240	-195.6799	-200.9427	5.262785	0.04997178	0.004163168	0.04580861	0.004163168
4250	-192.3505	-198.2173	5.86688	0.03548343	0.006888756	0.02859467	0.006888756
4260	-192.1791	-197.6307	5.451516	0.03357554	0.003200103	0.03037543	0.003200103
4270	-195.0942	-200.6868	5.592622	0.04370811	0.02200542	0.02170269	0.02200542
4280	-192.8902	-198.7936	5.903413	0.03943619	0.01010462	0.02933157	0.01010462
4290	-195.11	-200.6088	5.498833	0.03202632	0.01523054	0.01679578	0.01523054
4300	-192.2421	-197.5652	5.323124	0.03369315	0.002772814	0.03092034	0.002772814
4310	-195.2813	-200.408	5.126775	0.0482649	0.003292461	0.04497244	0.003292461
4320	-194.5674	-200.2185	5.651191	0.02854835	0.01067875	0.01786959	0.01067875
4330	-192.9612	-198.709	5.747825	0.02833914	0.005428284	0.02291086	0.005428284
4340	-194.8393	-200.5736	5.734295	0.04828084	0.01926641	0.02901443	0.01926641
4350	-193.5578	-199.4004	5.842594	0.03838684	0.0140702	0.02431664	0.0140702
4360	-196.9777	-202.2242	5.246476	0.0229271	0.009088001	0.0138391	0.009088001
4370	-194.0483	-199.8294	5.781103	0.04672161	0.009946627	0.03677499	0.009946627
4380	-193.4673	-199.2963	5.829008	0.04412567	0.009527308	0.03459836	0.009527308
4390	-192.5111	-198.385	5.873859	0.0379174	0.007585813	0.03033159	0.007585813
4400	-195.2862	-200.7375	5.451285	0.0322083	0.01581337	0.01639493	0.01581337
4410	-192.2928	-198.0965	5.803786	0.03656844	0.005909759	0.03065868	0.005909759
4420	-192.4329	-198.3192	5.886272	0.03601201	0.007524243	0.02848777	0.007524243
4430	-192.361	-198.1294	5.768357	0.03129781	0.005181788	0.02611602	0.005181788
4440	-193.9251	-199.6827	5.757546	0.03167291	0.01173577	0.01993715	0.01173577
4450	-194.4505	-200.2332	5.782685	0.04703432	0.01702362	0.0300107	0.01702362
4460	-197.285	-202.6867	5.401675	0.05743745	0.0315608	0.02587665	0.0315608
4470	-196.1026	-201.455	5.35242	0.04529987	0.02641258	0.01888729	0.02641258
4480	-196.196	-201.3651	5.169129	0.03488461	0.0201568	0.0147278	0.0201568
4490	-194.9143	-200.5422	5.627886	0.04325177	0.02113687	0.0221149	0.02113687
4500	-197.8461	-203.2684	5.422298	0.06128104	0.02985317	0.03142787	0.02985317
4510	-193.712	-199.5018	5.789811	0.03070232	0.01029822	0.0204041	0.01029822
4520	-192.5246	-198.4139	5.889243	0.03745131	0.007964658	0.02948666	0.007964658
4530	-193.3236	-199.2075	5.883845	0.04111321	0.01258734	0.02852587	0.01258734
4540	-193.4963	-199.3652	5.868875	0.04160379	0.0136015	0.02800229	0.0136015
4550	-192.4901	-197.8194	5.329311	0.03729123	0.002969542	0.03432169	0.002969542
4560	-192.1902	-197.9071	5.716942	0.03551671	0.004832189	0.03068452	0.004832189
4570	-200.3781	-205.538	5.159918	0.0715728	0.039155	0.03241779	0.039155
4580	-197.8395	-203.1608	5.321302	0.05956184	0.03436049	0.02520135	0.03436049
4590	-198.3616	-203.0347	4.673058	0.04931575	0.03525352	0.01406223	0.03525352
4600	-192.6238	-198.2782	5.654369	0.02890915	0.004262961	0.02464618	0.004262961
4610	-192.3086	-198.0495	5.740921	0.03716239	0.005255655	0.03190674	0.005255655
4620	-193.4048	-199.2787	5.873872	0.0427564	0.01196252	0.03079388	0.01196252
4630	-195.5514	-201.2459	5.694501	0.05256469	0.01587694	0.03668776	0.01587694
4640	-202.4793	-207.5511	5.071891	0.07537251	0.03026837	0.04510415	0.03026837
4650	-192.6547	-198.5571	5.902376	0.03435005	0.008567221	0.02578283	0.008567221
4660	-193.6655	-199.5117	5.846213	0.04132211	0.01477139	0.02655072	0.01477139
4670	-195.1553	-200.8748	5.719455	0.05100376	0.0129878	0.03801596	0.0129878
4680	-193.9418	-199.7464	5.804669	0.04624974	0.01064322	0.03560652	0.01064322
4690	-193.1894	-199.0658	5.876448	0.0421365	0.01042053	0.03171597	0.01042053
4700	-195.2063	-200.6719	5.465654	0.03393016	0.01703525	0.01689491	0.01703525
4710	-194.8418	-200.4003	5.558454	0.02366144	0.005481389	0.01818005	0.005481389
4720	-202.8916	-206.9156	4.024011	0.07377972	0.06005338	0.01372634	0.06005338
4730	-192.3545	-197.4871	5.132613	0.03331733	0.002284106	0.03103323	0.002284106
4740	-199.4722	-203.6024	4.13019	0.04863423	0.037333	0.01130123	0.037333
4750	-193.4505	-199.2858	5.835239	0.03336939	0.01140419	0.0219652	0.01140419
4760	-193.9522	-199.7831	5.83085	0.04469252	0.01505377	0.02963875	0.01505377
4770	-193.3967	-199.2671	5.870383	0.04301435	0.01150496	0.03150939	0.01150496
4780	-203.2222	-206.9498	3.727626	0.01387608	0.001466728	0.01240935	0.001466728
4790	-193.5137	-199.344	5.830276	0.03449961	0.01230798	0.02219164	0.01230798
4800	-193.549	-199.3938	5.844895	0.04430052	0.01073901	0.03356152	0.01073901
4810	-195.5795	-201.2557	5.676265	0.0523053	0.02021571	0.03208959	0.02021571
4820	-195.9534	-201.405	5.451534	0.02308233	0.007306007	0.01577632	0.007306007
4830	-194.6376	-200.371	5.73339	0.04596488	0.01948102	0.02648386	0.01948102
4840	-192.6927	-198.5901	5.897363	0.03371316	0.008488698	0.02522446	0.008488698
4850	-195.555	-201.1632	5.608135	0.04959292	0.02397687	0.02561605	0.02397687
4860	-194.1232	-199.9171	5.79395	0.04701179	0.01106778	0.03594401	0.01106778
4870	-192.833	-198.5817	5.748728	0.0287472	0.005304751	0.02344245	0.005304751
4880	-197.9619	-203.1887	5.226869	0.05838594	0.03607403	0.02231191	0.03607403
4890	-192.246	-198.0615	5.815526	0.03529854	0.005907054	0.02939149	0.005907054
4900	-194.5306	-200.0847	5.554087	0.04761234	0.005833328	0.04177901	0.005833328
4910	-192.1619	-197.8862	5.724301	0.03363882	0.004754554	0.02888426	0.004754554
4920	-194.1131	-199.9319	5.818823	0.04600993	0.01490039	0.03110955	0.01490039
4930	-194.9544	-200.5242	5.569877	0.0399818	0.02016765	0.01981415	0.02016765
4940	-193.5394	-199.3507	5.811298	0.03054822	0.009625954	0.02092226	0.009625954
4950	-193.9211	-199.7395	5.818372	0.04261182	0.0160466	0.02656522	0.0160466
4960	-194.8951	-200.4729	5.577775	0.03940281	0.01968847	0.01971433	0.01968847
4970	-194.2801	-200.0848	5.804628	0.04696938	0.01507448	0.03189489	0.01507448
4980	-192.4499	-198.0809	5.630972	0.0297323	0.004040072	0.02569223	0.004040072
4990	-195.3762	-201.013	5.636801	0.0510762	0.009022045	0.04205416	0.009022045
5000	-192.374	-198.1732	5.799238	0.03760874	0.006027462	0.03158127	0.006027462
5010	-197.7197	-202.4595	4.739827	0.04379908	0.03022134	0.01357774	0.03022134
5020	-192.3427	-198.0907	5.748021	0.03750823	0.005382182	0.03212604	0.005382182
5030	-194.3634	-200.0568	5.693387	0.0385642	0.01742787	0.02113633	0.01742787
5040	-196.4289	-201.6082	5.179283	0.02856588	0.01475509	0.01381078	0.01475509
5050	-192.9679	-198.0345	5.066526	0.03913012	0.002373171	0.03675694	0.002373171
5060	-197.4056	-202.4456	5.039969	0.02456437	0.01193671	0.01262766	0.01193671
5070	-194.1135	-199.9285	5.814963	0.04537812	0.01580223	0.02957589	0.01580223
5080	-200.095	-205.412	5.317021	0.06604447	0.01938503	0.04665944	0.01938503
5090	-193.1578	-199.0456	5.887822	0.04146046	0.01095213	0.03050834	0.01095213
5100	-194.2262	-200.0308	5.804515	0.04725088	0.0130808	0.03417007	0.0130808
5110	-192.7959	-198.5961	5.800218	0.02957853	0.006022996	0.02355553	0.006022996
5120	-196.9873	-202.3822	5.394894	0.05502438	0.03107093	0.02395345	0.03107093
5130	-199.9381	-205.2205	5.282366	0.06823237	0.028224	0.04000836	0.028224
5140	-193.3776	-199.2295	5.851901	0.03500988	0.01206236	0.02294751	0.01206236
5150	-195.1151	-200.6118	5.496664	0.04930334	0.005770835	0.0435325	0.005770835
5160	-198.0314	-203.4285	5.397103	0.06199127	0.03096176	0.03102951	0.03096176
5170	-192.4558	-198.2657	5.809946	0.0383222	0.006339212	0.03198299	0.006339212
5180	-192.887	-197.5851	4.69814	0.02924021	0.001551361	0.02768885	0.001551361
5190	-194.1567	-199.8793	5.72253	0.03646695	0.01566731	0.02079964	0.01566731
5200	-192.3056	-198.1049	5.799276	0.03680432	0.005885055	0.03091927	0.005885055
5210	-198.6835	-203.1418	4.458273	0.04755764	0.03493233	0.01262532	0.03493233
5220	-194.7711	-200.3493	5.578186	0.03317292	0.01530693	0.01786599	0.01530693
5230	-195.4292	-201.1084	5.679142	0.05124115	0.02096237	0.03027878	0.02096237
5240	-193.47	-199.3365	5.866489	0.0403794	0.01375225	0.02662715	0.01375225
5250	-193.9962	-199.8171	5.820926	0.04626032	0.01237457	0.03388575	0.01237457
5260	-192.4004	-198.2813	5.880937	0.03553594	0.007283076	0.02825286	0.007283076
5270	-193.3847	-199.2599	5.875257	0.04008674	0.01328378	0.02680296	0.01328378
5280	-194.2819	-199.9706	5.688742	0.03421268	0.01468243	0.01953025	0.01468243
5290	-193.9024	-199.6794	5.77701	0.03726396	0.01513507	0.02212889	0.01513507
5300	-199.2656	-204.5348	5.269161	0.0670458	0.03544125	0.03160455	0.03544125
5310	-192.7225	-198.2248	5.502297	0.0397134	0.003888575	0.03582483	0.003888575
5320	-194.4453	-200.2168	5.771485	0.04611907	0.01797238	0.02814669	0.01797238
5330	-194.7137	-200.4789	5.765187	0.0493083	0.01415539	0.0351529	0.01415539
5340	-193.9934	-199.8198	5.826455	0.04603282	0.01316325	0.03286957	0.01316325
5350	-194.2515	-200.0092	5.757674	0.04750796	0.009761427	0.03774654	0.009761427
5360	-193.1013	-198.9278	5.826515	0.02963923	0.007330668	0.02230856	0.007330668
5370	-197.9949	-203.4378	5.442894	0.05804824	0.009944842	0.0481034	0.009944842
5380	-200.6249	-205.7941	5.16916	0.07209541	0.03654847	0.03554694	0.03654847
5390	-192.5898	-198.3731	5.783312	0.03011921	0.005524414	0.0245948	0.005524414
5400	-194.6622	-200.3826	5.720405	0.04547151	0.01982184	0.02564967	0.01982184
5410	-196.6447	-202.0502	5.405466	0.05250072	0.02979874	0.02270198	0.02979874
5420	-194.0108	-199.7872	5.776439	0.03984672	0.01645148	0.02339523	0.01645148
5430	-193.1514	-198.9908	5.839373	0.04256889	0.008708601	0.03386029	0.008708601
5440	-195.2825	-200.9988	5.716299	0.05146135	0.01708045	0.0343809	0.01708045
5450	-197.5761	-203.0601	5.483973	0.06030338	0.02558316	0.03472022	0.02558316
5460	-192.7717	-198.6584	5.886784	0.03275504	0.008352143	0.0244029	0.008352143
5470	-193.6991	-199.5264	5.827335	0.04512125	0.01058068	0.03454057	0.01058068
5480	-193.5132	-199.2917	5.778554	0.04443257	0.008055677	0.03637689	0.008055677
5490	-194.6047	-200.2359	5.631197	0.03023228	0.01238363	0.01784865	0.01238363
5500	-196.7859	-202.2008	5.414836	0.05394284	0.006583002	0.04735984	0.006583002
5510	-193.9361	-199.7028	5.7667	0.0365672	0.01493799	0.02162921	0.01493799
5520	-194.3288	-200.1291	5.800297	0.04718115	0.01525542	0.03192573	0.01525542
5530	-193.3511	-199.2248	5.873729	0.03887051	0.01312605	0.02574446	0.01312605
5540	-195.4758	-201.0338	5.557996	0.04666865	0.02411966	0.02254898	0.02411966
5550	-194.6776	-200.3788	5.701209	0.04448973	0.02008606	0.02440368	0.02008606
5560	-192.5889	-198.3345	5.745598	0.02968751	0.005064091	0.02462342	0.005064091
5570	-194.7815	-200.5086	5.727015	0.04950061	0.01070761	0.03879299	0.01070761
5580	-194.3834	-200.0676	5.684146	0.03797842	0.01722932	0.0207491	0.01722932
5590	-197.5127	-203.0287	5.515997	0.05967501	0.02127975	0.03839526	0.02127975
5600	-196.0858	-201.3753	5.289517	0.0423129	0.02498552	0.01732738	0.02498552
5610	-192.8581	-197.3399	4.481777	0.03264254	0.00135239	0.03129015	0.00135239
5620	-192.5457	-198.0906	5.54491	0.02899066	0.003568423	0.02542224	0.003568423
5630	-194.9195	-200.5068	5.587317	0.02792734	0.01089896	0.01702838	0.01089896
5640	-193.2826	-199.1689	5.886328	0.04031929	0.01259865	0.02772064	0.01259865
5650	-197.4211	-202.3831	4.96206	0.04708589	0.03145121	0.01563468	0.03145121
5660	-195.6811	-201.3097	5.628646	0.05151018	0.02337028	0.02813989	0.02337028
5670	-193.1918	-199.0633	5.871459	0.04230077	0.01016067	0.0321401	0.01016067
5680	-194.643	-200.2543	5.611247	0.03576127	0.01680537	0.01895591	0.01680537
5690	-194.3997	-200.1865	5.786744	0.04671567	0.0169446	0.02977107	0.0169446
5700	-192.254	-198.0716	5.817627	0.0337103	0.005818368	0.02789193	0.005818368
5710	-196.8814	-202.2965	5.415033	0.05472964	0.03048768	0.02424196	0.03048768
5720	-198.9961	-203.4667	4.470564	0.05099438	0.03784018	0.0131542	0.03784018
5730	-192.7089	-197.7414	5.03258	0.02890359	0.002037054	0.02686654	0.002037054
5740	-192.144	-197.7341	5.590136	0.03332304	0.003820411	0.02950263	0.003820411
5750	-192.7471	-198.0553	5.308208	0.0390064	0.003018608	0.03598779	0.003018608
5760	-192.8612	-198.5908	5.729689	0.02846409	0.005101779	0.02336231	0.005101779
5770	-194.631	-200.2462	5.615179	0.03601823	0.01693421	0.01908402	0.01693421
5780	-192.2292	-197.7071	5.477851	0.03537385	0.003396345	0.0319775	0.003396345
5790	-198.3188	-203.5262	5.207463	0.06055016	0.03748231	0.02306785	0.03748231
5800	-195.4846	-200.9204	5.435795	0.02915414	0.01343016	0.01572398	0.01343016
5810	-195.1512	-200.8782	5.727029	0.05104858	0.01440215	0.03664643	0.01440215
5820	-193.468	-199.3124	5.844357	0.03620645	0.01297055	0.0232359	0.01297055
5830	-195.0196	-200.7046	5.684961	0.05013226	0.009668937	0.04046332	0.009668937
5840	-196.2038	-201.4159	5.212105	0.03012632	0.01589587	0.01423044	0.01589587
5850	-193.3683	-198.8121	5.443804	0.0257923	0.003318027	0.02247428	0.003318027
5860	-192.3208	-198.0324	5.711618	0.03732389	0.004998595	0.03232529	0.004998595
5870	-193.9979	-199.8188	5.820909	0.0441681	0.01588348	0.02828462	0.01588348
5880	-195.3014	-201.0157	5.714326	0.05152713	0.01722856	0.03429857	0.01722856
5890	-192.6324	-198.5192	5.886799	0.03864199	0.008305571	0.03033642	0.008305571
5900	-196.7316	-201.7713	5.039769	0.05199896	0.003438098	0.04856086	0.003438098
5910	-195.017	-200.6578	5.640784	0.04532345	0.02182226	0.02350119	0.02182226
5920	-192.6479	-198.5571	5.909153	0.03697449	0.009001001	0.02797348	0.009001001
5930	-193.2402	-199.1291	5.88891	0.03974269	0.01245588	0.02728681	0.01245588
5940	-194.3885	-200.1035	5.714975	0.04114432	0.01840567	0.02273865	0.01840567
5950	-192.2999	-197.5525	5.252597	0.03427612	0.002597263	0.03167886	0.002597263
5960	-205.9512	-210.7853	4.834104	0.07215318	0.007978544	0.06417464	0.007978544
5970	-192.4918	-198.3798	5.887969	0.0370813	0.007810626	0.02927067	0.007810626
5980	-192.564	-198.3632	5.799225	0.03924957	0.00639805	0.03285152	0.00639805
5990	-193.1887	-199.0172	5.828521	0.04282045	0.008499612	0.03432084	0.008499612
6000	-197.1896	-202.0129	4.823228	0.03728063	0.02422546	0.01305516	0.02422546
6010	-193.7273	-199.5626	5.835329	0.04512103	0.0112974	0.03382363	0.0112974
6020	-193.7478	-199.544	5.796148	0.03553138	0.01372436	0.02180702	0.01372436
6030	-193.3889	-199.2401	5.851212	0.03521047	0.01220503	0.02300544	0.01220503
6040	-192.6766	-197.8383	5.161696	0.03776335	0.002523392	0.03523996	0.002523392
6050	-192.7316	-198.6425	5.91094	0.03600143	0.009445668	0.02655576	0.009445668
6060	-196.5961	-201.8126	5.216539	0.02599116	0.01223189	0.01375928	0.01223189
6070	-195.4696	-201.058	5.588371	0.04792208	0.02400447	0.0239176	0.02400447
6080	-192.72	-198.6057	5.885686	0.03935775	0.008603083	0.03075466	0.008603083
6090	-196.7817	-201.9791	5.197424	0.04740611	0.02959802	0.01780809	0.02959802
6100	-192.9093	-198.3659	5.456643	0.02728564	0.003242084	0.02404356	0.003242084
6110	-193.4478	-199.2822	5.834409	0.03305445	0.01119168	0.02186276	0.01119168
6120	-192.3267	-197.5213	5.194608	0.03396302	0.00244191	0.0315211	0.00244191
6130	-196.1519	-201.5743	5.422361	0.04847056	0.02742477	0.02104579	0.02742477
6140	-192.3485	-198.0876	5.739116	0.03106865	0.004868485	0.02620017	0.004868485
6150	-196.1682	-201.3574	5.189162	0.03737641	0.0220351	0.0153413	0.0220351
6160	-193.3292	-199.2086	5.879427	0.03958559	0.01300779	0.0265778	0.01300779
6170	-192.3259	-197.5135	5.187554	0.03228783	0.00238125	0.02990658	0.00238125
6180	-192.9163	-198.4996	5.583261	0.02747775	0.003901775	0.02357598	0.003901775
6190	-194.1978	-199.9116	5.713814	0.03642647	0.01578554	0.02064093	0.01578554
6200	-192.1942	-197.97	5.775787	0.03392751	0.005282476	0.02864504	0.005282476
6210	-196.2	-201.3819	5.181921	0.03773073	0.02237196	0.01535878	0.02237196
6220	-193.6235	-199.3911	5.767575	0.0278337	0.007315547	0.02051815	0.007315547
6230	-195.0783	-200.7568	5.678461	0.04792006	0.021539	0.02638106	0.021539
6240	-196.1185	-201.5256	5.407036	0.02175502	0.005661765	0.01609326	0.005661765
6250	-192.6205	-198.5251	5.904573	0.03481006	0.008542307	0.02626775	0.008542307
6260	-194.5732	-200.1983	5.625094	0.03292134	0.01457395	0.01834739	0.01457395
6270	-192.8671	-198.7497	5.882602	0.04039331	0.009090999	0.03130231	0.009090999
6280	-192.3684	-197.5318	5.163466	0.03154495	0.002313703	0.02923124	0.002313703
6290	-194.0718	-199.8036	5.731786	0.03136621	0.01192082	0.01944539	0.01192082
6300	-194.5474	-200.3277	5.780283	0.04811156	0.01609153	0.03202003	0.01609153
6310	-195.3974	-200.9109	5.513434	0.04359762	0.0232045	0.02039312	0.0232045
6320	-198.7276	-204.1296	5.40201	0.06388751	0.02432717	0.03956034	0.02432717
6330	-192.9243	-197.7562	4.831924	0.03754356	0.001875889	0.03566768	0.001875889
6340	-194.1373	-199.8702	5.732937	0.03753027	0.01613331	0.02139696	0.01613331
6350	-196.848	-202.3063	5.458354	0.05562897	0.02952582	0.02610315	0.02952582
6360	-194.9783	-200.5393	5.560982	0.0397504	0.02013921	0.01961119	0.02013921
6370	-196.3056	-201.6878	5.382264	0.04861776	0.02812361	0.02049415	0.02812361
6380	-194.8742	-200.6022	5.728033	0.04830385	0.01957067	0.02873317	0.01957067
6390	-197.3513	-202.868	5.516686	0.05698205	0.01134336	0.04563869	0.01134336
6400	-193.5407	-198.9628	5.422096	0.02530407	0.003275918	0.02202815	0.003275918
6410	-193.4709	-198.3313	4.860418	0.02589115	0.001791821	0.02409933	0.001791821
6420	-192.6461	-198.4893	5.843216	0.03105863	0.006629479	0.02442915	0.006629479
6430	-196.3111	-201.8731	5.561988	0.05370321	0.009206987	0.04449622	0.009206987
6440	-201.9393	-206.8112	4.871814	0.07803826	0.05242827	0.02560998	0.05242827
6450	-194.3312	-200.1277	5.796485	0.04668362	0.01626929	0.03041433	0.01626929
6460	-192.9375	-198.6604	5.722932	0.02815782	0.005092672	0.02306515	0.005092672
6470	-194.7616	-200.4775	5.715951	0.04934772	0.01001808	0.03932964	0.01001808
6480	-195.3376	-200.7966	5.459015	0.0391828	0.02098714	0.01819566	0.02098714
6490	-197.301	-202.8241	5.523172	0.05917469	0.02308286	0.03609183	0.02308286
6500	-195.6899	-200.9707	5.280805	0.05007631	0.004285779	0.04579054	0.004285779
6510	-192.6614	-198.5475	5.886076	0.03890502	0.00839354	0.03051147	0.00839354
6520	-192.4715	-198.1784	5.706989	0.02998554	0.004620761	0.02536478	0.004620761
6530	-192.1637	-197.815	5.651278	0.0326766	0.004161615	0.02851498	0.004161615
6540	-196.3784	-201.9542	5.575711	0.05520089	0.02466533	0.03053556	0.02466533
6550	-192.821	-198.3979	5.576862	0.04055396	0.004439013	0.03611494	0.004439013
6560	-193.5412	-199.3923	5.851062	0.04414463	0.01110261	0.03304203	0.01110261
6570	-192.7144	-198.4249	5.710557	0.02884591	0.004787527	0.02405838	0.004787527
6580	-192.5285	-198.3136	5.785133	0.03902926	0.006132583	0.03289667	0.006132583
6590	-196.1105	-201.6079	5.497371	0.05069314	0.02710851	0.02358463	0.02710851
6600	-192.6876	-197.8013	5.113686	0.03755945	0.002400028	0.03515942	0.002400028
6610	-193.3252	-199.1078	5.782572	0.04357212	0.007684197	0.03588793	0.007684197
6620	-193.0432	-198.8794	5.836196	0.03001946	0.007452785	0.02256667	0.007452785
6630	-192.7405	-198.257	5.516461	0.03987524	0.003983155	0.03589208	0.003983155
6640	-192.5577	-198.356	5.798317	0.03049729	0.005705949	0.02479134	0.005705949
6650	-194.6842	-200.286	5.60182	0.03586397	0.0169954	0.01886857	0.0169954
6660	-199.9155	-205.1885	5.273063	0.06855505	0.02988158	0.03867347	0.02988158
6670	-193.7845	-199.2798	5.495307	0.04462827	0.004588144	0.04004013	0.004588144
6680	-194.335	-200.1256	5.790566	0.04782068	0.01253607	0.03528461	0.01253607
6690	-193.4762	-198.9224	5.446258	0.04319147	0.004046758	0.03914471	0.004046758
6700	-195.113	-200.6261	5.513046	0.03858941	0.01995942	0.01862998	0.01995942
6710	-192.9294	-198.7506	5.821148	0.04148976	0.00758582	0.03390394	0.00758582
6720	-198.2673	-203.7323	5.464987	0.06122083	0.01829158	0.04292925	0.01829158
6730	-198.7271	-204.1579	5.430798	0.06189706	0.01653508	0.04536198	0.01653508
6740	-193.1533	-198.7747	5.621388	0.04239571	0.005108477	0.03728723	0.005108477
6750	-193.3966	-199.1864	5.789826	0.04390485	0.008038255	0.0358666	0.008038255
6760	-194.5531	-200.1323	5.579281	0.02406705	0.005273467	0.01879358	0.005273467
6770	-193.7611	-199.5045	5.743457	0.04544883	0.007802139	0.03764669	0.007802139
6780	-198.045	-203.4962	5.451162	0.05840326	0.0106274	0.04777585	0.0106274
6790	-193.6729	-199.4677	5.794757	0.03058185	0.01007595	0.0205059	0.01007595
6800	-195.2535	-200.955	5.701513	0.05123475	0.01195606	0.03927869	0.01195606
6810	-193.3405	-199.2229	5.882444	0.04155008	0.01247458	0.0290755	0.01247458
6820	-193.1108	-199.0092	5.89835	0.03984334	0.01158074	0.0282626	0.01158074
6830	-192.4994	-198.0978	5.598339	0.02934699	0.003850408	0.02549659	0.003850408
6840	-197.741	-202.6139	4.872979	0.04800784	0.03285006	0.01515778	0.03285006
6850	-194.1838	-199.9257	5.741928	0.03974716	0.01716767	0.02257949	0.01716767
6860	-194.928	-199.9453	5.017326	0.02222302	0.002286359	0.01993666	0.002286359
6870	-193.0573	-198.8788	5.821504	0.02949704	0.00703227	0.02246477	0.00703227
6880	-195.9815	-201.5456	5.564159	0.0518304	0.02568586	0.02614454	0.02568586
6890	-196.9935	-202.5546	5.561048	0.05791912	0.02070583	0.03721329	0.02070583
6900	-196.7643	-201.7401	4.975798	0.03620663	0.02247057	0.01373606	0.02247057
6910	-194.3916	-200.1486	5.756939	0.04438235	0.01846985	0.02591249	0.01846985
6920	-193.2497	-199.1184	5.868666	0.03506728	0.01157718	0.0234901	0.01157718
6930	-197.4127	-202.5616	5.148903	0.05209106	0.0334176	0.01867347	0.0334176
6940	-197.0396	-202.0875	5.047816	0.04540697	0.02945851	0.01594846	0.02945851
6950	-192.1423	-197.7559	5.613639	0.03336152	0.003954372	0.02940715	0.003954372
6960	-192.2372	-198.0368	5.799595	0.03338619	0.005550485	0.02783571	0.005550485
6970	-198.6746	-204.0318	5.357151	0.06462689	0.03090632	0.03372057	0.03090632
6980	-195.6268	-201.2968	5.669968	0.05244204	0.01208153	0.04036051	0.01208153
6990	-192.3484	-197.8765	5.528121	0.03709211	0.003753372	0.03333874	0.003753372
7000	-193.0795	-198.9091	5.829639	0.02975957	0.007358652	0.02240092	0.007358652
7010	-193.1375	-198.9599	5.822318	0.04259169	0.008171423	0.03442027	0.008171423
7020	-193.7136	-199.0366	5.32301	0.02478597	0.002922094	0.02186387	0.002922094
7030	-192.7839	-198.6369	5.852944	0.04040194	0.007929982	0.03247196	0.007929982
7040	-194.4837	-200.1169	5.633219	0.04782662	0.006944796	0.04088183	0.006944796
7050	-194.2406	-199.9663	5.725636	0.03925271	0.01723597	0.02201674	0.01723597
7060	-196.4976	-202.0577	5.560184	0.05563969	0.02530795	0.03033173	0.02530795
7070	-193.8423	-199.6144	5.772027	0.03235847	0.01200906	0.02034941	0.01200906
7080	-192.4648	-197.9477	5.482897	0.03788904	0.003607525	0.03428152	0.003607525
7090	-192.3057	-197.9743	5.668609	0.03713653	0.004619192	0.03251734	0.004619192
7100	-197.8064	-203.2721	5.465757	0.0611431	0.02568028	0.03546281	0.02568028
7110	-193.7098	-199.3702	5.660425	0.04496426	0.006207607	0.03875665	0.006207607
7120	-193.926	-199.7593	5.83329	0.04559258	0.01330796	0.03228462	0.01330796
7130	-194.5814	-200.3256	5.744162	0.04595799	0.01909846	0.02685953	0.01909846
7140	-193.1358	-198.844	5.708163	0.04255832	0.006053964	0.03650436	0.006053964
7150	-193.3746	-199.2422	5.867601	0.0430931	0.01109181	0.03200129	0.01109181
7160	-194.4726	-200.2047	5.732089	0.04829364	0.009553392	0.03874025	0.009553392
7170	-192.5836	-197.3995	4.815877	0.03270319	0.001731482	0.0309717	0.001731482
7180	-194.7972	-200.4183	5.62104	0.02688279	0.009482763	0.01740003	0.009482763
7190	-194.2253	-199.9557	5.730345	0.04730231	0.008661701	0.03864061	0.008661701
7200	-193.7472	-199.5902	5.842922	0.04248182	0.01496606	0.02751576	0.01496606
7210	-192.3318	-197.5269	5.19518	0.03195274	0.002392233	0.0295605	0.002392233
7220	-194.2443	-199.8633	5.619005	0.04687766	0.006350736	0.04052692	0.006350736
7230	-193.0022	-198.8792	5.877008	0.04127553	0.009468343	0.03180719	0.009468343
7240	-192.7878	-198.513	5.725195	0.04075068	0.005777253	0.03497343	0.005777253
7250	-193.0083	-198.0808	5.072474	0.02722779	0.002129334	0.02509846	0.002129334
7260	-198.121	-203.5495	5.428493	0.05825576	0.009725814	0.04852995	0.009725814
7270	-193.4238	-199.1778	5.754084	0.04400006	0.007292982	0.03670708	0.007292982
7280	-193.4203	-199.2804	5.860027	0.04349254	0.01088135	0.03261119	0.01088135
7290	-193.5124	-199.3743	5.861914	0.04367188	0.01178448	0.0318874	0.01178448
7300	-194.4408	-200.1969	5.756082	0.04497807	0.01858821	0.02638986	0.01858821
7310	-196.6719	-201.7026	5.030719	0.03865635	0.02417023	0.01448612	0.02417023
7320	-193.7843	-198.9503	5.166039	0.02460814	0.002446997	0.02216114	0.002446997
7330	-194.3104	-200.0731	5.762734	0.04367551	0.01814326	0.02553225	0.01814326
7340	-192.6087	-198.4881	5.879355	0.03867707	0.008031075	0.030646	0.008031075
7350	-203.1207	-208.1386	5.01799	0.07714282	0.03101418	0.04612863	0.03101418
7360	-192.562	-197.8183	5.256259	0.02913447	0.002521125	0.02661334	0.002521125
7370	-194.0813	-199.7675	5.686207	0.04654963	0.007234393	0.03931523	0.007234393
7380	-198.8997	-203.9846	5.084817	0.06221892	0.0406809	0.02153801	0.0406809
7390	-194.0553	-199.8023	5.746974	0.0371568	0.01565818	0.02149862	0.01565818
7400	-194.4987	-198.9204	4.421694	0.04321509	0.001534593	0.0416805	0.001534593
7410	-194.6101	-200.2482	5.638031	0.03858495	0.01831494	0.02027001	0.01831494
7420	-195.6485	-201.2769	5.628404	0.05122246	0.02341262	0.02780985	0.02341262
7430	-195.7482	-201.3658	5.617651	0.05226681	0.00952433	0.04274248	0.00952433
7440	-192.3732	-198.0817	5.708429	0.03062634	0.00459563	0.02603071	0.00459563
7450	-194.7611	-200.4809	5.719797	0.0466143	0.02001284	0.02660146	0.02001284
7460	-193.6031	-199.1817	5.578597	0.04422365	0.005143663	0.03907998	0.005143663
7470	-193.9413	-199.4533	5.512044	0.02459149	0.003965602	0.02062589	0.003965602
7480	-192.3634	-197.6114	5.248066	0.03538411	0.002629541	0.03275457	0.002629541
7490	-196.4776	-202.0719	5.594367	0.05606258	0.02207549	0.03398709	0.02207549
7500	-194.9659	-200.7022	5.736338	0.04965525	0.01827816	0.03137709	0.01827816
7510	-192.9264	-198.8	5.873579	0.0409484	0.009015424	0.03193298	0.009015424
7520	-196.2059	-201.7754	5.569534	0.05381741	0.02549849	0.02831892	0.02549849
7530	-193.5207	-199.3603	5.839661	0.03685886	0.01344558	0.02341329	0.01344558
7540	-192.6274	-198.5365	5.909148	0.0360351	0.008842891	0.02719221	0.008842891
7550	-194.0391	-199.8016	5.762478	0.03885883	0.01629015	0.02256868	0.01629015
7560	-193.4956	-199.2856	5.790035	0.02852824	0.007629562	0.02089868	0.007629562
7570	-192.9563	-198.8591	5.90286	0.03630256	0.01069905	0.02560351	0.01069905
7580	-194.1744	-199.4811	5.30666	0.04534008	0.003656271	0.04168381	0.003656271
7590	-198.5192	-203.8271	5.307874	0.06362964	0.03506851	0.02856113	0.03506851
7600	-193.7358	-199.1081	5.372285	0.04395771	0.003775856	0.04018186	0.003775856
7610	-193.4117	-199.1837	5.772018	0.02789542	0.006683573	0.02121185	0.006683573
7620	-193.6083	-199.0482	5.439949	0.04371277	0.004089976	0.03962279	0.004089976
7630	-194.4755	-197.2106	2.735111	0.03255638	0.0005096473	0.03204673	0.0005096473
7640	-192.6011	-198.4853	5.884222	0.03845984	0.008125367	0.03033447	0.008125367
7650	-196.4273	-201.9807	5.553332	0.0550028	0.0259463	0.0290565	0.0259463
7660	-197.2697	-202.786	5.51632	0.05912529	0.02441451	0.03471078	0.02441451
7670	-197.2953	-202.8185	5.523262	0.05915872	0.0231396	0.03601913	0.0231396
7680	-192.2101	-197.5909	5.380829	0.03353497	0.002947287	0.03058768	0.002947287
7690	-192.5732	-198.4573	5.884147	0.03307385	0.007576654	0.0254972	0.007576654
7700	-196.9883	-201.7875	4.799162	0.01922977	0.002202664	0.0170271	0.002202664
7710	-194.3948	-199.9098	5.514991	0.02381444	0.004324215	0.01949023	0.004324215
7720	-192.3759	-197.8505	5.474524	0.03709117	0.003502702	0.03358847	0.003502702
7730	-194.1944	-199.9996	5.805208	0.04556	0.01634793	0.02921206	0.01634793
7740	-192.9446	-198.7583	5.813721	0.04160102	0.007462561	0.03413846	0.007462561
7750	-193.5912	-199.3618	5.770634	0.04477136	0.008055197	0.03671616	0.008055197
7760	-195.7733	-201.4061	5.632734	0.05240275	0.02295301	0.02944974	0.02295301
7770	-196.4176	-201.9085	5.490918	0.05338816	0.007443154	0.045945	0.007443154
7780	-193.2645	-198.5577	5.29324	0.02603492	0.002717883	0.02331703	0.002717883
7790	-195.7196	-201.0664	5.346811	0.03070028	0.01543871	0.01526157	0.01543871
7800	-200.3204	-205.4437	5.123232	0.07136949	0.04197606	0.02939343	0.04197606
7810	-195.7917	-201.2378	5.446108	0.02529598	0.009847329	0.01544865	0.009847329
7820	-195.3157	-201.0066	5.690908	0.05074144	0.0205559	0.03018554	0.0205559
7830	-193.9408	-199.7302	5.789369	0.03985267	0.01613912	0.02371355	0.01613912
7840	-192.298	-198.1276	5.829613	0.03616938	0.006241037	0.02992835	0.006241037
7850	-196.0687	-201.6953	5.626667	0.05366377	0.01161853	0.04204524	0.01161853
7860	-192.3832	-198.2081	5.824853	0.03212926	0.005961173	0.02616808	0.005961173
7870	-192.3459	-198.1995	5.853588	0.03631226	0.00671109	0.02960117	0.00671109
7880	-197.5666	-202.9427	5.376174	0.05884252	0.03257293	0.02626959	0.03257293
7890	-192.7817	-198.6848	5.90317	0.03452757	0.00927157	0.025256	0.00927157
7900	-194.6546	-200.163	5.508397	0.04782959	0.005439581	0.04239	0.005439581
7910	-195.0614	-200.3257	5.264272	0.0481161	0.0038576	0.0442585	0.0038576
7920	-197.4087	-202.9313	5.522562	0.05939577	0.02166732	0.03772845	0.02166732
7930	-194.8785	-200.5417	5.663293	0.04483363	0.02112258	0.02371105	0.02112258
7940	-195.0601	-200.7881	5.728085	0.05066668	0.01300394	0.03766274	0.01300394
7950	-195.885	-201.3419	5.456905	0.02381	0.008158496	0.01565151	0.008158496
7960	-197.413	-202.4646	5.051576	0.04951883	0.0325752	0.01694363	0.0325752
7970	-192.8077	-198.2566	5.448872	0.03999182	0.003657012	0.03633481	0.003657012
7980	-192.5097	-198.2328	5.723092	0.02989062	0.004786225	0.0251044	0.004786225
7990	-200.3534	-205.6256	5.272243	0.06325451	0.01037169	0.05288282	0.01037169
8000	-197.1138	-202.0349	4.921064	0.04162326	0.02731661	0.01430665	0.02731661
8010	-193.4528	-197.3451	3.892314	0.03032669	0.0009168452	0.02940985	0.0009168452
8020	-195.4739	-201.1496	5.675681	0.05147894	0.02102292	0.03045602	0.02102292
8030	-198.5222	-203.9592	5.436918	0.06247503	0.0206042	0.04187083	0.0206042
8040	-193.2113	-199.0965	5.885213	0.03779106	0.01228167	0.02550939	0.01228167
8050	-197.1704	-202.3606	5.190169	0.01961955	0.00417908	0.01544047	0.00417908
8060	-196.8836	-202.3885	5.504852	0.05503655	0.008847654	0.0461889	0.008847654
8070	-197.8022	-203.2563	5.454074	0.06119806	0.02714239	0.03405567	0.02714239
8080	-201.6914	-206.6634	4.97202	0.07727783	0.04817012	0.02910771	0.04817012
8090	-197.1878	-202.6786	5.490794	0.05590647	0.009232442	0.04667403	0.009232442
8100	-203.1483	-208.0578	4.909469	0.08233854	0.04664771	0.03569082	0.04664771
8110	-193.3262	-199.2099	5.883654	0.04114121	0.01259302	0.02854819	0.01259302
8120	-192.5186	-198.2844	5.765743	0.03025312	0.005244334	0.02500879	0.005244334
8130	-194.575	-200.345	5.769961	0.04758341	0.01753038	0.03005303	0.01753038
8140	-193.3089	-199.1909	5.882036	0.04201666	0.01183787	0.03017879	0.01183787
8150	-192.2369	-198.0216	5.784715	0.03586307	0.005563069	0.0303	0.005563069
8160	-192.9844	-198.8868	5.902404	0.03675318	0.01094098	0.0258122	0.01094098
8170	-198.5833	-204.0158	5.432503	0.06260857	0.02047686	0.04213171	0.02047686
8180	-194.295	-198.4569	4.161908	0.02481683	0.001092872	0.02372396	0.001092872
8190	-194.9976	-200.708	5.710398	0.04865615	0.02031192	0.02834422	0.02031192
8200	-192.4767	-198.3528	5.876114	0.03324771	0.007141513	0.02610619	0.007141513
8210	-194.142	-199.9166	5.774596	0.04206669	0.01735515	0.02471153	0.01735515
8220	-193.8251	-199.6601	5.835047	0.04288048	0.0153314	0.02754908	0.0153314
8230	-195.4108	-201.1107	5.699906	0.05182721	0.01860151	0.0332257	0.01860151
8240	-192.855	-198.7595	5.904522	0.03918158	0.009948151	0.02923343	0.009948151
8250	-193.5616	-197.5178	3.956218	0.03625817	0.001003895	0.03525427	0.001003895
8260	-194.1731	-197.2206	3.047427	0.03216015	0.000590324	0.03156983	0.000590324
8270	-193.1066	-198.9863	5.87975	0.04168704	0.01011894	0.0315681	0.01011894
8280	-193.0911	-198.4083	5.31724	0.02660533	0.002761864	0.02384347	0.002761864
8290	-192.5751	-198.4784	5.903369	0.0349857	0.008336382	0.02664931	0.008336382
8300	-192.3868	-198.2557	5.868979	0.03386787	0.006854308	0.02701356	0.006854308
8310	-195.1665	-200.6786	5.512046	0.04954995	0.006021467	0.04352849	0.006021467
8320	-194.3439	-200.036	5.692084	0.02818871	0.009741784	0.01844692	0.009741784
8330	-193.5228	-199.3701	5.847247	0.044159	0.01072226	0.03343675	0.01072226
8340	-192.8361	-197.5483	4.712224	0.03594287	0.00166297	0.0342799	0.00166297
8350	-197.3309	-202.5345	5.203593	0.01966247	0.004643261	0.01501921	0.004643261
8360	-193.0944	-198.934	5.839636	0.03018647	0.007790584	0.02239588	0.007790584
8370	-199.1252	-204.5164	5.391175	0.06387359	0.01993759	0.043936	0.01993759
8380	-193.018	-198.9021	5.884096	0.04114115	0.009856289	0.03128486	0.009856289
8390	-194.372	-199.0607	4.68872	0.02363322	0.001618853	0.02201436	0.001618853
8400	-192.7337	-198.3776	5.643895	0.04026431	0.004885843	0.03537847	0.004885843
8410	-195.0579	-200.5866	5.528764	0.03871172	0.01985652	0.0188552	0.01985652
8420	-192.4847	-198.3753	5.890693	0.03431048	0.00761214	0.02669834	0.00761214
8430	-193.3514	-199.1957	5.844327	0.03251056	0.01048725	0.02202331	0.01048725
8440	-193.3878	-199.2413	5.853532	0.03570121	0.01242739	0.02327382	0.01242739
8450	-195.3124	-200.7811	5.468616	0.03940222	0.02103457	0.01836765	0.02103457
8460	-194.4521	-200.1057	5.653622	0.03522663	0.01587938	0.01934725	0.01587938
8470	-195.6896	-201.2631	5.573539	0.04951939	0.0248975	0.02462188	0.0248975
8480	-200.2333	-205.3074	5.07403	0.07052794	0.04420352	0.02632442	0.04420352
8490	-193.7996	-199.6426	5.843091	0.04358245	0.01473654	0.02884591	0.01473654
8500	-193.4126	-199.2896	5.876958	0.04206235	0.01270856	0.02935379	0.01270856
8510	-192.4083	-198.2352	5.826915	0.03771554	0.006483733	0.03123181	0.006483733
8520	-192.7701	-198.5045	5.734421	0.02882714	0.005077941	0.0237492	0.005077941
8530	-194.4209	-200.2041	5.783204	0.04669698	0.01717831	0.02951867	0.01717831
8540	-192.5682	-198.4487	5.880475	0.0382815	0.007920171	0.03036133	0.007920171
8550	-194.0426	-199.8262	5.783628	0.04120188	0.01681543	0.02438645	0.01681543
8560	-192.7199	-198.3565	5.63653	0.04016252	0.004809294	0.03535323	0.004809294
8570	-193.8652	-199.6494	5.784151	0.03730887	0.01501096	0.02229791	0.01501096
8580	-193.8952	-199.6865	5.791367	0.03910247	0.01575817	0.0233443	0.01575817
8590	-193.9359	-199.7568	5.820891	0.04313667	0.01597511	0.02716156	0.01597511
8600	-194.0354	-199.8595	5.824116	0.04615291	0.01350591	0.032647	0.01350591
8610	-192.3401	-198.0062	5.666103	0.03747432	0.004641637	0.03283268	0.004641637
8620	-193.1504	-198.2332	5.0828	0.02663628	0.002163219	0.02447306	0.002163219
8630	-192.821	-198.5796	5.758645	0.02889851	0.005421075	0.02347743	0.005421075
8640	-195.3397	-201.0504	5.710711	0.05167664	0.01737289	0.03430375	0.01737289
8650	-193.6478	-199.3239	5.676057	0.04476281	0.006343688	0.03841913	0.006343688
8660	-192.3233	-197.8126	5.489233	0.03664922	0.003533372	0.03311585	0.003533372
8670	-192.6634	-198.4807	5.817337	0.0303692	0.006138443	0.02423075	0.006138443
8680	-194.8448	-200.5924	5.747601	0.0490878	0.0179522	0.0311356	0.0179522
8690	-196.7103	-202.3038	5.593481	0.05613951	0.01471558	0.04142393	0.01471558
8700	-193.7876	-199.4228	5.6352	0.0255143	0.004952249	0.02056205	0.004952249
8710	-197.1285	-202.4733	5.344839	0.05481989	0.032068	0.0227519	0.032068
8720	-192.1665	-197.8379	5.671433	0.03509498	0.004435105	0.03065988	0.004435105
8730	-194.5795	-200.3583	5.778803	0.04857579	0.01502424	0.03355155	0.01502424
8740	-192.4892	-198.3769	5.887703	0.03395551	0.00751483	0.02644068	0.00751483
8750	-193.3143	-199.1791	5.864738	0.03599389	0.01224539	0.0237485	0.01224539
8760	-192.3058	-198.0913	5.78552	0.03692884	0.005724216	0.03120462	0.005724216
8770	-192.9309	-198.8303	5.899425	0.03510631	0.01020345	0.02490286	0.01020345
8780	-194.6875	-200.4567	5.769224	0.04894449	0.01575484	0.03318965	0.01575484
8790	-196.5133	-202.0481	5.534788	0.05514507	0.02674788	0.02839719	0.02674788
8800	-195.4719	-201.1453	5.673467	0.05182232	0.01124269	0.04057964	0.01124269
8810	-194.5685	-200.302	5.733504	0.04511649	0.01934918	0.02576731	0.01934918
8820	-193.7001	-199.5406	5.840532	0.04122046	0.01498956	0.0262309	0.01498956
8830	-193.2365	-199.0823	5.845779	0.0429319	0.009242639	0.03368926	0.009242639
8840	-193.594	-199.4559	5.861908	0.04259992	0.01379305	0.02880687	0.01379305
8850	-198.7243	-204.0961	5.371852	0.06462406	0.02882542	0.03579863	0.02882542
8860	-193.0394	-198.8021	5.762755	0.02831909	0.00574727	0.02257182	0.00574727
8870	-192.5638	-197.411	4.847256	0.03221139	0.001767348	0.03044404	0.001767348
8880	-193.5304	-199.3454	5.815075	0.03102837	0.009991075	0.02103729	0.009991075
8890	-195.8436	-201.3637	5.520082	0.04897296	0.02591528	0.02305769	0.02591528
8900	-198.3364	-203.4346	5.098181	0.05840071	0.03821642	0.02018429	0.03821642
8910	-193.0966	-198.8952	5.798564	0.04244306	0.007498895	0.03494417	0.007498895
8920	-195.0535	-200.5647	5.511231	0.03635577	0.0183954	0.01796037	0.0183954
8930	-194.334	-200.1159	5.781885	0.04546306	0.01758452	0.02787854	0.01758452
8940	-195.2309	-200.7913	5.56037	0.04380281	0.02259992	0.02120288	0.02259992
8950	-194.553	-200.3171	5.76409	0.04691504	0.01815961	0.02875543	0.01815961
8960	-193.7051	-198.9216	5.216574	0.04322867	0.003070716	0.04015796	0.003070716
8970	-193.4143	-198.6254	5.211128	0.04199212	0.002943471	0.03904865	0.002943471
8980	-193.0338	-198.8588	5.824959	0.02962765	0.007063884	0.02256376	0.007063884
8990	-198.0479	-202.7504	4.702521	0.02653202	0.01528614	0.01124588	0.01528614
9000	-196.2163	-201.7427	5.526378	0.05258248	0.02695122	0.02563126	0.02695122
9010	-192.1522	-197.7878	5.63561	0.03293648	0.004069774	0.02886671	0.004069774
9020	-194.8277	-200.5702	5.742455	0.04978394	0.01221844	0.0375655	0.01221844
9030	-192.19	-197.8794	5.689419	0.03239196	0.004424733	0.02796722	0.004424733
9040	-195.5693	-200.9429	5.37359	0.03213245	0.0164089	0.01572355	0.0164089
9050	-193.1573	-199.0028	5.845506	0.04254881	0.008930323	0.03361849	0.008930323
9060	-193.5455	-199.1974	5.651902	0.04424893	0.005878108	0.03837082	0.005878108
9070	-194.2874	-199.9747	5.687315	0.03398279	0.0145398	0.01944299	0.0145398
9080	-193.5649	-197.3591	3.794203	0.03002082	0.0008653286	0.02915549	0.0008653286
9090	-201.7962	-206.0025	4.206257	0.06857929	0.05445065	0.01412864	0.05445065
9100	-200.3612	-205.6457	5.284459	0.06365462	0.01130185	0.05235277	0.01130185
9110	-196.78	-202.3694	5.589413	0.05677701	0.01712216	0.03965485	0.01712216
9120	-192.9064	-197.8946	4.988139	0.03834278	0.002174004	0.03616878	0.002174004
9130	-192.4962	-198.383	5.88678	0.03721639	0.007803505	0.02941288	0.007803505
9140	-192.9983	-198.8921	5.893794	0.03497194	0.01045884	0.02451311	0.01045884
9150	-195.7602	-201.1206	5.360435	0.04077718	0.02316504	0.01761213	0.02316504
9160	-194.32	-200.1188	5.79883	0.04677684	0.01598645	0.03079039	0.01598645
9170	-194.7345	-200.4856	5.751115	0.04813753	0.01839942	0.02973811	0.01839942
9180	-192.8483	-198.7538	5.90548	0.0390466	0.009956926	0.02908967	0.009956926
9190	-192.4331	-197.7699	5.336731	0.02984775	0.002743399	0.02710435	0.002743399
9200	-199.9552	-205.2135	5.258371	0.06901963	0.03151393	0.0375057	0.03151393
9210	-195.1897	-200.8774	5.687683	0.04946352	0.02117253	0.02829099	0.02117253
9220	-193.6702	-199.517	5.846833	0.04150723	0.01476361	0.02674363	0.01476361
9230	-199.3781	-204.7411	5.363037	0.06178812	0.01178581	0.05000231	0.01178581
9240	-193.8837	-199.7144	5.83069	0.04338343	0.01550274	0.02788069	0.01550274
9250	-197.3882	-202.1979	4.809709	0.04137202	0.02777538	0.01359664	0.02777538
9260	-192.3835	-198.1392	5.755633	0.03097527	0.005051574	0.0259237	0.005051574
9270	-196.9602	-202.3643	5.404109	0.05437804	0.006636555	0.04774148	0.006636555
9280	-192.9232	-198.2912	5.367975	0.04028596	0.003341286	0.03694468	0.003341286
9290	-195.6948	-201.1027	5.407817	0.04237296	0.02378006	0.0185929	0.02378006
9300	-194.2316	-200.0369	5.805241	0.04723542	0.01329901	0.03393641	0.01329901
9310	-194.6467	-200.3846	5.737946	0.04902075	0.01062416	0.03839659	0.01062416
9320	-202.4792	-207.3744	4.895154	0.08073587	0.05129149	0.02944439	0.05129149
9330	-194.1073	-199.9268	5.819497	0.04628799	0.01424713	0.03204086	0.01424713
9340	-193.589	-199.4199	5.830956	0.04463694	0.0101795	0.03445744	0.0101795
9350	-193.0341	-198.8932	5.859097	0.03119022	0.008375782	0.02281444	0.008375782
9360	-193.2662	-199.0369	5.770695	0.04328741	0.00729713	0.03599028	0.00729713
9370	-195.4472	-201.1504	5.703167	0.05216878	0.01538067	0.03678811	0.01538067
9380	-194.1292	-199.8538	5.72459	0.02971513	0.01064683	0.0190683	0.01064683
9390	-192.2119	-197.6176	5.405654	0.03424398	0.003060188	0.03118379	0.003060188
9400	-192.6632	-197.6072	4.944019	0.03617758	0.00201144	0.03416614	0.00201144
9410	-196.4925	-202.0333	5.540798	0.05514919	0.02648383	0.02866537	0.02648383
9420	-192.9842	-198.1029	5.118711	0.03948002	0.002513207	0.03696682	0.002513207
9430	-195.3541	-200.989	5.634849	0.04874375	0.0230256	0.02571815	0.0230256
9440	-194.4472	-200.124	5.676769	0.02712272	0.008878791	0.01824393	0.008878791
9450	-193.1013	-198.9387	5.837354	0.03008495	0.007728617	0.02235634	0.007728617
9460	-194.6735	-200.4417	5.768182	0.0486229	0.01662643	0.03199647	0.01662643
9470	-193.2186	-199.0937	5.875012	0.03564823	0.01169928	0.02394896	0.01169928
9480	-193.7411	-198.3236	4.582511	0.04078141	0.001642483	0.03913893	0.001642483
9490	-193.0648	-198.9446	5.879716	0.04150363	0.00989237	0.03161126	0.00989237
9500	-193.1556	-198.3346	5.179025	0.0264822	0.00238233	0.02409987	0.00238233
9510	-197.471	-202.9847	5.513689	0.05968625	0.02239084	0.03729541	0.02239084
9520	-194.9948	-200.5346	5.539782	0.03817237	0.01935414	0.01881823	0.01935414
9530	-195.4536	-201.0095	5.555942	0.05074668	0.007113316	0.04363337	0.007113316
9540	-193.7126	-199.565	5.852365	0.04348073	0.01409486	0.02938587	0.01409486
9550	-193.0755	-198.9667	5.891181	0.04102663	0.0105851	0.03044152	0.0105851
9560	-196.1738	-201.3503	5.176501	0.03465658	0.01991949	0.01473709	0.01991949
9570	-193.928	-199.7299	5.801884	0.04098161	0.01622779	0.02475383	0.01622779
9580	-192.2726	-198.0627	5.790048	0.03642665	0.005705159	0.03072149	0.005705159
9590	-194.7475	-200.5111	5.763604	0.04939995	0.01470169	0.03469827	0.01470169
9600	-195.4333	-200.9508	5.517588	0.02548184	0.009312755	0.01616908	0.009312755
9610	-194.9991	-200.7359	5.736857	0.04999777	0.01778856	0.03220921	0.01778856
9620	-192.4841	-198.2931	5.809049	0.03108013	0.005796537	0.02528359	0.005796537
9630	-195.7509	-201.1185	5.367624	0.02899086	0.01383684	0.01515401	0.01383684
9640	-194.5987	-200.2238	5.625059	0.03141114	0.01340888	0.01800226	0.01340888
9650	-193.9881	-199.7575	5.769425	0.03850369	0.01596058	0.02254311	0.01596058
9660	-197.1649	-202.593	5.428033	0.05719593	0.03069189	0.02650404	0.03069189
9670	-192.3966	-197.7169	5.320273	0.03020748	0.002695071	0.02751241	0.002695071
9680	-192.3544	-198.0866	5.732181	0.03764725	0.005240733	0.03240652	0.005240733
9690	-201.1936	-206.3073	5.113724	0.07427308	0.03834233	0.03593075	0.03834233
9700	-192.4974	-198.2921	5.794686	0.03075982	0.005599354	0.02516046	0.005599354
9710	-194.8864	-200.444	5.55762	0.03156577	0.01427989	0.01728588	0.01427989
9720	-195.3777	-201.0416	5.66388	0.05133424	0.0101684	0.04116584	0.0101684
9730	-192.7077	-198.6194	5.911732	0.03661911	0.009382055	0.02723705	0.009382055
9740	-193.2249	-199.0674	5.842504	0.04290606	0.009077726	0.03382833	0.009077726
9750	-193.3477	-199.1945	5.846847	0.03293591	0.01075765	0.02217827	0.01075765
9760	-192.8494	-198.6187	5.769324	0.04113151	0.006471615	0.0346599	0.006471615
9770	-194.4885	-199.545	5.056575	0.04548884	0.002783035	0.0427058	0.002783035
9780	-192.4303	-198.2838	5.853541	0.03753655	0.006963009	0.03057355	0.006963009
9790	-192.8451	-198.4068	5.561681	0.04063376	0.00435157	0.03628219	0.00435157
9800	-193.2421	-199.1275	5.885415	0.04173571	0.01148544	0.03025026	0.01148544
9810	-194.3862	-200.0616	5.675402	0.03032098	0.01189407	0.01842691	0.01189407
9820	-193.1486	-199.0104	5.861793	0.03204803	0.009431714	0.02261631	0.009431714
9830	-195.8376	-201.4708	5.633153	0.05279604	0.01067983	0.04211621	0.01067983
9840	-192.4253	-197.7444	5.319088	0.03664487	0.002897853	0.03374702	0.002897853
9850	-195.7066	-201.2575	5.550911	0.04880151	0.02518521	0.0236163	0.02518521
9860	-192.9258	-198.8335	5.90763	0.03866231	0.01063361	0.0280287	0.01063361
9870	-196.5793	-201.6841	5.104849	0.04118871	0.02569804	0.01549066	0.02569804
9880	-192.7358	-198.6445	5.90866	0.0353627	0.009322029	0.02604068	0.009322029
9890	-192.5944	-198.4646	5.870186	0.03223029	0.007201689	0.0250286	0.007201689
9900	-193.295	-199.1779	5.882967	0.0419341	0.01178811	0.03014599	0.01178811
9910	-200.4524	-205.7368	5.284409	0.06728009	0.02060494	0.04667515	0.02060494
9920	-193.9863	-199.7904	5.804104	0.04224153	0.01650194	0.02573958	0.01650194
9930	-192.6143	-198.4494	5.835154	0.0309734	0.006406575	0.02456682	0.006406575
9940	-194.3363	-200.0847	5.748435	0.04296065	0.01835676	0.02460389	0.01835676
9950	-198.6947	-203.8888	5.194034	0.06286441	0.03872253	0.02414188	0.03872253
9960	-192.8078	-198.716	5.908236	0.03849944	0.009849602	0.02864984	0.009849602
9970	-195.9283	-201.3323	5.404003	0.02569826	0.01060608	0.01509218	0.01060608
9980	-195.8761	-201.3262	5.450046	0.02234589	0.006049643	0.01629625	0.006049643
9990	-193.4337	-199.2952	5.861589	0.04348961	0.01108615	0.03240347	0.01108615
10000	-194.7337	-200.4957	5.761962	0.0488401	0.01695626	0.03188384	0.01695626
