Iteration	Posterior	Likelihood	Prior	birth_rate	death_rate	diversification	turnover
0	-200.8575	-206.0498	5.192262	0.07151232	0.03104087	0.04047145	0.03104087
10	-204.4224	-209.4041	4.981692	0.07621288	0.0220964	0.05411648	0.0220964
20	-196.224	-201.8212	5.597202	0.05466905	0.02370302	0.03096603	0.02370302
30	-199.3795	-204.6442	5.264732	0.06750424	0.03526178	0.03224246	0.03526178
40	-197.8898	-203.3364	5.446523	0.06153298	0.0272765	0.03425648	0.0272765
50	-236.9836	-238.8644	1.880787	0.2577498	0.204221	0.05352882	0.204221
60	-206.1394	-210.6616	4.522217	0.09756915	0.06817962	0.02938953	0.06817962
70	-237.7487	-239.8381	2.089381	0.1980931	0.1234261	0.07466697	0.1234261
80	-199.2007	-204.5497	5.349053	0.06579868	0.02685656	0.03894212	0.02685656
90	-203.3934	-208.2832	4.889791	0.08318639	0.0469998	0.03618659	0.0469998
100	-194.1253	-199.9294	5.804147	0.04443275	0.01667409	0.02775866	0.01667409
110	-192.2913	-198.1204	5.829058	0.03604865	0.006213796	0.02983485	0.006213796
120	-236.8529	-239.7483	2.895469	0.1351697	0.03850219	0.09666751	0.03850219
130	-197.739	-203.2494	5.51041	0.05933774	0.01634837	0.04298937	0.01634837
140	-222.378	-225.882	3.503984	0.1256699	0.05522416	0.07044574	0.05522416
150	-201.1753	-206.0398	4.864461	0.07353342	0.05088113	0.02265229	0.05088113
160	-201.6124	-206.8179	5.205499	0.0690099	0.01835838	0.05065152	0.01835838
170	-211.1776	-214.8785	3.700963	0.1245366	0.1048648	0.01967179	0.1048648
180	-259.9696	-261.033	1.063437	0.2108925	0.09921675	0.1116758	0.09921675
190	-196.5229	-201.8859	5.362925	0.02154333	0.006205419	0.01533791	0.006205419
200	-203.3412	-208.2931	4.951936	0.06709579	0.006802083	0.06029371	0.006802083
210	-192.3138	-197.5583	5.244567	0.03448702	0.002584047	0.03190297	0.002584047
220	-222.2304	-225.2703	3.039876	0.1906843	0.1594928	0.03119147	0.1594928
230	-195.7733	-201.1897	5.416451	0.04390787	0.02470714	0.01920072	0.02470714
240	-196.3687	-201.4966	5.127931	0.03796296	0.02294789	0.01501508	0.02294789
250	-195.7585	-201.2209	5.462376	0.02243876	0.005921869	0.01651689	0.005921869
260	-194.9568	-200.4924	5.535612	0.03236858	0.01513872	0.01722986	0.01513872
270	-193.5487	-199.4145	5.86583	0.04237658	0.01358398	0.0287926	0.01358398
280	-208.8297	-213.2703	4.440647	0.1003079	0.05481516	0.04549269	0.05481516
290	-193.0739	-198.9747	5.900809	0.03918514	0.01150365	0.02768149	0.01150365
300	-204.1587	-209.148	4.98931	0.07643907	0.02381074	0.05262833	0.02381074
310	-196.2444	-201.2431	4.998663	0.02020937	0.002558403	0.01765097	0.002558403
320	-196.49	-202.0438	5.553736	0.05424703	0.009471023	0.04477601	0.009471023
330	-209.07	-213.4748	4.404741	0.1024183	0.05815998	0.04425832	0.05815998
340	-193.3194	-199.1745	5.855176	0.043193	0.01001468	0.03317832	0.01001468
350	-254.1947	-254.2809	0.08614616	0.56017	0.5292196	0.03095033	0.5292196
360	-199.615	-204.9458	5.33081	0.06637777	0.02443039	0.04194738	0.02443039
370	-195.3894	-200.8395	5.45008	0.02230781	0.00476548	0.01754233	0.00476548
380	-259.4393	-259.5138	0.07454605	0.377945	0.3012228	0.07672225	0.3012228
390	-197.9754	-203.3362	5.360781	0.06120531	0.03316869	0.02803662	0.03316869
400	-266.3364	-268.2858	1.949429	0.1565296	0.0192753	0.1372543	0.0192753
410	-197.5125	-202.5958	5.083364	0.05129379	0.03357416	0.01771962	0.03357416
420	-208.872	-213.3937	4.521716	0.09384836	0.04118964	0.05265872	0.04118964
430	-269.4349	-270.2411	0.8061666	0.2101193	0.08344319	0.1266761	0.08344319
440	-204.8265	-209.0969	4.270406	0.08924004	0.07062573	0.01861432	0.07062573
450	-252.629	-253.7555	1.126446	0.232791	0.1391344	0.09365658	0.1391344
460	-211.1239	-215.4822	4.358297	0.09842216	0.04166752	0.05675464	0.04166752
470	-251.0977	-253.3494	2.25177	0.1520714	0.03708704	0.1149843	0.03708704
480	-195.2876	-201.0033	5.715746	0.05147766	0.01713186	0.0343458	0.01713186
490	-196.2584	-201.5702	5.311825	0.0455615	0.02706283	0.01849867	0.02706283
500	-218.4496	-222.5477	4.098169	0.09903215	0.02176419	0.07726797	0.02176419
510	-213.188	-217.4575	4.269436	0.09884811	0.03569197	0.06315615	0.03569197
520	-218.8699	-222.8246	3.954726	0.1057521	0.03193863	0.07381344	0.03193863
530	-195.4099	-200.9984	5.588537	0.04729618	0.02376243	0.02353375	0.02376243
540	-199.4803	-203.8398	4.359487	0.0532315	0.04035666	0.01287484	0.04035666
550	-193.3043	-199.178	5.873664	0.04263465	0.01101348	0.03162117	0.01101348
560	-266.3488	-267.0503	0.7015182	0.2246365	0.1061929	0.1184435	0.1061929
570	-206.4377	-210.9508	4.51309	0.09867815	0.0680748	0.03060335	0.0680748
580	-242.9169	-245.7828	2.865962	0.1314584	0.0222487	0.1092096	0.0222487
590	-192.5196	-198.3094	5.789791	0.03056303	0.005550634	0.0250124	0.005550634
600	-212.4394	-216.9181	4.478693	0.08839054	0.01893964	0.0694509	0.01893964
610	-228.7785	-232.3124	3.5339	0.1138234	0.02260927	0.09121416	0.02260927
620	-256.7749	-258.4587	1.68377	0.174596	0.05787235	0.1167237	0.05787235
630	-228.7691	-231.6076	2.838471	0.1602646	0.09142912	0.06883551	0.09142912
640	-198.1336	-203.6107	5.477016	0.06071878	0.01769988	0.04301889	0.01769988
650	-212.5257	-216.4529	3.927194	0.1299411	0.09931606	0.03062505	0.09931606
660	-225.6471	-228.5305	2.883379	0.1850967	0.136275	0.04882176	0.136275
670	-208.9883	-213.385	4.396713	0.1034603	0.06086934	0.04259091	0.06086934
680	-198.7816	-204.1593	5.377651	0.06462495	0.02746825	0.0371567	0.02746825
690	-216.6119	-218.6397	2.027823	0.1504562	0.1398886	0.01056752	0.1398886
700	-199.5437	-204.0473	4.5036	0.02196245	0.01175173	0.01021073	0.01175173
710	-211.9642	-216.011	4.046863	0.123285	0.08745213	0.03583291	0.08745213
720	-203.6145	-208.6575	5.043023	0.07439797	0.02156982	0.05282816	0.02156982
730	-202.2654	-207.264	4.998637	0.07872264	0.04316747	0.03555517	0.04316747
740	-200.5856	-205.8534	5.2678	0.0680371	0.0219372	0.0460999	0.0219372
750	-200.4541	-205.6164	5.162363	0.07179374	0.03850605	0.03328769	0.03850605
760	-203.5025	-208.5717	5.069166	0.07268904	0.01809169	0.05459734	0.01809169
770	-195.034	-200.7142	5.680149	0.04753279	0.02143326	0.02609953	0.02143326
780	-216.7031	-219.7521	3.048972	0.1588337	0.1410303	0.01780334	0.1410303
790	-196.877	-202.2341	5.357084	0.05308108	0.03099733	0.02208375	0.03099733
800	-198.8942	-204.3059	5.41164	0.06127393	0.0133453	0.04792862	0.0133453
810	-205.5439	-210.1525	4.608612	0.09435216	0.06331571	0.03103644	0.06331571
820	-204.3978	-209.1553	4.757539	0.08842458	0.05490531	0.03351927	0.05490531
830	-199.8621	-205.0896	5.227541	0.06937426	0.03588705	0.0334872	0.03588705
840	-216.2624	-220.4554	4.192967	0.09747635	0.02462695	0.07284941	0.02462695
850	-269.4828	-268.7453	-0.7374406	0.4524838	0.3681294	0.08435443	0.3681294
860	-207.1284	-210.659	3.530612	0.09658925	0.08304343	0.01354582	0.08304343
870	-202.0022	-206.8949	4.892705	0.07850948	0.05175111	0.02675837	0.05175111
880	-199.3098	-204.4632	5.153354	0.06612272	0.04081626	0.02530646	0.04081626
890	-287.0891	-287.7615	0.6724128	0.200209	0.04564635	0.1545626	0.04564635
900	-201.2311	-206.4702	5.239047	0.06669056	0.01445671	0.05223385	0.01445671
910	-207.8861	-212.2611	4.374985	0.1055995	0.0747364	0.03086311	0.0747364
920	-196.8852	-202.3436	5.458362	0.05457819	0.007565936	0.04701225	0.007565936
930	-217.0629	-220.6677	3.604855	0.147273	0.1076239	0.03964902	0.1076239
940	-197.8214	-203.2057	5.384299	0.06065359	0.03224717	0.02840642	0.03224717
950	-194.1884	-199.9977	5.809268	0.0459183	0.01587119	0.03004711	0.01587119
960	-203.2131	-207.9793	4.76618	0.08404186	0.05725776	0.0267841	0.05725776
970	-202.4305	-207.1295	4.699012	0.07915103	0.05722845	0.02192258	0.05722845
980	-209.946	-213.5759	3.629903	0.07372846	0.0019625	0.07176596	0.0019625
990	-192.3813	-198.1665	5.785208	0.03137571	0.00539328	0.02598243	0.00539328
1000	-211.9261	-216.0942	4.168049	0.1111031	0.06274902	0.0483541	0.06274902
1010	-218.006	-221.6741	3.668107	0.1297376	0.07394287	0.05579468	0.07394287
1020	-197.661	-202.9181	5.257044	0.05538635	0.005421533	0.04996481	0.005421533
1030	-206.5355	-211.3662	4.830653	0.07376161	0.009176761	0.06458485	0.009176761
1040	-228.5269	-230.6447	2.117761	0.2524425	0.2323391	0.02010342	0.2323391
1050	-204.1332	-208.3095	4.176228	0.08380773	0.06738622	0.01642151	0.06738622
1060	-195.962	-201.6061	5.644058	0.05351345	0.01240633	0.04110713	0.01240633
1070	-193.3451	-199.2256	5.880484	0.04035286	0.01299436	0.0273585	0.01299436
1080	-205.1849	-209.9463	4.761443	0.08803836	0.0466245	0.04141386	0.0466245
1090	-198.7709	-202.967	4.196137	0.04098983	0.03021478	0.01077505	0.03021478
1100	-247.8492	-248.8528	1.003683	0.3095578	0.2434583	0.06609949	0.2434583
1110	-209.0229	-213.7204	4.697552	0.0824838	0.01812299	0.06436081	0.01812299
1120	-193.5853	-199.407	5.82169	0.03514668	0.01292458	0.0222221	0.01292458
1130	-214.1527	-218.0089	3.856215	0.1335201	0.09612549	0.03739461	0.09612549
1140	-200.4673	-205.2975	4.830203	0.06852529	0.04854702	0.01997827	0.04854702
1150	-200.1551	-204.8974	4.742271	0.01814126	0.006867094	0.01127417	0.006867094
1160	-198.5933	-203.8954	5.302135	0.0582094	0.007083281	0.05112612	0.007083281
1170	-198.2549	-203.7233	5.468473	0.06075903	0.01666309	0.04409594	0.01666309
1180	-209.4603	-213.5542	4.09384	0.1152355	0.09027613	0.02495941	0.09027613
1190	-208.5092	-212.8346	4.325361	0.1083786	0.07678962	0.031589	0.07678962
1200	-254.6295	-254.7927	0.1632098	0.5152341	0.4734678	0.04176632	0.4734678
1210	-196.9391	-202.486	5.546838	0.05587171	0.01108526	0.04478645	0.01108526
1220	-216.1832	-220.3358	4.152622	0.09970839	0.02867703	0.07103136	0.02867703
1230	-221.7675	-225.7242	3.956696	0.1013944	0.01793182	0.08346253	0.01793182
1240	-220.1923	-223.4249	3.232589	0.1760154	0.1443761	0.03163932	0.1443761
1250	-238.8804	-240.5592	1.678792	0.2871579	0.2375404	0.04961753	0.2375404
1260	-225.1827	-228.7466	3.563936	0.1165026	0.03435117	0.08215139	0.03435117
1270	-207.7788	-212.216	4.437248	0.1032836	0.06850756	0.03477605	0.06850756
1280	-195.8284	-201.4748	5.646434	0.05295268	0.01154764	0.04140505	0.01154764
1290	-199.0696	-204.0071	4.937479	0.06064866	0.04182837	0.01882029	0.04182837
1300	-204.4265	-209.3949	4.968472	0.07706615	0.02402978	0.05303638	0.02402978
1310	-203.1406	-208.1186	4.978024	0.07932446	0.03689434	0.04243012	0.03689434
1320	-210.5225	-214.5308	4.008271	0.1209367	0.09540616	0.02553057	0.09540616
1330	-194.3255	-200.0876	5.762093	0.04384326	0.0182	0.02564327	0.0182
1340	-197.2969	-202.7106	5.413714	0.05779761	0.031225	0.02657261	0.031225
1350	-212.3817	-216.4885	4.106799	0.1150243	0.06836669	0.04665756	0.06836669
1360	-211.6899	-216.1718	4.481901	0.08980736	0.02372088	0.06608649	0.02372088
1370	-193.3924	-199.2626	5.870132	0.03918465	0.013363	0.02582165	0.013363
1380	-221.7667	-225.3347	3.56799	0.1228408	0.05230821	0.07053263	0.05230821
1390	-206.2837	-211.1506	4.866896	0.07863407	0.01982906	0.058805	0.01982906
1400	-201.8611	-207.0538	5.192695	0.06781261	0.01412431	0.0536883	0.01412431
1410	-199.3478	-204.4254	5.077616	0.06513315	0.04231696	0.02281619	0.04231696
1420	-203.1123	-208.12	5.00771	0.07774264	0.03267322	0.04506942	0.03267322
1430	-207.2133	-211.9324	4.719112	0.08554705	0.03073682	0.05481023	0.03073682
1440	-198.4776	-203.9284	5.450755	0.06110417	0.01591668	0.04518749	0.01591668
1450	-212.8093	-216.4931	3.683809	0.1344878	0.1120521	0.02243574	0.1120521
1460	-227.5734	-230.2321	2.658693	0.2125697	0.1706845	0.04188518	0.1706845
1470	-258.0002	-258.6207	0.6204971	0.2706653	0.1762521	0.0944132	0.1762521
1480	-201.1718	-206.3441	5.172332	0.0721565	0.03035933	0.04179718	0.03035933
1490	-240.6531	-241.7817	1.128682	0.3816986	0.3591223	0.0225763	0.3591223
1500	-213.1163	-217.2826	4.166343	0.1059689	0.04878742	0.05718148	0.04878742
1510	-195.9316	-201.5774	5.645793	0.05386141	0.0207469	0.0331145	0.0207469
1520	-196.4024	-201.8682	5.465736	0.0522516	0.02841403	0.02383757	0.02841403
1530	-312.3275	-309.0372	-3.290346	0.6065142	0.4709175	0.1355967	0.4709175
1540	-219.4978	-222.8336	3.335788	0.1678304	0.133004	0.03482641	0.133004
1550	-217.9004	-221.3792	3.478734	0.1581713	0.1236964	0.0344749	0.1236964
1560	-233.8321	-236.2646	2.432445	0.1786289	0.1055991	0.07302972	0.1055991
1570	-204.1123	-205.9168	1.804446	0.05706262	0.05077173	0.006290895	0.05077173
1580	-210.585	-214.951	4.366001	0.09957734	0.04584499	0.05373235	0.04584499
1590	-253.5028	-256.0207	2.517955	0.1336868	0.008154432	0.1255324	0.008154432
1600	-203.4157	-208.4144	4.998689	0.07763452	0.03054738	0.04708714	0.03054738
1610	-198.8815	-203.3842	4.502751	0.05058046	0.03731072	0.01326974	0.03731072
1620	-203.0198	-208.1303	5.110513	0.07064143	0.01550003	0.0551414	0.01550003
1630	-199.9017	-205.1402	5.238488	0.06123578	0.00782539	0.05341039	0.00782539
1640	-231.3958	-233.7744	2.378508	0.2185435	0.1668227	0.0517208	0.1668227
1650	-239.7866	-241.6014	1.814733	0.2260174	0.1558237	0.07019369	0.1558237
1660	-205.3385	-209.4819	4.143348	0.09115649	0.07357325	0.01758324	0.07357325
1670	-202.9006	-207.6399	4.739317	0.08226152	0.05775356	0.02450796	0.05775356
1680	-202.1723	-206.5175	4.34519	0.07300303	0.0571456	0.01585743	0.0571456
1690	-234.3306	-237.437	3.106437	0.1278635	0.03269488	0.09516862	0.03269488
1700	-207.0399	-211.5406	4.500688	0.07166638	0.00438847	0.06727791	0.00438847
1710	-238.6063	-240.3372	1.730892	0.272291	0.2189074	0.05338361	0.2189074
1720	-195.0766	-200.7544	5.677782	0.05029458	0.009580458	0.04071412	0.009580458
1730	-213.4089	-217.298	3.889062	0.1325502	0.0986695	0.03388074	0.0986695
1740	-224.9739	-228.3878	3.413958	0.125174	0.04822982	0.07694419	0.04822982
1750	-204.9154	-209.2429	4.327511	0.09035956	0.07066065	0.01969891	0.07066065
1760	-233.8598	-236.7489	2.889081	0.139628	0.05071429	0.08891373	0.05071429
1770	-196.1948	-201.8045	5.609722	0.05474827	0.02273091	0.03201736	0.02273091
1780	-199.2423	-204.162	4.919697	0.01752688	0.004197617	0.01332927	0.004197617
1790	-195.4179	-201.1171	5.699263	0.05185706	0.01861687	0.0332402	0.01861687
1800	-257.3468	-257.3828	0.03593024	0.4585339	0.3997116	0.05882232	0.3997116
1810	-204.6973	-209.0614	4.36408	0.08938031	0.06943466	0.01994565	0.06943466
1820	-202.5488	-207.4386	4.889872	0.06480195	0.005250258	0.05955169	0.005250258
1830	-196.7426	-202.3351	5.592477	0.05639916	0.01557481	0.04082435	0.01557481
1840	-208.002	-211.5975	3.595478	0.1030035	0.08825988	0.01474364	0.08825988
1850	-208.1378	-212.9047	4.766947	0.07802649	0.01231978	0.06570671	0.01231978
1860	-212.0082	-216.5409	4.532653	0.08433683	0.01281684	0.07151999	0.01281684
1870	-218.9102	-221.8736	2.963379	0.1744726	0.1549645	0.01950814	0.1549645
1880	-201.1658	-206.2505	5.084666	0.07474565	0.04167675	0.0330689	0.04167675
1890	-206.146	-210.9722	4.826192	0.08160993	0.02670137	0.05490856	0.02670137
1900	-195.4776	-201.1754	5.697824	0.05222162	0.01781139	0.03441023	0.01781139
1910	-215.3061	-219.4633	4.157286	0.1009854	0.03328009	0.06770528	0.03328009
1920	-204.927	-209.883	4.956013	0.07169697	0.01038373	0.06131323	0.01038373
1930	-206.1284	-210.2977	4.169276	0.0963472	0.07720048	0.01914672	0.07720048
1940	-193.3304	-199.119	5.788628	0.04359628	0.007838429	0.03575785	0.007838429
1950	-208.6585	-212.5096	3.851093	0.1095294	0.09132349	0.01820596	0.09132349
1960	-201.2077	-206.3418	5.134081	0.07368715	0.03556823	0.03811892	0.03556823
1970	-202.4765	-207.6255	5.148964	0.06908852	0.01431233	0.05477619	0.01431233
1980	-193.0217	-198.8662	5.84458	0.04185748	0.008436321	0.03342116	0.008436321
1990	-215.5995	-219.6571	4.057575	0.1062647	0.04159097	0.0646737	0.04159097
2000	-192.6686	-197.8998	5.231218	0.03809778	0.002724036	0.03537374	0.002724036
2010	-249.4448	-252.1523	2.707466	0.1325682	0.01292077	0.1196474	0.01292077
2020	-196.0113	-201.3442	5.332858	0.02745165	0.01275537	0.01469628	0.01275537
2030	-210.5074	-214.912	4.404665	0.09704905	0.04125284	0.05579621	0.04125284
2040	-210.067	-214.2724	4.205393	0.1149646	0.08110444	0.03386019	0.08110444
2050	-194.2451	-199.9506	5.705546	0.02938447	0.01065501	0.01872946	0.01065501
2060	-199.2858	-204.5827	5.296868	0.0670016	0.03278611	0.03421549	0.03278611
2070	-202.6701	-207.7959	5.125839	0.06843807	0.0119971	0.05644097	0.0119971
2080	-214.4058	-218.2948	3.889052	0.1278844	0.08394026	0.04394412	0.08394026
2090	-192.5937	-198.449	5.855396	0.03165595	0.006816404	0.02483955	0.006816404
2100	-204.5799	-209.2249	4.645013	0.09041299	0.06275858	0.02765441	0.06275858
2110	-293.386	-292.4119	-0.9741729	0.3082729	0.1660804	0.1421925	0.1660804
2120	-195.305	-200.8746	5.569643	0.05033797	0.007129002	0.04320897	0.007129002
2130	-203.5706	-208.3259	4.755281	0.08570886	0.05771188	0.02799698	0.05771188
2140	-203.1014	-208.1961	5.094725	0.07221794	0.01881714	0.0534008	0.01881714
2150	-202.9254	-207.8865	4.961024	0.06618907	0.006480149	0.05970892	0.006480149
2160	-193.1877	-199.0331	5.845423	0.03076929	0.008615238	0.02215405	0.008615238
2170	-242.1462	-243.2169	1.070741	0.3970239	0.3723293	0.02469458	0.3723293
2180	-200.2631	-205.3462	5.083117	0.07078762	0.04389689	0.02689073	0.04389689
2190	-214.3658	-218.0111	3.645373	0.1431686	0.117622	0.02554653	0.117622
2200	-211.9172	-215.8678	3.950598	0.1275844	0.09887623	0.02870812	0.09887623
2210	-212.1382	-215.2539	3.115726	0.1267879	0.1125841	0.01420381	0.1125841
2220	-208.2388	-212.7766	4.537807	0.09473732	0.04572869	0.04900863	0.04572869
2230	-192.5561	-198.3831	5.826961	0.03903705	0.006820752	0.0322163	0.006820752
2240	-198.6334	-203.8588	5.225393	0.06302729	0.03794817	0.02507912	0.03794817
2250	-195.8565	-201.4389	5.582382	0.05137778	0.02505134	0.02632644	0.02505134
2260	-219.0934	-222.6091	3.51575	0.1418182	0.09030474	0.05151345	0.09030474
2270	-223.5151	-226.8779	3.362744	0.1329476	0.06367404	0.06927354	0.06367404
2280	-232.9017	-236.1825	3.280792	0.1213505	0.02582223	0.09552826	0.02582223
2290	-197.1469	-201.6792	4.532254	0.05139362	0.002057001	0.04933662	0.002057001
2300	-195.4696	-201.1031	5.633548	0.04980773	0.02321713	0.02659061	0.02321713
2310	-199.338	-204.6344	5.296383	0.06715142	0.03244199	0.03470944	0.03244199
2320	-194.2382	-199.9911	5.752824	0.04176622	0.01782061	0.02394561	0.01782061
2330	-232.6015	-235.3074	2.705945	0.1557794	0.07636453	0.0794149	0.07636453
2340	-197.3518	-202.1028	4.751025	0.03546869	0.02302266	0.01244603	0.02302266
2350	-192.4409	-198.327	5.886177	0.03626528	0.007564315	0.02870097	0.007564315
2360	-213.2552	-217.584	4.328812	0.09533796	0.02916642	0.06617154	0.02916642
2370	-217.1146	-220.8312	3.716534	0.1299342	0.07719889	0.05273533	0.07719889
2380	-196.3577	-201.9825	5.624822	0.05545658	0.01725112	0.03820546	0.01725112
2390	-247.0015	-247.9227	0.9212492	0.3791358	0.3310166	0.0481192	0.3310166
2400	-202.3605	-207.4336	5.073105	0.07551672	0.03148615	0.04403057	0.03148615
2410	-194.1575	-199.9492	5.791735	0.04379757	0.0171822	0.02661536	0.0171822
2420	-193.7165	-199.149	5.432464	0.02488747	0.003388937	0.02149853	0.003388937
2430	-192.5997	-198.5059	5.906188	0.03684644	0.008680699	0.02816574	0.008680699
2440	-220.5108	-223.4211	2.91033	0.1858502	0.1646562	0.02119409	0.1646562
2450	-288.0814	-288.1259	0.04448329	0.2328498	0.08434607	0.1485037	0.08434607
2460	-195.7775	-201.4157	5.63811	0.05260572	0.02257167	0.03003405	0.02257167
2470	-224.2233	-227.8096	3.586309	0.1167299	0.03685424	0.07987567	0.03685424
2480	-192.6988	-198.4102	5.711335	0.0402011	0.005497958	0.03470314	0.005497958
2490	-202.1954	-207.3446	5.149184	0.07134732	0.02121795	0.05012936	0.02121795
2500	-198.0437	-202.6172	4.573445	0.04273886	0.03018644	0.01255242	0.03018644
2510	-215.7112	-219.0755	3.36434	0.1526301	0.131235	0.02139508	0.131235
2520	-195.2198	-200.7482	5.528375	0.04182041	0.0219009	0.01991952	0.0219009
2530	-229.1325	-232.2061	3.073587	0.1377969	0.0578907	0.07990618	0.0578907
2540	-238.2838	-239.9393	1.65546	0.3170007	0.2789131	0.03808766	0.2789131
2550	-201.9322	-206.8443	4.912128	0.07825467	0.05094524	0.02730943	0.05094524
2560	-195.9275	-201.2309	5.30339	0.04038069	0.0234237	0.01695698	0.0234237
2570	-194.3845	-200.1664	5.781896	0.04612444	0.01746243	0.02866201	0.01746243
2580	-214.0639	-218.1638	4.099954	0.1077636	0.04888979	0.05887382	0.04888979
2590	-223.7191	-226.1124	2.393347	0.2111466	0.1934302	0.01771639	0.1934302
2600	-193.8588	-199.4876	5.628733	0.02534644	0.004957684	0.02038875	0.004957684
2610	-207.1693	-211.9212	4.751915	0.07403737	0.007820286	0.06621709	0.007820286
2620	-195.03	-200.6151	5.585182	0.02457667	0.007257721	0.01731895	0.007257721
2630	-225.4184	-227.4561	2.03765	0.2248493	0.2092566	0.01559263	0.2092566
2640	-208.5139	-212.8501	4.336218	0.1080322	0.07563925	0.03239298	0.07563925
2650	-194.4694	-200.135	5.6656	0.03804862	0.01756421	0.0204844	0.01756421
2660	-226.9015	-229.6017	2.700162	0.2127698	0.1735795	0.03919027	0.1735795
2670	-194.0387	-199.8456	5.806841	0.04661472	0.01142065	0.03519407	0.01142065
2680	-197.7669	-203.1662	5.399266	0.060566	0.03158273	0.02898328	0.03158273
2690	-252.513	-253.2123	0.6992187	0.3139304	0.2389145	0.07501588	0.2389145
2700	-217.3172	-221.3775	4.060285	0.1027115	0.03081475	0.0718967	0.03081475
2710	-192.6335	-198.5194	5.885996	0.03293335	0.007805447	0.02512791	0.007805447
2720	-273.5106	-273.8029	0.292376	0.2413972	0.1157356	0.1256616	0.1157356
2730	-199.1215	-203.8391	4.717633	0.02140693	0.01041276	0.01099417	0.01041276
2740	-196.7233	-201.7205	4.997155	0.03301691	0.019644	0.01337291	0.019644
2750	-205.1796	-210.0364	4.85676	0.08205727	0.03200452	0.05005275	0.03200452
2760	-230.0569	-232.4372	2.380346	0.2454687	0.2100896	0.03537914	0.2100896
2770	-219.3271	-223.4467	4.119574	0.0951724	0.01328629	0.08188611	0.01328629
2780	-227.02	-229.7192	2.699134	0.2111852	0.1706937	0.04049153	0.1706937
2790	-234.151	-236.3269	2.175888	0.2234413	0.1659257	0.05751559	0.1659257
2800	-193.2282	-199.1134	5.885234	0.03825419	0.01242805	0.02582613	0.01242805
2810	-230.1514	-232.7762	2.624819	0.179709	0.1157821	0.06392687	0.1157821
2820	-214.9997	-218.2457	3.245933	0.1476834	0.1293898	0.01829357	0.1293898
2830	-213.0885	-217.2853	4.196815	0.103808	0.0449644	0.05884361	0.0449644
2840	-228.1367	-231.6743	3.537614	0.1143271	0.02469209	0.08963505	0.02469209
2850	-192.3367	-198.1956	5.858963	0.03579103	0.006744957	0.02904607	0.006744957
2860	-243.8814	-246.552	2.670558	0.1391024	0.03138499	0.1077174	0.03138499
2870	-210.6442	-214.7907	4.146488	0.1180927	0.08453942	0.03355329	0.08453942
2880	-245.924	-247.3141	1.390096	0.241894	0.1632699	0.07862409	0.1632699
2890	-210.0438	-213.4973	3.453466	0.1153072	0.1000078	0.01529936	0.1000078
2900	-202.4542	-207.5858	5.131633	0.07176656	0.02090684	0.05085972	0.02090684
2910	-199.0605	-204.4559	5.395432	0.06377658	0.02017608	0.0436005	0.02017608
2920	-194.0476	-199.8714	5.823824	0.04613329	0.01375282	0.03238046	0.01375282
2930	-226.9169	-228.4474	1.530549	0.2358443	0.222978	0.01286624	0.222978
2940	-196.9845	-202.0586	5.074141	0.02656644	0.01358776	0.01297867	0.01358776
2950	-203.6102	-208.6684	5.058174	0.06999454	0.0116391	0.05835545	0.0116391
2960	-204.0848	-207.6812	3.596447	0.07690626	0.06503927	0.01186699	0.06503927
2970	-246.1604	-247.3283	1.167891	0.2913062	0.2246604	0.06664581	0.2246604
2980	-216.6816	-220.4198	3.738248	0.1303633	0.07943318	0.05093012	0.07943318
2990	-214.8016	-218.7353	3.933742	0.1195163	0.06721624	0.05230006	0.06721624
3000	-270.3319	-269.2876	-1.044261	0.5628625	0.4908414	0.0720211	0.4908414
3010	-207.9672	-211.1496	3.182398	0.09880768	0.08686243	0.01194525	0.08686243
3020	-215.5721	-219.7666	4.194428	0.09851267	0.02825141	0.07026125	0.02825141
3030	-215.285	-219.1295	3.844551	0.1270211	0.07875282	0.04826823	0.07875282
3040	-193.0704	-198.9495	5.879089	0.03348176	0.01003431	0.02344744	0.01003431
3050	-200.1309	-205.2694	5.13847	0.0705366	0.04146458	0.02907202	0.04146458
3060	-209.6313	-213.5136	3.882321	0.1158234	0.09560395	0.02021945	0.09560395
3070	-196.7148	-202.2705	5.555741	0.05685479	0.02453951	0.03231528	0.02453951
3080	-221.7417	-224.7142	2.972485	0.1924591	0.1666512	0.02580796	0.1666512
3090	-195.3009	-201.0043	5.703404	0.05146561	0.0125897	0.03887591	0.0125897
3100	-214.1382	-217.8246	3.686486	0.1415015	0.1152289	0.02627257	0.1152289
3110	-192.8042	-197.6857	4.881492	0.03696029	0.001933904	0.03502639	0.001933904
3120	-219.8726	-223.4112	3.538534	0.1330134	0.07359567	0.0594177	0.07359567
3130	-198.6354	-204.0266	5.391171	0.06410815	0.0271567	0.03695145	0.0271567
3140	-193.5547	-199.3144	5.759759	0.02754656	0.006777763	0.0207688	0.006777763
3150	-234.7569	-238.0452	3.288327	0.1110291	0.007244775	0.1037844	0.007244775
3160	-229.1392	-231.9863	2.847063	0.1571984	0.08612883	0.0710696	0.08612883
3170	-220.1777	-223.525	3.347282	0.1601842	0.1166355	0.04354875	0.1166355
3180	-202.9763	-207.9171	4.940765	0.08115874	0.04416752	0.03699122	0.04416752
3190	-196.0394	-201.6773	5.637844	0.05433803	0.02069468	0.03364335	0.02069468
3200	-201.0674	-206.3143	5.246935	0.06581882	0.01311458	0.05270424	0.01311458
3210	-210.0958	-214.3362	4.240445	0.1127229	0.07535744	0.03736543	0.07535744
3220	-261.1947	-263.4247	2.23004	0.1464516	0.01355025	0.1329013	0.01355025
3230	-199.3959	-204.4113	5.015338	0.06437542	0.04309305	0.02128237	0.04309305
3240	-209.2283	-213.5667	4.338402	0.1074816	0.06862748	0.03885412	0.06862748
3250	-218.7522	-222.6659	3.913728	0.1081513	0.03621465	0.07193664	0.03621465
3260	-216.8735	-220.4261	3.552599	0.1536122	0.1208722	0.03273995	0.1208722
3270	-261.2129	-260.5295	-0.6834436	0.7163972	0.6895935	0.02680369	0.6895935
3280	-197.1855	-202.6573	5.471817	0.05826047	0.02880555	0.02945493	0.02880555
3290	-200.4221	-205.719	5.296871	0.06623818	0.01779233	0.04844585	0.01779233
3300	-205.4546	-210.33	4.875427	0.08027191	0.0266997	0.05357221	0.0266997
3310	-213.3585	-216.7116	3.353169	0.1369909	0.119331	0.01765989	0.119331
3320	-196.5232	-201.5861	5.062896	0.03648784	0.02217545	0.01431239	0.02217545
3330	-219.5358	-222.661	3.125196	0.1776017	0.1533881	0.02421368	0.1533881
3340	-224.3254	-226.7678	2.442361	0.2160813	0.1969335	0.01914786	0.1969335
3350	-193.4817	-199.3513	5.869581	0.04136707	0.01359361	0.02777346	0.01359361
3360	-202.0219	-207.0569	5.035031	0.07740167	0.04077617	0.0366255	0.04077617
3370	-215.7952	-219.7087	3.913518	0.1164126	0.05846846	0.05794414	0.05846846
3380	-216.0605	-220.0832	4.022767	0.1073488	0.0421299	0.0652189	0.0421299
3390	-196.405	-201.8124	5.40731	0.05041385	0.0287332	0.02168065	0.0287332
3400	-206.7072	-211.5569	4.849746	0.07508678	0.01116046	0.06392632	0.01116046
3410	-195.2346	-200.6924	5.457808	0.03407939	0.01722433	0.01685507	0.01722433
3420	-207.9842	-212.5825	4.598328	0.09122362	0.03945137	0.05177225	0.03945137
3430	-196.1669	-201.4209	5.253957	0.02875327	0.01444161	0.01431166	0.01444161
3440	-197.9169	-203.3122	5.395349	0.06137009	0.03146767	0.02990242	0.03146767
3450	-193.4526	-199.2468	5.79415	0.04416021	0.008307181	0.03585302	0.008307181
3460	-201.4828	-205.9513	4.46849	0.07002354	0.05369587	0.01632767	0.05369587
3470	-203.6016	-208.4381	4.836538	0.08498797	0.05160853	0.03337944	0.05160853
3480	-194.8874	-200.601	5.713613	0.04767525	0.02027569	0.02739955	0.02027569
3490	-198.5973	-203.9091	5.311815	0.0641051	0.03473315	0.02937195	0.03473315
3500	-197.0073	-202.5462	5.538884	0.05811441	0.02406726	0.03404716	0.02406726
3510	-196.5768	-202.1055	5.528686	0.05544467	0.02695447	0.0284902	0.02695447
3520	-226.6869	-229.2906	2.603749	0.227224	0.1978661	0.0293579	0.1978661
3530	-200.8636	-204.8788	4.015212	0.05901593	0.04709542	0.01192051	0.04709542
3540	-331.8186	-331.6209	-0.1976136	0.22536	0.0183882	0.2069718	0.0183882
3550	-235.6899	-237.5502	1.860303	0.2993926	0.2647296	0.03466304	0.2647296
3560	-196.856	-202.4017	5.54574	0.05746982	0.02455254	0.03291728	0.02455254
3570	-201.6876	-206.8004	5.112742	0.07441621	0.03335753	0.04105868	0.03335753
3580	-198.1611	-203.6298	5.468681	0.06132994	0.01993855	0.04139139	0.01993855
3590	-206.7635	-211.0999	4.336427	0.1011177	0.07686013	0.02425759	0.07686013
3600	-223.7909	-226.9103	3.119335	0.1600189	0.1042122	0.05580677	0.1042122
3610	-196.1917	-201.6044	5.412713	0.02213154	0.006418911	0.01571263	0.006418911
3620	-195.8962	-201.551	5.65482	0.05381529	0.01976689	0.0340484	0.01976689
3630	-209.2565	-213.9062	4.649705	0.08509207	0.02242811	0.06266396	0.02242811
3640	-215.8834	-219.5017	3.618302	0.1491717	0.1182522	0.03091944	0.1182522
3650	-231.0213	-234.2978	3.276525	0.1233768	0.03255119	0.09082556	0.03255119
3660	-235.7077	-238.4235	2.71579	0.1467148	0.05717459	0.0895402	0.05717459
3670	-249.9651	-249.9913	0.02619161	0.5246309	0.5060632	0.01856772	0.5060632
3680	-214.113	-218.5221	4.409084	0.0880807	0.01387507	0.07420563	0.01387507
3690	-193.8478	-199.0793	5.231424	0.02443663	0.002646674	0.02178995	0.002646674
3700	-199.8757	-205.1879	5.312257	0.06695589	0.02405676	0.04289913	0.02405676
3710	-194.1869	-199.4995	5.312607	0.04540749	0.003692292	0.0417152	0.003692292
3720	-192.4459	-198.2134	5.767449	0.03841449	0.005765805	0.03264868	0.005765805
3730	-229.1084	-232.3842	3.275878	0.125773	0.0400658	0.08570715	0.0400658
3740	-207.108	-211.7476	4.639659	0.0910003	0.04291285	0.04808745	0.04291285
3750	-193.5347	-199.3956	5.860951	0.0408674	0.01406447	0.02680292	0.01406447
3760	-193.1615	-198.339	5.177465	0.04067768	0.002742829	0.03793485	0.002742829
3770	-217.1696	-220.8945	3.724869	0.1285092	0.07460522	0.05390395	0.07460522
3780	-267.1944	-269.2012	2.006851	0.1526314	0.01287416	0.1397572	0.01287416
3790	-201.0298	-206.1599	5.13002	0.07363732	0.0377811	0.03585622	0.0377811
3800	-217.3096	-220.8095	3.499814	0.1571548	0.1253379	0.03181683	0.1253379
3810	-201.821	-206.9895	5.168474	0.07115241	0.02282282	0.04832959	0.02282282
3820	-193.9578	-199.7562	5.798401	0.04633577	0.01037688	0.03595889	0.01037688
3830	-193.2876	-199.1739	5.886233	0.04123897	0.0122489	0.02899007	0.0122489
3840	-211.4447	-215.8539	4.409243	0.09440008	0.03302362	0.06137646	0.03302362
3850	-211.8648	-216.3609	4.496087	0.08173662	0.008662175	0.07307445	0.008662175
3860	-192.7621	-198.6342	5.872169	0.0318319	0.007724547	0.02410735	0.007724547
3870	-196.5627	-201.8598	5.297109	0.04836338	0.02912187	0.01924151	0.02912187
3880	-194.0939	-199.3636	5.269784	0.04490872	0.003444493	0.04146423	0.003444493
3890	-200.0115	-205.1295	5.118039	0.06975857	0.04251479	0.02724377	0.04251479
3900	-246.589	-247.8199	1.230853	0.2670862	0.193569	0.07351719	0.193569
3910	-192.1763	-197.7958	5.619539	0.03229429	0.003952349	0.02834194	0.003952349
3920	-206.6777	-211.0318	4.354124	0.1006964	0.07614934	0.02454704	0.07614934
3930	-219.4882	-223.2704	3.782199	0.1143975	0.04458128	0.06981624	0.04458128
3940	-197.4962	-201.7655	4.269266	0.05149996	0.001674794	0.04982516	0.001674794
3950	-281.0077	-278.6409	-2.366867	1.032202	0.9818811	0.05032098	0.9818811
3960	-194.0172	-199.836	5.818835	0.04636841	0.01236124	0.03400717	0.01236124
3970	-201.0919	-205.9077	4.815816	0.07236133	0.05116624	0.02119509	0.05116624
3980	-195.6121	-200.7058	5.093749	0.02112675	0.002674796	0.01845196	0.002674796
3990	-194.6346	-200.2827	5.648148	0.02623704	0.008348811	0.01788822	0.008348811
4000	-201.8169	-206.4578	4.640892	0.07460527	0.05527938	0.01932589	0.05527938
4010	-203.3466	-207.9617	4.615099	0.08372007	0.06144874	0.02227132	0.06144874
4020	-232.4438	-235.5889	3.145031	0.1280558	0.03666345	0.09139239	0.03666345
4030	-208.1565	-212.4934	4.336883	0.1072064	0.07707243	0.03013401	0.07707243
4040	-203.6243	-208.4766	4.852295	0.0846138	0.0497054	0.0349084	0.0497054
4050	-213.7974	-217.5029	3.705511	0.139651	0.1138578	0.0257932	0.1138578
4060	-215.7508	-219.6725	3.921677	0.1158799	0.05769264	0.05818731	0.05769264
4070	-216.4295	-220.4411	4.011593	0.1071712	0.04078293	0.06638828	0.04078293
4080	-263.7152	-262.9042	-0.810999	0.7404814	0.7078889	0.03259253	0.7078889
4090	-209.2434	-213.545	4.301593	0.1099604	0.0746116	0.03534876	0.0746116
4100	-198.7736	-204.1706	5.396998	0.06010126	0.01078731	0.04931395	0.01078731
4110	-210.5424	-214.6788	4.136389	0.1184706	0.08642769	0.03204293	0.08642769
4120	-203.2401	-208.2578	5.017723	0.07690665	0.02968654	0.04722011	0.02968654
4130	-195.6703	-201.3446	5.67426	0.05286594	0.01950462	0.03336132	0.01950462
4140	-207.0412	-211.5862	4.545064	0.09796176	0.05980605	0.03815571	0.05980605
4150	-211.2307	-215.5553	4.324538	0.1004876	0.04520062	0.05528697	0.04520062
4160	-192.6719	-198.0384	5.366465	0.03880921	0.003206888	0.03560232	0.003206888
4170	-204.0854	-208.8794	4.793982	0.08692747	0.05300891	0.03391856	0.05300891
4180	-211.7305	-216.199	4.468462	0.09048513	0.02485243	0.06563271	0.02485243
4190	-213.4102	-216.8571	3.446913	0.1378123	0.1187875	0.01902484	0.1187875
4200	-226.0776	-229.1334	3.055823	0.1509593	0.08443722	0.06652207	0.08443722
4210	-206.6296	-210.9677	4.338111	0.07019085	0.003355414	0.06683544	0.003355414
4220	-197.3122	-202.8555	5.543313	0.05855596	0.01821127	0.04034468	0.01821127
4230	-195.4906	-201.1625	5.671835	0.05147644	0.02125772	0.03021871	0.02125772
4240	-215.4276	-219.7226	4.295075	0.09329641	0.01956682	0.07372959	0.01956682
4250	-202.2753	-207.4355	5.160142	0.06995204	0.01731542	0.05263663	0.01731542
4260	-207.6981	-212.2261	4.527914	0.09743765	0.05436227	0.04307537	0.05436227
4270	-237.4573	-240.6776	3.220324	0.1159364	0.009515369	0.106421	0.009515369
4280	-199.6163	-204.8063	5.189913	0.06831347	0.03952299	0.02879047	0.03952299
4290	-195.7852	-201.457	5.671876	0.05328095	0.01452583	0.03875512	0.01452583
4300	-229.1066	-231.3636	2.256997	0.2543456	0.2299736	0.02437191	0.2299736
4310	-215.733	-219.5061	3.773131	0.133381	0.08834473	0.04503623	0.08834473
4320	-193.0173	-198.8996	5.882283	0.03333119	0.009733028	0.02359816	0.009733028
4330	-195.5825	-201.012	5.42951	0.04180737	0.02314253	0.01866483	0.02314253
4340	-193.4637	-199.2036	5.739953	0.02720044	0.006065055	0.02113538	0.006065055
4350	-245.3264	-247.4123	2.0859	0.1683646	0.06898458	0.09938	0.06898458
4360	-196.4847	-202.0664	5.581728	0.05595731	0.02352786	0.03242945	0.02352786
4370	-201.4958	-206.652	5.156195	0.07254065	0.02895077	0.04358988	0.02895077
4380	-202.1947	-207.21	5.01529	0.0781608	0.04172066	0.03644013	0.04172066
4390	-223.83	-226.7943	2.964381	0.193546	0.1562071	0.03733891	0.1562071
4400	-258.6585	-258.594	-0.06446746	0.462262	0.4010431	0.06121881	0.4010431
4410	-202.8213	-207.8066	4.985307	0.07933894	0.03947232	0.03986662	0.03947232
4420	-192.749	-198.6536	5.904588	0.03464122	0.009154814	0.0254864	0.009154814
4430	-192.9015	-198.8098	5.90827	0.03702604	0.01054071	0.02648534	0.01054071
4440	-195.7993	-201.4531	5.653732	0.05294618	0.01196325	0.04098293	0.01196325
4450	-219.6494	-222.8456	3.196244	0.1765556	0.1495069	0.02704873	0.1495069
4460	-222.6251	-225.9088	3.28371	0.1456246	0.08553535	0.06008927	0.08553535
4470	-199.7352	-205.0034	5.268151	0.06112006	0.008307255	0.05281281	0.008307255
4480	-256.508	-258.7722	2.264152	0.1484139	0.02340144	0.1250124	0.02340144
4490	-197.7549	-203.2611	5.50614	0.05988599	0.01852303	0.04136296	0.01852303
4500	-200.0084	-205.3146	5.306182	0.0670547	0.02324244	0.04381226	0.02324244
4510	-193.1247	-199.0144	5.88965	0.04125842	0.01083423	0.03042419	0.01083423
4520	-197.4498	-202.9475	5.497694	0.056984	0.01058035	0.04640365	0.01058035
4530	-195.4893	-201.0582	5.568913	0.04729358	0.02418155	0.02311203	0.02418155
4540	-198.6605	-203.9613	5.300812	0.06432712	0.03521525	0.02911187	0.03521525
4550	-225.5481	-228.381	2.832896	0.2004645	0.1599972	0.04046737	0.1599972
4560	-218.7968	-222.7067	3.909869	0.1082844	0.03632079	0.07196363	0.03632079
4570	-209.8912	-214.2966	4.405436	0.09901497	0.04745259	0.05156238	0.04745259
4580	-217.9586	-221.4166	3.457928	0.1599053	0.1267433	0.03316203	0.1267433
4590	-198.2668	-203.6207	5.353936	0.06278826	0.0330531	0.02973516	0.0330531
4600	-195.4283	-200.9974	5.569034	0.04663018	0.02388563	0.02274455	0.02388563
4610	-243.6705	-244.5997	0.9292022	0.4173644	0.3926606	0.02470378	0.3926606
4620	-286.3977	-286.6512	0.2534677	0.2220124	0.07351292	0.1484995	0.07351292
4630	-197.0813	-202.0646	4.983355	0.04366347	0.02856271	0.01510076	0.02856271
4640	-200.4699	-205.739	5.269168	0.06823965	0.02340183	0.04483782	0.02340183
4650	-210.4487	-215.0747	4.626023	0.08195016	0.01281991	0.06913026	0.01281991
4660	-194.6034	-199.8306	5.227202	0.02284744	0.002829232	0.02001821	0.002829232
4670	-204.4772	-209.2841	4.806987	0.08655225	0.0477324	0.03881985	0.0477324
4680	-227.0663	-229.7421	2.675786	0.216213	0.1782009	0.03801214	0.1782009
4690	-194.0003	-199.7444	5.744122	0.03216195	0.0123432	0.01981876	0.0123432
4700	-196.5243	-201.8004	5.276095	0.04726137	0.02863648	0.0186249	0.02863648
4710	-218.2886	-222.3171	4.028458	0.1028432	0.02855038	0.0742928	0.02855038
4720	-203.2296	-208.145	4.915362	0.06650213	0.00609639	0.06040574	0.00609639
4730	-211.751	-215.7891	4.038077	0.1240353	0.09074441	0.03329093	0.09074441
4740	-192.8431	-198.7064	5.863312	0.03129352	0.00768867	0.02360485	0.00768867
4750	-219.9193	-223.1586	3.239213	0.1754077	0.1449621	0.03044562	0.1449621
4760	-200.3785	-205.5905	5.21196	0.07071533	0.03345212	0.03726321	0.03345212
4770	-197.4097	-202.8377	5.427984	0.05885668	0.03067043	0.02818625	0.03067043
4780	-208.9483	-213.5841	4.635732	0.08658685	0.02639602	0.06019082	0.02639602
4790	-224.1998	-227.1696	2.969789	0.1876197	0.1452187	0.04240096	0.1452187
4800	-234.3965	-236.5326	2.136067	0.2305213	0.1748494	0.0556719	0.1748494
4810	-197.8166	-203.0108	5.194193	0.05545153	0.004929673	0.05052185	0.004929673
4820	-207.1266	-211.4869	4.36035	0.1029151	0.07655173	0.02636333	0.07655173
4830	-230.0211	-232.4652	2.444163	0.2288118	0.1857318	0.04307996	0.1857318
4840	-204.681	-209.3717	4.690643	0.09045178	0.05971183	0.03073995	0.05971183
4850	-220.4182	-224.2344	3.816247	0.1105772	0.03601626	0.07456097	0.03601626
4860	-192.3363	-197.7299	5.393646	0.03054221	0.002925428	0.02761678	0.002925428
4870	-220.2327	-222.6375	2.404751	0.1823902	0.1677501	0.01464016	0.1677501
4880	-193.9162	-199.7129	5.796641	0.0401773	0.01608407	0.02409324	0.01608407
4890	-201.1364	-206.2658	5.129359	0.0737867	0.03690297	0.03688372	0.03690297
4900	-238.6141	-241.0268	2.412726	0.1608278	0.07120893	0.08961887	0.07120893
4910	-219.2059	-223.0562	3.850251	0.1108894	0.03956748	0.07132189	0.03956748
4920	-195.8839	-201.2871	5.403171	0.02165758	0.004930398	0.01672718	0.004930398
4930	-198.0362	-203.5092	5.473007	0.05897832	0.01243003	0.04654829	0.01243003
4940	-199.8125	-204.756	4.943468	0.0659671	0.04521572	0.02075138	0.04521572
4950	-227.4386	-230.0721	2.633524	0.2209165	0.1838942	0.03702232	0.1838942
4960	-225.2132	-228.6962	3.483023	0.120695	0.04078437	0.07991063	0.04078437
4970	-224.6264	-227.5184	2.891978	0.1992115	0.1618612	0.0373503	0.1618612
4980	-215.8688	-219.5358	3.666999	0.1459328	0.111414	0.03451875	0.111414
4990	-198.8944	-203.201	4.306584	0.0462261	0.03446019	0.0117659	0.03446019
5000	-192.8017	-197.7153	4.913576	0.03715769	0.001993335	0.03516436	0.001993335
5010	-199.179	-204.4971	5.3181	0.06646578	0.03126879	0.03519699	0.03126879
5020	-224.771	-227.9791	3.208132	0.1417073	0.07387648	0.06783078	0.07387648
5030	-256.4724	-258.0404	1.568052	0.1817685	0.06771283	0.1140556	0.06771283
5040	-198.8103	-203.7705	4.960201	0.01980689	0.007585309	0.01222158	0.007585309
5050	-215.1801	-218.5941	3.413992	0.1492103	0.1278149	0.02139548	0.1278149
5060	-208.757	-213.4168	4.659866	0.0855913	0.02509205	0.06049925	0.02509205
5070	-240.3206	-241.9285	1.607922	0.2734982	0.2159885	0.05750968	0.2159885
5080	-200.9594	-206.1981	5.238613	0.06477374	0.01111211	0.05366162	0.01111211
5090	-196.7791	-201.8774	5.098242	0.02763221	0.01440786	0.01322435	0.01440786
5100	-194.8983	-200.4538	5.555464	0.03705595	0.01839295	0.018663	0.01839295
5110	-201.1197	-205.8731	4.753401	0.07166064	0.05171495	0.01994569	0.05171495
5120	-204.6747	-208.8388	4.164074	0.08715227	0.07019202	0.01696025	0.07019202
5130	-204.9029	-209.8837	4.980799	0.07335499	0.01387741	0.05947759	0.01387741
5140	-215.4637	-219.5613	4.097632	0.1041066	0.03825096	0.06585568	0.03825096
5150	-205.859	-210.5618	4.702787	0.09025164	0.04794789	0.04230375	0.04794789
5160	-195.518	-201.2154	5.697406	0.05244364	0.01599548	0.03644815	0.01599548
5170	-207.2299	-211.7289	4.498914	0.1003433	0.06485367	0.03548965	0.06485367
5180	-196.9132	-202.4858	5.572547	0.05752776	0.01952565	0.03800211	0.01952565
5190	-218.0382	-221.5857	3.547485	0.1474278	0.1036168	0.043811	0.1036168
5200	-201.0022	-205.8089	4.80671	0.07166227	0.05089647	0.0207658	0.05089647
5210	-201.5722	-206.6822	5.110071	0.07459667	0.03506249	0.03953418	0.03506249
5220	-205.8449	-210.1868	4.341911	0.09603123	0.07410809	0.02192315	0.07410809
5230	-197.1214	-202.1229	5.001525	0.04483763	0.02936909	0.01546854	0.02936909
5240	-202.6513	-205.5998	2.948485	0.05879788	0.05033134	0.008466541	0.05033134
5250	-238.8477	-241.466	2.618271	0.1470314	0.05159345	0.09543792	0.05159345
5260	-204.5517	-209.5259	4.974237	0.07634341	0.02182585	0.05451756	0.02182585
5270	-196.603	-202.1992	5.596256	0.05651985	0.01999506	0.03652479	0.01999506
5280	-201.8349	-207.0266	5.191728	0.06736489	0.01318115	0.05418374	0.01318115
5290	-207.7401	-212.1381	4.398003	0.1046601	0.07321781	0.03144233	0.07321781
5300	-203.0249	-207.9876	4.962706	0.08023173	0.04055238	0.03967935	0.04055238
5310	-192.4508	-198.3419	5.891119	0.0356821	0.007658153	0.02802395	0.007658153
5320	-217.2307	-221.1208	3.890098	0.1131089	0.04856601	0.06454285	0.04856601
5330	-196.9533	-202.4422	5.488905	0.0550909	0.008513571	0.04657733	0.008513571
5340	-219.1476	-221.4885	2.340924	0.173143	0.1597036	0.01343942	0.1597036
5350	-192.6068	-198.4494	5.842603	0.03928906	0.007224844	0.03206422	0.007224844
5360	-230.9122	-233.3328	2.420621	0.215688	0.1642494	0.05143859	0.1642494
5370	-206.8526	-211.4855	4.632862	0.09229575	0.04712825	0.0451675	0.04712825
5380	-200.7119	-205.6288	4.916863	0.07137786	0.04870428	0.02267359	0.04870428
5390	-227.3186	-230.5813	3.262687	0.1295998	0.04966844	0.07993132	0.04966844
5400	-253.395	-255.8661	2.471117	0.1414425	0.01881915	0.1226233	0.01881915
5410	-214.7401	-218.9705	4.230457	0.09801078	0.02966459	0.06834619	0.02966459
5420	-291.5646	-289.7713	-1.793312	0.4471461	0.3261743	0.1209718	0.3261743
5430	-197.1418	-202.6291	5.487334	0.05826237	0.02796635	0.03029602	0.02796635
5440	-194.8313	-200.5175	5.686189	0.04941879	0.009054748	0.04036404	0.009054748
5450	-240.2795	-242.2888	2.009258	0.1922735	0.11041	0.08186354	0.11041
5460	-232.0284	-234.3561	2.327747	0.2208998	0.1682664	0.05263345	0.1682664
5470	-201.5355	-206.7513	5.215835	0.0682039	0.01670361	0.05150028	0.01670361
5480	-217.3229	-220.7975	3.474518	0.1586065	0.1283524	0.03025402	0.1283524
5490	-197.7979	-203.1866	5.388718	0.05671631	0.007627986	0.04908833	0.007627986
5500	-217.5124	-221.2343	3.721893	0.1266727	0.07040828	0.05626442	0.07040828
5510	-199.389	-203.6571	4.268056	0.02494704	0.01532088	0.009626158	0.01532088
5520	-200.803	-205.7663	4.963299	0.07253374	0.0480932	0.02444053	0.0480932
5530	-256.4722	-258.8244	2.352127	0.135926	0.006728411	0.1291976	0.006728411
5540	-198.5457	-203.8676	5.321891	0.06393466	0.03426886	0.0296658	0.03426886
5550	-323.5208	-322.4881	-1.032741	0.2631481	0.07375824	0.1893899	0.07375824
5560	-224.8564	-227.7233	2.86687	0.2016532	0.1647766	0.03687659	0.1647766
5570	-204.8564	-209.4095	4.55305	0.0677584	0.003862763	0.06389564	0.003862763
5580	-237.2547	-239.9473	2.692616	0.1453163	0.05219659	0.09311967	0.05219659
5590	-209.6975	-214.1065	4.409008	0.09945637	0.04913061	0.05032576	0.04913061
5600	-214.7319	-218.4673	3.735391	0.1418198	0.1102276	0.03159215	0.1102276
5610	-199.8694	-203.9861	4.116627	0.02429532	0.01514145	0.009153869	0.01514145
5620	-229.6219	-231.5711	1.949193	0.2631866	0.2441685	0.01901815	0.2441685
5630	-196.1319	-201.4429	5.310925	0.02706037	0.01256485	0.01449552	0.01256485
5640	-199.8848	-204.698	4.813179	0.01814199	0.006469509	0.01167248	0.006469509
5650	-216.8991	-220.4603	3.561171	0.1529307	0.1193151	0.03361559	0.1193151
5660	-214.6855	-218.7552	4.069673	0.1079785	0.04730607	0.06067242	0.04730607
5670	-201.58	-206.1412	4.561206	0.06134557	0.002959352	0.05838622	0.002959352
5680	-204.738	-209.6777	4.939745	0.0780762	0.02493134	0.05314486	0.02493134
5690	-223.2583	-226.7168	3.458451	0.1264157	0.05421284	0.0722029	0.05421284
5700	-229.4815	-231.4068	1.925274	0.2620133	0.2435182	0.01849507	0.2435182
5710	-205.3463	-210.28	4.933657	0.07673209	0.01939168	0.05734041	0.01939168
5720	-206.8593	-211.6387	4.779432	0.08275674	0.0262801	0.05647665	0.0262801
5730	-232.4123	-234.6499	2.237538	0.2441521	0.1993972	0.04475495	0.1993972
5740	-200.2524	-205.559	5.306584	0.06624033	0.0188929	0.04734744	0.0188929
5750	-197.435	-202.7469	5.311817	0.05638893	0.03344812	0.02294081	0.03344812
5760	-202.8786	-207.8691	4.990544	0.07903373	0.03803557	0.04099817	0.03803557
5770	-205.0538	-210.0017	4.947854	0.0766584	0.02040853	0.05624987	0.02040853
5780	-200.8001	-205.8988	5.098663	0.07340992	0.04223438	0.03117554	0.04223438
5790	-270.3371	-270.1842	-0.1529193	0.3071197	0.1990863	0.1080334	0.1990863
5800	-192.1851	-197.6835	5.498431	0.03465449	0.00344245	0.03121204	0.00344245
5810	-202.7307	-207.807	5.076247	0.07460305	0.02664769	0.04795536	0.02664769
5820	-198.5421	-202.8629	4.320745	0.0304399	0.02022721	0.01021269	0.02022721
5830	-220.7175	-223.2992	2.581752	0.187266	0.1705681	0.01669798	0.1705681
5840	-207.6548	-212.3067	4.65193	0.08861157	0.03536308	0.05324849	0.03536308
5850	-224.0435	-226.9214	2.877851	0.2037283	0.1723333	0.03139502	0.1723333
5860	-218.6664	-222.1037	3.437291	0.1595128	0.1221202	0.0373925	0.1221202
5870	-215.4868	-219.4184	3.931608	0.116154	0.05900961	0.05714439	0.05900961
5880	-196.7495	-202.3187	5.569187	0.05712697	0.02266343	0.03446354	0.02266343
5890	-195.798	-201.4679	5.669913	0.05350198	0.01817601	0.03532597	0.01817601
5900	-194.6418	-200.1861	5.544344	0.04795319	0.005837947	0.04211524	0.005837947
5910	-202.0679	-207.1065	5.038614	0.07731318	0.03986832	0.03744485	0.03986832
5920	-204.6471	-209.5797	4.932559	0.07873866	0.02686728	0.05187138	0.02686728
5930	-244.7396	-246.1219	1.382295	0.2570232	0.1848336	0.07218954	0.1848336
5940	-213.8275	-218.2539	4.42642	0.08707431	0.01285619	0.07421813	0.01285619
5950	-221.6348	-224.8319	3.197065	0.1724846	0.1311032	0.04138142	0.1311032
5960	-196.3842	-202.0074	5.623156	0.05539654	0.01607268	0.03932386	0.01607268
5970	-205.4323	-210.2477	4.815322	0.08399681	0.03525738	0.04873943	0.03525738
5980	-258.7503	-259.7341	0.9838027	0.2217778	0.114849	0.1069288	0.114849
5990	-193.5667	-199.4272	5.860523	0.04380088	0.01223086	0.03157001	0.01223086
6000	-203.4893	-208.4658	4.976564	0.07876074	0.03303794	0.0457228	0.03303794
6010	-277.549	-279.1529	1.603928	0.1656076	0.01497279	0.1506348	0.01497279
6020	-219.6722	-222.9515	3.2793	0.1725972	0.1410199	0.03157737	0.1410199
6030	-210.6219	-214.6229	4.000987	0.1214687	0.09585855	0.02561011	0.09585855
6040	-194.1103	-199.7501	5.639824	0.02511594	0.005473808	0.01964213	0.005473808
6050	-215.4602	-218.8876	3.427376	0.1509075	0.1286448	0.02226276	0.1286448
6060	-232.7164	-234.9219	2.205535	0.2483727	0.2042854	0.04408732	0.2042854
6070	-213.813	-215.5675	1.754521	0.0103246	0.005169984	0.005154614	0.005169984
6080	-236.0006	-237.7074	1.706769	0.3190106	0.2919065	0.02710413	0.2919065
6090	-224.4934	-227.3147	2.821313	0.2084342	0.1780382	0.03039608	0.1780382
6100	-235.68	-237.8733	2.193251	0.1993139	0.1296402	0.06967371	0.1296402
6110	-193.4488	-198.8751	5.426334	0.02555086	0.003264554	0.02228631	0.003264554
6120	-206.3162	-211.2014	4.885206	0.07663797	0.01557262	0.06106536	0.01557262
6130	-196.4069	-202.0255	5.618585	0.05571966	0.01829241	0.03742725	0.01829241
6140	-204.7635	-209.7333	4.969842	0.0715281	0.01060871	0.06091939	0.01060871
6150	-222.0644	-225.9946	3.930291	0.1024213	0.01893018	0.08349113	0.01893018
6160	-251.2676	-251.3759	0.1083579	0.5399388	0.5178718	0.02206698	0.5178718
6170	-229.4082	-232.6807	3.272586	0.1255232	0.03906439	0.08645883	0.03906439
6180	-192.3579	-197.4856	5.127726	0.03259535	0.002256633	0.03033872	0.002256633
6190	-204.6077	-209.3428	4.735177	0.06820399	0.005059381	0.06314461	0.005059381
6200	-202.4786	-207.452	4.973356	0.07969186	0.04444073	0.03525114	0.04444073
6210	-256.9301	-258.8292	1.899122	0.163585	0.04310548	0.1204795	0.04310548
6220	-221.4616	-224.803	3.341427	0.1468218	0.09078493	0.05603687	0.09078493
6230	-209.51	-213.7334	4.223428	0.113577	0.08234791	0.03122913	0.08234791
6240	-193.8061	-199.6341	5.827997	0.04166041	0.015545	0.02611541	0.015545
6250	-202.2989	-207.4426	5.143762	0.0713953	0.02078662	0.05060868	0.02078662
6260	-233.046	-236.2374	3.191312	0.1252388	0.03131578	0.09392303	0.03131578
6270	-192.5143	-198.2957	5.781375	0.03893089	0.006057199	0.03287369	0.006057199
6280	-194.0764	-199.8914	5.815041	0.04661715	0.01258069	0.03403646	0.01258069
6290	-239.5987	-241.3101	1.711309	0.2546355	0.1934339	0.06120161	0.1934339
6300	-201.9877	-207.0468	5.059068	0.07654558	0.03786758	0.038678	0.03786758
6310	-229.3122	-231.5535	2.241209	0.2561321	0.2316729	0.02445921	0.2316729
6320	-195.2194	-200.9421	5.722737	0.05130916	0.01513481	0.03617435	0.01513481
6330	-222.57	-226.0137	3.443724	0.12969	0.06101667	0.06867331	0.06101667
6340	-193.3749	-199.2187	5.843733	0.0329967	0.01089511	0.0221016	0.01089511
6350	-218.4471	-221.7598	3.312742	0.1682002	0.1408934	0.02730679	0.1408934
6360	-205.3534	-210.2559	4.902522	0.07885273	0.02399159	0.05486114	0.02399159
6370	-197.9554	-203.4319	5.476548	0.06115406	0.02200657	0.03914749	0.02200657
6380	-207.899	-211.9673	4.068311	0.1063729	0.08586655	0.02050631	0.08586655
6390	-231.8825	-233.8828	2.000368	0.2808032	0.2565338	0.02426943	0.2565338
6400	-195.4715	-200.6929	5.221345	0.02144517	0.003123171	0.018322	0.003123171
6410	-266.4204	-267.3805	0.9600472	0.2048084	0.08139775	0.1234106	0.08139775
6420	-204.1006	-208.9326	4.831964	0.08559634	0.04807101	0.03752533	0.04807101
6430	-199.5566	-204.8842	5.327582	0.06656943	0.02578724	0.04078219	0.02578724
6440	-242.8467	-245.1585	2.311799	0.1585225	0.06012256	0.09839995	0.06012256
6450	-214.899	-218.7142	3.815168	0.1341368	0.09346074	0.0406761	0.09346074
6460	-193.2058	-199.0981	5.892319	0.04023329	0.01210759	0.0281257	0.01210759
6470	-207.8601	-212.3212	4.46116	0.1018857	0.06409271	0.03779295	0.06409271
6480	-197.2032	-202.7278	5.524614	0.05652303	0.0110388	0.04548423	0.0110388
6490	-228.0891	-230.7582	2.669067	0.1987645	0.1486598	0.05010465	0.1486598
6500	-228.4769	-231.5133	3.036393	0.1424131	0.06613496	0.0762781	0.06613496
6510	-217.6205	-220.9029	3.282387	0.1646887	0.1410224	0.02366627	0.1410224
6520	-205.4401	-209.9676	4.527562	0.09457361	0.06824649	0.02632712	0.06824649
6530	-206.8788	-211.5992	4.720411	0.08628224	0.03368334	0.0525989	0.03368334
6540	-193.6692	-199.3634	5.694236	0.02627602	0.005613231	0.02066279	0.005613231
6550	-227.1388	-230.7741	3.635305	0.1107991	0.02130235	0.08949671	0.02130235
6560	-203.6223	-208.5309	4.908578	0.08229332	0.04194064	0.04035268	0.04194064
6570	-236.9288	-239.1796	2.250802	0.1822916	0.1039075	0.07838414	0.1039075
6580	-308.1466	-305.2485	-2.898115	0.5478187	0.4130832	0.1347355	0.4130832
6590	-217.1652	-220.3933	3.228135	0.1622404	0.140864	0.02137636	0.140864
6600	-201.9266	-207.0791	5.152528	0.07189196	0.02418743	0.04770453	0.02418743
6610	-194.9108	-200.6568	5.746056	0.05012721	0.01379019	0.03633702	0.01379019
6620	-194.9592	-200.492	5.532788	0.03568978	0.01767615	0.01801363	0.01767615
6630	-195.8088	-201.4802	5.67137	0.05354485	0.01724296	0.03630189	0.01724296
6640	-202.9513	-207.9896	5.03825	0.07633334	0.02989637	0.04643698	0.02989637
6650	-203.4089	-208.458	5.049097	0.07458935	0.02301416	0.0515752	0.02301416
6660	-219.9059	-223.6054	3.699435	0.1188303	0.05068587	0.0681444	0.05068587
6670	-220.7206	-223.8522	3.13162	0.182743	0.154181	0.02856203	0.154181
6680	-247.7231	-249.457	1.733865	0.1892174	0.09229438	0.09692298	0.09229438
6690	-235.9775	-237.3132	1.335657	0.3297889	0.311204	0.01858489	0.311204
6700	-193.9977	-199.8135	5.815827	0.0436111	0.01619384	0.02741726	0.01619384
6710	-198.2545	-203.6564	5.401885	0.05830039	0.009049374	0.04925102	0.009049374
6720	-282.5251	-279.53	-2.995138	1.384382	1.3614	0.02298196	1.3614
6730	-194.8252	-200.5097	5.684447	0.04536826	0.02079751	0.02457075	0.02079751
6740	-198.5741	-203.8555	5.281464	0.06358166	0.03618626	0.0273954	0.03618626
6750	-201.6525	-206.7424	5.089832	0.07536855	0.0370744	0.03829415	0.0370744
6760	-200.0044	-205.3319	5.327516	0.06548065	0.01832328	0.04715737	0.01832328
6770	-192.889	-198.2018	5.312812	0.02737612	0.002714606	0.02466151	0.002714606
6780	-197.1946	-202.5731	5.378548	0.05620611	0.03187437	0.02433174	0.03187437
6790	-193.7087	-199.5618	5.853052	0.04360607	0.01394568	0.02966039	0.01394568
6800	-194.5954	-200.2438	5.648429	0.03929317	0.01859124	0.02070193	0.01859124
6810	-204.1731	-208.5917	4.418563	0.06593823	0.003062681	0.06287555	0.003062681
6820	-201.0591	-206.1969	5.13773	0.07347181	0.03655392	0.03691789	0.03655392
6830	-217.9395	-221.4764	3.536879	0.1502383	0.1089447	0.04129366	0.1089447
6840	-204.0968	-208.7557	4.658949	0.08813157	0.06201309	0.02611847	0.06201309
6850	-213.9289	-217.6252	3.696298	0.1403947	0.1144882	0.02590646	0.1144882
6860	-194.6417	-200.2745	5.632767	0.03880828	0.01853243	0.02027585	0.01853243
6870	-315.0337	-315.3473	0.3135638	0.1977832	0.006055381	0.1917278	0.006055381
6880	-243.2614	-246.0432	2.7818	0.1195126	0.005127086	0.1143855	0.005127086
6890	-198.5907	-203.5435	4.952806	0.05733364	0.03931126	0.01802238	0.03931126
6900	-217.0123	-221.0664	4.054072	0.1035572	0.03304966	0.07050749	0.03304966
6910	-206.5051	-211.3186	4.813477	0.08153192	0.02508652	0.05644539	0.02508652
6920	-192.6897	-198.5472	5.857499	0.03972035	0.007763307	0.03195704	0.007763307
6930	-194.3378	-200.1191	5.781375	0.04788484	0.01164588	0.03623896	0.01164588
6940	-223.1283	-226.1156	2.987309	0.1944027	0.1610571	0.0333456	0.1610571
6950	-235.2384	-238.4858	3.247334	0.1207287	0.02047097	0.1002577	0.02047097
6960	-211.8411	-216.0833	4.242233	0.1046803	0.05088986	0.05379048	0.05088986
6970	-197.7769	-203.1267	5.349842	0.05972432	0.03353776	0.02618656	0.03353776
6980	-211.2938	-215.6383	4.344496	0.09887221	0.04192134	0.05695087	0.04192134
6990	-196.5972	-201.8533	5.25609	0.02500111	0.01105749	0.01394362	0.01105749
7000	-203.892	-208.6979	4.805849	0.08627761	0.05299063	0.03328698	0.05299063
7010	-242.9526	-244.4552	1.502642	0.2537305	0.1845285	0.06920197	0.1845285
7020	-197.7938	-202.5691	4.775271	0.02695953	0.0153754	0.01158413	0.0153754
7030	-193.0279	-198.8654	5.837521	0.04194324	0.008257462	0.03368577	0.008257462
7040	-219.2757	-223.0999	3.824179	0.1122858	0.04167896	0.07060679	0.04167896
7050	-230.1543	-232.3429	2.188601	0.2630512	0.2378405	0.02521071	0.2378405
7060	-194.0776	-199.8109	5.733295	0.0290817	0.009909243	0.01917246	0.009909243
7070	-193.7542	-199.5965	5.84233	0.04500721	0.01219095	0.03281625	0.01219095
7080	-196.9853	-202.536	5.550686	0.05802054	0.02267858	0.03534197	0.02267858
7090	-202.9782	-207.7978	4.819568	0.08300519	0.05485505	0.02815014	0.05485505
7100	-210.9509	-215.1103	4.159432	0.116861	0.07940933	0.03745164	0.07940933
7110	-218.3229	-221.9492	3.626263	0.1326712	0.07778518	0.05488599	0.07778518
7120	-195.982	-201.4168	5.434857	0.02216666	0.006010691	0.01615596	0.006010691
7130	-212.4391	-216.1577	3.718565	0.1322856	0.1098579	0.02242773	0.1098579
7140	-193.5765	-199.4366	5.860133	0.0438268	0.01230502	0.03152178	0.01230502
7150	-222.4081	-225.3885	2.980405	0.1947318	0.1660284	0.02870335	0.1660284
7160	-238.6727	-241.3314	2.658668	0.1450408	0.04912428	0.09591647	0.04912428
7170	-194.8097	-200.2418	5.432061	0.04800699	0.004848058	0.04315893	0.004848058
7180	-196.1168	-201.6769	5.56014	0.05300453	0.008584472	0.04442006	0.008584472
7190	-207.3965	-211.9037	4.507243	0.09973578	0.06187295	0.03786283	0.06187295
7200	-197.8421	-203.3266	5.484488	0.06084951	0.02224868	0.03860083	0.02224868
7210	-196.4	-201.5367	5.136699	0.03948598	0.02410704	0.01537894	0.02410704
7220	-234.4723	-236.0539	1.581673	0.311865	0.2916214	0.02024356	0.2916214
7230	-230.1036	-232.9405	2.836898	0.1536778	0.07884357	0.07483428	0.07884357
7240	-253.8428	-254.0283	0.1855477	0.532137	0.4963086	0.03582831	0.4963086
7250	-199.5944	-204.3904	4.796038	0.01687709	0.003362936	0.01351416	0.003362936
7260	-193.0329	-198.9113	5.878363	0.03296649	0.009582118	0.02338437	0.009582118
7270	-255.8224	-258.2628	2.440323	0.1405101	0.01374026	0.1267698	0.01374026
7280	-234.0044	-236.6268	2.62239	0.1580154	0.0765545	0.08146091	0.0765545
7290	-207.37	-211.9049	4.534901	0.09792929	0.0574841	0.04044518	0.0574841
7300	-211.6504	-215.1684	3.517965	0.1265439	0.108872	0.01767197	0.108872
7310	-198.4745	-203.9254	5.45092	0.06127757	0.01654254	0.04473503	0.01654254
7320	-194.7146	-200.3734	5.658827	0.04227852	0.02006891	0.02220961	0.02006891
7330	-196.2205	-201.857	5.636445	0.05478796	0.01539245	0.03939552	0.01539245
7340	-223.595	-226.3822	2.78719	0.2069696	0.1817171	0.02525243	0.1817171
7350	-251.762	-253.2464	1.484452	0.1983825	0.09705785	0.1013247	0.09705785
7360	-217.0793	-220.6186	3.539277	0.1544441	0.1212578	0.03318638	0.1212578
7370	-233.4679	-234.2991	0.8312445	0.2998986	0.2875808	0.01231777	0.2875808
7380	-221.9186	-225.8305	3.911948	0.103632	0.02121461	0.0824174	0.02121461
7390	-222.2974	-225.7254	3.428005	0.1320617	0.06541105	0.06665068	0.06541105
7400	-194.0002	-198.9138	4.913648	0.04320404	0.002276941	0.04092709	0.002276941
7410	-204.0757	-209.0494	4.97376	0.06929822	0.008545874	0.06075234	0.008545874
7420	-202.4434	-207.5396	5.096196	0.07406926	0.02693153	0.04713774	0.02693153
7430	-261.8668	-263.5004	1.633555	0.1721141	0.04658892	0.1255251	0.04658892
7440	-198.8933	-203.7581	4.864845	0.05793361	0.04065892	0.01727469	0.04065892
7450	-194.0045	-199.8182	5.813688	0.04349964	0.0162891	0.02721055	0.0162891
7460	-201.5694	-206.1476	4.57815	0.07213631	0.05425771	0.01787859	0.05425771
7470	-198.1789	-203.629	5.450019	0.06210984	0.02360315	0.03850669	0.02360315
7480	-219.2921	-222.7747	3.482567	0.1452198	0.09520956	0.05001021	0.09520956
7490	-197.9037	-203.3563	5.452648	0.05788519	0.01007664	0.04780855	0.01007664
7500	-197.974	-203.4383	5.464287	0.06152167	0.02395913	0.03756254	0.02395913
7510	-283.9534	-281.183	-2.770393	1.252093	1.211523	0.04057056	1.211523
7520	-247.8107	-248.6233	0.81263	0.4110669	0.3680592	0.04300769	0.3680592
7530	-193.3314	-199.2115	5.880105	0.04220189	0.01186507	0.03033681	0.01186507
7540	-194.3753	-200.0566	5.68129	0.02637356	0.007841814	0.01853174	0.007841814
7550	-197.082	-202.3557	5.273672	0.02153782	0.00730068	0.01423714	0.00730068
7560	-194.3973	-199.4553	5.057989	0.04518272	0.002760931	0.04242178	0.002760931
7570	-213.8249	-217.7391	3.914164	0.1287319	0.08828709	0.04044477	0.08828709
7580	-199.1241	-204.4315	5.307357	0.06641565	0.0328427	0.03357296	0.0328427
7590	-220.7837	-223.0192	2.235473	0.1857687	0.1720094	0.01375929	0.1720094
7600	-201.9219	-206.4438	4.521827	0.07369094	0.05603673	0.01765421	0.05603673
7610	-203.7053	-208.589	4.883635	0.06732105	0.006092343	0.06122871	0.006092343
7620	-197.5017	-202.7612	5.259529	0.05562559	0.03405301	0.02157258	0.03405301
7630	-203.1756	-208.009	4.833363	0.08377565	0.0537087	0.03006695	0.0537087
7640	-203.3642	-208.3933	5.029098	0.07595444	0.02658479	0.04936965	0.02658479
7650	-198.7917	-204.0805	5.288763	0.05864126	0.007114164	0.0515271	0.007114164
7660	-195.2824	-200.9589	5.676438	0.05108494	0.01038678	0.04069816	0.01038678
7670	-207.021	-211.2067	4.185709	0.101882	0.08078403	0.02109799	0.08078403
7680	-201.0349	-206.1979	5.16304	0.07262066	0.03333478	0.03928588	0.03333478
7690	-202.1018	-207.1665	5.064672	0.07626131	0.03579665	0.04046466	0.03579665
7700	-195.5999	-200.9562	5.356286	0.03355715	0.0176967	0.01586046	0.0176967
7710	-222.9468	-226.2503	3.303461	0.1412244	0.07787425	0.0633501	0.07787425
7720	-202.0253	-207.123	5.097747	0.07475207	0.03167041	0.04308167	0.03167041
7730	-198.3814	-203.5993	5.217827	0.05703035	0.005596514	0.05143383	0.005596514
7740	-272.9625	-271.2865	-1.675962	0.9388628	0.9018073	0.03705554	0.9018073
7750	-196.6302	-202.1643	5.534114	0.05450627	0.009153482	0.04535279	0.009153482
7760	-204.8423	-209.768	4.925637	0.07868884	0.02585542	0.05283342	0.02585542
7770	-230.3268	-233.7713	3.444458	0.1163874	0.02341056	0.09297683	0.02341056
7780	-197.8214	-202.9833	5.161851	0.02030779	0.006733863	0.01357392	0.006733863
7790	-200.1977	-205.5008	5.303185	0.0667587	0.02082633	0.04593237	0.02082633
7800	-196.0516	-201.4784	5.426854	0.04759752	0.02685573	0.02074178	0.02685573
7810	-233.8751	-236.2863	2.411143	0.181143	0.1089675	0.07217547	0.1089675
7820	-201.6303	-206.84	5.209633	0.06821977	0.01625395	0.05196582	0.01625395
7830	-194.5582	-200.2996	5.741313	0.04868151	0.01035732	0.03832419	0.01035732
7840	-218.4093	-221.8883	3.478936	0.1553244	0.1158364	0.03948797	0.1158364
7850	-213.7913	-218.0334	4.242103	0.09916312	0.03443718	0.06472594	0.03443718
7860	-243.7285	-244.9976	1.269054	0.3166947	0.2621496	0.05454512	0.2621496
7870	-199.5783	-204.2972	4.718872	0.06044831	0.04394173	0.01650658	0.04394173
7880	-209.6547	-214.0147	4.360015	0.1038623	0.05834645	0.04551584	0.05834645
7890	-217.0756	-214.9436	-2.132027	0.1185	0.1148333	0.003666748	0.1148333
7900	-212.8421	-216.3639	3.521739	0.1344012	0.1150524	0.01934875	0.1150524
7910	-219.7051	-223.1284	3.423317	0.151151	0.103493	0.04765799	0.103493
7920	-228.6492	-230.1811	1.531819	0.2529544	0.2390411	0.01391327	0.2390411
7930	-201.7505	-206.8782	5.127662	0.06507118	0.008417552	0.05665363	0.008417552
7940	-202.8691	-207.8462	4.97703	0.07968399	0.04016336	0.03952063	0.04016336
7950	-226.3118	-229.0443	2.732493	0.2128885	0.1762425	0.03664601	0.1762425
7960	-208.1851	-212.7966	4.611533	0.08980325	0.03568565	0.05411761	0.03568565
7970	-228.8311	-231.4657	2.63454	0.1945853	0.1404306	0.05415478	0.1404306
7980	-232.0767	-234.8397	2.763005	0.1527546	0.07318976	0.07956479	0.07318976
7990	-200.8472	-205.593	4.745812	0.06976495	0.05054162	0.01922333	0.05054162
8000	-210.7315	-214.6619	3.930453	0.1223552	0.09865286	0.02370233	0.09865286
8010	-196.2239	-201.377	5.153057	0.02037916	0.003154795	0.01722437	0.003154795
8020	-193.8301	-199.6563	5.826124	0.04188052	0.01565192	0.02622859	0.01565192
8030	-252.2657	-252.8213	0.5556635	0.3707657	0.3077528	0.06301294	0.3077528
8040	-210.1549	-214.321	4.166029	0.1167409	0.08521282	0.03152811	0.08521282
8050	-200.4941	-205.3107	4.816582	0.06849372	0.0487209	0.01977281	0.0487209
8060	-198.4815	-203.848	5.366519	0.0638873	0.03124539	0.03264191	0.03124539
8070	-199.0683	-204.4722	5.403891	0.06238213	0.01548337	0.04689876	0.01548337
8080	-230.0196	-232.7966	2.777052	0.1601696	0.08834539	0.07182423	0.08834539
8090	-205.7185	-210.3741	4.655645	0.09317427	0.05699714	0.03617713	0.05699714
8100	-198.3156	-202.8483	4.532672	0.04520473	0.03252371	0.01268103	0.03252371
8110	-199.8896	-205.2298	5.340239	0.0645155	0.01625947	0.04825603	0.01625947
8120	-201.2982	-206.0418	4.743601	0.07267368	0.05252241	0.02015128	0.05252241
8130	-260.8812	-263.0632	2.181932	0.1494574	0.01804508	0.1314123	0.01804508
8140	-195.3439	-201.037	5.693038	0.05106217	0.02019852	0.03086366	0.02019852
8150	-203.2229	-208.1545	4.931601	0.08152066	0.04294652	0.03857414	0.04294652
8160	-231.4511	-233.7275	2.276451	0.2522716	0.2143922	0.03787944	0.2143922
8170	-203.534	-208.5168	4.982838	0.07830256	0.03158028	0.04672228	0.03158028
8180	-221.3132	-223.4607	2.147543	0.1895756	0.1760808	0.01349485	0.1760808
8190	-199.2985	-204.1876	4.889098	0.06142369	0.04294587	0.01847782	0.04294587
8200	-208.9281	-213.3437	4.415558	0.1020656	0.05812198	0.04394363	0.05812198
8210	-279.9024	-279.1556	-0.7467649	0.3395985	0.2219377	0.1176608	0.2219377
8220	-195.9919	-201.2009	5.209021	0.02074981	0.00331956	0.01743025	0.00331956
8230	-203.4454	-208.1901	4.744706	0.08512241	0.05822367	0.02689874	0.05822367
8240	-200.3001	-205.507	5.206918	0.07073201	0.03482298	0.03590902	0.03482298
8250	-239.0035	-240.6969	1.693403	0.2762986	0.223053	0.05324564	0.223053
8260	-221.4935	-225.4362	3.942715	0.09453675	0.007663312	0.08687344	0.007663312
8270	-210.4539	-214.6104	4.156517	0.1175104	0.08460077	0.03290964	0.08460077
8280	-194.4869	-200.1038	5.616884	0.0245736	0.005834416	0.01873918	0.005834416
8290	-211.7918	-215.735	3.943123	0.1272933	0.09951967	0.02777368	0.09951967
8300	-207.646	-212.0877	4.441644	0.1030362	0.0689933	0.03404293	0.0689933
8310	-199.8012	-204.8029	5.001706	0.06685004	0.04469545	0.02215458	0.04469545
8320	-205.9125	-210.7287	4.816198	0.08276337	0.03021543	0.05254794	0.03021543
8330	-234.8596	-236.6603	1.800686	0.3075702	0.2808838	0.02668638	0.2808838
8340	-206.3809	-210.9602	4.579282	0.09660827	0.06140955	0.03519872	0.06140955
8350	-229.3168	-232.0139	2.697103	0.1757497	0.1122674	0.06348236	0.1122674
8360	-216.8803	-220.7245	3.844232	0.1178928	0.0576327	0.06026014	0.0576327
8370	-198.8108	-203.7936	4.982735	0.01947605	0.007055069	0.01242098	0.007055069
8380	-204.4185	-209.2307	4.812219	0.08634263	0.04759155	0.03875109	0.04759155
8390	-239.2979	-240.1917	0.8938023	0.3703482	0.3534203	0.01692791	0.3534203
8400	-236.7796	-238.6677	1.888053	0.260647	0.2086187	0.05202827	0.2086187
8410	-203.653	-208.4204	4.767386	0.06642109	0.004794924	0.06162617	0.004794924
8420	-192.541	-198.4399	5.898849	0.03693514	0.008242487	0.02869265	0.008242487
8430	-222.9151	-226.1628	3.247682	0.1482405	0.08874532	0.05949522	0.08874532
8440	-257.9226	-257.8012	-0.1214203	0.5466323	0.5008863	0.04574593	0.5008863
8450	-201.8247	-206.6375	4.812831	0.06283386	0.004227438	0.05860642	0.004227438
8460	-214.9544	-219.3096	4.355198	0.0901462	0.01531159	0.07483462	0.01531159
8470	-213.7469	-217.779	4.032093	0.1151045	0.06312547	0.05197907	0.06312547
8480	-210.4515	-214.5386	4.087106	0.1196513	0.09108525	0.02856608	0.09108525
8490	-202.4406	-206.3568	3.916206	0.06931974	0.05672739	0.01259235	0.05672739
8500	-195.8307	-201.2885	5.457831	0.02437958	0.008788671	0.01559091	0.008788671
8510	-212.8732	-217.3453	4.472179	0.08753029	0.01618394	0.07134636	0.01618394
8520	-220.8136	-224.1417	3.328043	0.1559297	0.1073305	0.04859926	0.1073305
8530	-282.4565	-283.8429	1.386373	0.1641025	0.006469739	0.1576327	0.006469739
8540	-197.2199	-202.5134	5.293506	0.05421396	0.03270933	0.02150463	0.03270933
8550	-265.9221	-266.2853	0.36313	0.2604478	0.150582	0.1098658	0.150582
8560	-205.6905	-210.585	4.894465	0.07847943	0.0217943	0.05668512	0.0217943
8570	-195.342	-201.0202	5.678201	0.05045822	0.02136996	0.02908826	0.02136996
8580	-193.7961	-199.587	5.790931	0.03626613	0.01427501	0.02199112	0.01427501
8590	-245.5841	-247.2567	1.67258	0.203762	0.1151442	0.08861774	0.1151442
8600	-202.3403	-206.1739	3.833576	0.06756431	0.05555496	0.01200935	0.05555496
8610	-195.0772	-200.7562	5.679004	0.04793467	0.02152277	0.0264119	0.02152277
8620	-232.1532	-235.5807	3.427506	0.1152028	0.0180626	0.09714017	0.0180626
8630	-194.0404	-199.7795	5.739136	0.02971377	0.01039755	0.01931622	0.01039755
8640	-213.8056	-217.7663	3.960624	0.1229816	0.07737181	0.04560976	0.07737181
8650	-201.6753	-206.703	5.027688	0.0769129	0.04413495	0.03277795	0.04413495
8660	-195.4456	-200.9266	5.481071	0.02728765	0.01140264	0.01588502	0.01140264
8670	-194.8783	-200.5814	5.703081	0.04701438	0.02062092	0.02639346	0.02062092
8680	-222.197	-225.3656	3.168623	0.1709407	0.1264048	0.04453589	0.1264048
8690	-247.3483	-249.7637	2.415444	0.147657	0.03732392	0.1103331	0.03732392
8700	-196.1456	-201.7542	5.608568	0.05441369	0.02315485	0.03125885	0.02315485
8710	-201.3398	-206.4556	5.115781	0.07435846	0.03671478	0.03764369	0.03671478
8720	-203.4645	-207.5499	4.08548	0.07837178	0.06359566	0.01477612	0.06359566
8730	-201.2674	-206.4054	5.137942	0.07355753	0.03439077	0.03916676	0.03439077
8740	-222.852	-226.5296	3.67757	0.1140403	0.0357645	0.07827583	0.0357645
8750	-253.8783	-254.1651	0.2867927	0.4637413	0.4144414	0.04929989	0.4144414
8760	-204.2879	-209.1353	4.847379	0.08464021	0.04366355	0.04097666	0.04366355
8770	-220.7988	-223.6277	2.828904	0.1882063	0.1680362	0.02017013	0.1680362
8780	-195.09	-200.8232	5.733168	0.0508138	0.01465738	0.03615642	0.01465738
8790	-207.7367	-212.1572	4.420552	0.1039455	0.07088965	0.03305584	0.07088965
8800	-248.1528	-249.2561	1.103292	0.2757392	0.2010911	0.07464805	0.2010911
8810	-214.2737	-218.462	4.188296	0.1012951	0.03679159	0.06450352	0.03679159
8820	-199.3312	-204.5935	5.262255	0.06731391	0.03569341	0.03162049	0.03569341
8830	-206.7265	-211.2783	4.551809	0.09787453	0.06207249	0.03580204	0.06207249
8840	-224.9289	-228.4282	3.499353	0.1202722	0.0407712	0.07950103	0.0407712
8850	-220.2647	-224.2841	4.019444	0.100396	0.01971931	0.08067671	0.01971931
8860	-211.7187	-215.7625	4.043819	0.1237171	0.09021014	0.03350695	0.09021014
8870	-284.7164	-285.9153	1.198923	0.1798833	0.02329341	0.1565899	0.02329341
8880	-252.8594	-252.4259	-0.4334935	0.5779099	0.5614835	0.01642633	0.5614835
8890	-193.2355	-199.0957	5.860256	0.03302388	0.01040168	0.02262221	0.01040168
8900	-220.7811	-224.7642	3.983103	0.09366138	0.007771551	0.08588983	0.007771551
8910	-215.2398	-219.0103	3.770483	0.1376219	0.09845157	0.03917037	0.09845157
8920	-217.9658	-221.4101	3.444263	0.1609398	0.1287728	0.03216703	0.1287728
8930	-207.385	-211.7321	4.347124	0.1041585	0.07729362	0.02686493	0.07729362
8940	-218.2179	-220.5467	2.328792	0.165613	0.1528011	0.01281197	0.1528011
8950	-194.2077	-199.9168	5.70906	0.03586447	0.01550019	0.02036428	0.01550019
8960	-193.5061	-199.3463	5.840156	0.03651801	0.01325379	0.02326422	0.01325379
8970	-194.5126	-200.2634	5.750748	0.0455353	0.01883139	0.0267039	0.01883139
8980	-194.0728	-199.6599	5.587094	0.04609892	0.005717366	0.04038155	0.005717366
8990	-204.3283	-208.9607	4.632406	0.0892236	0.06321617	0.02600744	0.06321617
9000	-199.7706	-203.459	3.688424	0.0316146	0.0230765	0.0085381	0.0230765
9010	-208.7392	-213.3289	4.589627	0.08978164	0.03350179	0.05627985	0.03350179
9020	-195.8178	-201.4798	5.661922	0.05349711	0.0196155	0.03388161	0.0196155
9030	-193.0686	-198.5418	5.473222	0.04145502	0.003950654	0.03750437	0.003950654
9040	-229.0299	-232.5691	3.539175	0.1132989	0.02129854	0.09200032	0.02129854
9050	-217.4049	-220.283	2.878061	0.1631558	0.1465802	0.01657562	0.1465802
9060	-199.6552	-204.7616	5.106466	0.06754776	0.04255103	0.02499673	0.04255103
9070	-212.2878	-216.5152	4.22745	0.1041858	0.04836572	0.05582009	0.04836572
9080	-196.2957	-201.842	5.546287	0.05383395	0.02642011	0.02741384	0.02642011
9090	-207.2595	-211.8339	4.574417	0.09532811	0.05193102	0.0433971	0.05193102
9100	-232.9048	-236.2565	3.351651	0.1181278	0.02100672	0.09712106	0.02100672
9110	-194.5058	-200.2899	5.784143	0.04793297	0.01593892	0.03199405	0.01593892
9120	-193.9974	-199.7364	5.73895	0.04641501	0.008276095	0.03813891	0.008276095
9130	-213.9133	-217.8552	3.941893	0.1245997	0.07994273	0.04465699	0.07994273
9140	-209.3158	-213.9164	4.600554	0.08784163	0.02759277	0.06024886	0.02759277
9150	-211.519	-215.3883	3.869271	0.126774	0.1026638	0.02411014	0.1026638
9160	-200.8698	-206.0143	5.14449	0.07305015	0.03741051	0.03563965	0.03741051
9170	-239.9818	-241.54	1.558135	0.3079352	0.2613635	0.0465718	0.2613635
9180	-195.2527	-200.903	5.650308	0.04840508	0.02249955	0.02590553	0.02249955
9190	-216.3628	-220.5437	4.180984	0.09794346	0.02516873	0.07277473	0.02516873
9200	-210.182	-214.3548	4.172733	0.1165309	0.08435005	0.03218087	0.08435005
9210	-194.4342	-200.1674	5.733203	0.04327334	0.01886096	0.02441238	0.01886096
9220	-194.8485	-200.5868	5.738275	0.04859552	0.01892525	0.02967027	0.01892525
9230	-202.5654	-207.647	5.081631	0.07465148	0.02775306	0.04689842	0.02775306
9240	-216.8679	-220.7798	3.911928	0.1126348	0.04880346	0.06383134	0.04880346
9250	-205.6134	-210.2894	4.676059	0.09224329	0.05511588	0.03712741	0.05511588
9260	-196.1116	-201.7186	5.606981	0.05414863	0.02346655	0.03068208	0.02346655
9270	-252.0124	-254.1939	2.181507	0.1545176	0.03890064	0.115617	0.03890064
9280	-274.0901	-275.6994	1.609334	0.1671614	0.02190099	0.1452604	0.02190099
9290	-193.5894	-199.2433	5.653838	0.0444412	0.005958554	0.03848265	0.005958554
9300	-213.8366	-217.6306	3.794066	0.1377305	0.1077155	0.03001499	0.1077155
9310	-195.8443	-201.4738	5.629526	0.05284838	0.02292437	0.02992401	0.02292437
9320	-194.9664	-200.6675	5.701101	0.04786704	0.02074793	0.02711911	0.02074793
9330	-235.277	-237.2377	1.960735	0.2756015	0.2332923	0.04230918	0.2332923
9340	-215.1185	-219.3865	4.267965	0.09537506	0.02400724	0.07136782	0.02400724
9350	-216.2794	-220.244	3.964669	0.1106429	0.04712695	0.06351591	0.04712695
9360	-237.6292	-240.0677	2.438487	0.1615752	0.07416249	0.08741269	0.07416249
9370	-248.909	-249.7427	0.8336682	0.3495945	0.2899745	0.05961996	0.2899745
9380	-206.0743	-210.7604	4.686052	0.09082124	0.04803981	0.04278144	0.04803981
9390	-243.7416	-244.9395	1.197864	0.3564264	0.3121667	0.04425973	0.3121667
9400	-208.1592	-212.9147	4.755546	0.08084077	0.01772047	0.06312029	0.01772047
9410	-203.8867	-208.8223	4.935654	0.08030426	0.03465988	0.04564438	0.03465988
9420	-266.8995	-267.1784	0.2788918	0.2661828	0.1559236	0.1102592	0.1559236
9430	-245.8762	-247.5662	1.689954	0.2004517	0.1103009	0.09015085	0.1103009
9440	-193.5038	-199.1644	5.660594	0.04410057	0.005934563	0.038166	0.005934563
9450	-227.0849	-230.5109	3.425973	0.1208751	0.03694492	0.08393017	0.03694492
9460	-192.4457	-198.0394	5.593646	0.03818572	0.00422959	0.03395613	0.00422959
9470	-194.7133	-200.3055	5.59225	0.03507045	0.0165482	0.01852225	0.0165482
9480	-211.1936	-215.4147	4.221101	0.1096455	0.06304126	0.0466042	0.06304126
9490	-207.7862	-212.2799	4.493698	0.09978529	0.05937165	0.04041364	0.05937165
9500	-192.9652	-198.8601	5.894927	0.04040162	0.01010378	0.03029783	0.01010378
9510	-200.4134	-205.2226	4.809173	0.06783971	0.04838585	0.01945386	0.04838585
9520	-201.1819	-206.4007	5.218756	0.06961765	0.02253313	0.04708453	0.02253313
9530	-192.7083	-198.6143	5.905989	0.03480886	0.009008268	0.02580059	0.009008268
9540	-203.0067	-208.0651	5.058345	0.07503482	0.02620553	0.04882929	0.02620553
9550	-212.4464	-216.7189	4.272505	0.1004716	0.04099095	0.0594806	0.04099095
9560	-208.2102	-212.5986	4.388414	0.1056482	0.07145963	0.03418855	0.07145963
9570	-215.8201	-219.9794	4.159269	0.09996051	0.03008742	0.0698731	0.03008742
9580	-201.1911	-206.1784	4.987274	0.07492618	0.04780323	0.02712295	0.04780323
9590	-195.9608	-201.6161	5.655284	0.05412561	0.01849162	0.03563399	0.01849162
9600	-213.2332	-217.4455	4.212285	0.1023267	0.04182139	0.06050528	0.04182139
9610	-198.0614	-203.5	5.43861	0.06212155	0.02669002	0.03543153	0.02669002
9620	-192.354	-197.7165	5.362456	0.03046529	0.002823602	0.02764169	0.002823602
9630	-195.8446	-201.1429	5.298353	0.03162852	0.01656964	0.01505888	0.01656964
9640	-201.411	-206.1101	4.699043	0.07278128	0.0532352	0.01954609	0.0532352
9650	-208.9038	-212.479	3.575202	0.1087797	0.09340782	0.01537193	0.09340782
9660	-261.2407	-261.4312	0.1904281	0.3208372	0.2306456	0.09019164	0.2306456
9670	-198.729	-203.7708	5.041794	0.06016443	0.04013477	0.02002967	0.04013477
9680	-199.3402	-204.6879	5.347671	0.06117192	0.01038801	0.05078392	0.01038801
9690	-231.263	-231.9325	0.6695323	0.2736094	0.2630104	0.01059898	0.2630104
9700	-298.8734	-297.4102	-1.463164	0.3467989	0.2026953	0.1441036	0.2026953
9710	-232.4592	-234.9208	2.461583	0.1848937	0.1174138	0.06747993	0.1174138
9720	-219.4058	-223.2639	3.858049	0.1100615	0.03769852	0.07236302	0.03769852
9730	-216.5662	-220.7893	4.223079	0.09533275	0.02016503	0.07516772	0.02016503
9740	-219.6876	-223.1388	3.451155	0.1463986	0.09578051	0.05061814	0.09578051
9750	-216.8889	-219.9829	3.093997	0.1603151	0.1416701	0.01864499	0.1416701
9760	-197.6059	-202.88	5.274054	0.05533838	0.005560999	0.04977738	0.005560999
9770	-194.7642	-200.5125	5.74823	0.04954966	0.01221855	0.03733111	0.01221855
9780	-209.0474	-213.392	4.344606	0.1074735	0.06979181	0.0376817	0.06979181
9790	-197.5602	-202.8108	5.250554	0.05586906	0.03433874	0.02153032	0.03433874
9800	-221.3456	-224.3542	3.008628	0.189552	0.1637463	0.02580577	0.1637463
9810	-193.7841	-199.6311	5.847022	0.04426723	0.01393139	0.03033583	0.01393139
9820	-194.2837	-199.9715	5.687889	0.03343632	0.01413855	0.01929777	0.01413855
9830	-224.6057	-227.9984	3.392788	0.1273936	0.05249632	0.07489725	0.05249632
9840	-196.5267	-202.0845	5.557831	0.05443448	0.009782272	0.04465221	0.009782272
9850	-196.481	-201.8721	5.391094	0.05290236	0.005890326	0.04701203	0.005890326
9860	-197.0912	-201.7791	4.687913	0.01911099	0.001977801	0.01713319	0.001977801
9870	-212.5416	-216.336	3.79432	0.1325461	0.1077544	0.02479176	0.1077544
9880	-215.9209	-219.6743	3.753356	0.1346721	0.08988436	0.0447877	0.08988436
9890	-202.4959	-207.3732	4.877315	0.0808338	0.05229133	0.02854248	0.05229133
9900	-194.7688	-200.5261	5.757268	0.04957352	0.01348039	0.03609313	0.01348039
9910	-201.7296	-206.5302	4.800588	0.07610541	0.05353136	0.02257405	0.05353136
9920	-197.6556	-203.0205	5.364856	0.05921251	0.03298598	0.02622652	0.03298598
9930	-246.0689	-246.5114	0.4425407	0.4617257	0.4424808	0.01924493	0.4424808
9940	-205.5677	-210.5041	4.93638	0.07492333	0.01471547	0.06020786	0.01471547
9950	-196.3543	-201.9798	5.625553	0.05539867	0.01683198	0.0385667	0.01683198
9960	-208.4567	-212.9607	4.504003	0.09656224	0.04860059	0.04796165	0.04860059
9970	-207.4908	-212.1159	4.625148	0.09084599	0.04079991	0.05004608	0.04079991
9980	-198.0434	-202.5065	4.463174	0.03571014	0.02447725	0.01123289	0.02447725
9990	-268.381	-268.3126	-0.06836636	0.3068705	0.2019653	0.1049052	0.2019653
10000	-223.2028	-226.6154	3.412609	0.130001	0.05990747	0.07009356	0.05990747
