Iteration	Posterior	Likelihood	Prior	birth_rate	death_rate	diversification	turnover
0	-211.5823	-217.8765	6.294194	0.02369311	0.006952139	0.01674097	0.006952139
10	-216.1273	-222.3912	6.263914	0.03380745	0.01351794	0.02028951	0.01351794
20	-214.4859	-220.8635	6.377599	0.03090965	0.007611241	0.02329841	0.007611241
30	-223.7943	-229.8273	6.03295	0.04570995	0.01688611	0.02882385	0.01688611
40	-210.3625	-216.1809	5.818402	0.017374	0.002873536	0.01450046	0.002873536
50	-214.1818	-220.565	6.383198	0.03039558	0.00836285	0.02203273	0.00836285
60	-218.9256	-224.9395	6.013975	0.03901697	0.02027776	0.0187392	0.02027776
70	-213.0708	-219.4563	6.385446	0.02830103	0.00717022	0.02113081	0.00717022
80	-216.9375	-223.2441	6.306652	0.03524475	0.01182829	0.02341646	0.01182829
90	-213.2162	-219.5197	6.303442	0.02751605	0.009943428	0.01757262	0.009943428
100	-216.4611	-222.1499	5.68885	0.03053566	0.01807077	0.01246489	0.01807077
110	-216.9596	-223.2718	6.312246	0.03523378	0.01145763	0.02377616	0.01145763
120	-220.6643	-226.8695	6.20518	0.0391938	0.008807234	0.03038656	0.008807234
130	-213.9392	-220.3249	6.385682	0.02996087	0.00784734	0.02211353	0.00784734
140	-211.7676	-218.0646	6.297019	0.0240954	0.007349606	0.0167458	0.007349606
150	-213.5458	-219.9254	6.379676	0.02925163	0.006805791	0.02244584	0.006805791
160	-219.1609	-225.3931	6.232185	0.03878309	0.01335845	0.02542465	0.01335845
170	-214.7394	-220.9768	6.237352	0.03055398	0.0128049	0.01774908	0.0128049
180	-211.6106	-217.9008	6.290149	0.02541799	0.004560795	0.02085719	0.004560795
190	-214.3659	-220.4247	6.058735	0.02795102	0.01334297	0.01460804	0.01334297
200	-210.5106	-216.5195	6.008914	0.02250127	0.002785241	0.01971603	0.002785241
210	-210.4564	-216.6389	6.182481	0.02144039	0.004116284	0.0173241	0.004116284
220	-219.7028	-225.5157	5.812952	0.03561912	0.002978668	0.03264045	0.002978668
230	-211.7371	-217.9341	6.19701	0.02249236	0.007542717	0.01494964	0.007542717
240	-211.2825	-217.4437	6.161213	0.02098841	0.006366906	0.01462151	0.006366906
250	-215.6014	-221.2739	5.672526	0.02782821	0.01600204	0.01182616	0.01600204
260	-231.042	-235.7672	4.725167	0.0674152	0.05362376	0.01379144	0.05362376
270	-211.229	-217.2806	6.051637	0.01927185	0.005693605	0.01357824	0.005693605
280	-217.1368	-223.0921	5.955309	0.03444676	0.01871163	0.01573513	0.01871163
290	-213.8982	-219.7791	5.880851	0.0246662	0.01218543	0.01248077	0.01218543
300	-211.8724	-217.9694	6.097034	0.02135324	0.007625122	0.01372812	0.007625122
310	-211.9333	-217.6424	5.7091	0.02535632	0.001962831	0.02339349	0.001962831
320	-213.333	-218.7685	5.435455	0.01522742	0.005521001	0.009706418	0.005521001
330	-211.8347	-216.5155	4.680758	0.01383833	0.001142331	0.012696	0.001142331
340	-211.6579	-217.914	6.256103	0.02555092	0.004179925	0.02137099	0.004179925
350	-214.6413	-220.8003	6.159044	0.02964099	0.01340043	0.01624056	0.01340043
360	-213.7805	-220.0688	6.288298	0.02943491	0.004872335	0.02456257	0.004872335
370	-215.4219	-221.2434	5.821514	0.02867792	0.01576335	0.01291456	0.01576335
380	-214.7787	-220.9899	6.211193	0.03043635	0.01315478	0.01728156	0.01315478
390	-216.3377	-220.886	4.548312	0.01600096	0.009017464	0.006983491	0.009017464
400	-218.0941	-223.982	5.887973	0.03645148	0.02068821	0.01576327	0.02068821
410	-213.5371	-219.8321	6.294978	0.02819216	0.01051489	0.01767727	0.01051489
420	-210.7974	-215.9205	5.123122	0.02171603	0.001180543	0.02053549	0.001180543
430	-211.8926	-218.2469	6.354288	0.02583309	0.005854827	0.01997826	0.005854827
440	-210.5668	-215.9226	5.355768	0.01597685	0.001748984	0.01422786	0.001748984
450	-214.6309	-220.9415	6.310542	0.03082635	0.00552416	0.02530219	0.00552416
460	-215.7527	-221.009	5.256316	0.03016041	0.001438209	0.0287222	0.001438209
470	-220.8088	-226.2945	5.48563	0.04122746	0.02762025	0.01360721	0.02762025
480	-214.6273	-220.839	6.211692	0.0304991	0.004306461	0.02619264	0.004306461
490	-213.479	-219.4421	5.963094	0.02432054	0.01133865	0.01298189	0.01133865
500	-217.7937	-223.8933	6.099612	0.03679472	0.01790459	0.01889013	0.01790459
510	-213.7046	-219.6487	5.944118	0.02479204	0.01185786	0.01293419	0.01185786
520	-211.0482	-217.2781	6.229975	0.02175066	0.005885607	0.01586505	0.005885607
530	-213.5517	-219.7878	6.23608	0.02760967	0.01109893	0.01651074	0.01109893
540	-212.8639	-219.0536	6.189721	0.02528605	0.01004043	0.01524562	0.01004043
550	-215.5334	-221.7692	6.235837	0.03239259	0.01368521	0.01870738	0.01368521
560	-216.6163	-222.954	6.337741	0.03431137	0.008926586	0.02538478	0.008926586
570	-214.5825	-220.9079	6.325365	0.03081003	0.005780222	0.0250298	0.005780222
580	-219.3018	-224.8712	5.569404	0.03762666	0.02431086	0.01331579	0.02431086
590	-213.68	-219.409	5.72898	0.02206741	0.01086049	0.01120692	0.01086049
600	-210.6194	-216.2993	5.67991	0.02240104	0.001891857	0.02050918	0.001891857
610	-213.9707	-219.2533	5.282656	0.01501991	0.00597244	0.009047467	0.00597244
620	-211.2712	-217.4762	6.204974	0.02465912	0.00376086	0.02089826	0.00376086
630	-212.3345	-218.6601	6.325579	0.02574727	0.008214699	0.01753257	0.008214699
640	-211.2012	-215.2511	4.049878	0.01974342	0.0006079003	0.01913552	0.0006079003
650	-215.07	-221.3252	6.255201	0.03127262	0.004900835	0.02637178	0.004900835
660	-219.5998	-225.2014	5.601589	0.03864011	0.02481801	0.0138221	0.02481801
670	-210.9152	-215.0942	4.179025	0.01807932	0.0006695668	0.01740976	0.0006695668
680	-214.7036	-220.9856	6.28209	0.03081427	0.01211105	0.01870322	0.01211105
690	-212.6606	-218.6688	6.00819	0.02236338	0.009352702	0.01301067	0.009352702
700	-219.7504	-225.3494	5.59898	0.03902984	0.02512193	0.01390791	0.02512193
710	-210.5525	-216.4106	5.85816	0.0172459	0.003252927	0.01399298	0.003252927
720	-216.4967	-222.4595	5.962866	0.03284536	0.01760953	0.01523583	0.01760953
730	-217.2929	-223.5417	6.248805	0.03601862	0.01413674	0.02188188	0.01413674
740	-211.9581	-217.8479	5.889799	0.01845386	0.006424123	0.01202974	0.006424123
750	-210.8447	-217.0856	6.24088	0.02185088	0.005306868	0.01654401	0.005306868
760	-222.2053	-228.2498	6.044485	0.04441817	0.01898946	0.02542871	0.01898946
770	-212.8887	-218.2056	5.316968	0.02632515	0.001403499	0.02492165	0.001403499
780	-212.2796	-218.6441	6.364431	0.02628679	0.007306186	0.01898061	0.007306186
790	-213.3822	-219.6572	6.274966	0.02876361	0.004605997	0.02415761	0.004605997
800	-216.4807	-222.6412	6.160504	0.03285961	0.004381854	0.02847775	0.004381854
810	-212.6315	-218.7377	6.106289	0.0235869	0.009555517	0.01403138	0.009555517
820	-211.458	-217.2768	5.818762	0.01664132	0.004420757	0.01222056	0.004420757
830	-212.1426	-218.5002	6.357626	0.02589558	0.007232517	0.01866306	0.007232517
840	-211.3427	-217.5138	6.171091	0.0248213	0.003524025	0.02129728	0.003524025
850	-217.9196	-224.1191	6.19949	0.03491552	0.00542613	0.02948939	0.00542613
860	-213.57	-219.7356	6.165626	0.02689736	0.01150101	0.01539636	0.01150101
870	-217.0139	-223.3414	6.327423	0.03491561	0.009193896	0.02572172	0.009193896
880	-211.1802	-217.4246	6.244448	0.02216763	0.006197246	0.01597039	0.006197246
890	-227.6513	-233.5553	5.903922	0.04493953	0.006790177	0.03814935	0.006790177
900	-210.247	-216.3464	6.099428	0.02065186	0.003544152	0.01710771	0.003544152
910	-217.7453	-224.0492	6.303882	0.03576411	0.008732308	0.0270318	0.008732308
920	-211.2352	-217.3307	6.095567	0.01991686	0.005967512	0.01394934	0.005967512
930	-216.7512	-222.6825	5.931218	0.03327642	0.01820621	0.01507021	0.01820621
940	-212.4232	-218.3893	5.966101	0.02102953	0.008470821	0.01255871	0.008470821
950	-216.247	-222.312	6.065041	0.03226344	0.003615844	0.0286476	0.003615844
960	-216.5149	-222.763	6.248186	0.0332774	0.005438672	0.02783873	0.005438672
970	-222.3588	-227.9188	5.560015	0.04569015	0.03005536	0.01563479	0.03005536
980	-214.292	-220.5611	6.26912	0.03017232	0.004798968	0.02537335	0.004798968
990	-219.8049	-225.9533	6.148372	0.03705997	0.005694589	0.03136538	0.005694589
1000	-211.2703	-217.5292	6.258839	0.02255028	0.006384251	0.01616603	0.006384251
1010	-213.603	-219.986	6.382973	0.02924835	0.008366828	0.02088152	0.008366828
1020	-211.6277	-217.9496	6.321848	0.02428656	0.006771262	0.0175153	0.006771262
1030	-213.9217	-219.7757	5.854051	0.02443175	0.01216329	0.01226845	0.01216329
1040	-214.6635	-220.0398	5.376294	0.02129885	0.0117181	0.009580752	0.0117181
1050	-219.6962	-225.6512	5.954981	0.04056632	0.02191351	0.01865281	0.02191351
1060	-212.1918	-218.0919	5.900068	0.01929773	0.007264811	0.01203292	0.007264811
1070	-210.3148	-215.2748	4.95996	0.01816207	0.001106485	0.01705559	0.001106485
1080	-214.8451	-220.9217	6.076529	0.02942348	0.01419178	0.0152317	0.01419178
1090	-211.7759	-218.0943	6.318355	0.02575701	0.004955663	0.02080135	0.004955663
1100	-213.7065	-219.8179	6.111361	0.02667648	0.01191603	0.01476045	0.01191603
1110	-217.9391	-224.2336	6.294465	0.03657341	0.01100295	0.02557046	0.01100295
1120	-218.793	-224.9915	6.198525	0.03864304	0.0154349	0.02320813	0.0154349
1130	-211.5393	-217.7518	6.212473	0.02228785	0.007082127	0.01520572	0.007082127
1140	-212.261	-218.3045	6.043519	0.02647841	0.002931017	0.02354739	0.002931017
1150	-213.8366	-220.1629	6.326235	0.02919893	0.0104113	0.01878763	0.0104113
1160	-218.5265	-224.7809	6.254447	0.03780999	0.01296992	0.02484007	0.01296992
1170	-210.5103	-216.6076	6.097295	0.02247676	0.00320195	0.01927481	0.00320195
1180	-210.399	-216.4818	6.082811	0.01950003	0.004011628	0.0154884	0.004011628
1190	-219.508	-225.5361	6.028027	0.03606841	0.004168083	0.03190033	0.004168083
1200	-210.3659	-216.5152	6.149206	0.02089042	0.003955529	0.01693489	0.003955529
1210	-212.0547	-218.3888	6.334154	0.02636297	0.005208495	0.02115448	0.005208495
1220	-214.0868	-220.4695	6.382738	0.03020947	0.00850757	0.0217019	0.00850757
1230	-210.5656	-215.2689	4.703285	0.0170787	0.0009544969	0.0161242	0.0009544969
1240	-211.8029	-218.0602	6.25732	0.02354677	0.007627313	0.01591946	0.007627313
1250	-220.5156	-226.3428	5.827239	0.04209039	0.02463192	0.01745847	0.02463192
1260	-210.6477	-216.3599	5.712199	0.02253945	0.001953084	0.02058637	0.001953084
1270	-219.4244	-224.3869	4.962415	0.0338827	0.0242812	0.009601499	0.0242812
1280	-210.6133	-216.2539	5.640531	0.02231075	0.001820715	0.02049004	0.001820715
1290	-221.7708	-227.914	6.143253	0.04229945	0.01401923	0.02828022	0.01401923
1300	-210.6038	-216.8222	6.218418	0.02172472	0.004556774	0.01716794	0.004556774
1310	-210.5496	-216.5088	5.959199	0.01798995	0.003736711	0.01425324	0.003736711
1320	-211.7435	-217.7798	6.036285	0.0201163	0.006959059	0.01315724	0.006959059
1330	-217.0003	-223.1263	6.125963	0.03513161	0.01678443	0.01834718	0.01678443
1340	-210.223	-216.2923	6.069316	0.01996057	0.003539942	0.01642063	0.003539942
1350	-218.5143	-224.4373	5.922985	0.0376946	0.02100974	0.01668486	0.02100974
1360	-215.2691	-220.834	5.564833	0.02572295	0.01480416	0.01091879	0.01480416
1370	-212.8338	-218.7411	5.907316	0.02152306	0.009335698	0.01218736	0.009335698
1380	-213.4199	-219.6875	6.267572	0.02880889	0.004535429	0.02427346	0.004535429
1390	-211.5974	-217.5728	5.975422	0.01886207	0.006112646	0.01274942	0.006112646
1400	-210.3203	-216.4542	6.13389	0.0209714	0.003749605	0.0172218	0.003749605
1410	-211.94	-218.1221	6.1821	0.02276381	0.008009928	0.01475388	0.008009928
1420	-210.2244	-216.307	6.082552	0.02028177	0.0035287	0.01675307	0.0035287
1430	-222.2848	-228.3418	6.056999	0.03953498	0.005699319	0.03383566	0.005699319
1440	-222.3883	-228.5225	6.134172	0.04262452	0.01292983	0.0296947	0.01292983
1450	-215.0641	-220.0467	4.982597	0.01510558	0.007076109	0.008029473	0.007076109
1460	-218.1591	-222.2286	4.069493	0.01205159	0.005951186	0.006100407	0.005951186
1470	-215.5615	-221.3495	5.788087	0.02877869	0.01606412	0.01271457	0.01606412
1480	-212.8071	-218.8728	6.065764	0.02743608	0.003077547	0.02435853	0.003077547
1490	-210.4896	-216.6792	6.189532	0.02181818	0.0040448	0.01777338	0.0040448
1500	-211.7816	-216.9923	5.210683	0.02421503	0.001264382	0.02295064	0.001264382
1510	-215.9056	-221.4255	5.519933	0.02736038	0.01639693	0.01096345	0.01639693
1520	-214.4119	-220.6994	6.287469	0.03018578	0.0117174	0.01846838	0.0117174
1530	-222.7285	-228.3427	5.614271	0.04679191	0.03007726	0.01671465	0.03007726
1540	-213.1936	-219.2616	6.067965	0.02472536	0.01083046	0.0138949	0.01083046
1550	-234.2481	-239.0246	4.776435	0.07680088	0.05973021	0.01707067	0.05973021
1560	-211.1966	-216.5671	5.370524	0.01484101	0.002043953	0.01279705	0.002043953
1570	-211.7607	-217.3837	5.622941	0.01513523	0.003493326	0.0116419	0.003493326
1580	-218.1553	-224.357	6.201675	0.03760664	0.0155743	0.02203234	0.0155743
1590	-221.5279	-227.6669	6.139034	0.04229299	0.01489369	0.0273993	0.01489369
1600	-231.7454	-237.43	5.684576	0.05552103	0.02014459	0.03537644	0.02014459
1610	-211.4245	-217.6092	6.184664	0.02501399	0.003611419	0.02140258	0.003611419
1620	-213.249	-219.5549	6.30583	0.02762091	0.00996328	0.01765763	0.00996328
1630	-218.1256	-224.0855	5.959866	0.03424389	0.003395536	0.03084835	0.003395536
1640	-211.1068	-217.3924	6.285538	0.02398905	0.004699824	0.01928922	0.004699824
1650	-211.2505	-217.3924	6.14193	0.02459185	0.003350994	0.02124086	0.003350994
1660	-214.3531	-220.73	6.376912	0.03067125	0.007353075	0.02331818	0.007353075
1670	-210.3013	-215.4025	5.101132	0.01952687	0.001190477	0.01833639	0.001190477
1680	-210.8695	-215.9028	5.033258	0.0153506	0.001347233	0.01400337	0.001347233
1690	-210.3866	-216.1073	5.720699	0.02173485	0.001985367	0.01974948	0.001985367
1700	-210.1979	-216.2239	6.026044	0.02106819	0.002987802	0.01808039	0.002987802
1710	-221.6301	-227.7823	6.152122	0.04202005	0.01368882	0.02833123	0.01368882
1720	-215.0778	-220.1464	5.068579	0.01854403	0.0101796	0.00836443	0.0101796
1730	-210.3342	-216.473	6.138756	0.02088402	0.003835681	0.01704834	0.003835681
1740	-210.2984	-216.4228	6.124382	0.02087951	0.003690342	0.01718917	0.003690342
1750	-220.5345	-226.7316	6.197127	0.04045205	0.0129382	0.02751384	0.0129382
1760	-210.7197	-216.9615	6.241754	0.02263374	0.004448023	0.01818571	0.004448023
1770	-215.8693	-222.0876	6.218337	0.0330489	0.01428236	0.01876654	0.01428236
1780	-215.8548	-221.9606	6.105776	0.0322731	0.01564043	0.01663267	0.01564043
1790	-211.5548	-217.4848	5.930068	0.0181263	0.005616278	0.01251002	0.005616278
1800	-212.4173	-218.5488	6.131505	0.02332112	0.009081602	0.01423951	0.009081602
1810	-212.2944	-218.2765	5.982011	0.02086269	0.008191335	0.01267136	0.008191335
1820	-212.4039	-217.4678	5.063833	0.01319897	0.001832673	0.01136629	0.001832673
1830	-213.8977	-219.0169	5.119222	0.01255027	0.003036608	0.009513661	0.003036608
1840	-210.6117	-216.5442	5.932478	0.01770388	0.003697028	0.01400685	0.003697028
1850	-210.8172	-216.7282	5.911	0.0173911	0.003900754	0.01349035	0.003900754
1860	-212.226	-218.5442	6.318159	0.02539862	0.008098651	0.01729997	0.008098651
1870	-210.8612	-216.2359	5.374704	0.01537128	0.001906018	0.01346526	0.001906018
1880	-210.6836	-216.9069	6.223332	0.02158724	0.004869482	0.01671776	0.004869482
1890	-217.4285	-223.6683	6.239754	0.03627007	0.0144239	0.02184617	0.0144239
1900	-210.1227	-216.1368	6.014105	0.01997687	0.003128501	0.01684837	0.003128501
1910	-210.6794	-216.6177	5.938256	0.01769832	0.003833655	0.01386467	0.003833655
1920	-210.3228	-216.4226	6.099827	0.0215786	0.003329427	0.01824918	0.003329427
1930	-210.3814	-216.0042	5.622787	0.01670276	0.002259143	0.01444362	0.002259143
1940	-211.5955	-217.6513	6.055731	0.02524844	0.002939604	0.02230883	0.002939604
1950	-210.2211	-215.8454	5.624254	0.02088352	0.00182273	0.01906079	0.00182273
1960	-210.7673	-217.0177	6.250358	0.02278811	0.004524731	0.01826338	0.004524731
1970	-218.4887	-224.6943	6.205585	0.03814093	0.01532427	0.02281667	0.01532427
1980	-210.5856	-216.7955	6.209877	0.02148994	0.004573195	0.01691675	0.004573195
1990	-213.2132	-219.588	6.374823	0.02863984	0.006422304	0.02221754	0.006422304
2000	-218.0055	-224.2969	6.291435	0.03669462	0.01114022	0.0255544	0.01114022
2010	-211.4558	-215.0363	3.580516	0.01843794	0.0004826355	0.0179553	0.0004826355
2020	-210.1114	-215.4282	5.316801	0.0188689	0.0014396	0.0174293	0.0014396
2030	-214.4837	-220.8573	6.373579	0.03092361	0.009253109	0.02167051	0.009253109
2040	-215.1235	-221.1822	6.058658	0.03000452	0.01476502	0.0152395	0.01476502
2050	-210.124	-215.923	5.798987	0.02071726	0.002209506	0.01850775	0.002209506
2060	-214.1466	-219.8997	5.753101	0.02400111	0.01239456	0.01160656	0.01239456
2070	-218.254	-224.4413	6.187384	0.03780863	0.01602172	0.0217869	0.01602172
2080	-215.427	-221.4338	6.006825	0.03036217	0.01551803	0.01484415	0.01551803
2090	-211.2717	-217.5853	6.31358	0.02374981	0.005837424	0.01791238	0.005837424
2100	-223.2524	-229.0916	5.839209	0.04773982	0.02609162	0.0216482	0.02609162
2110	-216.6797	-221.2104	4.530727	0.01264785	0.005654171	0.006993684	0.005654171
2120	-223.209	-228.9446	5.735567	0.04799935	0.02867965	0.01931969	0.02867965
2130	-211.5381	-217.8534	6.31532	0.02515842	0.004972391	0.02018603	0.004972391
2140	-216.4042	-222.3854	5.98119	0.03274212	0.01735619	0.01538594	0.01735619
2150	-214.7911	-220.5581	5.766966	0.02624121	0.01417193	0.01206927	0.01417193
2160	-211.1626	-217.4616	6.298971	0.02329191	0.005760991	0.01753091	0.005760991
2170	-211.4737	-217.6418	6.168087	0.02146883	0.006858591	0.01461024	0.006858591
2180	-218.7009	-224.8984	6.197496	0.03850967	0.0155284	0.02298127	0.0155284
2190	-214.7502	-220.46	5.709877	0.02961327	0.002130787	0.02748249	0.002130787
2200	-210.9755	-216.7582	5.782631	0.01637378	0.003400878	0.0129729	0.003400878
2210	-210.2394	-215.6	5.360573	0.0170505	0.001622212	0.01542829	0.001622212
2220	-216.1699	-222.4349	6.264999	0.03389745	0.01350787	0.02038959	0.01350787
2230	-216.7165	-222.5664	5.849854	0.03256327	0.01844445	0.01411882	0.01844445
2240	-210.5252	-215.759	5.233814	0.02110104	0.001290207	0.01981083	0.001290207
2250	-211.1811	-217.4898	6.308729	0.02369022	0.005513717	0.0181765	0.005513717
2260	-213.6812	-219.8948	6.213608	0.027703	0.01146735	0.01623565	0.01146735
2270	-214.8807	-220.4236	5.542936	0.02416088	0.01356932	0.01059156	0.01356932
2280	-213.6362	-219.9818	6.345582	0.02934566	0.005752961	0.0235927	0.005752961
2290	-210.072	-215.9446	5.872625	0.02040318	0.002447423	0.01795575	0.002447423
2300	-215.0608	-221.4308	6.370008	0.0319602	0.009142323	0.02281787	0.009142323
2310	-210.3254	-216.3641	6.038732	0.0191165	0.003704793	0.01541171	0.003704793
2320	-213.816	-219.8924	6.076463	0.02660224	0.01219549	0.01440675	0.01219549
2330	-210.824	-216.5214	5.697397	0.01610394	0.002842167	0.01326177	0.002842167
2340	-211.4673	-217.6326	6.165304	0.02141295	0.006835564	0.01457739	0.006835564
2350	-214.9803	-220.0692	5.08886	0.01827165	0.009863975	0.008407677	0.009863975
2360	-212.0475	-218.3884	6.340888	0.02539424	0.007425227	0.01796901	0.007425227
2370	-213.3941	-219.2747	5.880653	0.02303458	0.01082529	0.01220929	0.01082529
2380	-212.4036	-218.6898	6.286199	0.02535439	0.008719205	0.01663519	0.008719205
2390	-217.7649	-222.2503	4.48539	0.02464932	0.01728375	0.007365568	0.01728375
2400	-210.8632	-217.133	6.269805	0.02286599	0.004891835	0.01797416	0.004891835
2410	-212.6722	-218.9812	6.308975	0.02759894	0.004861392	0.02273754	0.004861392
2420	-214.6363	-220.8653	6.229027	0.03056221	0.004471944	0.02609027	0.004471944
2430	-217.7134	-224.0208	6.307449	0.03597353	0.009715939	0.0262576	0.009715939
2440	-220.1629	-224.9198	4.756906	0.03476906	0.02576055	0.009008502	0.02576055
2450	-215.7965	-221.4134	5.616854	0.02791305	0.0163728	0.01154025	0.0163728
2460	-210.048	-215.6486	5.600625	0.01807168	0.001964526	0.01610715	0.001964526
2470	-224.3277	-230.3041	5.976433	0.0472055	0.01919486	0.02801064	0.01919486
2480	-211.6785	-216.9632	5.28472	0.0241449	0.001338371	0.02280653	0.001338371
2490	-217.3812	-223.4834	6.102235	0.03588649	0.01750359	0.01838289	0.01750359
2500	-215.4913	-221.7514	6.260098	0.03243942	0.01321354	0.01922587	0.01321354
2510	-211.0578	-216.9735	5.915713	0.02389999	0.00243749	0.0214625	0.00243749
2520	-217.4117	-223.5317	6.12	0.033899	0.004307366	0.02959163	0.004307366
2530	-223.3561	-228.3424	4.986378	0.04561214	0.03423104	0.0113811	0.03423104
2540	-212.3742	-218.6691	6.294898	0.02540395	0.008597906	0.01680604	0.008597906
2550	-223.4896	-225.242	1.752389	0.02835119	0.02439368	0.003957505	0.02439368
2560	-211.0875	-216.6042	5.516769	0.01523203	0.002392647	0.01283938	0.002392647
2570	-214.9124	-221.2033	6.290931	0.03134531	0.01213897	0.01920634	0.01213897
2580	-210.6525	-216.209	5.556501	0.01598515	0.002245934	0.01373921	0.002245934
2590	-213.2301	-219.465	6.234918	0.0267776	0.01055551	0.01622209	0.01055551
2600	-210.3715	-216.3659	5.994483	0.02199055	0.002757302	0.01923324	0.002757302
2610	-213.7598	-219.3446	5.584742	0.02035291	0.01001955	0.01033336	0.01001955
2620	-214.1039	-220.4469	6.343013	0.02993921	0.01029819	0.01964102	0.01029819
2630	-210.7269	-216.9418	6.214923	0.02134206	0.005042317	0.01629975	0.005042317
2640	-213.7393	-219.9189	6.179681	0.02749743	0.01175496	0.01574247	0.01175496
2650	-214.6271	-220.3993	5.77227	0.02577998	0.01376445	0.01201553	0.01376445
2660	-211.161	-217.1896	6.028618	0.01885648	0.005375712	0.01348076	0.005375712
2670	-212.192	-218.515	6.322989	0.02667219	0.005008407	0.02166378	0.005008407
2680	-215.6933	-221.8335	6.140171	0.03212602	0.01509964	0.01702638	0.01509964
2690	-211.9982	-215.1699	3.17165	0.01604352	0.0004152559	0.01562827	0.0004152559
2700	-226.9862	-232.9221	5.935921	0.04853847	0.01543333	0.03310514	0.01543333
2710	-230.079	-234.754	4.674999	0.06431264	0.05153006	0.01278258	0.05153006
2720	-216.0387	-221.9644	5.92573	0.03132984	0.01692712	0.01440272	0.01692712
2730	-213.5147	-218.8895	5.374814	0.01474187	0.005228487	0.009513383	0.005228487
2740	-211.6557	-217.8643	6.208643	0.02248154	0.007356283	0.01512526	0.007356283
2750	-211.8432	-216.757	4.913797	0.0137594	0.00141375	0.01234565	0.00141375
2760	-211.9624	-218.2966	6.334258	0.02511177	0.007357465	0.01775431	0.007357465
2770	-217.5502	-222.3299	4.779741	0.02640786	0.01818096	0.008226901	0.01818096
2780	-211.0663	-217.2778	6.211505	0.02145443	0.005934372	0.01552006	0.005934372
2790	-215.4638	-220.4376	4.973721	0.01932092	0.01117187	0.008149052	0.01117187
2800	-217.4007	-223.4473	6.046579	0.03565931	0.01826544	0.01739387	0.01826544
2810	-211.4647	-217.3795	5.914742	0.02478416	0.002441319	0.02234284	0.002441319
2820	-210.0672	-215.4816	5.414331	0.01895612	0.001565699	0.01739042	0.001565699
2830	-210.8269	-216.4802	5.653295	0.02291846	0.001838517	0.02107994	0.001838517
2840	-211.7886	-218.1317	6.343113	0.02566662	0.005511405	0.02015521	0.005511405
2850	-210.5851	-216.742	6.156828	0.02035946	0.004651539	0.01570792	0.004651539
2860	-213.5336	-219.7848	6.251271	0.02772526	0.01095239	0.01677287	0.01095239
2870	-212.8082	-218.2483	5.440069	0.01416216	0.003822282	0.01033988	0.003822282
2880	-211.4803	-217.8025	6.322179	0.0249398	0.005162861	0.01977694	0.005162861
2890	-216.453	-221.5035	5.050427	0.03070338	0.001243429	0.02945995	0.001243429
2900	-217.3594	-223.5493	6.189891	0.0361216	0.01581913	0.02030247	0.01581913
2910	-213.4262	-219.7121	6.285899	0.02782923	0.01045863	0.0173706	0.01045863
2920	-211.0201	-217.0099	5.989791	0.01822325	0.004789212	0.01343404	0.004789212
2930	-211.8534	-218.121	6.267539	0.02381378	0.007701192	0.01611258	0.007701192
2940	-213.0486	-219.3548	6.306203	0.0271482	0.009653375	0.01749483	0.009653375
2950	-222.0613	-227.7023	5.641017	0.04522741	0.02883312	0.01639429	0.02883312
2960	-219.0618	-225.0469	5.985107	0.0353992	0.003740978	0.03165822	0.003740978
2970	-211.3961	-216.92	5.5239	0.01491178	0.002629815	0.01228196	0.002629815
2980	-216.4036	-221.4476	5.044034	0.02456916	0.01576498	0.008804182	0.01576498
2990	-210.1436	-216.1208	5.977145	0.0191455	0.003143892	0.01600161	0.003143892
3000	-211.3348	-216.8538	5.518992	0.01495693	0.002566401	0.01239053	0.002566401
3010	-216.9792	-223.2921	6.312932	0.03447268	0.007541756	0.02693092	0.007541756
3020	-217.4445	-223.5213	6.076875	0.03591525	0.01793183	0.01798342	0.01793183
3030	-216.8934	-222.6118	5.718336	0.03201487	0.01902484	0.01299004	0.01902484
3040	-211.0817	-216.8259	5.744122	0.01607937	0.003326906	0.01275246	0.003326906
3050	-213.8884	-220.0629	6.174499	0.02932505	0.003842578	0.02548247	0.003842578
3060	-216.5635	-222.3623	5.798858	0.03173588	0.01824208	0.0134938	0.01824208
3070	-213.1008	-219.1747	6.073819	0.02791971	0.003147568	0.02477214	0.003147568
3080	-213.8877	-220.173	6.285227	0.02893369	0.01111737	0.01781632	0.01111737
3090	-210.6305	-216.4522	5.821703	0.02266879	0.002194733	0.02047405	0.002194733
3100	-211.2929	-216.9021	5.609171	0.01528933	0.002893779	0.01239555	0.002893779
3110	-215.1022	-221.4693	6.367101	0.03190475	0.007750022	0.02415473	0.007750022
3120	-212.7053	-218.7682	6.062925	0.02323089	0.009649346	0.01358155	0.009649346
3130	-224.7145	-229.8596	5.145151	0.05030806	0.03705023	0.01325782	0.03705023
3140	-215.7231	-222.0775	6.35445	0.03285634	0.007926336	0.02493	0.007926336
3150	-211.649	-217.9703	6.321315	0.02430951	0.006831671	0.01747784	0.006831671
3160	-214.3149	-220.3382	6.023274	0.02745011	0.01329761	0.01415251	0.01329761
3170	-211.0865	-217.3767	6.290149	0.02385119	0.004828675	0.01902251	0.004828675
3180	-219.173	-225.1375	5.964476	0.03942354	0.02128333	0.01814021	0.02128333
3190	-210.5574	-216.7292	6.171763	0.02065573	0.004593243	0.01606249	0.004593243
3200	-212.9853	-219.2421	6.256718	0.02640999	0.009985634	0.01642435	0.009985634
3210	-214.8283	-221.2015	6.373235	0.03148245	0.007806234	0.02367622	0.007806234
3220	-210.0329	-215.872	5.839078	0.0188259	0.002543123	0.01628278	0.002543123
3230	-214.2338	-219.8708	5.637027	0.02292579	0.01206718	0.01085861	0.01206718
3240	-214.1682	-220.4893	6.32113	0.02990367	0.01085836	0.01904531	0.01085836
3250	-216.1043	-222.1943	6.08998	0.03277918	0.01613193	0.01664725	0.01613193
3260	-224.8969	-229.9	5.003102	0.05016931	0.03789308	0.01227623	0.03789308
3270	-210.4887	-216.62	6.131311	0.02005504	0.004358304	0.01569674	0.004358304
3280	-219.7997	-225.3681	5.568365	0.03897693	0.02532305	0.01365388	0.02532305
3290	-213.734	-219.8463	6.112267	0.02676219	0.01196955	0.01479264	0.01196955
3300	-210.1382	-216.077	5.9388	0.01880847	0.003018525	0.01578994	0.003018525
3310	-215.9408	-221.3166	5.375819	0.03056968	0.001602835	0.02896685	0.001602835
3320	-210.4454	-216.5661	6.120688	0.02215698	0.00337748	0.0187795	0.00337748
3330	-222.3569	-228.2223	5.865372	0.04602903	0.02528017	0.02074885	0.02528017
3340	-213.5452	-219.9169	6.371678	0.02899963	0.008925023	0.02007461	0.008925023
3350	-210.062	-215.8888	5.826822	0.01850995	0.00255876	0.01595119	0.00255876
3360	-226.9871	-232.4103	5.423156	0.0567735	0.03807184	0.01870166	0.03807184
3370	-217.8557	-224.1174	6.261665	0.0352843	0.006677066	0.02860724	0.006677066
3380	-219.8813	-225.3128	5.431426	0.0350311	0.001929354	0.03310174	0.001929354
3390	-212.6409	-218.9119	6.270978	0.02572838	0.009267592	0.01646078	0.009267592
3400	-216.1386	-222.3473	6.208696	0.03258615	0.004752663	0.02783349	0.004752663
3410	-216.4568	-222.5413	6.084496	0.03361015	0.01666627	0.01694387	0.01666627
3420	-210.2411	-216.1929	5.951821	0.02142282	0.002634331	0.01878849	0.002634331
3430	-210.2014	-216.2568	6.055424	0.02091993	0.003170862	0.01774907	0.003170862
3440	-214.9458	-219.9677	5.021905	0.01546544	0.007327931	0.008137506	0.007327931
3450	-210.6383	-216.0988	5.460564	0.01587891	0.001996773	0.01388214	0.001996773
3460	-211.6434	-217.8442	6.200756	0.02550108	0.003724474	0.0217766	0.003724474
3470	-215.8986	-222.0298	6.131218	0.03256408	0.0154616	0.01710247	0.0154616
3480	-215.4338	-221.797	6.363261	0.03246266	0.008143156	0.02431951	0.008143156
3490	-210.2575	-216.0159	5.758396	0.02130537	0.002081498	0.01922388	0.002081498
3500	-225.9802	-230.3586	4.378372	0.05025345	0.04085115	0.009402301	0.04085115
3510	-213.9959	-220.1987	6.202852	0.02840069	0.01206157	0.01633912	0.01206157
3520	-213.192	-219.483	6.290982	0.02731752	0.01004546	0.01727206	0.01004546
3530	-211.0717	-217.3646	6.292943	0.0231536	0.005513921	0.01763968	0.005513921
3540	-218.1143	-223.6642	5.549899	0.0341859	0.02179312	0.01239278	0.02179312
3550	-211.8831	-218.0164	6.133341	0.02591546	0.003322903	0.02259256	0.003322903
3560	-213.4295	-219.6438	6.21429	0.02706052	0.0110263	0.01603422	0.0110263
3570	-221.4051	-227.0117	5.606574	0.04343283	0.02810148	0.01533135	0.02810148
3580	-214.0273	-219.9477	5.920445	0.02551314	0.01260374	0.0129094	0.01260374
3590	-216.0334	-222.213	6.179598	0.03320008	0.01503796	0.01816212	0.01503796
3600	-217.9121	-223.2325	5.320443	0.03188478	0.02111912	0.01076567	0.02111912
3610	-215.2877	-221.5873	6.29957	0.032207	0.01221224	0.01999476	0.01221224
3620	-218.8382	-224.8381	5.999898	0.03878173	0.02042784	0.01835389	0.02042784
3630	-217.5081	-223.758	6.249894	0.036387	0.01404685	0.02234015	0.01404685
3640	-214.682	-220.5614	5.879472	0.0270548	0.01410523	0.01294957	0.01410523
3650	-218.2433	-224.3671	6.123749	0.0378002	0.01770956	0.02009064	0.01770956
3660	-211.5382	-217.8535	6.315307	0.02401678	0.006636527	0.01738025	0.006636527
3670	-210.2221	-216.2083	5.986244	0.0213075	0.002778819	0.01852868	0.002778819
3680	-212.7593	-218.9637	6.204343	0.02519037	0.009790714	0.01539966	0.009790714
3690	-211.5804	-217.9107	6.330274	0.02517556	0.005294262	0.01988129	0.005294262
3700	-212.9888	-219.264	6.275195	0.02663776	0.009857149	0.01678061	0.009857149
3710	-210.0929	-216.0664	5.973544	0.02030338	0.002849001	0.01745438	0.002849001
3720	-212.2466	-218.5766	6.329952	0.0256215	0.007992743	0.01762876	0.007992743
3730	-210.8482	-216.7487	5.900531	0.01729021	0.003888897	0.01340131	0.003888897
3740	-210.9711	-216.6824	5.71138	0.01600088	0.00304298	0.0129579	0.00304298
3750	-213.0146	-219.1812	6.166596	0.02795297	0.003639838	0.02431313	0.003639838
3760	-215.5734	-221.7649	6.191501	0.03219947	0.01437353	0.01782594	0.01437353
3770	-210.9992	-217.1066	6.107486	0.02395994	0.003175704	0.02078423	0.003175704
3780	-215.0646	-221.3599	6.295261	0.03170618	0.01216761	0.01953857	0.01216761
3790	-212.1022	-218.0575	5.955388	0.01987991	0.007436462	0.01244345	0.007436462
3800	-211.6144	-217.828	6.213566	0.0224655	0.007260056	0.01520544	0.007260056
3810	-212.1173	-218.3684	6.251037	0.0241823	0.008326498	0.0158558	0.008326498
3820	-212.6351	-218.9411	6.30597	0.02752764	0.004814711	0.02271293	0.004814711
3830	-213.9847	-219.7146	5.729894	0.02861155	0.00212092	0.02649063	0.00212092
3840	-210.5196	-216.3321	5.812431	0.0170427	0.003016447	0.01402626	0.003016447
3850	-214.281	-220.6639	6.382896	0.03057898	0.008128299	0.02245068	0.008128299
3860	-211.4735	-217.691	6.217513	0.02513566	0.003848216	0.02128745	0.003848216
3870	-213.6246	-220.0098	6.385157	0.02939115	0.007275756	0.0221154	0.007275756
3880	-214.0914	-220.4545	6.363152	0.03007048	0.009663945	0.02040654	0.009663945
3890	-212.3692	-218.1181	5.748943	0.01741545	0.006276285	0.01113916	0.006276285
3900	-210.6152	-216.8033	6.188054	0.02089506	0.00475423	0.01614083	0.00475423
3910	-220.0423	-226.2699	6.227555	0.03936986	0.01138495	0.02798492	0.01138495
3920	-213.8025	-220.077	6.274488	0.02862496	0.01113159	0.01749337	0.01113159
3930	-217.2753	-223.3463	6.071007	0.03549218	0.0178246	0.01766758	0.0178246
3940	-215.9481	-222.3018	6.353728	0.03339985	0.009299206	0.02410064	0.009299206
3950	-213.6568	-219.6454	5.988637	0.02516046	0.01182432	0.01333615	0.01182432
3960	-213.892	-220.277	6.384989	0.02985098	0.008241432	0.02160955	0.008241432
3970	-215.6736	-222.0089	6.335313	0.03307272	0.01110746	0.02196525	0.01110746
3980	-215.9463	-221.8225	5.876246	0.03144504	0.002709544	0.0287355	0.002709544
3990	-214.8122	-220.2581	5.445925	0.02279503	0.01278606	0.01000897	0.01278606
4000	-214.8998	-221.1251	6.225333	0.03084276	0.01315018	0.01769258	0.01315018
4010	-210.5202	-215.8617	5.341437	0.01609399	0.001704692	0.0143893	0.001704692
4020	-210.3547	-216.3452	5.990437	0.02192326	0.00274573	0.01917753	0.00274573
4030	-212.2153	-218.0848	5.869498	0.0188889	0.007060942	0.01182796	0.007060942
4040	-212.417	-218.7906	6.373536	0.0267522	0.007161675	0.01959053	0.007161675
4050	-211.7883	-217.5084	5.720064	0.01590089	0.004273512	0.01162738	0.004273512
4060	-212.3216	-218.6885	6.366904	0.02641708	0.00729931	0.01911777	0.00729931
4070	-214.7696	-221.1399	6.370276	0.03135058	0.00743984	0.02391074	0.00743984
4080	-211.0007	-217.1554	6.154767	0.02397554	0.0034412	0.02053434	0.0034412
4090	-212.0888	-218.3644	6.27561	0.02446658	0.008161337	0.01630524	0.008161337
4100	-223.0054	-228.4181	5.412706	0.04678317	0.03225484	0.01452833	0.03225484
4110	-215.3949	-221.7451	6.350243	0.03224171	0.007135012	0.0251067	0.007135012
4120	-210.1502	-215.3986	5.248396	0.01805766	0.001395149	0.01666251	0.001395149
4130	-210.2179	-216.0128	5.7949	0.02118961	0.002173858	0.01901575	0.002173858
4140	-215.2108	-221.1428	5.931935	0.02909408	0.0152663	0.01382778	0.0152663
4150	-216.7145	-223.0411	6.326586	0.03476181	0.01074281	0.024019	0.01074281
4160	-213.76	-219.6354	5.875412	0.02416245	0.01180549	0.01235696	0.01180549
4170	-213.5539	-219.7404	6.186511	0.02708216	0.01138757	0.01569459	0.01138757
4180	-212.9817	-219.1405	6.158783	0.02522615	0.0103427	0.01488344	0.0103427
4190	-218.2764	-223.6009	5.324508	0.03300153	0.02203716	0.01096437	0.02203716
4200	-210.2487	-216.0209	5.77221	0.01747792	0.002599544	0.01487838	0.002599544
4210	-216.2918	-222.488	6.196275	0.03387842	0.01502252	0.0188559	0.01502252
4220	-214.5752	-220.7349	6.159769	0.03028585	0.003879803	0.02640605	0.003879803
4230	-213.1771	-219.5378	6.360642	0.02808261	0.008882016	0.01920059	0.008882016
4240	-211.6769	-217.8586	6.181744	0.02212476	0.007382159	0.0147426	0.007382159
4250	-210.3103	-215.7119	5.401608	0.02070775	0.001487923	0.01921983	0.001487923
4260	-216.2773	-220.857	4.579641	0.01495843	0.007928047	0.00703038	0.007928047
4270	-211.6743	-217.8452	6.170835	0.02554149	0.003527363	0.02201412	0.003527363
4280	-228.0353	-233.7429	5.707543	0.05490718	0.0272023	0.02770488	0.0272023
4290	-210.8507	-216.6448	5.794168	0.01653795	0.003306899	0.01323105	0.003306899
4300	-217.327	-223.4584	6.131303	0.03383541	0.004381836	0.02945358	0.004381836
4310	-210.1914	-216.2095	6.018117	0.02104995	0.002951171	0.01809877	0.002951171
4320	-218.1418	-224.2612	6.119372	0.03758668	0.01775629	0.0198304	0.01775629
4330	-227.6886	-233.0287	5.340066	0.05857553	0.04040099	0.01817454	0.04040099
4340	-210.4839	-216.4109	5.927016	0.01781014	0.003481243	0.01432889	0.003481243
4350	-211.4637	-217.7859	6.322211	0.02408246	0.00631534	0.01776712	0.00631534
4360	-214.3867	-220.4201	6.033413	0.02775487	0.01343227	0.0143226	0.01343227
4370	-212.7849	-218.8709	6.085977	0.02743506	0.003168527	0.02426653	0.003168527
4380	-219.0994	-223.9072	4.807826	0.03180669	0.02295894	0.008847749	0.02295894
4390	-213.2821	-219.4012	6.119109	0.0255843	0.01102499	0.01455931	0.01102499
4400	-212.3207	-218.097	5.776362	0.01771413	0.006430999	0.01128313	0.006430999
4410	-212.4875	-218.8637	6.37623	0.02711595	0.006563371	0.02055258	0.006563371
4420	-210.3609	-216.4794	6.118502	0.02171165	0.003431992	0.01827966	0.003431992
4430	-223.6515	-229.4384	5.786942	0.04871089	0.02761965	0.02109124	0.02761965
4440	-210.7342	-216.9205	6.186338	0.02313615	0.0037253	0.01941085	0.0037253
4450	-230.2678	-235.6518	5.384001	0.06311971	0.04002732	0.02309238	0.04002732
4460	-211.6398	-217.9753	6.335528	0.02461339	0.006539086	0.0180743	0.006539086
4470	-210.6264	-216.8523	6.225873	0.02195594	0.004536433	0.0174195	0.004536433
4480	-212.8124	-218.8789	6.066482	0.02744599	0.003081342	0.02436465	0.003081342
4490	-215.0381	-219.7293	4.691246	0.01114946	0.002039966	0.009109498	0.002039966
4500	-221.3957	-227.2003	5.804526	0.03739771	0.003218284	0.03417943	0.003218284
4510	-211.3058	-216.5428	5.237022	0.02326888	0.001284774	0.0219841	0.001284774
4520	-218.1381	-224.4241	6.285938	0.03609512	0.008186657	0.02790846	0.008186657
4530	-211.961	-218.0501	6.089109	0.02147166	0.007824187	0.01364747	0.007824187
4540	-210.7642	-216.9052	6.141005	0.0200785	0.005041064	0.01503743	0.005041064
4550	-216.6845	-223.0163	6.331779	0.03426068	0.008248097	0.02601259	0.008248097
4560	-216.2931	-222.4695	6.176402	0.03377853	0.01534489	0.01843364	0.01534489
4570	-213.9035	-219.2422	5.338654	0.01625498	0.00707406	0.009180917	0.00707406
4580	-220.8646	-226.951	6.0864	0.0423827	0.0185048	0.02387789	0.0185048
4590	-218.1937	-224.1785	5.98476	0.0343947	0.003546849	0.03084785	0.003546849
4600	-211.2442	-217.3132	6.068981	0.01954429	0.005839281	0.01370501	0.005839281
4610	-214.1139	-219.5952	5.481264	0.02838451	0.001668475	0.02671604	0.001668475
4620	-211.5996	-217.8437	6.244179	0.02290707	0.007200337	0.01570674	0.007200337
4630	-213.8165	-220.1804	6.363908	0.0294979	0.009443181	0.02005472	0.009443181
4640	-213.3428	-219.2392	5.896436	0.02306637	0.01075099	0.01231539	0.01075099
4650	-210.134	-215.9529	5.818982	0.01808062	0.002628513	0.01545211	0.002628513
4660	-212.8127	-217.8643	5.051675	0.01284588	0.001967553	0.01087833	0.001967553
4670	-214.7139	-220.8377	6.123805	0.02950935	0.01373652	0.01577283	0.01373652
4680	-218.6834	-224.9485	6.265034	0.0377873	0.01189244	0.02589486	0.01189244
4690	-210.1481	-215.3949	5.246852	0.01811714	0.001390222	0.01672692	0.001390222
4700	-214.8545	-220.7881	5.933634	0.02809628	0.01450983	0.01358645	0.01450983
4710	-211.1744	-216.9784	5.804077	0.01643885	0.00380532	0.01263353	0.00380532
4720	-214.5584	-220.7171	6.158769	0.02942555	0.0132693	0.01615625	0.0132693
4730	-213.0252	-218.9639	5.938655	0.0225804	0.01005249	0.01252791	0.01005249
4740	-214.0961	-220.1311	6.035031	0.02695171	0.01282613	0.01412557	0.01282613
4750	-210.6392	-216.4826	5.843475	0.0170449	0.003291052	0.01375385	0.003291052
4760	-217.6906	-223.9808	6.290116	0.03535824	0.007539029	0.02781921	0.007539029
4770	-212.5269	-217.9056	5.378691	0.02583925	0.001466113	0.02437314	0.001466113
4780	-214.1462	-220.1896	6.043344	0.02718061	0.01292304	0.01425757	0.01292304
4790	-211.3417	-217.6445	6.302772	0.02465651	0.004838136	0.01981837	0.004838136
4800	-214.4293	-219.8929	5.463667	0.02147497	0.0115413	0.009933672	0.0115413
4810	-211.541	-217.6849	6.143935	0.02523762	0.003364079	0.02187354	0.003364079
4820	-223.1948	-228.224	5.029182	0.04537809	0.03381111	0.01156698	0.03381111
4830	-213.6552	-219.9427	6.28749	0.02923322	0.004825011	0.02440821	0.004825011
4840	-210.4329	-216.5948	6.161941	0.02182377	0.003754408	0.01806936	0.003754408
4850	-211.143	-217.2049	6.061937	0.01929227	0.005546115	0.01374616	0.005546115
4860	-213.3759	-219.3907	6.014783	0.02462519	0.0111932	0.01343199	0.0111932
4870	-219.9105	-225.3728	5.462213	0.03861995	0.02580878	0.01281117	0.02580878
4880	-210.4855	-216.6698	6.184284	0.02115956	0.004317912	0.01684165	0.004317912
4890	-213.7875	-219.2318	5.444296	0.01804841	0.00844714	0.009601267	0.00844714
4900	-211.8389	-217.5797	5.740755	0.01616053	0.00457242	0.0115881	0.00457242
4910	-212.0329	-218.3724	6.339523	0.0262994	0.00532306	0.02097634	0.00532306
4920	-212.5834	-218.8198	6.236469	0.02734324	0.004082879	0.02326036	0.004082879
4930	-210.0325	-215.5778	5.54531	0.01829903	0.001826959	0.01647207	0.001826959
4940	-214.4231	-220.3459	5.922819	0.02672902	0.01354463	0.01318439	0.01354463
4950	-210.8707	-217.021	6.150343	0.02027613	0.005326176	0.01494996	0.005326176
4960	-227.2936	-232.9649	5.671315	0.05508159	0.03010759	0.02497399	0.03010759
4970	-213.3245	-219.3489	6.024472	0.02817454	0.002956823	0.02521771	0.002956823
4980	-212.3719	-218.4597	6.087807	0.02674224	0.003134956	0.02360728	0.003134956
4990	-213.1307	-219.5168	6.386123	0.02839203	0.007413866	0.02097816	0.007413866
5000	-217.0885	-223.2849	6.196368	0.03558568	0.01555178	0.0200339	0.01555178
5010	-210.7713	-216.9807	6.209404	0.0212178	0.005176169	0.01604163	0.005176169
5020	-215.9175	-221.5601	5.642635	0.02851933	0.01672936	0.01178997	0.01672936
5030	-217.6741	-221.7135	4.039415	0.01858752	0.01242981	0.006157714	0.01242981
5040	-213.07	-219.2279	6.157829	0.02545583	0.0105288	0.01492703	0.0105288
5050	-211.2689	-217.5259	6.256951	0.02251488	0.00638671	0.01612817	0.00638671
5060	-211.6075	-217.9472	6.33974	0.0247157	0.006286309	0.01842939	0.006286309
5070	-217.8707	-223.792	5.921285	0.0360894	0.02009672	0.01599267	0.02009672
5080	-210.1373	-216.1645	6.027177	0.0203066	0.003128407	0.01717819	0.003128407
5090	-223.1178	-229.1201	6.002302	0.04589521	0.01982179	0.02607342	0.01982179
5100	-214.8041	-220.974	6.169883	0.03015045	0.0135716	0.01657885	0.0135716
5110	-210.2646	-215.5619	5.297275	0.02014567	0.001374782	0.01877089	0.001374782
5120	-213.2501	-219.6359	6.38577	0.02859206	0.007758772	0.02083329	0.007758772
5130	-210.0212	-215.8754	5.85412	0.01983444	0.002446419	0.01738802	0.002446419
5140	-220.1304	-226.2002	6.069857	0.04137352	0.019429	0.02194452	0.019429
5150	-214.4188	-220.6479	6.229062	0.02970743	0.01247892	0.01722852	0.01247892
5160	-220.259	-226.12	5.861038	0.04159396	0.02388905	0.0177049	0.02388905
5170	-214.5357	-220.2742	5.738445	0.02512522	0.01341668	0.01170854	0.01341668
5180	-212.6442	-218.9834	6.339188	0.02662776	0.008558269	0.01806949	0.008558269
5190	-220.8589	-227.0007	6.141879	0.04173845	0.01592578	0.02581267	0.01592578
5200	-216.2159	-222.2862	6.07031	0.03291731	0.01645921	0.0164581	0.01645921
5210	-212.8121	-219.1287	6.31656	0.02786191	0.004994803	0.0228671	0.004994803
5220	-237.5316	-242.6801	5.148503	0.07241813	0.0402662	0.03215193	0.0402662
5230	-210.9937	-216.8192	5.825507	0.02361672	0.002195962	0.02142076	0.002195962
5240	-211.0545	-217.3499	6.295446	0.02345247	0.005190812	0.01826166	0.005190812
5250	-219.3822	-225.2116	5.829421	0.03531194	0.002998101	0.03231384	0.002998101
5260	-214.7682	-221.0883	6.320139	0.03121492	0.01137832	0.0198366	0.01137832
5270	-211.031	-217.1291	6.098159	0.01966361	0.005481103	0.01418251	0.005481103
5280	-210.8757	-217.0589	6.1832	0.0207987	0.005425874	0.01537283	0.005425874
5290	-211.0531	-217.1762	6.123102	0.02005355	0.005655733	0.01439781	0.005655733
5300	-229.9338	-234.3944	4.460586	0.06304195	0.05174885	0.0112931	0.05174885
5310	-213.1102	-216.8276	3.717428	0.01286391	0.0006456922	0.01221822	0.0006456922
5320	-212.7681	-218.8838	6.11577	0.024097	0.009886061	0.01421094	0.009886061
5330	-213.1845	-219.0986	5.914091	0.02277559	0.01038686	0.01238873	0.01038686
5340	-216.1209	-222.2835	6.162675	0.03330186	0.01536318	0.01793868	0.01536318
5350	-219.7228	-225.1016	5.378739	0.03477881	0.001822075	0.03295674	0.001822075
5360	-214.3698	-220.7274	6.357574	0.03060543	0.006467802	0.02413763	0.006467802
5370	-210.6004	-216.8066	6.206176	0.02132732	0.004661559	0.01666576	0.004661559
5380	-215.5376	-220.5158	4.978112	0.01985141	0.01165358	0.008197829	0.01165358
5390	-213.1688	-219.5551	6.386273	0.02848818	0.007309367	0.02117881	0.007309367
5400	-210.763	-216.9114	6.148383	0.02329465	0.003438931	0.01985572	0.003438931
5410	-210.0764	-216.0391	5.962676	0.02010499	0.002831318	0.01727367	0.002831318
5420	-213.5519	-219.1011	5.549179	0.02769897	0.001748417	0.02595055	0.001748417
5430	-217.4582	-223.6805	6.222308	0.03633778	0.01497534	0.02136244	0.01497534
5440	-212.1701	-218.0405	5.870388	0.01876282	0.006920014	0.0118428	0.006920014
5450	-210.5596	-215.9252	5.365602	0.02155823	0.001429786	0.02012845	0.001429786
5460	-212.3468	-218.7151	6.368296	0.02649403	0.007294478	0.01919955	0.007294478
5470	-210.8216	-217.0484	6.22682	0.02330857	0.004071002	0.01923757	0.004071002
5480	-211.1004	-216.8005	5.700117	0.01583608	0.00312477	0.01271131	0.00312477
5490	-210.5635	-216.6252	6.061723	0.01903429	0.004267599	0.01476669	0.004267599
5500	-211.9873	-218.1419	6.154574	0.02248797	0.008086542	0.01440143	0.008086542
5510	-210.9033	-216.7696	5.86624	0.01699037	0.003772094	0.01321828	0.003772094
5520	-210.7357	-216.8666	6.130893	0.02322212	0.00333624	0.01988588	0.00333624
5530	-211.5833	-217.7924	6.209184	0.02537682	0.003784337	0.02159249	0.003784337
5540	-212.4796	-218.2982	5.818696	0.01894976	0.007469076	0.01148069	0.007469076
5550	-211.9673	-217.648	5.680666	0.02537112	0.001908878	0.02346225	0.001908878
5560	-211.0149	-217.2889	6.273949	0.02373888	0.004578287	0.01916059	0.004578287
5570	-212.8976	-219.2803	6.382735	0.02784584	0.007522148	0.0203237	0.007522148
5580	-215.134	-221.441	6.306923	0.03191952	0.01193978	0.01997974	0.01193978
5590	-215.222	-221.5184	6.296353	0.03205132	0.01225025	0.01980106	0.01225025
5600	-211.899	-218.2429	6.343914	0.02518449	0.007028712	0.01815578	0.007028712
5610	-212.1083	-218.3502	6.241929	0.02403171	0.008335431	0.01569628	0.008335431
5620	-224.6775	-230.3268	5.6493	0.05121197	0.03147008	0.0197419	0.03147008
5630	-212.0531	-218.3036	6.250525	0.02402175	0.008192004	0.01582974	0.008192004
5640	-212.5615	-218.9145	6.353097	0.02664701	0.008157299	0.01848971	0.008157299
5650	-218.8115	-222.9184	4.106925	0.02561744	0.01894566	0.00667178	0.01894566
5660	-217.2877	-223.5641	6.276316	0.03593851	0.01307548	0.02286303	0.01307548
5670	-210.1214	-216.0392	5.917822	0.02075264	0.002568303	0.01818434	0.002568303
5680	-212.2106	-218.5129	6.302337	0.02513192	0.008222801	0.01690912	0.008222801
5690	-219.6414	-225.2389	5.597528	0.03872722	0.02491348	0.01381374	0.02491348
5700	-211.623	-217.8379	6.214937	0.02250511	0.007280251	0.01522486	0.007280251
5710	-218.9112	-225.1447	6.233418	0.0385021	0.01366594	0.02483616	0.01366594
5720	-211.3657	-217.6736	6.307896	0.0236363	0.006271396	0.01736491	0.006271396
5730	-219.891	-226.0998	6.208872	0.03981326	0.01355694	0.02625632	0.01355694
5740	-211.1638	-217.4106	6.246756	0.02218651	0.0061515	0.016035	0.0061515
5750	-213.3227	-219.7026	6.379849	0.02863446	0.008329662	0.0203048	0.008329662
5760	-216.1224	-222.4654	6.343016	0.03378704	0.0102909	0.02349613	0.0102909
5770	-212.0923	-218.4097	6.31739	0.0250968	0.007845605	0.0172512	0.007845605
5780	-211.9669	-218.2318	6.264867	0.02620883	0.004272579	0.02193625	0.004272579
5790	-211.3341	-216.5281	5.19401	0.02324814	0.001243103	0.02200504	0.001243103
5800	-210.1568	-216.1744	6.017585	0.01957424	0.003271979	0.01630227	0.003271979
5810	-214.0606	-219.948	5.887402	0.025249	0.01261655	0.01263245	0.01261655
5820	-214.9066	-221.2471	6.340476	0.0316127	0.01085369	0.02075901	0.01085369
5830	-216.3348	-222.3982	6.063359	0.03316523	0.01668904	0.01647619	0.01668904
5840	-212.7857	-219.1563	6.370617	0.02738802	0.008030857	0.01935716	0.008030857
5850	-214.8031	-221.1068	6.303741	0.03106185	0.005487843	0.025574	0.005487843
5860	-213.4162	-219.4841	6.067952	0.0253691	0.01133616	0.01403295	0.01133616
5870	-210.8306	-216.892	6.061407	0.02349022	0.002967827	0.02052239	0.002967827
5880	-215.1846	-221.4399	6.255263	0.03143757	0.00494461	0.02649297	0.00494461
5890	-212.024	-218.3355	6.311525	0.02632632	0.004829415	0.02149691	0.004829415
5900	-218.0129	-221.8767	3.863842	0.01557205	0.00979849	0.005773564	0.00979849
5910	-225.3609	-231.2794	5.918538	0.04894758	0.02051233	0.02843526	0.02051233
5920	-213.1054	-218.8782	5.772713	0.02053989	0.009260247	0.01127964	0.009260247
5930	-210.7553	-216.5947	5.83937	0.02303974	0.002233807	0.02080593	0.002233807
5940	-214.2998	-219.5223	5.222506	0.01600998	0.00724481	0.008765175	0.00724481
5950	-210.3238	-216.4519	6.128111	0.0213059	0.003592904	0.017713	0.003592904
5960	-230.6405	-236.4242	5.783637	0.05249356	0.01631086	0.03618271	0.01631086
5970	-222.2444	-228.0943	5.849888	0.04585544	0.02562971	0.02022572	0.02562971
5980	-211.9245	-218.2508	6.326358	0.02608575	0.005074837	0.02101091	0.005074837
5990	-214.5215	-220.7845	6.26299	0.03024342	0.01220664	0.01803678	0.01220664
6000	-214.4663	-220.7705	6.304142	0.0304407	0.01148094	0.01895976	0.01148094
6010	-215.3625	-221.5654	6.202921	0.03177899	0.01398363	0.01779536	0.01398363
6020	-212.3728	-218.7441	6.371295	0.02690883	0.006287489	0.02062134	0.006287489
6030	-212.7296	-219.0056	6.276022	0.02601018	0.009395528	0.01661465	0.009395528
6040	-215.3585	-221.7058	6.347267	0.03250521	0.01060774	0.02189747	0.01060774
6050	-214.4403	-220.185	5.744671	0.02488153	0.01317939	0.01170215	0.01317939
6060	-211.7991	-218.0842	6.285074	0.02396785	0.007497054	0.0164708	0.007497054
6070	-215.5614	-220.7632	5.201802	0.02292592	0.01378917	0.009136745	0.01378917
6080	-210.4204	-216.3061	5.885729	0.01762697	0.003210579	0.0144164	0.003210579
6090	-212.2519	-218.5018	6.249921	0.02449285	0.008611203	0.01588165	0.008611203
6100	-211.9274	-218.2837	6.356358	0.02590494	0.005916262	0.01998868	0.005916262
6110	-211.0002	-217.1665	6.16637	0.02064579	0.005689895	0.0149559	0.005689895
6120	-220.2834	-226.4734	6.190032	0.04046138	0.01405133	0.02641005	0.01405133
6130	-212.0641	-217.5929	5.528796	0.02529208	0.00165608	0.023636	0.00165608
6140	-210.8234	-216.7504	5.927079	0.01753045	0.004006317	0.01352413	0.004006317
6150	-221.5405	-227.6618	6.121241	0.03915365	0.006459033	0.03269462	0.006459033
6160	-211.1262	-216.5568	5.430555	0.02323263	0.001502224	0.02173041	0.001502224
6170	-218.9851	-224.6459	5.660781	0.03735592	0.0234162	0.01393972	0.0234162
6180	-216.9344	-222.2379	5.30344	0.02873291	0.0185124	0.01022051	0.0185124
6190	-210.9443	-216.8993	5.95507	0.01779944	0.00440162	0.01339782	0.00440162
6200	-214.8259	-221.0212	6.195382	0.03073547	0.004216034	0.02651943	0.004216034
6210	-213.1781	-219.4154	6.237231	0.02667126	0.01044962	0.01622164	0.01044962
6220	-210.5024	-215.8109	5.30848	0.01614516	0.001640622	0.01450454	0.001640622
6230	-212.3523	-218.7164	6.364028	0.02692507	0.005949175	0.02097589	0.005949175
6240	-213.8107	-220.1621	6.351388	0.02965484	0.005965648	0.02368919	0.005965648
6250	-216.8241	-222.642	5.817871	0.0323875	0.002616391	0.02977111	0.002616391
6260	-221.7846	-226.1537	4.369078	0.03735751	0.02921987	0.008137637	0.02921987
6270	-210.6535	-216.8249	6.171408	0.02287962	0.003640016	0.0192396	0.003640016
6280	-215.508	-220.3544	4.846436	0.01605175	0.008385153	0.007666602	0.008385153
6290	-223.7824	-229.6102	5.827786	0.04868091	0.02636694	0.02231396	0.02636694
6300	-212.6448	-218.1813	5.53651	0.01493482	0.00445464	0.01048018	0.00445464
6310	-214.6471	-220.7664	6.119324	0.0292932	0.01364642	0.01564678	0.01364642
6320	-210.4832	-216.5869	6.103745	0.01965162	0.004267405	0.01538422	0.004267405
6330	-214.8099	-221.1763	6.366393	0.03151813	0.009670384	0.02184775	0.009670384
6340	-212.9624	-219.1459	6.183538	0.02547389	0.01025574	0.01521815	0.01025574
6350	-221.0468	-227.2347	6.187971	0.03948058	0.008482754	0.03099783	0.008482754
6360	-215.6115	-221.9728	6.3613	0.03285104	0.009061324	0.02378971	0.009061324
6370	-210.18	-215.5611	5.381119	0.0173364	0.001627648	0.01570875	0.001627648
6380	-215.7683	-222.0395	6.271195	0.03233848	0.005423063	0.02691541	0.005423063
6390	-215.9559	-221.1435	5.187596	0.03030655	0.001367035	0.02893952	0.001367035
6400	-217.1103	-223.1872	6.076905	0.03513505	0.01756308	0.01757197	0.01756308
6410	-210.4863	-216.6773	6.190978	0.02167278	0.004122374	0.01755041	0.004122374
6420	-214.6693	-220.2124	5.543087	0.02923017	0.001796794	0.02743338	0.001796794
6430	-227.0546	-232.9712	5.916659	0.04427999	0.006517144	0.03776285	0.006517144
6440	-211.8033	-218.0961	6.292791	0.02409944	0.007457529	0.01664191	0.007457529
6450	-213.2094	-219.5944	6.385014	0.02859957	0.007057816	0.02154175	0.007057816
6460	-211.915	-217.7957	5.880687	0.01820096	0.006201768	0.01199919	0.006201768
6470	-211.8726	-218.2264	6.353785	0.02539954	0.006632452	0.01876709	0.006632452
6480	-211.1002	-217.316	6.215757	0.02156869	0.006020321	0.01554837	0.006020321
6490	-225.4067	-230.7282	5.321497	0.05284831	0.03732109	0.01552723	0.03732109
6500	-224.9132	-230.5912	5.677986	0.04057881	0.003238561	0.03734025	0.003238561
6510	-210.9418	-216.9517	6.009867	0.02373694	0.002751813	0.02098513	0.002751813
6520	-211.6582	-216.1496	4.491384	0.02252648	0.0007744022	0.02175208	0.0007744022
6530	-210.3826	-216.2718	5.889274	0.02196685	0.00239708	0.01956977	0.00239708
6540	-211.8595	-217.9526	6.093031	0.02126073	0.007574594	0.01368614	0.007574594
6550	-220.7959	-226.5928	5.796887	0.04265767	0.02535469	0.01730298	0.02535469
6560	-216.8517	-221.9425	5.090773	0.02662862	0.01745407	0.009174549	0.01745407
6570	-213.7727	-219.8292	6.056538	0.02890447	0.003152271	0.0257522	0.003152271
6580	-214.488	-220.4422	5.954188	0.02971085	0.002816226	0.02689462	0.002816226
6590	-212.3437	-218.7157	6.372056	0.02659506	0.007057649	0.01953741	0.007057649
6600	-212.1919	-218.2142	6.022328	0.02114618	0.008130508	0.01301567	0.008130508
6610	-212.9577	-219.2582	6.300515	0.02686374	0.009571462	0.01729228	0.009571462
6620	-210.283	-216.3336	6.050561	0.02153166	0.003052206	0.01847946	0.003052206
6630	-211.4564	-217.5782	6.121826	0.0207313	0.006655535	0.01407577	0.006655535
6640	-214.796	-220.8922	6.096189	0.02947314	0.01401823	0.01545491	0.01401823
6650	-211.9755	-217.7272	5.751675	0.01648322	0.005030161	0.01145306	0.005030161
6660	-210.766	-216.8863	6.120257	0.01977488	0.004966466	0.01480842	0.004966466
6670	-219.4111	-224.2551	4.84397	0.03303254	0.02393635	0.009096187	0.02393635
6680	-213.7592	-219.044	5.284785	0.01392285	0.004603927	0.009318921	0.004603927
6690	-213.7758	-220.0532	6.277313	0.02939947	0.004737607	0.02466187	0.004737607
6700	-213.6959	-219.3114	5.615579	0.02801387	0.001870767	0.0261431	0.001870767
6710	-216.6069	-222.909	6.302036	0.03474102	0.0122855	0.02245552	0.0122855
6720	-211.755	-218.0064	6.251363	0.02335059	0.00753792	0.01581267	0.00753792
6730	-222.9582	-228.5222	5.563969	0.04722168	0.03096234	0.01625934	0.03096234
6740	-212.9572	-219.3125	6.355273	0.02816227	0.005741071	0.0224212	0.005741071
6750	-224.0898	-230.1585	6.068727	0.04462778	0.01331425	0.03131352	0.01331425
6760	-211.5835	-217.8852	6.301687	0.02532822	0.004725985	0.02060224	0.004725985
6770	-214.2535	-219.905	5.651406	0.02317166	0.01221098	0.01096068	0.01221098
6780	-211.1625	-217.0774	5.91484	0.0174593	0.00455758	0.01290172	0.00455758
6790	-219.0541	-225.3188	6.26463	0.03754829	0.009341331	0.02820696	0.009341331
6800	-212.5997	-218.9303	6.330645	0.02641118	0.008615257	0.01779592	0.008615257
6810	-229.5883	-235.4614	5.873076	0.04906273	0.01149155	0.03757117	0.01149155
6820	-211.118	-217.4109	6.292906	0.02311766	0.005707142	0.01741052	0.005707142
6830	-223.6755	-229.7676	6.092109	0.04381235	0.01239443	0.03141791	0.01239443
6840	-212.0347	-218.2166	6.181843	0.02299882	0.008231623	0.0147672	0.008231623
6850	-210.3714	-216.482	6.110599	0.02181663	0.003361066	0.01845556	0.003361066
6860	-224.7373	-230.7419	6.004571	0.04665413	0.01655603	0.0300981	0.01655603
6870	-217.595	-223.3353	5.740249	0.03413189	0.02045052	0.01368137	0.02045052
6880	-223.255	-229.0548	5.79986	0.0393128	0.003557312	0.03575549	0.003557312
6890	-212.9379	-218.7489	5.810933	0.02048909	0.008996127	0.01149297	0.008996127
6900	-219.1388	-223.8663	4.727408	0.03136835	0.02280575	0.008562601	0.02280575
6910	-231.8642	-236.8979	5.03371	0.06955012	0.05128472	0.0182654	0.05128472
6920	-211.3066	-217.2887	5.982089	0.01842802	0.005397977	0.01303004	0.005397977
6930	-210.0026	-215.744	5.741313	0.01874212	0.00223601	0.01650611	0.00223601
6940	-211.8435	-217.9385	6.095037	0.02578901	0.003127391	0.02266162	0.003127391
6950	-219.2546	-224.9347	5.680102	0.03819755	0.02385477	0.01434277	0.02385477
6960	-211.17	-217.0159	5.845906	0.0240529	0.002247479	0.02180542	0.002247479
6970	-219.8312	-225.904	6.072824	0.04084643	0.01936324	0.02148319	0.01936324
6980	-210.9288	-216.5667	5.637974	0.01576122	0.002699176	0.01306204	0.002699176
6990	-212.2189	-218.2504	6.031455	0.02638529	0.002878996	0.02350629	0.002878996
7000	-212.5129	-218.8566	6.343729	0.02640335	0.008259377	0.01814397	0.008259377
7010	-214.6899	-220.7173	6.02746	0.02853981	0.01405197	0.01448783	0.01405197
7020	-214.0518	-219.4925	5.440679	0.019402	0.009741537	0.009660464	0.009741537
7030	-214.185	-220.565	6.380047	0.03039138	0.007391724	0.02299965	0.007391724
7040	-211.65	-217.2014	5.551406	0.01481498	0.00296508	0.0118499	0.00296508
7050	-211.9637	-218.0711	6.107441	0.02174584	0.007901228	0.01384462	0.007901228
7060	-211.4017	-217.7266	6.324871	0.0241325	0.006021442	0.01811106	0.006021442
7070	-211.6774	-218.0055	6.328096	0.02546965	0.005176092	0.02029356	0.005176092
7080	-213.5163	-219.3857	5.869335	0.02329584	0.01111838	0.01217746	0.01111838
7090	-212.8946	-218.4451	5.550518	0.01574561	0.005525299	0.01022031	0.005525299
7100	-217.3275	-223.3215	5.993983	0.03517751	0.01870256	0.01647495	0.01870256
7110	-213.2161	-218.899	5.682878	0.01958248	0.008845376	0.01073711	0.008845376
7120	-210.9098	-216.9743	6.064493	0.02370331	0.00297619	0.02072712	0.00297619
7130	-214.4718	-219.5763	5.104468	0.01307812	0.004319031	0.008759092	0.004319031
7140	-212.26	-218.6237	6.363691	0.02623553	0.007290141	0.01894539	0.007290141
7150	-226.9803	-232.9465	5.966198	0.04719347	0.01256149	0.03463198	0.01256149
7160	-214.445	-219.7026	5.257576	0.01819079	0.009261265	0.008929527	0.009261265
7170	-213.1357	-219.4027	6.267001	0.02690583	0.01017181	0.01673402	0.01017181
7180	-223.3322	-229.1224	5.790257	0.03935918	0.003518643	0.03584054	0.003518643
7190	-211.2262	-217.5328	6.306661	0.02420686	0.005049747	0.01915711	0.005049747
7200	-215.3074	-220.2546	4.947106	0.01748489	0.009511055	0.007973835	0.009511055
7210	-217.8121	-224.115	6.302807	0.03624231	0.01029757	0.02594473	0.01029757
7220	-219.4499	-225.5912	6.141295	0.03995562	0.01725741	0.0226982	0.01725741
7230	-217.3042	-223.2031	5.898927	0.03449159	0.01932398	0.0151676	0.01932398
7240	-220.5813	-226.6225	6.041215	0.0422457	0.02024466	0.02200104	0.02024466
7250	-214.1205	-220.3931	6.272597	0.0293727	0.01158316	0.01778954	0.01158316
7260	-214.5053	-220.8569	6.351595	0.03085135	0.01030487	0.02054648	0.01030487
7270	-211.42	-217.7355	6.315535	0.02387255	0.006310226	0.01756232	0.006310226
7280	-215.7583	-222.0751	6.316811	0.03321203	0.01185209	0.02135994	0.01185209
7290	-212.1031	-218.4698	6.366657	0.02615321	0.006527145	0.01962606	0.006527145
7300	-212.5583	-218.5538	5.995545	0.0218727	0.009016596	0.01285611	0.009016596
7310	-214.8158	-221.1867	6.370803	0.03143583	0.007551203	0.02388463	0.007551203
7320	-212.5062	-218.8786	6.372433	0.02687477	0.007447965	0.0194268	0.007447965
7330	-212.7708	-219.1175	6.346697	0.02701074	0.008627006	0.01838374	0.008627006
7340	-213.0777	-218.7694	5.691657	0.01914874	0.008389577	0.01075916	0.008389577
7350	-212.8616	-219.24	6.378431	0.0279423	0.006528746	0.02141356	0.006528746
7360	-216.7947	-223.1019	6.307203	0.03502607	0.01192332	0.02310276	0.01192332
7370	-224.723	-230.7474	6.024398	0.04250189	0.007122243	0.03537965	0.007122243
7380	-211.7368	-217.9595	6.222706	0.02287622	0.007542547	0.01533367	0.007542547
7390	-213.7114	-219.1529	5.441446	0.0175419	0.007965018	0.009576882	0.007965018
7400	-221.5684	-227.7163	6.14786	0.04211098	0.01418125	0.02792973	0.01418125
7410	-211.9001	-218.1125	6.212345	0.0231044	0.007922947	0.01518145	0.007922947
7420	-214.5685	-220.7243	6.155753	0.02942407	0.01330534	0.01611873	0.01330534
7430	-219.4432	-225.6955	6.252316	0.03809584	0.009614876	0.02848097	0.009614876
7440	-213.1515	-219.4046	6.25305	0.02678533	0.01030193	0.01648339	0.01030193
7450	-215.9805	-222.271	6.290449	0.03358773	0.01274509	0.02084264	0.01274509
7460	-214.4892	-220.1223	5.63315	0.02379438	0.01283564	0.01095874	0.01283564
7470	-223.9437	-229.3548	5.411063	0.0389979	0.002209113	0.03678879	0.002209113
7480	-222.9481	-229.0321	6.08404	0.04418263	0.01542665	0.02875598	0.01542665
7490	-213.2528	-218.9908	5.737962	0.02058467	0.009489135	0.01109553	0.009489135
7500	-210.4618	-216.6063	6.144503	0.02032649	0.004310564	0.01601593	0.004310564
7510	-212.4628	-218.4709	6.008151	0.02175586	0.008812267	0.01294359	0.008812267
7520	-216.1078	-220.7567	4.648902	0.01447425	0.00728983	0.007184422	0.00728983
7530	-210.962	-216.6487	5.686632	0.02331327	0.00189873	0.02141454	0.00189873
7540	-211.7432	-218.0709	6.327746	0.02459268	0.006963618	0.01762906	0.006963618
7550	-211.8437	-217.4955	5.651828	0.0153407	0.003822754	0.01151795	0.003822754
7560	-213.2981	-219.6752	6.377041	0.02879685	0.006551749	0.0222451	0.006551749
7570	-216.9614	-222.1094	5.147951	0.02750094	0.01802957	0.00947137	0.01802957
7580	-222.0048	-228.1666	6.16179	0.04097769	0.009719587	0.0312581	0.009719587
7590	-210.4175	-215.2988	4.881276	0.01732584	0.001073166	0.01625267	0.001073166
7600	-212.5125	-218.6233	6.11077	0.02330905	0.009277872	0.01403118	0.009277872
7610	-212.1115	-218.3948	6.283267	0.02650881	0.004475435	0.02203337	0.004475435
7620	-220.0228	-225.1281	5.105298	0.03662612	0.02608646	0.01053966	0.02608646
7630	-211.8098	-218.1629	6.35313	0.02533769	0.006405381	0.01893231	0.006405381
7640	-217.6877	-223.8747	6.187022	0.03676445	0.01599334	0.02077112	0.01599334
7650	-215.6721	-221.8904	6.218328	0.03260191	0.01409903	0.01850288	0.01409903
7660	-213.5438	-219.8994	6.355672	0.02882908	0.009438035	0.01939104	0.009438035
7670	-210.5705	-216.7236	6.153078	0.02260468	0.003539411	0.01906527	0.003539411
7680	-218.6733	-224.7818	6.108432	0.03864338	0.01823115	0.02041223	0.01823115
7690	-216.921	-223.2496	6.328582	0.03468828	0.008733379	0.0259549	0.008733379
7700	-214.1708	-219.7896	5.618808	0.02246659	0.01175252	0.01071406	0.01175252
7710	-214.031	-219.8974	5.866364	0.02492065	0.01248702	0.01243363	0.01248702
7720	-213.9459	-220.2114	6.265413	0.02888521	0.01143451	0.01745069	0.01143451
7730	-210.8226	-217.0266	6.20401	0.0211254	0.005314086	0.01581131	0.005314086
7740	-214.8744	-220.5769	5.702531	0.02584103	0.01420714	0.01163389	0.01420714
7750	-214.6275	-220.9963	6.368843	0.0310957	0.00716611	0.02392959	0.00716611
7760	-217.8374	-224.1332	6.295766	0.03646564	0.01115515	0.02531048	0.01115515
7770	-212.4461	-218.8017	6.355613	0.02644507	0.007898275	0.01854679	0.007898275
7780	-211.8547	-217.9053	6.050639	0.02574855	0.002931651	0.0228169	0.002931651
7790	-216.9383	-222.9403	6.001977	0.03425764	0.01806964	0.016188	0.01806964
7800	-215.8631	-222.2173	6.354246	0.03312375	0.00830274	0.024821	0.00830274
7810	-210.9527	-216.7174	5.764753	0.01628661	0.003279957	0.01300665	0.003279957
7820	-213.7256	-220.1121	6.386525	0.02956862	0.007619604	0.02194902	0.007619604
7830	-215.0987	-219.7416	4.64283	0.0110608	0.001929392	0.009131406	0.001929392
7840	-211.4946	-217.8077	6.313122	0.02390909	0.006552688	0.01735641	0.006552688
7850	-211.3229	-217.0773	5.754436	0.01605233	0.003712048	0.01234028	0.003712048
7860	-210.5801	-216.774	6.193818	0.02244183	0.003908944	0.01853289	0.003908944
7870	-214.7004	-221.0459	6.34545	0.03121763	0.01060451	0.02061312	0.01060451
7880	-220.0905	-226.0408	5.950253	0.0364454	0.003759575	0.03268583	0.003759575
7890	-212.1349	-218.434	6.299047	0.02491346	0.008101029	0.01681243	0.008101029
7900	-215.9031	-222.2282	6.325137	0.03348637	0.01150954	0.02197683	0.01150954
7910	-220.8536	-227.0559	6.20229	0.03961686	0.009390708	0.03022615	0.009390708
7920	-234.0155	-239.4796	5.464112	0.06218576	0.02848546	0.0337003	0.02848546
7930	-211.2676	-217.5852	6.317544	0.02401044	0.005558097	0.01845235	0.005558097
7940	-211.6727	-217.7697	6.097089	0.02085102	0.007102766	0.01374825	0.007102766
7950	-216.5762	-221.4654	4.889198	0.02369193	0.01541866	0.008273277	0.01541866
7960	-210.3911	-215.2575	4.866454	0.01775475	0.001046456	0.01670829	0.001046456
7970	-217.1695	-223.4926	6.323133	0.03513916	0.009250088	0.02588907	0.009250088
7980	-211.3964	-217.4613	6.064948	0.01975971	0.006203993	0.01355572	0.006203993
7990	-233.2512	-238.4888	5.237642	0.06917538	0.04404563	0.02512975	0.04404563
8000	-220.4974	-226.7138	6.216364	0.03939902	0.009881961	0.02951706	0.009881961
8010	-211.9014	-218.2081	6.306754	0.02452659	0.007558289	0.0169683	0.007558289
8020	-210.2412	-216.3373	6.09617	0.02070718	0.003499912	0.01720727	0.003499912
8030	-214.7615	-220.0532	5.291657	0.02055374	0.01134296	0.00921078	0.01134296
8040	-212.7091	-219.0443	6.335231	0.02768904	0.005274053	0.02241499	0.005274053
8050	-219.7801	-225.9709	6.190746	0.03998663	0.01483535	0.02515129	0.01483535
8060	-214.4439	-219.597	5.15306	0.01460597	0.006005155	0.008600818	0.006005155
8070	-212.4471	-218.0865	5.63938	0.02613491	0.001851882	0.02428302	0.001851882
8080	-214.4556	-220.4759	6.020279	0.02781642	0.0135928	0.01422362	0.0135928
8090	-215.8902	-221.2947	5.404467	0.02622427	0.01594126	0.01028301	0.01594126
8100	-210.7142	-216.9043	6.190105	0.0208699	0.005025125	0.01584477	0.005025125
8110	-221.3053	-227.383	6.077697	0.038465	0.005442663	0.03302234	0.005442663
8120	-217.2232	-223.3479	6.124643	0.03562812	0.01701012	0.018618	0.01701012
8130	-218.9842	-224.4697	5.48551	0.03618675	0.02376192	0.01242483	0.02376192
8140	-210.81	-216.8461	6.036069	0.02341717	0.002861036	0.02055613	0.002861036
8150	-214.7658	-221.0452	6.279365	0.03093645	0.01221955	0.0187169	0.01221955
8160	-210.0025	-215.6567	5.654213	0.01934671	0.001961269	0.01738544	0.001961269
8170	-213.0844	-219.3048	6.220443	0.02816751	0.004033786	0.02413372	0.004033786
8180	-213.1234	-218.4714	5.347962	0.01365153	0.00359613	0.0100554	0.00359613
8190	-213.0591	-219	5.940878	0.02271883	0.01015619	0.01256264	0.01015619
8200	-214.5628	-220.6931	6.130298	0.03019554	0.003679648	0.02651589	0.003679648
8210	-212.6547	-218.9077	6.253	0.02553379	0.009397843	0.01613595	0.009397843
8220	-225.5694	-231.3917	5.822307	0.05095376	0.02518039	0.02577336	0.02518039
8230	-211.2253	-215.7845	4.559266	0.01503692	0.0009511602	0.01408576	0.0009511602
8240	-215.5343	-221.724	6.189765	0.03209478	0.0143499	0.01774488	0.0143499
8250	-211.2925	-217.1638	5.8713	0.02435874	0.002315408	0.02204334	0.002315408
8260	-211.2227	-217.462	6.239286	0.02451438	0.004056079	0.0204583	0.004056079
8270	-214.3476	-219.189	4.84134	0.02773907	0.001013017	0.02672605	0.001013017
8280	-215.5538	-220.0186	4.46471	0.02880201	0.0008105322	0.02799147	0.0008105322
8290	-211.2306	-217.4629	6.232308	0.02454301	0.003990152	0.02055286	0.003990152
8300	-210.5861	-216.7387	6.15267	0.02266877	0.003528358	0.01914041	0.003528358
8310	-216.8809	-222.9379	6.056972	0.0344691	0.01750049	0.01696861	0.01750049
8320	-210.5996	-216.6955	6.095848	0.01944659	0.004493219	0.01495337	0.004493219
8330	-210.5889	-216.256	5.667093	0.0222882	0.001869243	0.02041895	0.001869243
8340	-224.1725	-228.7434	4.570827	0.04576135	0.03615993	0.009601416	0.03615993
8350	-215.1483	-221.1914	6.043056	0.0299321	0.0148735	0.0150586	0.0148735
8360	-211.352	-217.6362	6.284246	0.02313359	0.00646497	0.01666862	0.00646497
8370	-213.5302	-219.9102	6.379965	0.02906237	0.008517017	0.02054536	0.008517017
8380	-211.8103	-218.0399	6.229617	0.02314729	0.007703677	0.01544361	0.007703677
8390	-228.7926	-234.1583	5.3657	0.06085271	0.04069876	0.02015395	0.04069876
8400	-211.9645	-218.3255	6.361062	0.0257833	0.006467429	0.01931587	0.006467429
8410	-211.6356	-217.9619	6.326359	0.02439297	0.006719522	0.01767345	0.006719522
8420	-210.5076	-216.6995	6.191893	0.02128849	0.00436113	0.01692736	0.00436113
8430	-211.8011	-217.9279	6.126757	0.02160863	0.00755316	0.01405547	0.00755316
8440	-212.9298	-219.0819	6.152111	0.02500258	0.0102408	0.01476177	0.0102408
8450	-217.1415	-222.7577	5.616241	0.03191142	0.01959819	0.01231324	0.01959819
8460	-213.8037	-219.6162	5.812517	0.02355366	0.01168011	0.01187355	0.01168011
8470	-211.3884	-217.3493	5.960869	0.01826537	0.005437888	0.01282748	0.005437888
8480	-214.9576	-221.275	6.317424	0.0313551	0.005822757	0.02553234	0.005822757
8490	-214.6267	-220.0958	5.469112	0.02235052	0.01229966	0.01005086	0.01229966
8500	-217.2739	-221.6302	4.356303	0.01233457	0.005701524	0.006633049	0.005701524
8510	-214.4484	-220.5702	6.121803	0.02879188	0.01328733	0.01550455	0.01328733
8520	-213.4195	-215.984	2.564535	0.01380317	0.0003397919	0.01346338	0.0003397919
8530	-210.5259	-216.7209	6.195055	0.0220632	0.004024917	0.01803828	0.004024917
8540	-212.257	-218.6091	6.352063	0.02676398	0.00559368	0.0211703	0.00559368
8550	-213.1101	-219.2809	6.170851	0.0257194	0.01058492	0.01513447	0.01058492
8560	-213.1084	-219.4707	6.362279	0.02795363	0.008749446	0.01920419	0.008749446
8570	-210.4279	-216.5864	6.158488	0.02072139	0.004199242	0.01652215	0.004199242
8580	-211.9249	-217.852	5.927104	0.0189376	0.006663113	0.01227449	0.006663113
8590	-210.0956	-215.4373	5.341687	0.01834908	0.001497304	0.01685177	0.001497304
8600	-215.299	-220.503	5.203972	0.0218398	0.01280381	0.009035987	0.01280381
8610	-210.7027	-215.1622	4.459495	0.01861633	0.0007828463	0.01783348	0.0007828463
8620	-221.3941	-227.427	6.032862	0.04355369	0.02022351	0.02333018	0.02022351
8630	-218.1517	-224.1984	6.046692	0.03740049	0.01907002	0.01833047	0.01907002
8640	-225.3433	-231.2779	5.934583	0.04857254	0.01961591	0.02895663	0.01961591
8650	-213.3585	-219.7306	6.372065	0.02860953	0.00872566	0.01988387	0.00872566
8660	-211.7857	-217.4224	5.636714	0.01522326	0.003621213	0.01160204	0.003621213
8670	-212.1169	-217.8142	5.697349	0.01603195	0.004833754	0.0111982	0.004833754
8680	-218.0346	-224.3312	6.296592	0.03621511	0.009049124	0.02716599	0.009049124
8690	-212.4788	-217.3817	4.902861	0.01303863	0.001554621	0.01148401	0.001554621
8700	-214.0072	-220.3879	6.380663	0.03007917	0.007234212	0.02284496	0.007234212
8710	-212.1663	-218.5352	6.368835	0.02631765	0.006547055	0.0197706	0.006547055
8720	-218.9935	-224.4566	5.463036	0.03415377	0.001927498	0.03222627	0.001927498
8730	-217.4691	-223.336	5.866871	0.0347003	0.01977232	0.01492798	0.01977232
8740	-223.6778	-229.7771	6.09931	0.04328059	0.01110771	0.03217288	0.01110771
8750	-210.762	-216.4185	5.656431	0.01604496	0.002634472	0.01341049	0.002634472
8760	-219.4008	-225.6332	6.232381	0.03735621	0.007577373	0.02977884	0.007577373
8770	-211.5842	-217.7764	6.192144	0.02207305	0.00717357	0.01489948	0.00717357
8780	-213.5892	-219.8318	6.242553	0.02777292	0.01111183	0.01666109	0.01111183
8790	-219.2451	-225.482	6.236879	0.03878247	0.01288254	0.02589993	0.01288254
8800	-215.0002	-220.9752	5.975034	0.02890415	0.01477327	0.01413089	0.01477327
8810	-212.212	-218.0972	5.88521	0.0191273	0.007197066	0.01193024	0.007197066
8820	-220.1986	-225.1022	4.903621	0.03583151	0.02620057	0.009630939	0.02620057
8830	-215.7546	-222.0543	6.299747	0.03316519	0.0124089	0.02075629	0.0124089
8840	-218.1907	-224.0569	5.866211	0.03656488	0.02099244	0.01557244	0.02099244
8850	-213.299	-217.9364	4.63746	0.02588824	0.0008654174	0.02502282	0.0008654174
8860	-210.3591	-216.3866	6.027529	0.01891632	0.003726547	0.01518977	0.003726547
8870	-210.7673	-216.9961	6.228761	0.0216152	0.005121571	0.01649363	0.005121571
8880	-228.9604	-234.3985	5.438159	0.06049231	0.0384572	0.02203511	0.0384572
8890	-211.8706	-218.0952	6.224547	0.02321268	0.007846139	0.01536654	0.007846139
8900	-214.156	-219.6802	5.524179	0.02115648	0.01100806	0.01014842	0.01100806
8910	-212.2562	-218.3217	6.065504	0.02195434	0.008505182	0.01344916	0.008505182
8920	-210.299	-215.4486	5.149622	0.01975071	0.001230462	0.01852025	0.001230462
8930	-210.9211	-217.1905	6.269412	0.02253719	0.005322531	0.01721465	0.005322531
8940	-212.2473	-218.2776	6.030283	0.02142486	0.008325402	0.01309945	0.008325402
8950	-211.8959	-218.1627	6.266788	0.02389689	0.007796123	0.01610077	0.007796123
8960	-213.3981	-219.5796	6.181507	0.02661433	0.01111756	0.01549678	0.01111756
8970	-216.0864	-220.7331	4.64665	0.01502194	0.007843661	0.007178282	0.007843661
8980	-210.0709	-215.6038	5.532892	0.01971173	0.001711373	0.01800036	0.001711373
8990	-211.3077	-217.4414	6.133729	0.02061541	0.006330265	0.01428514	0.006330265
9000	-216.1651	-221.9567	5.791547	0.03055365	0.01740722	0.01314643	0.01740722
9010	-220.5618	-226.5936	6.031785	0.04224983	0.02053362	0.02171621	0.02053362
9020	-223.1915	-229.0756	5.884156	0.04734086	0.02465849	0.02268237	0.02465849
9030	-211.4034	-217.7212	6.317739	0.0247316	0.005121176	0.01961043	0.005121176
9040	-216.3282	-222.6508	6.322578	0.03350873	0.007072678	0.02643605	0.007072678
9050	-213.5346	-219.9145	6.379835	0.02906991	0.008528268	0.02054164	0.008528268
9060	-214.8448	-221.22	6.375161	0.03157416	0.008707265	0.02286689	0.008707265
9070	-214.4629	-220.0135	5.550575	0.02272112	0.01228356	0.01043756	0.01228356
9080	-215.3141	-221.272	5.95795	0.02962034	0.01543539	0.01418495	0.01543539
9090	-216.1227	-222.3764	6.253648	0.03376295	0.01376382	0.01999913	0.01376382
9100	-211.478	-217.1914	5.713372	0.01574841	0.003676264	0.01207215	0.003676264
9110	-218.4266	-223.7495	5.32289	0.03343352	0.02240553	0.01102799	0.02240553
9120	-216.7688	-223.0722	6.303379	0.03500256	0.0121365	0.02286606	0.0121365
9130	-219.6913	-225.5729	5.881657	0.04033592	0.02296877	0.01736716	0.02296877
9140	-213.1368	-219.5164	6.379586	0.02825006	0.008129373	0.02012069	0.008129373
9150	-210.8214	-217.0103	6.188919	0.02342663	0.003713892	0.01971273	0.003713892
9160	-211.6053	-217.8499	6.244659	0.0254345	0.004073903	0.02136059	0.004073903
9170	-213.05	-218.922	5.871911	0.02176172	0.009776581	0.01198513	0.009776581
9180	-212.5108	-218.7667	6.255863	0.02724091	0.004243658	0.02299725	0.004243658
9190	-213.9627	-219.8915	5.928826	0.02893244	0.00266828	0.02626416	0.00266828
9200	-216.2509	-222.5418	6.290886	0.03410983	0.0127725	0.02133733	0.0127725
9210	-214.2845	-220.412	6.127449	0.02841114	0.01296965	0.01544149	0.01296965
9220	-210.5031	-216.5584	6.055259	0.01900902	0.004118328	0.0148907	0.004118328
9230	-217.6155	-223.5068	5.891348	0.03524766	0.01989163	0.01535604	0.01989163
9240	-210.8768	-216.6183	5.741447	0.01623458	0.003083231	0.01315135	0.003083231
9250	-219.1649	-225.3785	6.21353	0.0390228	0.01442	0.0246028	0.01442
9260	-211.0875	-217.15	6.062506	0.01922906	0.005415783	0.01381328	0.005415783
9270	-222.0868	-227.9808	5.894018	0.04543672	0.0244735	0.02096321	0.0244735
9280	-217.5287	-223.4697	5.940964	0.03534873	0.01942552	0.01592321	0.01942552
9290	-213.7052	-220.0664	6.361143	0.02950142	0.006175062	0.02332636	0.006175062
9300	-216.1635	-222.3462	6.182713	0.0335175	0.01512372	0.01839378	0.01512372
9310	-212.646	-218.9125	6.266479	0.02568353	0.009305428	0.0163781	0.009305428
9320	-210.4034	-216.4122	6.008839	0.01864135	0.003728446	0.0149129	0.003728446
9330	-214.2837	-220.5609	6.277242	0.02980121	0.01172447	0.01807673	0.01172447
9340	-210.2394	-216.2223	5.982871	0.01878346	0.003342535	0.01544093	0.003342535
9350	-211.5259	-217.798	6.272128	0.02321245	0.006947302	0.01626515	0.006947302
9360	-214.9313	-221.0944	6.163164	0.03041341	0.01381586	0.01659755	0.01381586
9370	-210.5348	-216.6252	6.090413	0.01941682	0.004331545	0.01508528	0.004331545
9380	-214.5176	-220.7295	6.211954	0.0298002	0.01278603	0.01701417	0.01278603
9390	-210.8817	-217.0998	6.218112	0.02355517	0.003948417	0.01960675	0.003948417
9400	-213.3641	-219.6477	6.283654	0.02765409	0.01038825	0.01726584	0.01038825
9410	-213.9432	-220.0664	6.123218	0.02745095	0.01235157	0.01509938	0.01235157
9420	-214.5488	-219.8103	5.26151	0.01892463	0.009939677	0.008984954	0.009939677
9430	-217.9512	-224.2502	6.299054	0.0364156	0.01024611	0.02616949	0.01024611
9440	-224.2731	-229.884	5.61093	0.0504162	0.03194963	0.01846658	0.03194963
9450	-216.9622	-223.0798	6.11757	0.03500328	0.01686881	0.01813446	0.01686881
9460	-222.4207	-227.3835	4.96273	0.0427558	0.03193883	0.01081697	0.03193883
9470	-219.5488	-225.795	6.246204	0.03802407	0.009021358	0.02900271	0.009021358
9480	-210.369	-216.51	6.140986	0.02059026	0.004017939	0.01657232	0.004017939
9490	-213.5156	-218.4976	4.981979	0.01229172	0.002111105	0.01018061	0.002111105
9500	-225.5375	-231.3921	5.854666	0.05035553	0.02363745	0.02671808	0.02363745
9510	-214.4932	-220.8401	6.346839	0.03079734	0.01045845	0.02033889	0.01045845
9520	-214.2723	-219.7254	5.453083	0.02064486	0.01083435	0.00981051	0.01083435
9530	-217.0678	-223.3543	6.286441	0.03554737	0.01274988	0.02279749	0.01274988
9540	-222.6628	-228.7793	6.116523	0.04321355	0.01368294	0.02953061	0.01368294
9550	-211.6346	-217.9688	6.334173	0.02530264	0.005360376	0.01994227	0.005360376
9560	-210.1116	-216.0501	5.938518	0.01895953	0.002968477	0.01599105	0.002968477
9570	-210.8541	-216.1782	5.324165	0.02233883	0.001376415	0.02096242	0.001376415
9580	-211.4973	-217.516	6.018638	0.01928315	0.006165424	0.01311773	0.006165424
9590	-213.4354	-219.4936	6.058203	0.02531142	0.01137658	0.01393485	0.01137658
9600	-210.9962	-216.8854	5.889212	0.02371745	0.002361741	0.02135571	0.002361741
9610	-210.3181	-216.3421	6.023965	0.02175169	0.002900861	0.01885083	0.002900861
9620	-211.8275	-218.0983	6.27076	0.02380606	0.007631249	0.01617481	0.007631249
9630	-210.5408	-216.0955	5.554717	0.01620779	0.002175899	0.01403189	0.002175899
9640	-214.4738	-220.4377	5.963896	0.02729955	0.01367326	0.01362629	0.01367326
9650	-211.7115	-217.8	6.088477	0.02552281	0.003089225	0.02243358	0.003089225
9660	-211.7769	-217.8215	6.044532	0.02032513	0.007102128	0.01322301	0.007102128
9670	-210.7549	-216.5404	5.78544	0.02295569	0.00210501	0.02085068	0.00210501
9680	-213.9036	-219.7233	5.819735	0.02397194	0.01198964	0.01198231	0.01198964
9690	-220.9274	-227.1279	6.20054	0.04017327	0.01070264	0.02947063	0.01070264
9700	-211.5739	-217.2983	5.72432	0.01583732	0.00390542	0.0119319	0.00390542
9710	-212.3032	-218.5231	6.219923	0.02421092	0.008803985	0.01540694	0.008803985
9720	-218.7063	-224.981	6.274634	0.03702829	0.009005516	0.02802277	0.009005516
9730	-214.8044	-220.5993	5.79486	0.0265679	0.01426892	0.01229898	0.01426892
9740	-211.2807	-217.5595	6.27878	0.0229305	0.006319082	0.01661141	0.006319082
9750	-224.8422	-230.4803	5.638107	0.04039019	0.003044854	0.03734534	0.003044854
9760	-211.7346	-217.38	5.645375	0.01527974	0.003603941	0.0116758	0.003603941
9770	-210.4097	-216.5326	6.12288	0.02197092	0.003418934	0.01855199	0.003418934
9780	-210.7799	-216.9749	6.194978	0.0209551	0.005199653	0.01575545	0.005199653
9790	-212.0206	-217.8899	5.869391	0.01830872	0.006422573	0.01188615	0.006422573
9800	-215.1281	-220.6087	5.480593	0.02436018	0.0140127	0.01034748	0.0140127
9810	-216.0648	-222.1521	6.087272	0.03209275	0.003715538	0.02837721	0.003715538
9820	-211.2672	-217.5165	6.249245	0.02461831	0.004146028	0.02047228	0.004146028
9830	-212.0921	-218.3265	6.234441	0.02643468	0.004007718	0.02242696	0.004007718
9840	-215.7006	-222.0593	6.358685	0.03301737	0.009304829	0.02371254	0.009304829
9850	-211.9315	-218.2907	6.359138	0.02566384	0.006506552	0.01915729	0.006506552
9860	-210.0208	-215.878	5.857159	0.01981412	0.002458953	0.01735517	0.002458953
9870	-210.5581	-216.7476	6.189457	0.02102183	0.004576997	0.01644483	0.004576997
9880	-213.9782	-219.6086	5.630353	0.02188368	0.0111858	0.01069788	0.0111858
9890	-210.0505	-215.9711	5.920636	0.02001833	0.002664541	0.01735379	0.002664541
9900	-215.2493	-220.9894	5.740045	0.02739086	0.01526119	0.01212967	0.01526119
9910	-213.1604	-218.5043	5.34391	0.0136439	0.003630068	0.01001383	0.003630068
9920	-213.2333	-219.6195	6.386232	0.0285744	0.007649299	0.0209251	0.007649299
9930	-210.5236	-216.6118	6.088281	0.0193987	0.004299124	0.01509958	0.004299124
9940	-212.0477	-218.1718	6.124087	0.02621469	0.003286005	0.02292868	0.003286005
9950	-212.8079	-219.0287	6.220803	0.0255216	0.009835228	0.01568637	0.009835228
9960	-213.7969	-219.8058	6.008904	0.02884655	0.002947668	0.02589888	0.002947668
9970	-216.926	-223.1766	6.250543	0.03534995	0.01409297	0.02125698	0.01409297
9980	-210.3545	-216.475	6.120558	0.02021015	0.003984612	0.01622554	0.003984612
9990	-211.4216	-217.3606	5.939029	0.01802423	0.005344322	0.01267991	0.005344322
10000	-210.9041	-216.8935	5.989347	0.0181626	0.004544059	0.01361854	0.004544059
