Iteration	Posterior	Likelihood	Prior	birth_rate	death_rate	diversification	turnover
0	-240.8618	-245.0472	4.18541	0.09921713	0.08331766	0.01589946	0.08331766
10	-261.6689	-264.0661	2.397213	0.2048403	0.1905264	0.01431391	0.1905264
20	-248.9492	-253.8049	4.855752	0.07606589	0.02945098	0.04661491	0.02945098
30	-270.9402	-274.2001	3.259911	0.1332234	0.08238782	0.05083557	0.08238782
40	-237.8691	-242.4536	4.584485	0.0876695	0.0693698	0.0182997	0.0693698
50	-239.2583	-243.7286	4.470334	0.09239747	0.07424498	0.01815249	0.07424498
60	-257.7397	-262.1512	4.411558	0.08729554	0.03572809	0.05156744	0.03572809
70	-239.6039	-244.8422	5.23834	0.06761181	0.02862046	0.03899134	0.02862046
80	-240.7793	-246.2202	5.440851	0.05896957	0.01277869	0.04619087	0.01277869
90	-287.248	-289.6163	2.368317	0.1658248	0.1063451	0.05947968	0.1063451
100	-211.8861	-217.823	5.936911	0.02563652	0.002525913	0.02311061	0.002525913
110	-215.0035	-220.9861	5.982663	0.0289848	0.01476664	0.01421816	0.01476664
120	-223.6196	-229.6497	6.030111	0.04100839	0.006144741	0.03486365	0.006144741
130	-381.3843	-382.9924	1.608135	0.1387568	0.006841432	0.1319153	0.006841432
140	-213.0209	-217.9623	4.941456	0.02593225	0.00105742	0.02487483	0.00105742
150	-267.6119	-271.2173	3.6054	0.116362	0.06432876	0.05203328	0.06432876
160	-237.9845	-241.9731	3.988638	0.08907702	0.07688581	0.01219121	0.07688581
170	-239.1592	-243.9682	4.808996	0.08528035	0.0597472	0.02553315	0.0597472
180	-310.6015	-311.6895	1.087993	0.222303	0.1514761	0.07082697	0.1514761
190	-231.1765	-236.5731	5.396665	0.06386333	0.03858947	0.02527386	0.03858947
200	-248.9903	-253.4841	4.493804	0.0928696	0.05424201	0.03862759	0.05424201
210	-234.4202	-238.3879	3.967642	0.07612105	0.06561984	0.01050121	0.06561984
220	-281.2143	-284.1728	2.958514	0.1347924	0.07439032	0.0604021	0.07439032
230	-288.4383	-290.4759	2.037669	0.1934031	0.1376821	0.05572093	0.1376821
240	-231.7517	-237.0188	5.267015	0.06697111	0.04405614	0.02291497	0.04405614
250	-237.3408	-242.5293	5.188515	0.07092606	0.03800668	0.03291938	0.03800668
260	-338.337	-334.9668	-3.370189	1.180077	1.137395	0.04268193	1.137395
270	-216.7998	-222.3441	5.544386	0.03032756	0.0187319	0.01159566	0.0187319
280	-234.2932	-239.6885	5.395344	0.06447745	0.0322131	0.03226435	0.0322131
290	-239.1307	-244.2299	5.099181	0.07349681	0.03921725	0.03427956	0.03921725
300	-222.3505	-228.2339	5.883426	0.04595298	0.02479584	0.02115713	0.02479584
310	-219.0844	-225.254	6.169631	0.03924373	0.01639167	0.02285206	0.01639167
320	-229.5284	-234.7512	5.222776	0.06320062	0.04469218	0.01850844	0.04469218
330	-217.1893	-223.4919	6.302607	0.03468835	0.00736038	0.02732797	0.00736038
340	-226.6351	-231.7832	5.148145	0.05569731	0.04105703	0.01464029	0.04105703
350	-272.3523	-275.3077	2.955413	0.1548491	0.1078194	0.04702974	0.1078194
360	-246.9996	-251.3373	4.33772	0.1050415	0.07566364	0.02937787	0.07566364
370	-232.7521	-238.5	5.747833	0.05217167	0.01218637	0.03998529	0.01218637
380	-221.6606	-227.3307	5.670088	0.04433381	0.02795058	0.01638322	0.02795058
390	-238.1381	-243.558	5.419957	0.05211634	0.004926943	0.0471894	0.004926943
400	-269.8994	-273.2095	3.310049	0.1317825	0.08165567	0.05012681	0.08165567
410	-272.5555	-276.3962	3.840637	0.09955524	0.03769885	0.06185639	0.03769885
420	-332.505	-335.1579	2.652891	0.1179988	0.01441207	0.1035867	0.01441207
430	-225.083	-231.1072	6.024154	0.04309739	0.007670399	0.03542699	0.007670399
440	-251.6439	-254.8685	3.224626	0.1463993	0.1318564	0.01454289	0.1318564
450	-249.4295	-254.0772	4.647635	0.08446599	0.04131083	0.04315516	0.04131083
460	-212.6408	-218.9886	6.347793	0.02756054	0.005508074	0.02205247	0.005508074
470	-216.779	-221.3307	4.551677	0.02071984	0.01349032	0.007229521	0.01349032
480	-233.3172	-238.7226	5.405452	0.06432527	0.03397029	0.03035499	0.03397029
490	-261.707	-265.2783	3.571233	0.1312253	0.09026496	0.04096038	0.09026496
500	-298.9912	-300.5461	1.554968	0.209178	0.1463275	0.06285044	0.1463275
510	-218.2139	-224.5062	6.292348	0.03659061	0.009598089	0.02699252	0.009598089
520	-231.3715	-237.0045	5.632991	0.05731725	0.02435857	0.03295868	0.02435857
530	-221.7407	-227.9026	6.161881	0.04018458	0.00842776	0.03175682	0.00842776
540	-240.3176	-245.3333	5.01568	0.07622554	0.04174356	0.03448198	0.04174356
550	-242.0336	-247.3592	5.325543	0.06293194	0.01762558	0.04530637	0.01762558
560	-216.6632	-222.5985	5.935206	0.03307469	0.01803352	0.01504117	0.01803352
570	-242.1136	-246.794	4.680455	0.09052408	0.06211487	0.0284092	0.06211487
580	-219.2241	-225.4749	6.25081	0.03845565	0.01173402	0.02672163	0.01173402
590	-212.554	-218.6287	6.074709	0.02703249	0.003091943	0.02394055	0.003091943
600	-211.804	-217.8676	6.063643	0.0206805	0.007284425	0.01339608	0.007284425
610	-248.363	-252.4936	4.130588	0.1158337	0.089627	0.02620666	0.089627
620	-236.1042	-241.7324	5.628228	0.05427722	0.01104475	0.04323247	0.01104475
630	-241.0653	-246.3785	5.313176	0.05421559	0.00488544	0.04933015	0.00488544
640	-210.9541	-217.2034	6.249248	0.02204091	0.005590433	0.01645048	0.005590433
650	-223.6299	-229.5864	5.956491	0.04706297	0.0213479	0.02571507	0.0213479
660	-214.3503	-220.4839	6.133572	0.02864539	0.01305925	0.01558613	0.01305925
670	-214.9566	-220.5212	5.56462	0.02466232	0.01390208	0.01076024	0.01390208
680	-220.9435	-226.7366	5.7931	0.04299457	0.02558036	0.01741421	0.02558036
690	-231.2088	-236.7821	5.57331	0.0591841	0.02844679	0.03073731	0.02844679
700	-212.6914	-218.8937	6.202282	0.02498564	0.009656911	0.01532873	0.009656911
710	-234.4705	-239.5183	5.04787	0.07455794	0.05205559	0.02250236	0.05205559
720	-229.8775	-235.654	5.776486	0.05306676	0.0188863	0.03418046	0.0188863
730	-217.2731	-223.5471	6.273998	0.03592417	0.01318403	0.02274015	0.01318403
740	-228.928	-233.5709	4.642916	0.04220514	0.001291828	0.04091331	0.001291828
750	-267.9823	-272.1213	4.139036	0.09097558	0.03055213	0.06042345	0.03055213
760	-281.7188	-283.9299	2.211029	0.1998958	0.1519805	0.04791534	0.1519805
770	-212.354	-217.5006	5.146612	0.01332622	0.002005629	0.01132059	0.002005629
780	-223.9447	-229.9894	6.044796	0.04544032	0.01573249	0.02970783	0.01573249
790	-261.6066	-266.3247	4.718116	0.07351034	0.01245309	0.06105725	0.01245309
800	-240.4927	-245.8411	5.348416	0.06302906	0.0198015	0.04322757	0.0198015
810	-237.3988	-242.5144	5.115673	0.07378073	0.04293669	0.03084405	0.04293669
820	-232.0424	-237.3389	5.296471	0.06677249	0.0425102	0.02426229	0.0425102
830	-210.7273	-216.8979	6.170588	0.02053466	0.005033676	0.01550098	0.005033676
840	-222.7344	-227.4337	4.699291	0.04216431	0.03251066	0.009653653	0.03251066
850	-273.9099	-278.1276	4.217608	0.08549677	0.01784265	0.06765412	0.01784265
860	-216.9644	-222.4432	5.478835	0.03028144	0.01903021	0.01125124	0.01903021
870	-242.9147	-247.3955	4.480766	0.09892285	0.07462775	0.02429511	0.07462775
880	-220.4885	-226.6849	6.196368	0.04045266	0.01312615	0.02732651	0.01312615
890	-239.6716	-245.1215	5.449898	0.05965319	0.01532728	0.0443259	0.01532728
900	-234.8058	-240.477	5.671165	0.05378154	0.01200771	0.04177383	0.01200771
910	-290.6373	-293.0935	2.4562	0.1522657	0.08719718	0.06506855	0.08719718
920	-278.4325	-280.4155	1.98299	0.2520963	0.217216	0.03488033	0.217216
930	-225.5402	-231.1036	5.563414	0.05324848	0.03394211	0.01930637	0.03394211
940	-280.1801	-284.0415	3.861365	0.09476449	0.02473492	0.07002957	0.02473492
950	-272.2225	-276.1273	3.904739	0.09724817	0.03497339	0.06227478	0.03497339
960	-242.6722	-247.3632	4.690987	0.0897049	0.05963051	0.03007439	0.05963051
970	-264.2423	-268.6001	4.357766	0.08515366	0.02618922	0.05896444	0.02618922
980	-276.3407	-278.7299	2.389143	0.2027754	0.1613901	0.04138528	0.1613901
990	-263.4309	-266.3624	2.931581	0.1895119	0.1636131	0.0258988	0.1636131
1000	-261.7321	-263.5541	1.822029	0.2072612	0.1967433	0.01051784	0.1967433
1010	-216.5453	-222.7097	6.164388	0.03428831	0.01576828	0.01852003	0.01576828
1020	-241.8118	-246.3849	4.573154	0.09489496	0.07036191	0.02453306	0.07036191
1030	-225.8458	-230.9853	5.139557	0.05346913	0.0394991	0.01397003	0.0394991
1040	-257.3728	-259.9734	2.600571	0.1787342	0.1656374	0.01309673	0.1656374
1050	-253.4496	-257.9647	4.515047	0.08656041	0.03946489	0.04709552	0.03946489
1060	-233.4371	-238.6848	5.247661	0.04709108	0.002747239	0.04434384	0.002747239
1070	-210.9644	-216.7802	5.81576	0.02353166	0.002172548	0.02135911	0.002172548
1080	-211.5702	-217.6453	6.075097	0.020281	0.00672021	0.01356079	0.00672021
1090	-273.9716	-275.8378	1.866286	0.282149	0.2609491	0.02119993	0.2609491
1100	-240.261	-245.578	5.316996	0.0534499	0.004608793	0.0488411	0.004608793
1110	-255.3748	-260.1965	4.82175	0.07352037	0.01859406	0.05492631	0.01859406
1120	-277.6288	-281.2284	3.599531	0.105811	0.04124538	0.06456566	0.04124538
1130	-258.4078	-262.733	4.325236	0.09040194	0.0393355	0.05106643	0.0393355
1140	-233.13	-238.6733	5.543278	0.05978751	0.02567477	0.03411274	0.02567477
1150	-217.1633	-223.4848	6.321514	0.03530639	0.01008696	0.02521943	0.01008696
1160	-226.2113	-229.6063	3.394998	0.04597761	0.03937566	0.00660195	0.03937566
1170	-215.3731	-221.6921	6.318981	0.03199737	0.006113734	0.02588364	0.006113734
1180	-223.6392	-229.7384	6.099248	0.04339361	0.01147267	0.03192094	0.01147267
1190	-326.6652	-326.9747	0.3094335	0.2579544	0.1785957	0.07935874	0.1785957
1200	-238.4036	-243.9016	5.497949	0.05863216	0.01531993	0.04331224	0.01531993
1210	-241.7621	-244.9224	3.160306	0.1014703	0.09203447	0.009435826	0.09203447
1220	-225.2454	-230.4785	5.23315	0.05214225	0.03770901	0.01443324	0.03770901
1230	-230.0158	-235.8283	5.812481	0.04688761	0.006705914	0.04018169	0.006705914
1240	-220.9103	-226.0551	5.144787	0.03946112	0.02829497	0.01116615	0.02829497
1250	-247.3094	-251.7392	4.429818	0.0991106	0.06607343	0.03303717	0.06607343
1260	-210.9198	-217.1531	6.233234	0.02363302	0.004086245	0.01954678	0.004086245
1270	-232.2539	-237.0714	4.817464	0.07111745	0.0554513	0.01566614	0.0554513
1280	-224.6576	-230.6155	5.957913	0.04776363	0.01962271	0.02814092	0.01962271
1290	-241.0831	-246.5303	5.447211	0.05774076	0.01040674	0.04733402	0.01040674
1300	-215.6817	-221.9817	6.299983	0.03302024	0.01237955	0.02064069	0.01237955
1310	-227.4402	-233.2976	5.857422	0.04411449	0.005590366	0.03852413	0.005590366
1320	-222.7669	-228.815	6.048099	0.04484801	0.01798513	0.02686288	0.01798513
1330	-220.4307	-226.6474	6.216656	0.03909868	0.009247337	0.02985134	0.009247337
1340	-223.932	-230.0191	6.087173	0.04268392	0.009137907	0.03354601	0.009137907
1350	-278.9766	-280.4065	1.429877	0.3292993	0.3082186	0.02108064	0.3082186
1360	-247.4648	-252.1116	4.646756	0.08667685	0.04719956	0.03947729	0.04719956
1370	-234.2452	-238.634	4.388772	0.07686877	0.0638493	0.01301947	0.0638493
1380	-248.4927	-253.4922	4.99954	0.07101251	0.02238923	0.04862328	0.02238923
1390	-269.2658	-272.7217	3.455845	0.12296	0.07110549	0.0518545	0.07110549
1400	-212.2805	-218.5011	6.22054	0.02416187	0.008754284	0.01540758	0.008754284
1410	-215.1892	-221.4508	6.261607	0.03177523	0.01292924	0.01884599	0.01292924
1420	-223.6252	-229.2175	5.59224	0.0390872	0.002695795	0.03639141	0.002695795
1430	-246.0891	-251.136	5.046901	0.07072028	0.02481613	0.04590416	0.02481613
1440	-240.3125	-245.3323	5.019757	0.07605046	0.04146234	0.03458812	0.04146234
1450	-266.3417	-270.8737	4.532017	0.07800281	0.01435668	0.06364613	0.01435668
1460	-215.1693	-220.5956	5.426259	0.02391868	0.01385219	0.01006649	0.01385219
1470	-219.6537	-225.0473	5.393643	0.03745873	0.02532226	0.01213648	0.02532226
1480	-229.0914	-234.8614	5.770023	0.05342852	0.02126824	0.03216028	0.02126824
1490	-271.7984	-274.1661	2.367618	0.230035	0.2004448	0.02959018	0.2004448
1500	-245.8354	-249.9882	4.152872	0.1130619	0.09139617	0.02166573	0.09139617
1510	-307.0319	-309.0183	1.986343	0.09166341	0.001069442	0.09059397	0.001069442
1520	-240.6627	-244.7298	4.067124	0.09889923	0.08443241	0.01446682	0.08443241
1530	-235.1521	-240.7971	5.64502	0.05487299	0.01342712	0.04144587	0.01342712
1540	-224.2594	-230.0428	5.783415	0.04976861	0.02770715	0.02206146	0.02770715
1550	-245.0129	-249.4413	4.428359	0.1015005	0.07405785	0.02744269	0.07405785
1560	-210.7233	-216.9691	6.245737	0.02248812	0.004592238	0.01789588	0.004592238
1570	-211.4858	-216.7985	5.312728	0.01440052	0.002033755	0.01236677	0.002033755
1580	-229.0156	-234.3852	5.369661	0.06125397	0.04067387	0.0205801	0.04067387
1590	-245.1992	-250.0666	4.867374	0.0785752	0.03805702	0.04051818	0.03805702
1600	-248.1619	-252.7086	4.546638	0.09108023	0.05277388	0.03830635	0.05277388
1610	-227.8342	-233.4406	5.60636	0.05669953	0.03245048	0.02424905	0.03245048
1620	-234.8023	-240.2685	5.466198	0.06180912	0.0263611	0.03544802	0.0263611
1630	-218.5282	-224.5716	6.04344	0.03822738	0.01945412	0.01877326	0.01945412
1640	-236.5983	-241.8071	5.208795	0.07048044	0.03863383	0.03184661	0.03863383
1650	-257.9694	-261.6718	3.702397	0.06257316	0.001341708	0.06123145	0.001341708
1660	-230.3393	-235.7455	5.406195	0.0628461	0.03903068	0.02381542	0.03903068
1670	-304.1383	-307.4134	3.275062	0.1055863	0.01953311	0.08605316	0.01953311
1680	-228.0105	-233.9468	5.936279	0.04717236	0.01054772	0.03662464	0.01054772
1690	-232.8132	-236.8847	4.071572	0.07094808	0.06054338	0.01040469	0.06054338
1700	-229.5755	-234.648	5.072561	0.06360891	0.04728281	0.0163261	0.04728281
1710	-275.5034	-276.5069	1.003456	0.3208755	0.3083837	0.01249175	0.3083837
1720	-218.4976	-224.7687	6.271059	0.03646134	0.007983066	0.02847828	0.007983066
1730	-219.3231	-225.5796	6.256503	0.03797945	0.009695769	0.02828368	0.009695769
1740	-215.626	-221.7159	6.089945	0.0315314	0.003640099	0.0278913	0.003640099
1750	-220.5711	-226.7845	6.213392	0.03941115	0.00968328	0.02972787	0.00968328
1760	-272.5459	-276.8293	4.28347	0.08384425	0.01680704	0.06703721	0.01680704
1770	-215.5002	-221.6769	6.176624	0.03192058	0.01446465	0.01745593	0.01446465
1780	-222.3082	-228.4276	6.119354	0.04308607	0.01445668	0.02862939	0.01445668
1790	-236.9334	-242.2804	5.347008	0.06508138	0.02852938	0.036552	0.02852938
1800	-232.1553	-237.8965	5.74116	0.05320925	0.0150566	0.03815265	0.0150566
1810	-214.2781	-220.626	6.347955	0.03035156	0.01029207	0.02005949	0.01029207
1820	-230.8235	-236.1755	5.351936	0.06435253	0.04102475	0.02332778	0.04102475
1830	-248.5335	-252.5393	4.00574	0.1217586	0.09864262	0.02311597	0.09864262
1840	-223.1844	-228.8622	5.677746	0.04796787	0.02973597	0.01823189	0.02973597
1850	-244.8774	-249.8225	4.945105	0.07552208	0.03378565	0.04173643	0.03378565
1860	-213.8372	-220.1757	6.338467	0.02966231	0.005687947	0.02397436	0.005687947
1870	-217.3865	-223.6531	6.266602	0.03613429	0.01343858	0.02269571	0.01343858
1880	-234.6423	-240.0925	5.450137	0.06243852	0.02778996	0.03464856	0.02778996
1890	-234.4026	-239.0084	4.605781	0.07759363	0.06248331	0.01511031	0.06248331
1900	-250.9984	-255.1247	4.126322	0.1130303	0.08053867	0.03249166	0.08053867
1910	-270.7029	-272.8571	2.154201	0.2542229	0.2327772	0.02144576	0.2327772
1920	-238.3532	-243.8504	5.497223	0.05870329	0.01550847	0.04319482	0.01550847
1930	-227.7325	-233.2962	5.563666	0.05716766	0.03426154	0.02290612	0.03426154
1940	-216.5124	-222.7485	6.236073	0.0345109	0.01436651	0.0201444	0.01436651
1950	-227.7305	-233.2331	5.502612	0.05781164	0.03639478	0.02141685	0.03639478
1960	-250.4178	-254.2493	3.83147	0.1308892	0.1084732	0.02241608	0.1084732
1970	-236.2298	-241.0127	4.782936	0.0816961	0.06207753	0.01961857	0.06207753
1980	-225.9503	-230.8464	4.896066	0.05274217	0.04064322	0.01209895	0.04064322
1990	-242.7204	-247.0866	4.366193	0.102043	0.08092337	0.02111962	0.08092337
2000	-228.4559	-233.8439	5.387969	0.06003629	0.03993732	0.02009897	0.03993732
2010	-224.0769	-229.8814	5.80453	0.04931969	0.02705853	0.02226116	0.02705853
2020	-232.4558	-237.6537	5.197928	0.06908253	0.0465853	0.02249723	0.0465853
2030	-238.2784	-242.3168	4.038409	0.09024869	0.07755226	0.01269643	0.07755226
2040	-213.9288	-220.2896	6.360847	0.02988164	0.006286991	0.02359465	0.006286991
2050	-252.2688	-257.3245	5.055788	0.06505308	0.009347931	0.05570515	0.009347931
2060	-258.5227	-263.3691	4.84645	0.0691861	0.009225113	0.05996098	0.009225113
2070	-269.5447	-271.5785	2.033779	0.2565095	0.2388716	0.01763793	0.2388716
2080	-263.7449	-268.4194	4.674497	0.073093	0.00989332	0.06319968	0.00989332
2090	-217.9101	-224.2109	6.300827	0.0360802	0.009132437	0.02694777	0.009132437
2100	-210.2211	-216.0273	5.806194	0.02121999	0.002201012	0.01901898	0.002201012
2110	-220.5684	-226.0986	5.530289	0.04083031	0.02697978	0.01385053	0.02697978
2120	-245.3813	-249.8065	4.425193	0.1014793	0.07325891	0.02822041	0.07325891
2130	-227.3358	-232.7989	5.463058	0.05735463	0.03741507	0.01993956	0.03741507
2140	-228.7431	-234.3758	5.632711	0.05697006	0.02999606	0.026974	0.02999606
2150	-227.6854	-233.5526	5.867179	0.04450983	0.005932505	0.03857732	0.005932505
2160	-231.0489	-236.5593	5.51036	0.06098174	0.0325726	0.02840914	0.0325726
2170	-219.8335	-226.0193	6.185858	0.0401055	0.01502401	0.02508149	0.01502401
2180	-224.8591	-230.6863	5.82717	0.05015839	0.02575393	0.02440446	0.02575393
2190	-212.0411	-218.2377	6.196648	0.02629609	0.003718991	0.0225771	0.003718991
2200	-263.999	-266.887	2.888007	0.1927022	0.1667327	0.02596958	0.1667327
2210	-214.3867	-220.2575	5.870771	0.02607337	0.01338881	0.01268457	0.01338881
2220	-244.4391	-249.2426	4.803458	0.08227789	0.04486942	0.03740847	0.04486942
2230	-229.093	-234.7592	5.666171	0.05631675	0.02750395	0.0288128	0.02750395
2240	-250.545	-254.6522	4.107161	0.1151488	0.08438884	0.03076	0.08438884
2250	-212.3057	-218.478	6.172296	0.02675469	0.003584764	0.02316993	0.003584764
2260	-257.6912	-262.3654	4.674223	0.07748277	0.02192458	0.05555819	0.02192458
2270	-265.6306	-267.6936	2.063074	0.2329045	0.2186642	0.01424032	0.2186642
2280	-248.045	-251.4096	3.364599	0.1296513	0.1163527	0.01329858	0.1163527
2290	-230.6716	-236.132	5.460332	0.0620662	0.0360233	0.0260429	0.0360233
2300	-228.3679	-234.1822	5.814257	0.05216983	0.02020882	0.03196101	0.02020882
2310	-328.1628	-328.2929	0.130047	0.2736427	0.1947194	0.07892326	0.1947194
2320	-227.978	-233.535	5.556992	0.05758959	0.03438918	0.02320041	0.03438918
2330	-255.4463	-259.1432	3.696872	0.1371898	0.1073161	0.02987369	0.1073161
2340	-253.3205	-256.5284	3.207918	0.153978	0.1382188	0.01575925	0.1382188
2350	-221.0614	-227.2011	6.139648	0.03868034	0.006476388	0.03220396	0.006476388
2360	-228.19	-234.0313	5.841308	0.05137036	0.01889428	0.03247607	0.01889428
2370	-256.8842	-261.0035	4.119263	0.1026051	0.0578683	0.04473685	0.0578683
2380	-224.7864	-229.4454	4.658963	0.04808264	0.03785948	0.01022315	0.03785948
2390	-216.3783	-222.7186	6.340271	0.03384089	0.008235774	0.02560511	0.008235774
2400	-249.8001	-253.4721	3.672008	0.1340051	0.1156899	0.01831526	0.1156899
2410	-211.2367	-217.2208	5.984103	0.01836011	0.005242323	0.01311779	0.005242323
2420	-248.1447	-253.0061	4.861442	0.07641558	0.03095054	0.04546504	0.03095054
2430	-300.5279	-304.1128	3.584918	0.09511429	0.009069778	0.08604451	0.009069778
2440	-251.6136	-255.5867	3.973115	0.1228425	0.09371639	0.02912608	0.09371639
2450	-220.0471	-226.1432	6.096193	0.04112217	0.01859688	0.02252529	0.01859688
2460	-215.0448	-221.4002	6.355391	0.03193467	0.01025298	0.0216817	0.01025298
2470	-268.4256	-270.6862	2.260524	0.2418501	0.2220567	0.01979334	0.2220567
2480	-253.1474	-257.7982	4.650843	0.08110343	0.03197363	0.0491298	0.03197363
2490	-244.3478	-249.5743	5.22653	0.06519689	0.01834843	0.04684845	0.01834843
2500	-218.4039	-224.4497	6.045804	0.03483833	0.003995032	0.0308433	0.003995032
2510	-237.1824	-242.0619	4.879548	0.08163072	0.05824923	0.02338149	0.05824923
2520	-210.9703	-216.9146	5.944315	0.01769272	0.004380928	0.01331179	0.004380928
2530	-253.2741	-258.1896	4.915549	0.07131331	0.01755796	0.05375534	0.01755796
2540	-219.4628	-225.6118	6.148973	0.0399351	0.01697315	0.02296194	0.01697315
2550	-225.8403	-231.1179	5.277583	0.05388697	0.03849075	0.01539622	0.03849075
2560	-215.0781	-221.4185	6.340425	0.03166081	0.006467673	0.02519314	0.006467673
2570	-224.975	-230.6724	5.697471	0.05155693	0.03030974	0.02124718	0.03030974
2580	-224.5011	-230.5398	6.03876	0.04240469	0.007348415	0.03505628	0.007348415
2590	-280.3604	-281.7952	1.434815	0.3297293	0.3058714	0.02385786	0.3058714
2600	-230.3669	-236.2033	5.836381	0.05029796	0.01254453	0.03775344	0.01254453
2610	-221.968	-227.7245	5.756545	0.0452861	0.02723721	0.01804888	0.02723721
2620	-227.7726	-233.0963	5.323748	0.0588064	0.0407964	0.01801	0.0407964
2630	-232.8922	-238.0316	5.139416	0.07065395	0.04878114	0.02187282	0.04878114
2640	-258.4368	-261.874	3.437179	0.153047	0.1239277	0.02911937	0.1239277
2650	-241.3254	-244.5521	3.226698	0.09988142	0.09031499	0.009566428	0.09031499
2660	-223.3918	-229.333	5.941178	0.04702956	0.02231506	0.0247145	0.02231506
2670	-281.6362	-283.1909	1.554681	0.3060043	0.2757776	0.03022672	0.2757776
2680	-236.0504	-240.707	4.656608	0.08228697	0.06498855	0.01729843	0.06498855
2690	-289.5921	-291.6826	2.090515	0.1844178	0.1261095	0.05830831	0.1261095
2700	-254.6899	-259.1679	4.477928	0.08705671	0.03874746	0.04830925	0.03874746
2710	-210.6508	-216.8826	6.231731	0.02213619	0.004531777	0.01760442	0.004531777
2720	-216.0471	-221.6607	5.613624	0.02865329	0.01699637	0.01165693	0.01699637
2730	-268.047	-271.3891	3.342116	0.1335539	0.08588098	0.04767295	0.08588098
2740	-233.0383	-238.213	5.174725	0.07028248	0.04728063	0.02300185	0.04728063
2750	-236.3033	-241.624	5.320704	0.06637845	0.03188326	0.03449518	0.03188326
2760	-246.8242	-249.1308	2.306622	0.1209837	0.1130772	0.007906493	0.1130772
2770	-229.3148	-234.9779	5.663097	0.05645342	0.02722915	0.02922426	0.02722915
2780	-232.7877	-237.6744	4.886715	0.07248293	0.05540564	0.01707729	0.05540564
2790	-235.5821	-241.2187	5.636592	0.05207407	0.007981037	0.04409303	0.007981037
2800	-223.5484	-229.6474	6.098948	0.04216826	0.008820145	0.03334811	0.008820145
2810	-214.4056	-219.7107	5.305067	0.01889831	0.009767416	0.009130898	0.009767416
2820	-223.4481	-228.8449	5.396758	0.04789975	0.03318651	0.01471324	0.03318651
2830	-239.8367	-244.3587	4.522059	0.09318002	0.07334898	0.01983104	0.07334898
2840	-294.9721	-297.8398	2.867646	0.1244035	0.04992848	0.07447503	0.04992848
2850	-222.2283	-228.1704	5.942139	0.04544504	0.02303283	0.02241221	0.02303283
2860	-239.1549	-243.7961	4.641187	0.08973992	0.06851484	0.02122507	0.06851484
2870	-217.5607	-223.1803	5.619608	0.03313542	0.02053701	0.01259841	0.02053701
2880	-228.0264	-233.7039	5.67748	0.05556202	0.02881268	0.02674934	0.02881268
2890	-214.4501	-220.6786	6.228491	0.03028964	0.004414094	0.02587555	0.004414094
2900	-233.6524	-238.6106	4.958178	0.07421651	0.05493611	0.0192804	0.05493611
2910	-246.0572	-251.1857	5.128475	0.06777037	0.02029924	0.04747114	0.02029924
2920	-281.0326	-283.2885	2.255954	0.197444	0.149815	0.04762898	0.149815
2930	-225.4068	-231.3755	5.968673	0.04771696	0.01734072	0.03037624	0.01734072
2940	-248.0141	-251.9935	3.979457	0.1220012	0.1004675	0.02153368	0.1004675
2950	-217.1656	-223.4575	6.29197	0.03567362	0.01241905	0.02325457	0.01241905
2960	-223.0476	-229.0819	6.034321	0.04529602	0.01826417	0.02703185	0.01826417
2970	-292.5807	-292.5616	-0.01913353	0.5180553	0.5006537	0.01740165	0.5006537
2980	-222.7978	-227.0955	4.29775	0.04006427	0.03187951	0.008184762	0.03187951
2990	-272.447	-274.8861	2.439148	0.2167762	0.1832744	0.03350171	0.1832744
3000	-227.2141	-232.535	5.320831	0.05746619	0.04014928	0.01731691	0.04014928
3010	-235.3398	-240.7299	5.390088	0.06428086	0.02986662	0.03441424	0.02986662
3020	-243.7137	-248.9636	5.249923	0.06471757	0.01837073	0.04634685	0.01837073
3030	-216.0519	-222.3555	6.303542	0.03374882	0.01233395	0.02141487	0.01233395
3040	-234.7374	-238.2801	3.542708	0.07546034	0.06662422	0.00883612	0.06662422
3050	-214.2027	-220.5818	6.37912	0.03040931	0.008856037	0.02155327	0.008856037
3060	-241.8917	-246.7499	4.85821	0.08215052	0.04875746	0.03339306	0.04875746
3070	-218.7843	-224.9989	6.214599	0.03852264	0.01475596	0.02376668	0.01475596
3080	-243.8718	-248.6295	4.757636	0.085161	0.05025113	0.03490986	0.05025113
3090	-258.1709	-261.218	3.04717	0.176095	0.1571912	0.01890379	0.1571912
3100	-225.7084	-229.3283	3.619929	0.04550935	0.03850232	0.007007038	0.03850232
3110	-235.8782	-240.3813	4.503067	0.08225141	0.06704437	0.01520704	0.06704437
3120	-230.5397	-235.0036	4.463905	0.06499348	0.05340364	0.01158985	0.05340364
3130	-232.6688	-237.0394	4.370653	0.07158964	0.05955798	0.01203166	0.05955798
3140	-211.9343	-218.0704	6.136062	0.02208416	0.007915436	0.01416872	0.007915436
3150	-220.9845	-226.9079	5.923424	0.04325791	0.02339364	0.01986426	0.02339364
3160	-222.128	-227.1026	4.974602	0.04197022	0.03121634	0.01075387	0.03121634
3170	-304.0391	-306.3809	2.341818	0.1417742	0.06372442	0.07804975	0.06372442
3180	-235.5091	-240.858	5.348828	0.06570175	0.03211919	0.03358255	0.03211919
3190	-430.4428	-428.4734	-1.969331	0.2834908	0.1373263	0.1461645	0.1373263
3200	-229.6027	-235.4029	5.800167	0.05235948	0.01800377	0.03435571	0.01800377
3210	-279.2169	-282.5443	3.327365	0.1167651	0.05376546	0.06299963	0.05376546
3220	-228.3011	-234.16	5.858909	0.04520286	0.00624705	0.03895581	0.00624705
3230	-242.4347	-247.8341	5.399393	0.05818353	0.009506431	0.0486771	0.009506431
3240	-210.9635	-216.5803	5.616792	0.01565086	0.002647626	0.01300323	0.002647626
3250	-212.1894	-218.5582	6.368815	0.02628856	0.006773914	0.01951464	0.006773914
3260	-244.2123	-249.3342	5.121879	0.05587791	0.004078263	0.05179964	0.004078263
3270	-232.5847	-238.1664	5.581688	0.05867579	0.02460348	0.03407231	0.02460348
3280	-233.4666	-238.5142	5.047617	0.07290161	0.05212396	0.02077765	0.05212396
3290	-239.198	-244.4603	5.26232	0.06695253	0.02813526	0.03881727	0.02813526
3300	-259.4358	-264.2049	4.769158	0.07303166	0.01384043	0.05919123	0.01384043
3310	-221.6967	-227.8092	6.112489	0.04291796	0.01620823	0.02670974	0.01620823
3320	-246.8878	-250.8821	3.994295	0.1193247	0.09929519	0.02002949	0.09929519
3330	-263.079	-267.6235	4.544504	0.07927797	0.01916385	0.06011412	0.01916385
3340	-216.2757	-222.4027	6.127006	0.03344664	0.01598291	0.01746373	0.01598291
3350	-237.244	-242.8116	5.567633	0.05647924	0.01325489	0.04322435	0.01325489
3360	-228.8752	-234.6659	5.790705	0.05282801	0.02048003	0.03234798	0.02048003
3370	-292.7441	-294.9543	2.210196	0.1662277	0.1019405	0.06428718	0.1019405
3380	-214.9026	-220.249	5.346381	0.02193414	0.01239897	0.009535173	0.01239897
3390	-218.3969	-224.4543	6.057394	0.03798084	0.01911034	0.0188705	0.01911034
3400	-266.6731	-271.1826	4.509415	0.07868013	0.01499173	0.0636884	0.01499173
3410	-256.037	-259.2266	3.189648	0.1649568	0.146512	0.01844479	0.146512
3420	-217.7302	-224.0016	6.271462	0.03519234	0.006849076	0.02834326	0.006849076
3430	-236.2617	-240.9186	4.65691	0.0828618	0.06532468	0.01753712	0.06532468
3440	-226.2269	-231.7233	5.496354	0.05490374	0.03590048	0.01900326	0.03590048
3450	-260.3246	-265.1113	4.786713	0.07064464	0.00960274	0.0610419	0.00960274
3460	-229.4643	-235.0461	5.581844	0.05853237	0.03150387	0.0270285	0.03150387
3470	-251.5972	-256.0422	4.445047	0.09199853	0.04949717	0.04250137	0.04949717
3480	-225.0861	-229.9436	4.857526	0.05000473	0.03858309	0.01142163	0.03858309
3490	-216.4815	-222.5991	6.1176	0.03387897	0.01633905	0.01753991	0.01633905
3500	-271.2964	-274.2888	2.992401	0.1546908	0.1087858	0.04590499	0.1087858
3510	-257.3692	-260.8714	3.50217	0.1495847	0.1210853	0.02849948	0.1210853
3520	-266.4537	-269.2734	2.819751	0.1937031	0.1637289	0.02997415	0.1637289
3530	-233.9848	-239.5446	5.559787	0.05890159	0.02249324	0.03640835	0.02249324
3540	-227.168	-232.347	5.179005	0.05723098	0.04181694	0.01541404	0.04181694
3550	-280.4837	-284.3326	3.848802	0.09505917	0.02486278	0.07019639	0.02486278
3560	-237.6377	-243.2029	5.565179	0.05382702	0.00826643	0.04556059	0.00826643
3570	-233.3617	-238.7526	5.390969	0.06479196	0.03478218	0.03000978	0.03478218
3580	-234.1395	-238.7908	4.651294	0.07676594	0.06137386	0.01539209	0.06137386
3590	-253.8911	-257.6738	3.782653	0.1332392	0.1045212	0.02871804	0.1045212
3600	-213.2455	-218.6869	5.441423	0.01499669	0.005199359	0.00979733	0.005199359
3610	-234.7506	-240.1508	5.400111	0.06415899	0.03073511	0.03342388	0.03073511
3620	-227.5395	-233.0933	5.553764	0.05699896	0.03469909	0.02229986	0.03469909
3630	-223.832	-229.379	5.547006	0.04934124	0.03241141	0.01692982	0.03241141
3640	-240.7818	-245.9705	5.188723	0.06875996	0.02877203	0.03998793	0.02877203
3650	-228.2642	-234.052	5.787759	0.05293227	0.0221031	0.03082917	0.0221031
3660	-241.2735	-245.2421	3.968611	0.1012565	0.08727202	0.01398445	0.08727202
3670	-212.9049	-219.2441	6.339193	0.02805477	0.005387597	0.02266717	0.005387597
3680	-222.475	-227.61	5.134999	0.04389384	0.03200752	0.01188632	0.03200752
3690	-214.1967	-220.3139	6.117246	0.02807482	0.01284935	0.01522548	0.01284935
3700	-227.7231	-233.0828	5.359733	0.05860437	0.04005437	0.01855	0.04005437
3710	-220.3028	-226.4888	6.186055	0.040548	0.01427249	0.0262755	0.01427249
3720	-253.7221	-258.6287	4.906626	0.07137919	0.01718441	0.05419478	0.01718441
3730	-269.9996	-272.5619	2.562296	0.2117165	0.1806961	0.03102043	0.1806961
3740	-271.4139	-273.6142	2.200247	0.2508454	0.2269501	0.02389535	0.2269501
3750	-251.43	-256.2172	4.787249	0.07701686	0.0279655	0.04905137	0.0279655
3760	-255.9769	-259.0877	3.110869	0.1665057	0.1493118	0.01719388	0.1493118
3770	-265.7654	-266.2984	0.5329554	0.2327443	0.2254735	0.007270825	0.2254735
3780	-238.5815	-243.743	5.161544	0.07128624	0.03641759	0.03486865	0.03641759
3790	-214.7444	-220.8454	6.101051	0.03037751	0.003536188	0.02684133	0.003536188
3800	-224.3616	-230.1059	5.744208	0.05019857	0.02890341	0.02129516	0.02890341
3810	-238.0584	-243.6012	5.542857	0.05384797	0.007775575	0.04607239	0.007775575
3820	-277.0981	-278.8263	1.728179	0.297376	0.2732344	0.02414161	0.2732344
3830	-236.4352	-242.0191	5.583939	0.05653351	0.0144767	0.04205682	0.0144767
3840	-223.3526	-229.1656	5.812931	0.03945991	0.00365718	0.03580273	0.00365718
3850	-211.1327	-217.2615	6.128815	0.02430389	0.0032816	0.02102229	0.0032816
3860	-244.0331	-248.843	4.809906	0.08238806	0.04565627	0.03673179	0.04565627
3870	-225.248	-231.1321	5.884049	0.04180646	0.004832558	0.0369739	0.004832558
3880	-220.7917	-226.7899	5.998127	0.04276412	0.02149814	0.02126598	0.02149814
3890	-233.2984	-237.9707	4.672291	0.074219	0.05928915	0.01492985	0.05928915
3900	-216.9488	-223.2768	6.328	0.03496486	0.009885513	0.02507935	0.009885513
3910	-216.8037	-223.1369	6.333179	0.03464682	0.009297791	0.02534903	0.009297791
3920	-239.2079	-241.4275	2.219632	0.08653801	0.08020717	0.00633084	0.08020717
3930	-244.9201	-249.4061	4.486027	0.09857306	0.06954919	0.02902387	0.06954919
3940	-222.2938	-228.1615	5.867733	0.04590377	0.02520427	0.0206995	0.02520427
3950	-218.0491	-224.2752	6.226063	0.0373551	0.01474258	0.02261252	0.01474258
3960	-218.4058	-224.6849	6.27912	0.03646896	0.008356204	0.02811275	0.008356204
3970	-221.9343	-225.1922	3.25794	0.00782002	0.001487604	0.006332416	0.001487604
3980	-214.7183	-220.7782	6.059901	0.02892717	0.01401938	0.01490779	0.01401938
3990	-233.7811	-238.6177	4.836513	0.07530238	0.05787085	0.01743153	0.05787085
4000	-248.0025	-252.0659	4.063391	0.1189201	0.09537515	0.02354491	0.09537515
4010	-259.412	-262.5585	3.146492	0.1743437	0.1513503	0.02299335	0.1513503
4020	-253.054	-256.4665	3.412489	0.1496857	0.1314491	0.01823656	0.1314491
4030	-235.6007	-241.2459	5.645217	0.05257472	0.008807246	0.04376748	0.008807246
4040	-252.7562	-256.0898	3.333649	0.1500294	0.1332705	0.01675893	0.1332705
4050	-238.0564	-243.1652	5.108851	0.05058373	0.002840522	0.04774321	0.002840522
4060	-223.1971	-226.4188	3.221709	0.03540853	0.0296315	0.005777033	0.0296315
4070	-251.7315	-256.4076	4.676127	0.0811576	0.0336742	0.04748341	0.0336742
4080	-221.0292	-226.6012	5.572076	0.04228618	0.02766147	0.01462471	0.02766147
4090	-268.5661	-272.327	3.760843	0.106613	0.05070472	0.05590832	0.05070472
4100	-221.7274	-225.8805	4.153049	0.03590407	0.0284135	0.007490571	0.0284135
4110	-220.495	-226.5711	6.076037	0.04193078	0.01911977	0.02281101	0.01911977
4120	-220.0136	-226.2469	6.23328	0.03890933	0.01006515	0.02884417	0.01006515
4130	-227.0018	-231.1919	4.190143	0.05247451	0.04348645	0.00898806	0.04348645
4140	-268.939	-272.0455	3.106547	0.1514023	0.1073633	0.04403901	0.1073633
4150	-213.6916	-220.0639	6.372339	0.02931416	0.009022311	0.02029185	0.009022311
4160	-317.6012	-316.5101	-1.091093	0.5954411	0.5491977	0.04624334	0.5491977
4170	-249.6493	-254.5919	4.942521	0.07239713	0.02314169	0.04925544	0.02314169
4180	-241.9931	-246.9238	4.930698	0.07865039	0.04293345	0.03571694	0.04293345
4190	-223.2808	-228.9898	5.709002	0.04817751	0.02926196	0.01891555	0.02926196
4200	-245.9209	-250.698	4.777107	0.08200002	0.04229665	0.03970337	0.04229665
4210	-222.2923	-228.1838	5.891502	0.04581664	0.02456626	0.02125037	0.02456626
4220	-241.1022	-246.2444	5.14218	0.07035444	0.03089993	0.03945451	0.03089993
4230	-220.3017	-223.4625	3.160796	0.01206447	0.007233615	0.004830853	0.007233615
4240	-271.0628	-274.1908	3.12795	0.1432679	0.09484487	0.04842307	0.09484487
4250	-212.6137	-218.9604	6.346714	0.02666586	0.008374678	0.01829118	0.008374678
4260	-220.7108	-226.689	5.978203	0.04266086	0.02200933	0.02065154	0.02200933
4270	-217.7886	-223.1505	5.361899	0.0318307	0.02088273	0.01094796	0.02088273
4280	-226.3284	-232.3024	5.973974	0.04737971	0.01434267	0.03303704	0.01434267
4290	-285.9706	-288.5494	2.57883	0.1521797	0.09120643	0.06097327	0.09120643
4300	-224.3622	-230.0737	5.711539	0.05036535	0.02980581	0.02055954	0.02980581
4310	-262.8494	-266.0254	3.175915	0.1662805	0.1342451	0.03203544	0.1342451
4320	-243.5597	-248.145	4.585329	0.09437009	0.06549164	0.02887845	0.06549164
4330	-224.29	-230.3314	6.04136	0.04555729	0.01506305	0.03049424	0.01506305
4340	-398.2123	-399.4268	1.21447	0.1519906	0.01151408	0.1404765	0.01151408
4350	-246.9992	-252.1769	5.177697	0.0653163	0.01540579	0.04991051	0.01540579
4360	-298.8133	-300.7484	1.935076	0.1751571	0.1072375	0.06791961	0.1072375
4370	-239.1137	-244.0961	4.982318	0.07848426	0.04775597	0.03072829	0.04775597
4380	-258.4835	-262.9343	4.450789	0.08517385	0.03197509	0.05319875	0.03197509
4390	-215.7769	-221.718	5.9411	0.03074587	0.01638209	0.01436379	0.01638209
4400	-274.0868	-276.2734	2.186593	0.2451997	0.2152985	0.02990117	0.2152985
4410	-243.4533	-248.3253	4.871937	0.05426288	0.002661182	0.05160169	0.002661182
4420	-215.3586	-221.702	6.343489	0.03250112	0.01078898	0.02171214	0.01078898
4430	-273.2625	-275.6606	2.398105	0.2183114	0.1839876	0.03432378	0.1839876
4440	-221.7921	-227.9424	6.150254	0.03998237	0.007808703	0.03217366	0.007808703
4450	-251.7843	-256.3556	4.571365	0.05984017	0.002589781	0.05725038	0.002589781
4460	-220.9092	-227.0538	6.14452	0.04174391	0.01570259	0.02604133	0.01570259
4470	-252.9687	-257.2662	4.297505	0.09823284	0.05662146	0.04161138	0.05662146
4480	-232.4035	-238.1309	5.727477	0.05360228	0.01537935	0.03822293	0.01537935
4490	-216.8508	-223.0816	6.230809	0.03518105	0.01462835	0.02055269	0.01462835
4500	-291.3392	-291.6789	0.3397382	0.4751112	0.4537394	0.02137178	0.4537394
4510	-262.7418	-267.3735	4.631734	0.07633716	0.01536601	0.06097115	0.01536601
4520	-227.5607	-233.5045	5.943792	0.04775628	0.0125864	0.03516988	0.0125864
4530	-237.2008	-242.3311	5.130342	0.07328016	0.04244402	0.03083614	0.04244402
4540	-218.687	-224.9514	6.264481	0.03780175	0.01193278	0.02586897	0.01193278
4550	-278.0199	-280.2234	2.203524	0.2197648	0.1795789	0.04018587	0.1795789
4560	-236.5609	-240.753	4.192055	0.08437242	0.07150864	0.01286379	0.07150864
4570	-214.4206	-220.7828	6.362139	0.03071069	0.006666089	0.0240446	0.006666089
4580	-240.6062	-245.6607	5.054487	0.07431854	0.03812461	0.03619394	0.03812461
4590	-221.1731	-224.4381	3.264959	0.0286536	0.02313595	0.005517657	0.02313595
4600	-277.8541	-280.8291	2.975016	0.1395948	0.08343676	0.05615801	0.08343676
4610	-267.9548	-271.718	3.763238	0.1071783	0.05204603	0.05513228	0.05204603
4620	-236.3781	-241.5212	5.14319	0.07301145	0.04369124	0.0293202	0.04369124
4630	-242.4389	-247.4992	5.060342	0.07267191	0.03269419	0.03997772	0.03269419
4640	-242.3085	-246.9601	4.651604	0.09177796	0.06380572	0.02797224	0.06380572
4650	-231.3114	-236.7612	5.449787	0.06268531	0.03554211	0.02714319	0.03554211
4660	-227.6912	-233.3656	5.674389	0.05538253	0.02946567	0.02591686	0.02946567
4670	-214.5685	-220.94	6.371556	0.0310123	0.007256163	0.02375614	0.007256163
4680	-255.8177	-259.6971	3.879481	0.1212391	0.08474449	0.03649463	0.08474449
4690	-225.5645	-231.3865	5.821984	0.05095479	0.0252021	0.02575269	0.0252021
4700	-220.4096	-226.3062	5.89661	0.0366208	0.003506186	0.03311461	0.003506186
4710	-257.7658	-260.9839	3.218111	0.1684527	0.1468572	0.02159552	0.1468572
4720	-224.8412	-229.3904	4.549255	0.04766628	0.0379267	0.009739577	0.0379267
4730	-262.5185	-265.8677	3.34923	0.1492528	0.11266	0.03659281	0.11266
4740	-215.4076	-221.647	6.239351	0.03212888	0.01350912	0.01861976	0.01350912
4750	-266.9602	-270.7064	3.746149	0.1092787	0.05578756	0.05349112	0.05578756
4760	-217.8716	-222.8035	4.931874	0.02876022	0.01985766	0.008902564	0.01985766
4770	-231.0539	-236.3046	5.250732	0.06611806	0.04483103	0.02128703	0.04483103
4780	-258.5317	-261.5173	2.985658	0.1791489	0.1607808	0.01836802	0.1607808
4790	-248.3216	-249.851	1.529375	0.124644	0.1182657	0.006378277	0.1182657
4800	-230.5803	-235.4493	4.869092	0.06629762	0.05145761	0.01484001	0.05145761
4810	-284.7289	-287.8516	3.122623	0.1213154	0.05462748	0.06668789	0.05462748
4820	-232.2666	-237.7593	5.492655	0.06161815	0.0309719	0.03064625	0.0309719
4830	-232.6834	-236.9057	4.222293	0.07110768	0.05996894	0.01113874	0.05996894
4840	-278.4259	-281.2624	2.836529	0.1487263	0.09407633	0.05464994	0.09407633
4850	-219.0294	-225.0181	5.988724	0.03537396	0.003756729	0.03161723	0.003756729
4860	-251.8412	-256.8645	5.02333	0.06805439	0.01424419	0.0538102	0.01424419
4870	-249.055	-254.1965	5.141455	0.06512343	0.01282205	0.05230138	0.01282205
4880	-221.0583	-226.962	5.903698	0.04341517	0.02385288	0.01956229	0.02385288
4890	-242.7307	-247.415	4.684275	0.08999506	0.05999163	0.03000343	0.05999163
4900	-232.9855	-237.8287	4.843134	0.07313916	0.05645847	0.01668069	0.05645847
4910	-225.292	-230.3571	5.065057	0.05159495	0.03862789	0.01296706	0.03862789
4920	-275.6145	-278.5513	2.936853	0.1474154	0.09525459	0.05216085	0.09525459
4930	-223.8093	-229.6813	5.872047	0.04832887	0.0247777	0.02355117	0.0247777
4940	-261.8581	-266.5507	4.692636	0.06918704	0.006182063	0.06300498	0.006182063
4950	-220.7332	-225.6252	4.891991	0.03735765	0.02757854	0.009779112	0.02757854
4960	-252.8233	-256.6452	3.82199	0.1317839	0.1044473	0.02733664	0.1044473
4970	-216.177	-222.4916	6.314607	0.03397938	0.0118932	0.02208619	0.0118932
4980	-223.8784	-229.9008	6.022381	0.04598975	0.01736982	0.02861993	0.01736982
4990	-214.3674	-220.1842	5.816834	0.02928945	0.002366259	0.02692319	0.002366259
5000	-223.9692	-229.3803	5.411063	0.04933202	0.03402483	0.01530719	0.03402483
5010	-240.1577	-244.7762	4.618493	0.09183397	0.06938025	0.02245372	0.06938025
5020	-271.661	-275.1913	3.530286	0.1149177	0.05843393	0.05648374	0.05843393
5030	-242.37	-246.276	3.905967	0.1054352	0.09125613	0.01417908	0.09125613
5040	-266.9049	-271.2151	4.310254	0.08547004	0.02410352	0.06136651	0.02410352
5050	-235.4641	-240.8326	5.368522	0.0492785	0.003655509	0.04562299	0.003655509
5060	-217.8906	-221.9726	4.082052	0.02101487	0.01466303	0.006351848	0.01466303
5070	-231.337	-237.1468	5.809804	0.04994123	0.01028604	0.03965518	0.01028604
5080	-277.59	-281.3775	3.787518	0.09852613	0.03186184	0.06666429	0.03186184
5090	-226.2095	-231.3807	5.171262	0.05458957	0.04004266	0.01454691	0.04004266
5100	-243.3564	-248.4435	5.087084	0.07096535	0.02871463	0.04225072	0.02871463
5110	-292.4175	-296.225	3.807469	0.09088344	0.009823194	0.08106025	0.009823194
5120	-255.7108	-259.9118	4.200951	0.09967116	0.05522653	0.04444463	0.05522653
5130	-244.4529	-248.6503	4.197365	0.1093001	0.08894869	0.02035143	0.08894869
5140	-245.2805	-250.5501	5.2696	0.06272278	0.01335451	0.04936827	0.01335451
5150	-251.4047	-255.2467	3.842025	0.131139	0.1064638	0.02467523	0.1064638
5160	-239.6856	-244.5054	4.819742	0.08502706	0.05799458	0.02703248	0.05799458
5170	-220.1485	-226.3706	6.222057	0.03856832	0.008642967	0.02992536	0.008642967
5180	-241.5894	-244.3371	2.747737	0.09897214	0.09097353	0.007998602	0.09097353
5190	-213.3122	-219.5627	6.250512	0.02716127	0.01059434	0.01656694	0.01059434
5200	-223.4699	-229.4539	5.983967	0.04648985	0.02023009	0.02625976	0.02023009
5210	-237.7074	-242.9812	5.273765	0.06740233	0.03125534	0.03614699	0.03125534
5220	-210.6218	-216.4153	5.793521	0.02260044	0.002128105	0.02047234	0.002128105
5230	-215.545	-221.8975	6.352491	0.03283011	0.01021161	0.0226185	0.01021161
5240	-220.2308	-226.2872	6.056383	0.04159346	0.01982704	0.02176642	0.01982704
5250	-245.5103	-250.2443	4.734008	0.08453391	0.04675523	0.03777868	0.04675523
5260	-212.627	-217.5188	4.891746	0.01289114	0.001576722	0.01131442	0.001576722
5270	-223.8829	-229.5543	5.671408	0.04950725	0.0304679	0.01903935	0.0304679
5280	-235.3102	-239.6933	4.383159	0.08039712	0.06676321	0.01363392	0.06676321
5290	-217.1065	-223.4312	6.324646	0.03501926	0.009093967	0.0259253	0.009093967
5300	-332.4637	-334.5832	2.11951	0.13485	0.03463604	0.1002139	0.03463604
5310	-268.2057	-271.5315	3.325726	0.1344534	0.08684882	0.04760456	0.08684882
5320	-228.1975	-232.4417	4.244188	0.05651809	0.04694774	0.009570358	0.04694774
5330	-237.3871	-242.748	5.360858	0.06432999	0.02649731	0.03783268	0.02649731
5340	-233.9318	-239.6334	5.701611	0.05325433	0.01235316	0.04090117	0.01235316
5350	-214.3625	-220.587	6.224457	0.02952775	0.01244562	0.01708213	0.01244562
5360	-223.3935	-229.3023	5.908787	0.04740213	0.02364374	0.02375838	0.02364374
5370	-229.5806	-234.9753	5.3947	0.06197936	0.03988645	0.02209291	0.03988645
5380	-232.9331	-238.4141	5.480989	0.06190898	0.03010797	0.03180101	0.03010797
5390	-260.0267	-264.5718	4.545049	0.0807808	0.0242412	0.0565396	0.0242412
5400	-283.4976	-287.3499	3.852312	0.09379304	0.02069779	0.07309525	0.02069779
5410	-230.3023	-235.3982	5.095919	0.06546904	0.04806082	0.01740821	0.04806082
5420	-273.8945	-278.0427	4.148152	0.08782386	0.02097451	0.06684935	0.02097451
5430	-230.9524	-235.527	4.574626	0.06671142	0.05417762	0.0125338	0.05417762
5440	-269.8075	-272.9403	3.132783	0.146321	0.1000265	0.0462945	0.1000265
5450	-225.3823	-230.6297	5.247421	0.05256531	0.0378799	0.01468541	0.0378799
5460	-214.0076	-220.1897	6.182037	0.02822368	0.01221213	0.01601155	0.01221213
5470	-213.3196	-219.7021	6.3825	0.02882847	0.006867747	0.02196072	0.006867747
5480	-251.3662	-256.4209	5.054673	0.067048	0.01324463	0.05380336	0.01324463
5490	-234.0003	-238.8662	4.865983	0.07571163	0.05757015	0.01814148	0.05757015
5500	-236.2265	-241.0285	4.802077	0.08145749	0.06147413	0.01998336	0.06147413
5510	-218.4816	-224.1426	5.660984	0.03599318	0.02242027	0.01357291	0.02242027
5520	-225.6053	-231.3982	5.792916	0.05145372	0.02648908	0.02496464	0.02648908
5530	-256.7549	-261.3308	4.575888	0.08154333	0.0286726	0.05287073	0.0286726
5540	-215.2964	-220.6193	5.322902	0.02324743	0.01365565	0.00959178	0.01365565
5550	-237.5063	-242.1613	4.655031	0.08606188	0.06702705	0.01903482	0.06702705
5560	-243.7938	-248.5793	4.785456	0.08384424	0.04830907	0.03553517	0.04830907
5570	-228.0096	-233.9082	5.89868	0.04947897	0.01527975	0.03419923	0.01527975
5580	-273.3969	-277.6441	4.247174	0.08471288	0.01723518	0.0674777	0.01723518
5590	-246.2174	-250.5161	4.298649	0.1076235	0.081322	0.02630153	0.081322
5600	-227.156	-233.0404	5.884375	0.04402987	0.005881452	0.03814842	0.005881452
5610	-259.1264	-263.2627	4.136264	0.0985949	0.04981442	0.04878048	0.04981442
5620	-292.2397	-292.345	0.1053567	0.505105	0.4863726	0.01873246	0.4863726
5630	-230.798	-236.521	5.722948	0.04680105	0.005435443	0.0413656	0.005435443
5640	-215.3529	-221.6366	6.283716	0.03226555	0.01262389	0.01964167	0.01262389
5650	-245.836	-249.9253	4.08929	0.1147401	0.09443127	0.02030881	0.09443127
5660	-264.0225	-268.3947	4.372231	0.08475895	0.02585775	0.0589012	0.02585775
5670	-212.8489	-219.2309	6.381972	0.02773562	0.007501176	0.02023445	0.007501176
5680	-246.1018	-250.2342	4.13242	0.1141039	0.09243855	0.02166533	0.09243855
5690	-276.8754	-280.7511	3.875697	0.09573793	0.02884409	0.06689384	0.02884409
5700	-253.9442	-258.8089	4.864701	0.07277157	0.01899256	0.05377901	0.01899256
5710	-216.4516	-222.4953	6.043761	0.03332025	0.01701886	0.0163014	0.01701886
5720	-249.7151	-253.7852	4.070137	0.1185906	0.09104625	0.02754437	0.09104625
5730	-231.5125	-236.7648	5.252304	0.06685084	0.04473671	0.02211413	0.04473671
5740	-223.8431	-229.8739	6.030791	0.0457782	0.01691647	0.02886174	0.01691647
5750	-232.3595	-237.9301	5.570625	0.05910231	0.02585791	0.0332444	0.02585791
5760	-217.0464	-223.1786	6.132165	0.03526467	0.01673247	0.0185322	0.01673247
5770	-215.3983	-221.6764	6.278091	0.03183634	0.005352464	0.02648387	0.005352464
5780	-217.6529	-222.9508	5.297939	0.03092666	0.0204085	0.01051817	0.0204085
5790	-272.9988	-275.7328	2.733984	0.175438	0.1323319	0.04310606	0.1323319
5800	-238.5522	-243.9627	5.410473	0.06188883	0.02059725	0.04129159	0.02059725
5810	-220.3651	-226.4858	6.12072	0.04142113	0.01749244	0.02392869	0.01749244
5820	-225.6407	-231.6413	6.000654	0.04355242	0.007556504	0.03599592	0.007556504
5830	-248.2303	-250.4212	2.190981	0.1274705	0.1195784	0.007892043	0.1195784
5840	-242.4578	-247.8469	5.389102	0.05728459	0.008058974	0.04922561	0.008058974
5850	-230.311	-235.5414	5.230368	0.06488081	0.04517316	0.01970765	0.04517316
5860	-221.9141	-228.0402	6.126191	0.04277384	0.0149162	0.02785763	0.0149162
5870	-215.6415	-221.9797	6.338251	0.03301504	0.01097683	0.0220382	0.01097683
5880	-275.1997	-278.2598	3.060052	0.1388451	0.08509448	0.05375061	0.08509448
5890	-234.583	-238.7643	4.181279	0.07745473	0.06569912	0.01175561	0.06569912
5900	-222.9228	-229.0468	6.123976	0.0427693	0.01178643	0.03098286	0.01178643
5910	-226.8551	-232.4906	5.635475	0.05507509	0.03197332	0.02310178	0.03197332
5920	-248.8051	-252.9298	4.124722	0.1159803	0.08892036	0.02705996	0.08892036
5930	-216.112	-222.4625	6.350544	0.03360293	0.009006587	0.02459634	0.009006587
5940	-248.9995	-253.4152	4.415646	0.09741053	0.06089768	0.03651285	0.06089768
5950	-254.7213	-259.6923	4.971009	0.06619315	0.00857819	0.05761496	0.00857819
5960	-225.4524	-231.1641	5.711642	0.05223377	0.02980319	0.02243057	0.02980319
5970	-234.6947	-239.8712	5.176521	0.07168867	0.04520215	0.02648652	0.04520215
5980	-216.6024	-222.3549	5.752541	0.03146847	0.01837386	0.01309461	0.01837386
5990	-224.8063	-230.7207	5.914381	0.04872582	0.02172695	0.02699887	0.02172695
6000	-222.6123	-227.8474	5.235066	0.04483127	0.03215147	0.0126798	0.03215147
6010	-266.4553	-269.5052	3.049922	0.1664723	0.1293352	0.03713709	0.1293352
6020	-218.531	-224.7028	6.17182	0.03555646	0.005335251	0.03022121	0.005335251
6030	-263.1504	-267.811	4.660583	0.07486104	0.01291235	0.06194868	0.01291235
6040	-240.3366	-244.8079	4.471318	0.09508328	0.07549734	0.01958594	0.07549734
6050	-213.8678	-220.2503	6.382403	0.02983454	0.007232464	0.02260207	0.007232464
6060	-221.9397	-226.9908	5.051067	0.04187151	0.03077231	0.0110992	0.03077231
6070	-223.0476	-226.7282	3.680581	0.03589674	0.0005978102	0.03529893	0.0005978102
6080	-223.5665	-229.0982	5.531724	0.04865421	0.03221645	0.01643777	0.03221645
6090	-362.0834	-364.1182	2.034793	0.1308254	0.009915181	0.1209102	0.009915181
6100	-296.0026	-299.7142	3.711572	0.09185224	0.008335319	0.08351692	0.008335319
6110	-211.8736	-217.6859	5.812282	0.02541554	0.002185534	0.02323	0.002185534
6120	-264.2431	-268.3802	4.137105	0.09355632	0.03763462	0.0559217	0.03763462
6130	-228.3506	-232.9098	4.559157	0.05848008	0.04732185	0.01115822	0.04732185
6140	-222.1481	-228.276	6.127825	0.04281708	0.01422616	0.02859092	0.01422616
6150	-223.1195	-229.2369	6.117358	0.04293746	0.01168443	0.03125303	0.01168443
6160	-238.3928	-243.6441	5.251276	0.06786031	0.03091716	0.03694315	0.03091716
6170	-253.6131	-257.4752	3.862047	0.1276763	0.09711254	0.03056378	0.09711254
6180	-228.7133	-234.4285	5.715191	0.0549514	0.02544852	0.02950288	0.02544852
6190	-223.7477	-229.8075	6.059848	0.04157149	0.007078146	0.03449334	0.007078146
6200	-242.0309	-246.7515	4.720605	0.08868484	0.05921467	0.02947017	0.05921467
6210	-229.7735	-235.2362	5.462698	0.06122433	0.03700852	0.02421581	0.03700852
6220	-216.0724	-221.7244	5.651955	0.0290706	0.01712344	0.01194716	0.01712344
6230	-214.0445	-220.3805	6.336068	0.02999391	0.00573182	0.02426209	0.00573182
6240	-252.8609	-257.0116	4.150612	0.1077041	0.07012524	0.03757883	0.07012524
6250	-264.9065	-269.0346	4.128033	0.09342396	0.03680074	0.05662321	0.03680074
6260	-218.6331	-223.3693	4.736194	0.02978922	0.02135841	0.00843081	0.02135841
6270	-235.0808	-239.8632	4.782424	0.07896407	0.06086082	0.01810325	0.06086082
6280	-278.5235	-280.9382	2.414616	0.1892993	0.1428438	0.04645549	0.1428438
6290	-235.9082	-239.7487	3.840459	0.08098045	0.0705421	0.01043835	0.0705421
6300	-210.353	-216.1321	5.779162	0.01722488	0.00272177	0.01450311	0.00272177
6310	-222.7647	-225.8118	3.047058	0.007517666	0.001355294	0.006162372	0.001355294
6320	-248.4294	-252.6177	4.188337	0.1125323	0.08439737	0.02813493	0.08439737
6330	-229.2486	-234.7706	5.521976	0.05961658	0.03482461	0.02479197	0.03482461
6340	-310.3326	-311.9954	1.662754	0.1745647	0.09726949	0.0772952	0.09726949
6350	-218.4894	-224.7412	6.251755	0.03779953	0.01318458	0.02461495	0.01318458
6360	-226.7682	-232.2169	5.44868	0.05621826	0.03735162	0.01886664	0.03735162
6370	-248.0912	-252.6777	4.586511	0.08902828	0.04982975	0.03919853	0.04982975
6380	-241.6909	-246.3132	4.622309	0.09302582	0.06735501	0.02567081	0.06735501
6390	-221.6315	-227.6925	6.060962	0.04359138	0.01888845	0.02470293	0.01888845
6400	-298.1931	-301.0037	2.81056	0.1245797	0.04757649	0.07700322	0.04757649
6410	-214.6971	-220.5235	5.826388	0.02974954	0.00242225	0.02732729	0.00242225
6420	-244.1407	-247.535	3.394348	0.1124417	0.1010039	0.01143784	0.1010039
6430	-210.9848	-217.2061	6.221308	0.02153468	0.005730289	0.01580439	0.005730289
6440	-235.6342	-241.2317	5.597501	0.05661049	0.015772	0.04083849	0.015772
6450	-217.9544	-223.3463	5.391863	0.03255097	0.02133804	0.01121294	0.02133804
6460	-221.1078	-227.2949	6.187133	0.03959257	0.008604373	0.03098819	0.008604373
6470	-228.5685	-234.2261	5.65756	0.05631437	0.02896544	0.02734893	0.02896544
6480	-239.2147	-244.0255	4.81083	0.08524211	0.05953412	0.02570799	0.05953412
6490	-249.163	-254.2042	5.041171	0.06912441	0.01876713	0.05035729	0.01876713
6500	-289.73	-291.5997	1.869761	0.2071802	0.1524593	0.05472089	0.1524593
6510	-234.2957	-239.9768	5.681076	0.05397192	0.01309252	0.0408794	0.01309252
6520	-229.5712	-234.318	4.746795	0.06299125	0.04995365	0.01303761	0.04995365
6530	-240.4474	-245.0365	4.589177	0.09297405	0.07069937	0.02227468	0.07069937
6540	-283.356	-285.8158	2.459869	0.1679528	0.1125082	0.05544461	0.1125082
6550	-222.4242	-228.4641	6.039876	0.03957413	0.005502155	0.03407198	0.005502155
6560	-230.6744	-236.2334	5.559023	0.05955487	0.03048746	0.02906741	0.03048746
6570	-240.3385	-245.2555	4.917004	0.0806316	0.04905057	0.03158104	0.04905057
6580	-280.7346	-281.6866	0.9519706	0.3676854	0.351569	0.01611644	0.351569
6590	-265.5842	-270.0998	4.515609	0.07071997	0.005052782	0.06566719	0.005052782
6600	-246.2901	-248.891	2.600886	0.1196912	0.1110091	0.00868213	0.1110091
6610	-231.8198	-236.6871	4.867364	0.06985499	0.05398419	0.0158708	0.05398419
6620	-219.1183	-224.5711	5.452791	0.0363417	0.02408295	0.01225876	0.02408295
6630	-230.8678	-236.6642	5.79645	0.05181767	0.01460289	0.03721478	0.01460289
6640	-265.5936	-268.9989	3.405288	0.1346393	0.09001671	0.04462263	0.09001671
6650	-219.7325	-225.9752	6.242742	0.03848377	0.009766275	0.0287175	0.009766275
6660	-223.4646	-229.5731	6.108539	0.04282451	0.01054101	0.0322835	0.01054101
6670	-233.8792	-239.3566	5.477489	0.06177236	0.02797506	0.03379731	0.02797506
6680	-211.208	-217.5075	6.299458	0.02423097	0.004884989	0.01934598	0.004884989
6690	-229.9831	-235.8253	5.842165	0.05046849	0.01354062	0.03692786	0.01354062
6700	-220.233	-226.112	5.878938	0.03637437	0.00337487	0.0329995	0.00337487
6710	-246.0919	-251.1887	5.096758	0.06889946	0.02200365	0.04689582	0.02200365
6720	-228.5891	-234.2366	5.64753	0.0565515	0.02946654	0.02708496	0.02946654
6730	-238.3391	-243.6854	5.346318	0.0643371	0.02503936	0.03929774	0.02503936
6740	-269.7305	-272.3304	2.599949	0.2079336	0.1764249	0.03150867	0.1764249
6750	-212.1259	-218.1866	6.060714	0.02151385	0.008139004	0.01337484	0.008139004
6760	-234.6648	-240.0431	5.378244	0.06496184	0.03237866	0.03258317	0.03237866
6770	-257.4971	-261.361	3.863875	0.1184541	0.07867208	0.03978198	0.07867208
6780	-243.6381	-247.7857	4.147599	0.1081418	0.08982029	0.01832153	0.08982029
6790	-315.0044	-314.3257	-0.6787524	0.5047416	0.4552814	0.04946021	0.4552814
6800	-251.4698	-255.3458	3.876057	0.1292346	0.1034436	0.02579091	0.1034436
6810	-211.7455	-218.0561	6.310527	0.0242803	0.007184128	0.01709617	0.007184128
6820	-228.2149	-232.909	4.694112	0.05864856	0.04673248	0.01191608	0.04673248
6830	-212.9572	-219.1442	6.186971	0.0255016	0.01023684	0.01526476	0.01023684
6840	-220.3181	-226.5293	6.211165	0.03998224	0.01227693	0.02770531	0.01227693
6850	-232.0192	-237.7895	5.770361	0.05190766	0.01285405	0.03905361	0.01285405
6860	-223.8141	-228.6111	4.797008	0.04592277	0.03539658	0.01052619	0.03539658
6870	-308.3004	-311.0736	2.773198	0.1206608	0.0350242	0.08563658	0.0350242
6880	-231.0789	-236.1117	5.032816	0.06760029	0.05026486	0.01733543	0.05026486
6890	-251.2209	-255.9528	4.731945	0.07929674	0.03155093	0.04774581	0.03155093
6900	-230.9124	-236.6436	5.731208	0.04701285	0.005640203	0.04137265	0.005640203
6910	-231.0996	-236.7639	5.664273	0.05637999	0.02305675	0.03332324	0.02305675
6920	-216.7322	-221.7959	5.063763	0.02596562	0.01695243	0.009013197	0.01695243
6930	-250.3186	-254.7434	4.424825	0.09486497	0.05531263	0.03955234	0.05531263
6940	-226.9923	-232.7735	5.781293	0.05273925	0.02506815	0.0276711	0.02506815
6950	-245.5186	-249.5824	4.063749	0.1145351	0.09517939	0.01935573	0.09517939
6960	-262.0956	-265.7957	3.70012	0.1202583	0.0754212	0.04483708	0.0754212
6970	-247.326	-252.4093	5.083298	0.06866667	0.02017752	0.04848916	0.02017752
6980	-234.9084	-239.6865	4.778127	0.07854881	0.0607178	0.017831	0.0607178
6990	-236.412	-241.5708	5.158887	0.07242733	0.04254233	0.029885	0.04254233
7000	-231.7668	-237.0894	5.322602	0.06596142	0.04154283	0.02441859	0.04154283
7010	-212.5395	-218.7166	6.17712	0.02425868	0.009373341	0.01488534	0.009373341
7020	-222.7003	-228.6096	5.909319	0.04640247	0.02397678	0.02242568	0.02397678
7030	-217.3331	-223.4553	6.122232	0.0358629	0.01714449	0.01871841	0.01714449
7040	-229.8429	-235.6742	5.831301	0.0510863	0.01500535	0.03608096	0.01500535
7050	-235.1178	-240.2046	5.086853	0.07442185	0.04961815	0.0248037	0.04961815
7060	-225.1187	-230.4036	5.284933	0.05197383	0.03710288	0.01487095	0.03710288
7070	-267.705	-271.0884	3.383431	0.1311831	0.08323925	0.0479438	0.08323925
7080	-238.9513	-241.9243	2.973036	0.0890253	0.08096771	0.008057588	0.08096771
7090	-226.457	-232.2611	5.804124	0.05195428	0.02477134	0.02718294	0.02477134
7100	-213.0201	-219.3812	6.36112	0.02774744	0.008663961	0.01908348	0.008663961
7110	-241.7672	-246.4242	4.657038	0.09163365	0.06475665	0.026877	0.06475665
7120	-245.1528	-249.449	4.296137	0.1074012	0.08348506	0.02391616	0.08348506
7130	-215.4473	-221.6491	6.201761	0.03197186	0.01409684	0.01787502	0.01409684
7140	-233.7521	-239.3007	5.548668	0.04861045	0.004600738	0.04400971	0.004600738
7150	-241.943	-246.4817	4.538646	0.09616697	0.07230177	0.02386521	0.07230177
7160	-221.1648	-226.5364	5.37158	0.04155019	0.02868197	0.01286822	0.02868197
7170	-240.4992	-245.2426	4.74339	0.08806766	0.06148373	0.02658393	0.06148373
7180	-220.6408	-226.7228	6.082049	0.04210782	0.01882743	0.02328039	0.01882743
7190	-238.484	-243.8126	5.328595	0.0649047	0.02577908	0.03912562	0.02577908
7200	-211.9016	-218.0894	6.187794	0.02275105	0.007923912	0.01482714	0.007923912
7210	-223.5438	-229.4248	5.880942	0.04787964	0.02460551	0.02327413	0.02460551
7220	-222.2126	-228.082	5.869419	0.04574634	0.02514029	0.02060605	0.02514029
7230	-223.2075	-228.423	5.215581	0.0464012	0.03351395	0.01288725	0.03351395
7240	-239.7189	-244.5626	4.843673	0.08407975	0.05623781	0.02784194	0.05623781
7250	-262.7721	-266.5572	3.785108	0.1132571	0.06543599	0.04782112	0.06543599
7260	-229.5733	-235.0527	5.479431	0.06071366	0.03644345	0.02427021	0.03644345
7270	-221.6822	-226.7951	5.112936	0.04149274	0.03014727	0.01134547	0.03014727
7280	-242.9914	-248.1983	5.206858	0.06672557	0.02247507	0.0442505	0.02247507
7290	-245.3902	-249.8487	4.458502	0.09968568	0.07039434	0.02929133	0.07039434
7300	-288.6606	-291.5606	2.899965	0.128504	0.06014967	0.06835435	0.06014967
7310	-221.7545	-227.0594	5.304837	0.04281114	0.03010748	0.01270366	0.03010748
7320	-311.4003	-314.4688	3.068514	0.110087	0.01973879	0.09034826	0.01973879
7330	-249.3787	-253.6418	4.263103	0.1064955	0.07366016	0.03283538	0.07366016
7340	-247.635	-251.9956	4.360561	0.1028989	0.07124054	0.03165838	0.07124054
7350	-211.6471	-217.6904	6.04333	0.01998531	0.006738557	0.01324676	0.006738557
7360	-231.6225	-237.2199	5.597428	0.0583971	0.02597478	0.03242233	0.02597478
7370	-231.9198	-237.7031	5.783318	0.05115626	0.01161951	0.03953675	0.01161951
7380	-257.4469	-261.6088	4.161904	0.09939566	0.0528045	0.04659116	0.0528045
7390	-223.2606	-229.3372	6.076533	0.04445574	0.01518808	0.02926767	0.01518808
7400	-275.5968	-278.1407	2.543937	0.186595	0.1428568	0.04373814	0.1428568
7410	-225.2934	-231.1888	5.895414	0.04940467	0.02191337	0.02749129	0.02191337
7420	-216.8495	-222.7311	5.881623	0.03316572	0.0185938	0.01457192	0.0185938
7430	-244.2695	-248.1111	3.841546	0.1127613	0.09778408	0.01497727	0.09778408
7440	-215.707	-221.6002	5.893259	0.03013923	0.0163415	0.01379773	0.0163415
7450	-224.0207	-229.5224	5.501627	0.04971737	0.03322665	0.01649072	0.03322665
7460	-227.8977	-233.8166	5.918831	0.04563886	0.007720483	0.03791837	0.007720483
7470	-260.2101	-265.0008	4.790742	0.07048936	0.009490013	0.06099935	0.009490013
7480	-261.4948	-266.1916	4.696792	0.07456777	0.01405208	0.06051569	0.01405208
7490	-223.9633	-228.9456	4.982284	0.04735486	0.03570366	0.0116512	0.03570366
7500	-221.5133	-227.4394	5.926057	0.0442818	0.02352367	0.02075813	0.02352367
7510	-217.6364	-223.9429	6.306447	0.0355954	0.008617967	0.02697743	0.008617967
7520	-320.2133	-323.2683	3.055033	0.1070679	0.009686417	0.09738153	0.009686417
7530	-293.2263	-294.7246	1.49829	0.2384731	0.1850041	0.05346904	0.1850041
7540	-219.9375	-225.6866	5.749036	0.04035634	0.02462705	0.01572928	0.02462705
7550	-241.038	-245.2311	4.193147	0.09975569	0.08359943	0.01615626	0.08359943
7560	-247.8324	-251.9428	4.110383	0.1167755	0.09232223	0.02445328	0.09232223
7570	-228.2062	-234.1344	5.928217	0.04751346	0.01087693	0.03663654	0.01087693
7580	-216.5482	-221.8155	5.267219	0.02716271	0.01729827	0.009864442	0.01729827
7590	-219.3854	-225.6135	6.228098	0.0390561	0.01322548	0.02583061	0.01322548
7600	-218.7146	-224.5599	5.845295	0.03777332	0.02197194	0.01580138	0.02197194
7610	-258.6431	-263.457	4.813878	0.07166396	0.01265129	0.05901267	0.01265129
7620	-224.0962	-226.5704	2.474262	0.008663659	0.004415076	0.004248583	0.004415076
7630	-219.2852	-225.543	6.25783	0.03805344	0.0100805	0.02797294	0.0100805
7640	-279.1001	-283.2342	4.134101	0.07947221	0.005522977	0.07394923	0.005522977
7650	-241.0439	-245.8552	4.811395	0.08501124	0.05504696	0.02996427	0.05504696
7660	-220.8667	-227.0301	6.163412	0.03868167	0.006953717	0.03172796	0.006953717
7670	-242.9144	-248.2407	5.326266	0.06228738	0.01548745	0.04679994	0.01548745
7680	-219.7304	-225.9696	6.23926	0.03892111	0.01115563	0.02776549	0.01115563
7690	-220.0253	-226.054	6.028729	0.04128673	0.02057217	0.02071455	0.02057217
7700	-258.6204	-262.3172	3.696797	0.1290278	0.09138429	0.03764355	0.09138429
7710	-259.9812	-263.9832	4.002086	0.1047066	0.0571481	0.04755854	0.0571481
7720	-228.2905	-233.9813	5.690874	0.04395358	0.004082082	0.0398715	0.004082082
7730	-232.0073	-237.1508	5.143509	0.06904019	0.04853743	0.02050276	0.04853743
7740	-225.0305	-231.0751	6.044602	0.04500429	0.01193583	0.03306846	0.01193583
7750	-250.3463	-254.6427	4.296457	0.1026416	0.06652835	0.03611326	0.06652835
7760	-235.3221	-240.3243	5.002273	0.07660414	0.05365139	0.02295275	0.05365139
7770	-234.5256	-239.8484	5.322779	0.066938	0.03635721	0.0305808	0.03635721
7780	-233.427	-238.935	5.508009	0.06088114	0.02716802	0.03371312	0.02716802
7790	-234.1219	-239.7985	5.676648	0.05440079	0.01412066	0.04028013	0.01412066
7800	-235.5569	-241.1838	5.626878	0.0553502	0.01367714	0.04167306	0.01367714
7810	-227.1915	-232.5596	5.368113	0.05736048	0.03933346	0.01802703	0.03933346
7820	-232.5147	-238.2416	5.726883	0.04904783	0.006936718	0.04211111	0.006936718
7830	-221.7938	-227.9596	6.165818	0.04047497	0.009011717	0.03146325	0.009011717
7840	-258.5637	-262.9548	4.391184	0.08748993	0.03512421	0.05236572	0.03512421
7850	-302.4705	-304.0312	1.560733	0.1986569	0.1313162	0.06734073	0.1313162
7860	-220.0685	-226.2957	6.227271	0.03857507	0.008910762	0.02966431	0.008910762
7870	-254.0976	-258.0801	3.982534	0.1172493	0.08171881	0.03553049	0.08171881
7880	-304.5336	-304.8139	0.2803052	0.3751377	0.3258545	0.04928315	0.3258545
7890	-236.6956	-242.1364	5.440791	0.06180634	0.02322648	0.03857985	0.02322648
7900	-263.6889	-267.8309	4.141978	0.09379108	0.03850432	0.05528676	0.03850432
7910	-263.2315	-266.787	3.555467	0.1285387	0.08490869	0.04363003	0.08490869
7920	-259.0519	-262.8236	3.77162	0.1218414	0.08121759	0.04062382	0.08121759
7930	-229.9778	-235.5675	5.589687	0.05855624	0.03012347	0.02843277	0.03012347
7940	-226.1735	-231.813	5.639514	0.0540129	0.03206553	0.02194737	0.03206553
7950	-231.0165	-236.7314	5.714928	0.0547551	0.02002418	0.03473092	0.02002418
7960	-284.1551	-286.2979	2.142798	0.1977212	0.1469128	0.05080839	0.1469128
7970	-222.6218	-228.4869	5.865039	0.04651374	0.02533193	0.02118181	0.02533193
7980	-212.1148	-217.0581	4.943298	0.01343433	0.001522879	0.01191146	0.001522879
7990	-245.6558	-250.8006	5.144778	0.06741384	0.02022876	0.04718507	0.02022876
8000	-225.8275	-231.6378	5.810373	0.05137922	0.0254073	0.02597192	0.0254073
8010	-225.3156	-230.8859	5.570274	0.05275414	0.03363088	0.01912326	0.03363088
8020	-248.5331	-252.0328	3.499708	0.1312628	0.1164072	0.01485564	0.1164072
8030	-259.5842	-262.4837	2.899558	0.1854319	0.1670876	0.01834433	0.1670876
8040	-215.7768	-220.5789	4.802082	0.01810831	0.0104705	0.007637813	0.0104705
8050	-217.8314	-224.1313	6.299836	0.03635894	0.01069769	0.02566125	0.01069769
8060	-252.5361	-256.3825	3.846417	0.1304183	0.1030189	0.02739946	0.1030189
8070	-239.0914	-244.5353	5.443909	0.06031589	0.01720745	0.04310844	0.01720745
8080	-238.2626	-243.2375	4.974874	0.07907415	0.05057495	0.0284992	0.05057495
8090	-282.8828	-284.2079	1.325011	0.3391064	0.3123773	0.02672912	0.3123773
8100	-223.8426	-229.8011	5.958566	0.04069184	0.005098736	0.0355931	0.005098736
8110	-329.4923	-329.3343	-0.1580259	0.3049788	0.2279497	0.07702905	0.2279497
8120	-220.6539	-226.0847	5.430868	0.04048424	0.02745644	0.01302779	0.02745644
8130	-226.6424	-232.1097	5.467391	0.05588807	0.03685126	0.01903681	0.03685126
8140	-232.3357	-238.0201	5.684452	0.05527824	0.01862855	0.0366497	0.01862855
8150	-249.3958	-253.6063	4.210427	0.1099585	0.07874528	0.03121326	0.07874528
8160	-257.7288	-261.735	4.006196	0.1081005	0.06435829	0.04374217	0.06435829
8170	-237.096	-242.3743	5.278299	0.06756989	0.03258202	0.03498787	0.03258202
8180	-229.14	-234.3803	5.240261	0.06223537	0.04392095	0.01831442	0.04392095
8190	-233.9867	-239.3448	5.358141	0.06581701	0.03538513	0.03043188	0.03538513
8200	-221.8935	-226.7446	4.851073	0.04055141	0.03051984	0.01003157	0.03051984
8210	-212.4462	-218.6113	6.165012	0.0238487	0.009170826	0.01467787	0.009170826
8220	-248.7449	-253.8358	5.090934	0.06753119	0.01682167	0.05070952	0.01682167
8230	-231.1877	-236.4618	5.274131	0.06604369	0.04398471	0.02205898	0.04398471
8240	-318.7611	-321.0378	2.276659	0.1344826	0.04396122	0.09052142	0.04396122
8250	-226.6358	-232.5189	5.883042	0.05017814	0.01994191	0.03023622	0.01994191
8260	-214.0171	-220.2905	6.27343	0.0291326	0.01143737	0.01769524	0.01143737
8270	-246.587	-250.8629	4.275869	0.1086947	0.08222653	0.02646821	0.08222653
8280	-233.0275	-237.3291	4.301586	0.07255239	0.06078813	0.01176426	0.06078813
8290	-244.7217	-248.8873	4.165663	0.1105754	0.09044632	0.02012909	0.09044632
8300	-215.4255	-221.7601	6.334655	0.0326119	0.01116393	0.02144797	0.01116393
8310	-212.9594	-219.2158	6.256471	0.0263418	0.009940928	0.01640087	0.009940928
8320	-242.2899	-246.0092	3.719255	0.1051903	0.09257809	0.0126122	0.09257809
8330	-221.4859	-227.391	5.905093	0.04427255	0.02403064	0.02024191	0.02403064
8340	-260.1207	-263.3703	3.249562	0.1663265	0.1388843	0.02744222	0.1388843
8350	-226.4239	-232.3756	5.951669	0.04816206	0.01586512	0.03229694	0.01586512
8360	-223.83	-229.925	6.094985	0.04308919	0.01029577	0.03279342	0.01029577
8370	-215.4266	-221.7377	6.311133	0.03254448	0.01196579	0.0205787	0.01196579
8380	-218.5303	-224.802	6.271753	0.03752814	0.01166899	0.02585915	0.01166899
8390	-288.466	-291.1021	2.636104	0.1439076	0.07904351	0.06486413	0.07904351
8400	-224.4702	-230.4292	5.958978	0.04764393	0.01991142	0.02773251	0.01991142
8410	-225.4861	-229.8632	4.377052	0.0487263	0.03948662	0.009239676	0.03948662
8420	-234.0406	-239.5511	5.510472	0.06057978	0.02547216	0.03510762	0.02547216
8430	-231.415	-236.5501	5.135038	0.06790538	0.04844658	0.01945881	0.04844658
8440	-236.5503	-240.7772	4.22681	0.08439267	0.07126758	0.01312509	0.07126758
8450	-245.8423	-251.1003	5.257977	0.05923011	0.007322414	0.05190769	0.007322414
8460	-216.7182	-222.7413	6.023141	0.03384724	0.01757636	0.01627088	0.01757636
8470	-222.2824	-228.0272	5.744803	0.04598303	0.02773964	0.01824339	0.02773964
8480	-251.6805	-256.6659	4.985387	0.06967699	0.01683085	0.05284613	0.01683085
8490	-253.4657	-258.3526	4.886907	0.07224191	0.01872079	0.05352112	0.01872079
8500	-239.4914	-244.0298	4.538406	0.09216158	0.07251709	0.01964449	0.07251709
8510	-242.4124	-246.8075	4.395053	0.1008141	0.07957575	0.02123838	0.07957575
8520	-233.7211	-239.1985	5.477357	0.06182874	0.0283813	0.03344745	0.0283813
8530	-239.5095	-244.4127	4.903208	0.08166957	0.05247105	0.02919853	0.05247105
8540	-266.1833	-268.9235	2.740235	0.2033061	0.1764593	0.02684679	0.1764593
8550	-227.2865	-232.8547	5.568248	0.05645576	0.03425687	0.0221989	0.03425687
8560	-218.563	-224.748	6.185056	0.03834221	0.01603822	0.02230398	0.01603822
8570	-217.1604	-223.4836	6.323153	0.03509583	0.009111819	0.02598401	0.009111819
8580	-271.1828	-274.4552	3.272425	0.1318077	0.08035526	0.05145239	0.08035526
8590	-213.3725	-219.2313	5.858785	0.02268249	0.01066064	0.01202185	0.01066064
8600	-306.7256	-309.8902	3.164626	0.1083251	0.0210114	0.08731368	0.0210114
8610	-241.2648	-246.0942	4.829398	0.08403273	0.05298203	0.03105071	0.05298203
8620	-281.5158	-284.9696	3.453849	0.1090759	0.04201994	0.06705594	0.04201994
8630	-218.6068	-224.7441	6.13732	0.03851169	0.01748375	0.02102793	0.01748375
8640	-323.0914	-323.3877	0.2962829	0.2706537	0.1953482	0.07530548	0.1953482
8650	-220.2193	-226.184	5.964736	0.03664071	0.003889025	0.03275168	0.003889025
8660	-216.2412	-222.4964	6.255173	0.03401285	0.01378443	0.02022842	0.01378443
8670	-227.123	-232.8979	5.774899	0.05294624	0.02518142	0.02776482	0.02518142
8680	-259.1901	-261.7337	2.543615	0.1893189	0.1754954	0.01382348	0.1754954
8690	-251.155	-254.9058	3.750771	0.1350786	0.1132107	0.02186788	0.1132107
8700	-249.9464	-253.7852	3.838878	0.1299286	0.1081939	0.02173471	0.1081939
8710	-220.0757	-225.3625	5.286712	0.03796188	0.02632784	0.01163403	0.02632784
8720	-211.6918	-217.8402	6.148407	0.02555465	0.003395061	0.02215959	0.003395061
8730	-218.5556	-224.5051	5.949573	0.03792494	0.02078367	0.01714126	0.02078367
8740	-235.9294	-241.5535	5.624111	0.05235459	0.007999538	0.04435505	0.007999538
8750	-212.8166	-219.1379	6.32132	0.02787558	0.005066629	0.02280895	0.005066629
8760	-300.3473	-302.3669	2.019609	0.1659648	0.09523436	0.07073047	0.09523436
8770	-229.6063	-235.4793	5.872942	0.04901794	0.01137361	0.03764432	0.01137361
8780	-252.71	-257.6122	4.902194	0.07211507	0.01933836	0.05277671	0.01933836
8790	-210.0999	-216.0892	5.989293	0.01975697	0.003037799	0.01671917	0.003037799
8800	-255.1058	-260.0453	4.939416	0.06893977	0.01219421	0.05674556	0.01219421
8810	-211.9929	-218.1829	6.189972	0.0230093	0.008138118	0.01487119	0.008138118
8820	-303.0119	-304.2554	1.243484	0.229644	0.1660983	0.06354575	0.1660983
8830	-216.2964	-222.5894	6.292973	0.0341968	0.012703	0.0214938	0.012703
8840	-309.6988	-309.0838	-0.6149691	0.5555603	0.5153006	0.04025971	0.5153006
8850	-240.3173	-244.8373	4.520001	0.09423235	0.07371733	0.02051502	0.07371733
8860	-227.5386	-233.2812	5.742627	0.05387077	0.02618657	0.0276842	0.02618657
8870	-236.6501	-242.2058	5.555678	0.05757707	0.01597257	0.0416045	0.01597257
8880	-213.9866	-219.9936	6.007032	0.02633854	0.01259782	0.01374073	0.01259782
8890	-229.2457	-234.8603	5.61456	0.05765206	0.03010828	0.02754377	0.03010828
8900	-259.9917	-263.5919	3.600192	0.1335517	0.09554381	0.03800788	0.09554381
8910	-254.3132	-258.169	3.855825	0.1267139	0.09459135	0.03212256	0.09459135
8920	-215.1659	-220.9759	5.81001	0.02781331	0.01516486	0.01264845	0.01516486
8930	-253.3996	-257.5997	4.200063	0.1034453	0.06340083	0.04004451	0.06340083
8940	-258.044	-262.703	4.659082	0.07782775	0.0220583	0.05576944	0.0220583
8950	-284.2781	-287.203	2.924977	0.1323593	0.06865608	0.06370325	0.06865608
8960	-212.493	-218.6076	6.114659	0.0233059	0.009237318	0.01406859	0.009237318
8970	-220.1811	-226.3753	6.194209	0.03804475	0.007153431	0.03089132	0.007153431
8980	-213.5605	-219.84	6.27956	0.02808851	0.01072682	0.01736169	0.01072682
8990	-224.7828	-230.7251	5.942343	0.04815682	0.02026425	0.02789257	0.02026425
9000	-261.2887	-265.0751	3.786428	0.1158943	0.07060066	0.04529365	0.07060066
9010	-269.7899	-272.174	2.384146	0.2338416	0.2086749	0.02516668	0.2086749
9020	-243.8448	-247.7163	3.871574	0.1110527	0.09610282	0.01494985	0.09610282
9030	-211.6611	-217.4969	5.835848	0.02505196	0.002234661	0.0228173	0.002234661
9040	-224.3268	-230.3555	6.028679	0.04197003	0.006777638	0.0351924	0.006777638
9050	-241.3363	-246.2502	4.913871	0.05269825	0.002560445	0.0501378	0.002560445
9060	-224.7883	-229.7932	5.004832	0.0498631	0.03763379	0.01222931	0.03763379
9070	-217.2056	-222.99	5.784431	0.03339519	0.01957056	0.01382463	0.01957056
9080	-249.2589	-254.3225	5.063622	0.06823877	0.01732024	0.05091854	0.01732024
9090	-216.5435	-222.8762	6.332658	0.03400629	0.007962526	0.02604377	0.007962526
9100	-214.9166	-220.278	5.36148	0.02926782	0.00153527	0.02773255	0.00153527
9110	-231.8708	-237.1489	5.278073	0.06693309	0.0435054	0.02342769	0.0435054
9120	-276.1758	-278.1882	2.012388	0.260988	0.2310345	0.02995351	0.2310345
9130	-226.3725	-232.2776	5.905035	0.04955577	0.01917204	0.03038373	0.01917204
9140	-229.3573	-235.2419	5.88457	0.04800127	0.009830299	0.03817098	0.009830299
9150	-235.7329	-239.9241	4.191171	0.0814783	0.06907845	0.01239985	0.06907845
9160	-216.882	-223.2099	6.327892	0.03492484	0.01019401	0.02473083	0.01019401
9170	-219.8681	-226.0688	6.200678	0.03993362	0.0141312	0.02580241	0.0141312
9180	-251.8139	-255.9201	4.106191	0.1129146	0.07906599	0.03384862	0.07906599
9190	-211.1594	-217.3739	6.214497	0.02437224	0.003847001	0.02052524	0.003847001
9200	-219.6152	-224.5906	4.975472	0.0345492	0.02481603	0.009733163	0.02481603
9210	-227.6221	-233.5727	5.950621	0.04696323	0.01083895	0.03612427	0.01083895
9220	-234.4541	-240.1465	5.69235	0.05240188	0.01008482	0.04231706	0.01008482
9230	-256.4084	-260.8788	4.470424	0.08591872	0.03523146	0.05068726	0.03523146
9240	-246.5902	-250.6464	4.05623	0.1171369	0.09631715	0.02081974	0.09631715
9250	-236.7919	-242.3949	5.603076	0.05475701	0.01093227	0.04382475	0.01093227
9260	-215.0651	-221.0019	5.936796	0.02872732	0.01495652	0.0137708	0.01495652
9270	-276.149	-278.2712	2.122279	0.2437655	0.2105025	0.03326303	0.2105025
9280	-220.6983	-226.8313	6.132962	0.04169637	0.01660203	0.02509434	0.01660203
9290	-234.7466	-238.6071	3.860479	0.07685554	0.06674439	0.01011115	0.06674439
9300	-244.8847	-249.5387	4.653951	0.08944076	0.05528217	0.03415859	0.05528217
9310	-253.4674	-258.4011	4.93372	0.07051851	0.01618515	0.05433336	0.01618515
9320	-246.1289	-251.3268	5.19791	0.06512967	0.01612021	0.04900947	0.01612021
9330	-235.5307	-241.0477	5.516961	0.05968286	0.02134255	0.03834031	0.02134255
9340	-225.8704	-231.7099	5.839548	0.05087347	0.02388699	0.02698648	0.02388699
9350	-210.8308	-217.0383	6.207475	0.02119017	0.005335748	0.01585442	0.005335748
9360	-224.4245	-230.2583	5.833783	0.04954634	0.02583876	0.02370759	0.02583876
9370	-295.6739	-299.3816	3.707679	0.09057655	0.006977583	0.08359897	0.006977583
9380	-221.6604	-227.6226	5.962232	0.04440992	0.02251576	0.02189417	0.02251576
9390	-266.8893	-270.6528	3.763445	0.1084451	0.05476912	0.05367602	0.05476912
9400	-220.2029	-226.3656	6.16274	0.0377141	0.00627174	0.03144236	0.00627174
9410	-240.628	-245.3873	4.759328	0.08743175	0.06006858	0.02736316	0.06006858
9420	-226.2064	-231.3966	5.190203	0.0546386	0.03989879	0.01473981	0.03989879
9430	-223.9598	-230.0207	6.060896	0.04495437	0.01446106	0.0304933	0.01446106
9440	-218.2805	-224.3921	6.111649	0.03785828	0.01799199	0.01986629	0.01799199
9450	-237.3054	-242.8892	5.583826	0.05518068	0.01096523	0.04421545	0.01096523
9460	-238.5832	-243.7249	5.141713	0.07209299	0.03778758	0.0343054	0.03778758
9470	-219.5826	-225.8288	6.246114	0.03812534	0.009207842	0.0289175	0.009207842
9480	-228.9684	-234.6267	5.65826	0.05647532	0.02819718	0.02827814	0.02819718
9490	-234.5929	-239.55	4.957124	0.07618398	0.05553883	0.02064516	0.05553883
9500	-258.2208	-261.516	3.295238	0.1644633	0.1400836	0.02437963	0.1400836
9510	-276.1021	-279.6037	3.501604	0.111436	0.04981799	0.06161797	0.04981799
9520	-214.8522	-221.1539	6.301705	0.03128192	0.01186689	0.01941502	0.01186689
9530	-226.1179	-231.0074	4.889519	0.05320612	0.04106357	0.01214255	0.04106357
9540	-292.5236	-294.8079	2.284248	0.1610638	0.09603101	0.06503276	0.09603101
9550	-224.2561	-230.3345	6.078362	0.04376274	0.0108672	0.03289554	0.0108672
9560	-254.3775	-258.4085	4.031058	0.1130254	0.07544423	0.03758115	0.07544423
9570	-239.8048	-244.2076	4.402878	0.09452233	0.07677621	0.01774612	0.07677621
9580	-222.3468	-228.4562	6.109381	0.04335165	0.01508469	0.02826695	0.01508469
9590	-212.072	-218.4284	6.356403	0.02630723	0.005780923	0.02052631	0.005780923
9600	-238.6719	-243.4411	4.769243	0.08610205	0.06267583	0.02342622	0.06267583
9610	-220.422	-225.3236	4.901579	0.03648869	0.02678334	0.009705347	0.02678334
9620	-245.2385	-249.6938	4.455316	0.09997604	0.07115234	0.0288237	0.07115234
9630	-248.9456	-253.0511	4.105431	0.1170057	0.0902035	0.02680221	0.0902035
9640	-321.8073	-324.1812	2.373942	0.1295864	0.03590551	0.09368088	0.03590551
9650	-300.4395	-300.4751	0.03559022	0.4831424	0.4482846	0.03485782	0.4482846
9660	-236.619	-241.4473	4.828238	0.08184416	0.06070409	0.02114007	0.06070409
9670	-266.9137	-268.2516	1.33794	0.245449	0.235189	0.01026004	0.235189
9680	-213.5323	-219.5991	6.066811	0.02568969	0.01159378	0.01409591	0.01159378
9690	-275.9274	-278.4174	2.48997	0.1917155	0.1486313	0.04308421	0.1486313
9700	-267.8413	-271.3683	3.527032	0.1208662	0.06989721	0.05096902	0.06989721
9710	-278.4577	-280.2456	1.787916	0.284606	0.2555721	0.02903384	0.2555721
9720	-221.111	-227.2908	6.17981	0.04110074	0.01278694	0.02831379	0.01278694
9730	-215.4212	-221.4961	6.074919	0.03092673	0.01519328	0.01573345	0.01519328
9740	-223.1429	-229.185	6.042138	0.04520688	0.01765423	0.02755265	0.01765423
9750	-310.4054	-312.8185	2.413022	0.1335468	0.04902029	0.08452651	0.04902029
9760	-223.0544	-228.8477	5.793363	0.0475706	0.02730049	0.02027011	0.02730049
9770	-228.1917	-233.7169	5.525133	0.05829609	0.03551231	0.02278378	0.03551231
9780	-212.3625	-217.8489	5.486351	0.01431366	0.00343209	0.01088157	0.00343209
9790	-240.0197	-244.5873	4.567603	0.09275218	0.07170728	0.0210449	0.07170728
9800	-256.6011	-260.6423	4.041211	0.1078852	0.06544565	0.04243954	0.06544565
9810	-250.7615	-254.9188	4.157315	0.1112864	0.0783998	0.0328866	0.0783998
9820	-217.7289	-224.0346	6.305656	0.03610599	0.01019139	0.0259146	0.01019139
9830	-224.5328	-230.3926	5.859791	0.04935802	0.02467798	0.02468004	0.02467798
9840	-238.5274	-243.2751	4.747725	0.0864645	0.06385859	0.0226059	0.06385859
9850	-238.5434	-243.6369	5.093541	0.0741082	0.04130663	0.03280157	0.04130663
9860	-219.765	-225.8215	6.056512	0.03648988	0.004502375	0.03198751	0.004502375
9870	-228.7923	-232.6749	3.882595	0.05666887	0.04825338	0.008415484	0.04825338
9880	-213.4289	-219.7667	6.337815	0.02838666	0.009710741	0.01867592	0.009710741
9890	-285.0695	-286.6409	1.571392	0.2771636	0.2378649	0.03929869	0.2378649
9900	-241.3576	-245.9795	4.621862	0.09289951	0.06796672	0.02493279	0.06796672
9910	-288.8015	-289.5633	0.761767	0.4117352	0.3860202	0.025715	0.3860202
9920	-214.1611	-220.4828	6.321621	0.02989193	0.01084147	0.01905046	0.01084147
9930	-250.2178	-254.3457	4.127859	0.1142428	0.08363265	0.03061012	0.08363265
9940	-260.1424	-264.5255	4.383046	0.08667113	0.03234591	0.05432522	0.03234591
9950	-250.185	-252.5054	2.320342	0.1382039	0.129435	0.008768868	0.129435
9960	-249.7325	-253.4253	3.692889	0.1333934	0.1148236	0.01856985	0.1148236
9970	-223.4855	-229.5243	6.03876	0.04545483	0.01718193	0.0282729	0.01718193
9980	-260.1066	-263.5357	3.429133	0.149269	0.1161558	0.03311317	0.1161558
9990	-226.5654	-232.4227	5.857356	0.05081438	0.02163053	0.02918386	0.02163053
10000	-224.5177	-230.5738	6.056129	0.04492804	0.01296174	0.0319663	0.01296174
