Iteration	Posterior	Likelihood	Prior	birth_rate	death_rate	diversification	turnover
0	-213.1037	-219.4143	6.310582	0.02733006	0.009685691	0.01764437	0.009685691
10	-211.6202	-217.9328	6.312535	0.02538894	0.004891314	0.02049763	0.004891314
20	-213.6225	-219.7982	6.175682	0.02714634	0.01156028	0.01558607	0.01156028
30	-215.0433	-221.313	6.269706	0.03128684	0.005077322	0.02620951	0.005077322
40	-210.7889	-216.9431	6.15419	0.02028841	0.005142442	0.01514597	0.005142442
50	-211.0225	-217.2187	6.196183	0.02114835	0.005810676	0.01533768	0.005810676
60	-213.0392	-219.4013	6.362017	0.0283169	0.005937489	0.02237941	0.005937489
70	-212.2541	-218.6252	6.37104	0.02657452	0.006465159	0.02010936	0.006465159
80	-213.1597	-219.4881	6.328358	0.02766583	0.009518288	0.01814755	0.009518288
90	-210.7784	-216.9216	6.14317	0.02011597	0.005082049	0.01503392	0.005082049
100	-210.9221	-217.1663	6.244225	0.02359299	0.004212513	0.01938048	0.004212513
110	-211.669	-217.9572	6.288138	0.0255585	0.004529185	0.02102931	0.004529185
120	-210.5156	-216.3386	5.823038	0.02232705	0.002204918	0.02012213	0.002204918
130	-210.4211	-216.5231	6.101989	0.02209688	0.003268792	0.01882809	0.003268792
140	-211.4135	-217.55	6.136547	0.02086452	0.006607101	0.01425742	0.006607101
150	-213.2378	-219.4101	6.172237	0.02607998	0.01083699	0.01524299	0.01083699
160	-211.417	-217.6458	6.228764	0.022299	0.006789922	0.01550907	0.006789922
170	-212.7714	-219.151	6.37963	0.02774012	0.006627372	0.02111275	0.006627372
180	-210.4473	-215.7931	5.345793	0.01629804	0.001684053	0.01461399	0.001684053
190	-212.5646	-218.3682	5.803597	0.0190056	0.007620391	0.01138521	0.007620391
200	-210.6405	-216.8627	6.222187	0.0216739	0.004703694	0.0169702	0.004703694
210	-211.852	-217.5575	5.705514	0.01580872	0.004278787	0.01152994	0.004278787
220	-211.2334	-217.5362	6.302756	0.02428971	0.004933143	0.01935657	0.004933143
230	-213.3294	-219.0236	5.694197	0.02022641	0.00938673	0.01083968	0.00938673
240	-210.4024	-216.2339	5.831456	0.01735267	0.002966487	0.01438618	0.002966487
250	-213.6554	-219.9284	6.273049	0.02825274	0.01093597	0.01731677	0.01093597
260	-212.631	-218.8994	6.268366	0.02747379	0.004382845	0.02309094	0.004382845
270	-211.69	-217.6109	5.920898	0.0182671	0.005910551	0.01235655	0.005910551
280	-211.2226	-217.4584	6.235769	0.02207956	0.006315129	0.01576443	0.006315129
290	-212.783	-218.8797	6.096772	0.02389642	0.009901808	0.01399462	0.009901808
300	-212.0587	-218.4195	6.360777	0.02584098	0.006891732	0.01894925	0.006891732
310	-211.4133	-216.3179	4.904551	0.02284104	0.001009076	0.02183197	0.001009076
320	-214.7506	-221.075	6.324393	0.0310675	0.005851268	0.02521623	0.005851268
330	-210.7828	-216.4441	5.661326	0.01603058	0.002668627	0.01336196	0.002668627
340	-212.1034	-217.7259	5.622562	0.01522275	0.004061898	0.01116086	0.004061898
350	-212.245	-216.7456	4.500629	0.02381181	0.0007819679	0.02302985	0.0007819679
360	-210.6942	-216.5964	5.902185	0.02296055	0.002406199	0.02055435	0.002406199
370	-211.1398	-217.0246	5.884797	0.01713919	0.004294809	0.01284438	0.004294809
380	-214.708	-221.0856	6.377646	0.03132543	0.008345414	0.02298002	0.008345414
390	-210.525	-216.7231	6.198073	0.02198201	0.004088688	0.01789332	0.004088688
400	-213.9401	-220.1642	6.224063	0.02846885	0.01181612	0.01665273	0.01181612
410	-212.8702	-218.2561	5.385822	0.01379795	0.003470102	0.01032785	0.003470102
420	-210.3818	-216.0746	5.69285	0.02166692	0.001930355	0.01973657	0.001930355
430	-210.1068	-216.0867	5.979909	0.02045044	0.002855568	0.01759487	0.002855568
440	-219.569	-225.7382	6.169199	0.03995013	0.01609637	0.02385376	0.01609637
450	-211.5965	-217.6795	6.082993	0.0204596	0.006832393	0.01362721	0.006832393
460	-210.6915	-216.3051	5.613545	0.02248301	0.001772229	0.02071079	0.001772229
470	-214.6346	-221.0088	6.374158	0.03114606	0.007536265	0.0236098	0.007536265
480	-210.4809	-216.4184	5.937562	0.01789566	0.003526309	0.01436935	0.003526309
490	-214.704	-220.9937	6.289778	0.03087097	0.01197512	0.01889585	0.01197512
500	-210.333	-215.7843	5.451361	0.02094179	0.00154891	0.01939288	0.00154891
510	-210.6625	-216.0023	5.339791	0.01574826	0.001756166	0.0139921	0.001756166
520	-212.5343	-218.8746	6.34034	0.02735451	0.005341511	0.022013	0.005341511
530	-211.1971	-217.5073	6.3102	0.02372497	0.005548992	0.01817598	0.005548992
540	-211.1192	-216.3552	5.236041	0.01485018	0.001726491	0.01312369	0.001726491
550	-210.2722	-216.3752	6.103023	0.02032345	0.003705033	0.01661842	0.003705033
560	-210.4515	-216.281	5.829571	0.02213021	0.002226604	0.0199036	0.002226604
570	-212.2872	-217.0351	4.747836	0.02434655	0.0009154735	0.02343108	0.0009154735
580	-211.5684	-217.0686	5.500245	0.01469215	0.002670115	0.01202203	0.002670115
590	-212.5869	-218.9366	6.349779	0.02665197	0.008269928	0.01838204	0.008269928
600	-214.2056	-219.8459	5.6403	0.02286279	0.01199681	0.01086598	0.01199681
610	-212.7513	-219.1145	6.363174	0.02776555	0.00590976	0.02185579	0.00590976
620	-211.1579	-217.3006	6.142704	0.02049563	0.005994353	0.01450128	0.005994353
630	-213.2124	-219.3088	6.096403	0.02512017	0.01088461	0.01423556	0.01088461
640	-210.4918	-216.5792	6.087337	0.01941878	0.004227791	0.01519099	0.004227791
650	-211.5674	-217.5135	5.946113	0.01837621	0.005788101	0.01258811	0.005788101
660	-212.0438	-218.3293	6.285571	0.02450947	0.008011542	0.01649793	0.008011542
670	-212.6095	-218.9451	6.335617	0.02650117	0.008557765	0.0179434	0.008557765
680	-210.8453	-216.9982	6.152859	0.02029734	0.005273589	0.01502375	0.005273589
690	-210.8667	-217.1101	6.243376	0.02190204	0.00536178	0.01654026	0.00536178
700	-210.7296	-216.426	5.696442	0.01622699	0.002755382	0.01347161	0.002755382
710	-210.8463	-216.8045	5.958169	0.02343669	0.002573023	0.02086367	0.002573023
720	-212.7254	-218.5821	5.856714	0.02041484	0.008649524	0.01176532	0.008649524
730	-210.1898	-216.2485	6.058619	0.02073492	0.00322683	0.01750809	0.00322683
740	-210.7805	-215.9574	5.176859	0.02179607	0.001228763	0.02056731	0.001228763
750	-214.0182	-220.3749	6.356697	0.03001851	0.00621572	0.02380279	0.00621572
760	-210.2982	-216.3759	6.077696	0.01970208	0.003765207	0.01593688	0.003765207
770	-213.7726	-219.2472	5.474554	0.01856295	0.008818949	0.009744002	0.008818949
780	-210.3478	-215.8279	5.48017	0.02107585	0.001586339	0.01948952	0.001586339
790	-212.514	-218.3082	5.794187	0.01866894	0.007338285	0.01133065	0.007338285
800	-213.3305	-219.4693	6.138778	0.02594636	0.01109945	0.01484691	0.01109945
810	-213.5894	-219.7832	6.193747	0.02725382	0.01141815	0.01583567	0.01141815
820	-210.8907	-217.1191	6.228374	0.02160023	0.005476612	0.01612361	0.005476612
830	-211.4206	-217.6773	6.256648	0.02499854	0.004199185	0.02079936	0.004199185
840	-210.4865	-216.2507	5.764207	0.02214375	0.002069678	0.02007408	0.002069678
850	-212.5414	-218.5072	5.965737	0.0213982	0.008813434	0.01258477	0.008813434
860	-215.8995	-221.9078	6.008292	0.03163211	0.01635579	0.01527632	0.01635579
870	-211.3239	-217.3033	5.979388	0.01841702	0.005420458	0.01299656	0.005420458
880	-212.4542	-218.3991	5.94486	0.02081656	0.008428997	0.01238757	0.008428997
890	-211.5053	-217.5852	6.079873	0.02020752	0.006575449	0.01363207	0.006575449
900	-210.5475	-216.7378	6.190312	0.02107015	0.004537779	0.01653238	0.004537779
910	-210.8551	-217.0135	6.15847	0.02356713	0.003485512	0.02008161	0.003485512
920	-211.2191	-217.4692	6.250099	0.02448838	0.004164335	0.02032404	0.004164335
930	-211.0748	-216.8777	5.802827	0.01645454	0.003648742	0.0128058	0.003648742
940	-213.5012	-219.7962	6.295026	0.02810664	0.01046326	0.01764338	0.01046326
950	-210.1334	-215.9195	5.786121	0.01794664	0.002527456	0.01541918	0.002527456
960	-213.7462	-220.1231	6.376939	0.02947331	0.008844084	0.02062922	0.008844084
970	-210.0972	-215.4686	5.371403	0.01913578	0.00149819	0.01763759	0.00149819
980	-211.199	-217.4188	6.219832	0.021777	0.006264493	0.0155125	0.006264493
990	-211.5804	-216.77	5.189599	0.01417093	0.001797078	0.01237385	0.001797078
1000	-211.8597	-215.6765	3.816852	0.02139764	0.0005319335	0.0208657	0.0005319335
1010	-210.4554	-216.5921	6.136694	0.02020273	0.004283791	0.01591893	0.004283791
1020	-211.2591	-217.5751	6.315951	0.02412361	0.005369625	0.01875399	0.005369625
1030	-211.3068	-217.5909	6.284075	0.02306731	0.006351473	0.01671583	0.006351473
1040	-210.1123	-216.0736	5.961335	0.01918404	0.003032506	0.01615153	0.003032506
1050	-213.7363	-220.1148	6.378524	0.02946909	0.008749948	0.02071914	0.008749948
1060	-211.5774	-217.2445	5.667112	0.01543158	0.003520542	0.01191103	0.003520542
1070	-211.9207	-218.2217	6.301075	0.02447648	0.007646984	0.01682949	0.007646984
1080	-212.2883	-217.8756	5.587302	0.01504374	0.004123774	0.01091997	0.004123774
1090	-211.9481	-217.8766	5.92853	0.01902304	0.006746561	0.01227648	0.006746561
1100	-210.7071	-216.1173	5.410241	0.02211392	0.001479286	0.02063463	0.001479286
1110	-211.1087	-215.969	4.860245	0.01496176	0.001199246	0.01376252	0.001199246
1120	-218.6291	-224.7279	6.098861	0.03854948	0.01843569	0.02011379	0.01843569
1130	-212.0565	-218.0086	5.95208	0.01969463	0.007272508	0.01242212	0.007272508
1140	-210.947	-217.2274	6.280446	0.02292549	0.005190879	0.01773461	0.005190879
1150	-211.2175	-216.6567	5.439153	0.02345721	0.001513867	0.02194334	0.001513867
1160	-215.852	-221.8605	6.008493	0.03161859	0.003237394	0.0283812	0.003237394
1170	-210.2505	-216.2916	6.04107	0.02136869	0.003023836	0.01834485	0.003023836
1180	-213.3047	-218.5772	5.272464	0.01323552	0.003285295	0.009950226	0.003285295
1190	-210.597	-216.5958	5.998794	0.01831878	0.004019146	0.01429963	0.004019146
1200	-213.0471	-218.9909	5.943867	0.0227194	0.01013589	0.01258351	0.01013589
1210	-212.9491	-218.7684	5.819322	0.0206548	0.009099245	0.01155556	0.009099245
1220	-211.0905	-217.3894	6.298915	0.02341208	0.005386734	0.01802535	0.005386734
1230	-210.36	-216.4996	6.139614	0.02150041	0.003639427	0.01786099	0.003639427
1240	-212.6133	-218.9929	6.379564	0.02726872	0.007133406	0.02013532	0.007133406
1250	-209.9952	-215.7836	5.78841	0.01932423	0.002300316	0.01702392	0.002300316
1260	-212.1922	-218.3705	6.178288	0.02335459	0.00859423	0.01476036	0.00859423
1270	-210.4866	-216.6697	6.18308	0.02194605	0.003929051	0.018017	0.003929051
1280	-210.2538	-216.1577	5.903857	0.01812152	0.003068768	0.01505275	0.003068768
1290	-210.1944	-215.3961	5.201725	0.01914401	0.001298429	0.01784558	0.001298429
1300	-210.3415	-216.4711	6.129623	0.02146703	0.003565186	0.01790185	0.003565186
1310	-210.5695	-216.3054	5.735864	0.01662301	0.002763812	0.0138592	0.002763812
1320	-211.4619	-217.6122	6.150274	0.02117295	0.006777397	0.01439555	0.006777397
1330	-211.8267	-217.1548	5.328004	0.01406171	0.002244764	0.01181694	0.002244764
1340	-213.1912	-219.5276	6.336372	0.0278299	0.009427863	0.01840204	0.009427863
1350	-211.4084	-216.378	4.969617	0.02296502	0.001055547	0.02190947	0.001055547
1360	-212.9181	-219.2618	6.343726	0.02729993	0.008906404	0.01839353	0.008906404
1370	-210.2771	-216.0016	5.724493	0.01723469	0.002475234	0.01475946	0.002475234
1380	-210.3038	-216.4306	6.126789	0.02090261	0.003705101	0.01719751	0.003705101
1390	-213.4463	-219.7005	6.254191	0.02753826	0.01078789	0.01675037	0.01078789
1400	-210.271	-216.1358	5.864835	0.01783763	0.002944577	0.01489305	0.002944577
1410	-210.8831	-216.566	5.682858	0.02311312	0.001892005	0.02122111	0.001892005
1420	-211.2229	-217.4418	6.218902	0.02179888	0.006322712	0.01547616	0.006322712
1430	-210.3058	-215.9791	5.673286	0.01701569	0.002346859	0.01466883	0.002346859
1440	-210.6676	-216.851	6.183376	0.02076543	0.004898108	0.01586732	0.004898108
1450	-211.4468	-217.7383	6.291508	0.02341392	0.006648942	0.01676498	0.006648942
1460	-211.1098	-216.9969	5.887096	0.02397916	0.002355931	0.02162323	0.002355931
1470	-211.2295	-215.2348	4.005275	0.01968051	0.0005936296	0.01908688	0.0005936296
1480	-212.2989	-218.2551	5.956225	0.02049359	0.008037574	0.01245602	0.008037574
1490	-210.4007	-216.5329	6.132188	0.02026368	0.004128103	0.01613558	0.004128103
1500	-214.1448	-219.4754	5.330552	0.0178005	0.008636594	0.009163911	0.008636594
1510	-210.0751	-215.6958	5.620662	0.01787585	0.002035357	0.0158405	0.002035357
1520	-210.4162	-216.5472	6.13099	0.02196688	0.003475999	0.01849088	0.003475999
1530	-210.1716	-215.5004	5.32886	0.01966566	0.001424854	0.01824081	0.001424854
1540	-212.2243	-215.8969	3.672593	0.02201673	0.0004938196	0.02152291	0.0004938196
1550	-213.0297	-218.4826	5.452896	0.01458428	0.004539492	0.01004479	0.004539492
1560	-214.0259	-220.2607	6.234818	0.02878882	0.01185697	0.01693185	0.01185697
1570	-212.8071	-218.93	6.12291	0.02429783	0.009979373	0.01431845	0.009979373
1580	-214.7985	-220.5618	5.763328	0.02622687	0.01418161	0.01204526	0.01418161
1590	-211.9623	-218.0737	6.11132	0.02603736	0.00321443	0.02282293	0.00321443
1600	-211.1415	-217.3996	6.258098	0.02424995	0.004274429	0.01997552	0.004274429
1610	-211.2239	-217.513	6.28904	0.02437033	0.004667328	0.01970301	0.004667328
1620	-212.3663	-218.4633	6.096963	0.02270802	0.008889823	0.0138182	0.008889823
1630	-210.6214	-216.7373	6.115859	0.02285941	0.003274626	0.01958478	0.003274626
1640	-210.2571	-216.2864	6.029333	0.02143556	0.002957901	0.01847766	0.002957901
1650	-212.0952	-218.3703	6.275041	0.02447323	0.008177563	0.01629566	0.008177563
1660	-210.6537	-215.8345	5.180816	0.01578442	0.001489754	0.01429467	0.001489754
1670	-212.353	-218.6714	6.318376	0.02699872	0.004948592	0.02205013	0.004948592
1680	-211.0367	-217.162	6.125287	0.02006536	0.005625754	0.01443961	0.005625754
1690	-210.2601	-216.3175	6.057487	0.02137294	0.003109669	0.01826327	0.003109669
1700	-211.2829	-216.5702	5.287294	0.02331519	0.001336372	0.02197882	0.001336372
1710	-213.239	-218.6279	5.388852	0.01417029	0.004326728	0.009843563	0.004326728
1720	-211.7406	-216.8765	5.135871	0.02399777	0.001193807	0.02280396	0.001193807
1730	-211.7714	-218.1232	6.351837	0.02544143	0.005989825	0.0194516	0.005989825
1740	-213.0896	-219.0001	5.910551	0.02241755	0.0101019	0.01231566	0.0101019
1750	-211.4354	-217.3742	5.938855	0.0180431	0.005377888	0.01266521	0.005377888
1760	-212.1181	-218.2412	6.123141	0.02634326	0.003286823	0.02305643	0.003286823
1770	-210.6998	-216.8053	6.105424	0.01955491	0.004753963	0.01480094	0.004753963
1780	-212.4077	-218.7226	6.314863	0.02575799	0.008474122	0.01728387	0.008474122
1790	-211.5512	-217.8857	6.33451	0.02502218	0.005473927	0.01954825	0.005473927
1800	-212.2682	-218.5827	6.314523	0.02543859	0.008218225	0.01722036	0.008218225
1810	-212.6794	-218.6814	6.001936	0.02233618	0.009377661	0.01295852	0.009377661
1820	-212.729	-217.9103	5.181311	0.02584902	0.001255556	0.02459346	0.001255556
1830	-212.7504	-218.8936	6.143263	0.02439735	0.009854097	0.01454325	0.009854097
1840	-214.6922	-221.0579	6.365698	0.03129326	0.009731568	0.02156169	0.009731568
1850	-210.8442	-216.7188	5.874519	0.01708206	0.00373092	0.01335114	0.00373092
1860	-211.1632	-216.7751	5.611868	0.02364943	0.001767087	0.02188235	0.001767087
1870	-212.6334	-219.0022	6.368887	0.027513	0.006091816	0.02142119	0.006091816
1880	-210.3412	-215.2956	4.954416	0.01890403	0.001081514	0.01782252	0.001081514
1890	-210.8813	-216.8308	5.94944	0.02351581	0.002543532	0.02097228	0.002543532
1900	-211.7133	-217.8519	6.138646	0.02156844	0.007370043	0.0141984	0.007370043
1910	-210.6565	-215.6121	4.955622	0.01599383	0.001208587	0.01478524	0.001208587
1920	-214.8132	-221.0302	6.216958	0.03056739	0.01313796	0.01742943	0.01313796
1930	-212.9771	-218.685	5.707839	0.01900435	0.008166147	0.01083821	0.008166147
1940	-213.635	-219.5	5.864946	0.02834748	0.002438269	0.02590921	0.002438269
1950	-213.6712	-219.9504	6.279173	0.02835355	0.01089226	0.01746128	0.01089226
1960	-212.2694	-218.5405	6.271037	0.02482674	0.008551838	0.0162749	0.008551838
1970	-211.52	-217.7193	6.199305	0.02204433	0.007027412	0.01501691	0.007027412
1980	-212.2584	-218.5935	6.335052	0.02680039	0.005219895	0.02158049	0.005219895
1990	-212.0766	-218.4241	6.347498	0.02557164	0.007353781	0.01821786	0.007353781
2000	-210.5509	-216.7153	6.164366	0.02052774	0.004571694	0.01595604	0.004571694
2010	-210.6717	-216.2799	5.608251	0.02241712	0.0017639	0.02065322	0.0017639
2020	-211.7509	-218.0898	6.338869	0.02559772	0.00540895	0.02018877	0.00540895
2030	-210.199	-216.2328	6.033842	0.0210424	0.003031275	0.01801112	0.003031275
2040	-215.5569	-221.7895	6.232636	0.03242648	0.01376	0.01866648	0.01376
2050	-213.6096	-219.9918	6.382185	0.02925177	0.008431448	0.02082032	0.008431448
2060	-210.0739	-215.4747	5.400783	0.01896806	0.0015459	0.01742216	0.0015459
2070	-212.6522	-218.8397	6.187468	0.0246936	0.009604212	0.01508939	0.009604212
2080	-210.6879	-216.6801	5.992215	0.0230406	0.00270008	0.02034052	0.00270008
2090	-210.3625	-215.8057	5.443275	0.02104056	0.001535941	0.01950462	0.001535941
2100	-209.9931	-215.7197	5.726613	0.01934302	0.002129744	0.01721328	0.002129744
2110	-211.1799	-216.8559	5.67601	0.02379809	0.001879984	0.02191811	0.001879984
2120	-211.6918	-217.5527	5.860931	0.01742747	0.005356673	0.0120708	0.005356673
2130	-210.9155	-217.188	6.272501	0.02265459	0.005242585	0.017412	0.005242585
2140	-211.1142	-216.7756	5.661407	0.01565093	0.002958434	0.01269249	0.002958434
2150	-211.8655	-218.1705	6.30497	0.02598688	0.004738953	0.02124792	0.004738953
2160	-211.0563	-217.3494	6.293087	0.02362678	0.004996405	0.01863038	0.004996405
2170	-210.9069	-217.1547	6.247806	0.02199836	0.005460415	0.01653794	0.005460415
2180	-212.1049	-217.9984	5.893545	0.0189303	0.006926016	0.01200428	0.006926016
2190	-213.2028	-219.5027	6.29985	0.02744361	0.009965263	0.01747835	0.009965263
2200	-210.9216	-217.199	6.277422	0.0228818	0.005121264	0.01776054	0.005121264
2210	-210.1547	-216.1537	5.999034	0.02083566	0.002889087	0.01794657	0.002889087
2220	-213.1852	-219.4915	6.306276	0.02849924	0.004938099	0.02356115	0.004938099
2230	-211.8557	-218.0611	6.20542	0.02289676	0.007822788	0.01507397	0.007822788
2240	-212.3908	-218.5217	6.130849	0.02323904	0.009017778	0.01422126	0.009017778
2250	-210.4822	-216.6226	6.140401	0.02021452	0.004359727	0.0158548	0.004359727
2260	-210.9825	-216.331	5.348565	0.01514177	0.001900217	0.01324155	0.001900217
2270	-210.0295	-215.9119	5.882346	0.01986334	0.002540386	0.01732295	0.002540386
2280	-212.6833	-218.161	5.477735	0.01438527	0.003920863	0.01046441	0.003920863
2290	-213.1896	-219.2278	6.038142	0.02435164	0.01078406	0.01356758	0.01078406
2300	-215.0279	-221.3358	6.307842	0.03169894	0.0118519	0.01984704	0.0118519
2310	-213.8571	-220.1898	6.332649	0.02930405	0.01030543	0.01899862	0.01030543
2320	-210.9233	-217.1441	6.220752	0.02147622	0.005572376	0.01590384	0.005572376
2330	-216.8973	-222.7943	5.897007	0.0334081	0.01861949	0.01478861	0.01861949
2340	-210.2133	-215.8004	5.587141	0.01717071	0.002059595	0.01511112	0.002059595
2350	-210.4106	-216.3517	5.94116	0.02211496	0.002554953	0.01956001	0.002554953
2360	-214.4482	-220.2776	5.829459	0.02582396	0.01345452	0.01236944	0.01345452
2370	-213.2423	-219.4226	6.180336	0.02834448	0.003765795	0.02457868	0.003765795
2380	-211.2484	-217.5303	6.281855	0.02294994	0.006214761	0.01673518	0.006214761
2390	-210.6004	-216.6289	6.028548	0.02280174	0.002851286	0.01995045	0.002851286
2400	-210.2732	-216.3729	6.099662	0.0202286	0.003714953	0.01651365	0.003714953
2410	-211.255	-217.5035	6.248461	0.02458727	0.004140316	0.02044695	0.004140316
2420	-210.7412	-216.9883	6.247113	0.02221571	0.004837206	0.0173785	0.004837206
2430	-218.3498	-224.4242	6.074421	0.03792546	0.01877204	0.01915341	0.01877204
2440	-212.4834	-218.5907	6.107313	0.02318041	0.009201309	0.0139791	0.009201309
2450	-211.0773	-217.3356	6.258313	0.02230484	0.005891158	0.01641368	0.005891158
2460	-210.8771	-216.7572	5.880073	0.01711056	0.003813462	0.0132971	0.003813462
2470	-210.4745	-215.2953	4.820828	0.01717474	0.001032914	0.01614182	0.001032914
2480	-211.9194	-218.0778	6.158353	0.0260168	0.003466031	0.02255076	0.003466031
2490	-210.2386	-216.2686	6.030012	0.01928681	0.003499226	0.01578759	0.003499226
2500	-210.8312	-215.1104	4.279193	0.01795123	0.0007117256	0.0172395	0.0007117256
2510	-211.1918	-217.2847	6.09292	0.0244185	0.003097559	0.02132094	0.003097559
2520	-210.8146	-216.1372	5.322629	0.01542559	0.001781228	0.01364436	0.001781228
2530	-210.5874	-216.7627	6.175294	0.02259416	0.003712124	0.01888203	0.003712124
2540	-212.2137	-218.5402	6.326459	0.02549727	0.007976241	0.01752103	0.007976241
2550	-210.8882	-216.9503	6.062112	0.01904151	0.004953315	0.0140882	0.004953315
2560	-210.4233	-216.5922	6.168866	0.02108028	0.004117797	0.01696248	0.004117797
2570	-210.7799	-216.6348	5.854846	0.01698028	0.003530161	0.01345011	0.003530161
2580	-212.6649	-219.0377	6.372773	0.02718309	0.007741992	0.0194411	0.007741992
2590	-212.4083	-218.6477	6.239463	0.02473891	0.008969484	0.01576942	0.008969484
2600	-213.0749	-219.2995	6.224643	0.02815982	0.004065964	0.02409386	0.004065964
2610	-214.1174	-220.1996	6.082187	0.02750244	0.01279893	0.01470351	0.01279893
2620	-211.6019	-217.9442	6.342291	0.024849	0.006082736	0.01876627	0.006082736
2630	-213.7819	-219.826	6.044152	0.02615214	0.01214518	0.01400696	0.01214518
2640	-210.0779	-215.9625	5.884583	0.01874843	0.002750295	0.01599814	0.002750295
2650	-211.0184	-216.7233	5.704928	0.01592748	0.00306169	0.01286579	0.00306169
2660	-210.3748	-216.4025	6.027683	0.01888659	0.003756439	0.01513015	0.003756439
2670	-211.8328	-216.6772	4.844437	0.01378149	0.001321534	0.01245996	0.001321534
2680	-210.6633	-216.8403	6.177024	0.02065494	0.004881348	0.01577359	0.004881348
2690	-210.7556	-215.1532	4.397592	0.01743388	0.0007741307	0.01665975	0.0007741307
2700	-210.907	-216.8636	5.956665	0.0178098	0.004340309	0.01346949	0.004340309
2710	-214.167	-220.2233	6.056304	0.0273734	0.01294797	0.01442542	0.01294797
2720	-211.6868	-216.7877	5.100877	0.02382412	0.001162449	0.02266167	0.001162449
2730	-213.8912	-220.2773	6.386011	0.02987095	0.007861307	0.02200964	0.007861307
2740	-213.1509	-219.4762	6.325294	0.02847419	0.005209986	0.02326421	0.005209986
2750	-210.2299	-215.6856	5.455728	0.02048485	0.001565917	0.01891893	0.001565917
2760	-210.184	-216.2406	6.056587	0.0200819	0.003387433	0.01669447	0.003387433
2770	-211.1436	-217.4411	6.297492	0.023994	0.004926966	0.01906704	0.004926966
2780	-211.1898	-217.4295	6.239738	0.02209907	0.006229088	0.01586998	0.006229088
2790	-210.1029	-216.0999	5.997034	0.02006662	0.003009904	0.01705672	0.003009904
2800	-210.949	-217.0415	6.092486	0.01949873	0.005257952	0.01424078	0.005257952
2810	-210.8432	-216.8878	6.044567	0.01879546	0.004754631	0.01404083	0.004754631
2820	-210.8687	-216.8787	6.010004	0.01838834	0.004601258	0.01378708	0.004601258
2830	-210.162	-216.0714	5.909404	0.0184739	0.002960385	0.01551352	0.002960385
2840	-212.5657	-218.8948	6.329095	0.02741443	0.005144396	0.02227003	0.005144396
2850	-211.5926	-217.9272	6.334646	0.02454027	0.006415932	0.01812434	0.006415932
2860	-212.8137	-218.5487	5.734979	0.01880438	0.00782342	0.01098096	0.00782342
2870	-213.79	-219.2527	5.462788	0.01843086	0.008740453	0.009690404	0.008740453
2880	-210.6086	-216.8202	6.211683	0.02145681	0.004658816	0.01679799	0.004658816
2890	-211.4239	-217.6093	6.185413	0.0216321	0.00677457	0.01485753	0.00677457
2900	-210.0538	-215.4919	5.438105	0.01885652	0.001605827	0.01725069	0.001605827
2910	-211.6794	-218.0231	6.343619	0.02531741	0.005660189	0.01965722	0.005660189
2920	-210.357	-216.4607	6.103762	0.01990744	0.003969362	0.01593808	0.003969362
2930	-213.5297	-219.8551	6.325383	0.02911904	0.005328014	0.02379102	0.005328014
2940	-210.9473	-217.0802	6.132888	0.02383229	0.003316611	0.02051568	0.003316611
2950	-211.0145	-217.1667	6.152239	0.02401218	0.003424248	0.02058793	0.003424248
2960	-216.0237	-222.0724	6.04871	0.03193656	0.003476822	0.02845974	0.003476822
2970	-210.156	-215.5566	5.400595	0.01986015	0.001509503	0.01835064	0.001509503
2980	-212.7963	-218.1016	5.305302	0.01340303	0.002864465	0.01053856	0.002864465
2990	-211.0392	-217.213	6.17381	0.02080916	0.005805901	0.01500326	0.005805901
3000	-210.8428	-217.0994	6.256564	0.02315227	0.00448489	0.01866738	0.00448489
3010	-212.9343	-219.1041	6.16984	0.02523168	0.01022595	0.01500573	0.01022595
3020	-210.4841	-216.5082	6.024108	0.01868301	0.003941057	0.01474195	0.003941057
3030	-210.2039	-216.259	6.055138	0.02094796	0.003164086	0.01778387	0.003164086
3040	-210.9995	-217.2743	6.27486	0.0226381	0.005543164	0.01709494	0.005543164
3050	-216.985	-223.2524	6.267337	0.03545248	0.01353981	0.02191267	0.01353981
3060	-211.5225	-217.7664	6.243873	0.02274566	0.007022099	0.01572356	0.007022099
3070	-212.0833	-218.1077	6.024413	0.02086134	0.007837795	0.01302354	0.007837795
3080	-210.5022	-215.1975	4.695255	0.01810697	0.0009204761	0.01718649	0.0009204761
3090	-210.2128	-215.6592	5.446366	0.02036759	0.001556108	0.01881148	0.001556108
3100	-212.6732	-219.0426	6.369376	0.02713835	0.007892283	0.01924607	0.007892283
3110	-212.7508	-219.13	6.379166	0.02769982	0.006599583	0.02110024	0.006599583
3120	-210.3337	-216.3475	6.013764	0.01882692	0.003625592	0.01520133	0.003625592
3130	-210.4074	-215.2704	4.86305	0.01755154	0.00105077	0.01650077	0.00105077
3140	-212.0795	-218.4346	6.355181	0.02573298	0.007161044	0.01857194	0.007161044
3150	-214.0953	-217.9289	3.833627	0.01174644	0.0007721603	0.01097428	0.0007721603
3160	-209.9946	-215.648	5.653369	0.01906691	0.001981929	0.01708498	0.001981929
3170	-210.6754	-216.1733	5.49798	0.01584873	0.002104958	0.01374377	0.002104958
3180	-211.9683	-218.1582	6.189909	0.0229469	0.008080952	0.01486594	0.008080952
3190	-210.3798	-216.2944	5.914662	0.0219814	0.002474424	0.01950698	0.002474424
3200	-210.0199	-215.7895	5.769649	0.01861351	0.002339324	0.01627419	0.002339324
3210	-210.1027	-215.9253	5.822591	0.01824596	0.002601667	0.01564429	0.002601667
3220	-210.0464	-215.7877	5.741309	0.02009656	0.002105059	0.0179915	0.002105059
3230	-210.3255	-215.363	5.037438	0.01731795	0.001208282	0.01610967	0.001208282
3240	-212.2632	-218.5597	6.29647	0.02681515	0.004643189	0.02217196	0.004643189
3250	-210.9679	-217.2221	6.254196	0.0221499	0.005606705	0.01654319	0.005606705
3260	-210.1558	-216.0685	5.912721	0.01852361	0.002962231	0.01556138	0.002962231
3270	-210.4076	-216.3166	5.908947	0.01780334	0.003294089	0.01450926	0.003294089
3280	-210.9535	-217.1255	6.172027	0.02068491	0.005591655	0.01509326	0.005591655
3290	-211.6883	-218.0291	6.34084	0.02539254	0.005528006	0.01986453	0.005528006
3300	-210.2003	-216.273	6.0727	0.02042533	0.003401305	0.01702402	0.003401305
3310	-210.0979	-216.0274	5.92952	0.01897008	0.002915862	0.01605422	0.002915862
3320	-210.3065	-216.0958	5.7893	0.02155248	0.002145077	0.01940741	0.002145077
3330	-210.9894	-217.2586	6.269147	0.02368066	0.004519922	0.01916074	0.004519922
3340	-210.8065	-216.8001	5.993575	0.02337055	0.002697162	0.02067339	0.002697162
3350	-210.7351	-216.7009	5.965795	0.01792141	0.004081723	0.01383968	0.004081723
3360	-211.3271	-216.6499	5.32279	0.01461064	0.001987709	0.01262293	0.001987709
3370	-210.961	-216.1425	5.18154	0.0223145	0.001231056	0.02108345	0.001231056
3380	-216.9884	-222.2047	5.216314	0.02817264	0.01836889	0.009803747	0.01836889
3390	-213.7492	-220.0828	6.333539	0.02906921	0.01017068	0.01889853	0.01017068
3400	-213.7762	-218.7537	4.977431	0.01215072	0.002244343	0.009906379	0.002244343
3410	-210.7718	-215.5956	4.823813	0.02080595	0.0009612055	0.01984474	0.0009612055
3420	-210.8657	-216.9774	6.111682	0.01970299	0.005158732	0.01454426	0.005158732
3430	-216.4096	-222.0981	5.688504	0.03038308	0.01795297	0.01243011	0.01795297
3440	-212.6537	-218.9955	6.341702	0.02758618	0.005385127	0.02220105	0.005385127
3450	-214.824	-220.3853	5.561313	0.02416343	0.01348884	0.01067458	0.01348884
3460	-212.1807	-218.2324	6.051736	0.0215404	0.008245735	0.01329467	0.008245735
3470	-217.7444	-224.0485	6.304082	0.03617758	0.01041513	0.02576245	0.01041513
3480	-210.405	-215.9829	5.577994	0.01656446	0.002156022	0.01440843	0.002156022
3490	-210.5549	-215.425	4.870131	0.02002646	0.0009998029	0.01902665	0.0009998029
3500	-210.2614	-216.1084	5.846961	0.02144717	0.002298758	0.01914841	0.002298758
3510	-211.3028	-217.6211	6.318275	0.02392056	0.005810826	0.01810974	0.005810826
3520	-211.9402	-217.9474	6.00721	0.02020015	0.007325666	0.01287449	0.007325666
3530	-211.6152	-217.5362	5.921	0.01811406	0.005701371	0.01241269	0.005701371
3540	-210.5051	-216.2957	5.790604	0.02224504	0.002128003	0.02011703	0.002128003
3550	-210.8213	-217.052	6.230756	0.02328637	0.004117238	0.01916913	0.004117238
3560	-211.8197	-217.6039	5.784159	0.02526997	0.0021178	0.02315217	0.0021178
3570	-211.5792	-217.914	6.334806	0.0245336	0.006366384	0.01816721	0.006366384
3580	-210.1925	-216.2594	6.066919	0.02056379	0.003321326	0.01724247	0.003321326
3590	-215.83	-222.08	6.249981	0.03312598	0.01366542	0.01946056	0.01366542
3600	-210.1255	-215.4021	5.276533	0.0186032	0.001402217	0.01720098	0.001402217
3610	-211.3217	-217.5203	6.198619	0.0216421	0.006547168	0.01509494	0.006547168
3620	-210.119	-215.414	5.295027	0.01875493	0.001417793	0.01733714	0.001417793
3630	-210.5648	-215.9509	5.386125	0.01599114	0.001806202	0.01418494	0.001806202
3640	-211.1139	-216.6808	5.566854	0.01532532	0.002579213	0.01274611	0.002579213
3650	-212.0728	-218.1134	6.040616	0.02107013	0.007896949	0.01317318	0.007896949
3660	-212.1399	-217.9539	5.813978	0.02589703	0.002201993	0.02369503	0.002201993
3670	-210.1062	-215.5914	5.48528	0.0176823	0.001772659	0.01590964	0.001772659
3680	-210.4298	-216.5536	6.123832	0.02207016	0.003410394	0.01865977	0.003410394
3690	-210.9526	-217.0341	6.081515	0.01934983	0.005207756	0.01414208	0.005207756
3700	-210.6037	-216.5022	5.898541	0.01745064	0.003512593	0.01393805	0.003512593
3710	-210.4085	-216.5449	6.136443	0.0218908	0.003529215	0.01836159	0.003529215
3720	-213.5715	-219.9348	6.363307	0.02896761	0.00924501	0.0197226	0.00924501
3730	-211.3969	-217.5201	6.123222	0.02062963	0.006510558	0.01411907	0.006510558
3740	-215.216	-221.2788	6.062856	0.0302864	0.01490861	0.01537779	0.01490861
3750	-210.4398	-216.4847	6.044899	0.02224818	0.002955553	0.01929262	0.002955553
3760	-210.0972	-215.5458	5.44856	0.0178036	0.001696341	0.01610725	0.001696341
3770	-211.9684	-218.3063	6.337926	0.02615463	0.005299733	0.02085489	0.005299733
3780	-210.2296	-216.2027	5.973056	0.01872612	0.003290358	0.01543576	0.003290358
3790	-210.6842	-216.7946	6.110389	0.01962377	0.004739957	0.01488381	0.004739957
3800	-212.8185	-218.8275	6.008951	0.02735618	0.002842871	0.02451331	0.002842871
3810	-211.361	-217.3653	6.004247	0.01881839	0.005701761	0.01311663	0.005701761
3820	-211.2014	-216.5431	5.341752	0.01480181	0.001977436	0.01282438	0.001977436
3830	-213.1776	-219.5238	6.346191	0.02791249	0.009222165	0.01869033	0.009222165
3840	-210.1249	-216.0255	5.900585	0.02078454	0.002505653	0.01827889	0.002505653
3850	-211.0332	-215.1604	4.127161	0.01684615	0.0006698187	0.01617634	0.0006698187
3860	-211.7429	-217.6649	5.921999	0.0184014	0.006072815	0.01232858	0.006072815
3870	-211.7978	-218.1415	6.343647	0.02502197	0.006775087	0.01824688	0.006775087
3880	-210.2865	-216.1784	5.891878	0.02159768	0.002422149	0.01917553	0.002422149
3890	-213.3102	-219.2413	5.931079	0.02339872	0.01080087	0.01259785	0.01080087
3900	-211.0937	-216.3302	5.236565	0.02277033	0.001283531	0.0214868	0.001283531
3910	-211.7741	-217.6988	5.924737	0.02540767	0.002483092	0.02292458	0.002483092
3920	-210.9879	-217.2364	6.24849	0.02204288	0.005687429	0.01635545	0.005687429
3930	-211.7019	-218.0057	6.303816	0.02408145	0.007148831	0.01693262	0.007148831
3940	-210.0415	-215.9438	5.902229	0.01997939	0.002598449	0.01738094	0.002598449
3950	-216.5	-220.9868	4.486812	0.0158796	0.009025486	0.006854111	0.009025486
3960	-210.1979	-215.9412	5.743251	0.02101595	0.002058764	0.01895719	0.002058764
3970	-210.1149	-216.0694	5.954458	0.01909157	0.003020146	0.01607142	0.003020146
3980	-211.8142	-215.989	4.174827	0.02218408	0.0006444113	0.02153967	0.0006444113
3990	-211.4794	-217.6656	6.186201	0.02513714	0.003621617	0.02151552	0.003621617
4000	-211.793	-218.1368	6.343887	0.02567155	0.005533343	0.02013821	0.005533343
4010	-212.064	-218.3534	6.289372	0.02641467	0.004542166	0.0218725	0.004542166
4020	-210.2136	-216.2869	6.07323	0.02084539	0.003297105	0.01754828	0.003297105
4030	-211.0829	-217.1524	6.069501	0.02414054	0.002991653	0.02114888	0.002991653
4040	-210.6097	-216.8323	6.222645	0.02197115	0.004462455	0.01750869	0.004462455
4050	-211.4468	-217.4041	5.957354	0.02480971	0.002572147	0.02223757	0.002572147
4060	-211.0983	-217.3293	6.230992	0.02418712	0.004002619	0.0201845	0.004002619
4070	-210.2108	-216.2899	6.079044	0.02057782	0.003404697	0.01717312	0.003404697
4080	-211.2562	-217.4343	6.178087	0.02120308	0.006348549	0.01485453	0.006348549
4090	-210.2094	-215.9013	5.691841	0.01736463	0.00232467	0.01503996	0.00232467
4100	-210.7477	-216.93	6.182297	0.02319361	0.003686667	0.01950694	0.003686667
4110	-216.0668	-222.3971	6.330343	0.03316158	0.007074665	0.02608691	0.007074665
4120	-215.6886	-221.0906	5.402004	0.0303024	0.001628021	0.02867438	0.001628021
4130	-210.7168	-216.882	6.165224	0.02044678	0.004996534	0.01545024	0.004996534
4140	-210.4135	-216.3507	5.937147	0.01799758	0.003426286	0.0145713	0.003426286
4150	-210.5957	-216.6155	6.019817	0.01853769	0.004125249	0.01441244	0.004125249
4160	-214.4876	-220.1967	5.709084	0.02464508	0.01317442	0.01147066	0.01317442
4170	-211.1047	-216.9938	5.889121	0.01717148	0.004259249	0.01291224	0.004259249
4180	-210.9848	-217.0735	6.088749	0.01948046	0.005321906	0.01415855	0.005321906
4190	-214.4602	-220.7872	6.326969	0.03062488	0.005749392	0.02487549	0.005749392
4200	-210.963	-217.2312	6.268205	0.02247329	0.005490739	0.01698255	0.005490739
4210	-210.3615	-216.5113	6.149794	0.02101821	0.003901659	0.01711655	0.003901659
4220	-210.1596	-215.9235	5.763925	0.01775708	0.002488072	0.01526901	0.002488072
4230	-211.0928	-217.3891	6.296248	0.02376347	0.005002038	0.01876143	0.005002038
4240	-216.1666	-222.0502	5.88361	0.03133094	0.01728436	0.01404657	0.01728436
4250	-210.0509	-215.9757	5.924821	0.01998618	0.002686083	0.0173001	0.002686083
4260	-213.0307	-219.4136	6.382869	0.02809914	0.007754612	0.02034453	0.007754612
4270	-211.3358	-217.6403	6.304427	0.02462665	0.004874503	0.01975215	0.004874503
4280	-210.5931	-215.5794	4.986345	0.01615565	0.001227311	0.01492834	0.001227311
4290	-212.5139	-218.1403	5.626393	0.0158696	0.005189125	0.01068048	0.005189125
4300	-212.4936	-218.4116	5.918026	0.02054659	0.008366515	0.01218007	0.008366515
4310	-211.9708	-218.309	6.338219	0.02615933	0.005305728	0.0208536	0.005305728
4320	-210.0143	-215.838	5.823753	0.01978673	0.00235503	0.0174317	0.00235503
4330	-210.7519	-216.7199	5.968033	0.0179377	0.004124417	0.01381329	0.004124417
4340	-215.3144	-221.6319	6.317468	0.0323415	0.01173638	0.02060511	0.01173638
4350	-211.334	-217.4778	6.143783	0.02081738	0.006435247	0.01438213	0.006435247
4360	-210.4604	-216.5934	6.132986	0.02013021	0.004290602	0.01583961	0.004290602
4370	-214.3648	-219.987	5.622145	0.02322219	0.01239488	0.01082731	0.01239488
4380	-215.1334	-220.6023	5.468833	0.02425226	0.01396858	0.01028368	0.01396858
4390	-215.0725	-221.4444	6.371906	0.03194133	0.00853646	0.02340487	0.00853646
4400	-211.8734	-218.2279	6.354463	0.02542437	0.006598592	0.01882578	0.006598592
4410	-210.2494	-216.3501	6.100691	0.02070665	0.0035372	0.01716945	0.0035372
4420	-210.5931	-216.7195	6.126447	0.01987861	0.004592772	0.01528584	0.004592772
4430	-212.0251	-218.121	6.095895	0.02613282	0.003143889	0.02298893	0.003143889
4440	-211.1149	-217.414	6.299118	0.02381404	0.005048182	0.01876586	0.005048182
4450	-210.6119	-216.7381	6.126285	0.01986686	0.004635625	0.01523123	0.004635625
4460	-210.5905	-216.3588	5.768301	0.01672181	0.002909003	0.0138128	0.002909003
4470	-210.0773	-215.798	5.720727	0.02029781	0.002044152	0.01825366	0.002044152
4480	-211.3045	-217.5115	6.20702	0.02174438	0.006514822	0.01522956	0.006514822
4490	-213.4633	-219.6535	6.190184	0.02688346	0.01120485	0.01567861	0.01120485
4500	-211.678	-218.0064	6.328392	0.02546967	0.005182506	0.02028716	0.005182506
4510	-210.2688	-216.338	6.06916	0.01969214	0.003672521	0.01601962	0.003672521
4520	-211.1283	-217.0801	5.951746	0.01785112	0.004755773	0.01309534	0.004755773
4530	-210.1349	-216.042	5.907115	0.02084746	0.002522412	0.01832505	0.002522412
4540	-210.4881	-215.9007	5.412555	0.02142963	0.001489268	0.01994036	0.001489268
4550	-211.2264	-217.1144	5.888037	0.0172104	0.004488674	0.01272172	0.004488674
4560	-211.5524	-217.1903	5.637984	0.01526786	0.003312843	0.01195502	0.003312843
4570	-212.2854	-218.4524	6.167089	0.0234459	0.008804594	0.0146413	0.008804594
4580	-210.194	-215.568	5.373976	0.01726652	0.001622773	0.01564375	0.001622773
4590	-210.9565	-217.1124	6.155932	0.02043684	0.005551396	0.01488544	0.005551396
4600	-211.2938	-217.581	6.287187	0.0231117	0.006294558	0.01681715	0.006294558
4610	-211.2939	-217.2988	6.004872	0.01871873	0.005535787	0.01318294	0.005535787
4620	-214.3406	-220.6275	6.286899	0.03001575	0.01164746	0.01836829	0.01164746
4630	-210.9217	-217.1643	6.242659	0.02189358	0.005524403	0.01636918	0.005524403
4640	-210.0163	-215.8783	5.862024	0.01931404	0.002545019	0.01676902	0.002545019
4650	-212.2053	-217.6664	5.461033	0.02542803	0.00156337	0.02386465	0.00156337
4660	-214.031	-219.5229	5.491869	0.02013356	0.01021348	0.009920089	0.01021348
4670	-217.049	-223.303	6.25399	0.03557727	0.01398703	0.02159025	0.01398703
4680	-210.3851	-216.48	6.094905	0.01969777	0.004016998	0.01568078	0.004016998
4690	-210.0548	-215.9946	5.939845	0.01978719	0.002782628	0.01700457	0.002782628
4700	-211.2259	-217.4705	6.244682	0.02451543	0.004107929	0.0204075	0.004107929
4710	-210.1639	-215.507	5.343151	0.01750687	0.001555453	0.01595141	0.001555453
4720	-212.9033	-219.164	6.260753	0.02625263	0.00981269	0.01643994	0.00981269
4730	-211.117	-216.4608	5.343779	0.0230429	0.001397586	0.02164532	0.001397586
4740	-215.024	-221.1782	6.154194	0.03057152	0.01402642	0.01654511	0.01402642
4750	-211.3383	-216.7187	5.380323	0.02361398	0.001441781	0.0221722	0.001441781
4760	-213.7352	-220.1219	6.386712	0.02958149	0.007728506	0.02185299	0.007728506
4770	-210.9586	-217.0517	6.093152	0.01951682	0.00528374	0.01423308	0.00528374
4780	-211.4388	-217.7622	6.323411	0.02478649	0.00524308	0.01954341	0.00524308
4790	-214.1714	-219.5004	5.328937	0.01793964	0.008776033	0.009163612	0.008776033
4800	-210.4939	-216.4737	5.979767	0.01823595	0.003747882	0.01448806	0.003747882
4810	-210.3705	-216.087	5.716456	0.02167	0.001978222	0.01969178	0.001978222
4820	-210.0048	-215.7404	5.73559	0.01961952	0.002127562	0.01749196	0.002127562
4830	-213.1471	-219.1428	5.995782	0.02785063	0.002824652	0.02502598	0.002824652
4840	-210.0142	-215.8746	5.860433	0.01938749	0.002527801	0.01685969	0.002527801
4850	-212.2826	-218.5855	6.302889	0.02530377	0.008357128	0.01694664	0.008357128
4860	-214.0616	-219.5476	5.486	0.02018282	0.01028232	0.009900495	0.01028232
4870	-212.553	-218.9268	6.373777	0.02731033	0.006327548	0.02098278	0.006327548
4880	-213.7481	-219.451	5.702864	0.02197305	0.01091176	0.01106129	0.01091176
4890	-212.7997	-218.4352	5.635539	0.01696004	0.006458326	0.01050171	0.006458326
4900	-211.1729	-217.2596	6.086652	0.01968773	0.005764076	0.01392365	0.005764076
4910	-212.379	-218.3585	5.979451	0.02657931	0.002697553	0.02388175	0.002697553
4920	-212.8887	-218.9152	6.026448	0.02749914	0.002918632	0.0245805	0.002918632
4930	-210.0373	-215.9484	5.911163	0.01972443	0.002670636	0.0170538	0.002670636
4940	-213.0403	-218.4832	5.442929	0.0144766	0.004437408	0.01003919	0.004437408
4950	-211.9217	-217.5788	5.657071	0.01541364	0.004003481	0.01141016	0.004003481
4960	-210.7769	-217.0246	6.247694	0.02291573	0.004430526	0.0184852	0.004430526
4970	-210.7615	-216.6333	5.871852	0.01711445	0.003595574	0.01351888	0.003595574
4980	-211.5468	-217.3165	5.769777	0.02472174	0.002076353	0.02264539	0.002076353
4990	-211.0558	-217.1575	6.101686	0.02409904	0.003143635	0.02095541	0.003143635
5000	-211.3641	-217.6333	6.26924	0.02287966	0.006575153	0.01630451	0.006575153
5010	-210.1166	-215.9391	5.822513	0.01817642	0.002618666	0.01555775	0.002618666
5020	-212.0324	-216.2308	4.198401	0.02275749	0.0006534119	0.02210408	0.0006534119
5030	-210.8656	-217.0583	6.192731	0.02095043	0.005415412	0.01553501	0.005415412
5040	-210.5745	-216.767	6.192501	0.02242199	0.003900451	0.01852154	0.003900451
5050	-215.171	-221.4837	6.31275	0.0320261	0.01180826	0.02021784	0.01180826
5060	-211.3452	-217.4617	6.116487	0.02478798	0.003213584	0.02157439	0.003213584
5070	-211.5375	-215.837	4.299479	0.02176181	0.0006917752	0.02107004	0.0006917752
5080	-213.7023	-220.0883	6.386012	0.02953059	0.007470419	0.02206018	0.007470419
5090	-210.1525	-216.1002	5.947725	0.02093465	0.002661251	0.0182734	0.002661251
5100	-212.1476	-218.3269	6.179379	0.02325374	0.008491907	0.01476183	0.008491907
5110	-210.5385	-216.4514	5.912955	0.01763215	0.003491922	0.01414023	0.003491922
5120	-213.3177	-219.2504	5.93275	0.02344338	0.0108269	0.01261648	0.0108269
5130	-211.0734	-217.2511	6.177699	0.02416428	0.003582622	0.02058166	0.003582622
5140	-210.3289	-215.3401	5.011221	0.01741383	0.001179357	0.01623447	0.001179357
5150	-211.2044	-217.1514	5.946935	0.01785795	0.004887959	0.01296999	0.004887959
5160	-213.1648	-219.4984	6.333643	0.02851218	0.005355032	0.02315715	0.005355032
5170	-210.1222	-216.1238	6.001642	0.01965542	0.003138666	0.01651676	0.003138666
5180	-210.3263	-215.9722	5.645879	0.01689709	0.002284893	0.0146122	0.002284893
5190	-211.0014	-216.9228	5.92148	0.02377477	0.002454837	0.02131993	0.002454837
5200	-211.9402	-218.1457	6.205409	0.02310089	0.008017264	0.01508363	0.008017264
5210	-212.9185	-217.5968	4.678372	0.01257599	0.001333586	0.01124241	0.001333586
5220	-211.4717	-217.7492	6.27755	0.02509817	0.004423332	0.02067484	0.004423332
5230	-211.1048	-217.0287	5.923947	0.01752632	0.004505723	0.0130206	0.004505723
5240	-212.5862	-218.3079	5.721656	0.01769573	0.006761335	0.01093439	0.006761335
5250	-214.1537	-219.3747	5.22096	0.01441278	0.005527532	0.008885248	0.005527532
5260	-212.9106	-216.8638	3.953246	0.01291144	0.0007423061	0.01216913	0.0007423061
5270	-210.2664	-216.236	5.969583	0.02154071	0.002692099	0.01884861	0.002692099
5280	-211.4425	-217.754	6.311471	0.02490649	0.004946215	0.01996028	0.004946215
5290	-213.6366	-219.8707	6.234038	0.02907763	0.00426058	0.02481705	0.00426058
5300	-212.1611	-217.9393	5.778223	0.01727468	0.005898248	0.01137644	0.005898248
5310	-210.0407	-215.6874	5.646723	0.01815488	0.002062225	0.01609266	0.002062225
5320	-213.1078	-215.4308	2.322994	0.01492189	0.0002927528	0.01462914	0.0002927528
5330	-210.7179	-216.9614	6.243499	0.02254969	0.004516888	0.0180328	0.004516888
5340	-210.8107	-216.9328	6.122119	0.0234511	0.003272336	0.02017877	0.003272336
5350	-211.2557	-217.3847	6.12908	0.0245954	0.003279917	0.02131548	0.003279917
5360	-211.189	-217.1327	5.943644	0.01780493	0.004828828	0.0129761	0.004828828
5370	-210.733	-216.6184	5.885319	0.02304496	0.002356423	0.02068854	0.002356423
5380	-211.7467	-217.8979	6.151169	0.02183509	0.007489483	0.01434561	0.007489483
5390	-210.2627	-216.1574	5.894702	0.02149881	0.002436258	0.01906256	0.002436258
5400	-210.6975	-216.9375	6.239962	0.02213939	0.004713007	0.01742639	0.004713007
5410	-211.4778	-217.7967	6.318951	0.02401683	0.006418862	0.01759797	0.006418862
5420	-210.4602	-216.4599	5.999793	0.02232369	0.002758278	0.01956541	0.002758278
5430	-210.618	-216.8418	6.2238	0.02190847	0.004527942	0.01738053	0.004527942
5440	-212.9112	-218.6997	5.788437	0.02004735	0.008715794	0.01133156	0.008715794
5450	-210.7605	-216.8685	6.108017	0.0196003	0.004901407	0.01469889	0.004901407
5460	-218.2543	-223.111	4.856636	0.02944244	0.02069703	0.008745402	0.02069703
5470	-217.0152	-223.3079	6.292649	0.03430258	0.0067707	0.02753188	0.0067707
5480	-210.192	-216.0943	5.902309	0.01830969	0.002978995	0.01533069	0.002978995
5490	-211.4114	-217.1173	5.705891	0.01570841	0.003532943	0.01217547	0.003532943
5500	-211.3094	-217.4527	6.143325	0.02076418	0.00637228	0.0143919	0.00637228
5510	-210.0894	-215.5402	5.450819	0.01786889	0.001694499	0.01617439	0.001694499
5520	-210.0633	-216.0093	5.946028	0.02002324	0.002769982	0.01725326	0.002769982
5530	-210.7619	-216.6419	5.879918	0.01717334	0.003639932	0.0135334	0.003639932
5540	-210.0815	-216.0415	5.960035	0.02024145	0.002797448	0.017444	0.002797448
5550	-210.4104	-215.2907	4.880345	0.0173978	0.001069669	0.01632813	0.001069669
5560	-210.3715	-215.5951	5.22366	0.01663254	0.001462258	0.01517028	0.001462258
5570	-211.3436	-217.6655	6.321901	0.02404287	0.005863858	0.01817901	0.005863858
5580	-210.2914	-216.33	6.038619	0.02160198	0.002984341	0.01861764	0.002984341
5590	-210.0097	-215.7679	5.758222	0.01869425	0.002292045	0.01640221	0.002292045
5600	-210.5707	-216.5315	5.960733	0.01798218	0.003778202	0.01420398	0.003778202
5610	-213.2315	-219.3725	6.141018	0.02569989	0.01089131	0.01480858	0.01089131
5620	-212.7097	-219.0328	6.323132	0.0265619	0.008901378	0.01766052	0.008901378
5630	-213.1267	-218.6029	5.476218	0.01521396	0.005283536	0.009930428	0.005283536
5640	-210.0762	-215.9748	5.898569	0.01886581	0.002786976	0.01607883	0.002786976
5650	-211.0409	-217.2326	6.19166	0.02109644	0.005848863	0.01524757	0.005848863
5660	-210.081	-216.02	5.938962	0.01920449	0.002902891	0.0163016	0.002902891
5670	-213.1697	-218.4528	5.283114	0.01326946	0.003167066	0.01010239	0.003167066
5680	-211.492	-215.022	3.529987	0.0182667	0.0004717629	0.01779494	0.0004717629
5690	-211.9619	-218.2963	6.334344	0.02615124	0.005224276	0.02092696	0.005224276
5700	-211.6797	-215.7713	4.091617	0.01471873	0.0007148049	0.01400392	0.0007148049
5710	-210.7187	-216.5702	5.851512	0.02295894	0.00226607	0.02069287	0.00226607
5720	-211.4028	-217.73	6.327173	0.0245561	0.005477192	0.0190789	0.005477192
5730	-211.6832	-218.0245	6.341264	0.02537041	0.005550457	0.01981995	0.005550457
5740	-216.7388	-222.4283	5.689512	0.0313425	0.01869706	0.01264544	0.01869706
5750	-211.2676	-216.5218	5.254225	0.02321605	0.001301875	0.02191417	0.001301875
5760	-210.159	-215.6704	5.511452	0.01736216	0.001859369	0.0155028	0.001859369
5770	-210.5387	-216.0201	5.481427	0.0161182	0.001995961	0.01412224	0.001995961
5780	-210.5896	-215.2822	4.692609	0.01937461	0.0008958327	0.01847878	0.0008958327
5790	-213.2748	-219.3913	6.116539	0.0255338	0.01101169	0.01452211	0.01101169
5800	-211.3333	-217.2854	5.952143	0.01806981	0.005230818	0.01283899	0.005230818
5810	-210.1627	-216.205	6.042339	0.02056219	0.003163414	0.01739877	0.003163414
5820	-212.7945	-219.1661	6.371633	0.02742268	0.008006324	0.01941635	0.008006324
5830	-214.2356	-219.9091	5.673503	0.02337222	0.0122751	0.01109711	0.0122751
5840	-210.9037	-216.9113	6.007608	0.02363811	0.002744612	0.0208935	0.002744612
5850	-210.5847	-216.7475	6.162747	0.02046047	0.004659702	0.01580076	0.004659702
5860	-212.651	-218.9043	6.253342	0.02552874	0.009388922	0.01613982	0.009388922
5870	-214.9425	-219.1222	4.179694	0.01097102	0.001125989	0.009845027	0.001125989
5880	-211.0342	-217.3184	6.284226	0.02369936	0.00476889	0.01893047	0.00476889
5890	-210.4877	-216.6692	6.181447	0.02105756	0.004347099	0.01671046	0.004347099
5900	-210.8697	-217.0539	6.184151	0.02358625	0.003663168	0.01992308	0.003663168
5910	-210.5311	-216.2576	5.726526	0.02222004	0.001986993	0.02023304	0.001986993
5920	-211.1177	-217.3812	6.263514	0.02244475	0.005975704	0.01646904	0.005975704
5930	-211.5175	-217.5498	6.032259	0.0250587	0.002841366	0.02221733	0.002841366
5940	-215.2907	-220.205	4.914337	0.01254659	0.004406357	0.008140231	0.004406357
5950	-210.8764	-216.5684	5.692058	0.02311231	0.001909432	0.02120288	0.001909432
5960	-210.0494	-215.4981	5.448646	0.01850141	0.001643419	0.016858	0.001643419
5970	-210.4528	-216.6145	6.161657	0.02069508	0.004281276	0.0164138	0.004281276
5980	-212.7263	-219.09	6.363713	0.02715619	0.00816146	0.01899473	0.00816146
5990	-210.8804	-217.0995	6.219116	0.0235479	0.003958731	0.01958917	0.003958731
6000	-211.1653	-217.1084	5.943038	0.02418408	0.002520996	0.02166308	0.002520996
6010	-212.1036	-218.4557	6.352111	0.02571133	0.007302425	0.0184089	0.007302425
6020	-212.0125	-217.8188	5.80626	0.01732244	0.005733315	0.01158913	0.005733315
6030	-212.9622	-219.2503	6.288042	0.02672551	0.009701762	0.01702375	0.009701762
6040	-210.1162	-216.05	5.933799	0.02069761	0.00263235	0.01806526	0.00263235
6050	-210.8183	-216.9126	6.094229	0.02347082	0.003123683	0.02034714	0.003123683
6060	-213.4071	-218.8096	5.402534	0.01486258	0.005238019	0.009624565	0.005238019
6070	-212.0102	-218.3723	6.362105	0.02584119	0.00662232	0.01921887	0.00662232
6080	-215.5876	-221.9475	6.359855	0.03285243	0.009457212	0.02339522	0.009457212
6090	-211.2242	-217.4304	6.206185	0.02454253	0.003773826	0.0207687	0.003773826
6100	-212.4276	-218.5979	6.170304	0.02696867	0.003585701	0.02338297	0.003585701
6110	-210.0117	-215.8114	5.799646	0.01976993	0.002285281	0.01748465	0.002285281
6120	-215.5382	-221.5097	5.971536	0.03035651	0.01583962	0.0145169	0.01583962
6130	-210.2317	-215.9716	5.739894	0.01742105	0.002482947	0.01493811	0.002482947
6140	-210.6468	-216.7826	6.135765	0.01999525	0.004747894	0.01524736	0.004747894
6150	-214.4652	-220.6747	6.209406	0.02964775	0.01273431	0.01691344	0.01273431
6160	-212.0469	-217.5933	5.546455	0.01465973	0.003392411	0.01126732	0.003392411
6170	-211.1691	-217.1823	6.013155	0.0186591	0.005289411	0.01336969	0.005289411
6180	-210.6392	-216.1756	5.536479	0.02218208	0.00165207	0.02053001	0.00165207
6190	-212.8651	-219.2447	6.379574	0.02770777	0.007729674	0.01997809	0.007729674
6200	-211.2423	-217.2329	5.990548	0.01845213	0.005303607	0.01314853	0.005303607
6210	-212.9064	-218.2854	5.379027	0.02645292	0.001478629	0.0249743	0.001478629
6220	-221.1349	-227.2898	6.154926	0.04172972	0.01466215	0.02706756	0.01466215
6230	-215.0878	-221.3284	6.240647	0.0314011	0.01316337	0.01823773	0.01316337
6240	-210.2134	-215.8741	5.660725	0.01728304	0.002243403	0.01503964	0.002243403
6250	-215.6314	-221.3195	5.688125	0.03070031	0.002148537	0.02855177	0.002148537
6260	-211.4166	-217.5351	6.118467	0.02494681	0.003224598	0.02172221	0.003224598
6270	-212.4038	-218.5955	6.191683	0.024091	0.009063656	0.01502734	0.009063656
6280	-210.2251	-215.5335	5.308427	0.01995351	0.001392364	0.01856114	0.001392364
6290	-212.9115	-219.1485	6.236952	0.02598598	0.009964247	0.01602173	0.009964247
6300	-210.4052	-216.535	6.129831	0.02191122	0.003477157	0.01843406	0.003477157
6310	-212.6312	-217.8959	5.264751	0.0133432	0.002537816	0.01080538	0.002537816
6320	-210.7738	-215.6195	4.845734	0.02088135	0.0009749433	0.0199064	0.0009749433
6330	-210.4822	-216.667	6.184841	0.0212025	0.004295603	0.0169069	0.004295603
6340	-212.2506	-217.7637	5.513055	0.01446471	0.003454896	0.01100981	0.003454896
6350	-210.1808	-216.1251	5.944302	0.01866011	0.003108355	0.01555176	0.003108355
6360	-210.2109	-216.2483	6.037368	0.01950884	0.003455762	0.01605308	0.003455762
6370	-210.4145	-216.2824	5.867928	0.01752906	0.003128112	0.01440094	0.003128112
6380	-211.049	-217.1025	6.053436	0.01906116	0.005269406	0.01379175	0.005269406
6390	-210.4088	-216.2482	5.83938	0.02199926	0.002256126	0.01974313	0.002256126
6400	-210.7194	-216.8296	6.110207	0.01962258	0.004818332	0.01480424	0.004818332
6410	-210.9862	-216.9271	5.940893	0.017661	0.004388829	0.01327217	0.004388829
6420	-210.4764	-216.2416	5.765201	0.01690605	0.002787779	0.01411827	0.002787779
6430	-210.709	-215.8707	5.161771	0.02153831	0.001216436	0.02032187	0.001216436
6440	-211.9961	-218.168	6.171987	0.02275992	0.008132718	0.0146272	0.008132718
6450	-211.0373	-216.9594	5.922072	0.01748099	0.004359746	0.01312124	0.004359746
6460	-210.245	-216.2964	6.051444	0.01953923	0.00357259	0.01596664	0.00357259
6470	-211.2629	-217.5799	6.317066	0.0240608	0.00547337	0.01858743	0.00547337
6480	-213.5723	-218.8694	5.297091	0.01365732	0.004104526	0.009552793	0.004104526
6490	-210.3405	-215.7887	5.448276	0.01663515	0.001829521	0.01480563	0.001829521
6500	-210.854	-217.0872	6.233182	0.02339901	0.004123165	0.01927584	0.004123165
6510	-211.7565	-218.0941	6.337578	0.02562313	0.0053693	0.02025383	0.0053693
6520	-213.1961	-218.4821	5.28598	0.01328785	0.003223635	0.01006422	0.003223635
6530	-210.2019	-215.4682	5.26639	0.01742791	0.001455789	0.01597212	0.001455789
6540	-212.1088	-218.2555	6.146789	0.02269483	0.008366439	0.01432839	0.008366439
6550	-211.7543	-218.0883	6.33407	0.02473984	0.006881071	0.01785876	0.006881071
6560	-213.8183	-220.1808	6.362476	0.02948874	0.009493389	0.01999535	0.009493389
6570	-210.4595	-216.6178	6.158227	0.0205981	0.004307091	0.01629101	0.004307091
6580	-210.1163	-216.1263	6.009977	0.02007454	0.003080471	0.01699406	0.003080471
6590	-212.6728	-218.2073	5.534502	0.01495579	0.004509279	0.01044651	0.004509279
6600	-213.367	-218.0922	4.725174	0.01218965	0.001502491	0.01068715	0.001502491
6610	-213.3207	-219.5986	6.277915	0.02748533	0.01037807	0.01710727	0.01037807
6620	-210.4516	-216.4363	5.984694	0.0222876	0.00270189	0.01958571	0.00270189
6630	-213.186	-219.4244	6.238421	0.02670494	0.01045648	0.01624845	0.01045648
6640	-210.5937	-216.0234	5.429606	0.01594829	0.001907576	0.01404072	0.001907576
6650	-211.7443	-217.7469	6.002619	0.0254679	0.002739327	0.02272857	0.002739327
6660	-213.2858	-218.6937	5.407875	0.0145463	0.004782476	0.009763826	0.004782476
6670	-212.4412	-218.7776	6.336358	0.02717176	0.005255816	0.02191594	0.005255816
6680	-212.8111	-219.05	6.238914	0.02575327	0.009765271	0.015988	0.009765271
6690	-212.9935	-219.2048	6.211303	0.02589022	0.01023213	0.01565809	0.01023213
6700	-210.5976	-216.7506	6.152975	0.02028617	0.004675522	0.01561064	0.004675522
6710	-213.1272	-218.9941	5.866927	0.02195733	0.009980155	0.01197717	0.009980155
6720	-212.5546	-218.9076	6.35296	0.02663047	0.008148753	0.01848172	0.008148753
6730	-213.2365	-219.6097	6.373206	0.0283663	0.008545947	0.01982035	0.008545947
6740	-210.7828	-216.1638	5.381039	0.01552135	0.00188652	0.01363483	0.00188652
6750	-211.3943	-216.5974	5.203126	0.01442376	0.001758537	0.01266523	0.001758537
6760	-210.6773	-216.9116	6.234318	0.022468	0.004400633	0.01806736	0.004400633
6770	-212.1501	-218.5103	6.360218	0.02596681	0.007161389	0.01880543	0.007161389
6780	-210.0551	-215.9734	5.918275	0.02011696	0.002641656	0.01747531	0.002641656
6790	-212.5877	-218.6579	6.070249	0.02298305	0.009373862	0.01360919	0.009373862
6800	-215.0146	-221.0395	6.024897	0.0294067	0.01468735	0.01471934	0.01468735
6810	-214.7134	-221.0629	6.349478	0.03112734	0.006462344	0.02466499	0.006462344
6820	-210.4209	-216.2857	5.864807	0.022074	0.002322606	0.0197514	0.002322606
6830	-210.6243	-216.335	5.710661	0.01643888	0.002718396	0.01372048	0.002718396
6840	-210.113	-215.9294	5.816356	0.02067115	0.002258811	0.01841234	0.002258811
6850	-212.9762	-219.072	6.095805	0.027762	0.003238438	0.02452357	0.003238438
6860	-213.4048	-219.5234	6.118624	0.0284763	0.00341453	0.02506177	0.00341453
6870	-210.9788	-217.0415	6.062658	0.01911675	0.005161579	0.01395517	0.005161579
6880	-213.6561	-219.9211	6.265031	0.02817265	0.01101881	0.01715384	0.01101881
6890	-211.1521	-217.2824	6.130286	0.02029936	0.005929398	0.01436997	0.005929398
6900	-211.557	-217.6261	6.069126	0.02016177	0.006651445	0.01351032	0.006651445
6910	-211.8948	-218.2443	6.349509	0.02530567	0.0068677	0.01843797	0.0068677
6920	-210.972	-217.2175	6.245529	0.02376078	0.004199511	0.01956127	0.004199511
6930	-210.8878	-217.1587	6.270894	0.02312603	0.004753661	0.01837237	0.004753661
6940	-211.9945	-218.1882	6.193707	0.0230667	0.008142652	0.01492405	0.008142652
6950	-212.9351	-218.9379	6.002839	0.02313746	0.01006043	0.01307702	0.01006043
6960	-210.0449	-215.7935	5.748577	0.0183172	0.002320887	0.01599632	0.002320887
6970	-214.4845	-220.759	6.274469	0.03024965	0.01199937	0.01825028	0.01199937
6980	-210.6012	-216.3053	5.704172	0.0223914	0.001938997	0.0204524	0.001938997
6990	-211.8119	-218.1141	6.302242	0.02586965	0.004703822	0.02116582	0.004703822
7000	-211.481	-217.7848	6.303854	0.0250536	0.004789341	0.02026426	0.004789341
7010	-214.0154	-219.372	5.35664	0.01753771	0.008287558	0.00925015	0.008287558
7020	-210.4065	-216.2894	5.882879	0.01763472	0.003181061	0.01445366	0.003181061
7030	-211.7705	-217.6294	5.858906	0.01754886	0.005556213	0.01199265	0.005556213
7040	-210.0822	-216.0459	5.963705	0.02021866	0.002817445	0.01740122	0.002817445
7050	-210.2348	-216.0748	5.840028	0.02132362	0.002285705	0.01903792	0.002285705
7060	-218.121	-223.6765	5.555535	0.03424597	0.02180569	0.01244028	0.02180569
7070	-213.3597	-219.6132	6.253554	0.0286814	0.004379697	0.02430171	0.004379697
7080	-212.2749	-218.4951	6.220155	0.0241425	0.008743101	0.0153994	0.008743101
7090	-210.2184	-215.9656	5.747209	0.02111682	0.002063472	0.01905335	0.002063472
7100	-211.1814	-217.0553	5.873955	0.01704695	0.004296148	0.0127508	0.004296148
7110	-211.053	-216.4857	5.432701	0.01512667	0.002131774	0.0129949	0.002131774
7120	-211.0577	-216.4851	5.42741	0.01511221	0.00212042	0.01299179	0.00212042
7130	-213.4666	-219.6771	6.210573	0.02711597	0.0111123	0.01600367	0.0111123
7140	-211.2533	-217.5659	6.312602	0.02372483	0.005784692	0.01794014	0.005784692
7150	-212.1861	-218.3613	6.175196	0.02329584	0.008579259	0.01471658	0.008579259
7160	-210.5316	-216.6455	6.113918	0.01974233	0.004410584	0.01533174	0.004410584
7170	-210.6791	-215.2094	4.530304	0.01902266	0.0008121734	0.01821049	0.0008121734
7180	-210.2265	-215.3734	5.146897	0.01911214	0.001244096	0.01786805	0.001244096
7190	-211.2309	-217.5011	6.270111	0.02447388	0.004389786	0.0200841	0.004389786
7200	-212.2278	-215.5519	3.324101	0.02109771	0.0004168566	0.02068085	0.0004168566
7210	-211.2914	-217.51	6.218521	0.02190622	0.006489484	0.01541674	0.006489484
7220	-211.064	-217.3405	6.276478	0.02268274	0.005736196	0.01694654	0.005736196
7230	-212.4963	-218.8541	6.357851	0.02725954	0.005738181	0.02152136	0.005738181
7240	-211.1055	-217.2814	6.175868	0.02092976	0.005973488	0.01495627	0.005973488
7250	-210.5857	-216.533	5.947293	0.02269693	0.002553087	0.02014384	0.002553087
7260	-212.4716	-218.8392	6.367575	0.02670767	0.007591187	0.01911648	0.007591187
7270	-216.0164	-222.213	6.196572	0.03325981	0.01476953	0.01849028	0.01476953
7280	-212.3821	-218.3753	5.993273	0.02129602	0.008509188	0.01278684	0.008509188
7290	-210.0715	-215.6262	5.554687	0.01788855	0.001886524	0.01600203	0.001886524
7300	-214.8748	-221.0327	6.157926	0.03022617	0.01377219	0.01645398	0.01377219
7310	-212.3169	-218.62	6.303123	0.02538548	0.008420218	0.01696527	0.008420218
7320	-211.8381	-218.1253	6.287178	0.02593907	0.004510195	0.02142888	0.004510195
7330	-210.2468	-216.2391	5.99231	0.02143295	0.002792336	0.01864062	0.002792336
7340	-212.5313	-218.9097	6.378408	0.02715104	0.006842153	0.02030888	0.006842153
7350	-211.0938	-217.1179	6.024089	0.01871753	0.005186107	0.01353142	0.005186107
7360	-211.0907	-217.2884	6.197712	0.0212583	0.005980816	0.01527748	0.005980816
7370	-210.9633	-217.2472	6.283883	0.02321058	0.005020836	0.01818975	0.005020836
7380	-211.1044	-217.3127	6.208267	0.02144964	0.006026541	0.0154231	0.006026541
7390	-210.1365	-215.4685	5.332023	0.01936502	0.001438835	0.01792619	0.001438835
7400	-210.4748	-216.6147	6.139892	0.02222713	0.003498056	0.01872907	0.003498056
7410	-210.1287	-216.1173	5.988619	0.01938722	0.003137528	0.0162497	0.003137528
7420	-215.1568	-221.5263	6.369562	0.03211235	0.008981153	0.02313119	0.008981153
7430	-213.3961	-219.1421	5.746004	0.02124709	0.01004467	0.01120242	0.01004467
7440	-213.3606	-219.6429	6.282305	0.02763089	0.01039673	0.01723416	0.01039673
7450	-212.2515	-218.5646	6.313094	0.02538043	0.008201233	0.0171792	0.008201233
7460	-214.4043	-219.6138	5.209414	0.01661232	0.007892891	0.008719427	0.007892891
7470	-211.9347	-218.0327	6.097923	0.02153028	0.007791026	0.01373926	0.007791026
7480	-211.0972	-217.3455	6.248334	0.02213501	0.00597805	0.01615696	0.00597805
7490	-211.9712	-218.3272	6.356003	0.02558435	0.006848791	0.01873556	0.006848791
7500	-214.8355	-220.747	5.911499	0.0278254	0.01447167	0.01335372	0.01447167
7510	-210.3644	-216.3891	6.024725	0.01887554	0.003725232	0.01515031	0.003725232
7520	-210.5796	-215.6653	5.085664	0.02088099	0.001154873	0.01972611	0.001154873
7530	-212.6485	-218.6785	6.030042	0.02711517	0.002909926	0.02420525	0.002909926
7540	-210.3834	-215.7951	5.411744	0.0210415	0.001494374	0.01954713	0.001494374
7550	-213.0074	-219.0956	6.088271	0.02443455	0.01041708	0.01401747	0.01041708
7560	-212.3592	-218.4592	6.099989	0.02673932	0.003191973	0.02354735	0.003191973
7570	-214.2927	-220.3108	6.018073	0.027334	0.01325633	0.01407766	0.01325633
7580	-210.8095	-216.7801	5.970544	0.01795141	0.00424407	0.01370734	0.00424407
7590	-211.8313	-218.1771	6.345833	0.0251231	0.006805215	0.01831789	0.006805215
7600	-213.2687	-219.5934	6.324643	0.02787623	0.009729454	0.01814678	0.009729454
7610	-210.3472	-216.2499	5.902752	0.01788184	0.003187784	0.01469405	0.003187784
7620	-210.7921	-216.7748	5.982735	0.01807905	0.004284789	0.01379426	0.004284789
7630	-211.7293	-218.0632	6.333845	0.02557479	0.005287059	0.02028773	0.005287059
7640	-210.6503	-216.8249	6.17465	0.02061973	0.004844883	0.01577485	0.004844883
7650	-211.3779	-217.6103	6.232437	0.02491056	0.00397556	0.020935	0.00397556
7660	-213.4939	-219.3405	5.846616	0.02293568	0.01095203	0.01198365	0.01095203
7670	-211.8872	-218.2203	6.333091	0.02597876	0.005213172	0.02076559	0.005213172
7680	-210.1038	-216.0416	5.937773	0.02059022	0.002659231	0.01793098	0.002659231
7690	-210.7718	-217.0194	6.247638	0.02211093	0.004994216	0.01711672	0.004994216
7700	-211.0175	-215.9773	4.959796	0.0219584	0.001048683	0.02090972	0.001048683
7710	-212.002	-218.2592	6.257269	0.02399887	0.008060094	0.01593877	0.008060094
7720	-213.1489	-219.1781	6.029182	0.02412016	0.01066925	0.01345091	0.01066925
7730	-210.6518	-216.1784	5.526618	0.02219876	0.00163719	0.02056157	0.00163719
7740	-211.2045	-217.3514	6.146938	0.02063462	0.006125305	0.01450931	0.006125305
7750	-210.0502	-215.9747	5.924464	0.01997342	0.002686519	0.0172869	0.002686519
7760	-214.2158	-220.5671	6.351285	0.03032625	0.006180604	0.02414565	0.006180604
7770	-211.5391	-217.5586	6.019502	0.02508567	0.002792938	0.02229274	0.002792938
7780	-216.6504	-222.2165	5.566126	0.03006256	0.01840004	0.01166251	0.01840004
7790	-213.9478	-220.113	6.16513	0.02939207	0.00378933	0.02560274	0.00378933
7800	-212.8618	-218.4807	5.61892	0.01689856	0.006482427	0.01041613	0.006482427
7810	-212.9221	-219.304	6.381886	0.02786846	0.007655269	0.02021319	0.007655269
7820	-212.4236	-218.7593	6.335777	0.02713673	0.005243401	0.02189333	0.005243401
7830	-212.3674	-218.5692	6.201837	0.02690796	0.003788023	0.02311994	0.003788023
7840	-212.9145	-218.747	5.832447	0.02072434	0.009084852	0.01163949	0.009084852
7850	-210.4951	-216.6318	6.136684	0.02013188	0.004385788	0.01574609	0.004385788
7860	-212.7483	-217.6998	4.951488	0.01281109	0.001721631	0.01108946	0.001721631
7870	-211.4566	-217.6157	6.159135	0.02129643	0.006791615	0.01450481	0.006791615
7880	-210.13	-215.9839	5.853874	0.02080492	0.002356403	0.01844852	0.002356403
7890	-210.032	-215.8169	5.784926	0.01855411	0.002398722	0.01615539	0.002398722
7900	-212.976	-218.25	5.273937	0.0132419	0.002882459	0.01035944	0.002882459
7910	-211.5149	-217.8446	6.32976	0.02433385	0.006296983	0.01803686	0.006296983
7920	-210.3074	-216.0504	5.743062	0.02148089	0.00204075	0.01944014	0.00204075
7930	-210.2384	-216.2244	5.98604	0.02139485	0.002769793	0.01862506	0.002769793
7940	-210.7296	-216.7404	6.010821	0.01838759	0.004329546	0.01405805	0.004329546
7950	-211.8976	-217.7164	5.81886	0.01724618	0.005518646	0.01172753	0.005518646
7960	-210.5687	-216.6287	6.059974	0.01900974	0.004270055	0.01473969	0.004270055
7970	-210.7035	-216.8532	6.149642	0.02019983	0.004924548	0.01527528	0.004924548
7980	-210.6062	-215.6036	4.997379	0.02071307	0.001084809	0.01962826	0.001084809
7990	-211.3318	-217.5703	6.238555	0.02230357	0.006577287	0.01572628	0.006577287
8000	-213.4415	-219.3794	5.937856	0.02389897	0.01117136	0.01272761	0.01117136
8010	-209.9901	-215.7176	5.727502	0.01916887	0.002149075	0.0170198	0.002149075
8020	-210.4329	-215.8217	5.388745	0.01634011	0.001756163	0.01458395	0.001756163
8030	-210.2977	-215.5346	5.236931	0.01693516	0.001454289	0.01548087	0.001454289
8040	-210.4217	-216.0185	5.596856	0.01655331	0.002215304	0.014338	0.002215304
8050	-212.8605	-219.0956	6.235101	0.02782076	0.004115114	0.02370564	0.004115114
8060	-216.6963	-219.5413	2.845052	0.01023688	0.000515012	0.009721864	0.000515012
8070	-210.0555	-215.5461	5.490622	0.01813342	0.001740677	0.01639274	0.001740677
8080	-210.9244	-217.1555	6.231039	0.0216671	0.005562582	0.01610452	0.005562582
8090	-210.4155	-216.529	6.113519	0.01990894	0.00413731	0.01577163	0.00413731
8100	-210.4421	-216.338	5.895921	0.02218262	0.002408581	0.01977404	0.002408581
8110	-210.8396	-217.0928	6.253139	0.02318225	0.004423481	0.01875876	0.004423481
8120	-212.0718	-218.3965	6.324636	0.02516819	0.007720306	0.01744788	0.007720306
8130	-214.7674	-221.0974	6.329941	0.03127128	0.01111777	0.02015351	0.01111777
8140	-210.9434	-216.3483	5.404891	0.01525977	0.002010107	0.01324966	0.002010107
8150	-212.5847	-218.6118	6.027167	0.02700453	0.002892561	0.02411197	0.002892561
8160	-210.5622	-216.4232	5.860947	0.01724951	0.003277766	0.01397175	0.003277766
8170	-210.788	-215.8575	5.069441	0.02155287	0.00113571	0.02041716	0.00113571
8180	-210.9395	-217.2183	6.278803	0.02286466	0.005203942	0.01766071	0.005203942
8190	-210.0086	-215.6693	5.660748	0.01948432	0.001965115	0.01751921	0.001965115
8200	-210.4275	-216.5116	6.084164	0.01946649	0.004078039	0.01538845	0.004078039
8210	-213.4898	-218.9192	5.429434	0.01589579	0.006318238	0.009577551	0.006318238
8220	-213.4089	-219.4585	6.049604	0.02513402	0.01131157	0.01382245	0.01131157
8230	-210.242	-216.3353	6.093293	0.0208775	0.003430251	0.01744725	0.003430251
8240	-209.9997	-215.6207	5.621055	0.01881154	0.00193426	0.01687728	0.00193426
8250	-212.444	-218.5161	6.072141	0.02258993	0.009015398	0.01357453	0.009015398
8260	-211.2494	-217.5079	6.258449	0.02455493	0.004246973	0.02030796	0.004246973
8270	-210.0404	-215.7237	5.683315	0.01820177	0.002149612	0.01605216	0.002149612
8280	-210.3815	-216.0031	5.621596	0.0215258	0.001800457	0.01972534	0.001800457
8290	-211.5296	-217.8277	6.298104	0.02520096	0.004684945	0.02051601	0.004684945
8300	-211.9126	-218.2265	6.313885	0.02466559	0.007513597	0.01715199	0.007513597
8310	-214.3175	-215.7823	1.464753	0.01401917	0.0002129125	0.01380626	0.0002129125
8320	-210.3308	-216.0019	5.671062	0.01694074	0.002359029	0.01458171	0.002359029
8330	-210.8543	-216.9047	6.050367	0.01887277	0.004811989	0.01406078	0.004811989
8340	-210.2432	-216.0077	5.764501	0.0212549	0.002097614	0.01915729	0.002097614
8350	-210.8234	-217.0032	6.179776	0.02071181	0.005289887	0.01542192	0.005289887
8360	-210.6048	-216.8083	6.203453	0.02124687	0.004690005	0.01655687	0.004690005
8370	-209.9991	-215.8086	5.809488	0.01937852	0.002357759	0.01702076	0.002357759
8380	-210.7939	-217.0469	6.252964	0.02223782	0.005017092	0.01722073	0.005017092
8390	-212.3465	-218.6104	6.263987	0.02491573	0.008741757	0.01617398	0.008741757
8400	-212.8292	-219.2096	6.380339	0.02765653	0.007609646	0.02004688	0.007609646
8410	-214.2503	-220.0538	5.80357	0.02491582	0.01287017	0.01204565	0.01287017
8420	-211.923	-217.7803	5.857367	0.01786836	0.005993892	0.01187447	0.005993892
8430	-210.1908	-216.1131	5.922285	0.0211685	0.00254845	0.01862005	0.00254845
8440	-211.8611	-217.7923	5.931125	0.01882939	0.006504744	0.01232465	0.006504744
8450	-212.9896	-218.5845	5.594878	0.01698082	0.006699336	0.01028149	0.006699336
8460	-213.4336	-219.3076	5.873947	0.02806817	0.002447427	0.02562074	0.002447427
8470	-211.2239	-216.78	5.556095	0.0151746	0.002621325	0.01255327	0.002621325
8480	-212.3056	-216.9497	4.644196	0.02419407	0.0008561051	0.02333797	0.0008561051
8490	-210.0079	-215.7868	5.778923	0.01971057	0.002232792	0.01747777	0.002232792
8500	-212.4486	-218.759	6.310428	0.02579007	0.00859505	0.01719502	0.00859505
8510	-210.0023	-215.7527	5.750469	0.01877956	0.002257354	0.01652221	0.002257354
8520	-214.9331	-220.1423	5.209231	0.02016965	0.01126438	0.008905275	0.01126438
8530	-214.4277	-220.5666	6.138912	0.0289005	0.01316756	0.01573294	0.01316756
8540	-210.8257	-216.6822	5.85659	0.02324886	0.002276142	0.02097271	0.002276142
8550	-217.5855	-223.4886	5.903104	0.0352482	0.01977107	0.01547713	0.01977107
8560	-215.8346	-220.8647	5.030169	0.02207981	0.01355559	0.008524215	0.01355559
8570	-210.0938	-216.0725	5.978669	0.0196283	0.003009905	0.0166184	0.003009905
8580	-211.0102	-217.2998	6.289644	0.02319638	0.00523711	0.01795927	0.00523711
8590	-212.8699	-219.1248	6.254907	0.02609803	0.009789003	0.01630903	0.009789003
8600	-213.8141	-219.7372	5.923121	0.02488804	0.01208274	0.0128053	0.01208274
8610	-212.0297	-218.2512	6.221538	0.02630104	0.003899446	0.0224016	0.003899446
8620	-212.8622	-219.2214	6.359166	0.02798367	0.005817362	0.02216631	0.005817362
8630	-210.3786	-216.4522	6.073614	0.01942024	0.003936834	0.0154834	0.003936834
8640	-210.5682	-215.5725	5.004314	0.01621339	0.00124124	0.01497215	0.00124124
8650	-211.7155	-217.7173	6.001853	0.01952925	0.006646799	0.01288245	0.006646799
8660	-211.781	-217.7491	5.968126	0.01918472	0.00657728	0.01260744	0.00657728
8670	-210.5588	-215.6026	5.043775	0.02066913	0.001122227	0.0195469	0.001122227
8680	-216.8907	-221.9549	5.064285	0.02652981	0.01745286	0.009076945	0.01745286
8690	-213.5082	-219.0873	5.579094	0.01913534	0.008916316	0.01021903	0.008916316
8700	-211.0263	-217.3065	6.280294	0.02277893	0.005568479	0.01721045	0.005568479
8710	-212.4944	-218.7116	6.217253	0.0246647	0.009212812	0.01545189	0.009212812
8720	-210.7954	-217.0503	6.254884	0.02230961	0.004988346	0.01732127	0.004988346
8730	-210.2695	-216.2244	5.954842	0.01844978	0.003286566	0.01516322	0.003286566
8740	-210.0959	-215.522	5.426118	0.01786614	0.001653953	0.01621219	0.001653953
8750	-210.175	-216.2108	6.035771	0.01972307	0.003353864	0.01636921	0.003353864
8760	-212.1925	-217.9484	5.755929	0.0170139	0.005741295	0.01127261	0.005741295
8770	-214.2551	-220.5998	6.344729	0.03027904	0.01036991	0.01990913	0.01036991
8780	-211.7817	-218.0656	6.283891	0.0239127	0.007465919	0.01644679	0.007465919
8790	-213.1208	-219.3979	6.277126	0.02698553	0.0100629	0.01692263	0.0100629
8800	-210.339	-216.3983	6.05933	0.02180234	0.003066246	0.01873609	0.003066246
8810	-211.6991	-217.5068	5.807759	0.01675983	0.004869189	0.01189064	0.004869189
8820	-211.9084	-218.2176	6.309167	0.02458009	0.007551069	0.01702902	0.007551069
8830	-212.2192	-218.5233	6.304135	0.02517753	0.008224032	0.0169535	0.008224032
8840	-214.8832	-220.9279	6.04462	0.02923154	0.01437834	0.0148532	0.01437834
8850	-210.5745	-216.7754	6.200907	0.02126241	0.004591241	0.01667117	0.004591241
8860	-211.4533	-217.7861	6.332752	0.02452411	0.005798047	0.01872606	0.005798047
8870	-211.1061	-217.245	6.138892	0.02036105	0.005852336	0.01450872	0.005852336
8880	-213.5244	-219.7217	6.197356	0.02712244	0.01128338	0.01583907	0.01128338
8890	-212.1602	-218.3961	6.235904	0.02407354	0.008462185	0.01561135	0.008462185
8900	-213.7228	-219.3737	5.650851	0.02811012	0.001938755	0.02617136	0.001938755
8910	-210.2603	-215.9146	5.654313	0.02112182	0.001870828	0.01925099	0.001870828
8920	-213.0847	-219.4673	6.382614	0.02819899	0.007858593	0.0203404	0.007858593
8930	-211.1668	-217.4619	6.295129	0.02318215	0.00584235	0.0173398	0.00584235
8940	-210.9652	-216.9507	5.98548	0.01814193	0.004644118	0.01349781	0.004644118
8950	-211.7799	-217.0517	5.271787	0.01402231	0.002065128	0.01195719	0.002065128
8960	-212.0761	-217.9085	5.832475	0.01788736	0.006221551	0.01166581	0.006221551
8970	-213.6104	-218.6775	5.067162	0.02703023	0.001172796	0.02585743	0.001172796
8980	-210.5133	-216.6761	6.162837	0.02056047	0.004466437	0.01609403	0.004466437
8990	-211.8001	-217.6077	5.807576	0.0169087	0.005128163	0.01178054	0.005128163
9000	-211.9835	-218.1851	6.201538	0.02619056	0.003748375	0.02244219	0.003748375
9010	-213.2321	-219.4592	6.22707	0.02669369	0.010604	0.01608969	0.010604
9020	-212.6256	-215.8093	3.183689	0.01426661	0.0004456442	0.01382096	0.0004456442
9030	-211.2712	-217.4256	6.154414	0.02464741	0.003423015	0.0212244	0.003423015
9040	-215.0803	-221.2381	6.157849	0.03098407	0.003979764	0.0270043	0.003979764
9050	-214.0157	-220.2393	6.223638	0.02865502	0.01193733	0.01671769	0.01193733
9060	-210.7978	-216.9765	6.178658	0.02336836	0.003641261	0.0197271	0.003641261
9070	-210.3267	-216.4397	6.112934	0.02151711	0.003429131	0.01808798	0.003429131
9080	-215.177	-220.8992	5.722202	0.0301877	0.002192376	0.02799532	0.002192376
9090	-211.2392	-217.5294	6.290211	0.02311347	0.006120669	0.0169928	0.006120669
9100	-210.1921	-215.9238	5.731645	0.01753164	0.002423312	0.01510833	0.002423312
9110	-210.9874	-216.8939	5.906438	0.01731979	0.004162195	0.01315759	0.004162195
9120	-210.6551	-216.7466	6.091509	0.01937076	0.004594494	0.01477626	0.004594494
9130	-213.0602	-219.397	6.336781	0.02833221	0.005382282	0.02294993	0.005382282
9140	-210.3912	-216.4537	6.062499	0.02203622	0.003058552	0.01897767	0.003058552
9150	-211.0653	-216.8968	5.831483	0.01666937	0.003809765	0.01285961	0.003809765
9160	-210.354	-216.5013	6.147288	0.02103251	0.003866889	0.01716562	0.003866889
9170	-211.2346	-217.049	5.814342	0.02414578	0.002170883	0.0219749	0.002170883
9180	-211.0308	-216.7803	5.749506	0.01614368	0.003294111	0.01284957	0.003294111
9190	-210.5733	-216.7863	6.213	0.02204252	0.004264901	0.01777761	0.004264901
9200	-211.744	-217.7034	5.959402	0.01896157	0.00639879	0.01256278	0.00639879
9210	-210.3634	-216.3218	5.958436	0.02194959	0.002623562	0.01932602	0.002623562
9220	-212.0827	-218.4231	6.340446	0.02545455	0.00750675	0.0179478	0.00750675
9230	-211.2872	-217.3821	6.094915	0.01999719	0.006094983	0.01390221	0.006094983
9240	-211.3567	-217.4522	6.095455	0.02013424	0.006274547	0.01385969	0.006274547
9250	-212.7219	-218.7313	6.009385	0.02720049	0.002835574	0.02436492	0.002835574
9260	-210.1339	-215.6737	5.539807	0.02020278	0.00170189	0.01850089	0.00170189
9270	-214.0097	-220.1434	6.133763	0.02941253	0.003598951	0.02581358	0.003598951
9280	-211.8686	-218.2254	6.356831	0.02554505	0.006368011	0.01917704	0.006368011
9290	-210.2255	-216.2868	6.061268	0.02110086	0.003173141	0.01792772	0.003173141
9300	-211.6824	-217.9135	6.23118	0.02288302	0.007409694	0.01547332	0.007409694
9310	-213.8911	-220.2455	6.354382	0.02979844	0.006082468	0.02371597	0.006082468
9320	-212.2362	-218.0186	5.78235	0.01755238	0.006202617	0.01134976	0.006202617
9330	-211.4965	-217.819	6.322528	0.02412374	0.006407589	0.01771615	0.006407589
9340	-212.3119	-218.0121	5.700211	0.0164723	0.005460226	0.01101208	0.005460226
9350	-211.0926	-217.1513	6.058722	0.01918286	0.005404872	0.01377799	0.005404872
9360	-212.8623	-219.0197	6.157393	0.02488268	0.01009076	0.01479192	0.01009076
9370	-213.3281	-218.8198	5.491718	0.01646111	0.006646751	0.009814362	0.006646751
9380	-210.3986	-215.31	4.91143	0.01919605	0.001042536	0.01815352	0.001042536
9390	-210.9392	-217.1962	6.256989	0.02220481	0.005505617	0.01669919	0.005505617
9400	-212.4394	-218.7445	6.305174	0.02569673	0.008629815	0.01706691	0.008629815
9410	-215.6111	-221.9201	6.308979	0.03290734	0.01208935	0.020818	0.01208935
9420	-210.563	-216.3725	5.809521	0.01695943	0.003050992	0.01390844	0.003050992
9430	-210.0184	-215.8464	5.828008	0.01984851	0.002361561	0.01748695	0.002361561
9440	-211.9397	-218.2303	6.290659	0.02435541	0.007762784	0.01659262	0.007762784
9450	-213.297	-219.3166	6.019603	0.02444674	0.01101118	0.01343556	0.01101118
9460	-214.6208	-220.5165	5.895728	0.02703757	0.01397833	0.01305924	0.01397833
9470	-212.5235	-218.9	6.376573	0.02720272	0.006548393	0.02065433	0.006548393
9480	-218.0472	-222.684	4.636877	0.02701632	0.01910446	0.00791186	0.01910446
9490	-212.3177	-218.5727	6.254977	0.02472314	0.008725661	0.01599748	0.008725661
9500	-212.694	-216.7431	4.049023	0.02383633	0.0006042017	0.02323213	0.0006042017
9510	-213.2541	-219.2694	6.015317	0.02426598	0.01089881	0.01336716	0.01089881
9520	-209.9901	-215.7189	5.728766	0.01916529	0.002152709	0.01701259	0.002152709
9530	-211.8577	-218.048	6.190259	0.0226798	0.007822575	0.01485723	0.007822575
9540	-210.2576	-216.1756	5.917941	0.02149133	0.002511337	0.01897999	0.002511337
9550	-210.0107	-215.6853	5.674643	0.01956294	0.001989545	0.01757339	0.001989545
9560	-210.5819	-216.6343	6.052357	0.01891104	0.004260405	0.01465063	0.004260405
9570	-212.2303	-218.386	6.155692	0.02314263	0.008668357	0.01447427	0.008668357
9580	-210.6987	-216.8548	6.156119	0.02030123	0.004930495	0.01537073	0.004930495
9590	-211.4197	-217.7083	6.288663	0.0249399	0.004577863	0.02036204	0.004577863
9600	-210.6936	-215.6974	5.003717	0.01582039	0.001270547	0.01454984	0.001270547
9610	-213.2552	-219.2346	5.979406	0.02382827	0.0108148	0.01301348	0.0108148
9620	-211.075	-217.1648	6.089807	0.02413791	0.003085207	0.0210527	0.003085207
9630	-212.9269	-219.0184	6.091491	0.02424298	0.01023327	0.01400971	0.01023327
9640	-210.2932	-216.4137	6.120426	0.02102331	0.003607246	0.01741607	0.003607246
9650	-210.2025	-216.1693	5.966853	0.02121694	0.002708772	0.01850817	0.002708772
9660	-214.039	-220.2625	6.223487	0.02966739	0.004261337	0.02540606	0.004261337
9670	-210.1922	-216.2056	6.013442	0.01929399	0.003350601	0.01594338	0.003350601
9680	-210.1715	-216.2137	6.042257	0.02070621	0.003133984	0.01757223	0.003133984
9690	-213.3215	-217.9419	4.620397	0.02589667	0.0008562942	0.02504038	0.0008562942
9700	-211.8904	-218.2053	6.314892	0.02603007	0.00488456	0.02114551	0.00488456
9710	-214.7449	-221.0761	6.331248	0.03123137	0.01106798	0.02016338	0.01106798
9720	-211.3089	-217.2824	5.973457	0.01831608	0.005337655	0.01297843	0.005337655
9730	-211.6298	-217.952	6.322169	0.02537355	0.005069324	0.02030423	0.005069324
9740	-211.0475	-217.2838	6.236317	0.02186317	0.005875729	0.01598744	0.005875729
9750	-210.4708	-215.6407	5.169948	0.02070315	0.001232776	0.01947038	0.001232776
9760	-210.4461	-215.392	4.945817	0.01686614	0.001147151	0.01571899	0.001147151
9770	-212.5216	-218.8996	6.378054	0.02714668	0.006769625	0.02037706	0.006769625
9780	-210.059	-215.6263	5.567352	0.01973415	0.001769004	0.01796515	0.001769004
9790	-211.5862	-217.7683	6.182178	0.02192612	0.007163525	0.01476259	0.007163525
9800	-212.9522	-219.2069	6.254664	0.02630224	0.009939624	0.01636262	0.009939624
9810	-220.4878	-224.4359	3.948089	0.03060238	0.02390303	0.006699348	0.02390303
9820	-214.7888	-219.9086	5.119798	0.01748631	0.009024941	0.008461365	0.009024941
9830	-211.1437	-217.4185	6.27484	0.02419085	0.004492162	0.01969869	0.004492162
9840	-210.0944	-215.4567	5.362297	0.01900721	0.00149177	0.01751544	0.00149177
9850	-213.2056	-218.4795	5.273966	0.01322639	0.003153765	0.01007263	0.003153765
9860	-211.1396	-217.1945	6.054835	0.01918855	0.005494107	0.01369444	0.005494107
9870	-210.8282	-216.4964	5.668147	0.02294829	0.001865319	0.02108297	0.001865319
9880	-210.331	-215.522	5.191067	0.01685505	0.001402372	0.01545268	0.001402372
9890	-214.3439	-219.4555	5.111608	0.0128406	0.003898322	0.008942282	0.003898322
9900	-210.6616	-216.674	6.012371	0.01842362	0.004209047	0.01421458	0.004209047
9910	-214.4362	-220.6243	6.188082	0.02938205	0.01286851	0.01651354	0.01286851
9920	-211.0533	-217.2562	6.202981	0.02129669	0.005895174	0.01540151	0.005895174
9930	-212.1281	-215.5777	3.449616	0.01486026	0.0004966888	0.01436357	0.0004966888
9940	-211.5499	-217.3364	5.786536	0.01638063	0.004345701	0.01203493	0.004345701
9950	-210.1981	-216.1884	5.990359	0.02116346	0.002810826	0.01835264	0.002810826
9960	-211.3086	-216.7091	5.400487	0.01473672	0.002176418	0.0125603	0.002176418
9970	-210.3176	-215.613	5.295396	0.01677061	0.001549857	0.01522076	0.001549857
9980	-210.8869	-216.808	5.921123	0.01746195	0.004078751	0.0133832	0.004078751
9990	-211.3654	-217.6907	6.325247	0.02419604	0.00579468	0.01840136	0.00579468
10000	-213.0406	-218.2863	5.24572	0.01312309	0.002799953	0.01032314	0.002799953
