Iteration	Posterior	Likelihood	Prior	birth_rate	death_rate	diversification	turnover
0	-237.1093	-242.4303	5.32106	0.06595013	0.02974491	0.03620522	0.02974491
10	-215.3122	-221.6341	6.321904	0.03192038	0.006142231	0.02577815	0.006142231
20	-217.7778	-223.9776	6.199789	0.03693612	0.01565587	0.02128024	0.01565587
30	-210.9117	-216.8522	5.940521	0.01764637	0.004245616	0.01340075	0.004245616
40	-225.9205	-231.4914	5.57084	0.04123499	0.002931672	0.03830332	0.002931672
50	-217.874	-224.1375	6.263532	0.03689073	0.01324207	0.02364866	0.01324207
60	-211.2527	-217.0893	5.836591	0.016716	0.004159405	0.0125566	0.004159405
70	-211.8801	-218.0536	6.173517	0.02249062	0.007858619	0.014632	0.007858619
80	-211.5384	-217.7956	6.257174	0.02299058	0.007029158	0.01596142	0.007029158
90	-224.6929	-230.4872	5.794234	0.05032717	0.02717634	0.02315083	0.02717634
100	-214.6122	-220.9875	6.375297	0.03111576	0.007601574	0.02351419	0.007601574
110	-213.7648	-219.3274	5.562615	0.02003338	0.009824336	0.01020904	0.009824336
120	-220.5493	-225.886	5.336701	0.03555567	0.001801974	0.0337537	0.001801974
130	-216.0528	-221.5808	5.52801	0.02790079	0.01681104	0.01108976	0.01681104
140	-211.4268	-217.6121	6.185265	0.02163577	0.006781517	0.01485425	0.006781517
150	-221.4059	-227.4602	6.054305	0.03843197	0.005161664	0.03327031	0.005161664
160	-228.8421	-234.7222	5.880011	0.04971456	0.01413003	0.03558453	0.01413003
170	-213.6793	-219.5857	5.906421	0.02427181	0.01169323	0.01257859	0.01169323
180	-216.6019	-222.8759	6.273946	0.03354739	0.005953977	0.02759342	0.005953977
190	-210.6301	-216.8528	6.222678	0.02174131	0.004644318	0.01709699	0.004644318
200	-229.6323	-234.9592	5.326962	0.06277393	0.04212893	0.020645	0.04212893
210	-214.6213	-220.9999	6.378558	0.03118391	0.0085289	0.02265501	0.0085289
220	-212.4659	-218.8002	6.334265	0.02616327	0.008331983	0.01783129	0.008331983
230	-222.3682	-228.0236	5.655312	0.04602082	0.02910117	0.01691964	0.02910117
240	-213.7704	-219.7484	5.978059	0.02538037	0.01207923	0.01330114	0.01207923
250	-236.8276	-241.526	4.698447	0.08398282	0.06508425	0.01889856	0.06508425
260	-211.1844	-217.4682	6.283878	0.02292548	0.006024268	0.01690121	0.006024268
270	-211.7212	-218.0676	6.346395	0.02541042	0.005724893	0.01968553	0.005724893
280	-234.3202	-240.0174	5.697206	0.05214453	0.009822716	0.04232181	0.009822716
290	-228.2508	-234.113	5.862188	0.04517796	0.006279491	0.03889847	0.006279491
300	-210.6031	-216.7094	6.106325	0.0195871	0.004543122	0.01504398	0.004543122
310	-217.6991	-223.9709	6.271842	0.03658348	0.01298349	0.02359999	0.01298349
320	-217.6104	-223.4987	5.888306	0.03521434	0.01990096	0.01531337	0.01990096
330	-215.2446	-220.3224	5.077851	0.01977654	0.01130313	0.008473408	0.01130313
340	-212.4313	-218.7416	6.310279	0.0271482	0.00484168	0.02230652	0.00484168
350	-215.0214	-220.9997	5.978383	0.02899458	0.01481034	0.01418425	0.01481034
360	-214.017	-220.2182	6.201196	0.02843853	0.01210744	0.01633109	0.01210744
370	-226.6085	-231.7951	5.186607	0.04102503	0.001936504	0.03908853	0.001936504
380	-216.896	-222.2992	5.403222	0.0294472	0.01869178	0.01075542	0.01869178
390	-210.5418	-216.7012	6.159376	0.02245943	0.003606693	0.01885273	0.003606693
400	-220.5373	-226.7519	6.214584	0.03937324	0.009682697	0.02969054	0.009682697
410	-220.4896	-226.695	6.205449	0.03880373	0.008271574	0.03053215	0.008271574
420	-215.783	-222.1363	6.353337	0.03320228	0.009853658	0.02334862	0.009853658
430	-221.0936	-226.8618	5.76812	0.04327663	0.02608023	0.0171964	0.02608023
440	-218.3206	-224.1571	5.836566	0.03671574	0.02139517	0.01532058	0.02139517
450	-229.7791	-235.5585	5.779356	0.05300105	0.01894948	0.03405156	0.01894948
460	-212.6339	-218.8192	6.185275	0.02461672	0.009568558	0.01504817	0.009568558
470	-217.6413	-223.3124	5.671167	0.0337495	0.02066785	0.01308165	0.02066785
480	-213.2555	-219.6251	6.36958	0.02836062	0.008702611	0.019658	0.008702611
490	-218.2032	-224.2154	6.012176	0.03737797	0.01960974	0.01776823	0.01960974
500	-211.5931	-217.6509	6.057827	0.02007527	0.00668141	0.01339386	0.00668141
510	-213.8519	-219.433	5.581094	0.02069063	0.01034267	0.01034796	0.01034267
520	-217.6008	-223.8971	6.296353	0.03529987	0.007714746	0.02758512	0.007714746
530	-226.3515	-232.3493	5.997805	0.04514989	0.00951015	0.03563974	0.00951015
540	-237.3896	-242.672	5.282401	0.06725286	0.03152967	0.03572319	0.03152967
550	-213.1343	-219.3137	6.179431	0.02588572	0.01061176	0.01527397	0.01061176
560	-233.9262	-239.3147	5.388465	0.06480343	0.03357854	0.03122489	0.03357854
570	-220.3536	-226.2326	5.878939	0.04185857	0.02373052	0.01812805	0.02373052
580	-217.2618	-223.4898	6.22805	0.03597217	0.01479157	0.0211806	0.01479157
590	-216.942	-222.7465	5.80452	0.03282709	0.01900015	0.01382694	0.01900015
600	-223.9809	-230.0007	6.01983	0.04608727	0.01730929	0.02877798	0.01730929
610	-220.7699	-226.6617	5.891768	0.04280128	0.02388685	0.01891444	0.02388685
620	-249.1103	-252.677	3.566665	0.133058	0.1169618	0.01609625	0.1169618
630	-217.2259	-223.335	6.109111	0.03556526	0.01725249	0.01831276	0.01725249
640	-210.5466	-216.6227	6.076156	0.01922401	0.004297312	0.0149267	0.004297312
650	-213.188	-219.5467	6.358784	0.02808382	0.008944988	0.01913883	0.008944988
660	-211.783	-217.4249	5.64183	0.01525779	0.003652547	0.01160524	0.003652547
670	-228.7336	-234.3581	5.624449	0.0440938	0.003727857	0.04036594	0.003727857
680	-214.5092	-219.7023	5.19316	0.01708336	0.008407901	0.008675463	0.008407901
690	-212.1551	-218.3783	6.22323	0.02654338	0.003923797	0.02261959	0.003923797
700	-214.033	-220.2476	6.214626	0.02963621	0.004182996	0.02545321	0.004182996
710	-220.9603	-227.0882	6.127869	0.04203543	0.01651756	0.02551787	0.01651756
720	-239.3451	-244.2191	4.873982	0.08290562	0.05500001	0.02790561	0.05500001
730	-225.8957	-231.7596	5.863951	0.05039059	0.02255032	0.02784027	0.02255032
740	-216.079	-222.3088	6.229734	0.03357063	0.01424535	0.01932528	0.01424535
750	-213.1834	-219.0828	5.899403	0.02258018	0.01031563	0.01226454	0.01031563
760	-227.5008	-233.1632	5.662388	0.05543395	0.03028139	0.02515256	0.03028139
770	-218.259	-224.2672	6.008259	0.03749052	0.01972214	0.01776838	0.01972214
780	-219.6883	-225.7174	6.029103	0.04063348	0.02045456	0.02017893	0.02045456
790	-226.8725	-232.3049	5.432395	0.05649372	0.03777926	0.01871446	0.03777926
800	-241.7479	-246.6211	4.873174	0.08156363	0.04805237	0.03351126	0.04805237
810	-210.6114	-216.4917	5.880323	0.02269587	0.002348715	0.02034715	0.002348715
820	-222.0752	-227.3971	5.321851	0.04379788	0.0307602	0.01303768	0.0307602
830	-215.5837	-221.8578	6.274134	0.0327122	0.01298729	0.01972491	0.01298729
840	-218.6559	-224.6185	5.962588	0.03822154	0.0207515	0.01747004	0.0207515
850	-212.1669	-218.4057	6.238776	0.02658273	0.004050874	0.02253186	0.004050874
860	-211.1078	-217.097	5.989216	0.01828514	0.004978861	0.01330628	0.004978861
870	-215.5858	-221.8528	6.267068	0.03268203	0.01314198	0.01954004	0.01314198
880	-223.6299	-229.6552	6.025305	0.04581691	0.01770332	0.02811359	0.01770332
890	-226.8144	-232.5839	5.769514	0.05288191	0.02598723	0.02689467	0.02598723
900	-212.4438	-217.9412	5.497416	0.01440353	0.003641343	0.01076219	0.003641343
910	-214.6262	-220.9285	6.302373	0.03078621	0.01166328	0.01912294	0.01166328
920	-226.9843	-232.2078	5.22351	0.05681777	0.04104138	0.01577639	0.04104138
930	-216.7068	-222.9569	6.250096	0.03493072	0.01407279	0.02085793	0.01407279
940	-212.1419	-218.2706	6.128702	0.02252827	0.008410912	0.01411735	0.008410912
950	-231.9203	-237.6387	5.718341	0.05425625	0.01742326	0.03683298	0.01742326
960	-227.9837	-233.1837	5.199956	0.0594219	0.04299268	0.01642922	0.04299268
970	-211.7905	-217.7501	5.959522	0.01907885	0.006535506	0.01254334	0.006535506
980	-211.8027	-217.8253	6.02267	0.02006338	0.007036734	0.01302665	0.007036734
990	-247.1366	-251.8634	4.726774	0.08312042	0.0423181	0.04080231	0.0423181
1000	-214.2571	-220.3262	6.069038	0.02775404	0.0131049	0.01464914	0.0131049
1010	-248.921	-253.4876	4.566587	0.08902931	0.04869139	0.04033792	0.04869139
1020	-215.118	-220.4855	5.36755	0.02306316	0.01332698	0.009736186	0.01332698
1030	-219.2111	-225.3933	6.182151	0.03935656	0.0158256	0.02353095	0.0158256
1040	-218.9461	-225.1413	6.195216	0.03888824	0.01547016	0.02341808	0.01547016
1050	-225.7308	-231.6792	5.948449	0.04830574	0.01789503	0.03041072	0.01789503
1060	-219.7693	-223.9782	4.208972	0.02987536	0.02271214	0.007163216	0.02271214
1070	-215.4248	-221.7872	6.362389	0.03242945	0.008005145	0.02442431	0.008005145
1080	-210.2948	-216.1244	5.829651	0.02156329	0.002246674	0.01931662	0.002246674
1090	-213.0356	-219.3872	6.351651	0.02830438	0.005676946	0.02262744	0.005676946
1100	-213.5744	-219.9416	6.367145	0.02901358	0.009120561	0.01989302	0.009120561
1110	-216.482	-222.4433	5.961329	0.03279532	0.01759209	0.01520322	0.01759209
1120	-210.3528	-216.4241	6.071268	0.02184581	0.003124243	0.01872157	0.003124243
1130	-215.2166	-221.1558	5.939187	0.02917729	0.01526915	0.01390815	0.01526915
1140	-216.9345	-223.2496	6.315081	0.03517358	0.01129585	0.02387773	0.01129585
1150	-219.8987	-225.5535	5.654714	0.03975192	0.02516064	0.01459128	0.02516064
1160	-212.2073	-217.6529	5.445561	0.02540568	0.001542511	0.02386317	0.001542511
1170	-211.8264	-218.1543	6.327911	0.02474203	0.007154411	0.01758762	0.007154411
1180	-221.9269	-227.2804	5.353532	0.04355839	0.03035278	0.01320562	0.03035278
1190	-227.7674	-232.8716	5.104201	0.05872001	0.04363776	0.01508225	0.04363776
1200	-259.6764	-262.8898	3.213366	0.1698243	0.1444995	0.02532481	0.1444995
1210	-231.4839	-235.9403	4.456377	0.06800716	0.05600719	0.01199997	0.05600719
1220	-217.078	-223.3955	6.31751	0.03472402	0.008019739	0.02670428	0.008019739
1230	-215.3237	-221.1701	5.84641	0.03060274	0.002542799	0.02805994	0.002542799
1240	-212.6105	-218.6256	6.015041	0.02230359	0.009246047	0.01305754	0.009246047
1250	-226.0233	-232.0212	5.997815	0.04653059	0.01314038	0.0333902	0.01314038
1260	-213.3741	-219.3967	6.022643	0.0247133	0.01120103	0.01351228	0.01120103
1270	-211.914	-218.2247	6.31071	0.0246166	0.0075482	0.0170684	0.0075482
1280	-216.7765	-222.8765	6.099974	0.03447484	0.01689619	0.01757865	0.01689619
1290	-211.0772	-216.9391	5.861894	0.01691815	0.004024969	0.01289318	0.004024969
1300	-216.9278	-223.1656	6.237781	0.03379273	0.005492134	0.0283006	0.005492134
1310	-215.3139	-220.179	4.865068	0.01175024	0.003350307	0.008399931	0.003350307
1320	-213.5331	-219.6638	6.130663	0.02641155	0.01152725	0.0148843	0.01152725
1330	-210.6967	-216.9289	6.232218	0.02181218	0.004848705	0.01696347	0.004848705
1340	-216.6943	-222.9934	6.299084	0.03386765	0.006650826	0.02721683	0.006650826
1350	-214.2152	-220.2835	6.068274	0.02763028	0.01302322	0.01460706	0.01302322
1360	-211.5786	-217.3836	5.805026	0.01659402	0.004562878	0.01203115	0.004562878
1370	-218.1627	-224.4387	6.275962	0.03594912	0.007616394	0.02833273	0.007616394
1380	-220.083	-223.1259	3.042864	0.01344668	0.008738586	0.004708092	0.008738586
1390	-213.2576	-219.2106	5.952995	0.02794368	0.002681236	0.02526245	0.002681236
1400	-232.3974	-237.7237	5.326304	0.06639862	0.04054094	0.02585768	0.04054094
1410	-214.6569	-221.0216	6.364725	0.03122146	0.009785721	0.02143574	0.009785721
1420	-214.159	-220.543	6.384039	0.0303592	0.008110069	0.02224913	0.008110069
1430	-235.7485	-240.7942	5.045696	0.07599942	0.05102593	0.02497349	0.05102593
1440	-210.5694	-216.7525	6.1831	0.02246628	0.003802472	0.01866381	0.003802472
1450	-218.4288	-222.1968	3.767987	0.02022703	0.01441066	0.005816363	0.01441066
1460	-220.1066	-225.9774	5.870835	0.04127035	0.02358679	0.01768357	0.02358679
1470	-214.4768	-220.4608	5.983969	0.02751143	0.01367267	0.01383877	0.01367267
1480	-214.4452	-220.5319	6.086694	0.02844397	0.01341909	0.01502487	0.01341909
1490	-221.0046	-226.6339	5.62928	0.04250401	0.02726056	0.01524345	0.02726056
1500	-213.7302	-219.1105	5.38026	0.01615528	0.006806087	0.009349194	0.006806087
1510	-215.2647	-221.5653	6.300576	0.03216342	0.0121741	0.01998931	0.0121741
1520	-210.6584	-216.5186	5.860126	0.01712767	0.003395714	0.01373196	0.003395714
1530	-241.1305	-246.3325	5.201996	0.06803415	0.0270923	0.04094185	0.0270923
1540	-216.4253	-221.9991	5.573786	0.02945154	0.01786089	0.01159065	0.01786089
1550	-210.1335	-216.158	6.024485	0.02025731	0.003123542	0.01713377	0.003123542
1560	-215.4862	-221.8504	6.364191	0.03262485	0.008790376	0.02383447	0.008790376
1570	-223.0624	-229.1614	6.099061	0.04377043	0.01396865	0.02980178	0.01396865
1580	-233.7592	-239.073	5.313853	0.06726276	0.03872209	0.02854067	0.03872209
1590	-212.471	-218.7403	6.269317	0.02718515	0.004368169	0.02281698	0.004368169
1600	-219.1765	-225.264	6.087503	0.03961889	0.01888959	0.02072931	0.01888959
1610	-241.1399	-245.1979	4.05807	0.05107734	0.001149243	0.04992809	0.001149243
1620	-214.1292	-220.1466	6.0174	0.02686079	0.01290848	0.01395231	0.01290848
1630	-218.6679	-224.796	6.128067	0.03863202	0.01773934	0.02089268	0.01773934
1640	-221.2681	-227.2383	5.970248	0.04370181	0.02230064	0.02140117	0.02230064
1650	-221.832	-227.7878	5.955832	0.04472715	0.02268705	0.0220401	0.02268705
1660	-225.0122	-230.142	5.129845	0.05108215	0.03776133	0.01332082	0.03776133
1670	-237.7202	-243.1272	5.407043	0.06247517	0.02280886	0.03966631	0.02280886
1680	-214.8845	-221.2394	6.354964	0.03162694	0.01027725	0.0213497	0.01027725
1690	-211.1917	-217.4993	6.307515	0.02358219	0.005657312	0.01792488	0.005657312
1700	-216.1364	-221.2622	5.125751	0.02436978	0.01532985	0.009039931	0.01532985
1710	-216.1029	-222.4535	6.350648	0.03356643	0.008862623	0.02470381	0.008862623
1720	-215.4882	-221.7586	6.270408	0.03248799	0.01300358	0.01948441	0.01300358
1730	-211.3843	-217.0785	5.694199	0.0156444	0.003426567	0.01221783	0.003426567
1740	-230.3379	-236.104	5.766138	0.04669236	0.005890451	0.04080191	0.005890451
1750	-235.4605	-240.7772	5.316682	0.06689269	0.03437113	0.03252156	0.03437113
1760	-217.0656	-223.2547	6.189123	0.03373735	0.00488685	0.0288505	0.00488685
1770	-216.5927	-222.3586	5.765937	0.03155028	0.01834195	0.01320833	0.01834195
1780	-211.1564	-217.2895	6.133122	0.02436347	0.003304344	0.02105913	0.003304344
1790	-243.62	-248.7804	5.160459	0.05557258	0.004229933	0.05134264	0.004229933
1800	-212.413	-218.5467	6.133707	0.02333889	0.009074201	0.01426468	0.009074201
1810	-222.6992	-228.3755	5.676314	0.04685179	0.02923623	0.01761556	0.02923623
1820	-223.6248	-229.6442	6.019396	0.0459399	0.01806131	0.02787859	0.01806131
1830	-219.8169	-226.0345	6.217574	0.03958903	0.0130865	0.02650253	0.0130865
1840	-233.0601	-238.598	5.537893	0.0599899	0.02618961	0.03380029	0.02618961
1850	-217.8364	-224.115	6.278535	0.0354412	0.007235606	0.0282056	0.007235606
1860	-223.3654	-227.9242	4.558835	0.04326177	0.03398015	0.009281625	0.03398015
1870	-227.8941	-232.9362	5.042133	0.05893121	0.0443995	0.01453171	0.0443995
1880	-232.0805	-237.5457	5.465275	0.06245522	0.03308457	0.02937066	0.03308457
1890	-228.3432	-234.1023	5.759108	0.05372205	0.02365254	0.03006951	0.02365254
1900	-213.5443	-219.886	6.341746	0.02868804	0.009769114	0.01891892	0.009769114
1910	-236.3654	-241.3938	5.028384	0.076884	0.05107955	0.02580445	0.05107955
1920	-222.8025	-228.5521	5.74967	0.04712627	0.02810588	0.0190204	0.02810588
1930	-211.5765	-217.8103	6.233794	0.02269674	0.007161867	0.01553487	0.007161867
1940	-227.6633	-233.4728	5.809551	0.05227702	0.02212511	0.03015191	0.02212511
1950	-224.8435	-230.6272	5.783685	0.05064471	0.02748596	0.02315875	0.02748596
1960	-214.5159	-220.4659	5.949964	0.02974046	0.002803791	0.02693667	0.002803791
1970	-211.2172	-216.8553	5.638049	0.02381493	0.00181227	0.02200266	0.00181227
1980	-212.6184	-218.9363	6.317922	0.0262829	0.00881229	0.0174706	0.00881229
1990	-225.8618	-231.8793	6.017536	0.04484179	0.009819703	0.03502208	0.009819703
2000	-219.8506	-226.0895	6.238862	0.03871389	0.01004753	0.02866635	0.01004753
2010	-220.9953	-226.7599	5.764568	0.04303092	0.02599904	0.01703188	0.02599904
2020	-210.6825	-216.7425	6.060032	0.0189654	0.004501551	0.01446385	0.004501551
2030	-219.3198	-225.5748	6.254961	0.03828369	0.01070547	0.02757822	0.01070547
2040	-214.2985	-220.6802	6.381728	0.03060717	0.008504251	0.02210291	0.008504251
2050	-237.1799	-241.3702	4.190296	0.08653633	0.07332054	0.01321579	0.07332054
2060	-223.165	-229.2771	6.112158	0.04320252	0.01222514	0.03097738	0.01222514
2070	-220.5962	-226.2547	5.658548	0.04159142	0.02636541	0.01522601	0.02636541
2080	-221.8229	-227.9228	6.099943	0.04323237	0.01670423	0.02652814	0.01670423
2090	-223.2178	-229.3297	6.111844	0.0431658	0.01199311	0.03117269	0.01199311
2100	-216.1551	-222.246	6.09087	0.03291143	0.01619529	0.01671613	0.01619529
2110	-233.3077	-238.469	5.161272	0.07087889	0.04770775	0.02317113	0.04770775
2120	-210.2728	-215.9935	5.720698	0.01723624	0.002460075	0.01477617	0.002460075
2130	-214.5814	-220.6566	6.075228	0.02870197	0.01371243	0.01498953	0.01371243
2140	-211.1824	-217.2446	6.06219	0.02436764	0.002958343	0.02140929	0.002958343
2150	-213.6998	-219.8986	6.198734	0.0275949	0.01158734	0.01600757	0.01158734
2160	-217.0378	-223.2805	6.242687	0.03555644	0.01433868	0.02121776	0.01433868
2170	-219.9411	-225.508	5.566925	0.03935089	0.02560905	0.01374184	0.02560905
2180	-242.6614	-247.3017	4.640264	0.09216991	0.06371468	0.02845522	0.06371468
2190	-213.2843	-219.6328	6.34846	0.02817723	0.009311699	0.01886553	0.009311699
2200	-221.0485	-227.235	6.186478	0.03943761	0.008367756	0.03106985	0.008367756
2210	-221.7075	-227.5769	5.869468	0.04475892	0.02493944	0.01981948	0.02493944
2220	-214.0703	-220.4517	6.381462	0.03016705	0.008651625	0.02151542	0.008651625
2230	-216.8211	-222.8813	6.060263	0.03434383	0.01738878	0.01695505	0.01738878
2240	-210.9621	-217.2152	6.253105	0.02368983	0.004300588	0.01938924	0.004300588
2250	-253.5302	-258.255	4.724837	0.07801618	0.02707941	0.05093677	0.02707941
2260	-213.0532	-219.4146	6.361363	0.0283426	0.0059233	0.0224193	0.0059233
2270	-233.8013	-238.3146	4.513298	0.0756484	0.06187951	0.01376889	0.06187951
2280	-211.807	-217.4375	5.630553	0.01518302	0.003610877	0.01157214	0.003610877
2290	-222.4863	-226.6758	4.189502	0.03848759	0.03071009	0.007777503	0.03071009
2300	-215.4674	-221.7961	6.328661	0.03267927	0.01139776	0.02128151	0.01139776
2310	-216.9631	-223.2845	6.321423	0.0351321	0.0107254	0.0244067	0.0107254
2320	-214.2033	-220.5681	6.364853	0.03031472	0.009657733	0.02065699	0.009657733
2330	-215.6607	-221.599	5.938246	0.03040292	0.01616334	0.01423958	0.01616334
2340	-216.9036	-222.2912	5.387646	0.02934079	0.01867182	0.01066896	0.01867182
2350	-258.6062	-261.5571	2.950895	0.1803624	0.1624411	0.01792125	0.1624411
2360	-212.0575	-217.7667	5.709265	0.01608463	0.004801839	0.0112828	0.004801839
2370	-212.4452	-218.6267	6.181522	0.02406514	0.009162951	0.01490219	0.009162951
2380	-213.9928	-220.2399	6.247134	0.02882505	0.01169244	0.01713261	0.01169244
2390	-233.3442	-238.8983	5.554094	0.0593496	0.02445592	0.03489367	0.02445592
2400	-239.5324	-244.1624	4.630035	0.09061577	0.06900225	0.02161353	0.06900225
2410	-232.9793	-238.671	5.691689	0.05465788	0.01638809	0.03826979	0.01638809
2420	-214.1581	-219.7557	5.597635	0.02214856	0.01157046	0.0105781	0.01157046
2430	-215.1052	-220.3104	5.205181	0.0209668	0.01200719	0.008959608	0.01200719
2440	-220.0409	-226.2731	6.232118	0.03902469	0.01031714	0.02870755	0.01031714
2450	-214.4024	-220.7442	6.341809	0.03059181	0.006046672	0.02454514	0.006046672
2460	-223.8432	-229.5619	5.718647	0.0493316	0.02942368	0.01990792	0.02942368
2470	-220.4851	-226.0708	5.585671	0.04091775	0.0265836	0.01433415	0.0265836
2480	-214.3542	-220.7199	6.365771	0.03061664	0.006754451	0.02386219	0.006754451
2490	-210.7762	-216.7349	5.958693	0.02325233	0.002577626	0.02067471	0.002577626
2500	-211.794	-217.7243	5.930285	0.01864685	0.006296946	0.0123499	0.006296946
2510	-212.2101	-218.4551	6.245033	0.02432305	0.008541354	0.01578169	0.008541354
2520	-227.9212	-233.3276	5.406361	0.05884595	0.03917002	0.01967592	0.03917002
2530	-223.0959	-229.0179	5.921973	0.04687571	0.02333913	0.02353658	0.02333913
2540	-217.6262	-223.7104	6.084189	0.03636333	0.01800761	0.01835572	0.01800761
2550	-216.3119	-221.2875	4.975539	0.02350924	0.01501154	0.008497701	0.01501154
2560	-218.1736	-224.1653	5.991782	0.03721557	0.01983088	0.01738468	0.01983088
2570	-245.7384	-250.8015	5.063065	0.07033977	0.02466234	0.04567743	0.02466234
2580	-222.6516	-228.7625	6.110959	0.04338648	0.01418552	0.02920096	0.01418552
2590	-234.4425	-239.447	5.004517	0.07524195	0.05380933	0.02143262	0.05380933
2600	-220.448	-226.3168	5.868767	0.04204818	0.02397826	0.01806993	0.02397826
2610	-228.7224	-233.9611	5.238652	0.06124791	0.04346427	0.01778364	0.04346427
2620	-223.2422	-228.4881	5.245952	0.03803605	0.001817282	0.03621877	0.001817282
2630	-213.5346	-219.8958	6.361251	0.02920619	0.006097024	0.02310917	0.006097024
2640	-218.5143	-224.7292	6.214864	0.03813247	0.01494304	0.02318943	0.01494304
2650	-214.8592	-220.5857	5.726424	0.02603916	0.01423909	0.01180007	0.01423909
2660	-226.2364	-232.17	5.933615	0.04339229	0.006184812	0.03720748	0.006184812
2670	-216.9475	-223.106	6.158446	0.03515848	0.01621351	0.01894497	0.01621351
2680	-225.966	-231.9374	5.971468	0.047601	0.01567028	0.03193072	0.01567028
2690	-215.9451	-221.9749	6.029864	0.03192301	0.01631869	0.01560432	0.01631869
2700	-216.5011	-222.8242	6.323164	0.03448957	0.01127149	0.02321808	0.01127149
2710	-217.0328	-223.1489	6.116084	0.03341002	0.004162536	0.02924748	0.004162536
2720	-214.2992	-220.6201	6.32088	0.03019478	0.01098793	0.01920685	0.01098793
2730	-231.1819	-236.5747	5.392838	0.06395062	0.03877514	0.02517548	0.03877514
2740	-213.1987	-219.5006	6.301921	0.02745696	0.009934883	0.01752208	0.009934883
2750	-225.0468	-230.3859	5.339133	0.05194605	0.03653016	0.01541589	0.03653016
2760	-215.1678	-221.2515	6.083727	0.03034089	0.01472086	0.01562003	0.01472086
2770	-232.8097	-238.559	5.749271	0.05192474	0.01164796	0.04027678	0.01164796
2780	-226.3642	-232.1974	5.833176	0.05129093	0.0233813	0.02790964	0.0233813
2790	-222.6067	-227.8929	5.286251	0.04508548	0.03200271	0.01308277	0.03200271
2800	-240.4259	-244.6543	4.228418	0.09758274	0.08156548	0.01601726	0.08156548
2810	-213.0327	-219.3721	6.339417	0.02828636	0.005423852	0.02286251	0.005423852
2820	-210.8474	-217.1112	6.263759	0.02249663	0.00508067	0.01741596	0.00508067
2830	-220.7426	-225.244	4.501478	0.03493134	0.02665789	0.00827345	0.02665789
2840	-214.992	-221.0161	6.0241	0.02933772	0.01464666	0.01469106	0.01464666
2850	-216.3925	-222.6642	6.271649	0.03323297	0.005774658	0.02745832	0.005774658
2860	-214.366	-219.7193	5.35338	0.01953673	0.01019203	0.009344691	0.01019203
2870	-216.8238	-223.1563	6.332531	0.03470361	0.009443415	0.02526019	0.009443415
2880	-216.1107	-221.632	5.521221	0.02802141	0.01694458	0.01107683	0.01694458
2890	-211.9185	-217.9353	6.016857	0.0202855	0.007326477	0.01295902	0.007326477
2900	-211.7873	-217.4133	5.626012	0.01515308	0.00355122	0.01160186	0.00355122
2910	-211.9391	-218.2835	6.344352	0.02526181	0.007114553	0.01814725	0.007114553
2920	-220.303	-226.1071	5.804093	0.03624117	0.003034146	0.03320703	0.003034146
2930	-223.7424	-229.709	5.966598	0.04700158	0.02070157	0.02630001	0.02070157
2940	-239.0847	-244.3245	5.239795	0.0678778	0.02985506	0.03802274	0.02985506
2950	-218.9893	-225.0085	6.019207	0.03916907	0.02023858	0.01893049	0.02023858
2960	-210.2377	-216.3146	6.076897	0.02000058	0.003593054	0.01640752	0.003593054
2970	-211.8255	-216.658	4.832455	0.02359951	0.0009635208	0.02263599	0.0009635208
2980	-216.7887	-223.032	6.243232	0.03508004	0.01428148	0.02079856	0.01428148
2990	-219.6762	-225.7182	6.042016	0.04060564	0.02014801	0.02045763	0.02014801
3000	-234.1078	-239.505	5.397193	0.06446401	0.0325613	0.03190271	0.0325613
3010	-230.4745	-235.4256	4.951089	0.06606262	0.05040168	0.01566094	0.05040168
3020	-210.4485	-216.329	5.880504	0.01754439	0.003223547	0.01432084	0.003223547
3030	-231.4467	-236.9883	5.54161	0.06013586	0.02984338	0.03029248	0.02984338
3040	-212.0056	-217.6501	5.644542	0.02538027	0.001843715	0.02353655	0.001843715
3050	-217.019	-223.3463	6.327327	0.03497659	0.009449358	0.02552723	0.009449358
3060	-214.626	-220.9716	6.345589	0.03106548	0.0105668	0.02049869	0.0105668
3070	-222.8427	-228.9715	6.128788	0.04254839	0.01144531	0.03110308	0.01144531
3080	-210.3644	-216.4949	6.130494	0.02164473	0.003532588	0.01811214	0.003532588
3090	-212.8291	-219.1104	6.281355	0.02631992	0.009531579	0.01678834	0.009531579
3100	-213.6562	-220.0379	6.38163	0.02933973	0.008501965	0.02083776	0.008501965
3110	-224.552	-230.1906	5.638615	0.05098126	0.03163033	0.01935094	0.03163033
3120	-224.8038	-230.8561	6.052348	0.04483288	0.01206278	0.0327701	0.01206278
3130	-212.1604	-217.8108	5.650386	0.01554802	0.004450802	0.01109722	0.004450802
3140	-210.0299	-215.8936	5.863718	0.01995174	0.002464886	0.01748685	0.002464886
3150	-227.0781	-231.6869	4.608824	0.05478065	0.04389441	0.01088624	0.04389441
3160	-214.2665	-220.3652	6.098654	0.02970439	0.003439364	0.02626502	0.003439364
3170	-234.5889	-239.7164	5.127497	0.07295812	0.04812279	0.02483533	0.04812279
3180	-229.3523	-234.2165	4.864203	0.06268388	0.04879534	0.01388854	0.04879534
3190	-221.1177	-227.2726	6.15486	0.0417202	0.01470166	0.02701854	0.01470166
3200	-221.0753	-227.0259	5.950584	0.04340224	0.02279485	0.02060739	0.02279485
3210	-219.3858	-225.6038	6.217929	0.03921342	0.01387304	0.02534038	0.01387304
3220	-237.1364	-242.3891	5.252664	0.06853055	0.03418658	0.03434397	0.03418658
3230	-212.9212	-219.2583	6.337086	0.02722355	0.009028534	0.01819501	0.009028534
3240	-235.4585	-240.2561	4.797641	0.07977675	0.0609446	0.01883215	0.0609446
3250	-211.5084	-217.1993	5.690945	0.01559416	0.003574937	0.01201922	0.003574937
3260	-220.985	-226.6772	5.692292	0.04273585	0.02673022	0.01600563	0.02673022
3270	-214.4033	-219.7179	5.314559	0.02851929	0.00145416	0.02706513	0.00145416
3280	-210.9476	-217.1099	6.162275	0.02052612	0.005549906	0.01497622	0.005549906
3290	-212.2471	-218.5416	6.294448	0.02510227	0.008357564	0.0167447	0.008357564
3300	-217.9967	-223.1147	5.117968	0.03060321	0.02085027	0.009752944	0.02085027
3310	-211.2599	-217.0913	5.831458	0.02422729	0.002212702	0.02201459	0.002212702
3320	-214.7537	-221.1268	6.373028	0.03134668	0.007637218	0.02370947	0.007637218
3330	-216.8789	-223.1745	6.295587	0.03520902	0.01244031	0.0227687	0.01244031
3340	-220.9164	-227.0897	6.173364	0.04120822	0.01385674	0.02735149	0.01385674
3350	-221.5452	-227.2119	5.666725	0.0440352	0.02781428	0.01622092	0.02781428
3360	-212.4008	-218.7383	6.337424	0.02606725	0.008167958	0.01789929	0.008167958
3370	-211.0265	-217.0772	6.050691	0.01900113	0.005199979	0.01380115	0.005199979
3380	-222.0173	-228.1745	6.157209	0.04175822	0.01171364	0.03004458	0.01171364
3390	-215.1701	-220.5471	5.377024	0.02337281	0.01356493	0.009807879	0.01356493
3400	-219.9361	-225.472	5.535861	0.03914868	0.02569533	0.01345335	0.02569533
3410	-214.9806	-221.1786	6.198034	0.03082246	0.01356219	0.01726028	0.01356219
3420	-211.6855	-217.9028	6.217304	0.02560039	0.003847564	0.02175282	0.003847564
3430	-215.4993	-220.6626	5.163313	0.02221213	0.01327133	0.008940794	0.01327133
3440	-223.3224	-229.4362	6.11383	0.04268106	0.0105452	0.03213586	0.0105452
3450	-217.5785	-223.7167	6.138233	0.03645242	0.01704309	0.01940933	0.01704309
3460	-212.4308	-218.7816	6.350883	0.02713712	0.005558178	0.02157894	0.005558178
3470	-223.7733	-229.7538	5.980485	0.04678569	0.01994429	0.0268414	0.01994429
3480	-224.1467	-228.9332	4.786588	0.04685248	0.03624362	0.01060886	0.03624362
3490	-218.368	-224.5786	6.2106	0.03792818	0.01518973	0.02273845	0.01518973
3500	-218.7157	-224.6722	5.956524	0.03833609	0.02089576	0.01744033	0.02089576
3510	-210.2537	-215.386	5.132306	0.01749748	0.001294295	0.01620318	0.001294295
3520	-220.0158	-225.4895	5.473745	0.03898366	0.02601155	0.01297211	0.02601155
3530	-216.2275	-222.1419	5.914428	0.03174923	0.01731986	0.01442937	0.01731986
3540	-211.2081	-216.8021	5.594033	0.01531001	0.002755876	0.01255414	0.002755876
3550	-211.2834	-217.3262	6.042748	0.01923258	0.005772672	0.01345991	0.005772672
3560	-214.0668	-219.2564	5.189633	0.01327701	0.004163825	0.009113188	0.004163825
3570	-231.7832	-237.3665	5.583253	0.05881847	0.02647207	0.0323464	0.02647207
3580	-226.9126	-232.4948	5.58226	0.04220774	0.003137061	0.03907068	0.003137061
3590	-210.8212	-216.763	5.941776	0.01766688	0.004091037	0.01357584	0.004091037
3600	-210.5561	-216.7654	6.209297	0.02170603	0.004387003	0.01731903	0.004387003
3610	-219.084	-224.5351	5.451085	0.0362334	0.02400718	0.01222623	0.02400718
3620	-233.6556	-238.8747	5.219042	0.06993671	0.0444767	0.02546001	0.0444767
3630	-210.5662	-215.241	4.674761	0.0172364	0.0009310836	0.01630532	0.0009310836
3640	-216.1729	-222.1607	5.987741	0.03218765	0.0169284	0.01525925	0.0169284
3650	-219.3391	-224.2605	4.921445	0.03334136	0.02395029	0.009391067	0.02395029
3660	-218.13	-224.3168	6.186805	0.03758949	0.01604747	0.02154202	0.01604747
3670	-215.9451	-221.7001	5.75503	0.02960401	0.01692262	0.01268139	0.01692262
3680	-235.3754	-241.0181	5.642709	0.05185753	0.00788679	0.04397074	0.00788679
3690	-237.2243	-241.5073	4.282983	0.0867565	0.07272265	0.01403385	0.07272265
3700	-240.4501	-245.4602	5.010121	0.0763677	0.04175423	0.03461347	0.04175423
3710	-233.0128	-236.3265	3.313692	0.06823191	0.06051872	0.007713187	0.06051872
3720	-222.9418	-228.9034	5.961593	0.0462631	0.02187941	0.02438368	0.02187941
3730	-210.0959	-216.0745	5.978559	0.01959057	0.003018826	0.01657174	0.003018826
3740	-222.548	-226.906	4.357988	0.03964092	0.03133026	0.008310658	0.03133026
3750	-211.3155	-217.5581	6.242543	0.02234227	0.00653257	0.0158097	0.00653257
3760	-216.5109	-222.657	6.146012	0.03284806	0.004262398	0.02858566	0.004262398
3770	-212.5434	-217.5819	5.038485	0.01305308	0.001829436	0.01122364	0.001829436
3780	-225.6728	-231.3445	5.67173	0.05292701	0.03108552	0.02184148	0.03108552
3790	-223.7654	-229.2437	5.478328	0.04901387	0.03308002	0.01593384	0.03308002
3800	-220.3277	-226.0278	5.700117	0.03601571	0.002647363	0.03336834	0.002647363
3810	-219.9115	-224.2094	4.297897	0.0309544	0.02351831	0.007436084	0.02351831
3820	-224.9305	-230.0675	5.136986	0.05088225	0.037554	0.01332825	0.037554
3830	-212.5628	-218.4715	5.908631	0.02677048	0.002482069	0.02428841	0.002482069
3840	-238.5748	-243.6223	5.047517	0.07601154	0.04453177	0.03147977	0.04453177
3850	-215.7003	-222.0458	6.345524	0.03270654	0.007297569	0.02540897	0.007297569
3860	-211.6268	-217.9068	6.280039	0.02353685	0.007141731	0.01639511	0.007141731
3870	-220.4991	-226.2125	5.713452	0.04160594	0.02579604	0.0158099	0.02579604
3880	-225.632	-230.9315	5.299536	0.05338838	0.03791962	0.01546876	0.03791962
3890	-210.6403	-216.8205	6.180179	0.02279868	0.00372058	0.0190781	0.00372058
3900	-213.2442	-219.6013	6.357059	0.02818677	0.009059369	0.0191274	0.009059369
3910	-213.8597	-219.0789	5.219175	0.01324504	0.003912622	0.009332417	0.003912622
3920	-226.6677	-228.081	1.413297	0.03698333	0.0002199921	0.03676334	0.0002199921
3930	-218.5562	-223.8883	5.332128	0.03388107	0.02273352	0.01114755	0.02273352
3940	-215.7933	-222.151	6.357769	0.0331051	0.008856646	0.02424846	0.008856646
3950	-211.0431	-217.2513	6.208144	0.02137034	0.005874729	0.01549561	0.005874729
3960	-214.6107	-219.4389	4.828191	0.01153658	0.002245939	0.009290645	0.002245939
3970	-229.8028	-235.3567	5.553939	0.05936838	0.03243465	0.02693373	0.03243465
3980	-213.2657	-219.6214	6.355697	0.02872341	0.005843949	0.02287946	0.005843949
3990	-212.3739	-218.7158	6.341867	0.02703205	0.005357441	0.02167461	0.005357441
4000	-220.5391	-226.7338	6.194654	0.04051808	0.0131347	0.02738337	0.0131347
4010	-220.001	-225.4653	5.464359	0.03888404	0.0259984	0.01288565	0.0259984
4020	-212.9622	-219.2162	6.254065	0.02632008	0.009961222	0.01635886	0.009961222
4030	-226.6273	-232.3283	5.700939	0.05391626	0.02948018	0.02443609	0.02948018
4040	-226.9627	-232.6313	5.668593	0.05477051	0.03055926	0.02421125	0.03055926
4050	-218.2022	-224.4828	6.280613	0.03708268	0.01167657	0.02540611	0.01167657
4060	-219.6978	-225.9208	6.222996	0.03939525	0.01294265	0.02645261	0.01294265
4070	-217.7651	-223.8328	6.067622	0.0366086	0.01838729	0.01822131	0.01838729
4080	-215.4282	-221.4102	5.982075	0.03014891	0.01559946	0.01454945	0.01559946
4090	-215.1003	-221.3649	6.26458	0.03159385	0.01279541	0.01879845	0.01279541
4100	-212.0195	-218.368	6.34847	0.02623048	0.005548833	0.02068165	0.005548833
4110	-213.318	-219.5716	6.253568	0.02861402	0.004370592	0.02424343	0.004370592
4120	-215.9808	-222.293	6.312248	0.03362411	0.01201967	0.02160445	0.01201967
4130	-218.9269	-225.0507	6.123845	0.03911746	0.01788798	0.02122947	0.01788798
4140	-213.4768	-219.7085	6.231696	0.02737221	0.01100368	0.01636854	0.01100368
4150	-211.5606	-217.6929	6.132277	0.02111646	0.006962571	0.01415389	0.006962571
4160	-217.0037	-221.8597	4.855969	0.0250555	0.01674792	0.008307587	0.01674792
4170	-220.825	-225.9167	5.091695	0.03545644	0.0014606	0.03399584	0.0014606
4180	-213.6285	-219.3948	5.76628	0.0223703	0.01092612	0.01144419	0.01092612
4190	-217.5877	-223.6721	6.084431	0.03398912	0.004066294	0.02992283	0.004066294
4200	-213.5531	-219.1711	5.617989	0.01997637	0.009523685	0.01045268	0.009523685
4210	-227.7625	-233.6044	5.841909	0.05138779	0.01990347	0.03148432	0.01990347
4220	-229.1121	-234.495	5.38289	0.06131789	0.04029684	0.02102105	0.04029684
4230	-225.9324	-231.583	5.650609	0.05352555	0.03173577	0.02178978	0.03173577
4240	-225.3148	-231.0407	5.725938	0.04113708	0.003573422	0.03756366	0.003573422
4250	-224.8544	-229.8703	5.015953	0.05010798	0.0377639	0.01234407	0.0377639
4260	-215.4402	-220.3184	4.878168	0.01660845	0.008847095	0.007761356	0.008847095
4270	-223.8512	-229.8968	6.045656	0.04540196	0.01590589	0.02949607	0.01590589
4280	-219.3527	-225.6077	6.255031	0.03822836	0.01038656	0.0278418	0.01038656
4290	-214.331	-220.0989	5.767881	0.02478064	0.01296522	0.01181542	0.01296522
4300	-210.023	-215.5453	5.522227	0.01886532	0.001740985	0.01712433	0.001740985
4310	-214.342	-220.723	6.380919	0.03067588	0.007747345	0.02292854	0.007747345
4320	-219.1805	-225.181	6.000564	0.03954078	0.02071363	0.01882715	0.02071363
4330	-232.5519	-238.2417	5.68978	0.05497822	0.01769465	0.03728358	0.01769465
4340	-215.026	-221.3574	6.331305	0.03181365	0.01120079	0.02061286	0.01120079
4350	-219.2758	-225.3123	6.0365	0.03583083	0.004167949	0.03166288	0.004167949
4360	-221.4973	-227.6489	6.151567	0.04199127	0.01407904	0.02791224	0.01407904
4370	-227.1115	-232.7878	5.676278	0.05481588	0.03008034	0.02473553	0.03008034
4380	-213.2825	-219.6386	6.356047	0.02825922	0.009131697	0.01912752	0.009131697
4390	-215.8236	-222.1431	6.319482	0.03333854	0.01175262	0.02158591	0.01175262
4400	-223.9193	-229.9477	6.028361	0.04586171	0.01690293	0.02895878	0.01690293
4410	-224.1648	-230.2376	6.072828	0.04438436	0.01254047	0.03184389	0.01254047
4420	-216.7655	-222.9674	6.201892	0.03492961	0.01525863	0.01967098	0.01525863
4430	-214.1671	-220.3641	6.196972	0.02878089	0.01237936	0.01640153	0.01237936
4440	-227.2326	-233.0604	5.827738	0.05172473	0.02197235	0.02975238	0.02197235
4450	-210.8853	-216.9717	6.086442	0.02365162	0.003079287	0.02057233	0.003079287
4460	-215.116	-221.4741	6.358138	0.03184269	0.007179488	0.02466321	0.007179488
4470	-211.8878	-217.6849	5.797128	0.01692572	0.005263319	0.0116624	0.005263319
4480	-277.0914	-279.4949	2.403483	0.1971536	0.1538038	0.04334983	0.1538038
4490	-215.7695	-222.0729	6.303453	0.03320485	0.01230016	0.02090469	0.01230016
4500	-212.2746	-218.6464	6.371753	0.02650955	0.006805773	0.01970378	0.006805773
4510	-220.0363	-225.6664	5.630083	0.03997551	0.02553491	0.01444061	0.02553491
4520	-221.4612	-227.6433	6.182085	0.04048895	0.009955218	0.03053373	0.009955218
4530	-210.4185	-216.5848	6.166325	0.0210212	0.004115754	0.01690545	0.004115754
4540	-215.4147	-221.7791	6.364459	0.03245095	0.008270674	0.02418027	0.008270674
4550	-216.617	-222.6998	6.082867	0.03278096	0.003810517	0.02897044	0.003810517
4560	-218.7472	-224.9271	6.17983	0.03866331	0.01616153	0.02250178	0.01616153
4570	-225.9468	-231.6318	5.685002	0.05323314	0.03056492	0.02266822	0.03056492
4580	-213.2457	-219.1512	5.905524	0.02286477	0.01051983	0.01234494	0.01051983
4590	-227.9002	-232.7543	4.854107	0.05834055	0.04546053	0.01288002	0.04546053
4600	-222.8822	-228.8793	5.997114	0.04574996	0.02037903	0.02537093	0.02037903
4610	-220.5146	-226.0684	5.553713	0.04081847	0.02678187	0.0140366	0.02678187
4620	-212.3288	-218.6954	6.366575	0.02685238	0.006062533	0.02078985	0.006062533
4630	-240.6436	-246.0706	5.427006	0.05514794	0.006780518	0.04836742	0.006780518
4640	-216.162	-222.4689	6.306897	0.0339548	0.01220667	0.02174813	0.01220667
4650	-223.2088	-228.9126	5.703857	0.04802366	0.02929956	0.01872409	0.02929956
4660	-213.6556	-220.0422	6.386533	0.02940839	0.007964867	0.02144352	0.007964867
4670	-214.0034	-220.3451	6.341685	0.02970856	0.01024431	0.01946425	0.01024431
4680	-224.8703	-229.901	5.030677	0.05022456	0.03776539	0.01245917	0.03776539
4690	-213.814	-220.0465	6.232525	0.02823541	0.01155019	0.01668522	0.01155019
4700	-216.1113	-222.1748	6.063566	0.03260541	0.01635788	0.01624754	0.01635788
4710	-215.8057	-222.1503	6.344607	0.03287454	0.007398727	0.02547581	0.007398727
4720	-216.1312	-221.5494	5.418166	0.0308645	0.001674995	0.0291895	0.001674995
4730	-215.7076	-222.059	6.351323	0.03278431	0.007648106	0.0251362	0.007648106
4740	-229.0628	-234.9581	5.895292	0.04765639	0.009660409	0.03799598	0.009660409
4750	-247.2195	-251.7559	4.536363	0.09294942	0.05694845	0.03600096	0.05694845
4760	-235.5611	-240.9652	5.404169	0.06367677	0.02838893	0.03528784	0.02838893
4770	-217.1618	-222.8706	5.708787	0.032567	0.002331763	0.03023524	0.002331763
4780	-222.2419	-228.2458	6.003885	0.04494693	0.0207451	0.02420184	0.0207451
4790	-221.5958	-227.5906	5.994804	0.03832181	0.004560404	0.03376141	0.004560404
4800	-213.9809	-219.5332	5.552365	0.02081789	0.0105832	0.01023469	0.0105832
4810	-236.3965	-242.016	5.619472	0.05414533	0.01042112	0.04372421	0.01042112
4820	-226.2504	-232.212	5.961594	0.04379491	0.00694477	0.03685014	0.00694477
4830	-212.7472	-218.0389	5.291734	0.01337075	0.002750425	0.01062033	0.002750425
4840	-215.894	-222.0341	6.140148	0.03261487	0.01536244	0.01725243	0.01536244
4850	-221.556	-227.7349	6.178818	0.04066157	0.01013987	0.0305217	0.01013987
4860	-223.6682	-229.121	5.452762	0.04868501	0.03315494	0.01553007	0.03315494
4870	-216.0239	-222.073	6.049147	0.03227531	0.01632621	0.0159491	0.01632621
4880	-214.0338	-220.1699	6.136097	0.02782817	0.01247748	0.01535069	0.01247748
4890	-213.2147	-218.7248	5.510109	0.01628379	0.006367284	0.009916507	0.006367284
4900	-217.4818	-223.6351	6.153275	0.03629038	0.01668426	0.01960612	0.01668426
4910	-212.3325	-218.5952	6.262668	0.02486399	0.008720537	0.01614345	0.008720537
4920	-214.8144	-221.0237	6.209275	0.03075947	0.00433539	0.02642408	0.00433539
4930	-225.2978	-231.2406	5.942846	0.04229975	0.005677516	0.03662224	0.005677516
4940	-218.0344	-224.1136	6.079186	0.03451488	0.004150192	0.03036469	0.004150192
4950	-213.7332	-219.3786	5.645411	0.02112985	0.01044398	0.01068587	0.01044398
4960	-231.7846	-237.5669	5.782339	0.04924091	0.008324198	0.04091671	0.008324198
4970	-226.007	-231.5931	5.586087	0.05409426	0.03363904	0.02045521	0.03363904
4980	-222.1502	-228.1652	6.014993	0.04471594	0.02036457	0.02435137	0.02036457
4990	-226.1187	-231.7916	5.672908	0.05361007	0.03093074	0.02267933	0.03093074
5000	-214.9069	-220.4452	5.538245	0.02420216	0.01362582	0.01057633	0.01362582
5010	-212.7454	-219.0106	6.265193	0.02591353	0.009497523	0.01641601	0.009497523
5020	-216.1886	-222.5235	6.334918	0.03394322	0.0108275	0.02311572	0.0108275
5030	-210.5256	-216.6717	6.146013	0.02024258	0.004481029	0.01576155	0.004481029
5040	-234.0957	-239.5071	5.411417	0.06397741	0.0316717	0.03230571	0.0316717
5050	-210.8938	-217.1225	6.228671	0.0216072	0.005484513	0.01612268	0.005484513
5060	-210.508	-216.5043	5.996339	0.01837524	0.003851574	0.01452366	0.003851574
5070	-215.4511	-221.6225	6.171392	0.03176366	0.01446011	0.01730355	0.01446011
5080	-222.6298	-228.4309	5.801115	0.04671244	0.02692707	0.01978537	0.02692707
5090	-217.9999	-224.2435	6.243565	0.03719899	0.01406497	0.02313402	0.01406497
5100	-232.2109	-237.2825	5.07163	0.07010817	0.05072383	0.01938435	0.05072383
5110	-214.8491	-221.2116	6.362441	0.03158224	0.0099007	0.02168154	0.0099007
5120	-211.7629	-218.0471	6.284117	0.02387729	0.007423546	0.01645375	0.007423546
5130	-221.6357	-226.873	5.237233	0.04209039	0.02995483	0.01213556	0.02995483
5140	-218.0266	-224.1376	6.111004	0.03462735	0.004422491	0.03020486	0.004422491
5150	-217.1038	-223.4285	6.324705	0.03513728	0.009659622	0.02547766	0.009659622
5160	-211.8604	-218.2116	6.351199	0.02530469	0.00670829	0.0185964	0.00670829
5170	-218.1626	-224.4468	6.284136	0.03697868	0.01145088	0.02552781	0.01145088
5180	-226.3577	-232.0432	5.685478	0.0537997	0.0303333	0.0234664	0.0303333
5190	-220.4587	-226.5057	6.046974	0.04201626	0.0200858	0.02193045	0.0200858
5200	-215.593	-221.8734	6.280448	0.03276117	0.01284829	0.01991288	0.01284829
5210	-233.6837	-239.3348	5.651129	0.0557901	0.01731732	0.03847278	0.01731732
5220	-227.6155	-233.4281	5.81259	0.04395394	0.005036066	0.03891787	0.005036066
5230	-221.2714	-227.4599	6.18846	0.04054699	0.01067058	0.02987641	0.01067058
5240	-214.6569	-220.7644	6.107449	0.02920879	0.01372146	0.01548733	0.01372146
5250	-211.1021	-217.4007	6.298621	0.02374796	0.005072409	0.01867555	0.005072409
5260	-218.5833	-224.8533	6.26994	0.03760675	0.01169967	0.02590709	0.01169967
5270	-218.0778	-223.8803	5.802558	0.03586455	0.02115645	0.0147081	0.02115645
5280	-210.7914	-216.9982	6.206835	0.02327907	0.003881338	0.01939773	0.003881338
5290	-224.0788	-230.133	6.05421	0.04516169	0.0146539	0.03050779	0.0146539
5300	-251.5817	-255.6064	4.024756	0.1192381	0.08853757	0.03070054	0.08853757
5310	-215.7038	-221.9121	6.208298	0.03199402	0.004596083	0.02739794	0.004596083
5320	-226.8908	-231.9627	5.071903	0.04107937	0.001750484	0.03932889	0.001750484
5330	-220.552	-226.5562	6.004193	0.04231313	0.02130806	0.02100507	0.02130806
5340	-224.1956	-230.0324	5.836743	0.04921009	0.02587395	0.02333614	0.02587395
5350	-228.0587	-233.9651	5.90649	0.04913394	0.01446236	0.03467159	0.01446236
5360	-242.6798	-247.8966	5.216786	0.0665477	0.02259689	0.04395081	0.02259689
5370	-225.0599	-230.914	5.854038	0.04997659	0.02433966	0.02563693	0.02433966
5380	-220.5983	-226.8098	6.211476	0.03985385	0.01086328	0.02899057	0.01086328
5390	-220.9709	-227.0598	6.088902	0.04249724	0.0183128	0.02418444	0.0183128
5400	-216.9259	-223.2501	6.324237	0.0345705	0.008199985	0.02637052	0.008199985
5410	-212.9743	-219.3402	6.365922	0.02771315	0.00846423	0.01924892	0.00846423
5420	-216.2839	-222.5147	6.23083	0.03401547	0.01436041	0.01965506	0.01436041
5430	-212.1556	-217.8995	5.743894	0.01674169	0.005478773	0.01126292	0.005478773
5440	-210.4831	-215.921	5.437971	0.01622002	0.001875059	0.01434496	0.001875059
5450	-213.5217	-219.789	6.267274	0.02786505	0.01079258	0.01707247	0.01079258
5460	-210.2391	-216.3137	6.074568	0.02111745	0.003250486	0.01786696	0.003250486
5470	-219.2793	-225.1898	5.910502	0.03947462	0.02212382	0.0173508	0.02212382
5480	-229.6085	-235.3656	5.757113	0.05375287	0.02082968	0.03292318	0.02082968
5490	-225.8172	-231.8233	6.006052	0.04630479	0.0130939	0.0332109	0.0130939
5500	-219.6619	-225.7293	6.067376	0.03641742	0.004571788	0.03184563	0.004571788
5510	-233.9449	-239.6198	5.674907	0.05464426	0.01482929	0.03981497	0.01482929
5520	-214.002	-218.2683	4.266295	0.02639103	0.0006969278	0.02569411	0.0006969278
5530	-223.9798	-229.8123	5.832504	0.04894301	0.02613761	0.0228054	0.02613761
5540	-211.6262	-217.3679	5.74175	0.02483212	0.002018746	0.02281338	0.002018746
5550	-222.7884	-228.8609	6.072506	0.04438496	0.01653256	0.0278524	0.01653256
5560	-216.1978	-222.5119	6.314065	0.03322772	0.006636876	0.02659084	0.006636876
5570	-235.7242	-241.3622	5.637972	0.05249414	0.00850554	0.0439886	0.00850554
5580	-210.9866	-217.27	6.283407	0.02345701	0.004856134	0.01860087	0.004856134
5590	-235.521	-239.9031	4.382076	0.08109592	0.06733276	0.01376316	0.06733276
5600	-212.5436	-218.0696	5.526013	0.0146999	0.004089184	0.01061071	0.004089184
5610	-210.6987	-215.2767	4.578045	0.01677462	0.0008868489	0.01588777	0.0008868489
5620	-217.5313	-223.556	6.024638	0.03585263	0.01867312	0.01717951	0.01867312
5630	-211.7332	-218.0234	6.290184	0.02391433	0.007321199	0.01659313	0.007321199
5640	-240.4877	-245.6172	5.129517	0.07128734	0.03334094	0.0379464	0.03334094
5650	-217.2258	-221.6007	4.374964	0.02091358	0.01403341	0.006880166	0.01403341
5660	-225.1986	-230.9687	5.770009	0.05127481	0.02779331	0.0234815	0.02779331
5670	-216.6756	-222.9775	6.301936	0.0348559	0.01225791	0.02259798	0.01225791
5680	-234.8876	-240.3342	5.446598	0.06246218	0.02739259	0.03506959	0.02739259
5690	-217.1163	-223.1701	6.053846	0.03501971	0.01783517	0.01718454	0.01783517
5700	-217.3188	-223.584	6.265154	0.03602841	0.01352745	0.02250096	0.01352745
5710	-230.5588	-235.943	5.384202	0.06348307	0.03982159	0.02366149	0.03982159
5720	-218.911	-225.1091	6.198025	0.0362407	0.006023198	0.0302175	0.006023198
5730	-223.3252	-229.2671	5.941879	0.04694531	0.02235079	0.02459452	0.02235079
5740	-214.8518	-221.1004	6.24857	0.03093507	0.004745627	0.02618944	0.004745627
5750	-217.2028	-222.6781	5.475314	0.03096824	0.01961466	0.01135359	0.01961466
5760	-231.3741	-236.61	5.23586	0.06684515	0.04535587	0.02148928	0.04535587
5770	-212.6589	-219.0037	6.344726	0.02759627	0.005446451	0.02214982	0.005446451
5780	-223.5897	-229.6928	6.103085	0.04261049	0.00974229	0.0328682	0.00974229
5790	-219.1746	-225.4194	6.244793	0.03857401	0.01242738	0.02614663	0.01242738
5800	-210.7597	-216.9104	6.150707	0.02022462	0.005061899	0.01516273	0.005061899
5810	-215.9741	-222.2073	6.233202	0.03335838	0.0141012	0.01925718	0.0141012
5820	-228.5056	-234.4229	5.917264	0.04766218	0.01063641	0.03702577	0.01063641
5830	-224.5048	-230.4172	5.912376	0.04115173	0.004838537	0.03631319	0.004838537
5840	-211.4398	-217.7707	6.330871	0.02461471	0.005587422	0.01902729	0.005587422
5850	-213.4626	-219.2429	5.780222	0.02196166	0.01049237	0.01146928	0.01049237
5860	-210.4085	-216.5636	6.155136	0.02171529	0.003720315	0.01799498	0.003720315
5870	-210.8544	-217.0139	6.159469	0.02040545	0.005315988	0.01508946	0.005315988
5880	-217.3217	-222.7351	5.413405	0.03224138	0.00173361	0.03050777	0.00173361
5890	-218.4737	-224.7554	6.281726	0.03671846	0.008911098	0.02780736	0.008911098
5900	-218.9559	-224.284	5.328107	0.03501785	0.02369462	0.01132324	0.02369462
5910	-211.3111	-217.4358	6.124693	0.02048537	0.00630044	0.01418493	0.00630044
5920	-212.9749	-218.7954	5.820499	0.02076561	0.009193717	0.0115719	0.009193717
5930	-215.5511	-221.8961	6.344984	0.03285193	0.01066485	0.02218707	0.01066485
5940	-215.3751	-221.7323	6.357164	0.0325307	0.01001159	0.02251911	0.01001159
5950	-211.9031	-217.7582	5.855141	0.01778682	0.005910291	0.01187653	0.005910291
5960	-217.2669	-223.5166	6.249642	0.03433588	0.00590862	0.02842726	0.00590862
5970	-222.3607	-228.5053	6.144617	0.0421501	0.01175338	0.03039673	0.01175338
5980	-213.6378	-219.8043	6.166443	0.02893008	0.00374079	0.02518929	0.00374079
5990	-211.6705	-217.5974	5.926883	0.01831185	0.005908351	0.0124035	0.005908351
6000	-211.0671	-217.2907	6.223594	0.02166072	0.005937687	0.01572304	0.005937687
6010	-232.032	-237.3849	5.352888	0.06550733	0.03966498	0.02584235	0.03966498
6020	-218.4385	-224.1446	5.706097	0.03618149	0.02220591	0.01397558	0.02220591
6030	-213.8496	-220.2269	6.377308	0.02968881	0.008885476	0.02080333	0.008885476
6040	-215.0683	-221.356	6.287723	0.03166916	0.01233056	0.0193386	0.01233056
6050	-211.7715	-218.1048	6.333344	0.0256893	0.005255329	0.02043397	0.005255329
6060	-218.9666	-224.6212	5.654585	0.03726607	0.02340065	0.01386543	0.02340065
6070	-213.2663	-218.9043	5.638058	0.02742247	0.001888993	0.02553348	0.001888993
6080	-223.9511	-229.6666	5.715486	0.04955547	0.02955007	0.0200054	0.02955007
6090	-219.0024	-225.106	6.103677	0.03579195	0.004698205	0.03109374	0.004698205
6100	-220.7798	-226.3571	5.57731	0.04165444	0.02717458	0.01447986	0.02717458
6110	-215.9117	-222.252	6.340284	0.0330064	0.007325277	0.02568113	0.007325277
6120	-227.7964	-233.2597	5.463303	0.05824652	0.03759455	0.02065197	0.03759455
6130	-225.5725	-231.2424	5.66985	0.05277507	0.03115354	0.02162154	0.03115354
6140	-227.1409	-232.7012	5.560241	0.05630052	0.03455208	0.02174843	0.03455208
6150	-233.5759	-238.809	5.233104	0.06952227	0.04382697	0.0256953	0.04382697
6160	-210.4385	-216.2735	5.835001	0.01730065	0.003020393	0.01428026	0.003020393
6170	-213.2636	-219.6253	6.361682	0.02828313	0.008959131	0.019324	0.008959131
6180	-214.1708	-220.5329	6.362108	0.03029334	0.006479833	0.02381351	0.006479833
6190	-212.4149	-218.6782	6.263295	0.02507332	0.008880533	0.01619279	0.008880533
6200	-218.2977	-223.6272	5.329519	0.03310149	0.02209699	0.0110045	0.02209699
6210	-219.3028	-225.5559	6.253046	0.03766577	0.008797592	0.02886818	0.008797592
6220	-210.964	-217.0984	6.13441	0.02387701	0.003323684	0.02055332	0.003323684
6230	-211.7312	-218.0405	6.309278	0.02423156	0.007164408	0.01706715	0.007164408
6240	-213.9334	-220.2885	6.355078	0.02987152	0.006123504	0.02374802	0.006123504
6250	-224.9775	-230.7583	5.780859	0.05085859	0.02751564	0.02334296	0.02751564
6260	-215.0375	-221.4067	6.369168	0.03181325	0.007818219	0.02399503	0.007818219
6270	-221.4347	-227.0396	5.604896	0.04350158	0.02816372	0.01533785	0.02816372
6280	-215.176	-221.3093	6.133298	0.03078207	0.0144177	0.01636437	0.0144177
6290	-224.1233	-229.7361	5.612872	0.05007945	0.03177091	0.01830854	0.03177091
6300	-216.1188	-222.001	5.882172	0.03118756	0.01719287	0.01399469	0.01719287
6310	-213.9146	-219.8128	5.898248	0.02880805	0.002563669	0.02624438	0.002563669
6320	-223.2927	-229.391	6.098329	0.04375533	0.01327276	0.03048257	0.01327276
6330	-219.8875	-225.8816	5.994083	0.04102716	0.02131366	0.0197135	0.02131366
6340	-210.4882	-216.6777	6.189489	0.02179986	0.004051165	0.01774869	0.004051165
6350	-231.5806	-237.3643	5.783753	0.04883966	0.007903358	0.0409363	0.007903358
6360	-225.9698	-231.9828	6.012977	0.04553219	0.01107735	0.03445484	0.01107735
6370	-220.2318	-226.3397	6.107859	0.04133511	0.0180948	0.02324031	0.0180948
6380	-215.0302	-221.1626	6.132432	0.03040336	0.0141984	0.01620496	0.0141984
6390	-231.5853	-237.2785	5.693143	0.04742383	0.00542352	0.04200031	0.00542352
6400	-211.3037	-217.6234	6.319734	0.02425745	0.005409273	0.01884818	0.005409273
6410	-216.0948	-222.4417	6.346951	0.03342462	0.00813156	0.02529306	0.00813156
6420	-212.8854	-218.8748	5.989381	0.02742936	0.002775603	0.02465376	0.002775603
6430	-221.1683	-227.2474	6.07904	0.0428421	0.01855391	0.02428819	0.01855391
6440	-229.7941	-234.7151	4.920975	0.06409829	0.04933645	0.01476184	0.04933645
6450	-211.819	-218.0597	6.240693	0.02333248	0.007705522	0.01562696	0.007705522
6460	-221.4638	-227.1315	5.667697	0.04383592	0.02768315	0.01615278	0.02768315
6470	-212.0681	-218.2147	6.146601	0.02258484	0.008267812	0.01431703	0.008267812
6480	-210.5219	-216.7077	6.185743	0.02217366	0.003893364	0.0182803	0.003893364
6490	-217.3861	-222.8639	5.477804	0.03153253	0.02006548	0.01146706	0.02006548
6500	-229.3782	-234.7919	5.41377	0.06143247	0.03924074	0.02219173	0.03924074
6510	-224.9926	-231.0261	6.033454	0.0456418	0.01348417	0.03215763	0.01348417
6520	-210.0252	-215.5548	5.529626	0.01906165	0.001741168	0.01732048	0.001741168
6530	-221.6886	-227.8028	6.114273	0.04288006	0.01611901	0.02676105	0.01611901
6540	-231.4063	-236.4346	5.028279	0.0684449	0.05080942	0.01763548	0.05080942
6550	-227.4783	-232.4059	4.927552	0.0573691	0.04416184	0.01320727	0.04416184
6560	-219.2114	-224.9974	5.785997	0.03870431	0.02319098	0.01551334	0.02319098
6570	-211.5543	-216.6001	5.045853	0.01415104	0.001534897	0.01261614	0.001534897
6580	-213.9636	-219.9264	5.962829	0.02578856	0.01251562	0.01327294	0.01251562
6590	-214.9329	-220.9135	5.980673	0.02876911	0.01462744	0.01414167	0.01462744
6600	-243.1924	-247.8256	4.633133	0.09221747	0.0627159	0.02950158	0.0627159
6610	-244.1609	-248.2339	4.073018	0.1106168	0.09283773	0.01777904	0.09283773
6620	-211.6977	-217.6541	5.956377	0.02530943	0.002578485	0.02273095	0.002578485
6630	-224.0635	-230.0252	5.961779	0.04733187	0.02045601	0.02687586	0.02045601
6640	-217.5895	-223.9005	6.311034	0.03581152	0.009725795	0.02608573	0.009725795
6650	-218.4093	-224.693	6.283746	0.03710961	0.01061973	0.02648988	0.01061973
6660	-222.4003	-228.5307	6.130385	0.04276105	0.01326225	0.0294988	0.01326225
6670	-217.6576	-223.5001	5.842449	0.03341184	0.002803922	0.03060792	0.002803922
6680	-219.9839	-225.2086	5.224747	0.03729523	0.02609651	0.01119872	0.02609651
6690	-214.2694	-219.668	5.39857	0.0197918	0.01026239	0.009529406	0.01026239
6700	-228.3655	-234.0527	5.687188	0.05553219	0.0277176	0.02781459	0.0277176
6710	-216.8617	-223.1443	6.282583	0.03521525	0.01299991	0.02221534	0.01299991
6720	-210.5572	-216.2768	5.719593	0.01658473	0.002693512	0.01389122	0.002693512
6730	-219.051	-224.1472	5.096184	0.03367676	0.02359661	0.01008015	0.02359661
6740	-217.1066	-223.3523	6.245687	0.03568482	0.01425094	0.02143388	0.01425094
6750	-240.9553	-246.2043	5.248928	0.06639395	0.02467014	0.04172381	0.02467014
6760	-210.3998	-215.2355	4.835694	0.01818875	0.001011164	0.01717759	0.001011164
6770	-242.4088	-247.2672	4.858471	0.08166117	0.04709219	0.03456898	0.04709219
6780	-220.6614	-225.3679	4.706446	0.03596995	0.02699176	0.008978192	0.02699176
6790	-216.1376	-221.7597	5.622125	0.02900327	0.01723521	0.01176806	0.01723521
6800	-221.6309	-226.1687	4.537792	0.03788965	0.02923063	0.008659018	0.02923063
6810	-216.9209	-223.2504	6.329439	0.03473315	0.008936481	0.02579667	0.008936481
6820	-215.7163	-220.5051	4.788757	0.01391598	0.006373812	0.00754217	0.006373812
6830	-223.386	-229.4828	6.096841	0.04377963	0.0130782	0.03070143	0.0130782
6840	-217.8377	-224.0553	6.217609	0.03702359	0.01510153	0.02192207	0.01510153
6850	-220.6693	-226.4691	5.799823	0.04236683	0.02516302	0.01720381	0.02516302
6860	-219.0355	-224.6972	5.661732	0.03749729	0.02351036	0.01398693	0.02351036
6870	-233.9326	-239.4828	5.550248	0.05925314	0.02322737	0.03602578	0.02322737
6880	-224.4557	-230.4847	6.029039	0.04593189	0.01554056	0.03039133	0.01554056
6890	-210.5294	-216.6565	6.127079	0.02250339	0.003376004	0.01912739	0.003376004
6900	-217.2969	-223.6076	6.310671	0.03567042	0.01101594	0.02465448	0.01101594
6910	-210.4131	-216.5687	6.155644	0.02174695	0.00371684	0.01803011	0.00371684
6920	-210.6173	-216.8335	6.216144	0.02240015	0.004169409	0.01823074	0.004169409
6930	-226.7939	-231.6335	4.839628	0.05498633	0.0428285	0.01215783	0.0428285
6940	-211.6841	-217.7705	6.086403	0.02546573	0.003078284	0.02238744	0.003078284
6950	-226.5557	-232.5382	5.982559	0.04677633	0.01254208	0.03423425	0.01254208
6960	-241.1815	-246.5455	5.364064	0.06201387	0.0172324	0.04478147	0.0172324
6970	-233.2253	-237.7829	4.557583	0.07387992	0.06010587	0.01377405	0.06010587
6980	-218.8795	-223.1549	4.275414	0.02720553	0.02009776	0.007107765	0.02009776
6990	-218.8203	-225.0902	6.269872	0.03711866	0.008856267	0.02826239	0.008856267
7000	-237.0228	-241.4929	4.470088	0.08588073	0.07006378	0.01581695	0.07006378
7010	-222.9659	-229.0889	6.123006	0.04170637	0.00908889	0.03261748	0.00908889
7020	-213.4471	-219.8043	6.357264	0.02904585	0.005951723	0.02309413	0.005951723
7030	-223.151	-229.1905	6.039477	0.0452646	0.01779218	0.02747243	0.01779218
7040	-218.3242	-224.5269	6.20275	0.03547725	0.005715326	0.02976192	0.005715326
7050	-227.5747	-233.3792	5.804517	0.05239313	0.02261601	0.02977712	0.02261601
7060	-253.5058	-256.2584	2.752648	0.1571173	0.145118	0.01199934	0.145118
7070	-225.9031	-231.9179	6.014753	0.04556859	0.0112941	0.03427449	0.0112941
7080	-220.6175	-226.8021	6.184591	0.04079406	0.01372341	0.02707064	0.01372341
7090	-216.0861	-220.7543	4.668266	0.01100116	0.002925187	0.008075973	0.002925187
7100	-216.0759	-222.126	6.05001	0.03241488	0.01640193	0.01601295	0.01640193
7110	-234.9332	-240.5379	5.60472	0.05041447	0.006045897	0.04436857	0.006045897
7120	-225.5699	-231.5343	5.964435	0.0428704	0.006316611	0.03655378	0.006316611
7130	-217.3177	-223.3201	6.002459	0.03520495	0.01861298	0.01659197	0.01861298
7140	-212.0237	-217.9262	5.902488	0.01883272	0.006749485	0.01208324	0.006749485
7150	-214.9394	-219.8783	4.938937	0.01196364	0.003297816	0.00866582	0.003297816
7160	-212.3416	-218.3425	6.000936	0.02128307	0.008436197	0.01284688	0.008436197
7170	-216.585	-222.1147	5.529686	0.02955813	0.01817743	0.01138069	0.01817743
7180	-211.1332	-217.3588	6.225653	0.02177946	0.006101644	0.01567781	0.006101644
7190	-210.5926	-216.6059	6.013318	0.0227698	0.002790488	0.01997931	0.002790488
7200	-212.1426	-218.4966	6.35392	0.02581882	0.007340845	0.01847798	0.007340845
7210	-213.1872	-219.3917	6.204484	0.02830383	0.003928609	0.02437522	0.003928609
7220	-212.7954	-218.3499	5.55454	0.01550468	0.005187306	0.01031738	0.005187306
7230	-217.2904	-223.1331	5.842712	0.03405556	0.0195541	0.01450146	0.0195541
7240	-219.7987	-226.0331	6.234414	0.03912093	0.0115395	0.02758143	0.0115395
7250	-216.3041	-221.6145	5.310403	0.02673592	0.01676141	0.009974509	0.01676141
7260	-217.1365	-223.4158	6.279341	0.0343683	0.006495033	0.02787327	0.006495033
7270	-215.4202	-221.7054	6.285128	0.03241691	0.01263585	0.01978106	0.01263585
7280	-235.2259	-240.1723	4.946367	0.07748585	0.05604228	0.02144357	0.05604228
7290	-217.0648	-223.2608	6.195983	0.03553597	0.01554893	0.01998704	0.01554893
7300	-210.1494	-215.6101	5.460686	0.01743036	0.001753628	0.01567673	0.001753628
7310	-221.9308	-227.6784	5.747644	0.04518701	0.02733329	0.01785373	0.02733329
7320	-221.3234	-227.2355	5.912131	0.04394372	0.02380178	0.02014194	0.02380178
7330	-252.3406	-257.2607	4.920028	0.07168262	0.01909647	0.05258615	0.01909647
7340	-217.3281	-222.7068	5.378725	0.03057325	0.01975082	0.01082243	0.01975082
7350	-225.8833	-230.55	4.666698	0.05142818	0.04073098	0.0106972	0.04073098
7360	-223.0093	-228.628	5.618763	0.04748405	0.03040062	0.01708343	0.03040062
7370	-230.065	-235.866	5.800972	0.05214173	0.01667973	0.035462	0.01667973
7380	-211.7665	-218.0301	6.263551	0.02356278	0.007525922	0.01603685	0.007525922
7390	-210.895	-216.9132	6.018162	0.02362644	0.002785078	0.02084136	0.002785078
7400	-235.614	-240.8304	5.216445	0.07048497	0.04067206	0.02981292	0.04067206
7410	-210.1372	-215.6784	5.541211	0.01747659	0.001907187	0.0155694	0.001907187
7420	-220.5047	-226.5718	6.067131	0.04199645	0.01942336	0.02257309	0.01942336
7430	-217.5194	-223.2331	5.713714	0.03372788	0.02035002	0.01337786	0.02035002
7440	-218.1702	-224.3639	6.193703	0.03521373	0.005473278	0.02974045	0.005473278
7450	-221.6157	-227.5791	5.963371	0.04432944	0.02248659	0.02184285	0.02248659
7460	-300.5275	-300.5875	0.06001869	0.4750294	0.4393107	0.03571868	0.4393107
7470	-223.0735	-227.8287	4.755208	0.04349305	0.03346288	0.01003016	0.03346288
7480	-210.6778	-216.8671	6.189375	0.02086954	0.004927788	0.01594175	0.004927788
7490	-221.6989	-227.3061	5.607224	0.03721675	0.002514035	0.03470272	0.002514035
7500	-210.634	-216.807	6.172939	0.02279906	0.003662482	0.01913658	0.003662482
7510	-217.1191	-223.429	6.309867	0.03546959	0.0114018	0.02406779	0.0114018
7520	-217.7687	-223.5028	5.734191	0.03456204	0.02081148	0.01375056	0.02081148
7530	-211.0108	-215.6307	4.619906	0.01548226	0.0009672839	0.01451498	0.0009672839
7540	-210.8522	-216.9175	6.06533	0.02355123	0.002983711	0.02056752	0.002983711
7550	-210.7445	-216.4627	5.718186	0.02281636	0.001962311	0.02085405	0.001962311
7560	-219.7483	-225.8102	6.061949	0.04071979	0.0196592	0.02106058	0.0196592
7570	-226.7921	-232.6783	5.886199	0.04360135	0.005666955	0.03793439	0.005666955
7580	-219.0945	-223.3289	4.234415	0.02768277	0.02062477	0.007058001	0.02062477
7590	-229.2283	-234.4502	5.221937	0.06250165	0.04438092	0.01812073	0.04438092
7600	-211.0261	-217.2424	6.216314	0.02400449	0.003886503	0.02011798	0.003886503
7610	-211.904	-218.2301	6.326095	0.02485505	0.007351608	0.01750344	0.007351608
7620	-212.056	-218.0499	5.993871	0.02032753	0.007572171	0.01275536	0.007572171
7630	-218.821	-225.0669	6.245934	0.03824098	0.01304389	0.02519708	0.01304389
7640	-238.6655	-243.2445	4.579006	0.08970301	0.0704626	0.01924041	0.0704626
7650	-214.4708	-219.7144	5.243612	0.01805977	0.00918303	0.008876741	0.00918303
7660	-216.2392	-222.5387	6.299499	0.03318327	0.006270253	0.02691302	0.006270253
7670	-213.0178	-219.317	6.299166	0.02699186	0.009682904	0.01730895	0.009682904
7680	-227.8955	-233.0932	5.197612	0.05919094	0.04287929	0.01631165	0.04287929
7690	-213.8997	-219.6216	5.721878	0.02847893	0.002097157	0.02638177	0.002097157
7700	-214.9621	-220.8296	5.867514	0.02776609	0.01474165	0.01302444	0.01474165
7710	-216.7175	-222.982	6.264538	0.03496596	0.01364722	0.02131874	0.01364722
7720	-221.5141	-227.2548	5.740723	0.04419776	0.02694568	0.01725209	0.02694568
7730	-256.7851	-260.5249	3.739744	0.1303156	0.09572578	0.03458977	0.09572578
7740	-217.2074	-223.4732	6.265806	0.03436512	0.006213301	0.02815181	0.006213301
7750	-225.2019	-229.7203	4.51844	0.04859825	0.03886767	0.009730582	0.03886767
7760	-210.4623	-215.4904	5.028077	0.01657916	0.001240611	0.01533855	0.001240611
7770	-210.078	-215.714	5.635961	0.02010686	0.001876765	0.01823009	0.001876765
7780	-210.3964	-215.9993	5.602923	0.01662747	0.002215501	0.01441197	0.002215501
7790	-213.8163	-220.0393	6.22302	0.02814515	0.01162684	0.01651831	0.01162684
7800	-226.157	-231.8723	5.715304	0.05316585	0.02928313	0.02388272	0.02928313
7810	-214.8603	-220.9253	6.065044	0.02935847	0.01426463	0.01509384	0.01426463
7820	-216.09	-222.1996	6.109596	0.03288144	0.01593073	0.01695072	0.01593073
7830	-245.9166	-250.9867	5.07009	0.06997383	0.02387701	0.04609682	0.02387701
7840	-211.9601	-218.184	6.223872	0.0261668	0.003912262	0.02225453	0.003912262
7850	-215.9244	-221.6674	5.742938	0.029437	0.01686958	0.01256742	0.01686958
7860	-217.9689	-224.2449	6.27603	0.03690241	0.01243634	0.02446607	0.01243634
7870	-220.8017	-226.9163	6.114644	0.04202563	0.01734807	0.02467756	0.01734807
7880	-212.9786	-218.9464	5.967766	0.02281508	0.010048	0.01276708	0.010048
7890	-217.2902	-222.4275	5.13735	0.02849917	0.01894281	0.00955636	0.01894281
7900	-219.8432	-225.3688	5.52553	0.0388313	0.0255329	0.0132984	0.0255329
7910	-213.6465	-219.9779	6.331337	0.02881516	0.01009728	0.01871788	0.01009728
7920	-215.8899	-222.1503	6.260377	0.03246124	0.005314947	0.0271463	0.005314947
7930	-212.1255	-217.9533	5.827776	0.02589418	0.002235139	0.02365904	0.002235139
7940	-218.6422	-224.9063	6.264103	0.0377742	0.01207154	0.02570266	0.01207154
7950	-210.4046	-216.1427	5.738126	0.01695317	0.002627307	0.01432586	0.002627307
7960	-216.8095	-222.9803	6.170851	0.03490672	0.01588641	0.01902031	0.01588641
7970	-214.5112	-220.419	5.907791	0.02683531	0.01373532	0.01309999	0.01373532
7980	-218.3922	-224.5833	6.191064	0.03803778	0.0158784	0.02215938	0.0158784
7990	-212.4225	-218.7983	6.375862	0.02686551	0.00689375	0.01997176	0.00689375
8000	-224.7193	-230.6841	5.964859	0.04763829	0.01910071	0.02853759	0.01910071
8010	-211.4287	-217.3247	5.895976	0.01748308	0.005000512	0.01248257	0.005000512
8020	-210.9576	-217.1029	6.145273	0.02027528	0.005516777	0.0147585	0.005516777
8030	-214.1086	-219.4884	5.379844	0.01860505	0.009224834	0.009380213	0.009224834
8040	-214.2015	-219.7115	5.509991	0.02115023	0.0110616	0.01008862	0.0110616
8050	-212.2972	-218.3383	6.04105	0.0217261	0.008512212	0.01321389	0.008512212
8060	-213.9193	-220.2025	6.283246	0.02899019	0.01118452	0.01780566	0.01118452
8070	-214.1468	-219.9703	5.823457	0.02480578	0.01266018	0.01214561	0.01266018
8080	-211.5709	-217.8478	6.276912	0.02337718	0.007029527	0.01634766	0.007029527
8090	-225.3531	-230.7852	5.43205	0.05291318	0.03600294	0.01691024	0.03600294
8100	-216.1565	-221.8049	5.648356	0.02929093	0.01732135	0.01196958	0.01732135
8110	-211.5384	-217.8544	6.315966	0.02515589	0.00498498	0.02017091	0.00498498
8120	-223.0763	-228.7257	5.649393	0.04769448	0.03006314	0.01763134	0.03006314
8130	-213.6932	-220.075	6.381756	0.02951976	0.007032722	0.02248704	0.007032722
8140	-218.0896	-223.4097	5.320139	0.03241384	0.02156521	0.01084863	0.02156521
8150	-227.5553	-233.4935	5.938223	0.04807606	0.01326276	0.0348133	0.01326276
8160	-217.7459	-223.7607	6.014797	0.03631355	0.01904799	0.01726556	0.01904799
8170	-229.123	-234.61	5.487055	0.06006656	0.03648948	0.02357708	0.03648948
8180	-214.6432	-220.8467	6.203456	0.03003768	0.0130449	0.01699278	0.0130449
8190	-214.7756	-221.0779	6.302307	0.03101455	0.005450729	0.02556382	0.005450729
8200	-212.6021	-218.2071	5.604948	0.01576902	0.005204461	0.01056455	0.005204461
8210	-223.2407	-229.3202	6.079478	0.04437085	0.01502275	0.0293481	0.01502275
8220	-214.2641	-220.6456	6.38144	0.03054114	0.008585368	0.02195577	0.008585368
8230	-226.0853	-231.4239	5.338601	0.05464436	0.03826528	0.01637908	0.03826528
8240	-214.3922	-219.6728	5.280547	0.01833232	0.009318221	0.009014102	0.009318221
8250	-211.7693	-217.5088	5.739535	0.01607868	0.004404376	0.01167431	0.004404376
8260	-212.4536	-217.957	5.50335	0.01445002	0.003705912	0.01074411	0.003705912
8270	-211.7868	-217.6702	5.883432	0.01793457	0.0058419	0.01209267	0.0058419
8280	-213.1237	-219.4143	6.290691	0.02836567	0.004724287	0.02364139	0.004724287
8290	-223.8795	-229.7648	5.8853	0.04827543	0.02420455	0.02407088	0.02420455
8300	-227.0772	-232.8645	5.787361	0.05264626	0.02458551	0.02806074	0.02458551
8310	-243.8756	-249.2231	5.347427	0.0596263	0.0101165	0.0495098	0.0101165
8320	-224.8177	-230.5091	5.691392	0.0513095	0.03046063	0.02084887	0.03046063
8330	-215.5828	-221.8566	6.273736	0.03270842	0.01299558	0.01971284	0.01299558
8340	-218.5737	-224.3922	5.818511	0.03725758	0.02192829	0.01532929	0.02192829
8350	-240.4718	-245.3963	4.924452	0.08020101	0.04808089	0.03212012	0.04808089
8360	-212.4108	-218.7604	6.349644	0.02709782	0.005528344	0.02156948	0.005528344
8370	-212.9595	-219.3323	6.372786	0.02778067	0.008208007	0.01957267	0.008208007
8380	-226.477	-232.3963	5.919363	0.04916181	0.0179993	0.03116251	0.0179993
8390	-262.3476	-265.3956	3.048012	0.1805871	0.1538393	0.02674783	0.1538393
8400	-222.4119	-227.7266	5.314728	0.04469327	0.03149902	0.01319426	0.03149902
8410	-210.9982	-217.2704	6.272223	0.02368756	0.004565235	0.01912232	0.004565235
8420	-210.9846	-216.625	5.640358	0.0157029	0.00275427	0.01294863	0.00275427
8430	-210.7504	-217.0016	6.251159	0.02248109	0.004712645	0.01776845	0.004712645
8440	-213.3065	-219.3075	6.000938	0.0242494	0.01099758	0.01325182	0.01099758
8450	-226.2838	-231.1763	4.892498	0.05370937	0.04145774	0.01225163	0.04145774
8460	-215.6349	-221.463	5.828098	0.02935605	0.01623928	0.01311676	0.01623928
8470	-214.6094	-220.986	6.376663	0.0311227	0.007741199	0.0233815	0.007741199
8480	-222.1712	-226.4838	4.312591	0.03822052	0.03015584	0.008064681	0.03015584
8490	-227.0128	-232.7978	5.785027	0.05266776	0.02482984	0.02783792	0.02482984
8500	-211.0779	-217.359	6.281106	0.0227988	0.005733095	0.01706571	0.005733095
8510	-211.021	-217.1729	6.151965	0.02044759	0.005694197	0.01475339	0.005694197
8520	-211.4496	-217.7616	6.311913	0.02492488	0.004950906	0.01997398	0.004950906
8530	-235.7811	-240.1038	4.322688	0.08189647	0.06847024	0.01342623	0.06847024
8540	-214.3503	-220.6871	6.336743	0.03042586	0.01065741	0.01976845	0.01065741
8550	-224.9261	-230.922	5.995921	0.04238125	0.006495759	0.03588549	0.006495759
8560	-222.3774	-228.4025	6.025109	0.04485359	0.01968593	0.02516766	0.01968593
8570	-217.1613	-223.4639	6.302663	0.03559382	0.01182567	0.02376815	0.01182567
8580	-215.9646	-222.1119	6.14731	0.03283367	0.01537145	0.01746223	0.01537145
8590	-212.0113	-217.7907	5.779419	0.01692939	0.005434834	0.01149456	0.005434834
8600	-247.3724	-252.2162	4.84384	0.07772174	0.03388129	0.04384045	0.03388129
8610	-246.4901	-251.7177	5.227616	0.06353265	0.01322931	0.05030334	0.01322931
8620	-227.2978	-233.2021	5.90432	0.04953321	0.01691008	0.03262312	0.01691008
8630	-239.7877	-244.7715	4.983798	0.0780196	0.04567745	0.03234216	0.04567745
8640	-213.7789	-219.4298	5.650856	0.02138663	0.01064773	0.01073891	0.01064773
8650	-214.4889	-220.6282	6.139298	0.0301133	0.003722975	0.02639032	0.003722975
8660	-230.1559	-235.9984	5.842475	0.04784628	0.008246714	0.03959956	0.008246714
8670	-211.1056	-217.363	6.257427	0.02231465	0.005970099	0.01634455	0.005970099
8680	-215.658	-221.5716	5.913679	0.03018128	0.01620851	0.01397276	0.01620851
8690	-230.5581	-235.9153	5.357201	0.06392094	0.04096447	0.02295647	0.04096447
8700	-221.0271	-227.0415	6.014462	0.04310607	0.02099981	0.02210626	0.02099981
8710	-214.0687	-220.4462	6.377501	0.03013334	0.008962259	0.02117108	0.008962259
8720	-230.026	-235.4814	5.455429	0.061621	0.0370906	0.0245304	0.0370906
8730	-212.348	-218.6721	6.324113	0.02698884	0.005036782	0.02195206	0.005036782
8740	-210.016	-215.6488	5.6328	0.01949477	0.001906178	0.01758859	0.001906178
8750	-223.2425	-229.1263	5.883781	0.04742043	0.02465118	0.02276926	0.02465118
8760	-229.0815	-234.4634	5.381931	0.06127135	0.04032134	0.02095001	0.04032134
8770	-226.6643	-232.4492	5.784904	0.05247439	0.02543286	0.02704154	0.02543286
8780	-232.4965	-237.8983	5.40182	0.06439471	0.03603484	0.02835987	0.03603484
8790	-212.4768	-218.0286	5.55174	0.02604028	0.00170556	0.02433472	0.00170556
8800	-215.6684	-221.9217	6.253348	0.03279149	0.01348117	0.01931032	0.01348117
8810	-216.7378	-222.1422	5.404406	0.02896504	0.01827948	0.01068556	0.01827948
8820	-224.9442	-230.8189	5.874646	0.0495372	0.02351204	0.02602517	0.02351204
8830	-217.3467	-223.6397	6.292959	0.03592997	0.01219492	0.02373505	0.01219492
8840	-212.7573	-219.1259	6.368627	0.02776754	0.006086634	0.02168091	0.006086634
8850	-220.8735	-226.4672	5.593704	0.04198696	0.02725656	0.0147304	0.02725656
8860	-213.0177	-219.3704	6.352726	0.02827247	0.005696657	0.02257581	0.005696657
8870	-216.1826	-220.8345	4.651862	0.01096578	0.002957723	0.00800806	0.002957723
8880	-217.2907	-223.5464	6.255679	0.03600394	0.01389549	0.02210845	0.01389549
8890	-213.4256	-219.812	6.386447	0.02900777	0.007317803	0.02168997	0.007317803
8900	-222.4518	-227.6284	5.176682	0.04405966	0.03190023	0.01215943	0.03190023
8910	-213.3145	-219.5567	6.242173	0.02858469	0.004263311	0.02432138	0.004263311
8920	-214.1589	-220.5316	6.372707	0.03027934	0.009271853	0.02100749	0.009271853
8930	-217.7162	-223.8887	6.172536	0.03680699	0.01636638	0.02044061	0.01636638
8940	-212.6686	-219.0494	6.380809	0.02746223	0.006895372	0.02056686	0.006895372
8950	-219.8784	-226.1019	6.223501	0.03804212	0.008013488	0.03002863	0.008013488
8960	-223.968	-229.33	5.361995	0.0491535	0.03439071	0.01476279	0.03439071
8970	-225.6547	-231.1627	5.507925	0.05361605	0.03516119	0.01845486	0.03516119
8980	-245.9342	-250.2779	4.343719	0.1054359	0.07842774	0.0270082	0.07842774
8990	-210.9162	-216.5118	5.595517	0.01565009	0.002536886	0.0131132	0.002536886
9000	-212.6513	-218.8315	6.180244	0.02737244	0.003676653	0.02369578	0.003676653
9010	-213.3684	-219.2551	5.886731	0.02302715	0.0107802	0.01224694	0.0107802
9020	-215.2576	-221.1624	5.904808	0.02897571	0.01539046	0.01358525	0.01539046
9030	-229.0325	-234.3084	5.275863	0.06185481	0.04306693	0.01878788	0.04306693
9040	-237.7263	-242.3932	4.666956	0.08643196	0.06687639	0.01955556	0.06687639
9050	-213.51	-219.8604	6.350455	0.02870091	0.009533474	0.01916744	0.009533474
9060	-217.245	-222.3096	5.064532	0.02774528	0.01852986	0.009215415	0.01852986
9070	-212.1474	-218.3176	6.170192	0.0264629	0.003556022	0.02290688	0.003556022
9080	-226.1959	-231.6692	5.473238	0.05488969	0.03633992	0.01854977	0.03633992
9090	-224.9402	-230.168	5.227761	0.05128313	0.03713077	0.01415236	0.03713077
9100	-215.438	-221.7963	6.358305	0.03239623	0.007662627	0.0247336	0.007662627
9110	-222.0817	-228.2319	6.150216	0.04206875	0.01235709	0.02971166	0.01235709
9120	-215.5432	-221.4848	5.941598	0.03010831	0.01592426	0.01418406	0.01592426
9130	-216.3895	-222.7139	6.324411	0.03431028	0.01129698	0.0230133	0.01129698
9140	-223.3513	-228.7293	5.377979	0.04756282	0.03312075	0.01444207	0.03312075
9150	-210.6188	-216.7952	6.17644	0.02067244	0.004763547	0.01590889	0.004763547
9160	-235.7851	-240.4661	4.680949	0.08142958	0.06406793	0.01736165	0.06406793
9170	-217.637	-223.7964	6.159396	0.03662667	0.01663825	0.01998842	0.01663825
9180	-218.4613	-224.6392	6.177878	0.03550161	0.005388407	0.03011321	0.005388407
9190	-235.2601	-240.4212	5.161058	0.07235258	0.0450594	0.02729318	0.0450594
9200	-214.4218	-220.7823	6.360435	0.03073288	0.009934498	0.02079838	0.009934498
9210	-214.9552	-221.0859	6.13072	0.03019641	0.0140913	0.0161051	0.0140913
9220	-238.1957	-243.3704	5.174714	0.07099455	0.03658623	0.03440833	0.03658623
9230	-217.7357	-223.4144	5.678677	0.0340677	0.0208559	0.0132118	0.0208559
9240	-225.4767	-231.1426	5.665854	0.05264013	0.03127651	0.02136363	0.03127651
9250	-215.1696	-220.5818	5.412245	0.02376519	0.01377352	0.009991667	0.01377352
9260	-213.5542	-219.814	6.259842	0.02900684	0.004487853	0.02451899	0.004487853
9270	-227.2004	-232.8547	5.654204	0.05525427	0.03096114	0.02429313	0.03096114
9280	-220.1192	-225.4408	5.32159	0.03831012	0.02641986	0.01189025	0.02641986
9290	-211.5587	-217.8874	6.328662	0.02434518	0.006463344	0.01788184	0.006463344
9300	-220.9606	-227.1339	6.173321	0.04123104	0.01375429	0.02747676	0.01375429
9310	-214.2341	-220.2808	6.04669	0.02954689	0.003170079	0.02637681	0.003170079
9320	-216.5583	-222.3204	5.762148	0.03142238	0.01827193	0.01315045	0.01827193
9330	-222.491	-228.6234	6.132431	0.04266295	0.01272623	0.02993673	0.01272623
9340	-211.5681	-217.8841	6.315981	0.02407527	0.006703622	0.01737165	0.006703622
9350	-237.9228	-242.8159	4.893106	0.08189334	0.05661937	0.02527397	0.05661937
9360	-210.3641	-216.4705	6.106424	0.01992873	0.003992887	0.01593584	0.003992887
9370	-240.0913	-245.2806	5.189375	0.05259269	0.003560662	0.04903203	0.003560662
9380	-224.8697	-230.7669	5.897275	0.0490854	0.02250335	0.02658206	0.02250335
9390	-217.3185	-223.3408	6.022261	0.03532523	0.01842495	0.01690028	0.01842495
9400	-218.0313	-224.3195	6.288165	0.03678678	0.01140085	0.02538593	0.01140085
9410	-214.4271	-220.7089	6.281848	0.03017557	0.01182287	0.0183527	0.01182287
9420	-236.351	-241.7846	5.43355	0.06224174	0.02453049	0.03771125	0.02453049
9430	-233.3548	-238.1005	4.745676	0.07435514	0.05855645	0.01579869	0.05855645
9440	-210.0028	-215.807	5.804201	0.01958469	0.002317754	0.01726694	0.002317754
9450	-215.0432	-221.2843	6.241182	0.0311855	0.004726993	0.0264585	0.004726993
9460	-213.5481	-218.9678	5.419702	0.02748719	0.001555318	0.02593187	0.001555318
9470	-211.322	-217.506	6.184043	0.0214141	0.006523024	0.01489108	0.006523024
9480	-214.2206	-220.604	6.383439	0.03047052	0.00801234	0.02245818	0.00801234
9490	-211.8602	-217.9294	6.069217	0.02091003	0.00746497	0.01344506	0.00746497
9500	-229.2123	-235.1027	5.890413	0.04824788	0.01055361	0.03769428	0.01055361
9510	-220.406	-226.5904	6.184388	0.04065782	0.01418394	0.02647388	0.01418394
9520	-214.3774	-218.9185	4.54108	0.02734175	0.0008303004	0.02651145	0.0008303004
9530	-211.2075	-215.4848	4.277266	0.0155791	0.0007677552	0.01481134	0.0007677552
9540	-217.0574	-223.2784	6.221065	0.03387998	0.005302729	0.02857725	0.005302729
9550	-213.9323	-219.899	5.966699	0.02573785	0.01244676	0.01329108	0.01244676
9560	-215.301	-221.5024	6.201467	0.03162222	0.01392872	0.0176935	0.01392872
9570	-216.6525	-222.3083	5.655743	0.03081593	0.0184944	0.01232154	0.0184944
9580	-216.4621	-222.2263	5.764228	0.03116742	0.01806403	0.01310338	0.01806403
9590	-239.6322	-245.0862	5.453976	0.05951092	0.01514345	0.04436747	0.01514345
9600	-216.8062	-222.6933	5.88704	0.03309103	0.01849381	0.01459723	0.01849381
9610	-219.6892	-225.5903	5.901114	0.04039962	0.02271566	0.01768395	0.02271566
9620	-220.1939	-226.2523	6.05843	0.0415229	0.01976903	0.02175386	0.01976903
9630	-224.9485	-230.5949	5.646404	0.05176375	0.03167563	0.02008812	0.03167563
9640	-214.5653	-220.9265	6.361204	0.0310257	0.009945778	0.02107992	0.009945778
9650	-221.7805	-227.8557	6.075207	0.04357295	0.01805299	0.02551996	0.01805299
9660	-217.1018	-221.9978	4.896059	0.0257879	0.01729853	0.008489367	0.01729853
9670	-221.7688	-226.7733	5.004564	0.03625902	0.001398429	0.03486059	0.001398429
9680	-213.9068	-219.7472	5.840408	0.02869325	0.002391788	0.02630147	0.002391788
9690	-215.8217	-222.0731	6.251371	0.03232512	0.005154095	0.02717102	0.005154095
9700	-211.2074	-217.5152	6.307852	0.02409513	0.00513139	0.01896374	0.00513139
9710	-227.0819	-233.0469	5.964955	0.04711672	0.01219591	0.03492081	0.01219591
9720	-229.2562	-234.9531	5.696861	0.05553168	0.02536581	0.03016588	0.02536581
9730	-213.7775	-220.1223	6.344774	0.02958086	0.00579588	0.02378498	0.00579588
9740	-238.4629	-243.8529	5.38996	0.06268342	0.02206464	0.04061879	0.02206464
9750	-211.3551	-217.5735	6.218424	0.02201786	0.006643269	0.01537459	0.006643269
9760	-218.5956	-224.866	6.270405	0.03760427	0.01162099	0.02598328	0.01162099
9770	-213.5516	-219.7856	6.233997	0.02758709	0.01111352	0.01647356	0.01111352
9780	-236.8492	-242.3494	5.500215	0.05957906	0.01913861	0.04044045	0.01913861
9790	-215.8466	-222.1456	6.299014	0.03259627	0.005979735	0.02661654	0.005979735
9800	-214.7517	-221.1266	6.374878	0.03142024	0.008965453	0.02245479	0.008965453
9810	-222.4049	-228.528	6.123182	0.04299491	0.01388798	0.02910693	0.01388798
9820	-224.2955	-230.2733	5.977816	0.04715991	0.0191769	0.02798301	0.0191769
9830	-212.3252	-218.6774	6.35218	0.02614117	0.007753747	0.01838742	0.007753747
9840	-212.5808	-218.8443	6.263449	0.02737718	0.004326266	0.02305092	0.004326266
9850	-213.5306	-219.064	5.533318	0.01841861	0.008434925	0.009983686	0.008434925
9860	-229.6137	-235.3201	5.706401	0.04538803	0.004665477	0.04072255	0.004665477
9870	-214.3769	-220.7051	6.32821	0.03049833	0.005732375	0.02476595	0.005732375
9880	-221.9082	-227.6404	5.732227	0.04510546	0.02753	0.01757546	0.02753
9890	-211.4545	-217.66	6.205507	0.02200537	0.006875765	0.01512961	0.006875765
9900	-212.2477	-218.619	6.37129	0.02647825	0.006699343	0.0197789	0.006699343
9910	-211.6004	-217.6725	6.072114	0.02030585	0.00678371	0.01352214	0.00678371
9920	-210.676	-215.6231	4.94714	0.02082783	0.001045839	0.019782	0.001045839
9930	-212.8786	-219.1454	6.266808	0.0262643	0.009727627	0.01653668	0.009727627
9940	-215.0006	-221.2772	6.276596	0.03144839	0.01248983	0.01895855	0.01248983
9950	-215.0676	-221.074	6.006409	0.029382	0.01484051	0.01454149	0.01484051
9960	-216.9654	-222.706	5.740578	0.03239337	0.01915712	0.01323625	0.01915712
9970	-239.728	-244.5164	4.788453	0.08621265	0.06002354	0.0261891	0.06002354
9980	-212.4822	-218.4757	5.993548	0.02160872	0.00879392	0.0128148	0.00879392
9990	-249.0448	-251.9825	2.937711	0.134274	0.1232523	0.01102169	0.1232523
10000	-214.9824	-221.3171	6.334635	0.03147778	0.00623481	0.02524297	0.00623481
