Iteration	Posterior	Likelihood	Prior	birth_rate	death_rate	diversification	turnover
0	-210.1858	-216.1019	5.916054	0.02114156	0.002529146	0.01861242	0.002529146
10	-211.1566	-217.4392	6.282545	0.02287363	0.005956826	0.0169168	0.005956826
20	-211.3014	-216.966	5.664624	0.0240427	0.001860754	0.02218195	0.001860754
30	-211.9461	-217.8233	5.877203	0.01822837	0.006264243	0.01196412	0.006264243
40	-214.9046	-221.2763	6.37168	0.03169188	0.009166912	0.02252497	0.009166912
50	-210.9508	-215.6217	4.670942	0.01556457	0.0009984331	0.01456614	0.0009984331
60	-210.2149	-216.0608	5.845901	0.01790409	0.002810829	0.01509326	0.002810829
70	-210.1591	-216.1833	6.024219	0.01966274	0.003288961	0.01637378	0.003288961
80	-210.0681	-215.9948	5.926745	0.01920284	0.002841533	0.01636131	0.002841533
90	-213.6125	-219.8538	6.241302	0.02781835	0.01115919	0.01665916	0.01115919
100	-212.2233	-217.8422	5.618932	0.01528955	0.004284554	0.01100499	0.004284554
110	-211.3897	-217.1197	5.729954	0.01587181	0.003653406	0.0122184	0.003653406
120	-210.2923	-216.0052	5.712894	0.02136818	0.001979615	0.01938856	0.001979615
130	-210.2746	-215.9622	5.687616	0.0212485	0.00193171	0.01931679	0.00193171
140	-212.0329	-217.8018	5.768987	0.01682788	0.00538453	0.01144335	0.00538453
150	-210.5753	-215.2514	4.676129	0.01915309	0.0008894122	0.01826368	0.0008894122
160	-211.3511	-217.2645	5.91337	0.01760403	0.004961098	0.01264293	0.004961098
170	-210.2933	-215.9446	5.651347	0.01700391	0.002276536	0.01472738	0.002276536
180	-210.3317	-216.1508	5.819164	0.02169256	0.002214262	0.0194783	0.002214262
190	-212.0426	-218.3396	6.296978	0.0263709	0.004633492	0.02173741	0.004633492
200	-210.1651	-215.8209	5.655745	0.02068192	0.00188919	0.01879273	0.00188919
210	-213.1683	-218.9196	5.751347	0.02045903	0.009302847	0.01115619	0.009302847
220	-212.4421	-218.581	6.138939	0.0234894	0.00914845	0.01434095	0.00914845
230	-212.3623	-218.4278	6.065584	0.02226193	0.008783026	0.0134789	0.008783026
240	-210.4749	-215.6529	5.177949	0.02074484	0.00123981	0.01950503	0.00123981
250	-212.0381	-217.7594	5.721374	0.01620324	0.004878642	0.0113246	0.004878642
260	-212.6126	-218.8064	6.193783	0.02466928	0.009509895	0.01515938	0.009509895
270	-211.744	-217.7622	6.018179	0.01984561	0.006841951	0.01300366	0.006841951
280	-210.5199	-216.3049	5.785027	0.01691187	0.002905817	0.01400605	0.002905817
290	-211.4979	-217.8203	6.322453	0.0249927	0.005154699	0.01983801	0.005154699
300	-209.9968	-215.7919	5.795093	0.01938949	0.002312569	0.01707692	0.002312569
310	-212.3061	-218.6216	6.315501	0.02553758	0.008279391	0.01725819	0.008279391
320	-211.7459	-218.097	6.351081	0.02528766	0.006140894	0.01914677	0.006140894
330	-210.1894	-215.3528	5.163485	0.01819471	0.001293614	0.01690109	0.001293614
340	-212.628	-218.8753	6.247313	0.02539407	0.009374326	0.01601975	0.009374326
350	-210.9798	-217.258	6.278192	0.02352902	0.004718579	0.01881044	0.004718579
360	-210.1053	-216.1045	5.999215	0.01997642	0.003041749	0.01693467	0.003041749
370	-213.6833	-220.0222	6.338891	0.02940818	0.005632271	0.02377591	0.005632271
380	-210.2986	-216.3091	6.010547	0.02167227	0.002848529	0.01882375	0.002848529
390	-211.1781	-217.3156	6.137433	0.02441816	0.003327577	0.02109059	0.003327577
400	-211.8763	-218.2036	6.327236	0.02482243	0.007275614	0.01754681	0.007275614
410	-213.6412	-219.9844	6.343243	0.02934841	0.005704774	0.02364363	0.005704774
420	-212.9475	-219.314	6.366562	0.02766501	0.008407165	0.01925785	0.008407165
430	-210.707	-216.9498	6.242759	0.02242141	0.004572726	0.01784868	0.004572726
440	-210.5264	-216.6346	6.108159	0.02252451	0.003259125	0.01926538	0.003259125
450	-211.0755	-217.3732	6.297761	0.02354054	0.00519385	0.01834669	0.00519385
460	-210.2705	-215.4911	5.220609	0.01710693	0.001420307	0.01568662	0.001420307
470	-211.4178	-217.0266	5.608831	0.01519604	0.003011599	0.01218444	0.003011599
480	-210.5232	-216.4408	5.917571	0.02247223	0.002464686	0.02000755	0.002464686
490	-211.4043	-216.4548	5.050489	0.01436845	0.001502369	0.01286608	0.001502369
500	-213.06	-219.3521	6.292043	0.02701004	0.00982432	0.01718572	0.00982432
510	-216.9437	-222.5441	5.600362	0.03121081	0.01913549	0.01207532	0.01913549
520	-210.7551	-216.9967	6.241591	0.02195673	0.004995244	0.01696148	0.004995244
530	-216.1689	-221.6021	5.433184	0.02741034	0.01683396	0.01057638	0.01683396
540	-213.918	-220.2717	6.35369	0.02984145	0.006078236	0.02376322	0.006078236
550	-212.2097	-218.1764	5.966686	0.02626607	0.002641656	0.02362441	0.002641656
560	-210.474	-216.5853	6.111273	0.01977156	0.004270255	0.01550131	0.004270255
570	-211.7864	-216.0329	4.246587	0.01429172	0.0008075682	0.01348415	0.0008075682
580	-210.1041	-216.0802	5.976127	0.02044245	0.002839413	0.01760304	0.002839413
590	-210.5905	-216.8048	6.21431	0.02221149	0.004212718	0.01799877	0.004212718
600	-211.3188	-217.3499	6.031119	0.01912626	0.005784356	0.0133419	0.005784356
610	-213.6068	-219.0954	5.488624	0.0179431	0.008164431	0.009778673	0.008164431
620	-210.4894	-216.545	6.05561	0.01902782	0.004092798	0.01493503	0.004092798
630	-210.2421	-216.2877	6.045587	0.01947138	0.003550927	0.01592045	0.003550927
640	-212.5959	-218.964	6.368129	0.02696129	0.007802889	0.0191584	0.007802889
650	-212.8631	-218.4094	5.546339	0.0155703	0.005326908	0.01024339	0.005326908
660	-210.1051	-216.0415	5.936364	0.01898262	0.00294956	0.01603306	0.00294956
670	-212.842	-219.197	6.355077	0.02794576	0.005709887	0.02223587	0.005709887
680	-210.0225	-215.5545	5.531957	0.01900043	0.001749083	0.01725135	0.001749083
690	-212.3762	-218.3514	5.975211	0.02101549	0.008388388	0.0126271	0.008388388
700	-210.7386	-216.9379	6.199287	0.02311204	0.003837472	0.01927457	0.003837472
710	-211.256	-217.5354	6.279409	0.02291081	0.0062512	0.01665961	0.0062512
720	-211.9551	-218.3044	6.349207	0.02539247	0.007032607	0.01835987	0.007032607
730	-210.3736	-216.5072	6.133548	0.02039176	0.004045413	0.01634635	0.004045413
740	-219.3356	-225.1454	5.809736	0.03914591	0.02320871	0.0159372	0.02320871
750	-211.3261	-217.5489	6.222758	0.02478877	0.003897395	0.02089138	0.003897395
760	-212.2478	-218.6186	6.370861	0.02644004	0.0067975	0.01964254	0.0067975
770	-211.9444	-218.2982	6.353835	0.025488	0.006857124	0.01863087	0.006857124
780	-210.6937	-216.8389	6.145176	0.02307358	0.003435835	0.01963775	0.003435835
790	-211.6247	-217.7953	6.170534	0.02183706	0.007235124	0.01460193	0.007235124
800	-212.7049	-217.8968	5.191868	0.01313443	0.002319587	0.01081484	0.002319587
810	-213.0515	-218.8935	5.842056	0.02134992	0.0095936	0.01175632	0.0095936
820	-210.3433	-215.8035	5.460172	0.01662975	0.001854823	0.01477493	0.001854823
830	-211.0424	-216.9063	5.863951	0.01693737	0.003979696	0.01295768	0.003979696
840	-212.968	-219.0288	6.060788	0.02397715	0.01028906	0.0136881	0.01028906
850	-210.0777	-216.0285	5.950836	0.02025589	0.002755219	0.01750067	0.002755219
860	-210.1173	-216.1085	5.991251	0.02050035	0.002901232	0.01759912	0.002901232
870	-212.5202	-215.8048	3.28461	0.0218184	0.0004087423	0.02140965	0.0004087423
880	-212.9072	-219.2719	6.364645	0.0280672	0.005980966	0.02208623	0.005980966
890	-211.1595	-217.2047	6.045171	0.01908108	0.005481161	0.01359992	0.005481161
900	-214.8778	-220.1409	5.263115	0.02069845	0.01157187	0.009126581	0.01157187
910	-210.1215	-215.4771	5.35557	0.01783117	0.001549197	0.01628198	0.001549197
920	-214.8027	-221.173	6.370299	0.03151144	0.009389507	0.02212193	0.009389507
930	-210.0528	-215.8765	5.823688	0.01856051	0.002536166	0.01602434	0.002536166
940	-210.8451	-217.0945	6.249365	0.0220506	0.005257093	0.01679351	0.005257093
950	-210.2425	-216.3212	6.078788	0.02000369	0.003609913	0.01639378	0.003609913
960	-210.2557	-216.2166	5.960943	0.01853949	0.003288235	0.01525125	0.003288235
970	-210.8871	-215.8371	4.949993	0.0153739	0.001252448	0.01412145	0.001252448
980	-213.0126	-218.9757	5.96307	0.02286121	0.01012136	0.01273985	0.01012136
990	-212.056	-216.7836	4.727604	0.01351877	0.001228209	0.01229056	0.001228209
1000	-210.3115	-216.3912	6.079731	0.01968489	0.003802574	0.01588231	0.003802574
1010	-210.4167	-216.5836	6.166902	0.02106673	0.004097215	0.01696951	0.004097215
1020	-210.7111	-216.9225	6.211396	0.02127912	0.005003464	0.01627566	0.005003464
1030	-211.3521	-217.5986	6.246474	0.02483855	0.004106264	0.02073229	0.004106264
1040	-210.949	-216.7465	5.797527	0.0164832	0.003447029	0.01303617	0.003447029
1050	-212.2497	-218.5193	6.26955	0.02475902	0.008520171	0.01623884	0.008520171
1060	-211.2098	-217.4958	6.286001	0.02299437	0.006077115	0.01691726	0.006077115
1070	-211.3327	-217.2697	5.937047	0.01787577	0.005108955	0.01276681	0.005108955
1080	-210.9711	-217.2039	6.232751	0.02172976	0.00568335	0.01604641	0.00568335
1090	-210.8003	-217.0442	6.243941	0.02195194	0.005144056	0.01680789	0.005144056
1100	-213.9248	-220.2936	6.368805	0.02989931	0.006554915	0.0233444	0.006554915
1110	-210.6741	-215.1468	4.472697	0.01806939	0.0007982224	0.01727117	0.0007982224
1120	-210.7401	-215.9053	5.165179	0.02164472	0.001218844	0.02042588	0.001218844
1130	-212.7323	-219.0395	6.307235	0.02770644	0.004849065	0.02285738	0.004849065
1140	-215.0211	-220.3198	5.298741	0.02183204	0.01247704	0.009355003	0.01247704
1150	-215.3253	-221.0833	5.757994	0.03044031	0.002293452	0.02814686	0.002293452
1160	-212.1901	-218.5134	6.32329	0.02539784	0.007970169	0.01742767	0.007970169
1170	-210.5221	-216.6471	6.125023	0.01991496	0.004422822	0.01549214	0.004422822
1180	-211.8989	-217.2646	5.36573	0.01407295	0.002407768	0.01166519	0.002407768
1190	-212.2577	-218.5946	6.336927	0.02575341	0.007911496	0.01784192	0.007911496
1200	-210.3121	-215.8617	5.549563	0.02110186	0.00168995	0.01941191	0.00168995
1210	-211.7832	-217.9526	6.169401	0.02219281	0.007618783	0.01457403	0.007618783
1220	-210.4199	-216.504	6.084052	0.02212876	0.003162748	0.01896601	0.003162748
1230	-210.4471	-216.5105	6.063388	0.01917349	0.00404109	0.0151324	0.00404109
1240	-211.136	-217.3706	6.234671	0.02193787	0.006101821	0.01583605	0.006101821
1250	-210.0637	-215.8696	5.805921	0.01839837	0.00250207	0.0158963	0.00250207
1260	-210.224	-215.9995	5.775454	0.01756717	0.002586314	0.01498085	0.002586314
1270	-210.6835	-216.0656	5.382078	0.02198302	0.001445582	0.02053744	0.001445582
1280	-211.1991	-217.4316	6.232521	0.02198925	0.006260304	0.01572894	0.006260304
1290	-212.5794	-218.1339	5.554476	0.01504337	0.00448537	0.010558	0.00448537
1300	-211.3654	-217.5871	6.221689	0.02488369	0.003885918	0.02099778	0.003885918
1310	-211.8716	-215.8912	4.019623	0.0219573	0.0005917825	0.02136552	0.0005917825
1320	-210.7618	-216.9989	6.237028	0.02181856	0.005059294	0.01675926	0.005059294
1330	-211.7877	-218.0605	6.27277	0.02375106	0.007535397	0.01621566	0.007535397
1340	-211.5314	-217.1774	5.64607	0.01531925	0.003333372	0.01198587	0.003333372
1350	-210.3364	-215.2688	4.932424	0.01850733	0.001074413	0.01743292	0.001074413
1360	-215.3102	-221.6774	6.367213	0.03235979	0.0089371	0.02342269	0.0089371
1370	-211.5041	-217.8287	6.32462	0.02418405	0.00638781	0.01779624	0.00638781
1380	-211.7465	-218.081	6.334516	0.02561659	0.005295034	0.02032156	0.005295034
1390	-213.1247	-219.5071	6.382476	0.02827526	0.007925596	0.02034967	0.007925596
1400	-210.7694	-216.2504	5.480919	0.01565025	0.00211097	0.01353928	0.00211097
1410	-210.9526	-217.0585	6.105852	0.02383883	0.003170419	0.02066841	0.003170419
1420	-210.2725	-215.709	5.436478	0.01687282	0.001773708	0.01509911	0.001773708
1430	-211.4275	-216.9161	5.488606	0.01478514	0.002522688	0.01226245	0.002522688
1440	-211.7212	-217.6892	5.968088	0.01903649	0.006403723	0.01263276	0.006403723
1450	-211.5091	-216.8322	5.32309	0.02387048	0.001377721	0.02249276	0.001377721
1460	-210.7671	-216.6533	5.886144	0.01721673	0.003681621	0.01353511	0.003681621
1470	-212.7645	-218.6747	5.910242	0.02133269	0.0091449	0.01218779	0.0091449
1480	-210.7984	-215.8692	5.07079	0.01549093	0.001377731	0.0141132	0.001377731
1490	-210.7327	-215.7983	5.065536	0.01565607	0.001354571	0.0143015	0.001354571
1500	-211.063	-217.3578	6.294809	0.02326313	0.005399008	0.01786412	0.005399008
1510	-210.8578	-216.7818	5.924048	0.01749411	0.004046655	0.01344745	0.004046655
1520	-212.1763	-218.5404	6.364142	0.02610729	0.007063031	0.01904426	0.007063031
1530	-213.6467	-219.4121	5.765365	0.02242322	0.01097712	0.0114461	0.01097712
1540	-213.8014	-220.1825	6.381181	0.02962867	0.008613463	0.02101521	0.008613463
1550	-211.0705	-217.088	6.017462	0.01860775	0.005087979	0.01351977	0.005087979
1560	-213.0348	-219.0148	5.980026	0.02315113	0.01024414	0.01290699	0.01024414
1570	-211.0844	-216.945	5.860634	0.01690718	0.004028918	0.01287826	0.004028918
1580	-213.9949	-219.6296	5.63473	0.02200516	0.0112725	0.01073266	0.0112725
1590	-211.5106	-217.002	5.491412	0.01471553	0.002592211	0.01212332	0.002592211
1600	-210.5247	-216.6082	6.083417	0.01933448	0.00428214	0.01505234	0.00428214
1610	-210.1705	-215.778	5.607526	0.02059615	0.00180261	0.01879354	0.00180261
1620	-210.8321	-216.8947	6.062588	0.01901894	0.004832457	0.01418648	0.004832457
1630	-211.4703	-217.1973	5.727	0.01584587	0.003755671	0.0120902	0.003755671
1640	-210.5472	-216.2131	5.665979	0.01643465	0.002503017	0.01393163	0.002503017
1650	-211.8712	-216.7791	4.907882	0.01372357	0.001412061	0.01231151	0.001412061
1660	-210.7315	-216.898	6.166493	0.02046814	0.005035439	0.0154327	0.005035439
1670	-210.1428	-215.7529	5.610106	0.0204523	0.001812764	0.01863954	0.001812764
1680	-214.6092	-220.6647	6.055488	0.02858786	0.01382524	0.01476262	0.01382524
1690	-210.7212	-216.3946	5.673359	0.0161599	0.002662828	0.01349707	0.002662828
1700	-210.8179	-216.3576	5.53966	0.0156655	0.002296708	0.01336879	0.002296708
1710	-215.6243	-220.2645	4.640276	0.01087788	0.002229673	0.008648202	0.002229673
1720	-213.2309	-219.5515	6.320629	0.02774343	0.009736988	0.01800644	0.009736988
1730	-210.4927	-216.2597	5.767096	0.01688321	0.002810173	0.01407304	0.002810173
1740	-212.2395	-218.5995	6.360031	0.02668881	0.005837645	0.02085117	0.005837645
1750	-210.0327	-215.9332	5.900515	0.01947664	0.002668338	0.0168083	0.002668338
1760	-213.3528	-218.7981	5.44522	0.0155315	0.005833666	0.009697835	0.005833666
1770	-210.9291	-216.415	5.485847	0.01539381	0.002208718	0.01318509	0.002208718
1780	-210.3542	-216.4902	6.135968	0.02055336	0.00397148	0.01658188	0.00397148
1790	-210.7761	-217.0065	6.230424	0.02164686	0.005142007	0.01650485	0.005142007
1800	-212.3122	-218.6137	6.30154	0.02535242	0.008425181	0.01692723	0.008425181
1810	-213.5148	-219.1491	5.634326	0.02006839	0.009532357	0.01053603	0.009532357
1820	-211.5234	-217.7788	6.255391	0.02524512	0.004177906	0.02106722	0.004177906
1830	-212.0202	-218.1937	6.173411	0.02284193	0.008191312	0.01465062	0.008191312
1840	-210.5023	-216.6767	6.174383	0.02082432	0.004424824	0.01639949	0.004424824
1850	-210.4263	-216.1902	5.763862	0.01700081	0.002736333	0.01426448	0.002736333
1860	-213.1329	-219.3465	6.213602	0.02628141	0.01048794	0.01579347	0.01048794
1870	-214.0456	-218.2206	4.174912	0.02631744	0.0006612357	0.0256562	0.0006612357
1880	-210.0284	-215.6735	5.645105	0.0182682	0.002044265	0.01622394	0.002044265
1890	-214.4226	-219.5979	5.175323	0.01547685	0.0068577	0.008619155	0.0068577
1900	-211.5297	-217.7934	6.263673	0.0230797	0.006988834	0.01609086	0.006988834
1910	-210.9615	-216.6271	5.665651	0.01582046	0.002835852	0.01298461	0.002835852
1920	-213.2592	-219.4028	6.143628	0.02580634	0.01094421	0.01486212	0.01094421
1930	-211.9579	-218.3059	6.347931	0.02536914	0.007073233	0.01829591	0.007073233
1940	-211.1519	-216.8299	5.67798	0.01569173	0.003072505	0.01261923	0.003072505
1950	-210.6617	-216.6259	5.964216	0.0229392	0.002603247	0.02033595	0.002603247
1960	-211.0457	-217.2513	6.205561	0.02133035	0.005879074	0.01545128	0.005879074
1970	-211.432	-217.2385	5.80651	0.01650504	0.00427101	0.01223403	0.00427101
1980	-210.1587	-216.1627	6.004039	0.02084851	0.002910878	0.01793763	0.002910878
1990	-210.86	-217.1288	6.268784	0.02293405	0.004817771	0.01811628	0.004817771
2000	-210.9695	-217.2177	6.248165	0.02202592	0.00563801	0.01638791	0.00563801
2010	-211.4633	-217.7928	6.329551	0.02430511	0.00610893	0.01819618	0.00610893
2020	-210.2559	-216.3551	6.099162	0.0209747	0.00344939	0.01752531	0.00344939
2030	-211.2822	-217.1269	5.844729	0.01680215	0.004274017	0.01252813	0.004274017
2040	-211.5103	-217.4294	5.919172	0.0178995	0.005403883	0.01249562	0.005403883
2050	-210.923	-216.7031	5.780169	0.02337485	0.002090611	0.02128424	0.002090611
2060	-211.1354	-217.1508	6.015418	0.01864924	0.005225036	0.01342421	0.005225036
2070	-210.2804	-215.4914	5.210998	0.01990087	0.001287609	0.01861326	0.001287609
2080	-210.2099	-215.4598	5.249917	0.01741669	0.001435442	0.01598125	0.001435442
2090	-210.8878	-215.6936	4.805871	0.02116312	0.0009474646	0.02021566	0.0009474646
2100	-211.4189	-217.664	6.245027	0.02500323	0.004085897	0.02091733	0.004085897
2110	-211.4342	-216.4188	4.984609	0.02305473	0.001066847	0.02198789	0.001066847
2120	-210.0549	-215.7657	5.710811	0.01814504	0.002234758	0.01591029	0.002234758
2130	-212.0239	-217.9585	5.934622	0.01933129	0.0070318	0.01229949	0.0070318
2140	-210.0129	-215.7537	5.740786	0.01974662	0.002129968	0.01761666	0.002129968
2150	-212.8247	-218.2585	5.433841	0.01412297	0.003797469	0.0103255	0.003797469
2160	-211.1241	-216.8231	5.698969	0.01581239	0.003144677	0.01266771	0.003144677
2170	-211.7374	-218.0865	6.349098	0.02513687	0.006343511	0.01879336	0.006343511
2180	-211.8531	-218.0724	6.219263	0.02309383	0.007811391	0.01528243	0.007811391
2190	-213.499	-219.6868	6.187789	0.02695122	0.01128105	0.01567018	0.01128105
2200	-210.2677	-215.8828	5.615083	0.02106849	0.001800573	0.01926792	0.001800573
2210	-212.6688	-218.2265	5.557668	0.01524378	0.004789739	0.01045404	0.004789739
2220	-212.5088	-218.2776	5.768805	0.02644993	0.002115714	0.02433422	0.002115714
2230	-210.671	-216.4179	5.746903	0.02266432	0.002023249	0.02064107	0.002023249
2240	-211.8775	-218.0262	6.148697	0.02212255	0.007806272	0.01431628	0.007806272
2250	-210.0136	-215.8007	5.78712	0.01876262	0.002372016	0.01639061	0.002372016
2260	-210.4048	-216.3186	5.913794	0.01784221	0.003311253	0.01453095	0.003311253
2270	-210.9317	-217.152	6.220359	0.0214748	0.005594224	0.01588058	0.005594224
2280	-210.2747	-215.8003	5.525612	0.01689251	0.001956989	0.01493553	0.001956989
2290	-211.6979	-217.9006	6.20272	0.02248744	0.007453495	0.01503395	0.007453495
2300	-210.4874	-216.1895	5.702181	0.02203977	0.001940789	0.02009899	0.001940789
2310	-215.5363	-221.5058	5.969471	0.03033353	0.01584196	0.01449157	0.01584196
2320	-210.029	-215.6442	5.615203	0.01825624	0.001976272	0.01627997	0.001976272
2330	-212.9371	-217.0193	4.082208	0.01278414	0.0008161352	0.01196801	0.0008161352
2340	-210.8898	-216.878	5.988204	0.02358234	0.00267432	0.02090802	0.00267432
2350	-211.4388	-217.6712	6.232432	0.02239918	0.006839167	0.01556002	0.006839167
2360	-213.0799	-219.1364	6.056509	0.02425312	0.01055044	0.01370268	0.01055044
2370	-210.8006	-217.059	6.258368	0.02280676	0.004664973	0.01814179	0.004664973
2380	-210.0701	-215.6217	5.551615	0.01790081	0.001878853	0.01602196	0.001878853
2390	-211.2007	-217.0796	5.878907	0.02417075	0.002334374	0.02183637	0.002334374
2400	-212.5067	-218.6572	6.150471	0.02382003	0.009305417	0.01451461	0.009305417
2410	-212.5811	-218.4968	5.915742	0.0208015	0.008621071	0.01218043	0.008621071
2420	-210.8257	-217.0886	6.262832	0.02256631	0.004957659	0.01760865	0.004957659
2430	-214.1975	-220.3782	6.180637	0.0287015	0.01253898	0.01616252	0.01253898
2440	-210.2771	-215.8079	5.530778	0.02090947	0.001665283	0.01924419	0.001665283
2450	-210.5711	-216.601	6.029863	0.02270883	0.002861141	0.01984769	0.002861141
2460	-213.283	-219.6653	6.382272	0.02858956	0.008134878	0.02045469	0.008134878
2470	-211.3714	-217.6933	6.321879	0.02402541	0.005997577	0.01802783	0.005997577
2480	-212.0573	-218.4222	6.364883	0.02609313	0.006362604	0.01973053	0.006362604
2490	-210.8956	-217.0252	6.129635	0.01998504	0.005307253	0.01467779	0.005307253
2500	-215.9446	-222.2221	6.277519	0.03347885	0.01309343	0.02038542	0.01309343
2510	-210.4806	-216.6368	6.156151	0.02050105	0.004370943	0.01613011	0.004370943
2520	-211.9624	-217.938	5.975614	0.01978386	0.007168843	0.01261502	0.007168843
2530	-214.1948	-220.5286	6.333812	0.03006493	0.01060451	0.01946042	0.01060451
2540	-213.0859	-219.4575	6.371666	0.02802855	0.008420832	0.01960772	0.008420832
2550	-210.4989	-216.2931	5.794238	0.01699047	0.002921066	0.0140694	0.002921066
2560	-210.1762	-216.0758	5.899668	0.02108662	0.002478621	0.018608	0.002478621
2570	-210.1385	-216.0034	5.864884	0.02086154	0.002385397	0.01847614	0.002385397
2580	-210.9763	-215.9442	4.967897	0.01515918	0.001292122	0.01386706	0.001292122
2590	-210.0512	-215.9138	5.862628	0.01880527	0.002640791	0.01616448	0.002640791
2600	-211.4276	-217.2461	5.818488	0.01661912	0.004356667	0.01226245	0.004356667
2610	-223.222	-229.1545	5.932535	0.04693036	0.02283171	0.02409864	0.02283171
2620	-210.2878	-216.1855	5.897774	0.02160779	0.00243983	0.01916796	0.00243983
2630	-210.8708	-217.1337	6.26297	0.02240615	0.005209136	0.01719701	0.005209136
2640	-218.2322	-224.1965	5.96434	0.03722104	0.02021282	0.01700823	0.02021282
2650	-210.3942	-216.5526	6.15845	0.02149898	0.003813443	0.01768553	0.003813443
2660	-212.7479	-218.5577	5.809865	0.01977485	0.008332954	0.0114419	0.008332954
2670	-210.9102	-216.5463	5.636182	0.01577864	0.002677539	0.0131011	0.002677539
2680	-210.8737	-215.5817	4.708007	0.02082114	0.0008905094	0.01993063	0.0008905094
2690	-212.0131	-217.5953	5.582239	0.0148794	0.003585565	0.01129383	0.003585565
2700	-214.8295	-220.6756	5.846161	0.02716118	0.01441427	0.01274691	0.01441427
2710	-210.2766	-215.3209	5.044281	0.01778535	0.001193516	0.01659183	0.001193516
2720	-210.821	-216.7671	5.94614	0.01770842	0.004117035	0.01359138	0.004117035
2730	-211.2512	-217.3461	6.094897	0.01993408	0.006004165	0.01392992	0.006004165
2740	-210.5166	-216.5407	6.024042	0.02252637	0.002845992	0.01968038	0.002845992
2750	-212.1089	-218.3848	6.275877	0.02451697	0.0082012	0.01631577	0.0082012
2760	-210.3326	-215.3931	5.060429	0.01717668	0.001237825	0.01593886	0.001237825
2770	-211.1949	-217.4925	6.297624	0.02420113	0.004858209	0.01934292	0.004858209
2780	-221.8814	-226.3144	4.433016	0.03803321	0.02966143	0.008371777	0.02966143
2790	-211.7325	-217.9383	6.205814	0.02569138	0.003763724	0.02192765	0.003763724
2800	-210.5602	-215.53	4.969811	0.02042846	0.001066821	0.01936164	0.001066821
2810	-212.5455	-218.883	6.33751	0.02737675	0.005289269	0.02208748	0.005289269
2820	-211.7674	-217.1956	5.42817	0.0245723	0.001508353	0.02306395	0.001508353
2830	-211.134	-217.2097	6.075695	0.02426774	0.003018434	0.0212493	0.003018434
2840	-210.2612	-215.8222	5.560945	0.02091456	0.00171303	0.01920153	0.00171303
2850	-211.064	-216.6217	5.557717	0.02332513	0.001679858	0.02164527	0.001679858
2860	-212.0597	-217.8946	5.83491	0.01788043	0.006194174	0.01168626	0.006194174
2870	-210.716	-216.744	6.027989	0.01858172	0.004399016	0.0141827	0.004399016
2880	-214.7192	-219.6489	4.929627	0.01181247	0.002844196	0.008968275	0.002844196
2890	-210.4595	-215.2128	4.753291	0.0182362	0.0009540962	0.01728211	0.0009540962
2900	-213.5926	-219.8908	6.298293	0.02835852	0.01054999	0.01780852	0.01054999
2910	-211.8795	-218.1675	6.288029	0.02418484	0.007652443	0.0165324	0.007652443
2920	-214.4315	-220.7779	6.346394	0.03065771	0.006180805	0.0244769	0.006180805
2930	-213.7817	-220.1141	6.332383	0.02913169	0.01022983	0.01890186	0.01022983
2940	-210.8325	-216.8949	6.062491	0.02349599	0.002972506	0.02052348	0.002972506
2950	-213.6215	-219.3908	5.769285	0.02238431	0.01092187	0.01146244	0.01092187
2960	-211.3933	-217.72	6.326665	0.02422005	0.00589383	0.01832622	0.00589383
2970	-210.5955	-216.799	6.203517	0.02127115	0.004656497	0.01661465	0.004656497
2980	-211.852	-216.2721	4.420136	0.01399746	0.0009266589	0.0130708	0.0009266589
2990	-215.0374	-221.3708	6.333462	0.03155761	0.006242422	0.02531519	0.006242422
3000	-211.7564	-217.6851	5.928675	0.02538011	0.0024942	0.02288591	0.0024942
3010	-210.4216	-216.5582	6.136527	0.02028161	0.00419137	0.01609024	0.00419137
3020	-211.2795	-217.59	6.310552	0.02364626	0.005950382	0.01769588	0.005950382
3030	-210.8258	-216.9595	6.13373	0.02349257	0.003336763	0.02015581	0.003336763
3040	-210.0352	-215.8781	5.842834	0.02005954	0.00238588	0.01767366	0.00238588
3050	-210.0002	-215.813	5.812814	0.01943065	0.00236174	0.01706891	0.00236174
3060	-213.1579	-218.3815	5.223571	0.01301633	0.002801591	0.01021474	0.002801591
3070	-210.5254	-216.6062	6.080796	0.02254806	0.003107913	0.01944015	0.003107913
3080	-211.7785	-218.1137	6.335186	0.02569732	0.005296407	0.02040092	0.005296407
3090	-211.3591	-217.2509	5.891842	0.01735619	0.004803791	0.0125524	0.004803791
3100	-210.2335	-216.323	6.089488	0.02081736	0.00341754	0.01739982	0.00341754
3110	-215.1305	-221.2203	6.089822	0.03029598	0.01462491	0.01567108	0.01462491
3120	-212.5835	-218.8809	6.297488	0.02593217	0.008961212	0.01697096	0.008961212
3130	-211.828	-218.0296	6.201582	0.02277421	0.007758074	0.01501614	0.007758074
3140	-210.3308	-216.4469	6.116072	0.0215216	0.003450636	0.01807096	0.003450636
3150	-211.7552	-218.1053	6.350087	0.02544262	0.005881593	0.01956103	0.005881593
3160	-211.1268	-217.3935	6.266636	0.02251536	0.00598444	0.01653092	0.00598444
3170	-210.4847	-216.5044	6.019715	0.02241532	0.002834041	0.01958128	0.002834041
3180	-211.3448	-217.6653	6.320458	0.02446211	0.005303208	0.01915891	0.005303208
3190	-212.013	-218.1985	6.185439	0.02299502	0.008182931	0.01481209	0.008182931
3200	-210.1876	-215.3944	5.206766	0.01909826	0.001305171	0.01779308	0.001305171
3210	-212.1828	-218.3229	6.140087	0.02279854	0.008533621	0.01426492	0.008533621
3220	-210.0062	-215.7547	5.748487	0.01966068	0.00215663	0.01750405	0.00215663
3230	-210.169	-216.1837	6.014671	0.01944279	0.003299067	0.01614372	0.003299067
3240	-210.5366	-216.5075	5.970906	0.01810717	0.003774203	0.01433297	0.003774203
3250	-214.1348	-219.3213	5.186449	0.01341787	0.004399988	0.009017882	0.004399988
3260	-210.3459	-216.4897	6.143809	0.02116473	0.003778916	0.01738582	0.003778916
3270	-210.2261	-216.3135	6.087439	0.02048078	0.003500154	0.01698062	0.003500154
3280	-210.8999	-217.175	6.275037	0.0230247	0.004913007	0.01811169	0.004913007
3290	-210.1836	-215.6008	5.417167	0.02010445	0.001523916	0.01858054	0.001523916
3300	-210.0622	-216.0113	5.949104	0.01970129	0.002841558	0.01685973	0.002841558
3310	-210.3559	-216.3986	6.042689	0.02190417	0.002973737	0.01893043	0.002973737
3320	-211.9787	-218.2072	6.228453	0.02352673	0.00808285	0.01544388	0.00808285
3330	-213.4978	-219.8103	6.312472	0.0282805	0.01022539	0.01805511	0.01022539
3340	-210.2858	-216.4032	6.11737	0.02067374	0.003699853	0.01697388	0.003699853
3350	-210.4473	-215.236	4.788646	0.01867221	0.0009675308	0.01770468	0.0009675308
3360	-210.4824	-216.6722	6.189762	0.0214685	0.004206741	0.01726176	0.004206741
3370	-211.2833	-217.3063	6.023067	0.01895456	0.005638743	0.01331581	0.005638743
3380	-212.9141	-219.1207	6.206611	0.02786076	0.003898494	0.02396227	0.003898494
3390	-210.379	-216.232	5.852961	0.01751453	0.003025273	0.01448926	0.003025273
3400	-212.9497	-219.1027	6.152993	0.02506801	0.01028235	0.01478566	0.01028235
3410	-212.7605	-219.1362	6.375619	0.02774834	0.00638015	0.02136819	0.00638015
3420	-215.968	-221.4193	5.451259	0.02692373	0.01634049	0.01058325	0.01634049
3430	-210.6493	-216.8223	6.173082	0.02059302	0.004840438	0.01575259	0.004840438
3440	-210.4958	-216.6806	6.184779	0.02111695	0.004362372	0.01675458	0.004362372
3450	-216.7554	-222.8639	6.108577	0.03303522	0.004028121	0.0290071	0.004028121
3460	-210.4454	-216.1396	5.694198	0.01672322	0.002516166	0.01420705	0.002516166
3470	-210.7306	-216.2719	5.541309	0.0224514	0.001657147	0.02079426	0.001657147
3480	-212.5915	-218.5123	5.920826	0.02091049	0.008687006	0.01222348	0.008687006
3490	-211.1607	-217.096	5.935342	0.017686	0.004705102	0.0129809	0.004705102
3500	-211.496	-217.5205	6.02452	0.01936661	0.006203157	0.01316345	0.006203157
3510	-211.4775	-217.6697	6.192167	0.02513613	0.003662148	0.02147398	0.003662148
3520	-211.7803	-217.6981	5.917787	0.0184265	0.006144413	0.01228209	0.006144413
3530	-211.5122	-217.6637	6.151472	0.02518335	0.003406231	0.02177712	0.003406231
3540	-213.5097	-219.894	6.384316	0.02907879	0.008185189	0.0208936	0.008185189
3550	-213.5924	-219.9259	6.333469	0.0292428	0.005492733	0.02375007	0.005492733
3560	-213.7682	-219.6578	5.889614	0.0243559	0.0118735	0.0124824	0.0118735
3570	-213.8888	-219.0004	5.111529	0.01251335	0.002973056	0.009540289	0.002973056
3580	-211.5553	-217.6909	6.135676	0.02525965	0.003318919	0.02194073	0.003318919
3590	-210.8613	-216.8429	5.981667	0.0235019	0.002652284	0.02084961	0.002652284
3600	-211.911	-218.2623	6.351282	0.02537386	0.006854335	0.01851952	0.006854335
3610	-210.6925	-216.9198	6.227354	0.02167799	0.004875029	0.01680296	0.004875029
3620	-211.0976	-215.0744	3.976884	0.01749764	0.0006049979	0.01689264	0.0006049979
3630	-212.0676	-218.1665	6.098922	0.02621563	0.0031616	0.02305403	0.0031616
3640	-210.379	-216.4969	6.117857	0.02007425	0.004051745	0.0160225	0.004051745
3650	-211.1284	-217.3964	6.267936	0.02254282	0.005981682	0.01656114	0.005981682
3660	-211.445	-217.775	6.329988	0.0246805	0.005501678	0.01917882	0.005501678
3670	-213.1209	-219.1342	6.013306	0.02383881	0.01056502	0.01327379	0.01056502
3680	-211.4892	-217.4112	5.922048	0.01790378	0.005374026	0.01252975	0.005374026
3690	-212.5134	-218.3217	5.808302	0.01889939	0.007484147	0.01141524	0.007484147
3700	-210.5408	-216.6859	6.145067	0.02020861	0.004517457	0.01569115	0.004517457
3710	-212.2075	-218.2382	6.030672	0.02131346	0.008217443	0.01309602	0.008217443
3720	-210.7105	-216.9436	6.233112	0.02180295	0.004897632	0.01690532	0.004897632
3730	-210.8027	-215.2867	4.484017	0.01656969	0.0008402916	0.01572939	0.0008402916
3740	-210.5114	-216.7088	6.197443	0.02180638	0.004150453	0.01765593	0.004150453
3750	-211.4114	-217.6777	6.266314	0.02290797	0.006700813	0.01620716	0.006700813
3760	-213.065	-219.1561	6.091171	0.02463575	0.0105514	0.01408435	0.0105514
3770	-210.1278	-216.0327	5.904806	0.01859736	0.002893409	0.01570395	0.002893409
3780	-210.3546	-215.542	5.187449	0.01675361	0.00140574	0.01534787	0.00140574
3790	-213.9886	-219.4429	5.454291	0.01931598	0.009608363	0.00970762	0.009608363
3800	-212.1773	-218.5096	6.332329	0.02663272	0.005168472	0.02146425	0.005168472
3810	-210.0701	-215.5496	5.479531	0.01946391	0.001637854	0.01782605	0.001637854
3820	-210.2917	-215.4011	5.109438	0.01728686	0.001281694	0.01600516	0.001281694
3830	-212.7394	-218.9256	6.186251	0.02491058	0.009789898	0.01512069	0.009789898
3840	-211.2371	-217.5353	6.298245	0.02329553	0.006022968	0.01727256	0.006022968
3850	-210.8042	-216.999	6.194834	0.0209582	0.005261925	0.01569628	0.005261925
3860	-217.1296	-223.3762	6.24662	0.0357268	0.01422166	0.02150514	0.01422166
3870	-210.4054	-215.9937	5.588273	0.01657953	0.002182724	0.01439681	0.002182724
3880	-210.1602	-216.1971	6.036843	0.02061493	0.003120384	0.01749455	0.003120384
3890	-215.1146	-220.4867	5.372129	0.02310271	0.01334473	0.009757975	0.01334473
3900	-212.8352	-219.2119	6.376732	0.02759339	0.007845222	0.01974816	0.007845222
3910	-213.4274	-219.0518	5.624322	0.019531	0.00908084	0.01045016	0.00908084
3920	-213.0884	-219.0199	5.93144	0.0226897	0.01019617	0.01249353	0.01019617
3930	-210.5427	-215.9481	5.405371	0.02159688	0.001478032	0.02011884	0.001478032
3940	-210.9709	-217.1583	6.187438	0.02388027	0.003666185	0.02021409	0.003666185
3950	-215.3427	-221.6939	6.351171	0.03216312	0.007115683	0.02504744	0.007115683
3960	-211.1342	-217.4172	6.282962	0.02286759	0.005887388	0.0169802	0.005887388
3970	-210.517	-216.6859	6.168884	0.02228981	0.003712417	0.0185774	0.003712417
3980	-210.8755	-217.0938	6.2183	0.02353409	0.003952846	0.01958124	0.003952846
3990	-210.7355	-215.1702	4.434676	0.01732392	0.0007945723	0.01652935	0.0007945723
4000	-213.8489	-218.1853	4.336317	0.01177692	0.001114312	0.01066261	0.001114312
4010	-214.4763	-219.9509	5.474626	0.02181538	0.01180169	0.01001369	0.01180169
4020	-210.3204	-216.291	5.970658	0.02177984	0.002678972	0.01910086	0.002678972
4030	-210.0968	-216.0533	5.956494	0.01925796	0.002983307	0.01627465	0.002983307
4040	-210.9528	-216.9969	6.044038	0.02379749	0.002886313	0.02091118	0.002886313
4050	-211.8489	-217.8804	6.031453	0.02031698	0.007222305	0.01309468	0.007222305
4060	-213.2763	-219.3595	6.08325	0.02514646	0.01102598	0.01412048	0.01102598
4070	-211.0406	-215.4792	4.438526	0.02056783	0.0007543697	0.01981346	0.0007543697
4080	-212.5505	-218.3821	5.831641	0.01940831	0.007844181	0.01156413	0.007844181
4090	-210.141	-215.8405	5.699506	0.02064697	0.001979462	0.0186675	0.001979462
4100	-211.2576	-217.4789	6.22124	0.02189347	0.006407723	0.01548575	0.006407723
4110	-211.7723	-218.0097	6.237448	0.02317803	0.007606282	0.01557175	0.007606282
4120	-212.0494	-217.1679	5.118499	0.02456203	0.001183093	0.02337894	0.001183093
4130	-212.8562	-218.5645	5.708274	0.02690942	0.002004242	0.02490518	0.002004242
4140	-210.6909	-216.5885	5.897667	0.02294541	0.002393298	0.02055212	0.002393298
4150	-211.4399	-217.7314	6.291493	0.02498558	0.004612206	0.02037338	0.004612206
4160	-210.7836	-216.8294	6.045732	0.01879293	0.004635246	0.01415768	0.004635246
4170	-210.1364	-215.4013	5.26484	0.01818726	0.001408151	0.01677911	0.001408151
4180	-211.4174	-217.7475	6.33008	0.02443777	0.00573777	0.0187	0.00573777
4190	-212.8704	-218.9122	6.041704	0.02344467	0.01000894	0.01343573	0.01000894
4200	-213.0704	-219.4388	6.368447	0.027952	0.008513322	0.01943868	0.008513322
4210	-212.7991	-219.1787	6.379608	0.02758274	0.007607266	0.01997547	0.007607266
4220	-211.8108	-217.6743	5.863526	0.01769892	0.00571817	0.01198075	0.00571817
4230	-211.9701	-218.1221	6.151933	0.02240581	0.008039966	0.01436585	0.008039966
4240	-211.6806	-217.6549	5.974316	0.01903312	0.006337632	0.01269549	0.006337632
4250	-210.8674	-216.992	6.124579	0.01988975	0.005219778	0.01466997	0.005219778
4260	-211.0408	-217.229	6.188136	0.02103938	0.005842277	0.0151971	0.005842277
4270	-210.3271	-216.426	6.098873	0.01992885	0.003882156	0.0160467	0.003882156
4280	-210.0321	-215.8524	5.820315	0.02003394	0.002320194	0.01771374	0.002320194
4290	-213.148	-218.5424	5.394432	0.01408761	0.004133185	0.009954425	0.004133185
4300	-215.5681	-221.2995	5.731336	0.02827498	0.01602203	0.01225296	0.01602203
4310	-211.1867	-217.4664	6.279742	0.02430302	0.004541108	0.01976191	0.004541108
4320	-210.6342	-215.8286	5.194341	0.02137789	0.001248368	0.02012952	0.001248368
4330	-211.0075	-216.4877	5.480159	0.02304586	0.001567476	0.02147839	0.001567476
4340	-211.2114	-217.3788	6.167483	0.0209619	0.006210313	0.01475159	0.006210313
4350	-210.1214	-215.5843	5.462847	0.01760077	0.001740077	0.01586069	0.001740077
4360	-212.6115	-218.2859	5.674308	0.01695513	0.0062265	0.01072863	0.0062265
4370	-210.9499	-216.7132	5.763256	0.02341298	0.002053342	0.02135963	0.002053342
4380	-210.5624	-215.3198	4.757317	0.01685847	0.0009992178	0.01585925	0.0009992178
4390	-210.4265	-216.5909	6.164332	0.02173319	0.003801102	0.01793209	0.003801102
4400	-210.4557	-216.2599	5.804171	0.01711527	0.002916006	0.01419927	0.002916006
4410	-210.6169	-216.6808	6.063878	0.02286302	0.003004598	0.01985843	0.003004598
4420	-210.848	-216.6871	5.839147	0.01682304	0.003538633	0.0132844	0.003538633
4430	-211.1022	-216.934	5.831778	0.01666517	0.003869768	0.0127954	0.003869768
4440	-215.0209	-221.3746	6.353727	0.03188542	0.01033729	0.02154813	0.01033729
4450	-213.4518	-219.6462	6.194307	0.02689875	0.0111656	0.01573315	0.0111656
4460	-210.9291	-216.7682	5.839168	0.02348194	0.002230051	0.02125189	0.002230051
4470	-210.698	-216.6832	5.985287	0.01812784	0.004126482	0.01400136	0.004126482
4480	-210.6656	-215.606	4.940374	0.02076701	0.00104144	0.01972557	0.00104144
4490	-212.7528	-219.1335	6.380672	0.02768353	0.006731922	0.02095161	0.006731922
4500	-210.1559	-215.9199	5.763942	0.01777171	0.002484529	0.01528718	0.002484529
4510	-210.3893	-216.4329	6.043576	0.01903465	0.003847698	0.01518696	0.003847698
4520	-210.1968	-215.8323	5.635489	0.02079469	0.001846421	0.01894827	0.001846421
4530	-214.6456	-220.0759	5.430302	0.02193599	0.01208503	0.009850961	0.01208503
4540	-211.227	-217.54	6.312968	0.02379964	0.005604557	0.01819508	0.005604557
4550	-210.1827	-215.3812	5.198432	0.01792312	0.001344272	0.01657885	0.001344272
4560	-215.4708	-221.8236	6.352796	0.03239271	0.00736361	0.0250291	0.00736361
4570	-210.848	-216.6313	5.783249	0.01647851	0.003249637	0.01322888	0.003249637
4580	-210.8412	-217.0802	6.23897	0.02331569	0.004204655	0.01911104	0.004204655
4590	-212.3548	-218.7285	6.373756	0.02680305	0.00654211	0.02026094	0.00654211
4600	-210.4122	-215.6887	5.276588	0.01643525	0.001556027	0.01487922	0.001556027
4610	-212.2872	-217.7234	5.436254	0.01406691	0.003029838	0.01103707	0.003029838
4620	-214.0712	-219.3897	5.318513	0.01698384	0.007883435	0.009100409	0.007883435
4630	-211.7887	-217.9769	6.188144	0.02248261	0.007657802	0.01482481	0.007657802
4640	-212.6244	-218.9122	6.287845	0.02590475	0.009116069	0.01678868	0.009116069
4650	-210.889	-215.5051	4.616099	0.01585343	0.0009462647	0.01490716	0.0009462647
4660	-212.5164	-218.6405	6.124149	0.02704993	0.003330593	0.02371934	0.003330593
4670	-214.2217	-219.1002	4.878485	0.02761926	0.001036816	0.02658244	0.001036816
4680	-211.5994	-217.8653	6.265855	0.02325149	0.007141746	0.01610975	0.007141746
4690	-211.2291	-217.3711	6.141961	0.0245418	0.003351647	0.02119016	0.003351647
4700	-212.9861	-218.8973	5.91123	0.02208447	0.009807099	0.01227737	0.009807099
4710	-211.1695	-217.2874	6.117953	0.02014186	0.005916645	0.01422522	0.005916645
4720	-210.0229	-215.6113	5.588477	0.01940216	0.001825873	0.01757629	0.001825873
4730	-212.2556	-218.2075	5.951868	0.02029339	0.00787646	0.01241693	0.00787646
4740	-210.6498	-216.091	5.441208	0.02201279	0.001519785	0.02049301	0.001519785
4750	-210.4953	-215.2176	4.722325	0.01863246	0.0009259727	0.01770649	0.0009259727
4760	-210.6387	-216.8667	6.228032	0.02225956	0.004396036	0.01786353	0.004396036
4770	-210.0462	-215.9104	5.864226	0.01886317	0.002635292	0.01622788	0.002635292
4780	-210.2284	-216.3045	6.076091	0.0200599	0.003559368	0.01650053	0.003559368
4790	-210.4517	-216.4909	6.039116	0.02229535	0.002925761	0.01936959	0.002925761
4800	-212.5138	-218.6132	6.099476	0.02316136	0.009259751	0.01390161	0.009259751
4810	-211.1494	-217.3544	6.204974	0.02435244	0.003772307	0.02058013	0.003772307
4820	-210.3356	-216.3227	5.987061	0.02184465	0.002737797	0.01910686	0.002737797
4830	-211.5618	-217.54	5.978173	0.01882656	0.00603623	0.01279033	0.00603623
4840	-210.338	-216.4455	6.107434	0.02163309	0.003370169	0.01826292	0.003370169
4850	-210.0774	-215.8622	5.784868	0.01822553	0.002460173	0.01576535	0.002460173
4860	-210.9298	-217.2094	6.279525	0.02305242	0.00501948	0.01803294	0.00501948
4870	-213.8911	-219.8536	5.962535	0.02556822	0.01234422	0.013224	0.01234422
4880	-214.0664	-220.4172	6.350834	0.02992089	0.0100527	0.01986819	0.0100527
4890	-210.2055	-216.1049	5.899367	0.01824309	0.002987197	0.01525589	0.002987197
4900	-211.0568	-217.2255	6.168649	0.0241224	0.003523892	0.02059851	0.003523892
4910	-211.3064	-217.0586	5.752158	0.01603858	0.003672926	0.01236565	0.003672926
4920	-214.4203	-220.157	5.736687	0.02472745	0.01309473	0.01163272	0.01309473
4930	-215.2659	-221.1892	5.923282	0.02916958	0.01539079	0.0137788	0.01539079
4940	-211.3051	-216.99	5.684983	0.01562673	0.003276948	0.01234978	0.003276948
4950	-210.1038	-215.5142	5.410393	0.01783278	0.001631548	0.01620123	0.001631548
4960	-215.9647	-222.2641	6.299422	0.03357635	0.01246457	0.02111177	0.01246457
4970	-210.229	-215.9597	5.730643	0.01740166	0.002452727	0.01494893	0.002452727
4980	-212.8315	-218.5381	5.706612	0.01838667	0.007564224	0.01082245	0.007564224
4990	-211.6227	-217.9668	6.344067	0.02496645	0.006010781	0.01895567	0.006010781
5000	-210.415	-216.3547	5.939656	0.01801433	0.003439608	0.01457472	0.003439608
5010	-210.1902	-215.7917	5.601565	0.01727765	0.002078288	0.01519936	0.002078288
5020	-211.3045	-217.3504	6.045896	0.02462434	0.002890559	0.02173378	0.002890559
5030	-210.7624	-216.7723	6.00995	0.01837444	0.004388094	0.01398635	0.004388094
5040	-211.7758	-217.9594	6.183634	0.02576083	0.003613588	0.02214724	0.003613588
5050	-210.4676	-216.0475	5.579845	0.02173715	0.001725723	0.02001143	0.001725723
5060	-212.9884	-219.2825	6.294144	0.0268615	0.009686735	0.01717476	0.009686735
5070	-210.2479	-216.3411	6.093152	0.02098068	0.003403699	0.01757698	0.003403699
5080	-211.0145	-216.8026	5.788132	0.01638402	0.003481046	0.01290297	0.003481046
5090	-212.3097	-218.4364	6.126682	0.02295844	0.008816427	0.01414201	0.008816427
5100	-210.7578	-216.9879	6.23011	0.02165336	0.005085631	0.01656772	0.005085631
5110	-210.0052	-215.7873	5.782067	0.01886379	0.002340849	0.01652294	0.002340849
5120	-211.3862	-217.443	6.056833	0.0196206	0.006127461	0.01349314	0.006127461
5130	-215.3016	-221.6482	6.346642	0.03206	0.006879021	0.02518098	0.006879021
5140	-210.0213	-215.6798	5.658501	0.01835323	0.0020665	0.01628673	0.0020665
5150	-212.4357	-218.5075	6.071766	0.02256082	0.00899314	0.01356768	0.00899314
5160	-213.2782	-218.7318	5.453671	0.01536845	0.00559815	0.009770298	0.00559815
5170	-212.6372	-218.4817	5.844535	0.01991775	0.008256627	0.01166112	0.008256627
5180	-211.5866	-217.5928	6.006172	0.01929146	0.006318477	0.01297299	0.006318477
5190	-211.012	-217.2889	6.276968	0.02269152	0.005561163	0.01713035	0.005561163
5200	-214.2298	-220.1859	5.956102	0.02650601	0.0131255	0.01338051	0.0131255
5210	-212.8568	-218.3646	5.507792	0.01496175	0.004730514	0.01023123	0.004730514
5220	-211.1881	-217.1619	5.973843	0.01817226	0.005051679	0.01312058	0.005051679
5230	-210.14	-215.6833	5.543316	0.0174625	0.001913532	0.01554897	0.001913532
5240	-212.1519	-218.2939	6.141938	0.02643211	0.003390894	0.02304122	0.003390894
5250	-210.8441	-217.0713	6.227166	0.02339116	0.004060682	0.01933047	0.004060682
5260	-210.1127	-216.0743	5.961634	0.02060401	0.002753855	0.01785015	0.002753855
5270	-213.7214	-219.3324	5.610958	0.02058338	0.01011115	0.01047223	0.01011115
5280	-210.0513	-215.6042	5.552866	0.01960027	0.001750642	0.01784963	0.001750642
5290	-213.6081	-217.867	4.258917	0.02577556	0.0006893527	0.02508621	0.0006893527
5300	-210.9979	-217.0826	6.084713	0.02394325	0.003064112	0.02087914	0.003064112
5310	-211.6578	-217.8051	6.147319	0.02156553	0.007257462	0.01430807	0.007257462
5320	-210.8802	-217.0504	6.170238	0.02363246	0.00356014	0.02007232	0.00356014
5330	-214.2442	-220.618	6.373802	0.0304667	0.007033233	0.02343347	0.007033233
5340	-212.281	-218.4791	6.198124	0.02674615	0.003752297	0.02299385	0.003752297
5350	-210.9111	-216.9249	6.013796	0.01844905	0.004713176	0.01373587	0.004713176
5360	-210.1356	-215.3981	5.262516	0.01872586	0.001380443	0.01734542	0.001380443
5370	-212.3465	-217.9434	5.596894	0.01519812	0.004351914	0.0108462	0.004351914
5380	-211.3932	-217.3814	5.98819	0.01864839	0.00566416	0.01298423	0.00566416
5390	-210.3115	-216.44	6.128542	0.0207516	0.003782068	0.01696954	0.003782068
5400	-210.0588	-215.8119	5.753047	0.02021805	0.002125328	0.01809272	0.002125328
5410	-212.5823	-216.8934	4.311057	0.02410864	0.0007005256	0.02340812	0.0007005256
5420	-211.5732	-216.8937	5.32052	0.02399762	0.001375772	0.02262185	0.001375772
5430	-210.2604	-216.3219	6.061535	0.02135877	0.003134006	0.01822476	0.003134006
5440	-210.6461	-215.4461	4.800078	0.02019889	0.0009514267	0.01924747	0.0009514267
5450	-211.0016	-216.5994	5.597861	0.02325084	0.001743161	0.02150768	0.001743161
5460	-211.2925	-217.5777	6.285167	0.02307	0.006306663	0.01676334	0.006306663
5470	-210.016	-215.6287	5.61269	0.01842403	0.001952911	0.01647112	0.001952911
5480	-212.2652	-218.0337	5.768509	0.0174154	0.006140505	0.01127489	0.006140505
5490	-211.2604	-217.5774	6.31693	0.02402238	0.005509683	0.0185127	0.005509683
5500	-212.4904	-218.1475	5.657063	0.01627897	0.005519614	0.01075935	0.005519614
5510	-211.7067	-217.7993	6.092602	0.02551863	0.003108194	0.02241043	0.003108194
5520	-210.4836	-216.4954	6.011832	0.01855672	0.003882883	0.01467384	0.003882883
5530	-214.4651	-220.231	5.765867	0.02519386	0.01331934	0.01187453	0.01331934
5540	-211.9923	-218.097	6.104732	0.02608443	0.003184067	0.02290037	0.003184067
5550	-210.6176	-216.6866	6.06904	0.01909412	0.004411885	0.01468223	0.004411885
5560	-214.1327	-219.1022	4.969479	0.01200019	0.002463377	0.009536816	0.002463377
5570	-212.5959	-218.8279	6.231997	0.02511655	0.0093747	0.01574185	0.0093747
5580	-211.207	-217.3604	6.153482	0.02073881	0.00615496	0.01458385	0.00615496
5590	-210.3994	-216.2659	5.866486	0.01754969	0.003103983	0.01444571	0.003103983
5600	-210.7054	-215.905	5.19956	0.01565011	0.001533224	0.01411688	0.001533224
5610	-211.1532	-217.2709	6.117632	0.02011212	0.00587502	0.0142371	0.00587502
5620	-211.0133	-217.3029	6.289592	0.02342463	0.00502855	0.01839608	0.00502855
5630	-210.1131	-215.4129	5.299764	0.01851305	0.001434693	0.01707836	0.001434693
5640	-210.4025	-216.545	6.142507	0.02180776	0.003592334	0.01821543	0.003592334
5650	-210.6722	-216.9061	6.233889	0.02199234	0.004691125	0.01730121	0.004691125
5660	-211.0273	-217.0332	6.005939	0.01842477	0.004913538	0.01351124	0.004913538
5670	-213.4657	-219.675	6.209213	0.02709895	0.01111808	0.01598086	0.01111808
5680	-211.2881	-217.2371	5.948997	0.0179723	0.005097313	0.01287499	0.005097313
5690	-212.651	-219.0291	6.378053	0.0272735	0.007413237	0.01986026	0.007413237
5700	-214.9851	-220.8784	5.893318	0.03025554	0.002657601	0.02759794	0.002657601
5710	-210.1219	-215.6927	5.570798	0.01756757	0.001960337	0.01560723	0.001960337
5720	-211.4763	-217.4276	5.951298	0.01827983	0.005587209	0.01269262	0.005587209
5730	-213.0904	-219.4273	6.33689	0.02838602	0.005392523	0.0229935	0.005392523
5740	-214.4607	-220.6664	6.205701	0.02960322	0.01276072	0.01684251	0.01276072
5750	-211.2821	-217.5939	6.311832	0.02368648	0.005929884	0.0177566	0.005929884
5760	-210.1021	-216.0759	5.973765	0.02043411	0.002829932	0.01760418	0.002829932
5770	-212.2409	-218.3301	6.089194	0.02224523	0.008550025	0.01369521	0.008550025
5780	-215.1804	-221.2262	6.045802	0.03004236	0.01492062	0.01512174	0.01492062
5790	-210.9548	-217.1773	6.222509	0.02377907	0.003963036	0.01981604	0.003963036
5800	-212.687	-218.263	5.575956	0.01554705	0.00510034	0.01044671	0.00510034
5810	-210.0541	-215.5299	5.475827	0.01820428	0.001709279	0.016495	0.001709279
5820	-210.8196	-215.2524	4.432799	0.01947687	0.0007599184	0.01871695	0.0007599184
5830	-211.6113	-217.3129	5.701572	0.01566814	0.003803002	0.01186514	0.003803002
5840	-213.2543	-219.6404	6.386157	0.02861128	0.007698913	0.02091236	0.007698913
5850	-211.92	-217.5759	5.65586	0.01540252	0.003990247	0.01141228	0.003990247
5860	-210.823	-216.9291	6.106087	0.02348625	0.003183851	0.0203024	0.003183851
5870	-210.2193	-216.2533	6.034036	0.01942147	0.003467556	0.01595392	0.003467556
5880	-210.9045	-217.1749	6.27034	0.02259725	0.005234072	0.01736318	0.005234072
5890	-210.7997	-216.4408	5.641095	0.02282586	0.001817326	0.02100853	0.001817326
5900	-210.699	-216.9379	6.238928	0.022065	0.00475566	0.01730934	0.00475566
5910	-213.9331	-219.2662	5.333039	0.01632197	0.007164284	0.009157687	0.007164284
5920	-210.7019	-216.9179	6.216021	0.02287513	0.004040982	0.01883414	0.004040982
5930	-210.2789	-215.384	5.105037	0.0193642	0.001197853	0.01816634	0.001197853
5940	-216.1127	-222.4602	6.347428	0.03347053	0.008239148	0.02523138	0.008239148
5950	-213.9704	-220.3363	6.365914	0.02983972	0.0094821	0.02035762	0.0094821
5960	-211.3139	-217.4924	6.178472	0.02131251	0.006491051	0.01482146	0.006491051
5970	-212.5192	-218.7612	6.241986	0.02505116	0.009183645	0.01586752	0.009183645
5980	-210.6516	-216.8806	6.228993	0.0218901	0.004661762	0.01722833	0.004661762
5990	-210.3247	-216.4189	6.094243	0.02161941	0.003287382	0.01833203	0.003287382
6000	-210.4336	-216.0867	5.65314	0.016641	0.002380933	0.01426006	0.002380933
6010	-211.7152	-217.8849	6.169662	0.02203409	0.007454187	0.01457991	0.007454187
6020	-210.9194	-215.4806	4.561112	0.01587025	0.0009105639	0.01495968	0.0009105639
6030	-215.9453	-222.2744	6.329074	0.03295473	0.006888411	0.02606632	0.006888411
6040	-213.3372	-219.7182	6.381042	0.02868105	0.008273879	0.02040717	0.008273879
6050	-212.1118	-217.8373	5.725508	0.01638813	0.00513227	0.01125586	0.00513227
6060	-213.6828	-220.068	6.385207	0.02949808	0.007333223	0.02216486	0.007333223
6070	-212.3558	-218.3675	6.011643	0.02148045	0.008532494	0.01294795	0.008532494
6080	-210.3063	-216.4278	6.121504	0.02053168	0.003805487	0.01672619	0.003805487
6090	-215.1842	-221.4588	6.274601	0.03151078	0.005204084	0.02630669	0.005204084
6100	-210.1444	-216.0649	5.920498	0.01863205	0.002970141	0.01566191	0.002970141
6110	-210.2758	-216.14	5.864241	0.02152662	0.002343686	0.01918293	0.002343686
6120	-213.6713	-219.502	5.830646	0.02833996	0.002345761	0.0259942	0.002345761
6130	-210.2321	-216.3208	6.088702	0.02081092	0.003413399	0.01739752	0.003413399
6140	-211.1629	-215.5953	4.432388	0.01539363	0.0008554361	0.01453819	0.0008554361
6150	-211.8832	-218.2048	6.321618	0.02473694	0.007364113	0.01737282	0.007364113
6160	-212.1684	-217.8095	5.64116	0.01545925	0.004377151	0.0110821	0.004377151
6170	-211.568	-217.8616	6.29361	0.02530811	0.004613225	0.02069488	0.004613225
6180	-211.28	-217.5463	6.266313	0.02269805	0.006380633	0.01631741	0.006380633
6190	-213.6719	-219.1874	5.515451	0.01880119	0.00887649	0.0099247	0.00887649
6200	-210.628	-216.6497	6.021663	0.02288404	0.00281943	0.02006461	0.00281943
6210	-210.3518	-216.1856	5.833748	0.02178789	0.002248621	0.01953927	0.002248621
6220	-210.7544	-216.6861	5.931722	0.0231623	0.002492073	0.02067023	0.002492073
6230	-210.203	-216.1656	5.962629	0.02122274	0.002691709	0.01853103	0.002691709
6240	-215.6904	-220.9285	5.238082	0.03005691	0.001414082	0.02864283	0.001414082
6250	-210.5919	-215.847	5.255075	0.02139203	0.001308789	0.02008324	0.001308789
6260	-214.9892	-220.7096	5.720357	0.02638879	0.0145601	0.01182869	0.0145601
6270	-210.8342	-216.9618	6.127636	0.01991281	0.005154796	0.01475801	0.005154796
6280	-214.7104	-220.7445	6.034154	0.02866062	0.01407674	0.01458387	0.01407674
6290	-210.1542	-216.1847	6.030554	0.02060936	0.003085762	0.01752359	0.003085762
6300	-210.4965	-215.776	5.279503	0.02111962	0.001337662	0.01978196	0.001337662
6310	-211.4931	-217.7122	6.219066	0.02229507	0.006973489	0.01532158	0.006973489
6320	-213.0482	-218.9835	5.935322	0.02261042	0.01010136	0.01250906	0.01010136
6330	-210.0965	-215.4844	5.387839	0.01798725	0.00158536	0.01640189	0.00158536
6340	-210.2336	-215.7673	5.533692	0.0170469	0.001951061	0.01509584	0.001951061
6350	-210.9866	-215.8363	4.849728	0.02159522	0.0009736599	0.02062156	0.0009736599
6360	-213.4297	-219.0923	5.662623	0.02015052	0.009472859	0.01067766	0.009472859
6370	-210.7874	-215.1554	4.36799	0.01732564	0.000762455	0.01656318	0.000762455
6380	-214.7985	-221.1605	6.361994	0.03133951	0.007006517	0.024333	0.007006517
6390	-210.1511	-216.034	5.88288	0.0209424	0.002435258	0.01850715	0.002435258
6400	-211.2331	-217.033	5.799889	0.02411957	0.002136962	0.02198261	0.002136962
6410	-210.2168	-216.254	6.037194	0.01947569	0.003469816	0.01600588	0.003469816
6420	-212.7867	-218.973	6.186263	0.02761206	0.003735265	0.02387679	0.003735265
6430	-213.0793	-219.1294	6.050162	0.02417258	0.01053884	0.01363374	0.01053884
6440	-212.9993	-219.0691	6.069783	0.02418175	0.01037793	0.01380382	0.01037793
6450	-210.4805	-215.2059	4.725427	0.01827092	0.0009354986	0.01733542	0.0009354986
6460	-210.6243	-216.099	5.474668	0.01592293	0.002022681	0.01390025	0.002022681
6470	-212.342	-218.7029	6.360947	0.02633079	0.00755848	0.01877231	0.00755848
6480	-211.8044	-217.8626	6.058237	0.02060085	0.007256081	0.01334477	0.007256081
6490	-210.8875	-215.1328	4.245248	0.01869567	0.0006878911	0.01800778	0.0006878911
6500	-212.5318	-218.8261	6.294335	0.02576799	0.008895014	0.01687298	0.008895014
6510	-212.811	-219.194	6.38301	0.02772157	0.007202427	0.02051914	0.007202427
6520	-212.9707	-219.1788	6.208133	0.02795742	0.003919016	0.02403841	0.003919016
6530	-210.2807	-216.3119	6.031222	0.01915405	0.003589995	0.01556406	0.003589995
6540	-210.4023	-216.5094	6.107036	0.01983849	0.004089626	0.01574887	0.004089626
6550	-211.9425	-218.113	6.170512	0.02607592	0.003540975	0.02253494	0.003540975
6560	-213.6938	-220.0726	6.378777	0.02951807	0.006849072	0.022669	0.006849072
6570	-214.2248	-219.6232	5.398461	0.01956546	0.01005371	0.009511753	0.01005371
6580	-213.78	-220.1104	6.33041	0.02954579	0.005508107	0.02403769	0.005508107
6590	-211.7717	-217.5866	5.814876	0.02522966	0.002187565	0.0230421	0.002187565
6600	-212.9563	-218.9566	6.000345	0.02317043	0.01010748	0.01306294	0.01010748
6610	-210.8157	-217.0393	6.223552	0.02149081	0.005279303	0.01621151	0.005279303
6620	-209.9912	-215.7443	5.753182	0.01915648	0.002218904	0.01693758	0.002218904
6630	-216.4501	-222.7494	6.299249	0.03447497	0.01245355	0.02202143	0.01245355
6640	-215.8773	-221.3778	5.5005	0.02708875	0.01625883	0.01082992	0.01625883
6650	-213.208	-219.5564	6.348411	0.02800616	0.009215314	0.01879085	0.009215314
6660	-210.2951	-216.418	6.122859	0.02089885	0.003669215	0.01722963	0.003669215
6670	-213.207	-219.1466	5.939553	0.02317618	0.01055494	0.01262124	0.01055494
6680	-210.3625	-216.1796	5.817165	0.02180408	0.002205178	0.0195989	0.002205178
6690	-210.7041	-216.8724	6.168349	0.02307179	0.003594858	0.01947693	0.003594858
6700	-210.0075	-215.7964	5.788869	0.01970294	0.002261166	0.01744178	0.002261166
6710	-211.0898	-216.7862	5.696403	0.01582684	0.003095657	0.01273118	0.003095657
6720	-210.4388	-216.6032	6.164386	0.0208211	0.00422325	0.01659785	0.00422325
6730	-214.6421	-220.4833	5.84125	0.02970355	0.002459907	0.02724364	0.002459907
6740	-210.4286	-216.5692	6.140517	0.02033612	0.004214283	0.01612184	0.004214283
6750	-211.3321	-217.3341	6.002048	0.01873971	0.005611533	0.01312817	0.005611533
6760	-211.6689	-217.0478	5.378843	0.01430515	0.00231067	0.01199448	0.00231067
6770	-212.8066	-219.0631	6.256537	0.02595893	0.009663136	0.01629579	0.009663136
6780	-210.2533	-216.1951	5.94177	0.01839235	0.003211858	0.01518049	0.003211858
6790	-211.7912	-218.0001	6.208851	0.02279476	0.007673288	0.01512147	0.007673288
6800	-210.0508	-215.5349	5.48411	0.01822174	0.001722081	0.01649966	0.001722081
6810	-213.9859	-219.9373	5.951382	0.0257295	0.01255393	0.01317558	0.01255393
6820	-212.7839	-218.9946	6.210686	0.02533391	0.009821998	0.01551191	0.009821998
6830	-213.6757	-220.0041	6.328343	0.02936863	0.005430882	0.02393775	0.005430882
6840	-213.2829	-219.611	6.32814	0.02794769	0.00969308	0.01825461	0.00969308
6850	-210.3017	-216.4202	6.118498	0.0204844	0.003794877	0.01668952	0.003794877
6860	-210.9026	-217.0453	6.142717	0.02018559	0.005375422	0.01481017	0.005375422
6870	-213.3497	-218.6693	5.319523	0.01359547	0.003787717	0.009807757	0.003787717
6880	-211.2099	-217.3063	6.096402	0.01988764	0.005908903	0.01397873	0.005908903
6890	-211.0197	-217.3088	6.289142	0.02350301	0.004967179	0.01853583	0.004967179
6900	-213.0026	-219.3415	6.338901	0.02743072	0.009117594	0.01831313	0.009117594
6910	-210.2101	-215.6798	5.469686	0.02042471	0.001587413	0.0188373	0.001587413
6920	-211.4231	-217.3094	5.8863	0.01735903	0.004905542	0.01245348	0.004905542
6930	-214.8392	-219.875	5.035775	0.01348295	0.005138111	0.008344838	0.005138111
6940	-213.5925	-219.9565	6.364001	0.02902006	0.009243221	0.01977684	0.009243221
6950	-214.5169	-219.7385	5.221672	0.0178857	0.009088917	0.008796787	0.009088917
6960	-210.5351	-216.4298	5.894702	0.02248353	0.002395294	0.02008823	0.002395294
6970	-211.3089	-217.5268	6.217936	0.02192707	0.006531572	0.0153955	0.006531572
6980	-216.914	-222.9397	6.025688	0.03435264	0.01783898	0.01651367	0.01783898
6990	-211.0728	-217.2315	6.158646	0.02061633	0.005843207	0.01477312	0.005843207
7000	-210.3417	-216.1832	5.841553	0.01753586	0.002938511	0.01459734	0.002938511
7010	-210.0146	-215.5689	5.554276	0.01895269	0.001792093	0.01716059	0.001792093
7020	-215.4263	-221.7906	6.364291	0.03256734	0.009170154	0.02339719	0.009170154
7030	-218.1907	-224.3634	6.172727	0.03771426	0.0164607	0.02125357	0.0164607
7040	-214.1639	-219.5117	5.347792	0.01829357	0.009046451	0.009247116	0.009046451
7050	-214.1168	-218.9871	4.870285	0.02746033	0.001028501	0.02643183	0.001028501
7060	-212.2961	-214.9479	2.651811	0.01753512	0.0003170432	0.01721808	0.0003170432
7070	-213.9278	-220.12	6.192242	0.02811929	0.01201645	0.01610284	0.01201645
7080	-211.297	-217.3804	6.083384	0.02464891	0.003052861	0.02159604	0.003052861
7090	-210.796	-215.1404	4.344431	0.01745866	0.000748886	0.01670977	0.000748886
7100	-212.3959	-218.7146	6.318731	0.02578564	0.008409606	0.01737603	0.008409606
7110	-210.4386	-216.5692	6.130643	0.0201359	0.004230018	0.01590588	0.004230018
7120	-216.4684	-222.7951	6.326707	0.03441827	0.01107942	0.02333885	0.01107942
7130	-211.2216	-217.2934	6.071775	0.01954816	0.005799339	0.01374882	0.005799339
7140	-210.02	-215.8967	5.876626	0.01956179	0.002561254	0.01700054	0.002561254
7150	-210.7333	-216.5984	5.86503	0.02301783	0.002301076	0.02071675	0.002301076
7160	-211.7336	-217.6401	5.906486	0.0181526	0.005904365	0.01224823	0.005904365
7170	-210.9905	-216.9914	6.000878	0.01833722	0.004799573	0.01353764	0.004799573
7180	-211.8493	-218.1542	6.304873	0.02595093	0.004738384	0.02121254	0.004738384
7190	-210.2547	-216.2186	5.963865	0.02148655	0.00267445	0.0188121	0.00267445
7200	-210.65	-216.7551	6.105033	0.01955396	0.004641729	0.01491223	0.004641729
7210	-210.9947	-217.059	6.064356	0.02391979	0.002971546	0.02094825	0.002971546
7220	-211.0531	-217.0277	5.974641	0.02396692	0.002624027	0.02134289	0.002624027
7230	-212.0793	-218.3721	6.292776	0.02644638	0.0045836	0.02186278	0.0045836
7240	-213.0148	-218.7971	5.782228	0.02034169	0.009024804	0.01131688	0.009024804
7250	-211.4357	-217.7556	6.319913	0.02481715	0.005145682	0.01967147	0.005145682
7260	-213.1971	-218.6005	5.403382	0.01427375	0.004393988	0.009879761	0.004393988
7270	-212.9246	-218.3073	5.382672	0.01379734	0.003535788	0.01026155	0.003535788
7280	-211.332	-217.5996	6.267611	0.02475782	0.004332046	0.02042578	0.004332046
7290	-210.3612	-216.4085	6.047346	0.01913362	0.003807163	0.01532646	0.003807163
7300	-210.5275	-216.3069	5.779371	0.0222971	0.00210081	0.02019629	0.00210081
7310	-210.3838	-215.2866	4.902791	0.01752576	0.001082514	0.01644325	0.001082514
7320	-211.7765	-217.8486	6.07208	0.02073567	0.007254732	0.01348094	0.007254732
7330	-213.3131	-218.5927	5.279585	0.01328028	0.003353454	0.009926824	0.003353454
7340	-211.5857	-217.7138	6.128063	0.02111009	0.007010298	0.01409979	0.007010298
7350	-212.3687	-218.0556	5.6869	0.0260816	0.001937328	0.02414427	0.001937328
7360	-210.7661	-215.528	4.761919	0.01596679	0.001043679	0.01492311	0.001043679
7370	-213.2405	-219.3633	6.122871	0.02551209	0.01093276	0.01457933	0.01093276
7380	-210.4671	-216.3348	5.867728	0.02223292	0.00232558	0.01990734	0.00232558
7390	-219.8446	-226.0588	6.21426	0.03967553	0.01327173	0.0264038	0.01327173
7400	-212.0409	-216.3995	4.358557	0.02311279	0.0007166979	0.02239609	0.0007166979
7410	-211.3143	-216.4636	5.149343	0.02311465	0.001201703	0.02191295	0.001201703
7420	-212.2045	-218.1988	5.994271	0.02077108	0.00800536	0.01276572	0.00800536
7430	-213.1379	-219.3836	6.245691	0.02666607	0.01032661	0.01633947	0.01032661
7440	-210.2637	-216.1452	5.881479	0.01795356	0.002997635	0.01495592	0.002997635
7450	-209.9973	-215.6606	5.663291	0.01925815	0.001987914	0.01727024	0.001987914
7460	-215.6432	-222.004	6.360812	0.0328935	0.009001231	0.02389227	0.009001231
7470	-211.7918	-218.0575	6.265672	0.02365018	0.007573826	0.01607635	0.007573826
7480	-214.4456	-219.5597	5.114139	0.01317107	0.004406845	0.008764229	0.004406845
7490	-210.1008	-215.9334	5.832612	0.0183046	0.00262936	0.01567524	0.00262936
7500	-210.886	-217.1217	6.235708	0.02174246	0.005446574	0.01629588	0.005446574
7510	-210.3418	-216.4703	6.128463	0.02044219	0.003939013	0.01650317	0.003939013
7520	-212.2058	-218.2907	6.08489	0.02208576	0.008445519	0.01364024	0.008445519
7530	-211.6954	-218.0434	6.34793	0.02510158	0.006180981	0.0189206	0.006180981
7540	-210.2924	-216.1528	5.860378	0.01775609	0.00295336	0.01480273	0.00295336
7550	-210.8137	-216.8239	6.010194	0.02340546	0.002758529	0.02064693	0.002758529
7560	-210.972	-216.7458	5.773776	0.01632354	0.003349666	0.01297387	0.003349666
7570	-212.7112	-218.9181	6.206908	0.02509613	0.0096859	0.01541023	0.0096859
7580	-210.2473	-216.0615	5.814278	0.02134604	0.002215967	0.01913008	0.002215967
7590	-210.3001	-216.3517	6.051636	0.01933991	0.003697129	0.01564278	0.003697129
7600	-211.6189	-217.5582	5.939318	0.01838287	0.005872156	0.01251072	0.005872156
7610	-213.4546	-219.8229	6.368264	0.02876994	0.008964546	0.01980539	0.008964546
7620	-210.9915	-216.8316	5.840059	0.02363382	0.002231927	0.02140189	0.002231927
7630	-212.9028	-219.2303	6.327428	0.02706162	0.009151404	0.01791021	0.009151404
7640	-211.0041	-215.8777	4.873532	0.02170808	0.0009890364	0.02071904	0.0009890364
7650	-210.6042	-215.1677	4.563479	0.01825195	0.0008417496	0.0174102	0.0008417496
7660	-211.1877	-215.5487	4.360945	0.02085563	0.0007191504	0.02013648	0.0007191504
7670	-212.65	-218.8465	6.19646	0.02480249	0.009583605	0.01521888	0.009583605
7680	-210.9396	-216.2334	5.293713	0.02250093	0.001342712	0.02115822	0.001342712
7690	-211.623	-217.6923	6.069281	0.02031659	0.006828342	0.01348824	0.006828342
7700	-210.5306	-215.885	5.354376	0.01606808	0.00173218	0.0143359	0.00173218
7710	-211.4284	-217.7587	6.330268	0.02437592	0.005872106	0.01850381	0.005872106
7720	-211.3463	-217.608	6.261748	0.0248054	0.004263398	0.020542	0.004263398
7730	-211.1823	-217.3662	6.183854	0.02117078	0.006180544	0.01499023	0.006180544
7740	-212.2594	-218.3718	6.11232	0.02658257	0.003243796	0.02333877	0.003243796
7750	-211.557	-216.7656	5.208684	0.02375796	0.001259296	0.02249866	0.001259296
7760	-211.267	-217.5386	6.271668	0.02457141	0.004397715	0.0201737	0.004397715
7770	-213.6632	-219.7908	6.127644	0.0267348	0.01179391	0.01494089	0.01179391
7780	-210.3782	-216.0717	5.693526	0.01687653	0.002461721	0.01441481	0.002461721
7790	-210.8346	-217.0544	6.219776	0.02141903	0.005337717	0.01608131	0.005337717
7800	-211.8429	-218.1552	6.312266	0.02449869	0.00738098	0.01711771	0.00738098
7810	-211.6864	-217.6954	6.008932	0.01956457	0.006615937	0.01294863	0.006615937
7820	-213.5793	-219.3182	5.738846	0.02182945	0.01059956	0.01122989	0.01059956
7830	-210.5488	-216.7364	6.187696	0.02231957	0.00387698	0.01844259	0.00387698
7840	-211.1939	-217.4406	6.246689	0.02222591	0.00622697	0.01599894	0.00622697
7850	-213.9531	-220.2145	6.261334	0.02963419	0.00460864	0.02502555	0.00460864
7860	-210.7695	-216.6447	5.875201	0.01713305	0.003625158	0.01350789	0.003625158
7870	-210.2209	-216.306	6.085088	0.02053259	0.003464557	0.01706804	0.003464557
7880	-211.2362	-217.1295	5.893267	0.01727196	0.004548511	0.01272345	0.004548511
7890	-210.9111	-217.1826	6.271501	0.02262618	0.00524233	0.01738385	0.00524233
7900	-212.6377	-216.7189	4.081118	0.0237878	0.0006146949	0.0231731	0.0006146949
7910	-211.7743	-217.9666	6.192308	0.02250979	0.007627179	0.01488261	0.007627179
7920	-211.5757	-217.9011	6.325387	0.02520308	0.005169636	0.02003344	0.005169636
7930	-211.449	-217.3618	5.912834	0.01772206	0.005193115	0.01252895	0.005193115
7940	-215.1798	-221.05	5.870241	0.02842845	0.01523222	0.01319623	0.01523222
7950	-210.0093	-215.5844	5.575165	0.01872319	0.00184859	0.0168746	0.00184859
7960	-213.892	-220.278	6.385992	0.0298731	0.007842492	0.02203061	0.007842492
7970	-210.1571	-216.1352	5.978056	0.02091749	0.002785479	0.01813202	0.002785479
7980	-211.5385	-217.6675	6.128949	0.0252177	0.003282259	0.02193544	0.003282259
7990	-210.3566	-216.302	5.945419	0.0219167	0.002579527	0.01933717	0.002579527
8000	-210.8933	-215.1163	4.223029	0.01850535	0.0006812944	0.01782405	0.0006812944
8010	-210.2724	-216.3845	6.112082	0.02072148	0.0036318	0.01708968	0.0036318
8020	-212.8986	-218.1911	5.292566	0.02630156	0.001376085	0.02492547	0.001376085
8030	-213.1489	-219.4807	6.331824	0.02768086	0.009447061	0.0182338	0.009447061
8040	-211.2328	-217.3416	6.108805	0.0201085	0.006029639	0.01407887	0.006029639
8050	-210.9524	-217.1712	6.21885	0.02146348	0.005648438	0.01581504	0.005648438
8060	-211.4593	-217.381	5.92175	0.02478348	0.002461888	0.02232159	0.002461888
8070	-211.8857	-217.6867	5.800963	0.01697387	0.005297552	0.01167632	0.005297552
8080	-211.2941	-217.1079	5.813727	0.01652168	0.004069455	0.01245222	0.004069455
8090	-213.8975	-220.0533	6.155812	0.02766682	0.01214795	0.01551887	0.01214795
8100	-212.7376	-219.0149	6.27734	0.02767592	0.004493941	0.02318198	0.004493941
8110	-211.2023	-217.4948	6.292478	0.02427486	0.004744666	0.01953019	0.004744666
8120	-215.3764	-220.9574	5.581025	0.02623796	0.01516126	0.01107669	0.01516126
8130	-212.6076	-218.7891	6.181461	0.02449742	0.009517113	0.01498031	0.009517113
8140	-213.8109	-220.1973	6.386391	0.02972334	0.007771521	0.02195182	0.007771521
8150	-210.1156	-215.5056	5.389948	0.01947649	0.00150901	0.01796748	0.00150901
8160	-211.0348	-217.3111	6.276322	0.02379596	0.004600412	0.01919555	0.004600412
8170	-214.3169	-219.5178	5.200903	0.01531317	0.006598129	0.008715041	0.006598129
8180	-213.8438	-219.5986	5.754813	0.02298364	0.01151873	0.01146491	0.01151873
8190	-215.7336	-221.7467	6.013083	0.03123359	0.01604445	0.01518915	0.01604445
8200	-210.3751	-216.5015	6.126375	0.02024149	0.004049493	0.01619199	0.004049493
8210	-210.197	-215.5263	5.32933	0.01985398	0.001419759	0.01843422	0.001419759
8220	-211.2369	-216.713	5.47605	0.02356878	0.001563044	0.02200574	0.001563044
8230	-210.5271	-216.5009	5.973807	0.02253592	0.002650377	0.01988555	0.002650377
8240	-212.8281	-219.2044	6.376245	0.02757031	0.007858427	0.01971188	0.007858427
8250	-211.8611	-217.6205	5.759343	0.02530638	0.002064392	0.02324198	0.002064392
8260	-212.4465	-218.7139	6.267462	0.02520608	0.008919847	0.01628624	0.008919847
8270	-210.2277	-216.0756	5.847897	0.01787349	0.002832634	0.01504086	0.002832634
8280	-210.1687	-215.3664	5.197791	0.01827381	0.00132691	0.0169469	0.00132691
8290	-210.4339	-216.6088	6.174873	0.02127625	0.004094632	0.01718162	0.004094632
8300	-210.6956	-216.1883	5.492715	0.01580271	0.002102349	0.01370036	0.002102349
8310	-210.8326	-216.9387	6.106105	0.01960392	0.005056738	0.01454718	0.005056738
8320	-211.95	-218.3004	6.350342	0.02604245	0.005638847	0.0204036	0.005638847
8330	-213.9868	-220.3586	6.371793	0.03001546	0.006719157	0.0232963	0.006719157
8340	-212.3446	-217.9216	5.577	0.01499657	0.004147719	0.01084885	0.004147719
8350	-210.4686	-216.6547	6.186012	0.0215869	0.004094866	0.01749204	0.004094866
8360	-212.2175	-217.5201	5.302554	0.01369027	0.002393828	0.01129644	0.002393828
8370	-210.5256	-216.4179	5.892245	0.01750242	0.003376004	0.01412641	0.003376004
8380	-211.0237	-216.0973	5.073647	0.01501094	0.001438177	0.01357276	0.001438177
8390	-212.7572	-219.1394	6.382256	0.02764425	0.00699323	0.02065102	0.00699323
8400	-211.2848	-217.602	6.317245	0.02389779	0.005756295	0.0181415	0.005756295
8410	-210.3988	-216.56	6.161171	0.02148063	0.003847147	0.01763348	0.003847147
8420	-210.1467	-216.1487	6.001929	0.02075227	0.002914407	0.01783787	0.002914407
8430	-212.219	-217.8185	5.599513	0.01509978	0.004090885	0.01100889	0.004090885
8440	-213.3546	-218.8276	5.472961	0.01617543	0.006425287	0.009750146	0.006425287
8450	-210.5946	-215.2804	4.685783	0.01695769	0.0009472177	0.01601047	0.0009472177
8460	-211.9543	-217.9973	6.042988	0.02077427	0.007582929	0.01319134	0.007582929
8470	-211.9554	-217.5004	5.544989	0.01466404	0.003265225	0.01139882	0.003265225
8480	-210.0896	-215.455	5.365378	0.01893858	0.001498953	0.01743963	0.001498953
8490	-211.1056	-217.2363	6.130789	0.0202384	0.005817284	0.01442112	0.005817284
8500	-211.4991	-217.408	5.908912	0.01774538	0.005286067	0.01245931	0.005286067
8510	-210.2481	-215.663	5.414932	0.01697562	0.001721637	0.01525398	0.001721637
8520	-214.0439	-220.2289	6.185067	0.02958053	0.00395047	0.02563005	0.00395047
8530	-211.246	-217.2263	5.980353	0.02441376	0.002644278	0.02176948	0.002644278
8540	-210.5319	-216.7272	6.195347	0.02210866	0.004013881	0.01809478	0.004013881
8550	-211.1252	-217.4282	6.303014	0.0235394	0.005417774	0.01812162	0.005417774
8560	-211.5492	-217.788	6.238745	0.02271817	0.007092313	0.01562586	0.007092313
8570	-215.089	-221.4571	6.368087	0.03201595	0.009338589	0.02267736	0.009338589
8580	-214.408	-220.6904	6.282399	0.0301357	0.01179303	0.01834267	0.01179303
8590	-214.1447	-220.5013	6.356649	0.03013291	0.00992821	0.0202047	0.00992821
8600	-210.6079	-216.7256	6.117724	0.01974482	0.004596637	0.01514819	0.004596637
8610	-210.4947	-216.6546	6.159876	0.02222845	0.003649346	0.0185791	0.003649346
8620	-210.2172	-216.2717	6.054484	0.02107549	0.003138302	0.01793719	0.003138302
8630	-211.3904	-217.6381	6.247764	0.0225589	0.006703214	0.01585568	0.006703214
8640	-210.0531	-215.9361	5.882972	0.01893964	0.002698656	0.01624098	0.002698656
8650	-210.129	-216.1477	6.018644	0.02032749	0.003074594	0.01725289	0.003074594
8660	-210.5451	-215.9016	5.356496	0.02148792	0.001419789	0.02006813	0.001419789
8670	-211.0179	-217.2294	6.211535	0.02139892	0.00581368	0.01558524	0.00581368
8680	-213.7076	-220.0937	6.386104	0.02950286	0.008061038	0.02144182	0.008061038
8690	-210.0252	-215.8257	5.800482	0.01995317	0.002270476	0.01768269	0.002270476
8700	-210.2265	-215.975	5.748501	0.01746529	0.002504546	0.01496075	0.002504546
8710	-211.7827	-218.0554	6.272749	0.0258227	0.004347925	0.02147478	0.004347925
8720	-210.7802	-216.8955	6.11535	0.01970986	0.004978249	0.01473161	0.004978249
8730	-211.2925	-216.8222	5.529681	0.015029	0.002574701	0.0124543	0.002574701
8740	-214.3005	-220.2731	5.972672	0.02688697	0.01329084	0.01359613	0.01329084
8750	-211.1236	-217.3067	6.183039	0.02429339	0.003614288	0.0206791	0.003614288
8760	-212.6088	-218.8843	6.275462	0.02570731	0.009178494	0.01652882	0.009178494
8770	-210.1894	-215.5371	5.347745	0.01733142	0.001576622	0.0157548	0.001576622
8780	-210.7307	-216.7531	6.022461	0.01851711	0.004397312	0.0141198	0.004397312
8790	-210.8799	-217.1407	6.260765	0.02232549	0.005274738	0.01705075	0.005274738
8800	-210.0807	-216.0495	5.968713	0.01967424	0.002945144	0.01672909	0.002945144
8810	-211.888	-217.8721	5.984099	0.02571269	0.002681166	0.02303152	0.002681166
8820	-210.4797	-215.6036	5.123905	0.02059505	0.001191808	0.01940324	0.001191808
8830	-215.2678	-221.6059	6.338146	0.03231798	0.01101728	0.0213007	0.01101728
8840	-211.6939	-218.0421	6.3482	0.02519774	0.006007196	0.01919054	0.006007196
8850	-211.4945	-217.6553	6.160771	0.02140154	0.006890396	0.01451114	0.006890396
8860	-212.5827	-218.889	6.306306	0.02604631	0.008876709	0.0171696	0.008876709
8870	-212.8807	-218.5021	5.62138	0.01702417	0.006606256	0.01041791	0.006606256
8880	-210.2875	-216.3908	6.103295	0.02020791	0.003765208	0.0164427	0.003765208
8890	-211.3757	-217.6598	6.284146	0.02316689	0.006524786	0.0166421	0.006524786
8900	-210.9021	-217.1177	6.215594	0.02362892	0.003916515	0.0197124	0.003916515
8910	-210.0955	-216.0758	5.980341	0.01963315	0.00301806	0.01661509	0.00301806
8920	-214.0734	-219.2458	5.172384	0.01306967	0.00391567	0.009153998	0.00391567
8930	-211.3726	-217.1705	5.79795	0.01640289	0.004094923	0.01230797	0.004094923
8940	-212.7498	-218.9565	6.206734	0.02519515	0.009764795	0.01543036	0.009764795
8950	-213.5546	-219.3261	5.771521	0.02217517	0.01072733	0.01144784	0.01072733
8960	-210.3915	-216.064	5.672519	0.01678843	0.002408062	0.01438037	0.002408062
8970	-210.371	-216.4125	6.041574	0.01904705	0.003804378	0.01524267	0.003804378
8980	-210.528	-216.7131	6.185075	0.02099905	0.004486468	0.01651258	0.004486468
8990	-213.464	-219.6858	6.221809	0.02723188	0.01104395	0.01618792	0.01104395
9000	-211.0974	-217.3915	6.294057	0.02316451	0.005603173	0.01756133	0.005603173
9010	-211.3268	-217.0758	5.749026	0.01601339	0.003683052	0.01233034	0.003683052
9020	-213.6877	-220.0567	6.369036	0.02927318	0.009152072	0.02012111	0.009152072
9030	-212.101	-218.2773	6.176318	0.0230905	0.008382736	0.01470776	0.008382736
9040	-211.3367	-217.5986	6.261872	0.02478049	0.004266458	0.02051403	0.004266458
9050	-210.7389	-216.9325	6.193558	0.02313222	0.003785285	0.01934693	0.003785285
9060	-212.1917	-218.5034	6.311696	0.02667563	0.004837798	0.02183783	0.004837798
9070	-210.6862	-216.8894	6.203224	0.02288534	0.003910034	0.01897531	0.003910034
9080	-214.4636	-220.0205	5.55696	0.02280146	0.01232592	0.01047555	0.01232592
9090	-210.2888	-216.3037	6.01493	0.0189519	0.003547906	0.01540399	0.003547906
9100	-210.0812	-215.9632	5.882004	0.02047487	0.002471456	0.01800342	0.002471456
9110	-210.989	-216.6543	5.665236	0.01578889	0.002858742	0.01293015	0.002858742
9120	-210.3607	-216.4911	6.130473	0.02161723	0.003538217	0.01807902	0.003538217
9130	-210.8377	-217.0135	6.175795	0.02065428	0.005317139	0.01533715	0.005317139
9140	-210.2701	-216.2138	5.943712	0.01835991	0.003244407	0.01511551	0.003244407
9150	-210.0899	-216.0626	5.972653	0.01957453	0.002989959	0.01658457	0.002989959
9160	-210.6174	-216.374	5.756586	0.01662937	0.002888236	0.01374114	0.002888236
9170	-213.1002	-219.3131	6.212867	0.0261876	0.0104296	0.01575799	0.0104296
9180	-212.1335	-217.7842	5.650724	0.01552095	0.004390227	0.01113072	0.004390227
9190	-211.607	-217.9271	6.320113	0.02532244	0.005037089	0.02028535	0.005037089
9200	-210.7143	-215.2484	4.534092	0.01933929	0.0008101408	0.01852915	0.0008101408
9210	-210.5745	-216.7793	6.204891	0.02137691	0.00456591	0.016811	0.00456591
9220	-211.0796	-217.1838	6.104283	0.01981187	0.005629541	0.01418233	0.005629541
9230	-211.7681	-218.106	6.337878	0.02484396	0.006837969	0.01800599	0.006837969
9240	-213.234	-219.4566	6.222575	0.02664733	0.01063142	0.01601591	0.01063142
9250	-210.1386	-215.6725	5.533931	0.0202141	0.001691963	0.01852214	0.001691963
9260	-210.2889	-215.4562	5.167284	0.01712725	0.001354877	0.01577237	0.001354877
9270	-213.0829	-219.4602	6.377269	0.02810362	0.008180991	0.01992263	0.008180991
9280	-212.5734	-218.4881	5.914768	0.02076153	0.008590598	0.01217093	0.008590598
9290	-210.7453	-216.949	6.203705	0.0211135	0.005108906	0.0160046	0.005108906
9300	-213.2495	-219.3578	6.10829	0.02536603	0.01096286	0.01440317	0.01096286
9310	-210.7148	-216.8978	6.182972	0.02074402	0.005021042	0.01572298	0.005021042
9320	-211.4473	-216.9545	5.50727	0.02407476	0.001609459	0.0224653	0.001609459
9330	-210.2121	-216.1934	5.981283	0.01886447	0.003288778	0.01557569	0.003288778
9340	-213.7648	-220.0316	6.266815	0.02845731	0.01116145	0.01729586	0.01116145
9350	-211.4885	-217.8232	6.334704	0.02472447	0.005675322	0.01904915	0.005675322
9360	-214.3464	-220.7058	6.359316	0.03057193	0.009946894	0.02062503	0.009946894
9370	-210.849	-215.956	5.107068	0.01535684	0.001439339	0.0139175	0.001439339
9380	-211.9108	-217.2451	5.334381	0.02468077	0.001397554	0.02328321	0.001397554
9390	-211.5127	-217.292	5.779306	0.02466925	0.002096456	0.02257279	0.002096456
9400	-211.1466	-217.4513	6.304706	0.02381937	0.005206369	0.018613	0.005206369
9410	-215.9905	-222.0233	6.032823	0.03206377	0.01637601	0.01568776	0.01637601
9420	-211.0323	-217.3214	6.289082	0.02306732	0.005422946	0.01764437	0.005422946
9430	-210.417	-216.4928	6.075771	0.01937468	0.004026071	0.01534861	0.004026071
9440	-210.0414	-215.5074	5.465958	0.01863178	0.001662448	0.01696933	0.001662448
9450	-210.0872	-215.7738	5.68663	0.02029507	0.001969647	0.01832543	0.001969647
9460	-210.0688	-215.6762	5.607406	0.01995431	0.001830235	0.01812408	0.001830235
9470	-210.7662	-217.0188	6.252565	0.0226935	0.004611149	0.01808235	0.004611149
9480	-210.5036	-216.246	5.742474	0.01676598	0.002729258	0.01403672	0.002729258
9490	-210.0652	-215.7983	5.733115	0.02023357	0.002076588	0.01815699	0.002076588
9500	-211.6486	-217.9613	6.312736	0.02546034	0.004887111	0.02057323	0.004887111
9510	-210.8063	-217.0232	6.216936	0.02136122	0.005264101	0.01609711	0.005264101
9520	-210.4011	-216.1027	5.7016	0.02175118	0.001945809	0.01980537	0.001945809
9530	-211.2977	-216.911	5.613259	0.02394638	0.001771046	0.02217533	0.001771046
9540	-211.788	-217.6899	5.901882	0.01820834	0.006020511	0.01218783	0.006020511
9550	-212.3134	-217.8991	5.585656	0.02582121	0.001753966	0.02406724	0.001753966
9560	-210.5851	-216.7449	6.159857	0.0204106	0.004656454	0.01575414	0.004656454
9570	-212.9107	-219.0625	6.151806	0.02494618	0.01020001	0.01474617	0.01020001
9580	-210.3076	-216.3299	6.022309	0.02170403	0.002897741	0.01880629	0.002897741
9590	-210.4549	-215.5794	5.124495	0.01644222	0.001354633	0.01508759	0.001354633
9600	-215.6022	-221.9635	6.361321	0.03276618	0.008495126	0.02427105	0.008495126
9610	-211.1826	-217.3422	6.15961	0.02443846	0.003457499	0.02098096	0.003457499
9620	-210.2931	-216.2828	5.989711	0.01869046	0.003460205	0.01523025	0.003460205
9630	-210.1117	-215.7625	5.650723	0.01769756	0.002138248	0.01555931	0.002138248
9640	-210.6295	-216.8465	6.216919	0.02154427	0.004705252	0.01683902	0.004705252
9650	-211.095	-217.297	6.201986	0.02421061	0.003756299	0.02045431	0.003756299
9660	-211.0741	-217.1759	6.101823	0.0197691	0.005603744	0.01416536	0.005603744
9670	-214.4251	-220.7658	6.340683	0.03061359	0.010603	0.0200106	0.010603
9680	-210.1156	-215.7082	5.592576	0.02024261	0.001789946	0.01845267	0.001789946
9690	-210.4708	-216.655	6.18417	0.0212766	0.004233416	0.01704318	0.004233416
9700	-213.1439	-219.0229	5.879007	0.02217731	0.01009705	0.01208026	0.01009705
9710	-210.3167	-216.4366	6.119912	0.02136021	0.003513922	0.01784629	0.003513922
9720	-210.2907	-215.9665	5.675756	0.01706528	0.002342578	0.0147227	0.002342578
9730	-210.3001	-216.2959	5.995823	0.02168797	0.00278491	0.01890306	0.00278491
9740	-215.6729	-220.8601	5.187204	0.02321252	0.01409431	0.009118211	0.01409431
9750	-211.2355	-215.0704	3.834867	0.01724639	0.000563261	0.01668313	0.000563261
9760	-210.5621	-215.4754	4.913263	0.01640599	0.001143269	0.01526272	0.001143269
9770	-209.9991	-215.8094	5.810268	0.0193506	0.002363666	0.01698693	0.002363666
9780	-210.5609	-216.7523	6.191434	0.02235493	0.003905502	0.01844943	0.003905502
9790	-213.3285	-218.9221	5.593592	0.01854863	0.008290561	0.01025807	0.008290561
9800	-211.2946	-217.3239	6.029296	0.01906017	0.005710343	0.01334983	0.005710343
9810	-211.3997	-217.6569	6.257271	0.02494619	0.004208033	0.02073816	0.004208033
9820	-211.8375	-218.1177	6.280257	0.02593991	0.004430249	0.02150966	0.004430249
9830	-210.3425	-216.3087	5.966246	0.01836665	0.003445616	0.01492104	0.003445616
9840	-210.3088	-216.4225	6.113708	0.02030225	0.003834866	0.01646738	0.003834866
9850	-215.2667	-220.3728	5.106057	0.02034236	0.01174253	0.008599835	0.01174253
9860	-213.1897	-219.576	6.386342	0.02853221	0.007306336	0.02122587	0.007306336
9870	-210.1718	-216.2075	6.035661	0.02077986	0.00308319	0.01769667	0.00308319
9880	-211.1592	-216.4915	5.332316	0.01485304	0.001937898	0.01291515	0.001937898
9890	-210.0113	-215.851	5.839665	0.01916336	0.002487679	0.01667568	0.002487679
9900	-213.4652	-219.7861	6.320945	0.02829263	0.01005291	0.01823972	0.01005291
9910	-212.647	-218.6154	5.968418	0.02177147	0.0091308	0.01264067	0.0091308
9920	-211.611	-217.831	6.22003	0.02255695	0.007251341	0.01530561	0.007251341
9930	-210.4704	-216.6489	6.178469	0.02188526	0.003898739	0.01798652	0.003898739
9940	-212.5687	-218.3432	5.774564	0.0265579	0.002132084	0.02442582	0.002132084
9950	-213.4017	-219.7887	6.387034	0.02894837	0.007460277	0.0214881	0.007460277
9960	-210.8099	-217.0619	6.251911	0.02216341	0.005103575	0.01705984	0.005103575
9970	-212.0293	-218.3928	6.363509	0.02592809	0.006561684	0.0193664	0.006561684
9980	-211.7238	-217.019	5.295179	0.01411201	0.002099694	0.01201232	0.002099694
9990	-211.6341	-217.7985	6.164324	0.0217653	0.007244276	0.01452102	0.007244276
10000	-213.4829	-219.3037	5.820761	0.02256686	0.0107889	0.01177797	0.0107889
