Iteration	Posterior	Likelihood	Prior	birth_rate	death_rate	diversification	turnover
0	-234.7993	-240.3859	5.586528	0.05756105	0.0187299	0.03883115	0.0187299
10	-254.5572	-258.9751	4.417937	0.08991155	0.04293907	0.04697248	0.04293907
20	-243.2274	-247.8055	4.578061	0.09488375	0.06702415	0.0278596	0.06702415
30	-214.514	-220.8897	6.375675	0.03098875	0.009076393	0.02191236	0.009076393
40	-222.9584	-229.0475	6.089106	0.04405332	0.01504025	0.02901307	0.01504025
50	-212.6372	-218.4323	5.795124	0.01913137	0.007797231	0.01133414	0.007797231
60	-247.001	-251.9073	4.906324	0.0754723	0.03094693	0.04452537	0.03094693
70	-275.2016	-279.4937	4.292151	0.08192251	0.01193349	0.06998902	0.01193349
80	-217.9121	-224.0302	6.118052	0.03451435	0.004450289	0.03006406	0.004450289
90	-213.5413	-219.1528	5.611492	0.0198221	0.009411082	0.01041102	0.009411082
100	-236.3886	-241.5507	5.162114	0.07231286	0.0423824	0.02993045	0.0423824
110	-222.8387	-228.2567	5.417957	0.04635997	0.03190792	0.01445204	0.03190792
120	-243.1567	-248.0906	4.93389	0.07746069	0.03924333	0.03821735	0.03924333
130	-218.6187	-224.8104	6.19172	0.03840781	0.01578372	0.02262409	0.01578372
140	-247.0354	-252.2698	5.234445	0.0620867	0.01039247	0.05169422	0.01039247
150	-261.3503	-265.136	3.785676	0.1158249	0.07043737	0.0453875	0.07043737
160	-228.8978	-234.8004	5.902532	0.04776881	0.01016036	0.03760846	0.01016036
170	-213.4233	-219.7996	6.376349	0.02902755	0.006574677	0.02245287	0.006574677
180	-218.2588	-224.4336	6.174803	0.03783669	0.01640382	0.02143288	0.01640382
190	-219.4147	-225.306	5.891349	0.03971858	0.02251703	0.01720156	0.02251703
200	-224.6744	-230.4285	5.754129	0.05065648	0.02857652	0.02207995	0.02857652
210	-216.8332	-223.1604	6.327167	0.03489295	0.01043132	0.02446163	0.01043132
220	-252.1551	-256.3485	4.193394	0.106157	0.0689367	0.03722032	0.0689367
230	-246.9931	-252.0487	5.055633	0.06986052	0.0223996	0.04746092	0.0223996
240	-281.223	-284.5498	3.326818	0.1148762	0.0496116	0.06526459	0.0496116
250	-237.7874	-243.3317	5.544287	0.0570675	0.01351413	0.04355337	0.01351413
260	-256.4411	-260.6368	4.195688	0.09892771	0.05332986	0.04559785	0.05332986
270	-252.1466	-257.075	4.928386	0.07149155	0.01902278	0.05246877	0.01902278
280	-294.2524	-297.2968	3.044417	0.1174375	0.04193228	0.07550517	0.04193228
290	-237.306	-242.1204	4.814401	0.08324371	0.06124495	0.02199876	0.06124495
300	-302.8498	-304.4397	1.589846	0.1950533	0.1268679	0.06818544	0.1268679
310	-236.5096	-241.3445	4.834874	0.0815386	0.0604332	0.0211054	0.0604332
320	-230.5347	-235.5449	5.01026	0.06621138	0.04975795	0.01645343	0.04975795
330	-210.8368	-215.3298	4.492971	0.01637166	0.0008516027	0.01552006	0.0008516027
340	-244.0589	-247.2423	3.18337	0.1115358	0.1012334	0.01030244	0.1012334
350	-226.0557	-231.8061	5.750339	0.0525614	0.02789468	0.02466672	0.02789468
360	-239.594	-245.0898	5.495715	0.05730369	0.01154068	0.04576301	0.01154068
370	-213.9379	-220.2809	6.343037	0.02957618	0.01015082	0.01942536	0.01015082
380	-210.1289	-215.7249	5.595982	0.02033415	0.001792194	0.01854195	0.001792194
390	-241.7056	-246.6914	4.985854	0.07641502	0.03978904	0.03662598	0.03978904
400	-226.6191	-232.1549	5.535795	0.05554485	0.03519933	0.02034551	0.03519933
410	-215.1781	-220.7091	5.531015	0.02986846	0.001805036	0.02806343	0.001805036
420	-213.7439	-220.0422	6.298227	0.02940217	0.004990655	0.02441151	0.004990655
430	-241.1541	-245.8867	4.732664	0.08848269	0.06071389	0.0277688	0.06071389
440	-217.5049	-223.5938	6.088856	0.03610841	0.017822	0.01828642	0.017822
450	-238.3013	-243.5159	5.214645	0.06934074	0.03358131	0.03575943	0.03358131
460	-246.6491	-250.9645	4.315366	0.1065911	0.07876607	0.02782501	0.07876607
470	-216.6407	-222.5165	5.875773	0.03255984	0.01822337	0.01433647	0.01822337
480	-290.2311	-293.0892	2.858049	0.1290238	0.05946717	0.06955658	0.05946717
490	-236.1718	-241.7421	5.57036	0.05732705	0.01623291	0.04109414	0.01623291
500	-232.4622	-236.5265	4.064306	0.06971871	0.05947829	0.01024042	0.05947829
510	-220.3841	-226.5817	6.19763	0.04037076	0.01328864	0.02708213	0.01328864
520	-243.0793	-248.3636	5.284338	0.06382395	0.01773798	0.04608596	0.01773798
530	-216.6681	-222.8373	6.16925	0.03313603	0.004525522	0.02861051	0.004525522
540	-227.9466	-233.8798	5.933135	0.04628056	0.008887869	0.03739269	0.008887869
550	-263.0547	-266.6262	3.571506	0.1277105	0.08404098	0.04366947	0.08404098
560	-281.4708	-282.9305	1.459711	0.3231981	0.296148	0.02705006	0.296148
570	-217.8722	-223.9002	6.028042	0.03414741	0.003740514	0.03040689	0.003740514
580	-236.1533	-241.6585	5.505205	0.0507591	0.005110568	0.04564854	0.005110568
590	-214.0644	-220.1746	6.110227	0.02764566	0.01262291	0.01502276	0.01262291
600	-220.6857	-226.8397	6.15401	0.04139727	0.01552423	0.02587304	0.01552423
610	-261.9969	-266.612	4.61514	0.07735132	0.01749735	0.05985397	0.01749735
620	-219.8666	-225.7113	5.844765	0.04061181	0.02362187	0.01698994	0.02362187
630	-230.1853	-236.0299	5.844664	0.05004887	0.0123752	0.03767367	0.0123752
640	-243.9148	-247.7857	3.87095	0.1113156	0.0963163	0.0149993	0.0963163
650	-216.8376	-222.5625	5.724905	0.03190971	0.01889984	0.01300987	0.01889984
660	-230.2543	-235.4452	5.190943	0.0650001	0.04610302	0.01889709	0.04610302
670	-216.8108	-222.7436	5.932853	0.03262372	0.003043527	0.02958019	0.003043527
680	-235.5428	-240.822	5.2792	0.06823211	0.03665582	0.03157629	0.03665582
690	-220.781	-226.8672	6.086267	0.04227157	0.01857299	0.02369858	0.01857299
700	-223.6798	-229.4973	5.817475	0.04858755	0.0267182	0.02186935	0.0267182
710	-228.2596	-233.5837	5.324045	0.05993069	0.04130703	0.01862366	0.04130703
720	-221.0338	-226.8653	5.831483	0.04329432	0.025132	0.01816231	0.025132
730	-227.7904	-233.4361	5.645619	0.05599862	0.03072019	0.02527843	0.03072019
740	-243.3298	-248.2007	4.870877	0.0801813	0.04327275	0.03690856	0.04327275
750	-253.1768	-257.3108	4.134028	0.1082223	0.07041179	0.03781055	0.07041179
760	-219.3444	-225.5651	6.220667	0.03913297	0.01377372	0.02535924	0.01377372
770	-286.6673	-289.7078	3.040497	0.1234528	0.05561984	0.067833	0.05561984
780	-232.3236	-237.6019	5.278273	0.06743235	0.04309628	0.02433608	0.04309628
790	-216.3044	-222.2537	5.949269	0.03223351	0.0173353	0.0148982	0.0173353
800	-264.1449	-266.6493	2.504426	0.2155452	0.1975774	0.01796783	0.1975774
810	-276.7259	-277.7718	1.04589	0.3314002	0.3177968	0.01360346	0.3177968
820	-221.6653	-227.7974	6.132132	0.03946779	0.00689581	0.03257198	0.00689581
830	-253.1503	-257.8041	4.653738	0.08098659	0.03180149	0.0491851	0.03180149
840	-226.5926	-232.3662	5.773603	0.05264901	0.02612279	0.02652622	0.02612279
850	-223.9927	-229.4572	5.464523	0.04955555	0.03358033	0.01597522	0.03358033
860	-249.9187	-254.4077	4.489006	0.09185704	0.05148606	0.04037098	0.05148606
870	-216.4438	-221.1957	4.751903	0.02155247	0.01380852	0.007743948	0.01380852
880	-232.4886	-237.5316	5.042951	0.07093959	0.0517017	0.01923789	0.0517017
890	-224.9985	-230.7569	5.758454	0.05111623	0.02832893	0.0227873	0.02832893
900	-236.522	-241.2626	4.740591	0.08282669	0.06358642	0.01924027	0.06358642
910	-229.4272	-234.8766	5.449359	0.06102306	0.03784706	0.02317599	0.03784706
920	-211.117	-217.3803	6.263275	0.02243935	0.005974951	0.0164644	0.005974951
930	-271.7118	-275.9473	4.2355	0.0858339	0.02022696	0.06560694	0.02022696
940	-249.8553	-254.3631	4.507824	0.09093074	0.05022158	0.04070916	0.05022158
950	-236.7354	-241.8018	5.066373	0.07574912	0.04797136	0.02777776	0.04797136
960	-221.8953	-227.9981	6.102889	0.04323525	0.01641342	0.02682182	0.01641342
970	-264.301	-268.9498	4.648839	0.07175101	0.007538353	0.06421266	0.007538353
980	-226.0799	-232.0853	6.005437	0.04598741	0.01183216	0.03415526	0.01183216
990	-289.5883	-292.6788	3.090504	0.1186491	0.04722441	0.07142467	0.04722441
1000	-269.3392	-272.9951	3.655963	0.1110927	0.05577207	0.05532067	0.05577207
1010	-222.9799	-228.8698	5.889906	0.04697374	0.02453673	0.022437	0.02453673
1020	-307.5718	-308.7828	1.211	0.2185298	0.1496938	0.06883604	0.1496938
1030	-235.3437	-240.6799	5.336198	0.0662267	0.0333835	0.0328432	0.0333835
1040	-228.4189	-234.1496	5.730742	0.05448109	0.02515694	0.02932415	0.02515694
1050	-218.4981	-224.5137	6.015626	0.03484666	0.003806825	0.03103983	0.003806825
1060	-222.7228	-228.8582	6.135428	0.04218726	0.01085902	0.03132824	0.01085902
1070	-233.0187	-237.9543	4.935579	0.07287491	0.05479859	0.01807632	0.05479859
1080	-214.4842	-220.8607	6.376431	0.03093537	0.009020635	0.02191473	0.009020635
1090	-211.4293	-217.3262	5.896956	0.01749581	0.005010108	0.0124857	0.005010108
1100	-270.9693	-274.9695	4.000265	0.09438278	0.03233296	0.06204982	0.03233296
1110	-224.7163	-230.4911	5.774807	0.05054741	0.02786527	0.02268214	0.02786527
1120	-257.1336	-261.0728	3.939246	0.1137466	0.07276385	0.04098279	0.07276385
1130	-255.6179	-259.4838	3.865924	0.1228079	0.08718307	0.03562478	0.08718307
1140	-219.2378	-225.3883	6.150464	0.03957653	0.01701653	0.02255999	0.01701653
1150	-237.8875	-242.4813	4.59382	0.08762927	0.06915276	0.01847651	0.06915276
1160	-236.6578	-242.1458	5.488002	0.06013109	0.02037973	0.03975136	0.02037973
1170	-276.3791	-279.9328	3.553651	0.1087849	0.04617696	0.06260797	0.04617696
1180	-242.5634	-247.0989	4.535427	0.09669352	0.07161807	0.02507546	0.07161807
1190	-235.073	-240.3804	5.307341	0.06735609	0.0359945	0.03136158	0.0359945
1200	-235.2176	-239.8662	4.648679	0.07996179	0.06362613	0.01633566	0.06362613
1210	-224.8799	-229.6152	4.735243	0.04876405	0.0381208	0.01064325	0.0381208
1220	-230.831	-236.3177	5.48667	0.06152558	0.0343385	0.02718708	0.0343385
1230	-214.6842	-220.2562	5.57204	0.02378742	0.01311584	0.01067158	0.01311584
1240	-247.546	-252.1712	4.625178	0.08768556	0.04859362	0.03909194	0.04859362
1250	-217.5522	-223.6426	6.090432	0.03622233	0.01784341	0.01837892	0.01784341
1260	-215.358	-221.3495	5.991463	0.03004072	0.01543864	0.01460207	0.01543864
1270	-213.5028	-219.5461	6.043321	0.02533482	0.01152206	0.01381277	0.01152206
1280	-214.764	-221.1061	6.342046	0.03117068	0.006281994	0.02488869	0.006281994
1290	-224.8044	-230.5786	5.774229	0.05068242	0.02784936	0.02283306	0.02784936
1300	-220.5253	-226.6416	6.116293	0.03775765	0.005598111	0.03215954	0.005598111
1310	-217.7839	-223.8916	6.10767	0.03680017	0.01775587	0.0190443	0.01775587
1320	-295.5029	-296.9536	1.450702	0.2342494	0.1780415	0.05620795	0.1780415
1330	-291.3562	-294.9655	3.609258	0.09889367	0.0209278	0.07796587	0.0209278
1340	-267.8054	-270.8197	3.014237	0.165035	0.1257772	0.03925771	0.1257772
1350	-238.8605	-244.3617	5.50123	0.05407166	0.00716177	0.04690989	0.00716177
1360	-234.1489	-239.7504	5.601532	0.05735939	0.01941182	0.03794756	0.01941182
1370	-214.8382	-221.0664	6.228183	0.03071759	0.01303948	0.01767811	0.01303948
1380	-229.9939	-235.6494	5.655481	0.05675388	0.02621178	0.0305421	0.02621178
1390	-235.2795	-240.5859	5.306439	0.06732714	0.035523	0.03180414	0.035523
1400	-261.3933	-264.9084	3.515117	0.1370293	0.09825747	0.03877181	0.09825747
1410	-214.5668	-220.4072	5.840451	0.02630624	0.01377283	0.01253341	0.01377283
1420	-236.1945	-241.0645	4.869941	0.08040213	0.05904425	0.02135788	0.05904425
1430	-251.4545	-255.2187	3.764252	0.1349264	0.1121851	0.02274123	0.1121851
1440	-238.0655	-243.4316	5.366173	0.05166683	0.004332032	0.0473348	0.004332032
1450	-222.8505	-228.7774	5.926881	0.046491	0.02330241	0.02318858	0.02330241
1460	-217.0145	-223.1451	6.130624	0.03343814	0.004279094	0.02915904	0.004279094
1470	-226.0613	-231.7138	5.652462	0.05371871	0.03165588	0.02206283	0.03165588
1480	-254.6131	-259.4485	4.835389	0.07344946	0.01928131	0.05416815	0.01928131
1490	-225.9055	-231.7507	5.845207	0.05078383	0.02353504	0.02724879	0.02353504
1500	-234.978	-240.4314	5.453433	0.06218272	0.02672779	0.03545493	0.02672779
1510	-242.7753	-248.1266	5.351229	0.05668466	0.006768121	0.04991654	0.006768121
1520	-226.6171	-232.4008	5.78371	0.05246795	0.0255705	0.02689745	0.0255705
1530	-223.2349	-228.426	5.19109	0.04635339	0.03364059	0.0127128	0.03364059
1540	-242.4328	-247.327	4.894236	0.07994025	0.04429666	0.03564359	0.04429666
1550	-254.6124	-258.3469	3.734475	0.1357413	0.1067588	0.02898253	0.1067588
1560	-224.9608	-230.9434	5.982633	0.04727882	0.01748307	0.02979575	0.01748307
1570	-225.9836	-230.5644	4.580813	0.0512992	0.04099666	0.01030254	0.04099666
1580	-231.4887	-236.8018	5.313118	0.06584041	0.0422369	0.02360351	0.0422369
1590	-296.8785	-298.757	1.878523	0.1842001	0.1193905	0.06480966	0.1193905
1600	-214.6909	-220.8861	6.195175	0.03008475	0.01318945	0.0168953	0.01318945
1610	-213.0797	-218.9542	5.874551	0.02189914	0.009881289	0.01201785	0.009881289
1620	-214.2169	-220.5125	6.295609	0.02980164	0.01137032	0.01843132	0.01137032
1630	-251.7916	-255.486	3.69434	0.13824	0.116527	0.02171303	0.116527
1640	-239.1775	-244.0297	4.852169	0.08374615	0.0568933	0.02685285	0.0568933
1650	-304.5323	-307.2989	2.766546	0.1226207	0.04026512	0.08235556	0.04026512
1660	-255.2351	-259.4066	4.171456	0.1021161	0.0591961	0.04292001	0.0591961
1670	-240.3147	-245.4401	5.12544	0.07157526	0.03408035	0.03749492	0.03408035
1680	-225.2198	-228.6321	3.412356	0.04290947	0.03644478	0.006464697	0.03644478
1690	-242.8759	-247.7341	4.858151	0.08122673	0.04563804	0.03558869	0.04563804
1700	-248.0553	-253.1563	5.101021	0.06758433	0.01768116	0.04990317	0.01768116
1710	-222.8393	-228.9667	6.127353	0.04155835	0.009039992	0.03251835	0.009039992
1720	-258.9829	-262.8767	3.893727	0.1131422	0.06965516	0.04348707	0.06965516
1730	-243.1157	-247.6227	4.507016	0.09801962	0.07255482	0.0254648	0.07255482
1740	-217.1204	-222.3935	5.27307	0.02907105	0.01892589	0.01014516	0.01892589
1750	-244.0569	-248.0945	4.037614	0.1106855	0.09353937	0.01714613	0.09353937
1760	-218.2348	-224.2338	5.998935	0.03739305	0.01981499	0.01757806	0.01981499
1770	-237.1	-241.6771	4.577066	0.08565074	0.0683571	0.01729364	0.0683571
1780	-221.9557	-228.0469	6.091105	0.04348683	0.0169739	0.02651292	0.0169739
1790	-241.7209	-247.1459	5.424928	0.0576148	0.009439755	0.04817505	0.009439755
1800	-247.9689	-253.1636	5.194787	0.06342412	0.01141822	0.0520059	0.01141822
1810	-210.6482	-216.8772	6.228939	0.02234743	0.004369346	0.01797809	0.004369346
1820	-239.5812	-245.0309	5.449715	0.05973262	0.01557851	0.04415411	0.01557851
1830	-244.4742	-249.4849	5.010637	0.07317307	0.03067932	0.04249374	0.03067932
1840	-247.9219	-252.2057	4.283815	0.1072689	0.07734688	0.02992197	0.07734688
1850	-238.126	-243.416	5.289917	0.06654812	0.02911639	0.03743173	0.02911639
1860	-218.9143	-224.7439	5.829649	0.03819067	0.02240128	0.01578938	0.02240128
1870	-226.9975	-232.8512	5.853697	0.05100769	0.0209285	0.03007919	0.0209285
1880	-230.6241	-236.4285	5.804381	0.05166266	0.01472955	0.03693311	0.01472955
1890	-286.4256	-287.6775	1.251887	0.3291579	0.295559	0.03359885	0.295559
1900	-230.2161	-235.8288	5.612711	0.05798479	0.02828427	0.02970052	0.02828427
1910	-289.7742	-293.5058	3.731585	0.08488349	0.004281368	0.08060212	0.004281368
1920	-245.7487	-250.7766	5.027893	0.07164091	0.02665861	0.0449823	0.02665861
1930	-286.3515	-290.1607	3.80928	0.09416516	0.01885003	0.07531513	0.01885003
1940	-228.8428	-233.5227	4.679956	0.06051696	0.04837441	0.01214255	0.04837441
1950	-251.3612	-255.1046	3.743399	0.1356721	0.1136033	0.02206878	0.1136033
1960	-217.2175	-223.282	6.064454	0.03532095	0.01783782	0.01748313	0.01783782
1970	-256.6003	-261.4515	4.851178	0.0655668	0.0059115	0.0596553	0.0059115
1980	-262.4275	-266.269	3.841537	0.110359	0.06198419	0.04837479	0.06198419
1990	-246.5507	-250.7614	4.210637	0.1117482	0.08724622	0.02450195	0.08724622
2000	-246.2828	-251.1855	4.902665	0.07616258	0.0329135	0.04324909	0.0329135
2010	-246.2081	-250.9219	4.713867	0.08475411	0.04607778	0.03867633	0.04607778
2020	-225.3182	-231.0222	5.703999	0.05208916	0.03009182	0.02199734	0.03009182
2030	-277.4188	-280.1958	2.776955	0.1561983	0.1041744	0.05202394	0.1041744
2040	-243.5477	-247.9469	4.399199	0.1022946	0.07888951	0.02340514	0.07888951
2050	-216.7654	-223.0991	6.333749	0.03464778	0.009583862	0.02506391	0.009583862
2060	-283.3921	-286.4068	3.014687	0.1284112	0.06457827	0.06383295	0.06457827
2070	-241.6232	-246.4631	4.839959	0.0832562	0.05103641	0.03221979	0.05103641
2080	-227.5245	-232.9406	5.416107	0.05796869	0.03866934	0.01929935	0.03866934
2090	-215.6364	-221.732	6.095557	0.03164632	0.01539981	0.01624651	0.01539981
2100	-210.0657	-215.8949	5.82925	0.01849682	0.002571139	0.01592568	0.002571139
2110	-242.7801	-247.395	4.61488	0.09331413	0.06536841	0.02794572	0.06536841
2120	-277.515	-280.5575	3.042468	0.1355665	0.07879024	0.05677628	0.07879024
2130	-229.679	-235.5511	5.872032	0.04821712	0.00970923	0.03850789	0.00970923
2140	-272.0721	-274.6581	2.586008	0.1982148	0.1612044	0.03701047	0.1612044
2150	-258.9832	-263.5152	4.53203	0.06521817	0.003405115	0.06181305	0.003405115
2160	-241.1305	-246.1804	5.049935	0.07410559	0.03694852	0.03715707	0.03694852
2170	-211.2986	-216.3695	5.070879	0.02291907	0.00113409	0.02178498	0.00113409
2180	-227.3144	-233.0705	5.756092	0.05345804	0.02585659	0.02760144	0.02585659
2190	-260.6589	-265.1015	4.442589	0.08409908	0.02824872	0.05585037	0.02824872
2200	-266.8743	-270.7373	3.862999	0.10343	0.04819661	0.05523339	0.04819661
2210	-264.8355	-269.0354	4.199876	0.09062144	0.0330798	0.05754164	0.0330798
2220	-227.5213	-233.4358	5.914514	0.04910857	0.01551082	0.03359774	0.01551082
2230	-223.1816	-229.3008	6.119149	0.04249613	0.01044762	0.03204851	0.01044762
2240	-231.0958	-236.3724	5.276541	0.06586695	0.0439129	0.02195405	0.0439129
2250	-234.1999	-239.6357	5.43575	0.06310376	0.02983796	0.0332658	0.02983796
2260	-230.4497	-236.1203	5.67058	0.05629181	0.0242322	0.03205961	0.0242322
2270	-232.8189	-238.484	5.665096	0.04857137	0.005712873	0.0428585	0.005712873
2280	-226.9722	-232.9282	5.956058	0.04773246	0.01372477	0.03400769	0.01372477
2290	-239.5579	-244.9169	5.358985	0.06318774	0.02134624	0.0418415	0.02134624
2300	-232.3054	-237.9586	5.65319	0.05637659	0.02075501	0.03562158	0.02075501
2310	-225.0713	-230.7187	5.647375	0.0519994	0.03170252	0.02029688	0.03170252
2320	-219.2143	-225.3045	6.090164	0.03968858	0.01882982	0.02085876	0.01882982
2330	-213.4024	-219.0092	5.606753	0.01912407	0.008779817	0.01034425	0.008779817
2340	-210.2071	-216.2836	6.076512	0.02041794	0.003432774	0.01698517	0.003432774
2350	-218.085	-224.1444	6.05938	0.03729782	0.01881303	0.01848479	0.01881303
2360	-219.8177	-226.0299	6.212289	0.03969314	0.01346795	0.02622519	0.01346795
2370	-263.4695	-268.0761	4.606696	0.07685744	0.01541215	0.06144529	0.01541215
2380	-211.5073	-217.3595	5.852239	0.01705132	0.004811024	0.0122403	0.004811024
2390	-236.4286	-242.0373	5.60866	0.05519469	0.01217664	0.04301805	0.01217664
2400	-221.4696	-227.6456	6.176015	0.04117843	0.01180488	0.02937354	0.01180488
2410	-228.5296	-234.4412	5.911588	0.04830213	0.01186896	0.03643317	0.01186896
2420	-246.8488	-251.3142	4.465419	0.09761568	0.06457794	0.03303774	0.06457794
2430	-213.7831	-219.614	5.830921	0.02370723	0.01170071	0.01200652	0.01170071
2440	-261.4861	-264.9809	3.494819	0.1385992	0.1001879	0.0384113	0.1001879
2450	-292.2166	-295.1155	2.898881	0.1251889	0.05312806	0.07206088	0.05312806
2460	-259.5916	-264.1223	4.530657	0.0815251	0.02572321	0.05580189	0.02572321
2470	-241.1761	-246.0813	4.90521	0.08054309	0.04738077	0.03316232	0.04738077
2480	-232.4421	-238.0403	5.598174	0.05817291	0.02391611	0.0342568	0.02391611
2490	-230.9498	-236.7627	5.81297	0.04852324	0.008272093	0.04025114	0.008272093
2500	-213.2796	-219.5232	6.243632	0.02700214	0.01058697	0.01641516	0.01058697
2510	-263.6542	-268.0178	4.363652	0.08525896	0.02690127	0.05835769	0.02690127
2520	-287.3999	-290.5989	3.19904	0.1155833	0.04522533	0.07035794	0.04522533
2530	-240.7751	-245.6061	4.83098	0.08426677	0.05432819	0.02993858	0.05432819
2540	-218.0277	-224.2163	6.188581	0.03499571	0.005319414	0.0296763	0.005319414
2550	-214.946	-221.2023	6.256302	0.03118396	0.01277799	0.01840597	0.01277799
2560	-224.859	-230.587	5.727939	0.05115387	0.02938684	0.02176703	0.02938684
2570	-250.9094	-255.1813	4.271919	0.1032439	0.06656961	0.03667431	0.06656961
2580	-213.3975	-219.7684	6.370877	0.02897743	0.006342585	0.02263484	0.006342585
2590	-240.2241	-245.2843	5.060173	0.07436671	0.03882502	0.0355417	0.03882502
2600	-254.1279	-258.7286	4.600727	0.08237672	0.03270718	0.04966954	0.03270718
2610	-242.6794	-247.0371	4.357725	0.1021581	0.08128746	0.02087061	0.08128746
2620	-218.8839	-222.7931	3.909206	0.01123407	0.005355821	0.005878252	0.005355821
2630	-257.5125	-261.7104	4.197927	0.0974024	0.04998943	0.04741297	0.04998943
2640	-271.7546	-275.2095	3.454969	0.1190284	0.06359678	0.05543164	0.06359678
2650	-212.1411	-218.2448	6.103713	0.02217258	0.008341837	0.01383075	0.008341837
2660	-236.0989	-241.7109	5.611967	0.05549327	0.01315255	0.04234073	0.01315255
2670	-230.1486	-235.5797	5.431165	0.04473287	0.002996349	0.04173652	0.002996349
2680	-218.3789	-223.6966	5.317685	0.03325477	0.02228095	0.01097382	0.02228095
2690	-247.5421	-252.595	5.052921	0.05846304	0.004475862	0.05398718	0.004475862
2700	-231.6381	-237.1482	5.510106	0.06108427	0.03133441	0.02974986	0.03133441
2710	-230.5415	-236.317	5.775452	0.05284822	0.0171837	0.03566452	0.0171837
2720	-229.2708	-234.7156	5.444789	0.06087378	0.0381106	0.02276317	0.0381106
2730	-252.0576	-256.1606	4.102972	0.1126617	0.07832686	0.03433486	0.07832686
2740	-269.7621	-273.5075	3.745468	0.1060972	0.04886885	0.05722831	0.04886885
2750	-248.7542	-253.5416	4.787408	0.0789467	0.03398677	0.04495994	0.03398677
2760	-240.2088	-245.3246	5.11576	0.07204663	0.03502159	0.03702504	0.03502159
2770	-221.7717	-227.7153	5.943546	0.04468547	0.02306642	0.02161904	0.02306642
2780	-231.368	-236.7019	5.33386	0.06532015	0.04140156	0.02391859	0.04140156
2790	-237.2172	-242.5466	5.329388	0.06558169	0.02892852	0.03665317	0.02892852
2800	-223.1045	-228.7147	5.610242	0.04769625	0.0306342	0.01706205	0.0306342
2810	-212.8168	-219.1582	6.341365	0.02789397	0.005409219	0.02248475	0.005409219
2820	-267.6476	-269.606	1.958405	0.2474309	0.2325886	0.01484221	0.2325886
2830	-239.8493	-245.0209	5.171632	0.07004162	0.03227223	0.03776939	0.03227223
2840	-255.4177	-259.8389	4.42121	0.08890163	0.04053073	0.0483709	0.04053073
2850	-246.4885	-250.1604	3.671903	0.1220717	0.1070778	0.01499387	0.1070778
2860	-214.3638	-220.6732	6.309362	0.03041038	0.005384524	0.02502585	0.005384524
2870	-222.581	-228.2187	5.637622	0.0464918	0.02959938	0.01689242	0.02959938
2880	-238.0106	-243.0344	5.023823	0.07720823	0.0477795	0.02942873	0.0477795
2890	-219.2435	-223.2013	3.957834	0.009104989	0.002246379	0.00685861	0.002246379
2900	-247.4516	-252.0179	4.566264	0.09095591	0.05361563	0.03734028	0.05361563
2910	-220.6074	-226.8184	6.211013	0.03987718	0.01090084	0.02897634	0.01090084
2920	-258.2278	-262.0217	3.793826	0.1221095	0.08264086	0.03946862	0.08264086
2930	-222.9347	-228.6961	5.761388	0.04739469	0.02796204	0.01943265	0.02796204
2940	-235.6586	-240.8783	5.219648	0.07036252	0.0403472	0.03001531	0.0403472
2950	-235.3117	-240.9419	5.630157	0.05544595	0.01420159	0.04124435	0.01420159
2960	-212.7327	-219.1018	6.369145	0.02771652	0.006103366	0.02161315	0.006103366
2970	-268.2812	-271.0032	2.721927	0.1984924	0.1668882	0.03160419	0.1668882
2980	-229.0041	-234.0473	5.043185	0.06204025	0.04659654	0.01544372	0.04659654
2990	-212.6328	-218.8249	6.192108	0.02736014	0.003753683	0.02360646	0.003753683
3000	-213.3495	-219.6676	6.318059	0.02799225	0.009941144	0.01805111	0.009941144
3010	-241.0321	-246.4822	5.450078	0.05735546	0.009846173	0.04750929	0.009846173
3020	-230.9866	-235.334	4.347455	0.06597294	0.05486292	0.01111003	0.05486292
3030	-210.4755	-216.3946	5.919131	0.01776369	0.003432643	0.01433105	0.003432643
3040	-211.5042	-217.8082	6.304055	0.0251154	0.004784583	0.02033082	0.004784583
3050	-236.7888	-241.7519	4.963021	0.07906162	0.05422074	0.02484088	0.05422074
3060	-227.8618	-233.7364	5.874597	0.05037715	0.01748977	0.03288738	0.01748977
3070	-221.3483	-227.5109	6.16265	0.04165309	0.01359841	0.02805468	0.01359841
3080	-215.3064	-220.1307	4.824309	0.01147117	0.002920701	0.008550472	0.002920701
3090	-268.0191	-272.1466	4.127473	0.09138156	0.03106326	0.0603183	0.03106326
3100	-214.78	-221.0112	6.231179	0.03060181	0.01293085	0.01767096	0.01293085
3110	-218.5102	-224.6788	6.168567	0.03829562	0.01658293	0.02171268	0.01658293
3120	-251.8897	-256.0605	4.170767	0.1082062	0.0722345	0.03597167	0.0722345
3130	-253.2871	-258.2177	4.930646	0.06297346	0.005356604	0.05761686	0.005356604
3140	-256.8593	-261.0382	4.178837	0.09927413	0.05331816	0.04595597	0.05331816
3150	-217.9703	-222.7847	4.814403	0.02816551	0.01967399	0.008491519	0.01967399
3160	-229.0677	-230.8226	1.754989	0.04760942	0.04311531	0.004494113	0.04311531
3170	-225.0916	-230.8565	5.764987	0.05118383	0.02804653	0.0231373	0.02804653
3180	-241.719	-246.7119	4.992926	0.07609208	0.03924734	0.03684474	0.03924734
3190	-228.9322	-234.4833	5.551116	0.0587762	0.03381618	0.02496002	0.03381618
3200	-211.9695	-218.07	6.100519	0.02166066	0.007891047	0.01376962	0.007891047
3210	-250.6351	-254.688	4.052861	0.1187211	0.08947525	0.02924583	0.08947525
3220	-273.5617	-277.6529	4.091202	0.08986507	0.02399208	0.06587299	0.02399208
3230	-233.2436	-238.8427	5.599091	0.05785558	0.0218555	0.03600009	0.0218555
3240	-219.7517	-225.5915	5.8398	0.04031441	0.02352575	0.01678867	0.02352575
3250	-235.4244	-241.0268	5.602356	0.05656546	0.01600459	0.04056087	0.01600459
3260	-216.5596	-222.8916	6.332003	0.03449785	0.01053976	0.0239581	0.01053976
3270	-230.179	-234.9573	4.778303	0.06492662	0.051244	0.01368262	0.051244
3280	-224.1844	-230.1998	6.015453	0.04625862	0.01713889	0.02911973	0.01713889
3290	-239.2749	-244.7626	5.487666	0.05441445	0.007216975	0.04719747	0.007216975
3300	-220.843	-227.0321	6.189127	0.04076852	0.01275079	0.02801773	0.01275079
3310	-226.7435	-230.9127	4.16919	0.05155838	0.04272144	0.008836937	0.04272144
3320	-222.5752	-228.2702	5.694939	0.04659119	0.02882309	0.0177681	0.02882309
3330	-256.0088	-259.8117	3.802892	0.1269919	0.09234492	0.034647	0.09234492
3340	-235.5929	-240.8089	5.215992	0.07050439	0.04075426	0.02975013	0.04075426
3350	-248.6333	-252.4453	3.811945	0.1277946	0.1086475	0.01914703	0.1086475
3360	-231.2733	-236.6458	5.372504	0.06446107	0.03967077	0.0247903	0.03967077
3370	-211.7527	-217.8609	6.108224	0.02121336	0.007360074	0.01385329	0.007360074
3380	-218.1442	-224.415	6.270821	0.03717108	0.01251111	0.02465997	0.01251111
3390	-216.3302	-222.6697	6.339477	0.03373096	0.008027227	0.02570373	0.008027227
3400	-214.2341	-220.3503	6.116142	0.02816452	0.01292279	0.01524173	0.01292279
3410	-223.0596	-228.3479	5.288334	0.03793423	0.001881149	0.03605308	0.001881149
3420	-231.4399	-237.1419	5.701985	0.05504307	0.01978867	0.0352544	0.01978867
3430	-219.7425	-225.8227	6.080195	0.04067042	0.01915152	0.0215189	0.01915152
3440	-214.7797	-221.0009	6.221198	0.03052072	0.01304709	0.01747362	0.01304709
3450	-230.9226	-236.3161	5.393534	0.06370206	0.03905014	0.02465193	0.03905014
3460	-211.5808	-217.8834	6.3026	0.02384039	0.006880284	0.01696011	0.006880284
3470	-254.5655	-257.4507	2.885242	0.1623613	0.1487861	0.0135752	0.1487861
3480	-220.1488	-225.8144	5.665607	0.04046739	0.02554805	0.01491935	0.02554805
3490	-215.0575	-220.8465	5.788979	0.02728294	0.01487821	0.01240473	0.01487821
3500	-215.3863	-221.6676	6.281358	0.032325	0.01269837	0.01962663	0.01269837
3510	-245.7848	-250.7676	4.982767	0.07333891	0.02922825	0.04411066	0.02922825
3520	-213.5976	-219.8151	6.217512	0.02752919	0.0113005	0.0162287	0.0113005
3530	-236.121	-240.8844	4.763438	0.08165968	0.0625516	0.01910808	0.0625516
3540	-239.6683	-244.8078	5.1395	0.07145682	0.03490463	0.03655219	0.03490463
3550	-214.9085	-220.9047	5.996212	0.02884786	0.01455071	0.01429715	0.01455071
3560	-249.833	-254.1265	4.293543	0.1037208	0.06887239	0.03484842	0.06887239
3570	-225.1593	-230.7061	5.546744	0.05245365	0.03396262	0.01849103	0.03396262
3580	-222.834	-228.2373	5.403284	0.0462816	0.0319814	0.0143002	0.0319814
3590	-239.3047	-244.1738	4.869053	0.08310376	0.05544384	0.02765992	0.05544384
3600	-222.8802	-228.0043	5.124172	0.04499159	0.03296382	0.01202777	0.03296382
3610	-223.5808	-229.6721	6.09138	0.04196095	0.008281203	0.03367975	0.008281203
3620	-223.3273	-229.406	6.078707	0.04440409	0.01485059	0.02955351	0.01485059
3630	-210.844	-217.0603	6.216288	0.02135563	0.005366752	0.01598888	0.005366752
3640	-238.0094	-243.4979	5.488502	0.05930446	0.01699936	0.04230509	0.01699936
3650	-276.3661	-277.913	1.546903	0.3118763	0.2927895	0.01908683	0.2927895
3660	-231.4524	-237.0006	5.548273	0.05993539	0.02942239	0.03051299	0.02942239
3670	-216.8218	-222.9622	6.140356	0.0347956	0.01639735	0.01839825	0.01639735
3680	-211.5619	-217.8994	6.337499	0.02499946	0.005594786	0.01940468	0.005594786
3690	-219.1121	-225.1683	6.05616	0.03948765	0.01959679	0.01989086	0.01959679
3700	-210.4509	-216.2135	5.762609	0.01694561	0.002754507	0.0141911	0.002754507
3710	-221.3073	-227.4277	6.120402	0.0424702	0.01640651	0.02606369	0.01640651
3720	-225.6757	-231.4272	5.751503	0.05210668	0.02818594	0.02392075	0.02818594
3730	-221.321	-227.4512	6.13017	0.03894313	0.006479287	0.03246385	0.006479287
3740	-255.437	-259.1532	3.716145	0.1356292	0.1051593	0.03046997	0.1051593
3750	-267.7568	-270.5957	2.838918	0.1860458	0.1521046	0.03394122	0.1521046
3760	-213.5073	-219.4607	5.953346	0.02429155	0.01138521	0.01290634	0.01138521
3770	-232.135	-236.1839	4.048926	0.06853992	0.05848753	0.01005239	0.05848753
3780	-229.273	-234.7207	5.447776	0.06083606	0.03799312	0.02284294	0.03799312
3790	-229.9163	-235.6202	5.703947	0.05533483	0.02342813	0.03190671	0.02342813
3800	-267.876	-272.4111	4.535155	0.07644583	0.01083265	0.06561318	0.01083265
3810	-219.2701	-225.4289	6.158718	0.03643483	0.005542464	0.03089236	0.005542464
3820	-218.718	-224.7485	6.030463	0.03860669	0.01982881	0.01877789	0.01982881
3830	-244.1579	-248.4231	4.265248	0.107103	0.08579464	0.02130836	0.08579464
3840	-230.7016	-236.3633	5.661696	0.05653293	0.02418333	0.0323496	0.02418333
3850	-218.8844	-224.7031	5.8187	0.03805376	0.02243411	0.01561965	0.02243411
3860	-222.0386	-227.8752	5.836577	0.0454645	0.02583044	0.01963406	0.02583044
3870	-251.4315	-255.217	3.78548	0.1339561	0.1107294	0.02322666	0.1107294
3880	-268.8971	-271.4752	2.578139	0.2140572	0.1853802	0.02867704	0.1853802
3890	-222.6679	-228.7698	6.101923	0.04056202	0.007134376	0.03342765	0.007134376
3900	-249.5022	-254.2311	4.728911	0.08078237	0.03578897	0.0449934	0.03578897
3910	-241.5824	-246.3246	4.742233	0.0879102	0.05883116	0.02907904	0.05883116
3920	-219.488	-225.2931	5.805131	0.03950436	0.02347838	0.01602598	0.02347838
3930	-251.8425	-255.4907	3.648196	0.1399878	0.1191902	0.02079751	0.1191902
3940	-243.572	-248.8396	5.267608	0.05640302	0.005482066	0.05092095	0.005482066
3950	-225.0017	-231.0126	6.010891	0.04646632	0.01540059	0.03106573	0.01540059
3960	-217.0989	-223.41	6.311044	0.03465193	0.007642005	0.02700993	0.007642005
3970	-230.2982	-235.4094	5.111115	0.06541982	0.0477866	0.01763322	0.0477866
3980	-242.1825	-247.1758	4.993308	0.07568775	0.0378861	0.03780165	0.0378861
3990	-218.0617	-224.1441	6.082435	0.03732472	0.01841311	0.01891161	0.01841311
4000	-215.911	-222.072	6.160985	0.03279613	0.01514598	0.01765014	0.01514598
4010	-271.4735	-275.015	3.541463	0.1145504	0.05814451	0.05640593	0.05814451
4020	-246.6897	-251.8035	5.113876	0.05812694	0.004825817	0.05330113	0.004825817
4030	-210.2636	-216.2639	6.000275	0.01887524	0.00344831	0.01542693	0.00344831
4040	-221.857	-227.9943	6.137279	0.04248251	0.01425536	0.02822714	0.01425536
4050	-227.738	-233.309	5.570963	0.04295105	0.003226818	0.03972423	0.003226818
4060	-230.2039	-235.035	4.831105	0.06512626	0.05094655	0.01417971	0.05094655
4070	-254.4997	-256.471	1.971309	0.1610266	0.1522781	0.008748511	0.1522781
4080	-214.2001	-220.5372	6.337116	0.03010241	0.01052866	0.01957374	0.01052866
4090	-218.4813	-224.7646	6.283244	0.03683575	0.009279768	0.02755598	0.009279768
4100	-267.5467	-271.7619	4.215183	0.08846322	0.02757077	0.06089245	0.02757077
4110	-223.189	-228.8609	5.671903	0.04797543	0.02983729	0.01813814	0.02983729
4120	-282.8838	-285.0298	2.146019	0.2027132	0.1540714	0.04864172	0.1540714
4130	-218.3231	-224.5828	6.259691	0.03751217	0.01294326	0.02456892	0.01294326
4140	-223.6303	-229.4617	5.831402	0.03981816	0.003843664	0.03597449	0.003843664
4150	-228.9573	-234.3091	5.351797	0.06127542	0.0411556	0.02011982	0.0411556
4160	-220.2405	-226.0026	5.762068	0.04117771	0.02498057	0.01619714	0.02498057
4170	-217.6264	-223.8913	6.264877	0.03497173	0.006546807	0.02842493	0.006546807
4180	-215.4845	-220.6892	5.204692	0.02264253	0.01352517	0.009117356	0.01352517
4190	-303.7483	-305.222	1.473668	0.2034379	0.1357167	0.06772121	0.1357167
4200	-250.8043	-254.5281	3.72383	0.1353738	0.114687	0.0206868	0.114687
4210	-238.6983	-243.7839	5.085571	0.07434723	0.04143271	0.03291453	0.04143271
4220	-221.843	-228.0014	6.158437	0.04180884	0.01238179	0.02942705	0.01238179
4230	-217.2875	-223.1329	5.845423	0.03406746	0.01953836	0.0145291	0.01953836
4240	-239.2613	-244.232	4.970766	0.0789027	0.04818609	0.03071662	0.04818609
4250	-269.2985	-273.034	3.735446	0.1070722	0.05058848	0.05648373	0.05058848
4260	-229.2993	-235.0043	5.704977	0.05530999	0.02478462	0.03052537	0.02478462
4270	-210.1907	-216.1919	6.001164	0.02109532	0.00286608	0.01822924	0.00286608
4280	-231.787	-236.9856	5.198607	0.0680116	0.04667028	0.02134133	0.04667028
4290	-244.9872	-250.1757	5.188579	0.06621092	0.01916206	0.04704886	0.01916206
4300	-227.1597	-232.5273	5.367589	0.05728663	0.03930662	0.01798001	0.03930662
4310	-213.2274	-219.3885	6.161175	0.02828333	0.003637981	0.02464535	0.003637981
4320	-236.5155	-241.333	4.817494	0.08182332	0.06108227	0.02074105	0.06108227
4330	-231.0327	-236.255	5.222328	0.06638371	0.04575029	0.02063341	0.04575029
4340	-226.6722	-232.2925	5.620312	0.05497739	0.03260513	0.02237227	0.03260513
4350	-233.0873	-238.474	5.386713	0.06492731	0.03567963	0.02924768	0.03567963
4360	-213.5905	-219.9254	6.33487	0.02872298	0.009963243	0.01875974	0.009963243
4370	-246.7076	-251.9384	5.230876	0.06308954	0.01229933	0.05079021	0.01229933
4380	-224.1423	-230.2255	6.083221	0.04348435	0.01048818	0.03299617	0.01048818
4390	-232.8664	-238.2447	5.378227	0.06516257	0.03668399	0.02847859	0.03668399
4400	-230.6716	-235.8403	5.168646	0.06605697	0.04700144	0.01905553	0.04700144
4410	-211.8133	-218.0867	6.273403	0.02588883	0.004355041	0.02153379	0.004355041
4420	-227.4502	-232.5995	5.149299	0.04170545	0.001924157	0.0397813	0.001924157
4430	-211.4064	-217.2801	5.873622	0.01719254	0.004760982	0.01243156	0.004760982
4440	-223.1462	-229.2215	6.075364	0.04089362	0.006848183	0.03404543	0.006848183
4450	-213.8522	-219.9768	6.12461	0.02721814	0.01217221	0.01504593	0.01217221
4460	-220.982	-226.7065	5.724546	0.04285743	0.02641949	0.01643794	0.02641949
4470	-213.8745	-219.413	5.538536	0.02014751	0.01003253	0.01011498	0.01003253
4480	-214.2858	-220.6601	6.374245	0.03054064	0.00709987	0.02344077	0.00709987
4490	-220.5322	-226.1571	5.624967	0.03606574	0.002439204	0.03362653	0.002439204
4500	-211.1861	-217.478	6.29197	0.02422237	0.004748862	0.01947351	0.004748862
4510	-211.0153	-216.9031	5.887857	0.01714874	0.004089423	0.01305931	0.004089423
4520	-215.5362	-221.7345	6.198313	0.03173052	0.00444333	0.02728719	0.00444333
4530	-224.4628	-230.1871	5.724289	0.05048953	0.02948324	0.0210063	0.02948324
4540	-224.7374	-230.7917	6.054274	0.04480357	0.0121492	0.03265437	0.0121492
4550	-227.1411	-232.5301	5.389039	0.05720393	0.03889275	0.01831119	0.03889275
4560	-238.8671	-243.4693	4.602287	0.08984003	0.06987441	0.01996562	0.06987441
4570	-242.7726	-247.6443	4.871634	0.08068423	0.04494018	0.03574405	0.04494018
4580	-221.6381	-227.8101	6.171992	0.04033658	0.009074051	0.03126253	0.009074051
4590	-219.8507	-225.7231	5.872461	0.040678	0.02327238	0.01740562	0.02327238
4600	-270.5536	-271.9835	1.429949	0.2747318	0.2622286	0.01250317	0.2622286
4610	-211.9	-218.2278	6.32779	0.02487729	0.007319645	0.01755764	0.007319645
4620	-215.6096	-221.7302	6.120685	0.03177315	0.01516128	0.01661188	0.01516128
4630	-289.715	-290.8005	1.085406	0.3354038	0.2983291	0.03707467	0.2983291
4640	-225.9417	-231.9421	6.000391	0.04411788	0.008153596	0.03596429	0.008153596
4650	-222.4551	-228.6002	6.145068	0.04192811	0.01091975	0.03100836	0.01091975
4660	-224.0208	-230.0535	6.032732	0.0457785	0.01638112	0.02939738	0.01638112
4670	-221.3567	-226.7935	5.436741	0.0424463	0.02889967	0.01354663	0.02889967
4680	-246.7565	-251.1897	4.433176	0.09966133	0.0678494	0.03181193	0.0678494
4690	-230.1977	-236.0423	5.844598	0.04804215	0.008545185	0.03949696	0.008545185
4700	-214.2218	-220.1607	5.938893	0.02629978	0.0130931	0.01320669	0.0130931
4710	-249.587	-254.2225	4.635534	0.05835553	0.002563026	0.05579251	0.002563026
4720	-225.8428	-231.7022	5.859358	0.05045833	0.02289163	0.0275667	0.02289163
4730	-315.9749	-319.0689	3.094016	0.1008649	0.005140103	0.09572481	0.005140103
4740	-217.5117	-223.0135	5.501715	0.03208909	0.02039324	0.01169585	0.02039324
4750	-222.6281	-228.7564	6.128307	0.04278129	0.0126382	0.03014309	0.0126382
4760	-224.7154	-230.1655	5.450045	0.05135188	0.03485535	0.01649653	0.03485535
4770	-247.7161	-252.2721	4.556026	0.09116481	0.05354127	0.03762354	0.05354127
4780	-215.7822	-222.1401	6.357949	0.03307594	0.008767444	0.0243085	0.008767444
4790	-220.8462	-226.5866	5.740418	0.04258399	0.02606496	0.01651903	0.02606496
4800	-236.5484	-239.9076	3.359243	0.08136608	0.07267879	0.008687292	0.07267879
4810	-237.5986	-242.4895	4.890824	0.08173647	0.05721331	0.02452316	0.05721331
4820	-231.7704	-236.0158	4.245403	0.04405602	0.001037051	0.04301897	0.001037051
4830	-308.6218	-310.2115	1.589788	0.1827668	0.1080712	0.07469563	0.1080712
4840	-211.2841	-217.601	6.316845	0.02387827	0.005772357	0.01810592	0.005772357
4850	-226.6365	-231.9906	5.354171	0.05603757	0.03886609	0.01717148	0.03886609
4860	-215.1554	-220.7708	5.615463	0.02586066	0.01467524	0.01118542	0.01467524
4870	-214.1472	-220.4563	6.309026	0.02975517	0.01106686	0.01868831	0.01106686
4880	-245.8498	-250.276	4.426221	0.1010711	0.07168638	0.02938467	0.07168638
4890	-219.8872	-226.1239	6.236652	0.03855844	0.009454366	0.02910408	0.009454366
4900	-225.9798	-231.1074	5.12758	0.05380164	0.03984805	0.01395359	0.03984805
4910	-229.702	-235.3157	5.613699	0.05784816	0.02929424	0.02855392	0.02929424
4920	-222.8868	-228.8211	5.9343	0.04647505	0.02300589	0.02346916	0.02300589
4930	-228.6884	-233.9121	5.22368	0.06119335	0.04368012	0.01751323	0.04368012
4940	-220.0852	-226.3064	6.221209	0.03961564	0.01201169	0.02760395	0.01201169
4950	-216.4373	-221.8536	5.416252	0.02811969	0.017511	0.01060869	0.017511
4960	-250.2238	-254.609	4.385275	0.09731835	0.05899764	0.03832071	0.05899764
4970	-234.7951	-239.2664	4.471261	0.07880081	0.06473231	0.0140685	0.06473231
4980	-217.6431	-223.8832	6.240148	0.03663976	0.01436422	0.02227554	0.01436422
4990	-231.0967	-235.6296	4.532926	0.06702976	0.05471296	0.0123168	0.05471296
5000	-215.1371	-221.4313	6.294256	0.03152274	0.005488112	0.02603463	0.005488112
5010	-249.3085	-253.653	4.344485	0.1013252	0.06617649	0.03514867	0.06617649
5020	-234.6117	-239.3506	4.738898	0.07794222	0.06101378	0.01692844	0.06101378
5030	-223.1093	-229.1541	6.044767	0.04048497	0.006050402	0.03443457	0.006050402
5040	-233.6165	-239.2833	5.666883	0.04958965	0.006372715	0.04321694	0.006372715
5050	-216.1889	-222.4344	6.245445	0.03281128	0.005236888	0.02757439	0.005236888
5060	-225.3582	-230.7729	5.414694	0.05290591	0.03623432	0.01667159	0.03623432
5070	-237.0761	-241.7743	4.698204	0.08457277	0.06534483	0.01922794	0.06534483
5080	-225.895	-231.8031	5.908104	0.04938137	0.02003785	0.02934351	0.02003785
5090	-221.1192	-226.7523	5.633099	0.04281703	0.02742623	0.0153908	0.02742623
5100	-245.3504	-249.5544	4.203987	0.1107744	0.08878734	0.02198702	0.08878734
5110	-257.0087	-260.7366	3.727957	0.1307336	0.09596264	0.03477092	0.09596264
5120	-239.0535	-244.0441	4.990555	0.07816436	0.04732231	0.03084204	0.04732231
5130	-210.9205	-217.1782	6.257724	0.02349946	0.004401503	0.01909795	0.004401503
5140	-223.9755	-229.8992	5.923778	0.04787982	0.02244382	0.025436	0.02244382
5150	-226.8692	-231.5533	4.684103	0.05450045	0.04328377	0.01121668	0.04328377
5160	-212.1371	-218.2595	6.122428	0.0224267	0.008384101	0.0140426	0.008384101
5170	-231.4077	-236.6982	5.290599	0.06612062	0.0432555	0.02286512	0.0432555
5180	-216.1227	-222.4106	6.287914	0.03386019	0.01285195	0.02100824	0.01285195
5190	-255.4724	-259.5322	4.059769	0.1087836	0.06810978	0.04067378	0.06810978
5200	-215.3342	-221.6953	6.361121	0.03224666	0.007687962	0.0245587	0.007687962
5210	-225.6819	-231.7045	6.022581	0.04446672	0.009381636	0.03508508	0.009381636
5220	-285.7463	-289.7394	3.993106	0.08741846	0.01055979	0.07685867	0.01055979
5230	-213.8946	-219.3002	5.405633	0.01786661	0.008422402	0.009444204	0.008422402
5240	-220.6484	-226.5532	5.904743	0.04255344	0.02355739	0.01899605	0.02355739
5250	-265.0331	-265.8385	0.8053524	0.228384	0.22057	0.007813987	0.22057
5260	-239.157	-244.0002	4.84316	0.08407553	0.05754019	0.02653533	0.05754019
5270	-260.8031	-264.663	3.859898	0.1119627	0.06593815	0.04602458	0.06593815
5280	-224.0156	-229.4906	5.475033	0.04964152	0.03350943	0.01613209	0.03350943
5290	-220.6152	-226.7974	6.18219	0.03855938	0.007296652	0.03126273	0.007296652
5300	-245.6196	-250.5175	4.897914	0.07689282	0.03490199	0.04199082	0.03490199
5310	-276.729	-278.7508	2.021815	0.2564234	0.2247459	0.03167744	0.2247459
5320	-223.7939	-229.8275	6.033554	0.04569526	0.01684833	0.02884693	0.01684833
5330	-222.9668	-229.0923	6.125491	0.04256321	0.01115549	0.03140772	0.01115549
5340	-223.0486	-228.8141	5.765514	0.04762267	0.0279418	0.01968088	0.0279418
5350	-274.8586	-278.5932	3.734689	0.1022317	0.0390975	0.06313417	0.0390975
5360	-249.2203	-253.1114	3.891146	0.1269264	0.1052824	0.02164402	0.1052824
5370	-229.6747	-235.5381	5.863439	0.04964914	0.01248418	0.03716495	0.01248418
5380	-266.9795	-269.4979	2.51838	0.2225928	0.1999278	0.02266506	0.1999278
5390	-234.4845	-240.1751	5.690531	0.05271735	0.01059554	0.04212181	0.01059554
5400	-230.02	-234.9778	4.95783	0.06478985	0.0494459	0.01534395	0.0494459
5410	-217.4333	-223.6367	6.203433	0.03628517	0.01550279	0.02078238	0.01550279
5420	-238.9342	-243.8733	4.939146	0.080357	0.05139368	0.02896332	0.05139368
5430	-265.4934	-268.489	2.995561	0.1766788	0.1435957	0.03308312	0.1435957
5440	-215.5728	-221.9283	6.355478	0.03286463	0.009954927	0.02290971	0.009954927
5450	-214.712	-221.0893	6.377377	0.03132355	0.008191854	0.02313169	0.008191854
5460	-236.3443	-241.6955	5.351204	0.06522944	0.02978273	0.03544671	0.02978273
5470	-250.9838	-254.9047	3.920936	0.1267679	0.1007675	0.02600038	0.1007675
5480	-229.7741	-234.9594	5.185327	0.0639152	0.0457265	0.01818869	0.0457265
5490	-262.4912	-266.4046	3.913359	0.106115	0.05627678	0.04983825	0.05627678
5500	-249.3501	-253.4919	4.141884	0.1144794	0.08556695	0.02891245	0.08556695
5510	-277.8661	-280.9164	3.050266	0.134422	0.07704145	0.05738059	0.07704145
5520	-239.9963	-245.0972	5.10087	0.07281634	0.03663184	0.0361845	0.03663184
5530	-258.3188	-262.3289	4.010085	0.1068397	0.06194338	0.04489636	0.06194338
5540	-239.0919	-243.3779	4.285993	0.09300261	0.07749947	0.01550314	0.07749947
5550	-219.6252	-225.7766	6.15136	0.04016103	0.01678923	0.0233718	0.01678923
5560	-243.021	-248.1933	5.172321	0.06797276	0.02442048	0.04355228	0.02442048
5570	-223.6907	-229.2307	5.539976	0.03902828	0.002534263	0.03649402	0.002534263
5580	-220.1565	-226.3195	6.162989	0.04073797	0.01578441	0.02495356	0.01578441
5590	-224.823	-230.2214	5.398392	0.05151626	0.03558817	0.01592809	0.03558817
5600	-219.8924	-224.4343	4.541907	0.03251341	0.02435376	0.008159653	0.02435376
5610	-301.3332	-301.1705	-0.1626761	0.5299656	0.4981825	0.03178304	0.4981825
5620	-230.5556	-236.3949	5.839275	0.04940066	0.01052142	0.03887924	0.01052142
5630	-257.5431	-262.162	4.618862	0.06448318	0.003646981	0.0608362	0.003646981
5640	-260.4437	-263.7289	3.285181	0.1623629	0.1329982	0.02936473	0.1329982
5650	-252.4293	-256.1089	3.679514	0.1397469	0.117217	0.02252992	0.117217
5660	-244.1171	-248.6983	4.58119	0.09417776	0.06408726	0.0300905	0.06408726
5670	-248.0699	-252.8458	4.775887	0.08000927	0.03643019	0.04357908	0.03643019
5680	-214.9131	-220.5803	5.667156	0.02559946	0.01419396	0.0114055	0.01419396
5690	-239.1982	-244.5082	5.30992	0.06518214	0.02518052	0.04000161	0.02518052
5700	-236.5866	-241.6764	5.089789	0.0749185	0.04676464	0.02815386	0.04676464
5710	-214.8005	-221.0501	6.249632	0.03079514	0.01271607	0.01807908	0.01271607
5720	-251.3948	-256.0143	4.619566	0.08383778	0.03796832	0.04586946	0.03796832
5730	-221.641	-227.7597	6.118706	0.04276535	0.01594403	0.02682132	0.01594403
5740	-218.0503	-224.1596	6.109269	0.03737482	0.01790996	0.01946485	0.01790996
5750	-226.323	-232.2144	5.891343	0.04990619	0.02012694	0.02977925	0.02012694
5760	-313.7595	-315.3649	1.605407	0.173325	0.09319356	0.08013147	0.09319356
5770	-265.7878	-268.5736	2.785769	0.1994492	0.172207	0.02724221	0.172207
5780	-228.9056	-234.676	5.770472	0.05342892	0.02168313	0.03174579	0.02168313
5790	-221.4706	-227.6498	6.179262	0.04022886	0.009251095	0.03097777	0.009251095
5800	-243.724	-248.5839	4.859931	0.08031085	0.04287684	0.03743401	0.04287684
5810	-255.2369	-260.1522	4.915252	0.07000381	0.01361489	0.05638892	0.01361489
5820	-250.0818	-252.5449	2.463075	0.1382155	0.1289629	0.009252683	0.1289629
5830	-224.2444	-230.1711	5.926683	0.04807995	0.02195467	0.02612528	0.02195467
5840	-220.9844	-227.143	6.158616	0.04155828	0.01472488	0.02683341	0.01472488
5850	-220.5843	-226.5799	5.995655	0.03717361	0.004227504	0.0329461	0.004227504
5860	-221.2742	-227.1726	5.898464	0.04385839	0.02408364	0.01977475	0.02408364
5870	-217.4278	-223.6857	6.257876	0.03623062	0.01377098	0.02245964	0.01377098
5880	-257.2124	-261.6412	4.428813	0.08700062	0.0358814	0.05111922	0.0358814
5890	-237.6656	-242.4993	4.833655	0.0833118	0.06017706	0.02313474	0.06017706
5900	-241.3571	-246.5658	5.208685	0.06764252	0.02613959	0.04150293	0.02613959
5910	-224.1287	-229.8047	5.675995	0.05001719	0.03054476	0.01947243	0.03054476
5920	-239.4075	-244.3954	4.987914	0.07808163	0.0464944	0.03158723	0.0464944
5930	-271.6271	-274.2179	2.590771	0.1998473	0.1637849	0.03606235	0.1637849
5940	-216.0357	-222.3306	6.294959	0.03370496	0.01261783	0.02108713	0.01261783
5950	-253.0187	-257.6024	4.583712	0.08395746	0.03623335	0.04772411	0.03623335
5960	-228.2495	-233.8836	5.634116	0.0566047	0.03067776	0.02592694	0.03067776
5970	-239.4379	-244.1892	4.75126	0.08732893	0.06283554	0.02449339	0.06283554
5980	-213.4422	-219.7484	6.306183	0.02808347	0.01023713	0.01784634	0.01023713
5990	-217.6704	-223.9531	6.282742	0.03645627	0.01241955	0.02403672	0.01241955
6000	-213.7197	-219.3604	5.640693	0.02100916	0.0103579	0.01065127	0.0103579
6010	-253.8432	-256.8768	3.033652	0.1579193	0.1435409	0.01437839	0.1435409
6020	-265.2362	-268.8498	3.613571	0.119937	0.07147095	0.04846605	0.07147095
6030	-230.2635	-235.3244	5.060822	0.04397907	0.00195154	0.04202753	0.00195154
6040	-221.4019	-227.309	5.907166	0.04410476	0.02394888	0.02015589	0.02394888
6050	-212.6479	-218.2565	5.608575	0.0159512	0.005423325	0.01052788	0.005423325
6060	-222.116	-228.2743	6.158299	0.04119923	0.009983539	0.03121569	0.009983539
6070	-267.6537	-270.1815	2.527814	0.2219312	0.1976492	0.02428204	0.1976492
6080	-238.9474	-243.9498	5.002342	0.0777184	0.04676028	0.03095812	0.04676028
6090	-222.8972	-229.0116	6.114305	0.04325577	0.01310263	0.03015313	0.01310263
6100	-257.6179	-260.5052	2.887305	0.1774247	0.1614155	0.01600923	0.1614155
6110	-253.0443	-257.1746	4.130353	0.1087369	0.07132118	0.03741572	0.07132118
6120	-238.5859	-243.9307	5.344842	0.05202958	0.004305897	0.04772368	0.004305897
6130	-258.6269	-262.5662	3.939311	0.1107859	0.06691219	0.04387374	0.06691219
6140	-279.3963	-283.2069	3.810574	0.0968216	0.02808406	0.06873755	0.02808406
6150	-254.0322	-258.6157	4.58345	0.08314652	0.03391726	0.04922926	0.03391726
6160	-252.428	-256.0588	3.630721	0.1417311	0.1203278	0.02140325	0.1203278
6170	-219.0549	-225.3201	6.265138	0.03781441	0.01021754	0.02759688	0.01021754
6180	-235.4029	-239.7743	4.371444	0.08069091	0.06709687	0.01359404	0.06709687
6190	-216.8886	-223.0418	6.153202	0.03336059	0.004443647	0.02891694	0.004443647
6200	-214.9402	-220.3559	5.415712	0.02293351	0.01302771	0.009905809	0.01302771
6210	-227.0259	-232.186	5.160155	0.05680428	0.04172251	0.01508176	0.04172251
6220	-229.1834	-234.8411	5.657663	0.05656106	0.02781022	0.02875083	0.02781022
6230	-212.3104	-218.5343	6.223902	0.02683403	0.003945546	0.02288849	0.003945546
6240	-210.718	-216.9615	6.243518	0.02218164	0.004768053	0.01741359	0.004768053
6250	-216.8704	-223.1963	6.325857	0.03495625	0.01048323	0.02447302	0.01048323
6260	-215.09	-220.4751	5.385076	0.02315708	0.01334363	0.009813447	0.01334363
6270	-219.513	-225.6782	6.165175	0.03990412	0.01630927	0.02359485	0.01630927
6280	-221.8847	-227.9402	6.055558	0.04393886	0.01885615	0.02508271	0.01885615
6290	-278.4154	-280.2163	1.800925	0.2827284	0.2534138	0.02931458	0.2534138
6300	-250.534	-254.7162	4.182131	0.1099752	0.07686585	0.03310931	0.07686585
6310	-242.3747	-247.5414	5.166655	0.05448675	0.003935582	0.05055117	0.003935582
6320	-211.2745	-217.4984	6.223842	0.02466109	0.003911019	0.02075007	0.003911019
6330	-244.2455	-249.2573	5.011838	0.0732912	0.03116929	0.04212191	0.03116929
6340	-219.5153	-225.7064	6.19106	0.03968065	0.01514678	0.02453387	0.01514678
6350	-223.872	-229.6297	5.757699	0.04924789	0.02845768	0.02079021	0.02845768
6360	-225.5074	-231.4728	5.965454	0.04781485	0.01731051	0.03050435	0.01731051
6370	-246.769	-251.3907	4.621727	0.08883575	0.05143621	0.03739954	0.05143621
6380	-232.2413	-237.1967	4.9554	0.07082316	0.05334298	0.01748018	0.05334298
6390	-250.6726	-255.1187	4.446073	0.09317298	0.05238895	0.04078402	0.05238895
6400	-269.6726	-273.5942	3.921552	0.09833664	0.03877263	0.05956401	0.03877263
6410	-220.2615	-226.459	6.197479	0.04030089	0.01358321	0.02671769	0.01358321
6420	-230.423	-236.1422	5.719174	0.05478332	0.02124214	0.03354117	0.02124214
6430	-250.7376	-254.6776	3.940076	0.1257396	0.09973819	0.02600136	0.09973819
6440	-221.9452	-227.3995	5.454308	0.04413263	0.0299985	0.01413413	0.0299985
6450	-213.4075	-218.7659	5.35842	0.01411557	0.004449643	0.009665923	0.004449643
6460	-244.403	-249.0053	4.602279	0.09278307	0.06133974	0.03144333	0.06133974
6470	-218.4393	-224.7171	6.27788	0.03650571	0.008345302	0.02816041	0.008345302
6480	-253.9405	-258.1554	4.214929	0.1016006	0.06010977	0.04149081	0.06010977
6490	-219.8871	-225.0956	5.208545	0.03690859	0.02585305	0.01105554	0.02585305
6500	-223.8721	-229.9374	6.065285	0.04481859	0.01436084	0.03045775	0.01436084
6510	-220.0441	-226.1682	6.124192	0.03719928	0.005442354	0.03175692	0.005442354
6520	-216.3213	-222.5143	6.192988	0.03392796	0.01510357	0.01882439	0.01510357
6530	-218.0786	-224.179	6.10035	0.0374126	0.01810047	0.01931212	0.01810047
6540	-238.0262	-242.6989	4.672675	0.0870074	0.06690482	0.02010259	0.06690482
6550	-216.7412	-222.9585	6.217363	0.03492714	0.0149087	0.02001844	0.0149087
6560	-236.2789	-241.6666	5.387722	0.06392787	0.02760401	0.03632385	0.02760401
6570	-231.2633	-236.4114	5.148155	0.06748353	0.04799092	0.01949262	0.04799092
6580	-243.6541	-247.9808	4.326696	0.1046325	0.08280483	0.0218277	0.08280483
6590	-215.2591	-221.5862	6.327129	0.0322664	0.01141329	0.0208531	0.01141329
6600	-217.6391	-223.9384	6.299261	0.03621569	0.01130243	0.02491326	0.01130243
6610	-213.5179	-219.6317	6.113828	0.02618097	0.01152619	0.01465478	0.01152619
6620	-214.4438	-220.5766	6.132829	0.02888488	0.01322642	0.01565846	0.01322642
6630	-286.3993	-288.2402	1.840864	0.2256507	0.177122	0.04852864	0.177122
6640	-210.5284	-216.6736	6.145204	0.0202256	0.004486601	0.015739	0.004486601
6650	-255.8932	-260.7733	4.880067	0.07100482	0.01441135	0.05659347	0.01441135
6660	-272.9628	-276.3657	3.402912	0.1203157	0.06405928	0.05625641	0.06405928
6670	-250.1305	-253.4514	3.320858	0.1390748	0.1247465	0.01432835	0.1247465
6680	-220.0597	-226.2087	6.149	0.04076987	0.01654539	0.02422448	0.01654539
6690	-230.0949	-235.5808	5.485818	0.06108064	0.03553764	0.025543	0.03553764
6700	-218.636	-224.857	6.221043	0.03604882	0.006317634	0.02973118	0.006317634
6710	-220.5226	-226.0303	5.50769	0.0405765	0.02696906	0.01360744	0.02696906
6720	-283.3611	-284.7946	1.433464	0.316831	0.2857624	0.03106857	0.2857624
6730	-239.3687	-244.8112	5.442486	0.05371099	0.005992892	0.0477181	0.005992892
6740	-222.6748	-226.4242	3.749417	0.03660237	0.029894	0.006708365	0.029894
6750	-268.5601	-272.774	4.213924	0.08799161	0.02599178	0.06199983	0.02599178
6760	-237.8818	-243.3029	5.421102	0.0618791	0.02155346	0.04032564	0.02155346
6770	-246.9625	-251.8758	4.913216	0.07522735	0.03062332	0.04460403	0.03062332
6780	-239.7245	-244.6114	4.886889	0.08228438	0.05308741	0.02919697	0.05308741
6790	-224.8274	-230.7489	5.921502	0.0415766	0.005096335	0.03648027	0.005096335
6800	-227.6887	-233.0576	5.368939	0.0584992	0.0398337	0.0186655	0.0398337
6810	-222.4216	-227.5663	5.144756	0.04379587	0.03187221	0.01192366	0.03187221
6820	-223.6385	-229.6568	6.018283	0.04597034	0.01809981	0.02787053	0.01809981
6830	-235.2221	-240.0168	4.794681	0.07922905	0.06075095	0.0184781	0.06075095
6840	-253.0826	-256.0808	2.99823	0.1543908	0.1408546	0.0135362	0.1408546
6850	-244.339	-249.0386	4.699607	0.08764302	0.05337783	0.03426518	0.05337783
6860	-239.9657	-245.3282	5.362494	0.05351239	0.00501961	0.04849278	0.00501961
6870	-220.7631	-226.6926	5.929506	0.04280618	0.0231466	0.01965958	0.0231466
6880	-238.5287	-243.4627	4.934041	0.08062262	0.05276486	0.02785776	0.05276486
6890	-211.191	-217.2041	6.013118	0.01868604	0.005341678	0.01334436	0.005341678
6900	-215.504	-221.6222	6.118137	0.03144651	0.003795315	0.02765119	0.003795315
6910	-230.2323	-235.8958	5.663557	0.05651912	0.02517612	0.031343	0.02517612
6920	-214.9252	-219.9433	5.018075	0.0139836	0.005777351	0.008206249	0.005777351
6930	-233.2189	-238.5948	5.375883	0.06527289	0.03605786	0.02921503	0.03605786
6940	-219.7244	-225.9582	6.233817	0.03799346	0.008354173	0.02963929	0.008354173
6950	-236.0341	-241.5216	5.487428	0.06047996	0.0219497	0.03853027	0.0219497
6960	-224.9876	-230.9478	5.960157	0.04207477	0.005777696	0.03629708	0.005777696
6970	-221.6524	-227.511	5.858593	0.04465483	0.02514052	0.01951432	0.02514052
6980	-217.8281	-223.6959	5.867801	0.03366577	0.002924333	0.03074144	0.002924333
6990	-213.4905	-219.3287	5.838199	0.02281688	0.01090099	0.0119159	0.01090099
7000	-212.2976	-218.6053	6.307666	0.02540599	0.008342209	0.01706378	0.008342209
7010	-210.537	-216.7341	6.197042	0.02212031	0.004029527	0.01809079	0.004029527
7020	-244.19	-248.4461	4.256104	0.1073934	0.08623162	0.02116174	0.08623162
7030	-233.3408	-239.0728	5.731984	0.05205828	0.01108875	0.04096953	0.01108875
7040	-245.749	-248.9267	3.177644	0.119126	0.1081977	0.01092833	0.1081977
7050	-237.9361	-243.3073	5.371256	0.06365212	0.0244875	0.03916462	0.0244875
7060	-252.8568	-257.8299	4.973141	0.06938142	0.01514585	0.05423556	0.01514585
7070	-290.8003	-292.2179	1.417638	0.2638181	0.2162333	0.04758487	0.2162333
7080	-261.2611	-264.6764	3.415361	0.1469018	0.1113497	0.03555204	0.1113497
7090	-257.2283	-261.9954	4.767025	0.0744673	0.01807358	0.05639372	0.01807358
7100	-225.1615	-230.5622	5.400614	0.05238783	0.03610485	0.01628297	0.03610485
7110	-253.828	-257.9019	4.073951	0.1111034	0.07353605	0.03756735	0.07353605
7120	-229.6672	-235.4282	5.761004	0.05362005	0.02043492	0.03318512	0.02043492
7130	-222.0278	-227.5643	5.536414	0.04473754	0.02967378	0.01506376	0.02967378
7140	-210.5073	-216.4907	5.983378	0.01825319	0.003787562	0.01446563	0.003787562
7150	-219.0948	-225.3508	6.256008	0.03825185	0.01159436	0.0266575	0.01159436
7160	-245.4645	-250.3194	4.854852	0.07888856	0.038173	0.04071556	0.038173
7170	-228.9715	-234.5076	5.536074	0.05908595	0.03447101	0.02461494	0.03447101
7180	-224.1327	-230.0522	5.919479	0.0407776	0.004762217	0.03601538	0.004762217
7190	-247.9954	-252.3709	4.375544	0.1014483	0.06844916	0.03299916	0.06844916
7200	-266.0619	-268.3222	2.260294	0.2317286	0.2149621	0.01676646	0.2149621
7210	-224.7886	-230.5368	5.748249	0.05088504	0.02874545	0.02213959	0.02874545
7220	-230.1068	-235.8891	5.782304	0.05279036	0.01788708	0.03490329	0.01788708
7230	-231.6835	-237.0464	5.362866	0.04589683	0.002944918	0.04295191	0.002944918
7240	-262.1411	-266.8679	4.726793	0.07198101	0.009803027	0.06217799	0.009803027
7250	-241.0012	-246.0365	5.035292	0.07483363	0.03833633	0.03649731	0.03833633
7260	-215.7962	-221.576	5.77979	0.02938997	0.01659426	0.01279571	0.01659426
7270	-223.1704	-227.4351	4.264725	0.04102316	0.03284375	0.008179418	0.03284375
7280	-235.0445	-239.6072	4.562759	0.07959702	0.06442699	0.01517003	0.06442699
7290	-226.379	-232.3761	5.997083	0.04596731	0.01117478	0.03479253	0.01117478
7300	-249.3566	-253.6531	4.296484	0.1043387	0.07052365	0.03381504	0.07052365
7310	-210.315	-215.604	5.288948	0.0203816	0.001360238	0.01902136	0.001360238
7320	-240.6855	-245.661	4.975459	0.07772536	0.04359438	0.03413097	0.04359438
7330	-233.4656	-238.9728	5.507268	0.06089395	0.02711848	0.03377547	0.02711848
7340	-216.365	-222.671	6.306048	0.03431832	0.01220029	0.02211803	0.01220029
7350	-221.2909	-226.0412	4.75033	0.03814699	0.0287815	0.009365482	0.0287815
7360	-260.941	-265.3122	4.371145	0.0865963	0.03142974	0.05516655	0.03142974
7370	-231.3004	-236.6595	5.359094	0.06476022	0.04028862	0.0244716	0.04028862
7380	-225.417	-231.2293	5.812332	0.05096933	0.02582801	0.02514133	0.02582801
7390	-242.0186	-247.4016	5.382908	0.06055757	0.01381309	0.04674447	0.01381309
7400	-266.0769	-269.9014	3.824548	0.1062425	0.05270131	0.05354116	0.05270131
7410	-212.6173	-218.8423	6.22506	0.02508239	0.009441579	0.01564081	0.009441579
7420	-225.5742	-231.5855	6.01137	0.04624451	0.01350534	0.03273918	0.01350534
7430	-218.5978	-224.4279	5.830114	0.03738856	0.02189302	0.01549554	0.02189302
7440	-238.9401	-244.2795	5.339421	0.06425027	0.02400131	0.04024897	0.02400131
7450	-210.4896	-216.6728	6.183137	0.0210986	0.004345418	0.01675318	0.004345418
7460	-238.6235	-243.8153	5.191771	0.07004507	0.03424098	0.03580409	0.03424098
7470	-262.568	-265.7177	3.149697	0.1699901	0.1395188	0.03047128	0.1395188
7480	-236.0862	-240.4942	4.407977	0.08297211	0.06857753	0.01439458	0.06857753
7490	-233.4835	-238.9938	5.510224	0.06078802	0.02688577	0.03390225	0.02688577
7500	-210.9564	-217.1935	6.237019	0.02179975	0.005636033	0.01616372	0.005636033
7510	-226.588	-230.7057	4.117689	0.05080973	0.04219632	0.008613414	0.04219632
7520	-216.264	-222.3763	6.11228	0.03332355	0.01613124	0.0171923	0.01613124
7530	-255.4676	-258.9149	3.447276	0.1541085	0.1314248	0.02268376	0.1314248
7540	-227.3594	-232.9515	5.592049	0.05629751	0.03336525	0.02293226	0.03336525
7550	-227.12	-232.8307	5.710707	0.05423676	0.02847216	0.02576461	0.02847216
7560	-288.8499	-289.366	0.5160587	0.4471621	0.4267605	0.02040152	0.4267605
7570	-230.5431	-235.6215	5.078419	0.06611968	0.04870347	0.01741621	0.04870347
7580	-235.8522	-241.4538	5.601623	0.05625813	0.01483598	0.04142215	0.01483598
7590	-226.2296	-232.0605	5.830892	0.05126818	0.0237423	0.02752588	0.0237423
7600	-222.0351	-227.6285	5.593399	0.04499157	0.0292448	0.01574677	0.0292448
7610	-227.6875	-233.623	5.935525	0.04807501	0.01299934	0.03507567	0.01299934
7620	-221.8243	-227.5537	5.729466	0.04490271	0.02746933	0.01743338	0.02746933
7630	-211.9722	-218.2479	6.275699	0.02622338	0.004384194	0.02183919	0.004384194
7640	-227.5357	-233.2671	5.731408	0.05411566	0.02679215	0.0273235	0.02679215
7650	-229.5584	-235.1289	5.570552	0.05884587	0.03195162	0.02689425	0.03195162
7660	-231.7353	-237.4685	5.733172	0.04805526	0.006297293	0.04175797	0.006297293
7670	-218.5785	-224.8402	6.261696	0.03643422	0.007609162	0.02882505	0.007609162
7680	-216.8729	-223.2015	6.328618	0.03489845	0.01011828	0.02478018	0.01011828
7690	-243.0684	-247.5661	4.497784	0.0983698	0.07327342	0.02509638	0.07327342
7700	-295.7723	-297.8847	2.11232	0.1675936	0.1009528	0.0666408	0.1009528
7710	-216.9318	-222.5296	5.597815	0.03115527	0.0191058	0.01204948	0.0191058
7720	-234.821	-240.4177	5.596669	0.05717418	0.01800509	0.0391691	0.01800509
7730	-220.9281	-227.1031	6.175063	0.0389575	0.007475038	0.03148246	0.007475038
7740	-231.7782	-237.437	5.658744	0.0563754	0.02172596	0.03464944	0.02172596
7750	-245.4428	-249.8072	4.364355	0.1045321	0.07803855	0.0264935	0.07803855
7760	-236.0418	-241.6749	5.633075	0.05353076	0.00984871	0.04368205	0.00984871
7770	-246.2968	-248.999	2.702214	0.1201381	0.1111007	0.009037378	0.1111007
7780	-280.9561	-284.2381	3.282004	0.1172436	0.05282393	0.06441971	0.05282393
7790	-254.4212	-259.2097	4.788455	0.07521172	0.02204749	0.05316423	0.02204749
7800	-217.0296	-222.294	5.264407	0.0287099	0.01864924	0.01006066	0.01864924
7810	-211.191	-216.4465	5.255544	0.02304199	0.001302834	0.02173915	0.001302834
7820	-217.2753	-223.0422	5.766867	0.03345387	0.01974992	0.01370395	0.01974992
7830	-211.6091	-217.9038	6.294698	0.02375066	0.007010441	0.01674022	0.007010441
7840	-249.2786	-253.3379	4.05929	0.1194585	0.09327119	0.02618735	0.09327119
7850	-210.0233	-215.6409	5.617588	0.01953613	0.001873236	0.01766289	0.001873236
7860	-269.6975	-272.3049	2.60738	0.2071	0.1754425	0.03165746	0.1754425
7870	-271.2485	-274.0425	2.793997	0.1758739	0.1349391	0.04093483	0.1349391
7880	-232.7564	-238.275	5.518571	0.06071213	0.02816377	0.03254836	0.02816377
7890	-242.8133	-247.7536	4.940279	0.0774811	0.03978954	0.03769156	0.03978954
7900	-246.0315	-250.5241	4.492589	0.0970844	0.06515992	0.03192448	0.06515992
7910	-235.1647	-240.8261	5.661402	0.05374998	0.01143952	0.04231046	0.01143952
7920	-219.4479	-225.6845	6.236624	0.03893522	0.01244041	0.02649481	0.01244041
7930	-216.4546	-222.6035	6.148943	0.03399847	0.01590644	0.01809203	0.01590644
7940	-223.5087	-229.4637	5.954981	0.0469684	0.02157001	0.02539839	0.02157001
7950	-273.4454	-273.018	-0.4273788	0.2962447	0.2896555	0.006589253	0.2896555
7960	-236.5846	-241.6033	5.018705	0.07728707	0.05128471	0.02600236	0.05128471
7970	-231.4402	-237.1039	5.663668	0.05631447	0.0222548	0.03405967	0.0222548
7980	-224.5443	-230.3183	5.774006	0.05029275	0.02795019	0.02234256	0.02795019
7990	-263.7328	-266.1909	2.458099	0.2149891	0.1981474	0.01684162	0.1981474
8000	-214.7489	-220.5728	5.823873	0.0298136	0.002419889	0.02739371	0.002419889
8010	-217.8487	-223.9847	6.136068	0.0370141	0.01724828	0.01976582	0.01724828
8020	-236.4377	-242.0139	5.576184	0.05687866	0.01507004	0.04180863	0.01507004
8030	-221.8046	-227.849	6.044462	0.04397918	0.01943608	0.0245431	0.01943608
8040	-212.7449	-218.9422	6.197345	0.02506461	0.009778614	0.01528599	0.009778614
8050	-261.4083	-265.7496	4.341262	0.08743521	0.03211668	0.05531853	0.03211668
8060	-279.9352	-281.3376	1.402384	0.3334908	0.3112387	0.02225211	0.3112387
8070	-210.1826	-216.2429	6.060331	0.02052741	0.003285554	0.01724186	0.003285554
8080	-276.9516	-279.7404	2.788786	0.1564483	0.1049504	0.05149793	0.1049504
8090	-211.7285	-217.2674	5.538975	0.02468887	0.001661957	0.02302692	0.001661957
8100	-238.0328	-243.5235	5.490739	0.05920097	0.01679144	0.04240953	0.01679144
8110	-239.2293	-243.9729	4.743678	0.08737877	0.0635191	0.02385967	0.0635191
8120	-239.2719	-244.6647	5.392803	0.06211918	0.01996793	0.04215125	0.01996793
8130	-217.8733	-223.9604	6.087141	0.03692669	0.01818055	0.01874613	0.01818055
8140	-244.9925	-250.0534	5.060903	0.07088644	0.0264474	0.04443903	0.0264474
8150	-227.355	-232.9436	5.58866	0.05633174	0.03349506	0.02283668	0.03349506
8160	-229.7074	-235.2655	5.558081	0.05921858	0.03237154	0.02684704	0.03237154
8170	-221.2106	-227.3391	6.128533	0.04225834	0.01611296	0.02614537	0.01611296
8180	-223.8068	-229.497	5.690129	0.04931887	0.03003057	0.01928831	0.03003057
8190	-216.1253	-222.4577	6.332351	0.03327753	0.007235441	0.02604209	0.007235441
8200	-257.7916	-260.2271	2.435475	0.1816713	0.1695045	0.01216677	0.1695045
8210	-216.0947	-221.9147	5.819993	0.03059625	0.017236	0.01336025	0.017236
8220	-236.5303	-241.7577	5.227456	0.0697954	0.03753983	0.03225558	0.03753983
8230	-235.4374	-240.7414	5.30402	0.06736239	0.03527355	0.03208883	0.03527355
8240	-231.6436	-236.9969	5.353334	0.06519878	0.04017482	0.02502396	0.04017482
8250	-213.8396	-219.228	5.388382	0.01712094	0.007758073	0.009362865	0.007758073
8260	-272.3059	-275.3061	3.000175	0.1508863	0.1029748	0.04791152	0.1029748
8270	-238.146	-243.36	5.213984	0.06946141	0.03404777	0.03541364	0.03404777
8280	-213.2897	-219.6114	6.321678	0.02870658	0.00519186	0.02351472	0.00519186
8290	-222.7669	-228.362	5.59504	0.04683479	0.03034863	0.01648616	0.03034863
8300	-221.2189	-227.1204	5.901477	0.03751675	0.003714368	0.03380238	0.003714368
8310	-214.5445	-220.8593	6.31479	0.03069322	0.0113342	0.01935902	0.0113342
8320	-270.9689	-274.5756	3.60672	0.1117038	0.0549719	0.05673192	0.0549719
8330	-214.8147	-220.8021	5.987366	0.03021982	0.002988213	0.02723161	0.002988213
8340	-211.3585	-217.2593	5.900812	0.02454312	0.002398169	0.02214496	0.002398169
8350	-231.8822	-237.1803	5.298058	0.06657158	0.04258969	0.02398189	0.04258969
8360	-246.0259	-250.1773	4.151443	0.1134054	0.09143656	0.02196879	0.09143656
8370	-241.0961	-245.2111	4.114938	0.1002992	0.08500018	0.01529897	0.08500018
8380	-268.6305	-272.1428	3.512218	0.1204488	0.06854392	0.0519049	0.06854392
8390	-235.0275	-239.4282	4.400667	0.07948311	0.06588307	0.01360003	0.06588307
8400	-284.2531	-285.1973	0.9442201	0.388344	0.3676764	0.02066759	0.3676764
8410	-237.6376	-242.7592	5.121666	0.07344071	0.04186054	0.03158018	0.04186054
8420	-242.0344	-247.1448	5.110328	0.07096528	0.03054192	0.04042336	0.03054192
8430	-220.8339	-226.8369	6.002983	0.04282377	0.02136308	0.0214607	0.02136308
8440	-254.2274	-257.7376	3.510196	0.1495619	0.1276969	0.02186496	0.1276969
8450	-266.8794	-270.5828	3.703332	0.1117436	0.05908646	0.05265714	0.05908646
8460	-210.0844	-215.697	5.612588	0.01780969	0.00202488	0.01578481	0.00202488
8470	-270.5436	-275.0056	4.46191	0.07667296	0.00882279	0.06785017	0.00882279
8480	-234.9822	-240.5053	5.523085	0.05973358	0.02232024	0.03741334	0.02232024
8490	-217.3785	-222.7678	5.389228	0.03080998	0.01990092	0.01090905	0.01990092
8500	-216.8974	-223.2166	6.31923	0.03442379	0.007758324	0.02666546	0.007758324
8510	-243.1739	-248.4828	5.308923	0.06280245	0.01599114	0.04681131	0.01599114
8520	-272.293	-276.0979	3.804895	0.1012096	0.04010485	0.06110471	0.04010485
8530	-247.0171	-252.1753	5.158154	0.05892274	0.005645204	0.05327753	0.005645204
8540	-226.8457	-231.9632	5.117504	0.05619352	0.04170248	0.01449104	0.04170248
8550	-217.1448	-221.6494	4.504505	0.0220835	0.01486257	0.007220931	0.01486257
8560	-256.3736	-260.3789	4.005323	0.1107056	0.06958969	0.04111592	0.06958969
8570	-226.9217	-232.7336	5.811971	0.05201653	0.02351327	0.02850326	0.02351327
8580	-211.7925	-217.9293	6.136823	0.02173554	0.007563397	0.01417215	0.007563397
8590	-239.2288	-244.719	5.490221	0.05440408	0.007255289	0.04714879	0.007255289
8600	-242.8608	-247.8178	4.956955	0.07669963	0.03847945	0.03822018	0.03847945
8610	-239.0851	-244.2358	5.150634	0.07140061	0.03576232	0.03563829	0.03576232
8620	-224.332	-230.2528	5.920792	0.0482511	0.02211978	0.02613131	0.02211978
8630	-215.4679	-220.6971	5.22912	0.02285853	0.01363752	0.009221015	0.01363752
8640	-220.0787	-226.1141	6.035384	0.04137661	0.02041169	0.02096492	0.02041169
8650	-220.3257	-224.7039	4.378211	0.03283205	0.02505861	0.00777344	0.02505861
8660	-231.3327	-237.1406	5.807896	0.04941382	0.009319274	0.04009454	0.009319274
8670	-221.3949	-227.0148	5.61993	0.0434656	0.02798383	0.01548176	0.02798383
8680	-233.0607	-238.6283	5.567584	0.05899341	0.0243105	0.03468291	0.0243105
8690	-260.1741	-263.3218	3.147755	0.1744696	0.1498612	0.02460835	0.1498612
8700	-255.5237	-258.6495	3.125757	0.1644096	0.1475039	0.01690563	0.1475039
8710	-220.9537	-226.4066	5.452935	0.04143626	0.0280218	0.01341446	0.0280218
8720	-217.5415	-223.7431	6.20157	0.03649204	0.01557559	0.02091645	0.01557559
8730	-229.9274	-235.7773	5.849983	0.0501085	0.01293713	0.03717138	0.01293713
8740	-229.0859	-234.7849	5.699024	0.05544981	0.0256069	0.02984291	0.0256069
8750	-226.5027	-232.4879	5.985232	0.04668478	0.01245534	0.03422944	0.01245534
8760	-267.3894	-270.6705	3.281107	0.1402369	0.09508691	0.04514997	0.09508691
8770	-293.7557	-294.5531	0.7974155	0.3611147	0.3221633	0.03895136	0.3221633
8780	-212.1778	-218.3965	6.218683	0.0238777	0.008535943	0.01534176	0.008535943
8790	-211.4597	-217.723	6.263346	0.02508733	0.004264571	0.02082276	0.004264571
8800	-215.8177	-221.8178	6.000027	0.03134892	0.01625105	0.01509787	0.01625105
8810	-239.3187	-243.9514	4.632724	0.09019614	0.06888486	0.02131128	0.06888486
8820	-263.0765	-267.7219	4.645417	0.07558162	0.01399187	0.06158975	0.01399187
8830	-214.0889	-220.4734	6.384478	0.03022926	0.008164965	0.02206429	0.008164965
8840	-221.5482	-227.4467	5.898514	0.04440478	0.02420928	0.0201955	0.02420928
8850	-226.3119	-232.2588	5.946864	0.04834119	0.01653025	0.03181094	0.01653025
8860	-216.4918	-222.5912	6.099334	0.03379068	0.01655847	0.01723221	0.01655847
8870	-248.8008	-253.6287	4.827874	0.07726665	0.03142391	0.04584275	0.03142391
8880	-218.2006	-224.4844	6.2838	0.03701546	0.01138292	0.02563254	0.01138292
8890	-223.2428	-229.2699	6.027127	0.04556111	0.01832331	0.0272378	0.01832331
8900	-245.4505	-250.1828	4.732217	0.08469078	0.04708372	0.03760706	0.04708372
8910	-270.8175	-275.13	4.312597	0.08362535	0.01803495	0.0655904	0.01803495
8920	-227.4306	-233.0448	5.614193	0.05610533	0.03245079	0.02365454	0.03245079
8930	-243.5881	-248.4915	4.903365	0.07843983	0.04014576	0.03829407	0.04014576
8940	-220.6142	-226.5991	5.984953	0.04246645	0.02181574	0.02065071	0.02181574
8950	-231.3489	-236.7631	5.414157	0.06358982	0.03743289	0.02615693	0.03743289
8960	-254.9991	-259.6528	4.653703	0.0797422	0.0279734	0.05176879	0.0279734
8970	-219.3096	-225.5614	6.251766	0.03763348	0.008676679	0.0289568	0.008676679
8980	-252.5069	-255.201	2.694156	0.1517439	0.1405618	0.01118209	0.1405618
8990	-239.5845	-245.0617	5.477189	0.05847683	0.01349229	0.04498454	0.01349229
9000	-248.1025	-252.0182	3.915748	0.1240192	0.1036909	0.02032836	0.1036909
9010	-219.9226	-226.1195	6.196838	0.04004336	0.01427322	0.02577015	0.01427322
9020	-230.6908	-236.3338	5.643058	0.05710475	0.0253647	0.03174005	0.0253647
9030	-221.1398	-227.2786	6.138746	0.03878156	0.006527804	0.03225375	0.006527804
9040	-276.4084	-279.6904	3.281924	0.1224708	0.06350985	0.05896095	0.06350985
9050	-220.6086	-226.7216	6.113068	0.04180628	0.01760715	0.02419913	0.01760715
9060	-225.6704	-231.563	5.892601	0.04966008	0.02138436	0.02827572	0.02138436
9070	-215.0339	-221.3328	6.298943	0.03166105	0.01206377	0.01959728	0.01206377
9080	-218.1576	-223.8513	5.693738	0.03366544	0.00238788	0.03127756	0.00238788
9090	-231.887	-237.2567	5.369625	0.06500675	0.03898843	0.02601833	0.03898843
9100	-225.9334	-231.9265	5.993094	0.04389934	0.007722586	0.03617675	0.007722586
9110	-236.5306	-241.9904	5.459748	0.06121334	0.02245347	0.03875987	0.02245347
9120	-214.3069	-220.2308	5.923883	0.02639431	0.01327587	0.01311843	0.01327587
9130	-221.2218	-227.2568	6.034925	0.03809824	0.00483875	0.03325949	0.00483875
9140	-236.1206	-240.5468	4.426145	0.0830814	0.06848343	0.01459796	0.06848343
9150	-216.9575	-223.1058	6.14829	0.03513738	0.01639418	0.01874321	0.01639418
9160	-218.3327	-223.9176	5.584897	0.03365374	0.002131471	0.03152227	0.002131471
9170	-214.0553	-220.4162	6.36089	0.02997734	0.009723563	0.02025378	0.009723563
9180	-229.6107	-235.0332	5.422506	0.06165862	0.03882393	0.0228347	0.03882393
9190	-228.596	-233.7566	5.160572	0.04273016	0.002030826	0.04069934	0.002030826
9200	-218.1105	-223.1742	5.063708	0.03054846	0.02099964	0.009548811	0.02099964
9210	-227.7956	-233.6508	5.855131	0.05099567	0.01897047	0.0320252	0.01897047
9220	-225.6362	-231.4904	5.854214	0.04205318	0.004665085	0.0373881	0.004665085
9230	-272.0364	-275.9922	3.955839	0.0954167	0.03272715	0.06268955	0.03272715
9240	-220.2157	-226.4283	6.21262	0.0384383	0.008087871	0.03035043	0.008087871
9250	-238.9335	-244.1636	5.230119	0.06834427	0.03087304	0.03747122	0.03087304
9260	-232.3909	-237.5247	5.133827	0.06986819	0.04896348	0.02090471	0.04896348
9270	-257.2558	-261.5255	4.269707	0.06308817	0.002235761	0.06085241	0.002235761
9280	-230.5738	-236.3177	5.743923	0.04674157	0.005643469	0.0410981	0.005643469
9290	-258.8779	-262.0949	3.217047	0.1696702	0.1459733	0.02369682	0.1459733
9300	-224.4107	-230.4692	6.05842	0.04489557	0.01314777	0.0317478	0.01314777
9310	-253.0272	-256.8332	3.806015	0.132667	0.1053321	0.02733486	0.1053321
9320	-333.0948	-332.3269	-0.7678987	0.3811116	0.3073603	0.07375124	0.3073603
9330	-226.1408	-231.5226	5.381797	0.05482152	0.03778732	0.01703421	0.03778732
9340	-226.0738	-231.4094	5.335578	0.05461081	0.03828308	0.01632774	0.03828308
9350	-270.1132	-274.2636	4.150389	0.08943664	0.0265134	0.06292324	0.0265134
9360	-228.0843	-233.2455	5.161185	0.05966359	0.04363577	0.01602783	0.04363577
9370	-231.3589	-236.7633	5.404409	0.06382655	0.03793534	0.0258912	0.03793534
9380	-234.0412	-239.6587	5.61742	0.05684094	0.01864768	0.03819326	0.01864768
9390	-236.9085	-242.3959	5.487454	0.06001268	0.01979873	0.04021395	0.01979873
9400	-215.8732	-222.2011	6.327811	0.03282988	0.006769639	0.02606024	0.006769639
9410	-214.7494	-220.648	5.898634	0.02744656	0.0142747	0.01317186	0.0142747
9420	-225.761	-230.2654	4.504389	0.05022966	0.04036525	0.009864418	0.04036525
9430	-268.4124	-272.1645	3.752068	0.1072221	0.05165125	0.0555709	0.05165125
9440	-214.7291	-220.7225	5.993429	0.03011733	0.003002111	0.02711522	0.003002111
9450	-249.4809	-253.1919	3.711035	0.1322815	0.1137351	0.01854643	0.1137351
9460	-210.3337	-215.7475	5.413794	0.02084409	0.00150081	0.01934328	0.00150081
9470	-213.3032	-219.6706	6.367382	0.0288039	0.006184738	0.02261916	0.006184738
9480	-253.5313	-257.6213	4.090017	0.110576	0.0732153	0.03736068	0.0732153
9490	-210.5788	-215.7829	5.204166	0.01597141	0.001501385	0.01447003	0.001501385
9500	-224.3312	-229.9586	5.627422	0.05052918	0.03169216	0.01883701	0.03169216
9510	-243.4476	-247.8725	4.424856	0.05331339	0.001654756	0.05165864	0.001654756
9520	-232.4149	-237.5215	5.106623	0.07021501	0.04984653	0.02036847	0.04984653
9530	-225.7265	-231.7432	6.016713	0.04424025	0.008816963	0.03542329	0.008816963
9540	-216.7091	-222.8979	6.188795	0.03326727	0.004743911	0.02852336	0.004743911
9550	-258.084	-261.2754	3.191406	0.1702621	0.1486962	0.02156583	0.1486962
9560	-280.2589	-284.3515	4.092606	0.08698127	0.01443631	0.07254496	0.01443631
9570	-269.6592	-273.5544	3.895279	0.09944449	0.0402472	0.0591973	0.0402472
9580	-227.2728	-232.9463	5.673526	0.05502426	0.03002988	0.02499438	0.03002988
9590	-289.7077	-291.2866	1.578896	0.2453408	0.1963296	0.04901123	0.1963296
9600	-210.5502	-216.7544	6.204138	0.02147735	0.004454327	0.01702302	0.004454327
9610	-211.6299	-217.9491	6.31917	0.02423611	0.006814602	0.0174215	0.006814602
9620	-210.7442	-216.8015	6.05729	0.01892975	0.004615705	0.01431405	0.004615705
9630	-262.2356	-264.9797	2.744024	0.1998824	0.1805511	0.01933123	0.1805511
9640	-214.9464	-220.9201	5.973751	0.02874152	0.01466574	0.01407578	0.01466574
9650	-231.1205	-235.3962	4.275751	0.06611525	0.05533763	0.01077762	0.05533763
9660	-259.7429	-263.0382	3.295239	0.1629823	0.1350608	0.02792143	0.1350608
9670	-223.0079	-228.7049	5.696978	0.04757898	0.0292396	0.01833938	0.0292396
9680	-267.8997	-272.2697	4.369983	0.08298484	0.01979148	0.06319336	0.01979148
9690	-224.0992	-227.787	3.687791	0.04078529	0.03393557	0.006849717	0.03393557
9700	-229.8574	-235.3865	5.529153	0.05996835	0.0336617	0.02630666	0.0336617
9710	-233.133	-238.809	5.676014	0.0490879	0.006166073	0.04292182	0.006166073
9720	-220.3307	-226.4565	6.12578	0.0413314	0.01730859	0.02402281	0.01730859
9730	-219.1054	-225.2651	6.159667	0.03622709	0.00546309	0.030764	0.00546309
9740	-223.4395	-229.4098	5.970342	0.04667676	0.02093711	0.02573965	0.02093711
9750	-252.6715	-256.1256	3.454182	0.1475256	0.1291029	0.01842266	0.1291029
9760	-251.2806	-256.2471	4.966577	0.07060612	0.01864654	0.05195957	0.01864654
9770	-238.7293	-242.8306	4.101308	0.09194916	0.07849646	0.0134527	0.07849646
9780	-217.1821	-223.4885	6.306328	0.03558818	0.01155975	0.02402843	0.01155975
9790	-243.9876	-249.2962	5.308618	0.05754924	0.006764763	0.05078447	0.006764763
9800	-217.9096	-224.1883	6.278742	0.0367999	0.01234898	0.02445092	0.01234898
9810	-294.5593	-297.879	3.319641	0.1072066	0.02893251	0.0782741	0.02893251
9820	-218.5165	-224.4696	5.953165	0.03784835	0.02069455	0.0171538	0.02069455
9830	-241.4761	-246.5571	5.081	0.07254518	0.0338951	0.03865009	0.0338951
9840	-245.1848	-249.8124	4.627663	0.09050772	0.05644303	0.03406469	0.05644303
9850	-214.6513	-220.2634	5.612135	0.0241238	0.01321875	0.01090505	0.01321875
9860	-279.6254	-282.9196	3.29424	0.1179869	0.0549383	0.06304858	0.0549383
9870	-244.9668	-248.8818	3.914959	0.1148249	0.09838495	0.01643999	0.09838495
9880	-257.1035	-261.1667	4.063252	0.1056109	0.06172122	0.0438897	0.06172122
9890	-266.8216	-271.3041	4.482512	0.07959572	0.01612044	0.06347528	0.01612044
9900	-218.6116	-224.715	6.10342	0.03531338	0.004550688	0.0307627	0.004550688
9910	-231.6081	-237.2544	5.646335	0.05683264	0.02293777	0.03389487	0.02293777
9920	-303.3634	-305.1051	1.741713	0.1811311	0.1104107	0.07072038	0.1104107
9930	-265.5523	-268.8329	3.280594	0.1457948	0.1043059	0.04148884	0.1043059
9940	-218.3232	-224.6083	6.285096	0.0364706	0.008693022	0.02777757	0.008693022
9950	-220.3368	-225.3826	5.04574	0.03716293	0.02679981	0.01036312	0.02679981
9960	-274.4133	-277.1245	2.711177	0.1723532	0.1269726	0.04538062	0.1269726
9970	-211.1994	-217.4988	6.299379	0.02330596	0.005885099	0.01742086	0.005885099
9980	-258.1623	-261.8253	3.662997	0.1332333	0.09765685	0.03557642	0.09765685
9990	-239.9564	-244.9547	4.99829	0.07726223	0.04409836	0.03316387	0.04409836
10000	-250.5765	-255.1723	4.595816	0.08570494	0.04168194	0.044023	0.04168194
