Iteration	Posterior	Likelihood	Prior	birth_rate	death_rate	diversification	turnover
0	-217.8062	-224.0676	6.26134	0.03520705	0.006618734	0.02858831	0.006618734
10	-223.9428	-230.0327	6.089905	0.04348253	0.01094816	0.03253437	0.01094816
20	-278.3877	-280.8876	2.499924	0.1801607	0.1320746	0.04808612	0.1320746
30	-260.434	-264.1062	3.672181	0.126268	0.08534643	0.04092157	0.08534643
40	-217.4224	-223.4404	6.018024	0.03555302	0.01860416	0.01694886	0.01860416
50	-220.941	-226.6086	5.667535	0.04251766	0.02686993	0.01564773	0.02686993
60	-227.6818	-233.6266	5.944818	0.04614976	0.009093443	0.03705631	0.009093443
70	-213.7798	-219.9638	6.183914	0.02918344	0.003888373	0.02529507	0.003888373
80	-232.9778	-238.6197	5.641878	0.05648758	0.019777	0.03671058	0.019777
90	-252.9223	-257.797	4.874716	0.07297653	0.02037899	0.05259753	0.02037899
100	-212.9178	-219.1684	6.250586	0.0261665	0.00990211	0.01626439	0.00990211
110	-231.8612	-237.651	5.789791	0.05047153	0.01044874	0.04002279	0.01044874
120	-243.9408	-248.4674	4.526531	0.09708091	0.06913285	0.02794805	0.06913285
130	-216.3857	-222.4746	6.088899	0.03250686	0.003797635	0.02870922	0.003797635
140	-236.6141	-242.1037	5.489634	0.0600958	0.0203846	0.0397112	0.0203846
150	-221.8097	-227.1143	5.304596	0.04296383	0.03022865	0.01273517	0.03022865
160	-216.7332	-222.4025	5.669359	0.03116164	0.01868302	0.01247862	0.01868302
170	-211.9465	-218.0727	6.126157	0.02197234	0.007918341	0.014054	0.007918341
180	-218.6358	-224.8063	6.170527	0.03850877	0.0165051	0.02200367	0.0165051
190	-210.8713	-216.1702	5.298887	0.02233085	0.001348747	0.0209821	0.001348747
200	-211.6566	-217.9871	6.330592	0.0245164	0.006697066	0.01781933	0.006697066
210	-231.2727	-237.0637	5.790942	0.04845629	0.00766777	0.04078852	0.00766777
220	-213.9932	-220.3561	6.362888	0.02986284	0.009610395	0.02025244	0.009610395
230	-214.2635	-219.7029	5.439379	0.02040115	0.01066601	0.009735144	0.01066601
240	-277.7699	-280.2682	2.498309	0.1827534	0.1358387	0.04691475	0.1358387
250	-299.8861	-302.6989	2.812819	0.1233885	0.0447912	0.07859728	0.0447912
260	-229.8652	-235.6843	5.819071	0.05156308	0.01590719	0.03565589	0.01590719
270	-210.3307	-216.21	5.879307	0.01777131	0.00307233	0.01469898	0.00307233
280	-228.4914	-233.906	5.414564	0.05991241	0.03920271	0.02070971	0.03920271
290	-216.071	-220.7698	4.698772	0.0131588	0.005797317	0.007361481	0.005797317
300	-215.7569	-222.0285	6.271576	0.03306775	0.01314908	0.01991867	0.01314908
310	-211.6094	-217.4123	5.802936	0.0166007	0.004613308	0.01198739	0.004613308
320	-224.9036	-230.9582	6.054567	0.04418844	0.01038679	0.03380164	0.01038679
330	-216.0277	-222.3063	6.278583	0.03365015	0.01309616	0.02055399	0.01309616
340	-211.6895	-217.6697	5.980278	0.01914295	0.006409924	0.01273302	0.006409924
350	-211.7953	-218.1331	6.337788	0.02572583	0.005354008	0.02037183	0.005354008
360	-217.5302	-223.8037	6.27355	0.03632591	0.01304066	0.02328526	0.01304066
370	-215.9289	-222.2807	6.351754	0.03319923	0.008188927	0.02501031	0.008188927
380	-219.1011	-222.9529	3.851855	0.02470147	0.01852452	0.006176944	0.01852452
390	-220.748	-226.8693	6.121258	0.04188973	0.01710168	0.02478805	0.01710168
400	-226.4363	-232.2024	5.766068	0.05266758	0.02671873	0.02594885	0.02671873
410	-226.4921	-232.1237	5.631534	0.05458947	0.03226582	0.02232365	0.03226582
420	-246.4084	-250.6415	4.233059	0.1107096	0.08588726	0.02482237	0.08588726
430	-261.8843	-266.4948	4.610497	0.07757312	0.01791688	0.05965624	0.01791688
440	-217.7012	-221.7047	4.003501	0.01547507	0.009491378	0.005983692	0.009491378
450	-217.6753	-223.4664	5.791094	0.03471569	0.02046093	0.01425477	0.02046093
460	-226.5231	-232.5156	5.992446	0.04596534	0.01088276	0.03508258	0.01088276
470	-217.3538	-223.5096	6.155715	0.03602712	0.01655643	0.01947069	0.01655643
480	-231.6797	-237.4751	5.795427	0.05060344	0.01097462	0.03962882	0.01097462
490	-231.4408	-237.1145	5.673746	0.05598463	0.02161142	0.03437321	0.02161142
500	-215.7556	-221.8445	6.088846	0.03189639	0.01563079	0.0162656	0.01563079
510	-217.1987	-223.4577	6.259037	0.03583855	0.01379545	0.0220431	0.01379545
520	-240.8373	-246.113	5.275636	0.06548389	0.02334959	0.0421343	0.02334959
530	-215.2965	-221.6032	6.306701	0.03181747	0.005799999	0.02601747	0.005799999
540	-225.7604	-231.7724	6.012051	0.04604355	0.01263941	0.03340414	0.01263941
550	-224.4576	-230.4071	5.949408	0.04782776	0.02045623	0.02737153	0.02045623
560	-215.7626	-220.5509	4.788216	0.01325866	0.00566704	0.00759162	0.00566704
570	-216.0567	-222.3468	6.290144	0.03373624	0.01277122	0.02096503	0.01277122
580	-213.2945	-219.6814	6.386905	0.02872912	0.007469884	0.02125924	0.007469884
590	-226.0261	-231.7296	5.703549	0.0417609	0.003597337	0.03816357	0.003597337
600	-227.2007	-232.5459	5.345139	0.05741382	0.03974174	0.01767208	0.03974174
610	-242.0313	-246.6131	4.581769	0.09469958	0.06945441	0.02524517	0.06945441
620	-220.0147	-225.8141	5.799365	0.04078331	0.02430054	0.01648277	0.02430054
630	-212.6243	-218.9796	6.355344	0.02752321	0.005681067	0.02184214	0.005681067
640	-258.7723	-261.0409	2.268595	0.1878588	0.1762388	0.01161996	0.1762388
650	-214.6644	-219.7467	5.082296	0.01372454	0.005255203	0.008469338	0.005255203
660	-213.2189	-219.0664	5.847481	0.02200906	0.01014481	0.01186425	0.01014481
670	-224.9368	-230.8826	5.945821	0.04815642	0.01977606	0.02838036	0.01977606
680	-226.8732	-232.5261	5.652962	0.05487922	0.03127711	0.02360211	0.03127711
690	-213.0256	-218.6282	5.602646	0.01729628	0.006993575	0.0103027	0.006993575
700	-224.9734	-228.2896	3.316138	0.04163761	0.03540428	0.006233329	0.03540428
710	-228.2488	-234.1276	5.878786	0.05011253	0.01611432	0.03399821	0.01611432
720	-221.6982	-227.8137	6.115536	0.0428641	0.01602785	0.02683625	0.01602785
730	-255.5079	-259.0985	3.590533	0.1453237	0.1186316	0.02669213	0.1186316
740	-220.7382	-226.9436	6.20538	0.04011309	0.01115015	0.02896293	0.01115015
750	-258.0438	-261.4814	3.437555	0.1537951	0.1256477	0.02814739	0.1256477
760	-231.8794	-237.5498	5.670431	0.04755121	0.005246511	0.0423047	0.005246511
770	-215.603	-220.4194	4.816463	0.0162752	0.008677811	0.007597385	0.008677811
780	-300.7991	-303.7523	2.953223	0.1174404	0.03678763	0.08065276	0.03678763
790	-211.322	-217.3312	6.009249	0.01882352	0.005638409	0.01318512	0.005638409
800	-219.187	-225.4264	6.239424	0.03868802	0.01281547	0.02587255	0.01281547
810	-216.4629	-220.5161	4.053208	0.02938685	0.0006449268	0.02874193	0.0006449268
820	-217.3407	-223.2205	5.879762	0.03445316	0.01948459	0.01496857	0.01948459
830	-237.8855	-243.028	5.142512	0.07247504	0.03969918	0.03277586	0.03969918
840	-214.5194	-220.3178	5.798417	0.02571667	0.01355777	0.0121589	0.01355777
850	-229.0592	-234.9063	5.847153	0.05091444	0.01614377	0.03477067	0.01614377
860	-245.7968	-249.0748	3.278	0.1195422	0.1080335	0.01150874	0.1080335
870	-240.6169	-246.0044	5.387435	0.06148643	0.01710615	0.04438028	0.01710615
880	-255.3593	-259.9818	4.622504	0.08068182	0.02893202	0.0517498	0.02893202
890	-224.2167	-230.0998	5.883087	0.04869804	0.02399043	0.0247076	0.02399043
900	-239.7695	-245.2441	5.474532	0.05839752	0.01312206	0.04527546	0.01312206
910	-247.8989	-252.942	5.04305	0.06978801	0.02122111	0.0485669	0.02122111
920	-268.5413	-271.9623	3.420974	0.1266687	0.07659161	0.05007707	0.07659161
930	-241.4284	-246.7456	5.317259	0.06361682	0.01951673	0.04410009	0.01951673
940	-227.7551	-233.6414	5.886274	0.05001857	0.01695412	0.03306445	0.01695412
950	-217.8772	-223.8288	5.951654	0.03628556	0.01985614	0.01642942	0.01985614
960	-214.5672	-220.2325	5.66532	0.02442754	0.01321714	0.0112104	0.01321714
970	-224.9832	-231.0348	6.051553	0.04427626	0.01041011	0.03386614	0.01041011
980	-218.4976	-224.6611	6.163452	0.03546555	0.005199717	0.03026583	0.005199717
990	-213.9976	-219.7343	5.736739	0.0232976	0.01188512	0.01141248	0.01188512
1000	-214.1503	-220.1574	6.007067	0.02681249	0.01295802	0.01385448	0.01295802
1010	-247.0337	-251.2852	4.251414	0.1098302	0.08306477	0.0267654	0.08306477
1020	-244.4863	-249.3535	4.867256	0.07923919	0.0400861	0.03915308	0.0400861
1030	-226.19	-231.9379	5.747861	0.05274052	0.02786447	0.02487606	0.02786447
1040	-223.366	-229.2144	5.848451	0.04787126	0.02579142	0.02207984	0.02579142
1050	-213.2561	-219.6389	6.382795	0.02870596	0.006866139	0.02183982	0.006866139
1060	-236.6153	-240.9973	4.381965	0.08471095	0.07017871	0.01453225	0.07017871
1070	-236.544	-241.8381	5.294118	0.06725603	0.03300461	0.03425142	0.03300461
1080	-256.2298	-261.0748	4.844937	0.07217578	0.0157717	0.05640409	0.0157717
1090	-229.5463	-234.1225	4.576172	0.06228826	0.05047332	0.01181494	0.05047332
1100	-228.1578	-233.2886	5.130871	0.04229317	0.00193858	0.04035459	0.00193858
1110	-213.3187	-219.365	6.046289	0.02820626	0.003048877	0.02515738	0.003048877
1120	-235.3225	-240.6766	5.354043	0.06558842	0.0322634	0.03332502	0.0322634
1130	-215.883	-220.5978	4.714765	0.01590028	0.008554252	0.00734603	0.008554252
1140	-215.3686	-221.7102	6.341632	0.0325171	0.01087174	0.02164535	0.01087174
1150	-215.5333	-221.3931	5.859782	0.02935015	0.01600814	0.01334201	0.01600814
1160	-276.1642	-280.4534	4.289228	0.08004136	0.00861716	0.0714242	0.00861716
1170	-256.2344	-260.8777	4.643241	0.07938076	0.02614079	0.05323997	0.02614079
1180	-217.3178	-223.6294	6.311628	0.03506284	0.008139064	0.02692378	0.008139064
1190	-213.3169	-219.6013	6.284468	0.02754804	0.01030715	0.01724089	0.01030715
1200	-273.9169	-276.4006	2.483659	0.2025645	0.1641018	0.0384627	0.1641018
1210	-254.8798	-259.8465	4.966661	0.06644624	0.008789783	0.05765646	0.008789783
1220	-214.9916	-221.2922	6.300579	0.03157906	0.01199674	0.01958232	0.01199674
1230	-214.9757	-220.4714	5.495692	0.02397839	0.01361727	0.01036111	0.01361727
1240	-267.5802	-270.4201	2.839944	0.1866968	0.1531742	0.03352262	0.1531742
1250	-212.0029	-218.2197	6.21675	0.02624416	0.003860737	0.02238342	0.003860737
1260	-221.7184	-227.8894	6.171024	0.04120642	0.01111852	0.03008791	0.01111852
1270	-237.1457	-242.4973	5.351685	0.06479623	0.02768778	0.03710845	0.02768778
1280	-240.4032	-245.3562	4.952996	0.07895724	0.04613041	0.03282682	0.04613041
1290	-217.8148	-223.6509	5.836082	0.03539723	0.02053003	0.01486719	0.02053003
1300	-240.1865	-244.7932	4.606628	0.09216808	0.06994774	0.02222033	0.06994774
1310	-221.7486	-227.7238	5.975179	0.04448307	0.02208652	0.02239654	0.02208652
1320	-238.6874	-243.9221	5.234713	0.0683193	0.03122118	0.03709812	0.03122118
1330	-218.3427	-224.6296	6.286897	0.03696245	0.01038271	0.02657974	0.01038271
1340	-217.3522	-223.1021	5.74994	0.03286614	0.002465064	0.03040108	0.002465064
1350	-247.1051	-251.9	4.794905	0.08004217	0.03772586	0.04231631	0.03772586
1360	-223.0588	-227.653	4.594211	0.04253745	0.03321408	0.009323372	0.03321408
1370	-221.537	-227.563	6.025969	0.04381003	0.02039549	0.02341454	0.02039549
1380	-240.3452	-244.9991	4.653882	0.09108166	0.06736939	0.02371228	0.06736939
1390	-225.9751	-231.5136	5.538523	0.05423848	0.03479364	0.01944484	0.03479364
1400	-215.9799	-222.329	6.349173	0.03352415	0.009932242	0.0235919	0.009932242
1410	-214.6438	-220.9414	6.297541	0.03079126	0.01177364	0.01901762	0.01177364
1420	-235.1503	-240.7664	5.616045	0.05620436	0.01577806	0.04042631	0.01577806
1430	-223.6054	-229.303	5.697568	0.04888291	0.02973491	0.019148	0.02973491
1440	-213.6855	-219.9923	6.306827	0.02866381	0.01055549	0.01810832	0.01055549
1450	-220.6308	-226.2972	5.666365	0.04171896	0.02636948	0.01534948	0.02636948
1460	-261.2523	-266.0095	4.757164	0.07092462	0.009137787	0.06178683	0.009137787
1470	-223.8533	-229.9428	6.089446	0.04256631	0.009045863	0.03352045	0.009045863
1480	-210.3477	-216.3496	6.001904	0.02189329	0.002794172	0.01909912	0.002794172
1490	-217.244	-223.3942	6.150228	0.03577371	0.01658628	0.01918743	0.01658628
1500	-211.9193	-218.0082	6.088898	0.02135705	0.007713721	0.01364333	0.007713721
1510	-213.59	-219.8638	6.273783	0.02909625	0.00464599	0.02445026	0.00464599
1520	-217.9583	-223.5121	5.553767	0.0337715	0.02144318	0.01232832	0.02144318
1530	-213.5992	-218.9883	5.389118	0.01552732	0.006089861	0.009437456	0.006089861
1540	-236.1451	-241.4303	5.285253	0.06777656	0.03466092	0.03311563	0.03466092
1550	-218.5837	-224.5582	5.974509	0.03810317	0.02051956	0.01758361	0.02051956
1560	-223.3255	-228.7632	5.437712	0.04773525	0.03267769	0.01505757	0.03267769
1570	-226.1221	-232.1281	6.005973	0.04488519	0.009400124	0.03548506	0.009400124
1580	-216.6657	-221.47	4.804277	0.02318043	0.01517602	0.008004412	0.01517602
1590	-214.8959	-220.9849	6.08901	0.02967207	0.01422671	0.01544536	0.01422671
1600	-224.5267	-230.2776	5.750882	0.05043858	0.02870045	0.02173813	0.02870045
1610	-236.0881	-240.3615	4.273359	0.08287018	0.0696551	0.01321509	0.0696551
1620	-217.0263	-223.2611	6.234851	0.03552924	0.01456372	0.02096552	0.01456372
1630	-216.8692	-221.9722	5.102952	0.02679671	0.01756253	0.009234179	0.01756253
1640	-230.6046	-236.2087	5.604068	0.05826596	0.02794688	0.03031908	0.02794688
1650	-243.6065	-246.6546	3.048114	0.10906	0.09950067	0.009559351	0.09950067
1660	-232.7823	-238.3574	5.575176	0.05883108	0.02452405	0.03430703	0.02452405
1670	-225.7171	-231.3373	5.620214	0.0533593	0.03262737	0.02073193	0.03262737
1680	-218.0661	-223.8906	5.824498	0.03383755	0.002792051	0.0310455	0.002792051
1690	-217.2026	-223.459	6.256424	0.03584933	0.01388752	0.0219618	0.01388752
1700	-214.7023	-220.4085	5.706208	0.02954399	0.002118952	0.02742504	0.002118952
1710	-219.4229	-225.2879	5.864957	0.03544889	0.003160169	0.03228872	0.003160169
1720	-226.7424	-232.5963	5.853889	0.05094894	0.02146574	0.0294832	0.02146574
1730	-217.7029	-223.9763	6.273433	0.03517093	0.006883711	0.02828722	0.006883711
1740	-270.8625	-274.34	3.477518	0.1190176	0.06446071	0.05455686	0.06446071
1750	-230.8457	-235.3611	4.51537	0.06616744	0.05410018	0.01206726	0.05410018
1760	-227.5916	-233.334	5.742337	0.04350227	0.004292549	0.03920972	0.004292549
1770	-212.032	-218.3843	6.352297	0.0255889	0.007133153	0.01845574	0.007133153
1780	-220.2902	-226.1652	5.87497	0.04170463	0.02372537	0.01797926	0.02372537
1790	-237.4386	-239.8949	2.456319	0.08062603	0.07410401	0.006522016	0.07410401
1800	-225.3091	-230.0594	4.750313	0.0392039	0.001266703	0.0379372	0.001266703
1810	-241.7906	-246.0063	4.215684	0.1019728	0.08475855	0.01721421	0.08475855
1820	-229.7997	-235.6679	5.868214	0.04858085	0.0102046	0.03837625	0.0102046
1830	-242.0613	-247.1944	5.133187	0.07005592	0.02904616	0.04100976	0.02904616
1840	-214.4793	-220.4581	5.978773	0.02746625	0.01368085	0.0137854	0.01368085
1850	-273.6119	-276.2347	2.62275	0.1859452	0.1443828	0.04156242	0.1443828
1860	-229.7712	-235.3693	5.598072	0.05827262	0.03004922	0.0282234	0.03004922
1870	-227.3553	-232.8432	5.487899	0.05724542	0.03676402	0.02048141	0.03676402
1880	-215.6711	-221.0153	5.344225	0.02487172	0.01500715	0.009864569	0.01500715
1890	-238.0668	-240.7371	2.670314	0.08409644	0.07700746	0.007088983	0.07700746
1900	-217.1231	-223.3208	6.197616	0.03565945	0.01553942	0.02012003	0.01553942
1910	-219.288	-225.4427	6.15461	0.03963607	0.01684882	0.02278725	0.01684882
1920	-219.8779	-225.5211	5.643221	0.03963135	0.02517911	0.01445224	0.02517911
1930	-228.602	-234.2209	5.618876	0.05717625	0.03093566	0.02624059	0.03093566
1940	-235.264	-240.6083	5.344319	0.06596281	0.0330557	0.03290712	0.0330557
1950	-217.7112	-223.8581	6.146888	0.03675298	0.01694627	0.01980672	0.01694627
1960	-269.5272	-271.6985	2.171349	0.2501685	0.2303243	0.01984417	0.2303243
1970	-220.5285	-226.739	6.210552	0.03906729	0.008865206	0.03020209	0.008865206
1980	-227.7639	-233.2349	5.470949	0.05813009	0.03736484	0.02076525	0.03736484
1990	-212.8426	-218.3784	5.535802	0.01533936	0.005084719	0.01025464	0.005084719
2000	-225.1652	-231.2074	6.042186	0.04398267	0.009386742	0.03459593	0.009386742
2010	-210.5132	-216.6588	6.145593	0.02238369	0.003515815	0.01886788	0.003515815
2020	-230.3157	-235.6016	5.285882	0.06442348	0.04357082	0.02085266	0.04357082
2030	-214.2761	-220.6344	6.358276	0.0304534	0.006425161	0.02402824	0.006425161
2040	-217.0588	-223.3617	6.302936	0.03544689	0.01192175	0.02352514	0.01192175
2050	-213.4939	-219.2687	5.774777	0.02200104	0.010557	0.01144404	0.010557
2060	-238.664	-244.1923	5.52833	0.05672876	0.01178141	0.04494735	0.01178141
2070	-221.5546	-227.2353	5.680619	0.04410874	0.02768929	0.01641945	0.02768929
2080	-223.7924	-229.77	5.977587	0.04685144	0.02006508	0.02678636	0.02006508
2090	-276.6692	-278.0256	1.356439	0.3229098	0.3062054	0.01670443	0.3062054
2100	-218.2374	-224.4139	6.17656	0.03779578	0.01635193	0.02144385	0.01635193
2110	-210.8099	-216.9812	6.171284	0.02341771	0.003583462	0.01983425	0.003583462
2120	-221.1912	-227.3744	6.18326	0.04097107	0.01212486	0.0288462	0.01212486
2130	-211.4113	-217.4457	6.034455	0.01934209	0.006046785	0.01329531	0.006046785
2140	-223.6272	-228.3286	4.701407	0.04484133	0.03485436	0.009986962	0.03485436
2150	-221.9187	-228.0265	6.107815	0.04316	0.01608129	0.02707871	0.01608129
2160	-252.8453	-257.6261	4.780738	0.07638009	0.02545004	0.05093005	0.02545004
2170	-216.6253	-222.4926	5.867292	0.03245176	0.01821944	0.01423231	0.01821944
2180	-231.4371	-236.9705	5.533339	0.0603826	0.03036968	0.03001292	0.03036968
2190	-235.3145	-240.3299	5.015439	0.07631542	0.05304071	0.02327471	0.05304071
2200	-219.7824	-225.9243	6.141897	0.04045196	0.01706054	0.02339142	0.01706054
2210	-225.3414	-231.3455	6.004135	0.04663044	0.01493907	0.03169137	0.01493907
2220	-210.059	-215.8808	5.821867	0.02029272	0.002302147	0.01799057	0.002302147
2230	-227.7541	-233.6506	5.896477	0.04966921	0.01621142	0.03345779	0.01621142
2240	-239.8921	-245.3564	5.464259	0.05483844	0.007164026	0.04767441	0.007164026
2250	-234.3669	-239.3298	4.962878	0.07567281	0.05525991	0.0204129	0.05525991
2260	-214.0641	-220.441	6.376883	0.03016685	0.007037	0.02312985	0.007037
2270	-244.9488	-248.9401	3.991273	0.1140059	0.09654373	0.01746217	0.09654373
2280	-231.462	-237.144	5.681936	0.05570768	0.02103308	0.03467459	0.02103308
2290	-234.0194	-239.7188	5.699391	0.05324953	0.01221441	0.04103512	0.01221441
2300	-239.2308	-243.9779	4.747154	0.08727958	0.06332377	0.02395581	0.06332377
2310	-213.0725	-219.3378	6.265322	0.02672919	0.01007732	0.01665187	0.01007732
2320	-225.9037	-231.519	5.6153	0.05373114	0.03280536	0.02092578	0.03280536
2330	-226.3812	-232.2132	5.832058	0.05132368	0.02341154	0.02791213	0.02341154
2340	-218.2025	-224.4386	6.23617	0.03556071	0.006316098	0.02924461	0.006316098
2350	-228.2623	-234.013	5.750644	0.05393092	0.02432462	0.0296063	0.02432462
2360	-227.955	-233.8119	5.856905	0.0447366	0.005928845	0.03880776	0.005928845
2370	-240.9498	-245.9542	5.004402	0.07622205	0.04068529	0.03553676	0.04068529
2380	-215.3933	-221.3498	5.956456	0.02982618	0.01559584	0.01423034	0.01559584
2390	-254.1445	-257.3558	3.211322	0.1573951	0.1408021	0.01659307	0.1408021
2400	-217.6251	-223.8674	6.242352	0.03660361	0.01428913	0.02231448	0.01428913
2410	-210.0277	-215.6513	5.623581	0.01827022	0.001993663	0.01627656	0.001993663
2420	-229.351	-234.976	5.624976	0.05744285	0.02933628	0.02810657	0.02933628
2430	-216.5774	-222.8795	6.30208	0.03469106	0.01229595	0.02239511	0.01229595
2440	-217.5671	-222.9137	5.34664	0.03104564	0.02029409	0.01075155	0.02029409
2450	-223.0654	-229.1451	6.079659	0.04432797	0.01545033	0.02887765	0.01545033
2460	-220.4535	-226.5829	6.129416	0.04145245	0.01703787	0.02441458	0.01703787
2470	-233.6814	-239.0119	5.330406	0.06673395	0.03786112	0.02887283	0.03786112
2480	-210.1471	-215.9002	5.753125	0.01777228	0.002444052	0.01532823	0.002444052
2490	-214.7069	-219.7147	5.007842	0.01229693	0.003537726	0.008759205	0.003537726
2500	-222.0968	-227.8793	5.782493	0.04559912	0.02692705	0.01867207	0.02692705
2510	-248.2799	-252.0733	3.793375	0.1271454	0.1087762	0.01836915	0.1087762
2520	-222.6462	-228.6328	5.986568	0.04562601	0.02110269	0.02452333	0.02110269
2530	-215.5264	-221.8343	6.30782	0.03216818	0.005962379	0.0262058	0.005962379
2540	-226.3439	-232.0772	5.733298	0.05312374	0.02834821	0.02477553	0.02834821
2550	-233.5663	-238.9311	5.364821	0.06562964	0.03595786	0.02967178	0.03595786
2560	-257.7842	-261.4331	3.64895	0.1355449	0.1013194	0.03422547	0.1013194
2570	-224.0395	-230.1257	6.086204	0.04305561	0.009740899	0.03331472	0.009740899
2580	-255.178	-259.7168	4.53876	0.0840808	0.03397686	0.05010394	0.03397686
2590	-224.8657	-230.7209	5.85515	0.0497737	0.02452404	0.02524966	0.02452404
2600	-238.4464	-242.8151	4.368709	0.09065139	0.07475667	0.01589472	0.07475667
2610	-218.3503	-224.0423	5.691972	0.03584743	0.02207614	0.01377129	0.02207614
2620	-280.1364	-284.3004	4.164018	0.08173872	0.007627419	0.0741113	0.007627419
2630	-217.6969	-224.0027	6.305851	0.03609516	0.01033481	0.02576035	0.01033481
2640	-245.6019	-250.7251	5.123229	0.06822744	0.02155784	0.0466696	0.02155784
2650	-224.5661	-230.0917	5.525609	0.05108473	0.03365877	0.01742596	0.03365877
2660	-237.9416	-243.3343	5.392709	0.06287206	0.02315283	0.03971923	0.02315283
2670	-252.5734	-256.8412	4.267783	0.1006345	0.06053527	0.04009925	0.06053527
2680	-220.8282	-227.0169	6.188702	0.04077817	0.01283604	0.02794213	0.01283604
2690	-220.6792	-226.8002	6.120984	0.04181249	0.01718844	0.02462405	0.01718844
2700	-211.8849	-218.1488	6.263892	0.02382885	0.007783959	0.0160449	0.007783959
2710	-222.8414	-228.5979	5.756538	0.04720444	0.02799895	0.0192055	0.02799895
2720	-269.5221	-271.6617	2.139538	0.2518301	0.2325583	0.01927178	0.2325583
2730	-213.2867	-219.4569	6.170252	0.02618849	0.01093891	0.01524958	0.01093891
2740	-223.4972	-228.52	5.02274	0.04621791	0.03454138	0.01167653	0.03454138
2750	-271.3025	-273.5131	2.210573	0.2498886	0.2259682	0.02392044	0.2259682
2760	-229.594	-235.4517	5.857716	0.0471707	0.007870953	0.03929975	0.007870953
2770	-216.7453	-221.9937	5.248358	0.02765015	0.01779366	0.009856486	0.01779366
2780	-238.2915	-243.0703	4.77871	0.08541488	0.06247957	0.02293531	0.06247957
2790	-212.2545	-217.994	5.739554	0.01692568	0.005753326	0.01117235	0.005753326
2800	-232.9571	-238.5001	5.542987	0.05985073	0.02612356	0.03372717	0.02612356
2810	-213.3206	-219.2637	5.943093	0.02802128	0.002653489	0.02536779	0.002653489
2820	-283.4813	-286.8328	3.351433	0.1119582	0.04398234	0.06797587	0.04398234
2830	-224.7612	-230.3827	5.621525	0.05145916	0.0321405	0.01931866	0.0321405
2840	-234.3354	-239.5247	5.189305	0.07114913	0.04507851	0.02607061	0.04507851
2850	-230.6702	-236.1623	5.492116	0.06131173	0.03431924	0.02699249	0.03431924
2860	-222.3363	-228.4848	6.148579	0.04189281	0.01115474	0.03073807	0.01115474
2870	-225.54	-230.6182	5.078228	0.05236097	0.03913339	0.01322758	0.03913339
2880	-232.0833	-236.5074	4.424131	0.0698438	0.05775424	0.01208956	0.05775424
2890	-219.6302	-225.7947	6.164514	0.0400707	0.01624677	0.02382393	0.01624677
2900	-214.4099	-220.7019	6.291995	0.03021756	0.01164095	0.01857661	0.01164095
2910	-216.8274	-223.0891	6.261699	0.03516966	0.01374122	0.02142843	0.01374122
2920	-233.1816	-238.8769	5.695331	0.054372	0.01553536	0.03883664	0.01553536
2930	-214.4634	-220.824	6.360532	0.03077405	0.006640605	0.02413344	0.006640605
2940	-215.1881	-221.5334	6.345282	0.03218311	0.010719	0.02146411	0.010719
2950	-221.4418	-226.7987	5.356843	0.04223434	0.02931145	0.01292289	0.02931145
2960	-217.5959	-222.8923	5.296411	0.03074025	0.02025668	0.01048357	0.02025668
2970	-218.0945	-224.2167	6.122219	0.03749432	0.01767119	0.01982313	0.01767119
2980	-238.9457	-244.2208	5.275104	0.06662281	0.02796691	0.0386559	0.02796691
2990	-241.3636	-246.1518	4.788287	0.08589382	0.05589238	0.03000144	0.05589238
3000	-211.5437	-217.8819	6.338254	0.0246727	0.006040613	0.01863208	0.006040613
3010	-209.9911	-215.6805	5.689453	0.01898961	0.002072163	0.01691745	0.002072163
3020	-210.7317	-216.5927	5.860968	0.01706202	0.003496853	0.01356516	0.003496853
3030	-222.7319	-228.1808	5.448927	0.03791117	0.002192225	0.03571895	0.002192225
3040	-228.991	-234.8593	5.868288	0.0463549	0.00730053	0.03905437	0.00730053
3050	-213.8372	-219.6338	5.79659	0.02347348	0.01170435	0.01176912	0.01170435
3060	-256.1155	-260.0647	3.94917	0.1152233	0.07610321	0.03912013	0.07610321
3070	-240.9994	-246.3298	5.330401	0.06338977	0.01971384	0.04367592	0.01971384
3080	-216.6369	-222.8573	6.220401	0.03472035	0.01478753	0.01993282	0.01478753
3090	-239.8614	-244.4921	4.63076	0.09111255	0.06890273	0.02220982	0.06890273
3100	-233.2617	-238.483	5.22133	0.06956829	0.04487659	0.02469169	0.04487659
3110	-242.0303	-247.4122	5.381918	0.06059352	0.01385673	0.04673679	0.01385673
3120	-210.6753	-216.8248	6.149488	0.02019932	0.004856489	0.01534283	0.004856489
3130	-210.0888	-215.8393	5.750467	0.01804177	0.002377061	0.0156647	0.002377061
3140	-226.5782	-232.3445	5.76628	0.05277695	0.0265094	0.02626755	0.0265094
3150	-212.9058	-217.6389	4.733108	0.02540659	0.0009150492	0.02449154	0.0009150492
3160	-242.6268	-247.8188	5.191985	0.06748729	0.02416729	0.04332	0.02416729
3170	-235.4744	-240.9107	5.436293	0.06256816	0.02655945	0.03600871	0.02655945
3180	-225.8638	-230.9943	5.130577	0.05348654	0.0395869	0.01389963	0.0395869
3190	-279.1599	-281.493	2.333119	0.1963456	0.1505307	0.04581493	0.1505307
3200	-219.4389	-225.6905	6.251528	0.03799344	0.009313729	0.02867972	0.009313729
3210	-243.3172	-247.2256	3.908466	0.1089583	0.09404601	0.01491225	0.09404601
3220	-223.8319	-229.089	5.25704	0.04834317	0.03470362	0.01363955	0.03470362
3230	-230.6456	-235.1128	4.467217	0.06534625	0.05368608	0.01166016	0.05368608
3240	-218.7606	-224.9981	6.237466	0.03828091	0.01363922	0.02464169	0.01363922
3250	-221.7858	-227.6885	5.902675	0.04485252	0.02418551	0.020667	0.02418551
3260	-214.6705	-219.8758	5.205268	0.01858607	0.009805191	0.008780877	0.009805191
3270	-211.2643	-216.8248	5.560492	0.02378153	0.001685787	0.02209574	0.001685787
3280	-215.6822	-221.8706	6.188418	0.03243544	0.01453721	0.01789823	0.01453721
3290	-210.301	-216.4159	6.114873	0.02038704	0.003802849	0.01658419	0.003802849
3300	-221.8207	-227.9526	6.13187	0.04260022	0.01473507	0.02786515	0.01473507
3310	-249.7638	-254.802	5.03826	0.06887455	0.01771906	0.05115549	0.01771906
3320	-221.5048	-227.6725	6.167695	0.04151919	0.01265803	0.02886116	0.01265803
3330	-225.9186	-231.8136	5.895064	0.04970247	0.02075696	0.02894551	0.02075696
3340	-221.6484	-227.5537	5.905264	0.04458607	0.02408246	0.02050361	0.02408246
3350	-225.7425	-231.7291	5.986578	0.0471382	0.0151445	0.0319937	0.0151445
3360	-214.2735	-220.2005	5.926989	0.02936379	0.00269458	0.02666921	0.00269458
3370	-238.9706	-244.0389	5.068355	0.07490188	0.04188441	0.03301746	0.04188441
3380	-240.4924	-244.4594	3.966995	0.09835492	0.08489876	0.01345616	0.08489876
3390	-247.39	-251.5863	4.196279	0.1125876	0.08665354	0.02593408	0.08665354
3400	-228.9916	-234.8784	5.886862	0.04687625	0.008281799	0.03859445	0.008281799
3410	-216.9292	-221.4503	4.52112	0.01086088	0.003440165	0.007420714	0.003440165
3420	-236.0789	-241.1054	5.026539	0.07676482	0.0516329	0.02513193	0.0516329
3430	-249.2123	-254.372	5.159689	0.06340213	0.01004834	0.05335379	0.01004834
3440	-218.7286	-224.9859	6.257338	0.03662114	0.007649696	0.02897144	0.007649696
3450	-215.3295	-221.6925	6.363002	0.03243452	0.009557427	0.0228771	0.009557427
3460	-218.6522	-224.5902	5.938017	0.03810198	0.02103377	0.01706821	0.02103377
3470	-218.9268	-223.79	4.863226	0.03165281	0.02264861	0.009004198	0.02264861
3480	-221.7068	-227.8767	6.169893	0.04043231	0.00913363	0.03129868	0.00913363
3490	-231.7015	-237.0594	5.357914	0.06514586	0.03986848	0.02527738	0.03986848
3500	-230.6885	-235.9041	5.215655	0.0657682	0.04579756	0.01997064	0.04579756
3510	-230.2762	-236.0685	5.79224	0.04694142	0.006418509	0.04052292	0.006418509
3520	-216.6559	-221.1158	4.459927	0.01429785	0.007519696	0.006778152	0.007519696
3530	-240.7633	-245.5231	4.759807	0.08739663	0.05970403	0.0276926	0.05970403
3540	-222.3866	-228.5299	6.143335	0.04219941	0.01180835	0.03039107	0.01180835
3550	-234.7529	-240.2745	5.521537	0.05989414	0.02298942	0.03690472	0.02298942
3560	-240.3693	-245.4722	5.102949	0.07245852	0.03544692	0.0370116	0.03544692
3570	-237.6043	-243.1735	5.569217	0.05396117	0.008530927	0.04543025	0.008530927
3580	-214.9981	-221.269	6.270847	0.03140449	0.01259064	0.01881385	0.01259064
3590	-213.2558	-219.5328	6.276967	0.02731565	0.010284	0.01703165	0.010284
3600	-231.7702	-237.2182	5.448069	0.06289811	0.03476986	0.02812825	0.03476986
3610	-238.5156	-241.7048	3.189262	0.08824685	0.07961878	0.008628071	0.07961878
3620	-216.8285	-223.0374	6.208953	0.03508333	0.01514144	0.0199419	0.01514144
3630	-217.1811	-223.2552	6.0741	0.03528685	0.01767891	0.01760794	0.01767891
3640	-211.0173	-217.1713	6.153908	0.02401969	0.003434212	0.02058547	0.003434212
3650	-241.7276	-246.9254	5.197767	0.06782139	0.02591627	0.04190512	0.02591627
3660	-255.8866	-259.8957	4.009115	0.111424	0.07120176	0.0402222	0.07120176
3670	-220.5616	-226.7751	6.213577	0.0393803	0.009626784	0.02975352	0.009626784
3680	-217.075	-223.0933	6.018238	0.03470376	0.01813176	0.016572	0.01813176
3690	-216.5869	-222.9249	6.337977	0.03440217	0.009644399	0.02475778	0.009644399
3700	-216.7833	-223.0801	6.296861	0.03504878	0.01243348	0.0226153	0.01243348
3710	-210.4225	-216.2402	5.81769	0.01724392	0.002934173	0.01430974	0.002934173
3720	-214.2555	-220.4842	6.228706	0.02930164	0.01225134	0.0170503	0.01225134
3730	-221.923	-227.0698	5.146842	0.04238285	0.03070452	0.01167832	0.03070452
3740	-275.9564	-279.171	3.214627	0.1270953	0.06973498	0.05736036	0.06973498
3750	-215.9871	-222.2369	6.249782	0.03254992	0.0052058	0.02734412	0.0052058
3760	-210.4171	-215.8556	5.438432	0.01639893	0.001845783	0.01455314	0.001845783
3770	-250.5387	-254.6002	4.061498	0.1182688	0.08898603	0.02928279	0.08898603
3780	-211.8304	-217.4156	5.585237	0.01490508	0.003350061	0.01155502	0.003350061
3790	-210.221	-215.6532	5.432275	0.02036678	0.00153676	0.01883002	0.00153676
3800	-214.0041	-220.3441	6.339937	0.02969542	0.01028762	0.01940779	0.01028762
3810	-214.7873	-220.6737	5.886344	0.02743613	0.01435408	0.01308205	0.01435408
3820	-222.2521	-227.7586	5.506471	0.04519377	0.03027479	0.01491898	0.03027479
3830	-212.3617	-216.8487	4.486967	0.02401298	0.0007764348	0.02323655	0.0007764348
3840	-218.6143	-224.7907	6.176392	0.03569262	0.005449044	0.03024358	0.005449044
3850	-216.7144	-222.7635	6.049159	0.03401132	0.01735027	0.01666104	0.01735027
3860	-211.2386	-217.1181	5.879427	0.01712751	0.004448692	0.01267882	0.004448692
3870	-229.3012	-233.5691	4.267829	0.06015908	0.05010951	0.01004957	0.05010951
3880	-212.7506	-219.1198	6.369255	0.02729381	0.008024084	0.01926972	0.008024084
3890	-261.5494	-264.5437	2.994303	0.1853725	0.1618929	0.02347962	0.1618929
3900	-220.5081	-226.6547	6.14665	0.04132158	0.01616237	0.02515921	0.01616237
3910	-216.9318	-222.6573	5.725428	0.03217952	0.01910156	0.01307796	0.01910156
3920	-245.1241	-249.7339	4.609841	0.0915597	0.0581725	0.0333872	0.0581725
3930	-244.5328	-249.7736	5.240789	0.06454053	0.01709034	0.04745019	0.01709034
3940	-237.0953	-242.2608	5.165423	0.07195057	0.04028387	0.0316667	0.04028387
3950	-231.2159	-236.9966	5.780692	0.04811148	0.00713376	0.04097772	0.00713376
3960	-223.3876	-229.2197	5.832059	0.04800979	0.02629882	0.02171097	0.02629882
3970	-214.1019	-220.4607	6.358856	0.03016585	0.00632982	0.02383603	0.00632982
3980	-227.7743	-233.2752	5.500851	0.05790247	0.03645171	0.02145076	0.03645171
3990	-231.5361	-237.2228	5.686662	0.05552553	0.02054114	0.03498439	0.02054114
4000	-248.239	-253.4135	5.174486	0.06088263	0.007286876	0.05359575	0.007286876
4010	-234.3709	-238.8603	4.489384	0.07744923	0.06350861	0.01394062	0.06350861
4020	-254.7297	-259.2595	4.52977	0.0848048	0.03550409	0.04930071	0.03550409
4030	-234.2145	-237.1321	2.91765	0.07067776	0.06371277	0.006964991	0.06371277
4040	-217.7687	-223.9435	6.17479	0.03691266	0.01632742	0.02058523	0.01632742
4050	-213.8961	-219.452	5.55591	0.02050684	0.01028604	0.0102208	0.01028604
4060	-216.9204	-223.0552	6.134855	0.03333378	0.004287486	0.0290463	0.004287486
4070	-225.3457	-230.9503	5.604592	0.05271335	0.0328824	0.01983095	0.0328824
4080	-223.1322	-228.9467	5.814539	0.04764569	0.02678284	0.02086285	0.02678284
4090	-222.9385	-228.9703	6.031779	0.04526239	0.01858178	0.02668061	0.01858178
4100	-210.2923	-216.4134	6.121042	0.02095831	0.003632884	0.01732543	0.003632884
4110	-210.6405	-215.3633	4.722751	0.01656017	0.0009870575	0.01557311	0.0009870575
4120	-257.5856	-260.6417	3.05618	0.1738375	0.1555529	0.01828466	0.1555529
4130	-223.4521	-229.527	6.074866	0.04452745	0.01480525	0.02972221	0.01480525
4140	-224.143	-229.8303	5.687267	0.05001971	0.03030314	0.01971657	0.03030314
4150	-212.7385	-215.3424	2.603814	0.0152319	0.0003275287	0.01490437	0.0003275287
4160	-211.1825	-217.4918	6.309355	0.02383399	0.005364085	0.01846991	0.005364085
4170	-256.4517	-259.3803	2.928639	0.1713892	0.1559715	0.01541768	0.1559715
4180	-251.4588	-255.4588	3.999991	0.1211907	0.09159052	0.02960019	0.09159052
4190	-228.8594	-234.69	5.830603	0.05156878	0.01788591	0.03368287	0.01788591
4200	-219.2322	-225.4913	6.259122	0.03780547	0.009486228	0.02831925	0.009486228
4210	-218.4042	-224.5765	6.172326	0.03810121	0.01647511	0.0216261	0.01647511
4220	-220.0082	-226.1533	6.145117	0.03730206	0.005768309	0.03153375	0.005768309
4230	-213.0746	-218.8216	5.746971	0.02002946	0.008929676	0.01109979	0.008929676
4240	-227.0573	-232.9695	5.912215	0.04932583	0.01699727	0.03232857	0.01699727
4250	-211.2278	-217.3822	6.154314	0.02454518	0.003423606	0.02112157	0.003423606
4260	-226.2167	-232.2207	6.00401	0.04516611	0.009804533	0.03536157	0.009804533
4270	-255.9318	-259.5928	3.660987	0.1391513	0.1092037	0.0299476	0.1092037
4280	-215.0563	-220.57	5.513774	0.02446315	0.01395891	0.01050424	0.01395891
4290	-225.7016	-231.2348	5.533243	0.05367175	0.03470533	0.01896643	0.03470533
4300	-232.1188	-237.8197	5.700934	0.05479109	0.01808854	0.03670255	0.01808854
4310	-213.9052	-219.7105	5.80526	0.02380586	0.0119352	0.01187066	0.0119352
4320	-227.9957	-233.9279	5.932263	0.04638494	0.009008113	0.03737683	0.009008113
4330	-217.8945	-224.0277	6.133232	0.03455545	0.004592412	0.02996304	0.004592412
4340	-217.1916	-223.5018	6.310122	0.0348006	0.007757391	0.0270432	0.007757391
4350	-225.2522	-230.483	5.230743	0.05215251	0.03773816	0.01441435	0.03773816
4360	-222.6149	-227.9257	5.310738	0.04523472	0.0319419	0.01329281	0.0319419
4370	-236.7495	-242.0823	5.332845	0.06570197	0.02991833	0.03578364	0.02991833
4380	-216.5517	-221.9107	5.359082	0.0279844	0.01764102	0.01034338	0.01764102
4390	-226.7646	-232.5519	5.787239	0.05248699	0.02514423	0.02734276	0.02514423
4400	-211.1339	-217.1676	6.033777	0.0188924	0.005344924	0.01354748	0.005344924
4410	-213.1664	-219.4556	6.28918	0.02723495	0.01002351	0.01721144	0.01002351
4420	-213.8058	-219.3577	5.551921	0.02806714	0.001765551	0.02630159	0.001765551
4430	-224.2174	-229.5151	5.29768	0.04957655	0.03527884	0.01429771	0.03527884
4440	-211.4785	-217.8057	6.327194	0.02423253	0.006243675	0.01798885	0.006243675
4450	-222.9388	-229.0603	6.121538	0.04155474	0.00879691	0.03275783	0.00879691
4460	-225.2938	-231.2212	5.927365	0.04872098	0.02013755	0.02858342	0.02013755
4470	-218.4096	-224.004	5.594325	0.03533317	0.02239853	0.01293464	0.02239853
4480	-210.4534	-216.5409	6.087441	0.01946952	0.004145719	0.01532381	0.004145719
4490	-213.7277	-220.0979	6.370267	0.02936949	0.0091363	0.02023319	0.0091363
4500	-214.8774	-221.2523	6.374931	0.03162528	0.00862533	0.02299995	0.00862533
4510	-220.8232	-226.5384	5.715217	0.04242676	0.02627733	0.01614943	0.02627733
4520	-242.1932	-246.696	4.502841	0.09755699	0.07413477	0.02342222	0.07413477
4530	-229.7329	-235.5304	5.797444	0.05240688	0.01784362	0.03456327	0.01784362
4540	-211.6762	-217.605	5.928765	0.0252261	0.002490926	0.02273517	0.002490926
4550	-218.5046	-224.6027	6.098122	0.03516016	0.004462223	0.03069794	0.004462223
4560	-211.0768	-216.9685	5.891769	0.02391011	0.00236878	0.02154133	0.00236878
4570	-243.2108	-247.9902	4.779397	0.0847569	0.05069943	0.03405747	0.05069943
4580	-212.5998	-218.5152	5.915311	0.02085741	0.008675899	0.01218151	0.008675899
4590	-220.085	-225.8814	5.796422	0.0409431	0.02442847	0.01651463	0.02442847
4600	-211.3155	-217.5281	6.212552	0.02185235	0.006545566	0.01530679	0.006545566
4610	-216.0693	-222.3895	6.320129	0.03307639	0.006706109	0.02637028	0.006706109
4620	-257.1209	-260.7487	3.627774	0.1392263	0.1073319	0.03189444	0.1073319
4630	-210.5238	-216.7193	6.195493	0.02203545	0.004039074	0.01799638	0.004039074
4640	-212.2974	-218.4216	6.124149	0.02288961	0.008781799	0.01410781	0.008781799
4650	-236.5918	-241.7995	5.2077	0.07052501	0.03872661	0.0317984	0.03872661
4660	-228.473	-234.0425	5.56947	0.05799277	0.03346737	0.0245254	0.03346737
4670	-224.6688	-230.052	5.3832	0.05107703	0.0354773	0.01559973	0.0354773
4680	-219.1352	-225.1481	6.0129	0.03947035	0.02046158	0.01900877	0.02046158
4690	-222.1848	-227.8459	5.66114	0.04559144	0.02878528	0.01680616	0.02878528
4700	-219.7358	-223.5522	3.816382	0.0269959	0.02074637	0.006249538	0.02074637
4710	-245.3719	-249.6373	4.265354	0.1087404	0.08519507	0.02354538	0.08519507
4720	-227.1138	-232.9358	5.821994	0.05184046	0.02255862	0.02928184	0.02255862
4730	-220.0631	-226.2145	6.151331	0.04075197	0.01643799	0.02431397	0.01643799
4740	-223.4653	-229.3932	5.92798	0.04727609	0.02280615	0.02446994	0.02280615
4750	-218.0024	-224.2098	6.207387	0.03733009	0.01541242	0.02191767	0.01541242
4760	-235.953	-241.3857	5.432693	0.06246964	0.02557957	0.03689007	0.02557957
4770	-228.4323	-234.3357	5.903337	0.04896652	0.01339151	0.03557501	0.01339151
4780	-237.1935	-242.1696	4.976156	0.07889689	0.05280163	0.02609526	0.05280163
4790	-234.0857	-239.2445	5.1588	0.07176408	0.04710384	0.02466024	0.04710384
4800	-234.8129	-239.0756	4.262718	0.07848141	0.06607201	0.0124094	0.06607201
4810	-233.3413	-238.9968	5.655488	0.04908873	0.005893305	0.04319543	0.005893305
4820	-225.9445	-231.8155	5.871005	0.04249862	0.004986492	0.03751213	0.004986492
4830	-228.8182	-234.2908	5.472581	0.05986028	0.03723811	0.02262217	0.03723811
4840	-277.9453	-282.1022	4.156844	0.08577442	0.014766	0.07100843	0.014766
4850	-244.1744	-249.0893	4.914929	0.07739677	0.0376673	0.03972947	0.0376673
4860	-259.613	-263.9004	4.287435	0.09098805	0.03886338	0.05212467	0.03886338
4870	-215.8813	-222.2367	6.355361	0.0332886	0.009228537	0.02406006	0.009228537
4880	-231.645	-236.5827	4.937656	0.06929469	0.05269787	0.01659682	0.05269787
4890	-236.6937	-242.1516	5.45787	0.06119557	0.02216997	0.03902561	0.02216997
4900	-234.102	-239.4003	5.298329	0.06778517	0.03893516	0.02885001	0.03893516
4910	-218.6448	-224.6536	6.008772	0.03499538	0.003796561	0.03119882	0.003796561
4920	-210.1234	-216.0228	5.899351	0.0185813	0.002869208	0.0157121	0.002869208
4930	-219.6237	-225.8555	6.231772	0.03774339	0.00796638	0.02977701	0.00796638
4940	-225.2742	-230.7582	5.483925	0.05275143	0.03515466	0.01759677	0.03515466
4950	-226.0607	-231.7689	5.708235	0.05313286	0.0296347	0.02349816	0.0296347
4960	-217.4619	-223.4923	6.030422	0.03571765	0.01852295	0.0171947	0.01852295
4970	-221.9748	-228.1361	6.16127	0.04153545	0.01124521	0.03029024	0.01124521
4980	-242.1028	-246.9374	4.83461	0.08309875	0.04992892	0.03316984	0.04992892
4990	-220.8288	-227.033	6.204291	0.04002243	0.01059093	0.02943151	0.01059093
5000	-216.8686	-223.0463	6.177703	0.03506289	0.01580529	0.01925761	0.01580529
5010	-211.5608	-217.8919	6.331058	0.0251051	0.005337095	0.01976801	0.005337095
5020	-230.1957	-235.5804	5.384673	0.06301289	0.04003999	0.0229729	0.04003999
5030	-213.5388	-219.2072	5.668347	0.02068275	0.00993095	0.0107518	0.00993095
5040	-215.3648	-221.3972	6.032407	0.03041724	0.01530656	0.01511069	0.01530656
5050	-257.3244	-260.7224	3.397966	0.1576752	0.1324221	0.0252531	0.1324221
5060	-224.3653	-230.1842	5.818902	0.04962295	0.02644167	0.02318128	0.02644167
5070	-231.1125	-236.9021	5.789646	0.05191794	0.01437365	0.03754429	0.01437365
5080	-230.2568	-235.9307	5.673876	0.05620991	0.02448438	0.03172552	0.02448438
5090	-251.0837	-255.4485	4.364802	0.09719358	0.05763025	0.03956333	0.05763025
5100	-227.9049	-233.5842	5.679271	0.0554443	0.02891003	0.02653427	0.02891003
5110	-213.6965	-219.8302	6.133712	0.0268919	0.01184418	0.01504772	0.01184418
5120	-240.8468	-245.3315	4.484656	0.09595307	0.07533952	0.02061355	0.07533952
5130	-232.2033	-237.3489	5.145565	0.06938709	0.04853086	0.02085624	0.04853086
5140	-219.8303	-226.0024	6.172071	0.04025812	0.01571774	0.02454037	0.01571774
5150	-220.284	-226.4853	6.201303	0.03832803	0.007601791	0.03072624	0.007601791
5160	-216.5691	-222.272	5.702934	0.0309653	0.01831772	0.01264758	0.01831772
5170	-224.621	-230.4941	5.873033	0.04926427	0.02399706	0.02526721	0.02399706
5180	-213.5256	-219.7742	6.248573	0.02893606	0.004369601	0.02456646	0.004369601
5190	-215.8386	-221.0353	5.196733	0.02396579	0.01473577	0.009230026	0.01473577
5200	-214.5027	-220.5331	6.030433	0.02804907	0.01367245	0.01437663	0.01367245
5210	-215.2703	-221.3412	6.070891	0.03049897	0.01496243	0.01553654	0.01496243
5220	-217.7453	-222.8307	5.085406	0.02955466	0.02005199	0.009502673	0.02005199
5230	-213.0439	-219.4269	6.382977	0.0282843	0.006846468	0.02143784	0.006846468
5240	-224.0831	-229.9306	5.847455	0.04894828	0.02553855	0.02340973	0.02553855
5250	-215.9771	-222.1066	6.129536	0.03274346	0.01558122	0.01716224	0.01558122
5260	-217.7591	-221.7666	4.007501	0.01470835	0.00873538	0.005972967	0.00873538
5270	-213.2332	-219.2438	6.010572	0.02414486	0.01083751	0.01330735	0.01083751
5280	-246.4736	-251.558	5.084435	0.06912214	0.02188707	0.04723507	0.02188707
5290	-221.0556	-226.5222	5.466616	0.04179133	0.02818431	0.01360702	0.02818431
5300	-217.3466	-223.0681	5.721505	0.03330782	0.0199798	0.01332802	0.0199798
5310	-217.652	-223.8386	6.186635	0.03669512	0.01599456	0.02070056	0.01599456
5320	-214.7753	-221.117	6.341764	0.03118713	0.006282004	0.02490513	0.006282004
5330	-215.862	-222.0623	6.200266	0.03292821	0.01456237	0.01836584	0.01456237
5340	-289.1529	-290.1295	0.9766772	0.3646519	0.3320643	0.03258753	0.3320643
5350	-222.4771	-228.6222	6.145097	0.04159716	0.0100318	0.03156536	0.0100318
5360	-214.5942	-220.8409	6.24667	0.03028246	0.01250925	0.01777322	0.01250925
5370	-220.2377	-226.0447	5.806983	0.04135784	0.02452642	0.01683141	0.02452642
5380	-212.7438	-218.9164	6.172647	0.02475114	0.009819856	0.01493128	0.009819856
5390	-231.5747	-235.5902	4.015559	0.06649743	0.05678212	0.009715312	0.05678212
5400	-211.8322	-218.1727	6.340553	0.02500305	0.00694113	0.01806192	0.00694113
5410	-232.501	-237.6086	5.107546	0.07037255	0.04985168	0.02052087	0.04985168
5420	-238.0759	-243.6337	5.557808	0.05501695	0.009685414	0.04533154	0.009685414
5430	-223.7287	-229.4329	5.704234	0.04913117	0.02968042	0.01945074	0.02968042
5440	-226.0872	-231.833	5.745855	0.05266135	0.0280586	0.02460276	0.0280586
5450	-220.4107	-226.1921	5.78146	0.04167796	0.02503331	0.01664466	0.02503331
5460	-227.511	-233.1331	5.622172	0.05608865	0.03205614	0.02403251	0.03205614
5470	-212.9153	-219.1602	6.244922	0.0279306	0.004209978	0.02372062	0.004209978
5480	-211.966	-218.1124	6.146405	0.02231556	0.008018504	0.01429705	0.008018504
5490	-225.8982	-231.6116	5.713412	0.052856	0.02953603	0.02331997	0.02953603
5500	-220.7527	-226.9599	6.207214	0.03989339	0.01046872	0.02942467	0.01046872
5510	-211.3147	-217.6219	6.307199	0.02357295	0.006130681	0.01744227	0.006130681
5520	-248.051	-251.958	3.906995	0.1241268	0.1040502	0.02007665	0.1040502
5530	-221.0242	-226.8029	5.778695	0.0431433	0.0258623	0.017281	0.0258623
5540	-211.1891	-217.4358	6.246701	0.02221948	0.006214967	0.01600451	0.006214967
5550	-227.7942	-232.0847	4.290505	0.05546674	0.0458349	0.009631836	0.0458349
5560	-220.3743	-226.414	6.039694	0.03712835	0.004556884	0.03257146	0.004556884
5570	-220.8677	-227.0552	6.187521	0.04082214	0.01282484	0.0279973	0.01282484
5580	-231.1322	-236.5235	5.391377	0.06393907	0.03891023	0.02502884	0.03891023
5590	-261.3316	-264.6899	3.358297	0.1523765	0.1184139	0.03396258	0.1184139
5600	-224.2313	-230.3068	6.075504	0.0429503	0.009083295	0.033867	0.009083295
5610	-216.3554	-222.4654	6.110049	0.03253154	0.003937424	0.02859412	0.003937424
5620	-251.1802	-254.8476	3.667394	0.1379204	0.1177791	0.0201413	0.1177791
5630	-220.9774	-226.5791	5.601686	0.04229941	0.02739468	0.01490472	0.02739468
5640	-226.4268	-232.4055	5.978716	0.04711118	0.01353858	0.0335726	0.01353858
5650	-213.3692	-217.9809	4.611734	0.01216634	0.001340141	0.0108262	0.001340141
5660	-235.2787	-239.6987	4.420048	0.08033181	0.06639525	0.01393656	0.06639525
5670	-248.4348	-253.0152	4.580427	0.08891503	0.04918595	0.03972908	0.04918595
5680	-211.5023	-217.8258	6.323532	0.02499673	0.005178727	0.019818	0.005178727
5690	-230.7627	-236.4978	5.735182	0.05416157	0.01934412	0.03481745	0.01934412
5700	-250.9659	-255.0954	4.129559	0.1128613	0.08034737	0.03251391	0.08034737
5710	-216.8364	-222.7518	5.915418	0.03338343	0.01842972	0.01495371	0.01842972
5720	-218.6054	-224.8797	6.274269	0.03750381	0.01116287	0.02634094	0.01116287
5730	-235.0752	-240.4995	5.424268	0.06317276	0.02834315	0.03482962	0.02834315
5740	-232.996	-238.4279	5.43187	0.06349689	0.03306198	0.03043491	0.03306198
5750	-212.4899	-218.6862	6.196291	0.02711799	0.003763965	0.02335402	0.003763965
5760	-212.175	-218.3764	6.201456	0.02655477	0.00376465	0.02279012	0.00376465
5770	-211.66	-217.7518	6.091791	0.02074133	0.007044316	0.01369702	0.007044316
5780	-238.6312	-243.9117	5.280523	0.06660579	0.02842146	0.03818432	0.02842146
5790	-216.5059	-221.6603	5.154459	0.02599575	0.01668029	0.009315464	0.01668029
5800	-219.6336	-225.7137	6.080137	0.04047619	0.01915129	0.0213249	0.01915129
5810	-214.5988	-220.7457	6.146883	0.02942104	0.01341058	0.01601045	0.01341058
5820	-214.3165	-220.0648	5.748274	0.02451367	0.01285211	0.01166156	0.01285211
5830	-254.0879	-258.9255	4.837585	0.07365661	0.02013481	0.0535218	0.02013481
5840	-211.8301	-217.9712	6.141143	0.02582213	0.003361977	0.02246015	0.003361977
5850	-212.5213	-218.5836	6.062276	0.0226809	0.009182449	0.01349845	0.009182449
5860	-248.4097	-253.5868	5.17713	0.06132524	0.007770135	0.0535551	0.007770135
5870	-216.0486	-222.3847	6.336162	0.03371556	0.01087401	0.02284155	0.01087401
5880	-213.0415	-219.3976	6.356048	0.02831848	0.005782226	0.02253625	0.005782226
5890	-226.2465	-232.1647	5.918168	0.04918558	0.01863179	0.03055379	0.01863179
5900	-238.5756	-243.7504	5.174873	0.07075181	0.0355197	0.03523211	0.0355197
5910	-214.8555	-220.7867	5.931175	0.02807532	0.01451296	0.01356237	0.01451296
5920	-216.2672	-222.5965	6.329235	0.0334788	0.007282487	0.02619631	0.007282487
5930	-219.6466	-225.3409	5.69426	0.03931467	0.02449899	0.01481568	0.02449899
5940	-225.4434	-231.4307	5.987331	0.04716785	0.01594292	0.03122493	0.01594292
5950	-227.7095	-233.657	5.947473	0.04658563	0.00991487	0.03667076	0.00991487
5960	-242.0318	-246.5207	4.488858	0.09779516	0.07503906	0.0227561	0.07503906
5970	-230.6236	-236.345	5.721331	0.05466298	0.02060274	0.03406024	0.02060274
5980	-219.0179	-225.0179	6.000018	0.03918251	0.02058745	0.01859507	0.02058745
5990	-216.9303	-223.2585	6.328145	0.03469373	0.008701541	0.02599219	0.008701541
6000	-216.2081	-222.4072	6.199096	0.03370603	0.01490316	0.01880287	0.01490316
6010	-280.0581	-283.1134	3.055318	0.1305858	0.07025771	0.06032812	0.07025771
6020	-219.5898	-225.2403	5.65051	0.03890972	0.02460966	0.01430006	0.02460966
6030	-218.8549	-225.0243	6.169391	0.03887909	0.01648961	0.02238947	0.01648961
6040	-235.8822	-241.002	5.119796	0.07382176	0.04636702	0.02745474	0.04636702
6050	-215.2638	-221.5101	6.246323	0.03184578	0.01325715	0.01858863	0.01325715
6060	-239.978	-244.2859	4.307981	0.09573315	0.07914227	0.01659088	0.07914227
6070	-219.0125	-224.7584	5.745929	0.03795898	0.02309921	0.01485977	0.02309921
6080	-240.3594	-245.172	4.81268	0.08524325	0.05686083	0.02838243	0.05686083
6090	-223.1127	-227.9762	4.863523	0.04421968	0.03363817	0.01058151	0.03363817
6100	-230.3058	-233.6446	3.338839	0.05904492	0.05181724	0.007227684	0.05181724
6110	-215.5869	-221.8165	6.229599	0.03247613	0.01383778	0.01863835	0.01383778
6120	-251.8965	-255.7077	3.811226	0.1328766	0.1079927	0.02488391	0.1079927
6130	-228.5706	-232.3767	3.80608	0.05557656	0.04745594	0.008120618	0.04745594
6140	-257.5066	-262.3861	4.879479	0.06879253	0.009629481	0.05916305	0.009629481
6150	-212.696	-218.8471	6.151105	0.02434745	0.009731718	0.01461573	0.009731718
6160	-221.4246	-227.3405	5.915875	0.04413532	0.02375176	0.02038356	0.02375176
6170	-231.4365	-236.7056	5.269037	0.0664939	0.04411149	0.02238241	0.04411149
6180	-228.5891	-234.4965	5.907407	0.04850547	0.01216763	0.03633784	0.01216763
6190	-219.8427	-225.0574	5.214682	0.03682038	0.02574986	0.01107053	0.02574986
6200	-242.7183	-247.7842	5.065866	0.07224447	0.03161808	0.04062639	0.03161808
6210	-229.1314	-233.5678	4.436363	0.06038457	0.04956931	0.01081526	0.04956931
6220	-228.4972	-233.3331	4.83588	0.0600541	0.04695932	0.01309478	0.04695932
6230	-223.2077	-229.1458	5.938092	0.04685091	0.0226171	0.02423381	0.0226171
6240	-234.365	-239.9943	5.629264	0.05621229	0.0169969	0.03921539	0.0169969
6250	-239.0128	-243.8286	4.81577	0.08498174	0.05957172	0.02541002	0.05957172
6260	-244.0372	-246.6702	2.633012	0.109285	0.1010619	0.008223187	0.1010619
6270	-238.0872	-243.1412	5.054016	0.07597221	0.0454276	0.03054461	0.0454276
6280	-222.9777	-228.4785	5.500818	0.04706279	0.03158023	0.01548256	0.03158023
6290	-234.8531	-240.1928	5.339603	0.06627071	0.03442822	0.03184249	0.03442822
6300	-238.7858	-243.7463	4.960492	0.07952939	0.05025063	0.02927876	0.05025063
6310	-210.9636	-216.9416	5.977904	0.01805491	0.004590895	0.01346401	0.004590895
6320	-239.5615	-244.4556	4.894165	0.08203236	0.05299312	0.02903925	0.05299312
6330	-225.4193	-231.1308	5.711512	0.05218411	0.02981763	0.02236648	0.02981763
6340	-215.4249	-221.606	6.181074	0.03177134	0.01432024	0.0174511	0.01432024
6350	-230.8581	-236.4203	5.562246	0.0594924	0.02990345	0.02958895	0.02990345
6360	-254.5754	-258.3302	3.754801	0.1342235	0.1046843	0.02953917	0.1046843
6370	-214.6998	-220.7118	6.01201	0.02841816	0.0141026	0.01431556	0.0141026
6380	-216.7881	-223.1084	6.320246	0.03492636	0.01112962	0.02379675	0.01112962
6390	-216.2163	-222.3481	6.131844	0.03333533	0.0158552	0.01748013	0.0158552
6400	-225.8857	-231.5859	5.700236	0.05298569	0.03003839	0.0229473	0.03003839
6410	-311.6752	-312.8555	1.180309	0.2105822	0.1373775	0.07320465	0.1373775
6420	-237.3839	-242.9259	5.541965	0.05757496	0.01493101	0.04264395	0.01493101
6430	-221.5544	-227.7152	6.160828	0.04175016	0.01315966	0.0285905	0.01315966
6440	-212.2523	-218.5446	6.292291	0.0267918	0.004591656	0.02220014	0.004591656
6450	-249.9919	-255.0457	5.053895	0.06814273	0.01636518	0.05177755	0.01636518
6460	-223.1373	-229.1609	6.023587	0.0455539	0.01869569	0.02685821	0.01869569
6470	-233.5712	-238.9194	5.348167	0.06616412	0.03699601	0.02916811	0.03699601
6480	-224.3971	-230.304	5.90694	0.04853237	0.02269904	0.02583333	0.02269904
6490	-222.3087	-228.4323	6.123542	0.04297086	0.01413029	0.02884056	0.01413029
6500	-229.491	-234.9436	5.452608	0.06105699	0.03767325	0.02338374	0.03767325
6510	-214.2792	-219.3449	5.06571	0.01237841	0.003213325	0.009165086	0.003213325
6520	-211.836	-218.0108	6.174784	0.02587243	0.003560381	0.02231205	0.003560381
6530	-220.3414	-226.3381	5.996743	0.0419289	0.0214483	0.0204806	0.0214483
6540	-232.6112	-237.081	4.469746	0.07170541	0.05901435	0.01269106	0.05901435
6550	-211.3628	-217.6635	6.300685	0.02347422	0.006352534	0.01712168	0.006352534
6560	-257.223	-261.0648	3.841844	0.1207934	0.08219871	0.03859465	0.08219871
6570	-213.1874	-219.5705	6.38308	0.02857092	0.006869267	0.02170165	0.006869267
6580	-212.2498	-218.5986	6.348751	0.02675797	0.005510592	0.02124738	0.005510592
6590	-216.5903	-222.5012	5.910896	0.03269639	0.0180069	0.01468949	0.0180069
6600	-237.731	-242.7473	5.016326	0.07755329	0.0490109	0.02854239	0.0490109
6610	-219.8602	-224.4667	4.606581	0.03283976	0.02447465	0.008365106	0.02447465
6620	-218.0275	-224.3179	6.290375	0.03598001	0.008252138	0.02772787	0.008252138
6630	-226.4044	-232.3244	5.919997	0.04914301	0.01813523	0.03100779	0.01813523
6640	-228.5895	-234.4155	5.826032	0.04519501	0.005792339	0.03940267	0.005792339
6650	-243.4687	-247.6882	4.219495	0.1065967	0.08726239	0.01933432	0.08726239
6660	-211.965	-217.0115	5.046459	0.02427447	0.001120649	0.02315382	0.001120649
6670	-280.7125	-282.207	1.494505	0.3206968	0.2945049	0.02619184	0.2945049
6680	-221.1473	-227.2401	6.09277	0.0426712	0.01797375	0.02469745	0.01797375
6690	-211.2232	-217.4914	6.268178	0.02445768	0.004368175	0.0200895	0.004368175
6700	-212.3076	-217.9504	5.642824	0.0156703	0.00475276	0.01091754	0.00475276
6710	-210.984	-217.2569	6.272901	0.02259032	0.005512156	0.01707816	0.005512156
6720	-221.8008	-227.5867	5.7859	0.04494723	0.02660245	0.01834478	0.02660245
6730	-213.3269	-219.2182	5.891297	0.0229487	0.01068405	0.01226465	0.01068405
6740	-234.3406	-239.9253	5.584652	0.05786688	0.02001642	0.03785045	0.02001642
6750	-236.1896	-241.5971	5.407463	0.06325864	0.02657673	0.03668191	0.02657673
6760	-227.3342	-232.3285	4.994243	0.05718733	0.04350722	0.01368011	0.04350722
6770	-217.9921	-224.172	6.179913	0.03734183	0.01623945	0.02110238	0.01623945
6780	-212.8684	-218.4013	5.532915	0.02664185	0.001691705	0.02495015	0.001691705
6790	-214.2129	-220.4784	6.265572	0.02953097	0.01179088	0.01774009	0.01179088
6800	-225.0434	-230.9996	5.95621	0.04795932	0.01894946	0.02900986	0.01894946
6810	-242.9995	-247.801	4.801469	0.08386863	0.04963903	0.03422961	0.04963903
6820	-223.5328	-228.1146	4.581801	0.03737234	0.001063834	0.03630851	0.001063834
6830	-253.0047	-257.988	4.983301	0.06884843	0.01420358	0.05464486	0.01420358
6840	-211.7565	-218.0892	6.332628	0.02471333	0.006913629	0.0177997	0.006913629
6850	-236.192	-241.5919	5.399918	0.06352955	0.02704913	0.03648042	0.02704913
6860	-233.2552	-238.2808	5.025594	0.07273404	0.05273423	0.01999981	0.05273423
6870	-218.251	-224.4235	6.17254	0.03782499	0.01646952	0.02135547	0.01646952
6880	-224.3404	-230.4137	6.073264	0.04318507	0.009370829	0.03381424	0.009370829
6890	-224.7658	-230.8181	6.0523	0.04488927	0.01228032	0.03260895	0.01228032
6900	-214.9308	-221.0368	6.106006	0.02991614	0.01420019	0.01571595	0.01420019
6910	-215.0867	-221.172	6.085288	0.0308048	0.003508018	0.02729678	0.003508018
6920	-231.4694	-236.7157	5.24636	0.06686553	0.04496876	0.02189677	0.04496876
6930	-210.9263	-217.1634	6.237092	0.02178444	0.005554189	0.01623025	0.005554189
6940	-216.431	-222.0524	5.621428	0.0298764	0.01794516	0.01193124	0.01794516
6950	-226.4743	-232.3561	5.88184	0.04318525	0.005404472	0.03778078	0.005404472
6960	-214.9365	-221.2972	6.360662	0.03174253	0.009987068	0.02175547	0.009987068
6970	-217.4478	-223.4839	6.03604	0.03366311	0.003695173	0.02996794	0.003695173
6980	-227.2925	-231.8832	4.590723	0.0553526	0.04447411	0.01087849	0.04447411
6990	-224.48	-229.4489	4.968864	0.04878875	0.03696444	0.01182432	0.03696444
7000	-228.7359	-234.4365	5.700553	0.05533669	0.02625067	0.02908602	0.02625067
7010	-235.4662	-240.6057	5.139468	0.07309047	0.04598422	0.02710626	0.04598422
7020	-210.83	-217.0285	6.198495	0.02343497	0.003790159	0.01964482	0.003790159
7030	-218.1287	-224.4193	6.290608	0.0367901	0.01082639	0.02596371	0.01082639
7040	-210.7642	-216.8286	6.064415	0.01902168	0.004695799	0.01432588	0.004695799
7050	-242.3376	-247.7093	5.371759	0.06077166	0.01376545	0.04700622	0.01376545
7060	-212.9051	-219.2338	6.328783	0.0270835	0.009134953	0.01794854	0.009134953
7070	-244.9374	-249.5287	4.591237	0.09280549	0.06042889	0.03237659	0.06042889
7080	-257.175	-262.0586	4.883609	0.06733986	0.007870884	0.05946898	0.007870884
7090	-216.4983	-222.8389	6.340654	0.0342461	0.009483487	0.02476261	0.009483487
7100	-293.3531	-294.352	0.998844	0.3211868	0.2780794	0.04310736	0.2780794
7110	-211.3556	-217.6787	6.32312	0.02408784	0.005869283	0.01821856	0.005869283
7120	-233.6387	-239.0553	5.416529	0.06391282	0.03248351	0.03142932	0.03248351
7130	-218.3221	-224.6044	6.282285	0.03713346	0.01118307	0.02595039	0.01118307
7140	-218.79	-224.9948	6.204884	0.03859922	0.01517509	0.02342413	0.01517509
7150	-248.6197	-253.795	5.175293	0.06360893	0.01099395	0.05261498	0.01099395
7160	-221.3403	-227.2951	5.954856	0.04388225	0.02273326	0.02114899	0.02273326
7170	-247.0224	-252.2055	5.183184	0.06507137	0.01500181	0.05006956	0.01500181
7180	-217.3772	-223.6499	6.272732	0.03609513	0.01318144	0.02291369	0.01318144
7190	-220.2345	-226.2479	6.013387	0.0417037	0.02100841	0.02069528	0.02100841
7200	-213.7782	-219.0518	5.273581	0.01379291	0.004476486	0.00931642	0.004476486
7210	-221.1095	-227.2984	6.188896	0.04074951	0.01175618	0.02899333	0.01175618
7220	-216.2357	-222.5718	6.336018	0.03400828	0.01069897	0.02330931	0.01069897
7230	-226.3709	-230.9887	4.617718	0.05266367	0.04202291	0.01064076	0.04202291
7240	-216.213	-220.8101	4.59703	0.01540955	0.008336113	0.007073436	0.008336113
7250	-223.4772	-229.2602	5.782909	0.04841004	0.02769699	0.02071305	0.02769699
7260	-225.2755	-230.9548	5.679284	0.05219983	0.03086572	0.02133411	0.03086572
7270	-241.6992	-246.6204	4.921212	0.07934975	0.04454201	0.03480774	0.04454201
7280	-255.9764	-260.5519	4.575518	0.08206101	0.03023635	0.05182466	0.03023635
7290	-240.0186	-244.9374	4.918738	0.08075576	0.04987186	0.0308839	0.04987186
7300	-232.084	-237.3077	5.223707	0.06813376	0.04568288	0.02245088	0.04568288
7310	-237.0996	-242.4875	5.387837	0.0635015	0.02552528	0.03797622	0.02552528
7320	-212.8984	-219.12	6.221638	0.02576664	0.01000803	0.01575861	0.01000803
7330	-218.2315	-224.1294	5.897831	0.03685698	0.02082611	0.01603087	0.02082611
7340	-217.6336	-221.6736	4.039978	0.01522649	0.009191086	0.006035401	0.009191086
7350	-278.0814	-279.8779	1.796524	0.2850958	0.2567604	0.02833545	0.2567604
7360	-247.3112	-252.3134	5.002164	0.0716184	0.02470478	0.04691363	0.02470478
7370	-230.812	-236.6416	5.829622	0.04957695	0.01043941	0.03913755	0.01043941
7380	-231.622	-236.8448	5.222773	0.0674262	0.04581441	0.02161179	0.04581441
7390	-233.7127	-239.2738	5.561073	0.0589705	0.02309264	0.03587786	0.02309264
7400	-230.5265	-236.0277	5.501274	0.06101371	0.03406443	0.02694928	0.03406443
7410	-222.1291	-228.2869	6.157747	0.04144768	0.01058119	0.0308665	0.01058119
7420	-213.8001	-219.907	6.106911	0.02688678	0.01211334	0.01477344	0.01211334
7430	-235.3406	-240.8795	5.538941	0.05899521	0.02042656	0.03856865	0.02042656
7440	-214.0719	-220.3913	6.319371	0.02967186	0.01079584	0.01887602	0.01079584
7450	-227.7893	-232.5187	4.729391	0.05750101	0.0455683	0.01193271	0.0455683
7460	-226.2554	-232.2082	5.952834	0.04815872	0.01625106	0.03190766	0.01625106
7470	-244.5156	-248.9817	4.466155	0.09981276	0.07237631	0.02743645	0.07237631
7480	-218.0651	-222.8062	4.741073	0.02791194	0.0196483	0.008263633	0.0196483
7490	-214.993	-221.3326	6.3396	0.03178267	0.01091138	0.02087129	0.01091138
7500	-221.1253	-227.2164	6.091061	0.04266424	0.01807286	0.02459138	0.01807286
7510	-245.1334	-249.7355	4.602082	0.09197672	0.05880367	0.03317305	0.05880367
7520	-244.0562	-248.1493	4.093122	0.110057	0.09209231	0.01796465	0.09209231
7530	-225.5799	-231.2528	5.672909	0.05276421	0.03105707	0.02170714	0.03105707
7540	-211.066	-217.2197	6.15364	0.02053024	0.005809673	0.01472057	0.005809673
7550	-238.4825	-243.8028	5.320307	0.06521065	0.02629745	0.03891319	0.02629745
7560	-210.8578	-217.1088	6.25106	0.02208469	0.005286978	0.01679771	0.005286978
7570	-216.9558	-222.0239	5.068063	0.02678971	0.01767147	0.009118238	0.01767147
7580	-252.5376	-257.2398	4.702281	0.07952041	0.03036832	0.04915209	0.03036832
7590	-228.7603	-234.2097	5.44946	0.06004747	0.03809564	0.02195183	0.03809564
7600	-215.0579	-220.104	5.046069	0.01787242	0.009608859	0.008263562	0.009608859
7610	-229.1652	-235.0514	5.886276	0.04895503	0.01202156	0.03693346	0.01202156
7620	-222.6591	-228.2909	5.631717	0.04666675	0.02977572	0.01689104	0.02977572
7630	-249.9265	-253.3401	3.413639	0.1376328	0.1225434	0.01508941	0.1225434
7640	-221.1823	-227.3744	6.192174	0.04033321	0.01035593	0.02997728	0.01035593
7650	-212.937	-219.1843	6.247294	0.02797152	0.00423524	0.02373628	0.00423524
7660	-237.0615	-240.3356	3.274082	0.08294582	0.07440977	0.008536049	0.07440977
7670	-218.2698	-224.5602	6.290405	0.03661745	0.00943802	0.02717943	0.00943802
7680	-226.2395	-232.2431	6.003679	0.04530576	0.01005334	0.03525242	0.01005334
7690	-216.3075	-220.9866	4.679042	0.01973533	0.01228897	0.007446359	0.01228897
7700	-238.3873	-243.6381	5.250881	0.06787883	0.03095742	0.03692141	0.03095742
7710	-235.0289	-240.3537	5.324845	0.06674368	0.03495022	0.03179346	0.03495022
7720	-212.2617	-218.0972	5.835476	0.01849087	0.006878623	0.01161224	0.006878623
7730	-237.8673	-242.8292	4.961941	0.07956161	0.05237433	0.02718728	0.05237433
7740	-249.868	-254.023	4.155072	0.1129351	0.08232193	0.0306132	0.08232193
7750	-257.8561	-260.6635	2.807399	0.1796656	0.1643421	0.01532345	0.1643421
7760	-230.2509	-235.9895	5.738629	0.04631864	0.005365811	0.04095282	0.005365811
7770	-216.7455	-222.8922	6.146701	0.03465346	0.01622855	0.01842491	0.01622855
7780	-226.2637	-232.1511	5.887407	0.04999147	0.02049098	0.02950049	0.02049098
7790	-221.2603	-227.103	5.842719	0.04381477	0.02515571	0.01865907	0.02515571
7800	-227.5116	-233.0926	5.581042	0.05664435	0.0337083	0.02293605	0.0337083
7810	-213.6585	-219.8754	6.216903	0.02767934	0.01140802	0.01627132	0.01140802
7820	-236.8666	-242.3306	5.464018	0.06088332	0.02136488	0.03951843	0.02136488
7830	-238.9484	-243.4821	4.53373	0.09092938	0.07211224	0.01881714	0.07211224
7840	-242.6237	-247.3518	4.728063	0.08789931	0.05677848	0.03112083	0.05677848
7850	-210.61	-216.8216	6.211609	0.02144979	0.004665381	0.01678441	0.004665381
7860	-226.5554	-232.3567	5.801276	0.04273816	0.00447852	0.03825964	0.00447852
7870	-224.4818	-229.271	4.789132	0.04786105	0.03709864	0.0107624	0.03709864
7880	-224.8975	-230.5198	5.622273	0.05174127	0.03221395	0.01952732	0.03221395
7890	-212.2299	-218.5927	6.362718	0.02616096	0.007257963	0.01890299	0.007257963
7900	-218.3314	-224.5334	6.201975	0.03790214	0.01551909	0.02238305	0.01551909
7910	-217.2111	-222.9936	5.782485	0.03339559	0.01958612	0.01380947	0.01958612
7920	-212.6664	-218.7895	6.123054	0.02390428	0.009656687	0.01424759	0.009656687
7930	-214.1575	-220.1597	6.002218	0.02678206	0.01297478	0.01380728	0.01297478
7940	-220.3453	-226.4407	6.095364	0.03739234	0.005186382	0.03220596	0.005186382
7950	-212.8173	-219.0931	6.27574	0.02622206	0.009554452	0.01666761	0.009554452
7960	-211.957	-218.3026	6.345584	0.02531812	0.007128282	0.01818984	0.007128282
7970	-227.2167	-231.0885	3.871812	0.05155591	0.04356284	0.007993073	0.04356284
7980	-226.6456	-231.9236	5.278011	0.05600823	0.0398703	0.01613793	0.0398703
7990	-223.5549	-229.2115	5.656608	0.04879653	0.03045798	0.01833856	0.03045798
8000	-215.9529	-222.0252	6.072344	0.03227023	0.01605275	0.01621749	0.01605275
8010	-229.209	-235.0247	5.815671	0.04585046	0.006042555	0.0398079	0.006042555
8020	-221.8468	-227.9614	6.114602	0.04298206	0.0158068	0.02717526	0.0158068
8030	-230.4997	-236.0532	5.553504	0.05966478	0.03116895	0.02849583	0.03116895
8040	-215.2398	-221.0177	5.777957	0.02772706	0.01530039	0.01242667	0.01530039
8050	-235.9318	-241.545	5.613169	0.05563089	0.01362858	0.04200231	0.01362858
8060	-222.9928	-227.1607	4.167958	0.03993523	0.0320947	0.007840526	0.0320947
8070	-212.6264	-218.8559	6.229462	0.02516223	0.009444816	0.01571742	0.009444816
8080	-215.9129	-221.6283	5.715383	0.02915824	0.01682106	0.01233719	0.01682106
8090	-226.4386	-232.3651	5.926488	0.04895382	0.01761805	0.03133577	0.01761805
8100	-220.9679	-227.1409	6.172995	0.04124223	0.0137612	0.02748103	0.0137612
8110	-256.1278	-260.0457	3.917924	0.1175254	0.0792333	0.0382921	0.0792333
8120	-211.0134	-217.3034	6.290063	0.02320836	0.00524031	0.01796805	0.00524031
8130	-229.7449	-233.8682	4.123272	0.06092294	0.0513523	0.009570636	0.0513523
8140	-252.395	-256.2274	3.832326	0.1314617	0.1048289	0.02663272	0.1048289
8150	-215.2499	-221.342	6.092099	0.03104015	0.003578483	0.02746167	0.003578483
8160	-213.4357	-218.8445	5.408843	0.01512018	0.005525296	0.009594882	0.005525296
8170	-239.3037	-244.7726	5.468884	0.05913973	0.01496102	0.04417872	0.01496102
8180	-257.9258	-261.4474	3.521623	0.1466811	0.1161539	0.03052721	0.1161539
8190	-228.7136	-233.7937	5.08005	0.06128288	0.04566501	0.01561787	0.04566501
8200	-224.0257	-230.0637	6.037972	0.04563996	0.01601001	0.02962995	0.01601001
8210	-215.9966	-222.3488	6.352221	0.03335565	0.008526745	0.0248289	0.008526745
8220	-220.7546	-226.9304	6.175788	0.04106421	0.01404824	0.02701597	0.01404824
8230	-226.6512	-231.1922	4.541076	0.05314138	0.04277689	0.01036449	0.04277689
8240	-212.5009	-218.7705	6.269617	0.0272404	0.004375486	0.02286492	0.004375486
8250	-229.714	-234.8258	5.111815	0.06394111	0.04694235	0.01699876	0.04694235
8260	-217.9515	-223.0904	5.138867	0.03062146	0.02078795	0.009833509	0.02078795
8270	-222.4732	-227.1815	4.708303	0.04143615	0.03183575	0.009600396	0.03183575
8280	-227.7168	-232.966	5.249231	0.05874261	0.04191594	0.01682666	0.04191594
8290	-210.0094	-215.6679	5.658428	0.01850512	0.002048666	0.01645645	0.002048666
8300	-227.8675	-233.7906	5.923021	0.04853489	0.01359883	0.03493606	0.01359883
8310	-215.7086	-221.6154	5.9068	0.03121145	0.002789387	0.02842206	0.002789387
8320	-213.9118	-219.1695	5.257686	0.01396616	0.0048067	0.009159465	0.0048067
8330	-214.4317	-220.1817	5.750023	0.0249121	0.01317508	0.01173702	0.01317508
8340	-212.254	-217.7109	5.456914	0.01416726	0.003107639	0.01105962	0.003107639
8350	-255.4279	-259.3001	3.872209	0.1227663	0.08740329	0.03536298	0.08740329
8360	-224.9984	-231.0467	6.048355	0.0447603	0.01145727	0.03330304	0.01145727
8370	-217.7121	-223.9097	6.197552	0.03681432	0.01571321	0.02110111	0.01571321
8380	-248.3874	-252.8443	4.456925	0.09587731	0.05954877	0.03632854	0.05954877
8390	-219.5775	-225.4766	5.899162	0.04013256	0.02261505	0.01751751	0.02261505
8400	-217.7229	-223.9893	6.26636	0.03513004	0.006682759	0.02844728	0.006682759
8410	-218.6552	-224.9143	6.259047	0.03652284	0.007608597	0.02891424	0.007608597
8420	-215.8594	-221.5969	5.737508	0.02919764	0.01671572	0.01248192	0.01671572
8430	-217.4825	-223.7291	6.246581	0.03461864	0.005994874	0.02862376	0.005994874
8440	-223.0312	-229.1533	6.12213	0.04187327	0.009327461	0.0325458	0.009327461
8450	-217.7585	-223.6773	5.918746	0.03579037	0.01994287	0.0158475	0.01994287
8460	-219.0025	-224.9788	5.976261	0.0390754	0.0209413	0.0181341	0.0209413
8470	-215.3052	-221.3499	6.044624	0.03036459	0.01514844	0.01521615	0.01514844
8480	-243.0321	-248.3968	5.364679	0.06028998	0.01215479	0.04813519	0.01215479
8490	-230.8348	-236.072	5.237249	0.06586406	0.0452265	0.02063756	0.0452265
8500	-210.0147	-215.78	5.765324	0.01865671	0.002319204	0.01633751	0.002319204
8510	-224.3512	-230.4255	6.074245	0.04394375	0.01106472	0.03287903	0.01106472
8520	-250.0603	-252.9912	2.930901	0.1393149	0.1278868	0.01142806	0.1278868
8530	-249.7886	-253.8353	4.046737	0.1199446	0.092946	0.02699856	0.092946
8540	-228.8235	-233.9261	5.102559	0.04282064	0.001930843	0.04088979	0.001930843
8550	-241.4743	-246.0177	4.543312	0.09554564	0.07248407	0.02306158	0.07248407
8560	-215.7853	-222.1367	6.351384	0.03292325	0.007800227	0.02512302	0.007800227
8570	-221.5545	-227.3843	5.829751	0.04444475	0.0256296	0.01881515	0.0256296
8580	-231.0012	-236.7282	5.727044	0.05435252	0.01926695	0.03508557	0.01926695
8590	-211.9365	-217.8037	5.867201	0.01805109	0.006135215	0.01191588	0.006135215
8600	-212.7215	-218.4679	5.74632	0.01863632	0.007592114	0.01104421	0.007592114
8610	-225.0702	-231.0804	6.010229	0.04280188	0.007084108	0.03571777	0.007084108
8620	-228.4732	-234.234	5.76084	0.05369158	0.02326408	0.0304275	0.02326408
8630	-215.8246	-221.8108	5.986135	0.03125286	0.01632161	0.01493125	0.01632161
8640	-222.8541	-227.0233	4.16917	0.0395128	0.03170307	0.007809729	0.03170307
8650	-232.8967	-237.2142	4.317558	0.072169	0.06036722	0.01180178	0.06036722
8660	-223.7367	-229.8339	6.097116	0.04334039	0.0111066	0.0322338	0.0111066
8670	-231.5484	-237.2945	5.746103	0.05341639	0.01647643	0.03693996	0.01647643
8680	-220.5979	-226.7908	6.192887	0.03871884	0.007747718	0.03097112	0.007747718
8690	-237.0579	-242.2115	5.15357	0.07242873	0.04121	0.03121873	0.04121
8700	-216.3899	-222.0333	5.643435	0.0299422	0.0178723	0.01206991	0.0178723
8710	-210.5092	-216.5106	6.001488	0.01842421	0.003878525	0.01454569	0.003878525
8720	-220.2115	-226.1574	5.945856	0.04166443	0.02247439	0.01919005	0.02247439
8730	-231.6084	-237.2453	5.636939	0.05713707	0.0235305	0.03360658	0.0235305
8740	-211.0612	-217.0702	6.008979	0.02402693	0.002746081	0.02128085	0.002746081
8750	-211.7585	-217.9716	6.213091	0.02278173	0.0075968	0.01518493	0.0075968
8760	-262.5588	-265.4216	2.862771	0.1947098	0.17244	0.02226975	0.17244
8770	-217.9155	-223.4932	5.577678	0.03382663	0.02133988	0.01248674	0.02133988
8780	-212.0421	-217.2867	5.2446	0.02476853	0.001303052	0.02346548	0.001303052
8790	-228.5933	-234.0233	5.429939	0.05996511	0.03875152	0.02121359	0.03875152
8800	-231.3728	-236.6642	5.291466	0.06605901	0.0432374	0.0228216	0.0432374
8810	-213.8167	-219.9186	6.10195	0.02687919	0.01215665	0.01472253	0.01215665
8820	-216.0359	-222.3856	6.349622	0.03359053	0.009741766	0.02384877	0.009741766
8830	-226.1858	-231.2503	5.064413	0.05414795	0.04061957	0.01352838	0.04061957
8840	-233.5685	-239.1962	5.627786	0.04905376	0.005542111	0.04351165	0.005542111
8850	-216.4289	-222.5433	6.114464	0.03373423	0.0163125	0.01742173	0.0163125
8860	-213.324	-218.7992	5.475149	0.01606302	0.006291692	0.009771327	0.006291692
8870	-259.8705	-263.8693	3.998868	0.0643652	0.001838455	0.06252675	0.001838455
8880	-241.0465	-246.4541	5.407575	0.05533829	0.006618505	0.04871978	0.006618505
8890	-215.3147	-221.2737	5.959009	0.02963166	0.01543453	0.01419713	0.01543453
8900	-227.6632	-233.5572	5.89403	0.04978295	0.0166484	0.03313455	0.0166484
8910	-217.6398	-222.3035	4.663675	0.0257418	0.0178732	0.0078686	0.0178732
8920	-212.3685	-218.5212	6.15272	0.02347377	0.008988535	0.01448524	0.008988535
8930	-217.4251	-221.8321	4.407051	0.01090297	0.003892427	0.007010541	0.003892427
8940	-218.0269	-224.3248	6.297892	0.03642699	0.009889602	0.02653739	0.009889602
8950	-225.8111	-231.8258	6.014754	0.0443851	0.008956358	0.03542874	0.008956358
8960	-213.0915	-219.2835	6.192076	0.02812525	0.003822134	0.02430312	0.003822134
8970	-220.1078	-224.0483	3.940475	0.02923196	0.02263374	0.006598214	0.02263374
8980	-233.2765	-239.0018	5.725301	0.05039315	0.008221273	0.04217188	0.008221273
8990	-213.7728	-220.1559	6.383112	0.02959217	0.008445357	0.02114681	0.008445357
9000	-238.4703	-243.6335	5.163169	0.07129078	0.03661627	0.03467451	0.03661627
9010	-230.2704	-235.3342	5.063826	0.06544889	0.04853835	0.01691054	0.04853835
9020	-217.6969	-224.0045	6.307596	0.03599433	0.009894974	0.02609935	0.009894974
9030	-223.8891	-228.7021	4.813039	0.04623221	0.0355917	0.01064051	0.0355917
9040	-213.6366	-219.9917	6.355128	0.0290267	0.009548442	0.01947826	0.009548442
9050	-224.0389	-229.9543	5.915452	0.04064982	0.004681137	0.03596868	0.004681137
9060	-255.1198	-259.0179	3.898125	0.1214405	0.08602835	0.03541211	0.08602835
9070	-216.9401	-223.2392	6.299067	0.03424779	0.006904142	0.02734365	0.006904142
9080	-211.9142	-217.8304	5.916235	0.01874196	0.006533653	0.01220831	0.006533653
9090	-215.8357	-220.5871	4.751384	0.01391285	0.006466916	0.007445936	0.006466916
9100	-216.6457	-221.9131	5.267392	0.02748772	0.01757997	0.009907754	0.01757997
9110	-223.8391	-229.8961	6.056941	0.0450819	0.01511822	0.02996368	0.01511822
9120	-235.6328	-241.1899	5.557049	0.05068415	0.005615716	0.04506843	0.005615716
9130	-221.3973	-227.5781	6.180809	0.04096887	0.01144767	0.0295212	0.01144767
9140	-230.6658	-235.1946	4.528776	0.0656428	0.05357792	0.01206488	0.05357792
9150	-219.1932	-225.335	6.141741	0.03953911	0.01732567	0.02221343	0.01732567
9160	-253.1045	-257.4477	4.343228	0.09545546	0.0525214	0.04293406	0.0525214
9170	-232.11	-237.8041	5.694104	0.0550396	0.01857329	0.03646631	0.01857329
9180	-218.5479	-224.1723	5.624378	0.03592418	0.02263777	0.01328641	0.02263777
9190	-220.392	-226.595	6.203025	0.03855471	0.007891842	0.03066287	0.007891842
9200	-212.0569	-218.2875	6.230638	0.02374686	0.008250887	0.01549597	0.008250887
9210	-220.1661	-226.293	6.126925	0.04110159	0.01739227	0.02370932	0.01739227
9220	-216.1389	-221.9529	5.813985	0.03067001	0.01733504	0.01333497	0.01733504
9230	-265.5279	-270.1415	4.613603	0.07464424	0.01043926	0.06420498	0.01043926
9240	-253.4409	-257.9389	4.498068	0.08733356	0.04057875	0.0467548	0.04057875
9250	-222.0426	-227.5222	5.479677	0.04451682	0.03005312	0.0144637	0.03005312
9260	-215.1931	-220.6183	5.425133	0.02399375	0.01392237	0.01007138	0.01392237
9270	-216.6427	-222.488	5.845266	0.03222846	0.002686247	0.02954222	0.002686247
9280	-233.3615	-238.3017	4.940275	0.0736805	0.05510204	0.01857845	0.05510204
9290	-216.0964	-222.1995	6.103026	0.0328517	0.01600239	0.01684931	0.01600239
9300	-213.8265	-219.2087	5.382213	0.01687837	0.007539654	0.009338712	0.007539654
9310	-213.4183	-219.6258	6.207539	0.02695699	0.0110416	0.01591539	0.0110416
9320	-214.7755	-220.6532	5.87773	0.02731531	0.01432056	0.01299476	0.01432056
9330	-211.1794	-217.3046	6.125187	0.02026541	0.005974356	0.01429105	0.005974356
9340	-241.2848	-246.1611	4.876348	0.08180578	0.04926384	0.03254194	0.04926384
9350	-212.0271	-218.0069	5.979819	0.02003179	0.007390753	0.01264104	0.007390753
9360	-258.391	-261.3533	2.96235	0.1792467	0.1614129	0.01783372	0.1614129
9370	-255.2238	-260.0728	4.84899	0.07262291	0.01744506	0.05517785	0.01744506
9380	-216.4018	-222.6484	6.246577	0.03431525	0.01406487	0.02025038	0.01406487
9390	-215.0314	-221.3492	6.317724	0.03146938	0.005871298	0.02559808	0.005871298
9400	-213.2179	-219.2423	6.024357	0.02426759	0.01082811	0.01343949	0.01082811
9410	-233.8965	-238.7664	4.869886	0.07542897	0.05734995	0.01807902	0.05734995
9420	-282.3103	-285.9984	3.688075	0.09973782	0.02939151	0.0703463	0.02939151
9430	-230.2308	-235.9142	5.683378	0.05592594	0.02395823	0.0319677	0.02395823
9440	-212.7366	-219.1078	6.371191	0.02729755	0.007930043	0.01936751	0.007930043
9450	-258.2749	-261.3162	3.041332	0.1766153	0.1576691	0.01894615	0.1576691
9460	-221.8673	-228.0225	6.155229	0.04025376	0.008278914	0.03197484	0.008278914
9470	-223.1865	-229.1632	5.976698	0.04633988	0.02095652	0.02538336	0.02095652
9480	-238.7491	-243.3692	4.620077	0.08931836	0.06917739	0.02014097	0.06917739
9490	-227.3562	-233.2118	5.855593	0.05099375	0.01999843	0.03099532	0.01999843
9500	-212.7263	-218.9359	6.20963	0.02516986	0.009709041	0.01546082	0.009709041
9510	-228.2392	-234.108	5.868798	0.0504677	0.01687748	0.03359022	0.01687748
9520	-231.0155	-236.2123	5.196808	0.06658467	0.04650389	0.02008078	0.04650389
9530	-224.3029	-229.2197	4.916753	0.04800352	0.0365939	0.01140963	0.0365939
9540	-246.7217	-251.1881	4.466416	0.09772927	0.06496373	0.03276553	0.06496373
9550	-222.6909	-228.7375	6.046572	0.03996199	0.005783268	0.03417872	0.005783268
9560	-211.6015	-217.8504	6.248837	0.02298436	0.007195561	0.0157888	0.007195561
9570	-231.4307	-236.8019	5.371176	0.0646292	0.03954622	0.02508298	0.03954622
9580	-214.5965	-220.9696	6.373102	0.0311357	0.009259869	0.02187584	0.009259869
9590	-247.9923	-253.1878	5.195543	0.06331582	0.0112274	0.05208842	0.0112274
9600	-215.0972	-221.4219	6.324753	0.03192943	0.011432	0.02049743	0.011432
9610	-211.3912	-217.2512	5.859996	0.02454952	0.002287789	0.02226173	0.002287789
9620	-265.2849	-268.7728	3.487906	0.1288367	0.08291926	0.04591741	0.08291926
9630	-216.4276	-222.7183	6.290687	0.03340314	0.006200259	0.02720288	0.006200259
9640	-268.561	-270.1107	1.549786	0.2581781	0.2460008	0.0121773	0.2460008
9650	-225.9942	-231.8244	5.830251	0.05113705	0.02416817	0.02696888	0.02416817
9660	-223.2212	-229.1523	5.931089	0.04694528	0.02289069	0.02405459	0.02289069
9670	-216.6623	-222.9918	6.329509	0.03465911	0.0105756	0.02408351	0.0105756
9680	-218.8691	-223.7256	4.856551	0.03142278	0.02246503	0.00895775	0.02246503
9690	-226.9833	-232.2068	5.223483	0.05681519	0.04104	0.0157752	0.04104
9700	-216.6491	-222.8883	6.239165	0.03479623	0.01434674	0.02044948	0.01434674
9710	-210.8625	-217.1167	6.254174	0.02216092	0.005277955	0.01688297	0.005277955
9720	-226.958	-232.8674	5.909413	0.04942939	0.01745426	0.03197513	0.01745426
9730	-236.4913	-242.0284	5.53709	0.05146003	0.005818525	0.04564151	0.005818525
9740	-219.9933	-226.1848	6.191491	0.0401906	0.01447631	0.02571429	0.01447631
9750	-229.5977	-235.4715	5.873763	0.04895139	0.01125925	0.03769214	0.01125925
9760	-246.5342	-251.3286	4.79444	0.0805944	0.03931923	0.04127517	0.03931923
9770	-213.9089	-219.8184	5.909538	0.02502689	0.01228824	0.01273865	0.01228824
9780	-216.9872	-223.3148	6.327625	0.03482623	0.008951197	0.02587503	0.008951197
9790	-258.3178	-263.1522	4.834389	0.06757725	0.007141048	0.0604362	0.007141048
9800	-217.6442	-223.5511	5.906864	0.03542348	0.01984282	0.01558067	0.01984282
9810	-213.9743	-220.2196	6.24529	0.02876161	0.01168319	0.01707842	0.01168319
9820	-237.1039	-242.6854	5.581478	0.05327341	0.008024372	0.04524904	0.008024372
9830	-228.871	-234.7089	5.837907	0.04568609	0.006254356	0.03943173	0.006254356
9840	-221.3201	-227.5047	6.184603	0.04080919	0.01124512	0.02956407	0.01124512
9850	-210.5431	-216.7164	6.173281	0.02239633	0.003729708	0.01866662	0.003729708
9860	-214.7298	-220.8672	6.137418	0.03044615	0.003759059	0.0266871	0.003759059
9870	-216.0748	-222.421	6.346213	0.03368795	0.01006447	0.02362348	0.01006447
9880	-221.1286	-226.864	5.735363	0.04325526	0.02650941	0.01674585	0.02650941
9890	-215.4832	-221.456	5.972797	0.03021766	0.01573093	0.01448673	0.01573093
9900	-210.7128	-216.4488	5.735985	0.01640477	0.002896051	0.01350871	0.002896051
9910	-210.5865	-216.7979	6.211421	0.02154064	0.004560755	0.01697989	0.004560755
9920	-228.9244	-233.6285	4.704125	0.06086211	0.04850959	0.01235252	0.04850959
9930	-218.9959	-225.2348	6.238966	0.03678557	0.007245365	0.02954021	0.007245365
9940	-216.4347	-222.6492	6.21451	0.03427259	0.01479249	0.0194801	0.01479249
9950	-246.1433	-251.0635	4.920153	0.07555858	0.03217146	0.04338712	0.03217146
9960	-219.7689	-225.7763	6.00739	0.0407913	0.0209702	0.01982109	0.0209702
9970	-212.7423	-218.9767	6.234412	0.0255217	0.009653499	0.0158682	0.009653499
9980	-242.5108	-247.139	4.628162	0.09278658	0.06506399	0.02772259	0.06506399
9990	-226.7678	-232.1795	5.411771	0.05630192	0.03807541	0.01822651	0.03807541
10000	-218.9999	-225.0222	6.022369	0.03545582	0.003981498	0.03147433	0.003981498
