state	power	likelihood
2510	0.624032	-217.285
2520	0.624032	-216.137
2530	0.624032	-216.763
2540	0.624032	-218.54
2550	0.624032	-216.95
2560	0.624032	-216.592
2570	0.624032	-216.635
2580	0.624032	-219.038
2590	0.624032	-218.648
2600	0.624032	-219.299
2610	0.624032	-220.2
2620	0.624032	-217.944
2630	0.624032	-219.826
2640	0.624032	-215.963
2650	0.624032	-216.723
2660	0.624032	-216.403
2670	0.624032	-216.677
2680	0.624032	-216.84
2690	0.624032	-215.153
2700	0.624032	-216.864
2710	0.624032	-220.223
2720	0.624032	-216.788
2730	0.624032	-220.277
2740	0.624032	-219.476
2750	0.624032	-215.686
2760	0.624032	-216.241
2770	0.624032	-217.441
2780	0.624032	-217.429
2790	0.624032	-216.1
2800	0.624032	-217.041
2810	0.624032	-216.888
2820	0.624032	-216.879
2830	0.624032	-216.071
2840	0.624032	-218.895
2850	0.624032	-217.927
2860	0.624032	-218.549
2870	0.624032	-219.253
2880	0.624032	-216.82
2890	0.624032	-217.609
2900	0.624032	-215.492
2910	0.624032	-218.023
2920	0.624032	-216.461
2930	0.624032	-219.855
2940	0.624032	-217.08
2950	0.624032	-217.167
2960	0.624032	-222.072
2970	0.624032	-215.557
2980	0.624032	-218.102
2990	0.624032	-217.213
3000	0.624032	-217.099
3010	0.624032	-219.104
3020	0.624032	-216.508
3030	0.624032	-216.259
3040	0.624032	-217.274
3050	0.624032	-223.252
3060	0.624032	-217.766
3070	0.624032	-218.108
3080	0.624032	-215.197
3090	0.624032	-215.659
3100	0.624032	-219.043
3110	0.624032	-219.13
3120	0.624032	-216.347
3130	0.624032	-215.27
3140	0.624032	-218.435
3150	0.624032	-217.929
3160	0.624032	-215.648
3170	0.624032	-216.173
3180	0.624032	-218.158
3190	0.624032	-216.294
3200	0.624032	-215.79
3210	0.624032	-215.925
3220	0.624032	-215.788
3230	0.624032	-215.363
3240	0.624032	-218.56
3250	0.624032	-217.222
3260	0.624032	-216.069
3270	0.624032	-216.317
3280	0.624032	-217.125
3290	0.624032	-218.029
3300	0.624032	-216.273
3310	0.624032	-216.027
3320	0.624032	-216.096
3330	0.624032	-217.259
3340	0.624032	-216.8
3350	0.624032	-216.701
3360	0.624032	-216.65
3370	0.624032	-216.143
3380	0.624032	-222.205
3390	0.624032	-220.083
3400	0.624032	-218.754
3410	0.624032	-215.596
3420	0.624032	-216.977
3430	0.624032	-222.098
3440	0.624032	-218.995
3450	0.624032	-220.385
3460	0.624032	-218.232
3470	0.624032	-224.048
3480	0.624032	-215.983
3490	0.624032	-215.425
3500	0.624032	-216.108
3510	0.624032	-217.621
3520	0.624032	-217.947
3530	0.624032	-217.536
3540	0.624032	-216.296
3550	0.624032	-217.052
3560	0.624032	-217.604
3570	0.624032	-217.914
3580	0.624032	-216.259
3590	0.624032	-222.08
3600	0.624032	-215.402
3610	0.624032	-217.52
3620	0.624032	-215.414
3630	0.624032	-215.951
3640	0.624032	-216.681
3650	0.624032	-218.113
3660	0.624032	-217.954
3670	0.624032	-215.591
3680	0.624032	-216.554
3690	0.624032	-217.034
3700	0.624032	-216.502
3710	0.624032	-216.545
3720	0.624032	-219.935
3730	0.624032	-217.52
3740	0.624032	-221.279
3750	0.624032	-216.485
3760	0.624032	-215.546
3770	0.624032	-218.306
3780	0.624032	-216.203
3790	0.624032	-216.795
3800	0.624032	-218.827
3810	0.624032	-217.365
3820	0.624032	-216.543
3830	0.624032	-219.524
3840	0.624032	-216.025
3850	0.624032	-215.16
3860	0.624032	-217.665
3870	0.624032	-218.141
3880	0.624032	-216.178
3890	0.624032	-219.241
3900	0.624032	-216.33
3910	0.624032	-217.699
3920	0.624032	-217.236
3930	0.624032	-218.006
3940	0.624032	-215.944
3950	0.624032	-220.987
3960	0.624032	-215.941
3970	0.624032	-216.069
3980	0.624032	-215.989
3990	0.624032	-217.666
4000	0.624032	-218.137
4010	0.624032	-218.353
4020	0.624032	-216.287
4030	0.624032	-217.152
4040	0.624032	-216.832
4050	0.624032	-217.404
4060	0.624032	-217.329
4070	0.624032	-216.29
4080	0.624032	-217.434
4090	0.624032	-215.901
4100	0.624032	-216.93
4110	0.624032	-222.397
4120	0.624032	-221.091
4130	0.624032	-216.882
4140	0.624032	-216.351
4150	0.624032	-216.616
4160	0.624032	-220.197
4170	0.624032	-216.994
4180	0.624032	-217.073
4190	0.624032	-220.787
4200	0.624032	-217.231
4210	0.624032	-216.511
4220	0.624032	-215.923
4230	0.624032	-217.389
4240	0.624032	-222.05
4250	0.624032	-215.976
4260	0.624032	-219.414
4270	0.624032	-217.64
4280	0.624032	-215.579
4290	0.624032	-218.14
4300	0.624032	-218.412
4310	0.624032	-218.309
4320	0.624032	-215.838
4330	0.624032	-216.72
4340	0.624032	-221.632
4350	0.624032	-217.478
4360	0.624032	-216.593
4370	0.624032	-219.987
4380	0.624032	-220.602
4390	0.624032	-221.444
4400	0.624032	-218.228
4410	0.624032	-216.35
4420	0.624032	-216.72
4430	0.624032	-218.121
4440	0.624032	-217.414
4450	0.624032	-216.738
4460	0.624032	-216.359
4470	0.624032	-215.798
4480	0.624032	-217.512
4490	0.624032	-219.654
4500	0.624032	-218.006
4510	0.624032	-216.338
4520	0.624032	-217.08
4530	0.624032	-216.042
4540	0.624032	-215.901
4550	0.624032	-217.114
4560	0.624032	-217.19
4570	0.624032	-218.452
4580	0.624032	-215.568
4590	0.624032	-217.112
4600	0.624032	-217.581
4610	0.624032	-217.299
4620	0.624032	-220.627
4630	0.624032	-217.164
4640	0.624032	-215.878
4650	0.624032	-217.666
4660	0.624032	-219.523
4670	0.624032	-223.303
4680	0.624032	-216.48
4690	0.624032	-215.995
4700	0.624032	-217.471
4710	0.624032	-215.507
4720	0.624032	-219.164
4730	0.624032	-216.461
4740	0.624032	-221.178
4750	0.624032	-216.719
4760	0.624032	-220.122
4770	0.624032	-217.052
4780	0.624032	-217.762
4790	0.624032	-219.5
4800	0.624032	-216.474
4810	0.624032	-216.087
4820	0.624032	-215.74
4830	0.624032	-219.143
4840	0.624032	-215.875
4850	0.624032	-218.586
4860	0.624032	-219.548
4870	0.624032	-218.927
4880	0.624032	-219.451
4890	0.624032	-218.435
4900	0.624032	-217.26
4910	0.624032	-218.358
4920	0.624032	-218.915
4930	0.624032	-215.948
4940	0.624032	-218.483
4950	0.624032	-217.579
4960	0.624032	-217.025
4970	0.624032	-216.633
4980	0.624032	-217.317
4990	0.624032	-217.157
5000	0.624032	-217.633
5010	0.624032	-215.939
5020	0.624032	-216.231
5030	0.624032	-217.058
5040	0.624032	-216.767
5050	0.624032	-221.484
5060	0.624032	-217.462
5070	0.624032	-215.837
5080	0.624032	-220.088
5090	0.624032	-216.1
5100	0.624032	-218.327
5110	0.624032	-216.451
5120	0.624032	-219.25
5130	0.624032	-217.251
5140	0.624032	-215.34
5150	0.624032	-217.151
5160	0.624032	-219.498
5170	0.624032	-216.124
5180	0.624032	-215.972
5190	0.624032	-216.923
5200	0.624032	-218.146
5210	0.624032	-217.597
5220	0.624032	-217.749
5230	0.624032	-217.029
5240	0.624032	-218.308
5250	0.624032	-219.375
5260	0.624032	-216.864
5270	0.624032	-216.236
5280	0.624032	-217.754
5290	0.624032	-219.871
5300	0.624032	-217.939
5310	0.624032	-215.687
5320	0.624032	-215.431
5330	0.624032	-216.961
5340	0.624032	-216.933
5350	0.624032	-217.385
5360	0.624032	-217.133
5370	0.624032	-216.618
5380	0.624032	-217.898
5390	0.624032	-216.157
5400	0.624032	-216.937
5410	0.624032	-217.797
5420	0.624032	-216.46
5430	0.624032	-216.842
5440	0.624032	-218.7
5450	0.624032	-216.869
5460	0.624032	-223.111
5470	0.624032	-223.308
5480	0.624032	-216.094
5490	0.624032	-217.117
5500	0.624032	-217.453
5510	0.624032	-215.54
5520	0.624032	-216.009
5530	0.624032	-216.642
5540	0.624032	-216.042
5550	0.624032	-215.291
5560	0.624032	-215.595
5570	0.624032	-217.666
5580	0.624032	-216.33
5590	0.624032	-215.768
5600	0.624032	-216.531
5610	0.624032	-219.373
5620	0.624032	-219.033
5630	0.624032	-218.603
5640	0.624032	-215.975
5650	0.624032	-217.233
5660	0.624032	-216.02
5670	0.624032	-218.453
5680	0.624032	-215.022
5690	0.624032	-218.296
5700	0.624032	-215.771
5710	0.624032	-216.57
5720	0.624032	-217.73
5730	0.624032	-218.024
5740	0.624032	-222.428
5750	0.624032	-216.522
5760	0.624032	-215.67
5770	0.624032	-216.02
5780	0.624032	-215.282
5790	0.624032	-219.391
5800	0.624032	-217.285
5810	0.624032	-216.205
5820	0.624032	-219.166
5830	0.624032	-219.909
5840	0.624032	-216.911
5850	0.624032	-216.747
5860	0.624032	-218.904
5870	0.624032	-219.122
5880	0.624032	-217.318
5890	0.624032	-216.669
5900	0.624032	-217.054
5910	0.624032	-216.258
5920	0.624032	-217.381
5930	0.624032	-217.55
5940	0.624032	-220.205
5950	0.624032	-216.568
5960	0.624032	-215.498
5970	0.624032	-216.615
5980	0.624032	-219.09
5990	0.624032	-217.1
6000	0.624032	-217.108
6010	0.624032	-218.456
6020	0.624032	-217.819
6030	0.624032	-219.25
6040	0.624032	-216.05
6050	0.624032	-216.913
6060	0.624032	-218.81
6070	0.624032	-218.372
6080	0.624032	-221.947
6090	0.624032	-217.43
6100	0.624032	-218.598
6110	0.624032	-215.811
6120	0.624032	-221.51
6130	0.624032	-215.972
6140	0.624032	-216.783
6150	0.624032	-220.675
6160	0.624032	-217.593
6170	0.624032	-217.182
6180	0.624032	-216.176
6190	0.624032	-219.245
6200	0.624032	-217.233
6210	0.624032	-218.285
6220	0.624032	-227.29
6230	0.624032	-221.328
6240	0.624032	-215.874
6250	0.624032	-221.32
6260	0.624032	-217.535
6270	0.624032	-218.595
6280	0.624032	-215.534
6290	0.624032	-219.148
6300	0.624032	-216.535
6310	0.624032	-217.896
6320	0.624032	-215.62
6330	0.624032	-216.667
6340	0.624032	-217.764
6350	0.624032	-216.125
6360	0.624032	-216.248
6370	0.624032	-216.282
6380	0.624032	-217.102
6390	0.624032	-216.248
6400	0.624032	-216.83
6410	0.624032	-216.927
6420	0.624032	-216.242
6430	0.624032	-215.871
6440	0.624032	-218.168
6450	0.624032	-216.959
6460	0.624032	-216.296
6470	0.624032	-217.58
6480	0.624032	-218.869
6490	0.624032	-215.789
6500	0.624032	-217.087
6510	0.624032	-218.094
6520	0.624032	-218.482
6530	0.624032	-215.468
6540	0.624032	-218.256
6550	0.624032	-218.088
6560	0.624032	-220.181
6570	0.624032	-216.618
6580	0.624032	-216.126
6590	0.624032	-218.207
6600	0.624032	-218.092
6610	0.624032	-219.599
6620	0.624032	-216.436
6630	0.624032	-219.424
6640	0.624032	-216.023
6650	0.624032	-217.747
6660	0.624032	-218.694
6670	0.624032	-218.778
6680	0.624032	-219.05
6690	0.624032	-219.205
6700	0.624032	-216.751
6710	0.624032	-218.994
6720	0.624032	-218.908
6730	0.624032	-219.61
6740	0.624032	-216.164
6750	0.624032	-216.597
6760	0.624032	-216.912
6770	0.624032	-218.51
6780	0.624032	-215.973
6790	0.624032	-218.658
6800	0.624032	-221.039
6810	0.624032	-221.063
6820	0.624032	-216.286
6830	0.624032	-216.335
6840	0.624032	-215.929
6850	0.624032	-219.072
6860	0.624032	-219.523
6870	0.624032	-217.041
6880	0.624032	-219.921
6890	0.624032	-217.282
6900	0.624032	-217.626
6910	0.624032	-218.244
6920	0.624032	-217.218
6930	0.624032	-217.159
6940	0.624032	-218.188
6950	0.624032	-218.938
6960	0.624032	-215.793
6970	0.624032	-220.759
6980	0.624032	-216.305
6990	0.624032	-218.114
7000	0.624032	-217.785
7010	0.624032	-219.372
7020	0.624032	-216.289
7030	0.624032	-217.629
7040	0.624032	-216.046
7050	0.624032	-216.075
7060	0.624032	-223.677
7070	0.624032	-219.613
7080	0.624032	-218.495
7090	0.624032	-215.966
7100	0.624032	-217.055
7110	0.624032	-216.486
7120	0.624032	-216.485
7130	0.624032	-219.677
7140	0.624032	-217.566
7150	0.624032	-218.361
7160	0.624032	-216.646
7170	0.624032	-215.209
7180	0.624032	-215.373
7190	0.624032	-217.501
7200	0.624032	-215.552
7210	0.624032	-217.51
7220	0.624032	-217.34
7230	0.624032	-218.854
7240	0.624032	-217.281
7250	0.624032	-216.533
7260	0.624032	-218.839
7270	0.624032	-222.213
7280	0.624032	-218.375
7290	0.624032	-215.626
7300	0.624032	-221.033
7310	0.624032	-218.62
7320	0.624032	-218.125
7330	0.624032	-216.239
7340	0.624032	-218.91
7350	0.624032	-217.118
7360	0.624032	-217.288
7370	0.624032	-217.247
7380	0.624032	-217.313
7390	0.624032	-215.469
7400	0.624032	-216.615
7410	0.624032	-216.117
7420	0.624032	-221.526
7430	0.624032	-219.142
7440	0.624032	-219.643
7450	0.624032	-218.565
7460	0.624032	-219.614
7470	0.624032	-218.033
7480	0.624032	-217.346
7490	0.624032	-218.327
7500	0.624032	-220.747
7510	0.624032	-216.389
7520	0.624032	-215.665
7530	0.624032	-218.679
7540	0.624032	-215.795
7550	0.624032	-219.096
7560	0.624032	-218.459
7570	0.624032	-220.311
7580	0.624032	-216.78
7590	0.624032	-218.177
7600	0.624032	-219.593
7610	0.624032	-216.25
7620	0.624032	-216.775
7630	0.624032	-218.063
7640	0.624032	-216.825
7650	0.624032	-217.61
7660	0.624032	-219.341
7670	0.624032	-218.22
7680	0.624032	-216.042
7690	0.624032	-217.019
7700	0.624032	-215.977
7710	0.624032	-218.259
7720	0.624032	-219.178
7730	0.624032	-216.178
7740	0.624032	-217.351
7750	0.624032	-215.975
7760	0.624032	-220.567
7770	0.624032	-217.559
7780	0.624032	-222.217
7790	0.624032	-220.113
7800	0.624032	-218.481
7810	0.624032	-219.304
7820	0.624032	-218.759
7830	0.624032	-218.569
7840	0.624032	-218.747
7850	0.624032	-216.632
7860	0.624032	-217.7
7870	0.624032	-217.616
7880	0.624032	-215.984
7890	0.624032	-215.817
7900	0.624032	-218.25
7910	0.624032	-217.845
7920	0.624032	-216.05
7930	0.624032	-216.224
7940	0.624032	-216.74
7950	0.624032	-217.716
7960	0.624032	-216.629
7970	0.624032	-216.853
7980	0.624032	-215.604
7990	0.624032	-217.57
8000	0.624032	-219.379
8010	0.624032	-215.718
8020	0.624032	-215.822
8030	0.624032	-215.535
8040	0.624032	-216.019
8050	0.624032	-219.096
8060	0.624032	-219.541
8070	0.624032	-215.546
8080	0.624032	-217.155
8090	0.624032	-216.529
8100	0.624032	-216.338
8110	0.624032	-217.093
8120	0.624032	-218.396
8130	0.624032	-221.097
8140	0.624032	-216.348
8150	0.624032	-218.612
8160	0.624032	-216.423
8170	0.624032	-215.857
8180	0.624032	-217.218
8190	0.624032	-215.669
8200	0.624032	-216.512
8210	0.624032	-218.919
8220	0.624032	-219.458
8230	0.624032	-216.335
8240	0.624032	-215.621
8250	0.624032	-218.516
8260	0.624032	-217.508
8270	0.624032	-215.724
8280	0.624032	-216.003
8290	0.624032	-217.828
8300	0.624032	-218.226
8310	0.624032	-215.782
8320	0.624032	-216.002
8330	0.624032	-216.905
8340	0.624032	-216.008
8350	0.624032	-217.003
8360	0.624032	-216.808
8370	0.624032	-215.809
8380	0.624032	-217.047
8390	0.624032	-218.61
8400	0.624032	-219.21
8410	0.624032	-220.054
8420	0.624032	-217.78
8430	0.624032	-216.113
8440	0.624032	-217.792
8450	0.624032	-218.584
8460	0.624032	-219.308
8470	0.624032	-216.78
8480	0.624032	-216.95
8490	0.624032	-215.787
8500	0.624032	-218.759
8510	0.624032	-215.753
8520	0.624032	-220.142
8530	0.624032	-220.567
8540	0.624032	-216.682
8550	0.624032	-223.489
8560	0.624032	-220.865
8570	0.624032	-216.072
8580	0.624032	-217.3
8590	0.624032	-219.125
8600	0.624032	-219.737
8610	0.624032	-218.251
8620	0.624032	-219.221
8630	0.624032	-216.452
8640	0.624032	-215.572
8650	0.624032	-217.717
8660	0.624032	-217.749
8670	0.624032	-215.603
8680	0.624032	-221.955
8690	0.624032	-219.087
8700	0.624032	-217.307
8710	0.624032	-218.712
8720	0.624032	-217.05
8730	0.624032	-216.224
8740	0.624032	-215.522
8750	0.624032	-216.211
8760	0.624032	-217.948
8770	0.624032	-220.6
8780	0.624032	-218.066
8790	0.624032	-219.398
8800	0.624032	-216.398
8810	0.624032	-217.507
8820	0.624032	-218.218
8830	0.624032	-218.523
8840	0.624032	-220.928
8850	0.624032	-216.775
8860	0.624032	-217.786
8870	0.624032	-217.245
8880	0.624032	-219.722
8890	0.624032	-218.396
8900	0.624032	-219.374
8910	0.624032	-215.915
8920	0.624032	-219.467
8930	0.624032	-217.462
8940	0.624032	-216.951
8950	0.624032	-217.052
8960	0.624032	-217.909
8970	0.624032	-218.678
8980	0.624032	-216.676
8990	0.624032	-217.608
9000	0.624032	-218.185
9010	0.624032	-219.459
9020	0.624032	-215.809
9030	0.624032	-217.426
9040	0.624032	-221.238
9050	0.624032	-220.239
9060	0.624032	-216.976
9070	0.624032	-216.44
9080	0.624032	-220.899
9090	0.624032	-217.529
9100	0.624032	-215.924
9110	0.624032	-216.894
9120	0.624032	-216.747
9130	0.624032	-219.397
9140	0.624032	-216.454
9150	0.624032	-216.897
9160	0.624032	-216.501
9170	0.624032	-217.049
9180	0.624032	-216.78
9190	0.624032	-216.786
9200	0.624032	-217.703
9210	0.624032	-216.322
9220	0.624032	-218.423
9230	0.624032	-217.382
9240	0.624032	-217.452
9250	0.624032	-218.731
9260	0.624032	-215.674
9270	0.624032	-220.143
9280	0.624032	-218.225
9290	0.624032	-216.287
9300	0.624032	-217.914
9310	0.624032	-220.245
9320	0.624032	-218.019
9330	0.624032	-217.819
9340	0.624032	-218.012
9350	0.624032	-217.151
9360	0.624032	-219.02
9370	0.624032	-218.82
9380	0.624032	-215.31
9390	0.624032	-217.196
9400	0.624032	-218.745
9410	0.624032	-221.92
9420	0.624032	-216.373
9430	0.624032	-215.846
9440	0.624032	-218.23
9450	0.624032	-219.317
9460	0.624032	-220.517
9470	0.624032	-218.9
9480	0.624032	-222.684
9490	0.624032	-218.573
9500	0.624032	-216.743
9510	0.624032	-219.269
9520	0.624032	-215.719
9530	0.624032	-218.048
9540	0.624032	-216.176
9550	0.624032	-215.685
9560	0.624032	-216.634
9570	0.624032	-218.386
9580	0.624032	-216.855
9590	0.624032	-217.708
9600	0.624032	-215.697
9610	0.624032	-219.235
9620	0.624032	-217.165
9630	0.624032	-219.018
9640	0.624032	-216.414
9650	0.624032	-216.169
9660	0.624032	-220.263
9670	0.624032	-216.206
9680	0.624032	-216.214
9690	0.624032	-217.942
9700	0.624032	-218.205
9710	0.624032	-221.076
9720	0.624032	-217.282
9730	0.624032	-217.952
9740	0.624032	-217.284
9750	0.624032	-215.641
9760	0.624032	-215.392
9770	0.624032	-218.9
9780	0.624032	-215.626
9790	0.624032	-217.768
9800	0.624032	-219.207
9810	0.624032	-224.436
9820	0.624032	-219.909
9830	0.624032	-217.419
9840	0.624032	-215.457
9850	0.624032	-218.48
9860	0.624032	-217.194
9870	0.624032	-216.496
9880	0.624032	-215.522
9890	0.624032	-219.455
9900	0.624032	-216.674
9910	0.624032	-220.624
9920	0.624032	-217.256
9930	0.624032	-215.578
9940	0.624032	-217.336
9950	0.624032	-216.188
9960	0.624032	-216.709
9970	0.624032	-215.613
9980	0.624032	-216.808
9990	0.624032	-217.691
10000	0.624032	-218.286
